[2025-11-21T17:21:34.025+0500] {local_task_job_runner.py:123} INFO - ::group::Pre task execution logs
[2025-11-21T17:21:34.054+0500] {taskinstance.py:2612} INFO - Dependencies all met for dep_context=non-requeueable deps ti=<TaskInstance: first_example_dag.aggregate manual__2025-11-21T12:18:58.276593+00:00 [queued]>
[2025-11-21T17:21:34.075+0500] {taskinstance.py:2612} INFO - Dependencies all met for dep_context=requeueable deps ti=<TaskInstance: first_example_dag.aggregate manual__2025-11-21T12:18:58.276593+00:00 [queued]>
[2025-11-21T17:21:34.078+0500] {taskinstance.py:2865} INFO - Starting attempt 1 of 2
[2025-11-21T17:21:34.207+0500] {taskinstance.py:2888} INFO - Executing <Task(PythonOperator): aggregate> on 2025-11-21 12:18:58.276593+00:00
[2025-11-21T17:21:34.219+0500] {standard_task_runner.py:72} INFO - Started process 54271 to run task
[2025-11-21T17:21:34.224+0500] {standard_task_runner.py:104} INFO - Running: ['airflow', 'tasks', 'run', 'first_example_dag', 'aggregate', 'manual__2025-11-21T12:18:58.276593+00:00', '--job-id', '35', '--raw', '--subdir', 'DAGS_FOLDER/first_example_dag.py', '--cfg-path', '/tmp/tmp1v2tgjtk']
[2025-11-21T17:21:34.229+0500] {standard_task_runner.py:105} INFO - Job 35: Subtask aggregate
[2025-11-21T17:21:34.379+0500] {task_command.py:467} INFO - Running <TaskInstance: first_example_dag.aggregate manual__2025-11-21T12:18:58.276593+00:00 [running]> on host DESKTOP-ER17M9N.localdomain
[2025-11-21T17:21:34.571+0500] {taskinstance.py:3131} INFO - Exporting env vars: AIRFLOW_CTX_DAG_OWNER='bhawish' AIRFLOW_CTX_DAG_ID='first_example_dag' AIRFLOW_CTX_TASK_ID='aggregate' AIRFLOW_CTX_EXECUTION_DATE='2025-11-21T12:18:58.276593+00:00' AIRFLOW_CTX_TRY_NUMBER='1' AIRFLOW_CTX_DAG_RUN_ID='manual__2025-11-21T12:18:58.276593+00:00'
[2025-11-21T17:21:34.576+0500] {logging_mixin.py:190} INFO - Task instance is in running state
[2025-11-21T17:21:34.579+0500] {logging_mixin.py:190} INFO -  Previous state of the Task instance: queued
[2025-11-21T17:21:34.582+0500] {logging_mixin.py:190} INFO - Current task name:aggregate state:running start_date:2025-11-21 12:21:34.057842+00:00
[2025-11-21T17:21:34.585+0500] {logging_mixin.py:190} INFO - Dag name:first_example_dag and current dag run status:running
[2025-11-21T17:21:34.588+0500] {taskinstance.py:731} INFO - ::endgroup::
[2025-11-21T17:21:34.615+0500] {logging_mixin.py:190} INFO - AGGREGATE -> total= 150.0
[2025-11-21T17:21:34.667+0500] {python.py:240} INFO - Done. Returned value was: None
[2025-11-21T17:21:34.688+0500] {taskinstance.py:340} INFO - ::group::Post task execution logs
[2025-11-21T17:21:34.693+0500] {taskinstance.py:352} INFO - Marking task as SUCCESS. dag_id=first_example_dag, task_id=aggregate, run_id=manual__2025-11-21T12:18:58.276593+00:00, execution_date=20251121T121858, start_date=20251121T122134, end_date=20251121T122134
[2025-11-21T17:21:34.733+0500] {logging_mixin.py:190} INFO - Task instance in success state
[2025-11-21T17:21:34.736+0500] {logging_mixin.py:190} INFO -  Previous state of the Task instance: running
[2025-11-21T17:21:34.739+0500] {logging_mixin.py:190} INFO - Dag name:first_example_dag queued_at:2025-11-21 12:18:58.421610+00:00
[2025-11-21T17:21:34.743+0500] {logging_mixin.py:190} INFO - Task hostname:DESKTOP-ER17M9N.localdomain operator:PythonOperator
[2025-11-21T17:21:34.763+0500] {local_task_job_runner.py:266} INFO - Task exited with return code 0
[2025-11-21T17:21:34.813+0500] {taskinstance.py:3900} INFO - 1 downstream tasks scheduled from follow-on schedule check
[2025-11-21T17:21:34.829+0500] {local_task_job_runner.py:245} INFO - ::endgroup::
