[2025-11-21T15:44:46.049+0500] {local_task_job_runner.py:123} INFO - ::group::Pre task execution logs
[2025-11-21T15:44:46.082+0500] {taskinstance.py:2612} INFO - Dependencies all met for dep_context=non-requeueable deps ti=<TaskInstance: first_example_dag.clean manual__2025-11-21T10:43:28.735121+00:00 [queued]>
[2025-11-21T15:44:46.124+0500] {taskinstance.py:2612} INFO - Dependencies all met for dep_context=requeueable deps ti=<TaskInstance: first_example_dag.clean manual__2025-11-21T10:43:28.735121+00:00 [queued]>
[2025-11-21T15:44:46.129+0500] {taskinstance.py:2865} INFO - Starting attempt 1 of 2
[2025-11-21T15:44:46.297+0500] {taskinstance.py:2888} INFO - Executing <Task(PythonOperator): clean> on 2025-11-21 10:43:28.735121+00:00
[2025-11-21T15:44:46.307+0500] {standard_task_runner.py:72} INFO - Started process 45047 to run task
[2025-11-21T15:44:46.316+0500] {standard_task_runner.py:104} INFO - Running: ['airflow', 'tasks', 'run', 'first_example_dag', 'clean', 'manual__2025-11-21T10:43:28.735121+00:00', '--job-id', '30', '--raw', '--subdir', 'DAGS_FOLDER/first_example_dag.py', '--cfg-path', '/tmp/tmpeumxd01h']
[2025-11-21T15:44:46.320+0500] {standard_task_runner.py:105} INFO - Job 30: Subtask clean
[2025-11-21T15:44:46.472+0500] {task_command.py:467} INFO - Running <TaskInstance: first_example_dag.clean manual__2025-11-21T10:43:28.735121+00:00 [running]> on host DESKTOP-ER17M9N.localdomain
[2025-11-21T15:44:46.898+0500] {taskinstance.py:3131} INFO - Exporting env vars: AIRFLOW_CTX_DAG_OWNER='bhawish' AIRFLOW_CTX_DAG_ID='first_example_dag' AIRFLOW_CTX_TASK_ID='clean' AIRFLOW_CTX_EXECUTION_DATE='2025-11-21T10:43:28.735121+00:00' AIRFLOW_CTX_TRY_NUMBER='1' AIRFLOW_CTX_DAG_RUN_ID='manual__2025-11-21T10:43:28.735121+00:00'
[2025-11-21T15:44:46.903+0500] {logging_mixin.py:190} INFO - Task instance is in running state
[2025-11-21T15:44:46.906+0500] {logging_mixin.py:190} INFO -  Previous state of the Task instance: queued
[2025-11-21T15:44:46.909+0500] {logging_mixin.py:190} INFO - Current task name:clean state:running start_date:2025-11-21 10:44:46.084230+00:00
[2025-11-21T15:44:46.911+0500] {logging_mixin.py:190} INFO - Dag name:first_example_dag and current dag run status:running
[2025-11-21T15:44:46.915+0500] {taskinstance.py:731} INFO - ::endgroup::
[2025-11-21T15:44:46.943+0500] {logging_mixin.py:190} INFO - CLEAN -> [{'id': 1, 'amount': 100.0}, {'id': 2, 'amount': 50.0}]
[2025-11-21T15:44:46.987+0500] {python.py:240} INFO - Done. Returned value was: None
[2025-11-21T15:44:47.008+0500] {taskinstance.py:340} INFO - ::group::Post task execution logs
[2025-11-21T15:44:47.011+0500] {taskinstance.py:352} INFO - Marking task as SUCCESS. dag_id=first_example_dag, task_id=clean, run_id=manual__2025-11-21T10:43:28.735121+00:00, execution_date=20251121T104328, start_date=20251121T104446, end_date=20251121T104447
[2025-11-21T15:44:47.053+0500] {logging_mixin.py:190} INFO - Task instance in success state
[2025-11-21T15:44:47.066+0500] {logging_mixin.py:190} INFO -  Previous state of the Task instance: running
[2025-11-21T15:44:47.071+0500] {logging_mixin.py:190} INFO - Dag name:first_example_dag queued_at:2025-11-21 10:43:28.779476+00:00
[2025-11-21T15:44:47.077+0500] {logging_mixin.py:190} INFO - Task hostname:DESKTOP-ER17M9N.localdomain operator:PythonOperator
[2025-11-21T15:44:47.138+0500] {local_task_job_runner.py:266} INFO - Task exited with return code 0
[2025-11-21T15:44:47.358+0500] {taskinstance.py:3900} INFO - 1 downstream tasks scheduled from follow-on schedule check
[2025-11-21T15:44:47.377+0500] {local_task_job_runner.py:245} INFO - ::endgroup::
