[2025-11-21T15:14:16.664+0500] {local_task_job_runner.py:123} INFO - ::group::Pre task execution logs
[2025-11-21T15:14:16.687+0500] {taskinstance.py:2612} INFO - Dependencies all met for dep_context=non-requeueable deps ti=<TaskInstance: first_example_dag.extract manual__2025-11-21T10:13:40.503008+00:00 [queued]>
[2025-11-21T15:14:16.705+0500] {taskinstance.py:2612} INFO - Dependencies all met for dep_context=requeueable deps ti=<TaskInstance: first_example_dag.extract manual__2025-11-21T10:13:40.503008+00:00 [queued]>
[2025-11-21T15:14:16.707+0500] {taskinstance.py:2865} INFO - Starting attempt 1 of 2
[2025-11-21T15:14:16.864+0500] {taskinstance.py:2888} INFO - Executing <Task(PythonOperator): extract> on 2025-11-21 10:13:40.503008+00:00
[2025-11-21T15:14:16.873+0500] {standard_task_runner.py:72} INFO - Started process 40012 to run task
[2025-11-21T15:14:16.879+0500] {standard_task_runner.py:104} INFO - Running: ['airflow', 'tasks', 'run', 'first_example_dag', 'extract', 'manual__2025-11-21T10:13:40.503008+00:00', '--job-id', '21', '--raw', '--subdir', 'DAGS_FOLDER/first_example_dag.py', '--cfg-path', '/tmp/tmp34ds_ync']
[2025-11-21T15:14:16.882+0500] {standard_task_runner.py:105} INFO - Job 21: Subtask extract
[2025-11-21T15:14:17.016+0500] {task_command.py:467} INFO - Running <TaskInstance: first_example_dag.extract manual__2025-11-21T10:13:40.503008+00:00 [running]> on host DESKTOP-ER17M9N.localdomain
[2025-11-21T15:14:17.358+0500] {taskinstance.py:3131} INFO - Exporting env vars: AIRFLOW_CTX_DAG_OWNER='bhawish' AIRFLOW_CTX_DAG_ID='first_example_dag' AIRFLOW_CTX_TASK_ID='extract' AIRFLOW_CTX_EXECUTION_DATE='2025-11-21T10:13:40.503008+00:00' AIRFLOW_CTX_TRY_NUMBER='1' AIRFLOW_CTX_DAG_RUN_ID='manual__2025-11-21T10:13:40.503008+00:00'
[2025-11-21T15:14:17.361+0500] {logging_mixin.py:190} INFO - Task instance is in running state
[2025-11-21T15:14:17.365+0500] {logging_mixin.py:190} INFO -  Previous state of the Task instance: queued
[2025-11-21T15:14:17.368+0500] {logging_mixin.py:190} INFO - Current task name:extract state:running start_date:2025-11-21 10:14:16.689776+00:00
[2025-11-21T15:14:17.370+0500] {logging_mixin.py:190} INFO - Dag name:first_example_dag and current dag run status:running
[2025-11-21T15:14:17.373+0500] {taskinstance.py:731} INFO - ::endgroup::
[2025-11-21T15:14:17.376+0500] {logging_mixin.py:190} INFO - EXTRACT -> [{'id': 1, 'amount': 100}, {'id': 2, 'amount': 50}]
[2025-11-21T15:14:17.421+0500] {python.py:240} INFO - Done. Returned value was: None
[2025-11-21T15:14:17.441+0500] {taskinstance.py:340} INFO - ::group::Post task execution logs
[2025-11-21T15:14:17.445+0500] {taskinstance.py:352} INFO - Marking task as SUCCESS. dag_id=first_example_dag, task_id=extract, run_id=manual__2025-11-21T10:13:40.503008+00:00, execution_date=20251121T101340, start_date=20251121T101416, end_date=20251121T101417
[2025-11-21T15:14:17.488+0500] {logging_mixin.py:190} INFO - Task instance in success state
[2025-11-21T15:14:17.491+0500] {logging_mixin.py:190} INFO -  Previous state of the Task instance: running
[2025-11-21T15:14:17.495+0500] {logging_mixin.py:190} INFO - Dag name:first_example_dag queued_at:2025-11-21 10:13:40.597753+00:00
[2025-11-21T15:14:17.498+0500] {logging_mixin.py:190} INFO - Task hostname:DESKTOP-ER17M9N.localdomain operator:PythonOperator
[2025-11-21T15:14:17.538+0500] {local_task_job_runner.py:266} INFO - Task exited with return code 0
[2025-11-21T15:14:17.589+0500] {taskinstance.py:3900} INFO - 1 downstream tasks scheduled from follow-on schedule check
[2025-11-21T15:14:17.605+0500] {local_task_job_runner.py:245} INFO - ::endgroup::
