[2025-11-22T21:08:04.991+0500] {local_task_job_runner.py:123} INFO - ::group::Pre task execution logs
[2025-11-22T21:08:05.020+0500] {taskinstance.py:2612} INFO - Dependencies all met for dep_context=non-requeueable deps ti=<TaskInstance: daily_pipeline.save manual__2025-11-22T16:05:33.558447+00:00 [queued]>
[2025-11-22T21:08:05.038+0500] {taskinstance.py:2612} INFO - Dependencies all met for dep_context=requeueable deps ti=<TaskInstance: daily_pipeline.save manual__2025-11-22T16:05:33.558447+00:00 [queued]>
[2025-11-22T21:08:05.040+0500] {taskinstance.py:2865} INFO - Starting attempt 1 of 2
[2025-11-22T21:08:05.081+0500] {taskinstance.py:2888} INFO - Executing <Task(_PythonDecoratedOperator): save> on 2025-11-22 16:05:33.558447+00:00
[2025-11-22T21:08:05.098+0500] {standard_task_runner.py:104} INFO - Running: ['airflow', 'tasks', 'run', 'daily_pipeline', 'save', 'manual__2025-11-22T16:05:33.558447+00:00', '--job-id', '59', '--raw', '--subdir', 'DAGS_FOLDER/daily_pipeline.py', '--cfg-path', '/tmp/tmprn7vj5vu']
[2025-11-22T21:08:05.101+0500] {standard_task_runner.py:105} INFO - Job 59: Subtask save
[2025-11-22T21:08:05.104+0500] {logging_mixin.py:190} WARNING - /mnt/c/Users/Raj/OneDrive - Åbo Akademi O365/banking/airflow/.venv/lib/python3.12/site-packages/airflow/task/task_runner/standard_task_runner.py:70 DeprecationWarning: This process (pid=68274) is multi-threaded, use of fork() may lead to deadlocks in the child.
[2025-11-22T21:08:05.107+0500] {standard_task_runner.py:72} INFO - Started process 68298 to run task
[2025-11-22T21:08:05.222+0500] {task_command.py:467} INFO - Running <TaskInstance: daily_pipeline.save manual__2025-11-22T16:05:33.558447+00:00 [running]> on host DESKTOP-ER17M9N.localdomain
[2025-11-22T21:08:05.663+0500] {taskinstance.py:3131} INFO - Exporting env vars: AIRFLOW_CTX_DAG_OWNER='bhawish' AIRFLOW_CTX_DAG_ID='daily_pipeline' AIRFLOW_CTX_TASK_ID='save' AIRFLOW_CTX_EXECUTION_DATE='2025-11-22T16:05:33.558447+00:00' AIRFLOW_CTX_TRY_NUMBER='1' AIRFLOW_CTX_DAG_RUN_ID='manual__2025-11-22T16:05:33.558447+00:00'
[2025-11-22T21:08:05.669+0500] {logging_mixin.py:190} INFO - Task instance is in running state
[2025-11-22T21:08:05.672+0500] {logging_mixin.py:190} INFO -  Previous state of the Task instance: queued
[2025-11-22T21:08:05.675+0500] {logging_mixin.py:190} INFO - Current task name:save state:running start_date:2025-11-22 16:08:05.023203+00:00
[2025-11-22T21:08:05.694+0500] {logging_mixin.py:190} INFO - Dag name:daily_pipeline and current dag run status:running
[2025-11-22T21:08:05.718+0500] {taskinstance.py:731} INFO - ::endgroup::
[2025-11-22T21:08:05.724+0500] {logging_mixin.py:190} INFO - [save] Task started successfully!
[2025-11-22T21:08:05.727+0500] {logging_mixin.py:190} INFO - [save] Received summary with 1 rows
[2025-11-22T21:08:05.761+0500] {logging_mixin.py:190} INFO - [save] Summary: [{'dt': Timestamp('2025-11-22 00:00:00+0000', tz='UTC'), 'tx_count': 3, 'tx_sum': 350.0, 'tx_mean': 116.66666666666667, 'tx_min': 50.0, 'tx_max': 200.0}]
[2025-11-22T21:08:05.771+0500] {logging_mixin.py:190} INFO - [save] Would write to database and export CSV here
[2025-11-22T21:08:05.783+0500] {python.py:240} INFO - Done. Returned value was: ok
[2025-11-22T21:08:05.925+0500] {taskinstance.py:340} INFO - ::group::Post task execution logs
[2025-11-22T21:08:05.929+0500] {taskinstance.py:352} INFO - Marking task as SUCCESS. dag_id=daily_pipeline, task_id=save, run_id=manual__2025-11-22T16:05:33.558447+00:00, execution_date=20251122T160533, start_date=20251122T160805, end_date=20251122T160805
[2025-11-22T21:08:05.987+0500] {logging_mixin.py:190} INFO - Task instance in success state
[2025-11-22T21:08:05.990+0500] {logging_mixin.py:190} INFO -  Previous state of the Task instance: running
[2025-11-22T21:08:05.995+0500] {logging_mixin.py:190} INFO - Dag name:daily_pipeline queued_at:2025-11-22 16:05:33.630719+00:00
[2025-11-22T21:08:06.000+0500] {logging_mixin.py:190} INFO - Task hostname:DESKTOP-ER17M9N.localdomain operator:_PythonDecoratedOperator
[2025-11-22T21:08:06.051+0500] {local_task_job_runner.py:266} INFO - Task exited with return code 0
[2025-11-22T21:08:06.093+0500] {taskinstance.py:3900} INFO - 0 downstream tasks scheduled from follow-on schedule check
[2025-11-22T21:08:06.101+0500] {local_task_job_runner.py:245} INFO - ::endgroup::
