[2025-11-20T20:34:29.198+0500] {processor.py:161} INFO - Started process (PID=11715) to work on /mnt/c/Users/Raj/OneDrive - Åbo Akademi O365/banking/venv/lib/python3.12/site-packages/airflow/example_dags/plugins/workday.py
[2025-11-20T20:34:29.201+0500] {processor.py:830} INFO - Processing file /mnt/c/Users/Raj/OneDrive - Åbo Akademi O365/banking/venv/lib/python3.12/site-packages/airflow/example_dags/plugins/workday.py for tasks to queue
[2025-11-20T20:34:29.207+0500] {logging_mixin.py:188} INFO - [2025-11-20T20:34:29.205+0500] {dagbag.py:545} INFO - Filling up the DagBag from /mnt/c/Users/Raj/OneDrive - Åbo Akademi O365/banking/venv/lib/python3.12/site-packages/airflow/example_dags/plugins/workday.py
[2025-11-20T20:34:29.248+0500] {logging_mixin.py:188} INFO - [2025-11-20T20:34:29.245+0500] {workday.py:41} WARNING - Could not import pandas. Holidays will not be considered.
[2025-11-20T20:34:29.250+0500] {processor.py:842} WARNING - No viable dags retrieved from /mnt/c/Users/Raj/OneDrive - Åbo Akademi O365/banking/venv/lib/python3.12/site-packages/airflow/example_dags/plugins/workday.py
[2025-11-20T20:34:29.296+0500] {processor.py:183} INFO - Processing /mnt/c/Users/Raj/OneDrive - Åbo Akademi O365/banking/venv/lib/python3.12/site-packages/airflow/example_dags/plugins/workday.py took 0.121 seconds
[2025-11-20T20:37:15.822+0500] {processor.py:161} INFO - Started process (PID=12341) to work on /mnt/c/Users/Raj/OneDrive - Åbo Akademi O365/banking/venv/lib/python3.12/site-packages/airflow/example_dags/plugins/workday.py
[2025-11-20T20:37:15.824+0500] {processor.py:830} INFO - Processing file /mnt/c/Users/Raj/OneDrive - Åbo Akademi O365/banking/venv/lib/python3.12/site-packages/airflow/example_dags/plugins/workday.py for tasks to queue
[2025-11-20T20:37:15.827+0500] {logging_mixin.py:188} INFO - [2025-11-20T20:37:15.826+0500] {dagbag.py:545} INFO - Filling up the DagBag from /mnt/c/Users/Raj/OneDrive - Åbo Akademi O365/banking/venv/lib/python3.12/site-packages/airflow/example_dags/plugins/workday.py
[2025-11-20T20:37:15.862+0500] {logging_mixin.py:188} INFO - [2025-11-20T20:37:15.860+0500] {workday.py:41} WARNING - Could not import pandas. Holidays will not be considered.
[2025-11-20T20:37:15.864+0500] {processor.py:842} WARNING - No viable dags retrieved from /mnt/c/Users/Raj/OneDrive - Åbo Akademi O365/banking/venv/lib/python3.12/site-packages/airflow/example_dags/plugins/workday.py
[2025-11-20T20:37:15.894+0500] {processor.py:183} INFO - Processing /mnt/c/Users/Raj/OneDrive - Åbo Akademi O365/banking/venv/lib/python3.12/site-packages/airflow/example_dags/plugins/workday.py took 0.089 seconds
[2025-11-20T20:38:14.879+0500] {processor.py:161} INFO - Started process (PID=12527) to work on /mnt/c/Users/Raj/OneDrive - Åbo Akademi O365/banking/venv/lib/python3.12/site-packages/airflow/example_dags/plugins/workday.py
[2025-11-20T20:38:14.883+0500] {processor.py:830} INFO - Processing file /mnt/c/Users/Raj/OneDrive - Åbo Akademi O365/banking/venv/lib/python3.12/site-packages/airflow/example_dags/plugins/workday.py for tasks to queue
[2025-11-20T20:38:14.889+0500] {logging_mixin.py:188} INFO - [2025-11-20T20:38:14.887+0500] {dagbag.py:545} INFO - Filling up the DagBag from /mnt/c/Users/Raj/OneDrive - Åbo Akademi O365/banking/venv/lib/python3.12/site-packages/airflow/example_dags/plugins/workday.py
[2025-11-20T20:38:14.933+0500] {logging_mixin.py:188} INFO - [2025-11-20T20:38:14.931+0500] {workday.py:41} WARNING - Could not import pandas. Holidays will not be considered.
[2025-11-20T20:38:14.937+0500] {processor.py:842} WARNING - No viable dags retrieved from /mnt/c/Users/Raj/OneDrive - Åbo Akademi O365/banking/venv/lib/python3.12/site-packages/airflow/example_dags/plugins/workday.py
[2025-11-20T20:38:14.983+0500] {processor.py:183} INFO - Processing /mnt/c/Users/Raj/OneDrive - Åbo Akademi O365/banking/venv/lib/python3.12/site-packages/airflow/example_dags/plugins/workday.py took 0.125 seconds
[2025-11-20T20:38:55.540+0500] {processor.py:161} INFO - Started process (PID=12669) to work on /mnt/c/Users/Raj/OneDrive - Åbo Akademi O365/banking/venv/lib/python3.12/site-packages/airflow/example_dags/plugins/workday.py
[2025-11-20T20:38:55.544+0500] {processor.py:830} INFO - Processing file /mnt/c/Users/Raj/OneDrive - Åbo Akademi O365/banking/venv/lib/python3.12/site-packages/airflow/example_dags/plugins/workday.py for tasks to queue
[2025-11-20T20:38:55.551+0500] {logging_mixin.py:188} INFO - [2025-11-20T20:38:55.549+0500] {dagbag.py:545} INFO - Filling up the DagBag from /mnt/c/Users/Raj/OneDrive - Åbo Akademi O365/banking/venv/lib/python3.12/site-packages/airflow/example_dags/plugins/workday.py
[2025-11-20T20:38:55.589+0500] {logging_mixin.py:188} INFO - [2025-11-20T20:38:55.588+0500] {workday.py:41} WARNING - Could not import pandas. Holidays will not be considered.
[2025-11-20T20:38:55.592+0500] {processor.py:842} WARNING - No viable dags retrieved from /mnt/c/Users/Raj/OneDrive - Åbo Akademi O365/banking/venv/lib/python3.12/site-packages/airflow/example_dags/plugins/workday.py
[2025-11-20T20:38:55.625+0500] {processor.py:183} INFO - Processing /mnt/c/Users/Raj/OneDrive - Åbo Akademi O365/banking/venv/lib/python3.12/site-packages/airflow/example_dags/plugins/workday.py took 0.105 seconds
[2025-11-20T20:39:37.421+0500] {processor.py:161} INFO - Started process (PID=12834) to work on /mnt/c/Users/Raj/OneDrive - Åbo Akademi O365/banking/venv/lib/python3.12/site-packages/airflow/example_dags/plugins/workday.py
[2025-11-20T20:39:37.424+0500] {processor.py:830} INFO - Processing file /mnt/c/Users/Raj/OneDrive - Åbo Akademi O365/banking/venv/lib/python3.12/site-packages/airflow/example_dags/plugins/workday.py for tasks to queue
[2025-11-20T20:39:37.429+0500] {logging_mixin.py:188} INFO - [2025-11-20T20:39:37.427+0500] {dagbag.py:545} INFO - Filling up the DagBag from /mnt/c/Users/Raj/OneDrive - Åbo Akademi O365/banking/venv/lib/python3.12/site-packages/airflow/example_dags/plugins/workday.py
[2025-11-20T20:39:37.469+0500] {logging_mixin.py:188} INFO - [2025-11-20T20:39:37.467+0500] {workday.py:41} WARNING - Could not import pandas. Holidays will not be considered.
[2025-11-20T20:39:37.472+0500] {processor.py:842} WARNING - No viable dags retrieved from /mnt/c/Users/Raj/OneDrive - Åbo Akademi O365/banking/venv/lib/python3.12/site-packages/airflow/example_dags/plugins/workday.py
[2025-11-20T20:39:37.507+0500] {processor.py:183} INFO - Processing /mnt/c/Users/Raj/OneDrive - Åbo Akademi O365/banking/venv/lib/python3.12/site-packages/airflow/example_dags/plugins/workday.py took 0.107 seconds
[2025-11-20T20:40:16.776+0500] {processor.py:161} INFO - Started process (PID=12960) to work on /mnt/c/Users/Raj/OneDrive - Åbo Akademi O365/banking/venv/lib/python3.12/site-packages/airflow/example_dags/plugins/workday.py
[2025-11-20T20:40:16.779+0500] {processor.py:830} INFO - Processing file /mnt/c/Users/Raj/OneDrive - Åbo Akademi O365/banking/venv/lib/python3.12/site-packages/airflow/example_dags/plugins/workday.py for tasks to queue
[2025-11-20T20:40:16.784+0500] {logging_mixin.py:188} INFO - [2025-11-20T20:40:16.782+0500] {dagbag.py:545} INFO - Filling up the DagBag from /mnt/c/Users/Raj/OneDrive - Åbo Akademi O365/banking/venv/lib/python3.12/site-packages/airflow/example_dags/plugins/workday.py
[2025-11-20T20:40:16.826+0500] {logging_mixin.py:188} INFO - [2025-11-20T20:40:16.824+0500] {workday.py:41} WARNING - Could not import pandas. Holidays will not be considered.
[2025-11-20T20:40:16.828+0500] {processor.py:842} WARNING - No viable dags retrieved from /mnt/c/Users/Raj/OneDrive - Åbo Akademi O365/banking/venv/lib/python3.12/site-packages/airflow/example_dags/plugins/workday.py
[2025-11-20T20:40:16.863+0500] {processor.py:183} INFO - Processing /mnt/c/Users/Raj/OneDrive - Åbo Akademi O365/banking/venv/lib/python3.12/site-packages/airflow/example_dags/plugins/workday.py took 0.109 seconds
[2025-11-20T20:40:54.525+0500] {processor.py:161} INFO - Started process (PID=13090) to work on /mnt/c/Users/Raj/OneDrive - Åbo Akademi O365/banking/venv/lib/python3.12/site-packages/airflow/example_dags/plugins/workday.py
[2025-11-20T20:40:54.528+0500] {processor.py:830} INFO - Processing file /mnt/c/Users/Raj/OneDrive - Åbo Akademi O365/banking/venv/lib/python3.12/site-packages/airflow/example_dags/plugins/workday.py for tasks to queue
[2025-11-20T20:40:54.534+0500] {logging_mixin.py:188} INFO - [2025-11-20T20:40:54.532+0500] {dagbag.py:545} INFO - Filling up the DagBag from /mnt/c/Users/Raj/OneDrive - Åbo Akademi O365/banking/venv/lib/python3.12/site-packages/airflow/example_dags/plugins/workday.py
[2025-11-20T20:40:54.571+0500] {logging_mixin.py:188} INFO - [2025-11-20T20:40:54.569+0500] {workday.py:41} WARNING - Could not import pandas. Holidays will not be considered.
[2025-11-20T20:40:54.573+0500] {processor.py:842} WARNING - No viable dags retrieved from /mnt/c/Users/Raj/OneDrive - Åbo Akademi O365/banking/venv/lib/python3.12/site-packages/airflow/example_dags/plugins/workday.py
[2025-11-20T20:40:54.614+0500] {processor.py:183} INFO - Processing /mnt/c/Users/Raj/OneDrive - Åbo Akademi O365/banking/venv/lib/python3.12/site-packages/airflow/example_dags/plugins/workday.py took 0.109 seconds
[2025-11-20T20:41:33.446+0500] {processor.py:161} INFO - Started process (PID=13216) to work on /mnt/c/Users/Raj/OneDrive - Åbo Akademi O365/banking/venv/lib/python3.12/site-packages/airflow/example_dags/plugins/workday.py
[2025-11-20T20:41:33.449+0500] {processor.py:830} INFO - Processing file /mnt/c/Users/Raj/OneDrive - Åbo Akademi O365/banking/venv/lib/python3.12/site-packages/airflow/example_dags/plugins/workday.py for tasks to queue
[2025-11-20T20:41:33.455+0500] {logging_mixin.py:188} INFO - [2025-11-20T20:41:33.453+0500] {dagbag.py:545} INFO - Filling up the DagBag from /mnt/c/Users/Raj/OneDrive - Åbo Akademi O365/banking/venv/lib/python3.12/site-packages/airflow/example_dags/plugins/workday.py
[2025-11-20T20:41:33.494+0500] {logging_mixin.py:188} INFO - [2025-11-20T20:41:33.492+0500] {workday.py:41} WARNING - Could not import pandas. Holidays will not be considered.
[2025-11-20T20:41:33.496+0500] {processor.py:842} WARNING - No viable dags retrieved from /mnt/c/Users/Raj/OneDrive - Åbo Akademi O365/banking/venv/lib/python3.12/site-packages/airflow/example_dags/plugins/workday.py
[2025-11-20T20:41:33.533+0500] {processor.py:183} INFO - Processing /mnt/c/Users/Raj/OneDrive - Åbo Akademi O365/banking/venv/lib/python3.12/site-packages/airflow/example_dags/plugins/workday.py took 0.109 seconds
[2025-11-20T20:42:12.766+0500] {processor.py:161} INFO - Started process (PID=13351) to work on /mnt/c/Users/Raj/OneDrive - Åbo Akademi O365/banking/venv/lib/python3.12/site-packages/airflow/example_dags/plugins/workday.py
[2025-11-20T20:42:12.769+0500] {processor.py:830} INFO - Processing file /mnt/c/Users/Raj/OneDrive - Åbo Akademi O365/banking/venv/lib/python3.12/site-packages/airflow/example_dags/plugins/workday.py for tasks to queue
[2025-11-20T20:42:12.774+0500] {logging_mixin.py:188} INFO - [2025-11-20T20:42:12.772+0500] {dagbag.py:545} INFO - Filling up the DagBag from /mnt/c/Users/Raj/OneDrive - Åbo Akademi O365/banking/venv/lib/python3.12/site-packages/airflow/example_dags/plugins/workday.py
[2025-11-20T20:42:12.834+0500] {logging_mixin.py:188} INFO - [2025-11-20T20:42:12.833+0500] {workday.py:41} WARNING - Could not import pandas. Holidays will not be considered.
[2025-11-20T20:42:12.836+0500] {processor.py:842} WARNING - No viable dags retrieved from /mnt/c/Users/Raj/OneDrive - Åbo Akademi O365/banking/venv/lib/python3.12/site-packages/airflow/example_dags/plugins/workday.py
[2025-11-20T20:42:12.871+0500] {processor.py:183} INFO - Processing /mnt/c/Users/Raj/OneDrive - Åbo Akademi O365/banking/venv/lib/python3.12/site-packages/airflow/example_dags/plugins/workday.py took 0.130 seconds
[2025-11-20T20:42:51.596+0500] {processor.py:161} INFO - Started process (PID=13483) to work on /mnt/c/Users/Raj/OneDrive - Åbo Akademi O365/banking/venv/lib/python3.12/site-packages/airflow/example_dags/plugins/workday.py
[2025-11-20T20:42:51.599+0500] {processor.py:830} INFO - Processing file /mnt/c/Users/Raj/OneDrive - Åbo Akademi O365/banking/venv/lib/python3.12/site-packages/airflow/example_dags/plugins/workday.py for tasks to queue
[2025-11-20T20:42:51.605+0500] {logging_mixin.py:188} INFO - [2025-11-20T20:42:51.603+0500] {dagbag.py:545} INFO - Filling up the DagBag from /mnt/c/Users/Raj/OneDrive - Åbo Akademi O365/banking/venv/lib/python3.12/site-packages/airflow/example_dags/plugins/workday.py
[2025-11-20T20:42:51.646+0500] {logging_mixin.py:188} INFO - [2025-11-20T20:42:51.644+0500] {workday.py:41} WARNING - Could not import pandas. Holidays will not be considered.
[2025-11-20T20:42:51.648+0500] {processor.py:842} WARNING - No viable dags retrieved from /mnt/c/Users/Raj/OneDrive - Åbo Akademi O365/banking/venv/lib/python3.12/site-packages/airflow/example_dags/plugins/workday.py
[2025-11-20T20:42:51.685+0500] {processor.py:183} INFO - Processing /mnt/c/Users/Raj/OneDrive - Åbo Akademi O365/banking/venv/lib/python3.12/site-packages/airflow/example_dags/plugins/workday.py took 0.111 seconds
[2025-11-20T20:43:31.784+0500] {processor.py:161} INFO - Started process (PID=13619) to work on /mnt/c/Users/Raj/OneDrive - Åbo Akademi O365/banking/venv/lib/python3.12/site-packages/airflow/example_dags/plugins/workday.py
[2025-11-20T20:43:31.789+0500] {processor.py:830} INFO - Processing file /mnt/c/Users/Raj/OneDrive - Åbo Akademi O365/banking/venv/lib/python3.12/site-packages/airflow/example_dags/plugins/workday.py for tasks to queue
[2025-11-20T20:43:31.795+0500] {logging_mixin.py:188} INFO - [2025-11-20T20:43:31.793+0500] {dagbag.py:545} INFO - Filling up the DagBag from /mnt/c/Users/Raj/OneDrive - Åbo Akademi O365/banking/venv/lib/python3.12/site-packages/airflow/example_dags/plugins/workday.py
[2025-11-20T20:43:31.834+0500] {logging_mixin.py:188} INFO - [2025-11-20T20:43:31.832+0500] {workday.py:41} WARNING - Could not import pandas. Holidays will not be considered.
[2025-11-20T20:43:31.837+0500] {processor.py:842} WARNING - No viable dags retrieved from /mnt/c/Users/Raj/OneDrive - Åbo Akademi O365/banking/venv/lib/python3.12/site-packages/airflow/example_dags/plugins/workday.py
[2025-11-20T20:43:31.876+0500] {processor.py:183} INFO - Processing /mnt/c/Users/Raj/OneDrive - Åbo Akademi O365/banking/venv/lib/python3.12/site-packages/airflow/example_dags/plugins/workday.py took 0.116 seconds
[2025-11-20T20:44:13.611+0500] {processor.py:161} INFO - Started process (PID=13786) to work on /mnt/c/Users/Raj/OneDrive - Åbo Akademi O365/banking/venv/lib/python3.12/site-packages/airflow/example_dags/plugins/workday.py
[2025-11-20T20:44:13.614+0500] {processor.py:830} INFO - Processing file /mnt/c/Users/Raj/OneDrive - Åbo Akademi O365/banking/venv/lib/python3.12/site-packages/airflow/example_dags/plugins/workday.py for tasks to queue
[2025-11-20T20:44:13.619+0500] {logging_mixin.py:188} INFO - [2025-11-20T20:44:13.617+0500] {dagbag.py:545} INFO - Filling up the DagBag from /mnt/c/Users/Raj/OneDrive - Åbo Akademi O365/banking/venv/lib/python3.12/site-packages/airflow/example_dags/plugins/workday.py
[2025-11-20T20:44:13.655+0500] {logging_mixin.py:188} INFO - [2025-11-20T20:44:13.654+0500] {workday.py:41} WARNING - Could not import pandas. Holidays will not be considered.
[2025-11-20T20:44:13.657+0500] {processor.py:842} WARNING - No viable dags retrieved from /mnt/c/Users/Raj/OneDrive - Åbo Akademi O365/banking/venv/lib/python3.12/site-packages/airflow/example_dags/plugins/workday.py
[2025-11-20T20:44:13.692+0500] {processor.py:183} INFO - Processing /mnt/c/Users/Raj/OneDrive - Åbo Akademi O365/banking/venv/lib/python3.12/site-packages/airflow/example_dags/plugins/workday.py took 0.103 seconds
[2025-11-20T20:44:55.054+0500] {processor.py:161} INFO - Started process (PID=13925) to work on /mnt/c/Users/Raj/OneDrive - Åbo Akademi O365/banking/venv/lib/python3.12/site-packages/airflow/example_dags/plugins/workday.py
[2025-11-20T20:44:55.058+0500] {processor.py:830} INFO - Processing file /mnt/c/Users/Raj/OneDrive - Åbo Akademi O365/banking/venv/lib/python3.12/site-packages/airflow/example_dags/plugins/workday.py for tasks to queue
[2025-11-20T20:44:55.063+0500] {logging_mixin.py:188} INFO - [2025-11-20T20:44:55.061+0500] {dagbag.py:545} INFO - Filling up the DagBag from /mnt/c/Users/Raj/OneDrive - Åbo Akademi O365/banking/venv/lib/python3.12/site-packages/airflow/example_dags/plugins/workday.py
[2025-11-20T20:44:55.105+0500] {logging_mixin.py:188} INFO - [2025-11-20T20:44:55.103+0500] {workday.py:41} WARNING - Could not import pandas. Holidays will not be considered.
[2025-11-20T20:44:55.107+0500] {processor.py:842} WARNING - No viable dags retrieved from /mnt/c/Users/Raj/OneDrive - Åbo Akademi O365/banking/venv/lib/python3.12/site-packages/airflow/example_dags/plugins/workday.py
[2025-11-20T20:44:55.145+0500] {processor.py:183} INFO - Processing /mnt/c/Users/Raj/OneDrive - Åbo Akademi O365/banking/venv/lib/python3.12/site-packages/airflow/example_dags/plugins/workday.py took 0.115 seconds
[2025-11-20T20:45:36.528+0500] {processor.py:161} INFO - Started process (PID=14071) to work on /mnt/c/Users/Raj/OneDrive - Åbo Akademi O365/banking/venv/lib/python3.12/site-packages/airflow/example_dags/plugins/workday.py
[2025-11-20T20:45:36.532+0500] {processor.py:830} INFO - Processing file /mnt/c/Users/Raj/OneDrive - Åbo Akademi O365/banking/venv/lib/python3.12/site-packages/airflow/example_dags/plugins/workday.py for tasks to queue
[2025-11-20T20:45:36.538+0500] {logging_mixin.py:188} INFO - [2025-11-20T20:45:36.535+0500] {dagbag.py:545} INFO - Filling up the DagBag from /mnt/c/Users/Raj/OneDrive - Åbo Akademi O365/banking/venv/lib/python3.12/site-packages/airflow/example_dags/plugins/workday.py
[2025-11-20T20:45:36.578+0500] {logging_mixin.py:188} INFO - [2025-11-20T20:45:36.576+0500] {workday.py:41} WARNING - Could not import pandas. Holidays will not be considered.
[2025-11-20T20:45:36.580+0500] {processor.py:842} WARNING - No viable dags retrieved from /mnt/c/Users/Raj/OneDrive - Åbo Akademi O365/banking/venv/lib/python3.12/site-packages/airflow/example_dags/plugins/workday.py
[2025-11-20T20:45:36.651+0500] {processor.py:183} INFO - Processing /mnt/c/Users/Raj/OneDrive - Åbo Akademi O365/banking/venv/lib/python3.12/site-packages/airflow/example_dags/plugins/workday.py took 0.143 seconds
[2025-11-20T20:46:15.106+0500] {processor.py:161} INFO - Started process (PID=14236) to work on /mnt/c/Users/Raj/OneDrive - Åbo Akademi O365/banking/venv/lib/python3.12/site-packages/airflow/example_dags/plugins/workday.py
[2025-11-20T20:46:15.114+0500] {processor.py:830} INFO - Processing file /mnt/c/Users/Raj/OneDrive - Åbo Akademi O365/banking/venv/lib/python3.12/site-packages/airflow/example_dags/plugins/workday.py for tasks to queue
[2025-11-20T20:46:15.122+0500] {logging_mixin.py:188} INFO - [2025-11-20T20:46:15.120+0500] {dagbag.py:545} INFO - Filling up the DagBag from /mnt/c/Users/Raj/OneDrive - Åbo Akademi O365/banking/venv/lib/python3.12/site-packages/airflow/example_dags/plugins/workday.py
[2025-11-20T20:46:15.172+0500] {logging_mixin.py:188} INFO - [2025-11-20T20:46:15.170+0500] {workday.py:41} WARNING - Could not import pandas. Holidays will not be considered.
[2025-11-20T20:46:15.174+0500] {processor.py:842} WARNING - No viable dags retrieved from /mnt/c/Users/Raj/OneDrive - Åbo Akademi O365/banking/venv/lib/python3.12/site-packages/airflow/example_dags/plugins/workday.py
[2025-11-20T20:46:15.325+0500] {processor.py:183} INFO - Processing /mnt/c/Users/Raj/OneDrive - Åbo Akademi O365/banking/venv/lib/python3.12/site-packages/airflow/example_dags/plugins/workday.py took 0.258 seconds
[2025-11-20T20:46:50.397+0500] {processor.py:161} INFO - Started process (PID=14391) to work on /mnt/c/Users/Raj/OneDrive - Åbo Akademi O365/banking/venv/lib/python3.12/site-packages/airflow/example_dags/plugins/workday.py
[2025-11-20T20:46:50.399+0500] {processor.py:830} INFO - Processing file /mnt/c/Users/Raj/OneDrive - Åbo Akademi O365/banking/venv/lib/python3.12/site-packages/airflow/example_dags/plugins/workday.py for tasks to queue
[2025-11-20T20:46:50.405+0500] {logging_mixin.py:188} INFO - [2025-11-20T20:46:50.403+0500] {dagbag.py:545} INFO - Filling up the DagBag from /mnt/c/Users/Raj/OneDrive - Åbo Akademi O365/banking/venv/lib/python3.12/site-packages/airflow/example_dags/plugins/workday.py
[2025-11-20T20:46:50.448+0500] {logging_mixin.py:188} INFO - [2025-11-20T20:46:50.447+0500] {workday.py:41} WARNING - Could not import pandas. Holidays will not be considered.
[2025-11-20T20:46:50.451+0500] {processor.py:842} WARNING - No viable dags retrieved from /mnt/c/Users/Raj/OneDrive - Åbo Akademi O365/banking/venv/lib/python3.12/site-packages/airflow/example_dags/plugins/workday.py
[2025-11-20T20:46:50.489+0500] {processor.py:183} INFO - Processing /mnt/c/Users/Raj/OneDrive - Åbo Akademi O365/banking/venv/lib/python3.12/site-packages/airflow/example_dags/plugins/workday.py took 0.117 seconds
[2025-11-20T20:47:31.505+0500] {processor.py:161} INFO - Started process (PID=14619) to work on /mnt/c/Users/Raj/OneDrive - Åbo Akademi O365/banking/venv/lib/python3.12/site-packages/airflow/example_dags/plugins/workday.py
[2025-11-20T20:47:31.507+0500] {processor.py:830} INFO - Processing file /mnt/c/Users/Raj/OneDrive - Åbo Akademi O365/banking/venv/lib/python3.12/site-packages/airflow/example_dags/plugins/workday.py for tasks to queue
[2025-11-20T20:47:31.511+0500] {logging_mixin.py:188} INFO - [2025-11-20T20:47:31.510+0500] {dagbag.py:545} INFO - Filling up the DagBag from /mnt/c/Users/Raj/OneDrive - Åbo Akademi O365/banking/venv/lib/python3.12/site-packages/airflow/example_dags/plugins/workday.py
[2025-11-20T20:47:31.541+0500] {logging_mixin.py:188} INFO - [2025-11-20T20:47:31.540+0500] {workday.py:41} WARNING - Could not import pandas. Holidays will not be considered.
[2025-11-20T20:47:31.543+0500] {processor.py:842} WARNING - No viable dags retrieved from /mnt/c/Users/Raj/OneDrive - Åbo Akademi O365/banking/venv/lib/python3.12/site-packages/airflow/example_dags/plugins/workday.py
[2025-11-20T20:47:31.576+0500] {processor.py:183} INFO - Processing /mnt/c/Users/Raj/OneDrive - Åbo Akademi O365/banking/venv/lib/python3.12/site-packages/airflow/example_dags/plugins/workday.py took 0.089 seconds
[2025-11-20T20:48:09.120+0500] {processor.py:161} INFO - Started process (PID=14752) to work on /mnt/c/Users/Raj/OneDrive - Åbo Akademi O365/banking/venv/lib/python3.12/site-packages/airflow/example_dags/plugins/workday.py
[2025-11-20T20:48:09.123+0500] {processor.py:830} INFO - Processing file /mnt/c/Users/Raj/OneDrive - Åbo Akademi O365/banking/venv/lib/python3.12/site-packages/airflow/example_dags/plugins/workday.py for tasks to queue
[2025-11-20T20:48:09.129+0500] {logging_mixin.py:188} INFO - [2025-11-20T20:48:09.127+0500] {dagbag.py:545} INFO - Filling up the DagBag from /mnt/c/Users/Raj/OneDrive - Åbo Akademi O365/banking/venv/lib/python3.12/site-packages/airflow/example_dags/plugins/workday.py
[2025-11-20T20:48:09.160+0500] {logging_mixin.py:188} INFO - [2025-11-20T20:48:09.158+0500] {workday.py:41} WARNING - Could not import pandas. Holidays will not be considered.
[2025-11-20T20:48:09.162+0500] {processor.py:842} WARNING - No viable dags retrieved from /mnt/c/Users/Raj/OneDrive - Åbo Akademi O365/banking/venv/lib/python3.12/site-packages/airflow/example_dags/plugins/workday.py
[2025-11-20T20:48:09.195+0500] {processor.py:183} INFO - Processing /mnt/c/Users/Raj/OneDrive - Åbo Akademi O365/banking/venv/lib/python3.12/site-packages/airflow/example_dags/plugins/workday.py took 0.097 seconds
[2025-11-20T20:48:47.047+0500] {processor.py:161} INFO - Started process (PID=15007) to work on /mnt/c/Users/Raj/OneDrive - Åbo Akademi O365/banking/venv/lib/python3.12/site-packages/airflow/example_dags/plugins/workday.py
[2025-11-20T20:48:47.050+0500] {processor.py:830} INFO - Processing file /mnt/c/Users/Raj/OneDrive - Åbo Akademi O365/banking/venv/lib/python3.12/site-packages/airflow/example_dags/plugins/workday.py for tasks to queue
[2025-11-20T20:48:47.056+0500] {logging_mixin.py:188} INFO - [2025-11-20T20:48:47.055+0500] {dagbag.py:545} INFO - Filling up the DagBag from /mnt/c/Users/Raj/OneDrive - Åbo Akademi O365/banking/venv/lib/python3.12/site-packages/airflow/example_dags/plugins/workday.py
[2025-11-20T20:48:47.095+0500] {logging_mixin.py:188} INFO - [2025-11-20T20:48:47.093+0500] {workday.py:41} WARNING - Could not import pandas. Holidays will not be considered.
[2025-11-20T20:48:47.096+0500] {processor.py:842} WARNING - No viable dags retrieved from /mnt/c/Users/Raj/OneDrive - Åbo Akademi O365/banking/venv/lib/python3.12/site-packages/airflow/example_dags/plugins/workday.py
[2025-11-20T20:48:47.131+0500] {processor.py:183} INFO - Processing /mnt/c/Users/Raj/OneDrive - Åbo Akademi O365/banking/venv/lib/python3.12/site-packages/airflow/example_dags/plugins/workday.py took 0.120 seconds
[2025-11-20T20:49:27.852+0500] {processor.py:161} INFO - Started process (PID=15241) to work on /mnt/c/Users/Raj/OneDrive - Åbo Akademi O365/banking/venv/lib/python3.12/site-packages/airflow/example_dags/plugins/workday.py
[2025-11-20T20:49:27.855+0500] {processor.py:830} INFO - Processing file /mnt/c/Users/Raj/OneDrive - Åbo Akademi O365/banking/venv/lib/python3.12/site-packages/airflow/example_dags/plugins/workday.py for tasks to queue
[2025-11-20T20:49:27.859+0500] {logging_mixin.py:188} INFO - [2025-11-20T20:49:27.857+0500] {dagbag.py:545} INFO - Filling up the DagBag from /mnt/c/Users/Raj/OneDrive - Åbo Akademi O365/banking/venv/lib/python3.12/site-packages/airflow/example_dags/plugins/workday.py
[2025-11-20T20:49:27.887+0500] {logging_mixin.py:188} INFO - [2025-11-20T20:49:27.886+0500] {workday.py:41} WARNING - Could not import pandas. Holidays will not be considered.
[2025-11-20T20:49:27.888+0500] {processor.py:842} WARNING - No viable dags retrieved from /mnt/c/Users/Raj/OneDrive - Åbo Akademi O365/banking/venv/lib/python3.12/site-packages/airflow/example_dags/plugins/workday.py
[2025-11-20T20:49:27.916+0500] {processor.py:183} INFO - Processing /mnt/c/Users/Raj/OneDrive - Åbo Akademi O365/banking/venv/lib/python3.12/site-packages/airflow/example_dags/plugins/workday.py took 0.080 seconds
[2025-11-20T21:52:49.764+0500] {processor.py:161} INFO - Started process (PID=792) to work on /mnt/c/Users/Raj/OneDrive - Åbo Akademi O365/banking/venv/lib/python3.12/site-packages/airflow/example_dags/plugins/workday.py
[2025-11-20T21:52:49.767+0500] {processor.py:830} INFO - Processing file /mnt/c/Users/Raj/OneDrive - Åbo Akademi O365/banking/venv/lib/python3.12/site-packages/airflow/example_dags/plugins/workday.py for tasks to queue
[2025-11-20T21:52:49.771+0500] {logging_mixin.py:188} INFO - [2025-11-20T21:52:49.770+0500] {dagbag.py:545} INFO - Filling up the DagBag from /mnt/c/Users/Raj/OneDrive - Åbo Akademi O365/banking/venv/lib/python3.12/site-packages/airflow/example_dags/plugins/workday.py
[2025-11-20T21:52:49.805+0500] {logging_mixin.py:188} INFO - [2025-11-20T21:52:49.804+0500] {workday.py:41} WARNING - Could not import pandas. Holidays will not be considered.
[2025-11-20T21:52:49.807+0500] {processor.py:842} WARNING - No viable dags retrieved from /mnt/c/Users/Raj/OneDrive - Åbo Akademi O365/banking/venv/lib/python3.12/site-packages/airflow/example_dags/plugins/workday.py
[2025-11-20T21:52:49.842+0500] {processor.py:183} INFO - Processing /mnt/c/Users/Raj/OneDrive - Åbo Akademi O365/banking/venv/lib/python3.12/site-packages/airflow/example_dags/plugins/workday.py took 0.093 seconds
[2025-11-20T21:54:52.653+0500] {processor.py:161} INFO - Started process (PID=815) to work on /mnt/c/Users/Raj/OneDrive - Åbo Akademi O365/banking/venv/lib/python3.12/site-packages/airflow/example_dags/plugins/workday.py
[2025-11-20T21:54:52.656+0500] {processor.py:830} INFO - Processing file /mnt/c/Users/Raj/OneDrive - Åbo Akademi O365/banking/venv/lib/python3.12/site-packages/airflow/example_dags/plugins/workday.py for tasks to queue
[2025-11-20T21:54:52.661+0500] {logging_mixin.py:188} INFO - [2025-11-20T21:54:52.659+0500] {dagbag.py:545} INFO - Filling up the DagBag from /mnt/c/Users/Raj/OneDrive - Åbo Akademi O365/banking/venv/lib/python3.12/site-packages/airflow/example_dags/plugins/workday.py
[2025-11-20T21:54:52.696+0500] {logging_mixin.py:188} INFO - [2025-11-20T21:54:52.695+0500] {workday.py:41} WARNING - Could not import pandas. Holidays will not be considered.
[2025-11-20T21:54:52.699+0500] {processor.py:842} WARNING - No viable dags retrieved from /mnt/c/Users/Raj/OneDrive - Åbo Akademi O365/banking/venv/lib/python3.12/site-packages/airflow/example_dags/plugins/workday.py
[2025-11-20T21:54:52.741+0500] {processor.py:183} INFO - Processing /mnt/c/Users/Raj/OneDrive - Åbo Akademi O365/banking/venv/lib/python3.12/site-packages/airflow/example_dags/plugins/workday.py took 0.104 seconds
[2025-11-20T21:57:28.907+0500] {processor.py:161} INFO - Started process (PID=909) to work on /mnt/c/Users/Raj/OneDrive - Åbo Akademi O365/banking/venv/lib/python3.12/site-packages/airflow/example_dags/plugins/workday.py
[2025-11-20T21:57:28.910+0500] {processor.py:830} INFO - Processing file /mnt/c/Users/Raj/OneDrive - Åbo Akademi O365/banking/venv/lib/python3.12/site-packages/airflow/example_dags/plugins/workday.py for tasks to queue
[2025-11-20T21:57:28.915+0500] {logging_mixin.py:188} INFO - [2025-11-20T21:57:28.914+0500] {dagbag.py:545} INFO - Filling up the DagBag from /mnt/c/Users/Raj/OneDrive - Åbo Akademi O365/banking/venv/lib/python3.12/site-packages/airflow/example_dags/plugins/workday.py
[2025-11-20T21:57:28.954+0500] {logging_mixin.py:188} INFO - [2025-11-20T21:57:28.953+0500] {workday.py:41} WARNING - Could not import pandas. Holidays will not be considered.
[2025-11-20T21:57:28.956+0500] {processor.py:842} WARNING - No viable dags retrieved from /mnt/c/Users/Raj/OneDrive - Åbo Akademi O365/banking/venv/lib/python3.12/site-packages/airflow/example_dags/plugins/workday.py
[2025-11-20T21:57:28.988+0500] {processor.py:183} INFO - Processing /mnt/c/Users/Raj/OneDrive - Åbo Akademi O365/banking/venv/lib/python3.12/site-packages/airflow/example_dags/plugins/workday.py took 0.098 seconds
[2025-11-20T21:58:23.323+0500] {processor.py:161} INFO - Started process (PID=1005) to work on /mnt/c/Users/Raj/OneDrive - Åbo Akademi O365/banking/venv/lib/python3.12/site-packages/airflow/example_dags/plugins/workday.py
[2025-11-20T21:58:23.325+0500] {processor.py:830} INFO - Processing file /mnt/c/Users/Raj/OneDrive - Åbo Akademi O365/banking/venv/lib/python3.12/site-packages/airflow/example_dags/plugins/workday.py for tasks to queue
[2025-11-20T21:58:23.328+0500] {logging_mixin.py:188} INFO - [2025-11-20T21:58:23.327+0500] {dagbag.py:545} INFO - Filling up the DagBag from /mnt/c/Users/Raj/OneDrive - Åbo Akademi O365/banking/venv/lib/python3.12/site-packages/airflow/example_dags/plugins/workday.py
[2025-11-20T21:58:23.359+0500] {logging_mixin.py:188} INFO - [2025-11-20T21:58:23.359+0500] {workday.py:41} WARNING - Could not import pandas. Holidays will not be considered.
[2025-11-20T21:58:23.361+0500] {processor.py:842} WARNING - No viable dags retrieved from /mnt/c/Users/Raj/OneDrive - Åbo Akademi O365/banking/venv/lib/python3.12/site-packages/airflow/example_dags/plugins/workday.py
[2025-11-20T21:58:23.390+0500] {processor.py:183} INFO - Processing /mnt/c/Users/Raj/OneDrive - Åbo Akademi O365/banking/venv/lib/python3.12/site-packages/airflow/example_dags/plugins/workday.py took 0.081 seconds
[2025-11-20T21:59:05.896+0500] {processor.py:161} INFO - Started process (PID=1046) to work on /mnt/c/Users/Raj/OneDrive - Åbo Akademi O365/banking/venv/lib/python3.12/site-packages/airflow/example_dags/plugins/workday.py
[2025-11-20T21:59:05.898+0500] {processor.py:830} INFO - Processing file /mnt/c/Users/Raj/OneDrive - Åbo Akademi O365/banking/venv/lib/python3.12/site-packages/airflow/example_dags/plugins/workday.py for tasks to queue
[2025-11-20T21:59:05.903+0500] {logging_mixin.py:188} INFO - [2025-11-20T21:59:05.901+0500] {dagbag.py:545} INFO - Filling up the DagBag from /mnt/c/Users/Raj/OneDrive - Åbo Akademi O365/banking/venv/lib/python3.12/site-packages/airflow/example_dags/plugins/workday.py
[2025-11-20T21:59:05.943+0500] {logging_mixin.py:188} INFO - [2025-11-20T21:59:05.942+0500] {workday.py:41} WARNING - Could not import pandas. Holidays will not be considered.
[2025-11-20T21:59:05.945+0500] {processor.py:842} WARNING - No viable dags retrieved from /mnt/c/Users/Raj/OneDrive - Åbo Akademi O365/banking/venv/lib/python3.12/site-packages/airflow/example_dags/plugins/workday.py
[2025-11-20T21:59:05.985+0500] {processor.py:183} INFO - Processing /mnt/c/Users/Raj/OneDrive - Åbo Akademi O365/banking/venv/lib/python3.12/site-packages/airflow/example_dags/plugins/workday.py took 0.106 seconds
[2025-11-20T21:59:45.786+0500] {processor.py:161} INFO - Started process (PID=1080) to work on /mnt/c/Users/Raj/OneDrive - Åbo Akademi O365/banking/venv/lib/python3.12/site-packages/airflow/example_dags/plugins/workday.py
[2025-11-20T21:59:45.789+0500] {processor.py:830} INFO - Processing file /mnt/c/Users/Raj/OneDrive - Åbo Akademi O365/banking/venv/lib/python3.12/site-packages/airflow/example_dags/plugins/workday.py for tasks to queue
[2025-11-20T21:59:45.803+0500] {logging_mixin.py:188} INFO - [2025-11-20T21:59:45.793+0500] {dagbag.py:545} INFO - Filling up the DagBag from /mnt/c/Users/Raj/OneDrive - Åbo Akademi O365/banking/venv/lib/python3.12/site-packages/airflow/example_dags/plugins/workday.py
[2025-11-20T21:59:45.845+0500] {logging_mixin.py:188} INFO - [2025-11-20T21:59:45.844+0500] {workday.py:41} WARNING - Could not import pandas. Holidays will not be considered.
[2025-11-20T21:59:45.848+0500] {processor.py:842} WARNING - No viable dags retrieved from /mnt/c/Users/Raj/OneDrive - Åbo Akademi O365/banking/venv/lib/python3.12/site-packages/airflow/example_dags/plugins/workday.py
[2025-11-20T21:59:45.882+0500] {processor.py:183} INFO - Processing /mnt/c/Users/Raj/OneDrive - Åbo Akademi O365/banking/venv/lib/python3.12/site-packages/airflow/example_dags/plugins/workday.py took 0.122 seconds
[2025-11-20T22:00:24.803+0500] {processor.py:161} INFO - Started process (PID=1107) to work on /mnt/c/Users/Raj/OneDrive - Åbo Akademi O365/banking/venv/lib/python3.12/site-packages/airflow/example_dags/plugins/workday.py
[2025-11-20T22:00:24.807+0500] {processor.py:830} INFO - Processing file /mnt/c/Users/Raj/OneDrive - Åbo Akademi O365/banking/venv/lib/python3.12/site-packages/airflow/example_dags/plugins/workday.py for tasks to queue
[2025-11-20T22:00:24.812+0500] {logging_mixin.py:188} INFO - [2025-11-20T22:00:24.810+0500] {dagbag.py:545} INFO - Filling up the DagBag from /mnt/c/Users/Raj/OneDrive - Åbo Akademi O365/banking/venv/lib/python3.12/site-packages/airflow/example_dags/plugins/workday.py
[2025-11-20T22:00:24.844+0500] {logging_mixin.py:188} INFO - [2025-11-20T22:00:24.843+0500] {workday.py:41} WARNING - Could not import pandas. Holidays will not be considered.
[2025-11-20T22:00:24.846+0500] {processor.py:842} WARNING - No viable dags retrieved from /mnt/c/Users/Raj/OneDrive - Åbo Akademi O365/banking/venv/lib/python3.12/site-packages/airflow/example_dags/plugins/workday.py
[2025-11-20T22:00:24.875+0500] {processor.py:183} INFO - Processing /mnt/c/Users/Raj/OneDrive - Åbo Akademi O365/banking/venv/lib/python3.12/site-packages/airflow/example_dags/plugins/workday.py took 0.091 seconds
[2025-11-20T22:01:05.596+0500] {processor.py:161} INFO - Started process (PID=1137) to work on /mnt/c/Users/Raj/OneDrive - Åbo Akademi O365/banking/venv/lib/python3.12/site-packages/airflow/example_dags/plugins/workday.py
[2025-11-20T22:01:05.612+0500] {processor.py:830} INFO - Processing file /mnt/c/Users/Raj/OneDrive - Åbo Akademi O365/banking/venv/lib/python3.12/site-packages/airflow/example_dags/plugins/workday.py for tasks to queue
[2025-11-20T22:01:05.624+0500] {logging_mixin.py:188} INFO - [2025-11-20T22:01:05.622+0500] {dagbag.py:545} INFO - Filling up the DagBag from /mnt/c/Users/Raj/OneDrive - Åbo Akademi O365/banking/venv/lib/python3.12/site-packages/airflow/example_dags/plugins/workday.py
[2025-11-20T22:01:05.711+0500] {logging_mixin.py:188} INFO - [2025-11-20T22:01:05.708+0500] {workday.py:41} WARNING - Could not import pandas. Holidays will not be considered.
[2025-11-20T22:01:05.741+0500] {processor.py:842} WARNING - No viable dags retrieved from /mnt/c/Users/Raj/OneDrive - Åbo Akademi O365/banking/venv/lib/python3.12/site-packages/airflow/example_dags/plugins/workday.py
[2025-11-20T22:01:06.169+0500] {processor.py:183} INFO - Processing /mnt/c/Users/Raj/OneDrive - Åbo Akademi O365/banking/venv/lib/python3.12/site-packages/airflow/example_dags/plugins/workday.py took 0.631 seconds
[2025-11-20T22:01:51.735+0500] {processor.py:161} INFO - Started process (PID=1167) to work on /mnt/c/Users/Raj/OneDrive - Åbo Akademi O365/banking/venv/lib/python3.12/site-packages/airflow/example_dags/plugins/workday.py
[2025-11-20T22:01:51.738+0500] {processor.py:830} INFO - Processing file /mnt/c/Users/Raj/OneDrive - Åbo Akademi O365/banking/venv/lib/python3.12/site-packages/airflow/example_dags/plugins/workday.py for tasks to queue
[2025-11-20T22:01:51.743+0500] {logging_mixin.py:188} INFO - [2025-11-20T22:01:51.741+0500] {dagbag.py:545} INFO - Filling up the DagBag from /mnt/c/Users/Raj/OneDrive - Åbo Akademi O365/banking/venv/lib/python3.12/site-packages/airflow/example_dags/plugins/workday.py
[2025-11-20T22:01:51.789+0500] {logging_mixin.py:188} INFO - [2025-11-20T22:01:51.787+0500] {workday.py:41} WARNING - Could not import pandas. Holidays will not be considered.
[2025-11-20T22:01:51.791+0500] {processor.py:842} WARNING - No viable dags retrieved from /mnt/c/Users/Raj/OneDrive - Åbo Akademi O365/banking/venv/lib/python3.12/site-packages/airflow/example_dags/plugins/workday.py
[2025-11-20T22:01:51.829+0500] {processor.py:183} INFO - Processing /mnt/c/Users/Raj/OneDrive - Åbo Akademi O365/banking/venv/lib/python3.12/site-packages/airflow/example_dags/plugins/workday.py took 0.116 seconds
[2025-11-20T22:02:31.727+0500] {processor.py:161} INFO - Started process (PID=1198) to work on /mnt/c/Users/Raj/OneDrive - Åbo Akademi O365/banking/venv/lib/python3.12/site-packages/airflow/example_dags/plugins/workday.py
[2025-11-20T22:02:31.730+0500] {processor.py:830} INFO - Processing file /mnt/c/Users/Raj/OneDrive - Åbo Akademi O365/banking/venv/lib/python3.12/site-packages/airflow/example_dags/plugins/workday.py for tasks to queue
[2025-11-20T22:02:31.737+0500] {logging_mixin.py:188} INFO - [2025-11-20T22:02:31.735+0500] {dagbag.py:545} INFO - Filling up the DagBag from /mnt/c/Users/Raj/OneDrive - Åbo Akademi O365/banking/venv/lib/python3.12/site-packages/airflow/example_dags/plugins/workday.py
[2025-11-20T22:02:31.783+0500] {logging_mixin.py:188} INFO - [2025-11-20T22:02:31.781+0500] {workday.py:41} WARNING - Could not import pandas. Holidays will not be considered.
[2025-11-20T22:02:31.785+0500] {processor.py:842} WARNING - No viable dags retrieved from /mnt/c/Users/Raj/OneDrive - Åbo Akademi O365/banking/venv/lib/python3.12/site-packages/airflow/example_dags/plugins/workday.py
[2025-11-20T22:02:31.821+0500] {processor.py:183} INFO - Processing /mnt/c/Users/Raj/OneDrive - Åbo Akademi O365/banking/venv/lib/python3.12/site-packages/airflow/example_dags/plugins/workday.py took 0.113 seconds
[2025-11-20T22:03:16.488+0500] {processor.py:161} INFO - Started process (PID=1235) to work on /mnt/c/Users/Raj/OneDrive - Åbo Akademi O365/banking/venv/lib/python3.12/site-packages/airflow/example_dags/plugins/workday.py
[2025-11-20T22:03:16.492+0500] {processor.py:830} INFO - Processing file /mnt/c/Users/Raj/OneDrive - Åbo Akademi O365/banking/venv/lib/python3.12/site-packages/airflow/example_dags/plugins/workday.py for tasks to queue
[2025-11-20T22:03:16.497+0500] {logging_mixin.py:188} INFO - [2025-11-20T22:03:16.495+0500] {dagbag.py:545} INFO - Filling up the DagBag from /mnt/c/Users/Raj/OneDrive - Åbo Akademi O365/banking/venv/lib/python3.12/site-packages/airflow/example_dags/plugins/workday.py
[2025-11-20T22:03:16.539+0500] {logging_mixin.py:188} INFO - [2025-11-20T22:03:16.538+0500] {workday.py:41} WARNING - Could not import pandas. Holidays will not be considered.
[2025-11-20T22:03:16.541+0500] {processor.py:842} WARNING - No viable dags retrieved from /mnt/c/Users/Raj/OneDrive - Åbo Akademi O365/banking/venv/lib/python3.12/site-packages/airflow/example_dags/plugins/workday.py
[2025-11-20T22:03:16.572+0500] {processor.py:183} INFO - Processing /mnt/c/Users/Raj/OneDrive - Åbo Akademi O365/banking/venv/lib/python3.12/site-packages/airflow/example_dags/plugins/workday.py took 0.103 seconds
[2025-11-20T22:03:59.761+0500] {processor.py:161} INFO - Started process (PID=1271) to work on /mnt/c/Users/Raj/OneDrive - Åbo Akademi O365/banking/venv/lib/python3.12/site-packages/airflow/example_dags/plugins/workday.py
[2025-11-20T22:03:59.763+0500] {processor.py:830} INFO - Processing file /mnt/c/Users/Raj/OneDrive - Åbo Akademi O365/banking/venv/lib/python3.12/site-packages/airflow/example_dags/plugins/workday.py for tasks to queue
[2025-11-20T22:03:59.768+0500] {logging_mixin.py:188} INFO - [2025-11-20T22:03:59.767+0500] {dagbag.py:545} INFO - Filling up the DagBag from /mnt/c/Users/Raj/OneDrive - Åbo Akademi O365/banking/venv/lib/python3.12/site-packages/airflow/example_dags/plugins/workday.py
[2025-11-20T22:03:59.813+0500] {logging_mixin.py:188} INFO - [2025-11-20T22:03:59.812+0500] {workday.py:41} WARNING - Could not import pandas. Holidays will not be considered.
[2025-11-20T22:03:59.815+0500] {processor.py:842} WARNING - No viable dags retrieved from /mnt/c/Users/Raj/OneDrive - Åbo Akademi O365/banking/venv/lib/python3.12/site-packages/airflow/example_dags/plugins/workday.py
[2025-11-20T22:03:59.849+0500] {processor.py:183} INFO - Processing /mnt/c/Users/Raj/OneDrive - Åbo Akademi O365/banking/venv/lib/python3.12/site-packages/airflow/example_dags/plugins/workday.py took 0.110 seconds
[2025-11-20T22:04:38.483+0500] {processor.py:161} INFO - Started process (PID=1301) to work on /mnt/c/Users/Raj/OneDrive - Åbo Akademi O365/banking/venv/lib/python3.12/site-packages/airflow/example_dags/plugins/workday.py
[2025-11-20T22:04:38.486+0500] {processor.py:830} INFO - Processing file /mnt/c/Users/Raj/OneDrive - Åbo Akademi O365/banking/venv/lib/python3.12/site-packages/airflow/example_dags/plugins/workday.py for tasks to queue
[2025-11-20T22:04:38.491+0500] {logging_mixin.py:188} INFO - [2025-11-20T22:04:38.490+0500] {dagbag.py:545} INFO - Filling up the DagBag from /mnt/c/Users/Raj/OneDrive - Åbo Akademi O365/banking/venv/lib/python3.12/site-packages/airflow/example_dags/plugins/workday.py
[2025-11-20T22:04:38.529+0500] {logging_mixin.py:188} INFO - [2025-11-20T22:04:38.528+0500] {workday.py:41} WARNING - Could not import pandas. Holidays will not be considered.
[2025-11-20T22:04:38.531+0500] {processor.py:842} WARNING - No viable dags retrieved from /mnt/c/Users/Raj/OneDrive - Åbo Akademi O365/banking/venv/lib/python3.12/site-packages/airflow/example_dags/plugins/workday.py
[2025-11-20T22:04:38.632+0500] {processor.py:183} INFO - Processing /mnt/c/Users/Raj/OneDrive - Åbo Akademi O365/banking/venv/lib/python3.12/site-packages/airflow/example_dags/plugins/workday.py took 0.171 seconds
[2025-11-20T22:05:20.959+0500] {processor.py:161} INFO - Started process (PID=1332) to work on /mnt/c/Users/Raj/OneDrive - Åbo Akademi O365/banking/venv/lib/python3.12/site-packages/airflow/example_dags/plugins/workday.py
[2025-11-20T22:05:20.963+0500] {processor.py:830} INFO - Processing file /mnt/c/Users/Raj/OneDrive - Åbo Akademi O365/banking/venv/lib/python3.12/site-packages/airflow/example_dags/plugins/workday.py for tasks to queue
[2025-11-20T22:05:20.967+0500] {logging_mixin.py:188} INFO - [2025-11-20T22:05:20.965+0500] {dagbag.py:545} INFO - Filling up the DagBag from /mnt/c/Users/Raj/OneDrive - Åbo Akademi O365/banking/venv/lib/python3.12/site-packages/airflow/example_dags/plugins/workday.py
[2025-11-20T22:05:21.005+0500] {logging_mixin.py:188} INFO - [2025-11-20T22:05:21.004+0500] {workday.py:41} WARNING - Could not import pandas. Holidays will not be considered.
[2025-11-20T22:05:21.007+0500] {processor.py:842} WARNING - No viable dags retrieved from /mnt/c/Users/Raj/OneDrive - Åbo Akademi O365/banking/venv/lib/python3.12/site-packages/airflow/example_dags/plugins/workday.py
[2025-11-20T22:05:21.043+0500] {processor.py:183} INFO - Processing /mnt/c/Users/Raj/OneDrive - Åbo Akademi O365/banking/venv/lib/python3.12/site-packages/airflow/example_dags/plugins/workday.py took 0.104 seconds
[2025-11-20T22:06:05.138+0500] {processor.py:161} INFO - Started process (PID=1367) to work on /mnt/c/Users/Raj/OneDrive - Åbo Akademi O365/banking/venv/lib/python3.12/site-packages/airflow/example_dags/plugins/workday.py
[2025-11-20T22:06:05.140+0500] {processor.py:830} INFO - Processing file /mnt/c/Users/Raj/OneDrive - Åbo Akademi O365/banking/venv/lib/python3.12/site-packages/airflow/example_dags/plugins/workday.py for tasks to queue
[2025-11-20T22:06:05.144+0500] {logging_mixin.py:188} INFO - [2025-11-20T22:06:05.143+0500] {dagbag.py:545} INFO - Filling up the DagBag from /mnt/c/Users/Raj/OneDrive - Åbo Akademi O365/banking/venv/lib/python3.12/site-packages/airflow/example_dags/plugins/workday.py
[2025-11-20T22:06:05.190+0500] {logging_mixin.py:188} INFO - [2025-11-20T22:06:05.189+0500] {workday.py:41} WARNING - Could not import pandas. Holidays will not be considered.
[2025-11-20T22:06:05.192+0500] {processor.py:842} WARNING - No viable dags retrieved from /mnt/c/Users/Raj/OneDrive - Åbo Akademi O365/banking/venv/lib/python3.12/site-packages/airflow/example_dags/plugins/workday.py
[2025-11-20T22:06:05.227+0500] {processor.py:183} INFO - Processing /mnt/c/Users/Raj/OneDrive - Åbo Akademi O365/banking/venv/lib/python3.12/site-packages/airflow/example_dags/plugins/workday.py took 0.112 seconds
[2025-11-20T22:06:48.993+0500] {processor.py:161} INFO - Started process (PID=1401) to work on /mnt/c/Users/Raj/OneDrive - Åbo Akademi O365/banking/venv/lib/python3.12/site-packages/airflow/example_dags/plugins/workday.py
[2025-11-20T22:06:48.996+0500] {processor.py:830} INFO - Processing file /mnt/c/Users/Raj/OneDrive - Åbo Akademi O365/banking/venv/lib/python3.12/site-packages/airflow/example_dags/plugins/workday.py for tasks to queue
[2025-11-20T22:06:49.000+0500] {logging_mixin.py:188} INFO - [2025-11-20T22:06:48.998+0500] {dagbag.py:545} INFO - Filling up the DagBag from /mnt/c/Users/Raj/OneDrive - Åbo Akademi O365/banking/venv/lib/python3.12/site-packages/airflow/example_dags/plugins/workday.py
[2025-11-20T22:06:49.077+0500] {logging_mixin.py:188} INFO - [2025-11-20T22:06:49.075+0500] {workday.py:41} WARNING - Could not import pandas. Holidays will not be considered.
[2025-11-20T22:06:49.080+0500] {processor.py:842} WARNING - No viable dags retrieved from /mnt/c/Users/Raj/OneDrive - Åbo Akademi O365/banking/venv/lib/python3.12/site-packages/airflow/example_dags/plugins/workday.py
[2025-11-20T22:06:49.120+0500] {processor.py:183} INFO - Processing /mnt/c/Users/Raj/OneDrive - Åbo Akademi O365/banking/venv/lib/python3.12/site-packages/airflow/example_dags/plugins/workday.py took 0.148 seconds
[2025-11-20T22:07:32.751+0500] {processor.py:161} INFO - Started process (PID=1430) to work on /mnt/c/Users/Raj/OneDrive - Åbo Akademi O365/banking/venv/lib/python3.12/site-packages/airflow/example_dags/plugins/workday.py
[2025-11-20T22:07:32.755+0500] {processor.py:830} INFO - Processing file /mnt/c/Users/Raj/OneDrive - Åbo Akademi O365/banking/venv/lib/python3.12/site-packages/airflow/example_dags/plugins/workday.py for tasks to queue
[2025-11-20T22:07:32.758+0500] {logging_mixin.py:188} INFO - [2025-11-20T22:07:32.757+0500] {dagbag.py:545} INFO - Filling up the DagBag from /mnt/c/Users/Raj/OneDrive - Åbo Akademi O365/banking/venv/lib/python3.12/site-packages/airflow/example_dags/plugins/workday.py
[2025-11-20T22:07:32.795+0500] {logging_mixin.py:188} INFO - [2025-11-20T22:07:32.794+0500] {workday.py:41} WARNING - Could not import pandas. Holidays will not be considered.
[2025-11-20T22:07:32.797+0500] {processor.py:842} WARNING - No viable dags retrieved from /mnt/c/Users/Raj/OneDrive - Åbo Akademi O365/banking/venv/lib/python3.12/site-packages/airflow/example_dags/plugins/workday.py
[2025-11-20T22:07:32.827+0500] {processor.py:183} INFO - Processing /mnt/c/Users/Raj/OneDrive - Åbo Akademi O365/banking/venv/lib/python3.12/site-packages/airflow/example_dags/plugins/workday.py took 0.096 seconds
[2025-11-20T22:08:17.867+0500] {processor.py:161} INFO - Started process (PID=1464) to work on /mnt/c/Users/Raj/OneDrive - Åbo Akademi O365/banking/venv/lib/python3.12/site-packages/airflow/example_dags/plugins/workday.py
[2025-11-20T22:08:17.873+0500] {processor.py:830} INFO - Processing file /mnt/c/Users/Raj/OneDrive - Åbo Akademi O365/banking/venv/lib/python3.12/site-packages/airflow/example_dags/plugins/workday.py for tasks to queue
[2025-11-20T22:08:17.877+0500] {logging_mixin.py:188} INFO - [2025-11-20T22:08:17.875+0500] {dagbag.py:545} INFO - Filling up the DagBag from /mnt/c/Users/Raj/OneDrive - Åbo Akademi O365/banking/venv/lib/python3.12/site-packages/airflow/example_dags/plugins/workday.py
[2025-11-20T22:08:18.104+0500] {logging_mixin.py:188} INFO - [2025-11-20T22:08:18.033+0500] {workday.py:41} WARNING - Could not import pandas. Holidays will not be considered.
[2025-11-20T22:08:18.196+0500] {processor.py:842} WARNING - No viable dags retrieved from /mnt/c/Users/Raj/OneDrive - Åbo Akademi O365/banking/venv/lib/python3.12/site-packages/airflow/example_dags/plugins/workday.py
[2025-11-20T22:08:18.301+0500] {processor.py:183} INFO - Processing /mnt/c/Users/Raj/OneDrive - Åbo Akademi O365/banking/venv/lib/python3.12/site-packages/airflow/example_dags/plugins/workday.py took 0.457 seconds
[2025-11-20T22:09:01.867+0500] {processor.py:161} INFO - Started process (PID=1497) to work on /mnt/c/Users/Raj/OneDrive - Åbo Akademi O365/banking/venv/lib/python3.12/site-packages/airflow/example_dags/plugins/workday.py
[2025-11-20T22:09:01.870+0500] {processor.py:830} INFO - Processing file /mnt/c/Users/Raj/OneDrive - Åbo Akademi O365/banking/venv/lib/python3.12/site-packages/airflow/example_dags/plugins/workday.py for tasks to queue
[2025-11-20T22:09:01.875+0500] {logging_mixin.py:188} INFO - [2025-11-20T22:09:01.873+0500] {dagbag.py:545} INFO - Filling up the DagBag from /mnt/c/Users/Raj/OneDrive - Åbo Akademi O365/banking/venv/lib/python3.12/site-packages/airflow/example_dags/plugins/workday.py
[2025-11-20T22:09:01.942+0500] {logging_mixin.py:188} INFO - [2025-11-20T22:09:01.941+0500] {workday.py:41} WARNING - Could not import pandas. Holidays will not be considered.
[2025-11-20T22:09:01.944+0500] {processor.py:842} WARNING - No viable dags retrieved from /mnt/c/Users/Raj/OneDrive - Åbo Akademi O365/banking/venv/lib/python3.12/site-packages/airflow/example_dags/plugins/workday.py
[2025-11-20T22:09:01.984+0500] {processor.py:183} INFO - Processing /mnt/c/Users/Raj/OneDrive - Åbo Akademi O365/banking/venv/lib/python3.12/site-packages/airflow/example_dags/plugins/workday.py took 0.139 seconds
[2025-11-20T22:09:47.963+0500] {processor.py:161} INFO - Started process (PID=1530) to work on /mnt/c/Users/Raj/OneDrive - Åbo Akademi O365/banking/venv/lib/python3.12/site-packages/airflow/example_dags/plugins/workday.py
[2025-11-20T22:09:47.967+0500] {processor.py:830} INFO - Processing file /mnt/c/Users/Raj/OneDrive - Åbo Akademi O365/banking/venv/lib/python3.12/site-packages/airflow/example_dags/plugins/workday.py for tasks to queue
[2025-11-20T22:09:47.981+0500] {logging_mixin.py:188} INFO - [2025-11-20T22:09:47.976+0500] {dagbag.py:545} INFO - Filling up the DagBag from /mnt/c/Users/Raj/OneDrive - Åbo Akademi O365/banking/venv/lib/python3.12/site-packages/airflow/example_dags/plugins/workday.py
[2025-11-20T22:09:48.038+0500] {logging_mixin.py:188} INFO - [2025-11-20T22:09:48.036+0500] {workday.py:41} WARNING - Could not import pandas. Holidays will not be considered.
[2025-11-20T22:09:48.041+0500] {processor.py:842} WARNING - No viable dags retrieved from /mnt/c/Users/Raj/OneDrive - Åbo Akademi O365/banking/venv/lib/python3.12/site-packages/airflow/example_dags/plugins/workday.py
[2025-11-20T22:09:48.095+0500] {processor.py:183} INFO - Processing /mnt/c/Users/Raj/OneDrive - Åbo Akademi O365/banking/venv/lib/python3.12/site-packages/airflow/example_dags/plugins/workday.py took 0.173 seconds
[2025-11-20T22:10:37.212+0500] {processor.py:161} INFO - Started process (PID=1561) to work on /mnt/c/Users/Raj/OneDrive - Åbo Akademi O365/banking/venv/lib/python3.12/site-packages/airflow/example_dags/plugins/workday.py
[2025-11-20T22:10:37.215+0500] {processor.py:830} INFO - Processing file /mnt/c/Users/Raj/OneDrive - Åbo Akademi O365/banking/venv/lib/python3.12/site-packages/airflow/example_dags/plugins/workday.py for tasks to queue
[2025-11-20T22:10:37.219+0500] {logging_mixin.py:188} INFO - [2025-11-20T22:10:37.217+0500] {dagbag.py:545} INFO - Filling up the DagBag from /mnt/c/Users/Raj/OneDrive - Åbo Akademi O365/banking/venv/lib/python3.12/site-packages/airflow/example_dags/plugins/workday.py
[2025-11-20T22:10:37.268+0500] {logging_mixin.py:188} INFO - [2025-11-20T22:10:37.266+0500] {workday.py:41} WARNING - Could not import pandas. Holidays will not be considered.
[2025-11-20T22:10:37.270+0500] {processor.py:842} WARNING - No viable dags retrieved from /mnt/c/Users/Raj/OneDrive - Åbo Akademi O365/banking/venv/lib/python3.12/site-packages/airflow/example_dags/plugins/workday.py
[2025-11-20T22:10:37.306+0500] {processor.py:183} INFO - Processing /mnt/c/Users/Raj/OneDrive - Åbo Akademi O365/banking/venv/lib/python3.12/site-packages/airflow/example_dags/plugins/workday.py took 0.120 seconds
[2025-11-20T22:11:20.681+0500] {processor.py:161} INFO - Started process (PID=1604) to work on /mnt/c/Users/Raj/OneDrive - Åbo Akademi O365/banking/venv/lib/python3.12/site-packages/airflow/example_dags/plugins/workday.py
[2025-11-20T22:11:20.685+0500] {processor.py:830} INFO - Processing file /mnt/c/Users/Raj/OneDrive - Åbo Akademi O365/banking/venv/lib/python3.12/site-packages/airflow/example_dags/plugins/workday.py for tasks to queue
[2025-11-20T22:11:20.694+0500] {logging_mixin.py:188} INFO - [2025-11-20T22:11:20.692+0500] {dagbag.py:545} INFO - Filling up the DagBag from /mnt/c/Users/Raj/OneDrive - Åbo Akademi O365/banking/venv/lib/python3.12/site-packages/airflow/example_dags/plugins/workday.py
[2025-11-20T22:11:20.750+0500] {logging_mixin.py:188} INFO - [2025-11-20T22:11:20.748+0500] {workday.py:41} WARNING - Could not import pandas. Holidays will not be considered.
[2025-11-20T22:11:20.752+0500] {processor.py:842} WARNING - No viable dags retrieved from /mnt/c/Users/Raj/OneDrive - Åbo Akademi O365/banking/venv/lib/python3.12/site-packages/airflow/example_dags/plugins/workday.py
[2025-11-20T22:11:20.816+0500] {processor.py:183} INFO - Processing /mnt/c/Users/Raj/OneDrive - Åbo Akademi O365/banking/venv/lib/python3.12/site-packages/airflow/example_dags/plugins/workday.py took 0.167 seconds
[2025-11-20T22:12:01.983+0500] {processor.py:161} INFO - Started process (PID=1633) to work on /mnt/c/Users/Raj/OneDrive - Åbo Akademi O365/banking/venv/lib/python3.12/site-packages/airflow/example_dags/plugins/workday.py
[2025-11-20T22:12:01.988+0500] {processor.py:830} INFO - Processing file /mnt/c/Users/Raj/OneDrive - Åbo Akademi O365/banking/venv/lib/python3.12/site-packages/airflow/example_dags/plugins/workday.py for tasks to queue
[2025-11-20T22:12:01.992+0500] {logging_mixin.py:188} INFO - [2025-11-20T22:12:01.990+0500] {dagbag.py:545} INFO - Filling up the DagBag from /mnt/c/Users/Raj/OneDrive - Åbo Akademi O365/banking/venv/lib/python3.12/site-packages/airflow/example_dags/plugins/workday.py
[2025-11-20T22:12:02.046+0500] {logging_mixin.py:188} INFO - [2025-11-20T22:12:02.044+0500] {workday.py:41} WARNING - Could not import pandas. Holidays will not be considered.
[2025-11-20T22:12:02.048+0500] {processor.py:842} WARNING - No viable dags retrieved from /mnt/c/Users/Raj/OneDrive - Åbo Akademi O365/banking/venv/lib/python3.12/site-packages/airflow/example_dags/plugins/workday.py
[2025-11-20T22:12:02.093+0500] {processor.py:183} INFO - Processing /mnt/c/Users/Raj/OneDrive - Åbo Akademi O365/banking/venv/lib/python3.12/site-packages/airflow/example_dags/plugins/workday.py took 0.135 seconds
[2025-11-20T22:12:41.768+0500] {processor.py:161} INFO - Started process (PID=1666) to work on /mnt/c/Users/Raj/OneDrive - Åbo Akademi O365/banking/venv/lib/python3.12/site-packages/airflow/example_dags/plugins/workday.py
[2025-11-20T22:12:41.772+0500] {processor.py:830} INFO - Processing file /mnt/c/Users/Raj/OneDrive - Åbo Akademi O365/banking/venv/lib/python3.12/site-packages/airflow/example_dags/plugins/workday.py for tasks to queue
[2025-11-20T22:12:41.776+0500] {logging_mixin.py:188} INFO - [2025-11-20T22:12:41.774+0500] {dagbag.py:545} INFO - Filling up the DagBag from /mnt/c/Users/Raj/OneDrive - Åbo Akademi O365/banking/venv/lib/python3.12/site-packages/airflow/example_dags/plugins/workday.py
[2025-11-20T22:12:41.820+0500] {logging_mixin.py:188} INFO - [2025-11-20T22:12:41.818+0500] {workday.py:41} WARNING - Could not import pandas. Holidays will not be considered.
[2025-11-20T22:12:41.822+0500] {processor.py:842} WARNING - No viable dags retrieved from /mnt/c/Users/Raj/OneDrive - Åbo Akademi O365/banking/venv/lib/python3.12/site-packages/airflow/example_dags/plugins/workday.py
[2025-11-20T22:12:41.860+0500] {processor.py:183} INFO - Processing /mnt/c/Users/Raj/OneDrive - Åbo Akademi O365/banking/venv/lib/python3.12/site-packages/airflow/example_dags/plugins/workday.py took 0.115 seconds
[2025-11-20T22:13:22.966+0500] {processor.py:161} INFO - Started process (PID=1695) to work on /mnt/c/Users/Raj/OneDrive - Åbo Akademi O365/banking/venv/lib/python3.12/site-packages/airflow/example_dags/plugins/workday.py
[2025-11-20T22:13:22.970+0500] {processor.py:830} INFO - Processing file /mnt/c/Users/Raj/OneDrive - Åbo Akademi O365/banking/venv/lib/python3.12/site-packages/airflow/example_dags/plugins/workday.py for tasks to queue
[2025-11-20T22:13:22.974+0500] {logging_mixin.py:188} INFO - [2025-11-20T22:13:22.972+0500] {dagbag.py:545} INFO - Filling up the DagBag from /mnt/c/Users/Raj/OneDrive - Åbo Akademi O365/banking/venv/lib/python3.12/site-packages/airflow/example_dags/plugins/workday.py
[2025-11-20T22:13:23.015+0500] {logging_mixin.py:188} INFO - [2025-11-20T22:13:23.013+0500] {workday.py:41} WARNING - Could not import pandas. Holidays will not be considered.
[2025-11-20T22:13:23.016+0500] {processor.py:842} WARNING - No viable dags retrieved from /mnt/c/Users/Raj/OneDrive - Åbo Akademi O365/banking/venv/lib/python3.12/site-packages/airflow/example_dags/plugins/workday.py
[2025-11-20T22:13:23.050+0500] {processor.py:183} INFO - Processing /mnt/c/Users/Raj/OneDrive - Åbo Akademi O365/banking/venv/lib/python3.12/site-packages/airflow/example_dags/plugins/workday.py took 0.106 seconds
[2025-11-20T22:14:08.676+0500] {processor.py:161} INFO - Started process (PID=1729) to work on /mnt/c/Users/Raj/OneDrive - Åbo Akademi O365/banking/venv/lib/python3.12/site-packages/airflow/example_dags/plugins/workday.py
[2025-11-20T22:14:08.679+0500] {processor.py:830} INFO - Processing file /mnt/c/Users/Raj/OneDrive - Åbo Akademi O365/banking/venv/lib/python3.12/site-packages/airflow/example_dags/plugins/workday.py for tasks to queue
[2025-11-20T22:14:08.682+0500] {logging_mixin.py:188} INFO - [2025-11-20T22:14:08.681+0500] {dagbag.py:545} INFO - Filling up the DagBag from /mnt/c/Users/Raj/OneDrive - Åbo Akademi O365/banking/venv/lib/python3.12/site-packages/airflow/example_dags/plugins/workday.py
[2025-11-20T22:14:08.709+0500] {logging_mixin.py:188} INFO - [2025-11-20T22:14:08.708+0500] {workday.py:41} WARNING - Could not import pandas. Holidays will not be considered.
[2025-11-20T22:14:08.712+0500] {processor.py:842} WARNING - No viable dags retrieved from /mnt/c/Users/Raj/OneDrive - Åbo Akademi O365/banking/venv/lib/python3.12/site-packages/airflow/example_dags/plugins/workday.py
[2025-11-20T22:14:08.740+0500] {processor.py:183} INFO - Processing /mnt/c/Users/Raj/OneDrive - Åbo Akademi O365/banking/venv/lib/python3.12/site-packages/airflow/example_dags/plugins/workday.py took 0.078 seconds
[2025-11-20T22:14:50.412+0500] {processor.py:161} INFO - Started process (PID=1760) to work on /mnt/c/Users/Raj/OneDrive - Åbo Akademi O365/banking/venv/lib/python3.12/site-packages/airflow/example_dags/plugins/workday.py
[2025-11-20T22:14:50.418+0500] {processor.py:830} INFO - Processing file /mnt/c/Users/Raj/OneDrive - Åbo Akademi O365/banking/venv/lib/python3.12/site-packages/airflow/example_dags/plugins/workday.py for tasks to queue
[2025-11-20T22:14:50.423+0500] {logging_mixin.py:188} INFO - [2025-11-20T22:14:50.420+0500] {dagbag.py:545} INFO - Filling up the DagBag from /mnt/c/Users/Raj/OneDrive - Åbo Akademi O365/banking/venv/lib/python3.12/site-packages/airflow/example_dags/plugins/workday.py
[2025-11-20T22:14:50.467+0500] {logging_mixin.py:188} INFO - [2025-11-20T22:14:50.465+0500] {workday.py:41} WARNING - Could not import pandas. Holidays will not be considered.
[2025-11-20T22:14:50.469+0500] {processor.py:842} WARNING - No viable dags retrieved from /mnt/c/Users/Raj/OneDrive - Åbo Akademi O365/banking/venv/lib/python3.12/site-packages/airflow/example_dags/plugins/workday.py
[2025-11-20T22:14:50.513+0500] {processor.py:183} INFO - Processing /mnt/c/Users/Raj/OneDrive - Åbo Akademi O365/banking/venv/lib/python3.12/site-packages/airflow/example_dags/plugins/workday.py took 0.126 seconds
[2025-11-20T22:15:32.145+0500] {processor.py:161} INFO - Started process (PID=1790) to work on /mnt/c/Users/Raj/OneDrive - Åbo Akademi O365/banking/venv/lib/python3.12/site-packages/airflow/example_dags/plugins/workday.py
[2025-11-20T22:15:32.148+0500] {processor.py:830} INFO - Processing file /mnt/c/Users/Raj/OneDrive - Åbo Akademi O365/banking/venv/lib/python3.12/site-packages/airflow/example_dags/plugins/workday.py for tasks to queue
[2025-11-20T22:15:32.151+0500] {logging_mixin.py:188} INFO - [2025-11-20T22:15:32.150+0500] {dagbag.py:545} INFO - Filling up the DagBag from /mnt/c/Users/Raj/OneDrive - Åbo Akademi O365/banking/venv/lib/python3.12/site-packages/airflow/example_dags/plugins/workday.py
[2025-11-20T22:15:32.191+0500] {logging_mixin.py:188} INFO - [2025-11-20T22:15:32.190+0500] {workday.py:41} WARNING - Could not import pandas. Holidays will not be considered.
[2025-11-20T22:15:32.194+0500] {processor.py:842} WARNING - No viable dags retrieved from /mnt/c/Users/Raj/OneDrive - Åbo Akademi O365/banking/venv/lib/python3.12/site-packages/airflow/example_dags/plugins/workday.py
[2025-11-20T22:15:32.224+0500] {processor.py:183} INFO - Processing /mnt/c/Users/Raj/OneDrive - Åbo Akademi O365/banking/venv/lib/python3.12/site-packages/airflow/example_dags/plugins/workday.py took 0.099 seconds
[2025-11-20T22:16:18.907+0500] {processor.py:161} INFO - Started process (PID=1820) to work on /mnt/c/Users/Raj/OneDrive - Åbo Akademi O365/banking/venv/lib/python3.12/site-packages/airflow/example_dags/plugins/workday.py
[2025-11-20T22:16:18.910+0500] {processor.py:830} INFO - Processing file /mnt/c/Users/Raj/OneDrive - Åbo Akademi O365/banking/venv/lib/python3.12/site-packages/airflow/example_dags/plugins/workday.py for tasks to queue
[2025-11-20T22:16:18.915+0500] {logging_mixin.py:188} INFO - [2025-11-20T22:16:18.913+0500] {dagbag.py:545} INFO - Filling up the DagBag from /mnt/c/Users/Raj/OneDrive - Åbo Akademi O365/banking/venv/lib/python3.12/site-packages/airflow/example_dags/plugins/workday.py
[2025-11-20T22:16:18.964+0500] {logging_mixin.py:188} INFO - [2025-11-20T22:16:18.962+0500] {workday.py:41} WARNING - Could not import pandas. Holidays will not be considered.
[2025-11-20T22:16:18.967+0500] {processor.py:842} WARNING - No viable dags retrieved from /mnt/c/Users/Raj/OneDrive - Åbo Akademi O365/banking/venv/lib/python3.12/site-packages/airflow/example_dags/plugins/workday.py
[2025-11-20T22:16:19.071+0500] {processor.py:183} INFO - Processing /mnt/c/Users/Raj/OneDrive - Åbo Akademi O365/banking/venv/lib/python3.12/site-packages/airflow/example_dags/plugins/workday.py took 0.190 seconds
[2025-11-20T22:17:04.502+0500] {processor.py:161} INFO - Started process (PID=1856) to work on /mnt/c/Users/Raj/OneDrive - Åbo Akademi O365/banking/venv/lib/python3.12/site-packages/airflow/example_dags/plugins/workday.py
[2025-11-20T22:17:04.504+0500] {processor.py:830} INFO - Processing file /mnt/c/Users/Raj/OneDrive - Åbo Akademi O365/banking/venv/lib/python3.12/site-packages/airflow/example_dags/plugins/workday.py for tasks to queue
[2025-11-20T22:17:04.508+0500] {logging_mixin.py:188} INFO - [2025-11-20T22:17:04.506+0500] {dagbag.py:545} INFO - Filling up the DagBag from /mnt/c/Users/Raj/OneDrive - Åbo Akademi O365/banking/venv/lib/python3.12/site-packages/airflow/example_dags/plugins/workday.py
[2025-11-20T22:17:04.555+0500] {logging_mixin.py:188} INFO - [2025-11-20T22:17:04.553+0500] {workday.py:41} WARNING - Could not import pandas. Holidays will not be considered.
[2025-11-20T22:17:04.558+0500] {processor.py:842} WARNING - No viable dags retrieved from /mnt/c/Users/Raj/OneDrive - Åbo Akademi O365/banking/venv/lib/python3.12/site-packages/airflow/example_dags/plugins/workday.py
[2025-11-20T22:17:04.595+0500] {processor.py:183} INFO - Processing /mnt/c/Users/Raj/OneDrive - Åbo Akademi O365/banking/venv/lib/python3.12/site-packages/airflow/example_dags/plugins/workday.py took 0.115 seconds
[2025-11-20T22:17:48.532+0500] {processor.py:161} INFO - Started process (PID=1885) to work on /mnt/c/Users/Raj/OneDrive - Åbo Akademi O365/banking/venv/lib/python3.12/site-packages/airflow/example_dags/plugins/workday.py
[2025-11-20T22:17:48.535+0500] {processor.py:830} INFO - Processing file /mnt/c/Users/Raj/OneDrive - Åbo Akademi O365/banking/venv/lib/python3.12/site-packages/airflow/example_dags/plugins/workday.py for tasks to queue
[2025-11-20T22:17:48.540+0500] {logging_mixin.py:188} INFO - [2025-11-20T22:17:48.538+0500] {dagbag.py:545} INFO - Filling up the DagBag from /mnt/c/Users/Raj/OneDrive - Åbo Akademi O365/banking/venv/lib/python3.12/site-packages/airflow/example_dags/plugins/workday.py
[2025-11-20T22:17:48.588+0500] {logging_mixin.py:188} INFO - [2025-11-20T22:17:48.586+0500] {workday.py:41} WARNING - Could not import pandas. Holidays will not be considered.
[2025-11-20T22:17:48.590+0500] {processor.py:842} WARNING - No viable dags retrieved from /mnt/c/Users/Raj/OneDrive - Åbo Akademi O365/banking/venv/lib/python3.12/site-packages/airflow/example_dags/plugins/workday.py
[2025-11-20T22:17:48.626+0500] {processor.py:183} INFO - Processing /mnt/c/Users/Raj/OneDrive - Åbo Akademi O365/banking/venv/lib/python3.12/site-packages/airflow/example_dags/plugins/workday.py took 0.112 seconds
[2025-11-20T22:18:34.080+0500] {processor.py:161} INFO - Started process (PID=1920) to work on /mnt/c/Users/Raj/OneDrive - Åbo Akademi O365/banking/venv/lib/python3.12/site-packages/airflow/example_dags/plugins/workday.py
[2025-11-20T22:18:34.083+0500] {processor.py:830} INFO - Processing file /mnt/c/Users/Raj/OneDrive - Åbo Akademi O365/banking/venv/lib/python3.12/site-packages/airflow/example_dags/plugins/workday.py for tasks to queue
[2025-11-20T22:18:34.087+0500] {logging_mixin.py:188} INFO - [2025-11-20T22:18:34.085+0500] {dagbag.py:545} INFO - Filling up the DagBag from /mnt/c/Users/Raj/OneDrive - Åbo Akademi O365/banking/venv/lib/python3.12/site-packages/airflow/example_dags/plugins/workday.py
[2025-11-20T22:18:34.128+0500] {logging_mixin.py:188} INFO - [2025-11-20T22:18:34.125+0500] {workday.py:41} WARNING - Could not import pandas. Holidays will not be considered.
[2025-11-20T22:18:34.130+0500] {processor.py:842} WARNING - No viable dags retrieved from /mnt/c/Users/Raj/OneDrive - Åbo Akademi O365/banking/venv/lib/python3.12/site-packages/airflow/example_dags/plugins/workday.py
[2025-11-20T22:18:34.167+0500] {processor.py:183} INFO - Processing /mnt/c/Users/Raj/OneDrive - Åbo Akademi O365/banking/venv/lib/python3.12/site-packages/airflow/example_dags/plugins/workday.py took 0.107 seconds
[2025-11-20T22:19:13.337+0500] {processor.py:161} INFO - Started process (PID=1951) to work on /mnt/c/Users/Raj/OneDrive - Åbo Akademi O365/banking/venv/lib/python3.12/site-packages/airflow/example_dags/plugins/workday.py
[2025-11-20T22:19:13.339+0500] {processor.py:830} INFO - Processing file /mnt/c/Users/Raj/OneDrive - Åbo Akademi O365/banking/venv/lib/python3.12/site-packages/airflow/example_dags/plugins/workday.py for tasks to queue
[2025-11-20T22:19:13.342+0500] {logging_mixin.py:188} INFO - [2025-11-20T22:19:13.341+0500] {dagbag.py:545} INFO - Filling up the DagBag from /mnt/c/Users/Raj/OneDrive - Åbo Akademi O365/banking/venv/lib/python3.12/site-packages/airflow/example_dags/plugins/workday.py
[2025-11-20T22:19:13.376+0500] {logging_mixin.py:188} INFO - [2025-11-20T22:19:13.375+0500] {workday.py:41} WARNING - Could not import pandas. Holidays will not be considered.
[2025-11-20T22:19:13.378+0500] {processor.py:842} WARNING - No viable dags retrieved from /mnt/c/Users/Raj/OneDrive - Åbo Akademi O365/banking/venv/lib/python3.12/site-packages/airflow/example_dags/plugins/workday.py
[2025-11-20T22:19:13.411+0500] {processor.py:183} INFO - Processing /mnt/c/Users/Raj/OneDrive - Åbo Akademi O365/banking/venv/lib/python3.12/site-packages/airflow/example_dags/plugins/workday.py took 0.092 seconds
[2025-11-20T22:19:55.082+0500] {processor.py:161} INFO - Started process (PID=1983) to work on /mnt/c/Users/Raj/OneDrive - Åbo Akademi O365/banking/venv/lib/python3.12/site-packages/airflow/example_dags/plugins/workday.py
[2025-11-20T22:19:55.086+0500] {processor.py:830} INFO - Processing file /mnt/c/Users/Raj/OneDrive - Åbo Akademi O365/banking/venv/lib/python3.12/site-packages/airflow/example_dags/plugins/workday.py for tasks to queue
[2025-11-20T22:19:55.091+0500] {logging_mixin.py:188} INFO - [2025-11-20T22:19:55.088+0500] {dagbag.py:545} INFO - Filling up the DagBag from /mnt/c/Users/Raj/OneDrive - Åbo Akademi O365/banking/venv/lib/python3.12/site-packages/airflow/example_dags/plugins/workday.py
[2025-11-20T22:19:55.153+0500] {logging_mixin.py:188} INFO - [2025-11-20T22:19:55.151+0500] {workday.py:41} WARNING - Could not import pandas. Holidays will not be considered.
[2025-11-20T22:19:55.161+0500] {processor.py:842} WARNING - No viable dags retrieved from /mnt/c/Users/Raj/OneDrive - Åbo Akademi O365/banking/venv/lib/python3.12/site-packages/airflow/example_dags/plugins/workday.py
[2025-11-20T22:19:55.213+0500] {processor.py:183} INFO - Processing /mnt/c/Users/Raj/OneDrive - Åbo Akademi O365/banking/venv/lib/python3.12/site-packages/airflow/example_dags/plugins/workday.py took 0.177 seconds
[2025-11-20T22:20:42.377+0500] {processor.py:161} INFO - Started process (PID=2021) to work on /mnt/c/Users/Raj/OneDrive - Åbo Akademi O365/banking/venv/lib/python3.12/site-packages/airflow/example_dags/plugins/workday.py
[2025-11-20T22:20:42.382+0500] {processor.py:830} INFO - Processing file /mnt/c/Users/Raj/OneDrive - Åbo Akademi O365/banking/venv/lib/python3.12/site-packages/airflow/example_dags/plugins/workday.py for tasks to queue
[2025-11-20T22:20:42.387+0500] {logging_mixin.py:188} INFO - [2025-11-20T22:20:42.385+0500] {dagbag.py:545} INFO - Filling up the DagBag from /mnt/c/Users/Raj/OneDrive - Åbo Akademi O365/banking/venv/lib/python3.12/site-packages/airflow/example_dags/plugins/workday.py
[2025-11-20T22:20:42.438+0500] {logging_mixin.py:188} INFO - [2025-11-20T22:20:42.437+0500] {workday.py:41} WARNING - Could not import pandas. Holidays will not be considered.
[2025-11-20T22:20:42.441+0500] {processor.py:842} WARNING - No viable dags retrieved from /mnt/c/Users/Raj/OneDrive - Åbo Akademi O365/banking/venv/lib/python3.12/site-packages/airflow/example_dags/plugins/workday.py
[2025-11-20T22:20:42.490+0500] {processor.py:183} INFO - Processing /mnt/c/Users/Raj/OneDrive - Åbo Akademi O365/banking/venv/lib/python3.12/site-packages/airflow/example_dags/plugins/workday.py took 0.139 seconds
[2025-11-20T22:21:28.255+0500] {processor.py:161} INFO - Started process (PID=2057) to work on /mnt/c/Users/Raj/OneDrive - Åbo Akademi O365/banking/venv/lib/python3.12/site-packages/airflow/example_dags/plugins/workday.py
[2025-11-20T22:21:28.257+0500] {processor.py:830} INFO - Processing file /mnt/c/Users/Raj/OneDrive - Åbo Akademi O365/banking/venv/lib/python3.12/site-packages/airflow/example_dags/plugins/workday.py for tasks to queue
[2025-11-20T22:21:28.261+0500] {logging_mixin.py:188} INFO - [2025-11-20T22:21:28.259+0500] {dagbag.py:545} INFO - Filling up the DagBag from /mnt/c/Users/Raj/OneDrive - Åbo Akademi O365/banking/venv/lib/python3.12/site-packages/airflow/example_dags/plugins/workday.py
[2025-11-20T22:21:28.292+0500] {logging_mixin.py:188} INFO - [2025-11-20T22:21:28.291+0500] {workday.py:41} WARNING - Could not import pandas. Holidays will not be considered.
[2025-11-20T22:21:28.294+0500] {processor.py:842} WARNING - No viable dags retrieved from /mnt/c/Users/Raj/OneDrive - Åbo Akademi O365/banking/venv/lib/python3.12/site-packages/airflow/example_dags/plugins/workday.py
[2025-11-20T22:21:28.325+0500] {processor.py:183} INFO - Processing /mnt/c/Users/Raj/OneDrive - Åbo Akademi O365/banking/venv/lib/python3.12/site-packages/airflow/example_dags/plugins/workday.py took 0.087 seconds
[2025-11-20T22:22:07.537+0500] {processor.py:161} INFO - Started process (PID=2086) to work on /mnt/c/Users/Raj/OneDrive - Åbo Akademi O365/banking/venv/lib/python3.12/site-packages/airflow/example_dags/plugins/workday.py
[2025-11-20T22:22:07.540+0500] {processor.py:830} INFO - Processing file /mnt/c/Users/Raj/OneDrive - Åbo Akademi O365/banking/venv/lib/python3.12/site-packages/airflow/example_dags/plugins/workday.py for tasks to queue
[2025-11-20T22:22:07.544+0500] {logging_mixin.py:188} INFO - [2025-11-20T22:22:07.542+0500] {dagbag.py:545} INFO - Filling up the DagBag from /mnt/c/Users/Raj/OneDrive - Åbo Akademi O365/banking/venv/lib/python3.12/site-packages/airflow/example_dags/plugins/workday.py
[2025-11-20T22:22:07.585+0500] {logging_mixin.py:188} INFO - [2025-11-20T22:22:07.584+0500] {workday.py:41} WARNING - Could not import pandas. Holidays will not be considered.
[2025-11-20T22:22:07.588+0500] {processor.py:842} WARNING - No viable dags retrieved from /mnt/c/Users/Raj/OneDrive - Åbo Akademi O365/banking/venv/lib/python3.12/site-packages/airflow/example_dags/plugins/workday.py
[2025-11-20T22:22:07.625+0500] {processor.py:183} INFO - Processing /mnt/c/Users/Raj/OneDrive - Åbo Akademi O365/banking/venv/lib/python3.12/site-packages/airflow/example_dags/plugins/workday.py took 0.105 seconds
[2025-11-20T22:22:44.331+0500] {processor.py:161} INFO - Started process (PID=2117) to work on /mnt/c/Users/Raj/OneDrive - Åbo Akademi O365/banking/venv/lib/python3.12/site-packages/airflow/example_dags/plugins/workday.py
[2025-11-20T22:22:44.334+0500] {processor.py:830} INFO - Processing file /mnt/c/Users/Raj/OneDrive - Åbo Akademi O365/banking/venv/lib/python3.12/site-packages/airflow/example_dags/plugins/workday.py for tasks to queue
[2025-11-20T22:22:44.337+0500] {logging_mixin.py:188} INFO - [2025-11-20T22:22:44.335+0500] {dagbag.py:545} INFO - Filling up the DagBag from /mnt/c/Users/Raj/OneDrive - Åbo Akademi O365/banking/venv/lib/python3.12/site-packages/airflow/example_dags/plugins/workday.py
[2025-11-20T22:22:44.371+0500] {logging_mixin.py:188} INFO - [2025-11-20T22:22:44.370+0500] {workday.py:41} WARNING - Could not import pandas. Holidays will not be considered.
[2025-11-20T22:22:44.373+0500] {processor.py:842} WARNING - No viable dags retrieved from /mnt/c/Users/Raj/OneDrive - Åbo Akademi O365/banking/venv/lib/python3.12/site-packages/airflow/example_dags/plugins/workday.py
[2025-11-20T22:22:44.406+0500] {processor.py:183} INFO - Processing /mnt/c/Users/Raj/OneDrive - Åbo Akademi O365/banking/venv/lib/python3.12/site-packages/airflow/example_dags/plugins/workday.py took 0.093 seconds
[2025-11-20T22:23:20.860+0500] {processor.py:161} INFO - Started process (PID=2144) to work on /mnt/c/Users/Raj/OneDrive - Åbo Akademi O365/banking/venv/lib/python3.12/site-packages/airflow/example_dags/plugins/workday.py
[2025-11-20T22:23:20.863+0500] {processor.py:830} INFO - Processing file /mnt/c/Users/Raj/OneDrive - Åbo Akademi O365/banking/venv/lib/python3.12/site-packages/airflow/example_dags/plugins/workday.py for tasks to queue
[2025-11-20T22:23:20.867+0500] {logging_mixin.py:188} INFO - [2025-11-20T22:23:20.865+0500] {dagbag.py:545} INFO - Filling up the DagBag from /mnt/c/Users/Raj/OneDrive - Åbo Akademi O365/banking/venv/lib/python3.12/site-packages/airflow/example_dags/plugins/workday.py
[2025-11-20T22:23:20.907+0500] {logging_mixin.py:188} INFO - [2025-11-20T22:23:20.906+0500] {workday.py:41} WARNING - Could not import pandas. Holidays will not be considered.
[2025-11-20T22:23:20.909+0500] {processor.py:842} WARNING - No viable dags retrieved from /mnt/c/Users/Raj/OneDrive - Åbo Akademi O365/banking/venv/lib/python3.12/site-packages/airflow/example_dags/plugins/workday.py
[2025-11-20T22:23:20.942+0500] {processor.py:183} INFO - Processing /mnt/c/Users/Raj/OneDrive - Åbo Akademi O365/banking/venv/lib/python3.12/site-packages/airflow/example_dags/plugins/workday.py took 0.099 seconds
[2025-11-20T22:23:58.355+0500] {processor.py:161} INFO - Started process (PID=2175) to work on /mnt/c/Users/Raj/OneDrive - Åbo Akademi O365/banking/venv/lib/python3.12/site-packages/airflow/example_dags/plugins/workday.py
[2025-11-20T22:23:58.358+0500] {processor.py:830} INFO - Processing file /mnt/c/Users/Raj/OneDrive - Åbo Akademi O365/banking/venv/lib/python3.12/site-packages/airflow/example_dags/plugins/workday.py for tasks to queue
[2025-11-20T22:23:58.363+0500] {logging_mixin.py:188} INFO - [2025-11-20T22:23:58.360+0500] {dagbag.py:545} INFO - Filling up the DagBag from /mnt/c/Users/Raj/OneDrive - Åbo Akademi O365/banking/venv/lib/python3.12/site-packages/airflow/example_dags/plugins/workday.py
[2025-11-20T22:23:58.401+0500] {logging_mixin.py:188} INFO - [2025-11-20T22:23:58.400+0500] {workday.py:41} WARNING - Could not import pandas. Holidays will not be considered.
[2025-11-20T22:23:58.404+0500] {processor.py:842} WARNING - No viable dags retrieved from /mnt/c/Users/Raj/OneDrive - Åbo Akademi O365/banking/venv/lib/python3.12/site-packages/airflow/example_dags/plugins/workday.py
[2025-11-20T22:23:58.441+0500] {processor.py:183} INFO - Processing /mnt/c/Users/Raj/OneDrive - Åbo Akademi O365/banking/venv/lib/python3.12/site-packages/airflow/example_dags/plugins/workday.py took 0.106 seconds
[2025-11-20T22:24:42.290+0500] {processor.py:161} INFO - Started process (PID=2222) to work on /mnt/c/Users/Raj/OneDrive - Åbo Akademi O365/banking/venv/lib/python3.12/site-packages/airflow/example_dags/plugins/workday.py
[2025-11-20T22:24:42.293+0500] {processor.py:830} INFO - Processing file /mnt/c/Users/Raj/OneDrive - Åbo Akademi O365/banking/venv/lib/python3.12/site-packages/airflow/example_dags/plugins/workday.py for tasks to queue
[2025-11-20T22:24:42.301+0500] {logging_mixin.py:188} INFO - [2025-11-20T22:24:42.299+0500] {dagbag.py:545} INFO - Filling up the DagBag from /mnt/c/Users/Raj/OneDrive - Åbo Akademi O365/banking/venv/lib/python3.12/site-packages/airflow/example_dags/plugins/workday.py
[2025-11-20T22:24:42.361+0500] {logging_mixin.py:188} INFO - [2025-11-20T22:24:42.359+0500] {workday.py:41} WARNING - Could not import pandas. Holidays will not be considered.
[2025-11-20T22:24:42.369+0500] {processor.py:842} WARNING - No viable dags retrieved from /mnt/c/Users/Raj/OneDrive - Åbo Akademi O365/banking/venv/lib/python3.12/site-packages/airflow/example_dags/plugins/workday.py
[2025-11-20T22:24:42.424+0500] {processor.py:183} INFO - Processing /mnt/c/Users/Raj/OneDrive - Åbo Akademi O365/banking/venv/lib/python3.12/site-packages/airflow/example_dags/plugins/workday.py took 0.167 seconds
[2025-11-20T22:25:32.728+0500] {processor.py:161} INFO - Started process (PID=2282) to work on /mnt/c/Users/Raj/OneDrive - Åbo Akademi O365/banking/venv/lib/python3.12/site-packages/airflow/example_dags/plugins/workday.py
[2025-11-20T22:25:32.731+0500] {processor.py:830} INFO - Processing file /mnt/c/Users/Raj/OneDrive - Åbo Akademi O365/banking/venv/lib/python3.12/site-packages/airflow/example_dags/plugins/workday.py for tasks to queue
[2025-11-20T22:25:32.735+0500] {logging_mixin.py:188} INFO - [2025-11-20T22:25:32.733+0500] {dagbag.py:545} INFO - Filling up the DagBag from /mnt/c/Users/Raj/OneDrive - Åbo Akademi O365/banking/venv/lib/python3.12/site-packages/airflow/example_dags/plugins/workday.py
[2025-11-20T22:25:32.780+0500] {logging_mixin.py:188} INFO - [2025-11-20T22:25:32.778+0500] {workday.py:41} WARNING - Could not import pandas. Holidays will not be considered.
[2025-11-20T22:25:32.782+0500] {processor.py:842} WARNING - No viable dags retrieved from /mnt/c/Users/Raj/OneDrive - Åbo Akademi O365/banking/venv/lib/python3.12/site-packages/airflow/example_dags/plugins/workday.py
[2025-11-20T22:25:32.825+0500] {processor.py:183} INFO - Processing /mnt/c/Users/Raj/OneDrive - Åbo Akademi O365/banking/venv/lib/python3.12/site-packages/airflow/example_dags/plugins/workday.py took 0.130 seconds
[2025-11-20T22:26:33.524+0500] {processor.py:161} INFO - Started process (PID=2313) to work on /mnt/c/Users/Raj/OneDrive - Åbo Akademi O365/banking/venv/lib/python3.12/site-packages/airflow/example_dags/plugins/workday.py
[2025-11-20T22:26:33.528+0500] {processor.py:830} INFO - Processing file /mnt/c/Users/Raj/OneDrive - Åbo Akademi O365/banking/venv/lib/python3.12/site-packages/airflow/example_dags/plugins/workday.py for tasks to queue
[2025-11-20T22:26:33.538+0500] {logging_mixin.py:188} INFO - [2025-11-20T22:26:33.536+0500] {dagbag.py:545} INFO - Filling up the DagBag from /mnt/c/Users/Raj/OneDrive - Åbo Akademi O365/banking/venv/lib/python3.12/site-packages/airflow/example_dags/plugins/workday.py
[2025-11-20T22:26:33.630+0500] {logging_mixin.py:188} INFO - [2025-11-20T22:26:33.627+0500] {workday.py:41} WARNING - Could not import pandas. Holidays will not be considered.
[2025-11-20T22:26:33.633+0500] {processor.py:842} WARNING - No viable dags retrieved from /mnt/c/Users/Raj/OneDrive - Åbo Akademi O365/banking/venv/lib/python3.12/site-packages/airflow/example_dags/plugins/workday.py
[2025-11-20T22:26:33.704+0500] {processor.py:183} INFO - Processing /mnt/c/Users/Raj/OneDrive - Åbo Akademi O365/banking/venv/lib/python3.12/site-packages/airflow/example_dags/plugins/workday.py took 0.227 seconds
[2025-11-20T22:27:54.421+0500] {processor.py:161} INFO - Started process (PID=2353) to work on /mnt/c/Users/Raj/OneDrive - Åbo Akademi O365/banking/venv/lib/python3.12/site-packages/airflow/example_dags/plugins/workday.py
[2025-11-20T22:27:54.424+0500] {processor.py:830} INFO - Processing file /mnt/c/Users/Raj/OneDrive - Åbo Akademi O365/banking/venv/lib/python3.12/site-packages/airflow/example_dags/plugins/workday.py for tasks to queue
[2025-11-20T22:27:54.429+0500] {logging_mixin.py:188} INFO - [2025-11-20T22:27:54.426+0500] {dagbag.py:545} INFO - Filling up the DagBag from /mnt/c/Users/Raj/OneDrive - Åbo Akademi O365/banking/venv/lib/python3.12/site-packages/airflow/example_dags/plugins/workday.py
[2025-11-20T22:27:54.495+0500] {logging_mixin.py:188} INFO - [2025-11-20T22:27:54.493+0500] {workday.py:41} WARNING - Could not import pandas. Holidays will not be considered.
[2025-11-20T22:27:54.497+0500] {processor.py:842} WARNING - No viable dags retrieved from /mnt/c/Users/Raj/OneDrive - Åbo Akademi O365/banking/venv/lib/python3.12/site-packages/airflow/example_dags/plugins/workday.py
[2025-11-20T22:27:54.546+0500] {processor.py:183} INFO - Processing /mnt/c/Users/Raj/OneDrive - Åbo Akademi O365/banking/venv/lib/python3.12/site-packages/airflow/example_dags/plugins/workday.py took 0.161 seconds
[2025-11-20T22:29:05.987+0500] {processor.py:161} INFO - Started process (PID=2413) to work on /mnt/c/Users/Raj/OneDrive - Åbo Akademi O365/banking/venv/lib/python3.12/site-packages/airflow/example_dags/plugins/workday.py
[2025-11-20T22:29:06.000+0500] {processor.py:830} INFO - Processing file /mnt/c/Users/Raj/OneDrive - Åbo Akademi O365/banking/venv/lib/python3.12/site-packages/airflow/example_dags/plugins/workday.py for tasks to queue
[2025-11-20T22:29:06.009+0500] {logging_mixin.py:188} INFO - [2025-11-20T22:29:06.005+0500] {dagbag.py:545} INFO - Filling up the DagBag from /mnt/c/Users/Raj/OneDrive - Åbo Akademi O365/banking/venv/lib/python3.12/site-packages/airflow/example_dags/plugins/workday.py
[2025-11-20T22:29:06.074+0500] {logging_mixin.py:188} INFO - [2025-11-20T22:29:06.071+0500] {workday.py:41} WARNING - Could not import pandas. Holidays will not be considered.
[2025-11-20T22:29:06.078+0500] {processor.py:842} WARNING - No viable dags retrieved from /mnt/c/Users/Raj/OneDrive - Åbo Akademi O365/banking/venv/lib/python3.12/site-packages/airflow/example_dags/plugins/workday.py
[2025-11-20T22:29:06.131+0500] {processor.py:183} INFO - Processing /mnt/c/Users/Raj/OneDrive - Åbo Akademi O365/banking/venv/lib/python3.12/site-packages/airflow/example_dags/plugins/workday.py took 0.189 seconds
[2025-11-20T22:30:21.396+0500] {processor.py:161} INFO - Started process (PID=2453) to work on /mnt/c/Users/Raj/OneDrive - Åbo Akademi O365/banking/venv/lib/python3.12/site-packages/airflow/example_dags/plugins/workday.py
[2025-11-20T22:30:21.406+0500] {processor.py:830} INFO - Processing file /mnt/c/Users/Raj/OneDrive - Åbo Akademi O365/banking/venv/lib/python3.12/site-packages/airflow/example_dags/plugins/workday.py for tasks to queue
[2025-11-20T22:30:21.425+0500] {logging_mixin.py:188} INFO - [2025-11-20T22:30:21.421+0500] {dagbag.py:545} INFO - Filling up the DagBag from /mnt/c/Users/Raj/OneDrive - Åbo Akademi O365/banking/venv/lib/python3.12/site-packages/airflow/example_dags/plugins/workday.py
[2025-11-20T22:30:21.632+0500] {logging_mixin.py:188} INFO - [2025-11-20T22:30:21.630+0500] {workday.py:41} WARNING - Could not import pandas. Holidays will not be considered.
[2025-11-20T22:30:21.643+0500] {processor.py:842} WARNING - No viable dags retrieved from /mnt/c/Users/Raj/OneDrive - Åbo Akademi O365/banking/venv/lib/python3.12/site-packages/airflow/example_dags/plugins/workday.py
[2025-11-20T22:30:21.715+0500] {processor.py:183} INFO - Processing /mnt/c/Users/Raj/OneDrive - Åbo Akademi O365/banking/venv/lib/python3.12/site-packages/airflow/example_dags/plugins/workday.py took 0.381 seconds
[2025-11-20T22:31:45.856+0500] {processor.py:161} INFO - Started process (PID=2498) to work on /mnt/c/Users/Raj/OneDrive - Åbo Akademi O365/banking/venv/lib/python3.12/site-packages/airflow/example_dags/plugins/workday.py
[2025-11-20T22:31:45.860+0500] {processor.py:830} INFO - Processing file /mnt/c/Users/Raj/OneDrive - Åbo Akademi O365/banking/venv/lib/python3.12/site-packages/airflow/example_dags/plugins/workday.py for tasks to queue
[2025-11-20T22:31:45.874+0500] {logging_mixin.py:188} INFO - [2025-11-20T22:31:45.870+0500] {dagbag.py:545} INFO - Filling up the DagBag from /mnt/c/Users/Raj/OneDrive - Åbo Akademi O365/banking/venv/lib/python3.12/site-packages/airflow/example_dags/plugins/workday.py
[2025-11-20T22:31:45.946+0500] {logging_mixin.py:188} INFO - [2025-11-20T22:31:45.938+0500] {workday.py:41} WARNING - Could not import pandas. Holidays will not be considered.
[2025-11-20T22:31:45.954+0500] {processor.py:842} WARNING - No viable dags retrieved from /mnt/c/Users/Raj/OneDrive - Åbo Akademi O365/banking/venv/lib/python3.12/site-packages/airflow/example_dags/plugins/workday.py
[2025-11-20T22:31:46.008+0500] {processor.py:183} INFO - Processing /mnt/c/Users/Raj/OneDrive - Åbo Akademi O365/banking/venv/lib/python3.12/site-packages/airflow/example_dags/plugins/workday.py took 0.203 seconds
