[2025-11-21T15:15:30.966+0500] {local_task_job_runner.py:123} INFO - ::group::Pre task execution logs
[2025-11-21T15:15:30.988+0500] {taskinstance.py:2612} INFO - Dependencies all met for dep_context=non-requeueable deps ti=<TaskInstance: first_example_dag.aggregate manual__2025-11-21T10:13:40.503008+00:00 [queued]>
[2025-11-21T15:15:31.005+0500] {taskinstance.py:2612} INFO - Dependencies all met for dep_context=requeueable deps ti=<TaskInstance: first_example_dag.aggregate manual__2025-11-21T10:13:40.503008+00:00 [queued]>
[2025-11-21T15:15:31.008+0500] {taskinstance.py:2865} INFO - Starting attempt 1 of 2
[2025-11-21T15:15:31.123+0500] {taskinstance.py:2888} INFO - Executing <Task(PythonOperator): aggregate> on 2025-11-21 10:13:40.503008+00:00
[2025-11-21T15:15:31.131+0500] {standard_task_runner.py:72} INFO - Started process 40220 to run task
[2025-11-21T15:15:31.137+0500] {standard_task_runner.py:104} INFO - Running: ['airflow', 'tasks', 'run', 'first_example_dag', 'aggregate', 'manual__2025-11-21T10:13:40.503008+00:00', '--job-id', '23', '--raw', '--subdir', 'DAGS_FOLDER/first_example_dag.py', '--cfg-path', '/tmp/tmpc0lkp3ro']
[2025-11-21T15:15:31.140+0500] {standard_task_runner.py:105} INFO - Job 23: Subtask aggregate
[2025-11-21T15:15:31.272+0500] {task_command.py:467} INFO - Running <TaskInstance: first_example_dag.aggregate manual__2025-11-21T10:13:40.503008+00:00 [running]> on host DESKTOP-ER17M9N.localdomain
[2025-11-21T15:15:31.446+0500] {taskinstance.py:3131} INFO - Exporting env vars: AIRFLOW_CTX_DAG_OWNER='bhawish' AIRFLOW_CTX_DAG_ID='first_example_dag' AIRFLOW_CTX_TASK_ID='aggregate' AIRFLOW_CTX_EXECUTION_DATE='2025-11-21T10:13:40.503008+00:00' AIRFLOW_CTX_TRY_NUMBER='1' AIRFLOW_CTX_DAG_RUN_ID='manual__2025-11-21T10:13:40.503008+00:00'
[2025-11-21T15:15:31.450+0500] {logging_mixin.py:190} INFO - Task instance is in running state
[2025-11-21T15:15:31.453+0500] {logging_mixin.py:190} INFO -  Previous state of the Task instance: queued
[2025-11-21T15:15:31.455+0500] {logging_mixin.py:190} INFO - Current task name:aggregate state:running start_date:2025-11-21 10:15:30.992097+00:00
[2025-11-21T15:15:31.458+0500] {logging_mixin.py:190} INFO - Dag name:first_example_dag and current dag run status:running
[2025-11-21T15:15:31.461+0500] {taskinstance.py:731} INFO - ::endgroup::
[2025-11-21T15:15:31.480+0500] {logging_mixin.py:190} INFO - AGGREGATE -> total= 150.0
[2025-11-21T15:15:31.517+0500] {python.py:240} INFO - Done. Returned value was: None
[2025-11-21T15:15:31.536+0500] {taskinstance.py:340} INFO - ::group::Post task execution logs
[2025-11-21T15:15:31.539+0500] {taskinstance.py:352} INFO - Marking task as SUCCESS. dag_id=first_example_dag, task_id=aggregate, run_id=manual__2025-11-21T10:13:40.503008+00:00, execution_date=20251121T101340, start_date=20251121T101530, end_date=20251121T101531
[2025-11-21T15:15:31.591+0500] {logging_mixin.py:190} INFO - Task instance in success state
[2025-11-21T15:15:31.594+0500] {logging_mixin.py:190} INFO -  Previous state of the Task instance: running
[2025-11-21T15:15:31.597+0500] {logging_mixin.py:190} INFO - Dag name:first_example_dag queued_at:2025-11-21 10:13:40.597753+00:00
[2025-11-21T15:15:31.601+0500] {logging_mixin.py:190} INFO - Task hostname:DESKTOP-ER17M9N.localdomain operator:PythonOperator
[2025-11-21T15:15:31.634+0500] {local_task_job_runner.py:266} INFO - Task exited with return code 0
[2025-11-21T15:15:31.678+0500] {taskinstance.py:3900} INFO - 1 downstream tasks scheduled from follow-on schedule check
[2025-11-21T15:15:31.691+0500] {local_task_job_runner.py:245} INFO - ::endgroup::
