[2025-11-21T13:30:15.490+0500] {local_task_job_runner.py:123} INFO - ::group::Pre task execution logs
[2025-11-21T13:30:15.512+0500] {taskinstance.py:2612} INFO - Dependencies all met for dep_context=non-requeueable deps ti=<TaskInstance: first_example_dag.clean manual__2025-11-21T08:22:14.765294+00:00 [queued]>
[2025-11-21T13:30:15.530+0500] {taskinstance.py:2612} INFO - Dependencies all met for dep_context=requeueable deps ti=<TaskInstance: first_example_dag.clean manual__2025-11-21T08:22:14.765294+00:00 [queued]>
[2025-11-21T13:30:15.533+0500] {taskinstance.py:2865} INFO - Starting attempt 2 of 2
[2025-11-21T13:30:15.574+0500] {taskinstance.py:2888} INFO - Executing <Task(PythonOperator): clean> on 2025-11-21 08:22:14.765294+00:00
[2025-11-21T13:30:15.591+0500] {standard_task_runner.py:104} INFO - Running: ['airflow', 'tasks', 'run', 'first_example_dag', 'clean', 'manual__2025-11-21T08:22:14.765294+00:00', '--job-id', '10', '--raw', '--subdir', 'DAGS_FOLDER/first_example_dag.py', '--cfg-path', '/tmp/tmphxmroybx']
[2025-11-21T13:30:15.582+0500] {standard_task_runner.py:72} INFO - Started process 20231 to run task
[2025-11-21T13:30:15.595+0500] {standard_task_runner.py:105} INFO - Job 10: Subtask clean
[2025-11-21T13:30:15.743+0500] {task_command.py:467} INFO - Running <TaskInstance: first_example_dag.clean manual__2025-11-21T08:22:14.765294+00:00 [running]> on host DESKTOP-ER17M9N.localdomain
[2025-11-21T13:30:16.225+0500] {taskinstance.py:3131} INFO - Exporting env vars: AIRFLOW_CTX_DAG_OWNER='bhawish' AIRFLOW_CTX_DAG_ID='first_example_dag' AIRFLOW_CTX_TASK_ID='clean' AIRFLOW_CTX_EXECUTION_DATE='2025-11-21T08:22:14.765294+00:00' AIRFLOW_CTX_TRY_NUMBER='2' AIRFLOW_CTX_DAG_RUN_ID='manual__2025-11-21T08:22:14.765294+00:00'
[2025-11-21T13:30:16.231+0500] {logging_mixin.py:190} INFO - Task instance is in running state
[2025-11-21T13:30:16.235+0500] {logging_mixin.py:190} INFO -  Previous state of the Task instance: queued
[2025-11-21T13:30:16.238+0500] {logging_mixin.py:190} INFO - Current task name:clean state:running start_date:2025-11-21 08:30:15.516234+00:00
[2025-11-21T13:30:16.241+0500] {logging_mixin.py:190} INFO - Dag name:first_example_dag and current dag run status:running
[2025-11-21T13:30:16.244+0500] {taskinstance.py:731} INFO - ::endgroup::
[2025-11-21T13:30:16.266+0500] {logging_mixin.py:190} INFO - CLEAN -> [{'id': 1, 'amount': 100.0}, {'id': 2, 'amount': 50.0}]
[2025-11-21T13:30:16.316+0500] {python.py:240} INFO - Done. Returned value was: None
[2025-11-21T13:30:16.334+0500] {taskinstance.py:340} INFO - ::group::Post task execution logs
[2025-11-21T13:30:16.336+0500] {taskinstance.py:352} INFO - Marking task as SUCCESS. dag_id=first_example_dag, task_id=clean, run_id=manual__2025-11-21T08:22:14.765294+00:00, execution_date=20251121T082214, start_date=20251121T083015, end_date=20251121T083016
[2025-11-21T13:30:16.385+0500] {logging_mixin.py:190} INFO - Task instance in success state
[2025-11-21T13:30:16.391+0500] {logging_mixin.py:190} INFO -  Previous state of the Task instance: running
[2025-11-21T13:30:16.395+0500] {logging_mixin.py:190} INFO - Dag name:first_example_dag queued_at:2025-11-21 08:22:14.840074+00:00
[2025-11-21T13:30:16.400+0500] {logging_mixin.py:190} INFO - Task hostname:DESKTOP-ER17M9N.localdomain operator:PythonOperator
[2025-11-21T13:30:16.421+0500] {local_task_job_runner.py:266} INFO - Task exited with return code 0
[2025-11-21T13:30:16.470+0500] {taskinstance.py:3900} INFO - 1 downstream tasks scheduled from follow-on schedule check
[2025-11-21T13:30:16.488+0500] {local_task_job_runner.py:245} INFO - ::endgroup::
