[2025-11-21T17:20:00.093+0500] {local_task_job_runner.py:123} INFO - ::group::Pre task execution logs
[2025-11-21T17:20:00.120+0500] {taskinstance.py:2612} INFO - Dependencies all met for dep_context=non-requeueable deps ti=<TaskInstance: first_example_dag.extract manual__2025-11-21T12:18:58.276593+00:00 [queued]>
[2025-11-21T17:20:00.136+0500] {taskinstance.py:2612} INFO - Dependencies all met for dep_context=requeueable deps ti=<TaskInstance: first_example_dag.extract manual__2025-11-21T12:18:58.276593+00:00 [queued]>
[2025-11-21T17:20:00.139+0500] {taskinstance.py:2865} INFO - Starting attempt 1 of 2
[2025-11-21T17:20:00.261+0500] {taskinstance.py:2888} INFO - Executing <Task(PythonOperator): extract> on 2025-11-21 12:18:58.276593+00:00
[2025-11-21T17:20:00.271+0500] {standard_task_runner.py:72} INFO - Started process 54156 to run task
[2025-11-21T17:20:00.286+0500] {standard_task_runner.py:104} INFO - Running: ['airflow', 'tasks', 'run', 'first_example_dag', 'extract', 'manual__2025-11-21T12:18:58.276593+00:00', '--job-id', '33', '--raw', '--subdir', 'DAGS_FOLDER/first_example_dag.py', '--cfg-path', '/tmp/tmpbt9zcrza']
[2025-11-21T17:20:00.290+0500] {standard_task_runner.py:105} INFO - Job 33: Subtask extract
[2025-11-21T17:20:00.466+0500] {task_command.py:467} INFO - Running <TaskInstance: first_example_dag.extract manual__2025-11-21T12:18:58.276593+00:00 [running]> on host DESKTOP-ER17M9N.localdomain
[2025-11-21T17:20:00.635+0500] {taskinstance.py:3131} INFO - Exporting env vars: AIRFLOW_CTX_DAG_OWNER='bhawish' AIRFLOW_CTX_DAG_ID='first_example_dag' AIRFLOW_CTX_TASK_ID='extract' AIRFLOW_CTX_EXECUTION_DATE='2025-11-21T12:18:58.276593+00:00' AIRFLOW_CTX_TRY_NUMBER='1' AIRFLOW_CTX_DAG_RUN_ID='manual__2025-11-21T12:18:58.276593+00:00'
[2025-11-21T17:20:00.640+0500] {logging_mixin.py:190} INFO - Task instance is in running state
[2025-11-21T17:20:00.644+0500] {logging_mixin.py:190} INFO -  Previous state of the Task instance: queued
[2025-11-21T17:20:00.647+0500] {logging_mixin.py:190} INFO - Current task name:extract state:running start_date:2025-11-21 12:20:00.123435+00:00
[2025-11-21T17:20:00.652+0500] {logging_mixin.py:190} INFO - Dag name:first_example_dag and current dag run status:running
[2025-11-21T17:20:00.655+0500] {taskinstance.py:731} INFO - ::endgroup::
[2025-11-21T17:20:00.660+0500] {logging_mixin.py:190} INFO - EXTRACT -> [{'id': 1, 'amount': 100}, {'id': 2, 'amount': 50}]
[2025-11-21T17:20:00.706+0500] {python.py:240} INFO - Done. Returned value was: None
[2025-11-21T17:20:00.726+0500] {taskinstance.py:340} INFO - ::group::Post task execution logs
[2025-11-21T17:20:00.729+0500] {taskinstance.py:352} INFO - Marking task as SUCCESS. dag_id=first_example_dag, task_id=extract, run_id=manual__2025-11-21T12:18:58.276593+00:00, execution_date=20251121T121858, start_date=20251121T122000, end_date=20251121T122000
[2025-11-21T17:20:00.770+0500] {logging_mixin.py:190} INFO - Task instance in success state
[2025-11-21T17:20:00.773+0500] {logging_mixin.py:190} INFO -  Previous state of the Task instance: running
[2025-11-21T17:20:00.776+0500] {logging_mixin.py:190} INFO - Dag name:first_example_dag queued_at:2025-11-21 12:18:58.421610+00:00
[2025-11-21T17:20:00.780+0500] {logging_mixin.py:190} INFO - Task hostname:DESKTOP-ER17M9N.localdomain operator:PythonOperator
[2025-11-21T17:20:00.834+0500] {local_task_job_runner.py:266} INFO - Task exited with return code 0
[2025-11-21T17:20:00.925+0500] {taskinstance.py:3900} INFO - 1 downstream tasks scheduled from follow-on schedule check
[2025-11-21T17:20:00.958+0500] {local_task_job_runner.py:245} INFO - ::endgroup::
