[2025-11-20T20:36:13.131+0500] {processor.py:161} INFO - Started process (PID=12059) to work on /mnt/c/Users/Raj/OneDrive - Åbo Akademi O365/banking/venv/lib/python3.12/site-packages/airflow/example_dags/example_latest_only_with_trigger.py
[2025-11-20T20:36:13.134+0500] {processor.py:830} INFO - Processing file /mnt/c/Users/Raj/OneDrive - Åbo Akademi O365/banking/venv/lib/python3.12/site-packages/airflow/example_dags/example_latest_only_with_trigger.py for tasks to queue
[2025-11-20T20:36:13.140+0500] {logging_mixin.py:188} INFO - [2025-11-20T20:36:13.138+0500] {dagbag.py:545} INFO - Filling up the DagBag from /mnt/c/Users/Raj/OneDrive - Åbo Akademi O365/banking/venv/lib/python3.12/site-packages/airflow/example_dags/example_latest_only_with_trigger.py
[2025-11-20T20:36:13.182+0500] {processor.py:840} INFO - DAG(s) 'latest_only_with_trigger' retrieved from /mnt/c/Users/Raj/OneDrive - Åbo Akademi O365/banking/venv/lib/python3.12/site-packages/airflow/example_dags/example_latest_only_with_trigger.py
[2025-11-20T20:36:15.196+0500] {logging_mixin.py:188} INFO - [2025-11-20T20:36:15.194+0500] {override.py:1829} INFO - Created Permission View: can delete on DAG:latest_only_with_trigger
[2025-11-20T20:36:15.248+0500] {logging_mixin.py:188} INFO - [2025-11-20T20:36:15.245+0500] {override.py:1829} INFO - Created Permission View: can read on DAG:latest_only_with_trigger
[2025-11-20T20:36:15.303+0500] {logging_mixin.py:188} INFO - [2025-11-20T20:36:15.301+0500] {override.py:1829} INFO - Created Permission View: can edit on DAG:latest_only_with_trigger
[2025-11-20T20:36:15.306+0500] {logging_mixin.py:188} INFO - [2025-11-20T20:36:15.305+0500] {dag.py:3096} INFO - Sync 1 DAGs
[2025-11-20T20:36:15.338+0500] {logging_mixin.py:188} INFO - [2025-11-20T20:36:15.336+0500] {dag.py:3118} INFO - Creating ORM DAG for latest_only_with_trigger
[2025-11-20T20:36:15.364+0500] {logging_mixin.py:188} INFO - [2025-11-20T20:36:15.361+0500] {dag.py:3954} INFO - Setting next_dagrun for latest_only_with_trigger to 2025-11-20 08:00:00+00:00, run_after=2025-11-20 12:00:00+00:00
[2025-11-20T20:36:15.461+0500] {processor.py:183} INFO - Processing /mnt/c/Users/Raj/OneDrive - Åbo Akademi O365/banking/venv/lib/python3.12/site-packages/airflow/example_dags/example_latest_only_with_trigger.py took 2.351 seconds
[2025-11-20T20:37:58.646+0500] {processor.py:161} INFO - Started process (PID=12481) to work on /mnt/c/Users/Raj/OneDrive - Åbo Akademi O365/banking/venv/lib/python3.12/site-packages/airflow/example_dags/example_latest_only_with_trigger.py
[2025-11-20T20:37:58.649+0500] {processor.py:830} INFO - Processing file /mnt/c/Users/Raj/OneDrive - Åbo Akademi O365/banking/venv/lib/python3.12/site-packages/airflow/example_dags/example_latest_only_with_trigger.py for tasks to queue
[2025-11-20T20:37:58.654+0500] {logging_mixin.py:188} INFO - [2025-11-20T20:37:58.652+0500] {dagbag.py:545} INFO - Filling up the DagBag from /mnt/c/Users/Raj/OneDrive - Åbo Akademi O365/banking/venv/lib/python3.12/site-packages/airflow/example_dags/example_latest_only_with_trigger.py
[2025-11-20T20:37:58.692+0500] {processor.py:840} INFO - DAG(s) 'latest_only_with_trigger' retrieved from /mnt/c/Users/Raj/OneDrive - Åbo Akademi O365/banking/venv/lib/python3.12/site-packages/airflow/example_dags/example_latest_only_with_trigger.py
[2025-11-20T20:37:58.747+0500] {logging_mixin.py:188} INFO - [2025-11-20T20:37:58.745+0500] {dag.py:3096} INFO - Sync 1 DAGs
[2025-11-20T20:37:58.800+0500] {logging_mixin.py:188} INFO - [2025-11-20T20:37:58.798+0500] {dag.py:3954} INFO - Setting next_dagrun for latest_only_with_trigger to 2025-11-20 08:00:00+00:00, run_after=2025-11-20 12:00:00+00:00
[2025-11-20T20:37:58.888+0500] {processor.py:183} INFO - Processing /mnt/c/Users/Raj/OneDrive - Åbo Akademi O365/banking/venv/lib/python3.12/site-packages/airflow/example_dags/example_latest_only_with_trigger.py took 0.263 seconds
[2025-11-20T20:39:19.651+0500] {processor.py:161} INFO - Started process (PID=12776) to work on /mnt/c/Users/Raj/OneDrive - Åbo Akademi O365/banking/venv/lib/python3.12/site-packages/airflow/example_dags/example_latest_only_with_trigger.py
[2025-11-20T20:39:19.654+0500] {processor.py:830} INFO - Processing file /mnt/c/Users/Raj/OneDrive - Åbo Akademi O365/banking/venv/lib/python3.12/site-packages/airflow/example_dags/example_latest_only_with_trigger.py for tasks to queue
[2025-11-20T20:39:19.659+0500] {logging_mixin.py:188} INFO - [2025-11-20T20:39:19.657+0500] {dagbag.py:545} INFO - Filling up the DagBag from /mnt/c/Users/Raj/OneDrive - Åbo Akademi O365/banking/venv/lib/python3.12/site-packages/airflow/example_dags/example_latest_only_with_trigger.py
[2025-11-20T20:39:19.696+0500] {processor.py:840} INFO - DAG(s) 'latest_only_with_trigger' retrieved from /mnt/c/Users/Raj/OneDrive - Åbo Akademi O365/banking/venv/lib/python3.12/site-packages/airflow/example_dags/example_latest_only_with_trigger.py
[2025-11-20T20:39:19.743+0500] {logging_mixin.py:188} INFO - [2025-11-20T20:39:19.742+0500] {dag.py:3096} INFO - Sync 1 DAGs
[2025-11-20T20:39:19.783+0500] {logging_mixin.py:188} INFO - [2025-11-20T20:39:19.781+0500] {dag.py:3954} INFO - Setting next_dagrun for latest_only_with_trigger to 2025-11-20 08:00:00+00:00, run_after=2025-11-20 12:00:00+00:00
[2025-11-20T20:39:19.885+0500] {processor.py:183} INFO - Processing /mnt/c/Users/Raj/OneDrive - Åbo Akademi O365/banking/venv/lib/python3.12/site-packages/airflow/example_dags/example_latest_only_with_trigger.py took 0.253 seconds
[2025-11-20T20:40:38.991+0500] {processor.py:161} INFO - Started process (PID=13038) to work on /mnt/c/Users/Raj/OneDrive - Åbo Akademi O365/banking/venv/lib/python3.12/site-packages/airflow/example_dags/example_latest_only_with_trigger.py
[2025-11-20T20:40:38.994+0500] {processor.py:830} INFO - Processing file /mnt/c/Users/Raj/OneDrive - Åbo Akademi O365/banking/venv/lib/python3.12/site-packages/airflow/example_dags/example_latest_only_with_trigger.py for tasks to queue
[2025-11-20T20:40:38.998+0500] {logging_mixin.py:188} INFO - [2025-11-20T20:40:38.996+0500] {dagbag.py:545} INFO - Filling up the DagBag from /mnt/c/Users/Raj/OneDrive - Åbo Akademi O365/banking/venv/lib/python3.12/site-packages/airflow/example_dags/example_latest_only_with_trigger.py
[2025-11-20T20:40:39.029+0500] {processor.py:840} INFO - DAG(s) 'latest_only_with_trigger' retrieved from /mnt/c/Users/Raj/OneDrive - Åbo Akademi O365/banking/venv/lib/python3.12/site-packages/airflow/example_dags/example_latest_only_with_trigger.py
[2025-11-20T20:40:39.067+0500] {logging_mixin.py:188} INFO - [2025-11-20T20:40:39.066+0500] {dag.py:3096} INFO - Sync 1 DAGs
[2025-11-20T20:40:39.105+0500] {logging_mixin.py:188} INFO - [2025-11-20T20:40:39.104+0500] {dag.py:3954} INFO - Setting next_dagrun for latest_only_with_trigger to 2025-11-20 08:00:00+00:00, run_after=2025-11-20 12:00:00+00:00
[2025-11-20T20:40:39.181+0500] {processor.py:183} INFO - Processing /mnt/c/Users/Raj/OneDrive - Åbo Akademi O365/banking/venv/lib/python3.12/site-packages/airflow/example_dags/example_latest_only_with_trigger.py took 0.209 seconds
[2025-11-20T20:41:55.692+0500] {processor.py:161} INFO - Started process (PID=13299) to work on /mnt/c/Users/Raj/OneDrive - Åbo Akademi O365/banking/venv/lib/python3.12/site-packages/airflow/example_dags/example_latest_only_with_trigger.py
[2025-11-20T20:41:55.695+0500] {processor.py:830} INFO - Processing file /mnt/c/Users/Raj/OneDrive - Åbo Akademi O365/banking/venv/lib/python3.12/site-packages/airflow/example_dags/example_latest_only_with_trigger.py for tasks to queue
[2025-11-20T20:41:55.700+0500] {logging_mixin.py:188} INFO - [2025-11-20T20:41:55.698+0500] {dagbag.py:545} INFO - Filling up the DagBag from /mnt/c/Users/Raj/OneDrive - Åbo Akademi O365/banking/venv/lib/python3.12/site-packages/airflow/example_dags/example_latest_only_with_trigger.py
[2025-11-20T20:41:55.735+0500] {processor.py:840} INFO - DAG(s) 'latest_only_with_trigger' retrieved from /mnt/c/Users/Raj/OneDrive - Åbo Akademi O365/banking/venv/lib/python3.12/site-packages/airflow/example_dags/example_latest_only_with_trigger.py
[2025-11-20T20:41:55.786+0500] {logging_mixin.py:188} INFO - [2025-11-20T20:41:55.784+0500] {dag.py:3096} INFO - Sync 1 DAGs
[2025-11-20T20:41:55.833+0500] {logging_mixin.py:188} INFO - [2025-11-20T20:41:55.831+0500] {dag.py:3954} INFO - Setting next_dagrun for latest_only_with_trigger to 2025-11-20 08:00:00+00:00, run_after=2025-11-20 12:00:00+00:00
[2025-11-20T20:41:55.931+0500] {processor.py:183} INFO - Processing /mnt/c/Users/Raj/OneDrive - Åbo Akademi O365/banking/venv/lib/python3.12/site-packages/airflow/example_dags/example_latest_only_with_trigger.py took 0.257 seconds
[2025-11-20T20:43:14.876+0500] {processor.py:161} INFO - Started process (PID=13561) to work on /mnt/c/Users/Raj/OneDrive - Åbo Akademi O365/banking/venv/lib/python3.12/site-packages/airflow/example_dags/example_latest_only_with_trigger.py
[2025-11-20T20:43:14.878+0500] {processor.py:830} INFO - Processing file /mnt/c/Users/Raj/OneDrive - Åbo Akademi O365/banking/venv/lib/python3.12/site-packages/airflow/example_dags/example_latest_only_with_trigger.py for tasks to queue
[2025-11-20T20:43:14.884+0500] {logging_mixin.py:188} INFO - [2025-11-20T20:43:14.882+0500] {dagbag.py:545} INFO - Filling up the DagBag from /mnt/c/Users/Raj/OneDrive - Åbo Akademi O365/banking/venv/lib/python3.12/site-packages/airflow/example_dags/example_latest_only_with_trigger.py
[2025-11-20T20:43:14.920+0500] {processor.py:840} INFO - DAG(s) 'latest_only_with_trigger' retrieved from /mnt/c/Users/Raj/OneDrive - Åbo Akademi O365/banking/venv/lib/python3.12/site-packages/airflow/example_dags/example_latest_only_with_trigger.py
[2025-11-20T20:43:14.965+0500] {logging_mixin.py:188} INFO - [2025-11-20T20:43:14.963+0500] {dag.py:3096} INFO - Sync 1 DAGs
[2025-11-20T20:43:15.005+0500] {logging_mixin.py:188} INFO - [2025-11-20T20:43:15.004+0500] {dag.py:3954} INFO - Setting next_dagrun for latest_only_with_trigger to 2025-11-20 08:00:00+00:00, run_after=2025-11-20 12:00:00+00:00
[2025-11-20T20:43:15.102+0500] {processor.py:183} INFO - Processing /mnt/c/Users/Raj/OneDrive - Åbo Akademi O365/banking/venv/lib/python3.12/site-packages/airflow/example_dags/example_latest_only_with_trigger.py took 0.246 seconds
[2025-11-20T20:44:39.536+0500] {processor.py:161} INFO - Started process (PID=13870) to work on /mnt/c/Users/Raj/OneDrive - Åbo Akademi O365/banking/venv/lib/python3.12/site-packages/airflow/example_dags/example_latest_only_with_trigger.py
[2025-11-20T20:44:39.538+0500] {processor.py:830} INFO - Processing file /mnt/c/Users/Raj/OneDrive - Åbo Akademi O365/banking/venv/lib/python3.12/site-packages/airflow/example_dags/example_latest_only_with_trigger.py for tasks to queue
[2025-11-20T20:44:39.544+0500] {logging_mixin.py:188} INFO - [2025-11-20T20:44:39.542+0500] {dagbag.py:545} INFO - Filling up the DagBag from /mnt/c/Users/Raj/OneDrive - Åbo Akademi O365/banking/venv/lib/python3.12/site-packages/airflow/example_dags/example_latest_only_with_trigger.py
[2025-11-20T20:44:39.576+0500] {processor.py:840} INFO - DAG(s) 'latest_only_with_trigger' retrieved from /mnt/c/Users/Raj/OneDrive - Åbo Akademi O365/banking/venv/lib/python3.12/site-packages/airflow/example_dags/example_latest_only_with_trigger.py
[2025-11-20T20:44:39.622+0500] {logging_mixin.py:188} INFO - [2025-11-20T20:44:39.621+0500] {dag.py:3096} INFO - Sync 1 DAGs
[2025-11-20T20:44:39.661+0500] {logging_mixin.py:188} INFO - [2025-11-20T20:44:39.660+0500] {dag.py:3954} INFO - Setting next_dagrun for latest_only_with_trigger to 2025-11-20 08:00:00+00:00, run_after=2025-11-20 12:00:00+00:00
[2025-11-20T20:44:39.757+0500] {processor.py:183} INFO - Processing /mnt/c/Users/Raj/OneDrive - Åbo Akademi O365/banking/venv/lib/python3.12/site-packages/airflow/example_dags/example_latest_only_with_trigger.py took 0.244 seconds
[2025-11-20T20:45:59.612+0500] {processor.py:161} INFO - Started process (PID=14150) to work on /mnt/c/Users/Raj/OneDrive - Åbo Akademi O365/banking/venv/lib/python3.12/site-packages/airflow/example_dags/example_latest_only_with_trigger.py
[2025-11-20T20:45:59.615+0500] {processor.py:830} INFO - Processing file /mnt/c/Users/Raj/OneDrive - Åbo Akademi O365/banking/venv/lib/python3.12/site-packages/airflow/example_dags/example_latest_only_with_trigger.py for tasks to queue
[2025-11-20T20:45:59.621+0500] {logging_mixin.py:188} INFO - [2025-11-20T20:45:59.619+0500] {dagbag.py:545} INFO - Filling up the DagBag from /mnt/c/Users/Raj/OneDrive - Åbo Akademi O365/banking/venv/lib/python3.12/site-packages/airflow/example_dags/example_latest_only_with_trigger.py
[2025-11-20T20:45:59.662+0500] {processor.py:840} INFO - DAG(s) 'latest_only_with_trigger' retrieved from /mnt/c/Users/Raj/OneDrive - Åbo Akademi O365/banking/venv/lib/python3.12/site-packages/airflow/example_dags/example_latest_only_with_trigger.py
[2025-11-20T20:45:59.713+0500] {logging_mixin.py:188} INFO - [2025-11-20T20:45:59.711+0500] {dag.py:3096} INFO - Sync 1 DAGs
[2025-11-20T20:45:59.756+0500] {logging_mixin.py:188} INFO - [2025-11-20T20:45:59.755+0500] {dag.py:3954} INFO - Setting next_dagrun for latest_only_with_trigger to 2025-11-20 08:00:00+00:00, run_after=2025-11-20 12:00:00+00:00
[2025-11-20T20:45:59.848+0500] {processor.py:183} INFO - Processing /mnt/c/Users/Raj/OneDrive - Åbo Akademi O365/banking/venv/lib/python3.12/site-packages/airflow/example_dags/example_latest_only_with_trigger.py took 0.257 seconds
[2025-11-20T20:47:12.940+0500] {processor.py:161} INFO - Started process (PID=14561) to work on /mnt/c/Users/Raj/OneDrive - Åbo Akademi O365/banking/venv/lib/python3.12/site-packages/airflow/example_dags/example_latest_only_with_trigger.py
[2025-11-20T20:47:12.942+0500] {processor.py:830} INFO - Processing file /mnt/c/Users/Raj/OneDrive - Åbo Akademi O365/banking/venv/lib/python3.12/site-packages/airflow/example_dags/example_latest_only_with_trigger.py for tasks to queue
[2025-11-20T20:47:12.948+0500] {logging_mixin.py:188} INFO - [2025-11-20T20:47:12.946+0500] {dagbag.py:545} INFO - Filling up the DagBag from /mnt/c/Users/Raj/OneDrive - Åbo Akademi O365/banking/venv/lib/python3.12/site-packages/airflow/example_dags/example_latest_only_with_trigger.py
[2025-11-20T20:47:12.984+0500] {processor.py:840} INFO - DAG(s) 'latest_only_with_trigger' retrieved from /mnt/c/Users/Raj/OneDrive - Åbo Akademi O365/banking/venv/lib/python3.12/site-packages/airflow/example_dags/example_latest_only_with_trigger.py
[2025-11-20T20:47:13.028+0500] {logging_mixin.py:188} INFO - [2025-11-20T20:47:13.027+0500] {dag.py:3096} INFO - Sync 1 DAGs
[2025-11-20T20:47:13.077+0500] {logging_mixin.py:188} INFO - [2025-11-20T20:47:13.076+0500] {dag.py:3954} INFO - Setting next_dagrun for latest_only_with_trigger to 2025-11-20 08:00:00+00:00, run_after=2025-11-20 12:00:00+00:00
[2025-11-20T20:47:13.184+0500] {processor.py:183} INFO - Processing /mnt/c/Users/Raj/OneDrive - Åbo Akademi O365/banking/venv/lib/python3.12/site-packages/airflow/example_dags/example_latest_only_with_trigger.py took 0.266 seconds
[2025-11-20T20:48:31.785+0500] {processor.py:161} INFO - Started process (PID=14863) to work on /mnt/c/Users/Raj/OneDrive - Åbo Akademi O365/banking/venv/lib/python3.12/site-packages/airflow/example_dags/example_latest_only_with_trigger.py
[2025-11-20T20:48:31.789+0500] {processor.py:830} INFO - Processing file /mnt/c/Users/Raj/OneDrive - Åbo Akademi O365/banking/venv/lib/python3.12/site-packages/airflow/example_dags/example_latest_only_with_trigger.py for tasks to queue
[2025-11-20T20:48:31.795+0500] {logging_mixin.py:188} INFO - [2025-11-20T20:48:31.793+0500] {dagbag.py:545} INFO - Filling up the DagBag from /mnt/c/Users/Raj/OneDrive - Åbo Akademi O365/banking/venv/lib/python3.12/site-packages/airflow/example_dags/example_latest_only_with_trigger.py
[2025-11-20T20:48:31.833+0500] {processor.py:840} INFO - DAG(s) 'latest_only_with_trigger' retrieved from /mnt/c/Users/Raj/OneDrive - Åbo Akademi O365/banking/venv/lib/python3.12/site-packages/airflow/example_dags/example_latest_only_with_trigger.py
[2025-11-20T20:48:31.883+0500] {logging_mixin.py:188} INFO - [2025-11-20T20:48:31.881+0500] {dag.py:3096} INFO - Sync 1 DAGs
[2025-11-20T20:48:31.934+0500] {logging_mixin.py:188} INFO - [2025-11-20T20:48:31.933+0500] {dag.py:3954} INFO - Setting next_dagrun for latest_only_with_trigger to 2025-11-20 08:00:00+00:00, run_after=2025-11-20 12:00:00+00:00
[2025-11-20T20:48:32.026+0500] {processor.py:183} INFO - Processing /mnt/c/Users/Raj/OneDrive - Åbo Akademi O365/banking/venv/lib/python3.12/site-packages/airflow/example_dags/example_latest_only_with_trigger.py took 0.270 seconds
[2025-11-20T21:56:33.339+0500] {processor.py:161} INFO - Started process (PID=890) to work on /mnt/c/Users/Raj/OneDrive - Åbo Akademi O365/banking/venv/lib/python3.12/site-packages/airflow/example_dags/example_latest_only_with_trigger.py
[2025-11-20T21:56:33.342+0500] {processor.py:830} INFO - Processing file /mnt/c/Users/Raj/OneDrive - Åbo Akademi O365/banking/venv/lib/python3.12/site-packages/airflow/example_dags/example_latest_only_with_trigger.py for tasks to queue
[2025-11-20T21:56:33.347+0500] {logging_mixin.py:188} INFO - [2025-11-20T21:56:33.345+0500] {dagbag.py:545} INFO - Filling up the DagBag from /mnt/c/Users/Raj/OneDrive - Åbo Akademi O365/banking/venv/lib/python3.12/site-packages/airflow/example_dags/example_latest_only_with_trigger.py
[2025-11-20T21:56:33.382+0500] {processor.py:840} INFO - DAG(s) 'latest_only_with_trigger' retrieved from /mnt/c/Users/Raj/OneDrive - Åbo Akademi O365/banking/venv/lib/python3.12/site-packages/airflow/example_dags/example_latest_only_with_trigger.py
[2025-11-20T21:56:35.245+0500] {logging_mixin.py:188} INFO - [2025-11-20T21:56:35.244+0500] {dag.py:3096} INFO - Sync 1 DAGs
[2025-11-20T21:56:35.305+0500] {logging_mixin.py:188} INFO - [2025-11-20T21:56:35.299+0500] {dag.py:3954} INFO - Setting next_dagrun for latest_only_with_trigger to 2025-11-20 12:00:00+00:00, run_after=2025-11-20 16:00:00+00:00
[2025-11-20T21:56:35.433+0500] {processor.py:183} INFO - Processing /mnt/c/Users/Raj/OneDrive - Åbo Akademi O365/banking/venv/lib/python3.12/site-packages/airflow/example_dags/example_latest_only_with_trigger.py took 2.117 seconds
[2025-11-20T21:58:12.238+0500] {processor.py:161} INFO - Started process (PID=972) to work on /mnt/c/Users/Raj/OneDrive - Åbo Akademi O365/banking/venv/lib/python3.12/site-packages/airflow/example_dags/example_latest_only_with_trigger.py
[2025-11-20T21:58:12.242+0500] {processor.py:830} INFO - Processing file /mnt/c/Users/Raj/OneDrive - Åbo Akademi O365/banking/venv/lib/python3.12/site-packages/airflow/example_dags/example_latest_only_with_trigger.py for tasks to queue
[2025-11-20T21:58:12.246+0500] {logging_mixin.py:188} INFO - [2025-11-20T21:58:12.245+0500] {dagbag.py:545} INFO - Filling up the DagBag from /mnt/c/Users/Raj/OneDrive - Åbo Akademi O365/banking/venv/lib/python3.12/site-packages/airflow/example_dags/example_latest_only_with_trigger.py
[2025-11-20T21:58:12.276+0500] {processor.py:840} INFO - DAG(s) 'latest_only_with_trigger' retrieved from /mnt/c/Users/Raj/OneDrive - Åbo Akademi O365/banking/venv/lib/python3.12/site-packages/airflow/example_dags/example_latest_only_with_trigger.py
[2025-11-20T21:58:12.323+0500] {logging_mixin.py:188} INFO - [2025-11-20T21:58:12.320+0500] {dag.py:3096} INFO - Sync 1 DAGs
[2025-11-20T21:58:11.554+0500] {logging_mixin.py:188} INFO - [2025-11-20T21:58:11.551+0500] {dag.py:3954} INFO - Setting next_dagrun for latest_only_with_trigger to 2025-11-20 12:00:00+00:00, run_after=2025-11-20 16:00:00+00:00
[2025-11-20T21:58:11.683+0500] {processor.py:183} INFO - Processing /mnt/c/Users/Raj/OneDrive - Åbo Akademi O365/banking/venv/lib/python3.12/site-packages/airflow/example_dags/example_latest_only_with_trigger.py took 0.303 seconds
[2025-11-20T21:59:34.640+0500] {processor.py:161} INFO - Started process (PID=1071) to work on /mnt/c/Users/Raj/OneDrive - Åbo Akademi O365/banking/venv/lib/python3.12/site-packages/airflow/example_dags/example_latest_only_with_trigger.py
[2025-11-20T21:59:34.644+0500] {processor.py:830} INFO - Processing file /mnt/c/Users/Raj/OneDrive - Åbo Akademi O365/banking/venv/lib/python3.12/site-packages/airflow/example_dags/example_latest_only_with_trigger.py for tasks to queue
[2025-11-20T21:59:34.649+0500] {logging_mixin.py:188} INFO - [2025-11-20T21:59:34.647+0500] {dagbag.py:545} INFO - Filling up the DagBag from /mnt/c/Users/Raj/OneDrive - Åbo Akademi O365/banking/venv/lib/python3.12/site-packages/airflow/example_dags/example_latest_only_with_trigger.py
[2025-11-20T21:59:34.683+0500] {processor.py:840} INFO - DAG(s) 'latest_only_with_trigger' retrieved from /mnt/c/Users/Raj/OneDrive - Åbo Akademi O365/banking/venv/lib/python3.12/site-packages/airflow/example_dags/example_latest_only_with_trigger.py
[2025-11-20T21:59:34.735+0500] {logging_mixin.py:188} INFO - [2025-11-20T21:59:34.733+0500] {dag.py:3096} INFO - Sync 1 DAGs
[2025-11-20T21:59:34.794+0500] {logging_mixin.py:188} INFO - [2025-11-20T21:59:34.793+0500] {dag.py:3954} INFO - Setting next_dagrun for latest_only_with_trigger to 2025-11-20 12:00:00+00:00, run_after=2025-11-20 16:00:00+00:00
[2025-11-20T21:59:34.891+0500] {processor.py:183} INFO - Processing /mnt/c/Users/Raj/OneDrive - Åbo Akademi O365/banking/venv/lib/python3.12/site-packages/airflow/example_dags/example_latest_only_with_trigger.py took 0.274 seconds
[2025-11-20T22:00:50.698+0500] {processor.py:161} INFO - Started process (PID=1128) to work on /mnt/c/Users/Raj/OneDrive - Åbo Akademi O365/banking/venv/lib/python3.12/site-packages/airflow/example_dags/example_latest_only_with_trigger.py
[2025-11-20T22:00:50.701+0500] {processor.py:830} INFO - Processing file /mnt/c/Users/Raj/OneDrive - Åbo Akademi O365/banking/venv/lib/python3.12/site-packages/airflow/example_dags/example_latest_only_with_trigger.py for tasks to queue
[2025-11-20T22:00:50.706+0500] {logging_mixin.py:188} INFO - [2025-11-20T22:00:50.704+0500] {dagbag.py:545} INFO - Filling up the DagBag from /mnt/c/Users/Raj/OneDrive - Åbo Akademi O365/banking/venv/lib/python3.12/site-packages/airflow/example_dags/example_latest_only_with_trigger.py
[2025-11-20T22:00:50.741+0500] {processor.py:840} INFO - DAG(s) 'latest_only_with_trigger' retrieved from /mnt/c/Users/Raj/OneDrive - Åbo Akademi O365/banking/venv/lib/python3.12/site-packages/airflow/example_dags/example_latest_only_with_trigger.py
[2025-11-20T22:00:50.791+0500] {logging_mixin.py:188} INFO - [2025-11-20T22:00:50.789+0500] {dag.py:3096} INFO - Sync 1 DAGs
[2025-11-20T22:00:50.838+0500] {logging_mixin.py:188} INFO - [2025-11-20T22:00:50.836+0500] {dag.py:3954} INFO - Setting next_dagrun for latest_only_with_trigger to 2025-11-20 12:00:00+00:00, run_after=2025-11-20 16:00:00+00:00
[2025-11-20T22:00:50.939+0500] {processor.py:183} INFO - Processing /mnt/c/Users/Raj/OneDrive - Åbo Akademi O365/banking/venv/lib/python3.12/site-packages/airflow/example_dags/example_latest_only_with_trigger.py took 0.261 seconds
[2025-11-20T22:02:19.516+0500] {processor.py:161} INFO - Started process (PID=1189) to work on /mnt/c/Users/Raj/OneDrive - Åbo Akademi O365/banking/venv/lib/python3.12/site-packages/airflow/example_dags/example_latest_only_with_trigger.py
[2025-11-20T22:02:19.518+0500] {processor.py:830} INFO - Processing file /mnt/c/Users/Raj/OneDrive - Åbo Akademi O365/banking/venv/lib/python3.12/site-packages/airflow/example_dags/example_latest_only_with_trigger.py for tasks to queue
[2025-11-20T22:02:19.523+0500] {logging_mixin.py:188} INFO - [2025-11-20T22:02:19.522+0500] {dagbag.py:545} INFO - Filling up the DagBag from /mnt/c/Users/Raj/OneDrive - Åbo Akademi O365/banking/venv/lib/python3.12/site-packages/airflow/example_dags/example_latest_only_with_trigger.py
[2025-11-20T22:02:19.571+0500] {processor.py:840} INFO - DAG(s) 'latest_only_with_trigger' retrieved from /mnt/c/Users/Raj/OneDrive - Åbo Akademi O365/banking/venv/lib/python3.12/site-packages/airflow/example_dags/example_latest_only_with_trigger.py
[2025-11-20T22:02:19.621+0500] {logging_mixin.py:188} INFO - [2025-11-20T22:02:19.619+0500] {dag.py:3096} INFO - Sync 1 DAGs
[2025-11-20T22:02:19.670+0500] {logging_mixin.py:188} INFO - [2025-11-20T22:02:19.668+0500] {dag.py:3954} INFO - Setting next_dagrun for latest_only_with_trigger to 2025-11-20 12:00:00+00:00, run_after=2025-11-20 16:00:00+00:00
[2025-11-20T22:02:19.766+0500] {processor.py:183} INFO - Processing /mnt/c/Users/Raj/OneDrive - Åbo Akademi O365/banking/venv/lib/python3.12/site-packages/airflow/example_dags/example_latest_only_with_trigger.py took 0.274 seconds
[2025-11-20T22:03:48.433+0500] {processor.py:161} INFO - Started process (PID=1262) to work on /mnt/c/Users/Raj/OneDrive - Åbo Akademi O365/banking/venv/lib/python3.12/site-packages/airflow/example_dags/example_latest_only_with_trigger.py
[2025-11-20T22:03:48.435+0500] {processor.py:830} INFO - Processing file /mnt/c/Users/Raj/OneDrive - Åbo Akademi O365/banking/venv/lib/python3.12/site-packages/airflow/example_dags/example_latest_only_with_trigger.py for tasks to queue
[2025-11-20T22:03:48.442+0500] {logging_mixin.py:188} INFO - [2025-11-20T22:03:48.439+0500] {dagbag.py:545} INFO - Filling up the DagBag from /mnt/c/Users/Raj/OneDrive - Åbo Akademi O365/banking/venv/lib/python3.12/site-packages/airflow/example_dags/example_latest_only_with_trigger.py
[2025-11-20T22:03:48.484+0500] {processor.py:840} INFO - DAG(s) 'latest_only_with_trigger' retrieved from /mnt/c/Users/Raj/OneDrive - Åbo Akademi O365/banking/venv/lib/python3.12/site-packages/airflow/example_dags/example_latest_only_with_trigger.py
[2025-11-20T22:03:48.539+0500] {logging_mixin.py:188} INFO - [2025-11-20T22:03:48.538+0500] {dag.py:3096} INFO - Sync 1 DAGs
[2025-11-20T22:03:48.590+0500] {logging_mixin.py:188} INFO - [2025-11-20T22:03:48.588+0500] {dag.py:3954} INFO - Setting next_dagrun for latest_only_with_trigger to 2025-11-20 12:00:00+00:00, run_after=2025-11-20 16:00:00+00:00
[2025-11-20T22:03:48.723+0500] {processor.py:183} INFO - Processing /mnt/c/Users/Raj/OneDrive - Åbo Akademi O365/banking/venv/lib/python3.12/site-packages/airflow/example_dags/example_latest_only_with_trigger.py took 0.313 seconds
[2025-11-20T22:05:09.922+0500] {processor.py:161} INFO - Started process (PID=1323) to work on /mnt/c/Users/Raj/OneDrive - Åbo Akademi O365/banking/venv/lib/python3.12/site-packages/airflow/example_dags/example_latest_only_with_trigger.py
[2025-11-20T22:05:09.925+0500] {processor.py:830} INFO - Processing file /mnt/c/Users/Raj/OneDrive - Åbo Akademi O365/banking/venv/lib/python3.12/site-packages/airflow/example_dags/example_latest_only_with_trigger.py for tasks to queue
[2025-11-20T22:05:09.930+0500] {logging_mixin.py:188} INFO - [2025-11-20T22:05:09.928+0500] {dagbag.py:545} INFO - Filling up the DagBag from /mnt/c/Users/Raj/OneDrive - Åbo Akademi O365/banking/venv/lib/python3.12/site-packages/airflow/example_dags/example_latest_only_with_trigger.py
[2025-11-20T22:05:09.968+0500] {processor.py:840} INFO - DAG(s) 'latest_only_with_trigger' retrieved from /mnt/c/Users/Raj/OneDrive - Åbo Akademi O365/banking/venv/lib/python3.12/site-packages/airflow/example_dags/example_latest_only_with_trigger.py
[2025-11-20T22:05:10.023+0500] {logging_mixin.py:188} INFO - [2025-11-20T22:05:10.021+0500] {dag.py:3096} INFO - Sync 1 DAGs
[2025-11-20T22:05:10.083+0500] {logging_mixin.py:188} INFO - [2025-11-20T22:05:10.081+0500] {dag.py:3954} INFO - Setting next_dagrun for latest_only_with_trigger to 2025-11-20 12:00:00+00:00, run_after=2025-11-20 16:00:00+00:00
[2025-11-20T22:05:10.187+0500] {processor.py:183} INFO - Processing /mnt/c/Users/Raj/OneDrive - Åbo Akademi O365/banking/venv/lib/python3.12/site-packages/airflow/example_dags/example_latest_only_with_trigger.py took 0.286 seconds
[2025-11-20T22:06:34.606+0500] {processor.py:161} INFO - Started process (PID=1391) to work on /mnt/c/Users/Raj/OneDrive - Åbo Akademi O365/banking/venv/lib/python3.12/site-packages/airflow/example_dags/example_latest_only_with_trigger.py
[2025-11-20T22:06:34.609+0500] {processor.py:830} INFO - Processing file /mnt/c/Users/Raj/OneDrive - Åbo Akademi O365/banking/venv/lib/python3.12/site-packages/airflow/example_dags/example_latest_only_with_trigger.py for tasks to queue
[2025-11-20T22:06:34.613+0500] {logging_mixin.py:188} INFO - [2025-11-20T22:06:34.611+0500] {dagbag.py:545} INFO - Filling up the DagBag from /mnt/c/Users/Raj/OneDrive - Åbo Akademi O365/banking/venv/lib/python3.12/site-packages/airflow/example_dags/example_latest_only_with_trigger.py
[2025-11-20T22:06:34.655+0500] {processor.py:840} INFO - DAG(s) 'latest_only_with_trigger' retrieved from /mnt/c/Users/Raj/OneDrive - Åbo Akademi O365/banking/venv/lib/python3.12/site-packages/airflow/example_dags/example_latest_only_with_trigger.py
[2025-11-20T22:06:34.724+0500] {logging_mixin.py:188} INFO - [2025-11-20T22:06:34.722+0500] {dag.py:3096} INFO - Sync 1 DAGs
[2025-11-20T22:06:34.803+0500] {logging_mixin.py:188} INFO - [2025-11-20T22:06:34.801+0500] {dag.py:3954} INFO - Setting next_dagrun for latest_only_with_trigger to 2025-11-20 12:00:00+00:00, run_after=2025-11-20 16:00:00+00:00
[2025-11-20T22:06:34.927+0500] {processor.py:183} INFO - Processing /mnt/c/Users/Raj/OneDrive - Åbo Akademi O365/banking/venv/lib/python3.12/site-packages/airflow/example_dags/example_latest_only_with_trigger.py took 0.342 seconds
[2025-11-20T22:08:04.226+0500] {processor.py:161} INFO - Started process (PID=1454) to work on /mnt/c/Users/Raj/OneDrive - Åbo Akademi O365/banking/venv/lib/python3.12/site-packages/airflow/example_dags/example_latest_only_with_trigger.py
[2025-11-20T22:08:04.229+0500] {processor.py:830} INFO - Processing file /mnt/c/Users/Raj/OneDrive - Åbo Akademi O365/banking/venv/lib/python3.12/site-packages/airflow/example_dags/example_latest_only_with_trigger.py for tasks to queue
[2025-11-20T22:08:04.233+0500] {logging_mixin.py:188} INFO - [2025-11-20T22:08:04.231+0500] {dagbag.py:545} INFO - Filling up the DagBag from /mnt/c/Users/Raj/OneDrive - Åbo Akademi O365/banking/venv/lib/python3.12/site-packages/airflow/example_dags/example_latest_only_with_trigger.py
[2025-11-20T22:08:04.267+0500] {processor.py:840} INFO - DAG(s) 'latest_only_with_trigger' retrieved from /mnt/c/Users/Raj/OneDrive - Åbo Akademi O365/banking/venv/lib/python3.12/site-packages/airflow/example_dags/example_latest_only_with_trigger.py
[2025-11-20T22:08:04.318+0500] {logging_mixin.py:188} INFO - [2025-11-20T22:08:04.316+0500] {dag.py:3096} INFO - Sync 1 DAGs
[2025-11-20T22:08:04.375+0500] {logging_mixin.py:188} INFO - [2025-11-20T22:08:04.373+0500] {dag.py:3954} INFO - Setting next_dagrun for latest_only_with_trigger to 2025-11-20 12:00:00+00:00, run_after=2025-11-20 16:00:00+00:00
[2025-11-20T22:08:04.489+0500] {processor.py:183} INFO - Processing /mnt/c/Users/Raj/OneDrive - Åbo Akademi O365/banking/venv/lib/python3.12/site-packages/airflow/example_dags/example_latest_only_with_trigger.py took 0.285 seconds
[2025-11-20T22:09:33.014+0500] {processor.py:161} INFO - Started process (PID=1520) to work on /mnt/c/Users/Raj/OneDrive - Åbo Akademi O365/banking/venv/lib/python3.12/site-packages/airflow/example_dags/example_latest_only_with_trigger.py
[2025-11-20T22:09:33.016+0500] {processor.py:830} INFO - Processing file /mnt/c/Users/Raj/OneDrive - Åbo Akademi O365/banking/venv/lib/python3.12/site-packages/airflow/example_dags/example_latest_only_with_trigger.py for tasks to queue
[2025-11-20T22:09:33.020+0500] {logging_mixin.py:188} INFO - [2025-11-20T22:09:33.018+0500] {dagbag.py:545} INFO - Filling up the DagBag from /mnt/c/Users/Raj/OneDrive - Åbo Akademi O365/banking/venv/lib/python3.12/site-packages/airflow/example_dags/example_latest_only_with_trigger.py
[2025-11-20T22:09:33.050+0500] {processor.py:840} INFO - DAG(s) 'latest_only_with_trigger' retrieved from /mnt/c/Users/Raj/OneDrive - Åbo Akademi O365/banking/venv/lib/python3.12/site-packages/airflow/example_dags/example_latest_only_with_trigger.py
[2025-11-20T22:09:33.086+0500] {logging_mixin.py:188} INFO - [2025-11-20T22:09:33.085+0500] {dag.py:3096} INFO - Sync 1 DAGs
[2025-11-20T22:09:33.121+0500] {logging_mixin.py:188} INFO - [2025-11-20T22:09:33.119+0500] {dag.py:3954} INFO - Setting next_dagrun for latest_only_with_trigger to 2025-11-20 12:00:00+00:00, run_after=2025-11-20 16:00:00+00:00
[2025-11-20T22:09:33.201+0500] {processor.py:183} INFO - Processing /mnt/c/Users/Raj/OneDrive - Åbo Akademi O365/banking/venv/lib/python3.12/site-packages/airflow/example_dags/example_latest_only_with_trigger.py took 0.210 seconds
[2025-11-20T22:11:07.504+0500] {processor.py:161} INFO - Started process (PID=1588) to work on /mnt/c/Users/Raj/OneDrive - Åbo Akademi O365/banking/venv/lib/python3.12/site-packages/airflow/example_dags/example_latest_only_with_trigger.py
[2025-11-20T22:11:07.508+0500] {processor.py:830} INFO - Processing file /mnt/c/Users/Raj/OneDrive - Åbo Akademi O365/banking/venv/lib/python3.12/site-packages/airflow/example_dags/example_latest_only_with_trigger.py for tasks to queue
[2025-11-20T22:11:07.512+0500] {logging_mixin.py:188} INFO - [2025-11-20T22:11:07.510+0500] {dagbag.py:545} INFO - Filling up the DagBag from /mnt/c/Users/Raj/OneDrive - Åbo Akademi O365/banking/venv/lib/python3.12/site-packages/airflow/example_dags/example_latest_only_with_trigger.py
[2025-11-20T22:11:07.550+0500] {processor.py:840} INFO - DAG(s) 'latest_only_with_trigger' retrieved from /mnt/c/Users/Raj/OneDrive - Åbo Akademi O365/banking/venv/lib/python3.12/site-packages/airflow/example_dags/example_latest_only_with_trigger.py
[2025-11-20T22:11:07.595+0500] {logging_mixin.py:188} INFO - [2025-11-20T22:11:07.593+0500] {dag.py:3096} INFO - Sync 1 DAGs
[2025-11-20T22:11:07.638+0500] {logging_mixin.py:188} INFO - [2025-11-20T22:11:07.637+0500] {dag.py:3954} INFO - Setting next_dagrun for latest_only_with_trigger to 2025-11-20 12:00:00+00:00, run_after=2025-11-20 16:00:00+00:00
[2025-11-20T22:11:07.723+0500] {processor.py:183} INFO - Processing /mnt/c/Users/Raj/OneDrive - Åbo Akademi O365/banking/venv/lib/python3.12/site-packages/airflow/example_dags/example_latest_only_with_trigger.py took 0.239 seconds
[2025-11-20T22:12:28.711+0500] {processor.py:161} INFO - Started process (PID=1655) to work on /mnt/c/Users/Raj/OneDrive - Åbo Akademi O365/banking/venv/lib/python3.12/site-packages/airflow/example_dags/example_latest_only_with_trigger.py
[2025-11-20T22:12:28.714+0500] {processor.py:830} INFO - Processing file /mnt/c/Users/Raj/OneDrive - Åbo Akademi O365/banking/venv/lib/python3.12/site-packages/airflow/example_dags/example_latest_only_with_trigger.py for tasks to queue
[2025-11-20T22:12:28.718+0500] {logging_mixin.py:188} INFO - [2025-11-20T22:12:28.716+0500] {dagbag.py:545} INFO - Filling up the DagBag from /mnt/c/Users/Raj/OneDrive - Åbo Akademi O365/banking/venv/lib/python3.12/site-packages/airflow/example_dags/example_latest_only_with_trigger.py
[2025-11-20T22:12:28.749+0500] {processor.py:840} INFO - DAG(s) 'latest_only_with_trigger' retrieved from /mnt/c/Users/Raj/OneDrive - Åbo Akademi O365/banking/venv/lib/python3.12/site-packages/airflow/example_dags/example_latest_only_with_trigger.py
[2025-11-20T22:12:28.794+0500] {logging_mixin.py:188} INFO - [2025-11-20T22:12:28.792+0500] {dag.py:3096} INFO - Sync 1 DAGs
[2025-11-20T22:12:28.835+0500] {logging_mixin.py:188} INFO - [2025-11-20T22:12:28.834+0500] {dag.py:3954} INFO - Setting next_dagrun for latest_only_with_trigger to 2025-11-20 12:00:00+00:00, run_after=2025-11-20 16:00:00+00:00
[2025-11-20T22:12:28.931+0500] {processor.py:183} INFO - Processing /mnt/c/Users/Raj/OneDrive - Åbo Akademi O365/banking/venv/lib/python3.12/site-packages/airflow/example_dags/example_latest_only_with_trigger.py took 0.237 seconds
[2025-11-20T22:13:53.303+0500] {processor.py:161} INFO - Started process (PID=1719) to work on /mnt/c/Users/Raj/OneDrive - Åbo Akademi O365/banking/venv/lib/python3.12/site-packages/airflow/example_dags/example_latest_only_with_trigger.py
[2025-11-20T22:13:53.306+0500] {processor.py:830} INFO - Processing file /mnt/c/Users/Raj/OneDrive - Åbo Akademi O365/banking/venv/lib/python3.12/site-packages/airflow/example_dags/example_latest_only_with_trigger.py for tasks to queue
[2025-11-20T22:13:53.310+0500] {logging_mixin.py:188} INFO - [2025-11-20T22:13:53.309+0500] {dagbag.py:545} INFO - Filling up the DagBag from /mnt/c/Users/Raj/OneDrive - Åbo Akademi O365/banking/venv/lib/python3.12/site-packages/airflow/example_dags/example_latest_only_with_trigger.py
[2025-11-20T22:13:53.349+0500] {processor.py:840} INFO - DAG(s) 'latest_only_with_trigger' retrieved from /mnt/c/Users/Raj/OneDrive - Åbo Akademi O365/banking/venv/lib/python3.12/site-packages/airflow/example_dags/example_latest_only_with_trigger.py
[2025-11-20T22:13:53.397+0500] {logging_mixin.py:188} INFO - [2025-11-20T22:13:53.396+0500] {dag.py:3096} INFO - Sync 1 DAGs
[2025-11-20T22:13:53.447+0500] {logging_mixin.py:188} INFO - [2025-11-20T22:13:53.446+0500] {dag.py:3954} INFO - Setting next_dagrun for latest_only_with_trigger to 2025-11-20 12:00:00+00:00, run_after=2025-11-20 16:00:00+00:00
[2025-11-20T22:13:53.560+0500] {processor.py:183} INFO - Processing /mnt/c/Users/Raj/OneDrive - Åbo Akademi O365/banking/venv/lib/python3.12/site-packages/airflow/example_dags/example_latest_only_with_trigger.py took 0.277 seconds
[2025-11-20T22:15:18.282+0500] {processor.py:161} INFO - Started process (PID=1780) to work on /mnt/c/Users/Raj/OneDrive - Åbo Akademi O365/banking/venv/lib/python3.12/site-packages/airflow/example_dags/example_latest_only_with_trigger.py
[2025-11-20T22:15:18.286+0500] {processor.py:830} INFO - Processing file /mnt/c/Users/Raj/OneDrive - Åbo Akademi O365/banking/venv/lib/python3.12/site-packages/airflow/example_dags/example_latest_only_with_trigger.py for tasks to queue
[2025-11-20T22:15:18.291+0500] {logging_mixin.py:188} INFO - [2025-11-20T22:15:18.289+0500] {dagbag.py:545} INFO - Filling up the DagBag from /mnt/c/Users/Raj/OneDrive - Åbo Akademi O365/banking/venv/lib/python3.12/site-packages/airflow/example_dags/example_latest_only_with_trigger.py
[2025-11-20T22:15:18.338+0500] {processor.py:840} INFO - DAG(s) 'latest_only_with_trigger' retrieved from /mnt/c/Users/Raj/OneDrive - Åbo Akademi O365/banking/venv/lib/python3.12/site-packages/airflow/example_dags/example_latest_only_with_trigger.py
[2025-11-20T22:15:18.396+0500] {logging_mixin.py:188} INFO - [2025-11-20T22:15:18.394+0500] {dag.py:3096} INFO - Sync 1 DAGs
[2025-11-20T22:15:18.461+0500] {logging_mixin.py:188} INFO - [2025-11-20T22:15:18.459+0500] {dag.py:3954} INFO - Setting next_dagrun for latest_only_with_trigger to 2025-11-20 12:00:00+00:00, run_after=2025-11-20 16:00:00+00:00
[2025-11-20T22:15:18.573+0500] {processor.py:183} INFO - Processing /mnt/c/Users/Raj/OneDrive - Åbo Akademi O365/banking/venv/lib/python3.12/site-packages/airflow/example_dags/example_latest_only_with_trigger.py took 0.313 seconds
[2025-11-20T22:16:49.822+0500] {processor.py:161} INFO - Started process (PID=1843) to work on /mnt/c/Users/Raj/OneDrive - Åbo Akademi O365/banking/venv/lib/python3.12/site-packages/airflow/example_dags/example_latest_only_with_trigger.py
[2025-11-20T22:16:49.825+0500] {processor.py:830} INFO - Processing file /mnt/c/Users/Raj/OneDrive - Åbo Akademi O365/banking/venv/lib/python3.12/site-packages/airflow/example_dags/example_latest_only_with_trigger.py for tasks to queue
[2025-11-20T22:16:49.829+0500] {logging_mixin.py:188} INFO - [2025-11-20T22:16:49.827+0500] {dagbag.py:545} INFO - Filling up the DagBag from /mnt/c/Users/Raj/OneDrive - Åbo Akademi O365/banking/venv/lib/python3.12/site-packages/airflow/example_dags/example_latest_only_with_trigger.py
[2025-11-20T22:16:49.866+0500] {processor.py:840} INFO - DAG(s) 'latest_only_with_trigger' retrieved from /mnt/c/Users/Raj/OneDrive - Åbo Akademi O365/banking/venv/lib/python3.12/site-packages/airflow/example_dags/example_latest_only_with_trigger.py
[2025-11-20T22:16:49.915+0500] {logging_mixin.py:188} INFO - [2025-11-20T22:16:49.914+0500] {dag.py:3096} INFO - Sync 1 DAGs
[2025-11-20T22:16:49.955+0500] {logging_mixin.py:188} INFO - [2025-11-20T22:16:49.954+0500] {dag.py:3954} INFO - Setting next_dagrun for latest_only_with_trigger to 2025-11-20 12:00:00+00:00, run_after=2025-11-20 16:00:00+00:00
[2025-11-20T22:16:50.057+0500] {processor.py:183} INFO - Processing /mnt/c/Users/Raj/OneDrive - Åbo Akademi O365/banking/venv/lib/python3.12/site-packages/airflow/example_dags/example_latest_only_with_trigger.py took 0.256 seconds
[2025-11-20T22:18:19.725+0500] {processor.py:161} INFO - Started process (PID=1910) to work on /mnt/c/Users/Raj/OneDrive - Åbo Akademi O365/banking/venv/lib/python3.12/site-packages/airflow/example_dags/example_latest_only_with_trigger.py
[2025-11-20T22:18:19.728+0500] {processor.py:830} INFO - Processing file /mnt/c/Users/Raj/OneDrive - Åbo Akademi O365/banking/venv/lib/python3.12/site-packages/airflow/example_dags/example_latest_only_with_trigger.py for tasks to queue
[2025-11-20T22:18:19.732+0500] {logging_mixin.py:188} INFO - [2025-11-20T22:18:19.730+0500] {dagbag.py:545} INFO - Filling up the DagBag from /mnt/c/Users/Raj/OneDrive - Åbo Akademi O365/banking/venv/lib/python3.12/site-packages/airflow/example_dags/example_latest_only_with_trigger.py
[2025-11-20T22:18:19.797+0500] {processor.py:840} INFO - DAG(s) 'latest_only_with_trigger' retrieved from /mnt/c/Users/Raj/OneDrive - Åbo Akademi O365/banking/venv/lib/python3.12/site-packages/airflow/example_dags/example_latest_only_with_trigger.py
[2025-11-20T22:18:19.895+0500] {logging_mixin.py:188} INFO - [2025-11-20T22:18:19.892+0500] {dag.py:3096} INFO - Sync 1 DAGs
[2025-11-20T22:18:19.960+0500] {logging_mixin.py:188} INFO - [2025-11-20T22:18:19.958+0500] {dag.py:3954} INFO - Setting next_dagrun for latest_only_with_trigger to 2025-11-20 12:00:00+00:00, run_after=2025-11-20 16:00:00+00:00
[2025-11-20T22:18:20.100+0500] {processor.py:183} INFO - Processing /mnt/c/Users/Raj/OneDrive - Åbo Akademi O365/banking/venv/lib/python3.12/site-packages/airflow/example_dags/example_latest_only_with_trigger.py took 0.394 seconds
[2025-11-20T22:19:39.341+0500] {processor.py:161} INFO - Started process (PID=1972) to work on /mnt/c/Users/Raj/OneDrive - Åbo Akademi O365/banking/venv/lib/python3.12/site-packages/airflow/example_dags/example_latest_only_with_trigger.py
[2025-11-20T22:19:39.344+0500] {processor.py:830} INFO - Processing file /mnt/c/Users/Raj/OneDrive - Åbo Akademi O365/banking/venv/lib/python3.12/site-packages/airflow/example_dags/example_latest_only_with_trigger.py for tasks to queue
[2025-11-20T22:19:39.349+0500] {logging_mixin.py:188} INFO - [2025-11-20T22:19:39.346+0500] {dagbag.py:545} INFO - Filling up the DagBag from /mnt/c/Users/Raj/OneDrive - Åbo Akademi O365/banking/venv/lib/python3.12/site-packages/airflow/example_dags/example_latest_only_with_trigger.py
[2025-11-20T22:19:39.397+0500] {processor.py:840} INFO - DAG(s) 'latest_only_with_trigger' retrieved from /mnt/c/Users/Raj/OneDrive - Åbo Akademi O365/banking/venv/lib/python3.12/site-packages/airflow/example_dags/example_latest_only_with_trigger.py
[2025-11-20T22:19:39.452+0500] {logging_mixin.py:188} INFO - [2025-11-20T22:19:39.449+0500] {dag.py:3096} INFO - Sync 1 DAGs
[2025-11-20T22:19:39.636+0500] {logging_mixin.py:188} INFO - [2025-11-20T22:19:39.634+0500] {dag.py:3954} INFO - Setting next_dagrun for latest_only_with_trigger to 2025-11-20 12:00:00+00:00, run_after=2025-11-20 16:00:00+00:00
[2025-11-20T22:19:39.748+0500] {processor.py:183} INFO - Processing /mnt/c/Users/Raj/OneDrive - Åbo Akademi O365/banking/venv/lib/python3.12/site-packages/airflow/example_dags/example_latest_only_with_trigger.py took 0.427 seconds
[2025-11-20T22:21:15.036+0500] {processor.py:161} INFO - Started process (PID=2047) to work on /mnt/c/Users/Raj/OneDrive - Åbo Akademi O365/banking/venv/lib/python3.12/site-packages/airflow/example_dags/example_latest_only_with_trigger.py
[2025-11-20T22:21:15.038+0500] {processor.py:830} INFO - Processing file /mnt/c/Users/Raj/OneDrive - Åbo Akademi O365/banking/venv/lib/python3.12/site-packages/airflow/example_dags/example_latest_only_with_trigger.py for tasks to queue
[2025-11-20T22:21:15.041+0500] {logging_mixin.py:188} INFO - [2025-11-20T22:21:15.040+0500] {dagbag.py:545} INFO - Filling up the DagBag from /mnt/c/Users/Raj/OneDrive - Åbo Akademi O365/banking/venv/lib/python3.12/site-packages/airflow/example_dags/example_latest_only_with_trigger.py
[2025-11-20T22:21:15.076+0500] {processor.py:840} INFO - DAG(s) 'latest_only_with_trigger' retrieved from /mnt/c/Users/Raj/OneDrive - Åbo Akademi O365/banking/venv/lib/python3.12/site-packages/airflow/example_dags/example_latest_only_with_trigger.py
[2025-11-20T22:21:15.124+0500] {logging_mixin.py:188} INFO - [2025-11-20T22:21:15.123+0500] {dag.py:3096} INFO - Sync 1 DAGs
[2025-11-20T22:21:15.165+0500] {logging_mixin.py:188} INFO - [2025-11-20T22:21:15.163+0500] {dag.py:3954} INFO - Setting next_dagrun for latest_only_with_trigger to 2025-11-20 12:00:00+00:00, run_after=2025-11-20 16:00:00+00:00
[2025-11-20T22:21:15.261+0500] {processor.py:183} INFO - Processing /mnt/c/Users/Raj/OneDrive - Åbo Akademi O365/banking/venv/lib/python3.12/site-packages/airflow/example_dags/example_latest_only_with_trigger.py took 0.239 seconds
[2025-11-20T22:22:31.939+0500] {processor.py:161} INFO - Started process (PID=2107) to work on /mnt/c/Users/Raj/OneDrive - Åbo Akademi O365/banking/venv/lib/python3.12/site-packages/airflow/example_dags/example_latest_only_with_trigger.py
[2025-11-20T22:22:31.942+0500] {processor.py:830} INFO - Processing file /mnt/c/Users/Raj/OneDrive - Åbo Akademi O365/banking/venv/lib/python3.12/site-packages/airflow/example_dags/example_latest_only_with_trigger.py for tasks to queue
[2025-11-20T22:22:31.945+0500] {logging_mixin.py:188} INFO - [2025-11-20T22:22:31.944+0500] {dagbag.py:545} INFO - Filling up the DagBag from /mnt/c/Users/Raj/OneDrive - Åbo Akademi O365/banking/venv/lib/python3.12/site-packages/airflow/example_dags/example_latest_only_with_trigger.py
[2025-11-20T22:22:31.977+0500] {processor.py:840} INFO - DAG(s) 'latest_only_with_trigger' retrieved from /mnt/c/Users/Raj/OneDrive - Åbo Akademi O365/banking/venv/lib/python3.12/site-packages/airflow/example_dags/example_latest_only_with_trigger.py
[2025-11-20T22:22:32.034+0500] {logging_mixin.py:188} INFO - [2025-11-20T22:22:32.033+0500] {dag.py:3096} INFO - Sync 1 DAGs
[2025-11-20T22:22:32.072+0500] {logging_mixin.py:188} INFO - [2025-11-20T22:22:32.071+0500] {dag.py:3954} INFO - Setting next_dagrun for latest_only_with_trigger to 2025-11-20 12:00:00+00:00, run_after=2025-11-20 16:00:00+00:00
[2025-11-20T22:22:32.153+0500] {processor.py:183} INFO - Processing /mnt/c/Users/Raj/OneDrive - Åbo Akademi O365/banking/venv/lib/python3.12/site-packages/airflow/example_dags/example_latest_only_with_trigger.py took 0.233 seconds
[2025-11-20T22:23:46.621+0500] {processor.py:161} INFO - Started process (PID=2165) to work on /mnt/c/Users/Raj/OneDrive - Åbo Akademi O365/banking/venv/lib/python3.12/site-packages/airflow/example_dags/example_latest_only_with_trigger.py
[2025-11-20T22:23:46.625+0500] {processor.py:830} INFO - Processing file /mnt/c/Users/Raj/OneDrive - Åbo Akademi O365/banking/venv/lib/python3.12/site-packages/airflow/example_dags/example_latest_only_with_trigger.py for tasks to queue
[2025-11-20T22:23:46.629+0500] {logging_mixin.py:188} INFO - [2025-11-20T22:23:46.627+0500] {dagbag.py:545} INFO - Filling up the DagBag from /mnt/c/Users/Raj/OneDrive - Åbo Akademi O365/banking/venv/lib/python3.12/site-packages/airflow/example_dags/example_latest_only_with_trigger.py
[2025-11-20T22:23:46.668+0500] {processor.py:840} INFO - DAG(s) 'latest_only_with_trigger' retrieved from /mnt/c/Users/Raj/OneDrive - Åbo Akademi O365/banking/venv/lib/python3.12/site-packages/airflow/example_dags/example_latest_only_with_trigger.py
[2025-11-20T22:23:46.710+0500] {logging_mixin.py:188} INFO - [2025-11-20T22:23:46.708+0500] {dag.py:3096} INFO - Sync 1 DAGs
[2025-11-20T22:23:46.751+0500] {logging_mixin.py:188} INFO - [2025-11-20T22:23:46.750+0500] {dag.py:3954} INFO - Setting next_dagrun for latest_only_with_trigger to 2025-11-20 12:00:00+00:00, run_after=2025-11-20 16:00:00+00:00
[2025-11-20T22:23:46.837+0500] {processor.py:183} INFO - Processing /mnt/c/Users/Raj/OneDrive - Åbo Akademi O365/banking/venv/lib/python3.12/site-packages/airflow/example_dags/example_latest_only_with_trigger.py took 0.240 seconds
[2025-11-20T22:25:17.820+0500] {processor.py:161} INFO - Started process (PID=2272) to work on /mnt/c/Users/Raj/OneDrive - Åbo Akademi O365/banking/venv/lib/python3.12/site-packages/airflow/example_dags/example_latest_only_with_trigger.py
[2025-11-20T22:25:17.824+0500] {processor.py:830} INFO - Processing file /mnt/c/Users/Raj/OneDrive - Åbo Akademi O365/banking/venv/lib/python3.12/site-packages/airflow/example_dags/example_latest_only_with_trigger.py for tasks to queue
[2025-11-20T22:25:17.828+0500] {logging_mixin.py:188} INFO - [2025-11-20T22:25:17.826+0500] {dagbag.py:545} INFO - Filling up the DagBag from /mnt/c/Users/Raj/OneDrive - Åbo Akademi O365/banking/venv/lib/python3.12/site-packages/airflow/example_dags/example_latest_only_with_trigger.py
[2025-11-20T22:25:17.870+0500] {processor.py:840} INFO - DAG(s) 'latest_only_with_trigger' retrieved from /mnt/c/Users/Raj/OneDrive - Åbo Akademi O365/banking/venv/lib/python3.12/site-packages/airflow/example_dags/example_latest_only_with_trigger.py
[2025-11-20T22:25:17.924+0500] {logging_mixin.py:188} INFO - [2025-11-20T22:25:17.923+0500] {dag.py:3096} INFO - Sync 1 DAGs
[2025-11-20T22:25:17.989+0500] {logging_mixin.py:188} INFO - [2025-11-20T22:25:17.988+0500] {dag.py:3954} INFO - Setting next_dagrun for latest_only_with_trigger to 2025-11-20 12:00:00+00:00, run_after=2025-11-20 16:00:00+00:00
[2025-11-20T22:25:18.109+0500] {processor.py:183} INFO - Processing /mnt/c/Users/Raj/OneDrive - Åbo Akademi O365/banking/venv/lib/python3.12/site-packages/airflow/example_dags/example_latest_only_with_trigger.py took 0.313 seconds
[2025-11-20T22:27:36.195+0500] {processor.py:161} INFO - Started process (PID=2343) to work on /mnt/c/Users/Raj/OneDrive - Åbo Akademi O365/banking/venv/lib/python3.12/site-packages/airflow/example_dags/example_latest_only_with_trigger.py
[2025-11-20T22:27:36.199+0500] {processor.py:830} INFO - Processing file /mnt/c/Users/Raj/OneDrive - Åbo Akademi O365/banking/venv/lib/python3.12/site-packages/airflow/example_dags/example_latest_only_with_trigger.py for tasks to queue
[2025-11-20T22:27:36.204+0500] {logging_mixin.py:188} INFO - [2025-11-20T22:27:36.202+0500] {dagbag.py:545} INFO - Filling up the DagBag from /mnt/c/Users/Raj/OneDrive - Åbo Akademi O365/banking/venv/lib/python3.12/site-packages/airflow/example_dags/example_latest_only_with_trigger.py
[2025-11-20T22:27:36.299+0500] {processor.py:840} INFO - DAG(s) 'latest_only_with_trigger' retrieved from /mnt/c/Users/Raj/OneDrive - Åbo Akademi O365/banking/venv/lib/python3.12/site-packages/airflow/example_dags/example_latest_only_with_trigger.py
[2025-11-20T22:27:36.480+0500] {logging_mixin.py:188} INFO - [2025-11-20T22:27:36.475+0500] {dag.py:3096} INFO - Sync 1 DAGs
[2025-11-20T22:27:36.647+0500] {logging_mixin.py:188} INFO - [2025-11-20T22:27:36.643+0500] {dag.py:3954} INFO - Setting next_dagrun for latest_only_with_trigger to 2025-11-20 12:00:00+00:00, run_after=2025-11-20 16:00:00+00:00
[2025-11-20T22:27:36.898+0500] {processor.py:183} INFO - Processing /mnt/c/Users/Raj/OneDrive - Åbo Akademi O365/banking/venv/lib/python3.12/site-packages/airflow/example_dags/example_latest_only_with_trigger.py took 0.746 seconds
[2025-11-20T22:30:03.665+0500] {processor.py:161} INFO - Started process (PID=2445) to work on /mnt/c/Users/Raj/OneDrive - Åbo Akademi O365/banking/venv/lib/python3.12/site-packages/airflow/example_dags/example_latest_only_with_trigger.py
[2025-11-20T22:30:03.688+0500] {processor.py:830} INFO - Processing file /mnt/c/Users/Raj/OneDrive - Åbo Akademi O365/banking/venv/lib/python3.12/site-packages/airflow/example_dags/example_latest_only_with_trigger.py for tasks to queue
[2025-11-20T22:30:03.696+0500] {logging_mixin.py:188} INFO - [2025-11-20T22:30:03.694+0500] {dagbag.py:545} INFO - Filling up the DagBag from /mnt/c/Users/Raj/OneDrive - Åbo Akademi O365/banking/venv/lib/python3.12/site-packages/airflow/example_dags/example_latest_only_with_trigger.py
[2025-11-20T22:30:03.913+0500] {processor.py:840} INFO - DAG(s) 'latest_only_with_trigger' retrieved from /mnt/c/Users/Raj/OneDrive - Åbo Akademi O365/banking/venv/lib/python3.12/site-packages/airflow/example_dags/example_latest_only_with_trigger.py
[2025-11-20T22:30:04.050+0500] {logging_mixin.py:188} INFO - [2025-11-20T22:30:04.047+0500] {dag.py:3096} INFO - Sync 1 DAGs
[2025-11-20T22:30:04.666+0500] {logging_mixin.py:188} INFO - [2025-11-20T22:30:04.662+0500] {dag.py:3954} INFO - Setting next_dagrun for latest_only_with_trigger to 2025-11-20 12:00:00+00:00, run_after=2025-11-20 16:00:00+00:00
[2025-11-20T22:30:04.910+0500] {processor.py:183} INFO - Processing /mnt/c/Users/Raj/OneDrive - Åbo Akademi O365/banking/venv/lib/python3.12/site-packages/airflow/example_dags/example_latest_only_with_trigger.py took 1.301 seconds
[2025-11-20T22:31:03.809+0500] {processor.py:161} INFO - Started process (PID=2476) to work on /mnt/c/Users/Raj/OneDrive - Åbo Akademi O365/banking/venv/lib/python3.12/site-packages/airflow/example_dags/example_latest_only_with_trigger.py
[2025-11-20T22:31:03.814+0500] {processor.py:830} INFO - Processing file /mnt/c/Users/Raj/OneDrive - Åbo Akademi O365/banking/venv/lib/python3.12/site-packages/airflow/example_dags/example_latest_only_with_trigger.py for tasks to queue
[2025-11-20T22:31:03.827+0500] {logging_mixin.py:188} INFO - [2025-11-20T22:31:03.824+0500] {dagbag.py:545} INFO - Filling up the DagBag from /mnt/c/Users/Raj/OneDrive - Åbo Akademi O365/banking/venv/lib/python3.12/site-packages/airflow/example_dags/example_latest_only_with_trigger.py
[2025-11-20T22:31:03.920+0500] {logging_mixin.py:188} INFO - [2025-11-20T22:31:03.898+0500] {dagbag.py:355} ERROR - Failed to import: /mnt/c/Users/Raj/OneDrive - Åbo Akademi O365/banking/venv/lib/python3.12/site-packages/airflow/example_dags/example_latest_only_with_trigger.py
Traceback (most recent call last):
  File "/mnt/c/Users/Raj/OneDrive - Åbo Akademi O365/banking/venv/lib/python3.12/site-packages/airflow/models/dagbag.py", line 351, in parse
    dag_id,
  File "<frozen importlib._bootstrap_external>", line 995, in exec_module
  File "<frozen importlib._bootstrap>", line 488, in _call_with_frames_removed
  File "/mnt/c/Users/Raj/OneDrive - Åbo Akademi O365/banking/venv/lib/python3.12/site-packages/airflow/example_dags/example_latest_only_with_trigger.py", line 29, in <module>
    from airflow.providers.standard.operators.empty import EmptyOperator
ModuleNotFoundError: No module named 'airflow.providers.standard'
[2025-11-20T22:31:03.933+0500] {processor.py:842} WARNING - No viable dags retrieved from /mnt/c/Users/Raj/OneDrive - Åbo Akademi O365/banking/venv/lib/python3.12/site-packages/airflow/example_dags/example_latest_only_with_trigger.py
[2025-11-20T22:31:04.044+0500] {processor.py:183} INFO - Processing /mnt/c/Users/Raj/OneDrive - Åbo Akademi O365/banking/venv/lib/python3.12/site-packages/airflow/example_dags/example_latest_only_with_trigger.py took 0.280 seconds
[2025-11-20T22:32:17.032+0500] {processor.py:161} INFO - Started process (PID=2521) to work on /mnt/c/Users/Raj/OneDrive - Åbo Akademi O365/banking/venv/lib/python3.12/site-packages/airflow/example_dags/example_latest_only_with_trigger.py
[2025-11-20T22:32:17.036+0500] {processor.py:830} INFO - Processing file /mnt/c/Users/Raj/OneDrive - Åbo Akademi O365/banking/venv/lib/python3.12/site-packages/airflow/example_dags/example_latest_only_with_trigger.py for tasks to queue
[2025-11-20T22:32:17.046+0500] {logging_mixin.py:188} INFO - [2025-11-20T22:32:17.039+0500] {dagbag.py:545} INFO - Filling up the DagBag from /mnt/c/Users/Raj/OneDrive - Åbo Akademi O365/banking/venv/lib/python3.12/site-packages/airflow/example_dags/example_latest_only_with_trigger.py
[2025-11-20T22:32:17.098+0500] {logging_mixin.py:188} INFO - [2025-11-20T22:32:17.084+0500] {dagbag.py:355} ERROR - Failed to import: /mnt/c/Users/Raj/OneDrive - Åbo Akademi O365/banking/venv/lib/python3.12/site-packages/airflow/example_dags/example_latest_only_with_trigger.py
Traceback (most recent call last):
  File "/mnt/c/Users/Raj/OneDrive - Åbo Akademi O365/banking/venv/lib/python3.12/site-packages/airflow/models/dagbag.py", line 351, in parse
    dag_id,
  File "<frozen importlib._bootstrap_external>", line 995, in exec_module
  File "<frozen importlib._bootstrap>", line 488, in _call_with_frames_removed
  File "/mnt/c/Users/Raj/OneDrive - Åbo Akademi O365/banking/venv/lib/python3.12/site-packages/airflow/example_dags/example_latest_only_with_trigger.py", line 29, in <module>
    from airflow.providers.standard.operators.empty import EmptyOperator
ModuleNotFoundError: No module named 'airflow.providers.standard'
[2025-11-20T22:32:17.104+0500] {processor.py:842} WARNING - No viable dags retrieved from /mnt/c/Users/Raj/OneDrive - Åbo Akademi O365/banking/venv/lib/python3.12/site-packages/airflow/example_dags/example_latest_only_with_trigger.py
[2025-11-20T22:32:17.191+0500] {processor.py:183} INFO - Processing /mnt/c/Users/Raj/OneDrive - Åbo Akademi O365/banking/venv/lib/python3.12/site-packages/airflow/example_dags/example_latest_only_with_trigger.py took 0.196 seconds
