[2025-11-20T20:36:02.885+0500] {processor.py:161} INFO - Started process (PID=12031) to work on /mnt/c/Users/Raj/OneDrive - Åbo Akademi O365/banking/venv/lib/python3.12/site-packages/airflow/example_dags/example_params_ui_tutorial.py
[2025-11-20T20:36:02.888+0500] {processor.py:830} INFO - Processing file /mnt/c/Users/Raj/OneDrive - Åbo Akademi O365/banking/venv/lib/python3.12/site-packages/airflow/example_dags/example_params_ui_tutorial.py for tasks to queue
[2025-11-20T20:36:02.895+0500] {logging_mixin.py:188} INFO - [2025-11-20T20:36:02.893+0500] {dagbag.py:545} INFO - Filling up the DagBag from /mnt/c/Users/Raj/OneDrive - Åbo Akademi O365/banking/venv/lib/python3.12/site-packages/airflow/example_dags/example_params_ui_tutorial.py
[2025-11-20T20:36:02.956+0500] {processor.py:840} INFO - DAG(s) 'example_params_ui_tutorial' retrieved from /mnt/c/Users/Raj/OneDrive - Åbo Akademi O365/banking/venv/lib/python3.12/site-packages/airflow/example_dags/example_params_ui_tutorial.py
[2025-11-20T20:36:04.775+0500] {logging_mixin.py:188} INFO - [2025-11-20T20:36:04.773+0500] {override.py:1829} INFO - Created Permission View: can delete on DAG:example_params_ui_tutorial
[2025-11-20T20:36:04.843+0500] {logging_mixin.py:188} INFO - [2025-11-20T20:36:04.840+0500] {override.py:1829} INFO - Created Permission View: can read on DAG:example_params_ui_tutorial
[2025-11-20T20:36:04.897+0500] {logging_mixin.py:188} INFO - [2025-11-20T20:36:04.895+0500] {override.py:1829} INFO - Created Permission View: can edit on DAG:example_params_ui_tutorial
[2025-11-20T20:36:04.900+0500] {logging_mixin.py:188} INFO - [2025-11-20T20:36:04.898+0500] {dag.py:3096} INFO - Sync 1 DAGs
[2025-11-20T20:36:04.929+0500] {logging_mixin.py:188} INFO - [2025-11-20T20:36:04.927+0500] {dag.py:3118} INFO - Creating ORM DAG for example_params_ui_tutorial
[2025-11-20T20:36:04.932+0500] {logging_mixin.py:188} INFO - [2025-11-20T20:36:04.931+0500] {dag.py:3954} INFO - Setting next_dagrun for example_params_ui_tutorial to None, run_after=None
[2025-11-20T20:36:05.037+0500] {processor.py:183} INFO - Processing /mnt/c/Users/Raj/OneDrive - Åbo Akademi O365/banking/venv/lib/python3.12/site-packages/airflow/example_dags/example_params_ui_tutorial.py took 2.173 seconds
[2025-11-20T20:37:53.614+0500] {processor.py:161} INFO - Started process (PID=12465) to work on /mnt/c/Users/Raj/OneDrive - Åbo Akademi O365/banking/venv/lib/python3.12/site-packages/airflow/example_dags/example_params_ui_tutorial.py
[2025-11-20T20:37:53.616+0500] {processor.py:830} INFO - Processing file /mnt/c/Users/Raj/OneDrive - Åbo Akademi O365/banking/venv/lib/python3.12/site-packages/airflow/example_dags/example_params_ui_tutorial.py for tasks to queue
[2025-11-20T20:37:53.622+0500] {logging_mixin.py:188} INFO - [2025-11-20T20:37:53.620+0500] {dagbag.py:545} INFO - Filling up the DagBag from /mnt/c/Users/Raj/OneDrive - Åbo Akademi O365/banking/venv/lib/python3.12/site-packages/airflow/example_dags/example_params_ui_tutorial.py
[2025-11-20T20:37:53.681+0500] {processor.py:840} INFO - DAG(s) 'example_params_ui_tutorial' retrieved from /mnt/c/Users/Raj/OneDrive - Åbo Akademi O365/banking/venv/lib/python3.12/site-packages/airflow/example_dags/example_params_ui_tutorial.py
[2025-11-20T20:37:53.768+0500] {logging_mixin.py:188} INFO - [2025-11-20T20:37:53.767+0500] {dag.py:3096} INFO - Sync 1 DAGs
[2025-11-20T20:37:53.790+0500] {logging_mixin.py:188} INFO - [2025-11-20T20:37:53.789+0500] {dag.py:3954} INFO - Setting next_dagrun for example_params_ui_tutorial to None, run_after=None
[2025-11-20T20:37:53.888+0500] {processor.py:183} INFO - Processing /mnt/c/Users/Raj/OneDrive - Åbo Akademi O365/banking/venv/lib/python3.12/site-packages/airflow/example_dags/example_params_ui_tutorial.py took 0.295 seconds
[2025-11-20T20:39:15.487+0500] {processor.py:161} INFO - Started process (PID=12747) to work on /mnt/c/Users/Raj/OneDrive - Åbo Akademi O365/banking/venv/lib/python3.12/site-packages/airflow/example_dags/example_params_ui_tutorial.py
[2025-11-20T20:39:15.490+0500] {processor.py:830} INFO - Processing file /mnt/c/Users/Raj/OneDrive - Åbo Akademi O365/banking/venv/lib/python3.12/site-packages/airflow/example_dags/example_params_ui_tutorial.py for tasks to queue
[2025-11-20T20:39:15.494+0500] {logging_mixin.py:188} INFO - [2025-11-20T20:39:15.493+0500] {dagbag.py:545} INFO - Filling up the DagBag from /mnt/c/Users/Raj/OneDrive - Åbo Akademi O365/banking/venv/lib/python3.12/site-packages/airflow/example_dags/example_params_ui_tutorial.py
[2025-11-20T20:39:15.539+0500] {processor.py:840} INFO - DAG(s) 'example_params_ui_tutorial' retrieved from /mnt/c/Users/Raj/OneDrive - Åbo Akademi O365/banking/venv/lib/python3.12/site-packages/airflow/example_dags/example_params_ui_tutorial.py
[2025-11-20T20:39:15.617+0500] {logging_mixin.py:188} INFO - [2025-11-20T20:39:15.616+0500] {dag.py:3096} INFO - Sync 1 DAGs
[2025-11-20T20:39:15.646+0500] {logging_mixin.py:188} INFO - [2025-11-20T20:39:15.645+0500] {dag.py:3954} INFO - Setting next_dagrun for example_params_ui_tutorial to None, run_after=None
[2025-11-20T20:39:15.741+0500] {processor.py:183} INFO - Processing /mnt/c/Users/Raj/OneDrive - Åbo Akademi O365/banking/venv/lib/python3.12/site-packages/airflow/example_dags/example_params_ui_tutorial.py took 0.270 seconds
[2025-11-20T20:40:33.583+0500] {processor.py:161} INFO - Started process (PID=13016) to work on /mnt/c/Users/Raj/OneDrive - Åbo Akademi O365/banking/venv/lib/python3.12/site-packages/airflow/example_dags/example_params_ui_tutorial.py
[2025-11-20T20:40:33.586+0500] {processor.py:830} INFO - Processing file /mnt/c/Users/Raj/OneDrive - Åbo Akademi O365/banking/venv/lib/python3.12/site-packages/airflow/example_dags/example_params_ui_tutorial.py for tasks to queue
[2025-11-20T20:40:33.592+0500] {logging_mixin.py:188} INFO - [2025-11-20T20:40:33.590+0500] {dagbag.py:545} INFO - Filling up the DagBag from /mnt/c/Users/Raj/OneDrive - Åbo Akademi O365/banking/venv/lib/python3.12/site-packages/airflow/example_dags/example_params_ui_tutorial.py
[2025-11-20T20:40:33.650+0500] {processor.py:840} INFO - DAG(s) 'example_params_ui_tutorial' retrieved from /mnt/c/Users/Raj/OneDrive - Åbo Akademi O365/banking/venv/lib/python3.12/site-packages/airflow/example_dags/example_params_ui_tutorial.py
[2025-11-20T20:40:33.780+0500] {logging_mixin.py:188} INFO - [2025-11-20T20:40:33.776+0500] {dag.py:3096} INFO - Sync 1 DAGs
[2025-11-20T20:40:33.805+0500] {logging_mixin.py:188} INFO - [2025-11-20T20:40:33.804+0500] {dag.py:3954} INFO - Setting next_dagrun for example_params_ui_tutorial to None, run_after=None
[2025-11-20T20:40:33.892+0500] {processor.py:183} INFO - Processing /mnt/c/Users/Raj/OneDrive - Åbo Akademi O365/banking/venv/lib/python3.12/site-packages/airflow/example_dags/example_params_ui_tutorial.py took 0.331 seconds
[2025-11-20T20:41:52.390+0500] {processor.py:161} INFO - Started process (PID=13283) to work on /mnt/c/Users/Raj/OneDrive - Åbo Akademi O365/banking/venv/lib/python3.12/site-packages/airflow/example_dags/example_params_ui_tutorial.py
[2025-11-20T20:41:52.393+0500] {processor.py:830} INFO - Processing file /mnt/c/Users/Raj/OneDrive - Åbo Akademi O365/banking/venv/lib/python3.12/site-packages/airflow/example_dags/example_params_ui_tutorial.py for tasks to queue
[2025-11-20T20:41:52.398+0500] {logging_mixin.py:188} INFO - [2025-11-20T20:41:52.397+0500] {dagbag.py:545} INFO - Filling up the DagBag from /mnt/c/Users/Raj/OneDrive - Åbo Akademi O365/banking/venv/lib/python3.12/site-packages/airflow/example_dags/example_params_ui_tutorial.py
[2025-11-20T20:41:52.443+0500] {processor.py:840} INFO - DAG(s) 'example_params_ui_tutorial' retrieved from /mnt/c/Users/Raj/OneDrive - Åbo Akademi O365/banking/venv/lib/python3.12/site-packages/airflow/example_dags/example_params_ui_tutorial.py
[2025-11-20T20:41:52.525+0500] {logging_mixin.py:188} INFO - [2025-11-20T20:41:52.524+0500] {dag.py:3096} INFO - Sync 1 DAGs
[2025-11-20T20:41:52.545+0500] {logging_mixin.py:188} INFO - [2025-11-20T20:41:52.543+0500] {dag.py:3954} INFO - Setting next_dagrun for example_params_ui_tutorial to None, run_after=None
[2025-11-20T20:41:52.632+0500] {processor.py:183} INFO - Processing /mnt/c/Users/Raj/OneDrive - Åbo Akademi O365/banking/venv/lib/python3.12/site-packages/airflow/example_dags/example_params_ui_tutorial.py took 0.262 seconds
[2025-11-20T20:43:09.799+0500] {processor.py:161} INFO - Started process (PID=13545) to work on /mnt/c/Users/Raj/OneDrive - Åbo Akademi O365/banking/venv/lib/python3.12/site-packages/airflow/example_dags/example_params_ui_tutorial.py
[2025-11-20T20:43:09.802+0500] {processor.py:830} INFO - Processing file /mnt/c/Users/Raj/OneDrive - Åbo Akademi O365/banking/venv/lib/python3.12/site-packages/airflow/example_dags/example_params_ui_tutorial.py for tasks to queue
[2025-11-20T20:43:09.808+0500] {logging_mixin.py:188} INFO - [2025-11-20T20:43:09.806+0500] {dagbag.py:545} INFO - Filling up the DagBag from /mnt/c/Users/Raj/OneDrive - Åbo Akademi O365/banking/venv/lib/python3.12/site-packages/airflow/example_dags/example_params_ui_tutorial.py
[2025-11-20T20:43:09.856+0500] {processor.py:840} INFO - DAG(s) 'example_params_ui_tutorial' retrieved from /mnt/c/Users/Raj/OneDrive - Åbo Akademi O365/banking/venv/lib/python3.12/site-packages/airflow/example_dags/example_params_ui_tutorial.py
[2025-11-20T20:43:09.957+0500] {logging_mixin.py:188} INFO - [2025-11-20T20:43:09.956+0500] {dag.py:3096} INFO - Sync 1 DAGs
[2025-11-20T20:43:09.989+0500] {logging_mixin.py:188} INFO - [2025-11-20T20:43:09.987+0500] {dag.py:3954} INFO - Setting next_dagrun for example_params_ui_tutorial to None, run_after=None
[2025-11-20T20:43:10.088+0500] {processor.py:183} INFO - Processing /mnt/c/Users/Raj/OneDrive - Åbo Akademi O365/banking/venv/lib/python3.12/site-packages/airflow/example_dags/example_params_ui_tutorial.py took 0.311 seconds
[2025-11-20T20:44:34.122+0500] {processor.py:161} INFO - Started process (PID=13854) to work on /mnt/c/Users/Raj/OneDrive - Åbo Akademi O365/banking/venv/lib/python3.12/site-packages/airflow/example_dags/example_params_ui_tutorial.py
[2025-11-20T20:44:34.125+0500] {processor.py:830} INFO - Processing file /mnt/c/Users/Raj/OneDrive - Åbo Akademi O365/banking/venv/lib/python3.12/site-packages/airflow/example_dags/example_params_ui_tutorial.py for tasks to queue
[2025-11-20T20:44:34.130+0500] {logging_mixin.py:188} INFO - [2025-11-20T20:44:34.128+0500] {dagbag.py:545} INFO - Filling up the DagBag from /mnt/c/Users/Raj/OneDrive - Åbo Akademi O365/banking/venv/lib/python3.12/site-packages/airflow/example_dags/example_params_ui_tutorial.py
[2025-11-20T20:44:34.189+0500] {processor.py:840} INFO - DAG(s) 'example_params_ui_tutorial' retrieved from /mnt/c/Users/Raj/OneDrive - Åbo Akademi O365/banking/venv/lib/python3.12/site-packages/airflow/example_dags/example_params_ui_tutorial.py
[2025-11-20T20:44:34.262+0500] {logging_mixin.py:188} INFO - [2025-11-20T20:44:34.260+0500] {dag.py:3096} INFO - Sync 1 DAGs
[2025-11-20T20:44:34.286+0500] {logging_mixin.py:188} INFO - [2025-11-20T20:44:34.284+0500] {dag.py:3954} INFO - Setting next_dagrun for example_params_ui_tutorial to None, run_after=None
[2025-11-20T20:44:34.373+0500] {processor.py:183} INFO - Processing /mnt/c/Users/Raj/OneDrive - Åbo Akademi O365/banking/venv/lib/python3.12/site-packages/airflow/example_dags/example_params_ui_tutorial.py took 0.270 seconds
[2025-11-20T20:45:55.703+0500] {processor.py:161} INFO - Started process (PID=14134) to work on /mnt/c/Users/Raj/OneDrive - Åbo Akademi O365/banking/venv/lib/python3.12/site-packages/airflow/example_dags/example_params_ui_tutorial.py
[2025-11-20T20:45:55.706+0500] {processor.py:830} INFO - Processing file /mnt/c/Users/Raj/OneDrive - Åbo Akademi O365/banking/venv/lib/python3.12/site-packages/airflow/example_dags/example_params_ui_tutorial.py for tasks to queue
[2025-11-20T20:45:55.713+0500] {logging_mixin.py:188} INFO - [2025-11-20T20:45:55.710+0500] {dagbag.py:545} INFO - Filling up the DagBag from /mnt/c/Users/Raj/OneDrive - Åbo Akademi O365/banking/venv/lib/python3.12/site-packages/airflow/example_dags/example_params_ui_tutorial.py
[2025-11-20T20:45:55.772+0500] {processor.py:840} INFO - DAG(s) 'example_params_ui_tutorial' retrieved from /mnt/c/Users/Raj/OneDrive - Åbo Akademi O365/banking/venv/lib/python3.12/site-packages/airflow/example_dags/example_params_ui_tutorial.py
[2025-11-20T20:45:55.867+0500] {logging_mixin.py:188} INFO - [2025-11-20T20:45:55.865+0500] {dag.py:3096} INFO - Sync 1 DAGs
[2025-11-20T20:45:55.896+0500] {logging_mixin.py:188} INFO - [2025-11-20T20:45:55.894+0500] {dag.py:3954} INFO - Setting next_dagrun for example_params_ui_tutorial to None, run_after=None
[2025-11-20T20:45:56.011+0500] {processor.py:183} INFO - Processing /mnt/c/Users/Raj/OneDrive - Åbo Akademi O365/banking/venv/lib/python3.12/site-packages/airflow/example_dags/example_params_ui_tutorial.py took 0.330 seconds
[2025-11-20T20:47:09.054+0500] {processor.py:161} INFO - Started process (PID=14545) to work on /mnt/c/Users/Raj/OneDrive - Åbo Akademi O365/banking/venv/lib/python3.12/site-packages/airflow/example_dags/example_params_ui_tutorial.py
[2025-11-20T20:47:09.057+0500] {processor.py:830} INFO - Processing file /mnt/c/Users/Raj/OneDrive - Åbo Akademi O365/banking/venv/lib/python3.12/site-packages/airflow/example_dags/example_params_ui_tutorial.py for tasks to queue
[2025-11-20T20:47:09.064+0500] {logging_mixin.py:188} INFO - [2025-11-20T20:47:09.062+0500] {dagbag.py:545} INFO - Filling up the DagBag from /mnt/c/Users/Raj/OneDrive - Åbo Akademi O365/banking/venv/lib/python3.12/site-packages/airflow/example_dags/example_params_ui_tutorial.py
[2025-11-20T20:47:09.105+0500] {processor.py:840} INFO - DAG(s) 'example_params_ui_tutorial' retrieved from /mnt/c/Users/Raj/OneDrive - Åbo Akademi O365/banking/venv/lib/python3.12/site-packages/airflow/example_dags/example_params_ui_tutorial.py
[2025-11-20T20:47:09.188+0500] {logging_mixin.py:188} INFO - [2025-11-20T20:47:09.187+0500] {dag.py:3096} INFO - Sync 1 DAGs
[2025-11-20T20:47:09.208+0500] {logging_mixin.py:188} INFO - [2025-11-20T20:47:09.207+0500] {dag.py:3954} INFO - Setting next_dagrun for example_params_ui_tutorial to None, run_after=None
[2025-11-20T20:47:09.310+0500] {processor.py:183} INFO - Processing /mnt/c/Users/Raj/OneDrive - Åbo Akademi O365/banking/venv/lib/python3.12/site-packages/airflow/example_dags/example_params_ui_tutorial.py took 0.273 seconds
[2025-11-20T20:48:26.316+0500] {processor.py:161} INFO - Started process (PID=14807) to work on /mnt/c/Users/Raj/OneDrive - Åbo Akademi O365/banking/venv/lib/python3.12/site-packages/airflow/example_dags/example_params_ui_tutorial.py
[2025-11-20T20:48:26.319+0500] {processor.py:830} INFO - Processing file /mnt/c/Users/Raj/OneDrive - Åbo Akademi O365/banking/venv/lib/python3.12/site-packages/airflow/example_dags/example_params_ui_tutorial.py for tasks to queue
[2025-11-20T20:48:26.324+0500] {logging_mixin.py:188} INFO - [2025-11-20T20:48:26.322+0500] {dagbag.py:545} INFO - Filling up the DagBag from /mnt/c/Users/Raj/OneDrive - Åbo Akademi O365/banking/venv/lib/python3.12/site-packages/airflow/example_dags/example_params_ui_tutorial.py
[2025-11-20T20:48:26.387+0500] {processor.py:840} INFO - DAG(s) 'example_params_ui_tutorial' retrieved from /mnt/c/Users/Raj/OneDrive - Åbo Akademi O365/banking/venv/lib/python3.12/site-packages/airflow/example_dags/example_params_ui_tutorial.py
[2025-11-20T20:48:26.467+0500] {logging_mixin.py:188} INFO - [2025-11-20T20:48:26.466+0500] {dag.py:3096} INFO - Sync 1 DAGs
[2025-11-20T20:48:26.488+0500] {logging_mixin.py:188} INFO - [2025-11-20T20:48:26.487+0500] {dag.py:3954} INFO - Setting next_dagrun for example_params_ui_tutorial to None, run_after=None
[2025-11-20T20:48:26.566+0500] {processor.py:183} INFO - Processing /mnt/c/Users/Raj/OneDrive - Åbo Akademi O365/banking/venv/lib/python3.12/site-packages/airflow/example_dags/example_params_ui_tutorial.py took 0.272 seconds
[2025-11-20T21:56:22.819+0500] {processor.py:161} INFO - Started process (PID=886) to work on /mnt/c/Users/Raj/OneDrive - Åbo Akademi O365/banking/venv/lib/python3.12/site-packages/airflow/example_dags/example_params_ui_tutorial.py
[2025-11-20T21:56:22.823+0500] {processor.py:830} INFO - Processing file /mnt/c/Users/Raj/OneDrive - Åbo Akademi O365/banking/venv/lib/python3.12/site-packages/airflow/example_dags/example_params_ui_tutorial.py for tasks to queue
[2025-11-20T21:56:22.829+0500] {logging_mixin.py:188} INFO - [2025-11-20T21:56:22.827+0500] {dagbag.py:545} INFO - Filling up the DagBag from /mnt/c/Users/Raj/OneDrive - Åbo Akademi O365/banking/venv/lib/python3.12/site-packages/airflow/example_dags/example_params_ui_tutorial.py
[2025-11-20T21:56:22.904+0500] {processor.py:840} INFO - DAG(s) 'example_params_ui_tutorial' retrieved from /mnt/c/Users/Raj/OneDrive - Åbo Akademi O365/banking/venv/lib/python3.12/site-packages/airflow/example_dags/example_params_ui_tutorial.py
[2025-11-20T21:56:24.841+0500] {logging_mixin.py:188} INFO - [2025-11-20T21:56:24.837+0500] {dag.py:3096} INFO - Sync 1 DAGs
[2025-11-20T21:56:24.870+0500] {logging_mixin.py:188} INFO - [2025-11-20T21:56:24.868+0500] {dag.py:3954} INFO - Setting next_dagrun for example_params_ui_tutorial to None, run_after=None
[2025-11-20T21:56:24.988+0500] {processor.py:183} INFO - Processing /mnt/c/Users/Raj/OneDrive - Åbo Akademi O365/banking/venv/lib/python3.12/site-packages/airflow/example_dags/example_params_ui_tutorial.py took 2.189 seconds
[2025-11-20T21:58:07.109+0500] {processor.py:161} INFO - Started process (PID=967) to work on /mnt/c/Users/Raj/OneDrive - Åbo Akademi O365/banking/venv/lib/python3.12/site-packages/airflow/example_dags/example_params_ui_tutorial.py
[2025-11-20T21:58:07.112+0500] {processor.py:830} INFO - Processing file /mnt/c/Users/Raj/OneDrive - Åbo Akademi O365/banking/venv/lib/python3.12/site-packages/airflow/example_dags/example_params_ui_tutorial.py for tasks to queue
[2025-11-20T21:58:07.117+0500] {logging_mixin.py:188} INFO - [2025-11-20T21:58:07.115+0500] {dagbag.py:545} INFO - Filling up the DagBag from /mnt/c/Users/Raj/OneDrive - Åbo Akademi O365/banking/venv/lib/python3.12/site-packages/airflow/example_dags/example_params_ui_tutorial.py
[2025-11-20T21:58:07.159+0500] {processor.py:840} INFO - DAG(s) 'example_params_ui_tutorial' retrieved from /mnt/c/Users/Raj/OneDrive - Åbo Akademi O365/banking/venv/lib/python3.12/site-packages/airflow/example_dags/example_params_ui_tutorial.py
[2025-11-20T21:58:07.252+0500] {logging_mixin.py:188} INFO - [2025-11-20T21:58:07.250+0500] {dag.py:3096} INFO - Sync 1 DAGs
[2025-11-20T21:58:07.274+0500] {logging_mixin.py:188} INFO - [2025-11-20T21:58:07.272+0500] {dag.py:3954} INFO - Setting next_dagrun for example_params_ui_tutorial to None, run_after=None
[2025-11-20T21:58:07.374+0500] {processor.py:183} INFO - Processing /mnt/c/Users/Raj/OneDrive - Åbo Akademi O365/banking/venv/lib/python3.12/site-packages/airflow/example_dags/example_params_ui_tutorial.py took 0.286 seconds
[2025-11-20T21:59:29.765+0500] {processor.py:161} INFO - Started process (PID=1067) to work on /mnt/c/Users/Raj/OneDrive - Åbo Akademi O365/banking/venv/lib/python3.12/site-packages/airflow/example_dags/example_params_ui_tutorial.py
[2025-11-20T21:59:29.768+0500] {processor.py:830} INFO - Processing file /mnt/c/Users/Raj/OneDrive - Åbo Akademi O365/banking/venv/lib/python3.12/site-packages/airflow/example_dags/example_params_ui_tutorial.py for tasks to queue
[2025-11-20T21:59:29.774+0500] {logging_mixin.py:188} INFO - [2025-11-20T21:59:29.773+0500] {dagbag.py:545} INFO - Filling up the DagBag from /mnt/c/Users/Raj/OneDrive - Åbo Akademi O365/banking/venv/lib/python3.12/site-packages/airflow/example_dags/example_params_ui_tutorial.py
[2025-11-20T21:59:29.823+0500] {processor.py:840} INFO - DAG(s) 'example_params_ui_tutorial' retrieved from /mnt/c/Users/Raj/OneDrive - Åbo Akademi O365/banking/venv/lib/python3.12/site-packages/airflow/example_dags/example_params_ui_tutorial.py
[2025-11-20T21:59:29.894+0500] {logging_mixin.py:188} INFO - [2025-11-20T21:59:29.893+0500] {dag.py:3096} INFO - Sync 1 DAGs
[2025-11-20T21:59:29.927+0500] {logging_mixin.py:188} INFO - [2025-11-20T21:59:29.926+0500] {dag.py:3954} INFO - Setting next_dagrun for example_params_ui_tutorial to None, run_after=None
[2025-11-20T21:59:30.015+0500] {processor.py:183} INFO - Processing /mnt/c/Users/Raj/OneDrive - Åbo Akademi O365/banking/venv/lib/python3.12/site-packages/airflow/example_dags/example_params_ui_tutorial.py took 0.270 seconds
[2025-11-20T22:00:46.020+0500] {processor.py:161} INFO - Started process (PID=1124) to work on /mnt/c/Users/Raj/OneDrive - Åbo Akademi O365/banking/venv/lib/python3.12/site-packages/airflow/example_dags/example_params_ui_tutorial.py
[2025-11-20T22:00:46.023+0500] {processor.py:830} INFO - Processing file /mnt/c/Users/Raj/OneDrive - Åbo Akademi O365/banking/venv/lib/python3.12/site-packages/airflow/example_dags/example_params_ui_tutorial.py for tasks to queue
[2025-11-20T22:00:46.029+0500] {logging_mixin.py:188} INFO - [2025-11-20T22:00:46.027+0500] {dagbag.py:545} INFO - Filling up the DagBag from /mnt/c/Users/Raj/OneDrive - Åbo Akademi O365/banking/venv/lib/python3.12/site-packages/airflow/example_dags/example_params_ui_tutorial.py
[2025-11-20T22:00:46.086+0500] {processor.py:840} INFO - DAG(s) 'example_params_ui_tutorial' retrieved from /mnt/c/Users/Raj/OneDrive - Åbo Akademi O365/banking/venv/lib/python3.12/site-packages/airflow/example_dags/example_params_ui_tutorial.py
[2025-11-20T22:00:46.178+0500] {logging_mixin.py:188} INFO - [2025-11-20T22:00:46.176+0500] {dag.py:3096} INFO - Sync 1 DAGs
[2025-11-20T22:00:46.200+0500] {logging_mixin.py:188} INFO - [2025-11-20T22:00:46.198+0500] {dag.py:3954} INFO - Setting next_dagrun for example_params_ui_tutorial to None, run_after=None
[2025-11-20T22:00:46.303+0500] {processor.py:183} INFO - Processing /mnt/c/Users/Raj/OneDrive - Åbo Akademi O365/banking/venv/lib/python3.12/site-packages/airflow/example_dags/example_params_ui_tutorial.py took 0.307 seconds
[2025-11-20T22:02:14.040+0500] {processor.py:161} INFO - Started process (PID=1185) to work on /mnt/c/Users/Raj/OneDrive - Åbo Akademi O365/banking/venv/lib/python3.12/site-packages/airflow/example_dags/example_params_ui_tutorial.py
[2025-11-20T22:02:14.044+0500] {processor.py:830} INFO - Processing file /mnt/c/Users/Raj/OneDrive - Åbo Akademi O365/banking/venv/lib/python3.12/site-packages/airflow/example_dags/example_params_ui_tutorial.py for tasks to queue
[2025-11-20T22:02:14.050+0500] {logging_mixin.py:188} INFO - [2025-11-20T22:02:14.048+0500] {dagbag.py:545} INFO - Filling up the DagBag from /mnt/c/Users/Raj/OneDrive - Åbo Akademi O365/banking/venv/lib/python3.12/site-packages/airflow/example_dags/example_params_ui_tutorial.py
[2025-11-20T22:02:14.091+0500] {processor.py:840} INFO - DAG(s) 'example_params_ui_tutorial' retrieved from /mnt/c/Users/Raj/OneDrive - Åbo Akademi O365/banking/venv/lib/python3.12/site-packages/airflow/example_dags/example_params_ui_tutorial.py
[2025-11-20T22:02:14.172+0500] {logging_mixin.py:188} INFO - [2025-11-20T22:02:14.170+0500] {dag.py:3096} INFO - Sync 1 DAGs
[2025-11-20T22:02:14.191+0500] {logging_mixin.py:188} INFO - [2025-11-20T22:02:14.190+0500] {dag.py:3954} INFO - Setting next_dagrun for example_params_ui_tutorial to None, run_after=None
[2025-11-20T22:02:14.287+0500] {processor.py:183} INFO - Processing /mnt/c/Users/Raj/OneDrive - Åbo Akademi O365/banking/venv/lib/python3.12/site-packages/airflow/example_dags/example_params_ui_tutorial.py took 0.268 seconds
[2025-11-20T22:03:42.098+0500] {processor.py:161} INFO - Started process (PID=1258) to work on /mnt/c/Users/Raj/OneDrive - Åbo Akademi O365/banking/venv/lib/python3.12/site-packages/airflow/example_dags/example_params_ui_tutorial.py
[2025-11-20T22:03:42.101+0500] {processor.py:830} INFO - Processing file /mnt/c/Users/Raj/OneDrive - Åbo Akademi O365/banking/venv/lib/python3.12/site-packages/airflow/example_dags/example_params_ui_tutorial.py for tasks to queue
[2025-11-20T22:03:42.107+0500] {logging_mixin.py:188} INFO - [2025-11-20T22:03:42.105+0500] {dagbag.py:545} INFO - Filling up the DagBag from /mnt/c/Users/Raj/OneDrive - Åbo Akademi O365/banking/venv/lib/python3.12/site-packages/airflow/example_dags/example_params_ui_tutorial.py
[2025-11-20T22:03:42.162+0500] {processor.py:840} INFO - DAG(s) 'example_params_ui_tutorial' retrieved from /mnt/c/Users/Raj/OneDrive - Åbo Akademi O365/banking/venv/lib/python3.12/site-packages/airflow/example_dags/example_params_ui_tutorial.py
[2025-11-20T22:03:42.295+0500] {logging_mixin.py:188} INFO - [2025-11-20T22:03:42.293+0500] {dag.py:3096} INFO - Sync 1 DAGs
[2025-11-20T22:03:42.333+0500] {logging_mixin.py:188} INFO - [2025-11-20T22:03:42.331+0500] {dag.py:3954} INFO - Setting next_dagrun for example_params_ui_tutorial to None, run_after=None
[2025-11-20T22:03:42.476+0500] {processor.py:183} INFO - Processing /mnt/c/Users/Raj/OneDrive - Åbo Akademi O365/banking/venv/lib/python3.12/site-packages/airflow/example_dags/example_params_ui_tutorial.py took 0.400 seconds
[2025-11-20T22:05:04.332+0500] {processor.py:161} INFO - Started process (PID=1319) to work on /mnt/c/Users/Raj/OneDrive - Åbo Akademi O365/banking/venv/lib/python3.12/site-packages/airflow/example_dags/example_params_ui_tutorial.py
[2025-11-20T22:05:04.335+0500] {processor.py:830} INFO - Processing file /mnt/c/Users/Raj/OneDrive - Åbo Akademi O365/banking/venv/lib/python3.12/site-packages/airflow/example_dags/example_params_ui_tutorial.py for tasks to queue
[2025-11-20T22:05:04.341+0500] {logging_mixin.py:188} INFO - [2025-11-20T22:05:04.338+0500] {dagbag.py:545} INFO - Filling up the DagBag from /mnt/c/Users/Raj/OneDrive - Åbo Akademi O365/banking/venv/lib/python3.12/site-packages/airflow/example_dags/example_params_ui_tutorial.py
[2025-11-20T22:05:04.394+0500] {processor.py:840} INFO - DAG(s) 'example_params_ui_tutorial' retrieved from /mnt/c/Users/Raj/OneDrive - Åbo Akademi O365/banking/venv/lib/python3.12/site-packages/airflow/example_dags/example_params_ui_tutorial.py
[2025-11-20T22:05:04.478+0500] {logging_mixin.py:188} INFO - [2025-11-20T22:05:04.476+0500] {dag.py:3096} INFO - Sync 1 DAGs
[2025-11-20T22:05:04.504+0500] {logging_mixin.py:188} INFO - [2025-11-20T22:05:04.502+0500] {dag.py:3954} INFO - Setting next_dagrun for example_params_ui_tutorial to None, run_after=None
[2025-11-20T22:05:04.611+0500] {processor.py:183} INFO - Processing /mnt/c/Users/Raj/OneDrive - Åbo Akademi O365/banking/venv/lib/python3.12/site-packages/airflow/example_dags/example_params_ui_tutorial.py took 0.300 seconds
[2025-11-20T22:06:31.196+0500] {processor.py:161} INFO - Started process (PID=1387) to work on /mnt/c/Users/Raj/OneDrive - Åbo Akademi O365/banking/venv/lib/python3.12/site-packages/airflow/example_dags/example_params_ui_tutorial.py
[2025-11-20T22:06:31.198+0500] {processor.py:830} INFO - Processing file /mnt/c/Users/Raj/OneDrive - Åbo Akademi O365/banking/venv/lib/python3.12/site-packages/airflow/example_dags/example_params_ui_tutorial.py for tasks to queue
[2025-11-20T22:06:31.202+0500] {logging_mixin.py:188} INFO - [2025-11-20T22:06:31.200+0500] {dagbag.py:545} INFO - Filling up the DagBag from /mnt/c/Users/Raj/OneDrive - Åbo Akademi O365/banking/venv/lib/python3.12/site-packages/airflow/example_dags/example_params_ui_tutorial.py
[2025-11-20T22:06:31.243+0500] {processor.py:840} INFO - DAG(s) 'example_params_ui_tutorial' retrieved from /mnt/c/Users/Raj/OneDrive - Åbo Akademi O365/banking/venv/lib/python3.12/site-packages/airflow/example_dags/example_params_ui_tutorial.py
[2025-11-20T22:06:31.329+0500] {logging_mixin.py:188} INFO - [2025-11-20T22:06:31.325+0500] {dag.py:3096} INFO - Sync 1 DAGs
[2025-11-20T22:06:31.357+0500] {logging_mixin.py:188} INFO - [2025-11-20T22:06:31.355+0500] {dag.py:3954} INFO - Setting next_dagrun for example_params_ui_tutorial to None, run_after=None
[2025-11-20T22:06:31.530+0500] {processor.py:183} INFO - Processing /mnt/c/Users/Raj/OneDrive - Åbo Akademi O365/banking/venv/lib/python3.12/site-packages/airflow/example_dags/example_params_ui_tutorial.py took 0.353 seconds
[2025-11-20T22:07:58.570+0500] {processor.py:161} INFO - Started process (PID=1450) to work on /mnt/c/Users/Raj/OneDrive - Åbo Akademi O365/banking/venv/lib/python3.12/site-packages/airflow/example_dags/example_params_ui_tutorial.py
[2025-11-20T22:07:58.573+0500] {processor.py:830} INFO - Processing file /mnt/c/Users/Raj/OneDrive - Åbo Akademi O365/banking/venv/lib/python3.12/site-packages/airflow/example_dags/example_params_ui_tutorial.py for tasks to queue
[2025-11-20T22:07:58.580+0500] {logging_mixin.py:188} INFO - [2025-11-20T22:07:58.576+0500] {dagbag.py:545} INFO - Filling up the DagBag from /mnt/c/Users/Raj/OneDrive - Åbo Akademi O365/banking/venv/lib/python3.12/site-packages/airflow/example_dags/example_params_ui_tutorial.py
[2025-11-20T22:07:58.653+0500] {processor.py:840} INFO - DAG(s) 'example_params_ui_tutorial' retrieved from /mnt/c/Users/Raj/OneDrive - Åbo Akademi O365/banking/venv/lib/python3.12/site-packages/airflow/example_dags/example_params_ui_tutorial.py
[2025-11-20T22:07:58.758+0500] {logging_mixin.py:188} INFO - [2025-11-20T22:07:58.754+0500] {dag.py:3096} INFO - Sync 1 DAGs
[2025-11-20T22:07:58.784+0500] {logging_mixin.py:188} INFO - [2025-11-20T22:07:58.782+0500] {dag.py:3954} INFO - Setting next_dagrun for example_params_ui_tutorial to None, run_after=None
[2025-11-20T22:07:58.887+0500] {processor.py:183} INFO - Processing /mnt/c/Users/Raj/OneDrive - Åbo Akademi O365/banking/venv/lib/python3.12/site-packages/airflow/example_dags/example_params_ui_tutorial.py took 0.345 seconds
[2025-11-20T22:09:28.414+0500] {processor.py:161} INFO - Started process (PID=1516) to work on /mnt/c/Users/Raj/OneDrive - Åbo Akademi O365/banking/venv/lib/python3.12/site-packages/airflow/example_dags/example_params_ui_tutorial.py
[2025-11-20T22:09:28.417+0500] {processor.py:830} INFO - Processing file /mnt/c/Users/Raj/OneDrive - Åbo Akademi O365/banking/venv/lib/python3.12/site-packages/airflow/example_dags/example_params_ui_tutorial.py for tasks to queue
[2025-11-20T22:09:28.420+0500] {logging_mixin.py:188} INFO - [2025-11-20T22:09:28.418+0500] {dagbag.py:545} INFO - Filling up the DagBag from /mnt/c/Users/Raj/OneDrive - Åbo Akademi O365/banking/venv/lib/python3.12/site-packages/airflow/example_dags/example_params_ui_tutorial.py
[2025-11-20T22:09:28.478+0500] {processor.py:840} INFO - DAG(s) 'example_params_ui_tutorial' retrieved from /mnt/c/Users/Raj/OneDrive - Åbo Akademi O365/banking/venv/lib/python3.12/site-packages/airflow/example_dags/example_params_ui_tutorial.py
[2025-11-20T22:09:28.571+0500] {logging_mixin.py:188} INFO - [2025-11-20T22:09:28.570+0500] {dag.py:3096} INFO - Sync 1 DAGs
[2025-11-20T22:09:28.599+0500] {logging_mixin.py:188} INFO - [2025-11-20T22:09:28.595+0500] {dag.py:3954} INFO - Setting next_dagrun for example_params_ui_tutorial to None, run_after=None
[2025-11-20T22:09:28.709+0500] {processor.py:183} INFO - Processing /mnt/c/Users/Raj/OneDrive - Åbo Akademi O365/banking/venv/lib/python3.12/site-packages/airflow/example_dags/example_params_ui_tutorial.py took 0.320 seconds
[2025-11-20T22:11:02.578+0500] {processor.py:161} INFO - Started process (PID=1583) to work on /mnt/c/Users/Raj/OneDrive - Åbo Akademi O365/banking/venv/lib/python3.12/site-packages/airflow/example_dags/example_params_ui_tutorial.py
[2025-11-20T22:11:02.581+0500] {processor.py:830} INFO - Processing file /mnt/c/Users/Raj/OneDrive - Åbo Akademi O365/banking/venv/lib/python3.12/site-packages/airflow/example_dags/example_params_ui_tutorial.py for tasks to queue
[2025-11-20T22:11:02.588+0500] {logging_mixin.py:188} INFO - [2025-11-20T22:11:02.585+0500] {dagbag.py:545} INFO - Filling up the DagBag from /mnt/c/Users/Raj/OneDrive - Åbo Akademi O365/banking/venv/lib/python3.12/site-packages/airflow/example_dags/example_params_ui_tutorial.py
[2025-11-20T22:11:02.727+0500] {processor.py:840} INFO - DAG(s) 'example_params_ui_tutorial' retrieved from /mnt/c/Users/Raj/OneDrive - Åbo Akademi O365/banking/venv/lib/python3.12/site-packages/airflow/example_dags/example_params_ui_tutorial.py
[2025-11-20T22:11:02.932+0500] {logging_mixin.py:188} INFO - [2025-11-20T22:11:02.931+0500] {dag.py:3096} INFO - Sync 1 DAGs
[2025-11-20T22:11:02.959+0500] {logging_mixin.py:188} INFO - [2025-11-20T22:11:02.957+0500] {dag.py:3954} INFO - Setting next_dagrun for example_params_ui_tutorial to None, run_after=None
[2025-11-20T22:11:03.083+0500] {processor.py:183} INFO - Processing /mnt/c/Users/Raj/OneDrive - Åbo Akademi O365/banking/venv/lib/python3.12/site-packages/airflow/example_dags/example_params_ui_tutorial.py took 0.545 seconds
[2025-11-20T22:12:23.840+0500] {processor.py:161} INFO - Started process (PID=1651) to work on /mnt/c/Users/Raj/OneDrive - Åbo Akademi O365/banking/venv/lib/python3.12/site-packages/airflow/example_dags/example_params_ui_tutorial.py
[2025-11-20T22:12:23.841+0500] {processor.py:830} INFO - Processing file /mnt/c/Users/Raj/OneDrive - Åbo Akademi O365/banking/venv/lib/python3.12/site-packages/airflow/example_dags/example_params_ui_tutorial.py for tasks to queue
[2025-11-20T22:12:23.844+0500] {logging_mixin.py:188} INFO - [2025-11-20T22:12:23.843+0500] {dagbag.py:545} INFO - Filling up the DagBag from /mnt/c/Users/Raj/OneDrive - Åbo Akademi O365/banking/venv/lib/python3.12/site-packages/airflow/example_dags/example_params_ui_tutorial.py
[2025-11-20T22:12:23.894+0500] {processor.py:840} INFO - DAG(s) 'example_params_ui_tutorial' retrieved from /mnt/c/Users/Raj/OneDrive - Åbo Akademi O365/banking/venv/lib/python3.12/site-packages/airflow/example_dags/example_params_ui_tutorial.py
[2025-11-20T22:12:23.983+0500] {logging_mixin.py:188} INFO - [2025-11-20T22:12:23.982+0500] {dag.py:3096} INFO - Sync 1 DAGs
[2025-11-20T22:12:24.004+0500] {logging_mixin.py:188} INFO - [2025-11-20T22:12:24.003+0500] {dag.py:3954} INFO - Setting next_dagrun for example_params_ui_tutorial to None, run_after=None
[2025-11-20T22:12:24.104+0500] {processor.py:183} INFO - Processing /mnt/c/Users/Raj/OneDrive - Åbo Akademi O365/banking/venv/lib/python3.12/site-packages/airflow/example_dags/example_params_ui_tutorial.py took 0.279 seconds
[2025-11-20T22:13:49.060+0500] {processor.py:161} INFO - Started process (PID=1715) to work on /mnt/c/Users/Raj/OneDrive - Åbo Akademi O365/banking/venv/lib/python3.12/site-packages/airflow/example_dags/example_params_ui_tutorial.py
[2025-11-20T22:13:49.063+0500] {processor.py:830} INFO - Processing file /mnt/c/Users/Raj/OneDrive - Åbo Akademi O365/banking/venv/lib/python3.12/site-packages/airflow/example_dags/example_params_ui_tutorial.py for tasks to queue
[2025-11-20T22:13:49.067+0500] {logging_mixin.py:188} INFO - [2025-11-20T22:13:49.065+0500] {dagbag.py:545} INFO - Filling up the DagBag from /mnt/c/Users/Raj/OneDrive - Åbo Akademi O365/banking/venv/lib/python3.12/site-packages/airflow/example_dags/example_params_ui_tutorial.py
[2025-11-20T22:13:49.118+0500] {processor.py:840} INFO - DAG(s) 'example_params_ui_tutorial' retrieved from /mnt/c/Users/Raj/OneDrive - Åbo Akademi O365/banking/venv/lib/python3.12/site-packages/airflow/example_dags/example_params_ui_tutorial.py
[2025-11-20T22:13:49.193+0500] {logging_mixin.py:188} INFO - [2025-11-20T22:13:49.192+0500] {dag.py:3096} INFO - Sync 1 DAGs
[2025-11-20T22:13:49.213+0500] {logging_mixin.py:188} INFO - [2025-11-20T22:13:49.212+0500] {dag.py:3954} INFO - Setting next_dagrun for example_params_ui_tutorial to None, run_after=None
[2025-11-20T22:13:49.323+0500] {processor.py:183} INFO - Processing /mnt/c/Users/Raj/OneDrive - Åbo Akademi O365/banking/venv/lib/python3.12/site-packages/airflow/example_dags/example_params_ui_tutorial.py took 0.281 seconds
[2025-11-20T22:15:12.923+0500] {processor.py:161} INFO - Started process (PID=1776) to work on /mnt/c/Users/Raj/OneDrive - Åbo Akademi O365/banking/venv/lib/python3.12/site-packages/airflow/example_dags/example_params_ui_tutorial.py
[2025-11-20T22:15:12.926+0500] {processor.py:830} INFO - Processing file /mnt/c/Users/Raj/OneDrive - Åbo Akademi O365/banking/venv/lib/python3.12/site-packages/airflow/example_dags/example_params_ui_tutorial.py for tasks to queue
[2025-11-20T22:15:12.931+0500] {logging_mixin.py:188} INFO - [2025-11-20T22:15:12.929+0500] {dagbag.py:545} INFO - Filling up the DagBag from /mnt/c/Users/Raj/OneDrive - Åbo Akademi O365/banking/venv/lib/python3.12/site-packages/airflow/example_dags/example_params_ui_tutorial.py
[2025-11-20T22:15:12.994+0500] {processor.py:840} INFO - DAG(s) 'example_params_ui_tutorial' retrieved from /mnt/c/Users/Raj/OneDrive - Åbo Akademi O365/banking/venv/lib/python3.12/site-packages/airflow/example_dags/example_params_ui_tutorial.py
[2025-11-20T22:15:13.081+0500] {logging_mixin.py:188} INFO - [2025-11-20T22:15:13.079+0500] {dag.py:3096} INFO - Sync 1 DAGs
[2025-11-20T22:15:13.104+0500] {logging_mixin.py:188} INFO - [2025-11-20T22:15:13.103+0500] {dag.py:3954} INFO - Setting next_dagrun for example_params_ui_tutorial to None, run_after=None
[2025-11-20T22:15:13.215+0500] {processor.py:183} INFO - Processing /mnt/c/Users/Raj/OneDrive - Åbo Akademi O365/banking/venv/lib/python3.12/site-packages/airflow/example_dags/example_params_ui_tutorial.py took 0.313 seconds
[2025-11-20T22:16:44.148+0500] {processor.py:161} INFO - Started process (PID=1839) to work on /mnt/c/Users/Raj/OneDrive - Åbo Akademi O365/banking/venv/lib/python3.12/site-packages/airflow/example_dags/example_params_ui_tutorial.py
[2025-11-20T22:16:44.151+0500] {processor.py:830} INFO - Processing file /mnt/c/Users/Raj/OneDrive - Åbo Akademi O365/banking/venv/lib/python3.12/site-packages/airflow/example_dags/example_params_ui_tutorial.py for tasks to queue
[2025-11-20T22:16:44.155+0500] {logging_mixin.py:188} INFO - [2025-11-20T22:16:44.154+0500] {dagbag.py:545} INFO - Filling up the DagBag from /mnt/c/Users/Raj/OneDrive - Åbo Akademi O365/banking/venv/lib/python3.12/site-packages/airflow/example_dags/example_params_ui_tutorial.py
[2025-11-20T22:16:44.197+0500] {processor.py:840} INFO - DAG(s) 'example_params_ui_tutorial' retrieved from /mnt/c/Users/Raj/OneDrive - Åbo Akademi O365/banking/venv/lib/python3.12/site-packages/airflow/example_dags/example_params_ui_tutorial.py
[2025-11-20T22:16:44.294+0500] {logging_mixin.py:188} INFO - [2025-11-20T22:16:44.293+0500] {dag.py:3096} INFO - Sync 1 DAGs
[2025-11-20T22:16:44.311+0500] {logging_mixin.py:188} INFO - [2025-11-20T22:16:44.310+0500] {dag.py:3954} INFO - Setting next_dagrun for example_params_ui_tutorial to None, run_after=None
[2025-11-20T22:16:44.391+0500] {processor.py:183} INFO - Processing /mnt/c/Users/Raj/OneDrive - Åbo Akademi O365/banking/venv/lib/python3.12/site-packages/airflow/example_dags/example_params_ui_tutorial.py took 0.259 seconds
[2025-11-20T22:18:14.140+0500] {processor.py:161} INFO - Started process (PID=1906) to work on /mnt/c/Users/Raj/OneDrive - Åbo Akademi O365/banking/venv/lib/python3.12/site-packages/airflow/example_dags/example_params_ui_tutorial.py
[2025-11-20T22:18:14.143+0500] {processor.py:830} INFO - Processing file /mnt/c/Users/Raj/OneDrive - Åbo Akademi O365/banking/venv/lib/python3.12/site-packages/airflow/example_dags/example_params_ui_tutorial.py for tasks to queue
[2025-11-20T22:18:14.146+0500] {logging_mixin.py:188} INFO - [2025-11-20T22:18:14.145+0500] {dagbag.py:545} INFO - Filling up the DagBag from /mnt/c/Users/Raj/OneDrive - Åbo Akademi O365/banking/venv/lib/python3.12/site-packages/airflow/example_dags/example_params_ui_tutorial.py
[2025-11-20T22:18:14.209+0500] {processor.py:840} INFO - DAG(s) 'example_params_ui_tutorial' retrieved from /mnt/c/Users/Raj/OneDrive - Åbo Akademi O365/banking/venv/lib/python3.12/site-packages/airflow/example_dags/example_params_ui_tutorial.py
[2025-11-20T22:18:14.328+0500] {logging_mixin.py:188} INFO - [2025-11-20T22:18:14.327+0500] {dag.py:3096} INFO - Sync 1 DAGs
[2025-11-20T22:18:14.365+0500] {logging_mixin.py:188} INFO - [2025-11-20T22:18:14.363+0500] {dag.py:3954} INFO - Setting next_dagrun for example_params_ui_tutorial to None, run_after=None
[2025-11-20T22:18:14.481+0500] {processor.py:183} INFO - Processing /mnt/c/Users/Raj/OneDrive - Åbo Akademi O365/banking/venv/lib/python3.12/site-packages/airflow/example_dags/example_params_ui_tutorial.py took 0.359 seconds
[2025-11-20T22:19:35.015+0500] {processor.py:161} INFO - Started process (PID=1968) to work on /mnt/c/Users/Raj/OneDrive - Åbo Akademi O365/banking/venv/lib/python3.12/site-packages/airflow/example_dags/example_params_ui_tutorial.py
[2025-11-20T22:19:35.018+0500] {processor.py:830} INFO - Processing file /mnt/c/Users/Raj/OneDrive - Åbo Akademi O365/banking/venv/lib/python3.12/site-packages/airflow/example_dags/example_params_ui_tutorial.py for tasks to queue
[2025-11-20T22:19:35.022+0500] {logging_mixin.py:188} INFO - [2025-11-20T22:19:35.020+0500] {dagbag.py:545} INFO - Filling up the DagBag from /mnt/c/Users/Raj/OneDrive - Åbo Akademi O365/banking/venv/lib/python3.12/site-packages/airflow/example_dags/example_params_ui_tutorial.py
[2025-11-20T22:19:35.075+0500] {processor.py:840} INFO - DAG(s) 'example_params_ui_tutorial' retrieved from /mnt/c/Users/Raj/OneDrive - Åbo Akademi O365/banking/venv/lib/python3.12/site-packages/airflow/example_dags/example_params_ui_tutorial.py
[2025-11-20T22:19:35.174+0500] {logging_mixin.py:188} INFO - [2025-11-20T22:19:35.173+0500] {dag.py:3096} INFO - Sync 1 DAGs
[2025-11-20T22:19:35.196+0500] {logging_mixin.py:188} INFO - [2025-11-20T22:19:35.194+0500] {dag.py:3954} INFO - Setting next_dagrun for example_params_ui_tutorial to None, run_after=None
[2025-11-20T22:19:35.297+0500] {processor.py:183} INFO - Processing /mnt/c/Users/Raj/OneDrive - Åbo Akademi O365/banking/venv/lib/python3.12/site-packages/airflow/example_dags/example_params_ui_tutorial.py took 0.303 seconds
[2025-11-20T22:21:11.223+0500] {processor.py:161} INFO - Started process (PID=2043) to work on /mnt/c/Users/Raj/OneDrive - Åbo Akademi O365/banking/venv/lib/python3.12/site-packages/airflow/example_dags/example_params_ui_tutorial.py
[2025-11-20T22:21:11.225+0500] {processor.py:830} INFO - Processing file /mnt/c/Users/Raj/OneDrive - Åbo Akademi O365/banking/venv/lib/python3.12/site-packages/airflow/example_dags/example_params_ui_tutorial.py for tasks to queue
[2025-11-20T22:21:11.229+0500] {logging_mixin.py:188} INFO - [2025-11-20T22:21:11.227+0500] {dagbag.py:545} INFO - Filling up the DagBag from /mnt/c/Users/Raj/OneDrive - Åbo Akademi O365/banking/venv/lib/python3.12/site-packages/airflow/example_dags/example_params_ui_tutorial.py
[2025-11-20T22:21:11.285+0500] {processor.py:840} INFO - DAG(s) 'example_params_ui_tutorial' retrieved from /mnt/c/Users/Raj/OneDrive - Åbo Akademi O365/banking/venv/lib/python3.12/site-packages/airflow/example_dags/example_params_ui_tutorial.py
[2025-11-20T22:21:11.363+0500] {logging_mixin.py:188} INFO - [2025-11-20T22:21:11.362+0500] {dag.py:3096} INFO - Sync 1 DAGs
[2025-11-20T22:21:11.386+0500] {logging_mixin.py:188} INFO - [2025-11-20T22:21:11.385+0500] {dag.py:3954} INFO - Setting next_dagrun for example_params_ui_tutorial to None, run_after=None
[2025-11-20T22:21:11.480+0500] {processor.py:183} INFO - Processing /mnt/c/Users/Raj/OneDrive - Åbo Akademi O365/banking/venv/lib/python3.12/site-packages/airflow/example_dags/example_params_ui_tutorial.py took 0.275 seconds
[2025-11-20T22:22:27.899+0500] {processor.py:161} INFO - Started process (PID=2103) to work on /mnt/c/Users/Raj/OneDrive - Åbo Akademi O365/banking/venv/lib/python3.12/site-packages/airflow/example_dags/example_params_ui_tutorial.py
[2025-11-20T22:22:27.901+0500] {processor.py:830} INFO - Processing file /mnt/c/Users/Raj/OneDrive - Åbo Akademi O365/banking/venv/lib/python3.12/site-packages/airflow/example_dags/example_params_ui_tutorial.py for tasks to queue
[2025-11-20T22:22:27.903+0500] {logging_mixin.py:188} INFO - [2025-11-20T22:22:27.902+0500] {dagbag.py:545} INFO - Filling up the DagBag from /mnt/c/Users/Raj/OneDrive - Åbo Akademi O365/banking/venv/lib/python3.12/site-packages/airflow/example_dags/example_params_ui_tutorial.py
[2025-11-20T22:22:27.939+0500] {processor.py:840} INFO - DAG(s) 'example_params_ui_tutorial' retrieved from /mnt/c/Users/Raj/OneDrive - Åbo Akademi O365/banking/venv/lib/python3.12/site-packages/airflow/example_dags/example_params_ui_tutorial.py
[2025-11-20T22:22:28.007+0500] {logging_mixin.py:188} INFO - [2025-11-20T22:22:28.005+0500] {dag.py:3096} INFO - Sync 1 DAGs
[2025-11-20T22:22:28.025+0500] {logging_mixin.py:188} INFO - [2025-11-20T22:22:28.024+0500] {dag.py:3954} INFO - Setting next_dagrun for example_params_ui_tutorial to None, run_after=None
[2025-11-20T22:22:28.103+0500] {processor.py:183} INFO - Processing /mnt/c/Users/Raj/OneDrive - Åbo Akademi O365/banking/venv/lib/python3.12/site-packages/airflow/example_dags/example_params_ui_tutorial.py took 0.218 seconds
[2025-11-20T22:23:41.765+0500] {processor.py:161} INFO - Started process (PID=2161) to work on /mnt/c/Users/Raj/OneDrive - Åbo Akademi O365/banking/venv/lib/python3.12/site-packages/airflow/example_dags/example_params_ui_tutorial.py
[2025-11-20T22:23:41.768+0500] {processor.py:830} INFO - Processing file /mnt/c/Users/Raj/OneDrive - Åbo Akademi O365/banking/venv/lib/python3.12/site-packages/airflow/example_dags/example_params_ui_tutorial.py for tasks to queue
[2025-11-20T22:23:41.772+0500] {logging_mixin.py:188} INFO - [2025-11-20T22:23:41.770+0500] {dagbag.py:545} INFO - Filling up the DagBag from /mnt/c/Users/Raj/OneDrive - Åbo Akademi O365/banking/venv/lib/python3.12/site-packages/airflow/example_dags/example_params_ui_tutorial.py
[2025-11-20T22:23:41.823+0500] {processor.py:840} INFO - DAG(s) 'example_params_ui_tutorial' retrieved from /mnt/c/Users/Raj/OneDrive - Åbo Akademi O365/banking/venv/lib/python3.12/site-packages/airflow/example_dags/example_params_ui_tutorial.py
[2025-11-20T22:23:41.894+0500] {logging_mixin.py:188} INFO - [2025-11-20T22:23:41.893+0500] {dag.py:3096} INFO - Sync 1 DAGs
[2025-11-20T22:23:41.916+0500] {logging_mixin.py:188} INFO - [2025-11-20T22:23:41.915+0500] {dag.py:3954} INFO - Setting next_dagrun for example_params_ui_tutorial to None, run_after=None
[2025-11-20T22:23:42.019+0500] {processor.py:183} INFO - Processing /mnt/c/Users/Raj/OneDrive - Åbo Akademi O365/banking/venv/lib/python3.12/site-packages/airflow/example_dags/example_params_ui_tutorial.py took 0.272 seconds
[2025-11-20T22:25:12.222+0500] {processor.py:161} INFO - Started process (PID=2249) to work on /mnt/c/Users/Raj/OneDrive - Åbo Akademi O365/banking/venv/lib/python3.12/site-packages/airflow/example_dags/example_params_ui_tutorial.py
[2025-11-20T22:25:12.227+0500] {processor.py:830} INFO - Processing file /mnt/c/Users/Raj/OneDrive - Åbo Akademi O365/banking/venv/lib/python3.12/site-packages/airflow/example_dags/example_params_ui_tutorial.py for tasks to queue
[2025-11-20T22:25:12.233+0500] {logging_mixin.py:188} INFO - [2025-11-20T22:25:12.230+0500] {dagbag.py:545} INFO - Filling up the DagBag from /mnt/c/Users/Raj/OneDrive - Åbo Akademi O365/banking/venv/lib/python3.12/site-packages/airflow/example_dags/example_params_ui_tutorial.py
[2025-11-20T22:25:12.319+0500] {processor.py:840} INFO - DAG(s) 'example_params_ui_tutorial' retrieved from /mnt/c/Users/Raj/OneDrive - Åbo Akademi O365/banking/venv/lib/python3.12/site-packages/airflow/example_dags/example_params_ui_tutorial.py
[2025-11-20T22:25:12.415+0500] {logging_mixin.py:188} INFO - [2025-11-20T22:25:12.413+0500] {dag.py:3096} INFO - Sync 1 DAGs
[2025-11-20T22:25:12.458+0500] {logging_mixin.py:188} INFO - [2025-11-20T22:25:12.453+0500] {dag.py:3954} INFO - Setting next_dagrun for example_params_ui_tutorial to None, run_after=None
[2025-11-20T22:25:12.613+0500] {processor.py:183} INFO - Processing /mnt/c/Users/Raj/OneDrive - Åbo Akademi O365/banking/venv/lib/python3.12/site-packages/airflow/example_dags/example_params_ui_tutorial.py took 0.425 seconds
[2025-11-20T22:27:29.583+0500] {processor.py:161} INFO - Started process (PID=2339) to work on /mnt/c/Users/Raj/OneDrive - Åbo Akademi O365/banking/venv/lib/python3.12/site-packages/airflow/example_dags/example_params_ui_tutorial.py
[2025-11-20T22:27:29.589+0500] {processor.py:830} INFO - Processing file /mnt/c/Users/Raj/OneDrive - Åbo Akademi O365/banking/venv/lib/python3.12/site-packages/airflow/example_dags/example_params_ui_tutorial.py for tasks to queue
[2025-11-20T22:27:29.596+0500] {logging_mixin.py:188} INFO - [2025-11-20T22:27:29.593+0500] {dagbag.py:545} INFO - Filling up the DagBag from /mnt/c/Users/Raj/OneDrive - Åbo Akademi O365/banking/venv/lib/python3.12/site-packages/airflow/example_dags/example_params_ui_tutorial.py
[2025-11-20T22:27:29.713+0500] {processor.py:840} INFO - DAG(s) 'example_params_ui_tutorial' retrieved from /mnt/c/Users/Raj/OneDrive - Åbo Akademi O365/banking/venv/lib/python3.12/site-packages/airflow/example_dags/example_params_ui_tutorial.py
[2025-11-20T22:27:29.966+0500] {logging_mixin.py:188} INFO - [2025-11-20T22:27:29.964+0500] {dag.py:3096} INFO - Sync 1 DAGs
[2025-11-20T22:27:30.412+0500] {logging_mixin.py:188} INFO - [2025-11-20T22:27:30.410+0500] {dag.py:3954} INFO - Setting next_dagrun for example_params_ui_tutorial to None, run_after=None
[2025-11-20T22:27:30.642+0500] {processor.py:183} INFO - Processing /mnt/c/Users/Raj/OneDrive - Åbo Akademi O365/banking/venv/lib/python3.12/site-packages/airflow/example_dags/example_params_ui_tutorial.py took 1.111 seconds
[2025-11-20T22:29:51.312+0500] {processor.py:161} INFO - Started process (PID=2441) to work on /mnt/c/Users/Raj/OneDrive - Åbo Akademi O365/banking/venv/lib/python3.12/site-packages/airflow/example_dags/example_params_ui_tutorial.py
[2025-11-20T22:29:51.323+0500] {processor.py:830} INFO - Processing file /mnt/c/Users/Raj/OneDrive - Åbo Akademi O365/banking/venv/lib/python3.12/site-packages/airflow/example_dags/example_params_ui_tutorial.py for tasks to queue
[2025-11-20T22:29:51.330+0500] {logging_mixin.py:188} INFO - [2025-11-20T22:29:51.326+0500] {dagbag.py:545} INFO - Filling up the DagBag from /mnt/c/Users/Raj/OneDrive - Åbo Akademi O365/banking/venv/lib/python3.12/site-packages/airflow/example_dags/example_params_ui_tutorial.py
[2025-11-20T22:29:51.452+0500] {processor.py:840} INFO - DAG(s) 'example_params_ui_tutorial' retrieved from /mnt/c/Users/Raj/OneDrive - Åbo Akademi O365/banking/venv/lib/python3.12/site-packages/airflow/example_dags/example_params_ui_tutorial.py
[2025-11-20T22:29:51.682+0500] {logging_mixin.py:188} INFO - [2025-11-20T22:29:51.676+0500] {dag.py:3096} INFO - Sync 1 DAGs
[2025-11-20T22:29:51.751+0500] {logging_mixin.py:188} INFO - [2025-11-20T22:29:51.748+0500] {dag.py:3954} INFO - Setting next_dagrun for example_params_ui_tutorial to None, run_after=None
[2025-11-20T22:29:51.934+0500] {processor.py:183} INFO - Processing /mnt/c/Users/Raj/OneDrive - Åbo Akademi O365/banking/venv/lib/python3.12/site-packages/airflow/example_dags/example_params_ui_tutorial.py took 0.666 seconds
[2025-11-20T22:30:56.238+0500] {processor.py:161} INFO - Started process (PID=2472) to work on /mnt/c/Users/Raj/OneDrive - Åbo Akademi O365/banking/venv/lib/python3.12/site-packages/airflow/example_dags/example_params_ui_tutorial.py
[2025-11-20T22:30:56.249+0500] {processor.py:830} INFO - Processing file /mnt/c/Users/Raj/OneDrive - Åbo Akademi O365/banking/venv/lib/python3.12/site-packages/airflow/example_dags/example_params_ui_tutorial.py for tasks to queue
[2025-11-20T22:30:56.256+0500] {logging_mixin.py:188} INFO - [2025-11-20T22:30:56.253+0500] {dagbag.py:545} INFO - Filling up the DagBag from /mnt/c/Users/Raj/OneDrive - Åbo Akademi O365/banking/venv/lib/python3.12/site-packages/airflow/example_dags/example_params_ui_tutorial.py
[2025-11-20T22:30:56.474+0500] {logging_mixin.py:188} INFO - [2025-11-20T22:30:56.424+0500] {dagbag.py:355} ERROR - Failed to import: /mnt/c/Users/Raj/OneDrive - Åbo Akademi O365/banking/venv/lib/python3.12/site-packages/airflow/example_dags/example_params_ui_tutorial.py
Traceback (most recent call last):
  File "/mnt/c/Users/Raj/OneDrive - Åbo Akademi O365/banking/venv/lib/python3.12/site-packages/airflow/models/dagbag.py", line 351, in parse
    dag_id,
  File "<frozen importlib._bootstrap_external>", line 995, in exec_module
  File "<frozen importlib._bootstrap>", line 488, in _call_with_frames_removed
  File "/mnt/c/Users/Raj/OneDrive - Åbo Akademi O365/banking/venv/lib/python3.12/site-packages/airflow/example_dags/example_params_ui_tutorial.py", line 30, in <module>
    from airflow.sdk import DAG, Param, task
  File "/mnt/c/Users/Raj/OneDrive - Åbo Akademi O365/banking/venv/lib/python3.12/site-packages/airflow/sdk/__init__.py", line 134, in __getattr__
    mod = importlib.import_module(module_path, __name__)
          ^^^^^^^^^^^^^^^^^^^^^^^^^^^^^^^^^^^^^^^^^^^^^^
  File "/usr/lib/python3.12/importlib/__init__.py", line 90, in import_module
    return _bootstrap._gcd_import(name[level:], package, level)
           ^^^^^^^^^^^^^^^^^^^^^^^^^^^^^^^^^^^^^^^^^^^^^^^^^^^^
  File "/mnt/c/Users/Raj/OneDrive - Åbo Akademi O365/banking/venv/lib/python3.12/site-packages/airflow/sdk/definitions/dag.py", line 40, in <module>
    from airflow.exceptions import (
ImportError: cannot import name 'RemovedInAirflow4Warning' from 'airflow.exceptions' (/mnt/c/Users/Raj/OneDrive - Åbo Akademi O365/banking/venv/lib/python3.12/site-packages/airflow/exceptions.py)
[2025-11-20T22:30:56.483+0500] {processor.py:842} WARNING - No viable dags retrieved from /mnt/c/Users/Raj/OneDrive - Åbo Akademi O365/banking/venv/lib/python3.12/site-packages/airflow/example_dags/example_params_ui_tutorial.py
[2025-11-20T22:30:56.601+0500] {processor.py:183} INFO - Processing /mnt/c/Users/Raj/OneDrive - Åbo Akademi O365/banking/venv/lib/python3.12/site-packages/airflow/example_dags/example_params_ui_tutorial.py took 0.423 seconds
[2025-11-20T22:32:11.502+0500] {processor.py:161} INFO - Started process (PID=2517) to work on /mnt/c/Users/Raj/OneDrive - Åbo Akademi O365/banking/venv/lib/python3.12/site-packages/airflow/example_dags/example_params_ui_tutorial.py
[2025-11-20T22:32:11.506+0500] {processor.py:830} INFO - Processing file /mnt/c/Users/Raj/OneDrive - Åbo Akademi O365/banking/venv/lib/python3.12/site-packages/airflow/example_dags/example_params_ui_tutorial.py for tasks to queue
[2025-11-20T22:32:11.513+0500] {logging_mixin.py:188} INFO - [2025-11-20T22:32:11.509+0500] {dagbag.py:545} INFO - Filling up the DagBag from /mnt/c/Users/Raj/OneDrive - Åbo Akademi O365/banking/venv/lib/python3.12/site-packages/airflow/example_dags/example_params_ui_tutorial.py
[2025-11-20T22:32:11.642+0500] {logging_mixin.py:188} INFO - [2025-11-20T22:32:11.604+0500] {dagbag.py:355} ERROR - Failed to import: /mnt/c/Users/Raj/OneDrive - Åbo Akademi O365/banking/venv/lib/python3.12/site-packages/airflow/example_dags/example_params_ui_tutorial.py
Traceback (most recent call last):
  File "/mnt/c/Users/Raj/OneDrive - Åbo Akademi O365/banking/venv/lib/python3.12/site-packages/airflow/models/dagbag.py", line 351, in parse
    dag_id,
  File "<frozen importlib._bootstrap_external>", line 995, in exec_module
  File "<frozen importlib._bootstrap>", line 488, in _call_with_frames_removed
  File "/mnt/c/Users/Raj/OneDrive - Åbo Akademi O365/banking/venv/lib/python3.12/site-packages/airflow/example_dags/example_params_ui_tutorial.py", line 30, in <module>
    from airflow.sdk import DAG, Param, task
  File "/mnt/c/Users/Raj/OneDrive - Åbo Akademi O365/banking/venv/lib/python3.12/site-packages/airflow/sdk/__init__.py", line 134, in __getattr__
    mod = importlib.import_module(module_path, __name__)
          ^^^^^^^^^^^^^^^^^^^^^^^^^^^^^^^^^^^^^^^^^^^^^^
  File "/usr/lib/python3.12/importlib/__init__.py", line 90, in import_module
    return _bootstrap._gcd_import(name[level:], package, level)
           ^^^^^^^^^^^^^^^^^^^^^^^^^^^^^^^^^^^^^^^^^^^^^^^^^^^^
  File "/mnt/c/Users/Raj/OneDrive - Åbo Akademi O365/banking/venv/lib/python3.12/site-packages/airflow/sdk/definitions/dag.py", line 40, in <module>
    from airflow.exceptions import (
ImportError: cannot import name 'RemovedInAirflow4Warning' from 'airflow.exceptions' (/mnt/c/Users/Raj/OneDrive - Åbo Akademi O365/banking/venv/lib/python3.12/site-packages/airflow/exceptions.py)
[2025-11-20T22:32:11.649+0500] {processor.py:842} WARNING - No viable dags retrieved from /mnt/c/Users/Raj/OneDrive - Åbo Akademi O365/banking/venv/lib/python3.12/site-packages/airflow/example_dags/example_params_ui_tutorial.py
[2025-11-20T22:32:11.724+0500] {processor.py:183} INFO - Processing /mnt/c/Users/Raj/OneDrive - Åbo Akademi O365/banking/venv/lib/python3.12/site-packages/airflow/example_dags/example_params_ui_tutorial.py took 0.273 seconds
