[2025-11-20T20:36:09.488+0500] {processor.py:161} INFO - Started process (PID=12045) to work on /mnt/c/Users/Raj/OneDrive - Åbo Akademi O365/banking/venv/lib/python3.12/site-packages/airflow/example_dags/example_nested_branch_dag.py
[2025-11-20T20:36:09.491+0500] {processor.py:830} INFO - Processing file /mnt/c/Users/Raj/OneDrive - Åbo Akademi O365/banking/venv/lib/python3.12/site-packages/airflow/example_dags/example_nested_branch_dag.py for tasks to queue
[2025-11-20T20:36:09.496+0500] {logging_mixin.py:188} INFO - [2025-11-20T20:36:09.494+0500] {dagbag.py:545} INFO - Filling up the DagBag from /mnt/c/Users/Raj/OneDrive - Åbo Akademi O365/banking/venv/lib/python3.12/site-packages/airflow/example_dags/example_nested_branch_dag.py
[2025-11-20T20:36:09.549+0500] {processor.py:840} INFO - DAG(s) 'example_nested_branch_dag' retrieved from /mnt/c/Users/Raj/OneDrive - Åbo Akademi O365/banking/venv/lib/python3.12/site-packages/airflow/example_dags/example_nested_branch_dag.py
[2025-11-20T20:36:11.485+0500] {logging_mixin.py:188} INFO - [2025-11-20T20:36:11.483+0500] {override.py:1829} INFO - Created Permission View: can delete on DAG:example_nested_branch_dag
[2025-11-20T20:36:11.544+0500] {logging_mixin.py:188} INFO - [2025-11-20T20:36:11.542+0500] {override.py:1829} INFO - Created Permission View: can read on DAG:example_nested_branch_dag
[2025-11-20T20:36:11.596+0500] {logging_mixin.py:188} INFO - [2025-11-20T20:36:11.595+0500] {override.py:1829} INFO - Created Permission View: can edit on DAG:example_nested_branch_dag
[2025-11-20T20:36:11.600+0500] {logging_mixin.py:188} INFO - [2025-11-20T20:36:11.599+0500] {dag.py:3096} INFO - Sync 1 DAGs
[2025-11-20T20:36:11.624+0500] {logging_mixin.py:188} INFO - [2025-11-20T20:36:11.623+0500] {dag.py:3118} INFO - Creating ORM DAG for example_nested_branch_dag
[2025-11-20T20:36:11.640+0500] {logging_mixin.py:188} INFO - [2025-11-20T20:36:11.639+0500] {dag.py:3954} INFO - Setting next_dagrun for example_nested_branch_dag to 2025-11-19 00:00:00+00:00, run_after=2025-11-20 00:00:00+00:00
[2025-11-20T20:36:11.722+0500] {processor.py:183} INFO - Processing /mnt/c/Users/Raj/OneDrive - Åbo Akademi O365/banking/venv/lib/python3.12/site-packages/airflow/example_dags/example_nested_branch_dag.py took 2.254 seconds
[2025-11-20T20:37:55.846+0500] {processor.py:161} INFO - Started process (PID=12473) to work on /mnt/c/Users/Raj/OneDrive - Åbo Akademi O365/banking/venv/lib/python3.12/site-packages/airflow/example_dags/example_nested_branch_dag.py
[2025-11-20T20:37:55.849+0500] {processor.py:830} INFO - Processing file /mnt/c/Users/Raj/OneDrive - Åbo Akademi O365/banking/venv/lib/python3.12/site-packages/airflow/example_dags/example_nested_branch_dag.py for tasks to queue
[2025-11-20T20:37:55.853+0500] {logging_mixin.py:188} INFO - [2025-11-20T20:37:55.852+0500] {dagbag.py:545} INFO - Filling up the DagBag from /mnt/c/Users/Raj/OneDrive - Åbo Akademi O365/banking/venv/lib/python3.12/site-packages/airflow/example_dags/example_nested_branch_dag.py
[2025-11-20T20:37:55.901+0500] {processor.py:840} INFO - DAG(s) 'example_nested_branch_dag' retrieved from /mnt/c/Users/Raj/OneDrive - Åbo Akademi O365/banking/venv/lib/python3.12/site-packages/airflow/example_dags/example_nested_branch_dag.py
[2025-11-20T20:37:55.952+0500] {logging_mixin.py:188} INFO - [2025-11-20T20:37:55.950+0500] {dag.py:3096} INFO - Sync 1 DAGs
[2025-11-20T20:37:55.989+0500] {logging_mixin.py:188} INFO - [2025-11-20T20:37:55.988+0500] {dag.py:3954} INFO - Setting next_dagrun for example_nested_branch_dag to 2025-11-19 00:00:00+00:00, run_after=2025-11-20 00:00:00+00:00
[2025-11-20T20:37:56.080+0500] {processor.py:183} INFO - Processing /mnt/c/Users/Raj/OneDrive - Åbo Akademi O365/banking/venv/lib/python3.12/site-packages/airflow/example_dags/example_nested_branch_dag.py took 0.255 seconds
[2025-11-20T20:39:18.401+0500] {processor.py:161} INFO - Started process (PID=12768) to work on /mnt/c/Users/Raj/OneDrive - Åbo Akademi O365/banking/venv/lib/python3.12/site-packages/airflow/example_dags/example_nested_branch_dag.py
[2025-11-20T20:39:18.404+0500] {processor.py:830} INFO - Processing file /mnt/c/Users/Raj/OneDrive - Åbo Akademi O365/banking/venv/lib/python3.12/site-packages/airflow/example_dags/example_nested_branch_dag.py for tasks to queue
[2025-11-20T20:39:18.408+0500] {logging_mixin.py:188} INFO - [2025-11-20T20:39:18.406+0500] {dagbag.py:545} INFO - Filling up the DagBag from /mnt/c/Users/Raj/OneDrive - Åbo Akademi O365/banking/venv/lib/python3.12/site-packages/airflow/example_dags/example_nested_branch_dag.py
[2025-11-20T20:39:18.453+0500] {processor.py:840} INFO - DAG(s) 'example_nested_branch_dag' retrieved from /mnt/c/Users/Raj/OneDrive - Åbo Akademi O365/banking/venv/lib/python3.12/site-packages/airflow/example_dags/example_nested_branch_dag.py
[2025-11-20T20:39:18.497+0500] {logging_mixin.py:188} INFO - [2025-11-20T20:39:18.496+0500] {dag.py:3096} INFO - Sync 1 DAGs
[2025-11-20T20:39:18.534+0500] {logging_mixin.py:188} INFO - [2025-11-20T20:39:18.532+0500] {dag.py:3954} INFO - Setting next_dagrun for example_nested_branch_dag to 2025-11-19 00:00:00+00:00, run_after=2025-11-20 00:00:00+00:00
[2025-11-20T20:39:18.625+0500] {processor.py:183} INFO - Processing /mnt/c/Users/Raj/OneDrive - Åbo Akademi O365/banking/venv/lib/python3.12/site-packages/airflow/example_dags/example_nested_branch_dag.py took 0.244 seconds
[2025-11-20T20:40:36.733+0500] {processor.py:161} INFO - Started process (PID=13030) to work on /mnt/c/Users/Raj/OneDrive - Åbo Akademi O365/banking/venv/lib/python3.12/site-packages/airflow/example_dags/example_nested_branch_dag.py
[2025-11-20T20:40:36.736+0500] {processor.py:830} INFO - Processing file /mnt/c/Users/Raj/OneDrive - Åbo Akademi O365/banking/venv/lib/python3.12/site-packages/airflow/example_dags/example_nested_branch_dag.py for tasks to queue
[2025-11-20T20:40:36.743+0500] {logging_mixin.py:188} INFO - [2025-11-20T20:40:36.740+0500] {dagbag.py:545} INFO - Filling up the DagBag from /mnt/c/Users/Raj/OneDrive - Åbo Akademi O365/banking/venv/lib/python3.12/site-packages/airflow/example_dags/example_nested_branch_dag.py
[2025-11-20T20:40:36.799+0500] {processor.py:840} INFO - DAG(s) 'example_nested_branch_dag' retrieved from /mnt/c/Users/Raj/OneDrive - Åbo Akademi O365/banking/venv/lib/python3.12/site-packages/airflow/example_dags/example_nested_branch_dag.py
[2025-11-20T20:40:36.851+0500] {logging_mixin.py:188} INFO - [2025-11-20T20:40:36.850+0500] {dag.py:3096} INFO - Sync 1 DAGs
[2025-11-20T20:40:36.891+0500] {logging_mixin.py:188} INFO - [2025-11-20T20:40:36.889+0500] {dag.py:3954} INFO - Setting next_dagrun for example_nested_branch_dag to 2025-11-19 00:00:00+00:00, run_after=2025-11-20 00:00:00+00:00
[2025-11-20T20:40:36.990+0500] {processor.py:183} INFO - Processing /mnt/c/Users/Raj/OneDrive - Åbo Akademi O365/banking/venv/lib/python3.12/site-packages/airflow/example_dags/example_nested_branch_dag.py took 0.276 seconds
[2025-11-20T20:41:55.394+0500] {processor.py:161} INFO - Started process (PID=13291) to work on /mnt/c/Users/Raj/OneDrive - Åbo Akademi O365/banking/venv/lib/python3.12/site-packages/airflow/example_dags/example_nested_branch_dag.py
[2025-11-20T20:41:55.397+0500] {processor.py:830} INFO - Processing file /mnt/c/Users/Raj/OneDrive - Åbo Akademi O365/banking/venv/lib/python3.12/site-packages/airflow/example_dags/example_nested_branch_dag.py for tasks to queue
[2025-11-20T20:41:55.402+0500] {logging_mixin.py:188} INFO - [2025-11-20T20:41:55.401+0500] {dagbag.py:545} INFO - Filling up the DagBag from /mnt/c/Users/Raj/OneDrive - Åbo Akademi O365/banking/venv/lib/python3.12/site-packages/airflow/example_dags/example_nested_branch_dag.py
[2025-11-20T20:41:55.449+0500] {processor.py:840} INFO - DAG(s) 'example_nested_branch_dag' retrieved from /mnt/c/Users/Raj/OneDrive - Åbo Akademi O365/banking/venv/lib/python3.12/site-packages/airflow/example_dags/example_nested_branch_dag.py
[2025-11-20T20:41:55.490+0500] {logging_mixin.py:188} INFO - [2025-11-20T20:41:55.489+0500] {dag.py:3096} INFO - Sync 1 DAGs
[2025-11-20T20:41:55.525+0500] {logging_mixin.py:188} INFO - [2025-11-20T20:41:55.523+0500] {dag.py:3954} INFO - Setting next_dagrun for example_nested_branch_dag to 2025-11-19 00:00:00+00:00, run_after=2025-11-20 00:00:00+00:00
[2025-11-20T20:41:54.389+0500] {processor.py:183} INFO - Processing /mnt/c/Users/Raj/OneDrive - Åbo Akademi O365/banking/venv/lib/python3.12/site-packages/airflow/example_dags/example_nested_branch_dag.py took 0.253 seconds
[2025-11-20T20:43:12.061+0500] {processor.py:161} INFO - Started process (PID=13553) to work on /mnt/c/Users/Raj/OneDrive - Åbo Akademi O365/banking/venv/lib/python3.12/site-packages/airflow/example_dags/example_nested_branch_dag.py
[2025-11-20T20:43:12.063+0500] {processor.py:830} INFO - Processing file /mnt/c/Users/Raj/OneDrive - Åbo Akademi O365/banking/venv/lib/python3.12/site-packages/airflow/example_dags/example_nested_branch_dag.py for tasks to queue
[2025-11-20T20:43:12.068+0500] {logging_mixin.py:188} INFO - [2025-11-20T20:43:12.066+0500] {dagbag.py:545} INFO - Filling up the DagBag from /mnt/c/Users/Raj/OneDrive - Åbo Akademi O365/banking/venv/lib/python3.12/site-packages/airflow/example_dags/example_nested_branch_dag.py
[2025-11-20T20:43:12.122+0500] {processor.py:840} INFO - DAG(s) 'example_nested_branch_dag' retrieved from /mnt/c/Users/Raj/OneDrive - Åbo Akademi O365/banking/venv/lib/python3.12/site-packages/airflow/example_dags/example_nested_branch_dag.py
[2025-11-20T20:43:12.176+0500] {logging_mixin.py:188} INFO - [2025-11-20T20:43:12.174+0500] {dag.py:3096} INFO - Sync 1 DAGs
[2025-11-20T20:43:12.212+0500] {logging_mixin.py:188} INFO - [2025-11-20T20:43:12.210+0500] {dag.py:3954} INFO - Setting next_dagrun for example_nested_branch_dag to 2025-11-19 00:00:00+00:00, run_after=2025-11-20 00:00:00+00:00
[2025-11-20T20:43:12.313+0500] {processor.py:183} INFO - Processing /mnt/c/Users/Raj/OneDrive - Åbo Akademi O365/banking/venv/lib/python3.12/site-packages/airflow/example_dags/example_nested_branch_dag.py took 0.269 seconds
[2025-11-20T20:44:37.214+0500] {processor.py:161} INFO - Started process (PID=13862) to work on /mnt/c/Users/Raj/OneDrive - Åbo Akademi O365/banking/venv/lib/python3.12/site-packages/airflow/example_dags/example_nested_branch_dag.py
[2025-11-20T20:44:37.216+0500] {processor.py:830} INFO - Processing file /mnt/c/Users/Raj/OneDrive - Åbo Akademi O365/banking/venv/lib/python3.12/site-packages/airflow/example_dags/example_nested_branch_dag.py for tasks to queue
[2025-11-20T20:44:37.222+0500] {logging_mixin.py:188} INFO - [2025-11-20T20:44:37.220+0500] {dagbag.py:545} INFO - Filling up the DagBag from /mnt/c/Users/Raj/OneDrive - Åbo Akademi O365/banking/venv/lib/python3.12/site-packages/airflow/example_dags/example_nested_branch_dag.py
[2025-11-20T20:44:37.283+0500] {processor.py:840} INFO - DAG(s) 'example_nested_branch_dag' retrieved from /mnt/c/Users/Raj/OneDrive - Åbo Akademi O365/banking/venv/lib/python3.12/site-packages/airflow/example_dags/example_nested_branch_dag.py
[2025-11-20T20:44:37.338+0500] {logging_mixin.py:188} INFO - [2025-11-20T20:44:37.336+0500] {dag.py:3096} INFO - Sync 1 DAGs
[2025-11-20T20:44:37.384+0500] {logging_mixin.py:188} INFO - [2025-11-20T20:44:37.382+0500] {dag.py:3954} INFO - Setting next_dagrun for example_nested_branch_dag to 2025-11-19 00:00:00+00:00, run_after=2025-11-20 00:00:00+00:00
[2025-11-20T20:44:37.502+0500] {processor.py:183} INFO - Processing /mnt/c/Users/Raj/OneDrive - Åbo Akademi O365/banking/venv/lib/python3.12/site-packages/airflow/example_dags/example_nested_branch_dag.py took 0.308 seconds
[2025-11-20T20:45:58.123+0500] {processor.py:161} INFO - Started process (PID=14142) to work on /mnt/c/Users/Raj/OneDrive - Åbo Akademi O365/banking/venv/lib/python3.12/site-packages/airflow/example_dags/example_nested_branch_dag.py
[2025-11-20T20:45:58.126+0500] {processor.py:830} INFO - Processing file /mnt/c/Users/Raj/OneDrive - Åbo Akademi O365/banking/venv/lib/python3.12/site-packages/airflow/example_dags/example_nested_branch_dag.py for tasks to queue
[2025-11-20T20:45:58.131+0500] {logging_mixin.py:188} INFO - [2025-11-20T20:45:58.129+0500] {dagbag.py:545} INFO - Filling up the DagBag from /mnt/c/Users/Raj/OneDrive - Åbo Akademi O365/banking/venv/lib/python3.12/site-packages/airflow/example_dags/example_nested_branch_dag.py
[2025-11-20T20:45:58.182+0500] {processor.py:840} INFO - DAG(s) 'example_nested_branch_dag' retrieved from /mnt/c/Users/Raj/OneDrive - Åbo Akademi O365/banking/venv/lib/python3.12/site-packages/airflow/example_dags/example_nested_branch_dag.py
[2025-11-20T20:45:58.229+0500] {logging_mixin.py:188} INFO - [2025-11-20T20:45:58.227+0500] {dag.py:3096} INFO - Sync 1 DAGs
[2025-11-20T20:45:58.270+0500] {logging_mixin.py:188} INFO - [2025-11-20T20:45:58.269+0500] {dag.py:3954} INFO - Setting next_dagrun for example_nested_branch_dag to 2025-11-19 00:00:00+00:00, run_after=2025-11-20 00:00:00+00:00
[2025-11-20T20:45:58.364+0500] {processor.py:183} INFO - Processing /mnt/c/Users/Raj/OneDrive - Åbo Akademi O365/banking/venv/lib/python3.12/site-packages/airflow/example_dags/example_nested_branch_dag.py took 0.260 seconds
[2025-11-20T20:47:11.398+0500] {processor.py:161} INFO - Started process (PID=14553) to work on /mnt/c/Users/Raj/OneDrive - Åbo Akademi O365/banking/venv/lib/python3.12/site-packages/airflow/example_dags/example_nested_branch_dag.py
[2025-11-20T20:47:11.401+0500] {processor.py:830} INFO - Processing file /mnt/c/Users/Raj/OneDrive - Åbo Akademi O365/banking/venv/lib/python3.12/site-packages/airflow/example_dags/example_nested_branch_dag.py for tasks to queue
[2025-11-20T20:47:11.408+0500] {logging_mixin.py:188} INFO - [2025-11-20T20:47:11.405+0500] {dagbag.py:545} INFO - Filling up the DagBag from /mnt/c/Users/Raj/OneDrive - Åbo Akademi O365/banking/venv/lib/python3.12/site-packages/airflow/example_dags/example_nested_branch_dag.py
[2025-11-20T20:47:11.466+0500] {processor.py:840} INFO - DAG(s) 'example_nested_branch_dag' retrieved from /mnt/c/Users/Raj/OneDrive - Åbo Akademi O365/banking/venv/lib/python3.12/site-packages/airflow/example_dags/example_nested_branch_dag.py
[2025-11-20T20:47:11.513+0500] {logging_mixin.py:188} INFO - [2025-11-20T20:47:11.511+0500] {dag.py:3096} INFO - Sync 1 DAGs
[2025-11-20T20:47:11.554+0500] {logging_mixin.py:188} INFO - [2025-11-20T20:47:11.553+0500] {dag.py:3954} INFO - Setting next_dagrun for example_nested_branch_dag to 2025-11-19 00:00:00+00:00, run_after=2025-11-20 00:00:00+00:00
[2025-11-20T20:47:11.653+0500] {processor.py:183} INFO - Processing /mnt/c/Users/Raj/OneDrive - Åbo Akademi O365/banking/venv/lib/python3.12/site-packages/airflow/example_dags/example_nested_branch_dag.py took 0.274 seconds
[2025-11-20T20:48:29.323+0500] {processor.py:161} INFO - Started process (PID=14825) to work on /mnt/c/Users/Raj/OneDrive - Åbo Akademi O365/banking/venv/lib/python3.12/site-packages/airflow/example_dags/example_nested_branch_dag.py
[2025-11-20T20:48:29.326+0500] {processor.py:830} INFO - Processing file /mnt/c/Users/Raj/OneDrive - Åbo Akademi O365/banking/venv/lib/python3.12/site-packages/airflow/example_dags/example_nested_branch_dag.py for tasks to queue
[2025-11-20T20:48:29.332+0500] {logging_mixin.py:188} INFO - [2025-11-20T20:48:29.330+0500] {dagbag.py:545} INFO - Filling up the DagBag from /mnt/c/Users/Raj/OneDrive - Åbo Akademi O365/banking/venv/lib/python3.12/site-packages/airflow/example_dags/example_nested_branch_dag.py
[2025-11-20T20:48:29.415+0500] {processor.py:840} INFO - DAG(s) 'example_nested_branch_dag' retrieved from /mnt/c/Users/Raj/OneDrive - Åbo Akademi O365/banking/venv/lib/python3.12/site-packages/airflow/example_dags/example_nested_branch_dag.py
[2025-11-20T20:48:29.497+0500] {logging_mixin.py:188} INFO - [2025-11-20T20:48:29.496+0500] {dag.py:3096} INFO - Sync 1 DAGs
[2025-11-20T20:48:29.540+0500] {logging_mixin.py:188} INFO - [2025-11-20T20:48:29.538+0500] {dag.py:3954} INFO - Setting next_dagrun for example_nested_branch_dag to 2025-11-19 00:00:00+00:00, run_after=2025-11-20 00:00:00+00:00
[2025-11-20T20:48:29.644+0500] {processor.py:183} INFO - Processing /mnt/c/Users/Raj/OneDrive - Åbo Akademi O365/banking/venv/lib/python3.12/site-packages/airflow/example_dags/example_nested_branch_dag.py took 0.344 seconds
[2025-11-20T21:56:29.327+0500] {processor.py:161} INFO - Started process (PID=888) to work on /mnt/c/Users/Raj/OneDrive - Åbo Akademi O365/banking/venv/lib/python3.12/site-packages/airflow/example_dags/example_nested_branch_dag.py
[2025-11-20T21:56:29.330+0500] {processor.py:830} INFO - Processing file /mnt/c/Users/Raj/OneDrive - Åbo Akademi O365/banking/venv/lib/python3.12/site-packages/airflow/example_dags/example_nested_branch_dag.py for tasks to queue
[2025-11-20T21:56:29.336+0500] {logging_mixin.py:188} INFO - [2025-11-20T21:56:29.334+0500] {dagbag.py:545} INFO - Filling up the DagBag from /mnt/c/Users/Raj/OneDrive - Åbo Akademi O365/banking/venv/lib/python3.12/site-packages/airflow/example_dags/example_nested_branch_dag.py
[2025-11-20T21:56:29.391+0500] {processor.py:840} INFO - DAG(s) 'example_nested_branch_dag' retrieved from /mnt/c/Users/Raj/OneDrive - Åbo Akademi O365/banking/venv/lib/python3.12/site-packages/airflow/example_dags/example_nested_branch_dag.py
[2025-11-20T21:56:31.077+0500] {logging_mixin.py:188} INFO - [2025-11-20T21:56:31.074+0500] {dag.py:3096} INFO - Sync 1 DAGs
[2025-11-20T21:56:31.128+0500] {logging_mixin.py:188} INFO - [2025-11-20T21:56:31.126+0500] {dag.py:3954} INFO - Setting next_dagrun for example_nested_branch_dag to 2025-11-19 00:00:00+00:00, run_after=2025-11-20 00:00:00+00:00
[2025-11-20T21:56:31.238+0500] {processor.py:183} INFO - Processing /mnt/c/Users/Raj/OneDrive - Åbo Akademi O365/banking/venv/lib/python3.12/site-packages/airflow/example_dags/example_nested_branch_dag.py took 1.932 seconds
[2025-11-20T21:58:09.245+0500] {processor.py:161} INFO - Started process (PID=969) to work on /mnt/c/Users/Raj/OneDrive - Åbo Akademi O365/banking/venv/lib/python3.12/site-packages/airflow/example_dags/example_nested_branch_dag.py
[2025-11-20T21:58:09.248+0500] {processor.py:830} INFO - Processing file /mnt/c/Users/Raj/OneDrive - Åbo Akademi O365/banking/venv/lib/python3.12/site-packages/airflow/example_dags/example_nested_branch_dag.py for tasks to queue
[2025-11-20T21:58:09.253+0500] {logging_mixin.py:188} INFO - [2025-11-20T21:58:09.251+0500] {dagbag.py:545} INFO - Filling up the DagBag from /mnt/c/Users/Raj/OneDrive - Åbo Akademi O365/banking/venv/lib/python3.12/site-packages/airflow/example_dags/example_nested_branch_dag.py
[2025-11-20T21:58:09.310+0500] {processor.py:840} INFO - DAG(s) 'example_nested_branch_dag' retrieved from /mnt/c/Users/Raj/OneDrive - Åbo Akademi O365/banking/venv/lib/python3.12/site-packages/airflow/example_dags/example_nested_branch_dag.py
[2025-11-20T21:58:09.368+0500] {logging_mixin.py:188} INFO - [2025-11-20T21:58:09.367+0500] {dag.py:3096} INFO - Sync 1 DAGs
[2025-11-20T21:58:09.408+0500] {logging_mixin.py:188} INFO - [2025-11-20T21:58:09.407+0500] {dag.py:3954} INFO - Setting next_dagrun for example_nested_branch_dag to 2025-11-19 00:00:00+00:00, run_after=2025-11-20 00:00:00+00:00
[2025-11-20T21:58:09.512+0500] {processor.py:183} INFO - Processing /mnt/c/Users/Raj/OneDrive - Åbo Akademi O365/banking/venv/lib/python3.12/site-packages/airflow/example_dags/example_nested_branch_dag.py took 0.286 seconds
[2025-11-20T21:59:32.270+0500] {processor.py:161} INFO - Started process (PID=1069) to work on /mnt/c/Users/Raj/OneDrive - Åbo Akademi O365/banking/venv/lib/python3.12/site-packages/airflow/example_dags/example_nested_branch_dag.py
[2025-11-20T21:59:32.273+0500] {processor.py:830} INFO - Processing file /mnt/c/Users/Raj/OneDrive - Åbo Akademi O365/banking/venv/lib/python3.12/site-packages/airflow/example_dags/example_nested_branch_dag.py for tasks to queue
[2025-11-20T21:59:32.279+0500] {logging_mixin.py:188} INFO - [2025-11-20T21:59:32.277+0500] {dagbag.py:545} INFO - Filling up the DagBag from /mnt/c/Users/Raj/OneDrive - Åbo Akademi O365/banking/venv/lib/python3.12/site-packages/airflow/example_dags/example_nested_branch_dag.py
[2025-11-20T21:59:32.334+0500] {processor.py:840} INFO - DAG(s) 'example_nested_branch_dag' retrieved from /mnt/c/Users/Raj/OneDrive - Åbo Akademi O365/banking/venv/lib/python3.12/site-packages/airflow/example_dags/example_nested_branch_dag.py
[2025-11-20T21:59:32.383+0500] {logging_mixin.py:188} INFO - [2025-11-20T21:59:32.382+0500] {dag.py:3096} INFO - Sync 1 DAGs
[2025-11-20T21:59:32.424+0500] {logging_mixin.py:188} INFO - [2025-11-20T21:59:32.423+0500] {dag.py:3954} INFO - Setting next_dagrun for example_nested_branch_dag to 2025-11-19 00:00:00+00:00, run_after=2025-11-20 00:00:00+00:00
[2025-11-20T21:59:32.540+0500] {processor.py:183} INFO - Processing /mnt/c/Users/Raj/OneDrive - Åbo Akademi O365/banking/venv/lib/python3.12/site-packages/airflow/example_dags/example_nested_branch_dag.py took 0.291 seconds
[2025-11-20T22:00:48.245+0500] {processor.py:161} INFO - Started process (PID=1126) to work on /mnt/c/Users/Raj/OneDrive - Åbo Akademi O365/banking/venv/lib/python3.12/site-packages/airflow/example_dags/example_nested_branch_dag.py
[2025-11-20T22:00:48.247+0500] {processor.py:830} INFO - Processing file /mnt/c/Users/Raj/OneDrive - Åbo Akademi O365/banking/venv/lib/python3.12/site-packages/airflow/example_dags/example_nested_branch_dag.py for tasks to queue
[2025-11-20T22:00:48.251+0500] {logging_mixin.py:188} INFO - [2025-11-20T22:00:48.250+0500] {dagbag.py:545} INFO - Filling up the DagBag from /mnt/c/Users/Raj/OneDrive - Åbo Akademi O365/banking/venv/lib/python3.12/site-packages/airflow/example_dags/example_nested_branch_dag.py
[2025-11-20T22:00:48.533+0500] {processor.py:840} INFO - DAG(s) 'example_nested_branch_dag' retrieved from /mnt/c/Users/Raj/OneDrive - Åbo Akademi O365/banking/venv/lib/python3.12/site-packages/airflow/example_dags/example_nested_branch_dag.py
[2025-11-20T22:00:48.622+0500] {logging_mixin.py:188} INFO - [2025-11-20T22:00:48.621+0500] {dag.py:3096} INFO - Sync 1 DAGs
[2025-11-20T22:00:48.887+0500] {logging_mixin.py:188} INFO - [2025-11-20T22:00:48.885+0500] {dag.py:3954} INFO - Setting next_dagrun for example_nested_branch_dag to 2025-11-19 00:00:00+00:00, run_after=2025-11-20 00:00:00+00:00
[2025-11-20T22:00:48.995+0500] {processor.py:183} INFO - Processing /mnt/c/Users/Raj/OneDrive - Åbo Akademi O365/banking/venv/lib/python3.12/site-packages/airflow/example_dags/example_nested_branch_dag.py took 0.766 seconds
[2025-11-20T22:02:17.097+0500] {processor.py:161} INFO - Started process (PID=1187) to work on /mnt/c/Users/Raj/OneDrive - Åbo Akademi O365/banking/venv/lib/python3.12/site-packages/airflow/example_dags/example_nested_branch_dag.py
[2025-11-20T22:02:17.099+0500] {processor.py:830} INFO - Processing file /mnt/c/Users/Raj/OneDrive - Åbo Akademi O365/banking/venv/lib/python3.12/site-packages/airflow/example_dags/example_nested_branch_dag.py for tasks to queue
[2025-11-20T22:02:17.105+0500] {logging_mixin.py:188} INFO - [2025-11-20T22:02:17.103+0500] {dagbag.py:545} INFO - Filling up the DagBag from /mnt/c/Users/Raj/OneDrive - Åbo Akademi O365/banking/venv/lib/python3.12/site-packages/airflow/example_dags/example_nested_branch_dag.py
[2025-11-20T22:02:17.158+0500] {processor.py:840} INFO - DAG(s) 'example_nested_branch_dag' retrieved from /mnt/c/Users/Raj/OneDrive - Åbo Akademi O365/banking/venv/lib/python3.12/site-packages/airflow/example_dags/example_nested_branch_dag.py
[2025-11-20T22:02:17.202+0500] {logging_mixin.py:188} INFO - [2025-11-20T22:02:17.201+0500] {dag.py:3096} INFO - Sync 1 DAGs
[2025-11-20T22:02:17.238+0500] {logging_mixin.py:188} INFO - [2025-11-20T22:02:17.237+0500] {dag.py:3954} INFO - Setting next_dagrun for example_nested_branch_dag to 2025-11-19 00:00:00+00:00, run_after=2025-11-20 00:00:00+00:00
[2025-11-20T22:02:17.359+0500] {processor.py:183} INFO - Processing /mnt/c/Users/Raj/OneDrive - Åbo Akademi O365/banking/venv/lib/python3.12/site-packages/airflow/example_dags/example_nested_branch_dag.py took 0.279 seconds
[2025-11-20T22:03:45.471+0500] {processor.py:161} INFO - Started process (PID=1260) to work on /mnt/c/Users/Raj/OneDrive - Åbo Akademi O365/banking/venv/lib/python3.12/site-packages/airflow/example_dags/example_nested_branch_dag.py
[2025-11-20T22:03:45.475+0500] {processor.py:830} INFO - Processing file /mnt/c/Users/Raj/OneDrive - Åbo Akademi O365/banking/venv/lib/python3.12/site-packages/airflow/example_dags/example_nested_branch_dag.py for tasks to queue
[2025-11-20T22:03:45.482+0500] {logging_mixin.py:188} INFO - [2025-11-20T22:03:45.480+0500] {dagbag.py:545} INFO - Filling up the DagBag from /mnt/c/Users/Raj/OneDrive - Åbo Akademi O365/banking/venv/lib/python3.12/site-packages/airflow/example_dags/example_nested_branch_dag.py
[2025-11-20T22:03:45.560+0500] {processor.py:840} INFO - DAG(s) 'example_nested_branch_dag' retrieved from /mnt/c/Users/Raj/OneDrive - Åbo Akademi O365/banking/venv/lib/python3.12/site-packages/airflow/example_dags/example_nested_branch_dag.py
[2025-11-20T22:03:45.616+0500] {logging_mixin.py:188} INFO - [2025-11-20T22:03:45.614+0500] {dag.py:3096} INFO - Sync 1 DAGs
[2025-11-20T22:03:45.667+0500] {logging_mixin.py:188} INFO - [2025-11-20T22:03:45.665+0500] {dag.py:3954} INFO - Setting next_dagrun for example_nested_branch_dag to 2025-11-19 00:00:00+00:00, run_after=2025-11-20 00:00:00+00:00
[2025-11-20T22:03:45.806+0500] {processor.py:183} INFO - Processing /mnt/c/Users/Raj/OneDrive - Åbo Akademi O365/banking/venv/lib/python3.12/site-packages/airflow/example_dags/example_nested_branch_dag.py took 0.360 seconds
[2025-11-20T22:05:07.518+0500] {processor.py:161} INFO - Started process (PID=1321) to work on /mnt/c/Users/Raj/OneDrive - Åbo Akademi O365/banking/venv/lib/python3.12/site-packages/airflow/example_dags/example_nested_branch_dag.py
[2025-11-20T22:05:07.521+0500] {processor.py:830} INFO - Processing file /mnt/c/Users/Raj/OneDrive - Åbo Akademi O365/banking/venv/lib/python3.12/site-packages/airflow/example_dags/example_nested_branch_dag.py for tasks to queue
[2025-11-20T22:05:07.525+0500] {logging_mixin.py:188} INFO - [2025-11-20T22:05:07.523+0500] {dagbag.py:545} INFO - Filling up the DagBag from /mnt/c/Users/Raj/OneDrive - Åbo Akademi O365/banking/venv/lib/python3.12/site-packages/airflow/example_dags/example_nested_branch_dag.py
[2025-11-20T22:05:07.580+0500] {processor.py:840} INFO - DAG(s) 'example_nested_branch_dag' retrieved from /mnt/c/Users/Raj/OneDrive - Åbo Akademi O365/banking/venv/lib/python3.12/site-packages/airflow/example_dags/example_nested_branch_dag.py
[2025-11-20T22:05:07.641+0500] {logging_mixin.py:188} INFO - [2025-11-20T22:05:07.639+0500] {dag.py:3096} INFO - Sync 1 DAGs
[2025-11-20T22:05:07.686+0500] {logging_mixin.py:188} INFO - [2025-11-20T22:05:07.684+0500] {dag.py:3954} INFO - Setting next_dagrun for example_nested_branch_dag to 2025-11-19 00:00:00+00:00, run_after=2025-11-20 00:00:00+00:00
[2025-11-20T22:05:07.771+0500] {processor.py:183} INFO - Processing /mnt/c/Users/Raj/OneDrive - Åbo Akademi O365/banking/venv/lib/python3.12/site-packages/airflow/example_dags/example_nested_branch_dag.py took 0.268 seconds
[2025-11-20T22:06:33.598+0500] {processor.py:161} INFO - Started process (PID=1389) to work on /mnt/c/Users/Raj/OneDrive - Åbo Akademi O365/banking/venv/lib/python3.12/site-packages/airflow/example_dags/example_nested_branch_dag.py
[2025-11-20T22:06:33.600+0500] {processor.py:830} INFO - Processing file /mnt/c/Users/Raj/OneDrive - Åbo Akademi O365/banking/venv/lib/python3.12/site-packages/airflow/example_dags/example_nested_branch_dag.py for tasks to queue
[2025-11-20T22:06:33.607+0500] {logging_mixin.py:188} INFO - [2025-11-20T22:06:33.605+0500] {dagbag.py:545} INFO - Filling up the DagBag from /mnt/c/Users/Raj/OneDrive - Åbo Akademi O365/banking/venv/lib/python3.12/site-packages/airflow/example_dags/example_nested_branch_dag.py
[2025-11-20T22:06:33.669+0500] {processor.py:840} INFO - DAG(s) 'example_nested_branch_dag' retrieved from /mnt/c/Users/Raj/OneDrive - Åbo Akademi O365/banking/venv/lib/python3.12/site-packages/airflow/example_dags/example_nested_branch_dag.py
[2025-11-20T22:06:33.745+0500] {logging_mixin.py:188} INFO - [2025-11-20T22:06:33.743+0500] {dag.py:3096} INFO - Sync 1 DAGs
[2025-11-20T22:06:33.811+0500] {logging_mixin.py:188} INFO - [2025-11-20T22:06:33.809+0500] {dag.py:3954} INFO - Setting next_dagrun for example_nested_branch_dag to 2025-11-19 00:00:00+00:00, run_after=2025-11-20 00:00:00+00:00
[2025-11-20T22:06:33.923+0500] {processor.py:183} INFO - Processing /mnt/c/Users/Raj/OneDrive - Åbo Akademi O365/banking/venv/lib/python3.12/site-packages/airflow/example_dags/example_nested_branch_dag.py took 0.349 seconds
[2025-11-20T22:08:01.760+0500] {processor.py:161} INFO - Started process (PID=1452) to work on /mnt/c/Users/Raj/OneDrive - Åbo Akademi O365/banking/venv/lib/python3.12/site-packages/airflow/example_dags/example_nested_branch_dag.py
[2025-11-20T22:08:01.763+0500] {processor.py:830} INFO - Processing file /mnt/c/Users/Raj/OneDrive - Åbo Akademi O365/banking/venv/lib/python3.12/site-packages/airflow/example_dags/example_nested_branch_dag.py for tasks to queue
[2025-11-20T22:08:01.766+0500] {logging_mixin.py:188} INFO - [2025-11-20T22:08:01.765+0500] {dagbag.py:545} INFO - Filling up the DagBag from /mnt/c/Users/Raj/OneDrive - Åbo Akademi O365/banking/venv/lib/python3.12/site-packages/airflow/example_dags/example_nested_branch_dag.py
[2025-11-20T22:08:01.818+0500] {processor.py:840} INFO - DAG(s) 'example_nested_branch_dag' retrieved from /mnt/c/Users/Raj/OneDrive - Åbo Akademi O365/banking/venv/lib/python3.12/site-packages/airflow/example_dags/example_nested_branch_dag.py
[2025-11-20T22:08:01.867+0500] {logging_mixin.py:188} INFO - [2025-11-20T22:08:01.865+0500] {dag.py:3096} INFO - Sync 1 DAGs
[2025-11-20T22:08:01.908+0500] {logging_mixin.py:188} INFO - [2025-11-20T22:08:01.906+0500] {dag.py:3954} INFO - Setting next_dagrun for example_nested_branch_dag to 2025-11-19 00:00:00+00:00, run_after=2025-11-20 00:00:00+00:00
[2025-11-20T22:08:02.028+0500] {processor.py:183} INFO - Processing /mnt/c/Users/Raj/OneDrive - Åbo Akademi O365/banking/venv/lib/python3.12/site-packages/airflow/example_dags/example_nested_branch_dag.py took 0.286 seconds
[2025-11-20T22:09:30.954+0500] {processor.py:161} INFO - Started process (PID=1518) to work on /mnt/c/Users/Raj/OneDrive - Åbo Akademi O365/banking/venv/lib/python3.12/site-packages/airflow/example_dags/example_nested_branch_dag.py
[2025-11-20T22:09:30.956+0500] {processor.py:830} INFO - Processing file /mnt/c/Users/Raj/OneDrive - Åbo Akademi O365/banking/venv/lib/python3.12/site-packages/airflow/example_dags/example_nested_branch_dag.py for tasks to queue
[2025-11-20T22:09:30.960+0500] {logging_mixin.py:188} INFO - [2025-11-20T22:09:30.958+0500] {dagbag.py:545} INFO - Filling up the DagBag from /mnt/c/Users/Raj/OneDrive - Åbo Akademi O365/banking/venv/lib/python3.12/site-packages/airflow/example_dags/example_nested_branch_dag.py
[2025-11-20T22:09:31.015+0500] {processor.py:840} INFO - DAG(s) 'example_nested_branch_dag' retrieved from /mnt/c/Users/Raj/OneDrive - Åbo Akademi O365/banking/venv/lib/python3.12/site-packages/airflow/example_dags/example_nested_branch_dag.py
[2025-11-20T22:09:31.098+0500] {logging_mixin.py:188} INFO - [2025-11-20T22:09:31.096+0500] {dag.py:3096} INFO - Sync 1 DAGs
[2025-11-20T22:09:31.147+0500] {logging_mixin.py:188} INFO - [2025-11-20T22:09:31.145+0500] {dag.py:3954} INFO - Setting next_dagrun for example_nested_branch_dag to 2025-11-19 00:00:00+00:00, run_after=2025-11-20 00:00:00+00:00
[2025-11-20T22:09:31.262+0500] {processor.py:183} INFO - Processing /mnt/c/Users/Raj/OneDrive - Åbo Akademi O365/banking/venv/lib/python3.12/site-packages/airflow/example_dags/example_nested_branch_dag.py took 0.329 seconds
[2025-11-20T22:11:05.335+0500] {processor.py:161} INFO - Started process (PID=1586) to work on /mnt/c/Users/Raj/OneDrive - Åbo Akademi O365/banking/venv/lib/python3.12/site-packages/airflow/example_dags/example_nested_branch_dag.py
[2025-11-20T22:11:05.339+0500] {processor.py:830} INFO - Processing file /mnt/c/Users/Raj/OneDrive - Åbo Akademi O365/banking/venv/lib/python3.12/site-packages/airflow/example_dags/example_nested_branch_dag.py for tasks to queue
[2025-11-20T22:11:05.343+0500] {logging_mixin.py:188} INFO - [2025-11-20T22:11:05.341+0500] {dagbag.py:545} INFO - Filling up the DagBag from /mnt/c/Users/Raj/OneDrive - Åbo Akademi O365/banking/venv/lib/python3.12/site-packages/airflow/example_dags/example_nested_branch_dag.py
[2025-11-20T22:11:05.412+0500] {processor.py:840} INFO - DAG(s) 'example_nested_branch_dag' retrieved from /mnt/c/Users/Raj/OneDrive - Åbo Akademi O365/banking/venv/lib/python3.12/site-packages/airflow/example_dags/example_nested_branch_dag.py
[2025-11-20T22:11:05.462+0500] {logging_mixin.py:188} INFO - [2025-11-20T22:11:05.461+0500] {dag.py:3096} INFO - Sync 1 DAGs
[2025-11-20T22:11:05.511+0500] {logging_mixin.py:188} INFO - [2025-11-20T22:11:05.509+0500] {dag.py:3954} INFO - Setting next_dagrun for example_nested_branch_dag to 2025-11-19 00:00:00+00:00, run_after=2025-11-20 00:00:00+00:00
[2025-11-20T22:11:05.614+0500] {processor.py:183} INFO - Processing /mnt/c/Users/Raj/OneDrive - Åbo Akademi O365/banking/venv/lib/python3.12/site-packages/airflow/example_dags/example_nested_branch_dag.py took 0.306 seconds
[2025-11-20T22:12:25.875+0500] {processor.py:161} INFO - Started process (PID=1653) to work on /mnt/c/Users/Raj/OneDrive - Åbo Akademi O365/banking/venv/lib/python3.12/site-packages/airflow/example_dags/example_nested_branch_dag.py
[2025-11-20T22:12:25.877+0500] {processor.py:830} INFO - Processing file /mnt/c/Users/Raj/OneDrive - Åbo Akademi O365/banking/venv/lib/python3.12/site-packages/airflow/example_dags/example_nested_branch_dag.py for tasks to queue
[2025-11-20T22:12:25.880+0500] {logging_mixin.py:188} INFO - [2025-11-20T22:12:25.879+0500] {dagbag.py:545} INFO - Filling up the DagBag from /mnt/c/Users/Raj/OneDrive - Åbo Akademi O365/banking/venv/lib/python3.12/site-packages/airflow/example_dags/example_nested_branch_dag.py
[2025-11-20T22:12:25.925+0500] {processor.py:840} INFO - DAG(s) 'example_nested_branch_dag' retrieved from /mnt/c/Users/Raj/OneDrive - Åbo Akademi O365/banking/venv/lib/python3.12/site-packages/airflow/example_dags/example_nested_branch_dag.py
[2025-11-20T22:12:25.971+0500] {logging_mixin.py:188} INFO - [2025-11-20T22:12:25.969+0500] {dag.py:3096} INFO - Sync 1 DAGs
[2025-11-20T22:12:26.007+0500] {logging_mixin.py:188} INFO - [2025-11-20T22:12:26.005+0500] {dag.py:3954} INFO - Setting next_dagrun for example_nested_branch_dag to 2025-11-19 00:00:00+00:00, run_after=2025-11-20 00:00:00+00:00
[2025-11-20T22:12:26.096+0500] {processor.py:183} INFO - Processing /mnt/c/Users/Raj/OneDrive - Åbo Akademi O365/banking/venv/lib/python3.12/site-packages/airflow/example_dags/example_nested_branch_dag.py took 0.237 seconds
[2025-11-20T22:13:51.274+0500] {processor.py:161} INFO - Started process (PID=1717) to work on /mnt/c/Users/Raj/OneDrive - Åbo Akademi O365/banking/venv/lib/python3.12/site-packages/airflow/example_dags/example_nested_branch_dag.py
[2025-11-20T22:13:51.278+0500] {processor.py:830} INFO - Processing file /mnt/c/Users/Raj/OneDrive - Åbo Akademi O365/banking/venv/lib/python3.12/site-packages/airflow/example_dags/example_nested_branch_dag.py for tasks to queue
[2025-11-20T22:13:51.282+0500] {logging_mixin.py:188} INFO - [2025-11-20T22:13:51.280+0500] {dagbag.py:545} INFO - Filling up the DagBag from /mnt/c/Users/Raj/OneDrive - Åbo Akademi O365/banking/venv/lib/python3.12/site-packages/airflow/example_dags/example_nested_branch_dag.py
[2025-11-20T22:13:51.335+0500] {processor.py:840} INFO - DAG(s) 'example_nested_branch_dag' retrieved from /mnt/c/Users/Raj/OneDrive - Åbo Akademi O365/banking/venv/lib/python3.12/site-packages/airflow/example_dags/example_nested_branch_dag.py
[2025-11-20T22:13:51.386+0500] {logging_mixin.py:188} INFO - [2025-11-20T22:13:51.384+0500] {dag.py:3096} INFO - Sync 1 DAGs
[2025-11-20T22:13:51.428+0500] {logging_mixin.py:188} INFO - [2025-11-20T22:13:51.426+0500] {dag.py:3954} INFO - Setting next_dagrun for example_nested_branch_dag to 2025-11-19 00:00:00+00:00, run_after=2025-11-20 00:00:00+00:00
[2025-11-20T22:13:51.547+0500] {processor.py:183} INFO - Processing /mnt/c/Users/Raj/OneDrive - Åbo Akademi O365/banking/venv/lib/python3.12/site-packages/airflow/example_dags/example_nested_branch_dag.py took 0.292 seconds
[2025-11-20T22:15:16.111+0500] {processor.py:161} INFO - Started process (PID=1778) to work on /mnt/c/Users/Raj/OneDrive - Åbo Akademi O365/banking/venv/lib/python3.12/site-packages/airflow/example_dags/example_nested_branch_dag.py
[2025-11-20T22:15:16.113+0500] {processor.py:830} INFO - Processing file /mnt/c/Users/Raj/OneDrive - Åbo Akademi O365/banking/venv/lib/python3.12/site-packages/airflow/example_dags/example_nested_branch_dag.py for tasks to queue
[2025-11-20T22:15:16.118+0500] {logging_mixin.py:188} INFO - [2025-11-20T22:15:16.116+0500] {dagbag.py:545} INFO - Filling up the DagBag from /mnt/c/Users/Raj/OneDrive - Åbo Akademi O365/banking/venv/lib/python3.12/site-packages/airflow/example_dags/example_nested_branch_dag.py
[2025-11-20T22:15:16.174+0500] {processor.py:840} INFO - DAG(s) 'example_nested_branch_dag' retrieved from /mnt/c/Users/Raj/OneDrive - Åbo Akademi O365/banking/venv/lib/python3.12/site-packages/airflow/example_dags/example_nested_branch_dag.py
[2025-11-20T22:15:16.223+0500] {logging_mixin.py:188} INFO - [2025-11-20T22:15:16.221+0500] {dag.py:3096} INFO - Sync 1 DAGs
[2025-11-20T22:15:16.262+0500] {logging_mixin.py:188} INFO - [2025-11-20T22:15:16.260+0500] {dag.py:3954} INFO - Setting next_dagrun for example_nested_branch_dag to 2025-11-19 00:00:00+00:00, run_after=2025-11-20 00:00:00+00:00
[2025-11-20T22:15:16.360+0500] {processor.py:183} INFO - Processing /mnt/c/Users/Raj/OneDrive - Åbo Akademi O365/banking/venv/lib/python3.12/site-packages/airflow/example_dags/example_nested_branch_dag.py took 0.273 seconds
[2025-11-20T22:16:46.858+0500] {processor.py:161} INFO - Started process (PID=1841) to work on /mnt/c/Users/Raj/OneDrive - Åbo Akademi O365/banking/venv/lib/python3.12/site-packages/airflow/example_dags/example_nested_branch_dag.py
[2025-11-20T22:16:46.860+0500] {processor.py:830} INFO - Processing file /mnt/c/Users/Raj/OneDrive - Åbo Akademi O365/banking/venv/lib/python3.12/site-packages/airflow/example_dags/example_nested_branch_dag.py for tasks to queue
[2025-11-20T22:16:46.864+0500] {logging_mixin.py:188} INFO - [2025-11-20T22:16:46.862+0500] {dagbag.py:545} INFO - Filling up the DagBag from /mnt/c/Users/Raj/OneDrive - Åbo Akademi O365/banking/venv/lib/python3.12/site-packages/airflow/example_dags/example_nested_branch_dag.py
[2025-11-20T22:16:46.922+0500] {processor.py:840} INFO - DAG(s) 'example_nested_branch_dag' retrieved from /mnt/c/Users/Raj/OneDrive - Åbo Akademi O365/banking/venv/lib/python3.12/site-packages/airflow/example_dags/example_nested_branch_dag.py
[2025-11-20T22:16:46.963+0500] {logging_mixin.py:188} INFO - [2025-11-20T22:16:46.962+0500] {dag.py:3096} INFO - Sync 1 DAGs
[2025-11-20T22:16:47.021+0500] {logging_mixin.py:188} INFO - [2025-11-20T22:16:47.019+0500] {dag.py:3954} INFO - Setting next_dagrun for example_nested_branch_dag to 2025-11-19 00:00:00+00:00, run_after=2025-11-20 00:00:00+00:00
[2025-11-20T22:16:47.129+0500] {processor.py:183} INFO - Processing /mnt/c/Users/Raj/OneDrive - Åbo Akademi O365/banking/venv/lib/python3.12/site-packages/airflow/example_dags/example_nested_branch_dag.py took 0.290 seconds
[2025-11-20T22:18:17.094+0500] {processor.py:161} INFO - Started process (PID=1908) to work on /mnt/c/Users/Raj/OneDrive - Åbo Akademi O365/banking/venv/lib/python3.12/site-packages/airflow/example_dags/example_nested_branch_dag.py
[2025-11-20T22:18:17.097+0500] {processor.py:830} INFO - Processing file /mnt/c/Users/Raj/OneDrive - Åbo Akademi O365/banking/venv/lib/python3.12/site-packages/airflow/example_dags/example_nested_branch_dag.py for tasks to queue
[2025-11-20T22:18:17.101+0500] {logging_mixin.py:188} INFO - [2025-11-20T22:18:17.099+0500] {dagbag.py:545} INFO - Filling up the DagBag from /mnt/c/Users/Raj/OneDrive - Åbo Akademi O365/banking/venv/lib/python3.12/site-packages/airflow/example_dags/example_nested_branch_dag.py
[2025-11-20T22:18:17.156+0500] {processor.py:840} INFO - DAG(s) 'example_nested_branch_dag' retrieved from /mnt/c/Users/Raj/OneDrive - Åbo Akademi O365/banking/venv/lib/python3.12/site-packages/airflow/example_dags/example_nested_branch_dag.py
[2025-11-20T22:18:17.206+0500] {logging_mixin.py:188} INFO - [2025-11-20T22:18:17.205+0500] {dag.py:3096} INFO - Sync 1 DAGs
[2025-11-20T22:18:17.255+0500] {logging_mixin.py:188} INFO - [2025-11-20T22:18:17.254+0500] {dag.py:3954} INFO - Setting next_dagrun for example_nested_branch_dag to 2025-11-19 00:00:00+00:00, run_after=2025-11-20 00:00:00+00:00
[2025-11-20T22:18:17.353+0500] {processor.py:183} INFO - Processing /mnt/c/Users/Raj/OneDrive - Åbo Akademi O365/banking/venv/lib/python3.12/site-packages/airflow/example_dags/example_nested_branch_dag.py took 0.287 seconds
[2025-11-20T22:19:37.290+0500] {processor.py:161} INFO - Started process (PID=1970) to work on /mnt/c/Users/Raj/OneDrive - Åbo Akademi O365/banking/venv/lib/python3.12/site-packages/airflow/example_dags/example_nested_branch_dag.py
[2025-11-20T22:19:37.293+0500] {processor.py:830} INFO - Processing file /mnt/c/Users/Raj/OneDrive - Åbo Akademi O365/banking/venv/lib/python3.12/site-packages/airflow/example_dags/example_nested_branch_dag.py for tasks to queue
[2025-11-20T22:19:37.297+0500] {logging_mixin.py:188} INFO - [2025-11-20T22:19:37.295+0500] {dagbag.py:545} INFO - Filling up the DagBag from /mnt/c/Users/Raj/OneDrive - Åbo Akademi O365/banking/venv/lib/python3.12/site-packages/airflow/example_dags/example_nested_branch_dag.py
[2025-11-20T22:19:37.364+0500] {processor.py:840} INFO - DAG(s) 'example_nested_branch_dag' retrieved from /mnt/c/Users/Raj/OneDrive - Åbo Akademi O365/banking/venv/lib/python3.12/site-packages/airflow/example_dags/example_nested_branch_dag.py
[2025-11-20T22:19:37.414+0500] {logging_mixin.py:188} INFO - [2025-11-20T22:19:37.413+0500] {dag.py:3096} INFO - Sync 1 DAGs
[2025-11-20T22:19:37.471+0500] {logging_mixin.py:188} INFO - [2025-11-20T22:19:37.469+0500] {dag.py:3954} INFO - Setting next_dagrun for example_nested_branch_dag to 2025-11-19 00:00:00+00:00, run_after=2025-11-20 00:00:00+00:00
[2025-11-20T22:19:37.564+0500] {processor.py:183} INFO - Processing /mnt/c/Users/Raj/OneDrive - Åbo Akademi O365/banking/venv/lib/python3.12/site-packages/airflow/example_dags/example_nested_branch_dag.py took 0.292 seconds
[2025-11-20T22:21:12.863+0500] {processor.py:161} INFO - Started process (PID=2045) to work on /mnt/c/Users/Raj/OneDrive - Åbo Akademi O365/banking/venv/lib/python3.12/site-packages/airflow/example_dags/example_nested_branch_dag.py
[2025-11-20T22:21:12.865+0500] {processor.py:830} INFO - Processing file /mnt/c/Users/Raj/OneDrive - Åbo Akademi O365/banking/venv/lib/python3.12/site-packages/airflow/example_dags/example_nested_branch_dag.py for tasks to queue
[2025-11-20T22:21:12.869+0500] {logging_mixin.py:188} INFO - [2025-11-20T22:21:12.867+0500] {dagbag.py:545} INFO - Filling up the DagBag from /mnt/c/Users/Raj/OneDrive - Åbo Akademi O365/banking/venv/lib/python3.12/site-packages/airflow/example_dags/example_nested_branch_dag.py
[2025-11-20T22:21:12.916+0500] {processor.py:840} INFO - DAG(s) 'example_nested_branch_dag' retrieved from /mnt/c/Users/Raj/OneDrive - Åbo Akademi O365/banking/venv/lib/python3.12/site-packages/airflow/example_dags/example_nested_branch_dag.py
[2025-11-20T22:21:12.958+0500] {logging_mixin.py:188} INFO - [2025-11-20T22:21:12.956+0500] {dag.py:3096} INFO - Sync 1 DAGs
[2025-11-20T22:21:12.991+0500] {logging_mixin.py:188} INFO - [2025-11-20T22:21:12.989+0500] {dag.py:3954} INFO - Setting next_dagrun for example_nested_branch_dag to 2025-11-19 00:00:00+00:00, run_after=2025-11-20 00:00:00+00:00
[2025-11-20T22:21:13.090+0500] {processor.py:183} INFO - Processing /mnt/c/Users/Raj/OneDrive - Åbo Akademi O365/banking/venv/lib/python3.12/site-packages/airflow/example_dags/example_nested_branch_dag.py took 0.244 seconds
[2025-11-20T22:22:29.050+0500] {processor.py:161} INFO - Started process (PID=2105) to work on /mnt/c/Users/Raj/OneDrive - Åbo Akademi O365/banking/venv/lib/python3.12/site-packages/airflow/example_dags/example_nested_branch_dag.py
[2025-11-20T22:22:29.052+0500] {processor.py:830} INFO - Processing file /mnt/c/Users/Raj/OneDrive - Åbo Akademi O365/banking/venv/lib/python3.12/site-packages/airflow/example_dags/example_nested_branch_dag.py for tasks to queue
[2025-11-20T22:22:29.055+0500] {logging_mixin.py:188} INFO - [2025-11-20T22:22:29.053+0500] {dagbag.py:545} INFO - Filling up the DagBag from /mnt/c/Users/Raj/OneDrive - Åbo Akademi O365/banking/venv/lib/python3.12/site-packages/airflow/example_dags/example_nested_branch_dag.py
[2025-11-20T22:22:29.092+0500] {processor.py:840} INFO - DAG(s) 'example_nested_branch_dag' retrieved from /mnt/c/Users/Raj/OneDrive - Åbo Akademi O365/banking/venv/lib/python3.12/site-packages/airflow/example_dags/example_nested_branch_dag.py
[2025-11-20T22:22:29.131+0500] {logging_mixin.py:188} INFO - [2025-11-20T22:22:29.129+0500] {dag.py:3096} INFO - Sync 1 DAGs
[2025-11-20T22:22:29.165+0500] {logging_mixin.py:188} INFO - [2025-11-20T22:22:29.163+0500] {dag.py:3954} INFO - Setting next_dagrun for example_nested_branch_dag to 2025-11-19 00:00:00+00:00, run_after=2025-11-20 00:00:00+00:00
[2025-11-20T22:22:29.262+0500] {processor.py:183} INFO - Processing /mnt/c/Users/Raj/OneDrive - Åbo Akademi O365/banking/venv/lib/python3.12/site-packages/airflow/example_dags/example_nested_branch_dag.py took 0.226 seconds
[2025-11-20T22:23:43.714+0500] {processor.py:161} INFO - Started process (PID=2163) to work on /mnt/c/Users/Raj/OneDrive - Åbo Akademi O365/banking/venv/lib/python3.12/site-packages/airflow/example_dags/example_nested_branch_dag.py
[2025-11-20T22:23:43.717+0500] {processor.py:830} INFO - Processing file /mnt/c/Users/Raj/OneDrive - Åbo Akademi O365/banking/venv/lib/python3.12/site-packages/airflow/example_dags/example_nested_branch_dag.py for tasks to queue
[2025-11-20T22:23:43.721+0500] {logging_mixin.py:188} INFO - [2025-11-20T22:23:43.719+0500] {dagbag.py:545} INFO - Filling up the DagBag from /mnt/c/Users/Raj/OneDrive - Åbo Akademi O365/banking/venv/lib/python3.12/site-packages/airflow/example_dags/example_nested_branch_dag.py
[2025-11-20T22:23:43.769+0500] {processor.py:840} INFO - DAG(s) 'example_nested_branch_dag' retrieved from /mnt/c/Users/Raj/OneDrive - Åbo Akademi O365/banking/venv/lib/python3.12/site-packages/airflow/example_dags/example_nested_branch_dag.py
[2025-11-20T22:23:43.815+0500] {logging_mixin.py:188} INFO - [2025-11-20T22:23:43.814+0500] {dag.py:3096} INFO - Sync 1 DAGs
[2025-11-20T22:23:43.853+0500] {logging_mixin.py:188} INFO - [2025-11-20T22:23:43.852+0500] {dag.py:3954} INFO - Setting next_dagrun for example_nested_branch_dag to 2025-11-19 00:00:00+00:00, run_after=2025-11-20 00:00:00+00:00
[2025-11-20T22:23:43.948+0500] {processor.py:183} INFO - Processing /mnt/c/Users/Raj/OneDrive - Åbo Akademi O365/banking/venv/lib/python3.12/site-packages/airflow/example_dags/example_nested_branch_dag.py took 0.251 seconds
[2025-11-20T22:25:14.753+0500] {processor.py:161} INFO - Started process (PID=2265) to work on /mnt/c/Users/Raj/OneDrive - Åbo Akademi O365/banking/venv/lib/python3.12/site-packages/airflow/example_dags/example_nested_branch_dag.py
[2025-11-20T22:25:14.756+0500] {processor.py:830} INFO - Processing file /mnt/c/Users/Raj/OneDrive - Åbo Akademi O365/banking/venv/lib/python3.12/site-packages/airflow/example_dags/example_nested_branch_dag.py for tasks to queue
[2025-11-20T22:25:14.759+0500] {logging_mixin.py:188} INFO - [2025-11-20T22:25:14.758+0500] {dagbag.py:545} INFO - Filling up the DagBag from /mnt/c/Users/Raj/OneDrive - Åbo Akademi O365/banking/venv/lib/python3.12/site-packages/airflow/example_dags/example_nested_branch_dag.py
[2025-11-20T22:25:14.838+0500] {processor.py:840} INFO - DAG(s) 'example_nested_branch_dag' retrieved from /mnt/c/Users/Raj/OneDrive - Åbo Akademi O365/banking/venv/lib/python3.12/site-packages/airflow/example_dags/example_nested_branch_dag.py
[2025-11-20T22:25:14.938+0500] {logging_mixin.py:188} INFO - [2025-11-20T22:25:14.936+0500] {dag.py:3096} INFO - Sync 1 DAGs
[2025-11-20T22:25:14.991+0500] {logging_mixin.py:188} INFO - [2025-11-20T22:25:14.990+0500] {dag.py:3954} INFO - Setting next_dagrun for example_nested_branch_dag to 2025-11-19 00:00:00+00:00, run_after=2025-11-20 00:00:00+00:00
[2025-11-20T22:25:15.110+0500] {processor.py:183} INFO - Processing /mnt/c/Users/Raj/OneDrive - Åbo Akademi O365/banking/venv/lib/python3.12/site-packages/airflow/example_dags/example_nested_branch_dag.py took 0.381 seconds
[2025-11-20T22:27:33.587+0500] {processor.py:161} INFO - Started process (PID=2341) to work on /mnt/c/Users/Raj/OneDrive - Åbo Akademi O365/banking/venv/lib/python3.12/site-packages/airflow/example_dags/example_nested_branch_dag.py
[2025-11-20T22:27:33.620+0500] {processor.py:830} INFO - Processing file /mnt/c/Users/Raj/OneDrive - Åbo Akademi O365/banking/venv/lib/python3.12/site-packages/airflow/example_dags/example_nested_branch_dag.py for tasks to queue
[2025-11-20T22:27:33.625+0500] {logging_mixin.py:188} INFO - [2025-11-20T22:27:33.623+0500] {dagbag.py:545} INFO - Filling up the DagBag from /mnt/c/Users/Raj/OneDrive - Åbo Akademi O365/banking/venv/lib/python3.12/site-packages/airflow/example_dags/example_nested_branch_dag.py
[2025-11-20T22:27:33.729+0500] {processor.py:840} INFO - DAG(s) 'example_nested_branch_dag' retrieved from /mnt/c/Users/Raj/OneDrive - Åbo Akademi O365/banking/venv/lib/python3.12/site-packages/airflow/example_dags/example_nested_branch_dag.py
[2025-11-20T22:27:33.838+0500] {logging_mixin.py:188} INFO - [2025-11-20T22:27:33.828+0500] {dag.py:3096} INFO - Sync 1 DAGs
[2025-11-20T22:27:33.921+0500] {logging_mixin.py:188} INFO - [2025-11-20T22:27:33.918+0500] {dag.py:3954} INFO - Setting next_dagrun for example_nested_branch_dag to 2025-11-19 00:00:00+00:00, run_after=2025-11-20 00:00:00+00:00
[2025-11-20T22:27:34.086+0500] {processor.py:183} INFO - Processing /mnt/c/Users/Raj/OneDrive - Åbo Akademi O365/banking/venv/lib/python3.12/site-packages/airflow/example_dags/example_nested_branch_dag.py took 0.546 seconds
[2025-11-20T22:29:58.983+0500] {processor.py:161} INFO - Started process (PID=2443) to work on /mnt/c/Users/Raj/OneDrive - Åbo Akademi O365/banking/venv/lib/python3.12/site-packages/airflow/example_dags/example_nested_branch_dag.py
[2025-11-20T22:29:58.987+0500] {processor.py:830} INFO - Processing file /mnt/c/Users/Raj/OneDrive - Åbo Akademi O365/banking/venv/lib/python3.12/site-packages/airflow/example_dags/example_nested_branch_dag.py for tasks to queue
[2025-11-20T22:29:58.995+0500] {logging_mixin.py:188} INFO - [2025-11-20T22:29:58.991+0500] {dagbag.py:545} INFO - Filling up the DagBag from /mnt/c/Users/Raj/OneDrive - Åbo Akademi O365/banking/venv/lib/python3.12/site-packages/airflow/example_dags/example_nested_branch_dag.py
[2025-11-20T22:29:59.125+0500] {processor.py:840} INFO - DAG(s) 'example_nested_branch_dag' retrieved from /mnt/c/Users/Raj/OneDrive - Åbo Akademi O365/banking/venv/lib/python3.12/site-packages/airflow/example_dags/example_nested_branch_dag.py
[2025-11-20T22:29:59.302+0500] {logging_mixin.py:188} INFO - [2025-11-20T22:29:59.298+0500] {dag.py:3096} INFO - Sync 1 DAGs
[2025-11-20T22:29:59.872+0500] {logging_mixin.py:188} INFO - [2025-11-20T22:29:59.869+0500] {dag.py:3954} INFO - Setting next_dagrun for example_nested_branch_dag to 2025-11-19 00:00:00+00:00, run_after=2025-11-20 00:00:00+00:00
[2025-11-20T22:30:00.051+0500] {processor.py:183} INFO - Processing /mnt/c/Users/Raj/OneDrive - Åbo Akademi O365/banking/venv/lib/python3.12/site-packages/airflow/example_dags/example_nested_branch_dag.py took 1.125 seconds
[2025-11-20T22:31:00.186+0500] {processor.py:161} INFO - Started process (PID=2474) to work on /mnt/c/Users/Raj/OneDrive - Åbo Akademi O365/banking/venv/lib/python3.12/site-packages/airflow/example_dags/example_nested_branch_dag.py
[2025-11-20T22:31:00.191+0500] {processor.py:830} INFO - Processing file /mnt/c/Users/Raj/OneDrive - Åbo Akademi O365/banking/venv/lib/python3.12/site-packages/airflow/example_dags/example_nested_branch_dag.py for tasks to queue
[2025-11-20T22:31:00.201+0500] {logging_mixin.py:188} INFO - [2025-11-20T22:31:00.196+0500] {dagbag.py:545} INFO - Filling up the DagBag from /mnt/c/Users/Raj/OneDrive - Åbo Akademi O365/banking/venv/lib/python3.12/site-packages/airflow/example_dags/example_nested_branch_dag.py
[2025-11-20T22:31:00.301+0500] {logging_mixin.py:188} INFO - [2025-11-20T22:31:00.283+0500] {dagbag.py:355} ERROR - Failed to import: /mnt/c/Users/Raj/OneDrive - Åbo Akademi O365/banking/venv/lib/python3.12/site-packages/airflow/example_dags/example_nested_branch_dag.py
Traceback (most recent call last):
  File "/mnt/c/Users/Raj/OneDrive - Åbo Akademi O365/banking/venv/lib/python3.12/site-packages/airflow/models/dagbag.py", line 351, in parse
    dag_id,
  File "<frozen importlib._bootstrap_external>", line 995, in exec_module
  File "<frozen importlib._bootstrap>", line 488, in _call_with_frames_removed
  File "/mnt/c/Users/Raj/OneDrive - Åbo Akademi O365/banking/venv/lib/python3.12/site-packages/airflow/example_dags/example_nested_branch_dag.py", line 28, in <module>
    from airflow.providers.standard.operators.empty import EmptyOperator
ModuleNotFoundError: No module named 'airflow.providers.standard'
[2025-11-20T22:31:00.307+0500] {processor.py:842} WARNING - No viable dags retrieved from /mnt/c/Users/Raj/OneDrive - Åbo Akademi O365/banking/venv/lib/python3.12/site-packages/airflow/example_dags/example_nested_branch_dag.py
[2025-11-20T22:31:00.426+0500] {processor.py:183} INFO - Processing /mnt/c/Users/Raj/OneDrive - Åbo Akademi O365/banking/venv/lib/python3.12/site-packages/airflow/example_dags/example_nested_branch_dag.py took 0.452 seconds
[2025-11-20T22:32:13.866+0500] {processor.py:161} INFO - Started process (PID=2519) to work on /mnt/c/Users/Raj/OneDrive - Åbo Akademi O365/banking/venv/lib/python3.12/site-packages/airflow/example_dags/example_nested_branch_dag.py
[2025-11-20T22:32:13.870+0500] {processor.py:830} INFO - Processing file /mnt/c/Users/Raj/OneDrive - Åbo Akademi O365/banking/venv/lib/python3.12/site-packages/airflow/example_dags/example_nested_branch_dag.py for tasks to queue
[2025-11-20T22:32:13.876+0500] {logging_mixin.py:188} INFO - [2025-11-20T22:32:13.873+0500] {dagbag.py:545} INFO - Filling up the DagBag from /mnt/c/Users/Raj/OneDrive - Åbo Akademi O365/banking/venv/lib/python3.12/site-packages/airflow/example_dags/example_nested_branch_dag.py
[2025-11-20T22:32:13.923+0500] {logging_mixin.py:188} INFO - [2025-11-20T22:32:13.906+0500] {dagbag.py:355} ERROR - Failed to import: /mnt/c/Users/Raj/OneDrive - Åbo Akademi O365/banking/venv/lib/python3.12/site-packages/airflow/example_dags/example_nested_branch_dag.py
Traceback (most recent call last):
  File "/mnt/c/Users/Raj/OneDrive - Åbo Akademi O365/banking/venv/lib/python3.12/site-packages/airflow/models/dagbag.py", line 351, in parse
    dag_id,
  File "<frozen importlib._bootstrap_external>", line 995, in exec_module
  File "<frozen importlib._bootstrap>", line 488, in _call_with_frames_removed
  File "/mnt/c/Users/Raj/OneDrive - Åbo Akademi O365/banking/venv/lib/python3.12/site-packages/airflow/example_dags/example_nested_branch_dag.py", line 28, in <module>
    from airflow.providers.standard.operators.empty import EmptyOperator
ModuleNotFoundError: No module named 'airflow.providers.standard'
[2025-11-20T22:32:13.929+0500] {processor.py:842} WARNING - No viable dags retrieved from /mnt/c/Users/Raj/OneDrive - Åbo Akademi O365/banking/venv/lib/python3.12/site-packages/airflow/example_dags/example_nested_branch_dag.py
[2025-11-20T22:32:14.008+0500] {processor.py:183} INFO - Processing /mnt/c/Users/Raj/OneDrive - Åbo Akademi O365/banking/venv/lib/python3.12/site-packages/airflow/example_dags/example_nested_branch_dag.py took 0.174 seconds
