[2025-11-20T20:36:47.595+0500] {processor.py:161} INFO - Started process (PID=12212) to work on /mnt/c/Users/Raj/OneDrive - Åbo Akademi O365/banking/venv/lib/python3.12/site-packages/airflow/example_dags/example_branch_python_dop_operator_3.py
[2025-11-20T20:36:47.598+0500] {processor.py:830} INFO - Processing file /mnt/c/Users/Raj/OneDrive - Åbo Akademi O365/banking/venv/lib/python3.12/site-packages/airflow/example_dags/example_branch_python_dop_operator_3.py for tasks to queue
[2025-11-20T20:36:47.604+0500] {logging_mixin.py:188} INFO - [2025-11-20T20:36:47.602+0500] {dagbag.py:545} INFO - Filling up the DagBag from /mnt/c/Users/Raj/OneDrive - Åbo Akademi O365/banking/venv/lib/python3.12/site-packages/airflow/example_dags/example_branch_python_dop_operator_3.py
[2025-11-20T20:36:47.648+0500] {processor.py:840} INFO - DAG(s) 'example_branch_dop_operator_v3' retrieved from /mnt/c/Users/Raj/OneDrive - Åbo Akademi O365/banking/venv/lib/python3.12/site-packages/airflow/example_dags/example_branch_python_dop_operator_3.py
[2025-11-20T20:36:49.370+0500] {logging_mixin.py:188} INFO - [2025-11-20T20:36:49.368+0500] {override.py:1829} INFO - Created Permission View: can delete on DAG:example_branch_dop_operator_v3
[2025-11-20T20:36:49.467+0500] {logging_mixin.py:188} INFO - [2025-11-20T20:36:49.465+0500] {override.py:1829} INFO - Created Permission View: can read on DAG:example_branch_dop_operator_v3
[2025-11-20T20:36:49.587+0500] {logging_mixin.py:188} INFO - [2025-11-20T20:36:49.585+0500] {override.py:1829} INFO - Created Permission View: can edit on DAG:example_branch_dop_operator_v3
[2025-11-20T20:36:49.591+0500] {logging_mixin.py:188} INFO - [2025-11-20T20:36:49.590+0500] {dag.py:3096} INFO - Sync 1 DAGs
[2025-11-20T20:36:49.626+0500] {logging_mixin.py:188} INFO - [2025-11-20T20:36:49.625+0500] {dag.py:3118} INFO - Creating ORM DAG for example_branch_dop_operator_v3
[2025-11-20T20:36:49.662+0500] {logging_mixin.py:188} INFO - [2025-11-20T20:36:49.661+0500] {dag.py:3954} INFO - Setting next_dagrun for example_branch_dop_operator_v3 to 2025-11-20 15:35:00+00:00, run_after=2025-11-20 15:36:00+00:00
[2025-11-20T20:36:49.779+0500] {processor.py:183} INFO - Processing /mnt/c/Users/Raj/OneDrive - Åbo Akademi O365/banking/venv/lib/python3.12/site-packages/airflow/example_dags/example_branch_python_dop_operator_3.py took 2.205 seconds
[2025-11-20T20:38:43.635+0500] {processor.py:161} INFO - Started process (PID=12622) to work on /mnt/c/Users/Raj/OneDrive - Åbo Akademi O365/banking/venv/lib/python3.12/site-packages/airflow/example_dags/example_branch_python_dop_operator_3.py
[2025-11-20T20:38:43.639+0500] {processor.py:830} INFO - Processing file /mnt/c/Users/Raj/OneDrive - Åbo Akademi O365/banking/venv/lib/python3.12/site-packages/airflow/example_dags/example_branch_python_dop_operator_3.py for tasks to queue
[2025-11-20T20:38:43.646+0500] {logging_mixin.py:188} INFO - [2025-11-20T20:38:43.644+0500] {dagbag.py:545} INFO - Filling up the DagBag from /mnt/c/Users/Raj/OneDrive - Åbo Akademi O365/banking/venv/lib/python3.12/site-packages/airflow/example_dags/example_branch_python_dop_operator_3.py
[2025-11-20T20:38:43.704+0500] {processor.py:840} INFO - DAG(s) 'example_branch_dop_operator_v3' retrieved from /mnt/c/Users/Raj/OneDrive - Åbo Akademi O365/banking/venv/lib/python3.12/site-packages/airflow/example_dags/example_branch_python_dop_operator_3.py
[2025-11-20T20:38:43.762+0500] {logging_mixin.py:188} INFO - [2025-11-20T20:38:43.760+0500] {dag.py:3096} INFO - Sync 1 DAGs
[2025-11-20T20:38:43.837+0500] {logging_mixin.py:188} INFO - [2025-11-20T20:38:43.834+0500] {dag.py:3954} INFO - Setting next_dagrun for example_branch_dop_operator_v3 to 2025-11-20 15:37:00+00:00, run_after=2025-11-20 15:38:00+00:00
[2025-11-20T20:38:43.991+0500] {processor.py:183} INFO - Processing /mnt/c/Users/Raj/OneDrive - Åbo Akademi O365/banking/venv/lib/python3.12/site-packages/airflow/example_dags/example_branch_python_dop_operator_3.py took 0.391 seconds
[2025-11-20T20:40:04.338+0500] {processor.py:161} INFO - Started process (PID=12921) to work on /mnt/c/Users/Raj/OneDrive - Åbo Akademi O365/banking/venv/lib/python3.12/site-packages/airflow/example_dags/example_branch_python_dop_operator_3.py
[2025-11-20T20:40:04.340+0500] {processor.py:830} INFO - Processing file /mnt/c/Users/Raj/OneDrive - Åbo Akademi O365/banking/venv/lib/python3.12/site-packages/airflow/example_dags/example_branch_python_dop_operator_3.py for tasks to queue
[2025-11-20T20:40:04.346+0500] {logging_mixin.py:188} INFO - [2025-11-20T20:40:04.344+0500] {dagbag.py:545} INFO - Filling up the DagBag from /mnt/c/Users/Raj/OneDrive - Åbo Akademi O365/banking/venv/lib/python3.12/site-packages/airflow/example_dags/example_branch_python_dop_operator_3.py
[2025-11-20T20:40:04.774+0500] {processor.py:840} INFO - DAG(s) 'example_branch_dop_operator_v3' retrieved from /mnt/c/Users/Raj/OneDrive - Åbo Akademi O365/banking/venv/lib/python3.12/site-packages/airflow/example_dags/example_branch_python_dop_operator_3.py
[2025-11-20T20:40:04.849+0500] {logging_mixin.py:188} INFO - [2025-11-20T20:40:04.847+0500] {dag.py:3096} INFO - Sync 1 DAGs
[2025-11-20T20:40:04.909+0500] {logging_mixin.py:188} INFO - [2025-11-20T20:40:04.907+0500] {dag.py:3954} INFO - Setting next_dagrun for example_branch_dop_operator_v3 to 2025-11-20 15:39:00+00:00, run_after=2025-11-20 15:40:00+00:00
[2025-11-20T20:40:05.009+0500] {processor.py:183} INFO - Processing /mnt/c/Users/Raj/OneDrive - Åbo Akademi O365/banking/venv/lib/python3.12/site-packages/airflow/example_dags/example_branch_python_dop_operator_3.py took 0.693 seconds
[2025-11-20T20:41:21.962+0500] {processor.py:161} INFO - Started process (PID=13177) to work on /mnt/c/Users/Raj/OneDrive - Åbo Akademi O365/banking/venv/lib/python3.12/site-packages/airflow/example_dags/example_branch_python_dop_operator_3.py
[2025-11-20T20:41:21.965+0500] {processor.py:830} INFO - Processing file /mnt/c/Users/Raj/OneDrive - Åbo Akademi O365/banking/venv/lib/python3.12/site-packages/airflow/example_dags/example_branch_python_dop_operator_3.py for tasks to queue
[2025-11-20T20:41:21.970+0500] {logging_mixin.py:188} INFO - [2025-11-20T20:41:21.968+0500] {dagbag.py:545} INFO - Filling up the DagBag from /mnt/c/Users/Raj/OneDrive - Åbo Akademi O365/banking/venv/lib/python3.12/site-packages/airflow/example_dags/example_branch_python_dop_operator_3.py
[2025-11-20T20:41:22.016+0500] {processor.py:840} INFO - DAG(s) 'example_branch_dop_operator_v3' retrieved from /mnt/c/Users/Raj/OneDrive - Åbo Akademi O365/banking/venv/lib/python3.12/site-packages/airflow/example_dags/example_branch_python_dop_operator_3.py
[2025-11-20T20:41:22.061+0500] {logging_mixin.py:188} INFO - [2025-11-20T20:41:22.060+0500] {dag.py:3096} INFO - Sync 1 DAGs
[2025-11-20T20:41:22.122+0500] {logging_mixin.py:188} INFO - [2025-11-20T20:41:22.121+0500] {dag.py:3954} INFO - Setting next_dagrun for example_branch_dop_operator_v3 to 2025-11-20 15:40:00+00:00, run_after=2025-11-20 15:41:00+00:00
[2025-11-20T20:41:22.216+0500] {processor.py:183} INFO - Processing /mnt/c/Users/Raj/OneDrive - Åbo Akademi O365/banking/venv/lib/python3.12/site-packages/airflow/example_dags/example_branch_python_dop_operator_3.py took 0.275 seconds
[2025-11-20T20:42:38.670+0500] {processor.py:161} INFO - Started process (PID=13438) to work on /mnt/c/Users/Raj/OneDrive - Åbo Akademi O365/banking/venv/lib/python3.12/site-packages/airflow/example_dags/example_branch_python_dop_operator_3.py
[2025-11-20T20:42:38.674+0500] {processor.py:830} INFO - Processing file /mnt/c/Users/Raj/OneDrive - Åbo Akademi O365/banking/venv/lib/python3.12/site-packages/airflow/example_dags/example_branch_python_dop_operator_3.py for tasks to queue
[2025-11-20T20:42:38.679+0500] {logging_mixin.py:188} INFO - [2025-11-20T20:42:38.677+0500] {dagbag.py:545} INFO - Filling up the DagBag from /mnt/c/Users/Raj/OneDrive - Åbo Akademi O365/banking/venv/lib/python3.12/site-packages/airflow/example_dags/example_branch_python_dop_operator_3.py
[2025-11-20T20:42:38.722+0500] {processor.py:840} INFO - DAG(s) 'example_branch_dop_operator_v3' retrieved from /mnt/c/Users/Raj/OneDrive - Åbo Akademi O365/banking/venv/lib/python3.12/site-packages/airflow/example_dags/example_branch_python_dop_operator_3.py
[2025-11-20T20:42:38.765+0500] {logging_mixin.py:188} INFO - [2025-11-20T20:42:38.764+0500] {dag.py:3096} INFO - Sync 1 DAGs
[2025-11-20T20:42:38.843+0500] {logging_mixin.py:188} INFO - [2025-11-20T20:42:38.841+0500] {dag.py:3954} INFO - Setting next_dagrun for example_branch_dop_operator_v3 to 2025-11-20 15:41:00+00:00, run_after=2025-11-20 15:42:00+00:00
[2025-11-20T20:42:38.940+0500] {processor.py:183} INFO - Processing /mnt/c/Users/Raj/OneDrive - Åbo Akademi O365/banking/venv/lib/python3.12/site-packages/airflow/example_dags/example_branch_python_dop_operator_3.py took 0.289 seconds
[2025-11-20T20:44:01.744+0500] {processor.py:161} INFO - Started process (PID=13720) to work on /mnt/c/Users/Raj/OneDrive - Åbo Akademi O365/banking/venv/lib/python3.12/site-packages/airflow/example_dags/example_branch_python_dop_operator_3.py
[2025-11-20T20:44:01.748+0500] {processor.py:830} INFO - Processing file /mnt/c/Users/Raj/OneDrive - Åbo Akademi O365/banking/venv/lib/python3.12/site-packages/airflow/example_dags/example_branch_python_dop_operator_3.py for tasks to queue
[2025-11-20T20:44:01.754+0500] {logging_mixin.py:188} INFO - [2025-11-20T20:44:01.752+0500] {dagbag.py:545} INFO - Filling up the DagBag from /mnt/c/Users/Raj/OneDrive - Åbo Akademi O365/banking/venv/lib/python3.12/site-packages/airflow/example_dags/example_branch_python_dop_operator_3.py
[2025-11-20T20:44:01.802+0500] {processor.py:840} INFO - DAG(s) 'example_branch_dop_operator_v3' retrieved from /mnt/c/Users/Raj/OneDrive - Åbo Akademi O365/banking/venv/lib/python3.12/site-packages/airflow/example_dags/example_branch_python_dop_operator_3.py
[2025-11-20T20:44:01.846+0500] {logging_mixin.py:188} INFO - [2025-11-20T20:44:01.844+0500] {dag.py:3096} INFO - Sync 1 DAGs
[2025-11-20T20:44:01.901+0500] {logging_mixin.py:188} INFO - [2025-11-20T20:44:01.900+0500] {dag.py:3954} INFO - Setting next_dagrun for example_branch_dop_operator_v3 to 2025-11-20 15:43:00+00:00, run_after=2025-11-20 15:44:00+00:00
[2025-11-20T20:44:02.024+0500] {processor.py:183} INFO - Processing /mnt/c/Users/Raj/OneDrive - Åbo Akademi O365/banking/venv/lib/python3.12/site-packages/airflow/example_dags/example_branch_python_dop_operator_3.py took 0.302 seconds
[2025-11-20T20:45:26.649+0500] {processor.py:161} INFO - Started process (PID=14032) to work on /mnt/c/Users/Raj/OneDrive - Åbo Akademi O365/banking/venv/lib/python3.12/site-packages/airflow/example_dags/example_branch_python_dop_operator_3.py
[2025-11-20T20:45:26.654+0500] {processor.py:830} INFO - Processing file /mnt/c/Users/Raj/OneDrive - Åbo Akademi O365/banking/venv/lib/python3.12/site-packages/airflow/example_dags/example_branch_python_dop_operator_3.py for tasks to queue
[2025-11-20T20:45:26.661+0500] {logging_mixin.py:188} INFO - [2025-11-20T20:45:26.658+0500] {dagbag.py:545} INFO - Filling up the DagBag from /mnt/c/Users/Raj/OneDrive - Åbo Akademi O365/banking/venv/lib/python3.12/site-packages/airflow/example_dags/example_branch_python_dop_operator_3.py
[2025-11-20T20:45:26.735+0500] {processor.py:840} INFO - DAG(s) 'example_branch_dop_operator_v3' retrieved from /mnt/c/Users/Raj/OneDrive - Åbo Akademi O365/banking/venv/lib/python3.12/site-packages/airflow/example_dags/example_branch_python_dop_operator_3.py
[2025-11-20T20:45:26.790+0500] {logging_mixin.py:188} INFO - [2025-11-20T20:45:26.789+0500] {dag.py:3096} INFO - Sync 1 DAGs
[2025-11-20T20:45:26.865+0500] {logging_mixin.py:188} INFO - [2025-11-20T20:45:26.864+0500] {dag.py:3954} INFO - Setting next_dagrun for example_branch_dop_operator_v3 to 2025-11-20 15:44:00+00:00, run_after=2025-11-20 15:45:00+00:00
[2025-11-20T20:45:26.980+0500] {processor.py:183} INFO - Processing /mnt/c/Users/Raj/OneDrive - Åbo Akademi O365/banking/venv/lib/python3.12/site-packages/airflow/example_dags/example_branch_python_dop_operator_3.py took 0.356 seconds
[2025-11-20T20:46:38.025+0500] {processor.py:161} INFO - Started process (PID=14346) to work on /mnt/c/Users/Raj/OneDrive - Åbo Akademi O365/banking/venv/lib/python3.12/site-packages/airflow/example_dags/example_branch_python_dop_operator_3.py
[2025-11-20T20:46:38.028+0500] {processor.py:830} INFO - Processing file /mnt/c/Users/Raj/OneDrive - Åbo Akademi O365/banking/venv/lib/python3.12/site-packages/airflow/example_dags/example_branch_python_dop_operator_3.py for tasks to queue
[2025-11-20T20:46:38.038+0500] {logging_mixin.py:188} INFO - [2025-11-20T20:46:38.031+0500] {dagbag.py:545} INFO - Filling up the DagBag from /mnt/c/Users/Raj/OneDrive - Åbo Akademi O365/banking/venv/lib/python3.12/site-packages/airflow/example_dags/example_branch_python_dop_operator_3.py
[2025-11-20T20:46:38.108+0500] {processor.py:840} INFO - DAG(s) 'example_branch_dop_operator_v3' retrieved from /mnt/c/Users/Raj/OneDrive - Åbo Akademi O365/banking/venv/lib/python3.12/site-packages/airflow/example_dags/example_branch_python_dop_operator_3.py
[2025-11-20T20:46:38.177+0500] {logging_mixin.py:188} INFO - [2025-11-20T20:46:38.175+0500] {dag.py:3096} INFO - Sync 1 DAGs
[2025-11-20T20:46:38.246+0500] {logging_mixin.py:188} INFO - [2025-11-20T20:46:38.244+0500] {dag.py:3954} INFO - Setting next_dagrun for example_branch_dop_operator_v3 to 2025-11-20 15:45:00+00:00, run_after=2025-11-20 15:46:00+00:00
[2025-11-20T20:46:38.356+0500] {processor.py:183} INFO - Processing /mnt/c/Users/Raj/OneDrive - Åbo Akademi O365/banking/venv/lib/python3.12/site-packages/airflow/example_dags/example_branch_python_dop_operator_3.py took 0.357 seconds
[2025-11-20T20:47:58.060+0500] {processor.py:161} INFO - Started process (PID=14713) to work on /mnt/c/Users/Raj/OneDrive - Åbo Akademi O365/banking/venv/lib/python3.12/site-packages/airflow/example_dags/example_branch_python_dop_operator_3.py
[2025-11-20T20:47:58.063+0500] {processor.py:830} INFO - Processing file /mnt/c/Users/Raj/OneDrive - Åbo Akademi O365/banking/venv/lib/python3.12/site-packages/airflow/example_dags/example_branch_python_dop_operator_3.py for tasks to queue
[2025-11-20T20:47:58.067+0500] {logging_mixin.py:188} INFO - [2025-11-20T20:47:58.065+0500] {dagbag.py:545} INFO - Filling up the DagBag from /mnt/c/Users/Raj/OneDrive - Åbo Akademi O365/banking/venv/lib/python3.12/site-packages/airflow/example_dags/example_branch_python_dop_operator_3.py
[2025-11-20T20:47:58.109+0500] {processor.py:840} INFO - DAG(s) 'example_branch_dop_operator_v3' retrieved from /mnt/c/Users/Raj/OneDrive - Åbo Akademi O365/banking/venv/lib/python3.12/site-packages/airflow/example_dags/example_branch_python_dop_operator_3.py
[2025-11-20T20:47:58.156+0500] {logging_mixin.py:188} INFO - [2025-11-20T20:47:58.155+0500] {dag.py:3096} INFO - Sync 1 DAGs
[2025-11-20T20:47:58.222+0500] {logging_mixin.py:188} INFO - [2025-11-20T20:47:58.220+0500] {dag.py:3954} INFO - Setting next_dagrun for example_branch_dop_operator_v3 to 2025-11-20 15:46:00+00:00, run_after=2025-11-20 15:47:00+00:00
[2025-11-20T20:47:58.324+0500] {processor.py:183} INFO - Processing /mnt/c/Users/Raj/OneDrive - Åbo Akademi O365/banking/venv/lib/python3.12/site-packages/airflow/example_dags/example_branch_python_dop_operator_3.py took 0.283 seconds
[2025-11-20T20:49:14.156+0500] {processor.py:161} INFO - Started process (PID=15196) to work on /mnt/c/Users/Raj/OneDrive - Åbo Akademi O365/banking/venv/lib/python3.12/site-packages/airflow/example_dags/example_branch_python_dop_operator_3.py
[2025-11-20T20:49:14.160+0500] {processor.py:830} INFO - Processing file /mnt/c/Users/Raj/OneDrive - Åbo Akademi O365/banking/venv/lib/python3.12/site-packages/airflow/example_dags/example_branch_python_dop_operator_3.py for tasks to queue
[2025-11-20T20:49:14.166+0500] {logging_mixin.py:188} INFO - [2025-11-20T20:49:14.164+0500] {dagbag.py:545} INFO - Filling up the DagBag from /mnt/c/Users/Raj/OneDrive - Åbo Akademi O365/banking/venv/lib/python3.12/site-packages/airflow/example_dags/example_branch_python_dop_operator_3.py
[2025-11-20T20:49:14.213+0500] {processor.py:840} INFO - DAG(s) 'example_branch_dop_operator_v3' retrieved from /mnt/c/Users/Raj/OneDrive - Åbo Akademi O365/banking/venv/lib/python3.12/site-packages/airflow/example_dags/example_branch_python_dop_operator_3.py
[2025-11-20T20:49:14.256+0500] {logging_mixin.py:188} INFO - [2025-11-20T20:49:14.255+0500] {dag.py:3096} INFO - Sync 1 DAGs
[2025-11-20T20:49:14.310+0500] {logging_mixin.py:188} INFO - [2025-11-20T20:49:14.308+0500] {dag.py:3954} INFO - Setting next_dagrun for example_branch_dop_operator_v3 to 2025-11-20 15:48:00+00:00, run_after=2025-11-20 15:49:00+00:00
[2025-11-20T20:49:14.416+0500] {processor.py:183} INFO - Processing /mnt/c/Users/Raj/OneDrive - Åbo Akademi O365/banking/venv/lib/python3.12/site-packages/airflow/example_dags/example_branch_python_dop_operator_3.py took 0.281 seconds
[2025-11-20T21:57:02.107+0500] {processor.py:161} INFO - Started process (PID=900) to work on /mnt/c/Users/Raj/OneDrive - Åbo Akademi O365/banking/venv/lib/python3.12/site-packages/airflow/example_dags/example_branch_python_dop_operator_3.py
[2025-11-20T21:57:02.110+0500] {processor.py:830} INFO - Processing file /mnt/c/Users/Raj/OneDrive - Åbo Akademi O365/banking/venv/lib/python3.12/site-packages/airflow/example_dags/example_branch_python_dop_operator_3.py for tasks to queue
[2025-11-20T21:57:02.115+0500] {logging_mixin.py:188} INFO - [2025-11-20T21:57:02.113+0500] {dagbag.py:545} INFO - Filling up the DagBag from /mnt/c/Users/Raj/OneDrive - Åbo Akademi O365/banking/venv/lib/python3.12/site-packages/airflow/example_dags/example_branch_python_dop_operator_3.py
[2025-11-20T21:57:02.172+0500] {processor.py:840} INFO - DAG(s) 'example_branch_dop_operator_v3' retrieved from /mnt/c/Users/Raj/OneDrive - Åbo Akademi O365/banking/venv/lib/python3.12/site-packages/airflow/example_dags/example_branch_python_dop_operator_3.py
[2025-11-20T21:57:04.240+0500] {logging_mixin.py:188} INFO - [2025-11-20T21:57:04.239+0500] {dag.py:3096} INFO - Sync 1 DAGs
[2025-11-20T21:57:04.313+0500] {logging_mixin.py:188} INFO - [2025-11-20T21:57:04.310+0500] {dag.py:3954} INFO - Setting next_dagrun for example_branch_dop_operator_v3 to 2025-11-20 16:56:00+00:00, run_after=2025-11-20 16:57:00+00:00
[2025-11-20T21:57:04.472+0500] {processor.py:183} INFO - Processing /mnt/c/Users/Raj/OneDrive - Åbo Akademi O365/banking/venv/lib/python3.12/site-packages/airflow/example_dags/example_branch_python_dop_operator_3.py took 2.387 seconds
[2025-11-20T21:58:53.838+0500] {processor.py:161} INFO - Started process (PID=1037) to work on /mnt/c/Users/Raj/OneDrive - Åbo Akademi O365/banking/venv/lib/python3.12/site-packages/airflow/example_dags/example_branch_python_dop_operator_3.py
[2025-11-20T21:58:53.841+0500] {processor.py:830} INFO - Processing file /mnt/c/Users/Raj/OneDrive - Åbo Akademi O365/banking/venv/lib/python3.12/site-packages/airflow/example_dags/example_branch_python_dop_operator_3.py for tasks to queue
[2025-11-20T21:58:53.850+0500] {logging_mixin.py:188} INFO - [2025-11-20T21:58:53.848+0500] {dagbag.py:545} INFO - Filling up the DagBag from /mnt/c/Users/Raj/OneDrive - Åbo Akademi O365/banking/venv/lib/python3.12/site-packages/airflow/example_dags/example_branch_python_dop_operator_3.py
[2025-11-20T21:58:53.910+0500] {processor.py:840} INFO - DAG(s) 'example_branch_dop_operator_v3' retrieved from /mnt/c/Users/Raj/OneDrive - Åbo Akademi O365/banking/venv/lib/python3.12/site-packages/airflow/example_dags/example_branch_python_dop_operator_3.py
[2025-11-20T21:58:53.956+0500] {logging_mixin.py:188} INFO - [2025-11-20T21:58:53.955+0500] {dag.py:3096} INFO - Sync 1 DAGs
[2025-11-20T21:58:54.019+0500] {logging_mixin.py:188} INFO - [2025-11-20T21:58:54.017+0500] {dag.py:3954} INFO - Setting next_dagrun for example_branch_dop_operator_v3 to 2025-11-20 16:57:00+00:00, run_after=2025-11-20 16:58:00+00:00
[2025-11-20T21:58:54.120+0500] {processor.py:183} INFO - Processing /mnt/c/Users/Raj/OneDrive - Åbo Akademi O365/banking/venv/lib/python3.12/site-packages/airflow/example_dags/example_branch_python_dop_operator_3.py took 0.301 seconds
[2025-11-20T22:00:12.797+0500] {processor.py:161} INFO - Started process (PID=1098) to work on /mnt/c/Users/Raj/OneDrive - Åbo Akademi O365/banking/venv/lib/python3.12/site-packages/airflow/example_dags/example_branch_python_dop_operator_3.py
[2025-11-20T22:00:12.799+0500] {processor.py:830} INFO - Processing file /mnt/c/Users/Raj/OneDrive - Åbo Akademi O365/banking/venv/lib/python3.12/site-packages/airflow/example_dags/example_branch_python_dop_operator_3.py for tasks to queue
[2025-11-20T22:00:12.805+0500] {logging_mixin.py:188} INFO - [2025-11-20T22:00:12.803+0500] {dagbag.py:545} INFO - Filling up the DagBag from /mnt/c/Users/Raj/OneDrive - Åbo Akademi O365/banking/venv/lib/python3.12/site-packages/airflow/example_dags/example_branch_python_dop_operator_3.py
[2025-11-20T22:00:12.850+0500] {processor.py:840} INFO - DAG(s) 'example_branch_dop_operator_v3' retrieved from /mnt/c/Users/Raj/OneDrive - Åbo Akademi O365/banking/venv/lib/python3.12/site-packages/airflow/example_dags/example_branch_python_dop_operator_3.py
[2025-11-20T22:00:12.900+0500] {logging_mixin.py:188} INFO - [2025-11-20T22:00:12.898+0500] {dag.py:3096} INFO - Sync 1 DAGs
[2025-11-20T22:00:12.968+0500] {logging_mixin.py:188} INFO - [2025-11-20T22:00:12.967+0500] {dag.py:3954} INFO - Setting next_dagrun for example_branch_dop_operator_v3 to 2025-11-20 16:59:00+00:00, run_after=2025-11-20 17:00:00+00:00
[2025-11-20T22:00:13.081+0500] {processor.py:183} INFO - Processing /mnt/c/Users/Raj/OneDrive - Åbo Akademi O365/banking/venv/lib/python3.12/site-packages/airflow/example_dags/example_branch_python_dop_operator_3.py took 0.303 seconds
[2025-11-20T22:01:39.357+0500] {processor.py:161} INFO - Started process (PID=1158) to work on /mnt/c/Users/Raj/OneDrive - Åbo Akademi O365/banking/venv/lib/python3.12/site-packages/airflow/example_dags/example_branch_python_dop_operator_3.py
[2025-11-20T22:01:39.360+0500] {processor.py:830} INFO - Processing file /mnt/c/Users/Raj/OneDrive - Åbo Akademi O365/banking/venv/lib/python3.12/site-packages/airflow/example_dags/example_branch_python_dop_operator_3.py for tasks to queue
[2025-11-20T22:01:39.367+0500] {logging_mixin.py:188} INFO - [2025-11-20T22:01:39.365+0500] {dagbag.py:545} INFO - Filling up the DagBag from /mnt/c/Users/Raj/OneDrive - Åbo Akademi O365/banking/venv/lib/python3.12/site-packages/airflow/example_dags/example_branch_python_dop_operator_3.py
[2025-11-20T22:01:39.419+0500] {processor.py:840} INFO - DAG(s) 'example_branch_dop_operator_v3' retrieved from /mnt/c/Users/Raj/OneDrive - Åbo Akademi O365/banking/venv/lib/python3.12/site-packages/airflow/example_dags/example_branch_python_dop_operator_3.py
[2025-11-20T22:01:39.478+0500] {logging_mixin.py:188} INFO - [2025-11-20T22:01:39.476+0500] {dag.py:3096} INFO - Sync 1 DAGs
[2025-11-20T22:01:39.559+0500] {logging_mixin.py:188} INFO - [2025-11-20T22:01:39.557+0500] {dag.py:3954} INFO - Setting next_dagrun for example_branch_dop_operator_v3 to 2025-11-20 17:00:00+00:00, run_after=2025-11-20 17:01:00+00:00
[2025-11-20T22:01:39.696+0500] {processor.py:183} INFO - Processing /mnt/c/Users/Raj/OneDrive - Åbo Akademi O365/banking/venv/lib/python3.12/site-packages/airflow/example_dags/example_branch_python_dop_operator_3.py took 0.359 seconds
[2025-11-20T22:03:02.372+0500] {processor.py:161} INFO - Started process (PID=1226) to work on /mnt/c/Users/Raj/OneDrive - Åbo Akademi O365/banking/venv/lib/python3.12/site-packages/airflow/example_dags/example_branch_python_dop_operator_3.py
[2025-11-20T22:03:02.376+0500] {processor.py:830} INFO - Processing file /mnt/c/Users/Raj/OneDrive - Åbo Akademi O365/banking/venv/lib/python3.12/site-packages/airflow/example_dags/example_branch_python_dop_operator_3.py for tasks to queue
[2025-11-20T22:03:02.386+0500] {logging_mixin.py:188} INFO - [2025-11-20T22:03:02.383+0500] {dagbag.py:545} INFO - Filling up the DagBag from /mnt/c/Users/Raj/OneDrive - Åbo Akademi O365/banking/venv/lib/python3.12/site-packages/airflow/example_dags/example_branch_python_dop_operator_3.py
[2025-11-20T22:03:02.460+0500] {processor.py:840} INFO - DAG(s) 'example_branch_dop_operator_v3' retrieved from /mnt/c/Users/Raj/OneDrive - Åbo Akademi O365/banking/venv/lib/python3.12/site-packages/airflow/example_dags/example_branch_python_dop_operator_3.py
[2025-11-20T22:03:02.539+0500] {logging_mixin.py:188} INFO - [2025-11-20T22:03:02.535+0500] {dag.py:3096} INFO - Sync 1 DAGs
[2025-11-20T22:03:02.667+0500] {logging_mixin.py:188} INFO - [2025-11-20T22:03:02.665+0500] {dag.py:3954} INFO - Setting next_dagrun for example_branch_dop_operator_v3 to 2025-11-20 17:02:00+00:00, run_after=2025-11-20 17:03:00+00:00
[2025-11-20T22:03:02.865+0500] {processor.py:183} INFO - Processing /mnt/c/Users/Raj/OneDrive - Åbo Akademi O365/banking/venv/lib/python3.12/site-packages/airflow/example_dags/example_branch_python_dop_operator_3.py took 0.528 seconds
[2025-11-20T22:04:28.180+0500] {processor.py:161} INFO - Started process (PID=1292) to work on /mnt/c/Users/Raj/OneDrive - Åbo Akademi O365/banking/venv/lib/python3.12/site-packages/airflow/example_dags/example_branch_python_dop_operator_3.py
[2025-11-20T22:04:28.183+0500] {processor.py:830} INFO - Processing file /mnt/c/Users/Raj/OneDrive - Åbo Akademi O365/banking/venv/lib/python3.12/site-packages/airflow/example_dags/example_branch_python_dop_operator_3.py for tasks to queue
[2025-11-20T22:04:28.189+0500] {logging_mixin.py:188} INFO - [2025-11-20T22:04:28.187+0500] {dagbag.py:545} INFO - Filling up the DagBag from /mnt/c/Users/Raj/OneDrive - Åbo Akademi O365/banking/venv/lib/python3.12/site-packages/airflow/example_dags/example_branch_python_dop_operator_3.py
[2025-11-20T22:04:28.234+0500] {processor.py:840} INFO - DAG(s) 'example_branch_dop_operator_v3' retrieved from /mnt/c/Users/Raj/OneDrive - Åbo Akademi O365/banking/venv/lib/python3.12/site-packages/airflow/example_dags/example_branch_python_dop_operator_3.py
[2025-11-20T22:04:28.286+0500] {logging_mixin.py:188} INFO - [2025-11-20T22:04:28.284+0500] {dag.py:3096} INFO - Sync 1 DAGs
[2025-11-20T22:04:28.346+0500] {logging_mixin.py:188} INFO - [2025-11-20T22:04:28.345+0500] {dag.py:3954} INFO - Setting next_dagrun for example_branch_dop_operator_v3 to 2025-11-20 17:03:00+00:00, run_after=2025-11-20 17:04:00+00:00
[2025-11-20T22:04:28.457+0500] {processor.py:183} INFO - Processing /mnt/c/Users/Raj/OneDrive - Åbo Akademi O365/banking/venv/lib/python3.12/site-packages/airflow/example_dags/example_branch_python_dop_operator_3.py took 0.297 seconds
[2025-11-20T22:05:53.401+0500] {processor.py:161} INFO - Started process (PID=1357) to work on /mnt/c/Users/Raj/OneDrive - Åbo Akademi O365/banking/venv/lib/python3.12/site-packages/airflow/example_dags/example_branch_python_dop_operator_3.py
[2025-11-20T22:05:53.403+0500] {processor.py:830} INFO - Processing file /mnt/c/Users/Raj/OneDrive - Åbo Akademi O365/banking/venv/lib/python3.12/site-packages/airflow/example_dags/example_branch_python_dop_operator_3.py for tasks to queue
[2025-11-20T22:05:53.405+0500] {logging_mixin.py:188} INFO - [2025-11-20T22:05:53.404+0500] {dagbag.py:545} INFO - Filling up the DagBag from /mnt/c/Users/Raj/OneDrive - Åbo Akademi O365/banking/venv/lib/python3.12/site-packages/airflow/example_dags/example_branch_python_dop_operator_3.py
[2025-11-20T22:05:53.439+0500] {processor.py:840} INFO - DAG(s) 'example_branch_dop_operator_v3' retrieved from /mnt/c/Users/Raj/OneDrive - Åbo Akademi O365/banking/venv/lib/python3.12/site-packages/airflow/example_dags/example_branch_python_dop_operator_3.py
[2025-11-20T22:05:53.482+0500] {logging_mixin.py:188} INFO - [2025-11-20T22:05:53.480+0500] {dag.py:3096} INFO - Sync 1 DAGs
[2025-11-20T22:05:53.537+0500] {logging_mixin.py:188} INFO - [2025-11-20T22:05:53.535+0500] {dag.py:3954} INFO - Setting next_dagrun for example_branch_dop_operator_v3 to 2025-11-20 17:04:00+00:00, run_after=2025-11-20 17:05:00+00:00
[2025-11-20T22:05:53.627+0500] {processor.py:183} INFO - Processing /mnt/c/Users/Raj/OneDrive - Åbo Akademi O365/banking/venv/lib/python3.12/site-packages/airflow/example_dags/example_branch_python_dop_operator_3.py took 0.242 seconds
[2025-11-20T22:07:18.153+0500] {processor.py:161} INFO - Started process (PID=1420) to work on /mnt/c/Users/Raj/OneDrive - Åbo Akademi O365/banking/venv/lib/python3.12/site-packages/airflow/example_dags/example_branch_python_dop_operator_3.py
[2025-11-20T22:07:18.159+0500] {processor.py:830} INFO - Processing file /mnt/c/Users/Raj/OneDrive - Åbo Akademi O365/banking/venv/lib/python3.12/site-packages/airflow/example_dags/example_branch_python_dop_operator_3.py for tasks to queue
[2025-11-20T22:07:18.166+0500] {logging_mixin.py:188} INFO - [2025-11-20T22:07:18.164+0500] {dagbag.py:545} INFO - Filling up the DagBag from /mnt/c/Users/Raj/OneDrive - Åbo Akademi O365/banking/venv/lib/python3.12/site-packages/airflow/example_dags/example_branch_python_dop_operator_3.py
[2025-11-20T22:07:18.234+0500] {processor.py:840} INFO - DAG(s) 'example_branch_dop_operator_v3' retrieved from /mnt/c/Users/Raj/OneDrive - Åbo Akademi O365/banking/venv/lib/python3.12/site-packages/airflow/example_dags/example_branch_python_dop_operator_3.py
[2025-11-20T22:07:18.300+0500] {logging_mixin.py:188} INFO - [2025-11-20T22:07:18.297+0500] {dag.py:3096} INFO - Sync 1 DAGs
[2025-11-20T22:07:18.388+0500] {logging_mixin.py:188} INFO - [2025-11-20T22:07:18.386+0500] {dag.py:3954} INFO - Setting next_dagrun for example_branch_dop_operator_v3 to 2025-11-20 17:06:00+00:00, run_after=2025-11-20 17:07:00+00:00
[2025-11-20T22:07:18.542+0500] {processor.py:183} INFO - Processing /mnt/c/Users/Raj/OneDrive - Åbo Akademi O365/banking/venv/lib/python3.12/site-packages/airflow/example_dags/example_branch_python_dop_operator_3.py took 0.417 seconds
[2025-11-20T22:08:47.276+0500] {processor.py:161} INFO - Started process (PID=1484) to work on /mnt/c/Users/Raj/OneDrive - Åbo Akademi O365/banking/venv/lib/python3.12/site-packages/airflow/example_dags/example_branch_python_dop_operator_3.py
[2025-11-20T22:08:47.280+0500] {processor.py:830} INFO - Processing file /mnt/c/Users/Raj/OneDrive - Åbo Akademi O365/banking/venv/lib/python3.12/site-packages/airflow/example_dags/example_branch_python_dop_operator_3.py for tasks to queue
[2025-11-20T22:08:47.286+0500] {logging_mixin.py:188} INFO - [2025-11-20T22:08:47.283+0500] {dagbag.py:545} INFO - Filling up the DagBag from /mnt/c/Users/Raj/OneDrive - Åbo Akademi O365/banking/venv/lib/python3.12/site-packages/airflow/example_dags/example_branch_python_dop_operator_3.py
[2025-11-20T22:08:47.339+0500] {processor.py:840} INFO - DAG(s) 'example_branch_dop_operator_v3' retrieved from /mnt/c/Users/Raj/OneDrive - Åbo Akademi O365/banking/venv/lib/python3.12/site-packages/airflow/example_dags/example_branch_python_dop_operator_3.py
[2025-11-20T22:08:47.394+0500] {logging_mixin.py:188} INFO - [2025-11-20T22:08:47.392+0500] {dag.py:3096} INFO - Sync 1 DAGs
[2025-11-20T22:08:47.438+0500] {logging_mixin.py:188} INFO - [2025-11-20T22:08:47.437+0500] {dag.py:3954} INFO - Setting next_dagrun for example_branch_dop_operator_v3 to 2025-11-20 17:07:00+00:00, run_after=2025-11-20 17:08:00+00:00
[2025-11-20T22:08:47.535+0500] {processor.py:183} INFO - Processing /mnt/c/Users/Raj/OneDrive - Åbo Akademi O365/banking/venv/lib/python3.12/site-packages/airflow/example_dags/example_branch_python_dop_operator_3.py took 0.283 seconds
[2025-11-20T22:10:22.179+0500] {processor.py:161} INFO - Started process (PID=1551) to work on /mnt/c/Users/Raj/OneDrive - Åbo Akademi O365/banking/venv/lib/python3.12/site-packages/airflow/example_dags/example_branch_python_dop_operator_3.py
[2025-11-20T22:10:22.181+0500] {processor.py:830} INFO - Processing file /mnt/c/Users/Raj/OneDrive - Åbo Akademi O365/banking/venv/lib/python3.12/site-packages/airflow/example_dags/example_branch_python_dop_operator_3.py for tasks to queue
[2025-11-20T22:10:22.185+0500] {logging_mixin.py:188} INFO - [2025-11-20T22:10:22.183+0500] {dagbag.py:545} INFO - Filling up the DagBag from /mnt/c/Users/Raj/OneDrive - Åbo Akademi O365/banking/venv/lib/python3.12/site-packages/airflow/example_dags/example_branch_python_dop_operator_3.py
[2025-11-20T22:10:22.450+0500] {processor.py:840} INFO - DAG(s) 'example_branch_dop_operator_v3' retrieved from /mnt/c/Users/Raj/OneDrive - Åbo Akademi O365/banking/venv/lib/python3.12/site-packages/airflow/example_dags/example_branch_python_dop_operator_3.py
[2025-11-20T22:10:22.493+0500] {logging_mixin.py:188} INFO - [2025-11-20T22:10:22.491+0500] {dag.py:3096} INFO - Sync 1 DAGs
[2025-11-20T22:10:22.569+0500] {logging_mixin.py:188} INFO - [2025-11-20T22:10:22.568+0500] {dag.py:3954} INFO - Setting next_dagrun for example_branch_dop_operator_v3 to 2025-11-20 17:09:00+00:00, run_after=2025-11-20 17:10:00+00:00
[2025-11-20T22:10:22.697+0500] {processor.py:183} INFO - Processing /mnt/c/Users/Raj/OneDrive - Åbo Akademi O365/banking/venv/lib/python3.12/site-packages/airflow/example_dags/example_branch_python_dop_operator_3.py took 0.537 seconds
[2025-11-20T22:11:47.890+0500] {processor.py:161} INFO - Started process (PID=1623) to work on /mnt/c/Users/Raj/OneDrive - Åbo Akademi O365/banking/venv/lib/python3.12/site-packages/airflow/example_dags/example_branch_python_dop_operator_3.py
[2025-11-20T22:11:47.892+0500] {processor.py:830} INFO - Processing file /mnt/c/Users/Raj/OneDrive - Åbo Akademi O365/banking/venv/lib/python3.12/site-packages/airflow/example_dags/example_branch_python_dop_operator_3.py for tasks to queue
[2025-11-20T22:11:47.895+0500] {logging_mixin.py:188} INFO - [2025-11-20T22:11:47.894+0500] {dagbag.py:545} INFO - Filling up the DagBag from /mnt/c/Users/Raj/OneDrive - Åbo Akademi O365/banking/venv/lib/python3.12/site-packages/airflow/example_dags/example_branch_python_dop_operator_3.py
[2025-11-20T22:11:47.941+0500] {processor.py:840} INFO - DAG(s) 'example_branch_dop_operator_v3' retrieved from /mnt/c/Users/Raj/OneDrive - Åbo Akademi O365/banking/venv/lib/python3.12/site-packages/airflow/example_dags/example_branch_python_dop_operator_3.py
[2025-11-20T22:11:47.993+0500] {logging_mixin.py:188} INFO - [2025-11-20T22:11:47.992+0500] {dag.py:3096} INFO - Sync 1 DAGs
[2025-11-20T22:11:48.056+0500] {logging_mixin.py:188} INFO - [2025-11-20T22:11:48.055+0500] {dag.py:3954} INFO - Setting next_dagrun for example_branch_dop_operator_v3 to 2025-11-20 17:10:00+00:00, run_after=2025-11-20 17:11:00+00:00
[2025-11-20T22:11:48.160+0500] {processor.py:183} INFO - Processing /mnt/c/Users/Raj/OneDrive - Åbo Akademi O365/banking/venv/lib/python3.12/site-packages/airflow/example_dags/example_branch_python_dop_operator_3.py took 0.286 seconds
[2025-11-20T22:13:10.193+0500] {processor.py:161} INFO - Started process (PID=1685) to work on /mnt/c/Users/Raj/OneDrive - Åbo Akademi O365/banking/venv/lib/python3.12/site-packages/airflow/example_dags/example_branch_python_dop_operator_3.py
[2025-11-20T22:13:10.195+0500] {processor.py:830} INFO - Processing file /mnt/c/Users/Raj/OneDrive - Åbo Akademi O365/banking/venv/lib/python3.12/site-packages/airflow/example_dags/example_branch_python_dop_operator_3.py for tasks to queue
[2025-11-20T22:13:10.199+0500] {logging_mixin.py:188} INFO - [2025-11-20T22:13:10.197+0500] {dagbag.py:545} INFO - Filling up the DagBag from /mnt/c/Users/Raj/OneDrive - Åbo Akademi O365/banking/venv/lib/python3.12/site-packages/airflow/example_dags/example_branch_python_dop_operator_3.py
[2025-11-20T22:13:10.242+0500] {processor.py:840} INFO - DAG(s) 'example_branch_dop_operator_v3' retrieved from /mnt/c/Users/Raj/OneDrive - Åbo Akademi O365/banking/venv/lib/python3.12/site-packages/airflow/example_dags/example_branch_python_dop_operator_3.py
[2025-11-20T22:13:10.292+0500] {logging_mixin.py:188} INFO - [2025-11-20T22:13:10.291+0500] {dag.py:3096} INFO - Sync 1 DAGs
[2025-11-20T22:13:10.343+0500] {logging_mixin.py:188} INFO - [2025-11-20T22:13:10.342+0500] {dag.py:3954} INFO - Setting next_dagrun for example_branch_dop_operator_v3 to 2025-11-20 17:12:00+00:00, run_after=2025-11-20 17:13:00+00:00
[2025-11-20T22:13:10.447+0500] {processor.py:183} INFO - Processing /mnt/c/Users/Raj/OneDrive - Åbo Akademi O365/banking/venv/lib/python3.12/site-packages/airflow/example_dags/example_branch_python_dop_operator_3.py took 0.274 seconds
[2025-11-20T22:14:36.234+0500] {processor.py:161} INFO - Started process (PID=1750) to work on /mnt/c/Users/Raj/OneDrive - Åbo Akademi O365/banking/venv/lib/python3.12/site-packages/airflow/example_dags/example_branch_python_dop_operator_3.py
[2025-11-20T22:14:36.237+0500] {processor.py:830} INFO - Processing file /mnt/c/Users/Raj/OneDrive - Åbo Akademi O365/banking/venv/lib/python3.12/site-packages/airflow/example_dags/example_branch_python_dop_operator_3.py for tasks to queue
[2025-11-20T22:14:36.241+0500] {logging_mixin.py:188} INFO - [2025-11-20T22:14:36.239+0500] {dagbag.py:545} INFO - Filling up the DagBag from /mnt/c/Users/Raj/OneDrive - Åbo Akademi O365/banking/venv/lib/python3.12/site-packages/airflow/example_dags/example_branch_python_dop_operator_3.py
[2025-11-20T22:14:36.288+0500] {processor.py:840} INFO - DAG(s) 'example_branch_dop_operator_v3' retrieved from /mnt/c/Users/Raj/OneDrive - Åbo Akademi O365/banking/venv/lib/python3.12/site-packages/airflow/example_dags/example_branch_python_dop_operator_3.py
[2025-11-20T22:14:36.334+0500] {logging_mixin.py:188} INFO - [2025-11-20T22:14:36.333+0500] {dag.py:3096} INFO - Sync 1 DAGs
[2025-11-20T22:14:36.390+0500] {logging_mixin.py:188} INFO - [2025-11-20T22:14:36.388+0500] {dag.py:3954} INFO - Setting next_dagrun for example_branch_dop_operator_v3 to 2025-11-20 17:13:00+00:00, run_after=2025-11-20 17:14:00+00:00
[2025-11-20T22:14:36.485+0500] {processor.py:183} INFO - Processing /mnt/c/Users/Raj/OneDrive - Åbo Akademi O365/banking/venv/lib/python3.12/site-packages/airflow/example_dags/example_branch_python_dop_operator_3.py took 0.270 seconds
[2025-11-20T22:16:05.440+0500] {processor.py:161} INFO - Started process (PID=1810) to work on /mnt/c/Users/Raj/OneDrive - Åbo Akademi O365/banking/venv/lib/python3.12/site-packages/airflow/example_dags/example_branch_python_dop_operator_3.py
[2025-11-20T22:16:05.443+0500] {processor.py:830} INFO - Processing file /mnt/c/Users/Raj/OneDrive - Åbo Akademi O365/banking/venv/lib/python3.12/site-packages/airflow/example_dags/example_branch_python_dop_operator_3.py for tasks to queue
[2025-11-20T22:16:05.448+0500] {logging_mixin.py:188} INFO - [2025-11-20T22:16:05.446+0500] {dagbag.py:545} INFO - Filling up the DagBag from /mnt/c/Users/Raj/OneDrive - Åbo Akademi O365/banking/venv/lib/python3.12/site-packages/airflow/example_dags/example_branch_python_dop_operator_3.py
[2025-11-20T22:16:05.508+0500] {processor.py:840} INFO - DAG(s) 'example_branch_dop_operator_v3' retrieved from /mnt/c/Users/Raj/OneDrive - Åbo Akademi O365/banking/venv/lib/python3.12/site-packages/airflow/example_dags/example_branch_python_dop_operator_3.py
[2025-11-20T22:16:05.576+0500] {logging_mixin.py:188} INFO - [2025-11-20T22:16:05.575+0500] {dag.py:3096} INFO - Sync 1 DAGs
[2025-11-20T22:16:05.637+0500] {logging_mixin.py:188} INFO - [2025-11-20T22:16:05.636+0500] {dag.py:3954} INFO - Setting next_dagrun for example_branch_dop_operator_v3 to 2025-11-20 17:15:00+00:00, run_after=2025-11-20 17:16:00+00:00
[2025-11-20T22:16:05.731+0500] {processor.py:183} INFO - Processing /mnt/c/Users/Raj/OneDrive - Åbo Akademi O365/banking/venv/lib/python3.12/site-packages/airflow/example_dags/example_branch_python_dop_operator_3.py took 0.319 seconds
[2025-11-20T22:17:34.310+0500] {processor.py:161} INFO - Started process (PID=1875) to work on /mnt/c/Users/Raj/OneDrive - Åbo Akademi O365/banking/venv/lib/python3.12/site-packages/airflow/example_dags/example_branch_python_dop_operator_3.py
[2025-11-20T22:17:34.313+0500] {processor.py:830} INFO - Processing file /mnt/c/Users/Raj/OneDrive - Åbo Akademi O365/banking/venv/lib/python3.12/site-packages/airflow/example_dags/example_branch_python_dop_operator_3.py for tasks to queue
[2025-11-20T22:17:34.317+0500] {logging_mixin.py:188} INFO - [2025-11-20T22:17:34.315+0500] {dagbag.py:545} INFO - Filling up the DagBag from /mnt/c/Users/Raj/OneDrive - Åbo Akademi O365/banking/venv/lib/python3.12/site-packages/airflow/example_dags/example_branch_python_dop_operator_3.py
[2025-11-20T22:17:34.372+0500] {processor.py:840} INFO - DAG(s) 'example_branch_dop_operator_v3' retrieved from /mnt/c/Users/Raj/OneDrive - Åbo Akademi O365/banking/venv/lib/python3.12/site-packages/airflow/example_dags/example_branch_python_dop_operator_3.py
[2025-11-20T22:17:34.464+0500] {logging_mixin.py:188} INFO - [2025-11-20T22:17:34.461+0500] {dag.py:3096} INFO - Sync 1 DAGs
[2025-11-20T22:17:34.535+0500] {logging_mixin.py:188} INFO - [2025-11-20T22:17:34.534+0500] {dag.py:3954} INFO - Setting next_dagrun for example_branch_dop_operator_v3 to 2025-11-20 17:16:00+00:00, run_after=2025-11-20 17:17:00+00:00
[2025-11-20T22:17:34.642+0500] {processor.py:183} INFO - Processing /mnt/c/Users/Raj/OneDrive - Åbo Akademi O365/banking/venv/lib/python3.12/site-packages/airflow/example_dags/example_branch_python_dop_operator_3.py took 0.351 seconds
[2025-11-20T22:19:01.667+0500] {processor.py:161} INFO - Started process (PID=1941) to work on /mnt/c/Users/Raj/OneDrive - Åbo Akademi O365/banking/venv/lib/python3.12/site-packages/airflow/example_dags/example_branch_python_dop_operator_3.py
[2025-11-20T22:19:01.671+0500] {processor.py:830} INFO - Processing file /mnt/c/Users/Raj/OneDrive - Åbo Akademi O365/banking/venv/lib/python3.12/site-packages/airflow/example_dags/example_branch_python_dop_operator_3.py for tasks to queue
[2025-11-20T22:19:01.675+0500] {logging_mixin.py:188} INFO - [2025-11-20T22:19:01.674+0500] {dagbag.py:545} INFO - Filling up the DagBag from /mnt/c/Users/Raj/OneDrive - Åbo Akademi O365/banking/venv/lib/python3.12/site-packages/airflow/example_dags/example_branch_python_dop_operator_3.py
[2025-11-20T22:19:01.725+0500] {processor.py:840} INFO - DAG(s) 'example_branch_dop_operator_v3' retrieved from /mnt/c/Users/Raj/OneDrive - Åbo Akademi O365/banking/venv/lib/python3.12/site-packages/airflow/example_dags/example_branch_python_dop_operator_3.py
[2025-11-20T22:19:01.772+0500] {logging_mixin.py:188} INFO - [2025-11-20T22:19:01.770+0500] {dag.py:3096} INFO - Sync 1 DAGs
[2025-11-20T22:19:01.829+0500] {logging_mixin.py:188} INFO - [2025-11-20T22:19:01.828+0500] {dag.py:3954} INFO - Setting next_dagrun for example_branch_dop_operator_v3 to 2025-11-20 17:18:00+00:00, run_after=2025-11-20 17:19:00+00:00
[2025-11-20T22:19:01.925+0500] {processor.py:183} INFO - Processing /mnt/c/Users/Raj/OneDrive - Åbo Akademi O365/banking/venv/lib/python3.12/site-packages/airflow/example_dags/example_branch_python_dop_operator_3.py took 0.281 seconds
[2025-11-20T22:20:29.145+0500] {processor.py:161} INFO - Started process (PID=2011) to work on /mnt/c/Users/Raj/OneDrive - Åbo Akademi O365/banking/venv/lib/python3.12/site-packages/airflow/example_dags/example_branch_python_dop_operator_3.py
[2025-11-20T22:20:29.149+0500] {processor.py:830} INFO - Processing file /mnt/c/Users/Raj/OneDrive - Åbo Akademi O365/banking/venv/lib/python3.12/site-packages/airflow/example_dags/example_branch_python_dop_operator_3.py for tasks to queue
[2025-11-20T22:20:29.154+0500] {logging_mixin.py:188} INFO - [2025-11-20T22:20:29.152+0500] {dagbag.py:545} INFO - Filling up the DagBag from /mnt/c/Users/Raj/OneDrive - Åbo Akademi O365/banking/venv/lib/python3.12/site-packages/airflow/example_dags/example_branch_python_dop_operator_3.py
[2025-11-20T22:20:29.206+0500] {processor.py:840} INFO - DAG(s) 'example_branch_dop_operator_v3' retrieved from /mnt/c/Users/Raj/OneDrive - Åbo Akademi O365/banking/venv/lib/python3.12/site-packages/airflow/example_dags/example_branch_python_dop_operator_3.py
[2025-11-20T22:20:29.265+0500] {logging_mixin.py:188} INFO - [2025-11-20T22:20:29.263+0500] {dag.py:3096} INFO - Sync 1 DAGs
[2025-11-20T22:20:29.358+0500] {logging_mixin.py:188} INFO - [2025-11-20T22:20:29.355+0500] {dag.py:3954} INFO - Setting next_dagrun for example_branch_dop_operator_v3 to 2025-11-20 17:19:00+00:00, run_after=2025-11-20 17:20:00+00:00
[2025-11-20T22:20:29.506+0500] {processor.py:183} INFO - Processing /mnt/c/Users/Raj/OneDrive - Åbo Akademi O365/banking/venv/lib/python3.12/site-packages/airflow/example_dags/example_branch_python_dop_operator_3.py took 0.385 seconds
[2025-11-20T22:21:53.780+0500] {processor.py:161} INFO - Started process (PID=2076) to work on /mnt/c/Users/Raj/OneDrive - Åbo Akademi O365/banking/venv/lib/python3.12/site-packages/airflow/example_dags/example_branch_python_dop_operator_3.py
[2025-11-20T22:21:53.783+0500] {processor.py:830} INFO - Processing file /mnt/c/Users/Raj/OneDrive - Åbo Akademi O365/banking/venv/lib/python3.12/site-packages/airflow/example_dags/example_branch_python_dop_operator_3.py for tasks to queue
[2025-11-20T22:21:53.786+0500] {logging_mixin.py:188} INFO - [2025-11-20T22:21:53.785+0500] {dagbag.py:545} INFO - Filling up the DagBag from /mnt/c/Users/Raj/OneDrive - Åbo Akademi O365/banking/venv/lib/python3.12/site-packages/airflow/example_dags/example_branch_python_dop_operator_3.py
[2025-11-20T22:21:53.827+0500] {processor.py:840} INFO - DAG(s) 'example_branch_dop_operator_v3' retrieved from /mnt/c/Users/Raj/OneDrive - Åbo Akademi O365/banking/venv/lib/python3.12/site-packages/airflow/example_dags/example_branch_python_dop_operator_3.py
[2025-11-20T22:21:53.871+0500] {logging_mixin.py:188} INFO - [2025-11-20T22:21:53.870+0500] {dag.py:3096} INFO - Sync 1 DAGs
[2025-11-20T22:21:53.923+0500] {logging_mixin.py:188} INFO - [2025-11-20T22:21:53.921+0500] {dag.py:3954} INFO - Setting next_dagrun for example_branch_dop_operator_v3 to 2025-11-20 17:20:00+00:00, run_after=2025-11-20 17:21:00+00:00
[2025-11-20T22:21:54.035+0500] {processor.py:183} INFO - Processing /mnt/c/Users/Raj/OneDrive - Åbo Akademi O365/banking/venv/lib/python3.12/site-packages/airflow/example_dags/example_branch_python_dop_operator_3.py took 0.274 seconds
[2025-11-20T22:23:08.385+0500] {processor.py:161} INFO - Started process (PID=2134) to work on /mnt/c/Users/Raj/OneDrive - Åbo Akademi O365/banking/venv/lib/python3.12/site-packages/airflow/example_dags/example_branch_python_dop_operator_3.py
[2025-11-20T22:23:08.388+0500] {processor.py:830} INFO - Processing file /mnt/c/Users/Raj/OneDrive - Åbo Akademi O365/banking/venv/lib/python3.12/site-packages/airflow/example_dags/example_branch_python_dop_operator_3.py for tasks to queue
[2025-11-20T22:23:08.393+0500] {logging_mixin.py:188} INFO - [2025-11-20T22:23:08.391+0500] {dagbag.py:545} INFO - Filling up the DagBag from /mnt/c/Users/Raj/OneDrive - Åbo Akademi O365/banking/venv/lib/python3.12/site-packages/airflow/example_dags/example_branch_python_dop_operator_3.py
[2025-11-20T22:23:08.439+0500] {processor.py:840} INFO - DAG(s) 'example_branch_dop_operator_v3' retrieved from /mnt/c/Users/Raj/OneDrive - Åbo Akademi O365/banking/venv/lib/python3.12/site-packages/airflow/example_dags/example_branch_python_dop_operator_3.py
[2025-11-20T22:23:08.501+0500] {logging_mixin.py:188} INFO - [2025-11-20T22:23:08.500+0500] {dag.py:3096} INFO - Sync 1 DAGs
[2025-11-20T22:23:08.569+0500] {logging_mixin.py:188} INFO - [2025-11-20T22:23:08.568+0500] {dag.py:3954} INFO - Setting next_dagrun for example_branch_dop_operator_v3 to 2025-11-20 17:22:00+00:00, run_after=2025-11-20 17:23:00+00:00
[2025-11-20T22:23:08.667+0500] {processor.py:183} INFO - Processing /mnt/c/Users/Raj/OneDrive - Åbo Akademi O365/banking/venv/lib/python3.12/site-packages/airflow/example_dags/example_branch_python_dop_operator_3.py took 0.303 seconds
[2025-11-20T22:24:26.079+0500] {processor.py:161} INFO - Started process (PID=2196) to work on /mnt/c/Users/Raj/OneDrive - Åbo Akademi O365/banking/venv/lib/python3.12/site-packages/airflow/example_dags/example_branch_python_dop_operator_3.py
[2025-11-20T22:24:26.082+0500] {processor.py:830} INFO - Processing file /mnt/c/Users/Raj/OneDrive - Åbo Akademi O365/banking/venv/lib/python3.12/site-packages/airflow/example_dags/example_branch_python_dop_operator_3.py for tasks to queue
[2025-11-20T22:24:26.086+0500] {logging_mixin.py:188} INFO - [2025-11-20T22:24:26.084+0500] {dagbag.py:545} INFO - Filling up the DagBag from /mnt/c/Users/Raj/OneDrive - Åbo Akademi O365/banking/venv/lib/python3.12/site-packages/airflow/example_dags/example_branch_python_dop_operator_3.py
[2025-11-20T22:24:26.138+0500] {processor.py:840} INFO - DAG(s) 'example_branch_dop_operator_v3' retrieved from /mnt/c/Users/Raj/OneDrive - Åbo Akademi O365/banking/venv/lib/python3.12/site-packages/airflow/example_dags/example_branch_python_dop_operator_3.py
[2025-11-20T22:24:26.191+0500] {logging_mixin.py:188} INFO - [2025-11-20T22:24:26.189+0500] {dag.py:3096} INFO - Sync 1 DAGs
[2025-11-20T22:24:26.262+0500] {logging_mixin.py:188} INFO - [2025-11-20T22:24:26.260+0500] {dag.py:3954} INFO - Setting next_dagrun for example_branch_dop_operator_v3 to 2025-11-20 17:23:00+00:00, run_after=2025-11-20 17:24:00+00:00
[2025-11-20T22:24:26.409+0500] {processor.py:183} INFO - Processing /mnt/c/Users/Raj/OneDrive - Åbo Akademi O365/banking/venv/lib/python3.12/site-packages/airflow/example_dags/example_branch_python_dop_operator_3.py took 0.351 seconds
[2025-11-20T22:26:13.140+0500] {processor.py:161} INFO - Started process (PID=2303) to work on /mnt/c/Users/Raj/OneDrive - Åbo Akademi O365/banking/venv/lib/python3.12/site-packages/airflow/example_dags/example_branch_python_dop_operator_3.py
[2025-11-20T22:26:13.147+0500] {processor.py:830} INFO - Processing file /mnt/c/Users/Raj/OneDrive - Åbo Akademi O365/banking/venv/lib/python3.12/site-packages/airflow/example_dags/example_branch_python_dop_operator_3.py for tasks to queue
[2025-11-20T22:26:13.153+0500] {logging_mixin.py:188} INFO - [2025-11-20T22:26:13.150+0500] {dagbag.py:545} INFO - Filling up the DagBag from /mnt/c/Users/Raj/OneDrive - Åbo Akademi O365/banking/venv/lib/python3.12/site-packages/airflow/example_dags/example_branch_python_dop_operator_3.py
[2025-11-20T22:26:13.230+0500] {processor.py:840} INFO - DAG(s) 'example_branch_dop_operator_v3' retrieved from /mnt/c/Users/Raj/OneDrive - Åbo Akademi O365/banking/venv/lib/python3.12/site-packages/airflow/example_dags/example_branch_python_dop_operator_3.py
[2025-11-20T22:26:13.320+0500] {logging_mixin.py:188} INFO - [2025-11-20T22:26:13.318+0500] {dag.py:3096} INFO - Sync 1 DAGs
[2025-11-20T22:26:13.451+0500] {logging_mixin.py:188} INFO - [2025-11-20T22:26:13.449+0500] {dag.py:3954} INFO - Setting next_dagrun for example_branch_dop_operator_v3 to 2025-11-20 17:25:00+00:00, run_after=2025-11-20 17:26:00+00:00
[2025-11-20T22:26:13.956+0500] {processor.py:183} INFO - Processing /mnt/c/Users/Raj/OneDrive - Åbo Akademi O365/banking/venv/lib/python3.12/site-packages/airflow/example_dags/example_branch_python_dop_operator_3.py took 0.863 seconds
[2025-11-20T22:28:47.200+0500] {processor.py:161} INFO - Started process (PID=2403) to work on /mnt/c/Users/Raj/OneDrive - Åbo Akademi O365/banking/venv/lib/python3.12/site-packages/airflow/example_dags/example_branch_python_dop_operator_3.py
[2025-11-20T22:28:47.204+0500] {processor.py:830} INFO - Processing file /mnt/c/Users/Raj/OneDrive - Åbo Akademi O365/banking/venv/lib/python3.12/site-packages/airflow/example_dags/example_branch_python_dop_operator_3.py for tasks to queue
[2025-11-20T22:28:47.211+0500] {logging_mixin.py:188} INFO - [2025-11-20T22:28:47.208+0500] {dagbag.py:545} INFO - Filling up the DagBag from /mnt/c/Users/Raj/OneDrive - Åbo Akademi O365/banking/venv/lib/python3.12/site-packages/airflow/example_dags/example_branch_python_dop_operator_3.py
[2025-11-20T22:28:47.303+0500] {processor.py:840} INFO - DAG(s) 'example_branch_dop_operator_v3' retrieved from /mnt/c/Users/Raj/OneDrive - Åbo Akademi O365/banking/venv/lib/python3.12/site-packages/airflow/example_dags/example_branch_python_dop_operator_3.py
[2025-11-20T22:28:47.397+0500] {logging_mixin.py:188} INFO - [2025-11-20T22:28:47.394+0500] {dag.py:3096} INFO - Sync 1 DAGs
[2025-11-20T22:28:47.507+0500] {logging_mixin.py:188} INFO - [2025-11-20T22:28:47.505+0500] {dag.py:3954} INFO - Setting next_dagrun for example_branch_dop_operator_v3 to 2025-11-20 17:27:00+00:00, run_after=2025-11-20 17:28:00+00:00
[2025-11-20T22:28:47.675+0500] {processor.py:183} INFO - Processing /mnt/c/Users/Raj/OneDrive - Åbo Akademi O365/banking/venv/lib/python3.12/site-packages/airflow/example_dags/example_branch_python_dop_operator_3.py took 0.525 seconds
[2025-11-20T22:31:08.661+0500] {processor.py:161} INFO - Started process (PID=2479) to work on /mnt/c/Users/Raj/OneDrive - Åbo Akademi O365/banking/venv/lib/python3.12/site-packages/airflow/example_dags/example_branch_python_dop_operator_3.py
[2025-11-20T22:31:08.672+0500] {processor.py:830} INFO - Processing file /mnt/c/Users/Raj/OneDrive - Åbo Akademi O365/banking/venv/lib/python3.12/site-packages/airflow/example_dags/example_branch_python_dop_operator_3.py for tasks to queue
[2025-11-20T22:31:08.681+0500] {logging_mixin.py:188} INFO - [2025-11-20T22:31:08.678+0500] {dagbag.py:545} INFO - Filling up the DagBag from /mnt/c/Users/Raj/OneDrive - Åbo Akademi O365/banking/venv/lib/python3.12/site-packages/airflow/example_dags/example_branch_python_dop_operator_3.py
[2025-11-20T22:31:08.782+0500] {logging_mixin.py:188} INFO - [2025-11-20T22:31:08.753+0500] {dagbag.py:355} ERROR - Failed to import: /mnt/c/Users/Raj/OneDrive - Åbo Akademi O365/banking/venv/lib/python3.12/site-packages/airflow/example_dags/example_branch_python_dop_operator_3.py
Traceback (most recent call last):
  File "/mnt/c/Users/Raj/OneDrive - Åbo Akademi O365/banking/venv/lib/python3.12/site-packages/airflow/models/dagbag.py", line 351, in parse
    dag_id,
  File "<frozen importlib._bootstrap_external>", line 995, in exec_module
  File "<frozen importlib._bootstrap>", line 488, in _call_with_frames_removed
  File "/mnt/c/Users/Raj/OneDrive - Åbo Akademi O365/banking/venv/lib/python3.12/site-packages/airflow/example_dags/example_branch_python_dop_operator_3.py", line 27, in <module>
    from airflow.providers.standard.operators.empty import EmptyOperator
ModuleNotFoundError: No module named 'airflow.providers.standard'
[2025-11-20T22:31:08.789+0500] {processor.py:842} WARNING - No viable dags retrieved from /mnt/c/Users/Raj/OneDrive - Åbo Akademi O365/banking/venv/lib/python3.12/site-packages/airflow/example_dags/example_branch_python_dop_operator_3.py
[2025-11-20T22:31:08.900+0500] {processor.py:183} INFO - Processing /mnt/c/Users/Raj/OneDrive - Åbo Akademi O365/banking/venv/lib/python3.12/site-packages/airflow/example_dags/example_branch_python_dop_operator_3.py took 0.283 seconds
[2025-11-20T22:32:26.187+0500] {processor.py:161} INFO - Started process (PID=2528) to work on /mnt/c/Users/Raj/OneDrive - Åbo Akademi O365/banking/venv/lib/python3.12/site-packages/airflow/example_dags/example_branch_python_dop_operator_3.py
[2025-11-20T22:32:26.191+0500] {processor.py:830} INFO - Processing file /mnt/c/Users/Raj/OneDrive - Åbo Akademi O365/banking/venv/lib/python3.12/site-packages/airflow/example_dags/example_branch_python_dop_operator_3.py for tasks to queue
[2025-11-20T22:32:26.196+0500] {logging_mixin.py:188} INFO - [2025-11-20T22:32:26.194+0500] {dagbag.py:545} INFO - Filling up the DagBag from /mnt/c/Users/Raj/OneDrive - Åbo Akademi O365/banking/venv/lib/python3.12/site-packages/airflow/example_dags/example_branch_python_dop_operator_3.py
[2025-11-20T22:32:26.202+0500] {processor.py:842} WARNING - No viable dags retrieved from /mnt/c/Users/Raj/OneDrive - Åbo Akademi O365/banking/venv/lib/python3.12/site-packages/airflow/example_dags/example_branch_python_dop_operator_3.py
[2025-11-20T22:32:26.237+0500] {processor.py:183} INFO - Processing /mnt/c/Users/Raj/OneDrive - Åbo Akademi O365/banking/venv/lib/python3.12/site-packages/airflow/example_dags/example_branch_python_dop_operator_3.py took 0.087 seconds
