[2025-11-20T20:36:15.712+0500] {processor.py:161} INFO - Started process (PID=12066) to work on /mnt/c/Users/Raj/OneDrive - Åbo Akademi O365/banking/venv/lib/python3.12/site-packages/airflow/example_dags/example_latest_only.py
[2025-11-20T20:36:15.716+0500] {processor.py:830} INFO - Processing file /mnt/c/Users/Raj/OneDrive - Åbo Akademi O365/banking/venv/lib/python3.12/site-packages/airflow/example_dags/example_latest_only.py for tasks to queue
[2025-11-20T20:36:15.722+0500] {logging_mixin.py:188} INFO - [2025-11-20T20:36:15.720+0500] {dagbag.py:545} INFO - Filling up the DagBag from /mnt/c/Users/Raj/OneDrive - Åbo Akademi O365/banking/venv/lib/python3.12/site-packages/airflow/example_dags/example_latest_only.py
[2025-11-20T20:36:15.756+0500] {processor.py:840} INFO - DAG(s) 'latest_only' retrieved from /mnt/c/Users/Raj/OneDrive - Åbo Akademi O365/banking/venv/lib/python3.12/site-packages/airflow/example_dags/example_latest_only.py
[2025-11-20T20:36:17.840+0500] {logging_mixin.py:188} INFO - [2025-11-20T20:36:17.837+0500] {override.py:1829} INFO - Created Permission View: can delete on DAG:latest_only
[2025-11-20T20:36:17.887+0500] {logging_mixin.py:188} INFO - [2025-11-20T20:36:17.885+0500] {override.py:1829} INFO - Created Permission View: can read on DAG:latest_only
[2025-11-20T20:36:17.932+0500] {logging_mixin.py:188} INFO - [2025-11-20T20:36:17.930+0500] {override.py:1829} INFO - Created Permission View: can edit on DAG:latest_only
[2025-11-20T20:36:17.935+0500] {logging_mixin.py:188} INFO - [2025-11-20T20:36:17.934+0500] {dag.py:3096} INFO - Sync 1 DAGs
[2025-11-20T20:36:17.964+0500] {logging_mixin.py:188} INFO - [2025-11-20T20:36:17.962+0500] {dag.py:3118} INFO - Creating ORM DAG for latest_only
[2025-11-20T20:36:17.987+0500] {logging_mixin.py:188} INFO - [2025-11-20T20:36:17.985+0500] {dag.py:3954} INFO - Setting next_dagrun for latest_only to 2025-11-20 08:00:00+00:00, run_after=2025-11-20 12:00:00+00:00
[2025-11-20T20:36:18.079+0500] {processor.py:183} INFO - Processing /mnt/c/Users/Raj/OneDrive - Åbo Akademi O365/banking/venv/lib/python3.12/site-packages/airflow/example_dags/example_latest_only.py took 2.387 seconds
[2025-11-20T20:37:59.338+0500] {processor.py:161} INFO - Started process (PID=12482) to work on /mnt/c/Users/Raj/OneDrive - Åbo Akademi O365/banking/venv/lib/python3.12/site-packages/airflow/example_dags/example_latest_only.py
[2025-11-20T20:37:59.341+0500] {processor.py:830} INFO - Processing file /mnt/c/Users/Raj/OneDrive - Åbo Akademi O365/banking/venv/lib/python3.12/site-packages/airflow/example_dags/example_latest_only.py for tasks to queue
[2025-11-20T20:37:59.346+0500] {logging_mixin.py:188} INFO - [2025-11-20T20:37:59.344+0500] {dagbag.py:545} INFO - Filling up the DagBag from /mnt/c/Users/Raj/OneDrive - Åbo Akademi O365/banking/venv/lib/python3.12/site-packages/airflow/example_dags/example_latest_only.py
[2025-11-20T20:37:59.381+0500] {processor.py:840} INFO - DAG(s) 'latest_only' retrieved from /mnt/c/Users/Raj/OneDrive - Åbo Akademi O365/banking/venv/lib/python3.12/site-packages/airflow/example_dags/example_latest_only.py
[2025-11-20T20:37:59.431+0500] {logging_mixin.py:188} INFO - [2025-11-20T20:37:59.429+0500] {dag.py:3096} INFO - Sync 1 DAGs
[2025-11-20T20:37:59.481+0500] {logging_mixin.py:188} INFO - [2025-11-20T20:37:59.480+0500] {dag.py:3954} INFO - Setting next_dagrun for latest_only to 2025-11-20 08:00:00+00:00, run_after=2025-11-20 12:00:00+00:00
[2025-11-20T20:37:59.580+0500] {processor.py:183} INFO - Processing /mnt/c/Users/Raj/OneDrive - Åbo Akademi O365/banking/venv/lib/python3.12/site-packages/airflow/example_dags/example_latest_only.py took 0.261 seconds
[2025-11-20T20:39:21.124+0500] {processor.py:161} INFO - Started process (PID=12783) to work on /mnt/c/Users/Raj/OneDrive - Åbo Akademi O365/banking/venv/lib/python3.12/site-packages/airflow/example_dags/example_latest_only.py
[2025-11-20T20:39:21.127+0500] {processor.py:830} INFO - Processing file /mnt/c/Users/Raj/OneDrive - Åbo Akademi O365/banking/venv/lib/python3.12/site-packages/airflow/example_dags/example_latest_only.py for tasks to queue
[2025-11-20T20:39:21.133+0500] {logging_mixin.py:188} INFO - [2025-11-20T20:39:21.131+0500] {dagbag.py:545} INFO - Filling up the DagBag from /mnt/c/Users/Raj/OneDrive - Åbo Akademi O365/banking/venv/lib/python3.12/site-packages/airflow/example_dags/example_latest_only.py
[2025-11-20T20:39:21.170+0500] {processor.py:840} INFO - DAG(s) 'latest_only' retrieved from /mnt/c/Users/Raj/OneDrive - Åbo Akademi O365/banking/venv/lib/python3.12/site-packages/airflow/example_dags/example_latest_only.py
[2025-11-20T20:39:21.215+0500] {logging_mixin.py:188} INFO - [2025-11-20T20:39:21.214+0500] {dag.py:3096} INFO - Sync 1 DAGs
[2025-11-20T20:39:21.262+0500] {logging_mixin.py:188} INFO - [2025-11-20T20:39:21.261+0500] {dag.py:3954} INFO - Setting next_dagrun for latest_only to 2025-11-20 08:00:00+00:00, run_after=2025-11-20 12:00:00+00:00
[2025-11-20T20:39:21.357+0500] {processor.py:183} INFO - Processing /mnt/c/Users/Raj/OneDrive - Åbo Akademi O365/banking/venv/lib/python3.12/site-packages/airflow/example_dags/example_latest_only.py took 0.253 seconds
[2025-11-20T20:40:40.476+0500] {processor.py:161} INFO - Started process (PID=13039) to work on /mnt/c/Users/Raj/OneDrive - Åbo Akademi O365/banking/venv/lib/python3.12/site-packages/airflow/example_dags/example_latest_only.py
[2025-11-20T20:40:40.479+0500] {processor.py:830} INFO - Processing file /mnt/c/Users/Raj/OneDrive - Åbo Akademi O365/banking/venv/lib/python3.12/site-packages/airflow/example_dags/example_latest_only.py for tasks to queue
[2025-11-20T20:40:40.484+0500] {logging_mixin.py:188} INFO - [2025-11-20T20:40:40.482+0500] {dagbag.py:545} INFO - Filling up the DagBag from /mnt/c/Users/Raj/OneDrive - Åbo Akademi O365/banking/venv/lib/python3.12/site-packages/airflow/example_dags/example_latest_only.py
[2025-11-20T20:40:40.522+0500] {processor.py:840} INFO - DAG(s) 'latest_only' retrieved from /mnt/c/Users/Raj/OneDrive - Åbo Akademi O365/banking/venv/lib/python3.12/site-packages/airflow/example_dags/example_latest_only.py
[2025-11-20T20:40:40.573+0500] {logging_mixin.py:188} INFO - [2025-11-20T20:40:40.572+0500] {dag.py:3096} INFO - Sync 1 DAGs
[2025-11-20T20:40:40.626+0500] {logging_mixin.py:188} INFO - [2025-11-20T20:40:40.625+0500] {dag.py:3954} INFO - Setting next_dagrun for latest_only to 2025-11-20 08:00:00+00:00, run_after=2025-11-20 12:00:00+00:00
[2025-11-20T20:40:40.738+0500] {processor.py:183} INFO - Processing /mnt/c/Users/Raj/OneDrive - Åbo Akademi O365/banking/venv/lib/python3.12/site-packages/airflow/example_dags/example_latest_only.py took 0.284 seconds
[2025-11-20T20:41:56.659+0500] {processor.py:161} INFO - Started process (PID=13300) to work on /mnt/c/Users/Raj/OneDrive - Åbo Akademi O365/banking/venv/lib/python3.12/site-packages/airflow/example_dags/example_latest_only.py
[2025-11-20T20:41:56.662+0500] {processor.py:830} INFO - Processing file /mnt/c/Users/Raj/OneDrive - Åbo Akademi O365/banking/venv/lib/python3.12/site-packages/airflow/example_dags/example_latest_only.py for tasks to queue
[2025-11-20T20:41:56.666+0500] {logging_mixin.py:188} INFO - [2025-11-20T20:41:56.665+0500] {dagbag.py:545} INFO - Filling up the DagBag from /mnt/c/Users/Raj/OneDrive - Åbo Akademi O365/banking/venv/lib/python3.12/site-packages/airflow/example_dags/example_latest_only.py
[2025-11-20T20:41:56.698+0500] {processor.py:840} INFO - DAG(s) 'latest_only' retrieved from /mnt/c/Users/Raj/OneDrive - Åbo Akademi O365/banking/venv/lib/python3.12/site-packages/airflow/example_dags/example_latest_only.py
[2025-11-20T20:41:56.741+0500] {logging_mixin.py:188} INFO - [2025-11-20T20:41:56.740+0500] {dag.py:3096} INFO - Sync 1 DAGs
[2025-11-20T20:41:56.794+0500] {logging_mixin.py:188} INFO - [2025-11-20T20:41:56.793+0500] {dag.py:3954} INFO - Setting next_dagrun for latest_only to 2025-11-20 08:00:00+00:00, run_after=2025-11-20 12:00:00+00:00
[2025-11-20T20:41:56.883+0500] {processor.py:183} INFO - Processing /mnt/c/Users/Raj/OneDrive - Åbo Akademi O365/banking/venv/lib/python3.12/site-packages/airflow/example_dags/example_latest_only.py took 0.242 seconds
[2025-11-20T20:43:16.023+0500] {processor.py:161} INFO - Started process (PID=13568) to work on /mnt/c/Users/Raj/OneDrive - Åbo Akademi O365/banking/venv/lib/python3.12/site-packages/airflow/example_dags/example_latest_only.py
[2025-11-20T20:43:16.025+0500] {processor.py:830} INFO - Processing file /mnt/c/Users/Raj/OneDrive - Åbo Akademi O365/banking/venv/lib/python3.12/site-packages/airflow/example_dags/example_latest_only.py for tasks to queue
[2025-11-20T20:43:16.030+0500] {logging_mixin.py:188} INFO - [2025-11-20T20:43:16.028+0500] {dagbag.py:545} INFO - Filling up the DagBag from /mnt/c/Users/Raj/OneDrive - Åbo Akademi O365/banking/venv/lib/python3.12/site-packages/airflow/example_dags/example_latest_only.py
[2025-11-20T20:43:16.059+0500] {processor.py:840} INFO - DAG(s) 'latest_only' retrieved from /mnt/c/Users/Raj/OneDrive - Åbo Akademi O365/banking/venv/lib/python3.12/site-packages/airflow/example_dags/example_latest_only.py
[2025-11-20T20:43:16.094+0500] {logging_mixin.py:188} INFO - [2025-11-20T20:43:16.092+0500] {dag.py:3096} INFO - Sync 1 DAGs
[2025-11-20T20:43:16.134+0500] {logging_mixin.py:188} INFO - [2025-11-20T20:43:16.132+0500] {dag.py:3954} INFO - Setting next_dagrun for latest_only to 2025-11-20 08:00:00+00:00, run_after=2025-11-20 12:00:00+00:00
[2025-11-20T20:43:16.217+0500] {processor.py:183} INFO - Processing /mnt/c/Users/Raj/OneDrive - Åbo Akademi O365/banking/venv/lib/python3.12/site-packages/airflow/example_dags/example_latest_only.py took 0.213 seconds
[2025-11-20T20:44:41.000+0500] {processor.py:161} INFO - Started process (PID=13877) to work on /mnt/c/Users/Raj/OneDrive - Åbo Akademi O365/banking/venv/lib/python3.12/site-packages/airflow/example_dags/example_latest_only.py
[2025-11-20T20:44:41.004+0500] {processor.py:830} INFO - Processing file /mnt/c/Users/Raj/OneDrive - Åbo Akademi O365/banking/venv/lib/python3.12/site-packages/airflow/example_dags/example_latest_only.py for tasks to queue
[2025-11-20T20:44:41.009+0500] {logging_mixin.py:188} INFO - [2025-11-20T20:44:41.008+0500] {dagbag.py:545} INFO - Filling up the DagBag from /mnt/c/Users/Raj/OneDrive - Åbo Akademi O365/banking/venv/lib/python3.12/site-packages/airflow/example_dags/example_latest_only.py
[2025-11-20T20:44:41.049+0500] {processor.py:840} INFO - DAG(s) 'latest_only' retrieved from /mnt/c/Users/Raj/OneDrive - Åbo Akademi O365/banking/venv/lib/python3.12/site-packages/airflow/example_dags/example_latest_only.py
[2025-11-20T20:44:41.105+0500] {logging_mixin.py:188} INFO - [2025-11-20T20:44:41.103+0500] {dag.py:3096} INFO - Sync 1 DAGs
[2025-11-20T20:44:41.162+0500] {logging_mixin.py:188} INFO - [2025-11-20T20:44:41.157+0500] {dag.py:3954} INFO - Setting next_dagrun for latest_only to 2025-11-20 08:00:00+00:00, run_after=2025-11-20 12:00:00+00:00
[2025-11-20T20:44:41.277+0500] {processor.py:183} INFO - Processing /mnt/c/Users/Raj/OneDrive - Åbo Akademi O365/banking/venv/lib/python3.12/site-packages/airflow/example_dags/example_latest_only.py took 0.297 seconds
[2025-11-20T20:46:01.116+0500] {processor.py:161} INFO - Started process (PID=14151) to work on /mnt/c/Users/Raj/OneDrive - Åbo Akademi O365/banking/venv/lib/python3.12/site-packages/airflow/example_dags/example_latest_only.py
[2025-11-20T20:46:01.118+0500] {processor.py:830} INFO - Processing file /mnt/c/Users/Raj/OneDrive - Åbo Akademi O365/banking/venv/lib/python3.12/site-packages/airflow/example_dags/example_latest_only.py for tasks to queue
[2025-11-20T20:46:01.123+0500] {logging_mixin.py:188} INFO - [2025-11-20T20:46:01.121+0500] {dagbag.py:545} INFO - Filling up the DagBag from /mnt/c/Users/Raj/OneDrive - Åbo Akademi O365/banking/venv/lib/python3.12/site-packages/airflow/example_dags/example_latest_only.py
[2025-11-20T20:46:01.187+0500] {processor.py:840} INFO - DAG(s) 'latest_only' retrieved from /mnt/c/Users/Raj/OneDrive - Åbo Akademi O365/banking/venv/lib/python3.12/site-packages/airflow/example_dags/example_latest_only.py
[2025-11-20T20:46:01.267+0500] {logging_mixin.py:188} INFO - [2025-11-20T20:46:01.264+0500] {dag.py:3096} INFO - Sync 1 DAGs
[2025-11-20T20:46:01.318+0500] {logging_mixin.py:188} INFO - [2025-11-20T20:46:01.316+0500] {dag.py:3954} INFO - Setting next_dagrun for latest_only to 2025-11-20 08:00:00+00:00, run_after=2025-11-20 12:00:00+00:00
[2025-11-20T20:46:01.430+0500] {processor.py:183} INFO - Processing /mnt/c/Users/Raj/OneDrive - Åbo Akademi O365/banking/venv/lib/python3.12/site-packages/airflow/example_dags/example_latest_only.py took 0.333 seconds
[2025-11-20T20:47:14.397+0500] {processor.py:161} INFO - Started process (PID=14568) to work on /mnt/c/Users/Raj/OneDrive - Åbo Akademi O365/banking/venv/lib/python3.12/site-packages/airflow/example_dags/example_latest_only.py
[2025-11-20T20:47:14.399+0500] {processor.py:830} INFO - Processing file /mnt/c/Users/Raj/OneDrive - Åbo Akademi O365/banking/venv/lib/python3.12/site-packages/airflow/example_dags/example_latest_only.py for tasks to queue
[2025-11-20T20:47:14.404+0500] {logging_mixin.py:188} INFO - [2025-11-20T20:47:14.402+0500] {dagbag.py:545} INFO - Filling up the DagBag from /mnt/c/Users/Raj/OneDrive - Åbo Akademi O365/banking/venv/lib/python3.12/site-packages/airflow/example_dags/example_latest_only.py
[2025-11-20T20:47:14.449+0500] {processor.py:840} INFO - DAG(s) 'latest_only' retrieved from /mnt/c/Users/Raj/OneDrive - Åbo Akademi O365/banking/venv/lib/python3.12/site-packages/airflow/example_dags/example_latest_only.py
[2025-11-20T20:47:14.500+0500] {logging_mixin.py:188} INFO - [2025-11-20T20:47:14.499+0500] {dag.py:3096} INFO - Sync 1 DAGs
[2025-11-20T20:47:14.554+0500] {logging_mixin.py:188} INFO - [2025-11-20T20:47:14.552+0500] {dag.py:3954} INFO - Setting next_dagrun for latest_only to 2025-11-20 08:00:00+00:00, run_after=2025-11-20 12:00:00+00:00
[2025-11-20T20:47:14.658+0500] {processor.py:183} INFO - Processing /mnt/c/Users/Raj/OneDrive - Åbo Akademi O365/banking/venv/lib/python3.12/site-packages/airflow/example_dags/example_latest_only.py took 0.281 seconds
[2025-11-20T20:48:32.808+0500] {processor.py:161} INFO - Started process (PID=14864) to work on /mnt/c/Users/Raj/OneDrive - Åbo Akademi O365/banking/venv/lib/python3.12/site-packages/airflow/example_dags/example_latest_only.py
[2025-11-20T20:48:32.811+0500] {processor.py:830} INFO - Processing file /mnt/c/Users/Raj/OneDrive - Åbo Akademi O365/banking/venv/lib/python3.12/site-packages/airflow/example_dags/example_latest_only.py for tasks to queue
[2025-11-20T20:48:32.816+0500] {logging_mixin.py:188} INFO - [2025-11-20T20:48:32.815+0500] {dagbag.py:545} INFO - Filling up the DagBag from /mnt/c/Users/Raj/OneDrive - Åbo Akademi O365/banking/venv/lib/python3.12/site-packages/airflow/example_dags/example_latest_only.py
[2025-11-20T20:48:32.844+0500] {processor.py:840} INFO - DAG(s) 'latest_only' retrieved from /mnt/c/Users/Raj/OneDrive - Åbo Akademi O365/banking/venv/lib/python3.12/site-packages/airflow/example_dags/example_latest_only.py
[2025-11-20T20:48:32.892+0500] {logging_mixin.py:188} INFO - [2025-11-20T20:48:32.891+0500] {dag.py:3096} INFO - Sync 1 DAGs
[2025-11-20T20:48:32.959+0500] {logging_mixin.py:188} INFO - [2025-11-20T20:48:32.957+0500] {dag.py:3954} INFO - Setting next_dagrun for latest_only to 2025-11-20 08:00:00+00:00, run_after=2025-11-20 12:00:00+00:00
[2025-11-20T20:48:33.089+0500] {processor.py:183} INFO - Processing /mnt/c/Users/Raj/OneDrive - Åbo Akademi O365/banking/venv/lib/python3.12/site-packages/airflow/example_dags/example_latest_only.py took 0.299 seconds
[2025-11-20T21:56:36.777+0500] {processor.py:161} INFO - Started process (PID=891) to work on /mnt/c/Users/Raj/OneDrive - Åbo Akademi O365/banking/venv/lib/python3.12/site-packages/airflow/example_dags/example_latest_only.py
[2025-11-20T21:56:36.780+0500] {processor.py:830} INFO - Processing file /mnt/c/Users/Raj/OneDrive - Åbo Akademi O365/banking/venv/lib/python3.12/site-packages/airflow/example_dags/example_latest_only.py for tasks to queue
[2025-11-20T21:56:36.785+0500] {logging_mixin.py:188} INFO - [2025-11-20T21:56:36.783+0500] {dagbag.py:545} INFO - Filling up the DagBag from /mnt/c/Users/Raj/OneDrive - Åbo Akademi O365/banking/venv/lib/python3.12/site-packages/airflow/example_dags/example_latest_only.py
[2025-11-20T21:56:36.819+0500] {processor.py:840} INFO - DAG(s) 'latest_only' retrieved from /mnt/c/Users/Raj/OneDrive - Åbo Akademi O365/banking/venv/lib/python3.12/site-packages/airflow/example_dags/example_latest_only.py
[2025-11-20T21:56:37.627+0500] {logging_mixin.py:188} INFO - [2025-11-20T21:56:37.626+0500] {dag.py:3096} INFO - Sync 1 DAGs
[2025-11-20T21:56:37.670+0500] {logging_mixin.py:188} INFO - [2025-11-20T21:56:37.668+0500] {dag.py:3954} INFO - Setting next_dagrun for latest_only to 2025-11-20 12:00:00+00:00, run_after=2025-11-20 16:00:00+00:00
[2025-11-20T21:56:37.778+0500] {processor.py:183} INFO - Processing /mnt/c/Users/Raj/OneDrive - Åbo Akademi O365/banking/venv/lib/python3.12/site-packages/airflow/example_dags/example_latest_only.py took 1.855 seconds
[2025-11-20T21:58:12.395+0500] {processor.py:161} INFO - Started process (PID=993) to work on /mnt/c/Users/Raj/OneDrive - Åbo Akademi O365/banking/venv/lib/python3.12/site-packages/airflow/example_dags/example_latest_only.py
[2025-11-20T21:58:12.398+0500] {processor.py:830} INFO - Processing file /mnt/c/Users/Raj/OneDrive - Åbo Akademi O365/banking/venv/lib/python3.12/site-packages/airflow/example_dags/example_latest_only.py for tasks to queue
[2025-11-20T21:58:12.403+0500] {logging_mixin.py:188} INFO - [2025-11-20T21:58:12.401+0500] {dagbag.py:545} INFO - Filling up the DagBag from /mnt/c/Users/Raj/OneDrive - Åbo Akademi O365/banking/venv/lib/python3.12/site-packages/airflow/example_dags/example_latest_only.py
[2025-11-20T21:58:12.434+0500] {processor.py:840} INFO - DAG(s) 'latest_only' retrieved from /mnt/c/Users/Raj/OneDrive - Åbo Akademi O365/banking/venv/lib/python3.12/site-packages/airflow/example_dags/example_latest_only.py
[2025-11-20T21:58:12.478+0500] {logging_mixin.py:188} INFO - [2025-11-20T21:58:12.477+0500] {dag.py:3096} INFO - Sync 1 DAGs
[2025-11-20T21:58:12.522+0500] {logging_mixin.py:188} INFO - [2025-11-20T21:58:12.521+0500] {dag.py:3954} INFO - Setting next_dagrun for latest_only to 2025-11-20 12:00:00+00:00, run_after=2025-11-20 16:00:00+00:00
[2025-11-20T21:58:12.621+0500] {processor.py:183} INFO - Processing /mnt/c/Users/Raj/OneDrive - Åbo Akademi O365/banking/venv/lib/python3.12/site-packages/airflow/example_dags/example_latest_only.py took 0.245 seconds
[2025-11-20T21:59:36.118+0500] {processor.py:161} INFO - Started process (PID=1072) to work on /mnt/c/Users/Raj/OneDrive - Åbo Akademi O365/banking/venv/lib/python3.12/site-packages/airflow/example_dags/example_latest_only.py
[2025-11-20T21:59:36.121+0500] {processor.py:830} INFO - Processing file /mnt/c/Users/Raj/OneDrive - Åbo Akademi O365/banking/venv/lib/python3.12/site-packages/airflow/example_dags/example_latest_only.py for tasks to queue
[2025-11-20T21:59:36.125+0500] {logging_mixin.py:188} INFO - [2025-11-20T21:59:36.123+0500] {dagbag.py:545} INFO - Filling up the DagBag from /mnt/c/Users/Raj/OneDrive - Åbo Akademi O365/banking/venv/lib/python3.12/site-packages/airflow/example_dags/example_latest_only.py
[2025-11-20T21:59:36.158+0500] {processor.py:840} INFO - DAG(s) 'latest_only' retrieved from /mnt/c/Users/Raj/OneDrive - Åbo Akademi O365/banking/venv/lib/python3.12/site-packages/airflow/example_dags/example_latest_only.py
[2025-11-20T21:59:36.207+0500] {logging_mixin.py:188} INFO - [2025-11-20T21:59:36.205+0500] {dag.py:3096} INFO - Sync 1 DAGs
[2025-11-20T21:59:36.257+0500] {logging_mixin.py:188} INFO - [2025-11-20T21:59:36.256+0500] {dag.py:3954} INFO - Setting next_dagrun for latest_only to 2025-11-20 12:00:00+00:00, run_after=2025-11-20 16:00:00+00:00
[2025-11-20T21:59:36.356+0500] {processor.py:183} INFO - Processing /mnt/c/Users/Raj/OneDrive - Åbo Akademi O365/banking/venv/lib/python3.12/site-packages/airflow/example_dags/example_latest_only.py took 0.257 seconds
[2025-11-20T22:00:52.184+0500] {processor.py:161} INFO - Started process (PID=1129) to work on /mnt/c/Users/Raj/OneDrive - Åbo Akademi O365/banking/venv/lib/python3.12/site-packages/airflow/example_dags/example_latest_only.py
[2025-11-20T22:00:52.187+0500] {processor.py:830} INFO - Processing file /mnt/c/Users/Raj/OneDrive - Åbo Akademi O365/banking/venv/lib/python3.12/site-packages/airflow/example_dags/example_latest_only.py for tasks to queue
[2025-11-20T22:00:52.193+0500] {logging_mixin.py:188} INFO - [2025-11-20T22:00:52.191+0500] {dagbag.py:545} INFO - Filling up the DagBag from /mnt/c/Users/Raj/OneDrive - Åbo Akademi O365/banking/venv/lib/python3.12/site-packages/airflow/example_dags/example_latest_only.py
[2025-11-20T22:00:52.224+0500] {processor.py:840} INFO - DAG(s) 'latest_only' retrieved from /mnt/c/Users/Raj/OneDrive - Åbo Akademi O365/banking/venv/lib/python3.12/site-packages/airflow/example_dags/example_latest_only.py
[2025-11-20T22:00:52.270+0500] {logging_mixin.py:188} INFO - [2025-11-20T22:00:52.268+0500] {dag.py:3096} INFO - Sync 1 DAGs
[2025-11-20T22:00:52.311+0500] {logging_mixin.py:188} INFO - [2025-11-20T22:00:52.310+0500] {dag.py:3954} INFO - Setting next_dagrun for latest_only to 2025-11-20 12:00:00+00:00, run_after=2025-11-20 16:00:00+00:00
[2025-11-20T22:00:52.410+0500] {processor.py:183} INFO - Processing /mnt/c/Users/Raj/OneDrive - Åbo Akademi O365/banking/venv/lib/python3.12/site-packages/airflow/example_dags/example_latest_only.py took 0.247 seconds
[2025-11-20T22:02:20.999+0500] {processor.py:161} INFO - Started process (PID=1190) to work on /mnt/c/Users/Raj/OneDrive - Åbo Akademi O365/banking/venv/lib/python3.12/site-packages/airflow/example_dags/example_latest_only.py
[2025-11-20T22:02:21.003+0500] {processor.py:830} INFO - Processing file /mnt/c/Users/Raj/OneDrive - Åbo Akademi O365/banking/venv/lib/python3.12/site-packages/airflow/example_dags/example_latest_only.py for tasks to queue
[2025-11-20T22:02:21.009+0500] {logging_mixin.py:188} INFO - [2025-11-20T22:02:21.007+0500] {dagbag.py:545} INFO - Filling up the DagBag from /mnt/c/Users/Raj/OneDrive - Åbo Akademi O365/banking/venv/lib/python3.12/site-packages/airflow/example_dags/example_latest_only.py
[2025-11-20T22:02:21.040+0500] {processor.py:840} INFO - DAG(s) 'latest_only' retrieved from /mnt/c/Users/Raj/OneDrive - Åbo Akademi O365/banking/venv/lib/python3.12/site-packages/airflow/example_dags/example_latest_only.py
[2025-11-20T22:02:21.086+0500] {logging_mixin.py:188} INFO - [2025-11-20T22:02:21.084+0500] {dag.py:3096} INFO - Sync 1 DAGs
[2025-11-20T22:02:21.125+0500] {logging_mixin.py:188} INFO - [2025-11-20T22:02:21.124+0500] {dag.py:3954} INFO - Setting next_dagrun for latest_only to 2025-11-20 12:00:00+00:00, run_after=2025-11-20 16:00:00+00:00
[2025-11-20T22:02:21.200+0500] {processor.py:183} INFO - Processing /mnt/c/Users/Raj/OneDrive - Åbo Akademi O365/banking/venv/lib/python3.12/site-packages/airflow/example_dags/example_latest_only.py took 0.222 seconds
[2025-11-20T22:03:49.467+0500] {processor.py:161} INFO - Started process (PID=1263) to work on /mnt/c/Users/Raj/OneDrive - Åbo Akademi O365/banking/venv/lib/python3.12/site-packages/airflow/example_dags/example_latest_only.py
[2025-11-20T22:03:49.470+0500] {processor.py:830} INFO - Processing file /mnt/c/Users/Raj/OneDrive - Åbo Akademi O365/banking/venv/lib/python3.12/site-packages/airflow/example_dags/example_latest_only.py for tasks to queue
[2025-11-20T22:03:49.477+0500] {logging_mixin.py:188} INFO - [2025-11-20T22:03:49.475+0500] {dagbag.py:545} INFO - Filling up the DagBag from /mnt/c/Users/Raj/OneDrive - Åbo Akademi O365/banking/venv/lib/python3.12/site-packages/airflow/example_dags/example_latest_only.py
[2025-11-20T22:03:49.524+0500] {processor.py:840} INFO - DAG(s) 'latest_only' retrieved from /mnt/c/Users/Raj/OneDrive - Åbo Akademi O365/banking/venv/lib/python3.12/site-packages/airflow/example_dags/example_latest_only.py
[2025-11-20T22:03:49.583+0500] {logging_mixin.py:188} INFO - [2025-11-20T22:03:49.582+0500] {dag.py:3096} INFO - Sync 1 DAGs
[2025-11-20T22:03:49.642+0500] {logging_mixin.py:188} INFO - [2025-11-20T22:03:49.640+0500] {dag.py:3954} INFO - Setting next_dagrun for latest_only to 2025-11-20 12:00:00+00:00, run_after=2025-11-20 16:00:00+00:00
[2025-11-20T22:03:49.757+0500] {processor.py:183} INFO - Processing /mnt/c/Users/Raj/OneDrive - Åbo Akademi O365/banking/venv/lib/python3.12/site-packages/airflow/example_dags/example_latest_only.py took 0.314 seconds
[2025-11-20T22:05:11.517+0500] {processor.py:161} INFO - Started process (PID=1324) to work on /mnt/c/Users/Raj/OneDrive - Åbo Akademi O365/banking/venv/lib/python3.12/site-packages/airflow/example_dags/example_latest_only.py
[2025-11-20T22:05:11.520+0500] {processor.py:830} INFO - Processing file /mnt/c/Users/Raj/OneDrive - Åbo Akademi O365/banking/venv/lib/python3.12/site-packages/airflow/example_dags/example_latest_only.py for tasks to queue
[2025-11-20T22:05:11.524+0500] {logging_mixin.py:188} INFO - [2025-11-20T22:05:11.522+0500] {dagbag.py:545} INFO - Filling up the DagBag from /mnt/c/Users/Raj/OneDrive - Åbo Akademi O365/banking/venv/lib/python3.12/site-packages/airflow/example_dags/example_latest_only.py
[2025-11-20T22:05:11.558+0500] {processor.py:840} INFO - DAG(s) 'latest_only' retrieved from /mnt/c/Users/Raj/OneDrive - Åbo Akademi O365/banking/venv/lib/python3.12/site-packages/airflow/example_dags/example_latest_only.py
[2025-11-20T22:05:11.601+0500] {logging_mixin.py:188} INFO - [2025-11-20T22:05:11.599+0500] {dag.py:3096} INFO - Sync 1 DAGs
[2025-11-20T22:05:11.651+0500] {logging_mixin.py:188} INFO - [2025-11-20T22:05:11.650+0500] {dag.py:3954} INFO - Setting next_dagrun for latest_only to 2025-11-20 12:00:00+00:00, run_after=2025-11-20 16:00:00+00:00
[2025-11-20T22:05:11.767+0500] {processor.py:183} INFO - Processing /mnt/c/Users/Raj/OneDrive - Åbo Akademi O365/banking/venv/lib/python3.12/site-packages/airflow/example_dags/example_latest_only.py took 0.271 seconds
[2025-11-20T22:06:35.775+0500] {processor.py:161} INFO - Started process (PID=1392) to work on /mnt/c/Users/Raj/OneDrive - Åbo Akademi O365/banking/venv/lib/python3.12/site-packages/airflow/example_dags/example_latest_only.py
[2025-11-20T22:06:35.778+0500] {processor.py:830} INFO - Processing file /mnt/c/Users/Raj/OneDrive - Åbo Akademi O365/banking/venv/lib/python3.12/site-packages/airflow/example_dags/example_latest_only.py for tasks to queue
[2025-11-20T22:06:35.782+0500] {logging_mixin.py:188} INFO - [2025-11-20T22:06:35.780+0500] {dagbag.py:545} INFO - Filling up the DagBag from /mnt/c/Users/Raj/OneDrive - Åbo Akademi O365/banking/venv/lib/python3.12/site-packages/airflow/example_dags/example_latest_only.py
[2025-11-20T22:06:35.810+0500] {processor.py:840} INFO - DAG(s) 'latest_only' retrieved from /mnt/c/Users/Raj/OneDrive - Åbo Akademi O365/banking/venv/lib/python3.12/site-packages/airflow/example_dags/example_latest_only.py
[2025-11-20T22:06:35.852+0500] {logging_mixin.py:188} INFO - [2025-11-20T22:06:35.850+0500] {dag.py:3096} INFO - Sync 1 DAGs
[2025-11-20T22:06:35.904+0500] {logging_mixin.py:188} INFO - [2025-11-20T22:06:35.903+0500] {dag.py:3954} INFO - Setting next_dagrun for latest_only to 2025-11-20 12:00:00+00:00, run_after=2025-11-20 16:00:00+00:00
[2025-11-20T22:06:35.992+0500] {processor.py:183} INFO - Processing /mnt/c/Users/Raj/OneDrive - Åbo Akademi O365/banking/venv/lib/python3.12/site-packages/airflow/example_dags/example_latest_only.py took 0.233 seconds
[2025-11-20T22:08:05.387+0500] {processor.py:161} INFO - Started process (PID=1455) to work on /mnt/c/Users/Raj/OneDrive - Åbo Akademi O365/banking/venv/lib/python3.12/site-packages/airflow/example_dags/example_latest_only.py
[2025-11-20T22:08:05.391+0500] {processor.py:830} INFO - Processing file /mnt/c/Users/Raj/OneDrive - Åbo Akademi O365/banking/venv/lib/python3.12/site-packages/airflow/example_dags/example_latest_only.py for tasks to queue
[2025-11-20T22:08:05.395+0500] {logging_mixin.py:188} INFO - [2025-11-20T22:08:05.393+0500] {dagbag.py:545} INFO - Filling up the DagBag from /mnt/c/Users/Raj/OneDrive - Åbo Akademi O365/banking/venv/lib/python3.12/site-packages/airflow/example_dags/example_latest_only.py
[2025-11-20T22:08:05.427+0500] {processor.py:840} INFO - DAG(s) 'latest_only' retrieved from /mnt/c/Users/Raj/OneDrive - Åbo Akademi O365/banking/venv/lib/python3.12/site-packages/airflow/example_dags/example_latest_only.py
[2025-11-20T22:08:05.464+0500] {logging_mixin.py:188} INFO - [2025-11-20T22:08:05.463+0500] {dag.py:3096} INFO - Sync 1 DAGs
[2025-11-20T22:08:05.512+0500] {logging_mixin.py:188} INFO - [2025-11-20T22:08:05.510+0500] {dag.py:3954} INFO - Setting next_dagrun for latest_only to 2025-11-20 12:00:00+00:00, run_after=2025-11-20 16:00:00+00:00
[2025-11-20T22:08:05.616+0500] {processor.py:183} INFO - Processing /mnt/c/Users/Raj/OneDrive - Åbo Akademi O365/banking/venv/lib/python3.12/site-packages/airflow/example_dags/example_latest_only.py took 0.248 seconds
[2025-11-20T22:09:34.709+0500] {processor.py:161} INFO - Started process (PID=1521) to work on /mnt/c/Users/Raj/OneDrive - Åbo Akademi O365/banking/venv/lib/python3.12/site-packages/airflow/example_dags/example_latest_only.py
[2025-11-20T22:09:34.712+0500] {processor.py:830} INFO - Processing file /mnt/c/Users/Raj/OneDrive - Åbo Akademi O365/banking/venv/lib/python3.12/site-packages/airflow/example_dags/example_latest_only.py for tasks to queue
[2025-11-20T22:09:34.716+0500] {logging_mixin.py:188} INFO - [2025-11-20T22:09:34.714+0500] {dagbag.py:545} INFO - Filling up the DagBag from /mnt/c/Users/Raj/OneDrive - Åbo Akademi O365/banking/venv/lib/python3.12/site-packages/airflow/example_dags/example_latest_only.py
[2025-11-20T22:09:34.782+0500] {processor.py:840} INFO - DAG(s) 'latest_only' retrieved from /mnt/c/Users/Raj/OneDrive - Åbo Akademi O365/banking/venv/lib/python3.12/site-packages/airflow/example_dags/example_latest_only.py
[2025-11-20T22:09:34.851+0500] {logging_mixin.py:188} INFO - [2025-11-20T22:09:34.849+0500] {dag.py:3096} INFO - Sync 1 DAGs
[2025-11-20T22:09:34.929+0500] {logging_mixin.py:188} INFO - [2025-11-20T22:09:34.927+0500] {dag.py:3954} INFO - Setting next_dagrun for latest_only to 2025-11-20 12:00:00+00:00, run_after=2025-11-20 16:00:00+00:00
[2025-11-20T22:09:35.062+0500] {processor.py:183} INFO - Processing /mnt/c/Users/Raj/OneDrive - Åbo Akademi O365/banking/venv/lib/python3.12/site-packages/airflow/example_dags/example_latest_only.py took 0.377 seconds
[2025-11-20T22:11:08.948+0500] {processor.py:161} INFO - Started process (PID=1589) to work on /mnt/c/Users/Raj/OneDrive - Åbo Akademi O365/banking/venv/lib/python3.12/site-packages/airflow/example_dags/example_latest_only.py
[2025-11-20T22:11:08.954+0500] {processor.py:830} INFO - Processing file /mnt/c/Users/Raj/OneDrive - Åbo Akademi O365/banking/venv/lib/python3.12/site-packages/airflow/example_dags/example_latest_only.py for tasks to queue
[2025-11-20T22:11:08.986+0500] {logging_mixin.py:188} INFO - [2025-11-20T22:11:08.973+0500] {dagbag.py:545} INFO - Filling up the DagBag from /mnt/c/Users/Raj/OneDrive - Åbo Akademi O365/banking/venv/lib/python3.12/site-packages/airflow/example_dags/example_latest_only.py
[2025-11-20T22:11:09.041+0500] {processor.py:840} INFO - DAG(s) 'latest_only' retrieved from /mnt/c/Users/Raj/OneDrive - Åbo Akademi O365/banking/venv/lib/python3.12/site-packages/airflow/example_dags/example_latest_only.py
[2025-11-20T22:11:09.136+0500] {logging_mixin.py:188} INFO - [2025-11-20T22:11:09.135+0500] {dag.py:3096} INFO - Sync 1 DAGs
[2025-11-20T22:11:09.220+0500] {logging_mixin.py:188} INFO - [2025-11-20T22:11:09.219+0500] {dag.py:3954} INFO - Setting next_dagrun for latest_only to 2025-11-20 12:00:00+00:00, run_after=2025-11-20 16:00:00+00:00
[2025-11-20T22:11:09.405+0500] {processor.py:183} INFO - Processing /mnt/c/Users/Raj/OneDrive - Åbo Akademi O365/banking/venv/lib/python3.12/site-packages/airflow/example_dags/example_latest_only.py took 0.479 seconds
[2025-11-20T22:12:29.327+0500] {processor.py:161} INFO - Started process (PID=1656) to work on /mnt/c/Users/Raj/OneDrive - Åbo Akademi O365/banking/venv/lib/python3.12/site-packages/airflow/example_dags/example_latest_only.py
[2025-11-20T22:12:29.330+0500] {processor.py:830} INFO - Processing file /mnt/c/Users/Raj/OneDrive - Åbo Akademi O365/banking/venv/lib/python3.12/site-packages/airflow/example_dags/example_latest_only.py for tasks to queue
[2025-11-20T22:12:29.334+0500] {logging_mixin.py:188} INFO - [2025-11-20T22:12:29.332+0500] {dagbag.py:545} INFO - Filling up the DagBag from /mnt/c/Users/Raj/OneDrive - Åbo Akademi O365/banking/venv/lib/python3.12/site-packages/airflow/example_dags/example_latest_only.py
[2025-11-20T22:12:29.362+0500] {processor.py:840} INFO - DAG(s) 'latest_only' retrieved from /mnt/c/Users/Raj/OneDrive - Åbo Akademi O365/banking/venv/lib/python3.12/site-packages/airflow/example_dags/example_latest_only.py
[2025-11-20T22:12:29.411+0500] {logging_mixin.py:188} INFO - [2025-11-20T22:12:29.409+0500] {dag.py:3096} INFO - Sync 1 DAGs
[2025-11-20T22:12:29.447+0500] {logging_mixin.py:188} INFO - [2025-11-20T22:12:29.446+0500] {dag.py:3954} INFO - Setting next_dagrun for latest_only to 2025-11-20 12:00:00+00:00, run_after=2025-11-20 16:00:00+00:00
[2025-11-20T22:12:29.531+0500] {processor.py:183} INFO - Processing /mnt/c/Users/Raj/OneDrive - Åbo Akademi O365/banking/venv/lib/python3.12/site-packages/airflow/example_dags/example_latest_only.py took 0.223 seconds
[2025-11-20T22:13:54.383+0500] {processor.py:161} INFO - Started process (PID=1720) to work on /mnt/c/Users/Raj/OneDrive - Åbo Akademi O365/banking/venv/lib/python3.12/site-packages/airflow/example_dags/example_latest_only.py
[2025-11-20T22:13:54.386+0500] {processor.py:830} INFO - Processing file /mnt/c/Users/Raj/OneDrive - Åbo Akademi O365/banking/venv/lib/python3.12/site-packages/airflow/example_dags/example_latest_only.py for tasks to queue
[2025-11-20T22:13:54.389+0500] {logging_mixin.py:188} INFO - [2025-11-20T22:13:54.388+0500] {dagbag.py:545} INFO - Filling up the DagBag from /mnt/c/Users/Raj/OneDrive - Åbo Akademi O365/banking/venv/lib/python3.12/site-packages/airflow/example_dags/example_latest_only.py
[2025-11-20T22:13:54.425+0500] {processor.py:840} INFO - DAG(s) 'latest_only' retrieved from /mnt/c/Users/Raj/OneDrive - Åbo Akademi O365/banking/venv/lib/python3.12/site-packages/airflow/example_dags/example_latest_only.py
[2025-11-20T22:13:54.476+0500] {logging_mixin.py:188} INFO - [2025-11-20T22:13:54.475+0500] {dag.py:3096} INFO - Sync 1 DAGs
[2025-11-20T22:13:54.525+0500] {logging_mixin.py:188} INFO - [2025-11-20T22:13:54.524+0500] {dag.py:3954} INFO - Setting next_dagrun for latest_only to 2025-11-20 12:00:00+00:00, run_after=2025-11-20 16:00:00+00:00
[2025-11-20T22:13:54.628+0500] {processor.py:183} INFO - Processing /mnt/c/Users/Raj/OneDrive - Åbo Akademi O365/banking/venv/lib/python3.12/site-packages/airflow/example_dags/example_latest_only.py took 0.264 seconds
[2025-11-20T22:15:19.914+0500] {processor.py:161} INFO - Started process (PID=1781) to work on /mnt/c/Users/Raj/OneDrive - Åbo Akademi O365/banking/venv/lib/python3.12/site-packages/airflow/example_dags/example_latest_only.py
[2025-11-20T22:15:19.917+0500] {processor.py:830} INFO - Processing file /mnt/c/Users/Raj/OneDrive - Åbo Akademi O365/banking/venv/lib/python3.12/site-packages/airflow/example_dags/example_latest_only.py for tasks to queue
[2025-11-20T22:15:19.920+0500] {logging_mixin.py:188} INFO - [2025-11-20T22:15:19.919+0500] {dagbag.py:545} INFO - Filling up the DagBag from /mnt/c/Users/Raj/OneDrive - Åbo Akademi O365/banking/venv/lib/python3.12/site-packages/airflow/example_dags/example_latest_only.py
[2025-11-20T22:15:19.947+0500] {processor.py:840} INFO - DAG(s) 'latest_only' retrieved from /mnt/c/Users/Raj/OneDrive - Åbo Akademi O365/banking/venv/lib/python3.12/site-packages/airflow/example_dags/example_latest_only.py
[2025-11-20T22:15:19.995+0500] {logging_mixin.py:188} INFO - [2025-11-20T22:15:19.994+0500] {dag.py:3096} INFO - Sync 1 DAGs
[2025-11-20T22:15:20.049+0500] {logging_mixin.py:188} INFO - [2025-11-20T22:15:20.046+0500] {dag.py:3954} INFO - Setting next_dagrun for latest_only to 2025-11-20 12:00:00+00:00, run_after=2025-11-20 16:00:00+00:00
[2025-11-20T22:15:20.155+0500] {processor.py:183} INFO - Processing /mnt/c/Users/Raj/OneDrive - Åbo Akademi O365/banking/venv/lib/python3.12/site-packages/airflow/example_dags/example_latest_only.py took 0.257 seconds
[2025-11-20T22:16:50.847+0500] {processor.py:161} INFO - Started process (PID=1844) to work on /mnt/c/Users/Raj/OneDrive - Åbo Akademi O365/banking/venv/lib/python3.12/site-packages/airflow/example_dags/example_latest_only.py
[2025-11-20T22:16:50.849+0500] {processor.py:830} INFO - Processing file /mnt/c/Users/Raj/OneDrive - Åbo Akademi O365/banking/venv/lib/python3.12/site-packages/airflow/example_dags/example_latest_only.py for tasks to queue
[2025-11-20T22:16:50.853+0500] {logging_mixin.py:188} INFO - [2025-11-20T22:16:50.851+0500] {dagbag.py:545} INFO - Filling up the DagBag from /mnt/c/Users/Raj/OneDrive - Åbo Akademi O365/banking/venv/lib/python3.12/site-packages/airflow/example_dags/example_latest_only.py
[2025-11-20T22:16:50.881+0500] {processor.py:840} INFO - DAG(s) 'latest_only' retrieved from /mnt/c/Users/Raj/OneDrive - Åbo Akademi O365/banking/venv/lib/python3.12/site-packages/airflow/example_dags/example_latest_only.py
[2025-11-20T22:16:50.930+0500] {logging_mixin.py:188} INFO - [2025-11-20T22:16:50.928+0500] {dag.py:3096} INFO - Sync 1 DAGs
[2025-11-20T22:16:50.975+0500] {logging_mixin.py:188} INFO - [2025-11-20T22:16:50.974+0500] {dag.py:3954} INFO - Setting next_dagrun for latest_only to 2025-11-20 12:00:00+00:00, run_after=2025-11-20 16:00:00+00:00
[2025-11-20T22:16:51.074+0500] {processor.py:183} INFO - Processing /mnt/c/Users/Raj/OneDrive - Åbo Akademi O365/banking/venv/lib/python3.12/site-packages/airflow/example_dags/example_latest_only.py took 0.244 seconds
[2025-11-20T22:18:21.404+0500] {processor.py:161} INFO - Started process (PID=1911) to work on /mnt/c/Users/Raj/OneDrive - Åbo Akademi O365/banking/venv/lib/python3.12/site-packages/airflow/example_dags/example_latest_only.py
[2025-11-20T22:18:21.407+0500] {processor.py:830} INFO - Processing file /mnt/c/Users/Raj/OneDrive - Åbo Akademi O365/banking/venv/lib/python3.12/site-packages/airflow/example_dags/example_latest_only.py for tasks to queue
[2025-11-20T22:18:21.411+0500] {logging_mixin.py:188} INFO - [2025-11-20T22:18:21.409+0500] {dagbag.py:545} INFO - Filling up the DagBag from /mnt/c/Users/Raj/OneDrive - Åbo Akademi O365/banking/venv/lib/python3.12/site-packages/airflow/example_dags/example_latest_only.py
[2025-11-20T22:18:21.449+0500] {processor.py:840} INFO - DAG(s) 'latest_only' retrieved from /mnt/c/Users/Raj/OneDrive - Åbo Akademi O365/banking/venv/lib/python3.12/site-packages/airflow/example_dags/example_latest_only.py
[2025-11-20T22:18:21.506+0500] {logging_mixin.py:188} INFO - [2025-11-20T22:18:21.504+0500] {dag.py:3096} INFO - Sync 1 DAGs
[2025-11-20T22:18:21.573+0500] {logging_mixin.py:188} INFO - [2025-11-20T22:18:21.571+0500] {dag.py:3954} INFO - Setting next_dagrun for latest_only to 2025-11-20 12:00:00+00:00, run_after=2025-11-20 16:00:00+00:00
[2025-11-20T22:18:21.685+0500] {processor.py:183} INFO - Processing /mnt/c/Users/Raj/OneDrive - Åbo Akademi O365/banking/venv/lib/python3.12/site-packages/airflow/example_dags/example_latest_only.py took 0.304 seconds
[2025-11-20T22:19:40.400+0500] {processor.py:161} INFO - Started process (PID=1973) to work on /mnt/c/Users/Raj/OneDrive - Åbo Akademi O365/banking/venv/lib/python3.12/site-packages/airflow/example_dags/example_latest_only.py
[2025-11-20T22:19:40.402+0500] {processor.py:830} INFO - Processing file /mnt/c/Users/Raj/OneDrive - Åbo Akademi O365/banking/venv/lib/python3.12/site-packages/airflow/example_dags/example_latest_only.py for tasks to queue
[2025-11-20T22:19:40.406+0500] {logging_mixin.py:188} INFO - [2025-11-20T22:19:40.405+0500] {dagbag.py:545} INFO - Filling up the DagBag from /mnt/c/Users/Raj/OneDrive - Åbo Akademi O365/banking/venv/lib/python3.12/site-packages/airflow/example_dags/example_latest_only.py
[2025-11-20T22:19:40.443+0500] {processor.py:840} INFO - DAG(s) 'latest_only' retrieved from /mnt/c/Users/Raj/OneDrive - Åbo Akademi O365/banking/venv/lib/python3.12/site-packages/airflow/example_dags/example_latest_only.py
[2025-11-20T22:19:40.485+0500] {logging_mixin.py:188} INFO - [2025-11-20T22:19:40.484+0500] {dag.py:3096} INFO - Sync 1 DAGs
[2025-11-20T22:19:40.541+0500] {logging_mixin.py:188} INFO - [2025-11-20T22:19:40.540+0500] {dag.py:3954} INFO - Setting next_dagrun for latest_only to 2025-11-20 12:00:00+00:00, run_after=2025-11-20 16:00:00+00:00
[2025-11-20T22:19:40.646+0500] {processor.py:183} INFO - Processing /mnt/c/Users/Raj/OneDrive - Åbo Akademi O365/banking/venv/lib/python3.12/site-packages/airflow/example_dags/example_latest_only.py took 0.267 seconds
[2025-11-20T22:21:16.411+0500] {processor.py:161} INFO - Started process (PID=2048) to work on /mnt/c/Users/Raj/OneDrive - Åbo Akademi O365/banking/venv/lib/python3.12/site-packages/airflow/example_dags/example_latest_only.py
[2025-11-20T22:21:16.414+0500] {processor.py:830} INFO - Processing file /mnt/c/Users/Raj/OneDrive - Åbo Akademi O365/banking/venv/lib/python3.12/site-packages/airflow/example_dags/example_latest_only.py for tasks to queue
[2025-11-20T22:21:16.418+0500] {logging_mixin.py:188} INFO - [2025-11-20T22:21:16.416+0500] {dagbag.py:545} INFO - Filling up the DagBag from /mnt/c/Users/Raj/OneDrive - Åbo Akademi O365/banking/venv/lib/python3.12/site-packages/airflow/example_dags/example_latest_only.py
[2025-11-20T22:21:16.452+0500] {processor.py:840} INFO - DAG(s) 'latest_only' retrieved from /mnt/c/Users/Raj/OneDrive - Åbo Akademi O365/banking/venv/lib/python3.12/site-packages/airflow/example_dags/example_latest_only.py
[2025-11-20T22:21:16.496+0500] {logging_mixin.py:188} INFO - [2025-11-20T22:21:16.495+0500] {dag.py:3096} INFO - Sync 1 DAGs
[2025-11-20T22:21:16.539+0500] {logging_mixin.py:188} INFO - [2025-11-20T22:21:16.538+0500] {dag.py:3954} INFO - Setting next_dagrun for latest_only to 2025-11-20 12:00:00+00:00, run_after=2025-11-20 16:00:00+00:00
[2025-11-20T22:21:16.641+0500] {processor.py:183} INFO - Processing /mnt/c/Users/Raj/OneDrive - Åbo Akademi O365/banking/venv/lib/python3.12/site-packages/airflow/example_dags/example_latest_only.py took 0.249 seconds
[2025-11-20T22:22:33.471+0500] {processor.py:161} INFO - Started process (PID=2108) to work on /mnt/c/Users/Raj/OneDrive - Åbo Akademi O365/banking/venv/lib/python3.12/site-packages/airflow/example_dags/example_latest_only.py
[2025-11-20T22:22:33.473+0500] {processor.py:830} INFO - Processing file /mnt/c/Users/Raj/OneDrive - Åbo Akademi O365/banking/venv/lib/python3.12/site-packages/airflow/example_dags/example_latest_only.py for tasks to queue
[2025-11-20T22:22:33.477+0500] {logging_mixin.py:188} INFO - [2025-11-20T22:22:33.475+0500] {dagbag.py:545} INFO - Filling up the DagBag from /mnt/c/Users/Raj/OneDrive - Åbo Akademi O365/banking/venv/lib/python3.12/site-packages/airflow/example_dags/example_latest_only.py
[2025-11-20T22:22:33.508+0500] {processor.py:840} INFO - DAG(s) 'latest_only' retrieved from /mnt/c/Users/Raj/OneDrive - Åbo Akademi O365/banking/venv/lib/python3.12/site-packages/airflow/example_dags/example_latest_only.py
[2025-11-20T22:22:33.552+0500] {logging_mixin.py:188} INFO - [2025-11-20T22:22:33.551+0500] {dag.py:3096} INFO - Sync 1 DAGs
[2025-11-20T22:22:33.599+0500] {logging_mixin.py:188} INFO - [2025-11-20T22:22:33.597+0500] {dag.py:3954} INFO - Setting next_dagrun for latest_only to 2025-11-20 12:00:00+00:00, run_after=2025-11-20 16:00:00+00:00
[2025-11-20T22:22:33.697+0500] {processor.py:183} INFO - Processing /mnt/c/Users/Raj/OneDrive - Åbo Akademi O365/banking/venv/lib/python3.12/site-packages/airflow/example_dags/example_latest_only.py took 0.243 seconds
[2025-11-20T22:23:47.731+0500] {processor.py:161} INFO - Started process (PID=2166) to work on /mnt/c/Users/Raj/OneDrive - Åbo Akademi O365/banking/venv/lib/python3.12/site-packages/airflow/example_dags/example_latest_only.py
[2025-11-20T22:23:47.735+0500] {processor.py:830} INFO - Processing file /mnt/c/Users/Raj/OneDrive - Åbo Akademi O365/banking/venv/lib/python3.12/site-packages/airflow/example_dags/example_latest_only.py for tasks to queue
[2025-11-20T22:23:47.739+0500] {logging_mixin.py:188} INFO - [2025-11-20T22:23:47.737+0500] {dagbag.py:545} INFO - Filling up the DagBag from /mnt/c/Users/Raj/OneDrive - Åbo Akademi O365/banking/venv/lib/python3.12/site-packages/airflow/example_dags/example_latest_only.py
[2025-11-20T22:23:47.779+0500] {processor.py:840} INFO - DAG(s) 'latest_only' retrieved from /mnt/c/Users/Raj/OneDrive - Åbo Akademi O365/banking/venv/lib/python3.12/site-packages/airflow/example_dags/example_latest_only.py
[2025-11-20T22:23:47.830+0500] {logging_mixin.py:188} INFO - [2025-11-20T22:23:47.829+0500] {dag.py:3096} INFO - Sync 1 DAGs
[2025-11-20T22:23:47.871+0500] {logging_mixin.py:188} INFO - [2025-11-20T22:23:47.869+0500] {dag.py:3954} INFO - Setting next_dagrun for latest_only to 2025-11-20 12:00:00+00:00, run_after=2025-11-20 16:00:00+00:00
[2025-11-20T22:23:47.955+0500] {processor.py:183} INFO - Processing /mnt/c/Users/Raj/OneDrive - Åbo Akademi O365/banking/venv/lib/python3.12/site-packages/airflow/example_dags/example_latest_only.py took 0.247 seconds
[2025-11-20T22:25:18.715+0500] {processor.py:161} INFO - Started process (PID=2273) to work on /mnt/c/Users/Raj/OneDrive - Åbo Akademi O365/banking/venv/lib/python3.12/site-packages/airflow/example_dags/example_latest_only.py
[2025-11-20T22:25:18.718+0500] {processor.py:830} INFO - Processing file /mnt/c/Users/Raj/OneDrive - Åbo Akademi O365/banking/venv/lib/python3.12/site-packages/airflow/example_dags/example_latest_only.py for tasks to queue
[2025-11-20T22:25:18.723+0500] {logging_mixin.py:188} INFO - [2025-11-20T22:25:18.721+0500] {dagbag.py:545} INFO - Filling up the DagBag from /mnt/c/Users/Raj/OneDrive - Åbo Akademi O365/banking/venv/lib/python3.12/site-packages/airflow/example_dags/example_latest_only.py
[2025-11-20T22:25:18.760+0500] {processor.py:840} INFO - DAG(s) 'latest_only' retrieved from /mnt/c/Users/Raj/OneDrive - Åbo Akademi O365/banking/venv/lib/python3.12/site-packages/airflow/example_dags/example_latest_only.py
[2025-11-20T22:25:18.841+0500] {logging_mixin.py:188} INFO - [2025-11-20T22:25:18.836+0500] {dag.py:3096} INFO - Sync 1 DAGs
[2025-11-20T22:25:18.903+0500] {logging_mixin.py:188} INFO - [2025-11-20T22:25:18.901+0500] {dag.py:3954} INFO - Setting next_dagrun for latest_only to 2025-11-20 12:00:00+00:00, run_after=2025-11-20 16:00:00+00:00
[2025-11-20T22:25:19.025+0500] {processor.py:183} INFO - Processing /mnt/c/Users/Raj/OneDrive - Åbo Akademi O365/banking/venv/lib/python3.12/site-packages/airflow/example_dags/example_latest_only.py took 0.332 seconds
[2025-11-20T22:27:37.516+0500] {processor.py:161} INFO - Started process (PID=2344) to work on /mnt/c/Users/Raj/OneDrive - Åbo Akademi O365/banking/venv/lib/python3.12/site-packages/airflow/example_dags/example_latest_only.py
[2025-11-20T22:27:37.530+0500] {processor.py:830} INFO - Processing file /mnt/c/Users/Raj/OneDrive - Åbo Akademi O365/banking/venv/lib/python3.12/site-packages/airflow/example_dags/example_latest_only.py for tasks to queue
[2025-11-20T22:27:37.583+0500] {logging_mixin.py:188} INFO - [2025-11-20T22:27:37.571+0500] {dagbag.py:545} INFO - Filling up the DagBag from /mnt/c/Users/Raj/OneDrive - Åbo Akademi O365/banking/venv/lib/python3.12/site-packages/airflow/example_dags/example_latest_only.py
[2025-11-20T22:27:37.722+0500] {processor.py:840} INFO - DAG(s) 'latest_only' retrieved from /mnt/c/Users/Raj/OneDrive - Åbo Akademi O365/banking/venv/lib/python3.12/site-packages/airflow/example_dags/example_latest_only.py
[2025-11-20T22:27:37.824+0500] {logging_mixin.py:188} INFO - [2025-11-20T22:27:37.822+0500] {dag.py:3096} INFO - Sync 1 DAGs
[2025-11-20T22:27:38.441+0500] {logging_mixin.py:188} INFO - [2025-11-20T22:27:38.439+0500] {dag.py:3954} INFO - Setting next_dagrun for latest_only to 2025-11-20 12:00:00+00:00, run_after=2025-11-20 16:00:00+00:00
[2025-11-20T22:27:38.768+0500] {processor.py:183} INFO - Processing /mnt/c/Users/Raj/OneDrive - Åbo Akademi O365/banking/venv/lib/python3.12/site-packages/airflow/example_dags/example_latest_only.py took 1.454 seconds
[2025-11-20T22:30:06.019+0500] {processor.py:161} INFO - Started process (PID=2446) to work on /mnt/c/Users/Raj/OneDrive - Åbo Akademi O365/banking/venv/lib/python3.12/site-packages/airflow/example_dags/example_latest_only.py
[2025-11-20T22:30:06.023+0500] {processor.py:830} INFO - Processing file /mnt/c/Users/Raj/OneDrive - Åbo Akademi O365/banking/venv/lib/python3.12/site-packages/airflow/example_dags/example_latest_only.py for tasks to queue
[2025-11-20T22:30:06.035+0500] {logging_mixin.py:188} INFO - [2025-11-20T22:30:06.031+0500] {dagbag.py:545} INFO - Filling up the DagBag from /mnt/c/Users/Raj/OneDrive - Åbo Akademi O365/banking/venv/lib/python3.12/site-packages/airflow/example_dags/example_latest_only.py
[2025-11-20T22:30:06.123+0500] {processor.py:840} INFO - DAG(s) 'latest_only' retrieved from /mnt/c/Users/Raj/OneDrive - Åbo Akademi O365/banking/venv/lib/python3.12/site-packages/airflow/example_dags/example_latest_only.py
[2025-11-20T22:30:06.263+0500] {logging_mixin.py:188} INFO - [2025-11-20T22:30:06.255+0500] {dag.py:3096} INFO - Sync 1 DAGs
[2025-11-20T22:30:05.900+0500] {logging_mixin.py:188} INFO - [2025-11-20T22:30:05.897+0500] {dag.py:3954} INFO - Setting next_dagrun for latest_only to 2025-11-20 12:00:00+00:00, run_after=2025-11-20 16:00:00+00:00
[2025-11-20T22:30:06.274+0500] {processor.py:183} INFO - Processing /mnt/c/Users/Raj/OneDrive - Åbo Akademi O365/banking/venv/lib/python3.12/site-packages/airflow/example_dags/example_latest_only.py took 1.179 seconds
[2025-11-20T22:32:32.095+0500] {processor.py:161} INFO - Started process (PID=2533) to work on /mnt/c/Users/Raj/OneDrive - Åbo Akademi O365/banking/venv/lib/python3.12/site-packages/airflow/example_dags/example_latest_only.py
[2025-11-20T22:32:32.099+0500] {processor.py:830} INFO - Processing file /mnt/c/Users/Raj/OneDrive - Åbo Akademi O365/banking/venv/lib/python3.12/site-packages/airflow/example_dags/example_latest_only.py for tasks to queue
[2025-11-20T22:32:32.105+0500] {logging_mixin.py:188} INFO - [2025-11-20T22:32:32.102+0500] {dagbag.py:545} INFO - Filling up the DagBag from /mnt/c/Users/Raj/OneDrive - Åbo Akademi O365/banking/venv/lib/python3.12/site-packages/airflow/example_dags/example_latest_only.py
[2025-11-20T22:32:32.111+0500] {processor.py:842} WARNING - No viable dags retrieved from /mnt/c/Users/Raj/OneDrive - Åbo Akademi O365/banking/venv/lib/python3.12/site-packages/airflow/example_dags/example_latest_only.py
[2025-11-20T22:32:32.145+0500] {processor.py:183} INFO - Processing /mnt/c/Users/Raj/OneDrive - Åbo Akademi O365/banking/venv/lib/python3.12/site-packages/airflow/example_dags/example_latest_only.py took 0.093 seconds
