[2025-11-20T20:36:13.091+0500] {processor.py:161} INFO - Started process (PID=12058) to work on /mnt/c/Users/Raj/OneDrive - Åbo Akademi O365/banking/venv/lib/python3.12/site-packages/airflow/example_dags/example_local_kubernetes_executor.py
[2025-11-20T20:36:13.094+0500] {processor.py:830} INFO - Processing file /mnt/c/Users/Raj/OneDrive - Åbo Akademi O365/banking/venv/lib/python3.12/site-packages/airflow/example_dags/example_local_kubernetes_executor.py for tasks to queue
[2025-11-20T20:36:13.099+0500] {logging_mixin.py:188} INFO - [2025-11-20T20:36:13.097+0500] {dagbag.py:545} INFO - Filling up the DagBag from /mnt/c/Users/Raj/OneDrive - Åbo Akademi O365/banking/venv/lib/python3.12/site-packages/airflow/example_dags/example_local_kubernetes_executor.py
[2025-11-20T20:36:13.146+0500] {logging_mixin.py:188} INFO - [2025-11-20T20:36:13.138+0500] {example_local_kubernetes_executor.py:40} WARNING - Could not import DAGs in example_local_kubernetes_executor.py
Traceback (most recent call last):
  File "/mnt/c/Users/Raj/OneDrive - Åbo Akademi O365/banking/venv/lib/python3.12/site-packages/airflow/example_dags/example_local_kubernetes_executor.py", line 38, in <module>
    from kubernetes.client import models as k8s
ModuleNotFoundError: No module named 'kubernetes'
[2025-11-20T20:36:13.149+0500] {logging_mixin.py:188} INFO - [2025-11-20T20:36:13.147+0500] {example_local_kubernetes_executor.py:41} WARNING - Install Kubernetes dependencies with: pip install apache-airflow[cncf.kubernetes]
[2025-11-20T20:36:13.150+0500] {processor.py:842} WARNING - No viable dags retrieved from /mnt/c/Users/Raj/OneDrive - Åbo Akademi O365/banking/venv/lib/python3.12/site-packages/airflow/example_dags/example_local_kubernetes_executor.py
[2025-11-20T20:36:13.184+0500] {processor.py:183} INFO - Processing /mnt/c/Users/Raj/OneDrive - Åbo Akademi O365/banking/venv/lib/python3.12/site-packages/airflow/example_dags/example_local_kubernetes_executor.py took 0.110 seconds
[2025-11-20T20:37:57.319+0500] {processor.py:161} INFO - Started process (PID=12474) to work on /mnt/c/Users/Raj/OneDrive - Åbo Akademi O365/banking/venv/lib/python3.12/site-packages/airflow/example_dags/example_local_kubernetes_executor.py
[2025-11-20T20:37:57.321+0500] {processor.py:830} INFO - Processing file /mnt/c/Users/Raj/OneDrive - Åbo Akademi O365/banking/venv/lib/python3.12/site-packages/airflow/example_dags/example_local_kubernetes_executor.py for tasks to queue
[2025-11-20T20:37:57.326+0500] {logging_mixin.py:188} INFO - [2025-11-20T20:37:57.325+0500] {dagbag.py:545} INFO - Filling up the DagBag from /mnt/c/Users/Raj/OneDrive - Åbo Akademi O365/banking/venv/lib/python3.12/site-packages/airflow/example_dags/example_local_kubernetes_executor.py
[2025-11-20T20:37:57.364+0500] {logging_mixin.py:188} INFO - [2025-11-20T20:37:57.356+0500] {example_local_kubernetes_executor.py:40} WARNING - Could not import DAGs in example_local_kubernetes_executor.py
Traceback (most recent call last):
  File "/mnt/c/Users/Raj/OneDrive - Åbo Akademi O365/banking/venv/lib/python3.12/site-packages/airflow/example_dags/example_local_kubernetes_executor.py", line 38, in <module>
    from kubernetes.client import models as k8s
ModuleNotFoundError: No module named 'kubernetes'
[2025-11-20T20:37:57.367+0500] {logging_mixin.py:188} INFO - [2025-11-20T20:37:57.366+0500] {example_local_kubernetes_executor.py:41} WARNING - Install Kubernetes dependencies with: pip install apache-airflow[cncf.kubernetes]
[2025-11-20T20:37:57.369+0500] {processor.py:842} WARNING - No viable dags retrieved from /mnt/c/Users/Raj/OneDrive - Åbo Akademi O365/banking/venv/lib/python3.12/site-packages/airflow/example_dags/example_local_kubernetes_executor.py
[2025-11-20T20:37:57.401+0500] {processor.py:183} INFO - Processing /mnt/c/Users/Raj/OneDrive - Åbo Akademi O365/banking/venv/lib/python3.12/site-packages/airflow/example_dags/example_local_kubernetes_executor.py took 0.100 seconds
[2025-11-20T20:39:19.889+0500] {processor.py:161} INFO - Started process (PID=12775) to work on /mnt/c/Users/Raj/OneDrive - Åbo Akademi O365/banking/venv/lib/python3.12/site-packages/airflow/example_dags/example_local_kubernetes_executor.py
[2025-11-20T20:39:19.891+0500] {processor.py:830} INFO - Processing file /mnt/c/Users/Raj/OneDrive - Åbo Akademi O365/banking/venv/lib/python3.12/site-packages/airflow/example_dags/example_local_kubernetes_executor.py for tasks to queue
[2025-11-20T20:39:19.896+0500] {logging_mixin.py:188} INFO - [2025-11-20T20:39:19.894+0500] {dagbag.py:545} INFO - Filling up the DagBag from /mnt/c/Users/Raj/OneDrive - Åbo Akademi O365/banking/venv/lib/python3.12/site-packages/airflow/example_dags/example_local_kubernetes_executor.py
[2025-11-20T20:39:19.935+0500] {logging_mixin.py:188} INFO - [2025-11-20T20:39:19.926+0500] {example_local_kubernetes_executor.py:40} WARNING - Could not import DAGs in example_local_kubernetes_executor.py
Traceback (most recent call last):
  File "/mnt/c/Users/Raj/OneDrive - Åbo Akademi O365/banking/venv/lib/python3.12/site-packages/airflow/example_dags/example_local_kubernetes_executor.py", line 38, in <module>
    from kubernetes.client import models as k8s
ModuleNotFoundError: No module named 'kubernetes'
[2025-11-20T20:39:19.938+0500] {logging_mixin.py:188} INFO - [2025-11-20T20:39:19.937+0500] {example_local_kubernetes_executor.py:41} WARNING - Install Kubernetes dependencies with: pip install apache-airflow[cncf.kubernetes]
[2025-11-20T20:39:19.939+0500] {processor.py:842} WARNING - No viable dags retrieved from /mnt/c/Users/Raj/OneDrive - Åbo Akademi O365/banking/venv/lib/python3.12/site-packages/airflow/example_dags/example_local_kubernetes_executor.py
[2025-11-20T20:39:19.970+0500] {processor.py:183} INFO - Processing /mnt/c/Users/Raj/OneDrive - Åbo Akademi O365/banking/venv/lib/python3.12/site-packages/airflow/example_dags/example_local_kubernetes_executor.py took 0.100 seconds
[2025-11-20T20:40:37.565+0500] {processor.py:161} INFO - Started process (PID=13031) to work on /mnt/c/Users/Raj/OneDrive - Åbo Akademi O365/banking/venv/lib/python3.12/site-packages/airflow/example_dags/example_local_kubernetes_executor.py
[2025-11-20T20:40:37.568+0500] {processor.py:830} INFO - Processing file /mnt/c/Users/Raj/OneDrive - Åbo Akademi O365/banking/venv/lib/python3.12/site-packages/airflow/example_dags/example_local_kubernetes_executor.py for tasks to queue
[2025-11-20T20:40:37.573+0500] {logging_mixin.py:188} INFO - [2025-11-20T20:40:37.571+0500] {dagbag.py:545} INFO - Filling up the DagBag from /mnt/c/Users/Raj/OneDrive - Åbo Akademi O365/banking/venv/lib/python3.12/site-packages/airflow/example_dags/example_local_kubernetes_executor.py
[2025-11-20T20:40:37.613+0500] {logging_mixin.py:188} INFO - [2025-11-20T20:40:37.605+0500] {example_local_kubernetes_executor.py:40} WARNING - Could not import DAGs in example_local_kubernetes_executor.py
Traceback (most recent call last):
  File "/mnt/c/Users/Raj/OneDrive - Åbo Akademi O365/banking/venv/lib/python3.12/site-packages/airflow/example_dags/example_local_kubernetes_executor.py", line 38, in <module>
    from kubernetes.client import models as k8s
ModuleNotFoundError: No module named 'kubernetes'
[2025-11-20T20:40:37.616+0500] {logging_mixin.py:188} INFO - [2025-11-20T20:40:37.615+0500] {example_local_kubernetes_executor.py:41} WARNING - Install Kubernetes dependencies with: pip install apache-airflow[cncf.kubernetes]
[2025-11-20T20:40:37.618+0500] {processor.py:842} WARNING - No viable dags retrieved from /mnt/c/Users/Raj/OneDrive - Åbo Akademi O365/banking/venv/lib/python3.12/site-packages/airflow/example_dags/example_local_kubernetes_executor.py
[2025-11-20T20:40:37.660+0500] {processor.py:183} INFO - Processing /mnt/c/Users/Raj/OneDrive - Åbo Akademi O365/banking/venv/lib/python3.12/site-packages/airflow/example_dags/example_local_kubernetes_executor.py took 0.115 seconds
[2025-11-20T20:41:55.105+0500] {processor.py:161} INFO - Started process (PID=13298) to work on /mnt/c/Users/Raj/OneDrive - Åbo Akademi O365/banking/venv/lib/python3.12/site-packages/airflow/example_dags/example_local_kubernetes_executor.py
[2025-11-20T20:41:55.108+0500] {processor.py:830} INFO - Processing file /mnt/c/Users/Raj/OneDrive - Åbo Akademi O365/banking/venv/lib/python3.12/site-packages/airflow/example_dags/example_local_kubernetes_executor.py for tasks to queue
[2025-11-20T20:41:55.113+0500] {logging_mixin.py:188} INFO - [2025-11-20T20:41:55.111+0500] {dagbag.py:545} INFO - Filling up the DagBag from /mnt/c/Users/Raj/OneDrive - Åbo Akademi O365/banking/venv/lib/python3.12/site-packages/airflow/example_dags/example_local_kubernetes_executor.py
[2025-11-20T20:41:55.150+0500] {logging_mixin.py:188} INFO - [2025-11-20T20:41:55.140+0500] {example_local_kubernetes_executor.py:40} WARNING - Could not import DAGs in example_local_kubernetes_executor.py
Traceback (most recent call last):
  File "/mnt/c/Users/Raj/OneDrive - Åbo Akademi O365/banking/venv/lib/python3.12/site-packages/airflow/example_dags/example_local_kubernetes_executor.py", line 38, in <module>
    from kubernetes.client import models as k8s
ModuleNotFoundError: No module named 'kubernetes'
[2025-11-20T20:41:55.154+0500] {logging_mixin.py:188} INFO - [2025-11-20T20:41:55.152+0500] {example_local_kubernetes_executor.py:41} WARNING - Install Kubernetes dependencies with: pip install apache-airflow[cncf.kubernetes]
[2025-11-20T20:41:55.156+0500] {processor.py:842} WARNING - No viable dags retrieved from /mnt/c/Users/Raj/OneDrive - Åbo Akademi O365/banking/venv/lib/python3.12/site-packages/airflow/example_dags/example_local_kubernetes_executor.py
[2025-11-20T20:41:55.189+0500] {processor.py:183} INFO - Processing /mnt/c/Users/Raj/OneDrive - Åbo Akademi O365/banking/venv/lib/python3.12/site-packages/airflow/example_dags/example_local_kubernetes_executor.py took 0.104 seconds
[2025-11-20T20:43:13.538+0500] {processor.py:161} INFO - Started process (PID=13554) to work on /mnt/c/Users/Raj/OneDrive - Åbo Akademi O365/banking/venv/lib/python3.12/site-packages/airflow/example_dags/example_local_kubernetes_executor.py
[2025-11-20T20:43:13.541+0500] {processor.py:830} INFO - Processing file /mnt/c/Users/Raj/OneDrive - Åbo Akademi O365/banking/venv/lib/python3.12/site-packages/airflow/example_dags/example_local_kubernetes_executor.py for tasks to queue
[2025-11-20T20:43:13.548+0500] {logging_mixin.py:188} INFO - [2025-11-20T20:43:13.545+0500] {dagbag.py:545} INFO - Filling up the DagBag from /mnt/c/Users/Raj/OneDrive - Åbo Akademi O365/banking/venv/lib/python3.12/site-packages/airflow/example_dags/example_local_kubernetes_executor.py
[2025-11-20T20:43:13.597+0500] {logging_mixin.py:188} INFO - [2025-11-20T20:43:13.586+0500] {example_local_kubernetes_executor.py:40} WARNING - Could not import DAGs in example_local_kubernetes_executor.py
Traceback (most recent call last):
  File "/mnt/c/Users/Raj/OneDrive - Åbo Akademi O365/banking/venv/lib/python3.12/site-packages/airflow/example_dags/example_local_kubernetes_executor.py", line 38, in <module>
    from kubernetes.client import models as k8s
ModuleNotFoundError: No module named 'kubernetes'
[2025-11-20T20:43:13.600+0500] {logging_mixin.py:188} INFO - [2025-11-20T20:43:13.599+0500] {example_local_kubernetes_executor.py:41} WARNING - Install Kubernetes dependencies with: pip install apache-airflow[cncf.kubernetes]
[2025-11-20T20:43:13.602+0500] {processor.py:842} WARNING - No viable dags retrieved from /mnt/c/Users/Raj/OneDrive - Åbo Akademi O365/banking/venv/lib/python3.12/site-packages/airflow/example_dags/example_local_kubernetes_executor.py
[2025-11-20T20:43:13.635+0500] {processor.py:183} INFO - Processing /mnt/c/Users/Raj/OneDrive - Åbo Akademi O365/banking/venv/lib/python3.12/site-packages/airflow/example_dags/example_local_kubernetes_executor.py took 0.136 seconds
[2025-11-20T20:44:38.128+0500] {processor.py:161} INFO - Started process (PID=13863) to work on /mnt/c/Users/Raj/OneDrive - Åbo Akademi O365/banking/venv/lib/python3.12/site-packages/airflow/example_dags/example_local_kubernetes_executor.py
[2025-11-20T20:44:38.131+0500] {processor.py:830} INFO - Processing file /mnt/c/Users/Raj/OneDrive - Åbo Akademi O365/banking/venv/lib/python3.12/site-packages/airflow/example_dags/example_local_kubernetes_executor.py for tasks to queue
[2025-11-20T20:44:38.136+0500] {logging_mixin.py:188} INFO - [2025-11-20T20:44:38.134+0500] {dagbag.py:545} INFO - Filling up the DagBag from /mnt/c/Users/Raj/OneDrive - Åbo Akademi O365/banking/venv/lib/python3.12/site-packages/airflow/example_dags/example_local_kubernetes_executor.py
[2025-11-20T20:44:38.178+0500] {logging_mixin.py:188} INFO - [2025-11-20T20:44:38.169+0500] {example_local_kubernetes_executor.py:40} WARNING - Could not import DAGs in example_local_kubernetes_executor.py
Traceback (most recent call last):
  File "/mnt/c/Users/Raj/OneDrive - Åbo Akademi O365/banking/venv/lib/python3.12/site-packages/airflow/example_dags/example_local_kubernetes_executor.py", line 38, in <module>
    from kubernetes.client import models as k8s
ModuleNotFoundError: No module named 'kubernetes'
[2025-11-20T20:44:38.181+0500] {logging_mixin.py:188} INFO - [2025-11-20T20:44:38.180+0500] {example_local_kubernetes_executor.py:41} WARNING - Install Kubernetes dependencies with: pip install apache-airflow[cncf.kubernetes]
[2025-11-20T20:44:38.183+0500] {processor.py:842} WARNING - No viable dags retrieved from /mnt/c/Users/Raj/OneDrive - Åbo Akademi O365/banking/venv/lib/python3.12/site-packages/airflow/example_dags/example_local_kubernetes_executor.py
[2025-11-20T20:44:38.217+0500] {processor.py:183} INFO - Processing /mnt/c/Users/Raj/OneDrive - Åbo Akademi O365/banking/venv/lib/python3.12/site-packages/airflow/example_dags/example_local_kubernetes_executor.py took 0.109 seconds
[2025-11-20T20:45:58.663+0500] {processor.py:161} INFO - Started process (PID=14143) to work on /mnt/c/Users/Raj/OneDrive - Åbo Akademi O365/banking/venv/lib/python3.12/site-packages/airflow/example_dags/example_local_kubernetes_executor.py
[2025-11-20T20:45:58.667+0500] {processor.py:830} INFO - Processing file /mnt/c/Users/Raj/OneDrive - Åbo Akademi O365/banking/venv/lib/python3.12/site-packages/airflow/example_dags/example_local_kubernetes_executor.py for tasks to queue
[2025-11-20T20:45:58.672+0500] {logging_mixin.py:188} INFO - [2025-11-20T20:45:58.671+0500] {dagbag.py:545} INFO - Filling up the DagBag from /mnt/c/Users/Raj/OneDrive - Åbo Akademi O365/banking/venv/lib/python3.12/site-packages/airflow/example_dags/example_local_kubernetes_executor.py
[2025-11-20T20:45:58.715+0500] {logging_mixin.py:188} INFO - [2025-11-20T20:45:58.705+0500] {example_local_kubernetes_executor.py:40} WARNING - Could not import DAGs in example_local_kubernetes_executor.py
Traceback (most recent call last):
  File "/mnt/c/Users/Raj/OneDrive - Åbo Akademi O365/banking/venv/lib/python3.12/site-packages/airflow/example_dags/example_local_kubernetes_executor.py", line 38, in <module>
    from kubernetes.client import models as k8s
ModuleNotFoundError: No module named 'kubernetes'
[2025-11-20T20:45:58.719+0500] {logging_mixin.py:188} INFO - [2025-11-20T20:45:58.717+0500] {example_local_kubernetes_executor.py:41} WARNING - Install Kubernetes dependencies with: pip install apache-airflow[cncf.kubernetes]
[2025-11-20T20:45:58.721+0500] {processor.py:842} WARNING - No viable dags retrieved from /mnt/c/Users/Raj/OneDrive - Åbo Akademi O365/banking/venv/lib/python3.12/site-packages/airflow/example_dags/example_local_kubernetes_executor.py
[2025-11-20T20:45:58.761+0500] {processor.py:183} INFO - Processing /mnt/c/Users/Raj/OneDrive - Åbo Akademi O365/banking/venv/lib/python3.12/site-packages/airflow/example_dags/example_local_kubernetes_executor.py took 0.118 seconds
[2025-11-20T20:47:12.235+0500] {processor.py:161} INFO - Started process (PID=14560) to work on /mnt/c/Users/Raj/OneDrive - Åbo Akademi O365/banking/venv/lib/python3.12/site-packages/airflow/example_dags/example_local_kubernetes_executor.py
[2025-11-20T20:47:12.240+0500] {processor.py:830} INFO - Processing file /mnt/c/Users/Raj/OneDrive - Åbo Akademi O365/banking/venv/lib/python3.12/site-packages/airflow/example_dags/example_local_kubernetes_executor.py for tasks to queue
[2025-11-20T20:47:12.245+0500] {logging_mixin.py:188} INFO - [2025-11-20T20:47:12.243+0500] {dagbag.py:545} INFO - Filling up the DagBag from /mnt/c/Users/Raj/OneDrive - Åbo Akademi O365/banking/venv/lib/python3.12/site-packages/airflow/example_dags/example_local_kubernetes_executor.py
[2025-11-20T20:47:12.280+0500] {logging_mixin.py:188} INFO - [2025-11-20T20:47:12.273+0500] {example_local_kubernetes_executor.py:40} WARNING - Could not import DAGs in example_local_kubernetes_executor.py
Traceback (most recent call last):
  File "/mnt/c/Users/Raj/OneDrive - Åbo Akademi O365/banking/venv/lib/python3.12/site-packages/airflow/example_dags/example_local_kubernetes_executor.py", line 38, in <module>
    from kubernetes.client import models as k8s
ModuleNotFoundError: No module named 'kubernetes'
[2025-11-20T20:47:12.282+0500] {logging_mixin.py:188} INFO - [2025-11-20T20:47:12.281+0500] {example_local_kubernetes_executor.py:41} WARNING - Install Kubernetes dependencies with: pip install apache-airflow[cncf.kubernetes]
[2025-11-20T20:47:12.284+0500] {processor.py:842} WARNING - No viable dags retrieved from /mnt/c/Users/Raj/OneDrive - Åbo Akademi O365/banking/venv/lib/python3.12/site-packages/airflow/example_dags/example_local_kubernetes_executor.py
[2025-11-20T20:47:12.321+0500] {processor.py:183} INFO - Processing /mnt/c/Users/Raj/OneDrive - Åbo Akademi O365/banking/venv/lib/python3.12/site-packages/airflow/example_dags/example_local_kubernetes_executor.py took 0.105 seconds
[2025-11-20T20:48:30.879+0500] {processor.py:161} INFO - Started process (PID=14841) to work on /mnt/c/Users/Raj/OneDrive - Åbo Akademi O365/banking/venv/lib/python3.12/site-packages/airflow/example_dags/example_local_kubernetes_executor.py
[2025-11-20T20:48:30.887+0500] {processor.py:830} INFO - Processing file /mnt/c/Users/Raj/OneDrive - Åbo Akademi O365/banking/venv/lib/python3.12/site-packages/airflow/example_dags/example_local_kubernetes_executor.py for tasks to queue
[2025-11-20T20:48:30.912+0500] {logging_mixin.py:188} INFO - [2025-11-20T20:48:30.902+0500] {dagbag.py:545} INFO - Filling up the DagBag from /mnt/c/Users/Raj/OneDrive - Åbo Akademi O365/banking/venv/lib/python3.12/site-packages/airflow/example_dags/example_local_kubernetes_executor.py
[2025-11-20T20:48:30.978+0500] {logging_mixin.py:188} INFO - [2025-11-20T20:48:30.967+0500] {example_local_kubernetes_executor.py:40} WARNING - Could not import DAGs in example_local_kubernetes_executor.py
Traceback (most recent call last):
  File "/mnt/c/Users/Raj/OneDrive - Åbo Akademi O365/banking/venv/lib/python3.12/site-packages/airflow/example_dags/example_local_kubernetes_executor.py", line 38, in <module>
    from kubernetes.client import models as k8s
ModuleNotFoundError: No module named 'kubernetes'
[2025-11-20T20:48:30.983+0500] {logging_mixin.py:188} INFO - [2025-11-20T20:48:30.981+0500] {example_local_kubernetes_executor.py:41} WARNING - Install Kubernetes dependencies with: pip install apache-airflow[cncf.kubernetes]
[2025-11-20T20:48:30.985+0500] {processor.py:842} WARNING - No viable dags retrieved from /mnt/c/Users/Raj/OneDrive - Åbo Akademi O365/banking/venv/lib/python3.12/site-packages/airflow/example_dags/example_local_kubernetes_executor.py
[2025-11-20T20:48:31.029+0500] {processor.py:183} INFO - Processing /mnt/c/Users/Raj/OneDrive - Åbo Akademi O365/banking/venv/lib/python3.12/site-packages/airflow/example_dags/example_local_kubernetes_executor.py took 0.173 seconds
[2025-11-20T21:56:32.534+0500] {processor.py:161} INFO - Started process (PID=889) to work on /mnt/c/Users/Raj/OneDrive - Åbo Akademi O365/banking/venv/lib/python3.12/site-packages/airflow/example_dags/example_local_kubernetes_executor.py
[2025-11-20T21:56:32.537+0500] {processor.py:830} INFO - Processing file /mnt/c/Users/Raj/OneDrive - Åbo Akademi O365/banking/venv/lib/python3.12/site-packages/airflow/example_dags/example_local_kubernetes_executor.py for tasks to queue
[2025-11-20T21:56:32.542+0500] {logging_mixin.py:188} INFO - [2025-11-20T21:56:32.540+0500] {dagbag.py:545} INFO - Filling up the DagBag from /mnt/c/Users/Raj/OneDrive - Åbo Akademi O365/banking/venv/lib/python3.12/site-packages/airflow/example_dags/example_local_kubernetes_executor.py
[2025-11-20T21:56:32.585+0500] {logging_mixin.py:188} INFO - [2025-11-20T21:56:32.576+0500] {example_local_kubernetes_executor.py:40} WARNING - Could not import DAGs in example_local_kubernetes_executor.py
Traceback (most recent call last):
  File "/mnt/c/Users/Raj/OneDrive - Åbo Akademi O365/banking/venv/lib/python3.12/site-packages/airflow/example_dags/example_local_kubernetes_executor.py", line 38, in <module>
    from kubernetes.client import models as k8s
ModuleNotFoundError: No module named 'kubernetes'
[2025-11-20T21:56:32.588+0500] {logging_mixin.py:188} INFO - [2025-11-20T21:56:32.587+0500] {example_local_kubernetes_executor.py:41} WARNING - Install Kubernetes dependencies with: pip install apache-airflow[cncf.kubernetes]
[2025-11-20T21:56:32.590+0500] {processor.py:842} WARNING - No viable dags retrieved from /mnt/c/Users/Raj/OneDrive - Åbo Akademi O365/banking/venv/lib/python3.12/site-packages/airflow/example_dags/example_local_kubernetes_executor.py
[2025-11-20T21:56:32.626+0500] {processor.py:183} INFO - Processing /mnt/c/Users/Raj/OneDrive - Åbo Akademi O365/banking/venv/lib/python3.12/site-packages/airflow/example_dags/example_local_kubernetes_executor.py took 0.109 seconds
[2025-11-20T21:58:10.838+0500] {processor.py:161} INFO - Started process (PID=970) to work on /mnt/c/Users/Raj/OneDrive - Åbo Akademi O365/banking/venv/lib/python3.12/site-packages/airflow/example_dags/example_local_kubernetes_executor.py
[2025-11-20T21:58:10.841+0500] {processor.py:830} INFO - Processing file /mnt/c/Users/Raj/OneDrive - Åbo Akademi O365/banking/venv/lib/python3.12/site-packages/airflow/example_dags/example_local_kubernetes_executor.py for tasks to queue
[2025-11-20T21:58:10.846+0500] {logging_mixin.py:188} INFO - [2025-11-20T21:58:10.844+0500] {dagbag.py:545} INFO - Filling up the DagBag from /mnt/c/Users/Raj/OneDrive - Åbo Akademi O365/banking/venv/lib/python3.12/site-packages/airflow/example_dags/example_local_kubernetes_executor.py
[2025-11-20T21:58:10.891+0500] {logging_mixin.py:188} INFO - [2025-11-20T21:58:10.882+0500] {example_local_kubernetes_executor.py:40} WARNING - Could not import DAGs in example_local_kubernetes_executor.py
Traceback (most recent call last):
  File "/mnt/c/Users/Raj/OneDrive - Åbo Akademi O365/banking/venv/lib/python3.12/site-packages/airflow/example_dags/example_local_kubernetes_executor.py", line 38, in <module>
    from kubernetes.client import models as k8s
ModuleNotFoundError: No module named 'kubernetes'
[2025-11-20T21:58:10.895+0500] {logging_mixin.py:188} INFO - [2025-11-20T21:58:10.893+0500] {example_local_kubernetes_executor.py:41} WARNING - Install Kubernetes dependencies with: pip install apache-airflow[cncf.kubernetes]
[2025-11-20T21:58:10.897+0500] {processor.py:842} WARNING - No viable dags retrieved from /mnt/c/Users/Raj/OneDrive - Åbo Akademi O365/banking/venv/lib/python3.12/site-packages/airflow/example_dags/example_local_kubernetes_executor.py
[2025-11-20T21:58:10.966+0500] {processor.py:183} INFO - Processing /mnt/c/Users/Raj/OneDrive - Åbo Akademi O365/banking/venv/lib/python3.12/site-packages/airflow/example_dags/example_local_kubernetes_executor.py took 0.151 seconds
[2025-11-20T21:59:33.754+0500] {processor.py:161} INFO - Started process (PID=1070) to work on /mnt/c/Users/Raj/OneDrive - Åbo Akademi O365/banking/venv/lib/python3.12/site-packages/airflow/example_dags/example_local_kubernetes_executor.py
[2025-11-20T21:59:33.757+0500] {processor.py:830} INFO - Processing file /mnt/c/Users/Raj/OneDrive - Åbo Akademi O365/banking/venv/lib/python3.12/site-packages/airflow/example_dags/example_local_kubernetes_executor.py for tasks to queue
[2025-11-20T21:59:33.763+0500] {logging_mixin.py:188} INFO - [2025-11-20T21:59:33.761+0500] {dagbag.py:545} INFO - Filling up the DagBag from /mnt/c/Users/Raj/OneDrive - Åbo Akademi O365/banking/venv/lib/python3.12/site-packages/airflow/example_dags/example_local_kubernetes_executor.py
[2025-11-20T21:59:33.804+0500] {logging_mixin.py:188} INFO - [2025-11-20T21:59:33.796+0500] {example_local_kubernetes_executor.py:40} WARNING - Could not import DAGs in example_local_kubernetes_executor.py
Traceback (most recent call last):
  File "/mnt/c/Users/Raj/OneDrive - Åbo Akademi O365/banking/venv/lib/python3.12/site-packages/airflow/example_dags/example_local_kubernetes_executor.py", line 38, in <module>
    from kubernetes.client import models as k8s
ModuleNotFoundError: No module named 'kubernetes'
[2025-11-20T21:59:33.808+0500] {logging_mixin.py:188} INFO - [2025-11-20T21:59:33.806+0500] {example_local_kubernetes_executor.py:41} WARNING - Install Kubernetes dependencies with: pip install apache-airflow[cncf.kubernetes]
[2025-11-20T21:59:33.809+0500] {processor.py:842} WARNING - No viable dags retrieved from /mnt/c/Users/Raj/OneDrive - Åbo Akademi O365/banking/venv/lib/python3.12/site-packages/airflow/example_dags/example_local_kubernetes_executor.py
[2025-11-20T21:59:33.845+0500] {processor.py:183} INFO - Processing /mnt/c/Users/Raj/OneDrive - Åbo Akademi O365/banking/venv/lib/python3.12/site-packages/airflow/example_dags/example_local_kubernetes_executor.py took 0.119 seconds
[2025-11-20T22:00:49.352+0500] {processor.py:161} INFO - Started process (PID=1127) to work on /mnt/c/Users/Raj/OneDrive - Åbo Akademi O365/banking/venv/lib/python3.12/site-packages/airflow/example_dags/example_local_kubernetes_executor.py
[2025-11-20T22:00:49.354+0500] {processor.py:830} INFO - Processing file /mnt/c/Users/Raj/OneDrive - Åbo Akademi O365/banking/venv/lib/python3.12/site-packages/airflow/example_dags/example_local_kubernetes_executor.py for tasks to queue
[2025-11-20T22:00:49.363+0500] {logging_mixin.py:188} INFO - [2025-11-20T22:00:49.361+0500] {dagbag.py:545} INFO - Filling up the DagBag from /mnt/c/Users/Raj/OneDrive - Åbo Akademi O365/banking/venv/lib/python3.12/site-packages/airflow/example_dags/example_local_kubernetes_executor.py
[2025-11-20T22:00:49.418+0500] {logging_mixin.py:188} INFO - [2025-11-20T22:00:49.405+0500] {example_local_kubernetes_executor.py:40} WARNING - Could not import DAGs in example_local_kubernetes_executor.py
Traceback (most recent call last):
  File "/mnt/c/Users/Raj/OneDrive - Åbo Akademi O365/banking/venv/lib/python3.12/site-packages/airflow/example_dags/example_local_kubernetes_executor.py", line 38, in <module>
    from kubernetes.client import models as k8s
ModuleNotFoundError: No module named 'kubernetes'
[2025-11-20T22:00:49.421+0500] {logging_mixin.py:188} INFO - [2025-11-20T22:00:49.419+0500] {example_local_kubernetes_executor.py:41} WARNING - Install Kubernetes dependencies with: pip install apache-airflow[cncf.kubernetes]
[2025-11-20T22:00:49.423+0500] {processor.py:842} WARNING - No viable dags retrieved from /mnt/c/Users/Raj/OneDrive - Åbo Akademi O365/banking/venv/lib/python3.12/site-packages/airflow/example_dags/example_local_kubernetes_executor.py
[2025-11-20T22:00:49.467+0500] {processor.py:183} INFO - Processing /mnt/c/Users/Raj/OneDrive - Åbo Akademi O365/banking/venv/lib/python3.12/site-packages/airflow/example_dags/example_local_kubernetes_executor.py took 0.138 seconds
[2025-11-20T22:02:18.520+0500] {processor.py:161} INFO - Started process (PID=1188) to work on /mnt/c/Users/Raj/OneDrive - Åbo Akademi O365/banking/venv/lib/python3.12/site-packages/airflow/example_dags/example_local_kubernetes_executor.py
[2025-11-20T22:02:18.524+0500] {processor.py:830} INFO - Processing file /mnt/c/Users/Raj/OneDrive - Åbo Akademi O365/banking/venv/lib/python3.12/site-packages/airflow/example_dags/example_local_kubernetes_executor.py for tasks to queue
[2025-11-20T22:02:18.529+0500] {logging_mixin.py:188} INFO - [2025-11-20T22:02:18.527+0500] {dagbag.py:545} INFO - Filling up the DagBag from /mnt/c/Users/Raj/OneDrive - Åbo Akademi O365/banking/venv/lib/python3.12/site-packages/airflow/example_dags/example_local_kubernetes_executor.py
[2025-11-20T22:02:18.580+0500] {logging_mixin.py:188} INFO - [2025-11-20T22:02:18.569+0500] {example_local_kubernetes_executor.py:40} WARNING - Could not import DAGs in example_local_kubernetes_executor.py
Traceback (most recent call last):
  File "/mnt/c/Users/Raj/OneDrive - Åbo Akademi O365/banking/venv/lib/python3.12/site-packages/airflow/example_dags/example_local_kubernetes_executor.py", line 38, in <module>
    from kubernetes.client import models as k8s
ModuleNotFoundError: No module named 'kubernetes'
[2025-11-20T22:02:18.584+0500] {logging_mixin.py:188} INFO - [2025-11-20T22:02:18.582+0500] {example_local_kubernetes_executor.py:41} WARNING - Install Kubernetes dependencies with: pip install apache-airflow[cncf.kubernetes]
[2025-11-20T22:02:18.586+0500] {processor.py:842} WARNING - No viable dags retrieved from /mnt/c/Users/Raj/OneDrive - Åbo Akademi O365/banking/venv/lib/python3.12/site-packages/airflow/example_dags/example_local_kubernetes_executor.py
[2025-11-20T22:02:18.626+0500] {processor.py:183} INFO - Processing /mnt/c/Users/Raj/OneDrive - Åbo Akademi O365/banking/venv/lib/python3.12/site-packages/airflow/example_dags/example_local_kubernetes_executor.py took 0.125 seconds
[2025-11-20T22:03:47.064+0500] {processor.py:161} INFO - Started process (PID=1261) to work on /mnt/c/Users/Raj/OneDrive - Åbo Akademi O365/banking/venv/lib/python3.12/site-packages/airflow/example_dags/example_local_kubernetes_executor.py
[2025-11-20T22:03:47.067+0500] {processor.py:830} INFO - Processing file /mnt/c/Users/Raj/OneDrive - Åbo Akademi O365/banking/venv/lib/python3.12/site-packages/airflow/example_dags/example_local_kubernetes_executor.py for tasks to queue
[2025-11-20T22:03:47.075+0500] {logging_mixin.py:188} INFO - [2025-11-20T22:03:47.072+0500] {dagbag.py:545} INFO - Filling up the DagBag from /mnt/c/Users/Raj/OneDrive - Åbo Akademi O365/banking/venv/lib/python3.12/site-packages/airflow/example_dags/example_local_kubernetes_executor.py
[2025-11-20T22:03:47.130+0500] {logging_mixin.py:188} INFO - [2025-11-20T22:03:47.119+0500] {example_local_kubernetes_executor.py:40} WARNING - Could not import DAGs in example_local_kubernetes_executor.py
Traceback (most recent call last):
  File "/mnt/c/Users/Raj/OneDrive - Åbo Akademi O365/banking/venv/lib/python3.12/site-packages/airflow/example_dags/example_local_kubernetes_executor.py", line 38, in <module>
    from kubernetes.client import models as k8s
ModuleNotFoundError: No module named 'kubernetes'
[2025-11-20T22:03:47.133+0500] {logging_mixin.py:188} INFO - [2025-11-20T22:03:47.132+0500] {example_local_kubernetes_executor.py:41} WARNING - Install Kubernetes dependencies with: pip install apache-airflow[cncf.kubernetes]
[2025-11-20T22:03:47.134+0500] {processor.py:842} WARNING - No viable dags retrieved from /mnt/c/Users/Raj/OneDrive - Åbo Akademi O365/banking/venv/lib/python3.12/site-packages/airflow/example_dags/example_local_kubernetes_executor.py
[2025-11-20T22:03:47.174+0500] {processor.py:183} INFO - Processing /mnt/c/Users/Raj/OneDrive - Åbo Akademi O365/banking/venv/lib/python3.12/site-packages/airflow/example_dags/example_local_kubernetes_executor.py took 0.137 seconds
[2025-11-20T22:05:08.970+0500] {processor.py:161} INFO - Started process (PID=1322) to work on /mnt/c/Users/Raj/OneDrive - Åbo Akademi O365/banking/venv/lib/python3.12/site-packages/airflow/example_dags/example_local_kubernetes_executor.py
[2025-11-20T22:05:08.973+0500] {processor.py:830} INFO - Processing file /mnt/c/Users/Raj/OneDrive - Åbo Akademi O365/banking/venv/lib/python3.12/site-packages/airflow/example_dags/example_local_kubernetes_executor.py for tasks to queue
[2025-11-20T22:05:08.977+0500] {logging_mixin.py:188} INFO - [2025-11-20T22:05:08.975+0500] {dagbag.py:545} INFO - Filling up the DagBag from /mnt/c/Users/Raj/OneDrive - Åbo Akademi O365/banking/venv/lib/python3.12/site-packages/airflow/example_dags/example_local_kubernetes_executor.py
[2025-11-20T22:05:09.020+0500] {logging_mixin.py:188} INFO - [2025-11-20T22:05:09.011+0500] {example_local_kubernetes_executor.py:40} WARNING - Could not import DAGs in example_local_kubernetes_executor.py
Traceback (most recent call last):
  File "/mnt/c/Users/Raj/OneDrive - Åbo Akademi O365/banking/venv/lib/python3.12/site-packages/airflow/example_dags/example_local_kubernetes_executor.py", line 38, in <module>
    from kubernetes.client import models as k8s
ModuleNotFoundError: No module named 'kubernetes'
[2025-11-20T22:05:09.024+0500] {logging_mixin.py:188} INFO - [2025-11-20T22:05:09.022+0500] {example_local_kubernetes_executor.py:41} WARNING - Install Kubernetes dependencies with: pip install apache-airflow[cncf.kubernetes]
[2025-11-20T22:05:09.026+0500] {processor.py:842} WARNING - No viable dags retrieved from /mnt/c/Users/Raj/OneDrive - Åbo Akademi O365/banking/venv/lib/python3.12/site-packages/airflow/example_dags/example_local_kubernetes_executor.py
[2025-11-20T22:05:09.057+0500] {processor.py:183} INFO - Processing /mnt/c/Users/Raj/OneDrive - Åbo Akademi O365/banking/venv/lib/python3.12/site-packages/airflow/example_dags/example_local_kubernetes_executor.py took 0.108 seconds
[2025-11-20T22:06:34.347+0500] {processor.py:161} INFO - Started process (PID=1390) to work on /mnt/c/Users/Raj/OneDrive - Åbo Akademi O365/banking/venv/lib/python3.12/site-packages/airflow/example_dags/example_local_kubernetes_executor.py
[2025-11-20T22:06:34.351+0500] {processor.py:830} INFO - Processing file /mnt/c/Users/Raj/OneDrive - Åbo Akademi O365/banking/venv/lib/python3.12/site-packages/airflow/example_dags/example_local_kubernetes_executor.py for tasks to queue
[2025-11-20T22:06:34.356+0500] {logging_mixin.py:188} INFO - [2025-11-20T22:06:34.352+0500] {dagbag.py:545} INFO - Filling up the DagBag from /mnt/c/Users/Raj/OneDrive - Åbo Akademi O365/banking/venv/lib/python3.12/site-packages/airflow/example_dags/example_local_kubernetes_executor.py
[2025-11-20T22:06:34.399+0500] {logging_mixin.py:188} INFO - [2025-11-20T22:06:34.390+0500] {example_local_kubernetes_executor.py:40} WARNING - Could not import DAGs in example_local_kubernetes_executor.py
Traceback (most recent call last):
  File "/mnt/c/Users/Raj/OneDrive - Åbo Akademi O365/banking/venv/lib/python3.12/site-packages/airflow/example_dags/example_local_kubernetes_executor.py", line 38, in <module>
    from kubernetes.client import models as k8s
ModuleNotFoundError: No module named 'kubernetes'
[2025-11-20T22:06:34.402+0500] {logging_mixin.py:188} INFO - [2025-11-20T22:06:34.400+0500] {example_local_kubernetes_executor.py:41} WARNING - Install Kubernetes dependencies with: pip install apache-airflow[cncf.kubernetes]
[2025-11-20T22:06:34.404+0500] {processor.py:842} WARNING - No viable dags retrieved from /mnt/c/Users/Raj/OneDrive - Åbo Akademi O365/banking/venv/lib/python3.12/site-packages/airflow/example_dags/example_local_kubernetes_executor.py
[2025-11-20T22:06:34.437+0500] {processor.py:183} INFO - Processing /mnt/c/Users/Raj/OneDrive - Åbo Akademi O365/banking/venv/lib/python3.12/site-packages/airflow/example_dags/example_local_kubernetes_executor.py took 0.110 seconds
[2025-11-20T22:08:03.340+0500] {processor.py:161} INFO - Started process (PID=1453) to work on /mnt/c/Users/Raj/OneDrive - Åbo Akademi O365/banking/venv/lib/python3.12/site-packages/airflow/example_dags/example_local_kubernetes_executor.py
[2025-11-20T22:08:03.343+0500] {processor.py:830} INFO - Processing file /mnt/c/Users/Raj/OneDrive - Åbo Akademi O365/banking/venv/lib/python3.12/site-packages/airflow/example_dags/example_local_kubernetes_executor.py for tasks to queue
[2025-11-20T22:08:03.347+0500] {logging_mixin.py:188} INFO - [2025-11-20T22:08:03.345+0500] {dagbag.py:545} INFO - Filling up the DagBag from /mnt/c/Users/Raj/OneDrive - Åbo Akademi O365/banking/venv/lib/python3.12/site-packages/airflow/example_dags/example_local_kubernetes_executor.py
[2025-11-20T22:08:03.388+0500] {logging_mixin.py:188} INFO - [2025-11-20T22:08:03.379+0500] {example_local_kubernetes_executor.py:40} WARNING - Could not import DAGs in example_local_kubernetes_executor.py
Traceback (most recent call last):
  File "/mnt/c/Users/Raj/OneDrive - Åbo Akademi O365/banking/venv/lib/python3.12/site-packages/airflow/example_dags/example_local_kubernetes_executor.py", line 38, in <module>
    from kubernetes.client import models as k8s
ModuleNotFoundError: No module named 'kubernetes'
[2025-11-20T22:08:03.392+0500] {logging_mixin.py:188} INFO - [2025-11-20T22:08:03.390+0500] {example_local_kubernetes_executor.py:41} WARNING - Install Kubernetes dependencies with: pip install apache-airflow[cncf.kubernetes]
[2025-11-20T22:08:03.393+0500] {processor.py:842} WARNING - No viable dags retrieved from /mnt/c/Users/Raj/OneDrive - Åbo Akademi O365/banking/venv/lib/python3.12/site-packages/airflow/example_dags/example_local_kubernetes_executor.py
[2025-11-20T22:08:03.426+0500] {processor.py:183} INFO - Processing /mnt/c/Users/Raj/OneDrive - Åbo Akademi O365/banking/venv/lib/python3.12/site-packages/airflow/example_dags/example_local_kubernetes_executor.py took 0.106 seconds
[2025-11-20T22:09:32.518+0500] {processor.py:161} INFO - Started process (PID=1519) to work on /mnt/c/Users/Raj/OneDrive - Åbo Akademi O365/banking/venv/lib/python3.12/site-packages/airflow/example_dags/example_local_kubernetes_executor.py
[2025-11-20T22:09:32.521+0500] {processor.py:830} INFO - Processing file /mnt/c/Users/Raj/OneDrive - Åbo Akademi O365/banking/venv/lib/python3.12/site-packages/airflow/example_dags/example_local_kubernetes_executor.py for tasks to queue
[2025-11-20T22:09:32.526+0500] {logging_mixin.py:188} INFO - [2025-11-20T22:09:32.523+0500] {dagbag.py:545} INFO - Filling up the DagBag from /mnt/c/Users/Raj/OneDrive - Åbo Akademi O365/banking/venv/lib/python3.12/site-packages/airflow/example_dags/example_local_kubernetes_executor.py
[2025-11-20T22:09:32.573+0500] {logging_mixin.py:188} INFO - [2025-11-20T22:09:32.564+0500] {example_local_kubernetes_executor.py:40} WARNING - Could not import DAGs in example_local_kubernetes_executor.py
Traceback (most recent call last):
  File "/mnt/c/Users/Raj/OneDrive - Åbo Akademi O365/banking/venv/lib/python3.12/site-packages/airflow/example_dags/example_local_kubernetes_executor.py", line 38, in <module>
    from kubernetes.client import models as k8s
ModuleNotFoundError: No module named 'kubernetes'
[2025-11-20T22:09:32.577+0500] {logging_mixin.py:188} INFO - [2025-11-20T22:09:32.575+0500] {example_local_kubernetes_executor.py:41} WARNING - Install Kubernetes dependencies with: pip install apache-airflow[cncf.kubernetes]
[2025-11-20T22:09:32.579+0500] {processor.py:842} WARNING - No viable dags retrieved from /mnt/c/Users/Raj/OneDrive - Åbo Akademi O365/banking/venv/lib/python3.12/site-packages/airflow/example_dags/example_local_kubernetes_executor.py
[2025-11-20T22:09:32.611+0500] {processor.py:183} INFO - Processing /mnt/c/Users/Raj/OneDrive - Åbo Akademi O365/banking/venv/lib/python3.12/site-packages/airflow/example_dags/example_local_kubernetes_executor.py took 0.113 seconds
[2025-11-20T22:11:06.143+0500] {processor.py:161} INFO - Started process (PID=1587) to work on /mnt/c/Users/Raj/OneDrive - Åbo Akademi O365/banking/venv/lib/python3.12/site-packages/airflow/example_dags/example_local_kubernetes_executor.py
[2025-11-20T22:11:06.146+0500] {processor.py:830} INFO - Processing file /mnt/c/Users/Raj/OneDrive - Åbo Akademi O365/banking/venv/lib/python3.12/site-packages/airflow/example_dags/example_local_kubernetes_executor.py for tasks to queue
[2025-11-20T22:11:06.149+0500] {logging_mixin.py:188} INFO - [2025-11-20T22:11:06.147+0500] {dagbag.py:545} INFO - Filling up the DagBag from /mnt/c/Users/Raj/OneDrive - Åbo Akademi O365/banking/venv/lib/python3.12/site-packages/airflow/example_dags/example_local_kubernetes_executor.py
[2025-11-20T22:11:06.188+0500] {logging_mixin.py:188} INFO - [2025-11-20T22:11:06.180+0500] {example_local_kubernetes_executor.py:40} WARNING - Could not import DAGs in example_local_kubernetes_executor.py
Traceback (most recent call last):
  File "/mnt/c/Users/Raj/OneDrive - Åbo Akademi O365/banking/venv/lib/python3.12/site-packages/airflow/example_dags/example_local_kubernetes_executor.py", line 38, in <module>
    from kubernetes.client import models as k8s
ModuleNotFoundError: No module named 'kubernetes'
[2025-11-20T22:11:06.191+0500] {logging_mixin.py:188} INFO - [2025-11-20T22:11:06.190+0500] {example_local_kubernetes_executor.py:41} WARNING - Install Kubernetes dependencies with: pip install apache-airflow[cncf.kubernetes]
[2025-11-20T22:11:06.193+0500] {processor.py:842} WARNING - No viable dags retrieved from /mnt/c/Users/Raj/OneDrive - Åbo Akademi O365/banking/venv/lib/python3.12/site-packages/airflow/example_dags/example_local_kubernetes_executor.py
[2025-11-20T22:11:06.224+0500] {processor.py:183} INFO - Processing /mnt/c/Users/Raj/OneDrive - Åbo Akademi O365/banking/venv/lib/python3.12/site-packages/airflow/example_dags/example_local_kubernetes_executor.py took 0.103 seconds
[2025-11-20T22:12:27.348+0500] {processor.py:161} INFO - Started process (PID=1654) to work on /mnt/c/Users/Raj/OneDrive - Åbo Akademi O365/banking/venv/lib/python3.12/site-packages/airflow/example_dags/example_local_kubernetes_executor.py
[2025-11-20T22:12:27.350+0500] {processor.py:830} INFO - Processing file /mnt/c/Users/Raj/OneDrive - Åbo Akademi O365/banking/venv/lib/python3.12/site-packages/airflow/example_dags/example_local_kubernetes_executor.py for tasks to queue
[2025-11-20T22:12:27.354+0500] {logging_mixin.py:188} INFO - [2025-11-20T22:12:27.353+0500] {dagbag.py:545} INFO - Filling up the DagBag from /mnt/c/Users/Raj/OneDrive - Åbo Akademi O365/banking/venv/lib/python3.12/site-packages/airflow/example_dags/example_local_kubernetes_executor.py
[2025-11-20T22:12:27.396+0500] {logging_mixin.py:188} INFO - [2025-11-20T22:12:27.388+0500] {example_local_kubernetes_executor.py:40} WARNING - Could not import DAGs in example_local_kubernetes_executor.py
Traceback (most recent call last):
  File "/mnt/c/Users/Raj/OneDrive - Åbo Akademi O365/banking/venv/lib/python3.12/site-packages/airflow/example_dags/example_local_kubernetes_executor.py", line 38, in <module>
    from kubernetes.client import models as k8s
ModuleNotFoundError: No module named 'kubernetes'
[2025-11-20T22:12:27.399+0500] {logging_mixin.py:188} INFO - [2025-11-20T22:12:27.398+0500] {example_local_kubernetes_executor.py:41} WARNING - Install Kubernetes dependencies with: pip install apache-airflow[cncf.kubernetes]
[2025-11-20T22:12:27.401+0500] {processor.py:842} WARNING - No viable dags retrieved from /mnt/c/Users/Raj/OneDrive - Åbo Akademi O365/banking/venv/lib/python3.12/site-packages/airflow/example_dags/example_local_kubernetes_executor.py
[2025-11-20T22:12:27.435+0500] {processor.py:183} INFO - Processing /mnt/c/Users/Raj/OneDrive - Åbo Akademi O365/banking/venv/lib/python3.12/site-packages/airflow/example_dags/example_local_kubernetes_executor.py took 0.107 seconds
[2025-11-20T22:13:52.719+0500] {processor.py:161} INFO - Started process (PID=1718) to work on /mnt/c/Users/Raj/OneDrive - Åbo Akademi O365/banking/venv/lib/python3.12/site-packages/airflow/example_dags/example_local_kubernetes_executor.py
[2025-11-20T22:13:52.722+0500] {processor.py:830} INFO - Processing file /mnt/c/Users/Raj/OneDrive - Åbo Akademi O365/banking/venv/lib/python3.12/site-packages/airflow/example_dags/example_local_kubernetes_executor.py for tasks to queue
[2025-11-20T22:13:52.725+0500] {logging_mixin.py:188} INFO - [2025-11-20T22:13:52.723+0500] {dagbag.py:545} INFO - Filling up the DagBag from /mnt/c/Users/Raj/OneDrive - Åbo Akademi O365/banking/venv/lib/python3.12/site-packages/airflow/example_dags/example_local_kubernetes_executor.py
[2025-11-20T22:13:52.839+0500] {logging_mixin.py:188} INFO - [2025-11-20T22:13:52.822+0500] {example_local_kubernetes_executor.py:40} WARNING - Could not import DAGs in example_local_kubernetes_executor.py
Traceback (most recent call last):
  File "/mnt/c/Users/Raj/OneDrive - Åbo Akademi O365/banking/venv/lib/python3.12/site-packages/airflow/example_dags/example_local_kubernetes_executor.py", line 38, in <module>
    from kubernetes.client import models as k8s
ModuleNotFoundError: No module named 'kubernetes'
[2025-11-20T22:13:52.844+0500] {logging_mixin.py:188} INFO - [2025-11-20T22:13:52.842+0500] {example_local_kubernetes_executor.py:41} WARNING - Install Kubernetes dependencies with: pip install apache-airflow[cncf.kubernetes]
[2025-11-20T22:13:52.847+0500] {processor.py:842} WARNING - No viable dags retrieved from /mnt/c/Users/Raj/OneDrive - Åbo Akademi O365/banking/venv/lib/python3.12/site-packages/airflow/example_dags/example_local_kubernetes_executor.py
[2025-11-20T22:13:52.915+0500] {processor.py:183} INFO - Processing /mnt/c/Users/Raj/OneDrive - Åbo Akademi O365/banking/venv/lib/python3.12/site-packages/airflow/example_dags/example_local_kubernetes_executor.py took 0.211 seconds
[2025-11-20T22:15:16.919+0500] {processor.py:161} INFO - Started process (PID=1779) to work on /mnt/c/Users/Raj/OneDrive - Åbo Akademi O365/banking/venv/lib/python3.12/site-packages/airflow/example_dags/example_local_kubernetes_executor.py
[2025-11-20T22:15:16.923+0500] {processor.py:830} INFO - Processing file /mnt/c/Users/Raj/OneDrive - Åbo Akademi O365/banking/venv/lib/python3.12/site-packages/airflow/example_dags/example_local_kubernetes_executor.py for tasks to queue
[2025-11-20T22:15:16.926+0500] {logging_mixin.py:188} INFO - [2025-11-20T22:15:16.925+0500] {dagbag.py:545} INFO - Filling up the DagBag from /mnt/c/Users/Raj/OneDrive - Åbo Akademi O365/banking/venv/lib/python3.12/site-packages/airflow/example_dags/example_local_kubernetes_executor.py
[2025-11-20T22:15:17.209+0500] {logging_mixin.py:188} INFO - [2025-11-20T22:15:16.968+0500] {example_local_kubernetes_executor.py:40} WARNING - Could not import DAGs in example_local_kubernetes_executor.py
Traceback (most recent call last):
  File "/mnt/c/Users/Raj/OneDrive - Åbo Akademi O365/banking/venv/lib/python3.12/site-packages/airflow/example_dags/example_local_kubernetes_executor.py", line 38, in <module>
    from kubernetes.client import models as k8s
ModuleNotFoundError: No module named 'kubernetes'
[2025-11-20T22:15:17.213+0500] {logging_mixin.py:188} INFO - [2025-11-20T22:15:17.211+0500] {example_local_kubernetes_executor.py:41} WARNING - Install Kubernetes dependencies with: pip install apache-airflow[cncf.kubernetes]
[2025-11-20T22:15:17.221+0500] {processor.py:842} WARNING - No viable dags retrieved from /mnt/c/Users/Raj/OneDrive - Åbo Akademi O365/banking/venv/lib/python3.12/site-packages/airflow/example_dags/example_local_kubernetes_executor.py
[2025-11-20T22:15:17.280+0500] {processor.py:183} INFO - Processing /mnt/c/Users/Raj/OneDrive - Åbo Akademi O365/banking/venv/lib/python3.12/site-packages/airflow/example_dags/example_local_kubernetes_executor.py took 0.380 seconds
[2025-11-20T22:16:48.466+0500] {processor.py:161} INFO - Started process (PID=1842) to work on /mnt/c/Users/Raj/OneDrive - Åbo Akademi O365/banking/venv/lib/python3.12/site-packages/airflow/example_dags/example_local_kubernetes_executor.py
[2025-11-20T22:16:48.470+0500] {processor.py:830} INFO - Processing file /mnt/c/Users/Raj/OneDrive - Åbo Akademi O365/banking/venv/lib/python3.12/site-packages/airflow/example_dags/example_local_kubernetes_executor.py for tasks to queue
[2025-11-20T22:16:48.475+0500] {logging_mixin.py:188} INFO - [2025-11-20T22:16:48.472+0500] {dagbag.py:545} INFO - Filling up the DagBag from /mnt/c/Users/Raj/OneDrive - Åbo Akademi O365/banking/venv/lib/python3.12/site-packages/airflow/example_dags/example_local_kubernetes_executor.py
[2025-11-20T22:16:48.522+0500] {logging_mixin.py:188} INFO - [2025-11-20T22:16:48.513+0500] {example_local_kubernetes_executor.py:40} WARNING - Could not import DAGs in example_local_kubernetes_executor.py
Traceback (most recent call last):
  File "/mnt/c/Users/Raj/OneDrive - Åbo Akademi O365/banking/venv/lib/python3.12/site-packages/airflow/example_dags/example_local_kubernetes_executor.py", line 38, in <module>
    from kubernetes.client import models as k8s
ModuleNotFoundError: No module named 'kubernetes'
[2025-11-20T22:16:48.526+0500] {logging_mixin.py:188} INFO - [2025-11-20T22:16:48.524+0500] {example_local_kubernetes_executor.py:41} WARNING - Install Kubernetes dependencies with: pip install apache-airflow[cncf.kubernetes]
[2025-11-20T22:16:48.528+0500] {processor.py:842} WARNING - No viable dags retrieved from /mnt/c/Users/Raj/OneDrive - Åbo Akademi O365/banking/venv/lib/python3.12/site-packages/airflow/example_dags/example_local_kubernetes_executor.py
[2025-11-20T22:16:48.578+0500] {processor.py:183} INFO - Processing /mnt/c/Users/Raj/OneDrive - Åbo Akademi O365/banking/venv/lib/python3.12/site-packages/airflow/example_dags/example_local_kubernetes_executor.py took 0.133 seconds
[2025-11-20T22:18:18.683+0500] {processor.py:161} INFO - Started process (PID=1909) to work on /mnt/c/Users/Raj/OneDrive - Åbo Akademi O365/banking/venv/lib/python3.12/site-packages/airflow/example_dags/example_local_kubernetes_executor.py
[2025-11-20T22:18:18.686+0500] {processor.py:830} INFO - Processing file /mnt/c/Users/Raj/OneDrive - Åbo Akademi O365/banking/venv/lib/python3.12/site-packages/airflow/example_dags/example_local_kubernetes_executor.py for tasks to queue
[2025-11-20T22:18:18.690+0500] {logging_mixin.py:188} INFO - [2025-11-20T22:18:18.689+0500] {dagbag.py:545} INFO - Filling up the DagBag from /mnt/c/Users/Raj/OneDrive - Åbo Akademi O365/banking/venv/lib/python3.12/site-packages/airflow/example_dags/example_local_kubernetes_executor.py
[2025-11-20T22:18:18.734+0500] {logging_mixin.py:188} INFO - [2025-11-20T22:18:18.726+0500] {example_local_kubernetes_executor.py:40} WARNING - Could not import DAGs in example_local_kubernetes_executor.py
Traceback (most recent call last):
  File "/mnt/c/Users/Raj/OneDrive - Åbo Akademi O365/banking/venv/lib/python3.12/site-packages/airflow/example_dags/example_local_kubernetes_executor.py", line 38, in <module>
    from kubernetes.client import models as k8s
ModuleNotFoundError: No module named 'kubernetes'
[2025-11-20T22:18:18.737+0500] {logging_mixin.py:188} INFO - [2025-11-20T22:18:18.736+0500] {example_local_kubernetes_executor.py:41} WARNING - Install Kubernetes dependencies with: pip install apache-airflow[cncf.kubernetes]
[2025-11-20T22:18:18.739+0500] {processor.py:842} WARNING - No viable dags retrieved from /mnt/c/Users/Raj/OneDrive - Åbo Akademi O365/banking/venv/lib/python3.12/site-packages/airflow/example_dags/example_local_kubernetes_executor.py
[2025-11-20T22:18:18.780+0500] {processor.py:183} INFO - Processing /mnt/c/Users/Raj/OneDrive - Åbo Akademi O365/banking/venv/lib/python3.12/site-packages/airflow/example_dags/example_local_kubernetes_executor.py took 0.118 seconds
[2025-11-20T22:19:38.877+0500] {processor.py:161} INFO - Started process (PID=1971) to work on /mnt/c/Users/Raj/OneDrive - Åbo Akademi O365/banking/venv/lib/python3.12/site-packages/airflow/example_dags/example_local_kubernetes_executor.py
[2025-11-20T22:19:38.880+0500] {processor.py:830} INFO - Processing file /mnt/c/Users/Raj/OneDrive - Åbo Akademi O365/banking/venv/lib/python3.12/site-packages/airflow/example_dags/example_local_kubernetes_executor.py for tasks to queue
[2025-11-20T22:19:38.884+0500] {logging_mixin.py:188} INFO - [2025-11-20T22:19:38.882+0500] {dagbag.py:545} INFO - Filling up the DagBag from /mnt/c/Users/Raj/OneDrive - Åbo Akademi O365/banking/venv/lib/python3.12/site-packages/airflow/example_dags/example_local_kubernetes_executor.py
[2025-11-20T22:19:38.928+0500] {logging_mixin.py:188} INFO - [2025-11-20T22:19:38.920+0500] {example_local_kubernetes_executor.py:40} WARNING - Could not import DAGs in example_local_kubernetes_executor.py
Traceback (most recent call last):
  File "/mnt/c/Users/Raj/OneDrive - Åbo Akademi O365/banking/venv/lib/python3.12/site-packages/airflow/example_dags/example_local_kubernetes_executor.py", line 38, in <module>
    from kubernetes.client import models as k8s
ModuleNotFoundError: No module named 'kubernetes'
[2025-11-20T22:19:38.931+0500] {logging_mixin.py:188} INFO - [2025-11-20T22:19:38.930+0500] {example_local_kubernetes_executor.py:41} WARNING - Install Kubernetes dependencies with: pip install apache-airflow[cncf.kubernetes]
[2025-11-20T22:19:38.933+0500] {processor.py:842} WARNING - No viable dags retrieved from /mnt/c/Users/Raj/OneDrive - Åbo Akademi O365/banking/venv/lib/python3.12/site-packages/airflow/example_dags/example_local_kubernetes_executor.py
[2025-11-20T22:19:38.968+0500] {processor.py:183} INFO - Processing /mnt/c/Users/Raj/OneDrive - Åbo Akademi O365/banking/venv/lib/python3.12/site-packages/airflow/example_dags/example_local_kubernetes_executor.py took 0.109 seconds
[2025-11-20T22:21:13.679+0500] {processor.py:161} INFO - Started process (PID=2046) to work on /mnt/c/Users/Raj/OneDrive - Åbo Akademi O365/banking/venv/lib/python3.12/site-packages/airflow/example_dags/example_local_kubernetes_executor.py
[2025-11-20T22:21:13.690+0500] {processor.py:830} INFO - Processing file /mnt/c/Users/Raj/OneDrive - Åbo Akademi O365/banking/venv/lib/python3.12/site-packages/airflow/example_dags/example_local_kubernetes_executor.py for tasks to queue
[2025-11-20T22:21:13.695+0500] {logging_mixin.py:188} INFO - [2025-11-20T22:21:13.692+0500] {dagbag.py:545} INFO - Filling up the DagBag from /mnt/c/Users/Raj/OneDrive - Åbo Akademi O365/banking/venv/lib/python3.12/site-packages/airflow/example_dags/example_local_kubernetes_executor.py
[2025-11-20T22:21:13.736+0500] {logging_mixin.py:188} INFO - [2025-11-20T22:21:13.728+0500] {example_local_kubernetes_executor.py:40} WARNING - Could not import DAGs in example_local_kubernetes_executor.py
Traceback (most recent call last):
  File "/mnt/c/Users/Raj/OneDrive - Åbo Akademi O365/banking/venv/lib/python3.12/site-packages/airflow/example_dags/example_local_kubernetes_executor.py", line 38, in <module>
    from kubernetes.client import models as k8s
ModuleNotFoundError: No module named 'kubernetes'
[2025-11-20T22:21:13.739+0500] {logging_mixin.py:188} INFO - [2025-11-20T22:21:13.738+0500] {example_local_kubernetes_executor.py:41} WARNING - Install Kubernetes dependencies with: pip install apache-airflow[cncf.kubernetes]
[2025-11-20T22:21:13.740+0500] {processor.py:842} WARNING - No viable dags retrieved from /mnt/c/Users/Raj/OneDrive - Åbo Akademi O365/banking/venv/lib/python3.12/site-packages/airflow/example_dags/example_local_kubernetes_executor.py
[2025-11-20T22:21:13.769+0500] {processor.py:183} INFO - Processing /mnt/c/Users/Raj/OneDrive - Åbo Akademi O365/banking/venv/lib/python3.12/site-packages/airflow/example_dags/example_local_kubernetes_executor.py took 0.109 seconds
[2025-11-20T22:22:30.518+0500] {processor.py:161} INFO - Started process (PID=2106) to work on /mnt/c/Users/Raj/OneDrive - Åbo Akademi O365/banking/venv/lib/python3.12/site-packages/airflow/example_dags/example_local_kubernetes_executor.py
[2025-11-20T22:22:30.520+0500] {processor.py:830} INFO - Processing file /mnt/c/Users/Raj/OneDrive - Åbo Akademi O365/banking/venv/lib/python3.12/site-packages/airflow/example_dags/example_local_kubernetes_executor.py for tasks to queue
[2025-11-20T22:22:30.523+0500] {logging_mixin.py:188} INFO - [2025-11-20T22:22:30.522+0500] {dagbag.py:545} INFO - Filling up the DagBag from /mnt/c/Users/Raj/OneDrive - Åbo Akademi O365/banking/venv/lib/python3.12/site-packages/airflow/example_dags/example_local_kubernetes_executor.py
[2025-11-20T22:22:30.560+0500] {logging_mixin.py:188} INFO - [2025-11-20T22:22:30.553+0500] {example_local_kubernetes_executor.py:40} WARNING - Could not import DAGs in example_local_kubernetes_executor.py
Traceback (most recent call last):
  File "/mnt/c/Users/Raj/OneDrive - Åbo Akademi O365/banking/venv/lib/python3.12/site-packages/airflow/example_dags/example_local_kubernetes_executor.py", line 38, in <module>
    from kubernetes.client import models as k8s
ModuleNotFoundError: No module named 'kubernetes'
[2025-11-20T22:22:30.563+0500] {logging_mixin.py:188} INFO - [2025-11-20T22:22:30.561+0500] {example_local_kubernetes_executor.py:41} WARNING - Install Kubernetes dependencies with: pip install apache-airflow[cncf.kubernetes]
[2025-11-20T22:22:30.564+0500] {processor.py:842} WARNING - No viable dags retrieved from /mnt/c/Users/Raj/OneDrive - Åbo Akademi O365/banking/venv/lib/python3.12/site-packages/airflow/example_dags/example_local_kubernetes_executor.py
[2025-11-20T22:22:30.598+0500] {processor.py:183} INFO - Processing /mnt/c/Users/Raj/OneDrive - Åbo Akademi O365/banking/venv/lib/python3.12/site-packages/airflow/example_dags/example_local_kubernetes_executor.py took 0.100 seconds
[2025-11-20T22:23:45.229+0500] {processor.py:161} INFO - Started process (PID=2164) to work on /mnt/c/Users/Raj/OneDrive - Åbo Akademi O365/banking/venv/lib/python3.12/site-packages/airflow/example_dags/example_local_kubernetes_executor.py
[2025-11-20T22:23:45.231+0500] {processor.py:830} INFO - Processing file /mnt/c/Users/Raj/OneDrive - Åbo Akademi O365/banking/venv/lib/python3.12/site-packages/airflow/example_dags/example_local_kubernetes_executor.py for tasks to queue
[2025-11-20T22:23:45.235+0500] {logging_mixin.py:188} INFO - [2025-11-20T22:23:45.233+0500] {dagbag.py:545} INFO - Filling up the DagBag from /mnt/c/Users/Raj/OneDrive - Åbo Akademi O365/banking/venv/lib/python3.12/site-packages/airflow/example_dags/example_local_kubernetes_executor.py
[2025-11-20T22:23:45.270+0500] {logging_mixin.py:188} INFO - [2025-11-20T22:23:45.263+0500] {example_local_kubernetes_executor.py:40} WARNING - Could not import DAGs in example_local_kubernetes_executor.py
Traceback (most recent call last):
  File "/mnt/c/Users/Raj/OneDrive - Åbo Akademi O365/banking/venv/lib/python3.12/site-packages/airflow/example_dags/example_local_kubernetes_executor.py", line 38, in <module>
    from kubernetes.client import models as k8s
ModuleNotFoundError: No module named 'kubernetes'
[2025-11-20T22:23:45.273+0500] {logging_mixin.py:188} INFO - [2025-11-20T22:23:45.272+0500] {example_local_kubernetes_executor.py:41} WARNING - Install Kubernetes dependencies with: pip install apache-airflow[cncf.kubernetes]
[2025-11-20T22:23:45.274+0500] {processor.py:842} WARNING - No viable dags retrieved from /mnt/c/Users/Raj/OneDrive - Åbo Akademi O365/banking/venv/lib/python3.12/site-packages/airflow/example_dags/example_local_kubernetes_executor.py
[2025-11-20T22:23:45.306+0500] {processor.py:183} INFO - Processing /mnt/c/Users/Raj/OneDrive - Åbo Akademi O365/banking/venv/lib/python3.12/site-packages/airflow/example_dags/example_local_kubernetes_executor.py took 0.097 seconds
[2025-11-20T22:25:16.447+0500] {processor.py:161} INFO - Started process (PID=2271) to work on /mnt/c/Users/Raj/OneDrive - Åbo Akademi O365/banking/venv/lib/python3.12/site-packages/airflow/example_dags/example_local_kubernetes_executor.py
[2025-11-20T22:25:16.450+0500] {processor.py:830} INFO - Processing file /mnt/c/Users/Raj/OneDrive - Åbo Akademi O365/banking/venv/lib/python3.12/site-packages/airflow/example_dags/example_local_kubernetes_executor.py for tasks to queue
[2025-11-20T22:25:16.455+0500] {logging_mixin.py:188} INFO - [2025-11-20T22:25:16.453+0500] {dagbag.py:545} INFO - Filling up the DagBag from /mnt/c/Users/Raj/OneDrive - Åbo Akademi O365/banking/venv/lib/python3.12/site-packages/airflow/example_dags/example_local_kubernetes_executor.py
[2025-11-20T22:25:16.500+0500] {logging_mixin.py:188} INFO - [2025-11-20T22:25:16.490+0500] {example_local_kubernetes_executor.py:40} WARNING - Could not import DAGs in example_local_kubernetes_executor.py
Traceback (most recent call last):
  File "/mnt/c/Users/Raj/OneDrive - Åbo Akademi O365/banking/venv/lib/python3.12/site-packages/airflow/example_dags/example_local_kubernetes_executor.py", line 38, in <module>
    from kubernetes.client import models as k8s
ModuleNotFoundError: No module named 'kubernetes'
[2025-11-20T22:25:16.504+0500] {logging_mixin.py:188} INFO - [2025-11-20T22:25:16.502+0500] {example_local_kubernetes_executor.py:41} WARNING - Install Kubernetes dependencies with: pip install apache-airflow[cncf.kubernetes]
[2025-11-20T22:25:16.506+0500] {processor.py:842} WARNING - No viable dags retrieved from /mnt/c/Users/Raj/OneDrive - Åbo Akademi O365/banking/venv/lib/python3.12/site-packages/airflow/example_dags/example_local_kubernetes_executor.py
[2025-11-20T22:25:16.549+0500] {processor.py:183} INFO - Processing /mnt/c/Users/Raj/OneDrive - Åbo Akademi O365/banking/venv/lib/python3.12/site-packages/airflow/example_dags/example_local_kubernetes_executor.py took 0.125 seconds
[2025-11-20T22:27:35.564+0500] {processor.py:161} INFO - Started process (PID=2342) to work on /mnt/c/Users/Raj/OneDrive - Åbo Akademi O365/banking/venv/lib/python3.12/site-packages/airflow/example_dags/example_local_kubernetes_executor.py
[2025-11-20T22:27:35.572+0500] {processor.py:830} INFO - Processing file /mnt/c/Users/Raj/OneDrive - Åbo Akademi O365/banking/venv/lib/python3.12/site-packages/airflow/example_dags/example_local_kubernetes_executor.py for tasks to queue
[2025-11-20T22:27:35.577+0500] {logging_mixin.py:188} INFO - [2025-11-20T22:27:35.575+0500] {dagbag.py:545} INFO - Filling up the DagBag from /mnt/c/Users/Raj/OneDrive - Åbo Akademi O365/banking/venv/lib/python3.12/site-packages/airflow/example_dags/example_local_kubernetes_executor.py
[2025-11-20T22:27:35.650+0500] {logging_mixin.py:188} INFO - [2025-11-20T22:27:35.640+0500] {example_local_kubernetes_executor.py:40} WARNING - Could not import DAGs in example_local_kubernetes_executor.py
Traceback (most recent call last):
  File "/mnt/c/Users/Raj/OneDrive - Åbo Akademi O365/banking/venv/lib/python3.12/site-packages/airflow/example_dags/example_local_kubernetes_executor.py", line 38, in <module>
    from kubernetes.client import models as k8s
ModuleNotFoundError: No module named 'kubernetes'
[2025-11-20T22:27:35.653+0500] {logging_mixin.py:188} INFO - [2025-11-20T22:27:35.652+0500] {example_local_kubernetes_executor.py:41} WARNING - Install Kubernetes dependencies with: pip install apache-airflow[cncf.kubernetes]
[2025-11-20T22:27:35.656+0500] {processor.py:842} WARNING - No viable dags retrieved from /mnt/c/Users/Raj/OneDrive - Åbo Akademi O365/banking/venv/lib/python3.12/site-packages/airflow/example_dags/example_local_kubernetes_executor.py
[2025-11-20T22:27:35.725+0500] {processor.py:183} INFO - Processing /mnt/c/Users/Raj/OneDrive - Åbo Akademi O365/banking/venv/lib/python3.12/site-packages/airflow/example_dags/example_local_kubernetes_executor.py took 0.208 seconds
[2025-11-20T22:30:02.002+0500] {processor.py:161} INFO - Started process (PID=2444) to work on /mnt/c/Users/Raj/OneDrive - Åbo Akademi O365/banking/venv/lib/python3.12/site-packages/airflow/example_dags/example_local_kubernetes_executor.py
[2025-11-20T22:30:02.007+0500] {processor.py:830} INFO - Processing file /mnt/c/Users/Raj/OneDrive - Åbo Akademi O365/banking/venv/lib/python3.12/site-packages/airflow/example_dags/example_local_kubernetes_executor.py for tasks to queue
[2025-11-20T22:30:02.019+0500] {logging_mixin.py:188} INFO - [2025-11-20T22:30:02.014+0500] {dagbag.py:545} INFO - Filling up the DagBag from /mnt/c/Users/Raj/OneDrive - Åbo Akademi O365/banking/venv/lib/python3.12/site-packages/airflow/example_dags/example_local_kubernetes_executor.py
[2025-11-20T22:30:02.151+0500] {logging_mixin.py:188} INFO - [2025-11-20T22:30:02.105+0500] {example_local_kubernetes_executor.py:40} WARNING - Could not import DAGs in example_local_kubernetes_executor.py
Traceback (most recent call last):
  File "/mnt/c/Users/Raj/OneDrive - Åbo Akademi O365/banking/venv/lib/python3.12/site-packages/airflow/example_dags/example_local_kubernetes_executor.py", line 38, in <module>
    from kubernetes.client import models as k8s
ModuleNotFoundError: No module named 'kubernetes'
[2025-11-20T22:30:02.160+0500] {logging_mixin.py:188} INFO - [2025-11-20T22:30:02.157+0500] {example_local_kubernetes_executor.py:41} WARNING - Install Kubernetes dependencies with: pip install apache-airflow[cncf.kubernetes]
[2025-11-20T22:30:02.165+0500] {processor.py:842} WARNING - No viable dags retrieved from /mnt/c/Users/Raj/OneDrive - Åbo Akademi O365/banking/venv/lib/python3.12/site-packages/airflow/example_dags/example_local_kubernetes_executor.py
[2025-11-20T22:30:02.236+0500] {processor.py:183} INFO - Processing /mnt/c/Users/Raj/OneDrive - Åbo Akademi O365/banking/venv/lib/python3.12/site-packages/airflow/example_dags/example_local_kubernetes_executor.py took 0.310 seconds
[2025-11-20T22:31:01.870+0500] {processor.py:161} INFO - Started process (PID=2475) to work on /mnt/c/Users/Raj/OneDrive - Åbo Akademi O365/banking/venv/lib/python3.12/site-packages/airflow/example_dags/example_local_kubernetes_executor.py
[2025-11-20T22:31:01.874+0500] {processor.py:830} INFO - Processing file /mnt/c/Users/Raj/OneDrive - Åbo Akademi O365/banking/venv/lib/python3.12/site-packages/airflow/example_dags/example_local_kubernetes_executor.py for tasks to queue
[2025-11-20T22:31:01.882+0500] {logging_mixin.py:188} INFO - [2025-11-20T22:31:01.879+0500] {dagbag.py:545} INFO - Filling up the DagBag from /mnt/c/Users/Raj/OneDrive - Åbo Akademi O365/banking/venv/lib/python3.12/site-packages/airflow/example_dags/example_local_kubernetes_executor.py
[2025-11-20T22:31:02.223+0500] {logging_mixin.py:188} INFO - [2025-11-20T22:31:02.180+0500] {dagbag.py:355} ERROR - Failed to import: /mnt/c/Users/Raj/OneDrive - Åbo Akademi O365/banking/venv/lib/python3.12/site-packages/airflow/example_dags/example_local_kubernetes_executor.py
Traceback (most recent call last):
  File "/mnt/c/Users/Raj/OneDrive - Åbo Akademi O365/banking/venv/lib/python3.12/site-packages/airflow/models/dagbag.py", line 351, in parse
    dag_id,
  File "<frozen importlib._bootstrap_external>", line 995, in exec_module
  File "<frozen importlib._bootstrap>", line 488, in _call_with_frames_removed
  File "/mnt/c/Users/Raj/OneDrive - Åbo Akademi O365/banking/venv/lib/python3.12/site-packages/airflow/example_dags/example_local_kubernetes_executor.py", line 29, in <module>
    from airflow.sdk import DAG, task
  File "/mnt/c/Users/Raj/OneDrive - Åbo Akademi O365/banking/venv/lib/python3.12/site-packages/airflow/sdk/__init__.py", line 134, in __getattr__
    mod = importlib.import_module(module_path, __name__)
          ^^^^^^^^^^^^^^^^^^^^^^^^^^^^^^^^^^^^^^^^^^^^^^
  File "/usr/lib/python3.12/importlib/__init__.py", line 90, in import_module
    return _bootstrap._gcd_import(name[level:], package, level)
           ^^^^^^^^^^^^^^^^^^^^^^^^^^^^^^^^^^^^^^^^^^^^^^^^^^^^
  File "/mnt/c/Users/Raj/OneDrive - Åbo Akademi O365/banking/venv/lib/python3.12/site-packages/airflow/sdk/definitions/dag.py", line 40, in <module>
    from airflow.exceptions import (
ImportError: cannot import name 'RemovedInAirflow4Warning' from 'airflow.exceptions' (/mnt/c/Users/Raj/OneDrive - Åbo Akademi O365/banking/venv/lib/python3.12/site-packages/airflow/exceptions.py)
[2025-11-20T22:31:02.230+0500] {processor.py:842} WARNING - No viable dags retrieved from /mnt/c/Users/Raj/OneDrive - Åbo Akademi O365/banking/venv/lib/python3.12/site-packages/airflow/example_dags/example_local_kubernetes_executor.py
[2025-11-20T22:31:02.344+0500] {processor.py:183} INFO - Processing /mnt/c/Users/Raj/OneDrive - Åbo Akademi O365/banking/venv/lib/python3.12/site-packages/airflow/example_dags/example_local_kubernetes_executor.py took 0.523 seconds
[2025-11-20T22:32:15.384+0500] {processor.py:161} INFO - Started process (PID=2520) to work on /mnt/c/Users/Raj/OneDrive - Åbo Akademi O365/banking/venv/lib/python3.12/site-packages/airflow/example_dags/example_local_kubernetes_executor.py
[2025-11-20T22:32:15.389+0500] {processor.py:830} INFO - Processing file /mnt/c/Users/Raj/OneDrive - Åbo Akademi O365/banking/venv/lib/python3.12/site-packages/airflow/example_dags/example_local_kubernetes_executor.py for tasks to queue
[2025-11-20T22:32:15.396+0500] {logging_mixin.py:188} INFO - [2025-11-20T22:32:15.393+0500] {dagbag.py:545} INFO - Filling up the DagBag from /mnt/c/Users/Raj/OneDrive - Åbo Akademi O365/banking/venv/lib/python3.12/site-packages/airflow/example_dags/example_local_kubernetes_executor.py
[2025-11-20T22:32:15.501+0500] {logging_mixin.py:188} INFO - [2025-11-20T22:32:15.468+0500] {dagbag.py:355} ERROR - Failed to import: /mnt/c/Users/Raj/OneDrive - Åbo Akademi O365/banking/venv/lib/python3.12/site-packages/airflow/example_dags/example_local_kubernetes_executor.py
Traceback (most recent call last):
  File "/mnt/c/Users/Raj/OneDrive - Åbo Akademi O365/banking/venv/lib/python3.12/site-packages/airflow/models/dagbag.py", line 351, in parse
    dag_id,
  File "<frozen importlib._bootstrap_external>", line 995, in exec_module
  File "<frozen importlib._bootstrap>", line 488, in _call_with_frames_removed
  File "/mnt/c/Users/Raj/OneDrive - Åbo Akademi O365/banking/venv/lib/python3.12/site-packages/airflow/example_dags/example_local_kubernetes_executor.py", line 29, in <module>
    from airflow.sdk import DAG, task
  File "/mnt/c/Users/Raj/OneDrive - Åbo Akademi O365/banking/venv/lib/python3.12/site-packages/airflow/sdk/__init__.py", line 134, in __getattr__
    mod = importlib.import_module(module_path, __name__)
          ^^^^^^^^^^^^^^^^^^^^^^^^^^^^^^^^^^^^^^^^^^^^^^
  File "/usr/lib/python3.12/importlib/__init__.py", line 90, in import_module
    return _bootstrap._gcd_import(name[level:], package, level)
           ^^^^^^^^^^^^^^^^^^^^^^^^^^^^^^^^^^^^^^^^^^^^^^^^^^^^
  File "/mnt/c/Users/Raj/OneDrive - Åbo Akademi O365/banking/venv/lib/python3.12/site-packages/airflow/sdk/definitions/dag.py", line 40, in <module>
    from airflow.exceptions import (
ImportError: cannot import name 'RemovedInAirflow4Warning' from 'airflow.exceptions' (/mnt/c/Users/Raj/OneDrive - Åbo Akademi O365/banking/venv/lib/python3.12/site-packages/airflow/exceptions.py)
[2025-11-20T22:32:15.510+0500] {processor.py:842} WARNING - No viable dags retrieved from /mnt/c/Users/Raj/OneDrive - Åbo Akademi O365/banking/venv/lib/python3.12/site-packages/airflow/example_dags/example_local_kubernetes_executor.py
[2025-11-20T22:32:15.670+0500] {processor.py:183} INFO - Processing /mnt/c/Users/Raj/OneDrive - Åbo Akademi O365/banking/venv/lib/python3.12/site-packages/airflow/example_dags/example_local_kubernetes_executor.py took 0.319 seconds
