[2025-11-20T20:35:19.668+0500] {processor.py:161} INFO - Started process (PID=11905) to work on /mnt/c/Users/Raj/OneDrive - Åbo Akademi O365/banking/venv/lib/python3.12/site-packages/airflow/example_dags/example_subdag_operator.py
[2025-11-20T20:35:19.671+0500] {processor.py:830} INFO - Processing file /mnt/c/Users/Raj/OneDrive - Åbo Akademi O365/banking/venv/lib/python3.12/site-packages/airflow/example_dags/example_subdag_operator.py for tasks to queue
[2025-11-20T20:35:19.677+0500] {logging_mixin.py:188} INFO - [2025-11-20T20:35:19.675+0500] {dagbag.py:545} INFO - Filling up the DagBag from /mnt/c/Users/Raj/OneDrive - Åbo Akademi O365/banking/venv/lib/python3.12/site-packages/airflow/example_dags/example_subdag_operator.py
[2025-11-20T20:35:19.807+0500] {processor.py:840} INFO - DAG(s) 'example_subdag_operator.section-1', 'example_subdag_operator.section-2', 'example_subdag_operator' retrieved from /mnt/c/Users/Raj/OneDrive - Åbo Akademi O365/banking/venv/lib/python3.12/site-packages/airflow/example_dags/example_subdag_operator.py
[2025-11-20T20:35:21.593+0500] {logging_mixin.py:188} INFO - [2025-11-20T20:35:21.590+0500] {override.py:1829} INFO - Created Permission View: can delete on DAG:example_subdag_operator
[2025-11-20T20:35:21.688+0500] {logging_mixin.py:188} INFO - [2025-11-20T20:35:21.685+0500] {override.py:1829} INFO - Created Permission View: can read on DAG:example_subdag_operator
[2025-11-20T20:35:21.765+0500] {logging_mixin.py:188} INFO - [2025-11-20T20:35:21.762+0500] {override.py:1829} INFO - Created Permission View: can edit on DAG:example_subdag_operator
[2025-11-20T20:35:21.769+0500] {logging_mixin.py:188} INFO - [2025-11-20T20:35:21.767+0500] {dag.py:3096} INFO - Sync 3 DAGs
[2025-11-20T20:35:21.813+0500] {logging_mixin.py:188} INFO - [2025-11-20T20:35:21.811+0500] {dag.py:3118} INFO - Creating ORM DAG for example_subdag_operator
[2025-11-20T20:35:21.818+0500] {logging_mixin.py:188} INFO - [2025-11-20T20:35:21.816+0500] {dag.py:3118} INFO - Creating ORM DAG for example_subdag_operator.section-1
[2025-11-20T20:35:21.822+0500] {logging_mixin.py:188} INFO - [2025-11-20T20:35:21.820+0500] {dag.py:3118} INFO - Creating ORM DAG for example_subdag_operator.section-2
[2025-11-20T20:35:21.838+0500] {logging_mixin.py:188} INFO - [2025-11-20T20:35:21.836+0500] {dag.py:3954} INFO - Setting next_dagrun for example_subdag_operator to 2022-01-01 00:00:00+00:00, run_after=2022-01-01 00:00:00+00:00
[2025-11-20T20:35:21.841+0500] {logging_mixin.py:188} INFO - [2025-11-20T20:35:21.840+0500] {dag.py:3954} INFO - Setting next_dagrun for example_subdag_operator.section-1 to None, run_after=None
[2025-11-20T20:35:21.845+0500] {logging_mixin.py:188} INFO - [2025-11-20T20:35:21.843+0500] {dag.py:3954} INFO - Setting next_dagrun for example_subdag_operator.section-2 to None, run_after=None
[2025-11-20T20:35:21.875+0500] {logging_mixin.py:188} INFO - [2025-11-20T20:35:21.874+0500] {dag.py:3096} INFO - Sync 2 DAGs
[2025-11-20T20:35:21.884+0500] {logging_mixin.py:188} INFO - [2025-11-20T20:35:21.882+0500] {dag.py:3954} INFO - Setting next_dagrun for example_subdag_operator.section-1 to None, run_after=None
[2025-11-20T20:35:21.889+0500] {logging_mixin.py:188} INFO - [2025-11-20T20:35:21.888+0500] {dag.py:3954} INFO - Setting next_dagrun for example_subdag_operator.section-2 to None, run_after=None
[2025-11-20T20:35:21.963+0500] {processor.py:183} INFO - Processing /mnt/c/Users/Raj/OneDrive - Åbo Akademi O365/banking/venv/lib/python3.12/site-packages/airflow/example_dags/example_subdag_operator.py took 2.316 seconds
[2025-11-20T20:37:38.286+0500] {processor.py:161} INFO - Started process (PID=12411) to work on /mnt/c/Users/Raj/OneDrive - Åbo Akademi O365/banking/venv/lib/python3.12/site-packages/airflow/example_dags/example_subdag_operator.py
[2025-11-20T20:37:38.289+0500] {processor.py:830} INFO - Processing file /mnt/c/Users/Raj/OneDrive - Åbo Akademi O365/banking/venv/lib/python3.12/site-packages/airflow/example_dags/example_subdag_operator.py for tasks to queue
[2025-11-20T20:37:38.302+0500] {logging_mixin.py:188} INFO - [2025-11-20T20:37:38.294+0500] {dagbag.py:545} INFO - Filling up the DagBag from /mnt/c/Users/Raj/OneDrive - Åbo Akademi O365/banking/venv/lib/python3.12/site-packages/airflow/example_dags/example_subdag_operator.py
[2025-11-20T20:37:38.420+0500] {processor.py:840} INFO - DAG(s) 'example_subdag_operator.section-1', 'example_subdag_operator.section-2', 'example_subdag_operator' retrieved from /mnt/c/Users/Raj/OneDrive - Åbo Akademi O365/banking/venv/lib/python3.12/site-packages/airflow/example_dags/example_subdag_operator.py
[2025-11-20T20:37:38.484+0500] {logging_mixin.py:188} INFO - [2025-11-20T20:37:38.482+0500] {dag.py:3096} INFO - Sync 3 DAGs
[2025-11-20T20:37:38.535+0500] {logging_mixin.py:188} INFO - [2025-11-20T20:37:38.533+0500] {dag.py:3954} INFO - Setting next_dagrun for example_subdag_operator to 2022-01-01 00:00:00+00:00, run_after=2022-01-01 00:00:00+00:00
[2025-11-20T20:37:38.548+0500] {logging_mixin.py:188} INFO - [2025-11-20T20:37:38.546+0500] {dag.py:3954} INFO - Setting next_dagrun for example_subdag_operator.section-1 to None, run_after=None
[2025-11-20T20:37:38.554+0500] {logging_mixin.py:188} INFO - [2025-11-20T20:37:38.553+0500] {dag.py:3954} INFO - Setting next_dagrun for example_subdag_operator.section-2 to None, run_after=None
[2025-11-20T20:37:38.587+0500] {logging_mixin.py:188} INFO - [2025-11-20T20:37:38.585+0500] {dag.py:3096} INFO - Sync 2 DAGs
[2025-11-20T20:37:38.593+0500] {logging_mixin.py:188} INFO - [2025-11-20T20:37:38.592+0500] {dag.py:3954} INFO - Setting next_dagrun for example_subdag_operator.section-1 to None, run_after=None
[2025-11-20T20:37:38.601+0500] {logging_mixin.py:188} INFO - [2025-11-20T20:37:38.599+0500] {dag.py:3954} INFO - Setting next_dagrun for example_subdag_operator.section-2 to None, run_after=None
[2025-11-20T20:37:38.686+0500] {processor.py:183} INFO - Processing /mnt/c/Users/Raj/OneDrive - Åbo Akademi O365/banking/venv/lib/python3.12/site-packages/airflow/example_dags/example_subdag_operator.py took 0.422 seconds
[2025-11-20T20:38:36.061+0500] {processor.py:161} INFO - Started process (PID=12599) to work on /mnt/c/Users/Raj/OneDrive - Åbo Akademi O365/banking/venv/lib/python3.12/site-packages/airflow/example_dags/example_subdag_operator.py
[2025-11-20T20:38:36.065+0500] {processor.py:830} INFO - Processing file /mnt/c/Users/Raj/OneDrive - Åbo Akademi O365/banking/venv/lib/python3.12/site-packages/airflow/example_dags/example_subdag_operator.py for tasks to queue
[2025-11-20T20:38:36.070+0500] {logging_mixin.py:188} INFO - [2025-11-20T20:38:36.069+0500] {dagbag.py:545} INFO - Filling up the DagBag from /mnt/c/Users/Raj/OneDrive - Åbo Akademi O365/banking/venv/lib/python3.12/site-packages/airflow/example_dags/example_subdag_operator.py
[2025-11-20T20:38:36.174+0500] {processor.py:840} INFO - DAG(s) 'example_subdag_operator.section-1', 'example_subdag_operator.section-2', 'example_subdag_operator' retrieved from /mnt/c/Users/Raj/OneDrive - Åbo Akademi O365/banking/venv/lib/python3.12/site-packages/airflow/example_dags/example_subdag_operator.py
[2025-11-20T20:38:36.227+0500] {logging_mixin.py:188} INFO - [2025-11-20T20:38:36.226+0500] {dag.py:3096} INFO - Sync 3 DAGs
[2025-11-20T20:38:36.287+0500] {logging_mixin.py:188} INFO - [2025-11-20T20:38:36.285+0500] {dag.py:3954} INFO - Setting next_dagrun for example_subdag_operator to 2022-01-01 00:00:00+00:00, run_after=2022-01-01 00:00:00+00:00
[2025-11-20T20:38:36.297+0500] {logging_mixin.py:188} INFO - [2025-11-20T20:38:36.296+0500] {dag.py:3954} INFO - Setting next_dagrun for example_subdag_operator.section-1 to None, run_after=None
[2025-11-20T20:38:36.305+0500] {logging_mixin.py:188} INFO - [2025-11-20T20:38:36.304+0500] {dag.py:3954} INFO - Setting next_dagrun for example_subdag_operator.section-2 to None, run_after=None
[2025-11-20T20:38:36.341+0500] {logging_mixin.py:188} INFO - [2025-11-20T20:38:36.340+0500] {dag.py:3096} INFO - Sync 2 DAGs
[2025-11-20T20:38:36.351+0500] {logging_mixin.py:188} INFO - [2025-11-20T20:38:36.349+0500] {dag.py:3954} INFO - Setting next_dagrun for example_subdag_operator.section-1 to None, run_after=None
[2025-11-20T20:38:36.356+0500] {logging_mixin.py:188} INFO - [2025-11-20T20:38:36.354+0500] {dag.py:3954} INFO - Setting next_dagrun for example_subdag_operator.section-2 to None, run_after=None
[2025-11-20T20:38:36.439+0500] {processor.py:183} INFO - Processing /mnt/c/Users/Raj/OneDrive - Åbo Akademi O365/banking/venv/lib/python3.12/site-packages/airflow/example_dags/example_subdag_operator.py took 0.401 seconds
[2025-11-20T20:39:57.950+0500] {processor.py:161} INFO - Started process (PID=12898) to work on /mnt/c/Users/Raj/OneDrive - Åbo Akademi O365/banking/venv/lib/python3.12/site-packages/airflow/example_dags/example_subdag_operator.py
[2025-11-20T20:39:57.954+0500] {processor.py:830} INFO - Processing file /mnt/c/Users/Raj/OneDrive - Åbo Akademi O365/banking/venv/lib/python3.12/site-packages/airflow/example_dags/example_subdag_operator.py for tasks to queue
[2025-11-20T20:39:57.959+0500] {logging_mixin.py:188} INFO - [2025-11-20T20:39:57.957+0500] {dagbag.py:545} INFO - Filling up the DagBag from /mnt/c/Users/Raj/OneDrive - Åbo Akademi O365/banking/venv/lib/python3.12/site-packages/airflow/example_dags/example_subdag_operator.py
[2025-11-20T20:39:58.063+0500] {processor.py:840} INFO - DAG(s) 'example_subdag_operator.section-1', 'example_subdag_operator.section-2', 'example_subdag_operator' retrieved from /mnt/c/Users/Raj/OneDrive - Åbo Akademi O365/banking/venv/lib/python3.12/site-packages/airflow/example_dags/example_subdag_operator.py
[2025-11-20T20:39:58.106+0500] {logging_mixin.py:188} INFO - [2025-11-20T20:39:58.104+0500] {dag.py:3096} INFO - Sync 3 DAGs
[2025-11-20T20:39:58.145+0500] {logging_mixin.py:188} INFO - [2025-11-20T20:39:58.144+0500] {dag.py:3954} INFO - Setting next_dagrun for example_subdag_operator to 2022-01-01 00:00:00+00:00, run_after=2022-01-01 00:00:00+00:00
[2025-11-20T20:39:58.153+0500] {logging_mixin.py:188} INFO - [2025-11-20T20:39:58.152+0500] {dag.py:3954} INFO - Setting next_dagrun for example_subdag_operator.section-1 to None, run_after=None
[2025-11-20T20:39:58.158+0500] {logging_mixin.py:188} INFO - [2025-11-20T20:39:58.157+0500] {dag.py:3954} INFO - Setting next_dagrun for example_subdag_operator.section-2 to None, run_after=None
[2025-11-20T20:39:58.185+0500] {logging_mixin.py:188} INFO - [2025-11-20T20:39:58.184+0500] {dag.py:3096} INFO - Sync 2 DAGs
[2025-11-20T20:39:58.196+0500] {logging_mixin.py:188} INFO - [2025-11-20T20:39:58.194+0500] {dag.py:3954} INFO - Setting next_dagrun for example_subdag_operator.section-1 to None, run_after=None
[2025-11-20T20:39:58.201+0500] {logging_mixin.py:188} INFO - [2025-11-20T20:39:58.199+0500] {dag.py:3954} INFO - Setting next_dagrun for example_subdag_operator.section-2 to None, run_after=None
[2025-11-20T20:39:58.293+0500] {processor.py:183} INFO - Processing /mnt/c/Users/Raj/OneDrive - Åbo Akademi O365/banking/venv/lib/python3.12/site-packages/airflow/example_dags/example_subdag_operator.py took 0.366 seconds
[2025-11-20T20:41:14.946+0500] {processor.py:161} INFO - Started process (PID=13154) to work on /mnt/c/Users/Raj/OneDrive - Åbo Akademi O365/banking/venv/lib/python3.12/site-packages/airflow/example_dags/example_subdag_operator.py
[2025-11-20T20:41:14.949+0500] {processor.py:830} INFO - Processing file /mnt/c/Users/Raj/OneDrive - Åbo Akademi O365/banking/venv/lib/python3.12/site-packages/airflow/example_dags/example_subdag_operator.py for tasks to queue
[2025-11-20T20:41:14.954+0500] {logging_mixin.py:188} INFO - [2025-11-20T20:41:14.952+0500] {dagbag.py:545} INFO - Filling up the DagBag from /mnt/c/Users/Raj/OneDrive - Åbo Akademi O365/banking/venv/lib/python3.12/site-packages/airflow/example_dags/example_subdag_operator.py
[2025-11-20T20:41:15.043+0500] {processor.py:840} INFO - DAG(s) 'example_subdag_operator.section-1', 'example_subdag_operator.section-2', 'example_subdag_operator' retrieved from /mnt/c/Users/Raj/OneDrive - Åbo Akademi O365/banking/venv/lib/python3.12/site-packages/airflow/example_dags/example_subdag_operator.py
[2025-11-20T20:41:15.077+0500] {logging_mixin.py:188} INFO - [2025-11-20T20:41:15.076+0500] {dag.py:3096} INFO - Sync 3 DAGs
[2025-11-20T20:41:15.109+0500] {logging_mixin.py:188} INFO - [2025-11-20T20:41:15.107+0500] {dag.py:3954} INFO - Setting next_dagrun for example_subdag_operator to 2022-01-01 00:00:00+00:00, run_after=2022-01-01 00:00:00+00:00
[2025-11-20T20:41:15.117+0500] {logging_mixin.py:188} INFO - [2025-11-20T20:41:15.116+0500] {dag.py:3954} INFO - Setting next_dagrun for example_subdag_operator.section-1 to None, run_after=None
[2025-11-20T20:41:15.122+0500] {logging_mixin.py:188} INFO - [2025-11-20T20:41:15.121+0500] {dag.py:3954} INFO - Setting next_dagrun for example_subdag_operator.section-2 to None, run_after=None
[2025-11-20T20:41:15.142+0500] {logging_mixin.py:188} INFO - [2025-11-20T20:41:15.141+0500] {dag.py:3096} INFO - Sync 2 DAGs
[2025-11-20T20:41:15.147+0500] {logging_mixin.py:188} INFO - [2025-11-20T20:41:15.146+0500] {dag.py:3954} INFO - Setting next_dagrun for example_subdag_operator.section-1 to None, run_after=None
[2025-11-20T20:41:15.150+0500] {logging_mixin.py:188} INFO - [2025-11-20T20:41:15.149+0500] {dag.py:3954} INFO - Setting next_dagrun for example_subdag_operator.section-2 to None, run_after=None
[2025-11-20T20:41:15.219+0500] {processor.py:183} INFO - Processing /mnt/c/Users/Raj/OneDrive - Åbo Akademi O365/banking/venv/lib/python3.12/site-packages/airflow/example_dags/example_subdag_operator.py took 0.292 seconds
[2025-11-20T20:42:32.045+0500] {processor.py:161} INFO - Started process (PID=13421) to work on /mnt/c/Users/Raj/OneDrive - Åbo Akademi O365/banking/venv/lib/python3.12/site-packages/airflow/example_dags/example_subdag_operator.py
[2025-11-20T20:42:32.048+0500] {processor.py:830} INFO - Processing file /mnt/c/Users/Raj/OneDrive - Åbo Akademi O365/banking/venv/lib/python3.12/site-packages/airflow/example_dags/example_subdag_operator.py for tasks to queue
[2025-11-20T20:42:32.054+0500] {logging_mixin.py:188} INFO - [2025-11-20T20:42:32.052+0500] {dagbag.py:545} INFO - Filling up the DagBag from /mnt/c/Users/Raj/OneDrive - Åbo Akademi O365/banking/venv/lib/python3.12/site-packages/airflow/example_dags/example_subdag_operator.py
[2025-11-20T20:42:32.149+0500] {processor.py:840} INFO - DAG(s) 'example_subdag_operator.section-1', 'example_subdag_operator.section-2', 'example_subdag_operator' retrieved from /mnt/c/Users/Raj/OneDrive - Åbo Akademi O365/banking/venv/lib/python3.12/site-packages/airflow/example_dags/example_subdag_operator.py
[2025-11-20T20:42:32.195+0500] {logging_mixin.py:188} INFO - [2025-11-20T20:42:32.194+0500] {dag.py:3096} INFO - Sync 3 DAGs
[2025-11-20T20:42:32.234+0500] {logging_mixin.py:188} INFO - [2025-11-20T20:42:32.232+0500] {dag.py:3954} INFO - Setting next_dagrun for example_subdag_operator to 2022-01-01 00:00:00+00:00, run_after=2022-01-01 00:00:00+00:00
[2025-11-20T20:42:32.243+0500] {logging_mixin.py:188} INFO - [2025-11-20T20:42:32.241+0500] {dag.py:3954} INFO - Setting next_dagrun for example_subdag_operator.section-1 to None, run_after=None
[2025-11-20T20:42:32.249+0500] {logging_mixin.py:188} INFO - [2025-11-20T20:42:32.247+0500] {dag.py:3954} INFO - Setting next_dagrun for example_subdag_operator.section-2 to None, run_after=None
[2025-11-20T20:42:32.273+0500] {logging_mixin.py:188} INFO - [2025-11-20T20:42:32.272+0500] {dag.py:3096} INFO - Sync 2 DAGs
[2025-11-20T20:42:32.281+0500] {logging_mixin.py:188} INFO - [2025-11-20T20:42:32.280+0500] {dag.py:3954} INFO - Setting next_dagrun for example_subdag_operator.section-1 to None, run_after=None
[2025-11-20T20:42:32.284+0500] {logging_mixin.py:188} INFO - [2025-11-20T20:42:32.283+0500] {dag.py:3954} INFO - Setting next_dagrun for example_subdag_operator.section-2 to None, run_after=None
[2025-11-20T20:42:32.359+0500] {processor.py:183} INFO - Processing /mnt/c/Users/Raj/OneDrive - Åbo Akademi O365/banking/venv/lib/python3.12/site-packages/airflow/example_dags/example_subdag_operator.py took 0.334 seconds
[2025-11-20T20:43:53.684+0500] {processor.py:161} INFO - Started process (PID=13689) to work on /mnt/c/Users/Raj/OneDrive - Åbo Akademi O365/banking/venv/lib/python3.12/site-packages/airflow/example_dags/example_subdag_operator.py
[2025-11-20T20:43:53.687+0500] {processor.py:830} INFO - Processing file /mnt/c/Users/Raj/OneDrive - Åbo Akademi O365/banking/venv/lib/python3.12/site-packages/airflow/example_dags/example_subdag_operator.py for tasks to queue
[2025-11-20T20:43:53.694+0500] {logging_mixin.py:188} INFO - [2025-11-20T20:43:53.692+0500] {dagbag.py:545} INFO - Filling up the DagBag from /mnt/c/Users/Raj/OneDrive - Åbo Akademi O365/banking/venv/lib/python3.12/site-packages/airflow/example_dags/example_subdag_operator.py
[2025-11-20T20:43:53.788+0500] {processor.py:840} INFO - DAG(s) 'example_subdag_operator.section-1', 'example_subdag_operator.section-2', 'example_subdag_operator' retrieved from /mnt/c/Users/Raj/OneDrive - Åbo Akademi O365/banking/venv/lib/python3.12/site-packages/airflow/example_dags/example_subdag_operator.py
[2025-11-20T20:43:53.827+0500] {logging_mixin.py:188} INFO - [2025-11-20T20:43:53.826+0500] {dag.py:3096} INFO - Sync 3 DAGs
[2025-11-20T20:43:53.862+0500] {logging_mixin.py:188} INFO - [2025-11-20T20:43:53.860+0500] {dag.py:3954} INFO - Setting next_dagrun for example_subdag_operator to 2022-01-01 00:00:00+00:00, run_after=2022-01-01 00:00:00+00:00
[2025-11-20T20:43:53.872+0500] {logging_mixin.py:188} INFO - [2025-11-20T20:43:53.870+0500] {dag.py:3954} INFO - Setting next_dagrun for example_subdag_operator.section-1 to None, run_after=None
[2025-11-20T20:43:53.878+0500] {logging_mixin.py:188} INFO - [2025-11-20T20:43:53.877+0500] {dag.py:3954} INFO - Setting next_dagrun for example_subdag_operator.section-2 to None, run_after=None
[2025-11-20T20:43:53.901+0500] {logging_mixin.py:188} INFO - [2025-11-20T20:43:53.900+0500] {dag.py:3096} INFO - Sync 2 DAGs
[2025-11-20T20:43:53.908+0500] {logging_mixin.py:188} INFO - [2025-11-20T20:43:53.906+0500] {dag.py:3954} INFO - Setting next_dagrun for example_subdag_operator.section-1 to None, run_after=None
[2025-11-20T20:43:53.911+0500] {logging_mixin.py:188} INFO - [2025-11-20T20:43:53.910+0500] {dag.py:3954} INFO - Setting next_dagrun for example_subdag_operator.section-2 to None, run_after=None
[2025-11-20T20:43:53.990+0500] {processor.py:183} INFO - Processing /mnt/c/Users/Raj/OneDrive - Åbo Akademi O365/banking/venv/lib/python3.12/site-packages/airflow/example_dags/example_subdag_operator.py took 0.326 seconds
[2025-11-20T20:45:15.579+0500] {processor.py:161} INFO - Started process (PID=13995) to work on /mnt/c/Users/Raj/OneDrive - Åbo Akademi O365/banking/venv/lib/python3.12/site-packages/airflow/example_dags/example_subdag_operator.py
[2025-11-20T20:45:15.582+0500] {processor.py:830} INFO - Processing file /mnt/c/Users/Raj/OneDrive - Åbo Akademi O365/banking/venv/lib/python3.12/site-packages/airflow/example_dags/example_subdag_operator.py for tasks to queue
[2025-11-20T20:45:15.587+0500] {logging_mixin.py:188} INFO - [2025-11-20T20:45:15.586+0500] {dagbag.py:545} INFO - Filling up the DagBag from /mnt/c/Users/Raj/OneDrive - Åbo Akademi O365/banking/venv/lib/python3.12/site-packages/airflow/example_dags/example_subdag_operator.py
[2025-11-20T20:45:15.744+0500] {processor.py:840} INFO - DAG(s) 'example_subdag_operator.section-1', 'example_subdag_operator.section-2', 'example_subdag_operator' retrieved from /mnt/c/Users/Raj/OneDrive - Åbo Akademi O365/banking/venv/lib/python3.12/site-packages/airflow/example_dags/example_subdag_operator.py
[2025-11-20T20:45:15.798+0500] {logging_mixin.py:188} INFO - [2025-11-20T20:45:15.796+0500] {dag.py:3096} INFO - Sync 3 DAGs
[2025-11-20T20:45:15.835+0500] {logging_mixin.py:188} INFO - [2025-11-20T20:45:15.833+0500] {dag.py:3954} INFO - Setting next_dagrun for example_subdag_operator to 2022-01-01 00:00:00+00:00, run_after=2022-01-01 00:00:00+00:00
[2025-11-20T20:45:15.846+0500] {logging_mixin.py:188} INFO - [2025-11-20T20:45:15.844+0500] {dag.py:3954} INFO - Setting next_dagrun for example_subdag_operator.section-1 to None, run_after=None
[2025-11-20T20:45:15.851+0500] {logging_mixin.py:188} INFO - [2025-11-20T20:45:15.850+0500] {dag.py:3954} INFO - Setting next_dagrun for example_subdag_operator.section-2 to None, run_after=None
[2025-11-20T20:45:15.880+0500] {logging_mixin.py:188} INFO - [2025-11-20T20:45:15.878+0500] {dag.py:3096} INFO - Sync 2 DAGs
[2025-11-20T20:45:15.887+0500] {logging_mixin.py:188} INFO - [2025-11-20T20:45:15.885+0500] {dag.py:3954} INFO - Setting next_dagrun for example_subdag_operator.section-1 to None, run_after=None
[2025-11-20T20:45:15.890+0500] {logging_mixin.py:188} INFO - [2025-11-20T20:45:15.888+0500] {dag.py:3954} INFO - Setting next_dagrun for example_subdag_operator.section-2 to None, run_after=None
[2025-11-20T20:45:15.967+0500] {processor.py:183} INFO - Processing /mnt/c/Users/Raj/OneDrive - Åbo Akademi O365/banking/venv/lib/python3.12/site-packages/airflow/example_dags/example_subdag_operator.py took 0.405 seconds
[2025-11-20T20:46:30.608+0500] {processor.py:161} INFO - Started process (PID=14321) to work on /mnt/c/Users/Raj/OneDrive - Åbo Akademi O365/banking/venv/lib/python3.12/site-packages/airflow/example_dags/example_subdag_operator.py
[2025-11-20T20:46:30.612+0500] {processor.py:830} INFO - Processing file /mnt/c/Users/Raj/OneDrive - Åbo Akademi O365/banking/venv/lib/python3.12/site-packages/airflow/example_dags/example_subdag_operator.py for tasks to queue
[2025-11-20T20:46:30.618+0500] {logging_mixin.py:188} INFO - [2025-11-20T20:46:30.616+0500] {dagbag.py:545} INFO - Filling up the DagBag from /mnt/c/Users/Raj/OneDrive - Åbo Akademi O365/banking/venv/lib/python3.12/site-packages/airflow/example_dags/example_subdag_operator.py
[2025-11-20T20:46:30.726+0500] {processor.py:840} INFO - DAG(s) 'example_subdag_operator.section-1', 'example_subdag_operator.section-2', 'example_subdag_operator' retrieved from /mnt/c/Users/Raj/OneDrive - Åbo Akademi O365/banking/venv/lib/python3.12/site-packages/airflow/example_dags/example_subdag_operator.py
[2025-11-20T20:46:30.768+0500] {logging_mixin.py:188} INFO - [2025-11-20T20:46:30.766+0500] {dag.py:3096} INFO - Sync 3 DAGs
[2025-11-20T20:46:30.806+0500] {logging_mixin.py:188} INFO - [2025-11-20T20:46:30.804+0500] {dag.py:3954} INFO - Setting next_dagrun for example_subdag_operator to 2022-01-01 00:00:00+00:00, run_after=2022-01-01 00:00:00+00:00
[2025-11-20T20:46:30.817+0500] {logging_mixin.py:188} INFO - [2025-11-20T20:46:30.815+0500] {dag.py:3954} INFO - Setting next_dagrun for example_subdag_operator.section-1 to None, run_after=None
[2025-11-20T20:46:30.823+0500] {logging_mixin.py:188} INFO - [2025-11-20T20:46:30.822+0500] {dag.py:3954} INFO - Setting next_dagrun for example_subdag_operator.section-2 to None, run_after=None
[2025-11-20T20:46:30.846+0500] {logging_mixin.py:188} INFO - [2025-11-20T20:46:30.845+0500] {dag.py:3096} INFO - Sync 2 DAGs
[2025-11-20T20:46:30.856+0500] {logging_mixin.py:188} INFO - [2025-11-20T20:46:30.854+0500] {dag.py:3954} INFO - Setting next_dagrun for example_subdag_operator.section-1 to None, run_after=None
[2025-11-20T20:46:30.860+0500] {logging_mixin.py:188} INFO - [2025-11-20T20:46:30.858+0500] {dag.py:3954} INFO - Setting next_dagrun for example_subdag_operator.section-2 to None, run_after=None
[2025-11-20T20:46:30.935+0500] {processor.py:183} INFO - Processing /mnt/c/Users/Raj/OneDrive - Åbo Akademi O365/banking/venv/lib/python3.12/site-packages/airflow/example_dags/example_subdag_operator.py took 0.351 seconds
[2025-11-20T20:47:49.100+0500] {processor.py:161} INFO - Started process (PID=14682) to work on /mnt/c/Users/Raj/OneDrive - Åbo Akademi O365/banking/venv/lib/python3.12/site-packages/airflow/example_dags/example_subdag_operator.py
[2025-11-20T20:47:49.105+0500] {processor.py:830} INFO - Processing file /mnt/c/Users/Raj/OneDrive - Åbo Akademi O365/banking/venv/lib/python3.12/site-packages/airflow/example_dags/example_subdag_operator.py for tasks to queue
[2025-11-20T20:47:49.111+0500] {logging_mixin.py:188} INFO - [2025-11-20T20:47:49.109+0500] {dagbag.py:545} INFO - Filling up the DagBag from /mnt/c/Users/Raj/OneDrive - Åbo Akademi O365/banking/venv/lib/python3.12/site-packages/airflow/example_dags/example_subdag_operator.py
[2025-11-20T20:47:49.210+0500] {processor.py:840} INFO - DAG(s) 'example_subdag_operator.section-1', 'example_subdag_operator.section-2', 'example_subdag_operator' retrieved from /mnt/c/Users/Raj/OneDrive - Åbo Akademi O365/banking/venv/lib/python3.12/site-packages/airflow/example_dags/example_subdag_operator.py
[2025-11-20T20:47:49.250+0500] {logging_mixin.py:188} INFO - [2025-11-20T20:47:49.249+0500] {dag.py:3096} INFO - Sync 3 DAGs
[2025-11-20T20:47:49.287+0500] {logging_mixin.py:188} INFO - [2025-11-20T20:47:49.285+0500] {dag.py:3954} INFO - Setting next_dagrun for example_subdag_operator to 2022-01-01 00:00:00+00:00, run_after=2022-01-01 00:00:00+00:00
[2025-11-20T20:47:49.300+0500] {logging_mixin.py:188} INFO - [2025-11-20T20:47:49.298+0500] {dag.py:3954} INFO - Setting next_dagrun for example_subdag_operator.section-1 to None, run_after=None
[2025-11-20T20:47:49.307+0500] {logging_mixin.py:188} INFO - [2025-11-20T20:47:49.305+0500] {dag.py:3954} INFO - Setting next_dagrun for example_subdag_operator.section-2 to None, run_after=None
[2025-11-20T20:47:49.338+0500] {logging_mixin.py:188} INFO - [2025-11-20T20:47:49.337+0500] {dag.py:3096} INFO - Sync 2 DAGs
[2025-11-20T20:47:49.348+0500] {logging_mixin.py:188} INFO - [2025-11-20T20:47:49.346+0500] {dag.py:3954} INFO - Setting next_dagrun for example_subdag_operator.section-1 to None, run_after=None
[2025-11-20T20:47:49.352+0500] {logging_mixin.py:188} INFO - [2025-11-20T20:47:49.350+0500] {dag.py:3954} INFO - Setting next_dagrun for example_subdag_operator.section-2 to None, run_after=None
[2025-11-20T20:47:49.422+0500] {processor.py:183} INFO - Processing /mnt/c/Users/Raj/OneDrive - Åbo Akademi O365/banking/venv/lib/python3.12/site-packages/airflow/example_dags/example_subdag_operator.py took 0.342 seconds
[2025-11-20T20:49:05.653+0500] {processor.py:161} INFO - Started process (PID=15099) to work on /mnt/c/Users/Raj/OneDrive - Åbo Akademi O365/banking/venv/lib/python3.12/site-packages/airflow/example_dags/example_subdag_operator.py
[2025-11-20T20:49:05.655+0500] {processor.py:830} INFO - Processing file /mnt/c/Users/Raj/OneDrive - Åbo Akademi O365/banking/venv/lib/python3.12/site-packages/airflow/example_dags/example_subdag_operator.py for tasks to queue
[2025-11-20T20:49:05.659+0500] {logging_mixin.py:188} INFO - [2025-11-20T20:49:05.658+0500] {dagbag.py:545} INFO - Filling up the DagBag from /mnt/c/Users/Raj/OneDrive - Åbo Akademi O365/banking/venv/lib/python3.12/site-packages/airflow/example_dags/example_subdag_operator.py
[2025-11-20T20:49:05.727+0500] {processor.py:840} INFO - DAG(s) 'example_subdag_operator.section-1', 'example_subdag_operator.section-2', 'example_subdag_operator' retrieved from /mnt/c/Users/Raj/OneDrive - Åbo Akademi O365/banking/venv/lib/python3.12/site-packages/airflow/example_dags/example_subdag_operator.py
[2025-11-20T20:49:05.766+0500] {logging_mixin.py:188} INFO - [2025-11-20T20:49:05.764+0500] {dag.py:3096} INFO - Sync 3 DAGs
[2025-11-20T20:49:05.796+0500] {logging_mixin.py:188} INFO - [2025-11-20T20:49:05.795+0500] {dag.py:3954} INFO - Setting next_dagrun for example_subdag_operator to 2022-01-01 00:00:00+00:00, run_after=2022-01-01 00:00:00+00:00
[2025-11-20T20:49:05.808+0500] {logging_mixin.py:188} INFO - [2025-11-20T20:49:05.806+0500] {dag.py:3954} INFO - Setting next_dagrun for example_subdag_operator.section-1 to None, run_after=None
[2025-11-20T20:49:05.814+0500] {logging_mixin.py:188} INFO - [2025-11-20T20:49:05.812+0500] {dag.py:3954} INFO - Setting next_dagrun for example_subdag_operator.section-2 to None, run_after=None
[2025-11-20T20:49:05.880+0500] {logging_mixin.py:188} INFO - [2025-11-20T20:49:05.877+0500] {dag.py:3096} INFO - Sync 2 DAGs
[2025-11-20T20:49:05.902+0500] {logging_mixin.py:188} INFO - [2025-11-20T20:49:05.900+0500] {dag.py:3954} INFO - Setting next_dagrun for example_subdag_operator.section-1 to None, run_after=None
[2025-11-20T20:49:05.908+0500] {logging_mixin.py:188} INFO - [2025-11-20T20:49:05.907+0500] {dag.py:3954} INFO - Setting next_dagrun for example_subdag_operator.section-2 to None, run_after=None
[2025-11-20T20:49:05.989+0500] {processor.py:183} INFO - Processing /mnt/c/Users/Raj/OneDrive - Åbo Akademi O365/banking/venv/lib/python3.12/site-packages/airflow/example_dags/example_subdag_operator.py took 0.350 seconds
[2025-11-20T21:55:44.378+0500] {processor.py:161} INFO - Started process (PID=874) to work on /mnt/c/Users/Raj/OneDrive - Åbo Akademi O365/banking/venv/lib/python3.12/site-packages/airflow/example_dags/example_subdag_operator.py
[2025-11-20T21:55:44.381+0500] {processor.py:830} INFO - Processing file /mnt/c/Users/Raj/OneDrive - Åbo Akademi O365/banking/venv/lib/python3.12/site-packages/airflow/example_dags/example_subdag_operator.py for tasks to queue
[2025-11-20T21:55:44.387+0500] {logging_mixin.py:188} INFO - [2025-11-20T21:55:44.385+0500] {dagbag.py:545} INFO - Filling up the DagBag from /mnt/c/Users/Raj/OneDrive - Åbo Akademi O365/banking/venv/lib/python3.12/site-packages/airflow/example_dags/example_subdag_operator.py
[2025-11-20T21:55:44.512+0500] {processor.py:840} INFO - DAG(s) 'example_subdag_operator.section-1', 'example_subdag_operator.section-2', 'example_subdag_operator' retrieved from /mnt/c/Users/Raj/OneDrive - Åbo Akademi O365/banking/venv/lib/python3.12/site-packages/airflow/example_dags/example_subdag_operator.py
[2025-11-20T21:55:47.421+0500] {logging_mixin.py:188} INFO - [2025-11-20T21:55:47.420+0500] {dag.py:3096} INFO - Sync 3 DAGs
[2025-11-20T21:55:47.465+0500] {logging_mixin.py:188} INFO - [2025-11-20T21:55:47.463+0500] {dag.py:3954} INFO - Setting next_dagrun for example_subdag_operator to 2022-01-01 00:00:00+00:00, run_after=2022-01-01 00:00:00+00:00
[2025-11-20T21:55:47.475+0500] {logging_mixin.py:188} INFO - [2025-11-20T21:55:47.474+0500] {dag.py:3954} INFO - Setting next_dagrun for example_subdag_operator.section-1 to None, run_after=None
[2025-11-20T21:55:47.481+0500] {logging_mixin.py:188} INFO - [2025-11-20T21:55:47.480+0500] {dag.py:3954} INFO - Setting next_dagrun for example_subdag_operator.section-2 to None, run_after=None
[2025-11-20T21:55:47.523+0500] {logging_mixin.py:188} INFO - [2025-11-20T21:55:47.522+0500] {dag.py:3096} INFO - Sync 2 DAGs
[2025-11-20T21:55:47.531+0500] {logging_mixin.py:188} INFO - [2025-11-20T21:55:47.530+0500] {dag.py:3954} INFO - Setting next_dagrun for example_subdag_operator.section-1 to None, run_after=None
[2025-11-20T21:55:47.535+0500] {logging_mixin.py:188} INFO - [2025-11-20T21:55:47.534+0500] {dag.py:3954} INFO - Setting next_dagrun for example_subdag_operator.section-2 to None, run_after=None
[2025-11-20T21:55:47.630+0500] {processor.py:183} INFO - Processing /mnt/c/Users/Raj/OneDrive - Åbo Akademi O365/banking/venv/lib/python3.12/site-packages/airflow/example_dags/example_subdag_operator.py took 3.276 seconds
[2025-11-20T21:57:49.933+0500] {processor.py:161} INFO - Started process (PID=955) to work on /mnt/c/Users/Raj/OneDrive - Åbo Akademi O365/banking/venv/lib/python3.12/site-packages/airflow/example_dags/example_subdag_operator.py
[2025-11-20T21:57:49.936+0500] {processor.py:830} INFO - Processing file /mnt/c/Users/Raj/OneDrive - Åbo Akademi O365/banking/venv/lib/python3.12/site-packages/airflow/example_dags/example_subdag_operator.py for tasks to queue
[2025-11-20T21:57:49.942+0500] {logging_mixin.py:188} INFO - [2025-11-20T21:57:49.940+0500] {dagbag.py:545} INFO - Filling up the DagBag from /mnt/c/Users/Raj/OneDrive - Åbo Akademi O365/banking/venv/lib/python3.12/site-packages/airflow/example_dags/example_subdag_operator.py
[2025-11-20T21:57:50.026+0500] {processor.py:840} INFO - DAG(s) 'example_subdag_operator.section-1', 'example_subdag_operator.section-2', 'example_subdag_operator' retrieved from /mnt/c/Users/Raj/OneDrive - Åbo Akademi O365/banking/venv/lib/python3.12/site-packages/airflow/example_dags/example_subdag_operator.py
[2025-11-20T21:57:50.071+0500] {logging_mixin.py:188} INFO - [2025-11-20T21:57:50.069+0500] {dag.py:3096} INFO - Sync 3 DAGs
[2025-11-20T21:57:50.104+0500] {logging_mixin.py:188} INFO - [2025-11-20T21:57:50.103+0500] {dag.py:3954} INFO - Setting next_dagrun for example_subdag_operator to 2022-01-01 00:00:00+00:00, run_after=2022-01-01 00:00:00+00:00
[2025-11-20T21:57:50.112+0500] {logging_mixin.py:188} INFO - [2025-11-20T21:57:50.111+0500] {dag.py:3954} INFO - Setting next_dagrun for example_subdag_operator.section-1 to None, run_after=None
[2025-11-20T21:57:50.118+0500] {logging_mixin.py:188} INFO - [2025-11-20T21:57:50.116+0500] {dag.py:3954} INFO - Setting next_dagrun for example_subdag_operator.section-2 to None, run_after=None
[2025-11-20T21:57:50.140+0500] {logging_mixin.py:188} INFO - [2025-11-20T21:57:50.139+0500] {dag.py:3096} INFO - Sync 2 DAGs
[2025-11-20T21:57:50.147+0500] {logging_mixin.py:188} INFO - [2025-11-20T21:57:50.146+0500] {dag.py:3954} INFO - Setting next_dagrun for example_subdag_operator.section-1 to None, run_after=None
[2025-11-20T21:57:50.150+0500] {logging_mixin.py:188} INFO - [2025-11-20T21:57:50.149+0500] {dag.py:3954} INFO - Setting next_dagrun for example_subdag_operator.section-2 to None, run_after=None
[2025-11-20T21:57:50.215+0500] {processor.py:183} INFO - Processing /mnt/c/Users/Raj/OneDrive - Åbo Akademi O365/banking/venv/lib/python3.12/site-packages/airflow/example_dags/example_subdag_operator.py took 0.300 seconds
[2025-11-20T21:58:44.308+0500] {processor.py:161} INFO - Started process (PID=1025) to work on /mnt/c/Users/Raj/OneDrive - Åbo Akademi O365/banking/venv/lib/python3.12/site-packages/airflow/example_dags/example_subdag_operator.py
[2025-11-20T21:58:44.310+0500] {processor.py:830} INFO - Processing file /mnt/c/Users/Raj/OneDrive - Åbo Akademi O365/banking/venv/lib/python3.12/site-packages/airflow/example_dags/example_subdag_operator.py for tasks to queue
[2025-11-20T21:58:44.315+0500] {logging_mixin.py:188} INFO - [2025-11-20T21:58:44.314+0500] {dagbag.py:545} INFO - Filling up the DagBag from /mnt/c/Users/Raj/OneDrive - Åbo Akademi O365/banking/venv/lib/python3.12/site-packages/airflow/example_dags/example_subdag_operator.py
[2025-11-20T21:58:44.429+0500] {processor.py:840} INFO - DAG(s) 'example_subdag_operator.section-1', 'example_subdag_operator.section-2', 'example_subdag_operator' retrieved from /mnt/c/Users/Raj/OneDrive - Åbo Akademi O365/banking/venv/lib/python3.12/site-packages/airflow/example_dags/example_subdag_operator.py
[2025-11-20T21:58:44.488+0500] {logging_mixin.py:188} INFO - [2025-11-20T21:58:44.486+0500] {dag.py:3096} INFO - Sync 3 DAGs
[2025-11-20T21:58:44.543+0500] {logging_mixin.py:188} INFO - [2025-11-20T21:58:44.541+0500] {dag.py:3954} INFO - Setting next_dagrun for example_subdag_operator to 2022-01-01 00:00:00+00:00, run_after=2022-01-01 00:00:00+00:00
[2025-11-20T21:58:44.555+0500] {logging_mixin.py:188} INFO - [2025-11-20T21:58:44.553+0500] {dag.py:3954} INFO - Setting next_dagrun for example_subdag_operator.section-1 to None, run_after=None
[2025-11-20T21:58:44.561+0500] {logging_mixin.py:188} INFO - [2025-11-20T21:58:44.559+0500] {dag.py:3954} INFO - Setting next_dagrun for example_subdag_operator.section-2 to None, run_after=None
[2025-11-20T21:58:44.595+0500] {logging_mixin.py:188} INFO - [2025-11-20T21:58:44.593+0500] {dag.py:3096} INFO - Sync 2 DAGs
[2025-11-20T21:58:44.607+0500] {logging_mixin.py:188} INFO - [2025-11-20T21:58:44.605+0500] {dag.py:3954} INFO - Setting next_dagrun for example_subdag_operator.section-1 to None, run_after=None
[2025-11-20T21:58:44.610+0500] {logging_mixin.py:188} INFO - [2025-11-20T21:58:44.609+0500] {dag.py:3954} INFO - Setting next_dagrun for example_subdag_operator.section-2 to None, run_after=None
[2025-11-20T21:58:44.712+0500] {processor.py:183} INFO - Processing /mnt/c/Users/Raj/OneDrive - Åbo Akademi O365/banking/venv/lib/python3.12/site-packages/airflow/example_dags/example_subdag_operator.py took 0.427 seconds
[2025-11-20T22:00:04.775+0500] {processor.py:161} INFO - Started process (PID=1094) to work on /mnt/c/Users/Raj/OneDrive - Åbo Akademi O365/banking/venv/lib/python3.12/site-packages/airflow/example_dags/example_subdag_operator.py
[2025-11-20T22:00:04.777+0500] {processor.py:830} INFO - Processing file /mnt/c/Users/Raj/OneDrive - Åbo Akademi O365/banking/venv/lib/python3.12/site-packages/airflow/example_dags/example_subdag_operator.py for tasks to queue
[2025-11-20T22:00:04.781+0500] {logging_mixin.py:188} INFO - [2025-11-20T22:00:04.780+0500] {dagbag.py:545} INFO - Filling up the DagBag from /mnt/c/Users/Raj/OneDrive - Åbo Akademi O365/banking/venv/lib/python3.12/site-packages/airflow/example_dags/example_subdag_operator.py
[2025-11-20T22:00:04.859+0500] {processor.py:840} INFO - DAG(s) 'example_subdag_operator.section-1', 'example_subdag_operator.section-2', 'example_subdag_operator' retrieved from /mnt/c/Users/Raj/OneDrive - Åbo Akademi O365/banking/venv/lib/python3.12/site-packages/airflow/example_dags/example_subdag_operator.py
[2025-11-20T22:00:04.911+0500] {logging_mixin.py:188} INFO - [2025-11-20T22:00:04.909+0500] {dag.py:3096} INFO - Sync 3 DAGs
[2025-11-20T22:00:04.952+0500] {logging_mixin.py:188} INFO - [2025-11-20T22:00:04.950+0500] {dag.py:3954} INFO - Setting next_dagrun for example_subdag_operator to 2022-01-01 00:00:00+00:00, run_after=2022-01-01 00:00:00+00:00
[2025-11-20T22:00:04.961+0500] {logging_mixin.py:188} INFO - [2025-11-20T22:00:04.960+0500] {dag.py:3954} INFO - Setting next_dagrun for example_subdag_operator.section-1 to None, run_after=None
[2025-11-20T22:00:04.968+0500] {logging_mixin.py:188} INFO - [2025-11-20T22:00:04.967+0500] {dag.py:3954} INFO - Setting next_dagrun for example_subdag_operator.section-2 to None, run_after=None
[2025-11-20T22:00:04.997+0500] {logging_mixin.py:188} INFO - [2025-11-20T22:00:04.996+0500] {dag.py:3096} INFO - Sync 2 DAGs
[2025-11-20T22:00:05.004+0500] {logging_mixin.py:188} INFO - [2025-11-20T22:00:05.002+0500] {dag.py:3954} INFO - Setting next_dagrun for example_subdag_operator.section-1 to None, run_after=None
[2025-11-20T22:00:05.006+0500] {logging_mixin.py:188} INFO - [2025-11-20T22:00:05.005+0500] {dag.py:3954} INFO - Setting next_dagrun for example_subdag_operator.section-2 to None, run_after=None
[2025-11-20T22:00:05.083+0500] {processor.py:183} INFO - Processing /mnt/c/Users/Raj/OneDrive - Åbo Akademi O365/banking/venv/lib/python3.12/site-packages/airflow/example_dags/example_subdag_operator.py took 0.321 seconds
[2025-11-20T22:01:31.406+0500] {processor.py:161} INFO - Started process (PID=1154) to work on /mnt/c/Users/Raj/OneDrive - Åbo Akademi O365/banking/venv/lib/python3.12/site-packages/airflow/example_dags/example_subdag_operator.py
[2025-11-20T22:01:31.409+0500] {processor.py:830} INFO - Processing file /mnt/c/Users/Raj/OneDrive - Åbo Akademi O365/banking/venv/lib/python3.12/site-packages/airflow/example_dags/example_subdag_operator.py for tasks to queue
[2025-11-20T22:01:31.414+0500] {logging_mixin.py:188} INFO - [2025-11-20T22:01:31.412+0500] {dagbag.py:545} INFO - Filling up the DagBag from /mnt/c/Users/Raj/OneDrive - Åbo Akademi O365/banking/venv/lib/python3.12/site-packages/airflow/example_dags/example_subdag_operator.py
[2025-11-20T22:01:31.523+0500] {processor.py:840} INFO - DAG(s) 'example_subdag_operator.section-1', 'example_subdag_operator.section-2', 'example_subdag_operator' retrieved from /mnt/c/Users/Raj/OneDrive - Åbo Akademi O365/banking/venv/lib/python3.12/site-packages/airflow/example_dags/example_subdag_operator.py
[2025-11-20T22:01:31.573+0500] {logging_mixin.py:188} INFO - [2025-11-20T22:01:31.572+0500] {dag.py:3096} INFO - Sync 3 DAGs
[2025-11-20T22:01:31.624+0500] {logging_mixin.py:188} INFO - [2025-11-20T22:01:31.622+0500] {dag.py:3954} INFO - Setting next_dagrun for example_subdag_operator to 2022-01-01 00:00:00+00:00, run_after=2022-01-01 00:00:00+00:00
[2025-11-20T22:01:31.635+0500] {logging_mixin.py:188} INFO - [2025-11-20T22:01:31.634+0500] {dag.py:3954} INFO - Setting next_dagrun for example_subdag_operator.section-1 to None, run_after=None
[2025-11-20T22:01:31.643+0500] {logging_mixin.py:188} INFO - [2025-11-20T22:01:31.641+0500] {dag.py:3954} INFO - Setting next_dagrun for example_subdag_operator.section-2 to None, run_after=None
[2025-11-20T22:01:31.672+0500] {logging_mixin.py:188} INFO - [2025-11-20T22:01:31.670+0500] {dag.py:3096} INFO - Sync 2 DAGs
[2025-11-20T22:01:31.685+0500] {logging_mixin.py:188} INFO - [2025-11-20T22:01:31.684+0500] {dag.py:3954} INFO - Setting next_dagrun for example_subdag_operator.section-1 to None, run_after=None
[2025-11-20T22:01:31.689+0500] {logging_mixin.py:188} INFO - [2025-11-20T22:01:31.687+0500] {dag.py:3954} INFO - Setting next_dagrun for example_subdag_operator.section-2 to None, run_after=None
[2025-11-20T22:01:31.768+0500] {processor.py:183} INFO - Processing /mnt/c/Users/Raj/OneDrive - Åbo Akademi O365/banking/venv/lib/python3.12/site-packages/airflow/example_dags/example_subdag_operator.py took 0.384 seconds
[2025-11-20T22:02:51.836+0500] {processor.py:161} INFO - Started process (PID=1218) to work on /mnt/c/Users/Raj/OneDrive - Åbo Akademi O365/banking/venv/lib/python3.12/site-packages/airflow/example_dags/example_subdag_operator.py
[2025-11-20T22:02:51.840+0500] {processor.py:830} INFO - Processing file /mnt/c/Users/Raj/OneDrive - Åbo Akademi O365/banking/venv/lib/python3.12/site-packages/airflow/example_dags/example_subdag_operator.py for tasks to queue
[2025-11-20T22:02:51.846+0500] {logging_mixin.py:188} INFO - [2025-11-20T22:02:51.844+0500] {dagbag.py:545} INFO - Filling up the DagBag from /mnt/c/Users/Raj/OneDrive - Åbo Akademi O365/banking/venv/lib/python3.12/site-packages/airflow/example_dags/example_subdag_operator.py
[2025-11-20T22:02:51.940+0500] {processor.py:840} INFO - DAG(s) 'example_subdag_operator.section-1', 'example_subdag_operator.section-2', 'example_subdag_operator' retrieved from /mnt/c/Users/Raj/OneDrive - Åbo Akademi O365/banking/venv/lib/python3.12/site-packages/airflow/example_dags/example_subdag_operator.py
[2025-11-20T22:02:51.981+0500] {logging_mixin.py:188} INFO - [2025-11-20T22:02:51.979+0500] {dag.py:3096} INFO - Sync 3 DAGs
[2025-11-20T22:02:52.018+0500] {logging_mixin.py:188} INFO - [2025-11-20T22:02:52.016+0500] {dag.py:3954} INFO - Setting next_dagrun for example_subdag_operator to 2022-01-01 00:00:00+00:00, run_after=2022-01-01 00:00:00+00:00
[2025-11-20T22:02:52.027+0500] {logging_mixin.py:188} INFO - [2025-11-20T22:02:52.026+0500] {dag.py:3954} INFO - Setting next_dagrun for example_subdag_operator.section-1 to None, run_after=None
[2025-11-20T22:02:52.034+0500] {logging_mixin.py:188} INFO - [2025-11-20T22:02:52.033+0500] {dag.py:3954} INFO - Setting next_dagrun for example_subdag_operator.section-2 to None, run_after=None
[2025-11-20T22:02:52.061+0500] {logging_mixin.py:188} INFO - [2025-11-20T22:02:52.060+0500] {dag.py:3096} INFO - Sync 2 DAGs
[2025-11-20T22:02:52.072+0500] {logging_mixin.py:188} INFO - [2025-11-20T22:02:52.070+0500] {dag.py:3954} INFO - Setting next_dagrun for example_subdag_operator.section-1 to None, run_after=None
[2025-11-20T22:02:52.075+0500] {logging_mixin.py:188} INFO - [2025-11-20T22:02:52.074+0500] {dag.py:3954} INFO - Setting next_dagrun for example_subdag_operator.section-2 to None, run_after=None
[2025-11-20T22:02:52.171+0500] {processor.py:183} INFO - Processing /mnt/c/Users/Raj/OneDrive - Åbo Akademi O365/banking/venv/lib/python3.12/site-packages/airflow/example_dags/example_subdag_operator.py took 0.356 seconds
[2025-11-20T22:04:19.112+0500] {processor.py:161} INFO - Started process (PID=1287) to work on /mnt/c/Users/Raj/OneDrive - Åbo Akademi O365/banking/venv/lib/python3.12/site-packages/airflow/example_dags/example_subdag_operator.py
[2025-11-20T22:04:19.115+0500] {processor.py:830} INFO - Processing file /mnt/c/Users/Raj/OneDrive - Åbo Akademi O365/banking/venv/lib/python3.12/site-packages/airflow/example_dags/example_subdag_operator.py for tasks to queue
[2025-11-20T22:04:19.121+0500] {logging_mixin.py:188} INFO - [2025-11-20T22:04:19.119+0500] {dagbag.py:545} INFO - Filling up the DagBag from /mnt/c/Users/Raj/OneDrive - Åbo Akademi O365/banking/venv/lib/python3.12/site-packages/airflow/example_dags/example_subdag_operator.py
[2025-11-20T22:04:19.209+0500] {processor.py:840} INFO - DAG(s) 'example_subdag_operator.section-1', 'example_subdag_operator.section-2', 'example_subdag_operator' retrieved from /mnt/c/Users/Raj/OneDrive - Åbo Akademi O365/banking/venv/lib/python3.12/site-packages/airflow/example_dags/example_subdag_operator.py
[2025-11-20T22:04:19.245+0500] {logging_mixin.py:188} INFO - [2025-11-20T22:04:19.244+0500] {dag.py:3096} INFO - Sync 3 DAGs
[2025-11-20T22:04:19.281+0500] {logging_mixin.py:188} INFO - [2025-11-20T22:04:19.280+0500] {dag.py:3954} INFO - Setting next_dagrun for example_subdag_operator to 2022-01-01 00:00:00+00:00, run_after=2022-01-01 00:00:00+00:00
[2025-11-20T22:04:19.291+0500] {logging_mixin.py:188} INFO - [2025-11-20T22:04:19.290+0500] {dag.py:3954} INFO - Setting next_dagrun for example_subdag_operator.section-1 to None, run_after=None
[2025-11-20T22:04:19.297+0500] {logging_mixin.py:188} INFO - [2025-11-20T22:04:19.295+0500] {dag.py:3954} INFO - Setting next_dagrun for example_subdag_operator.section-2 to None, run_after=None
[2025-11-20T22:04:19.321+0500] {logging_mixin.py:188} INFO - [2025-11-20T22:04:19.319+0500] {dag.py:3096} INFO - Sync 2 DAGs
[2025-11-20T22:04:19.330+0500] {logging_mixin.py:188} INFO - [2025-11-20T22:04:19.328+0500] {dag.py:3954} INFO - Setting next_dagrun for example_subdag_operator.section-1 to None, run_after=None
[2025-11-20T22:04:19.333+0500] {logging_mixin.py:188} INFO - [2025-11-20T22:04:19.332+0500] {dag.py:3954} INFO - Setting next_dagrun for example_subdag_operator.section-2 to None, run_after=None
[2025-11-20T22:04:19.414+0500] {processor.py:183} INFO - Processing /mnt/c/Users/Raj/OneDrive - Åbo Akademi O365/banking/venv/lib/python3.12/site-packages/airflow/example_dags/example_subdag_operator.py took 0.322 seconds
[2025-11-20T22:05:40.014+0500] {processor.py:161} INFO - Started process (PID=1348) to work on /mnt/c/Users/Raj/OneDrive - Åbo Akademi O365/banking/venv/lib/python3.12/site-packages/airflow/example_dags/example_subdag_operator.py
[2025-11-20T22:05:40.017+0500] {processor.py:830} INFO - Processing file /mnt/c/Users/Raj/OneDrive - Åbo Akademi O365/banking/venv/lib/python3.12/site-packages/airflow/example_dags/example_subdag_operator.py for tasks to queue
[2025-11-20T22:05:40.021+0500] {logging_mixin.py:188} INFO - [2025-11-20T22:05:40.020+0500] {dagbag.py:545} INFO - Filling up the DagBag from /mnt/c/Users/Raj/OneDrive - Åbo Akademi O365/banking/venv/lib/python3.12/site-packages/airflow/example_dags/example_subdag_operator.py
[2025-11-20T22:05:40.114+0500] {processor.py:840} INFO - DAG(s) 'example_subdag_operator.section-1', 'example_subdag_operator.section-2', 'example_subdag_operator' retrieved from /mnt/c/Users/Raj/OneDrive - Åbo Akademi O365/banking/venv/lib/python3.12/site-packages/airflow/example_dags/example_subdag_operator.py
[2025-11-20T22:05:40.164+0500] {logging_mixin.py:188} INFO - [2025-11-20T22:05:40.162+0500] {dag.py:3096} INFO - Sync 3 DAGs
[2025-11-20T22:05:40.194+0500] {logging_mixin.py:188} INFO - [2025-11-20T22:05:40.193+0500] {dag.py:3954} INFO - Setting next_dagrun for example_subdag_operator to 2022-01-01 00:00:00+00:00, run_after=2022-01-01 00:00:00+00:00
[2025-11-20T22:05:40.202+0500] {logging_mixin.py:188} INFO - [2025-11-20T22:05:40.201+0500] {dag.py:3954} INFO - Setting next_dagrun for example_subdag_operator.section-1 to None, run_after=None
[2025-11-20T22:05:40.205+0500] {logging_mixin.py:188} INFO - [2025-11-20T22:05:40.205+0500] {dag.py:3954} INFO - Setting next_dagrun for example_subdag_operator.section-2 to None, run_after=None
[2025-11-20T22:05:40.223+0500] {logging_mixin.py:188} INFO - [2025-11-20T22:05:40.222+0500] {dag.py:3096} INFO - Sync 2 DAGs
[2025-11-20T22:05:40.231+0500] {logging_mixin.py:188} INFO - [2025-11-20T22:05:40.230+0500] {dag.py:3954} INFO - Setting next_dagrun for example_subdag_operator.section-1 to None, run_after=None
[2025-11-20T22:05:40.234+0500] {logging_mixin.py:188} INFO - [2025-11-20T22:05:40.233+0500] {dag.py:3954} INFO - Setting next_dagrun for example_subdag_operator.section-2 to None, run_after=None
[2025-11-20T22:05:40.318+0500] {processor.py:183} INFO - Processing /mnt/c/Users/Raj/OneDrive - Åbo Akademi O365/banking/venv/lib/python3.12/site-packages/airflow/example_dags/example_subdag_operator.py took 0.323 seconds
[2025-11-20T22:07:05.227+0500] {processor.py:161} INFO - Started process (PID=1413) to work on /mnt/c/Users/Raj/OneDrive - Åbo Akademi O365/banking/venv/lib/python3.12/site-packages/airflow/example_dags/example_subdag_operator.py
[2025-11-20T22:07:05.230+0500] {processor.py:830} INFO - Processing file /mnt/c/Users/Raj/OneDrive - Åbo Akademi O365/banking/venv/lib/python3.12/site-packages/airflow/example_dags/example_subdag_operator.py for tasks to queue
[2025-11-20T22:07:05.234+0500] {logging_mixin.py:188} INFO - [2025-11-20T22:07:05.232+0500] {dagbag.py:545} INFO - Filling up the DagBag from /mnt/c/Users/Raj/OneDrive - Åbo Akademi O365/banking/venv/lib/python3.12/site-packages/airflow/example_dags/example_subdag_operator.py
[2025-11-20T22:07:05.338+0500] {processor.py:840} INFO - DAG(s) 'example_subdag_operator.section-1', 'example_subdag_operator.section-2', 'example_subdag_operator' retrieved from /mnt/c/Users/Raj/OneDrive - Åbo Akademi O365/banking/venv/lib/python3.12/site-packages/airflow/example_dags/example_subdag_operator.py
[2025-11-20T22:07:05.382+0500] {logging_mixin.py:188} INFO - [2025-11-20T22:07:05.380+0500] {dag.py:3096} INFO - Sync 3 DAGs
[2025-11-20T22:07:05.417+0500] {logging_mixin.py:188} INFO - [2025-11-20T22:07:05.415+0500] {dag.py:3954} INFO - Setting next_dagrun for example_subdag_operator to 2022-01-01 00:00:00+00:00, run_after=2022-01-01 00:00:00+00:00
[2025-11-20T22:07:05.426+0500] {logging_mixin.py:188} INFO - [2025-11-20T22:07:05.425+0500] {dag.py:3954} INFO - Setting next_dagrun for example_subdag_operator.section-1 to None, run_after=None
[2025-11-20T22:07:05.432+0500] {logging_mixin.py:188} INFO - [2025-11-20T22:07:05.431+0500] {dag.py:3954} INFO - Setting next_dagrun for example_subdag_operator.section-2 to None, run_after=None
[2025-11-20T22:07:05.457+0500] {logging_mixin.py:188} INFO - [2025-11-20T22:07:05.455+0500] {dag.py:3096} INFO - Sync 2 DAGs
[2025-11-20T22:07:05.464+0500] {logging_mixin.py:188} INFO - [2025-11-20T22:07:05.463+0500] {dag.py:3954} INFO - Setting next_dagrun for example_subdag_operator.section-1 to None, run_after=None
[2025-11-20T22:07:05.468+0500] {logging_mixin.py:188} INFO - [2025-11-20T22:07:05.466+0500] {dag.py:3954} INFO - Setting next_dagrun for example_subdag_operator.section-2 to None, run_after=None
[2025-11-20T22:07:05.540+0500] {processor.py:183} INFO - Processing /mnt/c/Users/Raj/OneDrive - Åbo Akademi O365/banking/venv/lib/python3.12/site-packages/airflow/example_dags/example_subdag_operator.py took 0.335 seconds
[2025-11-20T22:08:34.013+0500] {processor.py:161} INFO - Started process (PID=1477) to work on /mnt/c/Users/Raj/OneDrive - Åbo Akademi O365/banking/venv/lib/python3.12/site-packages/airflow/example_dags/example_subdag_operator.py
[2025-11-20T22:08:34.025+0500] {processor.py:830} INFO - Processing file /mnt/c/Users/Raj/OneDrive - Åbo Akademi O365/banking/venv/lib/python3.12/site-packages/airflow/example_dags/example_subdag_operator.py for tasks to queue
[2025-11-20T22:08:34.029+0500] {logging_mixin.py:188} INFO - [2025-11-20T22:08:34.027+0500] {dagbag.py:545} INFO - Filling up the DagBag from /mnt/c/Users/Raj/OneDrive - Åbo Akademi O365/banking/venv/lib/python3.12/site-packages/airflow/example_dags/example_subdag_operator.py
[2025-11-20T22:08:34.124+0500] {processor.py:840} INFO - DAG(s) 'example_subdag_operator.section-1', 'example_subdag_operator.section-2', 'example_subdag_operator' retrieved from /mnt/c/Users/Raj/OneDrive - Åbo Akademi O365/banking/venv/lib/python3.12/site-packages/airflow/example_dags/example_subdag_operator.py
[2025-11-20T22:08:34.171+0500] {logging_mixin.py:188} INFO - [2025-11-20T22:08:34.170+0500] {dag.py:3096} INFO - Sync 3 DAGs
[2025-11-20T22:08:34.211+0500] {logging_mixin.py:188} INFO - [2025-11-20T22:08:34.209+0500] {dag.py:3954} INFO - Setting next_dagrun for example_subdag_operator to 2022-01-01 00:00:00+00:00, run_after=2022-01-01 00:00:00+00:00
[2025-11-20T22:08:34.224+0500] {logging_mixin.py:188} INFO - [2025-11-20T22:08:34.222+0500] {dag.py:3954} INFO - Setting next_dagrun for example_subdag_operator.section-1 to None, run_after=None
[2025-11-20T22:08:34.231+0500] {logging_mixin.py:188} INFO - [2025-11-20T22:08:34.229+0500] {dag.py:3954} INFO - Setting next_dagrun for example_subdag_operator.section-2 to None, run_after=None
[2025-11-20T22:08:34.264+0500] {logging_mixin.py:188} INFO - [2025-11-20T22:08:34.262+0500] {dag.py:3096} INFO - Sync 2 DAGs
[2025-11-20T22:08:34.276+0500] {logging_mixin.py:188} INFO - [2025-11-20T22:08:34.274+0500] {dag.py:3954} INFO - Setting next_dagrun for example_subdag_operator.section-1 to None, run_after=None
[2025-11-20T22:08:34.283+0500] {logging_mixin.py:188} INFO - [2025-11-20T22:08:34.281+0500] {dag.py:3954} INFO - Setting next_dagrun for example_subdag_operator.section-2 to None, run_after=None
[2025-11-20T22:08:34.377+0500] {processor.py:183} INFO - Processing /mnt/c/Users/Raj/OneDrive - Åbo Akademi O365/banking/venv/lib/python3.12/site-packages/airflow/example_dags/example_subdag_operator.py took 0.389 seconds
[2025-11-20T22:10:10.472+0500] {processor.py:161} INFO - Started process (PID=1544) to work on /mnt/c/Users/Raj/OneDrive - Åbo Akademi O365/banking/venv/lib/python3.12/site-packages/airflow/example_dags/example_subdag_operator.py
[2025-11-20T22:10:10.475+0500] {processor.py:830} INFO - Processing file /mnt/c/Users/Raj/OneDrive - Åbo Akademi O365/banking/venv/lib/python3.12/site-packages/airflow/example_dags/example_subdag_operator.py for tasks to queue
[2025-11-20T22:10:10.480+0500] {logging_mixin.py:188} INFO - [2025-11-20T22:10:10.478+0500] {dagbag.py:545} INFO - Filling up the DagBag from /mnt/c/Users/Raj/OneDrive - Åbo Akademi O365/banking/venv/lib/python3.12/site-packages/airflow/example_dags/example_subdag_operator.py
[2025-11-20T22:10:10.593+0500] {processor.py:840} INFO - DAG(s) 'example_subdag_operator.section-1', 'example_subdag_operator.section-2', 'example_subdag_operator' retrieved from /mnt/c/Users/Raj/OneDrive - Åbo Akademi O365/banking/venv/lib/python3.12/site-packages/airflow/example_dags/example_subdag_operator.py
[2025-11-20T22:10:10.644+0500] {logging_mixin.py:188} INFO - [2025-11-20T22:10:10.642+0500] {dag.py:3096} INFO - Sync 3 DAGs
[2025-11-20T22:10:10.691+0500] {logging_mixin.py:188} INFO - [2025-11-20T22:10:10.689+0500] {dag.py:3954} INFO - Setting next_dagrun for example_subdag_operator to 2022-01-01 00:00:00+00:00, run_after=2022-01-01 00:00:00+00:00
[2025-11-20T22:10:10.701+0500] {logging_mixin.py:188} INFO - [2025-11-20T22:10:10.700+0500] {dag.py:3954} INFO - Setting next_dagrun for example_subdag_operator.section-1 to None, run_after=None
[2025-11-20T22:10:10.709+0500] {logging_mixin.py:188} INFO - [2025-11-20T22:10:10.707+0500] {dag.py:3954} INFO - Setting next_dagrun for example_subdag_operator.section-2 to None, run_after=None
[2025-11-20T22:10:10.736+0500] {logging_mixin.py:188} INFO - [2025-11-20T22:10:10.735+0500] {dag.py:3096} INFO - Sync 2 DAGs
[2025-11-20T22:10:10.745+0500] {logging_mixin.py:188} INFO - [2025-11-20T22:10:10.744+0500] {dag.py:3954} INFO - Setting next_dagrun for example_subdag_operator.section-1 to None, run_after=None
[2025-11-20T22:10:10.748+0500] {logging_mixin.py:188} INFO - [2025-11-20T22:10:10.747+0500] {dag.py:3954} INFO - Setting next_dagrun for example_subdag_operator.section-2 to None, run_after=None
[2025-11-20T22:10:10.829+0500] {processor.py:183} INFO - Processing /mnt/c/Users/Raj/OneDrive - Åbo Akademi O365/banking/venv/lib/python3.12/site-packages/airflow/example_dags/example_subdag_operator.py took 0.394 seconds
[2025-11-20T22:11:36.134+0500] {processor.py:161} INFO - Started process (PID=1616) to work on /mnt/c/Users/Raj/OneDrive - Åbo Akademi O365/banking/venv/lib/python3.12/site-packages/airflow/example_dags/example_subdag_operator.py
[2025-11-20T22:11:36.137+0500] {processor.py:830} INFO - Processing file /mnt/c/Users/Raj/OneDrive - Åbo Akademi O365/banking/venv/lib/python3.12/site-packages/airflow/example_dags/example_subdag_operator.py for tasks to queue
[2025-11-20T22:11:36.145+0500] {logging_mixin.py:188} INFO - [2025-11-20T22:11:36.143+0500] {dagbag.py:545} INFO - Filling up the DagBag from /mnt/c/Users/Raj/OneDrive - Åbo Akademi O365/banking/venv/lib/python3.12/site-packages/airflow/example_dags/example_subdag_operator.py
[2025-11-20T22:11:36.256+0500] {processor.py:840} INFO - DAG(s) 'example_subdag_operator.section-1', 'example_subdag_operator.section-2', 'example_subdag_operator' retrieved from /mnt/c/Users/Raj/OneDrive - Åbo Akademi O365/banking/venv/lib/python3.12/site-packages/airflow/example_dags/example_subdag_operator.py
[2025-11-20T22:11:36.306+0500] {logging_mixin.py:188} INFO - [2025-11-20T22:11:36.304+0500] {dag.py:3096} INFO - Sync 3 DAGs
[2025-11-20T22:11:36.350+0500] {logging_mixin.py:188} INFO - [2025-11-20T22:11:36.348+0500] {dag.py:3954} INFO - Setting next_dagrun for example_subdag_operator to 2022-01-01 00:00:00+00:00, run_after=2022-01-01 00:00:00+00:00
[2025-11-20T22:11:36.362+0500] {logging_mixin.py:188} INFO - [2025-11-20T22:11:36.360+0500] {dag.py:3954} INFO - Setting next_dagrun for example_subdag_operator.section-1 to None, run_after=None
[2025-11-20T22:11:36.367+0500] {logging_mixin.py:188} INFO - [2025-11-20T22:11:36.366+0500] {dag.py:3954} INFO - Setting next_dagrun for example_subdag_operator.section-2 to None, run_after=None
[2025-11-20T22:11:36.392+0500] {logging_mixin.py:188} INFO - [2025-11-20T22:11:36.390+0500] {dag.py:3096} INFO - Sync 2 DAGs
[2025-11-20T22:11:36.406+0500] {logging_mixin.py:188} INFO - [2025-11-20T22:11:36.404+0500] {dag.py:3954} INFO - Setting next_dagrun for example_subdag_operator.section-1 to None, run_after=None
[2025-11-20T22:11:36.410+0500] {logging_mixin.py:188} INFO - [2025-11-20T22:11:36.408+0500] {dag.py:3954} INFO - Setting next_dagrun for example_subdag_operator.section-2 to None, run_after=None
[2025-11-20T22:11:36.491+0500] {processor.py:183} INFO - Processing /mnt/c/Users/Raj/OneDrive - Åbo Akademi O365/banking/venv/lib/python3.12/site-packages/airflow/example_dags/example_subdag_operator.py took 0.379 seconds
[2025-11-20T22:12:56.733+0500] {processor.py:161} INFO - Started process (PID=1678) to work on /mnt/c/Users/Raj/OneDrive - Åbo Akademi O365/banking/venv/lib/python3.12/site-packages/airflow/example_dags/example_subdag_operator.py
[2025-11-20T22:12:56.737+0500] {processor.py:830} INFO - Processing file /mnt/c/Users/Raj/OneDrive - Åbo Akademi O365/banking/venv/lib/python3.12/site-packages/airflow/example_dags/example_subdag_operator.py for tasks to queue
[2025-11-20T22:12:56.741+0500] {logging_mixin.py:188} INFO - [2025-11-20T22:12:56.739+0500] {dagbag.py:545} INFO - Filling up the DagBag from /mnt/c/Users/Raj/OneDrive - Åbo Akademi O365/banking/venv/lib/python3.12/site-packages/airflow/example_dags/example_subdag_operator.py
[2025-11-20T22:12:56.846+0500] {processor.py:840} INFO - DAG(s) 'example_subdag_operator.section-1', 'example_subdag_operator.section-2', 'example_subdag_operator' retrieved from /mnt/c/Users/Raj/OneDrive - Åbo Akademi O365/banking/venv/lib/python3.12/site-packages/airflow/example_dags/example_subdag_operator.py
[2025-11-20T22:12:56.899+0500] {logging_mixin.py:188} INFO - [2025-11-20T22:12:56.897+0500] {dag.py:3096} INFO - Sync 3 DAGs
[2025-11-20T22:12:56.939+0500] {logging_mixin.py:188} INFO - [2025-11-20T22:12:56.938+0500] {dag.py:3954} INFO - Setting next_dagrun for example_subdag_operator to 2022-01-01 00:00:00+00:00, run_after=2022-01-01 00:00:00+00:00
[2025-11-20T22:12:56.951+0500] {logging_mixin.py:188} INFO - [2025-11-20T22:12:56.949+0500] {dag.py:3954} INFO - Setting next_dagrun for example_subdag_operator.section-1 to None, run_after=None
[2025-11-20T22:12:56.958+0500] {logging_mixin.py:188} INFO - [2025-11-20T22:12:56.956+0500] {dag.py:3954} INFO - Setting next_dagrun for example_subdag_operator.section-2 to None, run_after=None
[2025-11-20T22:12:56.988+0500] {logging_mixin.py:188} INFO - [2025-11-20T22:12:56.987+0500] {dag.py:3096} INFO - Sync 2 DAGs
[2025-11-20T22:12:57.000+0500] {logging_mixin.py:188} INFO - [2025-11-20T22:12:56.998+0500] {dag.py:3954} INFO - Setting next_dagrun for example_subdag_operator.section-1 to None, run_after=None
[2025-11-20T22:12:57.003+0500] {logging_mixin.py:188} INFO - [2025-11-20T22:12:57.001+0500] {dag.py:3954} INFO - Setting next_dagrun for example_subdag_operator.section-2 to None, run_after=None
[2025-11-20T22:12:57.097+0500] {processor.py:183} INFO - Processing /mnt/c/Users/Raj/OneDrive - Åbo Akademi O365/banking/venv/lib/python3.12/site-packages/airflow/example_dags/example_subdag_operator.py took 0.392 seconds
[2025-11-20T22:14:25.173+0500] {processor.py:161} INFO - Started process (PID=1743) to work on /mnt/c/Users/Raj/OneDrive - Åbo Akademi O365/banking/venv/lib/python3.12/site-packages/airflow/example_dags/example_subdag_operator.py
[2025-11-20T22:14:25.177+0500] {processor.py:830} INFO - Processing file /mnt/c/Users/Raj/OneDrive - Åbo Akademi O365/banking/venv/lib/python3.12/site-packages/airflow/example_dags/example_subdag_operator.py for tasks to queue
[2025-11-20T22:14:25.181+0500] {logging_mixin.py:188} INFO - [2025-11-20T22:14:25.179+0500] {dagbag.py:545} INFO - Filling up the DagBag from /mnt/c/Users/Raj/OneDrive - Åbo Akademi O365/banking/venv/lib/python3.12/site-packages/airflow/example_dags/example_subdag_operator.py
[2025-11-20T22:14:25.262+0500] {processor.py:840} INFO - DAG(s) 'example_subdag_operator.section-1', 'example_subdag_operator.section-2', 'example_subdag_operator' retrieved from /mnt/c/Users/Raj/OneDrive - Åbo Akademi O365/banking/venv/lib/python3.12/site-packages/airflow/example_dags/example_subdag_operator.py
[2025-11-20T22:14:25.301+0500] {logging_mixin.py:188} INFO - [2025-11-20T22:14:25.299+0500] {dag.py:3096} INFO - Sync 3 DAGs
[2025-11-20T22:14:25.332+0500] {logging_mixin.py:188} INFO - [2025-11-20T22:14:25.331+0500] {dag.py:3954} INFO - Setting next_dagrun for example_subdag_operator to 2022-01-01 00:00:00+00:00, run_after=2022-01-01 00:00:00+00:00
[2025-11-20T22:14:25.340+0500] {logging_mixin.py:188} INFO - [2025-11-20T22:14:25.338+0500] {dag.py:3954} INFO - Setting next_dagrun for example_subdag_operator.section-1 to None, run_after=None
[2025-11-20T22:14:25.345+0500] {logging_mixin.py:188} INFO - [2025-11-20T22:14:25.344+0500] {dag.py:3954} INFO - Setting next_dagrun for example_subdag_operator.section-2 to None, run_after=None
[2025-11-20T22:14:25.368+0500] {logging_mixin.py:188} INFO - [2025-11-20T22:14:25.366+0500] {dag.py:3096} INFO - Sync 2 DAGs
[2025-11-20T22:14:25.374+0500] {logging_mixin.py:188} INFO - [2025-11-20T22:14:25.373+0500] {dag.py:3954} INFO - Setting next_dagrun for example_subdag_operator.section-1 to None, run_after=None
[2025-11-20T22:14:25.377+0500] {logging_mixin.py:188} INFO - [2025-11-20T22:14:25.376+0500] {dag.py:3954} INFO - Setting next_dagrun for example_subdag_operator.section-2 to None, run_after=None
[2025-11-20T22:14:25.451+0500] {processor.py:183} INFO - Processing /mnt/c/Users/Raj/OneDrive - Åbo Akademi O365/banking/venv/lib/python3.12/site-packages/airflow/example_dags/example_subdag_operator.py took 0.299 seconds
[2025-11-20T22:15:52.364+0500] {processor.py:161} INFO - Started process (PID=1803) to work on /mnt/c/Users/Raj/OneDrive - Åbo Akademi O365/banking/venv/lib/python3.12/site-packages/airflow/example_dags/example_subdag_operator.py
[2025-11-20T22:15:52.368+0500] {processor.py:830} INFO - Processing file /mnt/c/Users/Raj/OneDrive - Åbo Akademi O365/banking/venv/lib/python3.12/site-packages/airflow/example_dags/example_subdag_operator.py for tasks to queue
[2025-11-20T22:15:52.372+0500] {logging_mixin.py:188} INFO - [2025-11-20T22:15:52.370+0500] {dagbag.py:545} INFO - Filling up the DagBag from /mnt/c/Users/Raj/OneDrive - Åbo Akademi O365/banking/venv/lib/python3.12/site-packages/airflow/example_dags/example_subdag_operator.py
[2025-11-20T22:15:52.503+0500] {processor.py:840} INFO - DAG(s) 'example_subdag_operator.section-1', 'example_subdag_operator.section-2', 'example_subdag_operator' retrieved from /mnt/c/Users/Raj/OneDrive - Åbo Akademi O365/banking/venv/lib/python3.12/site-packages/airflow/example_dags/example_subdag_operator.py
[2025-11-20T22:15:52.554+0500] {logging_mixin.py:188} INFO - [2025-11-20T22:15:52.553+0500] {dag.py:3096} INFO - Sync 3 DAGs
[2025-11-20T22:15:52.607+0500] {logging_mixin.py:188} INFO - [2025-11-20T22:15:52.605+0500] {dag.py:3954} INFO - Setting next_dagrun for example_subdag_operator to 2022-01-01 00:00:00+00:00, run_after=2022-01-01 00:00:00+00:00
[2025-11-20T22:15:52.618+0500] {logging_mixin.py:188} INFO - [2025-11-20T22:15:52.616+0500] {dag.py:3954} INFO - Setting next_dagrun for example_subdag_operator.section-1 to None, run_after=None
[2025-11-20T22:15:52.625+0500] {logging_mixin.py:188} INFO - [2025-11-20T22:15:52.623+0500] {dag.py:3954} INFO - Setting next_dagrun for example_subdag_operator.section-2 to None, run_after=None
[2025-11-20T22:15:52.664+0500] {logging_mixin.py:188} INFO - [2025-11-20T22:15:52.662+0500] {dag.py:3096} INFO - Sync 2 DAGs
[2025-11-20T22:15:52.673+0500] {logging_mixin.py:188} INFO - [2025-11-20T22:15:52.672+0500] {dag.py:3954} INFO - Setting next_dagrun for example_subdag_operator.section-1 to None, run_after=None
[2025-11-20T22:15:52.677+0500] {logging_mixin.py:188} INFO - [2025-11-20T22:15:52.675+0500] {dag.py:3954} INFO - Setting next_dagrun for example_subdag_operator.section-2 to None, run_after=None
[2025-11-20T22:15:52.760+0500] {processor.py:183} INFO - Processing /mnt/c/Users/Raj/OneDrive - Åbo Akademi O365/banking/venv/lib/python3.12/site-packages/airflow/example_dags/example_subdag_operator.py took 0.421 seconds
[2025-11-20T22:17:20.833+0500] {processor.py:161} INFO - Started process (PID=1868) to work on /mnt/c/Users/Raj/OneDrive - Åbo Akademi O365/banking/venv/lib/python3.12/site-packages/airflow/example_dags/example_subdag_operator.py
[2025-11-20T22:17:20.837+0500] {processor.py:830} INFO - Processing file /mnt/c/Users/Raj/OneDrive - Åbo Akademi O365/banking/venv/lib/python3.12/site-packages/airflow/example_dags/example_subdag_operator.py for tasks to queue
[2025-11-20T22:17:20.841+0500] {logging_mixin.py:188} INFO - [2025-11-20T22:17:20.839+0500] {dagbag.py:545} INFO - Filling up the DagBag from /mnt/c/Users/Raj/OneDrive - Åbo Akademi O365/banking/venv/lib/python3.12/site-packages/airflow/example_dags/example_subdag_operator.py
[2025-11-20T22:17:20.954+0500] {processor.py:840} INFO - DAG(s) 'example_subdag_operator.section-1', 'example_subdag_operator.section-2', 'example_subdag_operator' retrieved from /mnt/c/Users/Raj/OneDrive - Åbo Akademi O365/banking/venv/lib/python3.12/site-packages/airflow/example_dags/example_subdag_operator.py
[2025-11-20T22:17:21.001+0500] {logging_mixin.py:188} INFO - [2025-11-20T22:17:21.000+0500] {dag.py:3096} INFO - Sync 3 DAGs
[2025-11-20T22:17:21.040+0500] {logging_mixin.py:188} INFO - [2025-11-20T22:17:21.038+0500] {dag.py:3954} INFO - Setting next_dagrun for example_subdag_operator to 2022-01-01 00:00:00+00:00, run_after=2022-01-01 00:00:00+00:00
[2025-11-20T22:17:21.050+0500] {logging_mixin.py:188} INFO - [2025-11-20T22:17:21.049+0500] {dag.py:3954} INFO - Setting next_dagrun for example_subdag_operator.section-1 to None, run_after=None
[2025-11-20T22:17:21.059+0500] {logging_mixin.py:188} INFO - [2025-11-20T22:17:21.057+0500] {dag.py:3954} INFO - Setting next_dagrun for example_subdag_operator.section-2 to None, run_after=None
[2025-11-20T22:17:21.263+0500] {logging_mixin.py:188} INFO - [2025-11-20T22:17:21.262+0500] {dag.py:3096} INFO - Sync 2 DAGs
[2025-11-20T22:17:21.273+0500] {logging_mixin.py:188} INFO - [2025-11-20T22:17:21.271+0500] {dag.py:3954} INFO - Setting next_dagrun for example_subdag_operator.section-1 to None, run_after=None
[2025-11-20T22:17:21.276+0500] {logging_mixin.py:188} INFO - [2025-11-20T22:17:21.275+0500] {dag.py:3954} INFO - Setting next_dagrun for example_subdag_operator.section-2 to None, run_after=None
[2025-11-20T22:17:21.453+0500] {processor.py:183} INFO - Processing /mnt/c/Users/Raj/OneDrive - Åbo Akademi O365/banking/venv/lib/python3.12/site-packages/airflow/example_dags/example_subdag_operator.py took 0.641 seconds
[2025-11-20T22:18:49.807+0500] {processor.py:161} INFO - Started process (PID=1934) to work on /mnt/c/Users/Raj/OneDrive - Åbo Akademi O365/banking/venv/lib/python3.12/site-packages/airflow/example_dags/example_subdag_operator.py
[2025-11-20T22:18:49.810+0500] {processor.py:830} INFO - Processing file /mnt/c/Users/Raj/OneDrive - Åbo Akademi O365/banking/venv/lib/python3.12/site-packages/airflow/example_dags/example_subdag_operator.py for tasks to queue
[2025-11-20T22:18:49.815+0500] {logging_mixin.py:188} INFO - [2025-11-20T22:18:49.813+0500] {dagbag.py:545} INFO - Filling up the DagBag from /mnt/c/Users/Raj/OneDrive - Åbo Akademi O365/banking/venv/lib/python3.12/site-packages/airflow/example_dags/example_subdag_operator.py
[2025-11-20T22:18:49.907+0500] {processor.py:840} INFO - DAG(s) 'example_subdag_operator.section-1', 'example_subdag_operator.section-2', 'example_subdag_operator' retrieved from /mnt/c/Users/Raj/OneDrive - Åbo Akademi O365/banking/venv/lib/python3.12/site-packages/airflow/example_dags/example_subdag_operator.py
[2025-11-20T22:18:49.945+0500] {logging_mixin.py:188} INFO - [2025-11-20T22:18:49.943+0500] {dag.py:3096} INFO - Sync 3 DAGs
[2025-11-20T22:18:49.979+0500] {logging_mixin.py:188} INFO - [2025-11-20T22:18:49.978+0500] {dag.py:3954} INFO - Setting next_dagrun for example_subdag_operator to 2022-01-01 00:00:00+00:00, run_after=2022-01-01 00:00:00+00:00
[2025-11-20T22:18:49.988+0500] {logging_mixin.py:188} INFO - [2025-11-20T22:18:49.986+0500] {dag.py:3954} INFO - Setting next_dagrun for example_subdag_operator.section-1 to None, run_after=None
[2025-11-20T22:18:49.994+0500] {logging_mixin.py:188} INFO - [2025-11-20T22:18:49.992+0500] {dag.py:3954} INFO - Setting next_dagrun for example_subdag_operator.section-2 to None, run_after=None
[2025-11-20T22:18:50.027+0500] {logging_mixin.py:188} INFO - [2025-11-20T22:18:50.025+0500] {dag.py:3096} INFO - Sync 2 DAGs
[2025-11-20T22:18:50.037+0500] {logging_mixin.py:188} INFO - [2025-11-20T22:18:50.035+0500] {dag.py:3954} INFO - Setting next_dagrun for example_subdag_operator.section-1 to None, run_after=None
[2025-11-20T22:18:50.039+0500] {logging_mixin.py:188} INFO - [2025-11-20T22:18:50.038+0500] {dag.py:3954} INFO - Setting next_dagrun for example_subdag_operator.section-2 to None, run_after=None
[2025-11-20T22:18:50.108+0500] {processor.py:183} INFO - Processing /mnt/c/Users/Raj/OneDrive - Åbo Akademi O365/banking/venv/lib/python3.12/site-packages/airflow/example_dags/example_subdag_operator.py took 0.322 seconds
[2025-11-20T22:20:12.718+0500] {processor.py:161} INFO - Started process (PID=2000) to work on /mnt/c/Users/Raj/OneDrive - Åbo Akademi O365/banking/venv/lib/python3.12/site-packages/airflow/example_dags/example_subdag_operator.py
[2025-11-20T22:20:12.723+0500] {processor.py:830} INFO - Processing file /mnt/c/Users/Raj/OneDrive - Åbo Akademi O365/banking/venv/lib/python3.12/site-packages/airflow/example_dags/example_subdag_operator.py for tasks to queue
[2025-11-20T22:20:12.728+0500] {logging_mixin.py:188} INFO - [2025-11-20T22:20:12.726+0500] {dagbag.py:545} INFO - Filling up the DagBag from /mnt/c/Users/Raj/OneDrive - Åbo Akademi O365/banking/venv/lib/python3.12/site-packages/airflow/example_dags/example_subdag_operator.py
[2025-11-20T22:20:12.850+0500] {processor.py:840} INFO - DAG(s) 'example_subdag_operator.section-1', 'example_subdag_operator.section-2', 'example_subdag_operator' retrieved from /mnt/c/Users/Raj/OneDrive - Åbo Akademi O365/banking/venv/lib/python3.12/site-packages/airflow/example_dags/example_subdag_operator.py
[2025-11-20T22:20:12.903+0500] {logging_mixin.py:188} INFO - [2025-11-20T22:20:12.902+0500] {dag.py:3096} INFO - Sync 3 DAGs
[2025-11-20T22:20:12.955+0500] {logging_mixin.py:188} INFO - [2025-11-20T22:20:12.954+0500] {dag.py:3954} INFO - Setting next_dagrun for example_subdag_operator to 2022-01-01 00:00:00+00:00, run_after=2022-01-01 00:00:00+00:00
[2025-11-20T22:20:12.967+0500] {logging_mixin.py:188} INFO - [2025-11-20T22:20:12.965+0500] {dag.py:3954} INFO - Setting next_dagrun for example_subdag_operator.section-1 to None, run_after=None
[2025-11-20T22:20:12.974+0500] {logging_mixin.py:188} INFO - [2025-11-20T22:20:12.972+0500] {dag.py:3954} INFO - Setting next_dagrun for example_subdag_operator.section-2 to None, run_after=None
[2025-11-20T22:20:13.001+0500] {logging_mixin.py:188} INFO - [2025-11-20T22:20:12.999+0500] {dag.py:3096} INFO - Sync 2 DAGs
[2025-11-20T22:20:13.011+0500] {logging_mixin.py:188} INFO - [2025-11-20T22:20:13.010+0500] {dag.py:3954} INFO - Setting next_dagrun for example_subdag_operator.section-1 to None, run_after=None
[2025-11-20T22:20:13.015+0500] {logging_mixin.py:188} INFO - [2025-11-20T22:20:13.013+0500] {dag.py:3954} INFO - Setting next_dagrun for example_subdag_operator.section-2 to None, run_after=None
[2025-11-20T22:20:13.100+0500] {processor.py:183} INFO - Processing /mnt/c/Users/Raj/OneDrive - Åbo Akademi O365/banking/venv/lib/python3.12/site-packages/airflow/example_dags/example_subdag_operator.py took 0.407 seconds
[2025-11-20T22:21:43.134+0500] {processor.py:161} INFO - Started process (PID=2069) to work on /mnt/c/Users/Raj/OneDrive - Åbo Akademi O365/banking/venv/lib/python3.12/site-packages/airflow/example_dags/example_subdag_operator.py
[2025-11-20T22:21:43.136+0500] {processor.py:830} INFO - Processing file /mnt/c/Users/Raj/OneDrive - Åbo Akademi O365/banking/venv/lib/python3.12/site-packages/airflow/example_dags/example_subdag_operator.py for tasks to queue
[2025-11-20T22:21:43.141+0500] {logging_mixin.py:188} INFO - [2025-11-20T22:21:43.139+0500] {dagbag.py:545} INFO - Filling up the DagBag from /mnt/c/Users/Raj/OneDrive - Åbo Akademi O365/banking/venv/lib/python3.12/site-packages/airflow/example_dags/example_subdag_operator.py
[2025-11-20T22:21:43.226+0500] {processor.py:840} INFO - DAG(s) 'example_subdag_operator.section-1', 'example_subdag_operator.section-2', 'example_subdag_operator' retrieved from /mnt/c/Users/Raj/OneDrive - Åbo Akademi O365/banking/venv/lib/python3.12/site-packages/airflow/example_dags/example_subdag_operator.py
[2025-11-20T22:21:43.267+0500] {logging_mixin.py:188} INFO - [2025-11-20T22:21:43.266+0500] {dag.py:3096} INFO - Sync 3 DAGs
[2025-11-20T22:21:43.303+0500] {logging_mixin.py:188} INFO - [2025-11-20T22:21:43.302+0500] {dag.py:3954} INFO - Setting next_dagrun for example_subdag_operator to 2022-01-01 00:00:00+00:00, run_after=2022-01-01 00:00:00+00:00
[2025-11-20T22:21:43.311+0500] {logging_mixin.py:188} INFO - [2025-11-20T22:21:43.310+0500] {dag.py:3954} INFO - Setting next_dagrun for example_subdag_operator.section-1 to None, run_after=None
[2025-11-20T22:21:43.316+0500] {logging_mixin.py:188} INFO - [2025-11-20T22:21:43.315+0500] {dag.py:3954} INFO - Setting next_dagrun for example_subdag_operator.section-2 to None, run_after=None
[2025-11-20T22:21:43.336+0500] {logging_mixin.py:188} INFO - [2025-11-20T22:21:43.335+0500] {dag.py:3096} INFO - Sync 2 DAGs
[2025-11-20T22:21:43.344+0500] {logging_mixin.py:188} INFO - [2025-11-20T22:21:43.342+0500] {dag.py:3954} INFO - Setting next_dagrun for example_subdag_operator.section-1 to None, run_after=None
[2025-11-20T22:21:43.346+0500] {logging_mixin.py:188} INFO - [2025-11-20T22:21:43.345+0500] {dag.py:3954} INFO - Setting next_dagrun for example_subdag_operator.section-2 to None, run_after=None
[2025-11-20T22:21:43.433+0500] {processor.py:183} INFO - Processing /mnt/c/Users/Raj/OneDrive - Åbo Akademi O365/banking/venv/lib/python3.12/site-packages/airflow/example_dags/example_subdag_operator.py took 0.316 seconds
[2025-11-20T22:22:55.731+0500] {processor.py:161} INFO - Started process (PID=2127) to work on /mnt/c/Users/Raj/OneDrive - Åbo Akademi O365/banking/venv/lib/python3.12/site-packages/airflow/example_dags/example_subdag_operator.py
[2025-11-20T22:22:55.734+0500] {processor.py:830} INFO - Processing file /mnt/c/Users/Raj/OneDrive - Åbo Akademi O365/banking/venv/lib/python3.12/site-packages/airflow/example_dags/example_subdag_operator.py for tasks to queue
[2025-11-20T22:22:55.738+0500] {logging_mixin.py:188} INFO - [2025-11-20T22:22:55.736+0500] {dagbag.py:545} INFO - Filling up the DagBag from /mnt/c/Users/Raj/OneDrive - Åbo Akademi O365/banking/venv/lib/python3.12/site-packages/airflow/example_dags/example_subdag_operator.py
[2025-11-20T22:22:55.836+0500] {processor.py:840} INFO - DAG(s) 'example_subdag_operator.section-1', 'example_subdag_operator.section-2', 'example_subdag_operator' retrieved from /mnt/c/Users/Raj/OneDrive - Åbo Akademi O365/banking/venv/lib/python3.12/site-packages/airflow/example_dags/example_subdag_operator.py
[2025-11-20T22:22:55.885+0500] {logging_mixin.py:188} INFO - [2025-11-20T22:22:55.884+0500] {dag.py:3096} INFO - Sync 3 DAGs
[2025-11-20T22:22:55.917+0500] {logging_mixin.py:188} INFO - [2025-11-20T22:22:55.915+0500] {dag.py:3954} INFO - Setting next_dagrun for example_subdag_operator to 2022-01-01 00:00:00+00:00, run_after=2022-01-01 00:00:00+00:00
[2025-11-20T22:22:55.925+0500] {logging_mixin.py:188} INFO - [2025-11-20T22:22:55.924+0500] {dag.py:3954} INFO - Setting next_dagrun for example_subdag_operator.section-1 to None, run_after=None
[2025-11-20T22:22:55.930+0500] {logging_mixin.py:188} INFO - [2025-11-20T22:22:55.929+0500] {dag.py:3954} INFO - Setting next_dagrun for example_subdag_operator.section-2 to None, run_after=None
[2025-11-20T22:22:55.966+0500] {logging_mixin.py:188} INFO - [2025-11-20T22:22:55.964+0500] {dag.py:3096} INFO - Sync 2 DAGs
[2025-11-20T22:22:55.975+0500] {logging_mixin.py:188} INFO - [2025-11-20T22:22:55.974+0500] {dag.py:3954} INFO - Setting next_dagrun for example_subdag_operator.section-1 to None, run_after=None
[2025-11-20T22:22:55.979+0500] {logging_mixin.py:188} INFO - [2025-11-20T22:22:55.978+0500] {dag.py:3954} INFO - Setting next_dagrun for example_subdag_operator.section-2 to None, run_after=None
[2025-11-20T22:22:56.054+0500] {processor.py:183} INFO - Processing /mnt/c/Users/Raj/OneDrive - Åbo Akademi O365/banking/venv/lib/python3.12/site-packages/airflow/example_dags/example_subdag_operator.py took 0.345 seconds
[2025-11-20T22:24:14.339+0500] {processor.py:161} INFO - Started process (PID=2188) to work on /mnt/c/Users/Raj/OneDrive - Åbo Akademi O365/banking/venv/lib/python3.12/site-packages/airflow/example_dags/example_subdag_operator.py
[2025-11-20T22:24:14.342+0500] {processor.py:830} INFO - Processing file /mnt/c/Users/Raj/OneDrive - Åbo Akademi O365/banking/venv/lib/python3.12/site-packages/airflow/example_dags/example_subdag_operator.py for tasks to queue
[2025-11-20T22:24:14.347+0500] {logging_mixin.py:188} INFO - [2025-11-20T22:24:14.345+0500] {dagbag.py:545} INFO - Filling up the DagBag from /mnt/c/Users/Raj/OneDrive - Åbo Akademi O365/banking/venv/lib/python3.12/site-packages/airflow/example_dags/example_subdag_operator.py
[2025-11-20T22:24:14.441+0500] {processor.py:840} INFO - DAG(s) 'example_subdag_operator.section-1', 'example_subdag_operator.section-2', 'example_subdag_operator' retrieved from /mnt/c/Users/Raj/OneDrive - Åbo Akademi O365/banking/venv/lib/python3.12/site-packages/airflow/example_dags/example_subdag_operator.py
[2025-11-20T22:24:14.490+0500] {logging_mixin.py:188} INFO - [2025-11-20T22:24:14.488+0500] {dag.py:3096} INFO - Sync 3 DAGs
[2025-11-20T22:24:14.538+0500] {logging_mixin.py:188} INFO - [2025-11-20T22:24:14.537+0500] {dag.py:3954} INFO - Setting next_dagrun for example_subdag_operator to 2022-01-01 00:00:00+00:00, run_after=2022-01-01 00:00:00+00:00
[2025-11-20T22:24:14.547+0500] {logging_mixin.py:188} INFO - [2025-11-20T22:24:14.545+0500] {dag.py:3954} INFO - Setting next_dagrun for example_subdag_operator.section-1 to None, run_after=None
[2025-11-20T22:24:14.552+0500] {logging_mixin.py:188} INFO - [2025-11-20T22:24:14.551+0500] {dag.py:3954} INFO - Setting next_dagrun for example_subdag_operator.section-2 to None, run_after=None
[2025-11-20T22:24:14.575+0500] {logging_mixin.py:188} INFO - [2025-11-20T22:24:14.574+0500] {dag.py:3096} INFO - Sync 2 DAGs
[2025-11-20T22:24:14.582+0500] {logging_mixin.py:188} INFO - [2025-11-20T22:24:14.580+0500] {dag.py:3954} INFO - Setting next_dagrun for example_subdag_operator.section-1 to None, run_after=None
[2025-11-20T22:24:14.585+0500] {logging_mixin.py:188} INFO - [2025-11-20T22:24:14.584+0500] {dag.py:3954} INFO - Setting next_dagrun for example_subdag_operator.section-2 to None, run_after=None
[2025-11-20T22:24:14.664+0500] {processor.py:183} INFO - Processing /mnt/c/Users/Raj/OneDrive - Åbo Akademi O365/banking/venv/lib/python3.12/site-packages/airflow/example_dags/example_subdag_operator.py took 0.344 seconds
[2025-11-20T22:25:55.065+0500] {processor.py:161} INFO - Started process (PID=2296) to work on /mnt/c/Users/Raj/OneDrive - Åbo Akademi O365/banking/venv/lib/python3.12/site-packages/airflow/example_dags/example_subdag_operator.py
[2025-11-20T22:25:55.084+0500] {processor.py:830} INFO - Processing file /mnt/c/Users/Raj/OneDrive - Åbo Akademi O365/banking/venv/lib/python3.12/site-packages/airflow/example_dags/example_subdag_operator.py for tasks to queue
[2025-11-20T22:25:55.099+0500] {logging_mixin.py:188} INFO - [2025-11-20T22:25:55.096+0500] {dagbag.py:545} INFO - Filling up the DagBag from /mnt/c/Users/Raj/OneDrive - Åbo Akademi O365/banking/venv/lib/python3.12/site-packages/airflow/example_dags/example_subdag_operator.py
[2025-11-20T22:25:55.254+0500] {processor.py:840} INFO - DAG(s) 'example_subdag_operator.section-1', 'example_subdag_operator.section-2', 'example_subdag_operator' retrieved from /mnt/c/Users/Raj/OneDrive - Åbo Akademi O365/banking/venv/lib/python3.12/site-packages/airflow/example_dags/example_subdag_operator.py
[2025-11-20T22:25:55.338+0500] {logging_mixin.py:188} INFO - [2025-11-20T22:25:55.336+0500] {dag.py:3096} INFO - Sync 3 DAGs
[2025-11-20T22:25:55.421+0500] {logging_mixin.py:188} INFO - [2025-11-20T22:25:55.418+0500] {dag.py:3954} INFO - Setting next_dagrun for example_subdag_operator to 2022-01-01 00:00:00+00:00, run_after=2022-01-01 00:00:00+00:00
[2025-11-20T22:25:55.440+0500] {logging_mixin.py:188} INFO - [2025-11-20T22:25:55.438+0500] {dag.py:3954} INFO - Setting next_dagrun for example_subdag_operator.section-1 to None, run_after=None
[2025-11-20T22:25:55.456+0500] {logging_mixin.py:188} INFO - [2025-11-20T22:25:55.454+0500] {dag.py:3954} INFO - Setting next_dagrun for example_subdag_operator.section-2 to None, run_after=None
[2025-11-20T22:25:55.500+0500] {logging_mixin.py:188} INFO - [2025-11-20T22:25:55.498+0500] {dag.py:3096} INFO - Sync 2 DAGs
[2025-11-20T22:25:55.520+0500] {logging_mixin.py:188} INFO - [2025-11-20T22:25:55.509+0500] {dag.py:3954} INFO - Setting next_dagrun for example_subdag_operator.section-1 to None, run_after=None
[2025-11-20T22:25:55.524+0500] {logging_mixin.py:188} INFO - [2025-11-20T22:25:55.522+0500] {dag.py:3954} INFO - Setting next_dagrun for example_subdag_operator.section-2 to None, run_after=None
[2025-11-20T22:25:54.824+0500] {processor.py:183} INFO - Processing /mnt/c/Users/Raj/OneDrive - Åbo Akademi O365/banking/venv/lib/python3.12/site-packages/airflow/example_dags/example_subdag_operator.py took 0.894 seconds
[2025-11-20T22:27:05.041+0500] {processor.py:161} INFO - Started process (PID=2329) to work on /mnt/c/Users/Raj/OneDrive - Åbo Akademi O365/banking/venv/lib/python3.12/site-packages/airflow/example_dags/example_subdag_operator.py
[2025-11-20T22:27:05.053+0500] {processor.py:830} INFO - Processing file /mnt/c/Users/Raj/OneDrive - Åbo Akademi O365/banking/venv/lib/python3.12/site-packages/airflow/example_dags/example_subdag_operator.py for tasks to queue
[2025-11-20T22:27:05.060+0500] {logging_mixin.py:188} INFO - [2025-11-20T22:27:05.058+0500] {dagbag.py:545} INFO - Filling up the DagBag from /mnt/c/Users/Raj/OneDrive - Åbo Akademi O365/banking/venv/lib/python3.12/site-packages/airflow/example_dags/example_subdag_operator.py
[2025-11-20T22:27:05.309+0500] {processor.py:840} INFO - DAG(s) 'example_subdag_operator.section-1', 'example_subdag_operator.section-2', 'example_subdag_operator' retrieved from /mnt/c/Users/Raj/OneDrive - Åbo Akademi O365/banking/venv/lib/python3.12/site-packages/airflow/example_dags/example_subdag_operator.py
[2025-11-20T22:27:05.428+0500] {logging_mixin.py:188} INFO - [2025-11-20T22:27:05.426+0500] {dag.py:3096} INFO - Sync 3 DAGs
[2025-11-20T22:27:05.572+0500] {logging_mixin.py:188} INFO - [2025-11-20T22:27:05.568+0500] {dag.py:3954} INFO - Setting next_dagrun for example_subdag_operator to 2022-01-01 00:00:00+00:00, run_after=2022-01-01 00:00:00+00:00
[2025-11-20T22:27:05.599+0500] {logging_mixin.py:188} INFO - [2025-11-20T22:27:05.596+0500] {dag.py:3954} INFO - Setting next_dagrun for example_subdag_operator.section-1 to None, run_after=None
[2025-11-20T22:27:05.613+0500] {logging_mixin.py:188} INFO - [2025-11-20T22:27:05.608+0500] {dag.py:3954} INFO - Setting next_dagrun for example_subdag_operator.section-2 to None, run_after=None
[2025-11-20T22:27:06.140+0500] {logging_mixin.py:188} INFO - [2025-11-20T22:27:06.137+0500] {dag.py:3096} INFO - Sync 2 DAGs
[2025-11-20T22:27:06.177+0500] {logging_mixin.py:188} INFO - [2025-11-20T22:27:06.174+0500] {dag.py:3954} INFO - Setting next_dagrun for example_subdag_operator.section-1 to None, run_after=None
[2025-11-20T22:27:06.184+0500] {logging_mixin.py:188} INFO - [2025-11-20T22:27:06.181+0500] {dag.py:3954} INFO - Setting next_dagrun for example_subdag_operator.section-2 to None, run_after=None
[2025-11-20T22:27:06.380+0500] {processor.py:183} INFO - Processing /mnt/c/Users/Raj/OneDrive - Åbo Akademi O365/banking/venv/lib/python3.12/site-packages/airflow/example_dags/example_subdag_operator.py took 1.428 seconds
[2025-11-20T22:28:20.134+0500] {processor.py:161} INFO - Started process (PID=2369) to work on /mnt/c/Users/Raj/OneDrive - Åbo Akademi O365/banking/venv/lib/python3.12/site-packages/airflow/example_dags/example_subdag_operator.py
[2025-11-20T22:28:20.154+0500] {processor.py:830} INFO - Processing file /mnt/c/Users/Raj/OneDrive - Åbo Akademi O365/banking/venv/lib/python3.12/site-packages/airflow/example_dags/example_subdag_operator.py for tasks to queue
[2025-11-20T22:28:20.160+0500] {logging_mixin.py:188} INFO - [2025-11-20T22:28:20.157+0500] {dagbag.py:545} INFO - Filling up the DagBag from /mnt/c/Users/Raj/OneDrive - Åbo Akademi O365/banking/venv/lib/python3.12/site-packages/airflow/example_dags/example_subdag_operator.py
[2025-11-20T22:28:20.354+0500] {processor.py:840} INFO - DAG(s) 'example_subdag_operator.section-1', 'example_subdag_operator.section-2', 'example_subdag_operator' retrieved from /mnt/c/Users/Raj/OneDrive - Åbo Akademi O365/banking/venv/lib/python3.12/site-packages/airflow/example_dags/example_subdag_operator.py
[2025-11-20T22:28:20.519+0500] {logging_mixin.py:188} INFO - [2025-11-20T22:28:20.509+0500] {dag.py:3096} INFO - Sync 3 DAGs
[2025-11-20T22:28:20.661+0500] {logging_mixin.py:188} INFO - [2025-11-20T22:28:20.658+0500] {dag.py:3954} INFO - Setting next_dagrun for example_subdag_operator to 2022-01-01 00:00:00+00:00, run_after=2022-01-01 00:00:00+00:00
[2025-11-20T22:28:20.691+0500] {logging_mixin.py:188} INFO - [2025-11-20T22:28:20.686+0500] {dag.py:3954} INFO - Setting next_dagrun for example_subdag_operator.section-1 to None, run_after=None
[2025-11-20T22:28:20.702+0500] {logging_mixin.py:188} INFO - [2025-11-20T22:28:20.699+0500] {dag.py:3954} INFO - Setting next_dagrun for example_subdag_operator.section-2 to None, run_after=None
[2025-11-20T22:28:20.757+0500] {logging_mixin.py:188} INFO - [2025-11-20T22:28:20.753+0500] {dag.py:3096} INFO - Sync 2 DAGs
[2025-11-20T22:28:20.780+0500] {logging_mixin.py:188} INFO - [2025-11-20T22:28:20.777+0500] {dag.py:3954} INFO - Setting next_dagrun for example_subdag_operator.section-1 to None, run_after=None
[2025-11-20T22:28:20.793+0500] {logging_mixin.py:188} INFO - [2025-11-20T22:28:20.790+0500] {dag.py:3954} INFO - Setting next_dagrun for example_subdag_operator.section-2 to None, run_after=None
[2025-11-20T22:28:20.931+0500] {processor.py:183} INFO - Processing /mnt/c/Users/Raj/OneDrive - Åbo Akademi O365/banking/venv/lib/python3.12/site-packages/airflow/example_dags/example_subdag_operator.py took 0.862 seconds
[2025-11-20T22:29:33.376+0500] {processor.py:161} INFO - Started process (PID=2431) to work on /mnt/c/Users/Raj/OneDrive - Åbo Akademi O365/banking/venv/lib/python3.12/site-packages/airflow/example_dags/example_subdag_operator.py
[2025-11-20T22:29:33.380+0500] {processor.py:830} INFO - Processing file /mnt/c/Users/Raj/OneDrive - Åbo Akademi O365/banking/venv/lib/python3.12/site-packages/airflow/example_dags/example_subdag_operator.py for tasks to queue
[2025-11-20T22:29:33.386+0500] {logging_mixin.py:188} INFO - [2025-11-20T22:29:33.383+0500] {dagbag.py:545} INFO - Filling up the DagBag from /mnt/c/Users/Raj/OneDrive - Åbo Akademi O365/banking/venv/lib/python3.12/site-packages/airflow/example_dags/example_subdag_operator.py
[2025-11-20T22:29:33.506+0500] {processor.py:840} INFO - DAG(s) 'example_subdag_operator.section-1', 'example_subdag_operator.section-2', 'example_subdag_operator' retrieved from /mnt/c/Users/Raj/OneDrive - Åbo Akademi O365/banking/venv/lib/python3.12/site-packages/airflow/example_dags/example_subdag_operator.py
[2025-11-20T22:29:33.563+0500] {logging_mixin.py:188} INFO - [2025-11-20T22:29:33.560+0500] {dag.py:3096} INFO - Sync 3 DAGs
[2025-11-20T22:29:33.613+0500] {logging_mixin.py:188} INFO - [2025-11-20T22:29:33.610+0500] {dag.py:3954} INFO - Setting next_dagrun for example_subdag_operator to 2022-01-01 00:00:00+00:00, run_after=2022-01-01 00:00:00+00:00
[2025-11-20T22:29:33.627+0500] {logging_mixin.py:188} INFO - [2025-11-20T22:29:33.625+0500] {dag.py:3954} INFO - Setting next_dagrun for example_subdag_operator.section-1 to None, run_after=None
[2025-11-20T22:29:33.636+0500] {logging_mixin.py:188} INFO - [2025-11-20T22:29:33.633+0500] {dag.py:3954} INFO - Setting next_dagrun for example_subdag_operator.section-2 to None, run_after=None
[2025-11-20T22:29:33.672+0500] {logging_mixin.py:188} INFO - [2025-11-20T22:29:33.670+0500] {dag.py:3096} INFO - Sync 2 DAGs
[2025-11-20T22:29:33.687+0500] {logging_mixin.py:188} INFO - [2025-11-20T22:29:33.684+0500] {dag.py:3954} INFO - Setting next_dagrun for example_subdag_operator.section-1 to None, run_after=None
[2025-11-20T22:29:33.691+0500] {logging_mixin.py:188} INFO - [2025-11-20T22:29:33.689+0500] {dag.py:3954} INFO - Setting next_dagrun for example_subdag_operator.section-2 to None, run_after=None
[2025-11-20T22:29:33.782+0500] {processor.py:183} INFO - Processing /mnt/c/Users/Raj/OneDrive - Åbo Akademi O365/banking/venv/lib/python3.12/site-packages/airflow/example_dags/example_subdag_operator.py took 0.438 seconds
[2025-11-20T22:31:15.529+0500] {processor.py:161} INFO - Started process (PID=2484) to work on /mnt/c/Users/Raj/OneDrive - Åbo Akademi O365/banking/venv/lib/python3.12/site-packages/airflow/example_dags/example_subdag_operator.py
[2025-11-20T22:31:15.535+0500] {processor.py:830} INFO - Processing file /mnt/c/Users/Raj/OneDrive - Åbo Akademi O365/banking/venv/lib/python3.12/site-packages/airflow/example_dags/example_subdag_operator.py for tasks to queue
[2025-11-20T22:31:15.542+0500] {logging_mixin.py:188} INFO - [2025-11-20T22:31:15.539+0500] {dagbag.py:545} INFO - Filling up the DagBag from /mnt/c/Users/Raj/OneDrive - Åbo Akademi O365/banking/venv/lib/python3.12/site-packages/airflow/example_dags/example_subdag_operator.py
[2025-11-20T22:31:15.690+0500] {processor.py:840} INFO - DAG(s) 'example_subdag_operator.section-1', 'example_subdag_operator.section-2', 'example_subdag_operator' retrieved from /mnt/c/Users/Raj/OneDrive - Åbo Akademi O365/banking/venv/lib/python3.12/site-packages/airflow/example_dags/example_subdag_operator.py
[2025-11-20T22:31:16.025+0500] {logging_mixin.py:188} INFO - [2025-11-20T22:31:15.769+0500] {dagbag.py:654} ERROR - Failed to write serialized DAG: /mnt/c/Users/Raj/OneDrive - Åbo Akademi O365/banking/venv/lib/python3.12/site-packages/airflow/example_dags/example_subdag_operator.py
Traceback (most recent call last):
  File "/mnt/c/Users/Raj/OneDrive - Åbo Akademi O365/banking/venv/lib/python3.12/site-packages/airflow/models/dagbag.py", line 642, in _serialize_dag_capturing_errors
    -------------------------------------------------------------------
                              ^^^^^^^^^^^^^^^^^^^^^^^^^^^^^^^^^^^^^^^^^
  File "/mnt/c/Users/Raj/OneDrive - Åbo Akademi O365/banking/venv/lib/python3.12/site-packages/airflow/utils/session.py", line 76, in wrapper
    try:
         
  File "/mnt/c/Users/Raj/OneDrive - Åbo Akademi O365/banking/venv/lib/python3.12/site-packages/airflow/models/serialized_dag.py", line 167, in write_dag
    )
      
  File "<string>", line 4, in __init__
  File "/mnt/c/Users/Raj/OneDrive - Åbo Akademi O365/banking/venv/lib/python3.12/site-packages/sqlalchemy/orm/state.py", line 481, in _initialize_instance
    with util.safe_reraise():
  File "/mnt/c/Users/Raj/OneDrive - Åbo Akademi O365/banking/venv/lib/python3.12/site-packages/sqlalchemy/util/langhelpers.py", line 70, in __exit__
    compat.raise_(
  File "/mnt/c/Users/Raj/OneDrive - Åbo Akademi O365/banking/venv/lib/python3.12/site-packages/sqlalchemy/util/compat.py", line 211, in raise_
    raise exception
  File "/mnt/c/Users/Raj/OneDrive - Åbo Akademi O365/banking/venv/lib/python3.12/site-packages/sqlalchemy/orm/state.py", line 479, in _initialize_instance
    return manager.original_init(*mixed[1:], **kwargs)
           ^^^^^^^^^^^^^^^^^^^^^^^^^^^^^^^^^^^^^^^^^^^
  File "/mnt/c/Users/Raj/OneDrive - Åbo Akademi O365/banking/venv/lib/python3.12/site-packages/airflow/models/serialized_dag.py", line 114, in __init__
    dependency_id=dep_id,
  File "/mnt/c/Users/Raj/OneDrive - Åbo Akademi O365/banking/venv/lib/python3.12/site-packages/airflow/serialization/serialized_objects.py", line 1543, in to_dict
    @classmethod
        ^^^^^^^^^
  File "/mnt/c/Users/Raj/OneDrive - Åbo Akademi O365/banking/venv/lib/python3.12/site-packages/airflow/serialization/serialized_objects.py", line 433, in validate_schema
    can be completely controlled by a custom subclass.
            ^^^^^^^^^^^^^^^^^^^^^^^^^^^^^^^^^^^^^^^^^
  File "/mnt/c/Users/Raj/OneDrive - Åbo Akademi O365/banking/venv/lib/python3.12/site-packages/jsonschema/validators.py", line 451, in validate
    raise error
jsonschema.exceptions.ValidationError: {} is not of type 'array'

Failed validating 'type' in schema['allOf'][0]['properties']['dag']['properties']['params']:
    {'prefixItems': [{'type': 'string'}, {'$ref': '#/definitions/param'}],
     'type': 'array',
     'unevaluatedItems': False}

On instance['dag']['params']:
    {}
[2025-11-20T22:31:16.036+0500] {logging_mixin.py:188} INFO - [2025-11-20T22:31:16.033+0500] {dag.py:3096} INFO - Sync 3 DAGs
[2025-11-20T22:31:16.122+0500] {logging_mixin.py:188} INFO - [2025-11-20T22:31:16.120+0500] {dag.py:3954} INFO - Setting next_dagrun for example_subdag_operator to 2022-01-01 00:00:00+00:00, run_after=2022-01-01 00:00:00+00:00
[2025-11-20T22:31:16.149+0500] {logging_mixin.py:188} INFO - [2025-11-20T22:31:16.140+0500] {dag.py:3954} INFO - Setting next_dagrun for example_subdag_operator.section-1 to None, run_after=None
[2025-11-20T22:31:16.159+0500] {logging_mixin.py:188} INFO - [2025-11-20T22:31:16.157+0500] {dag.py:3954} INFO - Setting next_dagrun for example_subdag_operator.section-2 to None, run_after=None
[2025-11-20T22:31:16.208+0500] {logging_mixin.py:188} INFO - [2025-11-20T22:31:16.202+0500] {dag.py:3096} INFO - Sync 2 DAGs
[2025-11-20T22:31:16.231+0500] {logging_mixin.py:188} INFO - [2025-11-20T22:31:16.229+0500] {dag.py:3954} INFO - Setting next_dagrun for example_subdag_operator.section-1 to None, run_after=None
[2025-11-20T22:31:16.237+0500] {logging_mixin.py:188} INFO - [2025-11-20T22:31:16.234+0500] {dag.py:3954} INFO - Setting next_dagrun for example_subdag_operator.section-2 to None, run_after=None
[2025-11-20T22:31:16.399+0500] {processor.py:183} INFO - Processing /mnt/c/Users/Raj/OneDrive - Åbo Akademi O365/banking/venv/lib/python3.12/site-packages/airflow/example_dags/example_subdag_operator.py took 0.922 seconds
