[2025-11-20T20:35:12.259+0500] {processor.py:161} INFO - Started process (PID=11885) to work on /mnt/c/Users/Raj/OneDrive - Åbo Akademi O365/banking/venv/lib/python3.12/site-packages/airflow/example_dags/example_task_group_decorator.py
[2025-11-20T20:35:12.262+0500] {processor.py:830} INFO - Processing file /mnt/c/Users/Raj/OneDrive - Åbo Akademi O365/banking/venv/lib/python3.12/site-packages/airflow/example_dags/example_task_group_decorator.py for tasks to queue
[2025-11-20T20:35:12.267+0500] {logging_mixin.py:188} INFO - [2025-11-20T20:35:12.265+0500] {dagbag.py:545} INFO - Filling up the DagBag from /mnt/c/Users/Raj/OneDrive - Åbo Akademi O365/banking/venv/lib/python3.12/site-packages/airflow/example_dags/example_task_group_decorator.py
[2025-11-20T20:35:12.353+0500] {processor.py:840} INFO - DAG(s) 'example_task_group_decorator' retrieved from /mnt/c/Users/Raj/OneDrive - Åbo Akademi O365/banking/venv/lib/python3.12/site-packages/airflow/example_dags/example_task_group_decorator.py
[2025-11-20T20:35:14.282+0500] {logging_mixin.py:188} INFO - [2025-11-20T20:35:14.279+0500] {override.py:1829} INFO - Created Permission View: can delete on DAG:example_task_group_decorator
[2025-11-20T20:35:14.336+0500] {logging_mixin.py:188} INFO - [2025-11-20T20:35:14.334+0500] {override.py:1829} INFO - Created Permission View: can read on DAG:example_task_group_decorator
[2025-11-20T20:35:14.386+0500] {logging_mixin.py:188} INFO - [2025-11-20T20:35:14.384+0500] {override.py:1829} INFO - Created Permission View: can edit on DAG:example_task_group_decorator
[2025-11-20T20:35:14.390+0500] {logging_mixin.py:188} INFO - [2025-11-20T20:35:14.388+0500] {dag.py:3096} INFO - Sync 1 DAGs
[2025-11-20T20:35:14.420+0500] {logging_mixin.py:188} INFO - [2025-11-20T20:35:14.419+0500] {dag.py:3118} INFO - Creating ORM DAG for example_task_group_decorator
[2025-11-20T20:35:14.448+0500] {logging_mixin.py:188} INFO - [2025-11-20T20:35:14.446+0500] {dag.py:3954} INFO - Setting next_dagrun for example_task_group_decorator to 2025-11-19 00:00:00+00:00, run_after=2025-11-20 00:00:00+00:00
[2025-11-20T20:35:14.546+0500] {processor.py:183} INFO - Processing /mnt/c/Users/Raj/OneDrive - Åbo Akademi O365/banking/venv/lib/python3.12/site-packages/airflow/example_dags/example_task_group_decorator.py took 2.302 seconds
[2025-11-20T20:37:34.990+0500] {processor.py:161} INFO - Started process (PID=12403) to work on /mnt/c/Users/Raj/OneDrive - Åbo Akademi O365/banking/venv/lib/python3.12/site-packages/airflow/example_dags/example_task_group_decorator.py
[2025-11-20T20:37:34.997+0500] {processor.py:830} INFO - Processing file /mnt/c/Users/Raj/OneDrive - Åbo Akademi O365/banking/venv/lib/python3.12/site-packages/airflow/example_dags/example_task_group_decorator.py for tasks to queue
[2025-11-20T20:37:35.006+0500] {logging_mixin.py:188} INFO - [2025-11-20T20:37:35.003+0500] {dagbag.py:545} INFO - Filling up the DagBag from /mnt/c/Users/Raj/OneDrive - Åbo Akademi O365/banking/venv/lib/python3.12/site-packages/airflow/example_dags/example_task_group_decorator.py
[2025-11-20T20:37:35.106+0500] {processor.py:840} INFO - DAG(s) 'example_task_group_decorator' retrieved from /mnt/c/Users/Raj/OneDrive - Åbo Akademi O365/banking/venv/lib/python3.12/site-packages/airflow/example_dags/example_task_group_decorator.py
[2025-11-20T20:37:35.190+0500] {logging_mixin.py:188} INFO - [2025-11-20T20:37:35.189+0500] {dag.py:3096} INFO - Sync 1 DAGs
[2025-11-20T20:37:35.246+0500] {logging_mixin.py:188} INFO - [2025-11-20T20:37:35.244+0500] {dag.py:3954} INFO - Setting next_dagrun for example_task_group_decorator to 2025-11-19 00:00:00+00:00, run_after=2025-11-20 00:00:00+00:00
[2025-11-20T20:37:35.369+0500] {processor.py:183} INFO - Processing /mnt/c/Users/Raj/OneDrive - Åbo Akademi O365/banking/venv/lib/python3.12/site-packages/airflow/example_dags/example_task_group_decorator.py took 0.401 seconds
[2025-11-20T20:38:32.861+0500] {processor.py:161} INFO - Started process (PID=12591) to work on /mnt/c/Users/Raj/OneDrive - Åbo Akademi O365/banking/venv/lib/python3.12/site-packages/airflow/example_dags/example_task_group_decorator.py
[2025-11-20T20:38:32.864+0500] {processor.py:830} INFO - Processing file /mnt/c/Users/Raj/OneDrive - Åbo Akademi O365/banking/venv/lib/python3.12/site-packages/airflow/example_dags/example_task_group_decorator.py for tasks to queue
[2025-11-20T20:38:32.869+0500] {logging_mixin.py:188} INFO - [2025-11-20T20:38:32.867+0500] {dagbag.py:545} INFO - Filling up the DagBag from /mnt/c/Users/Raj/OneDrive - Åbo Akademi O365/banking/venv/lib/python3.12/site-packages/airflow/example_dags/example_task_group_decorator.py
[2025-11-20T20:38:32.920+0500] {processor.py:840} INFO - DAG(s) 'example_task_group_decorator' retrieved from /mnt/c/Users/Raj/OneDrive - Åbo Akademi O365/banking/venv/lib/python3.12/site-packages/airflow/example_dags/example_task_group_decorator.py
[2025-11-20T20:38:32.988+0500] {logging_mixin.py:188} INFO - [2025-11-20T20:38:32.987+0500] {dag.py:3096} INFO - Sync 1 DAGs
[2025-11-20T20:38:33.053+0500] {logging_mixin.py:188} INFO - [2025-11-20T20:38:33.052+0500] {dag.py:3954} INFO - Setting next_dagrun for example_task_group_decorator to 2025-11-19 00:00:00+00:00, run_after=2025-11-20 00:00:00+00:00
[2025-11-20T20:38:33.165+0500] {processor.py:183} INFO - Processing /mnt/c/Users/Raj/OneDrive - Åbo Akademi O365/banking/venv/lib/python3.12/site-packages/airflow/example_dags/example_task_group_decorator.py took 0.322 seconds
[2025-11-20T20:39:54.795+0500] {processor.py:161} INFO - Started process (PID=12890) to work on /mnt/c/Users/Raj/OneDrive - Åbo Akademi O365/banking/venv/lib/python3.12/site-packages/airflow/example_dags/example_task_group_decorator.py
[2025-11-20T20:39:54.799+0500] {processor.py:830} INFO - Processing file /mnt/c/Users/Raj/OneDrive - Åbo Akademi O365/banking/venv/lib/python3.12/site-packages/airflow/example_dags/example_task_group_decorator.py for tasks to queue
[2025-11-20T20:39:54.805+0500] {logging_mixin.py:188} INFO - [2025-11-20T20:39:54.803+0500] {dagbag.py:545} INFO - Filling up the DagBag from /mnt/c/Users/Raj/OneDrive - Åbo Akademi O365/banking/venv/lib/python3.12/site-packages/airflow/example_dags/example_task_group_decorator.py
[2025-11-20T20:39:54.859+0500] {processor.py:840} INFO - DAG(s) 'example_task_group_decorator' retrieved from /mnt/c/Users/Raj/OneDrive - Åbo Akademi O365/banking/venv/lib/python3.12/site-packages/airflow/example_dags/example_task_group_decorator.py
[2025-11-20T20:39:54.909+0500] {logging_mixin.py:188} INFO - [2025-11-20T20:39:54.908+0500] {dag.py:3096} INFO - Sync 1 DAGs
[2025-11-20T20:39:54.957+0500] {logging_mixin.py:188} INFO - [2025-11-20T20:39:54.956+0500] {dag.py:3954} INFO - Setting next_dagrun for example_task_group_decorator to 2025-11-19 00:00:00+00:00, run_after=2025-11-20 00:00:00+00:00
[2025-11-20T20:39:55.055+0500] {processor.py:183} INFO - Processing /mnt/c/Users/Raj/OneDrive - Åbo Akademi O365/banking/venv/lib/python3.12/site-packages/airflow/example_dags/example_task_group_decorator.py took 0.282 seconds
[2025-11-20T20:41:12.432+0500] {processor.py:161} INFO - Started process (PID=13146) to work on /mnt/c/Users/Raj/OneDrive - Åbo Akademi O365/banking/venv/lib/python3.12/site-packages/airflow/example_dags/example_task_group_decorator.py
[2025-11-20T20:41:12.435+0500] {processor.py:830} INFO - Processing file /mnt/c/Users/Raj/OneDrive - Åbo Akademi O365/banking/venv/lib/python3.12/site-packages/airflow/example_dags/example_task_group_decorator.py for tasks to queue
[2025-11-20T20:41:12.441+0500] {logging_mixin.py:188} INFO - [2025-11-20T20:41:12.439+0500] {dagbag.py:545} INFO - Filling up the DagBag from /mnt/c/Users/Raj/OneDrive - Åbo Akademi O365/banking/venv/lib/python3.12/site-packages/airflow/example_dags/example_task_group_decorator.py
[2025-11-20T20:41:12.492+0500] {processor.py:840} INFO - DAG(s) 'example_task_group_decorator' retrieved from /mnt/c/Users/Raj/OneDrive - Åbo Akademi O365/banking/venv/lib/python3.12/site-packages/airflow/example_dags/example_task_group_decorator.py
[2025-11-20T20:41:12.543+0500] {logging_mixin.py:188} INFO - [2025-11-20T20:41:12.542+0500] {dag.py:3096} INFO - Sync 1 DAGs
[2025-11-20T20:41:12.577+0500] {logging_mixin.py:188} INFO - [2025-11-20T20:41:12.576+0500] {dag.py:3954} INFO - Setting next_dagrun for example_task_group_decorator to 2025-11-19 00:00:00+00:00, run_after=2025-11-20 00:00:00+00:00
[2025-11-20T20:41:12.654+0500] {processor.py:183} INFO - Processing /mnt/c/Users/Raj/OneDrive - Åbo Akademi O365/banking/venv/lib/python3.12/site-packages/airflow/example_dags/example_task_group_decorator.py took 0.248 seconds
[2025-11-20T20:42:29.666+0500] {processor.py:161} INFO - Started process (PID=13413) to work on /mnt/c/Users/Raj/OneDrive - Åbo Akademi O365/banking/venv/lib/python3.12/site-packages/airflow/example_dags/example_task_group_decorator.py
[2025-11-20T20:42:29.668+0500] {processor.py:830} INFO - Processing file /mnt/c/Users/Raj/OneDrive - Åbo Akademi O365/banking/venv/lib/python3.12/site-packages/airflow/example_dags/example_task_group_decorator.py for tasks to queue
[2025-11-20T20:42:29.673+0500] {logging_mixin.py:188} INFO - [2025-11-20T20:42:29.672+0500] {dagbag.py:545} INFO - Filling up the DagBag from /mnt/c/Users/Raj/OneDrive - Åbo Akademi O365/banking/venv/lib/python3.12/site-packages/airflow/example_dags/example_task_group_decorator.py
[2025-11-20T20:42:29.728+0500] {processor.py:840} INFO - DAG(s) 'example_task_group_decorator' retrieved from /mnt/c/Users/Raj/OneDrive - Åbo Akademi O365/banking/venv/lib/python3.12/site-packages/airflow/example_dags/example_task_group_decorator.py
[2025-11-20T20:42:29.788+0500] {logging_mixin.py:188} INFO - [2025-11-20T20:42:29.782+0500] {dag.py:3096} INFO - Sync 1 DAGs
[2025-11-20T20:42:29.841+0500] {logging_mixin.py:188} INFO - [2025-11-20T20:42:29.840+0500] {dag.py:3954} INFO - Setting next_dagrun for example_task_group_decorator to 2025-11-19 00:00:00+00:00, run_after=2025-11-20 00:00:00+00:00
[2025-11-20T20:42:29.941+0500] {processor.py:183} INFO - Processing /mnt/c/Users/Raj/OneDrive - Åbo Akademi O365/banking/venv/lib/python3.12/site-packages/airflow/example_dags/example_task_group_decorator.py took 0.294 seconds
[2025-11-20T20:43:50.585+0500] {processor.py:161} INFO - Started process (PID=13676) to work on /mnt/c/Users/Raj/OneDrive - Åbo Akademi O365/banking/venv/lib/python3.12/site-packages/airflow/example_dags/example_task_group_decorator.py
[2025-11-20T20:43:50.589+0500] {processor.py:830} INFO - Processing file /mnt/c/Users/Raj/OneDrive - Åbo Akademi O365/banking/venv/lib/python3.12/site-packages/airflow/example_dags/example_task_group_decorator.py for tasks to queue
[2025-11-20T20:43:50.598+0500] {logging_mixin.py:188} INFO - [2025-11-20T20:43:50.594+0500] {dagbag.py:545} INFO - Filling up the DagBag from /mnt/c/Users/Raj/OneDrive - Åbo Akademi O365/banking/venv/lib/python3.12/site-packages/airflow/example_dags/example_task_group_decorator.py
[2025-11-20T20:43:50.661+0500] {processor.py:840} INFO - DAG(s) 'example_task_group_decorator' retrieved from /mnt/c/Users/Raj/OneDrive - Åbo Akademi O365/banking/venv/lib/python3.12/site-packages/airflow/example_dags/example_task_group_decorator.py
[2025-11-20T20:43:50.724+0500] {logging_mixin.py:188} INFO - [2025-11-20T20:43:50.722+0500] {dag.py:3096} INFO - Sync 1 DAGs
[2025-11-20T20:43:50.782+0500] {logging_mixin.py:188} INFO - [2025-11-20T20:43:50.779+0500] {dag.py:3954} INFO - Setting next_dagrun for example_task_group_decorator to 2025-11-19 00:00:00+00:00, run_after=2025-11-20 00:00:00+00:00
[2025-11-20T20:43:50.904+0500] {processor.py:183} INFO - Processing /mnt/c/Users/Raj/OneDrive - Åbo Akademi O365/banking/venv/lib/python3.12/site-packages/airflow/example_dags/example_task_group_decorator.py took 0.345 seconds
[2025-11-20T20:45:13.285+0500] {processor.py:161} INFO - Started process (PID=13990) to work on /mnt/c/Users/Raj/OneDrive - Åbo Akademi O365/banking/venv/lib/python3.12/site-packages/airflow/example_dags/example_task_group_decorator.py
[2025-11-20T20:45:13.288+0500] {processor.py:830} INFO - Processing file /mnt/c/Users/Raj/OneDrive - Åbo Akademi O365/banking/venv/lib/python3.12/site-packages/airflow/example_dags/example_task_group_decorator.py for tasks to queue
[2025-11-20T20:45:13.295+0500] {logging_mixin.py:188} INFO - [2025-11-20T20:45:13.292+0500] {dagbag.py:545} INFO - Filling up the DagBag from /mnt/c/Users/Raj/OneDrive - Åbo Akademi O365/banking/venv/lib/python3.12/site-packages/airflow/example_dags/example_task_group_decorator.py
[2025-11-20T20:45:13.341+0500] {processor.py:840} INFO - DAG(s) 'example_task_group_decorator' retrieved from /mnt/c/Users/Raj/OneDrive - Åbo Akademi O365/banking/venv/lib/python3.12/site-packages/airflow/example_dags/example_task_group_decorator.py
[2025-11-20T20:45:13.401+0500] {logging_mixin.py:188} INFO - [2025-11-20T20:45:13.399+0500] {dag.py:3096} INFO - Sync 1 DAGs
[2025-11-20T20:45:13.451+0500] {logging_mixin.py:188} INFO - [2025-11-20T20:45:13.450+0500] {dag.py:3954} INFO - Setting next_dagrun for example_task_group_decorator to 2025-11-19 00:00:00+00:00, run_after=2025-11-20 00:00:00+00:00
[2025-11-20T20:45:13.547+0500] {processor.py:183} INFO - Processing /mnt/c/Users/Raj/OneDrive - Åbo Akademi O365/banking/venv/lib/python3.12/site-packages/airflow/example_dags/example_task_group_decorator.py took 0.286 seconds
[2025-11-20T20:46:28.334+0500] {processor.py:161} INFO - Started process (PID=14313) to work on /mnt/c/Users/Raj/OneDrive - Åbo Akademi O365/banking/venv/lib/python3.12/site-packages/airflow/example_dags/example_task_group_decorator.py
[2025-11-20T20:46:28.338+0500] {processor.py:830} INFO - Processing file /mnt/c/Users/Raj/OneDrive - Åbo Akademi O365/banking/venv/lib/python3.12/site-packages/airflow/example_dags/example_task_group_decorator.py for tasks to queue
[2025-11-20T20:46:28.344+0500] {logging_mixin.py:188} INFO - [2025-11-20T20:46:28.343+0500] {dagbag.py:545} INFO - Filling up the DagBag from /mnt/c/Users/Raj/OneDrive - Åbo Akademi O365/banking/venv/lib/python3.12/site-packages/airflow/example_dags/example_task_group_decorator.py
[2025-11-20T20:46:28.396+0500] {processor.py:840} INFO - DAG(s) 'example_task_group_decorator' retrieved from /mnt/c/Users/Raj/OneDrive - Åbo Akademi O365/banking/venv/lib/python3.12/site-packages/airflow/example_dags/example_task_group_decorator.py
[2025-11-20T20:46:28.450+0500] {logging_mixin.py:188} INFO - [2025-11-20T20:46:28.449+0500] {dag.py:3096} INFO - Sync 1 DAGs
[2025-11-20T20:46:28.506+0500] {logging_mixin.py:188} INFO - [2025-11-20T20:46:28.504+0500] {dag.py:3954} INFO - Setting next_dagrun for example_task_group_decorator to 2025-11-19 00:00:00+00:00, run_after=2025-11-20 00:00:00+00:00
[2025-11-20T20:46:28.618+0500] {processor.py:183} INFO - Processing /mnt/c/Users/Raj/OneDrive - Åbo Akademi O365/banking/venv/lib/python3.12/site-packages/airflow/example_dags/example_task_group_decorator.py took 0.305 seconds
[2025-11-20T20:47:46.736+0500] {processor.py:161} INFO - Started process (PID=14674) to work on /mnt/c/Users/Raj/OneDrive - Åbo Akademi O365/banking/venv/lib/python3.12/site-packages/airflow/example_dags/example_task_group_decorator.py
[2025-11-20T20:47:46.740+0500] {processor.py:830} INFO - Processing file /mnt/c/Users/Raj/OneDrive - Åbo Akademi O365/banking/venv/lib/python3.12/site-packages/airflow/example_dags/example_task_group_decorator.py for tasks to queue
[2025-11-20T20:47:46.745+0500] {logging_mixin.py:188} INFO - [2025-11-20T20:47:46.743+0500] {dagbag.py:545} INFO - Filling up the DagBag from /mnt/c/Users/Raj/OneDrive - Åbo Akademi O365/banking/venv/lib/python3.12/site-packages/airflow/example_dags/example_task_group_decorator.py
[2025-11-20T20:47:46.806+0500] {processor.py:840} INFO - DAG(s) 'example_task_group_decorator' retrieved from /mnt/c/Users/Raj/OneDrive - Åbo Akademi O365/banking/venv/lib/python3.12/site-packages/airflow/example_dags/example_task_group_decorator.py
[2025-11-20T20:47:46.871+0500] {logging_mixin.py:188} INFO - [2025-11-20T20:47:46.869+0500] {dag.py:3096} INFO - Sync 1 DAGs
[2025-11-20T20:47:46.915+0500] {logging_mixin.py:188} INFO - [2025-11-20T20:47:46.913+0500] {dag.py:3954} INFO - Setting next_dagrun for example_task_group_decorator to 2025-11-19 00:00:00+00:00, run_after=2025-11-20 00:00:00+00:00
[2025-11-20T20:47:47.010+0500] {processor.py:183} INFO - Processing /mnt/c/Users/Raj/OneDrive - Åbo Akademi O365/banking/venv/lib/python3.12/site-packages/airflow/example_dags/example_task_group_decorator.py took 0.297 seconds
[2025-11-20T20:49:03.490+0500] {processor.py:161} INFO - Started process (PID=15089) to work on /mnt/c/Users/Raj/OneDrive - Åbo Akademi O365/banking/venv/lib/python3.12/site-packages/airflow/example_dags/example_task_group_decorator.py
[2025-11-20T20:49:03.493+0500] {processor.py:830} INFO - Processing file /mnt/c/Users/Raj/OneDrive - Åbo Akademi O365/banking/venv/lib/python3.12/site-packages/airflow/example_dags/example_task_group_decorator.py for tasks to queue
[2025-11-20T20:49:03.502+0500] {logging_mixin.py:188} INFO - [2025-11-20T20:49:03.500+0500] {dagbag.py:545} INFO - Filling up the DagBag from /mnt/c/Users/Raj/OneDrive - Åbo Akademi O365/banking/venv/lib/python3.12/site-packages/airflow/example_dags/example_task_group_decorator.py
[2025-11-20T20:49:03.554+0500] {processor.py:840} INFO - DAG(s) 'example_task_group_decorator' retrieved from /mnt/c/Users/Raj/OneDrive - Åbo Akademi O365/banking/venv/lib/python3.12/site-packages/airflow/example_dags/example_task_group_decorator.py
[2025-11-20T20:49:03.609+0500] {logging_mixin.py:188} INFO - [2025-11-20T20:49:03.607+0500] {dag.py:3096} INFO - Sync 1 DAGs
[2025-11-20T20:49:03.660+0500] {logging_mixin.py:188} INFO - [2025-11-20T20:49:03.659+0500] {dag.py:3954} INFO - Setting next_dagrun for example_task_group_decorator to 2025-11-19 00:00:00+00:00, run_after=2025-11-20 00:00:00+00:00
[2025-11-20T20:49:03.770+0500] {processor.py:183} INFO - Processing /mnt/c/Users/Raj/OneDrive - Åbo Akademi O365/banking/venv/lib/python3.12/site-packages/airflow/example_dags/example_task_group_decorator.py took 0.302 seconds
[2025-11-20T21:55:36.981+0500] {processor.py:161} INFO - Started process (PID=870) to work on /mnt/c/Users/Raj/OneDrive - Åbo Akademi O365/banking/venv/lib/python3.12/site-packages/airflow/example_dags/example_task_group_decorator.py
[2025-11-20T21:55:36.984+0500] {processor.py:830} INFO - Processing file /mnt/c/Users/Raj/OneDrive - Åbo Akademi O365/banking/venv/lib/python3.12/site-packages/airflow/example_dags/example_task_group_decorator.py for tasks to queue
[2025-11-20T21:55:36.989+0500] {logging_mixin.py:188} INFO - [2025-11-20T21:55:36.987+0500] {dagbag.py:545} INFO - Filling up the DagBag from /mnt/c/Users/Raj/OneDrive - Åbo Akademi O365/banking/venv/lib/python3.12/site-packages/airflow/example_dags/example_task_group_decorator.py
[2025-11-20T21:55:37.106+0500] {processor.py:840} INFO - DAG(s) 'example_task_group_decorator' retrieved from /mnt/c/Users/Raj/OneDrive - Åbo Akademi O365/banking/venv/lib/python3.12/site-packages/airflow/example_dags/example_task_group_decorator.py
[2025-11-20T21:55:39.042+0500] {logging_mixin.py:188} INFO - [2025-11-20T21:55:39.040+0500] {dag.py:3096} INFO - Sync 1 DAGs
[2025-11-20T21:55:39.086+0500] {logging_mixin.py:188} INFO - [2025-11-20T21:55:39.084+0500] {dag.py:3954} INFO - Setting next_dagrun for example_task_group_decorator to 2025-11-19 00:00:00+00:00, run_after=2025-11-20 00:00:00+00:00
[2025-11-20T21:55:39.192+0500] {processor.py:183} INFO - Processing /mnt/c/Users/Raj/OneDrive - Åbo Akademi O365/banking/venv/lib/python3.12/site-packages/airflow/example_dags/example_task_group_decorator.py took 2.230 seconds
[2025-11-20T21:57:46.917+0500] {processor.py:161} INFO - Started process (PID=953) to work on /mnt/c/Users/Raj/OneDrive - Åbo Akademi O365/banking/venv/lib/python3.12/site-packages/airflow/example_dags/example_task_group_decorator.py
[2025-11-20T21:57:46.920+0500] {processor.py:830} INFO - Processing file /mnt/c/Users/Raj/OneDrive - Åbo Akademi O365/banking/venv/lib/python3.12/site-packages/airflow/example_dags/example_task_group_decorator.py for tasks to queue
[2025-11-20T21:57:46.926+0500] {logging_mixin.py:188} INFO - [2025-11-20T21:57:46.924+0500] {dagbag.py:545} INFO - Filling up the DagBag from /mnt/c/Users/Raj/OneDrive - Åbo Akademi O365/banking/venv/lib/python3.12/site-packages/airflow/example_dags/example_task_group_decorator.py
[2025-11-20T21:57:46.998+0500] {processor.py:840} INFO - DAG(s) 'example_task_group_decorator' retrieved from /mnt/c/Users/Raj/OneDrive - Åbo Akademi O365/banking/venv/lib/python3.12/site-packages/airflow/example_dags/example_task_group_decorator.py
[2025-11-20T21:57:47.063+0500] {logging_mixin.py:188} INFO - [2025-11-20T21:57:47.061+0500] {dag.py:3096} INFO - Sync 1 DAGs
[2025-11-20T21:57:47.130+0500] {logging_mixin.py:188} INFO - [2025-11-20T21:57:47.128+0500] {dag.py:3954} INFO - Setting next_dagrun for example_task_group_decorator to 2025-11-19 00:00:00+00:00, run_after=2025-11-20 00:00:00+00:00
[2025-11-20T21:57:47.248+0500] {processor.py:183} INFO - Processing /mnt/c/Users/Raj/OneDrive - Åbo Akademi O365/banking/venv/lib/python3.12/site-packages/airflow/example_dags/example_task_group_decorator.py took 0.349 seconds
[2025-11-20T21:58:42.611+0500] {processor.py:161} INFO - Started process (PID=1021) to work on /mnt/c/Users/Raj/OneDrive - Åbo Akademi O365/banking/venv/lib/python3.12/site-packages/airflow/example_dags/example_task_group_decorator.py
[2025-11-20T21:58:42.616+0500] {processor.py:830} INFO - Processing file /mnt/c/Users/Raj/OneDrive - Åbo Akademi O365/banking/venv/lib/python3.12/site-packages/airflow/example_dags/example_task_group_decorator.py for tasks to queue
[2025-11-20T21:58:42.624+0500] {logging_mixin.py:188} INFO - [2025-11-20T21:58:42.622+0500] {dagbag.py:545} INFO - Filling up the DagBag from /mnt/c/Users/Raj/OneDrive - Åbo Akademi O365/banking/venv/lib/python3.12/site-packages/airflow/example_dags/example_task_group_decorator.py
[2025-11-20T21:58:42.696+0500] {processor.py:840} INFO - DAG(s) 'example_task_group_decorator' retrieved from /mnt/c/Users/Raj/OneDrive - Åbo Akademi O365/banking/venv/lib/python3.12/site-packages/airflow/example_dags/example_task_group_decorator.py
[2025-11-20T21:58:42.782+0500] {logging_mixin.py:188} INFO - [2025-11-20T21:58:42.780+0500] {dag.py:3096} INFO - Sync 1 DAGs
[2025-11-20T21:58:42.866+0500] {logging_mixin.py:188} INFO - [2025-11-20T21:58:42.864+0500] {dag.py:3954} INFO - Setting next_dagrun for example_task_group_decorator to 2025-11-19 00:00:00+00:00, run_after=2025-11-20 00:00:00+00:00
[2025-11-20T21:58:43.006+0500] {processor.py:183} INFO - Processing /mnt/c/Users/Raj/OneDrive - Åbo Akademi O365/banking/venv/lib/python3.12/site-packages/airflow/example_dags/example_task_group_decorator.py took 0.424 seconds
[2025-11-20T22:00:02.406+0500] {processor.py:161} INFO - Started process (PID=1092) to work on /mnt/c/Users/Raj/OneDrive - Åbo Akademi O365/banking/venv/lib/python3.12/site-packages/airflow/example_dags/example_task_group_decorator.py
[2025-11-20T22:00:02.410+0500] {processor.py:830} INFO - Processing file /mnt/c/Users/Raj/OneDrive - Åbo Akademi O365/banking/venv/lib/python3.12/site-packages/airflow/example_dags/example_task_group_decorator.py for tasks to queue
[2025-11-20T22:00:02.418+0500] {logging_mixin.py:188} INFO - [2025-11-20T22:00:02.415+0500] {dagbag.py:545} INFO - Filling up the DagBag from /mnt/c/Users/Raj/OneDrive - Åbo Akademi O365/banking/venv/lib/python3.12/site-packages/airflow/example_dags/example_task_group_decorator.py
[2025-11-20T22:00:02.464+0500] {processor.py:840} INFO - DAG(s) 'example_task_group_decorator' retrieved from /mnt/c/Users/Raj/OneDrive - Åbo Akademi O365/banking/venv/lib/python3.12/site-packages/airflow/example_dags/example_task_group_decorator.py
[2025-11-20T22:00:02.515+0500] {logging_mixin.py:188} INFO - [2025-11-20T22:00:02.513+0500] {dag.py:3096} INFO - Sync 1 DAGs
[2025-11-20T22:00:02.571+0500] {logging_mixin.py:188} INFO - [2025-11-20T22:00:02.569+0500] {dag.py:3954} INFO - Setting next_dagrun for example_task_group_decorator to 2025-11-19 00:00:00+00:00, run_after=2025-11-20 00:00:00+00:00
[2025-11-20T22:00:02.670+0500] {processor.py:183} INFO - Processing /mnt/c/Users/Raj/OneDrive - Åbo Akademi O365/banking/venv/lib/python3.12/site-packages/airflow/example_dags/example_task_group_decorator.py took 0.286 seconds
[2025-11-20T22:01:28.148+0500] {processor.py:161} INFO - Started process (PID=1152) to work on /mnt/c/Users/Raj/OneDrive - Åbo Akademi O365/banking/venv/lib/python3.12/site-packages/airflow/example_dags/example_task_group_decorator.py
[2025-11-20T22:01:28.151+0500] {processor.py:830} INFO - Processing file /mnt/c/Users/Raj/OneDrive - Åbo Akademi O365/banking/venv/lib/python3.12/site-packages/airflow/example_dags/example_task_group_decorator.py for tasks to queue
[2025-11-20T22:01:28.157+0500] {logging_mixin.py:188} INFO - [2025-11-20T22:01:28.155+0500] {dagbag.py:545} INFO - Filling up the DagBag from /mnt/c/Users/Raj/OneDrive - Åbo Akademi O365/banking/venv/lib/python3.12/site-packages/airflow/example_dags/example_task_group_decorator.py
[2025-11-20T22:01:28.217+0500] {processor.py:840} INFO - DAG(s) 'example_task_group_decorator' retrieved from /mnt/c/Users/Raj/OneDrive - Åbo Akademi O365/banking/venv/lib/python3.12/site-packages/airflow/example_dags/example_task_group_decorator.py
[2025-11-20T22:01:28.300+0500] {logging_mixin.py:188} INFO - [2025-11-20T22:01:28.297+0500] {dag.py:3096} INFO - Sync 1 DAGs
[2025-11-20T22:01:28.405+0500] {logging_mixin.py:188} INFO - [2025-11-20T22:01:28.402+0500] {dag.py:3954} INFO - Setting next_dagrun for example_task_group_decorator to 2025-11-19 00:00:00+00:00, run_after=2025-11-20 00:00:00+00:00
[2025-11-20T22:01:28.529+0500] {processor.py:183} INFO - Processing /mnt/c/Users/Raj/OneDrive - Åbo Akademi O365/banking/venv/lib/python3.12/site-packages/airflow/example_dags/example_task_group_decorator.py took 0.401 seconds
[2025-11-20T22:02:48.852+0500] {processor.py:161} INFO - Started process (PID=1214) to work on /mnt/c/Users/Raj/OneDrive - Åbo Akademi O365/banking/venv/lib/python3.12/site-packages/airflow/example_dags/example_task_group_decorator.py
[2025-11-20T22:02:48.856+0500] {processor.py:830} INFO - Processing file /mnt/c/Users/Raj/OneDrive - Åbo Akademi O365/banking/venv/lib/python3.12/site-packages/airflow/example_dags/example_task_group_decorator.py for tasks to queue
[2025-11-20T22:02:48.861+0500] {logging_mixin.py:188} INFO - [2025-11-20T22:02:48.859+0500] {dagbag.py:545} INFO - Filling up the DagBag from /mnt/c/Users/Raj/OneDrive - Åbo Akademi O365/banking/venv/lib/python3.12/site-packages/airflow/example_dags/example_task_group_decorator.py
[2025-11-20T22:02:48.915+0500] {processor.py:840} INFO - DAG(s) 'example_task_group_decorator' retrieved from /mnt/c/Users/Raj/OneDrive - Åbo Akademi O365/banking/venv/lib/python3.12/site-packages/airflow/example_dags/example_task_group_decorator.py
[2025-11-20T22:02:48.965+0500] {logging_mixin.py:188} INFO - [2025-11-20T22:02:48.964+0500] {dag.py:3096} INFO - Sync 1 DAGs
[2025-11-20T22:02:49.027+0500] {logging_mixin.py:188} INFO - [2025-11-20T22:02:49.025+0500] {dag.py:3954} INFO - Setting next_dagrun for example_task_group_decorator to 2025-11-19 00:00:00+00:00, run_after=2025-11-20 00:00:00+00:00
[2025-11-20T22:02:49.126+0500] {processor.py:183} INFO - Processing /mnt/c/Users/Raj/OneDrive - Åbo Akademi O365/banking/venv/lib/python3.12/site-packages/airflow/example_dags/example_task_group_decorator.py took 0.305 seconds
[2025-11-20T22:04:16.031+0500] {processor.py:161} INFO - Started process (PID=1285) to work on /mnt/c/Users/Raj/OneDrive - Åbo Akademi O365/banking/venv/lib/python3.12/site-packages/airflow/example_dags/example_task_group_decorator.py
[2025-11-20T22:04:16.033+0500] {processor.py:830} INFO - Processing file /mnt/c/Users/Raj/OneDrive - Åbo Akademi O365/banking/venv/lib/python3.12/site-packages/airflow/example_dags/example_task_group_decorator.py for tasks to queue
[2025-11-20T22:04:16.038+0500] {logging_mixin.py:188} INFO - [2025-11-20T22:04:16.036+0500] {dagbag.py:545} INFO - Filling up the DagBag from /mnt/c/Users/Raj/OneDrive - Åbo Akademi O365/banking/venv/lib/python3.12/site-packages/airflow/example_dags/example_task_group_decorator.py
[2025-11-20T22:04:16.084+0500] {processor.py:840} INFO - DAG(s) 'example_task_group_decorator' retrieved from /mnt/c/Users/Raj/OneDrive - Åbo Akademi O365/banking/venv/lib/python3.12/site-packages/airflow/example_dags/example_task_group_decorator.py
[2025-11-20T22:04:16.137+0500] {logging_mixin.py:188} INFO - [2025-11-20T22:04:16.136+0500] {dag.py:3096} INFO - Sync 1 DAGs
[2025-11-20T22:04:16.205+0500] {logging_mixin.py:188} INFO - [2025-11-20T22:04:16.203+0500] {dag.py:3954} INFO - Setting next_dagrun for example_task_group_decorator to 2025-11-19 00:00:00+00:00, run_after=2025-11-20 00:00:00+00:00
[2025-11-20T22:04:16.340+0500] {processor.py:183} INFO - Processing /mnt/c/Users/Raj/OneDrive - Åbo Akademi O365/banking/venv/lib/python3.12/site-packages/airflow/example_dags/example_task_group_decorator.py took 0.328 seconds
[2025-11-20T22:05:37.036+0500] {processor.py:161} INFO - Started process (PID=1346) to work on /mnt/c/Users/Raj/OneDrive - Åbo Akademi O365/banking/venv/lib/python3.12/site-packages/airflow/example_dags/example_task_group_decorator.py
[2025-11-20T22:05:37.038+0500] {processor.py:830} INFO - Processing file /mnt/c/Users/Raj/OneDrive - Åbo Akademi O365/banking/venv/lib/python3.12/site-packages/airflow/example_dags/example_task_group_decorator.py for tasks to queue
[2025-11-20T22:05:37.041+0500] {logging_mixin.py:188} INFO - [2025-11-20T22:05:37.040+0500] {dagbag.py:545} INFO - Filling up the DagBag from /mnt/c/Users/Raj/OneDrive - Åbo Akademi O365/banking/venv/lib/python3.12/site-packages/airflow/example_dags/example_task_group_decorator.py
[2025-11-20T22:05:37.083+0500] {processor.py:840} INFO - DAG(s) 'example_task_group_decorator' retrieved from /mnt/c/Users/Raj/OneDrive - Åbo Akademi O365/banking/venv/lib/python3.12/site-packages/airflow/example_dags/example_task_group_decorator.py
[2025-11-20T22:05:37.134+0500] {logging_mixin.py:188} INFO - [2025-11-20T22:05:37.131+0500] {dag.py:3096} INFO - Sync 1 DAGs
[2025-11-20T22:05:37.175+0500] {logging_mixin.py:188} INFO - [2025-11-20T22:05:37.174+0500] {dag.py:3954} INFO - Setting next_dagrun for example_task_group_decorator to 2025-11-19 00:00:00+00:00, run_after=2025-11-20 00:00:00+00:00
[2025-11-20T22:05:37.271+0500] {processor.py:183} INFO - Processing /mnt/c/Users/Raj/OneDrive - Åbo Akademi O365/banking/venv/lib/python3.12/site-packages/airflow/example_dags/example_task_group_decorator.py took 0.252 seconds
[2025-11-20T22:07:02.314+0500] {processor.py:161} INFO - Started process (PID=1411) to work on /mnt/c/Users/Raj/OneDrive - Åbo Akademi O365/banking/venv/lib/python3.12/site-packages/airflow/example_dags/example_task_group_decorator.py
[2025-11-20T22:07:02.317+0500] {processor.py:830} INFO - Processing file /mnt/c/Users/Raj/OneDrive - Åbo Akademi O365/banking/venv/lib/python3.12/site-packages/airflow/example_dags/example_task_group_decorator.py for tasks to queue
[2025-11-20T22:07:02.322+0500] {logging_mixin.py:188} INFO - [2025-11-20T22:07:02.320+0500] {dagbag.py:545} INFO - Filling up the DagBag from /mnt/c/Users/Raj/OneDrive - Åbo Akademi O365/banking/venv/lib/python3.12/site-packages/airflow/example_dags/example_task_group_decorator.py
[2025-11-20T22:07:02.373+0500] {processor.py:840} INFO - DAG(s) 'example_task_group_decorator' retrieved from /mnt/c/Users/Raj/OneDrive - Åbo Akademi O365/banking/venv/lib/python3.12/site-packages/airflow/example_dags/example_task_group_decorator.py
[2025-11-20T22:07:02.427+0500] {logging_mixin.py:188} INFO - [2025-11-20T22:07:02.426+0500] {dag.py:3096} INFO - Sync 1 DAGs
[2025-11-20T22:07:02.469+0500] {logging_mixin.py:188} INFO - [2025-11-20T22:07:02.468+0500] {dag.py:3954} INFO - Setting next_dagrun for example_task_group_decorator to 2025-11-19 00:00:00+00:00, run_after=2025-11-20 00:00:00+00:00
[2025-11-20T22:07:02.560+0500] {processor.py:183} INFO - Processing /mnt/c/Users/Raj/OneDrive - Åbo Akademi O365/banking/venv/lib/python3.12/site-packages/airflow/example_dags/example_task_group_decorator.py took 0.268 seconds
[2025-11-20T22:08:31.279+0500] {processor.py:161} INFO - Started process (PID=1475) to work on /mnt/c/Users/Raj/OneDrive - Åbo Akademi O365/banking/venv/lib/python3.12/site-packages/airflow/example_dags/example_task_group_decorator.py
[2025-11-20T22:08:31.282+0500] {processor.py:830} INFO - Processing file /mnt/c/Users/Raj/OneDrive - Åbo Akademi O365/banking/venv/lib/python3.12/site-packages/airflow/example_dags/example_task_group_decorator.py for tasks to queue
[2025-11-20T22:08:31.287+0500] {logging_mixin.py:188} INFO - [2025-11-20T22:08:31.285+0500] {dagbag.py:545} INFO - Filling up the DagBag from /mnt/c/Users/Raj/OneDrive - Åbo Akademi O365/banking/venv/lib/python3.12/site-packages/airflow/example_dags/example_task_group_decorator.py
[2025-11-20T22:08:31.351+0500] {processor.py:840} INFO - DAG(s) 'example_task_group_decorator' retrieved from /mnt/c/Users/Raj/OneDrive - Åbo Akademi O365/banking/venv/lib/python3.12/site-packages/airflow/example_dags/example_task_group_decorator.py
[2025-11-20T22:08:31.413+0500] {logging_mixin.py:188} INFO - [2025-11-20T22:08:31.412+0500] {dag.py:3096} INFO - Sync 1 DAGs
[2025-11-20T22:08:31.471+0500] {logging_mixin.py:188} INFO - [2025-11-20T22:08:31.469+0500] {dag.py:3954} INFO - Setting next_dagrun for example_task_group_decorator to 2025-11-19 00:00:00+00:00, run_after=2025-11-20 00:00:00+00:00
[2025-11-20T22:08:31.576+0500] {processor.py:183} INFO - Processing /mnt/c/Users/Raj/OneDrive - Åbo Akademi O365/banking/venv/lib/python3.12/site-packages/airflow/example_dags/example_task_group_decorator.py took 0.318 seconds
[2025-11-20T22:10:06.793+0500] {processor.py:161} INFO - Started process (PID=1542) to work on /mnt/c/Users/Raj/OneDrive - Åbo Akademi O365/banking/venv/lib/python3.12/site-packages/airflow/example_dags/example_task_group_decorator.py
[2025-11-20T22:10:06.796+0500] {processor.py:830} INFO - Processing file /mnt/c/Users/Raj/OneDrive - Åbo Akademi O365/banking/venv/lib/python3.12/site-packages/airflow/example_dags/example_task_group_decorator.py for tasks to queue
[2025-11-20T22:10:06.801+0500] {logging_mixin.py:188} INFO - [2025-11-20T22:10:06.799+0500] {dagbag.py:545} INFO - Filling up the DagBag from /mnt/c/Users/Raj/OneDrive - Åbo Akademi O365/banking/venv/lib/python3.12/site-packages/airflow/example_dags/example_task_group_decorator.py
[2025-11-20T22:10:06.873+0500] {processor.py:840} INFO - DAG(s) 'example_task_group_decorator' retrieved from /mnt/c/Users/Raj/OneDrive - Åbo Akademi O365/banking/venv/lib/python3.12/site-packages/airflow/example_dags/example_task_group_decorator.py
[2025-11-20T22:10:06.940+0500] {logging_mixin.py:188} INFO - [2025-11-20T22:10:06.937+0500] {dag.py:3096} INFO - Sync 1 DAGs
[2025-11-20T22:10:07.017+0500] {logging_mixin.py:188} INFO - [2025-11-20T22:10:07.014+0500] {dag.py:3954} INFO - Setting next_dagrun for example_task_group_decorator to 2025-11-19 00:00:00+00:00, run_after=2025-11-20 00:00:00+00:00
[2025-11-20T22:10:07.166+0500] {processor.py:183} INFO - Processing /mnt/c/Users/Raj/OneDrive - Åbo Akademi O365/banking/venv/lib/python3.12/site-packages/airflow/example_dags/example_task_group_decorator.py took 0.397 seconds
[2025-11-20T22:11:33.604+0500] {processor.py:161} INFO - Started process (PID=1614) to work on /mnt/c/Users/Raj/OneDrive - Åbo Akademi O365/banking/venv/lib/python3.12/site-packages/airflow/example_dags/example_task_group_decorator.py
[2025-11-20T22:11:33.609+0500] {processor.py:830} INFO - Processing file /mnt/c/Users/Raj/OneDrive - Åbo Akademi O365/banking/venv/lib/python3.12/site-packages/airflow/example_dags/example_task_group_decorator.py for tasks to queue
[2025-11-20T22:11:33.613+0500] {logging_mixin.py:188} INFO - [2025-11-20T22:11:33.611+0500] {dagbag.py:545} INFO - Filling up the DagBag from /mnt/c/Users/Raj/OneDrive - Åbo Akademi O365/banking/venv/lib/python3.12/site-packages/airflow/example_dags/example_task_group_decorator.py
[2025-11-20T22:11:33.656+0500] {processor.py:840} INFO - DAG(s) 'example_task_group_decorator' retrieved from /mnt/c/Users/Raj/OneDrive - Åbo Akademi O365/banking/venv/lib/python3.12/site-packages/airflow/example_dags/example_task_group_decorator.py
[2025-11-20T22:11:33.707+0500] {logging_mixin.py:188} INFO - [2025-11-20T22:11:33.706+0500] {dag.py:3096} INFO - Sync 1 DAGs
[2025-11-20T22:11:33.764+0500] {logging_mixin.py:188} INFO - [2025-11-20T22:11:33.762+0500] {dag.py:3954} INFO - Setting next_dagrun for example_task_group_decorator to 2025-11-19 00:00:00+00:00, run_after=2025-11-20 00:00:00+00:00
[2025-11-20T22:11:33.862+0500] {processor.py:183} INFO - Processing /mnt/c/Users/Raj/OneDrive - Åbo Akademi O365/banking/venv/lib/python3.12/site-packages/airflow/example_dags/example_task_group_decorator.py took 0.277 seconds
[2025-11-20T22:12:54.264+0500] {processor.py:161} INFO - Started process (PID=1676) to work on /mnt/c/Users/Raj/OneDrive - Åbo Akademi O365/banking/venv/lib/python3.12/site-packages/airflow/example_dags/example_task_group_decorator.py
[2025-11-20T22:12:54.267+0500] {processor.py:830} INFO - Processing file /mnt/c/Users/Raj/OneDrive - Åbo Akademi O365/banking/venv/lib/python3.12/site-packages/airflow/example_dags/example_task_group_decorator.py for tasks to queue
[2025-11-20T22:12:54.271+0500] {logging_mixin.py:188} INFO - [2025-11-20T22:12:54.269+0500] {dagbag.py:545} INFO - Filling up the DagBag from /mnt/c/Users/Raj/OneDrive - Åbo Akademi O365/banking/venv/lib/python3.12/site-packages/airflow/example_dags/example_task_group_decorator.py
[2025-11-20T22:12:54.333+0500] {processor.py:840} INFO - DAG(s) 'example_task_group_decorator' retrieved from /mnt/c/Users/Raj/OneDrive - Åbo Akademi O365/banking/venv/lib/python3.12/site-packages/airflow/example_dags/example_task_group_decorator.py
[2025-11-20T22:12:54.417+0500] {logging_mixin.py:188} INFO - [2025-11-20T22:12:54.416+0500] {dag.py:3096} INFO - Sync 1 DAGs
[2025-11-20T22:12:54.473+0500] {logging_mixin.py:188} INFO - [2025-11-20T22:12:54.472+0500] {dag.py:3954} INFO - Setting next_dagrun for example_task_group_decorator to 2025-11-19 00:00:00+00:00, run_after=2025-11-20 00:00:00+00:00
[2025-11-20T22:12:54.590+0500] {processor.py:183} INFO - Processing /mnt/c/Users/Raj/OneDrive - Åbo Akademi O365/banking/venv/lib/python3.12/site-packages/airflow/example_dags/example_task_group_decorator.py took 0.348 seconds
[2025-11-20T22:14:23.132+0500] {processor.py:161} INFO - Started process (PID=1741) to work on /mnt/c/Users/Raj/OneDrive - Åbo Akademi O365/banking/venv/lib/python3.12/site-packages/airflow/example_dags/example_task_group_decorator.py
[2025-11-20T22:14:23.134+0500] {processor.py:830} INFO - Processing file /mnt/c/Users/Raj/OneDrive - Åbo Akademi O365/banking/venv/lib/python3.12/site-packages/airflow/example_dags/example_task_group_decorator.py for tasks to queue
[2025-11-20T22:14:23.137+0500] {logging_mixin.py:188} INFO - [2025-11-20T22:14:23.136+0500] {dagbag.py:545} INFO - Filling up the DagBag from /mnt/c/Users/Raj/OneDrive - Åbo Akademi O365/banking/venv/lib/python3.12/site-packages/airflow/example_dags/example_task_group_decorator.py
[2025-11-20T22:14:23.194+0500] {processor.py:840} INFO - DAG(s) 'example_task_group_decorator' retrieved from /mnt/c/Users/Raj/OneDrive - Åbo Akademi O365/banking/venv/lib/python3.12/site-packages/airflow/example_dags/example_task_group_decorator.py
[2025-11-20T22:14:23.254+0500] {logging_mixin.py:188} INFO - [2025-11-20T22:14:23.252+0500] {dag.py:3096} INFO - Sync 1 DAGs
[2025-11-20T22:14:23.300+0500] {logging_mixin.py:188} INFO - [2025-11-20T22:14:23.298+0500] {dag.py:3954} INFO - Setting next_dagrun for example_task_group_decorator to 2025-11-19 00:00:00+00:00, run_after=2025-11-20 00:00:00+00:00
[2025-11-20T22:14:23.389+0500] {processor.py:183} INFO - Processing /mnt/c/Users/Raj/OneDrive - Åbo Akademi O365/banking/venv/lib/python3.12/site-packages/airflow/example_dags/example_task_group_decorator.py took 0.272 seconds
[2025-11-20T22:15:49.825+0500] {processor.py:161} INFO - Started process (PID=1801) to work on /mnt/c/Users/Raj/OneDrive - Åbo Akademi O365/banking/venv/lib/python3.12/site-packages/airflow/example_dags/example_task_group_decorator.py
[2025-11-20T22:15:49.828+0500] {processor.py:830} INFO - Processing file /mnt/c/Users/Raj/OneDrive - Åbo Akademi O365/banking/venv/lib/python3.12/site-packages/airflow/example_dags/example_task_group_decorator.py for tasks to queue
[2025-11-20T22:15:49.833+0500] {logging_mixin.py:188} INFO - [2025-11-20T22:15:49.831+0500] {dagbag.py:545} INFO - Filling up the DagBag from /mnt/c/Users/Raj/OneDrive - Åbo Akademi O365/banking/venv/lib/python3.12/site-packages/airflow/example_dags/example_task_group_decorator.py
[2025-11-20T22:15:49.887+0500] {processor.py:840} INFO - DAG(s) 'example_task_group_decorator' retrieved from /mnt/c/Users/Raj/OneDrive - Åbo Akademi O365/banking/venv/lib/python3.12/site-packages/airflow/example_dags/example_task_group_decorator.py
[2025-11-20T22:15:49.948+0500] {logging_mixin.py:188} INFO - [2025-11-20T22:15:49.946+0500] {dag.py:3096} INFO - Sync 1 DAGs
[2025-11-20T22:15:49.995+0500] {logging_mixin.py:188} INFO - [2025-11-20T22:15:49.994+0500] {dag.py:3954} INFO - Setting next_dagrun for example_task_group_decorator to 2025-11-19 00:00:00+00:00, run_after=2025-11-20 00:00:00+00:00
[2025-11-20T22:15:50.091+0500] {processor.py:183} INFO - Processing /mnt/c/Users/Raj/OneDrive - Åbo Akademi O365/banking/venv/lib/python3.12/site-packages/airflow/example_dags/example_task_group_decorator.py took 0.284 seconds
[2025-11-20T22:17:17.862+0500] {processor.py:161} INFO - Started process (PID=1866) to work on /mnt/c/Users/Raj/OneDrive - Åbo Akademi O365/banking/venv/lib/python3.12/site-packages/airflow/example_dags/example_task_group_decorator.py
[2025-11-20T22:17:17.865+0500] {processor.py:830} INFO - Processing file /mnt/c/Users/Raj/OneDrive - Åbo Akademi O365/banking/venv/lib/python3.12/site-packages/airflow/example_dags/example_task_group_decorator.py for tasks to queue
[2025-11-20T22:17:17.870+0500] {logging_mixin.py:188} INFO - [2025-11-20T22:17:17.868+0500] {dagbag.py:545} INFO - Filling up the DagBag from /mnt/c/Users/Raj/OneDrive - Åbo Akademi O365/banking/venv/lib/python3.12/site-packages/airflow/example_dags/example_task_group_decorator.py
[2025-11-20T22:17:17.919+0500] {processor.py:840} INFO - DAG(s) 'example_task_group_decorator' retrieved from /mnt/c/Users/Raj/OneDrive - Åbo Akademi O365/banking/venv/lib/python3.12/site-packages/airflow/example_dags/example_task_group_decorator.py
[2025-11-20T22:17:17.966+0500] {logging_mixin.py:188} INFO - [2025-11-20T22:17:17.964+0500] {dag.py:3096} INFO - Sync 1 DAGs
[2025-11-20T22:17:18.009+0500] {logging_mixin.py:188} INFO - [2025-11-20T22:17:18.008+0500] {dag.py:3954} INFO - Setting next_dagrun for example_task_group_decorator to 2025-11-19 00:00:00+00:00, run_after=2025-11-20 00:00:00+00:00
[2025-11-20T22:17:18.103+0500] {processor.py:183} INFO - Processing /mnt/c/Users/Raj/OneDrive - Åbo Akademi O365/banking/venv/lib/python3.12/site-packages/airflow/example_dags/example_task_group_decorator.py took 0.264 seconds
[2025-11-20T22:18:46.726+0500] {processor.py:161} INFO - Started process (PID=1932) to work on /mnt/c/Users/Raj/OneDrive - Åbo Akademi O365/banking/venv/lib/python3.12/site-packages/airflow/example_dags/example_task_group_decorator.py
[2025-11-20T22:18:46.728+0500] {processor.py:830} INFO - Processing file /mnt/c/Users/Raj/OneDrive - Åbo Akademi O365/banking/venv/lib/python3.12/site-packages/airflow/example_dags/example_task_group_decorator.py for tasks to queue
[2025-11-20T22:18:46.732+0500] {logging_mixin.py:188} INFO - [2025-11-20T22:18:46.730+0500] {dagbag.py:545} INFO - Filling up the DagBag from /mnt/c/Users/Raj/OneDrive - Åbo Akademi O365/banking/venv/lib/python3.12/site-packages/airflow/example_dags/example_task_group_decorator.py
[2025-11-20T22:18:46.771+0500] {processor.py:840} INFO - DAG(s) 'example_task_group_decorator' retrieved from /mnt/c/Users/Raj/OneDrive - Åbo Akademi O365/banking/venv/lib/python3.12/site-packages/airflow/example_dags/example_task_group_decorator.py
[2025-11-20T22:18:46.821+0500] {logging_mixin.py:188} INFO - [2025-11-20T22:18:46.820+0500] {dag.py:3096} INFO - Sync 1 DAGs
[2025-11-20T22:18:46.867+0500] {logging_mixin.py:188} INFO - [2025-11-20T22:18:46.865+0500] {dag.py:3954} INFO - Setting next_dagrun for example_task_group_decorator to 2025-11-19 00:00:00+00:00, run_after=2025-11-20 00:00:00+00:00
[2025-11-20T22:18:46.958+0500] {processor.py:183} INFO - Processing /mnt/c/Users/Raj/OneDrive - Åbo Akademi O365/banking/venv/lib/python3.12/site-packages/airflow/example_dags/example_task_group_decorator.py took 0.251 seconds
[2025-11-20T22:20:10.331+0500] {processor.py:161} INFO - Started process (PID=1998) to work on /mnt/c/Users/Raj/OneDrive - Åbo Akademi O365/banking/venv/lib/python3.12/site-packages/airflow/example_dags/example_task_group_decorator.py
[2025-11-20T22:20:10.334+0500] {processor.py:830} INFO - Processing file /mnt/c/Users/Raj/OneDrive - Åbo Akademi O365/banking/venv/lib/python3.12/site-packages/airflow/example_dags/example_task_group_decorator.py for tasks to queue
[2025-11-20T22:20:10.339+0500] {logging_mixin.py:188} INFO - [2025-11-20T22:20:10.337+0500] {dagbag.py:545} INFO - Filling up the DagBag from /mnt/c/Users/Raj/OneDrive - Åbo Akademi O365/banking/venv/lib/python3.12/site-packages/airflow/example_dags/example_task_group_decorator.py
[2025-11-20T22:20:10.425+0500] {processor.py:840} INFO - DAG(s) 'example_task_group_decorator' retrieved from /mnt/c/Users/Raj/OneDrive - Åbo Akademi O365/banking/venv/lib/python3.12/site-packages/airflow/example_dags/example_task_group_decorator.py
[2025-11-20T22:20:10.516+0500] {logging_mixin.py:188} INFO - [2025-11-20T22:20:10.509+0500] {dag.py:3096} INFO - Sync 1 DAGs
[2025-11-20T22:20:10.604+0500] {logging_mixin.py:188} INFO - [2025-11-20T22:20:10.603+0500] {dag.py:3954} INFO - Setting next_dagrun for example_task_group_decorator to 2025-11-19 00:00:00+00:00, run_after=2025-11-20 00:00:00+00:00
[2025-11-20T22:20:10.768+0500] {processor.py:183} INFO - Processing /mnt/c/Users/Raj/OneDrive - Åbo Akademi O365/banking/venv/lib/python3.12/site-packages/airflow/example_dags/example_task_group_decorator.py took 0.461 seconds
[2025-11-20T22:21:00.552+0500] {processor.py:161} INFO - Started process (PID=2035) to work on /mnt/c/Users/Raj/OneDrive - Åbo Akademi O365/banking/venv/lib/python3.12/site-packages/airflow/example_dags/example_task_group_decorator.py
[2025-11-20T22:21:00.554+0500] {processor.py:830} INFO - Processing file /mnt/c/Users/Raj/OneDrive - Åbo Akademi O365/banking/venv/lib/python3.12/site-packages/airflow/example_dags/example_task_group_decorator.py for tasks to queue
[2025-11-20T22:21:00.556+0500] {logging_mixin.py:188} INFO - [2025-11-20T22:21:00.555+0500] {dagbag.py:545} INFO - Filling up the DagBag from /mnt/c/Users/Raj/OneDrive - Åbo Akademi O365/banking/venv/lib/python3.12/site-packages/airflow/example_dags/example_task_group_decorator.py
[2025-11-20T22:21:00.592+0500] {processor.py:840} INFO - DAG(s) 'example_task_group_decorator' retrieved from /mnt/c/Users/Raj/OneDrive - Åbo Akademi O365/banking/venv/lib/python3.12/site-packages/airflow/example_dags/example_task_group_decorator.py
[2025-11-20T22:21:00.642+0500] {logging_mixin.py:188} INFO - [2025-11-20T22:21:00.641+0500] {dag.py:3096} INFO - Sync 1 DAGs
[2025-11-20T22:21:00.687+0500] {logging_mixin.py:188} INFO - [2025-11-20T22:21:00.685+0500] {dag.py:3954} INFO - Setting next_dagrun for example_task_group_decorator to 2025-11-19 00:00:00+00:00, run_after=2025-11-20 00:00:00+00:00
[2025-11-20T22:21:00.786+0500] {processor.py:183} INFO - Processing /mnt/c/Users/Raj/OneDrive - Åbo Akademi O365/banking/venv/lib/python3.12/site-packages/airflow/example_dags/example_task_group_decorator.py took 0.248 seconds
[2025-11-20T22:22:17.411+0500] {processor.py:161} INFO - Started process (PID=2095) to work on /mnt/c/Users/Raj/OneDrive - Åbo Akademi O365/banking/venv/lib/python3.12/site-packages/airflow/example_dags/example_task_group_decorator.py
[2025-11-20T22:22:17.414+0500] {processor.py:830} INFO - Processing file /mnt/c/Users/Raj/OneDrive - Åbo Akademi O365/banking/venv/lib/python3.12/site-packages/airflow/example_dags/example_task_group_decorator.py for tasks to queue
[2025-11-20T22:22:17.418+0500] {logging_mixin.py:188} INFO - [2025-11-20T22:22:17.416+0500] {dagbag.py:545} INFO - Filling up the DagBag from /mnt/c/Users/Raj/OneDrive - Åbo Akademi O365/banking/venv/lib/python3.12/site-packages/airflow/example_dags/example_task_group_decorator.py
[2025-11-20T22:22:17.460+0500] {processor.py:840} INFO - DAG(s) 'example_task_group_decorator' retrieved from /mnt/c/Users/Raj/OneDrive - Åbo Akademi O365/banking/venv/lib/python3.12/site-packages/airflow/example_dags/example_task_group_decorator.py
[2025-11-20T22:22:17.506+0500] {logging_mixin.py:188} INFO - [2025-11-20T22:22:17.504+0500] {dag.py:3096} INFO - Sync 1 DAGs
[2025-11-20T22:22:17.552+0500] {logging_mixin.py:188} INFO - [2025-11-20T22:22:17.550+0500] {dag.py:3954} INFO - Setting next_dagrun for example_task_group_decorator to 2025-11-19 00:00:00+00:00, run_after=2025-11-20 00:00:00+00:00
[2025-11-20T22:22:17.620+0500] {processor.py:183} INFO - Processing /mnt/c/Users/Raj/OneDrive - Åbo Akademi O365/banking/venv/lib/python3.12/site-packages/airflow/example_dags/example_task_group_decorator.py took 0.229 seconds
[2025-11-20T22:23:31.336+0500] {processor.py:161} INFO - Started process (PID=2153) to work on /mnt/c/Users/Raj/OneDrive - Åbo Akademi O365/banking/venv/lib/python3.12/site-packages/airflow/example_dags/example_task_group_decorator.py
[2025-11-20T22:23:31.339+0500] {processor.py:830} INFO - Processing file /mnt/c/Users/Raj/OneDrive - Åbo Akademi O365/banking/venv/lib/python3.12/site-packages/airflow/example_dags/example_task_group_decorator.py for tasks to queue
[2025-11-20T22:23:31.343+0500] {logging_mixin.py:188} INFO - [2025-11-20T22:23:31.341+0500] {dagbag.py:545} INFO - Filling up the DagBag from /mnt/c/Users/Raj/OneDrive - Åbo Akademi O365/banking/venv/lib/python3.12/site-packages/airflow/example_dags/example_task_group_decorator.py
[2025-11-20T22:23:31.391+0500] {processor.py:840} INFO - DAG(s) 'example_task_group_decorator' retrieved from /mnt/c/Users/Raj/OneDrive - Åbo Akademi O365/banking/venv/lib/python3.12/site-packages/airflow/example_dags/example_task_group_decorator.py
[2025-11-20T22:23:31.435+0500] {logging_mixin.py:188} INFO - [2025-11-20T22:23:31.434+0500] {dag.py:3096} INFO - Sync 1 DAGs
[2025-11-20T22:23:31.474+0500] {logging_mixin.py:188} INFO - [2025-11-20T22:23:31.473+0500] {dag.py:3954} INFO - Setting next_dagrun for example_task_group_decorator to 2025-11-19 00:00:00+00:00, run_after=2025-11-20 00:00:00+00:00
[2025-11-20T22:23:31.566+0500] {processor.py:183} INFO - Processing /mnt/c/Users/Raj/OneDrive - Åbo Akademi O365/banking/venv/lib/python3.12/site-packages/airflow/example_dags/example_task_group_decorator.py took 0.247 seconds
[2025-11-20T22:25:00.266+0500] {processor.py:161} INFO - Started process (PID=2235) to work on /mnt/c/Users/Raj/OneDrive - Åbo Akademi O365/banking/venv/lib/python3.12/site-packages/airflow/example_dags/example_task_group_decorator.py
[2025-11-20T22:25:00.268+0500] {processor.py:830} INFO - Processing file /mnt/c/Users/Raj/OneDrive - Åbo Akademi O365/banking/venv/lib/python3.12/site-packages/airflow/example_dags/example_task_group_decorator.py for tasks to queue
[2025-11-20T22:25:00.273+0500] {logging_mixin.py:188} INFO - [2025-11-20T22:25:00.271+0500] {dagbag.py:545} INFO - Filling up the DagBag from /mnt/c/Users/Raj/OneDrive - Åbo Akademi O365/banking/venv/lib/python3.12/site-packages/airflow/example_dags/example_task_group_decorator.py
[2025-11-20T22:25:00.333+0500] {processor.py:840} INFO - DAG(s) 'example_task_group_decorator' retrieved from /mnt/c/Users/Raj/OneDrive - Åbo Akademi O365/banking/venv/lib/python3.12/site-packages/airflow/example_dags/example_task_group_decorator.py
[2025-11-20T22:25:00.395+0500] {logging_mixin.py:188} INFO - [2025-11-20T22:25:00.393+0500] {dag.py:3096} INFO - Sync 1 DAGs
[2025-11-20T22:25:00.446+0500] {logging_mixin.py:188} INFO - [2025-11-20T22:25:00.444+0500] {dag.py:3954} INFO - Setting next_dagrun for example_task_group_decorator to 2025-11-19 00:00:00+00:00, run_after=2025-11-20 00:00:00+00:00
[2025-11-20T22:25:00.555+0500] {processor.py:183} INFO - Processing /mnt/c/Users/Raj/OneDrive - Åbo Akademi O365/banking/venv/lib/python3.12/site-packages/airflow/example_dags/example_task_group_decorator.py took 0.310 seconds
[2025-11-20T22:26:59.280+0500] {processor.py:161} INFO - Started process (PID=2327) to work on /mnt/c/Users/Raj/OneDrive - Åbo Akademi O365/banking/venv/lib/python3.12/site-packages/airflow/example_dags/example_task_group_decorator.py
[2025-11-20T22:26:59.288+0500] {processor.py:830} INFO - Processing file /mnt/c/Users/Raj/OneDrive - Åbo Akademi O365/banking/venv/lib/python3.12/site-packages/airflow/example_dags/example_task_group_decorator.py for tasks to queue
[2025-11-20T22:26:59.293+0500] {logging_mixin.py:188} INFO - [2025-11-20T22:26:59.291+0500] {dagbag.py:545} INFO - Filling up the DagBag from /mnt/c/Users/Raj/OneDrive - Åbo Akademi O365/banking/venv/lib/python3.12/site-packages/airflow/example_dags/example_task_group_decorator.py
[2025-11-20T22:26:59.353+0500] {processor.py:840} INFO - DAG(s) 'example_task_group_decorator' retrieved from /mnt/c/Users/Raj/OneDrive - Åbo Akademi O365/banking/venv/lib/python3.12/site-packages/airflow/example_dags/example_task_group_decorator.py
[2025-11-20T22:26:59.420+0500] {logging_mixin.py:188} INFO - [2025-11-20T22:26:59.418+0500] {dag.py:3096} INFO - Sync 1 DAGs
[2025-11-20T22:26:59.480+0500] {logging_mixin.py:188} INFO - [2025-11-20T22:26:59.477+0500] {dag.py:3954} INFO - Setting next_dagrun for example_task_group_decorator to 2025-11-19 00:00:00+00:00, run_after=2025-11-20 00:00:00+00:00
[2025-11-20T22:27:00.334+0500] {processor.py:183} INFO - Processing /mnt/c/Users/Raj/OneDrive - Åbo Akademi O365/banking/venv/lib/python3.12/site-packages/airflow/example_dags/example_task_group_decorator.py took 1.093 seconds
[2025-11-20T22:28:15.671+0500] {processor.py:161} INFO - Started process (PID=2367) to work on /mnt/c/Users/Raj/OneDrive - Åbo Akademi O365/banking/venv/lib/python3.12/site-packages/airflow/example_dags/example_task_group_decorator.py
[2025-11-20T22:28:15.696+0500] {processor.py:830} INFO - Processing file /mnt/c/Users/Raj/OneDrive - Åbo Akademi O365/banking/venv/lib/python3.12/site-packages/airflow/example_dags/example_task_group_decorator.py for tasks to queue
[2025-11-20T22:28:15.706+0500] {logging_mixin.py:188} INFO - [2025-11-20T22:28:15.700+0500] {dagbag.py:545} INFO - Filling up the DagBag from /mnt/c/Users/Raj/OneDrive - Åbo Akademi O365/banking/venv/lib/python3.12/site-packages/airflow/example_dags/example_task_group_decorator.py
[2025-11-20T22:28:15.831+0500] {processor.py:840} INFO - DAG(s) 'example_task_group_decorator' retrieved from /mnt/c/Users/Raj/OneDrive - Åbo Akademi O365/banking/venv/lib/python3.12/site-packages/airflow/example_dags/example_task_group_decorator.py
[2025-11-20T22:28:15.983+0500] {logging_mixin.py:188} INFO - [2025-11-20T22:28:15.981+0500] {dag.py:3096} INFO - Sync 1 DAGs
[2025-11-20T22:28:16.127+0500] {logging_mixin.py:188} INFO - [2025-11-20T22:28:16.125+0500] {dag.py:3954} INFO - Setting next_dagrun for example_task_group_decorator to 2025-11-19 00:00:00+00:00, run_after=2025-11-20 00:00:00+00:00
[2025-11-20T22:28:16.389+0500] {processor.py:183} INFO - Processing /mnt/c/Users/Raj/OneDrive - Åbo Akademi O365/banking/venv/lib/python3.12/site-packages/airflow/example_dags/example_task_group_decorator.py took 0.784 seconds
[2025-11-20T22:29:29.005+0500] {processor.py:161} INFO - Started process (PID=2429) to work on /mnt/c/Users/Raj/OneDrive - Åbo Akademi O365/banking/venv/lib/python3.12/site-packages/airflow/example_dags/example_task_group_decorator.py
[2025-11-20T22:29:29.017+0500] {processor.py:830} INFO - Processing file /mnt/c/Users/Raj/OneDrive - Åbo Akademi O365/banking/venv/lib/python3.12/site-packages/airflow/example_dags/example_task_group_decorator.py for tasks to queue
[2025-11-20T22:29:29.025+0500] {logging_mixin.py:188} INFO - [2025-11-20T22:29:29.020+0500] {dagbag.py:545} INFO - Filling up the DagBag from /mnt/c/Users/Raj/OneDrive - Åbo Akademi O365/banking/venv/lib/python3.12/site-packages/airflow/example_dags/example_task_group_decorator.py
[2025-11-20T22:29:29.137+0500] {processor.py:840} INFO - DAG(s) 'example_task_group_decorator' retrieved from /mnt/c/Users/Raj/OneDrive - Åbo Akademi O365/banking/venv/lib/python3.12/site-packages/airflow/example_dags/example_task_group_decorator.py
[2025-11-20T22:29:29.273+0500] {logging_mixin.py:188} INFO - [2025-11-20T22:29:29.270+0500] {dag.py:3096} INFO - Sync 1 DAGs
[2025-11-20T22:29:29.400+0500] {logging_mixin.py:188} INFO - [2025-11-20T22:29:29.398+0500] {dag.py:3954} INFO - Setting next_dagrun for example_task_group_decorator to 2025-11-19 00:00:00+00:00, run_after=2025-11-20 00:00:00+00:00
[2025-11-20T22:29:30.045+0500] {processor.py:183} INFO - Processing /mnt/c/Users/Raj/OneDrive - Åbo Akademi O365/banking/venv/lib/python3.12/site-packages/airflow/example_dags/example_task_group_decorator.py took 1.134 seconds
[2025-11-20T22:30:46.380+0500] {processor.py:161} INFO - Started process (PID=2466) to work on /mnt/c/Users/Raj/OneDrive - Åbo Akademi O365/banking/venv/lib/python3.12/site-packages/airflow/example_dags/example_task_group_decorator.py
[2025-11-20T22:30:46.386+0500] {processor.py:830} INFO - Processing file /mnt/c/Users/Raj/OneDrive - Åbo Akademi O365/banking/venv/lib/python3.12/site-packages/airflow/example_dags/example_task_group_decorator.py for tasks to queue
[2025-11-20T22:30:46.396+0500] {logging_mixin.py:188} INFO - [2025-11-20T22:30:46.392+0500] {dagbag.py:545} INFO - Filling up the DagBag from /mnt/c/Users/Raj/OneDrive - Åbo Akademi O365/banking/venv/lib/python3.12/site-packages/airflow/example_dags/example_task_group_decorator.py
[2025-11-20T22:30:47.020+0500] {logging_mixin.py:188} INFO - [2025-11-20T22:30:46.753+0500] {dagbag.py:355} ERROR - Failed to import: /mnt/c/Users/Raj/OneDrive - Åbo Akademi O365/banking/venv/lib/python3.12/site-packages/airflow/example_dags/example_task_group_decorator.py
Traceback (most recent call last):
  File "/mnt/c/Users/Raj/OneDrive - Åbo Akademi O365/banking/venv/lib/python3.12/site-packages/airflow/models/dagbag.py", line 351, in parse
    dag_id,
  File "<frozen importlib._bootstrap_external>", line 995, in exec_module
  File "<frozen importlib._bootstrap>", line 488, in _call_with_frames_removed
  File "/mnt/c/Users/Raj/OneDrive - Åbo Akademi O365/banking/venv/lib/python3.12/site-packages/airflow/example_dags/example_task_group_decorator.py", line 25, in <module>
    from airflow.sdk import DAG, task, task_group
  File "/mnt/c/Users/Raj/OneDrive - Åbo Akademi O365/banking/venv/lib/python3.12/site-packages/airflow/sdk/__init__.py", line 134, in __getattr__
    mod = importlib.import_module(module_path, __name__)
          ^^^^^^^^^^^^^^^^^^^^^^^^^^^^^^^^^^^^^^^^^^^^^^
  File "/usr/lib/python3.12/importlib/__init__.py", line 90, in import_module
    return _bootstrap._gcd_import(name[level:], package, level)
           ^^^^^^^^^^^^^^^^^^^^^^^^^^^^^^^^^^^^^^^^^^^^^^^^^^^^
  File "/mnt/c/Users/Raj/OneDrive - Åbo Akademi O365/banking/venv/lib/python3.12/site-packages/airflow/sdk/definitions/dag.py", line 40, in <module>
    from airflow.exceptions import (
ImportError: cannot import name 'RemovedInAirflow4Warning' from 'airflow.exceptions' (/mnt/c/Users/Raj/OneDrive - Åbo Akademi O365/banking/venv/lib/python3.12/site-packages/airflow/exceptions.py)
[2025-11-20T22:30:47.030+0500] {processor.py:842} WARNING - No viable dags retrieved from /mnt/c/Users/Raj/OneDrive - Åbo Akademi O365/banking/venv/lib/python3.12/site-packages/airflow/example_dags/example_task_group_decorator.py
[2025-11-20T22:30:47.299+0500] {processor.py:183} INFO - Processing /mnt/c/Users/Raj/OneDrive - Åbo Akademi O365/banking/venv/lib/python3.12/site-packages/airflow/example_dags/example_task_group_decorator.py took 1.010 seconds
[2025-11-20T22:32:04.941+0500] {processor.py:161} INFO - Started process (PID=2511) to work on /mnt/c/Users/Raj/OneDrive - Åbo Akademi O365/banking/venv/lib/python3.12/site-packages/airflow/example_dags/example_task_group_decorator.py
[2025-11-20T22:32:04.944+0500] {processor.py:830} INFO - Processing file /mnt/c/Users/Raj/OneDrive - Åbo Akademi O365/banking/venv/lib/python3.12/site-packages/airflow/example_dags/example_task_group_decorator.py for tasks to queue
[2025-11-20T22:32:04.950+0500] {logging_mixin.py:188} INFO - [2025-11-20T22:32:04.947+0500] {dagbag.py:545} INFO - Filling up the DagBag from /mnt/c/Users/Raj/OneDrive - Åbo Akademi O365/banking/venv/lib/python3.12/site-packages/airflow/example_dags/example_task_group_decorator.py
[2025-11-20T22:32:05.055+0500] {logging_mixin.py:188} INFO - [2025-11-20T22:32:05.022+0500] {dagbag.py:355} ERROR - Failed to import: /mnt/c/Users/Raj/OneDrive - Åbo Akademi O365/banking/venv/lib/python3.12/site-packages/airflow/example_dags/example_task_group_decorator.py
Traceback (most recent call last):
  File "/mnt/c/Users/Raj/OneDrive - Åbo Akademi O365/banking/venv/lib/python3.12/site-packages/airflow/models/dagbag.py", line 351, in parse
    dag_id,
  File "<frozen importlib._bootstrap_external>", line 995, in exec_module
  File "<frozen importlib._bootstrap>", line 488, in _call_with_frames_removed
  File "/mnt/c/Users/Raj/OneDrive - Åbo Akademi O365/banking/venv/lib/python3.12/site-packages/airflow/example_dags/example_task_group_decorator.py", line 25, in <module>
    from airflow.sdk import DAG, task, task_group
  File "/mnt/c/Users/Raj/OneDrive - Åbo Akademi O365/banking/venv/lib/python3.12/site-packages/airflow/sdk/__init__.py", line 134, in __getattr__
    mod = importlib.import_module(module_path, __name__)
          ^^^^^^^^^^^^^^^^^^^^^^^^^^^^^^^^^^^^^^^^^^^^^^
  File "/usr/lib/python3.12/importlib/__init__.py", line 90, in import_module
    return _bootstrap._gcd_import(name[level:], package, level)
           ^^^^^^^^^^^^^^^^^^^^^^^^^^^^^^^^^^^^^^^^^^^^^^^^^^^^
  File "/mnt/c/Users/Raj/OneDrive - Åbo Akademi O365/banking/venv/lib/python3.12/site-packages/airflow/sdk/definitions/dag.py", line 40, in <module>
    from airflow.exceptions import (
ImportError: cannot import name 'RemovedInAirflow4Warning' from 'airflow.exceptions' (/mnt/c/Users/Raj/OneDrive - Åbo Akademi O365/banking/venv/lib/python3.12/site-packages/airflow/exceptions.py)
[2025-11-20T22:32:05.062+0500] {processor.py:842} WARNING - No viable dags retrieved from /mnt/c/Users/Raj/OneDrive - Åbo Akademi O365/banking/venv/lib/python3.12/site-packages/airflow/example_dags/example_task_group_decorator.py
[2025-11-20T22:32:05.137+0500] {processor.py:183} INFO - Processing /mnt/c/Users/Raj/OneDrive - Åbo Akademi O365/banking/venv/lib/python3.12/site-packages/airflow/example_dags/example_task_group_decorator.py took 0.229 seconds
