[2025-11-20T20:36:51.068+0500] {processor.py:161} INFO - Started process (PID=12221) to work on /mnt/c/Users/Raj/OneDrive - Åbo Akademi O365/banking/venv/lib/python3.12/site-packages/airflow/example_dags/example_branch_operator_decorator.py
[2025-11-20T20:36:51.071+0500] {processor.py:830} INFO - Processing file /mnt/c/Users/Raj/OneDrive - Åbo Akademi O365/banking/venv/lib/python3.12/site-packages/airflow/example_dags/example_branch_operator_decorator.py for tasks to queue
[2025-11-20T20:36:51.076+0500] {logging_mixin.py:188} INFO - [2025-11-20T20:36:51.074+0500] {dagbag.py:545} INFO - Filling up the DagBag from /mnt/c/Users/Raj/OneDrive - Åbo Akademi O365/banking/venv/lib/python3.12/site-packages/airflow/example_dags/example_branch_operator_decorator.py
[2025-11-20T20:36:51.160+0500] {processor.py:840} INFO - DAG(s) 'example_branch_python_operator_decorator' retrieved from /mnt/c/Users/Raj/OneDrive - Åbo Akademi O365/banking/venv/lib/python3.12/site-packages/airflow/example_dags/example_branch_operator_decorator.py
[2025-11-20T20:36:52.918+0500] {logging_mixin.py:188} INFO - [2025-11-20T20:36:52.916+0500] {override.py:1829} INFO - Created Permission View: can delete on DAG:example_branch_python_operator_decorator
[2025-11-20T20:36:52.971+0500] {logging_mixin.py:188} INFO - [2025-11-20T20:36:52.969+0500] {override.py:1829} INFO - Created Permission View: can read on DAG:example_branch_python_operator_decorator
[2025-11-20T20:36:53.018+0500] {logging_mixin.py:188} INFO - [2025-11-20T20:36:53.016+0500] {override.py:1829} INFO - Created Permission View: can edit on DAG:example_branch_python_operator_decorator
[2025-11-20T20:36:53.022+0500] {logging_mixin.py:188} INFO - [2025-11-20T20:36:53.020+0500] {dag.py:3096} INFO - Sync 1 DAGs
[2025-11-20T20:36:53.047+0500] {logging_mixin.py:188} INFO - [2025-11-20T20:36:53.045+0500] {dag.py:3118} INFO - Creating ORM DAG for example_branch_python_operator_decorator
[2025-11-20T20:36:53.075+0500] {logging_mixin.py:188} INFO - [2025-11-20T20:36:53.073+0500] {dag.py:3954} INFO - Setting next_dagrun for example_branch_python_operator_decorator to 2025-11-19 00:00:00+00:00, run_after=2025-11-20 00:00:00+00:00
[2025-11-20T20:36:53.173+0500] {processor.py:183} INFO - Processing /mnt/c/Users/Raj/OneDrive - Åbo Akademi O365/banking/venv/lib/python3.12/site-packages/airflow/example_dags/example_branch_operator_decorator.py took 2.124 seconds
[2025-11-20T20:38:44.563+0500] {processor.py:161} INFO - Started process (PID=12623) to work on /mnt/c/Users/Raj/OneDrive - Åbo Akademi O365/banking/venv/lib/python3.12/site-packages/airflow/example_dags/example_branch_operator_decorator.py
[2025-11-20T20:38:44.572+0500] {processor.py:830} INFO - Processing file /mnt/c/Users/Raj/OneDrive - Åbo Akademi O365/banking/venv/lib/python3.12/site-packages/airflow/example_dags/example_branch_operator_decorator.py for tasks to queue
[2025-11-20T20:38:44.579+0500] {logging_mixin.py:188} INFO - [2025-11-20T20:38:44.577+0500] {dagbag.py:545} INFO - Filling up the DagBag from /mnt/c/Users/Raj/OneDrive - Åbo Akademi O365/banking/venv/lib/python3.12/site-packages/airflow/example_dags/example_branch_operator_decorator.py
[2025-11-20T20:38:44.711+0500] {processor.py:840} INFO - DAG(s) 'example_branch_python_operator_decorator' retrieved from /mnt/c/Users/Raj/OneDrive - Åbo Akademi O365/banking/venv/lib/python3.12/site-packages/airflow/example_dags/example_branch_operator_decorator.py
[2025-11-20T20:38:44.824+0500] {logging_mixin.py:188} INFO - [2025-11-20T20:38:44.821+0500] {dag.py:3096} INFO - Sync 1 DAGs
[2025-11-20T20:38:44.909+0500] {logging_mixin.py:188} INFO - [2025-11-20T20:38:44.907+0500] {dag.py:3954} INFO - Setting next_dagrun for example_branch_python_operator_decorator to 2025-11-19 00:00:00+00:00, run_after=2025-11-20 00:00:00+00:00
[2025-11-20T20:38:45.096+0500] {processor.py:183} INFO - Processing /mnt/c/Users/Raj/OneDrive - Åbo Akademi O365/banking/venv/lib/python3.12/site-packages/airflow/example_dags/example_branch_operator_decorator.py took 0.565 seconds
[2025-11-20T20:40:05.925+0500] {processor.py:161} INFO - Started process (PID=12928) to work on /mnt/c/Users/Raj/OneDrive - Åbo Akademi O365/banking/venv/lib/python3.12/site-packages/airflow/example_dags/example_branch_operator_decorator.py
[2025-11-20T20:40:05.927+0500] {processor.py:830} INFO - Processing file /mnt/c/Users/Raj/OneDrive - Åbo Akademi O365/banking/venv/lib/python3.12/site-packages/airflow/example_dags/example_branch_operator_decorator.py for tasks to queue
[2025-11-20T20:40:05.936+0500] {logging_mixin.py:188} INFO - [2025-11-20T20:40:05.935+0500] {dagbag.py:545} INFO - Filling up the DagBag from /mnt/c/Users/Raj/OneDrive - Åbo Akademi O365/banking/venv/lib/python3.12/site-packages/airflow/example_dags/example_branch_operator_decorator.py
[2025-11-20T20:40:06.023+0500] {processor.py:840} INFO - DAG(s) 'example_branch_python_operator_decorator' retrieved from /mnt/c/Users/Raj/OneDrive - Åbo Akademi O365/banking/venv/lib/python3.12/site-packages/airflow/example_dags/example_branch_operator_decorator.py
[2025-11-20T20:40:06.076+0500] {logging_mixin.py:188} INFO - [2025-11-20T20:40:06.073+0500] {dag.py:3096} INFO - Sync 1 DAGs
[2025-11-20T20:40:06.120+0500] {logging_mixin.py:188} INFO - [2025-11-20T20:40:06.116+0500] {dag.py:3954} INFO - Setting next_dagrun for example_branch_python_operator_decorator to 2025-11-19 00:00:00+00:00, run_after=2025-11-20 00:00:00+00:00
[2025-11-20T20:40:06.234+0500] {processor.py:183} INFO - Processing /mnt/c/Users/Raj/OneDrive - Åbo Akademi O365/banking/venv/lib/python3.12/site-packages/airflow/example_dags/example_branch_operator_decorator.py took 0.329 seconds
[2025-11-20T20:41:23.450+0500] {processor.py:161} INFO - Started process (PID=13184) to work on /mnt/c/Users/Raj/OneDrive - Åbo Akademi O365/banking/venv/lib/python3.12/site-packages/airflow/example_dags/example_branch_operator_decorator.py
[2025-11-20T20:41:23.452+0500] {processor.py:830} INFO - Processing file /mnt/c/Users/Raj/OneDrive - Åbo Akademi O365/banking/venv/lib/python3.12/site-packages/airflow/example_dags/example_branch_operator_decorator.py for tasks to queue
[2025-11-20T20:41:23.457+0500] {logging_mixin.py:188} INFO - [2025-11-20T20:41:23.455+0500] {dagbag.py:545} INFO - Filling up the DagBag from /mnt/c/Users/Raj/OneDrive - Åbo Akademi O365/banking/venv/lib/python3.12/site-packages/airflow/example_dags/example_branch_operator_decorator.py
[2025-11-20T20:41:23.602+0500] {processor.py:840} INFO - DAG(s) 'example_branch_python_operator_decorator' retrieved from /mnt/c/Users/Raj/OneDrive - Åbo Akademi O365/banking/venv/lib/python3.12/site-packages/airflow/example_dags/example_branch_operator_decorator.py
[2025-11-20T20:41:23.662+0500] {logging_mixin.py:188} INFO - [2025-11-20T20:41:23.660+0500] {dag.py:3096} INFO - Sync 1 DAGs
[2025-11-20T20:41:23.706+0500] {logging_mixin.py:188} INFO - [2025-11-20T20:41:23.704+0500] {dag.py:3954} INFO - Setting next_dagrun for example_branch_python_operator_decorator to 2025-11-19 00:00:00+00:00, run_after=2025-11-20 00:00:00+00:00
[2025-11-20T20:41:23.821+0500] {processor.py:183} INFO - Processing /mnt/c/Users/Raj/OneDrive - Åbo Akademi O365/banking/venv/lib/python3.12/site-packages/airflow/example_dags/example_branch_operator_decorator.py took 0.387 seconds
[2025-11-20T20:42:40.250+0500] {processor.py:161} INFO - Started process (PID=13445) to work on /mnt/c/Users/Raj/OneDrive - Åbo Akademi O365/banking/venv/lib/python3.12/site-packages/airflow/example_dags/example_branch_operator_decorator.py
[2025-11-20T20:42:40.253+0500] {processor.py:830} INFO - Processing file /mnt/c/Users/Raj/OneDrive - Åbo Akademi O365/banking/venv/lib/python3.12/site-packages/airflow/example_dags/example_branch_operator_decorator.py for tasks to queue
[2025-11-20T20:42:40.262+0500] {logging_mixin.py:188} INFO - [2025-11-20T20:42:40.259+0500] {dagbag.py:545} INFO - Filling up the DagBag from /mnt/c/Users/Raj/OneDrive - Åbo Akademi O365/banking/venv/lib/python3.12/site-packages/airflow/example_dags/example_branch_operator_decorator.py
[2025-11-20T20:42:40.363+0500] {processor.py:840} INFO - DAG(s) 'example_branch_python_operator_decorator' retrieved from /mnt/c/Users/Raj/OneDrive - Åbo Akademi O365/banking/venv/lib/python3.12/site-packages/airflow/example_dags/example_branch_operator_decorator.py
[2025-11-20T20:42:40.422+0500] {logging_mixin.py:188} INFO - [2025-11-20T20:42:40.420+0500] {dag.py:3096} INFO - Sync 1 DAGs
[2025-11-20T20:42:40.487+0500] {logging_mixin.py:188} INFO - [2025-11-20T20:42:40.481+0500] {dag.py:3954} INFO - Setting next_dagrun for example_branch_python_operator_decorator to 2025-11-19 00:00:00+00:00, run_after=2025-11-20 00:00:00+00:00
[2025-11-20T20:42:40.620+0500] {processor.py:183} INFO - Processing /mnt/c/Users/Raj/OneDrive - Åbo Akademi O365/banking/venv/lib/python3.12/site-packages/airflow/example_dags/example_branch_operator_decorator.py took 0.403 seconds
[2025-11-20T20:44:03.402+0500] {processor.py:161} INFO - Started process (PID=13735) to work on /mnt/c/Users/Raj/OneDrive - Åbo Akademi O365/banking/venv/lib/python3.12/site-packages/airflow/example_dags/example_branch_operator_decorator.py
[2025-11-20T20:44:03.405+0500] {processor.py:830} INFO - Processing file /mnt/c/Users/Raj/OneDrive - Åbo Akademi O365/banking/venv/lib/python3.12/site-packages/airflow/example_dags/example_branch_operator_decorator.py for tasks to queue
[2025-11-20T20:44:03.410+0500] {logging_mixin.py:188} INFO - [2025-11-20T20:44:03.408+0500] {dagbag.py:545} INFO - Filling up the DagBag from /mnt/c/Users/Raj/OneDrive - Åbo Akademi O365/banking/venv/lib/python3.12/site-packages/airflow/example_dags/example_branch_operator_decorator.py
[2025-11-20T20:44:03.503+0500] {processor.py:840} INFO - DAG(s) 'example_branch_python_operator_decorator' retrieved from /mnt/c/Users/Raj/OneDrive - Åbo Akademi O365/banking/venv/lib/python3.12/site-packages/airflow/example_dags/example_branch_operator_decorator.py
[2025-11-20T20:44:03.559+0500] {logging_mixin.py:188} INFO - [2025-11-20T20:44:03.558+0500] {dag.py:3096} INFO - Sync 1 DAGs
[2025-11-20T20:44:03.596+0500] {logging_mixin.py:188} INFO - [2025-11-20T20:44:03.594+0500] {dag.py:3954} INFO - Setting next_dagrun for example_branch_python_operator_decorator to 2025-11-19 00:00:00+00:00, run_after=2025-11-20 00:00:00+00:00
[2025-11-20T20:44:03.741+0500] {processor.py:183} INFO - Processing /mnt/c/Users/Raj/OneDrive - Åbo Akademi O365/banking/venv/lib/python3.12/site-packages/airflow/example_dags/example_branch_operator_decorator.py took 0.358 seconds
[2025-11-20T20:45:28.249+0500] {processor.py:161} INFO - Started process (PID=14039) to work on /mnt/c/Users/Raj/OneDrive - Åbo Akademi O365/banking/venv/lib/python3.12/site-packages/airflow/example_dags/example_branch_operator_decorator.py
[2025-11-20T20:45:28.252+0500] {processor.py:830} INFO - Processing file /mnt/c/Users/Raj/OneDrive - Åbo Akademi O365/banking/venv/lib/python3.12/site-packages/airflow/example_dags/example_branch_operator_decorator.py for tasks to queue
[2025-11-20T20:45:28.257+0500] {logging_mixin.py:188} INFO - [2025-11-20T20:45:28.255+0500] {dagbag.py:545} INFO - Filling up the DagBag from /mnt/c/Users/Raj/OneDrive - Åbo Akademi O365/banking/venv/lib/python3.12/site-packages/airflow/example_dags/example_branch_operator_decorator.py
[2025-11-20T20:45:28.349+0500] {processor.py:840} INFO - DAG(s) 'example_branch_python_operator_decorator' retrieved from /mnt/c/Users/Raj/OneDrive - Åbo Akademi O365/banking/venv/lib/python3.12/site-packages/airflow/example_dags/example_branch_operator_decorator.py
[2025-11-20T20:45:28.395+0500] {logging_mixin.py:188} INFO - [2025-11-20T20:45:28.394+0500] {dag.py:3096} INFO - Sync 1 DAGs
[2025-11-20T20:45:28.439+0500] {logging_mixin.py:188} INFO - [2025-11-20T20:45:28.437+0500] {dag.py:3954} INFO - Setting next_dagrun for example_branch_python_operator_decorator to 2025-11-19 00:00:00+00:00, run_after=2025-11-20 00:00:00+00:00
[2025-11-20T20:45:28.586+0500] {processor.py:183} INFO - Processing /mnt/c/Users/Raj/OneDrive - Åbo Akademi O365/banking/venv/lib/python3.12/site-packages/airflow/example_dags/example_branch_operator_decorator.py took 0.362 seconds
[2025-11-20T20:46:39.645+0500] {processor.py:161} INFO - Started process (PID=14353) to work on /mnt/c/Users/Raj/OneDrive - Åbo Akademi O365/banking/venv/lib/python3.12/site-packages/airflow/example_dags/example_branch_operator_decorator.py
[2025-11-20T20:46:39.650+0500] {processor.py:830} INFO - Processing file /mnt/c/Users/Raj/OneDrive - Åbo Akademi O365/banking/venv/lib/python3.12/site-packages/airflow/example_dags/example_branch_operator_decorator.py for tasks to queue
[2025-11-20T20:46:39.654+0500] {logging_mixin.py:188} INFO - [2025-11-20T20:46:39.653+0500] {dagbag.py:545} INFO - Filling up the DagBag from /mnt/c/Users/Raj/OneDrive - Åbo Akademi O365/banking/venv/lib/python3.12/site-packages/airflow/example_dags/example_branch_operator_decorator.py
[2025-11-20T20:46:39.760+0500] {processor.py:840} INFO - DAG(s) 'example_branch_python_operator_decorator' retrieved from /mnt/c/Users/Raj/OneDrive - Åbo Akademi O365/banking/venv/lib/python3.12/site-packages/airflow/example_dags/example_branch_operator_decorator.py
[2025-11-20T20:46:39.827+0500] {logging_mixin.py:188} INFO - [2025-11-20T20:46:39.825+0500] {dag.py:3096} INFO - Sync 1 DAGs
[2025-11-20T20:46:39.877+0500] {logging_mixin.py:188} INFO - [2025-11-20T20:46:39.876+0500] {dag.py:3954} INFO - Setting next_dagrun for example_branch_python_operator_decorator to 2025-11-19 00:00:00+00:00, run_after=2025-11-20 00:00:00+00:00
[2025-11-20T20:46:39.988+0500] {processor.py:183} INFO - Processing /mnt/c/Users/Raj/OneDrive - Åbo Akademi O365/banking/venv/lib/python3.12/site-packages/airflow/example_dags/example_branch_operator_decorator.py took 0.367 seconds
[2025-11-20T20:47:59.323+0500] {processor.py:161} INFO - Started process (PID=14714) to work on /mnt/c/Users/Raj/OneDrive - Åbo Akademi O365/banking/venv/lib/python3.12/site-packages/airflow/example_dags/example_branch_operator_decorator.py
[2025-11-20T20:47:59.326+0500] {processor.py:830} INFO - Processing file /mnt/c/Users/Raj/OneDrive - Åbo Akademi O365/banking/venv/lib/python3.12/site-packages/airflow/example_dags/example_branch_operator_decorator.py for tasks to queue
[2025-11-20T20:47:59.334+0500] {logging_mixin.py:188} INFO - [2025-11-20T20:47:59.331+0500] {dagbag.py:545} INFO - Filling up the DagBag from /mnt/c/Users/Raj/OneDrive - Åbo Akademi O365/banking/venv/lib/python3.12/site-packages/airflow/example_dags/example_branch_operator_decorator.py
[2025-11-20T20:47:59.427+0500] {processor.py:840} INFO - DAG(s) 'example_branch_python_operator_decorator' retrieved from /mnt/c/Users/Raj/OneDrive - Åbo Akademi O365/banking/venv/lib/python3.12/site-packages/airflow/example_dags/example_branch_operator_decorator.py
[2025-11-20T20:47:59.488+0500] {logging_mixin.py:188} INFO - [2025-11-20T20:47:59.487+0500] {dag.py:3096} INFO - Sync 1 DAGs
[2025-11-20T20:47:59.528+0500] {logging_mixin.py:188} INFO - [2025-11-20T20:47:59.527+0500] {dag.py:3954} INFO - Setting next_dagrun for example_branch_python_operator_decorator to 2025-11-19 00:00:00+00:00, run_after=2025-11-20 00:00:00+00:00
[2025-11-20T20:47:59.656+0500] {processor.py:183} INFO - Processing /mnt/c/Users/Raj/OneDrive - Åbo Akademi O365/banking/venv/lib/python3.12/site-packages/airflow/example_dags/example_branch_operator_decorator.py took 0.354 seconds
[2025-11-20T20:49:15.781+0500] {processor.py:161} INFO - Started process (PID=15197) to work on /mnt/c/Users/Raj/OneDrive - Åbo Akademi O365/banking/venv/lib/python3.12/site-packages/airflow/example_dags/example_branch_operator_decorator.py
[2025-11-20T20:49:15.785+0500] {processor.py:830} INFO - Processing file /mnt/c/Users/Raj/OneDrive - Åbo Akademi O365/banking/venv/lib/python3.12/site-packages/airflow/example_dags/example_branch_operator_decorator.py for tasks to queue
[2025-11-20T20:49:15.791+0500] {logging_mixin.py:188} INFO - [2025-11-20T20:49:15.789+0500] {dagbag.py:545} INFO - Filling up the DagBag from /mnt/c/Users/Raj/OneDrive - Åbo Akademi O365/banking/venv/lib/python3.12/site-packages/airflow/example_dags/example_branch_operator_decorator.py
[2025-11-20T20:49:15.858+0500] {processor.py:840} INFO - DAG(s) 'example_branch_python_operator_decorator' retrieved from /mnt/c/Users/Raj/OneDrive - Åbo Akademi O365/banking/venv/lib/python3.12/site-packages/airflow/example_dags/example_branch_operator_decorator.py
[2025-11-20T20:49:15.906+0500] {logging_mixin.py:188} INFO - [2025-11-20T20:49:15.905+0500] {dag.py:3096} INFO - Sync 1 DAGs
[2025-11-20T20:49:15.944+0500] {logging_mixin.py:188} INFO - [2025-11-20T20:49:15.942+0500] {dag.py:3954} INFO - Setting next_dagrun for example_branch_python_operator_decorator to 2025-11-19 00:00:00+00:00, run_after=2025-11-20 00:00:00+00:00
[2025-11-20T20:49:16.039+0500] {processor.py:183} INFO - Processing /mnt/c/Users/Raj/OneDrive - Åbo Akademi O365/banking/venv/lib/python3.12/site-packages/airflow/example_dags/example_branch_operator_decorator.py took 0.280 seconds
[2025-11-20T21:57:05.828+0500] {processor.py:161} INFO - Started process (PID=901) to work on /mnt/c/Users/Raj/OneDrive - Åbo Akademi O365/banking/venv/lib/python3.12/site-packages/airflow/example_dags/example_branch_operator_decorator.py
[2025-11-20T21:57:05.831+0500] {processor.py:830} INFO - Processing file /mnt/c/Users/Raj/OneDrive - Åbo Akademi O365/banking/venv/lib/python3.12/site-packages/airflow/example_dags/example_branch_operator_decorator.py for tasks to queue
[2025-11-20T21:57:05.836+0500] {logging_mixin.py:188} INFO - [2025-11-20T21:57:05.834+0500] {dagbag.py:545} INFO - Filling up the DagBag from /mnt/c/Users/Raj/OneDrive - Åbo Akademi O365/banking/venv/lib/python3.12/site-packages/airflow/example_dags/example_branch_operator_decorator.py
[2025-11-20T21:57:05.933+0500] {processor.py:840} INFO - DAG(s) 'example_branch_python_operator_decorator' retrieved from /mnt/c/Users/Raj/OneDrive - Åbo Akademi O365/banking/venv/lib/python3.12/site-packages/airflow/example_dags/example_branch_operator_decorator.py
[2025-11-20T21:57:08.069+0500] {logging_mixin.py:188} INFO - [2025-11-20T21:57:08.067+0500] {dag.py:3096} INFO - Sync 1 DAGs
[2025-11-20T21:57:08.105+0500] {logging_mixin.py:188} INFO - [2025-11-20T21:57:08.103+0500] {dag.py:3954} INFO - Setting next_dagrun for example_branch_python_operator_decorator to 2025-11-19 00:00:00+00:00, run_after=2025-11-20 00:00:00+00:00
[2025-11-20T21:57:08.224+0500] {processor.py:183} INFO - Processing /mnt/c/Users/Raj/OneDrive - Åbo Akademi O365/banking/venv/lib/python3.12/site-packages/airflow/example_dags/example_branch_operator_decorator.py took 2.415 seconds
[2025-11-20T21:58:55.430+0500] {processor.py:161} INFO - Started process (PID=1038) to work on /mnt/c/Users/Raj/OneDrive - Åbo Akademi O365/banking/venv/lib/python3.12/site-packages/airflow/example_dags/example_branch_operator_decorator.py
[2025-11-20T21:58:55.433+0500] {processor.py:830} INFO - Processing file /mnt/c/Users/Raj/OneDrive - Åbo Akademi O365/banking/venv/lib/python3.12/site-packages/airflow/example_dags/example_branch_operator_decorator.py for tasks to queue
[2025-11-20T21:58:55.439+0500] {logging_mixin.py:188} INFO - [2025-11-20T21:58:55.437+0500] {dagbag.py:545} INFO - Filling up the DagBag from /mnt/c/Users/Raj/OneDrive - Åbo Akademi O365/banking/venv/lib/python3.12/site-packages/airflow/example_dags/example_branch_operator_decorator.py
[2025-11-20T21:58:55.514+0500] {processor.py:840} INFO - DAG(s) 'example_branch_python_operator_decorator' retrieved from /mnt/c/Users/Raj/OneDrive - Åbo Akademi O365/banking/venv/lib/python3.12/site-packages/airflow/example_dags/example_branch_operator_decorator.py
[2025-11-20T21:58:55.561+0500] {logging_mixin.py:188} INFO - [2025-11-20T21:58:55.560+0500] {dag.py:3096} INFO - Sync 1 DAGs
[2025-11-20T21:58:55.596+0500] {logging_mixin.py:188} INFO - [2025-11-20T21:58:55.595+0500] {dag.py:3954} INFO - Setting next_dagrun for example_branch_python_operator_decorator to 2025-11-19 00:00:00+00:00, run_after=2025-11-20 00:00:00+00:00
[2025-11-20T21:58:55.690+0500] {processor.py:183} INFO - Processing /mnt/c/Users/Raj/OneDrive - Åbo Akademi O365/banking/venv/lib/python3.12/site-packages/airflow/example_dags/example_branch_operator_decorator.py took 0.292 seconds
[2025-11-20T22:00:14.369+0500] {processor.py:161} INFO - Started process (PID=1099) to work on /mnt/c/Users/Raj/OneDrive - Åbo Akademi O365/banking/venv/lib/python3.12/site-packages/airflow/example_dags/example_branch_operator_decorator.py
[2025-11-20T22:00:14.372+0500] {processor.py:830} INFO - Processing file /mnt/c/Users/Raj/OneDrive - Åbo Akademi O365/banking/venv/lib/python3.12/site-packages/airflow/example_dags/example_branch_operator_decorator.py for tasks to queue
[2025-11-20T22:00:14.378+0500] {logging_mixin.py:188} INFO - [2025-11-20T22:00:14.376+0500] {dagbag.py:545} INFO - Filling up the DagBag from /mnt/c/Users/Raj/OneDrive - Åbo Akademi O365/banking/venv/lib/python3.12/site-packages/airflow/example_dags/example_branch_operator_decorator.py
[2025-11-20T22:00:14.465+0500] {processor.py:840} INFO - DAG(s) 'example_branch_python_operator_decorator' retrieved from /mnt/c/Users/Raj/OneDrive - Åbo Akademi O365/banking/venv/lib/python3.12/site-packages/airflow/example_dags/example_branch_operator_decorator.py
[2025-11-20T22:00:14.526+0500] {logging_mixin.py:188} INFO - [2025-11-20T22:00:14.524+0500] {dag.py:3096} INFO - Sync 1 DAGs
[2025-11-20T22:00:14.566+0500] {logging_mixin.py:188} INFO - [2025-11-20T22:00:14.565+0500] {dag.py:3954} INFO - Setting next_dagrun for example_branch_python_operator_decorator to 2025-11-19 00:00:00+00:00, run_after=2025-11-20 00:00:00+00:00
[2025-11-20T22:00:14.657+0500] {processor.py:183} INFO - Processing /mnt/c/Users/Raj/OneDrive - Åbo Akademi O365/banking/venv/lib/python3.12/site-packages/airflow/example_dags/example_branch_operator_decorator.py took 0.309 seconds
[2025-11-20T22:01:40.939+0500] {processor.py:161} INFO - Started process (PID=1159) to work on /mnt/c/Users/Raj/OneDrive - Åbo Akademi O365/banking/venv/lib/python3.12/site-packages/airflow/example_dags/example_branch_operator_decorator.py
[2025-11-20T22:01:40.942+0500] {processor.py:830} INFO - Processing file /mnt/c/Users/Raj/OneDrive - Åbo Akademi O365/banking/venv/lib/python3.12/site-packages/airflow/example_dags/example_branch_operator_decorator.py for tasks to queue
[2025-11-20T22:01:40.948+0500] {logging_mixin.py:188} INFO - [2025-11-20T22:01:40.946+0500] {dagbag.py:545} INFO - Filling up the DagBag from /mnt/c/Users/Raj/OneDrive - Åbo Akademi O365/banking/venv/lib/python3.12/site-packages/airflow/example_dags/example_branch_operator_decorator.py
[2025-11-20T22:01:41.051+0500] {processor.py:840} INFO - DAG(s) 'example_branch_python_operator_decorator' retrieved from /mnt/c/Users/Raj/OneDrive - Åbo Akademi O365/banking/venv/lib/python3.12/site-packages/airflow/example_dags/example_branch_operator_decorator.py
[2025-11-20T22:01:41.138+0500] {logging_mixin.py:188} INFO - [2025-11-20T22:01:41.136+0500] {dag.py:3096} INFO - Sync 1 DAGs
[2025-11-20T22:01:41.219+0500] {logging_mixin.py:188} INFO - [2025-11-20T22:01:41.217+0500] {dag.py:3954} INFO - Setting next_dagrun for example_branch_python_operator_decorator to 2025-11-19 00:00:00+00:00, run_after=2025-11-20 00:00:00+00:00
[2025-11-20T22:01:41.347+0500] {processor.py:183} INFO - Processing /mnt/c/Users/Raj/OneDrive - Åbo Akademi O365/banking/venv/lib/python3.12/site-packages/airflow/example_dags/example_branch_operator_decorator.py took 0.426 seconds
[2025-11-20T22:03:03.608+0500] {processor.py:161} INFO - Started process (PID=1227) to work on /mnt/c/Users/Raj/OneDrive - Åbo Akademi O365/banking/venv/lib/python3.12/site-packages/airflow/example_dags/example_branch_operator_decorator.py
[2025-11-20T22:03:03.611+0500] {processor.py:830} INFO - Processing file /mnt/c/Users/Raj/OneDrive - Åbo Akademi O365/banking/venv/lib/python3.12/site-packages/airflow/example_dags/example_branch_operator_decorator.py for tasks to queue
[2025-11-20T22:03:03.623+0500] {logging_mixin.py:188} INFO - [2025-11-20T22:03:03.620+0500] {dagbag.py:545} INFO - Filling up the DagBag from /mnt/c/Users/Raj/OneDrive - Åbo Akademi O365/banking/venv/lib/python3.12/site-packages/airflow/example_dags/example_branch_operator_decorator.py
[2025-11-20T22:03:03.764+0500] {processor.py:840} INFO - DAG(s) 'example_branch_python_operator_decorator' retrieved from /mnt/c/Users/Raj/OneDrive - Åbo Akademi O365/banking/venv/lib/python3.12/site-packages/airflow/example_dags/example_branch_operator_decorator.py
[2025-11-20T22:03:03.860+0500] {logging_mixin.py:188} INFO - [2025-11-20T22:03:03.858+0500] {dag.py:3096} INFO - Sync 1 DAGs
[2025-11-20T22:03:03.931+0500] {logging_mixin.py:188} INFO - [2025-11-20T22:03:03.929+0500] {dag.py:3954} INFO - Setting next_dagrun for example_branch_python_operator_decorator to 2025-11-19 00:00:00+00:00, run_after=2025-11-20 00:00:00+00:00
[2025-11-20T22:03:04.091+0500] {processor.py:183} INFO - Processing /mnt/c/Users/Raj/OneDrive - Åbo Akademi O365/banking/venv/lib/python3.12/site-packages/airflow/example_dags/example_branch_operator_decorator.py took 0.512 seconds
[2025-11-20T22:04:28.859+0500] {processor.py:161} INFO - Started process (PID=1293) to work on /mnt/c/Users/Raj/OneDrive - Åbo Akademi O365/banking/venv/lib/python3.12/site-packages/airflow/example_dags/example_branch_operator_decorator.py
[2025-11-20T22:04:28.862+0500] {processor.py:830} INFO - Processing file /mnt/c/Users/Raj/OneDrive - Åbo Akademi O365/banking/venv/lib/python3.12/site-packages/airflow/example_dags/example_branch_operator_decorator.py for tasks to queue
[2025-11-20T22:04:28.868+0500] {logging_mixin.py:188} INFO - [2025-11-20T22:04:28.866+0500] {dagbag.py:545} INFO - Filling up the DagBag from /mnt/c/Users/Raj/OneDrive - Åbo Akademi O365/banking/venv/lib/python3.12/site-packages/airflow/example_dags/example_branch_operator_decorator.py
[2025-11-20T22:04:28.948+0500] {processor.py:840} INFO - DAG(s) 'example_branch_python_operator_decorator' retrieved from /mnt/c/Users/Raj/OneDrive - Åbo Akademi O365/banking/venv/lib/python3.12/site-packages/airflow/example_dags/example_branch_operator_decorator.py
[2025-11-20T22:04:28.998+0500] {logging_mixin.py:188} INFO - [2025-11-20T22:04:28.996+0500] {dag.py:3096} INFO - Sync 1 DAGs
[2025-11-20T22:04:29.037+0500] {logging_mixin.py:188} INFO - [2025-11-20T22:04:29.035+0500] {dag.py:3954} INFO - Setting next_dagrun for example_branch_python_operator_decorator to 2025-11-19 00:00:00+00:00, run_after=2025-11-20 00:00:00+00:00
[2025-11-20T22:04:29.129+0500] {processor.py:183} INFO - Processing /mnt/c/Users/Raj/OneDrive - Åbo Akademi O365/banking/venv/lib/python3.12/site-packages/airflow/example_dags/example_branch_operator_decorator.py took 0.288 seconds
[2025-11-20T22:05:54.848+0500] {processor.py:161} INFO - Started process (PID=1358) to work on /mnt/c/Users/Raj/OneDrive - Åbo Akademi O365/banking/venv/lib/python3.12/site-packages/airflow/example_dags/example_branch_operator_decorator.py
[2025-11-20T22:05:54.850+0500] {processor.py:830} INFO - Processing file /mnt/c/Users/Raj/OneDrive - Åbo Akademi O365/banking/venv/lib/python3.12/site-packages/airflow/example_dags/example_branch_operator_decorator.py for tasks to queue
[2025-11-20T22:05:54.854+0500] {logging_mixin.py:188} INFO - [2025-11-20T22:05:54.852+0500] {dagbag.py:545} INFO - Filling up the DagBag from /mnt/c/Users/Raj/OneDrive - Åbo Akademi O365/banking/venv/lib/python3.12/site-packages/airflow/example_dags/example_branch_operator_decorator.py
[2025-11-20T22:05:54.948+0500] {processor.py:840} INFO - DAG(s) 'example_branch_python_operator_decorator' retrieved from /mnt/c/Users/Raj/OneDrive - Åbo Akademi O365/banking/venv/lib/python3.12/site-packages/airflow/example_dags/example_branch_operator_decorator.py
[2025-11-20T22:05:55.002+0500] {logging_mixin.py:188} INFO - [2025-11-20T22:05:55.000+0500] {dag.py:3096} INFO - Sync 1 DAGs
[2025-11-20T22:05:55.052+0500] {logging_mixin.py:188} INFO - [2025-11-20T22:05:55.051+0500] {dag.py:3954} INFO - Setting next_dagrun for example_branch_python_operator_decorator to 2025-11-19 00:00:00+00:00, run_after=2025-11-20 00:00:00+00:00
[2025-11-20T22:05:55.142+0500] {processor.py:183} INFO - Processing /mnt/c/Users/Raj/OneDrive - Åbo Akademi O365/banking/venv/lib/python3.12/site-packages/airflow/example_dags/example_branch_operator_decorator.py took 0.311 seconds
[2025-11-20T22:07:19.853+0500] {processor.py:161} INFO - Started process (PID=1421) to work on /mnt/c/Users/Raj/OneDrive - Åbo Akademi O365/banking/venv/lib/python3.12/site-packages/airflow/example_dags/example_branch_operator_decorator.py
[2025-11-20T22:07:19.857+0500] {processor.py:830} INFO - Processing file /mnt/c/Users/Raj/OneDrive - Åbo Akademi O365/banking/venv/lib/python3.12/site-packages/airflow/example_dags/example_branch_operator_decorator.py for tasks to queue
[2025-11-20T22:07:19.873+0500] {logging_mixin.py:188} INFO - [2025-11-20T22:07:19.869+0500] {dagbag.py:545} INFO - Filling up the DagBag from /mnt/c/Users/Raj/OneDrive - Åbo Akademi O365/banking/venv/lib/python3.12/site-packages/airflow/example_dags/example_branch_operator_decorator.py
[2025-11-20T22:07:20.149+0500] {processor.py:840} INFO - DAG(s) 'example_branch_python_operator_decorator' retrieved from /mnt/c/Users/Raj/OneDrive - Åbo Akademi O365/banking/venv/lib/python3.12/site-packages/airflow/example_dags/example_branch_operator_decorator.py
[2025-11-20T22:07:20.208+0500] {logging_mixin.py:188} INFO - [2025-11-20T22:07:20.207+0500] {dag.py:3096} INFO - Sync 1 DAGs
[2025-11-20T22:07:20.241+0500] {logging_mixin.py:188} INFO - [2025-11-20T22:07:20.239+0500] {dag.py:3954} INFO - Setting next_dagrun for example_branch_python_operator_decorator to 2025-11-19 00:00:00+00:00, run_after=2025-11-20 00:00:00+00:00
[2025-11-20T22:07:20.338+0500] {processor.py:183} INFO - Processing /mnt/c/Users/Raj/OneDrive - Åbo Akademi O365/banking/venv/lib/python3.12/site-packages/airflow/example_dags/example_branch_operator_decorator.py took 0.513 seconds
[2025-11-20T22:08:48.783+0500] {processor.py:161} INFO - Started process (PID=1485) to work on /mnt/c/Users/Raj/OneDrive - Åbo Akademi O365/banking/venv/lib/python3.12/site-packages/airflow/example_dags/example_branch_operator_decorator.py
[2025-11-20T22:08:48.785+0500] {processor.py:830} INFO - Processing file /mnt/c/Users/Raj/OneDrive - Åbo Akademi O365/banking/venv/lib/python3.12/site-packages/airflow/example_dags/example_branch_operator_decorator.py for tasks to queue
[2025-11-20T22:08:48.789+0500] {logging_mixin.py:188} INFO - [2025-11-20T22:08:48.787+0500] {dagbag.py:545} INFO - Filling up the DagBag from /mnt/c/Users/Raj/OneDrive - Åbo Akademi O365/banking/venv/lib/python3.12/site-packages/airflow/example_dags/example_branch_operator_decorator.py
[2025-11-20T22:08:48.871+0500] {processor.py:840} INFO - DAG(s) 'example_branch_python_operator_decorator' retrieved from /mnt/c/Users/Raj/OneDrive - Åbo Akademi O365/banking/venv/lib/python3.12/site-packages/airflow/example_dags/example_branch_operator_decorator.py
[2025-11-20T22:08:48.927+0500] {logging_mixin.py:188} INFO - [2025-11-20T22:08:48.926+0500] {dag.py:3096} INFO - Sync 1 DAGs
[2025-11-20T22:08:48.961+0500] {logging_mixin.py:188} INFO - [2025-11-20T22:08:48.959+0500] {dag.py:3954} INFO - Setting next_dagrun for example_branch_python_operator_decorator to 2025-11-19 00:00:00+00:00, run_after=2025-11-20 00:00:00+00:00
[2025-11-20T22:08:49.048+0500] {processor.py:183} INFO - Processing /mnt/c/Users/Raj/OneDrive - Åbo Akademi O365/banking/venv/lib/python3.12/site-packages/airflow/example_dags/example_branch_operator_decorator.py took 0.285 seconds
[2025-11-20T22:10:23.954+0500] {processor.py:161} INFO - Started process (PID=1552) to work on /mnt/c/Users/Raj/OneDrive - Åbo Akademi O365/banking/venv/lib/python3.12/site-packages/airflow/example_dags/example_branch_operator_decorator.py
[2025-11-20T22:10:23.956+0500] {processor.py:830} INFO - Processing file /mnt/c/Users/Raj/OneDrive - Åbo Akademi O365/banking/venv/lib/python3.12/site-packages/airflow/example_dags/example_branch_operator_decorator.py for tasks to queue
[2025-11-20T22:10:23.960+0500] {logging_mixin.py:188} INFO - [2025-11-20T22:10:23.958+0500] {dagbag.py:545} INFO - Filling up the DagBag from /mnt/c/Users/Raj/OneDrive - Åbo Akademi O365/banking/venv/lib/python3.12/site-packages/airflow/example_dags/example_branch_operator_decorator.py
[2025-11-20T22:10:24.042+0500] {processor.py:840} INFO - DAG(s) 'example_branch_python_operator_decorator' retrieved from /mnt/c/Users/Raj/OneDrive - Åbo Akademi O365/banking/venv/lib/python3.12/site-packages/airflow/example_dags/example_branch_operator_decorator.py
[2025-11-20T22:10:24.097+0500] {logging_mixin.py:188} INFO - [2025-11-20T22:10:24.096+0500] {dag.py:3096} INFO - Sync 1 DAGs
[2025-11-20T22:10:24.137+0500] {logging_mixin.py:188} INFO - [2025-11-20T22:10:24.135+0500] {dag.py:3954} INFO - Setting next_dagrun for example_branch_python_operator_decorator to 2025-11-19 00:00:00+00:00, run_after=2025-11-20 00:00:00+00:00
[2025-11-20T22:10:24.232+0500] {processor.py:183} INFO - Processing /mnt/c/Users/Raj/OneDrive - Åbo Akademi O365/banking/venv/lib/python3.12/site-packages/airflow/example_dags/example_branch_operator_decorator.py took 0.294 seconds
[2025-11-20T22:11:49.415+0500] {processor.py:161} INFO - Started process (PID=1624) to work on /mnt/c/Users/Raj/OneDrive - Åbo Akademi O365/banking/venv/lib/python3.12/site-packages/airflow/example_dags/example_branch_operator_decorator.py
[2025-11-20T22:11:49.417+0500] {processor.py:830} INFO - Processing file /mnt/c/Users/Raj/OneDrive - Åbo Akademi O365/banking/venv/lib/python3.12/site-packages/airflow/example_dags/example_branch_operator_decorator.py for tasks to queue
[2025-11-20T22:11:49.420+0500] {logging_mixin.py:188} INFO - [2025-11-20T22:11:49.418+0500] {dagbag.py:545} INFO - Filling up the DagBag from /mnt/c/Users/Raj/OneDrive - Åbo Akademi O365/banking/venv/lib/python3.12/site-packages/airflow/example_dags/example_branch_operator_decorator.py
[2025-11-20T22:11:49.481+0500] {processor.py:840} INFO - DAG(s) 'example_branch_python_operator_decorator' retrieved from /mnt/c/Users/Raj/OneDrive - Åbo Akademi O365/banking/venv/lib/python3.12/site-packages/airflow/example_dags/example_branch_operator_decorator.py
[2025-11-20T22:11:49.530+0500] {logging_mixin.py:188} INFO - [2025-11-20T22:11:49.528+0500] {dag.py:3096} INFO - Sync 1 DAGs
[2025-11-20T22:11:49.561+0500] {logging_mixin.py:188} INFO - [2025-11-20T22:11:49.560+0500] {dag.py:3954} INFO - Setting next_dagrun for example_branch_python_operator_decorator to 2025-11-19 00:00:00+00:00, run_after=2025-11-20 00:00:00+00:00
[2025-11-20T22:11:49.647+0500] {processor.py:183} INFO - Processing /mnt/c/Users/Raj/OneDrive - Åbo Akademi O365/banking/venv/lib/python3.12/site-packages/airflow/example_dags/example_branch_operator_decorator.py took 0.248 seconds
[2025-11-20T22:13:11.675+0500] {processor.py:161} INFO - Started process (PID=1686) to work on /mnt/c/Users/Raj/OneDrive - Åbo Akademi O365/banking/venv/lib/python3.12/site-packages/airflow/example_dags/example_branch_operator_decorator.py
[2025-11-20T22:13:11.678+0500] {processor.py:830} INFO - Processing file /mnt/c/Users/Raj/OneDrive - Åbo Akademi O365/banking/venv/lib/python3.12/site-packages/airflow/example_dags/example_branch_operator_decorator.py for tasks to queue
[2025-11-20T22:13:11.683+0500] {logging_mixin.py:188} INFO - [2025-11-20T22:13:11.681+0500] {dagbag.py:545} INFO - Filling up the DagBag from /mnt/c/Users/Raj/OneDrive - Åbo Akademi O365/banking/venv/lib/python3.12/site-packages/airflow/example_dags/example_branch_operator_decorator.py
[2025-11-20T22:13:11.768+0500] {processor.py:840} INFO - DAG(s) 'example_branch_python_operator_decorator' retrieved from /mnt/c/Users/Raj/OneDrive - Åbo Akademi O365/banking/venv/lib/python3.12/site-packages/airflow/example_dags/example_branch_operator_decorator.py
[2025-11-20T22:13:11.819+0500] {logging_mixin.py:188} INFO - [2025-11-20T22:13:11.817+0500] {dag.py:3096} INFO - Sync 1 DAGs
[2025-11-20T22:13:11.856+0500] {logging_mixin.py:188} INFO - [2025-11-20T22:13:11.855+0500] {dag.py:3954} INFO - Setting next_dagrun for example_branch_python_operator_decorator to 2025-11-19 00:00:00+00:00, run_after=2025-11-20 00:00:00+00:00
[2025-11-20T22:13:11.956+0500] {processor.py:183} INFO - Processing /mnt/c/Users/Raj/OneDrive - Åbo Akademi O365/banking/venv/lib/python3.12/site-packages/airflow/example_dags/example_branch_operator_decorator.py took 0.304 seconds
[2025-11-20T22:14:37.273+0500] {processor.py:161} INFO - Started process (PID=1751) to work on /mnt/c/Users/Raj/OneDrive - Åbo Akademi O365/banking/venv/lib/python3.12/site-packages/airflow/example_dags/example_branch_operator_decorator.py
[2025-11-20T22:14:37.276+0500] {processor.py:830} INFO - Processing file /mnt/c/Users/Raj/OneDrive - Åbo Akademi O365/banking/venv/lib/python3.12/site-packages/airflow/example_dags/example_branch_operator_decorator.py for tasks to queue
[2025-11-20T22:14:37.281+0500] {logging_mixin.py:188} INFO - [2025-11-20T22:14:37.279+0500] {dagbag.py:545} INFO - Filling up the DagBag from /mnt/c/Users/Raj/OneDrive - Åbo Akademi O365/banking/venv/lib/python3.12/site-packages/airflow/example_dags/example_branch_operator_decorator.py
[2025-11-20T22:14:37.358+0500] {processor.py:840} INFO - DAG(s) 'example_branch_python_operator_decorator' retrieved from /mnt/c/Users/Raj/OneDrive - Åbo Akademi O365/banking/venv/lib/python3.12/site-packages/airflow/example_dags/example_branch_operator_decorator.py
[2025-11-20T22:14:37.415+0500] {logging_mixin.py:188} INFO - [2025-11-20T22:14:37.414+0500] {dag.py:3096} INFO - Sync 1 DAGs
[2025-11-20T22:14:37.448+0500] {logging_mixin.py:188} INFO - [2025-11-20T22:14:37.446+0500] {dag.py:3954} INFO - Setting next_dagrun for example_branch_python_operator_decorator to 2025-11-19 00:00:00+00:00, run_after=2025-11-20 00:00:00+00:00
[2025-11-20T22:14:37.546+0500] {processor.py:183} INFO - Processing /mnt/c/Users/Raj/OneDrive - Åbo Akademi O365/banking/venv/lib/python3.12/site-packages/airflow/example_dags/example_branch_operator_decorator.py took 0.298 seconds
[2025-11-20T22:16:07.015+0500] {processor.py:161} INFO - Started process (PID=1811) to work on /mnt/c/Users/Raj/OneDrive - Åbo Akademi O365/banking/venv/lib/python3.12/site-packages/airflow/example_dags/example_branch_operator_decorator.py
[2025-11-20T22:16:07.018+0500] {processor.py:830} INFO - Processing file /mnt/c/Users/Raj/OneDrive - Åbo Akademi O365/banking/venv/lib/python3.12/site-packages/airflow/example_dags/example_branch_operator_decorator.py for tasks to queue
[2025-11-20T22:16:07.023+0500] {logging_mixin.py:188} INFO - [2025-11-20T22:16:07.021+0500] {dagbag.py:545} INFO - Filling up the DagBag from /mnt/c/Users/Raj/OneDrive - Åbo Akademi O365/banking/venv/lib/python3.12/site-packages/airflow/example_dags/example_branch_operator_decorator.py
[2025-11-20T22:16:07.121+0500] {processor.py:840} INFO - DAG(s) 'example_branch_python_operator_decorator' retrieved from /mnt/c/Users/Raj/OneDrive - Åbo Akademi O365/banking/venv/lib/python3.12/site-packages/airflow/example_dags/example_branch_operator_decorator.py
[2025-11-20T22:16:07.180+0500] {logging_mixin.py:188} INFO - [2025-11-20T22:16:07.178+0500] {dag.py:3096} INFO - Sync 1 DAGs
[2025-11-20T22:16:07.219+0500] {logging_mixin.py:188} INFO - [2025-11-20T22:16:07.217+0500] {dag.py:3954} INFO - Setting next_dagrun for example_branch_python_operator_decorator to 2025-11-19 00:00:00+00:00, run_after=2025-11-20 00:00:00+00:00
[2025-11-20T22:16:07.332+0500] {processor.py:183} INFO - Processing /mnt/c/Users/Raj/OneDrive - Åbo Akademi O365/banking/venv/lib/python3.12/site-packages/airflow/example_dags/example_branch_operator_decorator.py took 0.337 seconds
[2025-11-20T22:17:35.867+0500] {processor.py:161} INFO - Started process (PID=1876) to work on /mnt/c/Users/Raj/OneDrive - Åbo Akademi O365/banking/venv/lib/python3.12/site-packages/airflow/example_dags/example_branch_operator_decorator.py
[2025-11-20T22:17:35.870+0500] {processor.py:830} INFO - Processing file /mnt/c/Users/Raj/OneDrive - Åbo Akademi O365/banking/venv/lib/python3.12/site-packages/airflow/example_dags/example_branch_operator_decorator.py for tasks to queue
[2025-11-20T22:17:35.873+0500] {logging_mixin.py:188} INFO - [2025-11-20T22:17:35.871+0500] {dagbag.py:545} INFO - Filling up the DagBag from /mnt/c/Users/Raj/OneDrive - Åbo Akademi O365/banking/venv/lib/python3.12/site-packages/airflow/example_dags/example_branch_operator_decorator.py
[2025-11-20T22:17:35.953+0500] {processor.py:840} INFO - DAG(s) 'example_branch_python_operator_decorator' retrieved from /mnt/c/Users/Raj/OneDrive - Åbo Akademi O365/banking/venv/lib/python3.12/site-packages/airflow/example_dags/example_branch_operator_decorator.py
[2025-11-20T22:17:36.002+0500] {logging_mixin.py:188} INFO - [2025-11-20T22:17:36.000+0500] {dag.py:3096} INFO - Sync 1 DAGs
[2025-11-20T22:17:36.040+0500] {logging_mixin.py:188} INFO - [2025-11-20T22:17:36.038+0500] {dag.py:3954} INFO - Setting next_dagrun for example_branch_python_operator_decorator to 2025-11-19 00:00:00+00:00, run_after=2025-11-20 00:00:00+00:00
[2025-11-20T22:17:36.131+0500] {processor.py:183} INFO - Processing /mnt/c/Users/Raj/OneDrive - Åbo Akademi O365/banking/venv/lib/python3.12/site-packages/airflow/example_dags/example_branch_operator_decorator.py took 0.284 seconds
[2025-11-20T22:19:03.240+0500] {processor.py:161} INFO - Started process (PID=1942) to work on /mnt/c/Users/Raj/OneDrive - Åbo Akademi O365/banking/venv/lib/python3.12/site-packages/airflow/example_dags/example_branch_operator_decorator.py
[2025-11-20T22:19:03.243+0500] {processor.py:830} INFO - Processing file /mnt/c/Users/Raj/OneDrive - Åbo Akademi O365/banking/venv/lib/python3.12/site-packages/airflow/example_dags/example_branch_operator_decorator.py for tasks to queue
[2025-11-20T22:19:03.247+0500] {logging_mixin.py:188} INFO - [2025-11-20T22:19:03.245+0500] {dagbag.py:545} INFO - Filling up the DagBag from /mnt/c/Users/Raj/OneDrive - Åbo Akademi O365/banking/venv/lib/python3.12/site-packages/airflow/example_dags/example_branch_operator_decorator.py
[2025-11-20T22:19:03.333+0500] {processor.py:840} INFO - DAG(s) 'example_branch_python_operator_decorator' retrieved from /mnt/c/Users/Raj/OneDrive - Åbo Akademi O365/banking/venv/lib/python3.12/site-packages/airflow/example_dags/example_branch_operator_decorator.py
[2025-11-20T22:19:03.391+0500] {logging_mixin.py:188} INFO - [2025-11-20T22:19:03.390+0500] {dag.py:3096} INFO - Sync 1 DAGs
[2025-11-20T22:19:03.438+0500] {logging_mixin.py:188} INFO - [2025-11-20T22:19:03.436+0500] {dag.py:3954} INFO - Setting next_dagrun for example_branch_python_operator_decorator to 2025-11-19 00:00:00+00:00, run_after=2025-11-20 00:00:00+00:00
[2025-11-20T22:19:03.550+0500] {processor.py:183} INFO - Processing /mnt/c/Users/Raj/OneDrive - Åbo Akademi O365/banking/venv/lib/python3.12/site-packages/airflow/example_dags/example_branch_operator_decorator.py took 0.330 seconds
[2025-11-20T22:20:30.841+0500] {processor.py:161} INFO - Started process (PID=2012) to work on /mnt/c/Users/Raj/OneDrive - Åbo Akademi O365/banking/venv/lib/python3.12/site-packages/airflow/example_dags/example_branch_operator_decorator.py
[2025-11-20T22:20:30.847+0500] {processor.py:830} INFO - Processing file /mnt/c/Users/Raj/OneDrive - Åbo Akademi O365/banking/venv/lib/python3.12/site-packages/airflow/example_dags/example_branch_operator_decorator.py for tasks to queue
[2025-11-20T22:20:30.852+0500] {logging_mixin.py:188} INFO - [2025-11-20T22:20:30.850+0500] {dagbag.py:545} INFO - Filling up the DagBag from /mnt/c/Users/Raj/OneDrive - Åbo Akademi O365/banking/venv/lib/python3.12/site-packages/airflow/example_dags/example_branch_operator_decorator.py
[2025-11-20T22:20:30.976+0500] {processor.py:840} INFO - DAG(s) 'example_branch_python_operator_decorator' retrieved from /mnt/c/Users/Raj/OneDrive - Åbo Akademi O365/banking/venv/lib/python3.12/site-packages/airflow/example_dags/example_branch_operator_decorator.py
[2025-11-20T22:20:31.033+0500] {logging_mixin.py:188} INFO - [2025-11-20T22:20:31.031+0500] {dag.py:3096} INFO - Sync 1 DAGs
[2025-11-20T22:20:31.073+0500] {logging_mixin.py:188} INFO - [2025-11-20T22:20:31.071+0500] {dag.py:3954} INFO - Setting next_dagrun for example_branch_python_operator_decorator to 2025-11-19 00:00:00+00:00, run_after=2025-11-20 00:00:00+00:00
[2025-11-20T22:20:31.171+0500] {processor.py:183} INFO - Processing /mnt/c/Users/Raj/OneDrive - Åbo Akademi O365/banking/venv/lib/python3.12/site-packages/airflow/example_dags/example_branch_operator_decorator.py took 0.358 seconds
[2025-11-20T22:21:55.214+0500] {processor.py:161} INFO - Started process (PID=2077) to work on /mnt/c/Users/Raj/OneDrive - Åbo Akademi O365/banking/venv/lib/python3.12/site-packages/airflow/example_dags/example_branch_operator_decorator.py
[2025-11-20T22:21:55.216+0500] {processor.py:830} INFO - Processing file /mnt/c/Users/Raj/OneDrive - Åbo Akademi O365/banking/venv/lib/python3.12/site-packages/airflow/example_dags/example_branch_operator_decorator.py for tasks to queue
[2025-11-20T22:21:55.219+0500] {logging_mixin.py:188} INFO - [2025-11-20T22:21:55.218+0500] {dagbag.py:545} INFO - Filling up the DagBag from /mnt/c/Users/Raj/OneDrive - Åbo Akademi O365/banking/venv/lib/python3.12/site-packages/airflow/example_dags/example_branch_operator_decorator.py
[2025-11-20T22:21:55.305+0500] {processor.py:840} INFO - DAG(s) 'example_branch_python_operator_decorator' retrieved from /mnt/c/Users/Raj/OneDrive - Åbo Akademi O365/banking/venv/lib/python3.12/site-packages/airflow/example_dags/example_branch_operator_decorator.py
[2025-11-20T22:21:55.362+0500] {logging_mixin.py:188} INFO - [2025-11-20T22:21:55.360+0500] {dag.py:3096} INFO - Sync 1 DAGs
[2025-11-20T22:21:55.398+0500] {logging_mixin.py:188} INFO - [2025-11-20T22:21:55.397+0500] {dag.py:3954} INFO - Setting next_dagrun for example_branch_python_operator_decorator to 2025-11-19 00:00:00+00:00, run_after=2025-11-20 00:00:00+00:00
[2025-11-20T22:21:55.467+0500] {processor.py:183} INFO - Processing /mnt/c/Users/Raj/OneDrive - Åbo Akademi O365/banking/venv/lib/python3.12/site-packages/airflow/example_dags/example_branch_operator_decorator.py took 0.269 seconds
[2025-11-20T22:23:09.933+0500] {processor.py:161} INFO - Started process (PID=2135) to work on /mnt/c/Users/Raj/OneDrive - Åbo Akademi O365/banking/venv/lib/python3.12/site-packages/airflow/example_dags/example_branch_operator_decorator.py
[2025-11-20T22:23:09.936+0500] {processor.py:830} INFO - Processing file /mnt/c/Users/Raj/OneDrive - Åbo Akademi O365/banking/venv/lib/python3.12/site-packages/airflow/example_dags/example_branch_operator_decorator.py for tasks to queue
[2025-11-20T22:23:09.939+0500] {logging_mixin.py:188} INFO - [2025-11-20T22:23:09.937+0500] {dagbag.py:545} INFO - Filling up the DagBag from /mnt/c/Users/Raj/OneDrive - Åbo Akademi O365/banking/venv/lib/python3.12/site-packages/airflow/example_dags/example_branch_operator_decorator.py
[2025-11-20T22:23:10.019+0500] {processor.py:840} INFO - DAG(s) 'example_branch_python_operator_decorator' retrieved from /mnt/c/Users/Raj/OneDrive - Åbo Akademi O365/banking/venv/lib/python3.12/site-packages/airflow/example_dags/example_branch_operator_decorator.py
[2025-11-20T22:23:10.066+0500] {logging_mixin.py:188} INFO - [2025-11-20T22:23:10.064+0500] {dag.py:3096} INFO - Sync 1 DAGs
[2025-11-20T22:23:10.104+0500] {logging_mixin.py:188} INFO - [2025-11-20T22:23:10.102+0500] {dag.py:3954} INFO - Setting next_dagrun for example_branch_python_operator_decorator to 2025-11-19 00:00:00+00:00, run_after=2025-11-20 00:00:00+00:00
[2025-11-20T22:23:10.194+0500] {processor.py:183} INFO - Processing /mnt/c/Users/Raj/OneDrive - Åbo Akademi O365/banking/venv/lib/python3.12/site-packages/airflow/example_dags/example_branch_operator_decorator.py took 0.276 seconds
[2025-11-20T22:24:27.740+0500] {processor.py:161} INFO - Started process (PID=2197) to work on /mnt/c/Users/Raj/OneDrive - Åbo Akademi O365/banking/venv/lib/python3.12/site-packages/airflow/example_dags/example_branch_operator_decorator.py
[2025-11-20T22:24:27.743+0500] {processor.py:830} INFO - Processing file /mnt/c/Users/Raj/OneDrive - Åbo Akademi O365/banking/venv/lib/python3.12/site-packages/airflow/example_dags/example_branch_operator_decorator.py for tasks to queue
[2025-11-20T22:24:27.753+0500] {logging_mixin.py:188} INFO - [2025-11-20T22:24:27.749+0500] {dagbag.py:545} INFO - Filling up the DagBag from /mnt/c/Users/Raj/OneDrive - Åbo Akademi O365/banking/venv/lib/python3.12/site-packages/airflow/example_dags/example_branch_operator_decorator.py
[2025-11-20T22:24:27.884+0500] {processor.py:840} INFO - DAG(s) 'example_branch_python_operator_decorator' retrieved from /mnt/c/Users/Raj/OneDrive - Åbo Akademi O365/banking/venv/lib/python3.12/site-packages/airflow/example_dags/example_branch_operator_decorator.py
[2025-11-20T22:24:27.972+0500] {logging_mixin.py:188} INFO - [2025-11-20T22:24:27.970+0500] {dag.py:3096} INFO - Sync 1 DAGs
[2025-11-20T22:24:28.038+0500] {logging_mixin.py:188} INFO - [2025-11-20T22:24:28.036+0500] {dag.py:3954} INFO - Setting next_dagrun for example_branch_python_operator_decorator to 2025-11-19 00:00:00+00:00, run_after=2025-11-20 00:00:00+00:00
[2025-11-20T22:24:28.418+0500] {processor.py:183} INFO - Processing /mnt/c/Users/Raj/OneDrive - Åbo Akademi O365/banking/venv/lib/python3.12/site-packages/airflow/example_dags/example_branch_operator_decorator.py took 0.709 seconds
[2025-11-20T22:26:15.369+0500] {processor.py:161} INFO - Started process (PID=2304) to work on /mnt/c/Users/Raj/OneDrive - Åbo Akademi O365/banking/venv/lib/python3.12/site-packages/airflow/example_dags/example_branch_operator_decorator.py
[2025-11-20T22:26:15.372+0500] {processor.py:830} INFO - Processing file /mnt/c/Users/Raj/OneDrive - Åbo Akademi O365/banking/venv/lib/python3.12/site-packages/airflow/example_dags/example_branch_operator_decorator.py for tasks to queue
[2025-11-20T22:26:15.379+0500] {logging_mixin.py:188} INFO - [2025-11-20T22:26:15.375+0500] {dagbag.py:545} INFO - Filling up the DagBag from /mnt/c/Users/Raj/OneDrive - Åbo Akademi O365/banking/venv/lib/python3.12/site-packages/airflow/example_dags/example_branch_operator_decorator.py
[2025-11-20T22:26:15.591+0500] {processor.py:840} INFO - DAG(s) 'example_branch_python_operator_decorator' retrieved from /mnt/c/Users/Raj/OneDrive - Åbo Akademi O365/banking/venv/lib/python3.12/site-packages/airflow/example_dags/example_branch_operator_decorator.py
[2025-11-20T22:26:15.833+0500] {logging_mixin.py:188} INFO - [2025-11-20T22:26:15.831+0500] {dag.py:3096} INFO - Sync 1 DAGs
[2025-11-20T22:26:15.949+0500] {logging_mixin.py:188} INFO - [2025-11-20T22:26:15.947+0500] {dag.py:3954} INFO - Setting next_dagrun for example_branch_python_operator_decorator to 2025-11-19 00:00:00+00:00, run_after=2025-11-20 00:00:00+00:00
[2025-11-20T22:26:16.602+0500] {processor.py:183} INFO - Processing /mnt/c/Users/Raj/OneDrive - Åbo Akademi O365/banking/venv/lib/python3.12/site-packages/airflow/example_dags/example_branch_operator_decorator.py took 1.271 seconds
[2025-11-20T22:28:49.159+0500] {processor.py:161} INFO - Started process (PID=2404) to work on /mnt/c/Users/Raj/OneDrive - Åbo Akademi O365/banking/venv/lib/python3.12/site-packages/airflow/example_dags/example_branch_operator_decorator.py
[2025-11-20T22:28:49.167+0500] {processor.py:830} INFO - Processing file /mnt/c/Users/Raj/OneDrive - Åbo Akademi O365/banking/venv/lib/python3.12/site-packages/airflow/example_dags/example_branch_operator_decorator.py for tasks to queue
[2025-11-20T22:28:49.174+0500] {logging_mixin.py:188} INFO - [2025-11-20T22:28:49.171+0500] {dagbag.py:545} INFO - Filling up the DagBag from /mnt/c/Users/Raj/OneDrive - Åbo Akademi O365/banking/venv/lib/python3.12/site-packages/airflow/example_dags/example_branch_operator_decorator.py
[2025-11-20T22:28:49.325+0500] {processor.py:840} INFO - DAG(s) 'example_branch_python_operator_decorator' retrieved from /mnt/c/Users/Raj/OneDrive - Åbo Akademi O365/banking/venv/lib/python3.12/site-packages/airflow/example_dags/example_branch_operator_decorator.py
[2025-11-20T22:28:49.435+0500] {logging_mixin.py:188} INFO - [2025-11-20T22:28:49.432+0500] {dag.py:3096} INFO - Sync 1 DAGs
[2025-11-20T22:28:49.526+0500] {logging_mixin.py:188} INFO - [2025-11-20T22:28:49.522+0500] {dag.py:3954} INFO - Setting next_dagrun for example_branch_python_operator_decorator to 2025-11-19 00:00:00+00:00, run_after=2025-11-20 00:00:00+00:00
[2025-11-20T22:28:49.689+0500] {processor.py:183} INFO - Processing /mnt/c/Users/Raj/OneDrive - Åbo Akademi O365/banking/venv/lib/python3.12/site-packages/airflow/example_dags/example_branch_operator_decorator.py took 0.569 seconds
[2025-11-20T22:31:33.329+0500] {processor.py:161} INFO - Started process (PID=2492) to work on /mnt/c/Users/Raj/OneDrive - Åbo Akademi O365/banking/venv/lib/python3.12/site-packages/airflow/example_dags/example_branch_operator_decorator.py
[2025-11-20T22:31:33.346+0500] {processor.py:830} INFO - Processing file /mnt/c/Users/Raj/OneDrive - Åbo Akademi O365/banking/venv/lib/python3.12/site-packages/airflow/example_dags/example_branch_operator_decorator.py for tasks to queue
[2025-11-20T22:31:33.366+0500] {logging_mixin.py:188} INFO - [2025-11-20T22:31:33.363+0500] {dagbag.py:545} INFO - Filling up the DagBag from /mnt/c/Users/Raj/OneDrive - Åbo Akademi O365/banking/venv/lib/python3.12/site-packages/airflow/example_dags/example_branch_operator_decorator.py
[2025-11-20T22:31:33.537+0500] {processor.py:840} INFO - DAG(s) 'example_branch_python_operator_decorator' retrieved from /mnt/c/Users/Raj/OneDrive - Åbo Akademi O365/banking/venv/lib/python3.12/site-packages/airflow/example_dags/example_branch_operator_decorator.py
[2025-11-20T22:31:33.755+0500] {logging_mixin.py:188} INFO - [2025-11-20T22:31:33.657+0500] {dagbag.py:654} ERROR - Failed to write serialized DAG: /mnt/c/Users/Raj/OneDrive - Åbo Akademi O365/banking/venv/lib/python3.12/site-packages/airflow/example_dags/example_branch_operator_decorator.py
Traceback (most recent call last):
  File "/mnt/c/Users/Raj/OneDrive - Åbo Akademi O365/banking/venv/lib/python3.12/site-packages/airflow/models/dagbag.py", line 642, in _serialize_dag_capturing_errors
    -------------------------------------------------------------------
                              ^^^^^^^^^^^^^^^^^^^^^^^^^^^^^^^^^^^^^^^^^
  File "/mnt/c/Users/Raj/OneDrive - Åbo Akademi O365/banking/venv/lib/python3.12/site-packages/airflow/utils/session.py", line 76, in wrapper
    try:
         
  File "/mnt/c/Users/Raj/OneDrive - Åbo Akademi O365/banking/venv/lib/python3.12/site-packages/airflow/models/serialized_dag.py", line 167, in write_dag
    )
      
  File "<string>", line 4, in __init__
  File "/mnt/c/Users/Raj/OneDrive - Åbo Akademi O365/banking/venv/lib/python3.12/site-packages/sqlalchemy/orm/state.py", line 481, in _initialize_instance
    with util.safe_reraise():
  File "/mnt/c/Users/Raj/OneDrive - Åbo Akademi O365/banking/venv/lib/python3.12/site-packages/sqlalchemy/util/langhelpers.py", line 70, in __exit__
    compat.raise_(
  File "/mnt/c/Users/Raj/OneDrive - Åbo Akademi O365/banking/venv/lib/python3.12/site-packages/sqlalchemy/util/compat.py", line 211, in raise_
    raise exception
  File "/mnt/c/Users/Raj/OneDrive - Åbo Akademi O365/banking/venv/lib/python3.12/site-packages/sqlalchemy/orm/state.py", line 479, in _initialize_instance
    return manager.original_init(*mixed[1:], **kwargs)
           ^^^^^^^^^^^^^^^^^^^^^^^^^^^^^^^^^^^^^^^^^^^
  File "/mnt/c/Users/Raj/OneDrive - Åbo Akademi O365/banking/venv/lib/python3.12/site-packages/airflow/models/serialized_dag.py", line 114, in __init__
    dependency_id=dep_id,
  File "/mnt/c/Users/Raj/OneDrive - Åbo Akademi O365/banking/venv/lib/python3.12/site-packages/airflow/serialization/serialized_objects.py", line 1543, in to_dict
    @classmethod
        ^^^^^^^^^
  File "/mnt/c/Users/Raj/OneDrive - Åbo Akademi O365/banking/venv/lib/python3.12/site-packages/airflow/serialization/serialized_objects.py", line 433, in validate_schema
    can be completely controlled by a custom subclass.
            ^^^^^^^^^^^^^^^^^^^^^^^^^^^^^^^^^^^^^^^^^
  File "/mnt/c/Users/Raj/OneDrive - Åbo Akademi O365/banking/venv/lib/python3.12/site-packages/jsonschema/validators.py", line 451, in validate
    raise error
jsonschema.exceptions.ValidationError: {} is not of type 'array'

Failed validating 'type' in schema['allOf'][0]['properties']['dag']['properties']['params']:
    {'prefixItems': [{'type': 'string'}, {'$ref': '#/definitions/param'}],
     'type': 'array',
     'unevaluatedItems': False}

On instance['dag']['params']:
    {}
[2025-11-20T22:31:33.778+0500] {logging_mixin.py:188} INFO - [2025-11-20T22:31:33.774+0500] {dag.py:3096} INFO - Sync 1 DAGs
[2025-11-20T22:31:33.958+0500] {logging_mixin.py:188} INFO - [2025-11-20T22:31:33.934+0500] {dag.py:3954} INFO - Setting next_dagrun for example_branch_python_operator_decorator to 2025-11-19 00:00:00+00:00, run_after=2025-11-20 00:00:00+00:00
[2025-11-20T22:31:34.749+0500] {processor.py:183} INFO - Processing /mnt/c/Users/Raj/OneDrive - Åbo Akademi O365/banking/venv/lib/python3.12/site-packages/airflow/example_dags/example_branch_operator_decorator.py took 1.462 seconds
