[2025-11-20T20:37:12.675+0500] {processor.py:161} INFO - Started process (PID=12330) to work on /mnt/c/Users/Raj/OneDrive - Åbo Akademi O365/banking/venv/lib/python3.12/site-packages/airflow/example_dags/example_bash_decorator.py
[2025-11-20T20:37:12.678+0500] {processor.py:830} INFO - Processing file /mnt/c/Users/Raj/OneDrive - Åbo Akademi O365/banking/venv/lib/python3.12/site-packages/airflow/example_dags/example_bash_decorator.py for tasks to queue
[2025-11-20T20:37:12.684+0500] {logging_mixin.py:188} INFO - [2025-11-20T20:37:12.682+0500] {dagbag.py:545} INFO - Filling up the DagBag from /mnt/c/Users/Raj/OneDrive - Åbo Akademi O365/banking/venv/lib/python3.12/site-packages/airflow/example_dags/example_bash_decorator.py
[2025-11-20T20:37:12.740+0500] {processor.py:840} INFO - DAG(s) 'example_bash_decorator' retrieved from /mnt/c/Users/Raj/OneDrive - Åbo Akademi O365/banking/venv/lib/python3.12/site-packages/airflow/example_dags/example_bash_decorator.py
[2025-11-20T20:37:14.360+0500] {logging_mixin.py:188} INFO - [2025-11-20T20:37:14.357+0500] {override.py:1829} INFO - Created Permission View: can delete on DAG:example_bash_decorator
[2025-11-20T20:37:14.413+0500] {logging_mixin.py:188} INFO - [2025-11-20T20:37:14.411+0500] {override.py:1829} INFO - Created Permission View: can read on DAG:example_bash_decorator
[2025-11-20T20:37:14.463+0500] {logging_mixin.py:188} INFO - [2025-11-20T20:37:14.461+0500] {override.py:1829} INFO - Created Permission View: can edit on DAG:example_bash_decorator
[2025-11-20T20:37:14.467+0500] {logging_mixin.py:188} INFO - [2025-11-20T20:37:14.465+0500] {dag.py:3096} INFO - Sync 1 DAGs
[2025-11-20T20:37:14.499+0500] {logging_mixin.py:188} INFO - [2025-11-20T20:37:14.497+0500] {dag.py:3118} INFO - Creating ORM DAG for example_bash_decorator
[2025-11-20T20:37:14.503+0500] {logging_mixin.py:188} INFO - [2025-11-20T20:37:14.501+0500] {dag.py:3954} INFO - Setting next_dagrun for example_bash_decorator to None, run_after=None
[2025-11-20T20:37:14.596+0500] {processor.py:183} INFO - Processing /mnt/c/Users/Raj/OneDrive - Åbo Akademi O365/banking/venv/lib/python3.12/site-packages/airflow/example_dags/example_bash_decorator.py took 1.949 seconds
[2025-11-20T20:38:53.224+0500] {processor.py:161} INFO - Started process (PID=12653) to work on /mnt/c/Users/Raj/OneDrive - Åbo Akademi O365/banking/venv/lib/python3.12/site-packages/airflow/example_dags/example_bash_decorator.py
[2025-11-20T20:38:53.227+0500] {processor.py:830} INFO - Processing file /mnt/c/Users/Raj/OneDrive - Åbo Akademi O365/banking/venv/lib/python3.12/site-packages/airflow/example_dags/example_bash_decorator.py for tasks to queue
[2025-11-20T20:38:53.235+0500] {logging_mixin.py:188} INFO - [2025-11-20T20:38:53.233+0500] {dagbag.py:545} INFO - Filling up the DagBag from /mnt/c/Users/Raj/OneDrive - Åbo Akademi O365/banking/venv/lib/python3.12/site-packages/airflow/example_dags/example_bash_decorator.py
[2025-11-20T20:38:53.301+0500] {processor.py:840} INFO - DAG(s) 'example_bash_decorator' retrieved from /mnt/c/Users/Raj/OneDrive - Åbo Akademi O365/banking/venv/lib/python3.12/site-packages/airflow/example_dags/example_bash_decorator.py
[2025-11-20T20:38:53.381+0500] {logging_mixin.py:188} INFO - [2025-11-20T20:38:53.379+0500] {dag.py:3096} INFO - Sync 1 DAGs
[2025-11-20T20:38:53.416+0500] {logging_mixin.py:188} INFO - [2025-11-20T20:38:53.414+0500] {dag.py:3954} INFO - Setting next_dagrun for example_bash_decorator to None, run_after=None
[2025-11-20T20:38:53.544+0500] {processor.py:183} INFO - Processing /mnt/c/Users/Raj/OneDrive - Åbo Akademi O365/banking/venv/lib/python3.12/site-packages/airflow/example_dags/example_bash_decorator.py took 0.345 seconds
[2025-11-20T20:40:14.484+0500] {processor.py:161} INFO - Started process (PID=12952) to work on /mnt/c/Users/Raj/OneDrive - Åbo Akademi O365/banking/venv/lib/python3.12/site-packages/airflow/example_dags/example_bash_decorator.py
[2025-11-20T20:40:14.487+0500] {processor.py:830} INFO - Processing file /mnt/c/Users/Raj/OneDrive - Åbo Akademi O365/banking/venv/lib/python3.12/site-packages/airflow/example_dags/example_bash_decorator.py for tasks to queue
[2025-11-20T20:40:14.492+0500] {logging_mixin.py:188} INFO - [2025-11-20T20:40:14.491+0500] {dagbag.py:545} INFO - Filling up the DagBag from /mnt/c/Users/Raj/OneDrive - Åbo Akademi O365/banking/venv/lib/python3.12/site-packages/airflow/example_dags/example_bash_decorator.py
[2025-11-20T20:40:14.544+0500] {processor.py:840} INFO - DAG(s) 'example_bash_decorator' retrieved from /mnt/c/Users/Raj/OneDrive - Åbo Akademi O365/banking/venv/lib/python3.12/site-packages/airflow/example_dags/example_bash_decorator.py
[2025-11-20T20:40:14.592+0500] {logging_mixin.py:188} INFO - [2025-11-20T20:40:14.590+0500] {dag.py:3096} INFO - Sync 1 DAGs
[2025-11-20T20:40:14.611+0500] {logging_mixin.py:188} INFO - [2025-11-20T20:40:14.610+0500] {dag.py:3954} INFO - Setting next_dagrun for example_bash_decorator to None, run_after=None
[2025-11-20T20:40:14.700+0500] {processor.py:183} INFO - Processing /mnt/c/Users/Raj/OneDrive - Åbo Akademi O365/banking/venv/lib/python3.12/site-packages/airflow/example_dags/example_bash_decorator.py took 0.233 seconds
[2025-11-20T20:41:30.320+0500] {processor.py:161} INFO - Started process (PID=13208) to work on /mnt/c/Users/Raj/OneDrive - Åbo Akademi O365/banking/venv/lib/python3.12/site-packages/airflow/example_dags/example_bash_decorator.py
[2025-11-20T20:41:30.323+0500] {processor.py:830} INFO - Processing file /mnt/c/Users/Raj/OneDrive - Åbo Akademi O365/banking/venv/lib/python3.12/site-packages/airflow/example_dags/example_bash_decorator.py for tasks to queue
[2025-11-20T20:41:30.329+0500] {logging_mixin.py:188} INFO - [2025-11-20T20:41:30.327+0500] {dagbag.py:545} INFO - Filling up the DagBag from /mnt/c/Users/Raj/OneDrive - Åbo Akademi O365/banking/venv/lib/python3.12/site-packages/airflow/example_dags/example_bash_decorator.py
[2025-11-20T20:41:30.392+0500] {processor.py:840} INFO - DAG(s) 'example_bash_decorator' retrieved from /mnt/c/Users/Raj/OneDrive - Åbo Akademi O365/banking/venv/lib/python3.12/site-packages/airflow/example_dags/example_bash_decorator.py
[2025-11-20T20:41:30.469+0500] {logging_mixin.py:188} INFO - [2025-11-20T20:41:30.451+0500] {dag.py:3096} INFO - Sync 1 DAGs
[2025-11-20T20:41:30.504+0500] {logging_mixin.py:188} INFO - [2025-11-20T20:41:30.503+0500] {dag.py:3954} INFO - Setting next_dagrun for example_bash_decorator to None, run_after=None
[2025-11-20T20:41:30.603+0500] {processor.py:183} INFO - Processing /mnt/c/Users/Raj/OneDrive - Åbo Akademi O365/banking/venv/lib/python3.12/site-packages/airflow/example_dags/example_bash_decorator.py took 0.302 seconds
[2025-11-20T20:42:48.483+0500] {processor.py:161} INFO - Started process (PID=13472) to work on /mnt/c/Users/Raj/OneDrive - Åbo Akademi O365/banking/venv/lib/python3.12/site-packages/airflow/example_dags/example_bash_decorator.py
[2025-11-20T20:42:48.486+0500] {processor.py:830} INFO - Processing file /mnt/c/Users/Raj/OneDrive - Åbo Akademi O365/banking/venv/lib/python3.12/site-packages/airflow/example_dags/example_bash_decorator.py for tasks to queue
[2025-11-20T20:42:48.494+0500] {logging_mixin.py:188} INFO - [2025-11-20T20:42:48.492+0500] {dagbag.py:545} INFO - Filling up the DagBag from /mnt/c/Users/Raj/OneDrive - Åbo Akademi O365/banking/venv/lib/python3.12/site-packages/airflow/example_dags/example_bash_decorator.py
[2025-11-20T20:42:48.561+0500] {processor.py:840} INFO - DAG(s) 'example_bash_decorator' retrieved from /mnt/c/Users/Raj/OneDrive - Åbo Akademi O365/banking/venv/lib/python3.12/site-packages/airflow/example_dags/example_bash_decorator.py
[2025-11-20T20:42:48.619+0500] {logging_mixin.py:188} INFO - [2025-11-20T20:42:48.617+0500] {dag.py:3096} INFO - Sync 1 DAGs
[2025-11-20T20:42:48.645+0500] {logging_mixin.py:188} INFO - [2025-11-20T20:42:48.643+0500] {dag.py:3954} INFO - Setting next_dagrun for example_bash_decorator to None, run_after=None
[2025-11-20T20:42:48.754+0500] {processor.py:183} INFO - Processing /mnt/c/Users/Raj/OneDrive - Åbo Akademi O365/banking/venv/lib/python3.12/site-packages/airflow/example_dags/example_bash_decorator.py took 0.300 seconds
[2025-11-20T20:44:10.991+0500] {processor.py:161} INFO - Started process (PID=13775) to work on /mnt/c/Users/Raj/OneDrive - Åbo Akademi O365/banking/venv/lib/python3.12/site-packages/airflow/example_dags/example_bash_decorator.py
[2025-11-20T20:44:10.994+0500] {processor.py:830} INFO - Processing file /mnt/c/Users/Raj/OneDrive - Åbo Akademi O365/banking/venv/lib/python3.12/site-packages/airflow/example_dags/example_bash_decorator.py for tasks to queue
[2025-11-20T20:44:10.999+0500] {logging_mixin.py:188} INFO - [2025-11-20T20:44:10.997+0500] {dagbag.py:545} INFO - Filling up the DagBag from /mnt/c/Users/Raj/OneDrive - Åbo Akademi O365/banking/venv/lib/python3.12/site-packages/airflow/example_dags/example_bash_decorator.py
[2025-11-20T20:44:11.053+0500] {processor.py:840} INFO - DAG(s) 'example_bash_decorator' retrieved from /mnt/c/Users/Raj/OneDrive - Åbo Akademi O365/banking/venv/lib/python3.12/site-packages/airflow/example_dags/example_bash_decorator.py
[2025-11-20T20:44:11.115+0500] {logging_mixin.py:188} INFO - [2025-11-20T20:44:11.110+0500] {dag.py:3096} INFO - Sync 1 DAGs
[2025-11-20T20:44:11.237+0500] {logging_mixin.py:188} INFO - [2025-11-20T20:44:11.235+0500] {dag.py:3954} INFO - Setting next_dagrun for example_bash_decorator to None, run_after=None
[2025-11-20T20:44:11.378+0500] {processor.py:183} INFO - Processing /mnt/c/Users/Raj/OneDrive - Åbo Akademi O365/banking/venv/lib/python3.12/site-packages/airflow/example_dags/example_bash_decorator.py took 0.420 seconds
[2025-11-20T20:45:34.100+0500] {processor.py:161} INFO - Started process (PID=14063) to work on /mnt/c/Users/Raj/OneDrive - Åbo Akademi O365/banking/venv/lib/python3.12/site-packages/airflow/example_dags/example_bash_decorator.py
[2025-11-20T20:45:34.103+0500] {processor.py:830} INFO - Processing file /mnt/c/Users/Raj/OneDrive - Åbo Akademi O365/banking/venv/lib/python3.12/site-packages/airflow/example_dags/example_bash_decorator.py for tasks to queue
[2025-11-20T20:45:34.109+0500] {logging_mixin.py:188} INFO - [2025-11-20T20:45:34.107+0500] {dagbag.py:545} INFO - Filling up the DagBag from /mnt/c/Users/Raj/OneDrive - Åbo Akademi O365/banking/venv/lib/python3.12/site-packages/airflow/example_dags/example_bash_decorator.py
[2025-11-20T20:45:34.168+0500] {processor.py:840} INFO - DAG(s) 'example_bash_decorator' retrieved from /mnt/c/Users/Raj/OneDrive - Åbo Akademi O365/banking/venv/lib/python3.12/site-packages/airflow/example_dags/example_bash_decorator.py
[2025-11-20T20:45:34.215+0500] {logging_mixin.py:188} INFO - [2025-11-20T20:45:34.214+0500] {dag.py:3096} INFO - Sync 1 DAGs
[2025-11-20T20:45:34.237+0500] {logging_mixin.py:188} INFO - [2025-11-20T20:45:34.235+0500] {dag.py:3954} INFO - Setting next_dagrun for example_bash_decorator to None, run_after=None
[2025-11-20T20:45:34.326+0500] {processor.py:183} INFO - Processing /mnt/c/Users/Raj/OneDrive - Åbo Akademi O365/banking/venv/lib/python3.12/site-packages/airflow/example_dags/example_bash_decorator.py took 0.249 seconds
[2025-11-20T20:46:48.095+0500] {processor.py:161} INFO - Started process (PID=14383) to work on /mnt/c/Users/Raj/OneDrive - Åbo Akademi O365/banking/venv/lib/python3.12/site-packages/airflow/example_dags/example_bash_decorator.py
[2025-11-20T20:46:48.098+0500] {processor.py:830} INFO - Processing file /mnt/c/Users/Raj/OneDrive - Åbo Akademi O365/banking/venv/lib/python3.12/site-packages/airflow/example_dags/example_bash_decorator.py for tasks to queue
[2025-11-20T20:46:48.107+0500] {logging_mixin.py:188} INFO - [2025-11-20T20:46:48.104+0500] {dagbag.py:545} INFO - Filling up the DagBag from /mnt/c/Users/Raj/OneDrive - Åbo Akademi O365/banking/venv/lib/python3.12/site-packages/airflow/example_dags/example_bash_decorator.py
[2025-11-20T20:46:48.170+0500] {processor.py:840} INFO - DAG(s) 'example_bash_decorator' retrieved from /mnt/c/Users/Raj/OneDrive - Åbo Akademi O365/banking/venv/lib/python3.12/site-packages/airflow/example_dags/example_bash_decorator.py
[2025-11-20T20:46:48.230+0500] {logging_mixin.py:188} INFO - [2025-11-20T20:46:48.228+0500] {dag.py:3096} INFO - Sync 1 DAGs
[2025-11-20T20:46:48.254+0500] {logging_mixin.py:188} INFO - [2025-11-20T20:46:48.252+0500] {dag.py:3954} INFO - Setting next_dagrun for example_bash_decorator to None, run_after=None
[2025-11-20T20:46:48.355+0500] {processor.py:183} INFO - Processing /mnt/c/Users/Raj/OneDrive - Åbo Akademi O365/banking/venv/lib/python3.12/site-packages/airflow/example_dags/example_bash_decorator.py took 0.283 seconds
[2025-11-20T20:48:06.107+0500] {processor.py:161} INFO - Started process (PID=14744) to work on /mnt/c/Users/Raj/OneDrive - Åbo Akademi O365/banking/venv/lib/python3.12/site-packages/airflow/example_dags/example_bash_decorator.py
[2025-11-20T20:48:06.110+0500] {processor.py:830} INFO - Processing file /mnt/c/Users/Raj/OneDrive - Åbo Akademi O365/banking/venv/lib/python3.12/site-packages/airflow/example_dags/example_bash_decorator.py for tasks to queue
[2025-11-20T20:48:06.114+0500] {logging_mixin.py:188} INFO - [2025-11-20T20:48:06.113+0500] {dagbag.py:545} INFO - Filling up the DagBag from /mnt/c/Users/Raj/OneDrive - Åbo Akademi O365/banking/venv/lib/python3.12/site-packages/airflow/example_dags/example_bash_decorator.py
[2025-11-20T20:48:06.172+0500] {processor.py:840} INFO - DAG(s) 'example_bash_decorator' retrieved from /mnt/c/Users/Raj/OneDrive - Åbo Akademi O365/banking/venv/lib/python3.12/site-packages/airflow/example_dags/example_bash_decorator.py
[2025-11-20T20:48:06.223+0500] {logging_mixin.py:188} INFO - [2025-11-20T20:48:06.222+0500] {dag.py:3096} INFO - Sync 1 DAGs
[2025-11-20T20:48:06.245+0500] {logging_mixin.py:188} INFO - [2025-11-20T20:48:06.243+0500] {dag.py:3954} INFO - Setting next_dagrun for example_bash_decorator to None, run_after=None
[2025-11-20T20:48:06.347+0500] {processor.py:183} INFO - Processing /mnt/c/Users/Raj/OneDrive - Åbo Akademi O365/banking/venv/lib/python3.12/site-packages/airflow/example_dags/example_bash_decorator.py took 0.261 seconds
[2025-11-20T20:49:23.753+0500] {processor.py:161} INFO - Started process (PID=15227) to work on /mnt/c/Users/Raj/OneDrive - Åbo Akademi O365/banking/venv/lib/python3.12/site-packages/airflow/example_dags/example_bash_decorator.py
[2025-11-20T20:49:23.756+0500] {processor.py:830} INFO - Processing file /mnt/c/Users/Raj/OneDrive - Åbo Akademi O365/banking/venv/lib/python3.12/site-packages/airflow/example_dags/example_bash_decorator.py for tasks to queue
[2025-11-20T20:49:23.762+0500] {logging_mixin.py:188} INFO - [2025-11-20T20:49:23.760+0500] {dagbag.py:545} INFO - Filling up the DagBag from /mnt/c/Users/Raj/OneDrive - Åbo Akademi O365/banking/venv/lib/python3.12/site-packages/airflow/example_dags/example_bash_decorator.py
[2025-11-20T20:49:23.815+0500] {processor.py:840} INFO - DAG(s) 'example_bash_decorator' retrieved from /mnt/c/Users/Raj/OneDrive - Åbo Akademi O365/banking/venv/lib/python3.12/site-packages/airflow/example_dags/example_bash_decorator.py
[2025-11-20T20:49:23.870+0500] {logging_mixin.py:188} INFO - [2025-11-20T20:49:23.868+0500] {dag.py:3096} INFO - Sync 1 DAGs
[2025-11-20T20:49:23.896+0500] {logging_mixin.py:188} INFO - [2025-11-20T20:49:23.894+0500] {dag.py:3954} INFO - Setting next_dagrun for example_bash_decorator to None, run_after=None
[2025-11-20T20:49:23.993+0500] {processor.py:183} INFO - Processing /mnt/c/Users/Raj/OneDrive - Åbo Akademi O365/banking/venv/lib/python3.12/site-packages/airflow/example_dags/example_bash_decorator.py took 0.260 seconds
[2025-11-20T21:57:24.434+0500] {processor.py:161} INFO - Started process (PID=907) to work on /mnt/c/Users/Raj/OneDrive - Åbo Akademi O365/banking/venv/lib/python3.12/site-packages/airflow/example_dags/example_bash_decorator.py
[2025-11-20T21:57:24.436+0500] {processor.py:830} INFO - Processing file /mnt/c/Users/Raj/OneDrive - Åbo Akademi O365/banking/venv/lib/python3.12/site-packages/airflow/example_dags/example_bash_decorator.py for tasks to queue
[2025-11-20T21:57:24.441+0500] {logging_mixin.py:188} INFO - [2025-11-20T21:57:24.440+0500] {dagbag.py:545} INFO - Filling up the DagBag from /mnt/c/Users/Raj/OneDrive - Åbo Akademi O365/banking/venv/lib/python3.12/site-packages/airflow/example_dags/example_bash_decorator.py
[2025-11-20T21:57:24.493+0500] {processor.py:840} INFO - DAG(s) 'example_bash_decorator' retrieved from /mnt/c/Users/Raj/OneDrive - Åbo Akademi O365/banking/venv/lib/python3.12/site-packages/airflow/example_dags/example_bash_decorator.py
[2025-11-20T21:57:26.045+0500] {logging_mixin.py:188} INFO - [2025-11-20T21:57:26.043+0500] {dag.py:3096} INFO - Sync 1 DAGs
[2025-11-20T21:57:26.064+0500] {logging_mixin.py:188} INFO - [2025-11-20T21:57:26.063+0500] {dag.py:3954} INFO - Setting next_dagrun for example_bash_decorator to None, run_after=None
[2025-11-20T21:57:26.167+0500] {processor.py:183} INFO - Processing /mnt/c/Users/Raj/OneDrive - Åbo Akademi O365/banking/venv/lib/python3.12/site-packages/airflow/example_dags/example_bash_decorator.py took 1.752 seconds
[2025-11-20T21:59:03.451+0500] {processor.py:161} INFO - Started process (PID=1044) to work on /mnt/c/Users/Raj/OneDrive - Åbo Akademi O365/banking/venv/lib/python3.12/site-packages/airflow/example_dags/example_bash_decorator.py
[2025-11-20T21:59:03.454+0500] {processor.py:830} INFO - Processing file /mnt/c/Users/Raj/OneDrive - Åbo Akademi O365/banking/venv/lib/python3.12/site-packages/airflow/example_dags/example_bash_decorator.py for tasks to queue
[2025-11-20T21:59:03.460+0500] {logging_mixin.py:188} INFO - [2025-11-20T21:59:03.457+0500] {dagbag.py:545} INFO - Filling up the DagBag from /mnt/c/Users/Raj/OneDrive - Åbo Akademi O365/banking/venv/lib/python3.12/site-packages/airflow/example_dags/example_bash_decorator.py
[2025-11-20T21:59:03.517+0500] {processor.py:840} INFO - DAG(s) 'example_bash_decorator' retrieved from /mnt/c/Users/Raj/OneDrive - Åbo Akademi O365/banking/venv/lib/python3.12/site-packages/airflow/example_dags/example_bash_decorator.py
[2025-11-20T21:59:03.566+0500] {logging_mixin.py:188} INFO - [2025-11-20T21:59:03.565+0500] {dag.py:3096} INFO - Sync 1 DAGs
[2025-11-20T21:59:03.587+0500] {logging_mixin.py:188} INFO - [2025-11-20T21:59:03.586+0500] {dag.py:3954} INFO - Setting next_dagrun for example_bash_decorator to None, run_after=None
[2025-11-20T21:59:03.682+0500] {processor.py:183} INFO - Processing /mnt/c/Users/Raj/OneDrive - Åbo Akademi O365/banking/venv/lib/python3.12/site-packages/airflow/example_dags/example_bash_decorator.py took 0.252 seconds
[2025-11-20T22:00:21.603+0500] {processor.py:161} INFO - Started process (PID=1105) to work on /mnt/c/Users/Raj/OneDrive - Åbo Akademi O365/banking/venv/lib/python3.12/site-packages/airflow/example_dags/example_bash_decorator.py
[2025-11-20T22:00:21.606+0500] {processor.py:830} INFO - Processing file /mnt/c/Users/Raj/OneDrive - Åbo Akademi O365/banking/venv/lib/python3.12/site-packages/airflow/example_dags/example_bash_decorator.py for tasks to queue
[2025-11-20T22:00:21.613+0500] {logging_mixin.py:188} INFO - [2025-11-20T22:00:21.610+0500] {dagbag.py:545} INFO - Filling up the DagBag from /mnt/c/Users/Raj/OneDrive - Åbo Akademi O365/banking/venv/lib/python3.12/site-packages/airflow/example_dags/example_bash_decorator.py
[2025-11-20T22:00:21.674+0500] {processor.py:840} INFO - DAG(s) 'example_bash_decorator' retrieved from /mnt/c/Users/Raj/OneDrive - Åbo Akademi O365/banking/venv/lib/python3.12/site-packages/airflow/example_dags/example_bash_decorator.py
[2025-11-20T22:00:21.744+0500] {logging_mixin.py:188} INFO - [2025-11-20T22:00:21.740+0500] {dag.py:3096} INFO - Sync 1 DAGs
[2025-11-20T22:00:21.792+0500] {logging_mixin.py:188} INFO - [2025-11-20T22:00:21.788+0500] {dag.py:3954} INFO - Setting next_dagrun for example_bash_decorator to None, run_after=None
[2025-11-20T22:00:21.903+0500] {processor.py:183} INFO - Processing /mnt/c/Users/Raj/OneDrive - Åbo Akademi O365/banking/venv/lib/python3.12/site-packages/airflow/example_dags/example_bash_decorator.py took 0.320 seconds
[2025-11-20T22:01:48.747+0500] {processor.py:161} INFO - Started process (PID=1165) to work on /mnt/c/Users/Raj/OneDrive - Åbo Akademi O365/banking/venv/lib/python3.12/site-packages/airflow/example_dags/example_bash_decorator.py
[2025-11-20T22:01:48.750+0500] {processor.py:830} INFO - Processing file /mnt/c/Users/Raj/OneDrive - Åbo Akademi O365/banking/venv/lib/python3.12/site-packages/airflow/example_dags/example_bash_decorator.py for tasks to queue
[2025-11-20T22:01:48.757+0500] {logging_mixin.py:188} INFO - [2025-11-20T22:01:48.755+0500] {dagbag.py:545} INFO - Filling up the DagBag from /mnt/c/Users/Raj/OneDrive - Åbo Akademi O365/banking/venv/lib/python3.12/site-packages/airflow/example_dags/example_bash_decorator.py
[2025-11-20T22:01:48.822+0500] {processor.py:840} INFO - DAG(s) 'example_bash_decorator' retrieved from /mnt/c/Users/Raj/OneDrive - Åbo Akademi O365/banking/venv/lib/python3.12/site-packages/airflow/example_dags/example_bash_decorator.py
[2025-11-20T22:01:48.881+0500] {logging_mixin.py:188} INFO - [2025-11-20T22:01:48.879+0500] {dag.py:3096} INFO - Sync 1 DAGs
[2025-11-20T22:01:48.902+0500] {logging_mixin.py:188} INFO - [2025-11-20T22:01:48.900+0500] {dag.py:3954} INFO - Setting next_dagrun for example_bash_decorator to None, run_after=None
[2025-11-20T22:01:49.016+0500] {processor.py:183} INFO - Processing /mnt/c/Users/Raj/OneDrive - Åbo Akademi O365/banking/venv/lib/python3.12/site-packages/airflow/example_dags/example_bash_decorator.py took 0.293 seconds
[2025-11-20T22:03:12.926+0500] {processor.py:161} INFO - Started process (PID=1233) to work on /mnt/c/Users/Raj/OneDrive - Åbo Akademi O365/banking/venv/lib/python3.12/site-packages/airflow/example_dags/example_bash_decorator.py
[2025-11-20T22:03:13.067+0500] {processor.py:830} INFO - Processing file /mnt/c/Users/Raj/OneDrive - Åbo Akademi O365/banking/venv/lib/python3.12/site-packages/airflow/example_dags/example_bash_decorator.py for tasks to queue
[2025-11-20T22:03:13.086+0500] {logging_mixin.py:188} INFO - [2025-11-20T22:03:13.084+0500] {dagbag.py:545} INFO - Filling up the DagBag from /mnt/c/Users/Raj/OneDrive - Åbo Akademi O365/banking/venv/lib/python3.12/site-packages/airflow/example_dags/example_bash_decorator.py
[2025-11-20T22:03:13.195+0500] {processor.py:840} INFO - DAG(s) 'example_bash_decorator' retrieved from /mnt/c/Users/Raj/OneDrive - Åbo Akademi O365/banking/venv/lib/python3.12/site-packages/airflow/example_dags/example_bash_decorator.py
[2025-11-20T22:03:13.289+0500] {logging_mixin.py:188} INFO - [2025-11-20T22:03:13.287+0500] {dag.py:3096} INFO - Sync 1 DAGs
[2025-11-20T22:03:13.324+0500] {logging_mixin.py:188} INFO - [2025-11-20T22:03:13.322+0500] {dag.py:3954} INFO - Setting next_dagrun for example_bash_decorator to None, run_after=None
[2025-11-20T22:03:13.498+0500] {processor.py:183} INFO - Processing /mnt/c/Users/Raj/OneDrive - Åbo Akademi O365/banking/venv/lib/python3.12/site-packages/airflow/example_dags/example_bash_decorator.py took 0.601 seconds
[2025-11-20T22:04:36.519+0500] {processor.py:161} INFO - Started process (PID=1299) to work on /mnt/c/Users/Raj/OneDrive - Åbo Akademi O365/banking/venv/lib/python3.12/site-packages/airflow/example_dags/example_bash_decorator.py
[2025-11-20T22:04:36.521+0500] {processor.py:830} INFO - Processing file /mnt/c/Users/Raj/OneDrive - Åbo Akademi O365/banking/venv/lib/python3.12/site-packages/airflow/example_dags/example_bash_decorator.py for tasks to queue
[2025-11-20T22:04:36.526+0500] {logging_mixin.py:188} INFO - [2025-11-20T22:04:36.524+0500] {dagbag.py:545} INFO - Filling up the DagBag from /mnt/c/Users/Raj/OneDrive - Åbo Akademi O365/banking/venv/lib/python3.12/site-packages/airflow/example_dags/example_bash_decorator.py
[2025-11-20T22:04:36.575+0500] {processor.py:840} INFO - DAG(s) 'example_bash_decorator' retrieved from /mnt/c/Users/Raj/OneDrive - Åbo Akademi O365/banking/venv/lib/python3.12/site-packages/airflow/example_dags/example_bash_decorator.py
[2025-11-20T22:04:36.618+0500] {logging_mixin.py:188} INFO - [2025-11-20T22:04:36.617+0500] {dag.py:3096} INFO - Sync 1 DAGs
[2025-11-20T22:04:36.643+0500] {logging_mixin.py:188} INFO - [2025-11-20T22:04:36.641+0500] {dag.py:3954} INFO - Setting next_dagrun for example_bash_decorator to None, run_after=None
[2025-11-20T22:04:36.745+0500] {processor.py:183} INFO - Processing /mnt/c/Users/Raj/OneDrive - Åbo Akademi O365/banking/venv/lib/python3.12/site-packages/airflow/example_dags/example_bash_decorator.py took 0.245 seconds
[2025-11-20T22:06:03.096+0500] {processor.py:161} INFO - Started process (PID=1364) to work on /mnt/c/Users/Raj/OneDrive - Åbo Akademi O365/banking/venv/lib/python3.12/site-packages/airflow/example_dags/example_bash_decorator.py
[2025-11-20T22:06:03.099+0500] {processor.py:830} INFO - Processing file /mnt/c/Users/Raj/OneDrive - Åbo Akademi O365/banking/venv/lib/python3.12/site-packages/airflow/example_dags/example_bash_decorator.py for tasks to queue
[2025-11-20T22:06:03.103+0500] {logging_mixin.py:188} INFO - [2025-11-20T22:06:03.101+0500] {dagbag.py:545} INFO - Filling up the DagBag from /mnt/c/Users/Raj/OneDrive - Åbo Akademi O365/banking/venv/lib/python3.12/site-packages/airflow/example_dags/example_bash_decorator.py
[2025-11-20T22:06:03.159+0500] {processor.py:840} INFO - DAG(s) 'example_bash_decorator' retrieved from /mnt/c/Users/Raj/OneDrive - Åbo Akademi O365/banking/venv/lib/python3.12/site-packages/airflow/example_dags/example_bash_decorator.py
[2025-11-20T22:06:03.212+0500] {logging_mixin.py:188} INFO - [2025-11-20T22:06:03.210+0500] {dag.py:3096} INFO - Sync 1 DAGs
[2025-11-20T22:06:02.384+0500] {logging_mixin.py:188} INFO - [2025-11-20T22:06:02.382+0500] {dag.py:3954} INFO - Setting next_dagrun for example_bash_decorator to None, run_after=None
[2025-11-20T22:06:02.495+0500] {processor.py:183} INFO - Processing /mnt/c/Users/Raj/OneDrive - Åbo Akademi O365/banking/venv/lib/python3.12/site-packages/airflow/example_dags/example_bash_decorator.py took 0.275 seconds
[2025-11-20T22:07:28.580+0500] {processor.py:161} INFO - Started process (PID=1427) to work on /mnt/c/Users/Raj/OneDrive - Åbo Akademi O365/banking/venv/lib/python3.12/site-packages/airflow/example_dags/example_bash_decorator.py
[2025-11-20T22:07:28.583+0500] {processor.py:830} INFO - Processing file /mnt/c/Users/Raj/OneDrive - Åbo Akademi O365/banking/venv/lib/python3.12/site-packages/airflow/example_dags/example_bash_decorator.py for tasks to queue
[2025-11-20T22:07:28.587+0500] {logging_mixin.py:188} INFO - [2025-11-20T22:07:28.585+0500] {dagbag.py:545} INFO - Filling up the DagBag from /mnt/c/Users/Raj/OneDrive - Åbo Akademi O365/banking/venv/lib/python3.12/site-packages/airflow/example_dags/example_bash_decorator.py
[2025-11-20T22:07:28.644+0500] {processor.py:840} INFO - DAG(s) 'example_bash_decorator' retrieved from /mnt/c/Users/Raj/OneDrive - Åbo Akademi O365/banking/venv/lib/python3.12/site-packages/airflow/example_dags/example_bash_decorator.py
[2025-11-20T22:07:28.690+0500] {logging_mixin.py:188} INFO - [2025-11-20T22:07:28.689+0500] {dag.py:3096} INFO - Sync 1 DAGs
[2025-11-20T22:07:28.714+0500] {logging_mixin.py:188} INFO - [2025-11-20T22:07:28.712+0500] {dag.py:3954} INFO - Setting next_dagrun for example_bash_decorator to None, run_after=None
[2025-11-20T22:07:28.820+0500] {processor.py:183} INFO - Processing /mnt/c/Users/Raj/OneDrive - Åbo Akademi O365/banking/venv/lib/python3.12/site-packages/airflow/example_dags/example_bash_decorator.py took 0.264 seconds
[2025-11-20T22:08:56.843+0500] {processor.py:161} INFO - Started process (PID=1491) to work on /mnt/c/Users/Raj/OneDrive - Åbo Akademi O365/banking/venv/lib/python3.12/site-packages/airflow/example_dags/example_bash_decorator.py
[2025-11-20T22:08:56.850+0500] {processor.py:830} INFO - Processing file /mnt/c/Users/Raj/OneDrive - Åbo Akademi O365/banking/venv/lib/python3.12/site-packages/airflow/example_dags/example_bash_decorator.py for tasks to queue
[2025-11-20T22:08:56.855+0500] {logging_mixin.py:188} INFO - [2025-11-20T22:08:56.853+0500] {dagbag.py:545} INFO - Filling up the DagBag from /mnt/c/Users/Raj/OneDrive - Åbo Akademi O365/banking/venv/lib/python3.12/site-packages/airflow/example_dags/example_bash_decorator.py
[2025-11-20T22:08:56.976+0500] {processor.py:840} INFO - DAG(s) 'example_bash_decorator' retrieved from /mnt/c/Users/Raj/OneDrive - Åbo Akademi O365/banking/venv/lib/python3.12/site-packages/airflow/example_dags/example_bash_decorator.py
[2025-11-20T22:08:57.068+0500] {logging_mixin.py:188} INFO - [2025-11-20T22:08:57.063+0500] {dag.py:3096} INFO - Sync 1 DAGs
[2025-11-20T22:08:57.105+0500] {logging_mixin.py:188} INFO - [2025-11-20T22:08:57.103+0500] {dag.py:3954} INFO - Setting next_dagrun for example_bash_decorator to None, run_after=None
[2025-11-20T22:08:57.390+0500] {processor.py:183} INFO - Processing /mnt/c/Users/Raj/OneDrive - Åbo Akademi O365/banking/venv/lib/python3.12/site-packages/airflow/example_dags/example_bash_decorator.py took 0.607 seconds
[2025-11-20T22:10:33.234+0500] {processor.py:161} INFO - Started process (PID=1558) to work on /mnt/c/Users/Raj/OneDrive - Åbo Akademi O365/banking/venv/lib/python3.12/site-packages/airflow/example_dags/example_bash_decorator.py
[2025-11-20T22:10:33.237+0500] {processor.py:830} INFO - Processing file /mnt/c/Users/Raj/OneDrive - Åbo Akademi O365/banking/venv/lib/python3.12/site-packages/airflow/example_dags/example_bash_decorator.py for tasks to queue
[2025-11-20T22:10:33.241+0500] {logging_mixin.py:188} INFO - [2025-11-20T22:10:33.239+0500] {dagbag.py:545} INFO - Filling up the DagBag from /mnt/c/Users/Raj/OneDrive - Åbo Akademi O365/banking/venv/lib/python3.12/site-packages/airflow/example_dags/example_bash_decorator.py
[2025-11-20T22:10:33.299+0500] {processor.py:840} INFO - DAG(s) 'example_bash_decorator' retrieved from /mnt/c/Users/Raj/OneDrive - Åbo Akademi O365/banking/venv/lib/python3.12/site-packages/airflow/example_dags/example_bash_decorator.py
[2025-11-20T22:10:33.368+0500] {logging_mixin.py:188} INFO - [2025-11-20T22:10:33.366+0500] {dag.py:3096} INFO - Sync 1 DAGs
[2025-11-20T22:10:33.404+0500] {logging_mixin.py:188} INFO - [2025-11-20T22:10:33.402+0500] {dag.py:3954} INFO - Setting next_dagrun for example_bash_decorator to None, run_after=None
[2025-11-20T22:10:33.513+0500] {processor.py:183} INFO - Processing /mnt/c/Users/Raj/OneDrive - Åbo Akademi O365/banking/venv/lib/python3.12/site-packages/airflow/example_dags/example_bash_decorator.py took 0.300 seconds
[2025-11-20T22:11:57.692+0500] {processor.py:161} INFO - Started process (PID=1630) to work on /mnt/c/Users/Raj/OneDrive - Åbo Akademi O365/banking/venv/lib/python3.12/site-packages/airflow/example_dags/example_bash_decorator.py
[2025-11-20T22:11:57.694+0500] {processor.py:830} INFO - Processing file /mnt/c/Users/Raj/OneDrive - Åbo Akademi O365/banking/venv/lib/python3.12/site-packages/airflow/example_dags/example_bash_decorator.py for tasks to queue
[2025-11-20T22:11:57.696+0500] {logging_mixin.py:188} INFO - [2025-11-20T22:11:57.695+0500] {dagbag.py:545} INFO - Filling up the DagBag from /mnt/c/Users/Raj/OneDrive - Åbo Akademi O365/banking/venv/lib/python3.12/site-packages/airflow/example_dags/example_bash_decorator.py
[2025-11-20T22:11:57.737+0500] {processor.py:840} INFO - DAG(s) 'example_bash_decorator' retrieved from /mnt/c/Users/Raj/OneDrive - Åbo Akademi O365/banking/venv/lib/python3.12/site-packages/airflow/example_dags/example_bash_decorator.py
[2025-11-20T22:11:57.786+0500] {logging_mixin.py:188} INFO - [2025-11-20T22:11:57.785+0500] {dag.py:3096} INFO - Sync 1 DAGs
[2025-11-20T22:11:57.806+0500] {logging_mixin.py:188} INFO - [2025-11-20T22:11:57.805+0500] {dag.py:3954} INFO - Setting next_dagrun for example_bash_decorator to None, run_after=None
[2025-11-20T22:11:57.899+0500] {processor.py:183} INFO - Processing /mnt/c/Users/Raj/OneDrive - Åbo Akademi O365/banking/venv/lib/python3.12/site-packages/airflow/example_dags/example_bash_decorator.py took 0.221 seconds
[2025-11-20T22:13:19.833+0500] {processor.py:161} INFO - Started process (PID=1692) to work on /mnt/c/Users/Raj/OneDrive - Åbo Akademi O365/banking/venv/lib/python3.12/site-packages/airflow/example_dags/example_bash_decorator.py
[2025-11-20T22:13:19.835+0500] {processor.py:830} INFO - Processing file /mnt/c/Users/Raj/OneDrive - Åbo Akademi O365/banking/venv/lib/python3.12/site-packages/airflow/example_dags/example_bash_decorator.py for tasks to queue
[2025-11-20T22:13:19.838+0500] {logging_mixin.py:188} INFO - [2025-11-20T22:13:19.837+0500] {dagbag.py:545} INFO - Filling up the DagBag from /mnt/c/Users/Raj/OneDrive - Åbo Akademi O365/banking/venv/lib/python3.12/site-packages/airflow/example_dags/example_bash_decorator.py
[2025-11-20T22:13:19.896+0500] {processor.py:840} INFO - DAG(s) 'example_bash_decorator' retrieved from /mnt/c/Users/Raj/OneDrive - Åbo Akademi O365/banking/venv/lib/python3.12/site-packages/airflow/example_dags/example_bash_decorator.py
[2025-11-20T22:13:19.945+0500] {logging_mixin.py:188} INFO - [2025-11-20T22:13:19.943+0500] {dag.py:3096} INFO - Sync 1 DAGs
[2025-11-20T22:13:19.970+0500] {logging_mixin.py:188} INFO - [2025-11-20T22:13:19.969+0500] {dag.py:3954} INFO - Setting next_dagrun for example_bash_decorator to None, run_after=None
[2025-11-20T22:13:20.069+0500] {processor.py:183} INFO - Processing /mnt/c/Users/Raj/OneDrive - Åbo Akademi O365/banking/venv/lib/python3.12/site-packages/airflow/example_dags/example_bash_decorator.py took 0.255 seconds
[2025-11-20T22:14:46.389+0500] {processor.py:161} INFO - Started process (PID=1757) to work on /mnt/c/Users/Raj/OneDrive - Åbo Akademi O365/banking/venv/lib/python3.12/site-packages/airflow/example_dags/example_bash_decorator.py
[2025-11-20T22:14:46.392+0500] {processor.py:830} INFO - Processing file /mnt/c/Users/Raj/OneDrive - Åbo Akademi O365/banking/venv/lib/python3.12/site-packages/airflow/example_dags/example_bash_decorator.py for tasks to queue
[2025-11-20T22:14:46.396+0500] {logging_mixin.py:188} INFO - [2025-11-20T22:14:46.394+0500] {dagbag.py:545} INFO - Filling up the DagBag from /mnt/c/Users/Raj/OneDrive - Åbo Akademi O365/banking/venv/lib/python3.12/site-packages/airflow/example_dags/example_bash_decorator.py
[2025-11-20T22:14:46.454+0500] {processor.py:840} INFO - DAG(s) 'example_bash_decorator' retrieved from /mnt/c/Users/Raj/OneDrive - Åbo Akademi O365/banking/venv/lib/python3.12/site-packages/airflow/example_dags/example_bash_decorator.py
[2025-11-20T22:14:46.512+0500] {logging_mixin.py:188} INFO - [2025-11-20T22:14:46.510+0500] {dag.py:3096} INFO - Sync 1 DAGs
[2025-11-20T22:14:46.543+0500] {logging_mixin.py:188} INFO - [2025-11-20T22:14:46.541+0500] {dag.py:3954} INFO - Setting next_dagrun for example_bash_decorator to None, run_after=None
[2025-11-20T22:14:46.659+0500] {processor.py:183} INFO - Processing /mnt/c/Users/Raj/OneDrive - Åbo Akademi O365/banking/venv/lib/python3.12/site-packages/airflow/example_dags/example_bash_decorator.py took 0.289 seconds
[2025-11-20T22:16:14.861+0500] {processor.py:161} INFO - Started process (PID=1817) to work on /mnt/c/Users/Raj/OneDrive - Åbo Akademi O365/banking/venv/lib/python3.12/site-packages/airflow/example_dags/example_bash_decorator.py
[2025-11-20T22:16:14.864+0500] {processor.py:830} INFO - Processing file /mnt/c/Users/Raj/OneDrive - Åbo Akademi O365/banking/venv/lib/python3.12/site-packages/airflow/example_dags/example_bash_decorator.py for tasks to queue
[2025-11-20T22:16:14.868+0500] {logging_mixin.py:188} INFO - [2025-11-20T22:16:14.866+0500] {dagbag.py:545} INFO - Filling up the DagBag from /mnt/c/Users/Raj/OneDrive - Åbo Akademi O365/banking/venv/lib/python3.12/site-packages/airflow/example_dags/example_bash_decorator.py
[2025-11-20T22:16:14.924+0500] {processor.py:840} INFO - DAG(s) 'example_bash_decorator' retrieved from /mnt/c/Users/Raj/OneDrive - Åbo Akademi O365/banking/venv/lib/python3.12/site-packages/airflow/example_dags/example_bash_decorator.py
[2025-11-20T22:16:14.975+0500] {logging_mixin.py:188} INFO - [2025-11-20T22:16:14.974+0500] {dag.py:3096} INFO - Sync 1 DAGs
[2025-11-20T22:16:15.000+0500] {logging_mixin.py:188} INFO - [2025-11-20T22:16:14.998+0500] {dag.py:3954} INFO - Setting next_dagrun for example_bash_decorator to None, run_after=None
[2025-11-20T22:16:15.105+0500] {processor.py:183} INFO - Processing /mnt/c/Users/Raj/OneDrive - Åbo Akademi O365/banking/venv/lib/python3.12/site-packages/airflow/example_dags/example_bash_decorator.py took 0.265 seconds
[2025-11-20T22:17:44.619+0500] {processor.py:161} INFO - Started process (PID=1882) to work on /mnt/c/Users/Raj/OneDrive - Åbo Akademi O365/banking/venv/lib/python3.12/site-packages/airflow/example_dags/example_bash_decorator.py
[2025-11-20T22:17:44.622+0500] {processor.py:830} INFO - Processing file /mnt/c/Users/Raj/OneDrive - Åbo Akademi O365/banking/venv/lib/python3.12/site-packages/airflow/example_dags/example_bash_decorator.py for tasks to queue
[2025-11-20T22:17:44.626+0500] {logging_mixin.py:188} INFO - [2025-11-20T22:17:44.624+0500] {dagbag.py:545} INFO - Filling up the DagBag from /mnt/c/Users/Raj/OneDrive - Åbo Akademi O365/banking/venv/lib/python3.12/site-packages/airflow/example_dags/example_bash_decorator.py
[2025-11-20T22:17:44.679+0500] {processor.py:840} INFO - DAG(s) 'example_bash_decorator' retrieved from /mnt/c/Users/Raj/OneDrive - Åbo Akademi O365/banking/venv/lib/python3.12/site-packages/airflow/example_dags/example_bash_decorator.py
[2025-11-20T22:17:44.729+0500] {logging_mixin.py:188} INFO - [2025-11-20T22:17:44.727+0500] {dag.py:3096} INFO - Sync 1 DAGs
[2025-11-20T22:17:44.753+0500] {logging_mixin.py:188} INFO - [2025-11-20T22:17:44.752+0500] {dag.py:3954} INFO - Setting next_dagrun for example_bash_decorator to None, run_after=None
[2025-11-20T22:17:44.842+0500] {processor.py:183} INFO - Processing /mnt/c/Users/Raj/OneDrive - Åbo Akademi O365/banking/venv/lib/python3.12/site-packages/airflow/example_dags/example_bash_decorator.py took 0.243 seconds
[2025-11-20T22:19:10.190+0500] {processor.py:161} INFO - Started process (PID=1948) to work on /mnt/c/Users/Raj/OneDrive - Åbo Akademi O365/banking/venv/lib/python3.12/site-packages/airflow/example_dags/example_bash_decorator.py
[2025-11-20T22:19:10.193+0500] {processor.py:830} INFO - Processing file /mnt/c/Users/Raj/OneDrive - Åbo Akademi O365/banking/venv/lib/python3.12/site-packages/airflow/example_dags/example_bash_decorator.py for tasks to queue
[2025-11-20T22:19:10.197+0500] {logging_mixin.py:188} INFO - [2025-11-20T22:19:10.195+0500] {dagbag.py:545} INFO - Filling up the DagBag from /mnt/c/Users/Raj/OneDrive - Åbo Akademi O365/banking/venv/lib/python3.12/site-packages/airflow/example_dags/example_bash_decorator.py
[2025-11-20T22:19:10.257+0500] {processor.py:840} INFO - DAG(s) 'example_bash_decorator' retrieved from /mnt/c/Users/Raj/OneDrive - Åbo Akademi O365/banking/venv/lib/python3.12/site-packages/airflow/example_dags/example_bash_decorator.py
[2025-11-20T22:19:10.305+0500] {logging_mixin.py:188} INFO - [2025-11-20T22:19:10.303+0500] {dag.py:3096} INFO - Sync 1 DAGs
[2025-11-20T22:19:10.326+0500] {logging_mixin.py:188} INFO - [2025-11-20T22:19:10.325+0500] {dag.py:3954} INFO - Setting next_dagrun for example_bash_decorator to None, run_after=None
[2025-11-20T22:19:10.417+0500] {processor.py:183} INFO - Processing /mnt/c/Users/Raj/OneDrive - Åbo Akademi O365/banking/venv/lib/python3.12/site-packages/airflow/example_dags/example_bash_decorator.py took 0.246 seconds
[2025-11-20T22:20:39.404+0500] {processor.py:161} INFO - Started process (PID=2018) to work on /mnt/c/Users/Raj/OneDrive - Åbo Akademi O365/banking/venv/lib/python3.12/site-packages/airflow/example_dags/example_bash_decorator.py
[2025-11-20T22:20:39.407+0500] {processor.py:830} INFO - Processing file /mnt/c/Users/Raj/OneDrive - Åbo Akademi O365/banking/venv/lib/python3.12/site-packages/airflow/example_dags/example_bash_decorator.py for tasks to queue
[2025-11-20T22:20:39.411+0500] {logging_mixin.py:188} INFO - [2025-11-20T22:20:39.409+0500] {dagbag.py:545} INFO - Filling up the DagBag from /mnt/c/Users/Raj/OneDrive - Åbo Akademi O365/banking/venv/lib/python3.12/site-packages/airflow/example_dags/example_bash_decorator.py
[2025-11-20T22:20:39.467+0500] {processor.py:840} INFO - DAG(s) 'example_bash_decorator' retrieved from /mnt/c/Users/Raj/OneDrive - Åbo Akademi O365/banking/venv/lib/python3.12/site-packages/airflow/example_dags/example_bash_decorator.py
[2025-11-20T22:20:39.527+0500] {logging_mixin.py:188} INFO - [2025-11-20T22:20:39.526+0500] {dag.py:3096} INFO - Sync 1 DAGs
[2025-11-20T22:20:39.551+0500] {logging_mixin.py:188} INFO - [2025-11-20T22:20:39.549+0500] {dag.py:3954} INFO - Setting next_dagrun for example_bash_decorator to None, run_after=None
[2025-11-20T22:20:39.653+0500] {processor.py:183} INFO - Processing /mnt/c/Users/Raj/OneDrive - Åbo Akademi O365/banking/venv/lib/python3.12/site-packages/airflow/example_dags/example_bash_decorator.py took 0.266 seconds
[2025-11-20T22:22:03.526+0500] {processor.py:161} INFO - Started process (PID=2083) to work on /mnt/c/Users/Raj/OneDrive - Åbo Akademi O365/banking/venv/lib/python3.12/site-packages/airflow/example_dags/example_bash_decorator.py
[2025-11-20T22:22:03.528+0500] {processor.py:830} INFO - Processing file /mnt/c/Users/Raj/OneDrive - Åbo Akademi O365/banking/venv/lib/python3.12/site-packages/airflow/example_dags/example_bash_decorator.py for tasks to queue
[2025-11-20T22:22:03.531+0500] {logging_mixin.py:188} INFO - [2025-11-20T22:22:03.530+0500] {dagbag.py:545} INFO - Filling up the DagBag from /mnt/c/Users/Raj/OneDrive - Åbo Akademi O365/banking/venv/lib/python3.12/site-packages/airflow/example_dags/example_bash_decorator.py
[2025-11-20T22:22:03.584+0500] {processor.py:840} INFO - DAG(s) 'example_bash_decorator' retrieved from /mnt/c/Users/Raj/OneDrive - Åbo Akademi O365/banking/venv/lib/python3.12/site-packages/airflow/example_dags/example_bash_decorator.py
[2025-11-20T22:22:03.637+0500] {logging_mixin.py:188} INFO - [2025-11-20T22:22:03.636+0500] {dag.py:3096} INFO - Sync 1 DAGs
[2025-11-20T22:22:03.664+0500] {logging_mixin.py:188} INFO - [2025-11-20T22:22:03.662+0500] {dag.py:3954} INFO - Setting next_dagrun for example_bash_decorator to None, run_after=None
[2025-11-20T22:22:03.762+0500] {processor.py:183} INFO - Processing /mnt/c/Users/Raj/OneDrive - Åbo Akademi O365/banking/venv/lib/python3.12/site-packages/airflow/example_dags/example_bash_decorator.py took 0.249 seconds
[2025-11-20T22:23:17.972+0500] {processor.py:161} INFO - Started process (PID=2141) to work on /mnt/c/Users/Raj/OneDrive - Åbo Akademi O365/banking/venv/lib/python3.12/site-packages/airflow/example_dags/example_bash_decorator.py
[2025-11-20T22:23:17.975+0500] {processor.py:830} INFO - Processing file /mnt/c/Users/Raj/OneDrive - Åbo Akademi O365/banking/venv/lib/python3.12/site-packages/airflow/example_dags/example_bash_decorator.py for tasks to queue
[2025-11-20T22:23:17.979+0500] {logging_mixin.py:188} INFO - [2025-11-20T22:23:17.977+0500] {dagbag.py:545} INFO - Filling up the DagBag from /mnt/c/Users/Raj/OneDrive - Åbo Akademi O365/banking/venv/lib/python3.12/site-packages/airflow/example_dags/example_bash_decorator.py
[2025-11-20T22:23:18.028+0500] {processor.py:840} INFO - DAG(s) 'example_bash_decorator' retrieved from /mnt/c/Users/Raj/OneDrive - Åbo Akademi O365/banking/venv/lib/python3.12/site-packages/airflow/example_dags/example_bash_decorator.py
[2025-11-20T22:23:18.069+0500] {logging_mixin.py:188} INFO - [2025-11-20T22:23:18.068+0500] {dag.py:3096} INFO - Sync 1 DAGs
[2025-11-20T22:23:18.089+0500] {logging_mixin.py:188} INFO - [2025-11-20T22:23:18.087+0500] {dag.py:3954} INFO - Setting next_dagrun for example_bash_decorator to None, run_after=None
[2025-11-20T22:23:18.181+0500] {processor.py:183} INFO - Processing /mnt/c/Users/Raj/OneDrive - Åbo Akademi O365/banking/venv/lib/python3.12/site-packages/airflow/example_dags/example_bash_decorator.py took 0.227 seconds
[2025-11-20T22:24:38.412+0500] {processor.py:161} INFO - Started process (PID=2219) to work on /mnt/c/Users/Raj/OneDrive - Åbo Akademi O365/banking/venv/lib/python3.12/site-packages/airflow/example_dags/example_bash_decorator.py
[2025-11-20T22:24:38.415+0500] {processor.py:830} INFO - Processing file /mnt/c/Users/Raj/OneDrive - Åbo Akademi O365/banking/venv/lib/python3.12/site-packages/airflow/example_dags/example_bash_decorator.py for tasks to queue
[2025-11-20T22:24:38.419+0500] {logging_mixin.py:188} INFO - [2025-11-20T22:24:38.417+0500] {dagbag.py:545} INFO - Filling up the DagBag from /mnt/c/Users/Raj/OneDrive - Åbo Akademi O365/banking/venv/lib/python3.12/site-packages/airflow/example_dags/example_bash_decorator.py
[2025-11-20T22:24:38.485+0500] {processor.py:840} INFO - DAG(s) 'example_bash_decorator' retrieved from /mnt/c/Users/Raj/OneDrive - Åbo Akademi O365/banking/venv/lib/python3.12/site-packages/airflow/example_dags/example_bash_decorator.py
[2025-11-20T22:24:38.545+0500] {logging_mixin.py:188} INFO - [2025-11-20T22:24:38.541+0500] {dag.py:3096} INFO - Sync 1 DAGs
[2025-11-20T22:24:38.578+0500] {logging_mixin.py:188} INFO - [2025-11-20T22:24:38.576+0500] {dag.py:3954} INFO - Setting next_dagrun for example_bash_decorator to None, run_after=None
[2025-11-20T22:24:38.709+0500] {processor.py:183} INFO - Processing /mnt/c/Users/Raj/OneDrive - Åbo Akademi O365/banking/venv/lib/python3.12/site-packages/airflow/example_dags/example_bash_decorator.py took 0.322 seconds
[2025-11-20T22:26:28.594+0500] {processor.py:161} INFO - Started process (PID=2310) to work on /mnt/c/Users/Raj/OneDrive - Åbo Akademi O365/banking/venv/lib/python3.12/site-packages/airflow/example_dags/example_bash_decorator.py
[2025-11-20T22:26:28.598+0500] {processor.py:830} INFO - Processing file /mnt/c/Users/Raj/OneDrive - Åbo Akademi O365/banking/venv/lib/python3.12/site-packages/airflow/example_dags/example_bash_decorator.py for tasks to queue
[2025-11-20T22:26:28.611+0500] {logging_mixin.py:188} INFO - [2025-11-20T22:26:28.603+0500] {dagbag.py:545} INFO - Filling up the DagBag from /mnt/c/Users/Raj/OneDrive - Åbo Akademi O365/banking/venv/lib/python3.12/site-packages/airflow/example_dags/example_bash_decorator.py
[2025-11-20T22:26:28.712+0500] {processor.py:840} INFO - DAG(s) 'example_bash_decorator' retrieved from /mnt/c/Users/Raj/OneDrive - Åbo Akademi O365/banking/venv/lib/python3.12/site-packages/airflow/example_dags/example_bash_decorator.py
[2025-11-20T22:26:28.814+0500] {logging_mixin.py:188} INFO - [2025-11-20T22:26:28.813+0500] {dag.py:3096} INFO - Sync 1 DAGs
[2025-11-20T22:26:28.878+0500] {logging_mixin.py:188} INFO - [2025-11-20T22:26:28.875+0500] {dag.py:3954} INFO - Setting next_dagrun for example_bash_decorator to None, run_after=None
[2025-11-20T22:26:29.190+0500] {processor.py:183} INFO - Processing /mnt/c/Users/Raj/OneDrive - Åbo Akademi O365/banking/venv/lib/python3.12/site-packages/airflow/example_dags/example_bash_decorator.py took 0.659 seconds
[2025-11-20T22:29:00.339+0500] {processor.py:161} INFO - Started process (PID=2410) to work on /mnt/c/Users/Raj/OneDrive - Åbo Akademi O365/banking/venv/lib/python3.12/site-packages/airflow/example_dags/example_bash_decorator.py
[2025-11-20T22:29:00.343+0500] {processor.py:830} INFO - Processing file /mnt/c/Users/Raj/OneDrive - Åbo Akademi O365/banking/venv/lib/python3.12/site-packages/airflow/example_dags/example_bash_decorator.py for tasks to queue
[2025-11-20T22:29:00.349+0500] {logging_mixin.py:188} INFO - [2025-11-20T22:29:00.346+0500] {dagbag.py:545} INFO - Filling up the DagBag from /mnt/c/Users/Raj/OneDrive - Åbo Akademi O365/banking/venv/lib/python3.12/site-packages/airflow/example_dags/example_bash_decorator.py
[2025-11-20T22:29:00.436+0500] {processor.py:840} INFO - DAG(s) 'example_bash_decorator' retrieved from /mnt/c/Users/Raj/OneDrive - Åbo Akademi O365/banking/venv/lib/python3.12/site-packages/airflow/example_dags/example_bash_decorator.py
[2025-11-20T22:29:00.552+0500] {logging_mixin.py:188} INFO - [2025-11-20T22:29:00.544+0500] {dag.py:3096} INFO - Sync 1 DAGs
[2025-11-20T22:29:00.622+0500] {logging_mixin.py:188} INFO - [2025-11-20T22:29:00.615+0500] {dag.py:3954} INFO - Setting next_dagrun for example_bash_decorator to None, run_after=None
[2025-11-20T22:29:00.886+0500] {processor.py:183} INFO - Processing /mnt/c/Users/Raj/OneDrive - Åbo Akademi O365/banking/venv/lib/python3.12/site-packages/airflow/example_dags/example_bash_decorator.py took 0.586 seconds
[2025-11-20T22:31:44.193+0500] {processor.py:161} INFO - Started process (PID=2497) to work on /mnt/c/Users/Raj/OneDrive - Åbo Akademi O365/banking/venv/lib/python3.12/site-packages/airflow/example_dags/example_bash_decorator.py
[2025-11-20T22:31:44.204+0500] {processor.py:830} INFO - Processing file /mnt/c/Users/Raj/OneDrive - Åbo Akademi O365/banking/venv/lib/python3.12/site-packages/airflow/example_dags/example_bash_decorator.py for tasks to queue
[2025-11-20T22:31:44.211+0500] {logging_mixin.py:188} INFO - [2025-11-20T22:31:44.208+0500] {dagbag.py:545} INFO - Filling up the DagBag from /mnt/c/Users/Raj/OneDrive - Åbo Akademi O365/banking/venv/lib/python3.12/site-packages/airflow/example_dags/example_bash_decorator.py
[2025-11-20T22:31:44.311+0500] {processor.py:840} INFO - DAG(s) 'example_bash_decorator' retrieved from /mnt/c/Users/Raj/OneDrive - Åbo Akademi O365/banking/venv/lib/python3.12/site-packages/airflow/example_dags/example_bash_decorator.py
[2025-11-20T22:31:44.513+0500] {logging_mixin.py:188} INFO - [2025-11-20T22:31:44.410+0500] {dagbag.py:654} ERROR - Failed to write serialized DAG: /mnt/c/Users/Raj/OneDrive - Åbo Akademi O365/banking/venv/lib/python3.12/site-packages/airflow/example_dags/example_bash_decorator.py
Traceback (most recent call last):
  File "/mnt/c/Users/Raj/OneDrive - Åbo Akademi O365/banking/venv/lib/python3.12/site-packages/airflow/models/dagbag.py", line 642, in _serialize_dag_capturing_errors
    -------------------------------------------------------------------
                              ^^^^^^^^^^^^^^^^^^^^^^^^^^^^^^^^^^^^^^^^^
  File "/mnt/c/Users/Raj/OneDrive - Åbo Akademi O365/banking/venv/lib/python3.12/site-packages/airflow/utils/session.py", line 76, in wrapper
    try:
         
  File "/mnt/c/Users/Raj/OneDrive - Åbo Akademi O365/banking/venv/lib/python3.12/site-packages/airflow/models/serialized_dag.py", line 167, in write_dag
    )
      
  File "<string>", line 4, in __init__
  File "/mnt/c/Users/Raj/OneDrive - Åbo Akademi O365/banking/venv/lib/python3.12/site-packages/sqlalchemy/orm/state.py", line 481, in _initialize_instance
    with util.safe_reraise():
  File "/mnt/c/Users/Raj/OneDrive - Åbo Akademi O365/banking/venv/lib/python3.12/site-packages/sqlalchemy/util/langhelpers.py", line 70, in __exit__
    compat.raise_(
  File "/mnt/c/Users/Raj/OneDrive - Åbo Akademi O365/banking/venv/lib/python3.12/site-packages/sqlalchemy/util/compat.py", line 211, in raise_
    raise exception
  File "/mnt/c/Users/Raj/OneDrive - Åbo Akademi O365/banking/venv/lib/python3.12/site-packages/sqlalchemy/orm/state.py", line 479, in _initialize_instance
    return manager.original_init(*mixed[1:], **kwargs)
           ^^^^^^^^^^^^^^^^^^^^^^^^^^^^^^^^^^^^^^^^^^^
  File "/mnt/c/Users/Raj/OneDrive - Åbo Akademi O365/banking/venv/lib/python3.12/site-packages/airflow/models/serialized_dag.py", line 114, in __init__
    dependency_id=dep_id,
  File "/mnt/c/Users/Raj/OneDrive - Åbo Akademi O365/banking/venv/lib/python3.12/site-packages/airflow/serialization/serialized_objects.py", line 1543, in to_dict
    @classmethod
        ^^^^^^^^^
  File "/mnt/c/Users/Raj/OneDrive - Åbo Akademi O365/banking/venv/lib/python3.12/site-packages/airflow/serialization/serialized_objects.py", line 433, in validate_schema
    can be completely controlled by a custom subclass.
            ^^^^^^^^^^^^^^^^^^^^^^^^^^^^^^^^^^^^^^^^^
  File "/mnt/c/Users/Raj/OneDrive - Åbo Akademi O365/banking/venv/lib/python3.12/site-packages/jsonschema/validators.py", line 451, in validate
    raise error
jsonschema.exceptions.ValidationError: {} is not of type 'array'

Failed validating 'type' in schema['allOf'][0]['properties']['dag']['properties']['params']:
    {'prefixItems': [{'type': 'string'}, {'$ref': '#/definitions/param'}],
     'type': 'array',
     'unevaluatedItems': False}

On instance['dag']['params']:
    {}
[2025-11-20T22:31:44.526+0500] {logging_mixin.py:188} INFO - [2025-11-20T22:31:44.522+0500] {dag.py:3096} INFO - Sync 1 DAGs
[2025-11-20T22:31:44.595+0500] {logging_mixin.py:188} INFO - [2025-11-20T22:31:44.592+0500] {dag.py:3954} INFO - Setting next_dagrun for example_bash_decorator to None, run_after=None
[2025-11-20T22:31:44.995+0500] {processor.py:183} INFO - Processing /mnt/c/Users/Raj/OneDrive - Åbo Akademi O365/banking/venv/lib/python3.12/site-packages/airflow/example_dags/example_bash_decorator.py took 0.858 seconds
