[2025-11-20T20:35:35.701+0500] {processor.py:161} INFO - Started process (PID=11951) to work on /mnt/c/Users/Raj/OneDrive - Åbo Akademi O365/banking/venv/lib/python3.12/site-packages/airflow/example_dags/example_short_circuit_decorator.py
[2025-11-20T20:35:35.704+0500] {processor.py:830} INFO - Processing file /mnt/c/Users/Raj/OneDrive - Åbo Akademi O365/banking/venv/lib/python3.12/site-packages/airflow/example_dags/example_short_circuit_decorator.py for tasks to queue
[2025-11-20T20:35:35.710+0500] {logging_mixin.py:188} INFO - [2025-11-20T20:35:35.708+0500] {dagbag.py:545} INFO - Filling up the DagBag from /mnt/c/Users/Raj/OneDrive - Åbo Akademi O365/banking/venv/lib/python3.12/site-packages/airflow/example_dags/example_short_circuit_decorator.py
[2025-11-20T20:35:35.748+0500] {processor.py:840} INFO - DAG(s) 'example_short_circuit_decorator' retrieved from /mnt/c/Users/Raj/OneDrive - Åbo Akademi O365/banking/venv/lib/python3.12/site-packages/airflow/example_dags/example_short_circuit_decorator.py
[2025-11-20T20:35:37.691+0500] {logging_mixin.py:188} INFO - [2025-11-20T20:35:37.688+0500] {override.py:1829} INFO - Created Permission View: can delete on DAG:example_short_circuit_decorator
[2025-11-20T20:35:37.736+0500] {logging_mixin.py:188} INFO - [2025-11-20T20:35:37.734+0500] {override.py:1829} INFO - Created Permission View: can read on DAG:example_short_circuit_decorator
[2025-11-20T20:35:37.783+0500] {logging_mixin.py:188} INFO - [2025-11-20T20:35:37.780+0500] {override.py:1829} INFO - Created Permission View: can edit on DAG:example_short_circuit_decorator
[2025-11-20T20:35:37.786+0500] {logging_mixin.py:188} INFO - [2025-11-20T20:35:37.785+0500] {dag.py:3096} INFO - Sync 1 DAGs
[2025-11-20T20:35:37.813+0500] {logging_mixin.py:188} INFO - [2025-11-20T20:35:37.811+0500] {dag.py:3118} INFO - Creating ORM DAG for example_short_circuit_decorator
[2025-11-20T20:35:37.838+0500] {logging_mixin.py:188} INFO - [2025-11-20T20:35:37.837+0500] {dag.py:3954} INFO - Setting next_dagrun for example_short_circuit_decorator to 2025-11-19 00:00:00+00:00, run_after=2025-11-20 00:00:00+00:00
[2025-11-20T20:35:37.951+0500] {processor.py:183} INFO - Processing /mnt/c/Users/Raj/OneDrive - Åbo Akademi O365/banking/venv/lib/python3.12/site-packages/airflow/example_dags/example_short_circuit_decorator.py took 2.268 seconds
[2025-11-20T20:37:43.720+0500] {processor.py:161} INFO - Started process (PID=12427) to work on /mnt/c/Users/Raj/OneDrive - Åbo Akademi O365/banking/venv/lib/python3.12/site-packages/airflow/example_dags/example_short_circuit_decorator.py
[2025-11-20T20:37:43.723+0500] {processor.py:830} INFO - Processing file /mnt/c/Users/Raj/OneDrive - Åbo Akademi O365/banking/venv/lib/python3.12/site-packages/airflow/example_dags/example_short_circuit_decorator.py for tasks to queue
[2025-11-20T20:37:43.729+0500] {logging_mixin.py:188} INFO - [2025-11-20T20:37:43.727+0500] {dagbag.py:545} INFO - Filling up the DagBag from /mnt/c/Users/Raj/OneDrive - Åbo Akademi O365/banking/venv/lib/python3.12/site-packages/airflow/example_dags/example_short_circuit_decorator.py
[2025-11-20T20:37:43.776+0500] {processor.py:840} INFO - DAG(s) 'example_short_circuit_decorator' retrieved from /mnt/c/Users/Raj/OneDrive - Åbo Akademi O365/banking/venv/lib/python3.12/site-packages/airflow/example_dags/example_short_circuit_decorator.py
[2025-11-20T20:37:43.827+0500] {logging_mixin.py:188} INFO - [2025-11-20T20:37:43.825+0500] {dag.py:3096} INFO - Sync 1 DAGs
[2025-11-20T20:37:43.883+0500] {logging_mixin.py:188} INFO - [2025-11-20T20:37:43.882+0500] {dag.py:3954} INFO - Setting next_dagrun for example_short_circuit_decorator to 2025-11-19 00:00:00+00:00, run_after=2025-11-20 00:00:00+00:00
[2025-11-20T20:37:43.992+0500] {processor.py:183} INFO - Processing /mnt/c/Users/Raj/OneDrive - Åbo Akademi O365/banking/venv/lib/python3.12/site-packages/airflow/example_dags/example_short_circuit_decorator.py took 0.294 seconds
[2025-11-20T20:39:06.001+0500] {processor.py:161} INFO - Started process (PID=12701) to work on /mnt/c/Users/Raj/OneDrive - Åbo Akademi O365/banking/venv/lib/python3.12/site-packages/airflow/example_dags/example_short_circuit_decorator.py
[2025-11-20T20:39:06.004+0500] {processor.py:830} INFO - Processing file /mnt/c/Users/Raj/OneDrive - Åbo Akademi O365/banking/venv/lib/python3.12/site-packages/airflow/example_dags/example_short_circuit_decorator.py for tasks to queue
[2025-11-20T20:39:06.010+0500] {logging_mixin.py:188} INFO - [2025-11-20T20:39:06.008+0500] {dagbag.py:545} INFO - Filling up the DagBag from /mnt/c/Users/Raj/OneDrive - Åbo Akademi O365/banking/venv/lib/python3.12/site-packages/airflow/example_dags/example_short_circuit_decorator.py
[2025-11-20T20:39:06.047+0500] {processor.py:840} INFO - DAG(s) 'example_short_circuit_decorator' retrieved from /mnt/c/Users/Raj/OneDrive - Åbo Akademi O365/banking/venv/lib/python3.12/site-packages/airflow/example_dags/example_short_circuit_decorator.py
[2025-11-20T20:39:06.100+0500] {logging_mixin.py:188} INFO - [2025-11-20T20:39:06.098+0500] {dag.py:3096} INFO - Sync 1 DAGs
[2025-11-20T20:39:06.154+0500] {logging_mixin.py:188} INFO - [2025-11-20T20:39:06.152+0500] {dag.py:3954} INFO - Setting next_dagrun for example_short_circuit_decorator to 2025-11-19 00:00:00+00:00, run_after=2025-11-20 00:00:00+00:00
[2025-11-20T20:39:06.244+0500] {processor.py:183} INFO - Processing /mnt/c/Users/Raj/OneDrive - Åbo Akademi O365/banking/venv/lib/python3.12/site-packages/airflow/example_dags/example_short_circuit_decorator.py took 0.264 seconds
[2025-11-20T20:40:22.970+0500] {processor.py:161} INFO - Started process (PID=12984) to work on /mnt/c/Users/Raj/OneDrive - Åbo Akademi O365/banking/venv/lib/python3.12/site-packages/airflow/example_dags/example_short_circuit_decorator.py
[2025-11-20T20:40:22.973+0500] {processor.py:830} INFO - Processing file /mnt/c/Users/Raj/OneDrive - Åbo Akademi O365/banking/venv/lib/python3.12/site-packages/airflow/example_dags/example_short_circuit_decorator.py for tasks to queue
[2025-11-20T20:40:22.979+0500] {logging_mixin.py:188} INFO - [2025-11-20T20:40:22.977+0500] {dagbag.py:545} INFO - Filling up the DagBag from /mnt/c/Users/Raj/OneDrive - Åbo Akademi O365/banking/venv/lib/python3.12/site-packages/airflow/example_dags/example_short_circuit_decorator.py
[2025-11-20T20:40:23.016+0500] {processor.py:840} INFO - DAG(s) 'example_short_circuit_decorator' retrieved from /mnt/c/Users/Raj/OneDrive - Åbo Akademi O365/banking/venv/lib/python3.12/site-packages/airflow/example_dags/example_short_circuit_decorator.py
[2025-11-20T20:40:23.064+0500] {logging_mixin.py:188} INFO - [2025-11-20T20:40:23.062+0500] {dag.py:3096} INFO - Sync 1 DAGs
[2025-11-20T20:40:23.121+0500] {logging_mixin.py:188} INFO - [2025-11-20T20:40:23.120+0500] {dag.py:3954} INFO - Setting next_dagrun for example_short_circuit_decorator to 2025-11-19 00:00:00+00:00, run_after=2025-11-20 00:00:00+00:00
[2025-11-20T20:40:23.238+0500] {processor.py:183} INFO - Processing /mnt/c/Users/Raj/OneDrive - Åbo Akademi O365/banking/venv/lib/python3.12/site-packages/airflow/example_dags/example_short_circuit_decorator.py took 0.290 seconds
[2025-11-20T20:41:41.467+0500] {processor.py:161} INFO - Started process (PID=13249) to work on /mnt/c/Users/Raj/OneDrive - Åbo Akademi O365/banking/venv/lib/python3.12/site-packages/airflow/example_dags/example_short_circuit_decorator.py
[2025-11-20T20:41:41.470+0500] {processor.py:830} INFO - Processing file /mnt/c/Users/Raj/OneDrive - Åbo Akademi O365/banking/venv/lib/python3.12/site-packages/airflow/example_dags/example_short_circuit_decorator.py for tasks to queue
[2025-11-20T20:41:41.476+0500] {logging_mixin.py:188} INFO - [2025-11-20T20:41:41.474+0500] {dagbag.py:545} INFO - Filling up the DagBag from /mnt/c/Users/Raj/OneDrive - Åbo Akademi O365/banking/venv/lib/python3.12/site-packages/airflow/example_dags/example_short_circuit_decorator.py
[2025-11-20T20:41:41.512+0500] {processor.py:840} INFO - DAG(s) 'example_short_circuit_decorator' retrieved from /mnt/c/Users/Raj/OneDrive - Åbo Akademi O365/banking/venv/lib/python3.12/site-packages/airflow/example_dags/example_short_circuit_decorator.py
[2025-11-20T20:41:41.557+0500] {logging_mixin.py:188} INFO - [2025-11-20T20:41:41.556+0500] {dag.py:3096} INFO - Sync 1 DAGs
[2025-11-20T20:41:41.600+0500] {logging_mixin.py:188} INFO - [2025-11-20T20:41:41.599+0500] {dag.py:3954} INFO - Setting next_dagrun for example_short_circuit_decorator to 2025-11-19 00:00:00+00:00, run_after=2025-11-20 00:00:00+00:00
[2025-11-20T20:41:41.693+0500] {processor.py:183} INFO - Processing /mnt/c/Users/Raj/OneDrive - Åbo Akademi O365/banking/venv/lib/python3.12/site-packages/airflow/example_dags/example_short_circuit_decorator.py took 0.245 seconds
[2025-11-20T20:42:58.000+0500] {processor.py:161} INFO - Started process (PID=13507) to work on /mnt/c/Users/Raj/OneDrive - Åbo Akademi O365/banking/venv/lib/python3.12/site-packages/airflow/example_dags/example_short_circuit_decorator.py
[2025-11-20T20:42:58.003+0500] {processor.py:830} INFO - Processing file /mnt/c/Users/Raj/OneDrive - Åbo Akademi O365/banking/venv/lib/python3.12/site-packages/airflow/example_dags/example_short_circuit_decorator.py for tasks to queue
[2025-11-20T20:42:58.009+0500] {logging_mixin.py:188} INFO - [2025-11-20T20:42:58.007+0500] {dagbag.py:545} INFO - Filling up the DagBag from /mnt/c/Users/Raj/OneDrive - Åbo Akademi O365/banking/venv/lib/python3.12/site-packages/airflow/example_dags/example_short_circuit_decorator.py
[2025-11-20T20:42:58.049+0500] {processor.py:840} INFO - DAG(s) 'example_short_circuit_decorator' retrieved from /mnt/c/Users/Raj/OneDrive - Åbo Akademi O365/banking/venv/lib/python3.12/site-packages/airflow/example_dags/example_short_circuit_decorator.py
[2025-11-20T20:42:58.110+0500] {logging_mixin.py:188} INFO - [2025-11-20T20:42:58.107+0500] {dag.py:3096} INFO - Sync 1 DAGs
[2025-11-20T20:42:58.159+0500] {logging_mixin.py:188} INFO - [2025-11-20T20:42:58.157+0500] {dag.py:3954} INFO - Setting next_dagrun for example_short_circuit_decorator to 2025-11-19 00:00:00+00:00, run_after=2025-11-20 00:00:00+00:00
[2025-11-20T20:42:58.255+0500] {processor.py:183} INFO - Processing /mnt/c/Users/Raj/OneDrive - Åbo Akademi O365/banking/venv/lib/python3.12/site-packages/airflow/example_dags/example_short_circuit_decorator.py took 0.276 seconds
[2025-11-20T20:43:59.296+0500] {processor.py:161} INFO - Started process (PID=13705) to work on /mnt/c/Users/Raj/OneDrive - Åbo Akademi O365/banking/venv/lib/python3.12/site-packages/airflow/example_dags/example_short_circuit_decorator.py
[2025-11-20T20:43:59.299+0500] {processor.py:830} INFO - Processing file /mnt/c/Users/Raj/OneDrive - Åbo Akademi O365/banking/venv/lib/python3.12/site-packages/airflow/example_dags/example_short_circuit_decorator.py for tasks to queue
[2025-11-20T20:43:59.310+0500] {logging_mixin.py:188} INFO - [2025-11-20T20:43:59.307+0500] {dagbag.py:545} INFO - Filling up the DagBag from /mnt/c/Users/Raj/OneDrive - Åbo Akademi O365/banking/venv/lib/python3.12/site-packages/airflow/example_dags/example_short_circuit_decorator.py
[2025-11-20T20:43:59.363+0500] {processor.py:840} INFO - DAG(s) 'example_short_circuit_decorator' retrieved from /mnt/c/Users/Raj/OneDrive - Åbo Akademi O365/banking/venv/lib/python3.12/site-packages/airflow/example_dags/example_short_circuit_decorator.py
[2025-11-20T20:43:59.410+0500] {logging_mixin.py:188} INFO - [2025-11-20T20:43:59.409+0500] {dag.py:3096} INFO - Sync 1 DAGs
[2025-11-20T20:43:58.233+0500] {logging_mixin.py:188} INFO - [2025-11-20T20:43:58.232+0500] {dag.py:3954} INFO - Setting next_dagrun for example_short_circuit_decorator to 2025-11-19 00:00:00+00:00, run_after=2025-11-20 00:00:00+00:00
[2025-11-20T20:43:58.348+0500] {processor.py:183} INFO - Processing /mnt/c/Users/Raj/OneDrive - Åbo Akademi O365/banking/venv/lib/python3.12/site-packages/airflow/example_dags/example_short_circuit_decorator.py took 0.320 seconds
[2025-11-20T20:45:22.417+0500] {processor.py:161} INFO - Started process (PID=14017) to work on /mnt/c/Users/Raj/OneDrive - Åbo Akademi O365/banking/venv/lib/python3.12/site-packages/airflow/example_dags/example_short_circuit_decorator.py
[2025-11-20T20:45:22.420+0500] {processor.py:830} INFO - Processing file /mnt/c/Users/Raj/OneDrive - Åbo Akademi O365/banking/venv/lib/python3.12/site-packages/airflow/example_dags/example_short_circuit_decorator.py for tasks to queue
[2025-11-20T20:45:22.424+0500] {logging_mixin.py:188} INFO - [2025-11-20T20:45:22.423+0500] {dagbag.py:545} INFO - Filling up the DagBag from /mnt/c/Users/Raj/OneDrive - Åbo Akademi O365/banking/venv/lib/python3.12/site-packages/airflow/example_dags/example_short_circuit_decorator.py
[2025-11-20T20:45:22.452+0500] {processor.py:840} INFO - DAG(s) 'example_short_circuit_decorator' retrieved from /mnt/c/Users/Raj/OneDrive - Åbo Akademi O365/banking/venv/lib/python3.12/site-packages/airflow/example_dags/example_short_circuit_decorator.py
[2025-11-20T20:45:22.497+0500] {logging_mixin.py:188} INFO - [2025-11-20T20:45:22.496+0500] {dag.py:3096} INFO - Sync 1 DAGs
[2025-11-20T20:45:22.542+0500] {logging_mixin.py:188} INFO - [2025-11-20T20:45:22.541+0500] {dag.py:3954} INFO - Setting next_dagrun for example_short_circuit_decorator to 2025-11-19 00:00:00+00:00, run_after=2025-11-20 00:00:00+00:00
[2025-11-20T20:45:22.628+0500] {processor.py:183} INFO - Processing /mnt/c/Users/Raj/OneDrive - Åbo Akademi O365/banking/venv/lib/python3.12/site-packages/airflow/example_dags/example_short_circuit_decorator.py took 0.227 seconds
[2025-11-20T20:46:34.007+0500] {processor.py:161} INFO - Started process (PID=14337) to work on /mnt/c/Users/Raj/OneDrive - Åbo Akademi O365/banking/venv/lib/python3.12/site-packages/airflow/example_dags/example_short_circuit_decorator.py
[2025-11-20T20:46:34.010+0500] {processor.py:830} INFO - Processing file /mnt/c/Users/Raj/OneDrive - Åbo Akademi O365/banking/venv/lib/python3.12/site-packages/airflow/example_dags/example_short_circuit_decorator.py for tasks to queue
[2025-11-20T20:46:34.016+0500] {logging_mixin.py:188} INFO - [2025-11-20T20:46:34.014+0500] {dagbag.py:545} INFO - Filling up the DagBag from /mnt/c/Users/Raj/OneDrive - Åbo Akademi O365/banking/venv/lib/python3.12/site-packages/airflow/example_dags/example_short_circuit_decorator.py
[2025-11-20T20:46:34.065+0500] {processor.py:840} INFO - DAG(s) 'example_short_circuit_decorator' retrieved from /mnt/c/Users/Raj/OneDrive - Åbo Akademi O365/banking/venv/lib/python3.12/site-packages/airflow/example_dags/example_short_circuit_decorator.py
[2025-11-20T20:46:34.152+0500] {logging_mixin.py:188} INFO - [2025-11-20T20:46:34.150+0500] {dag.py:3096} INFO - Sync 1 DAGs
[2025-11-20T20:46:34.205+0500] {logging_mixin.py:188} INFO - [2025-11-20T20:46:34.203+0500] {dag.py:3954} INFO - Setting next_dagrun for example_short_circuit_decorator to 2025-11-19 00:00:00+00:00, run_after=2025-11-20 00:00:00+00:00
[2025-11-20T20:46:34.303+0500] {processor.py:183} INFO - Processing /mnt/c/Users/Raj/OneDrive - Åbo Akademi O365/banking/venv/lib/python3.12/site-packages/airflow/example_dags/example_short_circuit_decorator.py took 0.316 seconds
[2025-11-20T20:47:54.679+0500] {processor.py:161} INFO - Started process (PID=14698) to work on /mnt/c/Users/Raj/OneDrive - Åbo Akademi O365/banking/venv/lib/python3.12/site-packages/airflow/example_dags/example_short_circuit_decorator.py
[2025-11-20T20:47:54.682+0500] {processor.py:830} INFO - Processing file /mnt/c/Users/Raj/OneDrive - Åbo Akademi O365/banking/venv/lib/python3.12/site-packages/airflow/example_dags/example_short_circuit_decorator.py for tasks to queue
[2025-11-20T20:47:54.687+0500] {logging_mixin.py:188} INFO - [2025-11-20T20:47:54.685+0500] {dagbag.py:545} INFO - Filling up the DagBag from /mnt/c/Users/Raj/OneDrive - Åbo Akademi O365/banking/venv/lib/python3.12/site-packages/airflow/example_dags/example_short_circuit_decorator.py
[2025-11-20T20:47:54.729+0500] {processor.py:840} INFO - DAG(s) 'example_short_circuit_decorator' retrieved from /mnt/c/Users/Raj/OneDrive - Åbo Akademi O365/banking/venv/lib/python3.12/site-packages/airflow/example_dags/example_short_circuit_decorator.py
[2025-11-20T20:47:54.785+0500] {logging_mixin.py:188} INFO - [2025-11-20T20:47:54.784+0500] {dag.py:3096} INFO - Sync 1 DAGs
[2025-11-20T20:47:54.823+0500] {logging_mixin.py:188} INFO - [2025-11-20T20:47:54.822+0500] {dag.py:3954} INFO - Setting next_dagrun for example_short_circuit_decorator to 2025-11-19 00:00:00+00:00, run_after=2025-11-20 00:00:00+00:00
[2025-11-20T20:47:54.926+0500] {processor.py:183} INFO - Processing /mnt/c/Users/Raj/OneDrive - Åbo Akademi O365/banking/venv/lib/python3.12/site-packages/airflow/example_dags/example_short_circuit_decorator.py took 0.270 seconds
[2025-11-20T20:49:10.333+0500] {processor.py:161} INFO - Started process (PID=15166) to work on /mnt/c/Users/Raj/OneDrive - Åbo Akademi O365/banking/venv/lib/python3.12/site-packages/airflow/example_dags/example_short_circuit_decorator.py
[2025-11-20T20:49:10.336+0500] {processor.py:830} INFO - Processing file /mnt/c/Users/Raj/OneDrive - Åbo Akademi O365/banking/venv/lib/python3.12/site-packages/airflow/example_dags/example_short_circuit_decorator.py for tasks to queue
[2025-11-20T20:49:10.350+0500] {logging_mixin.py:188} INFO - [2025-11-20T20:49:10.344+0500] {dagbag.py:545} INFO - Filling up the DagBag from /mnt/c/Users/Raj/OneDrive - Åbo Akademi O365/banking/venv/lib/python3.12/site-packages/airflow/example_dags/example_short_circuit_decorator.py
[2025-11-20T20:49:10.413+0500] {processor.py:840} INFO - DAG(s) 'example_short_circuit_decorator' retrieved from /mnt/c/Users/Raj/OneDrive - Åbo Akademi O365/banking/venv/lib/python3.12/site-packages/airflow/example_dags/example_short_circuit_decorator.py
[2025-11-20T20:49:10.466+0500] {logging_mixin.py:188} INFO - [2025-11-20T20:49:10.465+0500] {dag.py:3096} INFO - Sync 1 DAGs
[2025-11-20T20:49:10.515+0500] {logging_mixin.py:188} INFO - [2025-11-20T20:49:10.514+0500] {dag.py:3954} INFO - Setting next_dagrun for example_short_circuit_decorator to 2025-11-19 00:00:00+00:00, run_after=2025-11-20 00:00:00+00:00
[2025-11-20T20:49:10.618+0500] {processor.py:183} INFO - Processing /mnt/c/Users/Raj/OneDrive - Åbo Akademi O365/banking/venv/lib/python3.12/site-packages/airflow/example_dags/example_short_circuit_decorator.py took 0.321 seconds
[2025-11-20T21:55:57.632+0500] {processor.py:161} INFO - Started process (PID=878) to work on /mnt/c/Users/Raj/OneDrive - Åbo Akademi O365/banking/venv/lib/python3.12/site-packages/airflow/example_dags/example_short_circuit_decorator.py
[2025-11-20T21:55:57.636+0500] {processor.py:830} INFO - Processing file /mnt/c/Users/Raj/OneDrive - Åbo Akademi O365/banking/venv/lib/python3.12/site-packages/airflow/example_dags/example_short_circuit_decorator.py for tasks to queue
[2025-11-20T21:55:57.642+0500] {logging_mixin.py:188} INFO - [2025-11-20T21:55:57.640+0500] {dagbag.py:545} INFO - Filling up the DagBag from /mnt/c/Users/Raj/OneDrive - Åbo Akademi O365/banking/venv/lib/python3.12/site-packages/airflow/example_dags/example_short_circuit_decorator.py
[2025-11-20T21:55:57.683+0500] {processor.py:840} INFO - DAG(s) 'example_short_circuit_decorator' retrieved from /mnt/c/Users/Raj/OneDrive - Åbo Akademi O365/banking/venv/lib/python3.12/site-packages/airflow/example_dags/example_short_circuit_decorator.py
[2025-11-20T21:55:59.300+0500] {logging_mixin.py:188} INFO - [2025-11-20T21:55:59.298+0500] {dag.py:3096} INFO - Sync 1 DAGs
[2025-11-20T21:55:59.340+0500] {logging_mixin.py:188} INFO - [2025-11-20T21:55:59.339+0500] {dag.py:3954} INFO - Setting next_dagrun for example_short_circuit_decorator to 2025-11-19 00:00:00+00:00, run_after=2025-11-20 00:00:00+00:00
[2025-11-20T21:55:59.440+0500] {processor.py:183} INFO - Processing /mnt/c/Users/Raj/OneDrive - Åbo Akademi O365/banking/venv/lib/python3.12/site-packages/airflow/example_dags/example_short_circuit_decorator.py took 1.829 seconds
[2025-11-20T21:57:55.222+0500] {processor.py:161} INFO - Started process (PID=959) to work on /mnt/c/Users/Raj/OneDrive - Åbo Akademi O365/banking/venv/lib/python3.12/site-packages/airflow/example_dags/example_short_circuit_decorator.py
[2025-11-20T21:57:55.226+0500] {processor.py:830} INFO - Processing file /mnt/c/Users/Raj/OneDrive - Åbo Akademi O365/banking/venv/lib/python3.12/site-packages/airflow/example_dags/example_short_circuit_decorator.py for tasks to queue
[2025-11-20T21:57:55.232+0500] {logging_mixin.py:188} INFO - [2025-11-20T21:57:55.230+0500] {dagbag.py:545} INFO - Filling up the DagBag from /mnt/c/Users/Raj/OneDrive - Åbo Akademi O365/banking/venv/lib/python3.12/site-packages/airflow/example_dags/example_short_circuit_decorator.py
[2025-11-20T21:57:55.281+0500] {processor.py:840} INFO - DAG(s) 'example_short_circuit_decorator' retrieved from /mnt/c/Users/Raj/OneDrive - Åbo Akademi O365/banking/venv/lib/python3.12/site-packages/airflow/example_dags/example_short_circuit_decorator.py
[2025-11-20T21:57:55.327+0500] {logging_mixin.py:188} INFO - [2025-11-20T21:57:55.326+0500] {dag.py:3096} INFO - Sync 1 DAGs
[2025-11-20T21:57:55.404+0500] {logging_mixin.py:188} INFO - [2025-11-20T21:57:55.402+0500] {dag.py:3954} INFO - Setting next_dagrun for example_short_circuit_decorator to 2025-11-19 00:00:00+00:00, run_after=2025-11-20 00:00:00+00:00
[2025-11-20T21:57:55.542+0500] {processor.py:183} INFO - Processing /mnt/c/Users/Raj/OneDrive - Åbo Akademi O365/banking/venv/lib/python3.12/site-packages/airflow/example_dags/example_short_circuit_decorator.py took 0.339 seconds
[2025-11-20T21:59:18.746+0500] {processor.py:161} INFO - Started process (PID=1059) to work on /mnt/c/Users/Raj/OneDrive - Åbo Akademi O365/banking/venv/lib/python3.12/site-packages/airflow/example_dags/example_short_circuit_decorator.py
[2025-11-20T21:59:18.750+0500] {processor.py:830} INFO - Processing file /mnt/c/Users/Raj/OneDrive - Åbo Akademi O365/banking/venv/lib/python3.12/site-packages/airflow/example_dags/example_short_circuit_decorator.py for tasks to queue
[2025-11-20T21:59:18.756+0500] {logging_mixin.py:188} INFO - [2025-11-20T21:59:18.754+0500] {dagbag.py:545} INFO - Filling up the DagBag from /mnt/c/Users/Raj/OneDrive - Åbo Akademi O365/banking/venv/lib/python3.12/site-packages/airflow/example_dags/example_short_circuit_decorator.py
[2025-11-20T21:59:18.799+0500] {processor.py:840} INFO - DAG(s) 'example_short_circuit_decorator' retrieved from /mnt/c/Users/Raj/OneDrive - Åbo Akademi O365/banking/venv/lib/python3.12/site-packages/airflow/example_dags/example_short_circuit_decorator.py
[2025-11-20T21:59:18.866+0500] {logging_mixin.py:188} INFO - [2025-11-20T21:59:18.865+0500] {dag.py:3096} INFO - Sync 1 DAGs
[2025-11-20T21:59:18.920+0500] {logging_mixin.py:188} INFO - [2025-11-20T21:59:18.918+0500] {dag.py:3954} INFO - Setting next_dagrun for example_short_circuit_decorator to 2025-11-19 00:00:00+00:00, run_after=2025-11-20 00:00:00+00:00
[2025-11-20T21:59:19.020+0500] {processor.py:183} INFO - Processing /mnt/c/Users/Raj/OneDrive - Åbo Akademi O365/banking/venv/lib/python3.12/site-packages/airflow/example_dags/example_short_circuit_decorator.py took 0.297 seconds
[2025-11-20T22:00:35.541+0500] {processor.py:161} INFO - Started process (PID=1116) to work on /mnt/c/Users/Raj/OneDrive - Åbo Akademi O365/banking/venv/lib/python3.12/site-packages/airflow/example_dags/example_short_circuit_decorator.py
[2025-11-20T22:00:35.543+0500] {processor.py:830} INFO - Processing file /mnt/c/Users/Raj/OneDrive - Åbo Akademi O365/banking/venv/lib/python3.12/site-packages/airflow/example_dags/example_short_circuit_decorator.py for tasks to queue
[2025-11-20T22:00:35.549+0500] {logging_mixin.py:188} INFO - [2025-11-20T22:00:35.547+0500] {dagbag.py:545} INFO - Filling up the DagBag from /mnt/c/Users/Raj/OneDrive - Åbo Akademi O365/banking/venv/lib/python3.12/site-packages/airflow/example_dags/example_short_circuit_decorator.py
[2025-11-20T22:00:35.589+0500] {processor.py:840} INFO - DAG(s) 'example_short_circuit_decorator' retrieved from /mnt/c/Users/Raj/OneDrive - Åbo Akademi O365/banking/venv/lib/python3.12/site-packages/airflow/example_dags/example_short_circuit_decorator.py
[2025-11-20T22:00:35.640+0500] {logging_mixin.py:188} INFO - [2025-11-20T22:00:35.639+0500] {dag.py:3096} INFO - Sync 1 DAGs
[2025-11-20T22:00:35.685+0500] {logging_mixin.py:188} INFO - [2025-11-20T22:00:35.683+0500] {dag.py:3954} INFO - Setting next_dagrun for example_short_circuit_decorator to 2025-11-19 00:00:00+00:00, run_after=2025-11-20 00:00:00+00:00
[2025-11-20T22:00:35.771+0500] {processor.py:183} INFO - Processing /mnt/c/Users/Raj/OneDrive - Åbo Akademi O365/banking/venv/lib/python3.12/site-packages/airflow/example_dags/example_short_circuit_decorator.py took 0.249 seconds
[2025-11-20T22:02:04.549+0500] {processor.py:161} INFO - Started process (PID=1177) to work on /mnt/c/Users/Raj/OneDrive - Åbo Akademi O365/banking/venv/lib/python3.12/site-packages/airflow/example_dags/example_short_circuit_decorator.py
[2025-11-20T22:02:04.551+0500] {processor.py:830} INFO - Processing file /mnt/c/Users/Raj/OneDrive - Åbo Akademi O365/banking/venv/lib/python3.12/site-packages/airflow/example_dags/example_short_circuit_decorator.py for tasks to queue
[2025-11-20T22:02:04.557+0500] {logging_mixin.py:188} INFO - [2025-11-20T22:02:04.555+0500] {dagbag.py:545} INFO - Filling up the DagBag from /mnt/c/Users/Raj/OneDrive - Åbo Akademi O365/banking/venv/lib/python3.12/site-packages/airflow/example_dags/example_short_circuit_decorator.py
[2025-11-20T22:02:04.595+0500] {processor.py:840} INFO - DAG(s) 'example_short_circuit_decorator' retrieved from /mnt/c/Users/Raj/OneDrive - Åbo Akademi O365/banking/venv/lib/python3.12/site-packages/airflow/example_dags/example_short_circuit_decorator.py
[2025-11-20T22:02:04.640+0500] {logging_mixin.py:188} INFO - [2025-11-20T22:02:04.638+0500] {dag.py:3096} INFO - Sync 1 DAGs
[2025-11-20T22:02:04.684+0500] {logging_mixin.py:188} INFO - [2025-11-20T22:02:04.683+0500] {dag.py:3954} INFO - Setting next_dagrun for example_short_circuit_decorator to 2025-11-19 00:00:00+00:00, run_after=2025-11-20 00:00:00+00:00
[2025-11-20T22:02:04.786+0500] {processor.py:183} INFO - Processing /mnt/c/Users/Raj/OneDrive - Åbo Akademi O365/banking/venv/lib/python3.12/site-packages/airflow/example_dags/example_short_circuit_decorator.py took 0.254 seconds
[2025-11-20T22:03:31.468+0500] {processor.py:161} INFO - Started process (PID=1250) to work on /mnt/c/Users/Raj/OneDrive - Åbo Akademi O365/banking/venv/lib/python3.12/site-packages/airflow/example_dags/example_short_circuit_decorator.py
[2025-11-20T22:03:31.470+0500] {processor.py:830} INFO - Processing file /mnt/c/Users/Raj/OneDrive - Åbo Akademi O365/banking/venv/lib/python3.12/site-packages/airflow/example_dags/example_short_circuit_decorator.py for tasks to queue
[2025-11-20T22:03:31.474+0500] {logging_mixin.py:188} INFO - [2025-11-20T22:03:31.473+0500] {dagbag.py:545} INFO - Filling up the DagBag from /mnt/c/Users/Raj/OneDrive - Åbo Akademi O365/banking/venv/lib/python3.12/site-packages/airflow/example_dags/example_short_circuit_decorator.py
[2025-11-20T22:03:31.509+0500] {processor.py:840} INFO - DAG(s) 'example_short_circuit_decorator' retrieved from /mnt/c/Users/Raj/OneDrive - Åbo Akademi O365/banking/venv/lib/python3.12/site-packages/airflow/example_dags/example_short_circuit_decorator.py
[2025-11-20T22:03:31.562+0500] {logging_mixin.py:188} INFO - [2025-11-20T22:03:31.560+0500] {dag.py:3096} INFO - Sync 1 DAGs
[2025-11-20T22:03:31.607+0500] {logging_mixin.py:188} INFO - [2025-11-20T22:03:31.606+0500] {dag.py:3954} INFO - Setting next_dagrun for example_short_circuit_decorator to 2025-11-19 00:00:00+00:00, run_after=2025-11-20 00:00:00+00:00
[2025-11-20T22:03:31.705+0500] {processor.py:183} INFO - Processing /mnt/c/Users/Raj/OneDrive - Åbo Akademi O365/banking/venv/lib/python3.12/site-packages/airflow/example_dags/example_short_circuit_decorator.py took 0.252 seconds
[2025-11-20T22:04:49.089+0500] {processor.py:161} INFO - Started process (PID=1310) to work on /mnt/c/Users/Raj/OneDrive - Åbo Akademi O365/banking/venv/lib/python3.12/site-packages/airflow/example_dags/example_short_circuit_decorator.py
[2025-11-20T22:04:49.093+0500] {processor.py:830} INFO - Processing file /mnt/c/Users/Raj/OneDrive - Åbo Akademi O365/banking/venv/lib/python3.12/site-packages/airflow/example_dags/example_short_circuit_decorator.py for tasks to queue
[2025-11-20T22:04:49.099+0500] {logging_mixin.py:188} INFO - [2025-11-20T22:04:49.097+0500] {dagbag.py:545} INFO - Filling up the DagBag from /mnt/c/Users/Raj/OneDrive - Åbo Akademi O365/banking/venv/lib/python3.12/site-packages/airflow/example_dags/example_short_circuit_decorator.py
[2025-11-20T22:04:49.141+0500] {processor.py:840} INFO - DAG(s) 'example_short_circuit_decorator' retrieved from /mnt/c/Users/Raj/OneDrive - Åbo Akademi O365/banking/venv/lib/python3.12/site-packages/airflow/example_dags/example_short_circuit_decorator.py
[2025-11-20T22:04:49.190+0500] {logging_mixin.py:188} INFO - [2025-11-20T22:04:49.189+0500] {dag.py:3096} INFO - Sync 1 DAGs
[2025-11-20T22:04:49.235+0500] {logging_mixin.py:188} INFO - [2025-11-20T22:04:49.233+0500] {dag.py:3954} INFO - Setting next_dagrun for example_short_circuit_decorator to 2025-11-19 00:00:00+00:00, run_after=2025-11-20 00:00:00+00:00
[2025-11-20T22:04:49.328+0500] {processor.py:183} INFO - Processing /mnt/c/Users/Raj/OneDrive - Åbo Akademi O365/banking/venv/lib/python3.12/site-packages/airflow/example_dags/example_short_circuit_decorator.py took 0.257 seconds
[2025-11-20T22:05:46.287+0500] {processor.py:161} INFO - Started process (PID=1352) to work on /mnt/c/Users/Raj/OneDrive - Åbo Akademi O365/banking/venv/lib/python3.12/site-packages/airflow/example_dags/example_short_circuit_decorator.py
[2025-11-20T22:05:46.290+0500] {processor.py:830} INFO - Processing file /mnt/c/Users/Raj/OneDrive - Åbo Akademi O365/banking/venv/lib/python3.12/site-packages/airflow/example_dags/example_short_circuit_decorator.py for tasks to queue
[2025-11-20T22:05:46.294+0500] {logging_mixin.py:188} INFO - [2025-11-20T22:05:46.293+0500] {dagbag.py:545} INFO - Filling up the DagBag from /mnt/c/Users/Raj/OneDrive - Åbo Akademi O365/banking/venv/lib/python3.12/site-packages/airflow/example_dags/example_short_circuit_decorator.py
[2025-11-20T22:05:46.331+0500] {processor.py:840} INFO - DAG(s) 'example_short_circuit_decorator' retrieved from /mnt/c/Users/Raj/OneDrive - Åbo Akademi O365/banking/venv/lib/python3.12/site-packages/airflow/example_dags/example_short_circuit_decorator.py
[2025-11-20T22:05:46.373+0500] {logging_mixin.py:188} INFO - [2025-11-20T22:05:46.372+0500] {dag.py:3096} INFO - Sync 1 DAGs
[2025-11-20T22:05:46.414+0500] {logging_mixin.py:188} INFO - [2025-11-20T22:05:46.413+0500] {dag.py:3954} INFO - Setting next_dagrun for example_short_circuit_decorator to 2025-11-19 00:00:00+00:00, run_after=2025-11-20 00:00:00+00:00
[2025-11-20T22:05:46.509+0500] {processor.py:183} INFO - Processing /mnt/c/Users/Raj/OneDrive - Åbo Akademi O365/banking/venv/lib/python3.12/site-packages/airflow/example_dags/example_short_circuit_decorator.py took 0.241 seconds
[2025-11-20T22:07:10.691+0500] {processor.py:161} INFO - Started process (PID=1417) to work on /mnt/c/Users/Raj/OneDrive - Åbo Akademi O365/banking/venv/lib/python3.12/site-packages/airflow/example_dags/example_short_circuit_decorator.py
[2025-11-20T22:07:10.693+0500] {processor.py:830} INFO - Processing file /mnt/c/Users/Raj/OneDrive - Åbo Akademi O365/banking/venv/lib/python3.12/site-packages/airflow/example_dags/example_short_circuit_decorator.py for tasks to queue
[2025-11-20T22:07:10.697+0500] {logging_mixin.py:188} INFO - [2025-11-20T22:07:10.695+0500] {dagbag.py:545} INFO - Filling up the DagBag from /mnt/c/Users/Raj/OneDrive - Åbo Akademi O365/banking/venv/lib/python3.12/site-packages/airflow/example_dags/example_short_circuit_decorator.py
[2025-11-20T22:07:10.727+0500] {processor.py:840} INFO - DAG(s) 'example_short_circuit_decorator' retrieved from /mnt/c/Users/Raj/OneDrive - Åbo Akademi O365/banking/venv/lib/python3.12/site-packages/airflow/example_dags/example_short_circuit_decorator.py
[2025-11-20T22:07:10.772+0500] {logging_mixin.py:188} INFO - [2025-11-20T22:07:10.770+0500] {dag.py:3096} INFO - Sync 1 DAGs
[2025-11-20T22:07:10.811+0500] {logging_mixin.py:188} INFO - [2025-11-20T22:07:10.810+0500] {dag.py:3954} INFO - Setting next_dagrun for example_short_circuit_decorator to 2025-11-19 00:00:00+00:00, run_after=2025-11-20 00:00:00+00:00
[2025-11-20T22:07:10.899+0500] {processor.py:183} INFO - Processing /mnt/c/Users/Raj/OneDrive - Åbo Akademi O365/banking/venv/lib/python3.12/site-packages/airflow/example_dags/example_short_circuit_decorator.py took 0.228 seconds
[2025-11-20T22:08:39.803+0500] {processor.py:161} INFO - Started process (PID=1481) to work on /mnt/c/Users/Raj/OneDrive - Åbo Akademi O365/banking/venv/lib/python3.12/site-packages/airflow/example_dags/example_short_circuit_decorator.py
[2025-11-20T22:08:39.806+0500] {processor.py:830} INFO - Processing file /mnt/c/Users/Raj/OneDrive - Åbo Akademi O365/banking/venv/lib/python3.12/site-packages/airflow/example_dags/example_short_circuit_decorator.py for tasks to queue
[2025-11-20T22:08:39.811+0500] {logging_mixin.py:188} INFO - [2025-11-20T22:08:39.809+0500] {dagbag.py:545} INFO - Filling up the DagBag from /mnt/c/Users/Raj/OneDrive - Åbo Akademi O365/banking/venv/lib/python3.12/site-packages/airflow/example_dags/example_short_circuit_decorator.py
[2025-11-20T22:08:39.880+0500] {processor.py:840} INFO - DAG(s) 'example_short_circuit_decorator' retrieved from /mnt/c/Users/Raj/OneDrive - Åbo Akademi O365/banking/venv/lib/python3.12/site-packages/airflow/example_dags/example_short_circuit_decorator.py
[2025-11-20T22:08:39.993+0500] {logging_mixin.py:188} INFO - [2025-11-20T22:08:39.991+0500] {dag.py:3096} INFO - Sync 1 DAGs
[2025-11-20T22:08:40.060+0500] {logging_mixin.py:188} INFO - [2025-11-20T22:08:40.058+0500] {dag.py:3954} INFO - Setting next_dagrun for example_short_circuit_decorator to 2025-11-19 00:00:00+00:00, run_after=2025-11-20 00:00:00+00:00
[2025-11-20T22:08:40.209+0500] {processor.py:183} INFO - Processing /mnt/c/Users/Raj/OneDrive - Åbo Akademi O365/banking/venv/lib/python3.12/site-packages/airflow/example_dags/example_short_circuit_decorator.py took 0.430 seconds
[2025-11-20T22:10:16.045+0500] {processor.py:161} INFO - Started process (PID=1548) to work on /mnt/c/Users/Raj/OneDrive - Åbo Akademi O365/banking/venv/lib/python3.12/site-packages/airflow/example_dags/example_short_circuit_decorator.py
[2025-11-20T22:10:16.050+0500] {processor.py:830} INFO - Processing file /mnt/c/Users/Raj/OneDrive - Åbo Akademi O365/banking/venv/lib/python3.12/site-packages/airflow/example_dags/example_short_circuit_decorator.py for tasks to queue
[2025-11-20T22:10:16.054+0500] {logging_mixin.py:188} INFO - [2025-11-20T22:10:16.052+0500] {dagbag.py:545} INFO - Filling up the DagBag from /mnt/c/Users/Raj/OneDrive - Åbo Akademi O365/banking/venv/lib/python3.12/site-packages/airflow/example_dags/example_short_circuit_decorator.py
[2025-11-20T22:10:16.097+0500] {processor.py:840} INFO - DAG(s) 'example_short_circuit_decorator' retrieved from /mnt/c/Users/Raj/OneDrive - Åbo Akademi O365/banking/venv/lib/python3.12/site-packages/airflow/example_dags/example_short_circuit_decorator.py
[2025-11-20T22:10:16.150+0500] {logging_mixin.py:188} INFO - [2025-11-20T22:10:16.148+0500] {dag.py:3096} INFO - Sync 1 DAGs
[2025-11-20T22:10:16.197+0500] {logging_mixin.py:188} INFO - [2025-11-20T22:10:16.195+0500] {dag.py:3954} INFO - Setting next_dagrun for example_short_circuit_decorator to 2025-11-19 00:00:00+00:00, run_after=2025-11-20 00:00:00+00:00
[2025-11-20T22:10:16.298+0500] {processor.py:183} INFO - Processing /mnt/c/Users/Raj/OneDrive - Åbo Akademi O365/banking/venv/lib/python3.12/site-packages/airflow/example_dags/example_short_circuit_decorator.py took 0.273 seconds
[2025-11-20T22:11:41.738+0500] {processor.py:161} INFO - Started process (PID=1620) to work on /mnt/c/Users/Raj/OneDrive - Åbo Akademi O365/banking/venv/lib/python3.12/site-packages/airflow/example_dags/example_short_circuit_decorator.py
[2025-11-20T22:11:41.741+0500] {processor.py:830} INFO - Processing file /mnt/c/Users/Raj/OneDrive - Åbo Akademi O365/banking/venv/lib/python3.12/site-packages/airflow/example_dags/example_short_circuit_decorator.py for tasks to queue
[2025-11-20T22:11:41.746+0500] {logging_mixin.py:188} INFO - [2025-11-20T22:11:41.744+0500] {dagbag.py:545} INFO - Filling up the DagBag from /mnt/c/Users/Raj/OneDrive - Åbo Akademi O365/banking/venv/lib/python3.12/site-packages/airflow/example_dags/example_short_circuit_decorator.py
[2025-11-20T22:11:41.801+0500] {processor.py:840} INFO - DAG(s) 'example_short_circuit_decorator' retrieved from /mnt/c/Users/Raj/OneDrive - Åbo Akademi O365/banking/venv/lib/python3.12/site-packages/airflow/example_dags/example_short_circuit_decorator.py
[2025-11-20T22:11:41.859+0500] {logging_mixin.py:188} INFO - [2025-11-20T22:11:41.858+0500] {dag.py:3096} INFO - Sync 1 DAGs
[2025-11-20T22:11:41.933+0500] {logging_mixin.py:188} INFO - [2025-11-20T22:11:41.931+0500] {dag.py:3954} INFO - Setting next_dagrun for example_short_circuit_decorator to 2025-11-19 00:00:00+00:00, run_after=2025-11-20 00:00:00+00:00
[2025-11-20T22:11:42.071+0500] {processor.py:183} INFO - Processing /mnt/c/Users/Raj/OneDrive - Åbo Akademi O365/banking/venv/lib/python3.12/site-packages/airflow/example_dags/example_short_circuit_decorator.py took 0.359 seconds
[2025-11-20T22:13:02.952+0500] {processor.py:161} INFO - Started process (PID=1682) to work on /mnt/c/Users/Raj/OneDrive - Åbo Akademi O365/banking/venv/lib/python3.12/site-packages/airflow/example_dags/example_short_circuit_decorator.py
[2025-11-20T22:13:02.956+0500] {processor.py:830} INFO - Processing file /mnt/c/Users/Raj/OneDrive - Åbo Akademi O365/banking/venv/lib/python3.12/site-packages/airflow/example_dags/example_short_circuit_decorator.py for tasks to queue
[2025-11-20T22:13:02.960+0500] {logging_mixin.py:188} INFO - [2025-11-20T22:13:02.958+0500] {dagbag.py:545} INFO - Filling up the DagBag from /mnt/c/Users/Raj/OneDrive - Åbo Akademi O365/banking/venv/lib/python3.12/site-packages/airflow/example_dags/example_short_circuit_decorator.py
[2025-11-20T22:13:03.003+0500] {processor.py:840} INFO - DAG(s) 'example_short_circuit_decorator' retrieved from /mnt/c/Users/Raj/OneDrive - Åbo Akademi O365/banking/venv/lib/python3.12/site-packages/airflow/example_dags/example_short_circuit_decorator.py
[2025-11-20T22:13:03.077+0500] {logging_mixin.py:188} INFO - [2025-11-20T22:13:03.075+0500] {dag.py:3096} INFO - Sync 1 DAGs
[2025-11-20T22:13:03.138+0500] {logging_mixin.py:188} INFO - [2025-11-20T22:13:03.136+0500] {dag.py:3954} INFO - Setting next_dagrun for example_short_circuit_decorator to 2025-11-19 00:00:00+00:00, run_after=2025-11-20 00:00:00+00:00
[2025-11-20T22:13:03.265+0500] {processor.py:183} INFO - Processing /mnt/c/Users/Raj/OneDrive - Åbo Akademi O365/banking/venv/lib/python3.12/site-packages/airflow/example_dags/example_short_circuit_decorator.py took 0.335 seconds
[2025-11-20T22:14:30.176+0500] {processor.py:161} INFO - Started process (PID=1747) to work on /mnt/c/Users/Raj/OneDrive - Åbo Akademi O365/banking/venv/lib/python3.12/site-packages/airflow/example_dags/example_short_circuit_decorator.py
[2025-11-20T22:14:30.178+0500] {processor.py:830} INFO - Processing file /mnt/c/Users/Raj/OneDrive - Åbo Akademi O365/banking/venv/lib/python3.12/site-packages/airflow/example_dags/example_short_circuit_decorator.py for tasks to queue
[2025-11-20T22:14:30.183+0500] {logging_mixin.py:188} INFO - [2025-11-20T22:14:30.181+0500] {dagbag.py:545} INFO - Filling up the DagBag from /mnt/c/Users/Raj/OneDrive - Åbo Akademi O365/banking/venv/lib/python3.12/site-packages/airflow/example_dags/example_short_circuit_decorator.py
[2025-11-20T22:14:30.227+0500] {processor.py:840} INFO - DAG(s) 'example_short_circuit_decorator' retrieved from /mnt/c/Users/Raj/OneDrive - Åbo Akademi O365/banking/venv/lib/python3.12/site-packages/airflow/example_dags/example_short_circuit_decorator.py
[2025-11-20T22:14:30.283+0500] {logging_mixin.py:188} INFO - [2025-11-20T22:14:30.281+0500] {dag.py:3096} INFO - Sync 1 DAGs
[2025-11-20T22:14:30.324+0500] {logging_mixin.py:188} INFO - [2025-11-20T22:14:30.322+0500] {dag.py:3954} INFO - Setting next_dagrun for example_short_circuit_decorator to 2025-11-19 00:00:00+00:00, run_after=2025-11-20 00:00:00+00:00
[2025-11-20T22:14:30.409+0500] {processor.py:183} INFO - Processing /mnt/c/Users/Raj/OneDrive - Åbo Akademi O365/banking/venv/lib/python3.12/site-packages/airflow/example_dags/example_short_circuit_decorator.py took 0.252 seconds
[2025-11-20T22:15:57.898+0500] {processor.py:161} INFO - Started process (PID=1807) to work on /mnt/c/Users/Raj/OneDrive - Åbo Akademi O365/banking/venv/lib/python3.12/site-packages/airflow/example_dags/example_short_circuit_decorator.py
[2025-11-20T22:15:57.908+0500] {processor.py:830} INFO - Processing file /mnt/c/Users/Raj/OneDrive - Åbo Akademi O365/banking/venv/lib/python3.12/site-packages/airflow/example_dags/example_short_circuit_decorator.py for tasks to queue
[2025-11-20T22:15:57.913+0500] {logging_mixin.py:188} INFO - [2025-11-20T22:15:57.911+0500] {dagbag.py:545} INFO - Filling up the DagBag from /mnt/c/Users/Raj/OneDrive - Åbo Akademi O365/banking/venv/lib/python3.12/site-packages/airflow/example_dags/example_short_circuit_decorator.py
[2025-11-20T22:15:57.980+0500] {processor.py:840} INFO - DAG(s) 'example_short_circuit_decorator' retrieved from /mnt/c/Users/Raj/OneDrive - Åbo Akademi O365/banking/venv/lib/python3.12/site-packages/airflow/example_dags/example_short_circuit_decorator.py
[2025-11-20T22:15:58.043+0500] {logging_mixin.py:188} INFO - [2025-11-20T22:15:58.042+0500] {dag.py:3096} INFO - Sync 1 DAGs
[2025-11-20T22:15:58.095+0500] {logging_mixin.py:188} INFO - [2025-11-20T22:15:58.094+0500] {dag.py:3954} INFO - Setting next_dagrun for example_short_circuit_decorator to 2025-11-19 00:00:00+00:00, run_after=2025-11-20 00:00:00+00:00
[2025-11-20T22:15:58.191+0500] {processor.py:183} INFO - Processing /mnt/c/Users/Raj/OneDrive - Åbo Akademi O365/banking/venv/lib/python3.12/site-packages/airflow/example_dags/example_short_circuit_decorator.py took 0.314 seconds
[2025-11-20T22:17:27.061+0500] {processor.py:161} INFO - Started process (PID=1872) to work on /mnt/c/Users/Raj/OneDrive - Åbo Akademi O365/banking/venv/lib/python3.12/site-packages/airflow/example_dags/example_short_circuit_decorator.py
[2025-11-20T22:17:27.064+0500] {processor.py:830} INFO - Processing file /mnt/c/Users/Raj/OneDrive - Åbo Akademi O365/banking/venv/lib/python3.12/site-packages/airflow/example_dags/example_short_circuit_decorator.py for tasks to queue
[2025-11-20T22:17:27.076+0500] {logging_mixin.py:188} INFO - [2025-11-20T22:17:27.073+0500] {dagbag.py:545} INFO - Filling up the DagBag from /mnt/c/Users/Raj/OneDrive - Åbo Akademi O365/banking/venv/lib/python3.12/site-packages/airflow/example_dags/example_short_circuit_decorator.py
[2025-11-20T22:17:27.118+0500] {processor.py:840} INFO - DAG(s) 'example_short_circuit_decorator' retrieved from /mnt/c/Users/Raj/OneDrive - Åbo Akademi O365/banking/venv/lib/python3.12/site-packages/airflow/example_dags/example_short_circuit_decorator.py
[2025-11-20T22:17:27.166+0500] {logging_mixin.py:188} INFO - [2025-11-20T22:17:27.165+0500] {dag.py:3096} INFO - Sync 1 DAGs
[2025-11-20T22:17:27.207+0500] {logging_mixin.py:188} INFO - [2025-11-20T22:17:27.205+0500] {dag.py:3954} INFO - Setting next_dagrun for example_short_circuit_decorator to 2025-11-19 00:00:00+00:00, run_after=2025-11-20 00:00:00+00:00
[2025-11-20T22:17:27.290+0500] {processor.py:183} INFO - Processing /mnt/c/Users/Raj/OneDrive - Åbo Akademi O365/banking/venv/lib/python3.12/site-packages/airflow/example_dags/example_short_circuit_decorator.py took 0.247 seconds
[2025-11-20T22:18:54.489+0500] {processor.py:161} INFO - Started process (PID=1938) to work on /mnt/c/Users/Raj/OneDrive - Åbo Akademi O365/banking/venv/lib/python3.12/site-packages/airflow/example_dags/example_short_circuit_decorator.py
[2025-11-20T22:18:54.492+0500] {processor.py:830} INFO - Processing file /mnt/c/Users/Raj/OneDrive - Åbo Akademi O365/banking/venv/lib/python3.12/site-packages/airflow/example_dags/example_short_circuit_decorator.py for tasks to queue
[2025-11-20T22:18:54.495+0500] {logging_mixin.py:188} INFO - [2025-11-20T22:18:54.493+0500] {dagbag.py:545} INFO - Filling up the DagBag from /mnt/c/Users/Raj/OneDrive - Åbo Akademi O365/banking/venv/lib/python3.12/site-packages/airflow/example_dags/example_short_circuit_decorator.py
[2025-11-20T22:18:54.524+0500] {processor.py:840} INFO - DAG(s) 'example_short_circuit_decorator' retrieved from /mnt/c/Users/Raj/OneDrive - Åbo Akademi O365/banking/venv/lib/python3.12/site-packages/airflow/example_dags/example_short_circuit_decorator.py
[2025-11-20T22:18:54.565+0500] {logging_mixin.py:188} INFO - [2025-11-20T22:18:54.563+0500] {dag.py:3096} INFO - Sync 1 DAGs
[2025-11-20T22:18:54.602+0500] {logging_mixin.py:188} INFO - [2025-11-20T22:18:54.601+0500] {dag.py:3954} INFO - Setting next_dagrun for example_short_circuit_decorator to 2025-11-19 00:00:00+00:00, run_after=2025-11-20 00:00:00+00:00
[2025-11-20T22:18:54.701+0500] {processor.py:183} INFO - Processing /mnt/c/Users/Raj/OneDrive - Åbo Akademi O365/banking/venv/lib/python3.12/site-packages/airflow/example_dags/example_short_circuit_decorator.py took 0.226 seconds
[2025-11-20T22:20:18.470+0500] {processor.py:161} INFO - Started process (PID=2004) to work on /mnt/c/Users/Raj/OneDrive - Åbo Akademi O365/banking/venv/lib/python3.12/site-packages/airflow/example_dags/example_short_circuit_decorator.py
[2025-11-20T22:20:18.475+0500] {processor.py:830} INFO - Processing file /mnt/c/Users/Raj/OneDrive - Åbo Akademi O365/banking/venv/lib/python3.12/site-packages/airflow/example_dags/example_short_circuit_decorator.py for tasks to queue
[2025-11-20T22:20:18.481+0500] {logging_mixin.py:188} INFO - [2025-11-20T22:20:18.478+0500] {dagbag.py:545} INFO - Filling up the DagBag from /mnt/c/Users/Raj/OneDrive - Åbo Akademi O365/banking/venv/lib/python3.12/site-packages/airflow/example_dags/example_short_circuit_decorator.py
[2025-11-20T22:20:18.529+0500] {processor.py:840} INFO - DAG(s) 'example_short_circuit_decorator' retrieved from /mnt/c/Users/Raj/OneDrive - Åbo Akademi O365/banking/venv/lib/python3.12/site-packages/airflow/example_dags/example_short_circuit_decorator.py
[2025-11-20T22:20:18.599+0500] {logging_mixin.py:188} INFO - [2025-11-20T22:20:18.597+0500] {dag.py:3096} INFO - Sync 1 DAGs
[2025-11-20T22:20:18.672+0500] {logging_mixin.py:188} INFO - [2025-11-20T22:20:18.669+0500] {dag.py:3954} INFO - Setting next_dagrun for example_short_circuit_decorator to 2025-11-19 00:00:00+00:00, run_after=2025-11-20 00:00:00+00:00
[2025-11-20T22:20:18.804+0500] {processor.py:183} INFO - Processing /mnt/c/Users/Raj/OneDrive - Åbo Akademi O365/banking/venv/lib/python3.12/site-packages/airflow/example_dags/example_short_circuit_decorator.py took 0.360 seconds
[2025-11-20T22:21:46.920+0500] {processor.py:161} INFO - Started process (PID=2073) to work on /mnt/c/Users/Raj/OneDrive - Åbo Akademi O365/banking/venv/lib/python3.12/site-packages/airflow/example_dags/example_short_circuit_decorator.py
[2025-11-20T22:21:46.923+0500] {processor.py:830} INFO - Processing file /mnt/c/Users/Raj/OneDrive - Åbo Akademi O365/banking/venv/lib/python3.12/site-packages/airflow/example_dags/example_short_circuit_decorator.py for tasks to queue
[2025-11-20T22:21:46.926+0500] {logging_mixin.py:188} INFO - [2025-11-20T22:21:46.924+0500] {dagbag.py:545} INFO - Filling up the DagBag from /mnt/c/Users/Raj/OneDrive - Åbo Akademi O365/banking/venv/lib/python3.12/site-packages/airflow/example_dags/example_short_circuit_decorator.py
[2025-11-20T22:21:46.961+0500] {processor.py:840} INFO - DAG(s) 'example_short_circuit_decorator' retrieved from /mnt/c/Users/Raj/OneDrive - Åbo Akademi O365/banking/venv/lib/python3.12/site-packages/airflow/example_dags/example_short_circuit_decorator.py
[2025-11-20T22:21:47.003+0500] {logging_mixin.py:188} INFO - [2025-11-20T22:21:47.001+0500] {dag.py:3096} INFO - Sync 1 DAGs
[2025-11-20T22:21:47.041+0500] {logging_mixin.py:188} INFO - [2025-11-20T22:21:47.040+0500] {dag.py:3954} INFO - Setting next_dagrun for example_short_circuit_decorator to 2025-11-19 00:00:00+00:00, run_after=2025-11-20 00:00:00+00:00
[2025-11-20T22:21:47.128+0500] {processor.py:183} INFO - Processing /mnt/c/Users/Raj/OneDrive - Åbo Akademi O365/banking/venv/lib/python3.12/site-packages/airflow/example_dags/example_short_circuit_decorator.py took 0.223 seconds
[2025-11-20T22:23:01.338+0500] {processor.py:161} INFO - Started process (PID=2131) to work on /mnt/c/Users/Raj/OneDrive - Åbo Akademi O365/banking/venv/lib/python3.12/site-packages/airflow/example_dags/example_short_circuit_decorator.py
[2025-11-20T22:23:01.341+0500] {processor.py:830} INFO - Processing file /mnt/c/Users/Raj/OneDrive - Åbo Akademi O365/banking/venv/lib/python3.12/site-packages/airflow/example_dags/example_short_circuit_decorator.py for tasks to queue
[2025-11-20T22:23:01.345+0500] {logging_mixin.py:188} INFO - [2025-11-20T22:23:01.343+0500] {dagbag.py:545} INFO - Filling up the DagBag from /mnt/c/Users/Raj/OneDrive - Åbo Akademi O365/banking/venv/lib/python3.12/site-packages/airflow/example_dags/example_short_circuit_decorator.py
[2025-11-20T22:23:01.380+0500] {processor.py:840} INFO - DAG(s) 'example_short_circuit_decorator' retrieved from /mnt/c/Users/Raj/OneDrive - Åbo Akademi O365/banking/venv/lib/python3.12/site-packages/airflow/example_dags/example_short_circuit_decorator.py
[2025-11-20T22:23:01.415+0500] {logging_mixin.py:188} INFO - [2025-11-20T22:23:01.414+0500] {dag.py:3096} INFO - Sync 1 DAGs
[2025-11-20T22:23:01.447+0500] {logging_mixin.py:188} INFO - [2025-11-20T22:23:01.446+0500] {dag.py:3954} INFO - Setting next_dagrun for example_short_circuit_decorator to 2025-11-19 00:00:00+00:00, run_after=2025-11-20 00:00:00+00:00
[2025-11-20T22:23:01.525+0500] {processor.py:183} INFO - Processing /mnt/c/Users/Raj/OneDrive - Åbo Akademi O365/banking/venv/lib/python3.12/site-packages/airflow/example_dags/example_short_circuit_decorator.py took 0.207 seconds
[2025-11-20T22:24:19.929+0500] {processor.py:161} INFO - Started process (PID=2192) to work on /mnt/c/Users/Raj/OneDrive - Åbo Akademi O365/banking/venv/lib/python3.12/site-packages/airflow/example_dags/example_short_circuit_decorator.py
[2025-11-20T22:24:19.931+0500] {processor.py:830} INFO - Processing file /mnt/c/Users/Raj/OneDrive - Åbo Akademi O365/banking/venv/lib/python3.12/site-packages/airflow/example_dags/example_short_circuit_decorator.py for tasks to queue
[2025-11-20T22:24:19.934+0500] {logging_mixin.py:188} INFO - [2025-11-20T22:24:19.933+0500] {dagbag.py:545} INFO - Filling up the DagBag from /mnt/c/Users/Raj/OneDrive - Åbo Akademi O365/banking/venv/lib/python3.12/site-packages/airflow/example_dags/example_short_circuit_decorator.py
[2025-11-20T22:24:19.963+0500] {processor.py:840} INFO - DAG(s) 'example_short_circuit_decorator' retrieved from /mnt/c/Users/Raj/OneDrive - Åbo Akademi O365/banking/venv/lib/python3.12/site-packages/airflow/example_dags/example_short_circuit_decorator.py
[2025-11-20T22:24:20.011+0500] {logging_mixin.py:188} INFO - [2025-11-20T22:24:20.008+0500] {dag.py:3096} INFO - Sync 1 DAGs
[2025-11-20T22:24:20.064+0500] {logging_mixin.py:188} INFO - [2025-11-20T22:24:20.062+0500] {dag.py:3954} INFO - Setting next_dagrun for example_short_circuit_decorator to 2025-11-19 00:00:00+00:00, run_after=2025-11-20 00:00:00+00:00
[2025-11-20T22:24:20.151+0500] {processor.py:183} INFO - Processing /mnt/c/Users/Raj/OneDrive - Åbo Akademi O365/banking/venv/lib/python3.12/site-packages/airflow/example_dags/example_short_circuit_decorator.py took 0.238 seconds
[2025-11-20T22:26:01.843+0500] {processor.py:161} INFO - Started process (PID=2300) to work on /mnt/c/Users/Raj/OneDrive - Åbo Akademi O365/banking/venv/lib/python3.12/site-packages/airflow/example_dags/example_short_circuit_decorator.py
[2025-11-20T22:26:01.847+0500] {processor.py:830} INFO - Processing file /mnt/c/Users/Raj/OneDrive - Åbo Akademi O365/banking/venv/lib/python3.12/site-packages/airflow/example_dags/example_short_circuit_decorator.py for tasks to queue
[2025-11-20T22:26:01.853+0500] {logging_mixin.py:188} INFO - [2025-11-20T22:26:01.850+0500] {dagbag.py:545} INFO - Filling up the DagBag from /mnt/c/Users/Raj/OneDrive - Åbo Akademi O365/banking/venv/lib/python3.12/site-packages/airflow/example_dags/example_short_circuit_decorator.py
[2025-11-20T22:26:01.906+0500] {processor.py:840} INFO - DAG(s) 'example_short_circuit_decorator' retrieved from /mnt/c/Users/Raj/OneDrive - Åbo Akademi O365/banking/venv/lib/python3.12/site-packages/airflow/example_dags/example_short_circuit_decorator.py
[2025-11-20T22:26:01.984+0500] {logging_mixin.py:188} INFO - [2025-11-20T22:26:01.983+0500] {dag.py:3096} INFO - Sync 1 DAGs
[2025-11-20T22:26:02.062+0500] {logging_mixin.py:188} INFO - [2025-11-20T22:26:02.061+0500] {dag.py:3954} INFO - Setting next_dagrun for example_short_circuit_decorator to 2025-11-19 00:00:00+00:00, run_after=2025-11-20 00:00:00+00:00
[2025-11-20T22:26:02.361+0500] {processor.py:183} INFO - Processing /mnt/c/Users/Raj/OneDrive - Åbo Akademi O365/banking/venv/lib/python3.12/site-packages/airflow/example_dags/example_short_circuit_decorator.py took 0.569 seconds
[2025-11-20T22:28:29.288+0500] {processor.py:161} INFO - Started process (PID=2393) to work on /mnt/c/Users/Raj/OneDrive - Åbo Akademi O365/banking/venv/lib/python3.12/site-packages/airflow/example_dags/example_short_circuit_decorator.py
[2025-11-20T22:28:29.294+0500] {processor.py:830} INFO - Processing file /mnt/c/Users/Raj/OneDrive - Åbo Akademi O365/banking/venv/lib/python3.12/site-packages/airflow/example_dags/example_short_circuit_decorator.py for tasks to queue
[2025-11-20T22:28:29.306+0500] {logging_mixin.py:188} INFO - [2025-11-20T22:28:29.297+0500] {dagbag.py:545} INFO - Filling up the DagBag from /mnt/c/Users/Raj/OneDrive - Åbo Akademi O365/banking/venv/lib/python3.12/site-packages/airflow/example_dags/example_short_circuit_decorator.py
[2025-11-20T22:28:29.401+0500] {processor.py:840} INFO - DAG(s) 'example_short_circuit_decorator' retrieved from /mnt/c/Users/Raj/OneDrive - Åbo Akademi O365/banking/venv/lib/python3.12/site-packages/airflow/example_dags/example_short_circuit_decorator.py
[2025-11-20T22:28:29.549+0500] {logging_mixin.py:188} INFO - [2025-11-20T22:28:29.546+0500] {dag.py:3096} INFO - Sync 1 DAGs
[2025-11-20T22:28:29.708+0500] {logging_mixin.py:188} INFO - [2025-11-20T22:28:29.705+0500] {dag.py:3954} INFO - Setting next_dagrun for example_short_circuit_decorator to 2025-11-19 00:00:00+00:00, run_after=2025-11-20 00:00:00+00:00
[2025-11-20T22:28:30.118+0500] {processor.py:183} INFO - Processing /mnt/c/Users/Raj/OneDrive - Åbo Akademi O365/banking/venv/lib/python3.12/site-packages/airflow/example_dags/example_short_circuit_decorator.py took 0.902 seconds
[2025-11-20T22:29:39.918+0500] {processor.py:161} INFO - Started process (PID=2435) to work on /mnt/c/Users/Raj/OneDrive - Åbo Akademi O365/banking/venv/lib/python3.12/site-packages/airflow/example_dags/example_short_circuit_decorator.py
[2025-11-20T22:29:39.922+0500] {processor.py:830} INFO - Processing file /mnt/c/Users/Raj/OneDrive - Åbo Akademi O365/banking/venv/lib/python3.12/site-packages/airflow/example_dags/example_short_circuit_decorator.py for tasks to queue
[2025-11-20T22:29:39.933+0500] {logging_mixin.py:188} INFO - [2025-11-20T22:29:39.925+0500] {dagbag.py:545} INFO - Filling up the DagBag from /mnt/c/Users/Raj/OneDrive - Åbo Akademi O365/banking/venv/lib/python3.12/site-packages/airflow/example_dags/example_short_circuit_decorator.py
[2025-11-20T22:29:40.036+0500] {processor.py:840} INFO - DAG(s) 'example_short_circuit_decorator' retrieved from /mnt/c/Users/Raj/OneDrive - Åbo Akademi O365/banking/venv/lib/python3.12/site-packages/airflow/example_dags/example_short_circuit_decorator.py
[2025-11-20T22:29:40.146+0500] {logging_mixin.py:188} INFO - [2025-11-20T22:29:40.142+0500] {dag.py:3096} INFO - Sync 1 DAGs
[2025-11-20T22:29:40.246+0500] {logging_mixin.py:188} INFO - [2025-11-20T22:29:40.243+0500] {dag.py:3954} INFO - Setting next_dagrun for example_short_circuit_decorator to 2025-11-19 00:00:00+00:00, run_after=2025-11-20 00:00:00+00:00
[2025-11-20T22:29:40.473+0500] {processor.py:183} INFO - Processing /mnt/c/Users/Raj/OneDrive - Åbo Akademi O365/banking/venv/lib/python3.12/site-packages/airflow/example_dags/example_short_circuit_decorator.py took 0.600 seconds
[2025-11-20T22:31:20.938+0500] {processor.py:161} INFO - Started process (PID=2487) to work on /mnt/c/Users/Raj/OneDrive - Åbo Akademi O365/banking/venv/lib/python3.12/site-packages/airflow/example_dags/example_short_circuit_decorator.py
[2025-11-20T22:31:20.942+0500] {processor.py:830} INFO - Processing file /mnt/c/Users/Raj/OneDrive - Åbo Akademi O365/banking/venv/lib/python3.12/site-packages/airflow/example_dags/example_short_circuit_decorator.py for tasks to queue
[2025-11-20T22:31:20.951+0500] {logging_mixin.py:188} INFO - [2025-11-20T22:31:20.945+0500] {dagbag.py:545} INFO - Filling up the DagBag from /mnt/c/Users/Raj/OneDrive - Åbo Akademi O365/banking/venv/lib/python3.12/site-packages/airflow/example_dags/example_short_circuit_decorator.py
[2025-11-20T22:31:21.021+0500] {processor.py:840} INFO - DAG(s) 'example_short_circuit_decorator' retrieved from /mnt/c/Users/Raj/OneDrive - Åbo Akademi O365/banking/venv/lib/python3.12/site-packages/airflow/example_dags/example_short_circuit_decorator.py
[2025-11-20T22:31:21.231+0500] {logging_mixin.py:188} INFO - [2025-11-20T22:31:21.128+0500] {dagbag.py:654} ERROR - Failed to write serialized DAG: /mnt/c/Users/Raj/OneDrive - Åbo Akademi O365/banking/venv/lib/python3.12/site-packages/airflow/example_dags/example_short_circuit_decorator.py
Traceback (most recent call last):
  File "/mnt/c/Users/Raj/OneDrive - Åbo Akademi O365/banking/venv/lib/python3.12/site-packages/airflow/models/dagbag.py", line 642, in _serialize_dag_capturing_errors
    -------------------------------------------------------------------
                              ^^^^^^^^^^^^^^^^^^^^^^^^^^^^^^^^^^^^^^^^^
  File "/mnt/c/Users/Raj/OneDrive - Åbo Akademi O365/banking/venv/lib/python3.12/site-packages/airflow/utils/session.py", line 76, in wrapper
    try:
         
  File "/mnt/c/Users/Raj/OneDrive - Åbo Akademi O365/banking/venv/lib/python3.12/site-packages/airflow/models/serialized_dag.py", line 167, in write_dag
    )
      
  File "<string>", line 4, in __init__
  File "/mnt/c/Users/Raj/OneDrive - Åbo Akademi O365/banking/venv/lib/python3.12/site-packages/sqlalchemy/orm/state.py", line 481, in _initialize_instance
    with util.safe_reraise():
  File "/mnt/c/Users/Raj/OneDrive - Åbo Akademi O365/banking/venv/lib/python3.12/site-packages/sqlalchemy/util/langhelpers.py", line 70, in __exit__
    compat.raise_(
  File "/mnt/c/Users/Raj/OneDrive - Åbo Akademi O365/banking/venv/lib/python3.12/site-packages/sqlalchemy/util/compat.py", line 211, in raise_
    raise exception
  File "/mnt/c/Users/Raj/OneDrive - Åbo Akademi O365/banking/venv/lib/python3.12/site-packages/sqlalchemy/orm/state.py", line 479, in _initialize_instance
    return manager.original_init(*mixed[1:], **kwargs)
           ^^^^^^^^^^^^^^^^^^^^^^^^^^^^^^^^^^^^^^^^^^^
  File "/mnt/c/Users/Raj/OneDrive - Åbo Akademi O365/banking/venv/lib/python3.12/site-packages/airflow/models/serialized_dag.py", line 114, in __init__
    dependency_id=dep_id,
  File "/mnt/c/Users/Raj/OneDrive - Åbo Akademi O365/banking/venv/lib/python3.12/site-packages/airflow/serialization/serialized_objects.py", line 1543, in to_dict
    @classmethod
        ^^^^^^^^^
  File "/mnt/c/Users/Raj/OneDrive - Åbo Akademi O365/banking/venv/lib/python3.12/site-packages/airflow/serialization/serialized_objects.py", line 433, in validate_schema
    can be completely controlled by a custom subclass.
            ^^^^^^^^^^^^^^^^^^^^^^^^^^^^^^^^^^^^^^^^^
  File "/mnt/c/Users/Raj/OneDrive - Åbo Akademi O365/banking/venv/lib/python3.12/site-packages/jsonschema/validators.py", line 451, in validate
    raise error
jsonschema.exceptions.ValidationError: {} is not of type 'array'

Failed validating 'type' in schema['allOf'][0]['properties']['dag']['properties']['params']:
    {'prefixItems': [{'type': 'string'}, {'$ref': '#/definitions/param'}],
     'type': 'array',
     'unevaluatedItems': False}

On instance['dag']['params']:
    {}
[2025-11-20T22:31:21.243+0500] {logging_mixin.py:188} INFO - [2025-11-20T22:31:21.240+0500] {dag.py:3096} INFO - Sync 1 DAGs
[2025-11-20T22:31:21.354+0500] {logging_mixin.py:188} INFO - [2025-11-20T22:31:21.351+0500] {dag.py:3954} INFO - Setting next_dagrun for example_short_circuit_decorator to 2025-11-19 00:00:00+00:00, run_after=2025-11-20 00:00:00+00:00
[2025-11-20T22:31:21.545+0500] {processor.py:183} INFO - Processing /mnt/c/Users/Raj/OneDrive - Åbo Akademi O365/banking/venv/lib/python3.12/site-packages/airflow/example_dags/example_short_circuit_decorator.py took 0.657 seconds
