[2025-11-20T20:35:55.495+0500] {processor.py:161} INFO - Started process (PID=12011) to work on /mnt/c/Users/Raj/OneDrive - Åbo Akademi O365/banking/venv/lib/python3.12/site-packages/airflow/example_dags/example_python_decorator.py
[2025-11-20T20:35:55.498+0500] {processor.py:830} INFO - Processing file /mnt/c/Users/Raj/OneDrive - Åbo Akademi O365/banking/venv/lib/python3.12/site-packages/airflow/example_dags/example_python_decorator.py for tasks to queue
[2025-11-20T20:35:55.503+0500] {logging_mixin.py:188} INFO - [2025-11-20T20:35:55.501+0500] {dagbag.py:545} INFO - Filling up the DagBag from /mnt/c/Users/Raj/OneDrive - Åbo Akademi O365/banking/venv/lib/python3.12/site-packages/airflow/example_dags/example_python_decorator.py
[2025-11-20T20:35:55.570+0500] {processor.py:840} INFO - DAG(s) 'example_python_decorator' retrieved from /mnt/c/Users/Raj/OneDrive - Åbo Akademi O365/banking/venv/lib/python3.12/site-packages/airflow/example_dags/example_python_decorator.py
[2025-11-20T20:35:57.619+0500] {logging_mixin.py:188} INFO - [2025-11-20T20:35:57.617+0500] {override.py:1829} INFO - Created Permission View: can delete on DAG:example_python_decorator
[2025-11-20T20:35:57.709+0500] {logging_mixin.py:188} INFO - [2025-11-20T20:35:57.708+0500] {override.py:1829} INFO - Created Permission View: can read on DAG:example_python_decorator
[2025-11-20T20:35:57.780+0500] {logging_mixin.py:188} INFO - [2025-11-20T20:35:57.778+0500] {override.py:1829} INFO - Created Permission View: can edit on DAG:example_python_decorator
[2025-11-20T20:35:57.783+0500] {logging_mixin.py:188} INFO - [2025-11-20T20:35:57.782+0500] {dag.py:3096} INFO - Sync 1 DAGs
[2025-11-20T20:35:57.827+0500] {logging_mixin.py:188} INFO - [2025-11-20T20:35:57.822+0500] {dag.py:3118} INFO - Creating ORM DAG for example_python_decorator
[2025-11-20T20:35:57.831+0500] {logging_mixin.py:188} INFO - [2025-11-20T20:35:57.829+0500] {dag.py:3954} INFO - Setting next_dagrun for example_python_decorator to None, run_after=None
[2025-11-20T20:35:57.974+0500] {processor.py:183} INFO - Processing /mnt/c/Users/Raj/OneDrive - Åbo Akademi O365/banking/venv/lib/python3.12/site-packages/airflow/example_dags/example_python_decorator.py took 2.498 seconds
[2025-11-20T20:37:50.376+0500] {processor.py:161} INFO - Started process (PID=12451) to work on /mnt/c/Users/Raj/OneDrive - Åbo Akademi O365/banking/venv/lib/python3.12/site-packages/airflow/example_dags/example_python_decorator.py
[2025-11-20T20:37:50.378+0500] {processor.py:830} INFO - Processing file /mnt/c/Users/Raj/OneDrive - Åbo Akademi O365/banking/venv/lib/python3.12/site-packages/airflow/example_dags/example_python_decorator.py for tasks to queue
[2025-11-20T20:37:50.386+0500] {logging_mixin.py:188} INFO - [2025-11-20T20:37:50.384+0500] {dagbag.py:545} INFO - Filling up the DagBag from /mnt/c/Users/Raj/OneDrive - Åbo Akademi O365/banking/venv/lib/python3.12/site-packages/airflow/example_dags/example_python_decorator.py
[2025-11-20T20:37:50.448+0500] {processor.py:840} INFO - DAG(s) 'example_python_decorator' retrieved from /mnt/c/Users/Raj/OneDrive - Åbo Akademi O365/banking/venv/lib/python3.12/site-packages/airflow/example_dags/example_python_decorator.py
[2025-11-20T20:37:50.491+0500] {logging_mixin.py:188} INFO - [2025-11-20T20:37:50.490+0500] {dag.py:3096} INFO - Sync 1 DAGs
[2025-11-20T20:37:50.513+0500] {logging_mixin.py:188} INFO - [2025-11-20T20:37:50.512+0500] {dag.py:3954} INFO - Setting next_dagrun for example_python_decorator to None, run_after=None
[2025-11-20T20:37:50.613+0500] {processor.py:183} INFO - Processing /mnt/c/Users/Raj/OneDrive - Åbo Akademi O365/banking/venv/lib/python3.12/site-packages/airflow/example_dags/example_python_decorator.py took 0.259 seconds
[2025-11-20T20:39:13.824+0500] {processor.py:161} INFO - Started process (PID=12728) to work on /mnt/c/Users/Raj/OneDrive - Åbo Akademi O365/banking/venv/lib/python3.12/site-packages/airflow/example_dags/example_python_decorator.py
[2025-11-20T20:39:13.828+0500] {processor.py:830} INFO - Processing file /mnt/c/Users/Raj/OneDrive - Åbo Akademi O365/banking/venv/lib/python3.12/site-packages/airflow/example_dags/example_python_decorator.py for tasks to queue
[2025-11-20T20:39:13.837+0500] {logging_mixin.py:188} INFO - [2025-11-20T20:39:13.832+0500] {dagbag.py:545} INFO - Filling up the DagBag from /mnt/c/Users/Raj/OneDrive - Åbo Akademi O365/banking/venv/lib/python3.12/site-packages/airflow/example_dags/example_python_decorator.py
[2025-11-20T20:39:13.899+0500] {processor.py:840} INFO - DAG(s) 'example_python_decorator' retrieved from /mnt/c/Users/Raj/OneDrive - Åbo Akademi O365/banking/venv/lib/python3.12/site-packages/airflow/example_dags/example_python_decorator.py
[2025-11-20T20:39:13.972+0500] {logging_mixin.py:188} INFO - [2025-11-20T20:39:13.970+0500] {dag.py:3096} INFO - Sync 1 DAGs
[2025-11-20T20:39:14.013+0500] {logging_mixin.py:188} INFO - [2025-11-20T20:39:14.011+0500] {dag.py:3954} INFO - Setting next_dagrun for example_python_decorator to None, run_after=None
[2025-11-20T20:39:14.154+0500] {processor.py:183} INFO - Processing /mnt/c/Users/Raj/OneDrive - Åbo Akademi O365/banking/venv/lib/python3.12/site-packages/airflow/example_dags/example_python_decorator.py took 0.354 seconds
[2025-11-20T20:40:30.479+0500] {processor.py:161} INFO - Started process (PID=13008) to work on /mnt/c/Users/Raj/OneDrive - Åbo Akademi O365/banking/venv/lib/python3.12/site-packages/airflow/example_dags/example_python_decorator.py
[2025-11-20T20:40:30.481+0500] {processor.py:830} INFO - Processing file /mnt/c/Users/Raj/OneDrive - Åbo Akademi O365/banking/venv/lib/python3.12/site-packages/airflow/example_dags/example_python_decorator.py for tasks to queue
[2025-11-20T20:40:30.485+0500] {logging_mixin.py:188} INFO - [2025-11-20T20:40:30.484+0500] {dagbag.py:545} INFO - Filling up the DagBag from /mnt/c/Users/Raj/OneDrive - Åbo Akademi O365/banking/venv/lib/python3.12/site-packages/airflow/example_dags/example_python_decorator.py
[2025-11-20T20:40:30.544+0500] {processor.py:840} INFO - DAG(s) 'example_python_decorator' retrieved from /mnt/c/Users/Raj/OneDrive - Åbo Akademi O365/banking/venv/lib/python3.12/site-packages/airflow/example_dags/example_python_decorator.py
[2025-11-20T20:40:30.593+0500] {logging_mixin.py:188} INFO - [2025-11-20T20:40:30.592+0500] {dag.py:3096} INFO - Sync 1 DAGs
[2025-11-20T20:40:30.619+0500] {logging_mixin.py:188} INFO - [2025-11-20T20:40:30.617+0500] {dag.py:3954} INFO - Setting next_dagrun for example_python_decorator to None, run_after=None
[2025-11-20T20:40:30.715+0500] {processor.py:183} INFO - Processing /mnt/c/Users/Raj/OneDrive - Åbo Akademi O365/banking/venv/lib/python3.12/site-packages/airflow/example_dags/example_python_decorator.py took 0.253 seconds
[2025-11-20T20:41:49.942+0500] {processor.py:161} INFO - Started process (PID=13275) to work on /mnt/c/Users/Raj/OneDrive - Åbo Akademi O365/banking/venv/lib/python3.12/site-packages/airflow/example_dags/example_python_decorator.py
[2025-11-20T20:41:49.945+0500] {processor.py:830} INFO - Processing file /mnt/c/Users/Raj/OneDrive - Åbo Akademi O365/banking/venv/lib/python3.12/site-packages/airflow/example_dags/example_python_decorator.py for tasks to queue
[2025-11-20T20:41:49.951+0500] {logging_mixin.py:188} INFO - [2025-11-20T20:41:49.949+0500] {dagbag.py:545} INFO - Filling up the DagBag from /mnt/c/Users/Raj/OneDrive - Åbo Akademi O365/banking/venv/lib/python3.12/site-packages/airflow/example_dags/example_python_decorator.py
[2025-11-20T20:41:50.012+0500] {processor.py:840} INFO - DAG(s) 'example_python_decorator' retrieved from /mnt/c/Users/Raj/OneDrive - Åbo Akademi O365/banking/venv/lib/python3.12/site-packages/airflow/example_dags/example_python_decorator.py
[2025-11-20T20:41:50.062+0500] {logging_mixin.py:188} INFO - [2025-11-20T20:41:50.060+0500] {dag.py:3096} INFO - Sync 1 DAGs
[2025-11-20T20:41:50.087+0500] {logging_mixin.py:188} INFO - [2025-11-20T20:41:50.086+0500] {dag.py:3954} INFO - Setting next_dagrun for example_python_decorator to None, run_after=None
[2025-11-20T20:41:50.184+0500] {processor.py:183} INFO - Processing /mnt/c/Users/Raj/OneDrive - Åbo Akademi O365/banking/venv/lib/python3.12/site-packages/airflow/example_dags/example_python_decorator.py took 0.262 seconds
[2025-11-20T20:43:07.018+0500] {processor.py:161} INFO - Started process (PID=13537) to work on /mnt/c/Users/Raj/OneDrive - Åbo Akademi O365/banking/venv/lib/python3.12/site-packages/airflow/example_dags/example_python_decorator.py
[2025-11-20T20:43:07.021+0500] {processor.py:830} INFO - Processing file /mnt/c/Users/Raj/OneDrive - Åbo Akademi O365/banking/venv/lib/python3.12/site-packages/airflow/example_dags/example_python_decorator.py for tasks to queue
[2025-11-20T20:43:07.025+0500] {logging_mixin.py:188} INFO - [2025-11-20T20:43:07.023+0500] {dagbag.py:545} INFO - Filling up the DagBag from /mnt/c/Users/Raj/OneDrive - Åbo Akademi O365/banking/venv/lib/python3.12/site-packages/airflow/example_dags/example_python_decorator.py
[2025-11-20T20:43:07.075+0500] {processor.py:840} INFO - DAG(s) 'example_python_decorator' retrieved from /mnt/c/Users/Raj/OneDrive - Åbo Akademi O365/banking/venv/lib/python3.12/site-packages/airflow/example_dags/example_python_decorator.py
[2025-11-20T20:43:07.128+0500] {logging_mixin.py:188} INFO - [2025-11-20T20:43:07.127+0500] {dag.py:3096} INFO - Sync 1 DAGs
[2025-11-20T20:43:07.151+0500] {logging_mixin.py:188} INFO - [2025-11-20T20:43:07.149+0500] {dag.py:3954} INFO - Setting next_dagrun for example_python_decorator to None, run_after=None
[2025-11-20T20:43:07.248+0500] {processor.py:183} INFO - Processing /mnt/c/Users/Raj/OneDrive - Åbo Akademi O365/banking/venv/lib/python3.12/site-packages/airflow/example_dags/example_python_decorator.py took 0.248 seconds
[2025-11-20T20:44:30.838+0500] {processor.py:161} INFO - Started process (PID=13840) to work on /mnt/c/Users/Raj/OneDrive - Åbo Akademi O365/banking/venv/lib/python3.12/site-packages/airflow/example_dags/example_python_decorator.py
[2025-11-20T20:44:30.841+0500] {processor.py:830} INFO - Processing file /mnt/c/Users/Raj/OneDrive - Åbo Akademi O365/banking/venv/lib/python3.12/site-packages/airflow/example_dags/example_python_decorator.py for tasks to queue
[2025-11-20T20:44:30.847+0500] {logging_mixin.py:188} INFO - [2025-11-20T20:44:30.845+0500] {dagbag.py:545} INFO - Filling up the DagBag from /mnt/c/Users/Raj/OneDrive - Åbo Akademi O365/banking/venv/lib/python3.12/site-packages/airflow/example_dags/example_python_decorator.py
[2025-11-20T20:44:30.908+0500] {processor.py:840} INFO - DAG(s) 'example_python_decorator' retrieved from /mnt/c/Users/Raj/OneDrive - Åbo Akademi O365/banking/venv/lib/python3.12/site-packages/airflow/example_dags/example_python_decorator.py
[2025-11-20T20:44:30.961+0500] {logging_mixin.py:188} INFO - [2025-11-20T20:44:30.959+0500] {dag.py:3096} INFO - Sync 1 DAGs
[2025-11-20T20:44:30.985+0500] {logging_mixin.py:188} INFO - [2025-11-20T20:44:30.984+0500] {dag.py:3954} INFO - Setting next_dagrun for example_python_decorator to None, run_after=None
[2025-11-20T20:44:31.085+0500] {processor.py:183} INFO - Processing /mnt/c/Users/Raj/OneDrive - Åbo Akademi O365/banking/venv/lib/python3.12/site-packages/airflow/example_dags/example_python_decorator.py took 0.271 seconds
[2025-11-20T20:45:52.615+0500] {processor.py:161} INFO - Started process (PID=14126) to work on /mnt/c/Users/Raj/OneDrive - Åbo Akademi O365/banking/venv/lib/python3.12/site-packages/airflow/example_dags/example_python_decorator.py
[2025-11-20T20:45:52.617+0500] {processor.py:830} INFO - Processing file /mnt/c/Users/Raj/OneDrive - Åbo Akademi O365/banking/venv/lib/python3.12/site-packages/airflow/example_dags/example_python_decorator.py for tasks to queue
[2025-11-20T20:45:52.622+0500] {logging_mixin.py:188} INFO - [2025-11-20T20:45:52.620+0500] {dagbag.py:545} INFO - Filling up the DagBag from /mnt/c/Users/Raj/OneDrive - Åbo Akademi O365/banking/venv/lib/python3.12/site-packages/airflow/example_dags/example_python_decorator.py
[2025-11-20T20:45:52.683+0500] {processor.py:840} INFO - DAG(s) 'example_python_decorator' retrieved from /mnt/c/Users/Raj/OneDrive - Åbo Akademi O365/banking/venv/lib/python3.12/site-packages/airflow/example_dags/example_python_decorator.py
[2025-11-20T20:45:52.734+0500] {logging_mixin.py:188} INFO - [2025-11-20T20:45:52.732+0500] {dag.py:3096} INFO - Sync 1 DAGs
[2025-11-20T20:45:52.753+0500] {logging_mixin.py:188} INFO - [2025-11-20T20:45:52.752+0500] {dag.py:3954} INFO - Setting next_dagrun for example_python_decorator to None, run_after=None
[2025-11-20T20:45:52.843+0500] {processor.py:183} INFO - Processing /mnt/c/Users/Raj/OneDrive - Åbo Akademi O365/banking/venv/lib/python3.12/site-packages/airflow/example_dags/example_python_decorator.py took 0.245 seconds
[2025-11-20T20:47:05.978+0500] {processor.py:161} INFO - Started process (PID=14537) to work on /mnt/c/Users/Raj/OneDrive - Åbo Akademi O365/banking/venv/lib/python3.12/site-packages/airflow/example_dags/example_python_decorator.py
[2025-11-20T20:47:05.984+0500] {processor.py:830} INFO - Processing file /mnt/c/Users/Raj/OneDrive - Åbo Akademi O365/banking/venv/lib/python3.12/site-packages/airflow/example_dags/example_python_decorator.py for tasks to queue
[2025-11-20T20:47:05.992+0500] {logging_mixin.py:188} INFO - [2025-11-20T20:47:05.989+0500] {dagbag.py:545} INFO - Filling up the DagBag from /mnt/c/Users/Raj/OneDrive - Åbo Akademi O365/banking/venv/lib/python3.12/site-packages/airflow/example_dags/example_python_decorator.py
[2025-11-20T20:47:06.063+0500] {processor.py:840} INFO - DAG(s) 'example_python_decorator' retrieved from /mnt/c/Users/Raj/OneDrive - Åbo Akademi O365/banking/venv/lib/python3.12/site-packages/airflow/example_dags/example_python_decorator.py
[2025-11-20T20:47:06.110+0500] {logging_mixin.py:188} INFO - [2025-11-20T20:47:06.109+0500] {dag.py:3096} INFO - Sync 1 DAGs
[2025-11-20T20:47:06.137+0500] {logging_mixin.py:188} INFO - [2025-11-20T20:47:06.135+0500] {dag.py:3954} INFO - Setting next_dagrun for example_python_decorator to None, run_after=None
[2025-11-20T20:47:06.240+0500] {processor.py:183} INFO - Processing /mnt/c/Users/Raj/OneDrive - Åbo Akademi O365/banking/venv/lib/python3.12/site-packages/airflow/example_dags/example_python_decorator.py took 0.289 seconds
[2025-11-20T20:48:23.793+0500] {processor.py:161} INFO - Started process (PID=14799) to work on /mnt/c/Users/Raj/OneDrive - Åbo Akademi O365/banking/venv/lib/python3.12/site-packages/airflow/example_dags/example_python_decorator.py
[2025-11-20T20:48:23.796+0500] {processor.py:830} INFO - Processing file /mnt/c/Users/Raj/OneDrive - Åbo Akademi O365/banking/venv/lib/python3.12/site-packages/airflow/example_dags/example_python_decorator.py for tasks to queue
[2025-11-20T20:48:23.801+0500] {logging_mixin.py:188} INFO - [2025-11-20T20:48:23.800+0500] {dagbag.py:545} INFO - Filling up the DagBag from /mnt/c/Users/Raj/OneDrive - Åbo Akademi O365/banking/venv/lib/python3.12/site-packages/airflow/example_dags/example_python_decorator.py
[2025-11-20T20:48:23.850+0500] {processor.py:840} INFO - DAG(s) 'example_python_decorator' retrieved from /mnt/c/Users/Raj/OneDrive - Åbo Akademi O365/banking/venv/lib/python3.12/site-packages/airflow/example_dags/example_python_decorator.py
[2025-11-20T20:48:23.897+0500] {logging_mixin.py:188} INFO - [2025-11-20T20:48:23.895+0500] {dag.py:3096} INFO - Sync 1 DAGs
[2025-11-20T20:48:23.920+0500] {logging_mixin.py:188} INFO - [2025-11-20T20:48:23.919+0500] {dag.py:3954} INFO - Setting next_dagrun for example_python_decorator to None, run_after=None
[2025-11-20T20:48:24.054+0500] {processor.py:183} INFO - Processing /mnt/c/Users/Raj/OneDrive - Åbo Akademi O365/banking/venv/lib/python3.12/site-packages/airflow/example_dags/example_python_decorator.py took 0.281 seconds
[2025-11-20T21:56:15.246+0500] {processor.py:161} INFO - Started process (PID=884) to work on /mnt/c/Users/Raj/OneDrive - Åbo Akademi O365/banking/venv/lib/python3.12/site-packages/airflow/example_dags/example_python_decorator.py
[2025-11-20T21:56:15.248+0500] {processor.py:830} INFO - Processing file /mnt/c/Users/Raj/OneDrive - Åbo Akademi O365/banking/venv/lib/python3.12/site-packages/airflow/example_dags/example_python_decorator.py for tasks to queue
[2025-11-20T21:56:15.262+0500] {logging_mixin.py:188} INFO - [2025-11-20T21:56:15.259+0500] {dagbag.py:545} INFO - Filling up the DagBag from /mnt/c/Users/Raj/OneDrive - Åbo Akademi O365/banking/venv/lib/python3.12/site-packages/airflow/example_dags/example_python_decorator.py
[2025-11-20T21:56:15.341+0500] {processor.py:840} INFO - DAG(s) 'example_python_decorator' retrieved from /mnt/c/Users/Raj/OneDrive - Åbo Akademi O365/banking/venv/lib/python3.12/site-packages/airflow/example_dags/example_python_decorator.py
[2025-11-20T21:56:17.523+0500] {logging_mixin.py:188} INFO - [2025-11-20T21:56:17.522+0500] {dag.py:3096} INFO - Sync 1 DAGs
[2025-11-20T21:56:17.541+0500] {logging_mixin.py:188} INFO - [2025-11-20T21:56:17.539+0500] {dag.py:3954} INFO - Setting next_dagrun for example_python_decorator to None, run_after=None
[2025-11-20T21:56:17.636+0500] {processor.py:183} INFO - Processing /mnt/c/Users/Raj/OneDrive - Åbo Akademi O365/banking/venv/lib/python3.12/site-packages/airflow/example_dags/example_python_decorator.py took 2.413 seconds
[2025-11-20T21:58:03.813+0500] {processor.py:161} INFO - Started process (PID=965) to work on /mnt/c/Users/Raj/OneDrive - Åbo Akademi O365/banking/venv/lib/python3.12/site-packages/airflow/example_dags/example_python_decorator.py
[2025-11-20T21:58:03.815+0500] {processor.py:830} INFO - Processing file /mnt/c/Users/Raj/OneDrive - Åbo Akademi O365/banking/venv/lib/python3.12/site-packages/airflow/example_dags/example_python_decorator.py for tasks to queue
[2025-11-20T21:58:03.820+0500] {logging_mixin.py:188} INFO - [2025-11-20T21:58:03.818+0500] {dagbag.py:545} INFO - Filling up the DagBag from /mnt/c/Users/Raj/OneDrive - Åbo Akademi O365/banking/venv/lib/python3.12/site-packages/airflow/example_dags/example_python_decorator.py
[2025-11-20T21:58:03.885+0500] {processor.py:840} INFO - DAG(s) 'example_python_decorator' retrieved from /mnt/c/Users/Raj/OneDrive - Åbo Akademi O365/banking/venv/lib/python3.12/site-packages/airflow/example_dags/example_python_decorator.py
[2025-11-20T21:58:03.935+0500] {logging_mixin.py:188} INFO - [2025-11-20T21:58:03.933+0500] {dag.py:3096} INFO - Sync 1 DAGs
[2025-11-20T21:58:03.960+0500] {logging_mixin.py:188} INFO - [2025-11-20T21:58:03.958+0500] {dag.py:3954} INFO - Setting next_dagrun for example_python_decorator to None, run_after=None
[2025-11-20T21:58:04.086+0500] {processor.py:183} INFO - Processing /mnt/c/Users/Raj/OneDrive - Åbo Akademi O365/banking/venv/lib/python3.12/site-packages/airflow/example_dags/example_python_decorator.py took 0.293 seconds
[2025-11-20T21:59:27.170+0500] {processor.py:161} INFO - Started process (PID=1065) to work on /mnt/c/Users/Raj/OneDrive - Åbo Akademi O365/banking/venv/lib/python3.12/site-packages/airflow/example_dags/example_python_decorator.py
[2025-11-20T21:59:27.173+0500] {processor.py:830} INFO - Processing file /mnt/c/Users/Raj/OneDrive - Åbo Akademi O365/banking/venv/lib/python3.12/site-packages/airflow/example_dags/example_python_decorator.py for tasks to queue
[2025-11-20T21:59:27.178+0500] {logging_mixin.py:188} INFO - [2025-11-20T21:59:27.176+0500] {dagbag.py:545} INFO - Filling up the DagBag from /mnt/c/Users/Raj/OneDrive - Åbo Akademi O365/banking/venv/lib/python3.12/site-packages/airflow/example_dags/example_python_decorator.py
[2025-11-20T21:59:27.242+0500] {processor.py:840} INFO - DAG(s) 'example_python_decorator' retrieved from /mnt/c/Users/Raj/OneDrive - Åbo Akademi O365/banking/venv/lib/python3.12/site-packages/airflow/example_dags/example_python_decorator.py
[2025-11-20T21:59:27.293+0500] {logging_mixin.py:188} INFO - [2025-11-20T21:59:27.292+0500] {dag.py:3096} INFO - Sync 1 DAGs
[2025-11-20T21:59:27.315+0500] {logging_mixin.py:188} INFO - [2025-11-20T21:59:27.314+0500] {dag.py:3954} INFO - Setting next_dagrun for example_python_decorator to None, run_after=None
[2025-11-20T21:59:27.412+0500] {processor.py:183} INFO - Processing /mnt/c/Users/Raj/OneDrive - Åbo Akademi O365/banking/venv/lib/python3.12/site-packages/airflow/example_dags/example_python_decorator.py took 0.259 seconds
[2025-11-20T22:00:43.119+0500] {processor.py:161} INFO - Started process (PID=1122) to work on /mnt/c/Users/Raj/OneDrive - Åbo Akademi O365/banking/venv/lib/python3.12/site-packages/airflow/example_dags/example_python_decorator.py
[2025-11-20T22:00:43.122+0500] {processor.py:830} INFO - Processing file /mnt/c/Users/Raj/OneDrive - Åbo Akademi O365/banking/venv/lib/python3.12/site-packages/airflow/example_dags/example_python_decorator.py for tasks to queue
[2025-11-20T22:00:43.129+0500] {logging_mixin.py:188} INFO - [2025-11-20T22:00:43.127+0500] {dagbag.py:545} INFO - Filling up the DagBag from /mnt/c/Users/Raj/OneDrive - Åbo Akademi O365/banking/venv/lib/python3.12/site-packages/airflow/example_dags/example_python_decorator.py
[2025-11-20T22:00:43.203+0500] {processor.py:840} INFO - DAG(s) 'example_python_decorator' retrieved from /mnt/c/Users/Raj/OneDrive - Åbo Akademi O365/banking/venv/lib/python3.12/site-packages/airflow/example_dags/example_python_decorator.py
[2025-11-20T22:00:43.253+0500] {logging_mixin.py:188} INFO - [2025-11-20T22:00:43.252+0500] {dag.py:3096} INFO - Sync 1 DAGs
[2025-11-20T22:00:43.276+0500] {logging_mixin.py:188} INFO - [2025-11-20T22:00:43.274+0500] {dag.py:3954} INFO - Setting next_dagrun for example_python_decorator to None, run_after=None
[2025-11-20T22:00:43.380+0500] {processor.py:183} INFO - Processing /mnt/c/Users/Raj/OneDrive - Åbo Akademi O365/banking/venv/lib/python3.12/site-packages/airflow/example_dags/example_python_decorator.py took 0.285 seconds
[2025-11-20T22:02:11.504+0500] {processor.py:161} INFO - Started process (PID=1183) to work on /mnt/c/Users/Raj/OneDrive - Åbo Akademi O365/banking/venv/lib/python3.12/site-packages/airflow/example_dags/example_python_decorator.py
[2025-11-20T22:02:11.507+0500] {processor.py:830} INFO - Processing file /mnt/c/Users/Raj/OneDrive - Åbo Akademi O365/banking/venv/lib/python3.12/site-packages/airflow/example_dags/example_python_decorator.py for tasks to queue
[2025-11-20T22:02:11.513+0500] {logging_mixin.py:188} INFO - [2025-11-20T22:02:11.511+0500] {dagbag.py:545} INFO - Filling up the DagBag from /mnt/c/Users/Raj/OneDrive - Åbo Akademi O365/banking/venv/lib/python3.12/site-packages/airflow/example_dags/example_python_decorator.py
[2025-11-20T22:02:11.572+0500] {processor.py:840} INFO - DAG(s) 'example_python_decorator' retrieved from /mnt/c/Users/Raj/OneDrive - Åbo Akademi O365/banking/venv/lib/python3.12/site-packages/airflow/example_dags/example_python_decorator.py
[2025-11-20T22:02:11.623+0500] {logging_mixin.py:188} INFO - [2025-11-20T22:02:11.621+0500] {dag.py:3096} INFO - Sync 1 DAGs
[2025-11-20T22:02:11.647+0500] {logging_mixin.py:188} INFO - [2025-11-20T22:02:11.645+0500] {dag.py:3954} INFO - Setting next_dagrun for example_python_decorator to None, run_after=None
[2025-11-20T22:02:11.746+0500] {processor.py:183} INFO - Processing /mnt/c/Users/Raj/OneDrive - Åbo Akademi O365/banking/venv/lib/python3.12/site-packages/airflow/example_dags/example_python_decorator.py took 0.263 seconds
[2025-11-20T22:03:39.623+0500] {processor.py:161} INFO - Started process (PID=1256) to work on /mnt/c/Users/Raj/OneDrive - Åbo Akademi O365/banking/venv/lib/python3.12/site-packages/airflow/example_dags/example_python_decorator.py
[2025-11-20T22:03:39.625+0500] {processor.py:830} INFO - Processing file /mnt/c/Users/Raj/OneDrive - Åbo Akademi O365/banking/venv/lib/python3.12/site-packages/airflow/example_dags/example_python_decorator.py for tasks to queue
[2025-11-20T22:03:39.630+0500] {logging_mixin.py:188} INFO - [2025-11-20T22:03:39.628+0500] {dagbag.py:545} INFO - Filling up the DagBag from /mnt/c/Users/Raj/OneDrive - Åbo Akademi O365/banking/venv/lib/python3.12/site-packages/airflow/example_dags/example_python_decorator.py
[2025-11-20T22:03:39.695+0500] {processor.py:840} INFO - DAG(s) 'example_python_decorator' retrieved from /mnt/c/Users/Raj/OneDrive - Åbo Akademi O365/banking/venv/lib/python3.12/site-packages/airflow/example_dags/example_python_decorator.py
[2025-11-20T22:03:39.751+0500] {logging_mixin.py:188} INFO - [2025-11-20T22:03:39.750+0500] {dag.py:3096} INFO - Sync 1 DAGs
[2025-11-20T22:03:39.779+0500] {logging_mixin.py:188} INFO - [2025-11-20T22:03:39.777+0500] {dag.py:3954} INFO - Setting next_dagrun for example_python_decorator to None, run_after=None
[2025-11-20T22:03:39.896+0500] {processor.py:183} INFO - Processing /mnt/c/Users/Raj/OneDrive - Åbo Akademi O365/banking/venv/lib/python3.12/site-packages/airflow/example_dags/example_python_decorator.py took 0.295 seconds
[2025-11-20T22:05:02.417+0500] {processor.py:161} INFO - Started process (PID=1317) to work on /mnt/c/Users/Raj/OneDrive - Åbo Akademi O365/banking/venv/lib/python3.12/site-packages/airflow/example_dags/example_python_decorator.py
[2025-11-20T22:05:02.420+0500] {processor.py:830} INFO - Processing file /mnt/c/Users/Raj/OneDrive - Åbo Akademi O365/banking/venv/lib/python3.12/site-packages/airflow/example_dags/example_python_decorator.py for tasks to queue
[2025-11-20T22:05:02.425+0500] {logging_mixin.py:188} INFO - [2025-11-20T22:05:02.423+0500] {dagbag.py:545} INFO - Filling up the DagBag from /mnt/c/Users/Raj/OneDrive - Åbo Akademi O365/banking/venv/lib/python3.12/site-packages/airflow/example_dags/example_python_decorator.py
[2025-11-20T22:05:02.491+0500] {processor.py:840} INFO - DAG(s) 'example_python_decorator' retrieved from /mnt/c/Users/Raj/OneDrive - Åbo Akademi O365/banking/venv/lib/python3.12/site-packages/airflow/example_dags/example_python_decorator.py
[2025-11-20T22:05:02.549+0500] {logging_mixin.py:188} INFO - [2025-11-20T22:05:02.547+0500] {dag.py:3096} INFO - Sync 1 DAGs
[2025-11-20T22:05:02.576+0500] {logging_mixin.py:188} INFO - [2025-11-20T22:05:02.574+0500] {dag.py:3954} INFO - Setting next_dagrun for example_python_decorator to None, run_after=None
[2025-11-20T22:05:02.674+0500] {processor.py:183} INFO - Processing /mnt/c/Users/Raj/OneDrive - Åbo Akademi O365/banking/venv/lib/python3.12/site-packages/airflow/example_dags/example_python_decorator.py took 0.280 seconds
[2025-11-20T22:06:28.035+0500] {processor.py:161} INFO - Started process (PID=1385) to work on /mnt/c/Users/Raj/OneDrive - Åbo Akademi O365/banking/venv/lib/python3.12/site-packages/airflow/example_dags/example_python_decorator.py
[2025-11-20T22:06:28.037+0500] {processor.py:830} INFO - Processing file /mnt/c/Users/Raj/OneDrive - Åbo Akademi O365/banking/venv/lib/python3.12/site-packages/airflow/example_dags/example_python_decorator.py for tasks to queue
[2025-11-20T22:06:28.042+0500] {logging_mixin.py:188} INFO - [2025-11-20T22:06:28.040+0500] {dagbag.py:545} INFO - Filling up the DagBag from /mnt/c/Users/Raj/OneDrive - Åbo Akademi O365/banking/venv/lib/python3.12/site-packages/airflow/example_dags/example_python_decorator.py
[2025-11-20T22:06:28.111+0500] {processor.py:840} INFO - DAG(s) 'example_python_decorator' retrieved from /mnt/c/Users/Raj/OneDrive - Åbo Akademi O365/banking/venv/lib/python3.12/site-packages/airflow/example_dags/example_python_decorator.py
[2025-11-20T22:06:28.164+0500] {logging_mixin.py:188} INFO - [2025-11-20T22:06:28.162+0500] {dag.py:3096} INFO - Sync 1 DAGs
[2025-11-20T22:06:28.188+0500] {logging_mixin.py:188} INFO - [2025-11-20T22:06:28.187+0500] {dag.py:3954} INFO - Setting next_dagrun for example_python_decorator to None, run_after=None
[2025-11-20T22:06:28.294+0500] {processor.py:183} INFO - Processing /mnt/c/Users/Raj/OneDrive - Åbo Akademi O365/banking/venv/lib/python3.12/site-packages/airflow/example_dags/example_python_decorator.py took 0.282 seconds
[2025-11-20T22:07:56.171+0500] {processor.py:161} INFO - Started process (PID=1448) to work on /mnt/c/Users/Raj/OneDrive - Åbo Akademi O365/banking/venv/lib/python3.12/site-packages/airflow/example_dags/example_python_decorator.py
[2025-11-20T22:07:56.174+0500] {processor.py:830} INFO - Processing file /mnt/c/Users/Raj/OneDrive - Åbo Akademi O365/banking/venv/lib/python3.12/site-packages/airflow/example_dags/example_python_decorator.py for tasks to queue
[2025-11-20T22:07:56.179+0500] {logging_mixin.py:188} INFO - [2025-11-20T22:07:56.177+0500] {dagbag.py:545} INFO - Filling up the DagBag from /mnt/c/Users/Raj/OneDrive - Åbo Akademi O365/banking/venv/lib/python3.12/site-packages/airflow/example_dags/example_python_decorator.py
[2025-11-20T22:07:56.233+0500] {processor.py:840} INFO - DAG(s) 'example_python_decorator' retrieved from /mnt/c/Users/Raj/OneDrive - Åbo Akademi O365/banking/venv/lib/python3.12/site-packages/airflow/example_dags/example_python_decorator.py
[2025-11-20T22:07:56.276+0500] {logging_mixin.py:188} INFO - [2025-11-20T22:07:56.275+0500] {dag.py:3096} INFO - Sync 1 DAGs
[2025-11-20T22:07:56.295+0500] {logging_mixin.py:188} INFO - [2025-11-20T22:07:56.294+0500] {dag.py:3954} INFO - Setting next_dagrun for example_python_decorator to None, run_after=None
[2025-11-20T22:07:56.417+0500] {processor.py:183} INFO - Processing /mnt/c/Users/Raj/OneDrive - Åbo Akademi O365/banking/venv/lib/python3.12/site-packages/airflow/example_dags/example_python_decorator.py took 0.267 seconds
[2025-11-20T22:09:25.320+0500] {processor.py:161} INFO - Started process (PID=1514) to work on /mnt/c/Users/Raj/OneDrive - Åbo Akademi O365/banking/venv/lib/python3.12/site-packages/airflow/example_dags/example_python_decorator.py
[2025-11-20T22:09:25.323+0500] {processor.py:830} INFO - Processing file /mnt/c/Users/Raj/OneDrive - Åbo Akademi O365/banking/venv/lib/python3.12/site-packages/airflow/example_dags/example_python_decorator.py for tasks to queue
[2025-11-20T22:09:25.328+0500] {logging_mixin.py:188} INFO - [2025-11-20T22:09:25.326+0500] {dagbag.py:545} INFO - Filling up the DagBag from /mnt/c/Users/Raj/OneDrive - Åbo Akademi O365/banking/venv/lib/python3.12/site-packages/airflow/example_dags/example_python_decorator.py
[2025-11-20T22:09:25.396+0500] {processor.py:840} INFO - DAG(s) 'example_python_decorator' retrieved from /mnt/c/Users/Raj/OneDrive - Åbo Akademi O365/banking/venv/lib/python3.12/site-packages/airflow/example_dags/example_python_decorator.py
[2025-11-20T22:09:25.473+0500] {logging_mixin.py:188} INFO - [2025-11-20T22:09:25.472+0500] {dag.py:3096} INFO - Sync 1 DAGs
[2025-11-20T22:09:25.516+0500] {logging_mixin.py:188} INFO - [2025-11-20T22:09:25.513+0500] {dag.py:3954} INFO - Setting next_dagrun for example_python_decorator to None, run_after=None
[2025-11-20T22:09:25.649+0500] {processor.py:183} INFO - Processing /mnt/c/Users/Raj/OneDrive - Åbo Akademi O365/banking/venv/lib/python3.12/site-packages/airflow/example_dags/example_python_decorator.py took 0.351 seconds
[2025-11-20T22:10:59.966+0500] {processor.py:161} INFO - Started process (PID=1581) to work on /mnt/c/Users/Raj/OneDrive - Åbo Akademi O365/banking/venv/lib/python3.12/site-packages/airflow/example_dags/example_python_decorator.py
[2025-11-20T22:10:59.969+0500] {processor.py:830} INFO - Processing file /mnt/c/Users/Raj/OneDrive - Åbo Akademi O365/banking/venv/lib/python3.12/site-packages/airflow/example_dags/example_python_decorator.py for tasks to queue
[2025-11-20T22:10:59.974+0500] {logging_mixin.py:188} INFO - [2025-11-20T22:10:59.972+0500] {dagbag.py:545} INFO - Filling up the DagBag from /mnt/c/Users/Raj/OneDrive - Åbo Akademi O365/banking/venv/lib/python3.12/site-packages/airflow/example_dags/example_python_decorator.py
[2025-11-20T22:11:00.050+0500] {processor.py:840} INFO - DAG(s) 'example_python_decorator' retrieved from /mnt/c/Users/Raj/OneDrive - Åbo Akademi O365/banking/venv/lib/python3.12/site-packages/airflow/example_dags/example_python_decorator.py
[2025-11-20T22:11:00.121+0500] {logging_mixin.py:188} INFO - [2025-11-20T22:11:00.119+0500] {dag.py:3096} INFO - Sync 1 DAGs
[2025-11-20T22:11:00.148+0500] {logging_mixin.py:188} INFO - [2025-11-20T22:11:00.147+0500] {dag.py:3954} INFO - Setting next_dagrun for example_python_decorator to None, run_after=None
[2025-11-20T22:11:00.231+0500] {processor.py:183} INFO - Processing /mnt/c/Users/Raj/OneDrive - Åbo Akademi O365/banking/venv/lib/python3.12/site-packages/airflow/example_dags/example_python_decorator.py took 0.310 seconds
[2025-11-20T22:12:21.130+0500] {processor.py:161} INFO - Started process (PID=1649) to work on /mnt/c/Users/Raj/OneDrive - Åbo Akademi O365/banking/venv/lib/python3.12/site-packages/airflow/example_dags/example_python_decorator.py
[2025-11-20T22:12:21.133+0500] {processor.py:830} INFO - Processing file /mnt/c/Users/Raj/OneDrive - Åbo Akademi O365/banking/venv/lib/python3.12/site-packages/airflow/example_dags/example_python_decorator.py for tasks to queue
[2025-11-20T22:12:21.137+0500] {logging_mixin.py:188} INFO - [2025-11-20T22:12:21.136+0500] {dagbag.py:545} INFO - Filling up the DagBag from /mnt/c/Users/Raj/OneDrive - Åbo Akademi O365/banking/venv/lib/python3.12/site-packages/airflow/example_dags/example_python_decorator.py
[2025-11-20T22:12:21.194+0500] {processor.py:840} INFO - DAG(s) 'example_python_decorator' retrieved from /mnt/c/Users/Raj/OneDrive - Åbo Akademi O365/banking/venv/lib/python3.12/site-packages/airflow/example_dags/example_python_decorator.py
[2025-11-20T22:12:21.235+0500] {logging_mixin.py:188} INFO - [2025-11-20T22:12:21.234+0500] {dag.py:3096} INFO - Sync 1 DAGs
[2025-11-20T22:12:21.261+0500] {logging_mixin.py:188} INFO - [2025-11-20T22:12:21.259+0500] {dag.py:3954} INFO - Setting next_dagrun for example_python_decorator to None, run_after=None
[2025-11-20T22:12:21.354+0500] {processor.py:183} INFO - Processing /mnt/c/Users/Raj/OneDrive - Åbo Akademi O365/banking/venv/lib/python3.12/site-packages/airflow/example_dags/example_python_decorator.py took 0.243 seconds
[2025-11-20T22:13:45.858+0500] {processor.py:161} INFO - Started process (PID=1713) to work on /mnt/c/Users/Raj/OneDrive - Åbo Akademi O365/banking/venv/lib/python3.12/site-packages/airflow/example_dags/example_python_decorator.py
[2025-11-20T22:13:45.860+0500] {processor.py:830} INFO - Processing file /mnt/c/Users/Raj/OneDrive - Åbo Akademi O365/banking/venv/lib/python3.12/site-packages/airflow/example_dags/example_python_decorator.py for tasks to queue
[2025-11-20T22:13:45.863+0500] {logging_mixin.py:188} INFO - [2025-11-20T22:13:45.862+0500] {dagbag.py:545} INFO - Filling up the DagBag from /mnt/c/Users/Raj/OneDrive - Åbo Akademi O365/banking/venv/lib/python3.12/site-packages/airflow/example_dags/example_python_decorator.py
[2025-11-20T22:13:45.928+0500] {processor.py:840} INFO - DAG(s) 'example_python_decorator' retrieved from /mnt/c/Users/Raj/OneDrive - Åbo Akademi O365/banking/venv/lib/python3.12/site-packages/airflow/example_dags/example_python_decorator.py
[2025-11-20T22:13:45.982+0500] {logging_mixin.py:188} INFO - [2025-11-20T22:13:45.980+0500] {dag.py:3096} INFO - Sync 1 DAGs
[2025-11-20T22:13:46.017+0500] {logging_mixin.py:188} INFO - [2025-11-20T22:13:46.015+0500] {dag.py:3954} INFO - Setting next_dagrun for example_python_decorator to None, run_after=None
[2025-11-20T22:13:46.145+0500] {processor.py:183} INFO - Processing /mnt/c/Users/Raj/OneDrive - Åbo Akademi O365/banking/venv/lib/python3.12/site-packages/airflow/example_dags/example_python_decorator.py took 0.308 seconds
[2025-11-20T22:15:09.972+0500] {processor.py:161} INFO - Started process (PID=1774) to work on /mnt/c/Users/Raj/OneDrive - Åbo Akademi O365/banking/venv/lib/python3.12/site-packages/airflow/example_dags/example_python_decorator.py
[2025-11-20T22:15:09.974+0500] {processor.py:830} INFO - Processing file /mnt/c/Users/Raj/OneDrive - Åbo Akademi O365/banking/venv/lib/python3.12/site-packages/airflow/example_dags/example_python_decorator.py for tasks to queue
[2025-11-20T22:15:09.978+0500] {logging_mixin.py:188} INFO - [2025-11-20T22:15:09.976+0500] {dagbag.py:545} INFO - Filling up the DagBag from /mnt/c/Users/Raj/OneDrive - Åbo Akademi O365/banking/venv/lib/python3.12/site-packages/airflow/example_dags/example_python_decorator.py
[2025-11-20T22:15:10.038+0500] {processor.py:840} INFO - DAG(s) 'example_python_decorator' retrieved from /mnt/c/Users/Raj/OneDrive - Åbo Akademi O365/banking/venv/lib/python3.12/site-packages/airflow/example_dags/example_python_decorator.py
[2025-11-20T22:15:10.094+0500] {logging_mixin.py:188} INFO - [2025-11-20T22:15:10.093+0500] {dag.py:3096} INFO - Sync 1 DAGs
[2025-11-20T22:15:10.115+0500] {logging_mixin.py:188} INFO - [2025-11-20T22:15:10.113+0500] {dag.py:3954} INFO - Setting next_dagrun for example_python_decorator to None, run_after=None
[2025-11-20T22:15:10.199+0500] {processor.py:183} INFO - Processing /mnt/c/Users/Raj/OneDrive - Åbo Akademi O365/banking/venv/lib/python3.12/site-packages/airflow/example_dags/example_python_decorator.py took 0.250 seconds
[2025-11-20T22:16:41.289+0500] {processor.py:161} INFO - Started process (PID=1837) to work on /mnt/c/Users/Raj/OneDrive - Åbo Akademi O365/banking/venv/lib/python3.12/site-packages/airflow/example_dags/example_python_decorator.py
[2025-11-20T22:16:41.292+0500] {processor.py:830} INFO - Processing file /mnt/c/Users/Raj/OneDrive - Åbo Akademi O365/banking/venv/lib/python3.12/site-packages/airflow/example_dags/example_python_decorator.py for tasks to queue
[2025-11-20T22:16:41.296+0500] {logging_mixin.py:188} INFO - [2025-11-20T22:16:41.295+0500] {dagbag.py:545} INFO - Filling up the DagBag from /mnt/c/Users/Raj/OneDrive - Åbo Akademi O365/banking/venv/lib/python3.12/site-packages/airflow/example_dags/example_python_decorator.py
[2025-11-20T22:16:41.353+0500] {processor.py:840} INFO - DAG(s) 'example_python_decorator' retrieved from /mnt/c/Users/Raj/OneDrive - Åbo Akademi O365/banking/venv/lib/python3.12/site-packages/airflow/example_dags/example_python_decorator.py
[2025-11-20T22:16:41.408+0500] {logging_mixin.py:188} INFO - [2025-11-20T22:16:41.406+0500] {dag.py:3096} INFO - Sync 1 DAGs
[2025-11-20T22:16:41.434+0500] {logging_mixin.py:188} INFO - [2025-11-20T22:16:41.433+0500] {dag.py:3954} INFO - Setting next_dagrun for example_python_decorator to None, run_after=None
[2025-11-20T22:16:41.541+0500] {processor.py:183} INFO - Processing /mnt/c/Users/Raj/OneDrive - Åbo Akademi O365/banking/venv/lib/python3.12/site-packages/airflow/example_dags/example_python_decorator.py took 0.276 seconds
[2025-11-20T22:18:11.638+0500] {processor.py:161} INFO - Started process (PID=1904) to work on /mnt/c/Users/Raj/OneDrive - Åbo Akademi O365/banking/venv/lib/python3.12/site-packages/airflow/example_dags/example_python_decorator.py
[2025-11-20T22:18:11.641+0500] {processor.py:830} INFO - Processing file /mnt/c/Users/Raj/OneDrive - Åbo Akademi O365/banking/venv/lib/python3.12/site-packages/airflow/example_dags/example_python_decorator.py for tasks to queue
[2025-11-20T22:18:11.645+0500] {logging_mixin.py:188} INFO - [2025-11-20T22:18:11.643+0500] {dagbag.py:545} INFO - Filling up the DagBag from /mnt/c/Users/Raj/OneDrive - Åbo Akademi O365/banking/venv/lib/python3.12/site-packages/airflow/example_dags/example_python_decorator.py
[2025-11-20T22:18:11.710+0500] {processor.py:840} INFO - DAG(s) 'example_python_decorator' retrieved from /mnt/c/Users/Raj/OneDrive - Åbo Akademi O365/banking/venv/lib/python3.12/site-packages/airflow/example_dags/example_python_decorator.py
[2025-11-20T22:18:11.777+0500] {logging_mixin.py:188} INFO - [2025-11-20T22:18:11.775+0500] {dag.py:3096} INFO - Sync 1 DAGs
[2025-11-20T22:18:11.805+0500] {logging_mixin.py:188} INFO - [2025-11-20T22:18:11.803+0500] {dag.py:3954} INFO - Setting next_dagrun for example_python_decorator to None, run_after=None
[2025-11-20T22:18:11.904+0500] {processor.py:183} INFO - Processing /mnt/c/Users/Raj/OneDrive - Åbo Akademi O365/banking/venv/lib/python3.12/site-packages/airflow/example_dags/example_python_decorator.py took 0.289 seconds
[2025-11-20T22:19:31.804+0500] {processor.py:161} INFO - Started process (PID=1966) to work on /mnt/c/Users/Raj/OneDrive - Åbo Akademi O365/banking/venv/lib/python3.12/site-packages/airflow/example_dags/example_python_decorator.py
[2025-11-20T22:19:31.806+0500] {processor.py:830} INFO - Processing file /mnt/c/Users/Raj/OneDrive - Åbo Akademi O365/banking/venv/lib/python3.12/site-packages/airflow/example_dags/example_python_decorator.py for tasks to queue
[2025-11-20T22:19:31.810+0500] {logging_mixin.py:188} INFO - [2025-11-20T22:19:31.808+0500] {dagbag.py:545} INFO - Filling up the DagBag from /mnt/c/Users/Raj/OneDrive - Åbo Akademi O365/banking/venv/lib/python3.12/site-packages/airflow/example_dags/example_python_decorator.py
[2025-11-20T22:19:31.892+0500] {processor.py:840} INFO - DAG(s) 'example_python_decorator' retrieved from /mnt/c/Users/Raj/OneDrive - Åbo Akademi O365/banking/venv/lib/python3.12/site-packages/airflow/example_dags/example_python_decorator.py
[2025-11-20T22:19:31.947+0500] {logging_mixin.py:188} INFO - [2025-11-20T22:19:31.946+0500] {dag.py:3096} INFO - Sync 1 DAGs
[2025-11-20T22:19:31.977+0500] {logging_mixin.py:188} INFO - [2025-11-20T22:19:31.975+0500] {dag.py:3954} INFO - Setting next_dagrun for example_python_decorator to None, run_after=None
[2025-11-20T22:19:32.085+0500] {processor.py:183} INFO - Processing /mnt/c/Users/Raj/OneDrive - Åbo Akademi O365/banking/venv/lib/python3.12/site-packages/airflow/example_dags/example_python_decorator.py took 0.298 seconds
[2025-11-20T22:21:08.284+0500] {processor.py:161} INFO - Started process (PID=2041) to work on /mnt/c/Users/Raj/OneDrive - Åbo Akademi O365/banking/venv/lib/python3.12/site-packages/airflow/example_dags/example_python_decorator.py
[2025-11-20T22:21:08.286+0500] {processor.py:830} INFO - Processing file /mnt/c/Users/Raj/OneDrive - Åbo Akademi O365/banking/venv/lib/python3.12/site-packages/airflow/example_dags/example_python_decorator.py for tasks to queue
[2025-11-20T22:21:08.291+0500] {logging_mixin.py:188} INFO - [2025-11-20T22:21:08.289+0500] {dagbag.py:545} INFO - Filling up the DagBag from /mnt/c/Users/Raj/OneDrive - Åbo Akademi O365/banking/venv/lib/python3.12/site-packages/airflow/example_dags/example_python_decorator.py
[2025-11-20T22:21:08.349+0500] {processor.py:840} INFO - DAG(s) 'example_python_decorator' retrieved from /mnt/c/Users/Raj/OneDrive - Åbo Akademi O365/banking/venv/lib/python3.12/site-packages/airflow/example_dags/example_python_decorator.py
[2025-11-20T22:21:08.395+0500] {logging_mixin.py:188} INFO - [2025-11-20T22:21:08.394+0500] {dag.py:3096} INFO - Sync 1 DAGs
[2025-11-20T22:21:08.423+0500] {logging_mixin.py:188} INFO - [2025-11-20T22:21:08.421+0500] {dag.py:3954} INFO - Setting next_dagrun for example_python_decorator to None, run_after=None
[2025-11-20T22:21:08.522+0500] {processor.py:183} INFO - Processing /mnt/c/Users/Raj/OneDrive - Åbo Akademi O365/banking/venv/lib/python3.12/site-packages/airflow/example_dags/example_python_decorator.py took 0.257 seconds
[2025-11-20T22:22:25.865+0500] {processor.py:161} INFO - Started process (PID=2101) to work on /mnt/c/Users/Raj/OneDrive - Åbo Akademi O365/banking/venv/lib/python3.12/site-packages/airflow/example_dags/example_python_decorator.py
[2025-11-20T22:22:25.867+0500] {processor.py:830} INFO - Processing file /mnt/c/Users/Raj/OneDrive - Åbo Akademi O365/banking/venv/lib/python3.12/site-packages/airflow/example_dags/example_python_decorator.py for tasks to queue
[2025-11-20T22:22:25.869+0500] {logging_mixin.py:188} INFO - [2025-11-20T22:22:25.868+0500] {dagbag.py:545} INFO - Filling up the DagBag from /mnt/c/Users/Raj/OneDrive - Åbo Akademi O365/banking/venv/lib/python3.12/site-packages/airflow/example_dags/example_python_decorator.py
[2025-11-20T22:22:25.921+0500] {processor.py:840} INFO - DAG(s) 'example_python_decorator' retrieved from /mnt/c/Users/Raj/OneDrive - Åbo Akademi O365/banking/venv/lib/python3.12/site-packages/airflow/example_dags/example_python_decorator.py
[2025-11-20T22:22:25.959+0500] {logging_mixin.py:188} INFO - [2025-11-20T22:22:25.957+0500] {dag.py:3096} INFO - Sync 1 DAGs
[2025-11-20T22:22:25.979+0500] {logging_mixin.py:188} INFO - [2025-11-20T22:22:25.978+0500] {dag.py:3954} INFO - Setting next_dagrun for example_python_decorator to None, run_after=None
[2025-11-20T22:22:26.070+0500] {processor.py:183} INFO - Processing /mnt/c/Users/Raj/OneDrive - Åbo Akademi O365/banking/venv/lib/python3.12/site-packages/airflow/example_dags/example_python_decorator.py took 0.222 seconds
[2025-11-20T22:23:38.864+0500] {processor.py:161} INFO - Started process (PID=2159) to work on /mnt/c/Users/Raj/OneDrive - Åbo Akademi O365/banking/venv/lib/python3.12/site-packages/airflow/example_dags/example_python_decorator.py
[2025-11-20T22:23:38.866+0500] {processor.py:830} INFO - Processing file /mnt/c/Users/Raj/OneDrive - Åbo Akademi O365/banking/venv/lib/python3.12/site-packages/airflow/example_dags/example_python_decorator.py for tasks to queue
[2025-11-20T22:23:38.870+0500] {logging_mixin.py:188} INFO - [2025-11-20T22:23:38.869+0500] {dagbag.py:545} INFO - Filling up the DagBag from /mnt/c/Users/Raj/OneDrive - Åbo Akademi O365/banking/venv/lib/python3.12/site-packages/airflow/example_dags/example_python_decorator.py
[2025-11-20T22:23:38.915+0500] {processor.py:840} INFO - DAG(s) 'example_python_decorator' retrieved from /mnt/c/Users/Raj/OneDrive - Åbo Akademi O365/banking/venv/lib/python3.12/site-packages/airflow/example_dags/example_python_decorator.py
[2025-11-20T22:23:38.964+0500] {logging_mixin.py:188} INFO - [2025-11-20T22:23:38.963+0500] {dag.py:3096} INFO - Sync 1 DAGs
[2025-11-20T22:23:38.983+0500] {logging_mixin.py:188} INFO - [2025-11-20T22:23:38.982+0500] {dag.py:3954} INFO - Setting next_dagrun for example_python_decorator to None, run_after=None
[2025-11-20T22:23:39.073+0500] {processor.py:183} INFO - Processing /mnt/c/Users/Raj/OneDrive - Åbo Akademi O365/banking/venv/lib/python3.12/site-packages/airflow/example_dags/example_python_decorator.py took 0.223 seconds
[2025-11-20T22:25:08.974+0500] {processor.py:161} INFO - Started process (PID=2243) to work on /mnt/c/Users/Raj/OneDrive - Åbo Akademi O365/banking/venv/lib/python3.12/site-packages/airflow/example_dags/example_python_decorator.py
[2025-11-20T22:25:08.976+0500] {processor.py:830} INFO - Processing file /mnt/c/Users/Raj/OneDrive - Åbo Akademi O365/banking/venv/lib/python3.12/site-packages/airflow/example_dags/example_python_decorator.py for tasks to queue
[2025-11-20T22:25:08.980+0500] {logging_mixin.py:188} INFO - [2025-11-20T22:25:08.979+0500] {dagbag.py:545} INFO - Filling up the DagBag from /mnt/c/Users/Raj/OneDrive - Åbo Akademi O365/banking/venv/lib/python3.12/site-packages/airflow/example_dags/example_python_decorator.py
[2025-11-20T22:25:09.037+0500] {processor.py:840} INFO - DAG(s) 'example_python_decorator' retrieved from /mnt/c/Users/Raj/OneDrive - Åbo Akademi O365/banking/venv/lib/python3.12/site-packages/airflow/example_dags/example_python_decorator.py
[2025-11-20T22:25:09.083+0500] {logging_mixin.py:188} INFO - [2025-11-20T22:25:09.082+0500] {dag.py:3096} INFO - Sync 1 DAGs
[2025-11-20T22:25:09.112+0500] {logging_mixin.py:188} INFO - [2025-11-20T22:25:09.110+0500] {dag.py:3954} INFO - Setting next_dagrun for example_python_decorator to None, run_after=None
[2025-11-20T22:25:09.208+0500] {processor.py:183} INFO - Processing /mnt/c/Users/Raj/OneDrive - Åbo Akademi O365/banking/venv/lib/python3.12/site-packages/airflow/example_dags/example_python_decorator.py took 0.253 seconds
[2025-11-20T22:27:25.496+0500] {processor.py:161} INFO - Started process (PID=2337) to work on /mnt/c/Users/Raj/OneDrive - Åbo Akademi O365/banking/venv/lib/python3.12/site-packages/airflow/example_dags/example_python_decorator.py
[2025-11-20T22:27:25.509+0500] {processor.py:830} INFO - Processing file /mnt/c/Users/Raj/OneDrive - Åbo Akademi O365/banking/venv/lib/python3.12/site-packages/airflow/example_dags/example_python_decorator.py for tasks to queue
[2025-11-20T22:27:25.514+0500] {logging_mixin.py:188} INFO - [2025-11-20T22:27:25.512+0500] {dagbag.py:545} INFO - Filling up the DagBag from /mnt/c/Users/Raj/OneDrive - Åbo Akademi O365/banking/venv/lib/python3.12/site-packages/airflow/example_dags/example_python_decorator.py
[2025-11-20T22:27:25.651+0500] {processor.py:840} INFO - DAG(s) 'example_python_decorator' retrieved from /mnt/c/Users/Raj/OneDrive - Åbo Akademi O365/banking/venv/lib/python3.12/site-packages/airflow/example_dags/example_python_decorator.py
[2025-11-20T22:27:25.795+0500] {logging_mixin.py:188} INFO - [2025-11-20T22:27:25.792+0500] {dag.py:3096} INFO - Sync 1 DAGs
[2025-11-20T22:27:25.838+0500] {logging_mixin.py:188} INFO - [2025-11-20T22:27:25.836+0500] {dag.py:3954} INFO - Setting next_dagrun for example_python_decorator to None, run_after=None
[2025-11-20T22:27:26.402+0500] {processor.py:183} INFO - Processing /mnt/c/Users/Raj/OneDrive - Åbo Akademi O365/banking/venv/lib/python3.12/site-packages/airflow/example_dags/example_python_decorator.py took 0.944 seconds
[2025-11-20T22:29:46.910+0500] {processor.py:161} INFO - Started process (PID=2439) to work on /mnt/c/Users/Raj/OneDrive - Åbo Akademi O365/banking/venv/lib/python3.12/site-packages/airflow/example_dags/example_python_decorator.py
[2025-11-20T22:29:46.915+0500] {processor.py:830} INFO - Processing file /mnt/c/Users/Raj/OneDrive - Åbo Akademi O365/banking/venv/lib/python3.12/site-packages/airflow/example_dags/example_python_decorator.py for tasks to queue
[2025-11-20T22:29:46.921+0500] {logging_mixin.py:188} INFO - [2025-11-20T22:29:46.918+0500] {dagbag.py:545} INFO - Filling up the DagBag from /mnt/c/Users/Raj/OneDrive - Åbo Akademi O365/banking/venv/lib/python3.12/site-packages/airflow/example_dags/example_python_decorator.py
[2025-11-20T22:29:47.026+0500] {processor.py:840} INFO - DAG(s) 'example_python_decorator' retrieved from /mnt/c/Users/Raj/OneDrive - Åbo Akademi O365/banking/venv/lib/python3.12/site-packages/airflow/example_dags/example_python_decorator.py
[2025-11-20T22:29:47.134+0500] {logging_mixin.py:188} INFO - [2025-11-20T22:29:47.131+0500] {dag.py:3096} INFO - Sync 1 DAGs
[2025-11-20T22:29:47.202+0500] {logging_mixin.py:188} INFO - [2025-11-20T22:29:47.199+0500] {dag.py:3954} INFO - Setting next_dagrun for example_python_decorator to None, run_after=None
[2025-11-20T22:29:47.504+0500] {processor.py:183} INFO - Processing /mnt/c/Users/Raj/OneDrive - Åbo Akademi O365/banking/venv/lib/python3.12/site-packages/airflow/example_dags/example_python_decorator.py took 0.631 seconds
[2025-11-20T22:31:31.101+0500] {processor.py:161} INFO - Started process (PID=2491) to work on /mnt/c/Users/Raj/OneDrive - Åbo Akademi O365/banking/venv/lib/python3.12/site-packages/airflow/example_dags/example_python_decorator.py
[2025-11-20T22:31:31.105+0500] {processor.py:830} INFO - Processing file /mnt/c/Users/Raj/OneDrive - Åbo Akademi O365/banking/venv/lib/python3.12/site-packages/airflow/example_dags/example_python_decorator.py for tasks to queue
[2025-11-20T22:31:31.112+0500] {logging_mixin.py:188} INFO - [2025-11-20T22:31:31.109+0500] {dagbag.py:545} INFO - Filling up the DagBag from /mnt/c/Users/Raj/OneDrive - Åbo Akademi O365/banking/venv/lib/python3.12/site-packages/airflow/example_dags/example_python_decorator.py
[2025-11-20T22:31:31.240+0500] {processor.py:840} INFO - DAG(s) 'example_python_decorator' retrieved from /mnt/c/Users/Raj/OneDrive - Åbo Akademi O365/banking/venv/lib/python3.12/site-packages/airflow/example_dags/example_python_decorator.py
[2025-11-20T22:31:31.633+0500] {logging_mixin.py:188} INFO - [2025-11-20T22:31:31.406+0500] {dagbag.py:654} ERROR - Failed to write serialized DAG: /mnt/c/Users/Raj/OneDrive - Åbo Akademi O365/banking/venv/lib/python3.12/site-packages/airflow/example_dags/example_python_decorator.py
Traceback (most recent call last):
  File "/mnt/c/Users/Raj/OneDrive - Åbo Akademi O365/banking/venv/lib/python3.12/site-packages/airflow/models/dagbag.py", line 642, in _serialize_dag_capturing_errors
    -------------------------------------------------------------------
                              ^^^^^^^^^^^^^^^^^^^^^^^^^^^^^^^^^^^^^^^^^
  File "/mnt/c/Users/Raj/OneDrive - Åbo Akademi O365/banking/venv/lib/python3.12/site-packages/airflow/utils/session.py", line 76, in wrapper
    try:
         
  File "/mnt/c/Users/Raj/OneDrive - Åbo Akademi O365/banking/venv/lib/python3.12/site-packages/airflow/models/serialized_dag.py", line 167, in write_dag
    )
      
  File "<string>", line 4, in __init__
  File "/mnt/c/Users/Raj/OneDrive - Åbo Akademi O365/banking/venv/lib/python3.12/site-packages/sqlalchemy/orm/state.py", line 481, in _initialize_instance
    with util.safe_reraise():
  File "/mnt/c/Users/Raj/OneDrive - Åbo Akademi O365/banking/venv/lib/python3.12/site-packages/sqlalchemy/util/langhelpers.py", line 70, in __exit__
    compat.raise_(
  File "/mnt/c/Users/Raj/OneDrive - Åbo Akademi O365/banking/venv/lib/python3.12/site-packages/sqlalchemy/util/compat.py", line 211, in raise_
    raise exception
  File "/mnt/c/Users/Raj/OneDrive - Åbo Akademi O365/banking/venv/lib/python3.12/site-packages/sqlalchemy/orm/state.py", line 479, in _initialize_instance
    return manager.original_init(*mixed[1:], **kwargs)
           ^^^^^^^^^^^^^^^^^^^^^^^^^^^^^^^^^^^^^^^^^^^
  File "/mnt/c/Users/Raj/OneDrive - Åbo Akademi O365/banking/venv/lib/python3.12/site-packages/airflow/models/serialized_dag.py", line 114, in __init__
    dependency_id=dep_id,
  File "/mnt/c/Users/Raj/OneDrive - Åbo Akademi O365/banking/venv/lib/python3.12/site-packages/airflow/serialization/serialized_objects.py", line 1543, in to_dict
    @classmethod
        ^^^^^^^^^
  File "/mnt/c/Users/Raj/OneDrive - Åbo Akademi O365/banking/venv/lib/python3.12/site-packages/airflow/serialization/serialized_objects.py", line 433, in validate_schema
    can be completely controlled by a custom subclass.
            ^^^^^^^^^^^^^^^^^^^^^^^^^^^^^^^^^^^^^^^^^
  File "/mnt/c/Users/Raj/OneDrive - Åbo Akademi O365/banking/venv/lib/python3.12/site-packages/jsonschema/validators.py", line 451, in validate
    raise error
jsonschema.exceptions.ValidationError: {} is not of type 'array'

Failed validating 'type' in schema['allOf'][0]['properties']['dag']['properties']['params']:
    {'prefixItems': [{'type': 'string'}, {'$ref': '#/definitions/param'}],
     'type': 'array',
     'unevaluatedItems': False}

On instance['dag']['params']:
    {}
[2025-11-20T22:31:31.644+0500] {logging_mixin.py:188} INFO - [2025-11-20T22:31:31.641+0500] {dag.py:3096} INFO - Sync 1 DAGs
[2025-11-20T22:31:31.701+0500] {logging_mixin.py:188} INFO - [2025-11-20T22:31:31.695+0500] {dag.py:3954} INFO - Setting next_dagrun for example_python_decorator to None, run_after=None
[2025-11-20T22:31:31.925+0500] {processor.py:183} INFO - Processing /mnt/c/Users/Raj/OneDrive - Åbo Akademi O365/banking/venv/lib/python3.12/site-packages/airflow/example_dags/example_python_decorator.py took 0.877 seconds
