[2025-11-20T20:35:15.916+0500] {processor.py:161} INFO - Started process (PID=11898) to work on /mnt/c/Users/Raj/OneDrive - Åbo Akademi O365/banking/venv/lib/python3.12/site-packages/airflow/example_dags/example_task_group.py
[2025-11-20T20:35:15.920+0500] {processor.py:830} INFO - Processing file /mnt/c/Users/Raj/OneDrive - Åbo Akademi O365/banking/venv/lib/python3.12/site-packages/airflow/example_dags/example_task_group.py for tasks to queue
[2025-11-20T20:35:15.926+0500] {logging_mixin.py:188} INFO - [2025-11-20T20:35:15.924+0500] {dagbag.py:545} INFO - Filling up the DagBag from /mnt/c/Users/Raj/OneDrive - Åbo Akademi O365/banking/venv/lib/python3.12/site-packages/airflow/example_dags/example_task_group.py
[2025-11-20T20:35:16.044+0500] {processor.py:840} INFO - DAG(s) 'example_task_group' retrieved from /mnt/c/Users/Raj/OneDrive - Åbo Akademi O365/banking/venv/lib/python3.12/site-packages/airflow/example_dags/example_task_group.py
[2025-11-20T20:35:18.038+0500] {logging_mixin.py:188} INFO - [2025-11-20T20:35:18.034+0500] {override.py:1829} INFO - Created Permission View: can delete on DAG:example_task_group
[2025-11-20T20:35:18.090+0500] {logging_mixin.py:188} INFO - [2025-11-20T20:35:18.087+0500] {override.py:1829} INFO - Created Permission View: can read on DAG:example_task_group
[2025-11-20T20:35:18.145+0500] {logging_mixin.py:188} INFO - [2025-11-20T20:35:18.142+0500] {override.py:1829} INFO - Created Permission View: can edit on DAG:example_task_group
[2025-11-20T20:35:18.148+0500] {logging_mixin.py:188} INFO - [2025-11-20T20:35:18.147+0500] {dag.py:3096} INFO - Sync 1 DAGs
[2025-11-20T20:35:18.185+0500] {logging_mixin.py:188} INFO - [2025-11-20T20:35:18.184+0500] {dag.py:3118} INFO - Creating ORM DAG for example_task_group
[2025-11-20T20:35:18.217+0500] {logging_mixin.py:188} INFO - [2025-11-20T20:35:18.215+0500] {dag.py:3954} INFO - Setting next_dagrun for example_task_group to 2025-11-19 00:00:00+00:00, run_after=2025-11-20 00:00:00+00:00
[2025-11-20T20:35:18.326+0500] {processor.py:183} INFO - Processing /mnt/c/Users/Raj/OneDrive - Åbo Akademi O365/banking/venv/lib/python3.12/site-packages/airflow/example_dags/example_task_group.py took 2.443 seconds
[2025-11-20T20:37:36.667+0500] {processor.py:161} INFO - Started process (PID=12404) to work on /mnt/c/Users/Raj/OneDrive - Åbo Akademi O365/banking/venv/lib/python3.12/site-packages/airflow/example_dags/example_task_group.py
[2025-11-20T20:37:36.671+0500] {processor.py:830} INFO - Processing file /mnt/c/Users/Raj/OneDrive - Åbo Akademi O365/banking/venv/lib/python3.12/site-packages/airflow/example_dags/example_task_group.py for tasks to queue
[2025-11-20T20:37:36.681+0500] {logging_mixin.py:188} INFO - [2025-11-20T20:37:36.678+0500] {dagbag.py:545} INFO - Filling up the DagBag from /mnt/c/Users/Raj/OneDrive - Åbo Akademi O365/banking/venv/lib/python3.12/site-packages/airflow/example_dags/example_task_group.py
[2025-11-20T20:37:36.730+0500] {processor.py:840} INFO - DAG(s) 'example_task_group' retrieved from /mnt/c/Users/Raj/OneDrive - Åbo Akademi O365/banking/venv/lib/python3.12/site-packages/airflow/example_dags/example_task_group.py
[2025-11-20T20:37:36.785+0500] {logging_mixin.py:188} INFO - [2025-11-20T20:37:36.784+0500] {dag.py:3096} INFO - Sync 1 DAGs
[2025-11-20T20:37:36.831+0500] {logging_mixin.py:188} INFO - [2025-11-20T20:37:36.829+0500] {dag.py:3954} INFO - Setting next_dagrun for example_task_group to 2025-11-19 00:00:00+00:00, run_after=2025-11-20 00:00:00+00:00
[2025-11-20T20:37:37.004+0500] {processor.py:183} INFO - Processing /mnt/c/Users/Raj/OneDrive - Åbo Akademi O365/banking/venv/lib/python3.12/site-packages/airflow/example_dags/example_task_group.py took 0.361 seconds
[2025-11-20T20:38:34.458+0500] {processor.py:161} INFO - Started process (PID=12592) to work on /mnt/c/Users/Raj/OneDrive - Åbo Akademi O365/banking/venv/lib/python3.12/site-packages/airflow/example_dags/example_task_group.py
[2025-11-20T20:38:34.462+0500] {processor.py:830} INFO - Processing file /mnt/c/Users/Raj/OneDrive - Åbo Akademi O365/banking/venv/lib/python3.12/site-packages/airflow/example_dags/example_task_group.py for tasks to queue
[2025-11-20T20:38:34.469+0500] {logging_mixin.py:188} INFO - [2025-11-20T20:38:34.467+0500] {dagbag.py:545} INFO - Filling up the DagBag from /mnt/c/Users/Raj/OneDrive - Åbo Akademi O365/banking/venv/lib/python3.12/site-packages/airflow/example_dags/example_task_group.py
[2025-11-20T20:38:34.508+0500] {processor.py:840} INFO - DAG(s) 'example_task_group' retrieved from /mnt/c/Users/Raj/OneDrive - Åbo Akademi O365/banking/venv/lib/python3.12/site-packages/airflow/example_dags/example_task_group.py
[2025-11-20T20:38:34.600+0500] {logging_mixin.py:188} INFO - [2025-11-20T20:38:34.597+0500] {dag.py:3096} INFO - Sync 1 DAGs
[2025-11-20T20:38:34.678+0500] {logging_mixin.py:188} INFO - [2025-11-20T20:38:34.677+0500] {dag.py:3954} INFO - Setting next_dagrun for example_task_group to 2025-11-19 00:00:00+00:00, run_after=2025-11-20 00:00:00+00:00
[2025-11-20T20:38:34.799+0500] {processor.py:183} INFO - Processing /mnt/c/Users/Raj/OneDrive - Åbo Akademi O365/banking/venv/lib/python3.12/site-packages/airflow/example_dags/example_task_group.py took 0.362 seconds
[2025-11-20T20:39:56.385+0500] {processor.py:161} INFO - Started process (PID=12897) to work on /mnt/c/Users/Raj/OneDrive - Åbo Akademi O365/banking/venv/lib/python3.12/site-packages/airflow/example_dags/example_task_group.py
[2025-11-20T20:39:56.387+0500] {processor.py:830} INFO - Processing file /mnt/c/Users/Raj/OneDrive - Åbo Akademi O365/banking/venv/lib/python3.12/site-packages/airflow/example_dags/example_task_group.py for tasks to queue
[2025-11-20T20:39:56.398+0500] {logging_mixin.py:188} INFO - [2025-11-20T20:39:56.396+0500] {dagbag.py:545} INFO - Filling up the DagBag from /mnt/c/Users/Raj/OneDrive - Åbo Akademi O365/banking/venv/lib/python3.12/site-packages/airflow/example_dags/example_task_group.py
[2025-11-20T20:39:56.441+0500] {processor.py:840} INFO - DAG(s) 'example_task_group' retrieved from /mnt/c/Users/Raj/OneDrive - Åbo Akademi O365/banking/venv/lib/python3.12/site-packages/airflow/example_dags/example_task_group.py
[2025-11-20T20:39:56.498+0500] {logging_mixin.py:188} INFO - [2025-11-20T20:39:56.496+0500] {dag.py:3096} INFO - Sync 1 DAGs
[2025-11-20T20:39:56.554+0500] {logging_mixin.py:188} INFO - [2025-11-20T20:39:56.552+0500] {dag.py:3954} INFO - Setting next_dagrun for example_task_group to 2025-11-19 00:00:00+00:00, run_after=2025-11-20 00:00:00+00:00
[2025-11-20T20:39:56.655+0500] {processor.py:183} INFO - Processing /mnt/c/Users/Raj/OneDrive - Åbo Akademi O365/banking/venv/lib/python3.12/site-packages/airflow/example_dags/example_task_group.py took 0.293 seconds
[2025-11-20T20:41:13.903+0500] {processor.py:161} INFO - Started process (PID=13153) to work on /mnt/c/Users/Raj/OneDrive - Åbo Akademi O365/banking/venv/lib/python3.12/site-packages/airflow/example_dags/example_task_group.py
[2025-11-20T20:41:13.906+0500] {processor.py:830} INFO - Processing file /mnt/c/Users/Raj/OneDrive - Åbo Akademi O365/banking/venv/lib/python3.12/site-packages/airflow/example_dags/example_task_group.py for tasks to queue
[2025-11-20T20:41:13.911+0500] {logging_mixin.py:188} INFO - [2025-11-20T20:41:13.909+0500] {dagbag.py:545} INFO - Filling up the DagBag from /mnt/c/Users/Raj/OneDrive - Åbo Akademi O365/banking/venv/lib/python3.12/site-packages/airflow/example_dags/example_task_group.py
[2025-11-20T20:41:13.945+0500] {processor.py:840} INFO - DAG(s) 'example_task_group' retrieved from /mnt/c/Users/Raj/OneDrive - Åbo Akademi O365/banking/venv/lib/python3.12/site-packages/airflow/example_dags/example_task_group.py
[2025-11-20T20:41:13.996+0500] {logging_mixin.py:188} INFO - [2025-11-20T20:41:13.995+0500] {dag.py:3096} INFO - Sync 1 DAGs
[2025-11-20T20:41:14.044+0500] {logging_mixin.py:188} INFO - [2025-11-20T20:41:14.043+0500] {dag.py:3954} INFO - Setting next_dagrun for example_task_group to 2025-11-19 00:00:00+00:00, run_after=2025-11-20 00:00:00+00:00
[2025-11-20T20:41:14.139+0500] {processor.py:183} INFO - Processing /mnt/c/Users/Raj/OneDrive - Åbo Akademi O365/banking/venv/lib/python3.12/site-packages/airflow/example_dags/example_task_group.py took 0.255 seconds
[2025-11-20T20:42:30.569+0500] {processor.py:161} INFO - Started process (PID=13414) to work on /mnt/c/Users/Raj/OneDrive - Åbo Akademi O365/banking/venv/lib/python3.12/site-packages/airflow/example_dags/example_task_group.py
[2025-11-20T20:42:30.572+0500] {processor.py:830} INFO - Processing file /mnt/c/Users/Raj/OneDrive - Åbo Akademi O365/banking/venv/lib/python3.12/site-packages/airflow/example_dags/example_task_group.py for tasks to queue
[2025-11-20T20:42:30.576+0500] {logging_mixin.py:188} INFO - [2025-11-20T20:42:30.575+0500] {dagbag.py:545} INFO - Filling up the DagBag from /mnt/c/Users/Raj/OneDrive - Åbo Akademi O365/banking/venv/lib/python3.12/site-packages/airflow/example_dags/example_task_group.py
[2025-11-20T20:42:30.605+0500] {processor.py:840} INFO - DAG(s) 'example_task_group' retrieved from /mnt/c/Users/Raj/OneDrive - Åbo Akademi O365/banking/venv/lib/python3.12/site-packages/airflow/example_dags/example_task_group.py
[2025-11-20T20:42:30.648+0500] {logging_mixin.py:188} INFO - [2025-11-20T20:42:30.646+0500] {dag.py:3096} INFO - Sync 1 DAGs
[2025-11-20T20:42:30.688+0500] {logging_mixin.py:188} INFO - [2025-11-20T20:42:30.687+0500] {dag.py:3954} INFO - Setting next_dagrun for example_task_group to 2025-11-19 00:00:00+00:00, run_after=2025-11-20 00:00:00+00:00
[2025-11-20T20:42:30.786+0500] {processor.py:183} INFO - Processing /mnt/c/Users/Raj/OneDrive - Åbo Akademi O365/banking/venv/lib/python3.12/site-packages/airflow/example_dags/example_task_group.py took 0.235 seconds
[2025-11-20T20:43:52.201+0500] {processor.py:161} INFO - Started process (PID=13682) to work on /mnt/c/Users/Raj/OneDrive - Åbo Akademi O365/banking/venv/lib/python3.12/site-packages/airflow/example_dags/example_task_group.py
[2025-11-20T20:43:52.206+0500] {processor.py:830} INFO - Processing file /mnt/c/Users/Raj/OneDrive - Åbo Akademi O365/banking/venv/lib/python3.12/site-packages/airflow/example_dags/example_task_group.py for tasks to queue
[2025-11-20T20:43:52.211+0500] {logging_mixin.py:188} INFO - [2025-11-20T20:43:52.209+0500] {dagbag.py:545} INFO - Filling up the DagBag from /mnt/c/Users/Raj/OneDrive - Åbo Akademi O365/banking/venv/lib/python3.12/site-packages/airflow/example_dags/example_task_group.py
[2025-11-20T20:43:52.255+0500] {processor.py:840} INFO - DAG(s) 'example_task_group' retrieved from /mnt/c/Users/Raj/OneDrive - Åbo Akademi O365/banking/venv/lib/python3.12/site-packages/airflow/example_dags/example_task_group.py
[2025-11-20T20:43:52.302+0500] {logging_mixin.py:188} INFO - [2025-11-20T20:43:52.300+0500] {dag.py:3096} INFO - Sync 1 DAGs
[2025-11-20T20:43:52.356+0500] {logging_mixin.py:188} INFO - [2025-11-20T20:43:52.354+0500] {dag.py:3954} INFO - Setting next_dagrun for example_task_group to 2025-11-19 00:00:00+00:00, run_after=2025-11-20 00:00:00+00:00
[2025-11-20T20:43:52.465+0500] {processor.py:183} INFO - Processing /mnt/c/Users/Raj/OneDrive - Åbo Akademi O365/banking/venv/lib/python3.12/site-packages/airflow/example_dags/example_task_group.py took 0.285 seconds
[2025-11-20T20:45:14.900+0500] {processor.py:161} INFO - Started process (PID=13994) to work on /mnt/c/Users/Raj/OneDrive - Åbo Akademi O365/banking/venv/lib/python3.12/site-packages/airflow/example_dags/example_task_group.py
[2025-11-20T20:45:14.904+0500] {processor.py:830} INFO - Processing file /mnt/c/Users/Raj/OneDrive - Åbo Akademi O365/banking/venv/lib/python3.12/site-packages/airflow/example_dags/example_task_group.py for tasks to queue
[2025-11-20T20:45:14.917+0500] {logging_mixin.py:188} INFO - [2025-11-20T20:45:14.912+0500] {dagbag.py:545} INFO - Filling up the DagBag from /mnt/c/Users/Raj/OneDrive - Åbo Akademi O365/banking/venv/lib/python3.12/site-packages/airflow/example_dags/example_task_group.py
[2025-11-20T20:45:14.993+0500] {processor.py:840} INFO - DAG(s) 'example_task_group' retrieved from /mnt/c/Users/Raj/OneDrive - Åbo Akademi O365/banking/venv/lib/python3.12/site-packages/airflow/example_dags/example_task_group.py
[2025-11-20T20:45:15.037+0500] {logging_mixin.py:188} INFO - [2025-11-20T20:45:15.036+0500] {dag.py:3096} INFO - Sync 1 DAGs
[2025-11-20T20:45:15.087+0500] {logging_mixin.py:188} INFO - [2025-11-20T20:45:15.085+0500] {dag.py:3954} INFO - Setting next_dagrun for example_task_group to 2025-11-19 00:00:00+00:00, run_after=2025-11-20 00:00:00+00:00
[2025-11-20T20:45:15.193+0500] {processor.py:183} INFO - Processing /mnt/c/Users/Raj/OneDrive - Åbo Akademi O365/banking/venv/lib/python3.12/site-packages/airflow/example_dags/example_task_group.py took 0.320 seconds
[2025-11-20T20:46:29.041+0500] {processor.py:161} INFO - Started process (PID=14314) to work on /mnt/c/Users/Raj/OneDrive - Åbo Akademi O365/banking/venv/lib/python3.12/site-packages/airflow/example_dags/example_task_group.py
[2025-11-20T20:46:29.044+0500] {processor.py:830} INFO - Processing file /mnt/c/Users/Raj/OneDrive - Åbo Akademi O365/banking/venv/lib/python3.12/site-packages/airflow/example_dags/example_task_group.py for tasks to queue
[2025-11-20T20:46:29.051+0500] {logging_mixin.py:188} INFO - [2025-11-20T20:46:29.049+0500] {dagbag.py:545} INFO - Filling up the DagBag from /mnt/c/Users/Raj/OneDrive - Åbo Akademi O365/banking/venv/lib/python3.12/site-packages/airflow/example_dags/example_task_group.py
[2025-11-20T20:46:29.094+0500] {processor.py:840} INFO - DAG(s) 'example_task_group' retrieved from /mnt/c/Users/Raj/OneDrive - Åbo Akademi O365/banking/venv/lib/python3.12/site-packages/airflow/example_dags/example_task_group.py
[2025-11-20T20:46:29.152+0500] {logging_mixin.py:188} INFO - [2025-11-20T20:46:29.150+0500] {dag.py:3096} INFO - Sync 1 DAGs
[2025-11-20T20:46:29.211+0500] {logging_mixin.py:188} INFO - [2025-11-20T20:46:29.210+0500] {dag.py:3954} INFO - Setting next_dagrun for example_task_group to 2025-11-19 00:00:00+00:00, run_after=2025-11-20 00:00:00+00:00
[2025-11-20T20:46:29.312+0500] {processor.py:183} INFO - Processing /mnt/c/Users/Raj/OneDrive - Åbo Akademi O365/banking/venv/lib/python3.12/site-packages/airflow/example_dags/example_task_group.py took 0.292 seconds
[2025-11-20T20:47:48.281+0500] {processor.py:161} INFO - Started process (PID=14681) to work on /mnt/c/Users/Raj/OneDrive - Åbo Akademi O365/banking/venv/lib/python3.12/site-packages/airflow/example_dags/example_task_group.py
[2025-11-20T20:47:48.284+0500] {processor.py:830} INFO - Processing file /mnt/c/Users/Raj/OneDrive - Åbo Akademi O365/banking/venv/lib/python3.12/site-packages/airflow/example_dags/example_task_group.py for tasks to queue
[2025-11-20T20:47:48.291+0500] {logging_mixin.py:188} INFO - [2025-11-20T20:47:48.289+0500] {dagbag.py:545} INFO - Filling up the DagBag from /mnt/c/Users/Raj/OneDrive - Åbo Akademi O365/banking/venv/lib/python3.12/site-packages/airflow/example_dags/example_task_group.py
[2025-11-20T20:47:48.326+0500] {processor.py:840} INFO - DAG(s) 'example_task_group' retrieved from /mnt/c/Users/Raj/OneDrive - Åbo Akademi O365/banking/venv/lib/python3.12/site-packages/airflow/example_dags/example_task_group.py
[2025-11-20T20:47:48.368+0500] {logging_mixin.py:188} INFO - [2025-11-20T20:47:48.367+0500] {dag.py:3096} INFO - Sync 1 DAGs
[2025-11-20T20:47:48.417+0500] {logging_mixin.py:188} INFO - [2025-11-20T20:47:48.416+0500] {dag.py:3954} INFO - Setting next_dagrun for example_task_group to 2025-11-19 00:00:00+00:00, run_after=2025-11-20 00:00:00+00:00
[2025-11-20T20:47:48.534+0500] {processor.py:183} INFO - Processing /mnt/c/Users/Raj/OneDrive - Åbo Akademi O365/banking/venv/lib/python3.12/site-packages/airflow/example_dags/example_task_group.py took 0.274 seconds
[2025-11-20T20:49:05.130+0500] {processor.py:161} INFO - Started process (PID=15098) to work on /mnt/c/Users/Raj/OneDrive - Åbo Akademi O365/banking/venv/lib/python3.12/site-packages/airflow/example_dags/example_task_group.py
[2025-11-20T20:49:05.133+0500] {processor.py:830} INFO - Processing file /mnt/c/Users/Raj/OneDrive - Åbo Akademi O365/banking/venv/lib/python3.12/site-packages/airflow/example_dags/example_task_group.py for tasks to queue
[2025-11-20T20:49:05.139+0500] {logging_mixin.py:188} INFO - [2025-11-20T20:49:05.137+0500] {dagbag.py:545} INFO - Filling up the DagBag from /mnt/c/Users/Raj/OneDrive - Åbo Akademi O365/banking/venv/lib/python3.12/site-packages/airflow/example_dags/example_task_group.py
[2025-11-20T20:49:05.176+0500] {processor.py:840} INFO - DAG(s) 'example_task_group' retrieved from /mnt/c/Users/Raj/OneDrive - Åbo Akademi O365/banking/venv/lib/python3.12/site-packages/airflow/example_dags/example_task_group.py
[2025-11-20T20:49:05.219+0500] {logging_mixin.py:188} INFO - [2025-11-20T20:49:05.218+0500] {dag.py:3096} INFO - Sync 1 DAGs
[2025-11-20T20:49:05.257+0500] {logging_mixin.py:188} INFO - [2025-11-20T20:49:05.256+0500] {dag.py:3954} INFO - Setting next_dagrun for example_task_group to 2025-11-19 00:00:00+00:00, run_after=2025-11-20 00:00:00+00:00
[2025-11-20T20:49:05.344+0500] {processor.py:183} INFO - Processing /mnt/c/Users/Raj/OneDrive - Åbo Akademi O365/banking/venv/lib/python3.12/site-packages/airflow/example_dags/example_task_group.py took 0.237 seconds
[2025-11-20T21:55:40.447+0500] {processor.py:161} INFO - Started process (PID=871) to work on /mnt/c/Users/Raj/OneDrive - Åbo Akademi O365/banking/venv/lib/python3.12/site-packages/airflow/example_dags/example_task_group.py
[2025-11-20T21:55:40.450+0500] {processor.py:830} INFO - Processing file /mnt/c/Users/Raj/OneDrive - Åbo Akademi O365/banking/venv/lib/python3.12/site-packages/airflow/example_dags/example_task_group.py for tasks to queue
[2025-11-20T21:55:40.456+0500] {logging_mixin.py:188} INFO - [2025-11-20T21:55:40.453+0500] {dagbag.py:545} INFO - Filling up the DagBag from /mnt/c/Users/Raj/OneDrive - Åbo Akademi O365/banking/venv/lib/python3.12/site-packages/airflow/example_dags/example_task_group.py
[2025-11-20T21:55:40.554+0500] {processor.py:840} INFO - DAG(s) 'example_task_group' retrieved from /mnt/c/Users/Raj/OneDrive - Åbo Akademi O365/banking/venv/lib/python3.12/site-packages/airflow/example_dags/example_task_group.py
[2025-11-20T21:55:42.399+0500] {logging_mixin.py:188} INFO - [2025-11-20T21:55:42.395+0500] {dag.py:3096} INFO - Sync 1 DAGs
[2025-11-20T21:55:42.455+0500] {logging_mixin.py:188} INFO - [2025-11-20T21:55:42.453+0500] {dag.py:3954} INFO - Setting next_dagrun for example_task_group to 2025-11-19 00:00:00+00:00, run_after=2025-11-20 00:00:00+00:00
[2025-11-20T21:55:42.654+0500] {processor.py:183} INFO - Processing /mnt/c/Users/Raj/OneDrive - Åbo Akademi O365/banking/venv/lib/python3.12/site-packages/airflow/example_dags/example_task_group.py took 2.224 seconds
[2025-11-20T21:57:48.460+0500] {processor.py:161} INFO - Started process (PID=954) to work on /mnt/c/Users/Raj/OneDrive - Åbo Akademi O365/banking/venv/lib/python3.12/site-packages/airflow/example_dags/example_task_group.py
[2025-11-20T21:57:48.463+0500] {processor.py:830} INFO - Processing file /mnt/c/Users/Raj/OneDrive - Åbo Akademi O365/banking/venv/lib/python3.12/site-packages/airflow/example_dags/example_task_group.py for tasks to queue
[2025-11-20T21:57:48.469+0500] {logging_mixin.py:188} INFO - [2025-11-20T21:57:48.467+0500] {dagbag.py:545} INFO - Filling up the DagBag from /mnt/c/Users/Raj/OneDrive - Åbo Akademi O365/banking/venv/lib/python3.12/site-packages/airflow/example_dags/example_task_group.py
[2025-11-20T21:57:48.509+0500] {processor.py:840} INFO - DAG(s) 'example_task_group' retrieved from /mnt/c/Users/Raj/OneDrive - Åbo Akademi O365/banking/venv/lib/python3.12/site-packages/airflow/example_dags/example_task_group.py
[2025-11-20T21:57:48.555+0500] {logging_mixin.py:188} INFO - [2025-11-20T21:57:48.553+0500] {dag.py:3096} INFO - Sync 1 DAGs
[2025-11-20T21:57:48.591+0500] {logging_mixin.py:188} INFO - [2025-11-20T21:57:48.590+0500] {dag.py:3954} INFO - Setting next_dagrun for example_task_group to 2025-11-19 00:00:00+00:00, run_after=2025-11-20 00:00:00+00:00
[2025-11-20T21:57:48.676+0500] {processor.py:183} INFO - Processing /mnt/c/Users/Raj/OneDrive - Åbo Akademi O365/banking/venv/lib/python3.12/site-packages/airflow/example_dags/example_task_group.py took 0.234 seconds
[2025-11-20T21:58:43.637+0500] {processor.py:161} INFO - Started process (PID=1024) to work on /mnt/c/Users/Raj/OneDrive - Åbo Akademi O365/banking/venv/lib/python3.12/site-packages/airflow/example_dags/example_task_group.py
[2025-11-20T21:58:43.640+0500] {processor.py:830} INFO - Processing file /mnt/c/Users/Raj/OneDrive - Åbo Akademi O365/banking/venv/lib/python3.12/site-packages/airflow/example_dags/example_task_group.py for tasks to queue
[2025-11-20T21:58:43.646+0500] {logging_mixin.py:188} INFO - [2025-11-20T21:58:43.644+0500] {dagbag.py:545} INFO - Filling up the DagBag from /mnt/c/Users/Raj/OneDrive - Åbo Akademi O365/banking/venv/lib/python3.12/site-packages/airflow/example_dags/example_task_group.py
[2025-11-20T21:58:43.684+0500] {processor.py:840} INFO - DAG(s) 'example_task_group' retrieved from /mnt/c/Users/Raj/OneDrive - Åbo Akademi O365/banking/venv/lib/python3.12/site-packages/airflow/example_dags/example_task_group.py
[2025-11-20T21:58:43.745+0500] {logging_mixin.py:188} INFO - [2025-11-20T21:58:43.743+0500] {dag.py:3096} INFO - Sync 1 DAGs
[2025-11-20T21:58:43.815+0500] {logging_mixin.py:188} INFO - [2025-11-20T21:58:43.814+0500] {dag.py:3954} INFO - Setting next_dagrun for example_task_group to 2025-11-19 00:00:00+00:00, run_after=2025-11-20 00:00:00+00:00
[2025-11-20T21:58:43.938+0500] {processor.py:183} INFO - Processing /mnt/c/Users/Raj/OneDrive - Åbo Akademi O365/banking/venv/lib/python3.12/site-packages/airflow/example_dags/example_task_group.py took 0.326 seconds
[2025-11-20T22:00:04.019+0500] {processor.py:161} INFO - Started process (PID=1093) to work on /mnt/c/Users/Raj/OneDrive - Åbo Akademi O365/banking/venv/lib/python3.12/site-packages/airflow/example_dags/example_task_group.py
[2025-11-20T22:00:04.021+0500] {processor.py:830} INFO - Processing file /mnt/c/Users/Raj/OneDrive - Åbo Akademi O365/banking/venv/lib/python3.12/site-packages/airflow/example_dags/example_task_group.py for tasks to queue
[2025-11-20T22:00:04.026+0500] {logging_mixin.py:188} INFO - [2025-11-20T22:00:04.024+0500] {dagbag.py:545} INFO - Filling up the DagBag from /mnt/c/Users/Raj/OneDrive - Åbo Akademi O365/banking/venv/lib/python3.12/site-packages/airflow/example_dags/example_task_group.py
[2025-11-20T22:00:04.064+0500] {processor.py:840} INFO - DAG(s) 'example_task_group' retrieved from /mnt/c/Users/Raj/OneDrive - Åbo Akademi O365/banking/venv/lib/python3.12/site-packages/airflow/example_dags/example_task_group.py
[2025-11-20T22:00:04.122+0500] {logging_mixin.py:188} INFO - [2025-11-20T22:00:04.121+0500] {dag.py:3096} INFO - Sync 1 DAGs
[2025-11-20T22:00:04.168+0500] {logging_mixin.py:188} INFO - [2025-11-20T22:00:04.167+0500] {dag.py:3954} INFO - Setting next_dagrun for example_task_group to 2025-11-19 00:00:00+00:00, run_after=2025-11-20 00:00:00+00:00
[2025-11-20T22:00:04.260+0500] {processor.py:183} INFO - Processing /mnt/c/Users/Raj/OneDrive - Åbo Akademi O365/banking/venv/lib/python3.12/site-packages/airflow/example_dags/example_task_group.py took 0.262 seconds
[2025-11-20T22:01:29.810+0500] {processor.py:161} INFO - Started process (PID=1153) to work on /mnt/c/Users/Raj/OneDrive - Åbo Akademi O365/banking/venv/lib/python3.12/site-packages/airflow/example_dags/example_task_group.py
[2025-11-20T22:01:29.813+0500] {processor.py:830} INFO - Processing file /mnt/c/Users/Raj/OneDrive - Åbo Akademi O365/banking/venv/lib/python3.12/site-packages/airflow/example_dags/example_task_group.py for tasks to queue
[2025-11-20T22:01:29.819+0500] {logging_mixin.py:188} INFO - [2025-11-20T22:01:29.817+0500] {dagbag.py:545} INFO - Filling up the DagBag from /mnt/c/Users/Raj/OneDrive - Åbo Akademi O365/banking/venv/lib/python3.12/site-packages/airflow/example_dags/example_task_group.py
[2025-11-20T22:01:29.863+0500] {processor.py:840} INFO - DAG(s) 'example_task_group' retrieved from /mnt/c/Users/Raj/OneDrive - Åbo Akademi O365/banking/venv/lib/python3.12/site-packages/airflow/example_dags/example_task_group.py
[2025-11-20T22:01:29.919+0500] {logging_mixin.py:188} INFO - [2025-11-20T22:01:29.918+0500] {dag.py:3096} INFO - Sync 1 DAGs
[2025-11-20T22:01:29.979+0500] {logging_mixin.py:188} INFO - [2025-11-20T22:01:29.978+0500] {dag.py:3954} INFO - Setting next_dagrun for example_task_group to 2025-11-19 00:00:00+00:00, run_after=2025-11-20 00:00:00+00:00
[2025-11-20T22:01:30.092+0500] {processor.py:183} INFO - Processing /mnt/c/Users/Raj/OneDrive - Åbo Akademi O365/banking/venv/lib/python3.12/site-packages/airflow/example_dags/example_task_group.py took 0.303 seconds
[2025-11-20T22:02:50.428+0500] {processor.py:161} INFO - Started process (PID=1217) to work on /mnt/c/Users/Raj/OneDrive - Åbo Akademi O365/banking/venv/lib/python3.12/site-packages/airflow/example_dags/example_task_group.py
[2025-11-20T22:02:50.431+0500] {processor.py:830} INFO - Processing file /mnt/c/Users/Raj/OneDrive - Åbo Akademi O365/banking/venv/lib/python3.12/site-packages/airflow/example_dags/example_task_group.py for tasks to queue
[2025-11-20T22:02:50.434+0500] {logging_mixin.py:188} INFO - [2025-11-20T22:02:50.433+0500] {dagbag.py:545} INFO - Filling up the DagBag from /mnt/c/Users/Raj/OneDrive - Åbo Akademi O365/banking/venv/lib/python3.12/site-packages/airflow/example_dags/example_task_group.py
[2025-11-20T22:02:50.457+0500] {processor.py:840} INFO - DAG(s) 'example_task_group' retrieved from /mnt/c/Users/Raj/OneDrive - Åbo Akademi O365/banking/venv/lib/python3.12/site-packages/airflow/example_dags/example_task_group.py
[2025-11-20T22:02:50.496+0500] {logging_mixin.py:188} INFO - [2025-11-20T22:02:50.495+0500] {dag.py:3096} INFO - Sync 1 DAGs
[2025-11-20T22:02:50.531+0500] {logging_mixin.py:188} INFO - [2025-11-20T22:02:50.530+0500] {dag.py:3954} INFO - Setting next_dagrun for example_task_group to 2025-11-19 00:00:00+00:00, run_after=2025-11-20 00:00:00+00:00
[2025-11-20T22:02:50.610+0500] {processor.py:183} INFO - Processing /mnt/c/Users/Raj/OneDrive - Åbo Akademi O365/banking/venv/lib/python3.12/site-packages/airflow/example_dags/example_task_group.py took 0.195 seconds
[2025-11-20T22:04:17.635+0500] {processor.py:161} INFO - Started process (PID=1286) to work on /mnt/c/Users/Raj/OneDrive - Åbo Akademi O365/banking/venv/lib/python3.12/site-packages/airflow/example_dags/example_task_group.py
[2025-11-20T22:04:17.638+0500] {processor.py:830} INFO - Processing file /mnt/c/Users/Raj/OneDrive - Åbo Akademi O365/banking/venv/lib/python3.12/site-packages/airflow/example_dags/example_task_group.py for tasks to queue
[2025-11-20T22:04:17.643+0500] {logging_mixin.py:188} INFO - [2025-11-20T22:04:17.641+0500] {dagbag.py:545} INFO - Filling up the DagBag from /mnt/c/Users/Raj/OneDrive - Åbo Akademi O365/banking/venv/lib/python3.12/site-packages/airflow/example_dags/example_task_group.py
[2025-11-20T22:04:17.685+0500] {processor.py:840} INFO - DAG(s) 'example_task_group' retrieved from /mnt/c/Users/Raj/OneDrive - Åbo Akademi O365/banking/venv/lib/python3.12/site-packages/airflow/example_dags/example_task_group.py
[2025-11-20T22:04:17.731+0500] {logging_mixin.py:188} INFO - [2025-11-20T22:04:17.729+0500] {dag.py:3096} INFO - Sync 1 DAGs
[2025-11-20T22:04:17.777+0500] {logging_mixin.py:188} INFO - [2025-11-20T22:04:17.776+0500] {dag.py:3954} INFO - Setting next_dagrun for example_task_group to 2025-11-19 00:00:00+00:00, run_after=2025-11-20 00:00:00+00:00
[2025-11-20T22:04:17.877+0500] {processor.py:183} INFO - Processing /mnt/c/Users/Raj/OneDrive - Åbo Akademi O365/banking/venv/lib/python3.12/site-packages/airflow/example_dags/example_task_group.py took 0.264 seconds
[2025-11-20T22:05:38.518+0500] {processor.py:161} INFO - Started process (PID=1347) to work on /mnt/c/Users/Raj/OneDrive - Åbo Akademi O365/banking/venv/lib/python3.12/site-packages/airflow/example_dags/example_task_group.py
[2025-11-20T22:05:38.521+0500] {processor.py:830} INFO - Processing file /mnt/c/Users/Raj/OneDrive - Åbo Akademi O365/banking/venv/lib/python3.12/site-packages/airflow/example_dags/example_task_group.py for tasks to queue
[2025-11-20T22:05:38.525+0500] {logging_mixin.py:188} INFO - [2025-11-20T22:05:38.523+0500] {dagbag.py:545} INFO - Filling up the DagBag from /mnt/c/Users/Raj/OneDrive - Åbo Akademi O365/banking/venv/lib/python3.12/site-packages/airflow/example_dags/example_task_group.py
[2025-11-20T22:05:38.569+0500] {processor.py:840} INFO - DAG(s) 'example_task_group' retrieved from /mnt/c/Users/Raj/OneDrive - Åbo Akademi O365/banking/venv/lib/python3.12/site-packages/airflow/example_dags/example_task_group.py
[2025-11-20T22:05:38.616+0500] {logging_mixin.py:188} INFO - [2025-11-20T22:05:38.615+0500] {dag.py:3096} INFO - Sync 1 DAGs
[2025-11-20T22:05:38.666+0500] {logging_mixin.py:188} INFO - [2025-11-20T22:05:38.665+0500] {dag.py:3954} INFO - Setting next_dagrun for example_task_group to 2025-11-19 00:00:00+00:00, run_after=2025-11-20 00:00:00+00:00
[2025-11-20T22:05:38.770+0500] {processor.py:183} INFO - Processing /mnt/c/Users/Raj/OneDrive - Åbo Akademi O365/banking/venv/lib/python3.12/site-packages/airflow/example_dags/example_task_group.py took 0.272 seconds
[2025-11-20T22:07:03.768+0500] {processor.py:161} INFO - Started process (PID=1412) to work on /mnt/c/Users/Raj/OneDrive - Åbo Akademi O365/banking/venv/lib/python3.12/site-packages/airflow/example_dags/example_task_group.py
[2025-11-20T22:07:03.771+0500] {processor.py:830} INFO - Processing file /mnt/c/Users/Raj/OneDrive - Åbo Akademi O365/banking/venv/lib/python3.12/site-packages/airflow/example_dags/example_task_group.py for tasks to queue
[2025-11-20T22:07:03.775+0500] {logging_mixin.py:188} INFO - [2025-11-20T22:07:03.773+0500] {dagbag.py:545} INFO - Filling up the DagBag from /mnt/c/Users/Raj/OneDrive - Åbo Akademi O365/banking/venv/lib/python3.12/site-packages/airflow/example_dags/example_task_group.py
[2025-11-20T22:07:03.806+0500] {processor.py:840} INFO - DAG(s) 'example_task_group' retrieved from /mnt/c/Users/Raj/OneDrive - Åbo Akademi O365/banking/venv/lib/python3.12/site-packages/airflow/example_dags/example_task_group.py
[2025-11-20T22:07:03.845+0500] {logging_mixin.py:188} INFO - [2025-11-20T22:07:03.843+0500] {dag.py:3096} INFO - Sync 1 DAGs
[2025-11-20T22:07:03.883+0500] {logging_mixin.py:188} INFO - [2025-11-20T22:07:03.882+0500] {dag.py:3954} INFO - Setting next_dagrun for example_task_group to 2025-11-19 00:00:00+00:00, run_after=2025-11-20 00:00:00+00:00
[2025-11-20T22:07:03.970+0500] {processor.py:183} INFO - Processing /mnt/c/Users/Raj/OneDrive - Åbo Akademi O365/banking/venv/lib/python3.12/site-packages/airflow/example_dags/example_task_group.py took 0.218 seconds
[2025-11-20T22:08:32.849+0500] {processor.py:161} INFO - Started process (PID=1476) to work on /mnt/c/Users/Raj/OneDrive - Åbo Akademi O365/banking/venv/lib/python3.12/site-packages/airflow/example_dags/example_task_group.py
[2025-11-20T22:08:32.852+0500] {processor.py:830} INFO - Processing file /mnt/c/Users/Raj/OneDrive - Åbo Akademi O365/banking/venv/lib/python3.12/site-packages/airflow/example_dags/example_task_group.py for tasks to queue
[2025-11-20T22:08:32.856+0500] {logging_mixin.py:188} INFO - [2025-11-20T22:08:32.854+0500] {dagbag.py:545} INFO - Filling up the DagBag from /mnt/c/Users/Raj/OneDrive - Åbo Akademi O365/banking/venv/lib/python3.12/site-packages/airflow/example_dags/example_task_group.py
[2025-11-20T22:08:32.895+0500] {processor.py:840} INFO - DAG(s) 'example_task_group' retrieved from /mnt/c/Users/Raj/OneDrive - Åbo Akademi O365/banking/venv/lib/python3.12/site-packages/airflow/example_dags/example_task_group.py
[2025-11-20T22:08:32.938+0500] {logging_mixin.py:188} INFO - [2025-11-20T22:08:32.937+0500] {dag.py:3096} INFO - Sync 1 DAGs
[2025-11-20T22:08:32.997+0500] {logging_mixin.py:188} INFO - [2025-11-20T22:08:32.995+0500] {dag.py:3954} INFO - Setting next_dagrun for example_task_group to 2025-11-19 00:00:00+00:00, run_after=2025-11-20 00:00:00+00:00
[2025-11-20T22:08:33.098+0500] {processor.py:183} INFO - Processing /mnt/c/Users/Raj/OneDrive - Åbo Akademi O365/banking/venv/lib/python3.12/site-packages/airflow/example_dags/example_task_group.py took 0.267 seconds
[2025-11-20T22:10:08.571+0500] {processor.py:161} INFO - Started process (PID=1543) to work on /mnt/c/Users/Raj/OneDrive - Åbo Akademi O365/banking/venv/lib/python3.12/site-packages/airflow/example_dags/example_task_group.py
[2025-11-20T22:10:08.575+0500] {processor.py:830} INFO - Processing file /mnt/c/Users/Raj/OneDrive - Åbo Akademi O365/banking/venv/lib/python3.12/site-packages/airflow/example_dags/example_task_group.py for tasks to queue
[2025-11-20T22:10:08.580+0500] {logging_mixin.py:188} INFO - [2025-11-20T22:10:08.578+0500] {dagbag.py:545} INFO - Filling up the DagBag from /mnt/c/Users/Raj/OneDrive - Åbo Akademi O365/banking/venv/lib/python3.12/site-packages/airflow/example_dags/example_task_group.py
[2025-11-20T22:10:08.631+0500] {processor.py:840} INFO - DAG(s) 'example_task_group' retrieved from /mnt/c/Users/Raj/OneDrive - Åbo Akademi O365/banking/venv/lib/python3.12/site-packages/airflow/example_dags/example_task_group.py
[2025-11-20T22:10:08.696+0500] {logging_mixin.py:188} INFO - [2025-11-20T22:10:08.695+0500] {dag.py:3096} INFO - Sync 1 DAGs
[2025-11-20T22:10:08.779+0500] {logging_mixin.py:188} INFO - [2025-11-20T22:10:08.777+0500] {dag.py:3954} INFO - Setting next_dagrun for example_task_group to 2025-11-19 00:00:00+00:00, run_after=2025-11-20 00:00:00+00:00
[2025-11-20T22:10:08.910+0500] {processor.py:183} INFO - Processing /mnt/c/Users/Raj/OneDrive - Åbo Akademi O365/banking/venv/lib/python3.12/site-packages/airflow/example_dags/example_task_group.py took 0.363 seconds
[2025-11-20T22:11:35.239+0500] {processor.py:161} INFO - Started process (PID=1615) to work on /mnt/c/Users/Raj/OneDrive - Åbo Akademi O365/banking/venv/lib/python3.12/site-packages/airflow/example_dags/example_task_group.py
[2025-11-20T22:11:35.242+0500] {processor.py:830} INFO - Processing file /mnt/c/Users/Raj/OneDrive - Åbo Akademi O365/banking/venv/lib/python3.12/site-packages/airflow/example_dags/example_task_group.py for tasks to queue
[2025-11-20T22:11:35.247+0500] {logging_mixin.py:188} INFO - [2025-11-20T22:11:35.244+0500] {dagbag.py:545} INFO - Filling up the DagBag from /mnt/c/Users/Raj/OneDrive - Åbo Akademi O365/banking/venv/lib/python3.12/site-packages/airflow/example_dags/example_task_group.py
[2025-11-20T22:11:35.292+0500] {processor.py:840} INFO - DAG(s) 'example_task_group' retrieved from /mnt/c/Users/Raj/OneDrive - Åbo Akademi O365/banking/venv/lib/python3.12/site-packages/airflow/example_dags/example_task_group.py
[2025-11-20T22:11:35.342+0500] {logging_mixin.py:188} INFO - [2025-11-20T22:11:35.341+0500] {dag.py:3096} INFO - Sync 1 DAGs
[2025-11-20T22:11:35.405+0500] {logging_mixin.py:188} INFO - [2025-11-20T22:11:35.402+0500] {dag.py:3954} INFO - Setting next_dagrun for example_task_group to 2025-11-19 00:00:00+00:00, run_after=2025-11-20 00:00:00+00:00
[2025-11-20T22:11:35.500+0500] {processor.py:183} INFO - Processing /mnt/c/Users/Raj/OneDrive - Åbo Akademi O365/banking/venv/lib/python3.12/site-packages/airflow/example_dags/example_task_group.py took 0.294 seconds
[2025-11-20T22:12:55.757+0500] {processor.py:161} INFO - Started process (PID=1677) to work on /mnt/c/Users/Raj/OneDrive - Åbo Akademi O365/banking/venv/lib/python3.12/site-packages/airflow/example_dags/example_task_group.py
[2025-11-20T22:12:55.760+0500] {processor.py:830} INFO - Processing file /mnt/c/Users/Raj/OneDrive - Åbo Akademi O365/banking/venv/lib/python3.12/site-packages/airflow/example_dags/example_task_group.py for tasks to queue
[2025-11-20T22:12:55.765+0500] {logging_mixin.py:188} INFO - [2025-11-20T22:12:55.763+0500] {dagbag.py:545} INFO - Filling up the DagBag from /mnt/c/Users/Raj/OneDrive - Åbo Akademi O365/banking/venv/lib/python3.12/site-packages/airflow/example_dags/example_task_group.py
[2025-11-20T22:12:55.801+0500] {processor.py:840} INFO - DAG(s) 'example_task_group' retrieved from /mnt/c/Users/Raj/OneDrive - Åbo Akademi O365/banking/venv/lib/python3.12/site-packages/airflow/example_dags/example_task_group.py
[2025-11-20T22:12:55.863+0500] {logging_mixin.py:188} INFO - [2025-11-20T22:12:55.861+0500] {dag.py:3096} INFO - Sync 1 DAGs
[2025-11-20T22:12:55.923+0500] {logging_mixin.py:188} INFO - [2025-11-20T22:12:55.922+0500] {dag.py:3954} INFO - Setting next_dagrun for example_task_group to 2025-11-19 00:00:00+00:00, run_after=2025-11-20 00:00:00+00:00
[2025-11-20T22:12:56.037+0500] {processor.py:183} INFO - Processing /mnt/c/Users/Raj/OneDrive - Åbo Akademi O365/banking/venv/lib/python3.12/site-packages/airflow/example_dags/example_task_group.py took 0.298 seconds
[2025-11-20T22:14:24.604+0500] {processor.py:161} INFO - Started process (PID=1742) to work on /mnt/c/Users/Raj/OneDrive - Åbo Akademi O365/banking/venv/lib/python3.12/site-packages/airflow/example_dags/example_task_group.py
[2025-11-20T22:14:24.607+0500] {processor.py:830} INFO - Processing file /mnt/c/Users/Raj/OneDrive - Åbo Akademi O365/banking/venv/lib/python3.12/site-packages/airflow/example_dags/example_task_group.py for tasks to queue
[2025-11-20T22:14:24.611+0500] {logging_mixin.py:188} INFO - [2025-11-20T22:14:24.609+0500] {dagbag.py:545} INFO - Filling up the DagBag from /mnt/c/Users/Raj/OneDrive - Åbo Akademi O365/banking/venv/lib/python3.12/site-packages/airflow/example_dags/example_task_group.py
[2025-11-20T22:14:24.649+0500] {processor.py:840} INFO - DAG(s) 'example_task_group' retrieved from /mnt/c/Users/Raj/OneDrive - Åbo Akademi O365/banking/venv/lib/python3.12/site-packages/airflow/example_dags/example_task_group.py
[2025-11-20T22:14:24.697+0500] {logging_mixin.py:188} INFO - [2025-11-20T22:14:24.695+0500] {dag.py:3096} INFO - Sync 1 DAGs
[2025-11-20T22:14:24.743+0500] {logging_mixin.py:188} INFO - [2025-11-20T22:14:24.742+0500] {dag.py:3954} INFO - Setting next_dagrun for example_task_group to 2025-11-19 00:00:00+00:00, run_after=2025-11-20 00:00:00+00:00
[2025-11-20T22:14:24.843+0500] {processor.py:183} INFO - Processing /mnt/c/Users/Raj/OneDrive - Åbo Akademi O365/banking/venv/lib/python3.12/site-packages/airflow/example_dags/example_task_group.py took 0.256 seconds
[2025-11-20T22:15:50.754+0500] {processor.py:161} INFO - Started process (PID=1802) to work on /mnt/c/Users/Raj/OneDrive - Åbo Akademi O365/banking/venv/lib/python3.12/site-packages/airflow/example_dags/example_task_group.py
[2025-11-20T22:15:50.757+0500] {processor.py:830} INFO - Processing file /mnt/c/Users/Raj/OneDrive - Åbo Akademi O365/banking/venv/lib/python3.12/site-packages/airflow/example_dags/example_task_group.py for tasks to queue
[2025-11-20T22:15:50.762+0500] {logging_mixin.py:188} INFO - [2025-11-20T22:15:50.760+0500] {dagbag.py:545} INFO - Filling up the DagBag from /mnt/c/Users/Raj/OneDrive - Åbo Akademi O365/banking/venv/lib/python3.12/site-packages/airflow/example_dags/example_task_group.py
[2025-11-20T22:15:50.803+0500] {processor.py:840} INFO - DAG(s) 'example_task_group' retrieved from /mnt/c/Users/Raj/OneDrive - Åbo Akademi O365/banking/venv/lib/python3.12/site-packages/airflow/example_dags/example_task_group.py
[2025-11-20T22:15:50.863+0500] {logging_mixin.py:188} INFO - [2025-11-20T22:15:50.862+0500] {dag.py:3096} INFO - Sync 1 DAGs
[2025-11-20T22:15:50.913+0500] {logging_mixin.py:188} INFO - [2025-11-20T22:15:50.912+0500] {dag.py:3954} INFO - Setting next_dagrun for example_task_group to 2025-11-19 00:00:00+00:00, run_after=2025-11-20 00:00:00+00:00
[2025-11-20T22:15:51.024+0500] {processor.py:183} INFO - Processing /mnt/c/Users/Raj/OneDrive - Åbo Akademi O365/banking/venv/lib/python3.12/site-packages/airflow/example_dags/example_task_group.py took 0.296 seconds
[2025-11-20T22:17:19.371+0500] {processor.py:161} INFO - Started process (PID=1867) to work on /mnt/c/Users/Raj/OneDrive - Åbo Akademi O365/banking/venv/lib/python3.12/site-packages/airflow/example_dags/example_task_group.py
[2025-11-20T22:17:19.374+0500] {processor.py:830} INFO - Processing file /mnt/c/Users/Raj/OneDrive - Åbo Akademi O365/banking/venv/lib/python3.12/site-packages/airflow/example_dags/example_task_group.py for tasks to queue
[2025-11-20T22:17:19.378+0500] {logging_mixin.py:188} INFO - [2025-11-20T22:17:19.376+0500] {dagbag.py:545} INFO - Filling up the DagBag from /mnt/c/Users/Raj/OneDrive - Åbo Akademi O365/banking/venv/lib/python3.12/site-packages/airflow/example_dags/example_task_group.py
[2025-11-20T22:17:19.416+0500] {processor.py:840} INFO - DAG(s) 'example_task_group' retrieved from /mnt/c/Users/Raj/OneDrive - Åbo Akademi O365/banking/venv/lib/python3.12/site-packages/airflow/example_dags/example_task_group.py
[2025-11-20T22:17:19.463+0500] {logging_mixin.py:188} INFO - [2025-11-20T22:17:19.462+0500] {dag.py:3096} INFO - Sync 1 DAGs
[2025-11-20T22:17:19.514+0500] {logging_mixin.py:188} INFO - [2025-11-20T22:17:19.512+0500] {dag.py:3954} INFO - Setting next_dagrun for example_task_group to 2025-11-19 00:00:00+00:00, run_after=2025-11-20 00:00:00+00:00
[2025-11-20T22:17:19.606+0500] {processor.py:183} INFO - Processing /mnt/c/Users/Raj/OneDrive - Åbo Akademi O365/banking/venv/lib/python3.12/site-packages/airflow/example_dags/example_task_group.py took 0.256 seconds
[2025-11-20T22:18:48.246+0500] {processor.py:161} INFO - Started process (PID=1933) to work on /mnt/c/Users/Raj/OneDrive - Åbo Akademi O365/banking/venv/lib/python3.12/site-packages/airflow/example_dags/example_task_group.py
[2025-11-20T22:18:48.249+0500] {processor.py:830} INFO - Processing file /mnt/c/Users/Raj/OneDrive - Åbo Akademi O365/banking/venv/lib/python3.12/site-packages/airflow/example_dags/example_task_group.py for tasks to queue
[2025-11-20T22:18:48.254+0500] {logging_mixin.py:188} INFO - [2025-11-20T22:18:48.252+0500] {dagbag.py:545} INFO - Filling up the DagBag from /mnt/c/Users/Raj/OneDrive - Åbo Akademi O365/banking/venv/lib/python3.12/site-packages/airflow/example_dags/example_task_group.py
[2025-11-20T22:18:48.306+0500] {processor.py:840} INFO - DAG(s) 'example_task_group' retrieved from /mnt/c/Users/Raj/OneDrive - Åbo Akademi O365/banking/venv/lib/python3.12/site-packages/airflow/example_dags/example_task_group.py
[2025-11-20T22:18:48.361+0500] {logging_mixin.py:188} INFO - [2025-11-20T22:18:48.359+0500] {dag.py:3096} INFO - Sync 1 DAGs
[2025-11-20T22:18:48.404+0500] {logging_mixin.py:188} INFO - [2025-11-20T22:18:48.402+0500] {dag.py:3954} INFO - Setting next_dagrun for example_task_group to 2025-11-19 00:00:00+00:00, run_after=2025-11-20 00:00:00+00:00
[2025-11-20T22:18:48.506+0500] {processor.py:183} INFO - Processing /mnt/c/Users/Raj/OneDrive - Åbo Akademi O365/banking/venv/lib/python3.12/site-packages/airflow/example_dags/example_task_group.py took 0.282 seconds
[2025-11-20T22:20:12.021+0500] {processor.py:161} INFO - Started process (PID=1999) to work on /mnt/c/Users/Raj/OneDrive - Åbo Akademi O365/banking/venv/lib/python3.12/site-packages/airflow/example_dags/example_task_group.py
[2025-11-20T22:20:12.024+0500] {processor.py:830} INFO - Processing file /mnt/c/Users/Raj/OneDrive - Åbo Akademi O365/banking/venv/lib/python3.12/site-packages/airflow/example_dags/example_task_group.py for tasks to queue
[2025-11-20T22:20:12.028+0500] {logging_mixin.py:188} INFO - [2025-11-20T22:20:12.026+0500] {dagbag.py:545} INFO - Filling up the DagBag from /mnt/c/Users/Raj/OneDrive - Åbo Akademi O365/banking/venv/lib/python3.12/site-packages/airflow/example_dags/example_task_group.py
[2025-11-20T22:20:12.071+0500] {processor.py:840} INFO - DAG(s) 'example_task_group' retrieved from /mnt/c/Users/Raj/OneDrive - Åbo Akademi O365/banking/venv/lib/python3.12/site-packages/airflow/example_dags/example_task_group.py
[2025-11-20T22:20:12.131+0500] {logging_mixin.py:188} INFO - [2025-11-20T22:20:12.130+0500] {dag.py:3096} INFO - Sync 1 DAGs
[2025-11-20T22:20:12.198+0500] {logging_mixin.py:188} INFO - [2025-11-20T22:20:12.196+0500] {dag.py:3954} INFO - Setting next_dagrun for example_task_group to 2025-11-19 00:00:00+00:00, run_after=2025-11-20 00:00:00+00:00
[2025-11-20T22:20:12.330+0500] {processor.py:183} INFO - Processing /mnt/c/Users/Raj/OneDrive - Åbo Akademi O365/banking/venv/lib/python3.12/site-packages/airflow/example_dags/example_task_group.py took 0.334 seconds
[2025-11-20T22:21:41.699+0500] {processor.py:161} INFO - Started process (PID=2068) to work on /mnt/c/Users/Raj/OneDrive - Åbo Akademi O365/banking/venv/lib/python3.12/site-packages/airflow/example_dags/example_task_group.py
[2025-11-20T22:21:41.702+0500] {processor.py:830} INFO - Processing file /mnt/c/Users/Raj/OneDrive - Åbo Akademi O365/banking/venv/lib/python3.12/site-packages/airflow/example_dags/example_task_group.py for tasks to queue
[2025-11-20T22:21:41.706+0500] {logging_mixin.py:188} INFO - [2025-11-20T22:21:41.704+0500] {dagbag.py:545} INFO - Filling up the DagBag from /mnt/c/Users/Raj/OneDrive - Åbo Akademi O365/banking/venv/lib/python3.12/site-packages/airflow/example_dags/example_task_group.py
[2025-11-20T22:21:41.741+0500] {processor.py:840} INFO - DAG(s) 'example_task_group' retrieved from /mnt/c/Users/Raj/OneDrive - Åbo Akademi O365/banking/venv/lib/python3.12/site-packages/airflow/example_dags/example_task_group.py
[2025-11-20T22:21:41.785+0500] {logging_mixin.py:188} INFO - [2025-11-20T22:21:41.783+0500] {dag.py:3096} INFO - Sync 1 DAGs
[2025-11-20T22:21:41.827+0500] {logging_mixin.py:188} INFO - [2025-11-20T22:21:41.825+0500] {dag.py:3954} INFO - Setting next_dagrun for example_task_group to 2025-11-19 00:00:00+00:00, run_after=2025-11-20 00:00:00+00:00
[2025-11-20T22:21:41.914+0500] {processor.py:183} INFO - Processing /mnt/c/Users/Raj/OneDrive - Åbo Akademi O365/banking/venv/lib/python3.12/site-packages/airflow/example_dags/example_task_group.py took 0.233 seconds
[2025-11-20T22:22:54.271+0500] {processor.py:161} INFO - Started process (PID=2126) to work on /mnt/c/Users/Raj/OneDrive - Åbo Akademi O365/banking/venv/lib/python3.12/site-packages/airflow/example_dags/example_task_group.py
[2025-11-20T22:22:54.273+0500] {processor.py:830} INFO - Processing file /mnt/c/Users/Raj/OneDrive - Åbo Akademi O365/banking/venv/lib/python3.12/site-packages/airflow/example_dags/example_task_group.py for tasks to queue
[2025-11-20T22:22:54.277+0500] {logging_mixin.py:188} INFO - [2025-11-20T22:22:54.276+0500] {dagbag.py:545} INFO - Filling up the DagBag from /mnt/c/Users/Raj/OneDrive - Åbo Akademi O365/banking/venv/lib/python3.12/site-packages/airflow/example_dags/example_task_group.py
[2025-11-20T22:22:54.302+0500] {processor.py:840} INFO - DAG(s) 'example_task_group' retrieved from /mnt/c/Users/Raj/OneDrive - Åbo Akademi O365/banking/venv/lib/python3.12/site-packages/airflow/example_dags/example_task_group.py
[2025-11-20T22:22:54.342+0500] {logging_mixin.py:188} INFO - [2025-11-20T22:22:54.341+0500] {dag.py:3096} INFO - Sync 1 DAGs
[2025-11-20T22:22:54.386+0500] {logging_mixin.py:188} INFO - [2025-11-20T22:22:54.385+0500] {dag.py:3954} INFO - Setting next_dagrun for example_task_group to 2025-11-19 00:00:00+00:00, run_after=2025-11-20 00:00:00+00:00
[2025-11-20T22:22:54.466+0500] {processor.py:183} INFO - Processing /mnt/c/Users/Raj/OneDrive - Åbo Akademi O365/banking/venv/lib/python3.12/site-packages/airflow/example_dags/example_task_group.py took 0.210 seconds
[2025-11-20T22:24:13.274+0500] {processor.py:161} INFO - Started process (PID=2187) to work on /mnt/c/Users/Raj/OneDrive - Åbo Akademi O365/banking/venv/lib/python3.12/site-packages/airflow/example_dags/example_task_group.py
[2025-11-20T22:24:13.277+0500] {processor.py:830} INFO - Processing file /mnt/c/Users/Raj/OneDrive - Åbo Akademi O365/banking/venv/lib/python3.12/site-packages/airflow/example_dags/example_task_group.py for tasks to queue
[2025-11-20T22:24:13.280+0500] {logging_mixin.py:188} INFO - [2025-11-20T22:24:13.278+0500] {dagbag.py:545} INFO - Filling up the DagBag from /mnt/c/Users/Raj/OneDrive - Åbo Akademi O365/banking/venv/lib/python3.12/site-packages/airflow/example_dags/example_task_group.py
[2025-11-20T22:24:13.322+0500] {processor.py:840} INFO - DAG(s) 'example_task_group' retrieved from /mnt/c/Users/Raj/OneDrive - Åbo Akademi O365/banking/venv/lib/python3.12/site-packages/airflow/example_dags/example_task_group.py
[2025-11-20T22:24:13.377+0500] {logging_mixin.py:188} INFO - [2025-11-20T22:24:13.376+0500] {dag.py:3096} INFO - Sync 1 DAGs
[2025-11-20T22:24:13.424+0500] {logging_mixin.py:188} INFO - [2025-11-20T22:24:13.422+0500] {dag.py:3954} INFO - Setting next_dagrun for example_task_group to 2025-11-19 00:00:00+00:00, run_after=2025-11-20 00:00:00+00:00
[2025-11-20T22:24:13.536+0500] {processor.py:183} INFO - Processing /mnt/c/Users/Raj/OneDrive - Åbo Akademi O365/banking/venv/lib/python3.12/site-packages/airflow/example_dags/example_task_group.py took 0.281 seconds
[2025-11-20T22:25:52.710+0500] {processor.py:161} INFO - Started process (PID=2295) to work on /mnt/c/Users/Raj/OneDrive - Åbo Akademi O365/banking/venv/lib/python3.12/site-packages/airflow/example_dags/example_task_group.py
[2025-11-20T22:25:52.714+0500] {processor.py:830} INFO - Processing file /mnt/c/Users/Raj/OneDrive - Åbo Akademi O365/banking/venv/lib/python3.12/site-packages/airflow/example_dags/example_task_group.py for tasks to queue
[2025-11-20T22:25:52.726+0500] {logging_mixin.py:188} INFO - [2025-11-20T22:25:52.716+0500] {dagbag.py:545} INFO - Filling up the DagBag from /mnt/c/Users/Raj/OneDrive - Åbo Akademi O365/banking/venv/lib/python3.12/site-packages/airflow/example_dags/example_task_group.py
[2025-11-20T22:25:52.846+0500] {processor.py:840} INFO - DAG(s) 'example_task_group' retrieved from /mnt/c/Users/Raj/OneDrive - Åbo Akademi O365/banking/venv/lib/python3.12/site-packages/airflow/example_dags/example_task_group.py
[2025-11-20T22:25:52.966+0500] {logging_mixin.py:188} INFO - [2025-11-20T22:25:52.964+0500] {dag.py:3096} INFO - Sync 1 DAGs
[2025-11-20T22:25:53.173+0500] {logging_mixin.py:188} INFO - [2025-11-20T22:25:53.146+0500] {dag.py:3954} INFO - Setting next_dagrun for example_task_group to 2025-11-19 00:00:00+00:00, run_after=2025-11-20 00:00:00+00:00
[2025-11-20T22:25:53.417+0500] {processor.py:183} INFO - Processing /mnt/c/Users/Raj/OneDrive - Åbo Akademi O365/banking/venv/lib/python3.12/site-packages/airflow/example_dags/example_task_group.py took 0.759 seconds
[2025-11-20T22:27:01.838+0500] {processor.py:161} INFO - Started process (PID=2328) to work on /mnt/c/Users/Raj/OneDrive - Åbo Akademi O365/banking/venv/lib/python3.12/site-packages/airflow/example_dags/example_task_group.py
[2025-11-20T22:27:01.847+0500] {processor.py:830} INFO - Processing file /mnt/c/Users/Raj/OneDrive - Åbo Akademi O365/banking/venv/lib/python3.12/site-packages/airflow/example_dags/example_task_group.py for tasks to queue
[2025-11-20T22:27:01.855+0500] {logging_mixin.py:188} INFO - [2025-11-20T22:27:01.849+0500] {dagbag.py:545} INFO - Filling up the DagBag from /mnt/c/Users/Raj/OneDrive - Åbo Akademi O365/banking/venv/lib/python3.12/site-packages/airflow/example_dags/example_task_group.py
[2025-11-20T22:27:01.941+0500] {processor.py:840} INFO - DAG(s) 'example_task_group' retrieved from /mnt/c/Users/Raj/OneDrive - Åbo Akademi O365/banking/venv/lib/python3.12/site-packages/airflow/example_dags/example_task_group.py
[2025-11-20T22:27:02.129+0500] {logging_mixin.py:188} INFO - [2025-11-20T22:27:02.119+0500] {dag.py:3096} INFO - Sync 1 DAGs
[2025-11-20T22:27:02.278+0500] {logging_mixin.py:188} INFO - [2025-11-20T22:27:02.274+0500] {dag.py:3954} INFO - Setting next_dagrun for example_task_group to 2025-11-19 00:00:00+00:00, run_after=2025-11-20 00:00:00+00:00
[2025-11-20T22:27:03.131+0500] {processor.py:183} INFO - Processing /mnt/c/Users/Raj/OneDrive - Åbo Akademi O365/banking/venv/lib/python3.12/site-packages/airflow/example_dags/example_task_group.py took 1.352 seconds
[2025-11-20T22:28:17.886+0500] {processor.py:161} INFO - Started process (PID=2368) to work on /mnt/c/Users/Raj/OneDrive - Åbo Akademi O365/banking/venv/lib/python3.12/site-packages/airflow/example_dags/example_task_group.py
[2025-11-20T22:28:17.902+0500] {processor.py:830} INFO - Processing file /mnt/c/Users/Raj/OneDrive - Åbo Akademi O365/banking/venv/lib/python3.12/site-packages/airflow/example_dags/example_task_group.py for tasks to queue
[2025-11-20T22:28:17.908+0500] {logging_mixin.py:188} INFO - [2025-11-20T22:28:17.905+0500] {dagbag.py:545} INFO - Filling up the DagBag from /mnt/c/Users/Raj/OneDrive - Åbo Akademi O365/banking/venv/lib/python3.12/site-packages/airflow/example_dags/example_task_group.py
[2025-11-20T22:28:17.991+0500] {processor.py:840} INFO - DAG(s) 'example_task_group' retrieved from /mnt/c/Users/Raj/OneDrive - Åbo Akademi O365/banking/venv/lib/python3.12/site-packages/airflow/example_dags/example_task_group.py
[2025-11-20T22:28:18.115+0500] {logging_mixin.py:188} INFO - [2025-11-20T22:28:18.109+0500] {dag.py:3096} INFO - Sync 1 DAGs
[2025-11-20T22:28:18.259+0500] {logging_mixin.py:188} INFO - [2025-11-20T22:28:18.253+0500] {dag.py:3954} INFO - Setting next_dagrun for example_task_group to 2025-11-19 00:00:00+00:00, run_after=2025-11-20 00:00:00+00:00
[2025-11-20T22:28:18.462+0500] {processor.py:183} INFO - Processing /mnt/c/Users/Raj/OneDrive - Åbo Akademi O365/banking/venv/lib/python3.12/site-packages/airflow/example_dags/example_task_group.py took 0.633 seconds
[2025-11-20T22:29:31.439+0500] {processor.py:161} INFO - Started process (PID=2430) to work on /mnt/c/Users/Raj/OneDrive - Åbo Akademi O365/banking/venv/lib/python3.12/site-packages/airflow/example_dags/example_task_group.py
[2025-11-20T22:29:31.444+0500] {processor.py:830} INFO - Processing file /mnt/c/Users/Raj/OneDrive - Åbo Akademi O365/banking/venv/lib/python3.12/site-packages/airflow/example_dags/example_task_group.py for tasks to queue
[2025-11-20T22:29:31.451+0500] {logging_mixin.py:188} INFO - [2025-11-20T22:29:31.448+0500] {dagbag.py:545} INFO - Filling up the DagBag from /mnt/c/Users/Raj/OneDrive - Åbo Akademi O365/banking/venv/lib/python3.12/site-packages/airflow/example_dags/example_task_group.py
[2025-11-20T22:29:31.498+0500] {processor.py:840} INFO - DAG(s) 'example_task_group' retrieved from /mnt/c/Users/Raj/OneDrive - Åbo Akademi O365/banking/venv/lib/python3.12/site-packages/airflow/example_dags/example_task_group.py
[2025-11-20T22:29:31.566+0500] {logging_mixin.py:188} INFO - [2025-11-20T22:29:31.563+0500] {dag.py:3096} INFO - Sync 1 DAGs
[2025-11-20T22:29:31.655+0500] {logging_mixin.py:188} INFO - [2025-11-20T22:29:31.647+0500] {dag.py:3954} INFO - Setting next_dagrun for example_task_group to 2025-11-19 00:00:00+00:00, run_after=2025-11-20 00:00:00+00:00
[2025-11-20T22:29:31.846+0500] {processor.py:183} INFO - Processing /mnt/c/Users/Raj/OneDrive - Åbo Akademi O365/banking/venv/lib/python3.12/site-packages/airflow/example_dags/example_task_group.py took 0.438 seconds
[2025-11-20T22:30:48.240+0500] {processor.py:161} INFO - Started process (PID=2467) to work on /mnt/c/Users/Raj/OneDrive - Åbo Akademi O365/banking/venv/lib/python3.12/site-packages/airflow/example_dags/example_task_group.py
[2025-11-20T22:30:48.250+0500] {processor.py:830} INFO - Processing file /mnt/c/Users/Raj/OneDrive - Åbo Akademi O365/banking/venv/lib/python3.12/site-packages/airflow/example_dags/example_task_group.py for tasks to queue
[2025-11-20T22:30:48.261+0500] {logging_mixin.py:188} INFO - [2025-11-20T22:30:48.256+0500] {dagbag.py:545} INFO - Filling up the DagBag from /mnt/c/Users/Raj/OneDrive - Åbo Akademi O365/banking/venv/lib/python3.12/site-packages/airflow/example_dags/example_task_group.py
[2025-11-20T22:30:48.411+0500] {logging_mixin.py:188} INFO - [2025-11-20T22:30:48.373+0500] {dagbag.py:355} ERROR - Failed to import: /mnt/c/Users/Raj/OneDrive - Åbo Akademi O365/banking/venv/lib/python3.12/site-packages/airflow/example_dags/example_task_group.py
Traceback (most recent call last):
  File "/mnt/c/Users/Raj/OneDrive - Åbo Akademi O365/banking/venv/lib/python3.12/site-packages/airflow/models/dagbag.py", line 351, in parse
    dag_id,
  File "<frozen importlib._bootstrap_external>", line 995, in exec_module
  File "<frozen importlib._bootstrap>", line 488, in _call_with_frames_removed
  File "/mnt/c/Users/Raj/OneDrive - Åbo Akademi O365/banking/venv/lib/python3.12/site-packages/airflow/example_dags/example_task_group.py", line 24, in <module>
    from airflow.providers.standard.operators.bash import BashOperator
ModuleNotFoundError: No module named 'airflow.providers.standard'
[2025-11-20T22:30:48.425+0500] {processor.py:842} WARNING - No viable dags retrieved from /mnt/c/Users/Raj/OneDrive - Åbo Akademi O365/banking/venv/lib/python3.12/site-packages/airflow/example_dags/example_task_group.py
[2025-11-20T22:30:48.534+0500] {processor.py:183} INFO - Processing /mnt/c/Users/Raj/OneDrive - Åbo Akademi O365/banking/venv/lib/python3.12/site-packages/airflow/example_dags/example_task_group.py took 0.365 seconds
[2025-11-20T22:32:06.425+0500] {processor.py:161} INFO - Started process (PID=2512) to work on /mnt/c/Users/Raj/OneDrive - Åbo Akademi O365/banking/venv/lib/python3.12/site-packages/airflow/example_dags/example_task_group.py
[2025-11-20T22:32:06.429+0500] {processor.py:830} INFO - Processing file /mnt/c/Users/Raj/OneDrive - Åbo Akademi O365/banking/venv/lib/python3.12/site-packages/airflow/example_dags/example_task_group.py for tasks to queue
[2025-11-20T22:32:06.436+0500] {logging_mixin.py:188} INFO - [2025-11-20T22:32:06.433+0500] {dagbag.py:545} INFO - Filling up the DagBag from /mnt/c/Users/Raj/OneDrive - Åbo Akademi O365/banking/venv/lib/python3.12/site-packages/airflow/example_dags/example_task_group.py
[2025-11-20T22:32:06.488+0500] {logging_mixin.py:188} INFO - [2025-11-20T22:32:06.466+0500] {dagbag.py:355} ERROR - Failed to import: /mnt/c/Users/Raj/OneDrive - Åbo Akademi O365/banking/venv/lib/python3.12/site-packages/airflow/example_dags/example_task_group.py
Traceback (most recent call last):
  File "/mnt/c/Users/Raj/OneDrive - Åbo Akademi O365/banking/venv/lib/python3.12/site-packages/airflow/models/dagbag.py", line 351, in parse
    dag_id,
  File "<frozen importlib._bootstrap_external>", line 995, in exec_module
  File "<frozen importlib._bootstrap>", line 488, in _call_with_frames_removed
  File "/mnt/c/Users/Raj/OneDrive - Åbo Akademi O365/banking/venv/lib/python3.12/site-packages/airflow/example_dags/example_task_group.py", line 24, in <module>
    from airflow.providers.standard.operators.bash import BashOperator
ModuleNotFoundError: No module named 'airflow.providers.standard'
[2025-11-20T22:32:06.495+0500] {processor.py:842} WARNING - No viable dags retrieved from /mnt/c/Users/Raj/OneDrive - Åbo Akademi O365/banking/venv/lib/python3.12/site-packages/airflow/example_dags/example_task_group.py
[2025-11-20T22:32:06.677+0500] {processor.py:183} INFO - Processing /mnt/c/Users/Raj/OneDrive - Åbo Akademi O365/banking/venv/lib/python3.12/site-packages/airflow/example_dags/example_task_group.py took 0.288 seconds
