[2025-11-20T20:35:01.891+0500] {processor.py:161} INFO - Started process (PID=11858) to work on /mnt/c/Users/Raj/OneDrive - Åbo Akademi O365/banking/venv/lib/python3.12/site-packages/airflow/example_dags/example_trigger_target_dag.py
[2025-11-20T20:35:01.893+0500] {processor.py:830} INFO - Processing file /mnt/c/Users/Raj/OneDrive - Åbo Akademi O365/banking/venv/lib/python3.12/site-packages/airflow/example_dags/example_trigger_target_dag.py for tasks to queue
[2025-11-20T20:35:01.899+0500] {logging_mixin.py:188} INFO - [2025-11-20T20:35:01.897+0500] {dagbag.py:545} INFO - Filling up the DagBag from /mnt/c/Users/Raj/OneDrive - Åbo Akademi O365/banking/venv/lib/python3.12/site-packages/airflow/example_dags/example_trigger_target_dag.py
[2025-11-20T20:35:02.048+0500] {processor.py:840} INFO - DAG(s) 'example_trigger_target_dag' retrieved from /mnt/c/Users/Raj/OneDrive - Åbo Akademi O365/banking/venv/lib/python3.12/site-packages/airflow/example_dags/example_trigger_target_dag.py
[2025-11-20T20:35:03.998+0500] {logging_mixin.py:188} INFO - [2025-11-20T20:35:03.995+0500] {override.py:1829} INFO - Created Permission View: can delete on DAG:example_trigger_target_dag
[2025-11-20T20:35:04.066+0500] {logging_mixin.py:188} INFO - [2025-11-20T20:35:04.064+0500] {override.py:1829} INFO - Created Permission View: can read on DAG:example_trigger_target_dag
[2025-11-20T20:35:04.149+0500] {logging_mixin.py:188} INFO - [2025-11-20T20:35:04.147+0500] {override.py:1829} INFO - Created Permission View: can edit on DAG:example_trigger_target_dag
[2025-11-20T20:35:04.153+0500] {logging_mixin.py:188} INFO - [2025-11-20T20:35:04.151+0500] {dag.py:3096} INFO - Sync 1 DAGs
[2025-11-20T20:35:04.181+0500] {logging_mixin.py:188} INFO - [2025-11-20T20:35:04.179+0500] {dag.py:3118} INFO - Creating ORM DAG for example_trigger_target_dag
[2025-11-20T20:35:04.184+0500] {logging_mixin.py:188} INFO - [2025-11-20T20:35:04.183+0500] {dag.py:3954} INFO - Setting next_dagrun for example_trigger_target_dag to None, run_after=None
[2025-11-20T20:35:04.280+0500] {processor.py:183} INFO - Processing /mnt/c/Users/Raj/OneDrive - Åbo Akademi O365/banking/venv/lib/python3.12/site-packages/airflow/example_dags/example_trigger_target_dag.py took 2.410 seconds
[2025-11-20T20:37:30.552+0500] {processor.py:161} INFO - Started process (PID=12388) to work on /mnt/c/Users/Raj/OneDrive - Åbo Akademi O365/banking/venv/lib/python3.12/site-packages/airflow/example_dags/example_trigger_target_dag.py
[2025-11-20T20:37:30.555+0500] {processor.py:830} INFO - Processing file /mnt/c/Users/Raj/OneDrive - Åbo Akademi O365/banking/venv/lib/python3.12/site-packages/airflow/example_dags/example_trigger_target_dag.py for tasks to queue
[2025-11-20T20:37:30.561+0500] {logging_mixin.py:188} INFO - [2025-11-20T20:37:30.558+0500] {dagbag.py:545} INFO - Filling up the DagBag from /mnt/c/Users/Raj/OneDrive - Åbo Akademi O365/banking/venv/lib/python3.12/site-packages/airflow/example_dags/example_trigger_target_dag.py
[2025-11-20T20:37:30.597+0500] {processor.py:840} INFO - DAG(s) 'example_trigger_target_dag' retrieved from /mnt/c/Users/Raj/OneDrive - Åbo Akademi O365/banking/venv/lib/python3.12/site-packages/airflow/example_dags/example_trigger_target_dag.py
[2025-11-20T20:37:30.646+0500] {logging_mixin.py:188} INFO - [2025-11-20T20:37:30.645+0500] {dag.py:3096} INFO - Sync 1 DAGs
[2025-11-20T20:37:30.679+0500] {logging_mixin.py:188} INFO - [2025-11-20T20:37:30.677+0500] {dag.py:3954} INFO - Setting next_dagrun for example_trigger_target_dag to None, run_after=None
[2025-11-20T20:37:30.779+0500] {processor.py:183} INFO - Processing /mnt/c/Users/Raj/OneDrive - Åbo Akademi O365/banking/venv/lib/python3.12/site-packages/airflow/example_dags/example_trigger_target_dag.py took 0.247 seconds
[2025-11-20T20:38:28.851+0500] {processor.py:161} INFO - Started process (PID=12576) to work on /mnt/c/Users/Raj/OneDrive - Åbo Akademi O365/banking/venv/lib/python3.12/site-packages/airflow/example_dags/example_trigger_target_dag.py
[2025-11-20T20:38:28.854+0500] {processor.py:830} INFO - Processing file /mnt/c/Users/Raj/OneDrive - Åbo Akademi O365/banking/venv/lib/python3.12/site-packages/airflow/example_dags/example_trigger_target_dag.py for tasks to queue
[2025-11-20T20:38:28.861+0500] {logging_mixin.py:188} INFO - [2025-11-20T20:38:28.859+0500] {dagbag.py:545} INFO - Filling up the DagBag from /mnt/c/Users/Raj/OneDrive - Åbo Akademi O365/banking/venv/lib/python3.12/site-packages/airflow/example_dags/example_trigger_target_dag.py
[2025-11-20T20:38:28.902+0500] {processor.py:840} INFO - DAG(s) 'example_trigger_target_dag' retrieved from /mnt/c/Users/Raj/OneDrive - Åbo Akademi O365/banking/venv/lib/python3.12/site-packages/airflow/example_dags/example_trigger_target_dag.py
[2025-11-20T20:38:28.955+0500] {logging_mixin.py:188} INFO - [2025-11-20T20:38:28.953+0500] {dag.py:3096} INFO - Sync 1 DAGs
[2025-11-20T20:38:28.987+0500] {logging_mixin.py:188} INFO - [2025-11-20T20:38:28.986+0500] {dag.py:3954} INFO - Setting next_dagrun for example_trigger_target_dag to None, run_after=None
[2025-11-20T20:38:29.114+0500] {processor.py:183} INFO - Processing /mnt/c/Users/Raj/OneDrive - Åbo Akademi O365/banking/venv/lib/python3.12/site-packages/airflow/example_dags/example_trigger_target_dag.py took 0.287 seconds
[2025-11-20T20:39:50.806+0500] {processor.py:161} INFO - Started process (PID=12875) to work on /mnt/c/Users/Raj/OneDrive - Åbo Akademi O365/banking/venv/lib/python3.12/site-packages/airflow/example_dags/example_trigger_target_dag.py
[2025-11-20T20:39:50.809+0500] {processor.py:830} INFO - Processing file /mnt/c/Users/Raj/OneDrive - Åbo Akademi O365/banking/venv/lib/python3.12/site-packages/airflow/example_dags/example_trigger_target_dag.py for tasks to queue
[2025-11-20T20:39:50.816+0500] {logging_mixin.py:188} INFO - [2025-11-20T20:39:50.814+0500] {dagbag.py:545} INFO - Filling up the DagBag from /mnt/c/Users/Raj/OneDrive - Åbo Akademi O365/banking/venv/lib/python3.12/site-packages/airflow/example_dags/example_trigger_target_dag.py
[2025-11-20T20:39:50.866+0500] {processor.py:840} INFO - DAG(s) 'example_trigger_target_dag' retrieved from /mnt/c/Users/Raj/OneDrive - Åbo Akademi O365/banking/venv/lib/python3.12/site-packages/airflow/example_dags/example_trigger_target_dag.py
[2025-11-20T20:39:50.926+0500] {logging_mixin.py:188} INFO - [2025-11-20T20:39:50.924+0500] {dag.py:3096} INFO - Sync 1 DAGs
[2025-11-20T20:39:50.958+0500] {logging_mixin.py:188} INFO - [2025-11-20T20:39:50.956+0500] {dag.py:3954} INFO - Setting next_dagrun for example_trigger_target_dag to None, run_after=None
[2025-11-20T20:39:51.121+0500] {processor.py:183} INFO - Processing /mnt/c/Users/Raj/OneDrive - Åbo Akademi O365/banking/venv/lib/python3.12/site-packages/airflow/example_dags/example_trigger_target_dag.py took 0.339 seconds
[2025-11-20T20:41:08.380+0500] {processor.py:161} INFO - Started process (PID=13131) to work on /mnt/c/Users/Raj/OneDrive - Åbo Akademi O365/banking/venv/lib/python3.12/site-packages/airflow/example_dags/example_trigger_target_dag.py
[2025-11-20T20:41:08.383+0500] {processor.py:830} INFO - Processing file /mnt/c/Users/Raj/OneDrive - Åbo Akademi O365/banking/venv/lib/python3.12/site-packages/airflow/example_dags/example_trigger_target_dag.py for tasks to queue
[2025-11-20T20:41:08.387+0500] {logging_mixin.py:188} INFO - [2025-11-20T20:41:08.386+0500] {dagbag.py:545} INFO - Filling up the DagBag from /mnt/c/Users/Raj/OneDrive - Åbo Akademi O365/banking/venv/lib/python3.12/site-packages/airflow/example_dags/example_trigger_target_dag.py
[2025-11-20T20:41:08.419+0500] {processor.py:840} INFO - DAG(s) 'example_trigger_target_dag' retrieved from /mnt/c/Users/Raj/OneDrive - Åbo Akademi O365/banking/venv/lib/python3.12/site-packages/airflow/example_dags/example_trigger_target_dag.py
[2025-11-20T20:41:08.467+0500] {logging_mixin.py:188} INFO - [2025-11-20T20:41:08.465+0500] {dag.py:3096} INFO - Sync 1 DAGs
[2025-11-20T20:41:08.489+0500] {logging_mixin.py:188} INFO - [2025-11-20T20:41:08.488+0500] {dag.py:3954} INFO - Setting next_dagrun for example_trigger_target_dag to None, run_after=None
[2025-11-20T20:41:08.588+0500] {processor.py:183} INFO - Processing /mnt/c/Users/Raj/OneDrive - Åbo Akademi O365/banking/venv/lib/python3.12/site-packages/airflow/example_dags/example_trigger_target_dag.py took 0.225 seconds
[2025-11-20T20:42:26.343+0500] {processor.py:161} INFO - Started process (PID=13398) to work on /mnt/c/Users/Raj/OneDrive - Åbo Akademi O365/banking/venv/lib/python3.12/site-packages/airflow/example_dags/example_trigger_target_dag.py
[2025-11-20T20:42:26.346+0500] {processor.py:830} INFO - Processing file /mnt/c/Users/Raj/OneDrive - Åbo Akademi O365/banking/venv/lib/python3.12/site-packages/airflow/example_dags/example_trigger_target_dag.py for tasks to queue
[2025-11-20T20:42:26.351+0500] {logging_mixin.py:188} INFO - [2025-11-20T20:42:26.349+0500] {dagbag.py:545} INFO - Filling up the DagBag from /mnt/c/Users/Raj/OneDrive - Åbo Akademi O365/banking/venv/lib/python3.12/site-packages/airflow/example_dags/example_trigger_target_dag.py
[2025-11-20T20:42:26.385+0500] {processor.py:840} INFO - DAG(s) 'example_trigger_target_dag' retrieved from /mnt/c/Users/Raj/OneDrive - Åbo Akademi O365/banking/venv/lib/python3.12/site-packages/airflow/example_dags/example_trigger_target_dag.py
[2025-11-20T20:42:26.425+0500] {logging_mixin.py:188} INFO - [2025-11-20T20:42:26.424+0500] {dag.py:3096} INFO - Sync 1 DAGs
[2025-11-20T20:42:26.447+0500] {logging_mixin.py:188} INFO - [2025-11-20T20:42:26.445+0500] {dag.py:3954} INFO - Setting next_dagrun for example_trigger_target_dag to None, run_after=None
[2025-11-20T20:42:26.560+0500] {processor.py:183} INFO - Processing /mnt/c/Users/Raj/OneDrive - Åbo Akademi O365/banking/venv/lib/python3.12/site-packages/airflow/example_dags/example_trigger_target_dag.py took 0.233 seconds
[2025-11-20T20:43:46.583+0500] {processor.py:161} INFO - Started process (PID=13666) to work on /mnt/c/Users/Raj/OneDrive - Åbo Akademi O365/banking/venv/lib/python3.12/site-packages/airflow/example_dags/example_trigger_target_dag.py
[2025-11-20T20:43:46.585+0500] {processor.py:830} INFO - Processing file /mnt/c/Users/Raj/OneDrive - Åbo Akademi O365/banking/venv/lib/python3.12/site-packages/airflow/example_dags/example_trigger_target_dag.py for tasks to queue
[2025-11-20T20:43:46.591+0500] {logging_mixin.py:188} INFO - [2025-11-20T20:43:46.589+0500] {dagbag.py:545} INFO - Filling up the DagBag from /mnt/c/Users/Raj/OneDrive - Åbo Akademi O365/banking/venv/lib/python3.12/site-packages/airflow/example_dags/example_trigger_target_dag.py
[2025-11-20T20:43:46.630+0500] {processor.py:840} INFO - DAG(s) 'example_trigger_target_dag' retrieved from /mnt/c/Users/Raj/OneDrive - Åbo Akademi O365/banking/venv/lib/python3.12/site-packages/airflow/example_dags/example_trigger_target_dag.py
[2025-11-20T20:43:46.683+0500] {logging_mixin.py:188} INFO - [2025-11-20T20:43:46.681+0500] {dag.py:3096} INFO - Sync 1 DAGs
[2025-11-20T20:43:46.707+0500] {logging_mixin.py:188} INFO - [2025-11-20T20:43:46.706+0500] {dag.py:3954} INFO - Setting next_dagrun for example_trigger_target_dag to None, run_after=None
[2025-11-20T20:43:46.804+0500] {processor.py:183} INFO - Processing /mnt/c/Users/Raj/OneDrive - Åbo Akademi O365/banking/venv/lib/python3.12/site-packages/airflow/example_dags/example_trigger_target_dag.py took 0.240 seconds
[2025-11-20T20:45:08.942+0500] {processor.py:161} INFO - Started process (PID=13978) to work on /mnt/c/Users/Raj/OneDrive - Åbo Akademi O365/banking/venv/lib/python3.12/site-packages/airflow/example_dags/example_trigger_target_dag.py
[2025-11-20T20:45:08.945+0500] {processor.py:830} INFO - Processing file /mnt/c/Users/Raj/OneDrive - Åbo Akademi O365/banking/venv/lib/python3.12/site-packages/airflow/example_dags/example_trigger_target_dag.py for tasks to queue
[2025-11-20T20:45:08.951+0500] {logging_mixin.py:188} INFO - [2025-11-20T20:45:08.949+0500] {dagbag.py:545} INFO - Filling up the DagBag from /mnt/c/Users/Raj/OneDrive - Åbo Akademi O365/banking/venv/lib/python3.12/site-packages/airflow/example_dags/example_trigger_target_dag.py
[2025-11-20T20:45:08.997+0500] {processor.py:840} INFO - DAG(s) 'example_trigger_target_dag' retrieved from /mnt/c/Users/Raj/OneDrive - Åbo Akademi O365/banking/venv/lib/python3.12/site-packages/airflow/example_dags/example_trigger_target_dag.py
[2025-11-20T20:45:09.052+0500] {logging_mixin.py:188} INFO - [2025-11-20T20:45:09.051+0500] {dag.py:3096} INFO - Sync 1 DAGs
[2025-11-20T20:45:09.078+0500] {logging_mixin.py:188} INFO - [2025-11-20T20:45:09.076+0500] {dag.py:3954} INFO - Setting next_dagrun for example_trigger_target_dag to None, run_after=None
[2025-11-20T20:45:09.185+0500] {processor.py:183} INFO - Processing /mnt/c/Users/Raj/OneDrive - Åbo Akademi O365/banking/venv/lib/python3.12/site-packages/airflow/example_dags/example_trigger_target_dag.py took 0.272 seconds
[2025-11-20T20:46:24.335+0500] {processor.py:161} INFO - Started process (PID=14297) to work on /mnt/c/Users/Raj/OneDrive - Åbo Akademi O365/banking/venv/lib/python3.12/site-packages/airflow/example_dags/example_trigger_target_dag.py
[2025-11-20T20:46:24.338+0500] {processor.py:830} INFO - Processing file /mnt/c/Users/Raj/OneDrive - Åbo Akademi O365/banking/venv/lib/python3.12/site-packages/airflow/example_dags/example_trigger_target_dag.py for tasks to queue
[2025-11-20T20:46:24.344+0500] {logging_mixin.py:188} INFO - [2025-11-20T20:46:24.342+0500] {dagbag.py:545} INFO - Filling up the DagBag from /mnt/c/Users/Raj/OneDrive - Åbo Akademi O365/banking/venv/lib/python3.12/site-packages/airflow/example_dags/example_trigger_target_dag.py
[2025-11-20T20:46:24.378+0500] {processor.py:840} INFO - DAG(s) 'example_trigger_target_dag' retrieved from /mnt/c/Users/Raj/OneDrive - Åbo Akademi O365/banking/venv/lib/python3.12/site-packages/airflow/example_dags/example_trigger_target_dag.py
[2025-11-20T20:46:24.418+0500] {logging_mixin.py:188} INFO - [2025-11-20T20:46:24.417+0500] {dag.py:3096} INFO - Sync 1 DAGs
[2025-11-20T20:46:24.437+0500] {logging_mixin.py:188} INFO - [2025-11-20T20:46:24.436+0500] {dag.py:3954} INFO - Setting next_dagrun for example_trigger_target_dag to None, run_after=None
[2025-11-20T20:46:24.539+0500] {processor.py:183} INFO - Processing /mnt/c/Users/Raj/OneDrive - Åbo Akademi O365/banking/venv/lib/python3.12/site-packages/airflow/example_dags/example_trigger_target_dag.py took 0.224 seconds
[2025-11-20T20:47:42.590+0500] {processor.py:161} INFO - Started process (PID=14659) to work on /mnt/c/Users/Raj/OneDrive - Åbo Akademi O365/banking/venv/lib/python3.12/site-packages/airflow/example_dags/example_trigger_target_dag.py
[2025-11-20T20:47:42.593+0500] {processor.py:830} INFO - Processing file /mnt/c/Users/Raj/OneDrive - Åbo Akademi O365/banking/venv/lib/python3.12/site-packages/airflow/example_dags/example_trigger_target_dag.py for tasks to queue
[2025-11-20T20:47:42.598+0500] {logging_mixin.py:188} INFO - [2025-11-20T20:47:42.596+0500] {dagbag.py:545} INFO - Filling up the DagBag from /mnt/c/Users/Raj/OneDrive - Åbo Akademi O365/banking/venv/lib/python3.12/site-packages/airflow/example_dags/example_trigger_target_dag.py
[2025-11-20T20:47:42.634+0500] {processor.py:840} INFO - DAG(s) 'example_trigger_target_dag' retrieved from /mnt/c/Users/Raj/OneDrive - Åbo Akademi O365/banking/venv/lib/python3.12/site-packages/airflow/example_dags/example_trigger_target_dag.py
[2025-11-20T20:47:42.683+0500] {logging_mixin.py:188} INFO - [2025-11-20T20:47:42.682+0500] {dag.py:3096} INFO - Sync 1 DAGs
[2025-11-20T20:47:42.713+0500] {logging_mixin.py:188} INFO - [2025-11-20T20:47:42.711+0500] {dag.py:3954} INFO - Setting next_dagrun for example_trigger_target_dag to None, run_after=None
[2025-11-20T20:47:42.813+0500] {processor.py:183} INFO - Processing /mnt/c/Users/Raj/OneDrive - Åbo Akademi O365/banking/venv/lib/python3.12/site-packages/airflow/example_dags/example_trigger_target_dag.py took 0.244 seconds
[2025-11-20T20:48:59.472+0500] {processor.py:161} INFO - Started process (PID=15074) to work on /mnt/c/Users/Raj/OneDrive - Åbo Akademi O365/banking/venv/lib/python3.12/site-packages/airflow/example_dags/example_trigger_target_dag.py
[2025-11-20T20:48:59.476+0500] {processor.py:830} INFO - Processing file /mnt/c/Users/Raj/OneDrive - Åbo Akademi O365/banking/venv/lib/python3.12/site-packages/airflow/example_dags/example_trigger_target_dag.py for tasks to queue
[2025-11-20T20:48:59.483+0500] {logging_mixin.py:188} INFO - [2025-11-20T20:48:59.481+0500] {dagbag.py:545} INFO - Filling up the DagBag from /mnt/c/Users/Raj/OneDrive - Åbo Akademi O365/banking/venv/lib/python3.12/site-packages/airflow/example_dags/example_trigger_target_dag.py
[2025-11-20T20:48:59.515+0500] {processor.py:840} INFO - DAG(s) 'example_trigger_target_dag' retrieved from /mnt/c/Users/Raj/OneDrive - Åbo Akademi O365/banking/venv/lib/python3.12/site-packages/airflow/example_dags/example_trigger_target_dag.py
[2025-11-20T20:48:59.563+0500] {logging_mixin.py:188} INFO - [2025-11-20T20:48:59.561+0500] {dag.py:3096} INFO - Sync 1 DAGs
[2025-11-20T20:48:59.588+0500] {logging_mixin.py:188} INFO - [2025-11-20T20:48:59.587+0500] {dag.py:3954} INFO - Setting next_dagrun for example_trigger_target_dag to None, run_after=None
[2025-11-20T20:48:59.706+0500] {processor.py:183} INFO - Processing /mnt/c/Users/Raj/OneDrive - Åbo Akademi O365/banking/venv/lib/python3.12/site-packages/airflow/example_dags/example_trigger_target_dag.py took 0.252 seconds
[2025-11-20T21:55:27.850+0500] {processor.py:161} INFO - Started process (PID=865) to work on /mnt/c/Users/Raj/OneDrive - Åbo Akademi O365/banking/venv/lib/python3.12/site-packages/airflow/example_dags/example_trigger_target_dag.py
[2025-11-20T21:55:27.852+0500] {processor.py:830} INFO - Processing file /mnt/c/Users/Raj/OneDrive - Åbo Akademi O365/banking/venv/lib/python3.12/site-packages/airflow/example_dags/example_trigger_target_dag.py for tasks to queue
[2025-11-20T21:55:27.858+0500] {logging_mixin.py:188} INFO - [2025-11-20T21:55:27.855+0500] {dagbag.py:545} INFO - Filling up the DagBag from /mnt/c/Users/Raj/OneDrive - Åbo Akademi O365/banking/venv/lib/python3.12/site-packages/airflow/example_dags/example_trigger_target_dag.py
[2025-11-20T21:55:28.007+0500] {processor.py:840} INFO - DAG(s) 'example_trigger_target_dag' retrieved from /mnt/c/Users/Raj/OneDrive - Åbo Akademi O365/banking/venv/lib/python3.12/site-packages/airflow/example_dags/example_trigger_target_dag.py
[2025-11-20T21:55:29.824+0500] {logging_mixin.py:188} INFO - [2025-11-20T21:55:29.822+0500] {dag.py:3096} INFO - Sync 1 DAGs
[2025-11-20T21:55:29.852+0500] {logging_mixin.py:188} INFO - [2025-11-20T21:55:29.850+0500] {dag.py:3954} INFO - Setting next_dagrun for example_trigger_target_dag to None, run_after=None
[2025-11-20T21:55:29.959+0500] {processor.py:183} INFO - Processing /mnt/c/Users/Raj/OneDrive - Åbo Akademi O365/banking/venv/lib/python3.12/site-packages/airflow/example_dags/example_trigger_target_dag.py took 2.128 seconds
[2025-11-20T21:57:43.256+0500] {processor.py:161} INFO - Started process (PID=950) to work on /mnt/c/Users/Raj/OneDrive - Åbo Akademi O365/banking/venv/lib/python3.12/site-packages/airflow/example_dags/example_trigger_target_dag.py
[2025-11-20T21:57:43.258+0500] {processor.py:830} INFO - Processing file /mnt/c/Users/Raj/OneDrive - Åbo Akademi O365/banking/venv/lib/python3.12/site-packages/airflow/example_dags/example_trigger_target_dag.py for tasks to queue
[2025-11-20T21:57:43.262+0500] {logging_mixin.py:188} INFO - [2025-11-20T21:57:43.261+0500] {dagbag.py:545} INFO - Filling up the DagBag from /mnt/c/Users/Raj/OneDrive - Åbo Akademi O365/banking/venv/lib/python3.12/site-packages/airflow/example_dags/example_trigger_target_dag.py
[2025-11-20T21:57:43.297+0500] {processor.py:840} INFO - DAG(s) 'example_trigger_target_dag' retrieved from /mnt/c/Users/Raj/OneDrive - Åbo Akademi O365/banking/venv/lib/python3.12/site-packages/airflow/example_dags/example_trigger_target_dag.py
[2025-11-20T21:57:43.356+0500] {logging_mixin.py:188} INFO - [2025-11-20T21:57:43.354+0500] {dag.py:3096} INFO - Sync 1 DAGs
[2025-11-20T21:57:43.388+0500] {logging_mixin.py:188} INFO - [2025-11-20T21:57:43.386+0500] {dag.py:3954} INFO - Setting next_dagrun for example_trigger_target_dag to None, run_after=None
[2025-11-20T21:57:43.479+0500] {processor.py:183} INFO - Processing /mnt/c/Users/Raj/OneDrive - Åbo Akademi O365/banking/venv/lib/python3.12/site-packages/airflow/example_dags/example_trigger_target_dag.py took 0.238 seconds
[2025-11-20T21:58:38.731+0500] {processor.py:161} INFO - Started process (PID=1018) to work on /mnt/c/Users/Raj/OneDrive - Åbo Akademi O365/banking/venv/lib/python3.12/site-packages/airflow/example_dags/example_trigger_target_dag.py
[2025-11-20T21:58:38.735+0500] {processor.py:830} INFO - Processing file /mnt/c/Users/Raj/OneDrive - Åbo Akademi O365/banking/venv/lib/python3.12/site-packages/airflow/example_dags/example_trigger_target_dag.py for tasks to queue
[2025-11-20T21:58:38.741+0500] {logging_mixin.py:188} INFO - [2025-11-20T21:58:38.739+0500] {dagbag.py:545} INFO - Filling up the DagBag from /mnt/c/Users/Raj/OneDrive - Åbo Akademi O365/banking/venv/lib/python3.12/site-packages/airflow/example_dags/example_trigger_target_dag.py
[2025-11-20T21:58:38.783+0500] {processor.py:840} INFO - DAG(s) 'example_trigger_target_dag' retrieved from /mnt/c/Users/Raj/OneDrive - Åbo Akademi O365/banking/venv/lib/python3.12/site-packages/airflow/example_dags/example_trigger_target_dag.py
[2025-11-20T21:58:38.841+0500] {logging_mixin.py:188} INFO - [2025-11-20T21:58:38.840+0500] {dag.py:3096} INFO - Sync 1 DAGs
[2025-11-20T21:58:38.876+0500] {logging_mixin.py:188} INFO - [2025-11-20T21:58:38.874+0500] {dag.py:3954} INFO - Setting next_dagrun for example_trigger_target_dag to None, run_after=None
[2025-11-20T21:58:38.987+0500] {processor.py:183} INFO - Processing /mnt/c/Users/Raj/OneDrive - Åbo Akademi O365/banking/venv/lib/python3.12/site-packages/airflow/example_dags/example_trigger_target_dag.py took 0.278 seconds
[2025-11-20T21:59:58.708+0500] {processor.py:161} INFO - Started process (PID=1089) to work on /mnt/c/Users/Raj/OneDrive - Åbo Akademi O365/banking/venv/lib/python3.12/site-packages/airflow/example_dags/example_trigger_target_dag.py
[2025-11-20T21:59:58.711+0500] {processor.py:830} INFO - Processing file /mnt/c/Users/Raj/OneDrive - Åbo Akademi O365/banking/venv/lib/python3.12/site-packages/airflow/example_dags/example_trigger_target_dag.py for tasks to queue
[2025-11-20T21:59:58.716+0500] {logging_mixin.py:188} INFO - [2025-11-20T21:59:58.714+0500] {dagbag.py:545} INFO - Filling up the DagBag from /mnt/c/Users/Raj/OneDrive - Åbo Akademi O365/banking/venv/lib/python3.12/site-packages/airflow/example_dags/example_trigger_target_dag.py
[2025-11-20T21:59:58.759+0500] {processor.py:840} INFO - DAG(s) 'example_trigger_target_dag' retrieved from /mnt/c/Users/Raj/OneDrive - Åbo Akademi O365/banking/venv/lib/python3.12/site-packages/airflow/example_dags/example_trigger_target_dag.py
[2025-11-20T21:59:58.818+0500] {logging_mixin.py:188} INFO - [2025-11-20T21:59:58.816+0500] {dag.py:3096} INFO - Sync 1 DAGs
[2025-11-20T21:59:58.846+0500] {logging_mixin.py:188} INFO - [2025-11-20T21:59:58.845+0500] {dag.py:3954} INFO - Setting next_dagrun for example_trigger_target_dag to None, run_after=None
[2025-11-20T21:59:58.973+0500] {processor.py:183} INFO - Processing /mnt/c/Users/Raj/OneDrive - Åbo Akademi O365/banking/venv/lib/python3.12/site-packages/airflow/example_dags/example_trigger_target_dag.py took 0.284 seconds
[2025-11-20T22:01:23.975+0500] {processor.py:161} INFO - Started process (PID=1149) to work on /mnt/c/Users/Raj/OneDrive - Åbo Akademi O365/banking/venv/lib/python3.12/site-packages/airflow/example_dags/example_trigger_target_dag.py
[2025-11-20T22:01:23.980+0500] {processor.py:830} INFO - Processing file /mnt/c/Users/Raj/OneDrive - Åbo Akademi O365/banking/venv/lib/python3.12/site-packages/airflow/example_dags/example_trigger_target_dag.py for tasks to queue
[2025-11-20T22:01:23.988+0500] {logging_mixin.py:188} INFO - [2025-11-20T22:01:23.985+0500] {dagbag.py:545} INFO - Filling up the DagBag from /mnt/c/Users/Raj/OneDrive - Åbo Akademi O365/banking/venv/lib/python3.12/site-packages/airflow/example_dags/example_trigger_target_dag.py
[2025-11-20T22:01:24.043+0500] {processor.py:840} INFO - DAG(s) 'example_trigger_target_dag' retrieved from /mnt/c/Users/Raj/OneDrive - Åbo Akademi O365/banking/venv/lib/python3.12/site-packages/airflow/example_dags/example_trigger_target_dag.py
[2025-11-20T22:01:24.127+0500] {logging_mixin.py:188} INFO - [2025-11-20T22:01:24.125+0500] {dag.py:3096} INFO - Sync 1 DAGs
[2025-11-20T22:01:24.165+0500] {logging_mixin.py:188} INFO - [2025-11-20T22:01:24.163+0500] {dag.py:3954} INFO - Setting next_dagrun for example_trigger_target_dag to None, run_after=None
[2025-11-20T22:01:24.280+0500] {processor.py:183} INFO - Processing /mnt/c/Users/Raj/OneDrive - Åbo Akademi O365/banking/venv/lib/python3.12/site-packages/airflow/example_dags/example_trigger_target_dag.py took 0.330 seconds
[2025-11-20T22:02:45.513+0500] {processor.py:161} INFO - Started process (PID=1211) to work on /mnt/c/Users/Raj/OneDrive - Åbo Akademi O365/banking/venv/lib/python3.12/site-packages/airflow/example_dags/example_trigger_target_dag.py
[2025-11-20T22:02:45.516+0500] {processor.py:830} INFO - Processing file /mnt/c/Users/Raj/OneDrive - Åbo Akademi O365/banking/venv/lib/python3.12/site-packages/airflow/example_dags/example_trigger_target_dag.py for tasks to queue
[2025-11-20T22:02:45.520+0500] {logging_mixin.py:188} INFO - [2025-11-20T22:02:45.519+0500] {dagbag.py:545} INFO - Filling up the DagBag from /mnt/c/Users/Raj/OneDrive - Åbo Akademi O365/banking/venv/lib/python3.12/site-packages/airflow/example_dags/example_trigger_target_dag.py
[2025-11-20T22:02:45.549+0500] {processor.py:840} INFO - DAG(s) 'example_trigger_target_dag' retrieved from /mnt/c/Users/Raj/OneDrive - Åbo Akademi O365/banking/venv/lib/python3.12/site-packages/airflow/example_dags/example_trigger_target_dag.py
[2025-11-20T22:02:45.589+0500] {logging_mixin.py:188} INFO - [2025-11-20T22:02:45.588+0500] {dag.py:3096} INFO - Sync 1 DAGs
[2025-11-20T22:02:45.610+0500] {logging_mixin.py:188} INFO - [2025-11-20T22:02:45.609+0500] {dag.py:3954} INFO - Setting next_dagrun for example_trigger_target_dag to None, run_after=None
[2025-11-20T22:02:45.701+0500] {processor.py:183} INFO - Processing /mnt/c/Users/Raj/OneDrive - Åbo Akademi O365/banking/venv/lib/python3.12/site-packages/airflow/example_dags/example_trigger_target_dag.py took 0.205 seconds
[2025-11-20T22:04:12.549+0500] {processor.py:161} INFO - Started process (PID=1282) to work on /mnt/c/Users/Raj/OneDrive - Åbo Akademi O365/banking/venv/lib/python3.12/site-packages/airflow/example_dags/example_trigger_target_dag.py
[2025-11-20T22:04:12.552+0500] {processor.py:830} INFO - Processing file /mnt/c/Users/Raj/OneDrive - Åbo Akademi O365/banking/venv/lib/python3.12/site-packages/airflow/example_dags/example_trigger_target_dag.py for tasks to queue
[2025-11-20T22:04:12.557+0500] {logging_mixin.py:188} INFO - [2025-11-20T22:04:12.555+0500] {dagbag.py:545} INFO - Filling up the DagBag from /mnt/c/Users/Raj/OneDrive - Åbo Akademi O365/banking/venv/lib/python3.12/site-packages/airflow/example_dags/example_trigger_target_dag.py
[2025-11-20T22:04:12.584+0500] {processor.py:840} INFO - DAG(s) 'example_trigger_target_dag' retrieved from /mnt/c/Users/Raj/OneDrive - Åbo Akademi O365/banking/venv/lib/python3.12/site-packages/airflow/example_dags/example_trigger_target_dag.py
[2025-11-20T22:04:12.627+0500] {logging_mixin.py:188} INFO - [2025-11-20T22:04:12.626+0500] {dag.py:3096} INFO - Sync 1 DAGs
[2025-11-20T22:04:12.648+0500] {logging_mixin.py:188} INFO - [2025-11-20T22:04:12.646+0500] {dag.py:3954} INFO - Setting next_dagrun for example_trigger_target_dag to None, run_after=None
[2025-11-20T22:04:12.741+0500] {processor.py:183} INFO - Processing /mnt/c/Users/Raj/OneDrive - Åbo Akademi O365/banking/venv/lib/python3.12/site-packages/airflow/example_dags/example_trigger_target_dag.py took 0.210 seconds
[2025-11-20T22:05:34.553+0500] {processor.py:161} INFO - Started process (PID=1343) to work on /mnt/c/Users/Raj/OneDrive - Åbo Akademi O365/banking/venv/lib/python3.12/site-packages/airflow/example_dags/example_trigger_target_dag.py
[2025-11-20T22:05:34.556+0500] {processor.py:830} INFO - Processing file /mnt/c/Users/Raj/OneDrive - Åbo Akademi O365/banking/venv/lib/python3.12/site-packages/airflow/example_dags/example_trigger_target_dag.py for tasks to queue
[2025-11-20T22:05:34.560+0500] {logging_mixin.py:188} INFO - [2025-11-20T22:05:34.558+0500] {dagbag.py:545} INFO - Filling up the DagBag from /mnt/c/Users/Raj/OneDrive - Åbo Akademi O365/banking/venv/lib/python3.12/site-packages/airflow/example_dags/example_trigger_target_dag.py
[2025-11-20T22:05:34.600+0500] {processor.py:840} INFO - DAG(s) 'example_trigger_target_dag' retrieved from /mnt/c/Users/Raj/OneDrive - Åbo Akademi O365/banking/venv/lib/python3.12/site-packages/airflow/example_dags/example_trigger_target_dag.py
[2025-11-20T22:05:34.643+0500] {logging_mixin.py:188} INFO - [2025-11-20T22:05:34.641+0500] {dag.py:3096} INFO - Sync 1 DAGs
[2025-11-20T22:05:34.665+0500] {logging_mixin.py:188} INFO - [2025-11-20T22:05:34.663+0500] {dag.py:3954} INFO - Setting next_dagrun for example_trigger_target_dag to None, run_after=None
[2025-11-20T22:05:34.761+0500] {processor.py:183} INFO - Processing /mnt/c/Users/Raj/OneDrive - Åbo Akademi O365/banking/venv/lib/python3.12/site-packages/airflow/example_dags/example_trigger_target_dag.py took 0.231 seconds
[2025-11-20T22:06:58.191+0500] {processor.py:161} INFO - Started process (PID=1408) to work on /mnt/c/Users/Raj/OneDrive - Åbo Akademi O365/banking/venv/lib/python3.12/site-packages/airflow/example_dags/example_trigger_target_dag.py
[2025-11-20T22:06:58.194+0500] {processor.py:830} INFO - Processing file /mnt/c/Users/Raj/OneDrive - Åbo Akademi O365/banking/venv/lib/python3.12/site-packages/airflow/example_dags/example_trigger_target_dag.py for tasks to queue
[2025-11-20T22:06:58.199+0500] {logging_mixin.py:188} INFO - [2025-11-20T22:06:58.196+0500] {dagbag.py:545} INFO - Filling up the DagBag from /mnt/c/Users/Raj/OneDrive - Åbo Akademi O365/banking/venv/lib/python3.12/site-packages/airflow/example_dags/example_trigger_target_dag.py
[2025-11-20T22:06:58.242+0500] {processor.py:840} INFO - DAG(s) 'example_trigger_target_dag' retrieved from /mnt/c/Users/Raj/OneDrive - Åbo Akademi O365/banking/venv/lib/python3.12/site-packages/airflow/example_dags/example_trigger_target_dag.py
[2025-11-20T22:06:58.287+0500] {logging_mixin.py:188} INFO - [2025-11-20T22:06:58.285+0500] {dag.py:3096} INFO - Sync 1 DAGs
[2025-11-20T22:06:58.316+0500] {logging_mixin.py:188} INFO - [2025-11-20T22:06:58.314+0500] {dag.py:3954} INFO - Setting next_dagrun for example_trigger_target_dag to None, run_after=None
[2025-11-20T22:06:58.422+0500] {processor.py:183} INFO - Processing /mnt/c/Users/Raj/OneDrive - Åbo Akademi O365/banking/venv/lib/python3.12/site-packages/airflow/example_dags/example_trigger_target_dag.py took 0.255 seconds
[2025-11-20T22:07:47.187+0500] {processor.py:161} INFO - Started process (PID=1441) to work on /mnt/c/Users/Raj/OneDrive - Åbo Akademi O365/banking/venv/lib/python3.12/site-packages/airflow/example_dags/example_trigger_target_dag.py
[2025-11-20T22:07:47.190+0500] {processor.py:830} INFO - Processing file /mnt/c/Users/Raj/OneDrive - Åbo Akademi O365/banking/venv/lib/python3.12/site-packages/airflow/example_dags/example_trigger_target_dag.py for tasks to queue
[2025-11-20T22:07:47.194+0500] {logging_mixin.py:188} INFO - [2025-11-20T22:07:47.192+0500] {dagbag.py:545} INFO - Filling up the DagBag from /mnt/c/Users/Raj/OneDrive - Åbo Akademi O365/banking/venv/lib/python3.12/site-packages/airflow/example_dags/example_trigger_target_dag.py
[2025-11-20T22:07:47.229+0500] {processor.py:840} INFO - DAG(s) 'example_trigger_target_dag' retrieved from /mnt/c/Users/Raj/OneDrive - Åbo Akademi O365/banking/venv/lib/python3.12/site-packages/airflow/example_dags/example_trigger_target_dag.py
[2025-11-20T22:07:47.276+0500] {logging_mixin.py:188} INFO - [2025-11-20T22:07:47.274+0500] {dag.py:3096} INFO - Sync 1 DAGs
[2025-11-20T22:07:47.303+0500] {logging_mixin.py:188} INFO - [2025-11-20T22:07:47.301+0500] {dag.py:3954} INFO - Setting next_dagrun for example_trigger_target_dag to None, run_after=None
[2025-11-20T22:07:47.409+0500] {processor.py:183} INFO - Processing /mnt/c/Users/Raj/OneDrive - Åbo Akademi O365/banking/venv/lib/python3.12/site-packages/airflow/example_dags/example_trigger_target_dag.py took 0.244 seconds
[2025-11-20T22:09:14.581+0500] {processor.py:161} INFO - Started process (PID=1507) to work on /mnt/c/Users/Raj/OneDrive - Åbo Akademi O365/banking/venv/lib/python3.12/site-packages/airflow/example_dags/example_trigger_target_dag.py
[2025-11-20T22:09:14.584+0500] {processor.py:830} INFO - Processing file /mnt/c/Users/Raj/OneDrive - Åbo Akademi O365/banking/venv/lib/python3.12/site-packages/airflow/example_dags/example_trigger_target_dag.py for tasks to queue
[2025-11-20T22:09:14.589+0500] {logging_mixin.py:188} INFO - [2025-11-20T22:09:14.586+0500] {dagbag.py:545} INFO - Filling up the DagBag from /mnt/c/Users/Raj/OneDrive - Åbo Akademi O365/banking/venv/lib/python3.12/site-packages/airflow/example_dags/example_trigger_target_dag.py
[2025-11-20T22:09:14.646+0500] {processor.py:840} INFO - DAG(s) 'example_trigger_target_dag' retrieved from /mnt/c/Users/Raj/OneDrive - Åbo Akademi O365/banking/venv/lib/python3.12/site-packages/airflow/example_dags/example_trigger_target_dag.py
[2025-11-20T22:09:14.721+0500] {logging_mixin.py:188} INFO - [2025-11-20T22:09:14.720+0500] {dag.py:3096} INFO - Sync 1 DAGs
[2025-11-20T22:09:14.779+0500] {logging_mixin.py:188} INFO - [2025-11-20T22:09:14.776+0500] {dag.py:3954} INFO - Setting next_dagrun for example_trigger_target_dag to None, run_after=None
[2025-11-20T22:09:15.139+0500] {processor.py:183} INFO - Processing /mnt/c/Users/Raj/OneDrive - Åbo Akademi O365/banking/venv/lib/python3.12/site-packages/airflow/example_dags/example_trigger_target_dag.py took 0.592 seconds
[2025-11-20T22:10:50.710+0500] {processor.py:161} INFO - Started process (PID=1572) to work on /mnt/c/Users/Raj/OneDrive - Åbo Akademi O365/banking/venv/lib/python3.12/site-packages/airflow/example_dags/example_trigger_target_dag.py
[2025-11-20T22:10:50.712+0500] {processor.py:830} INFO - Processing file /mnt/c/Users/Raj/OneDrive - Åbo Akademi O365/banking/venv/lib/python3.12/site-packages/airflow/example_dags/example_trigger_target_dag.py for tasks to queue
[2025-11-20T22:10:50.715+0500] {logging_mixin.py:188} INFO - [2025-11-20T22:10:50.714+0500] {dagbag.py:545} INFO - Filling up the DagBag from /mnt/c/Users/Raj/OneDrive - Åbo Akademi O365/banking/venv/lib/python3.12/site-packages/airflow/example_dags/example_trigger_target_dag.py
[2025-11-20T22:10:50.739+0500] {processor.py:840} INFO - DAG(s) 'example_trigger_target_dag' retrieved from /mnt/c/Users/Raj/OneDrive - Åbo Akademi O365/banking/venv/lib/python3.12/site-packages/airflow/example_dags/example_trigger_target_dag.py
[2025-11-20T22:10:50.775+0500] {logging_mixin.py:188} INFO - [2025-11-20T22:10:50.774+0500] {dag.py:3096} INFO - Sync 1 DAGs
[2025-11-20T22:10:50.792+0500] {logging_mixin.py:188} INFO - [2025-11-20T22:10:50.790+0500] {dag.py:3954} INFO - Setting next_dagrun for example_trigger_target_dag to None, run_after=None
[2025-11-20T22:10:50.874+0500] {processor.py:183} INFO - Processing /mnt/c/Users/Raj/OneDrive - Åbo Akademi O365/banking/venv/lib/python3.12/site-packages/airflow/example_dags/example_trigger_target_dag.py took 0.178 seconds
[2025-11-20T22:12:12.975+0500] {processor.py:161} INFO - Started process (PID=1642) to work on /mnt/c/Users/Raj/OneDrive - Åbo Akademi O365/banking/venv/lib/python3.12/site-packages/airflow/example_dags/example_trigger_target_dag.py
[2025-11-20T22:12:12.978+0500] {processor.py:830} INFO - Processing file /mnt/c/Users/Raj/OneDrive - Åbo Akademi O365/banking/venv/lib/python3.12/site-packages/airflow/example_dags/example_trigger_target_dag.py for tasks to queue
[2025-11-20T22:12:12.983+0500] {logging_mixin.py:188} INFO - [2025-11-20T22:12:12.981+0500] {dagbag.py:545} INFO - Filling up the DagBag from /mnt/c/Users/Raj/OneDrive - Åbo Akademi O365/banking/venv/lib/python3.12/site-packages/airflow/example_dags/example_trigger_target_dag.py
[2025-11-20T22:12:13.012+0500] {processor.py:840} INFO - DAG(s) 'example_trigger_target_dag' retrieved from /mnt/c/Users/Raj/OneDrive - Åbo Akademi O365/banking/venv/lib/python3.12/site-packages/airflow/example_dags/example_trigger_target_dag.py
[2025-11-20T22:12:13.053+0500] {logging_mixin.py:188} INFO - [2025-11-20T22:12:13.052+0500] {dag.py:3096} INFO - Sync 1 DAGs
[2025-11-20T22:12:13.073+0500] {logging_mixin.py:188} INFO - [2025-11-20T22:12:13.071+0500] {dag.py:3954} INFO - Setting next_dagrun for example_trigger_target_dag to None, run_after=None
[2025-11-20T22:12:13.161+0500] {processor.py:183} INFO - Processing /mnt/c/Users/Raj/OneDrive - Åbo Akademi O365/banking/venv/lib/python3.12/site-packages/airflow/example_dags/example_trigger_target_dag.py took 0.208 seconds
[2025-11-20T22:13:36.650+0500] {processor.py:161} INFO - Started process (PID=1706) to work on /mnt/c/Users/Raj/OneDrive - Åbo Akademi O365/banking/venv/lib/python3.12/site-packages/airflow/example_dags/example_trigger_target_dag.py
[2025-11-20T22:13:36.653+0500] {processor.py:830} INFO - Processing file /mnt/c/Users/Raj/OneDrive - Åbo Akademi O365/banking/venv/lib/python3.12/site-packages/airflow/example_dags/example_trigger_target_dag.py for tasks to queue
[2025-11-20T22:13:36.658+0500] {logging_mixin.py:188} INFO - [2025-11-20T22:13:36.656+0500] {dagbag.py:545} INFO - Filling up the DagBag from /mnt/c/Users/Raj/OneDrive - Åbo Akademi O365/banking/venv/lib/python3.12/site-packages/airflow/example_dags/example_trigger_target_dag.py
[2025-11-20T22:13:36.697+0500] {processor.py:840} INFO - DAG(s) 'example_trigger_target_dag' retrieved from /mnt/c/Users/Raj/OneDrive - Åbo Akademi O365/banking/venv/lib/python3.12/site-packages/airflow/example_dags/example_trigger_target_dag.py
[2025-11-20T22:13:36.748+0500] {logging_mixin.py:188} INFO - [2025-11-20T22:13:36.746+0500] {dag.py:3096} INFO - Sync 1 DAGs
[2025-11-20T22:13:36.772+0500] {logging_mixin.py:188} INFO - [2025-11-20T22:13:36.771+0500] {dag.py:3954} INFO - Setting next_dagrun for example_trigger_target_dag to None, run_after=None
[2025-11-20T22:13:36.877+0500] {processor.py:183} INFO - Processing /mnt/c/Users/Raj/OneDrive - Åbo Akademi O365/banking/venv/lib/python3.12/site-packages/airflow/example_dags/example_trigger_target_dag.py took 0.242 seconds
[2025-11-20T22:15:00.492+0500] {processor.py:161} INFO - Started process (PID=1767) to work on /mnt/c/Users/Raj/OneDrive - Åbo Akademi O365/banking/venv/lib/python3.12/site-packages/airflow/example_dags/example_trigger_target_dag.py
[2025-11-20T22:15:00.496+0500] {processor.py:830} INFO - Processing file /mnt/c/Users/Raj/OneDrive - Åbo Akademi O365/banking/venv/lib/python3.12/site-packages/airflow/example_dags/example_trigger_target_dag.py for tasks to queue
[2025-11-20T22:15:00.500+0500] {logging_mixin.py:188} INFO - [2025-11-20T22:15:00.498+0500] {dagbag.py:545} INFO - Filling up the DagBag from /mnt/c/Users/Raj/OneDrive - Åbo Akademi O365/banking/venv/lib/python3.12/site-packages/airflow/example_dags/example_trigger_target_dag.py
[2025-11-20T22:15:00.541+0500] {processor.py:840} INFO - DAG(s) 'example_trigger_target_dag' retrieved from /mnt/c/Users/Raj/OneDrive - Åbo Akademi O365/banking/venv/lib/python3.12/site-packages/airflow/example_dags/example_trigger_target_dag.py
[2025-11-20T22:15:00.600+0500] {logging_mixin.py:188} INFO - [2025-11-20T22:15:00.599+0500] {dag.py:3096} INFO - Sync 1 DAGs
[2025-11-20T22:15:00.627+0500] {logging_mixin.py:188} INFO - [2025-11-20T22:15:00.625+0500] {dag.py:3954} INFO - Setting next_dagrun for example_trigger_target_dag to None, run_after=None
[2025-11-20T22:15:00.744+0500] {processor.py:183} INFO - Processing /mnt/c/Users/Raj/OneDrive - Åbo Akademi O365/banking/venv/lib/python3.12/site-packages/airflow/example_dags/example_trigger_target_dag.py took 0.273 seconds
[2025-11-20T22:16:32.114+0500] {processor.py:161} INFO - Started process (PID=1830) to work on /mnt/c/Users/Raj/OneDrive - Åbo Akademi O365/banking/venv/lib/python3.12/site-packages/airflow/example_dags/example_trigger_target_dag.py
[2025-11-20T22:16:32.118+0500] {processor.py:830} INFO - Processing file /mnt/c/Users/Raj/OneDrive - Åbo Akademi O365/banking/venv/lib/python3.12/site-packages/airflow/example_dags/example_trigger_target_dag.py for tasks to queue
[2025-11-20T22:16:32.122+0500] {logging_mixin.py:188} INFO - [2025-11-20T22:16:32.120+0500] {dagbag.py:545} INFO - Filling up the DagBag from /mnt/c/Users/Raj/OneDrive - Åbo Akademi O365/banking/venv/lib/python3.12/site-packages/airflow/example_dags/example_trigger_target_dag.py
[2025-11-20T22:16:32.160+0500] {processor.py:840} INFO - DAG(s) 'example_trigger_target_dag' retrieved from /mnt/c/Users/Raj/OneDrive - Åbo Akademi O365/banking/venv/lib/python3.12/site-packages/airflow/example_dags/example_trigger_target_dag.py
[2025-11-20T22:16:32.213+0500] {logging_mixin.py:188} INFO - [2025-11-20T22:16:32.211+0500] {dag.py:3096} INFO - Sync 1 DAGs
[2025-11-20T22:16:32.238+0500] {logging_mixin.py:188} INFO - [2025-11-20T22:16:32.236+0500] {dag.py:3954} INFO - Setting next_dagrun for example_trigger_target_dag to None, run_after=None
[2025-11-20T22:16:32.349+0500] {processor.py:183} INFO - Processing /mnt/c/Users/Raj/OneDrive - Åbo Akademi O365/banking/venv/lib/python3.12/site-packages/airflow/example_dags/example_trigger_target_dag.py took 0.256 seconds
[2025-11-20T22:18:03.028+0500] {processor.py:161} INFO - Started process (PID=1896) to work on /mnt/c/Users/Raj/OneDrive - Åbo Akademi O365/banking/venv/lib/python3.12/site-packages/airflow/example_dags/example_trigger_target_dag.py
[2025-11-20T22:18:03.030+0500] {processor.py:830} INFO - Processing file /mnt/c/Users/Raj/OneDrive - Åbo Akademi O365/banking/venv/lib/python3.12/site-packages/airflow/example_dags/example_trigger_target_dag.py for tasks to queue
[2025-11-20T22:18:03.034+0500] {logging_mixin.py:188} INFO - [2025-11-20T22:18:03.032+0500] {dagbag.py:545} INFO - Filling up the DagBag from /mnt/c/Users/Raj/OneDrive - Åbo Akademi O365/banking/venv/lib/python3.12/site-packages/airflow/example_dags/example_trigger_target_dag.py
[2025-11-20T22:18:03.067+0500] {processor.py:840} INFO - DAG(s) 'example_trigger_target_dag' retrieved from /mnt/c/Users/Raj/OneDrive - Åbo Akademi O365/banking/venv/lib/python3.12/site-packages/airflow/example_dags/example_trigger_target_dag.py
[2025-11-20T22:18:03.111+0500] {logging_mixin.py:188} INFO - [2025-11-20T22:18:03.110+0500] {dag.py:3096} INFO - Sync 1 DAGs
[2025-11-20T22:18:03.133+0500] {logging_mixin.py:188} INFO - [2025-11-20T22:18:03.132+0500] {dag.py:3954} INFO - Setting next_dagrun for example_trigger_target_dag to None, run_after=None
[2025-11-20T22:18:03.226+0500] {processor.py:183} INFO - Processing /mnt/c/Users/Raj/OneDrive - Åbo Akademi O365/banking/venv/lib/python3.12/site-packages/airflow/example_dags/example_trigger_target_dag.py took 0.214 seconds
[2025-11-20T22:19:22.617+0500] {processor.py:161} INFO - Started process (PID=1959) to work on /mnt/c/Users/Raj/OneDrive - Åbo Akademi O365/banking/venv/lib/python3.12/site-packages/airflow/example_dags/example_trigger_target_dag.py
[2025-11-20T22:19:22.620+0500] {processor.py:830} INFO - Processing file /mnt/c/Users/Raj/OneDrive - Åbo Akademi O365/banking/venv/lib/python3.12/site-packages/airflow/example_dags/example_trigger_target_dag.py for tasks to queue
[2025-11-20T22:19:22.624+0500] {logging_mixin.py:188} INFO - [2025-11-20T22:19:22.622+0500] {dagbag.py:545} INFO - Filling up the DagBag from /mnt/c/Users/Raj/OneDrive - Åbo Akademi O365/banking/venv/lib/python3.12/site-packages/airflow/example_dags/example_trigger_target_dag.py
[2025-11-20T22:19:22.674+0500] {processor.py:840} INFO - DAG(s) 'example_trigger_target_dag' retrieved from /mnt/c/Users/Raj/OneDrive - Åbo Akademi O365/banking/venv/lib/python3.12/site-packages/airflow/example_dags/example_trigger_target_dag.py
[2025-11-20T22:19:22.756+0500] {logging_mixin.py:188} INFO - [2025-11-20T22:19:22.754+0500] {dag.py:3096} INFO - Sync 1 DAGs
[2025-11-20T22:19:22.815+0500] {logging_mixin.py:188} INFO - [2025-11-20T22:19:22.810+0500] {dag.py:3954} INFO - Setting next_dagrun for example_trigger_target_dag to None, run_after=None
[2025-11-20T22:19:22.931+0500] {processor.py:183} INFO - Processing /mnt/c/Users/Raj/OneDrive - Åbo Akademi O365/banking/venv/lib/python3.12/site-packages/airflow/example_dags/example_trigger_target_dag.py took 0.336 seconds
[2025-11-20T22:20:56.279+0500] {processor.py:161} INFO - Started process (PID=2032) to work on /mnt/c/Users/Raj/OneDrive - Åbo Akademi O365/banking/venv/lib/python3.12/site-packages/airflow/example_dags/example_trigger_target_dag.py
[2025-11-20T22:20:56.282+0500] {processor.py:830} INFO - Processing file /mnt/c/Users/Raj/OneDrive - Åbo Akademi O365/banking/venv/lib/python3.12/site-packages/airflow/example_dags/example_trigger_target_dag.py for tasks to queue
[2025-11-20T22:20:56.285+0500] {logging_mixin.py:188} INFO - [2025-11-20T22:20:56.284+0500] {dagbag.py:545} INFO - Filling up the DagBag from /mnt/c/Users/Raj/OneDrive - Åbo Akademi O365/banking/venv/lib/python3.12/site-packages/airflow/example_dags/example_trigger_target_dag.py
[2025-11-20T22:20:56.331+0500] {processor.py:840} INFO - DAG(s) 'example_trigger_target_dag' retrieved from /mnt/c/Users/Raj/OneDrive - Åbo Akademi O365/banking/venv/lib/python3.12/site-packages/airflow/example_dags/example_trigger_target_dag.py
[2025-11-20T22:20:56.390+0500] {logging_mixin.py:188} INFO - [2025-11-20T22:20:56.388+0500] {dag.py:3096} INFO - Sync 1 DAGs
[2025-11-20T22:20:56.420+0500] {logging_mixin.py:188} INFO - [2025-11-20T22:20:56.419+0500] {dag.py:3954} INFO - Setting next_dagrun for example_trigger_target_dag to None, run_after=None
[2025-11-20T22:20:56.548+0500] {processor.py:183} INFO - Processing /mnt/c/Users/Raj/OneDrive - Åbo Akademi O365/banking/venv/lib/python3.12/site-packages/airflow/example_dags/example_trigger_target_dag.py took 0.291 seconds
[2025-11-20T22:22:14.444+0500] {processor.py:161} INFO - Started process (PID=2092) to work on /mnt/c/Users/Raj/OneDrive - Åbo Akademi O365/banking/venv/lib/python3.12/site-packages/airflow/example_dags/example_trigger_target_dag.py
[2025-11-20T22:22:14.446+0500] {processor.py:830} INFO - Processing file /mnt/c/Users/Raj/OneDrive - Åbo Akademi O365/banking/venv/lib/python3.12/site-packages/airflow/example_dags/example_trigger_target_dag.py for tasks to queue
[2025-11-20T22:22:14.449+0500] {logging_mixin.py:188} INFO - [2025-11-20T22:22:14.448+0500] {dagbag.py:545} INFO - Filling up the DagBag from /mnt/c/Users/Raj/OneDrive - Åbo Akademi O365/banking/venv/lib/python3.12/site-packages/airflow/example_dags/example_trigger_target_dag.py
[2025-11-20T22:22:14.478+0500] {processor.py:840} INFO - DAG(s) 'example_trigger_target_dag' retrieved from /mnt/c/Users/Raj/OneDrive - Åbo Akademi O365/banking/venv/lib/python3.12/site-packages/airflow/example_dags/example_trigger_target_dag.py
[2025-11-20T22:22:14.516+0500] {logging_mixin.py:188} INFO - [2025-11-20T22:22:14.514+0500] {dag.py:3096} INFO - Sync 1 DAGs
[2025-11-20T22:22:14.534+0500] {logging_mixin.py:188} INFO - [2025-11-20T22:22:14.533+0500] {dag.py:3954} INFO - Setting next_dagrun for example_trigger_target_dag to None, run_after=None
[2025-11-20T22:22:14.621+0500] {processor.py:183} INFO - Processing /mnt/c/Users/Raj/OneDrive - Åbo Akademi O365/banking/venv/lib/python3.12/site-packages/airflow/example_dags/example_trigger_target_dag.py took 0.193 seconds
[2025-11-20T22:23:27.728+0500] {processor.py:161} INFO - Started process (PID=2150) to work on /mnt/c/Users/Raj/OneDrive - Åbo Akademi O365/banking/venv/lib/python3.12/site-packages/airflow/example_dags/example_trigger_target_dag.py
[2025-11-20T22:23:27.731+0500] {processor.py:830} INFO - Processing file /mnt/c/Users/Raj/OneDrive - Åbo Akademi O365/banking/venv/lib/python3.12/site-packages/airflow/example_dags/example_trigger_target_dag.py for tasks to queue
[2025-11-20T22:23:27.734+0500] {logging_mixin.py:188} INFO - [2025-11-20T22:23:27.733+0500] {dagbag.py:545} INFO - Filling up the DagBag from /mnt/c/Users/Raj/OneDrive - Åbo Akademi O365/banking/venv/lib/python3.12/site-packages/airflow/example_dags/example_trigger_target_dag.py
[2025-11-20T22:23:27.768+0500] {processor.py:840} INFO - DAG(s) 'example_trigger_target_dag' retrieved from /mnt/c/Users/Raj/OneDrive - Åbo Akademi O365/banking/venv/lib/python3.12/site-packages/airflow/example_dags/example_trigger_target_dag.py
[2025-11-20T22:23:27.808+0500] {logging_mixin.py:188} INFO - [2025-11-20T22:23:27.807+0500] {dag.py:3096} INFO - Sync 1 DAGs
[2025-11-20T22:23:27.834+0500] {logging_mixin.py:188} INFO - [2025-11-20T22:23:27.832+0500] {dag.py:3954} INFO - Setting next_dagrun for example_trigger_target_dag to None, run_after=None
[2025-11-20T22:23:27.933+0500] {processor.py:183} INFO - Processing /mnt/c/Users/Raj/OneDrive - Åbo Akademi O365/banking/venv/lib/python3.12/site-packages/airflow/example_dags/example_trigger_target_dag.py took 0.226 seconds
[2025-11-20T22:24:56.336+0500] {processor.py:161} INFO - Started process (PID=2232) to work on /mnt/c/Users/Raj/OneDrive - Åbo Akademi O365/banking/venv/lib/python3.12/site-packages/airflow/example_dags/example_trigger_target_dag.py
[2025-11-20T22:24:56.339+0500] {processor.py:830} INFO - Processing file /mnt/c/Users/Raj/OneDrive - Åbo Akademi O365/banking/venv/lib/python3.12/site-packages/airflow/example_dags/example_trigger_target_dag.py for tasks to queue
[2025-11-20T22:24:56.343+0500] {logging_mixin.py:188} INFO - [2025-11-20T22:24:56.341+0500] {dagbag.py:545} INFO - Filling up the DagBag from /mnt/c/Users/Raj/OneDrive - Åbo Akademi O365/banking/venv/lib/python3.12/site-packages/airflow/example_dags/example_trigger_target_dag.py
[2025-11-20T22:24:56.396+0500] {processor.py:840} INFO - DAG(s) 'example_trigger_target_dag' retrieved from /mnt/c/Users/Raj/OneDrive - Åbo Akademi O365/banking/venv/lib/python3.12/site-packages/airflow/example_dags/example_trigger_target_dag.py
[2025-11-20T22:24:56.458+0500] {logging_mixin.py:188} INFO - [2025-11-20T22:24:56.457+0500] {dag.py:3096} INFO - Sync 1 DAGs
[2025-11-20T22:24:56.486+0500] {logging_mixin.py:188} INFO - [2025-11-20T22:24:56.485+0500] {dag.py:3954} INFO - Setting next_dagrun for example_trigger_target_dag to None, run_after=None
[2025-11-20T22:24:56.604+0500] {processor.py:183} INFO - Processing /mnt/c/Users/Raj/OneDrive - Åbo Akademi O365/banking/venv/lib/python3.12/site-packages/airflow/example_dags/example_trigger_target_dag.py took 0.288 seconds
[2025-11-20T22:25:49.180+0500] {processor.py:161} INFO - Started process (PID=2293) to work on /mnt/c/Users/Raj/OneDrive - Åbo Akademi O365/banking/venv/lib/python3.12/site-packages/airflow/example_dags/example_trigger_target_dag.py
[2025-11-20T22:25:49.187+0500] {processor.py:830} INFO - Processing file /mnt/c/Users/Raj/OneDrive - Åbo Akademi O365/banking/venv/lib/python3.12/site-packages/airflow/example_dags/example_trigger_target_dag.py for tasks to queue
[2025-11-20T22:25:49.200+0500] {logging_mixin.py:188} INFO - [2025-11-20T22:25:49.195+0500] {dagbag.py:545} INFO - Filling up the DagBag from /mnt/c/Users/Raj/OneDrive - Åbo Akademi O365/banking/venv/lib/python3.12/site-packages/airflow/example_dags/example_trigger_target_dag.py
[2025-11-20T22:25:49.253+0500] {processor.py:840} INFO - DAG(s) 'example_trigger_target_dag' retrieved from /mnt/c/Users/Raj/OneDrive - Åbo Akademi O365/banking/venv/lib/python3.12/site-packages/airflow/example_dags/example_trigger_target_dag.py
[2025-11-20T22:25:49.331+0500] {logging_mixin.py:188} INFO - [2025-11-20T22:25:49.329+0500] {dag.py:3096} INFO - Sync 1 DAGs
[2025-11-20T22:25:49.368+0500] {logging_mixin.py:188} INFO - [2025-11-20T22:25:49.367+0500] {dag.py:3954} INFO - Setting next_dagrun for example_trigger_target_dag to None, run_after=None
[2025-11-20T22:25:49.503+0500] {processor.py:183} INFO - Processing /mnt/c/Users/Raj/OneDrive - Åbo Akademi O365/banking/venv/lib/python3.12/site-packages/airflow/example_dags/example_trigger_target_dag.py took 0.371 seconds
[2025-11-20T22:26:55.147+0500] {processor.py:161} INFO - Started process (PID=2324) to work on /mnt/c/Users/Raj/OneDrive - Åbo Akademi O365/banking/venv/lib/python3.12/site-packages/airflow/example_dags/example_trigger_target_dag.py
[2025-11-20T22:26:55.151+0500] {processor.py:830} INFO - Processing file /mnt/c/Users/Raj/OneDrive - Åbo Akademi O365/banking/venv/lib/python3.12/site-packages/airflow/example_dags/example_trigger_target_dag.py for tasks to queue
[2025-11-20T22:26:55.161+0500] {logging_mixin.py:188} INFO - [2025-11-20T22:26:55.157+0500] {dagbag.py:545} INFO - Filling up the DagBag from /mnt/c/Users/Raj/OneDrive - Åbo Akademi O365/banking/venv/lib/python3.12/site-packages/airflow/example_dags/example_trigger_target_dag.py
[2025-11-20T22:26:55.274+0500] {processor.py:840} INFO - DAG(s) 'example_trigger_target_dag' retrieved from /mnt/c/Users/Raj/OneDrive - Åbo Akademi O365/banking/venv/lib/python3.12/site-packages/airflow/example_dags/example_trigger_target_dag.py
[2025-11-20T22:26:55.466+0500] {logging_mixin.py:188} INFO - [2025-11-20T22:26:55.458+0500] {dag.py:3096} INFO - Sync 1 DAGs
[2025-11-20T22:26:55.541+0500] {logging_mixin.py:188} INFO - [2025-11-20T22:26:55.533+0500] {dag.py:3954} INFO - Setting next_dagrun for example_trigger_target_dag to None, run_after=None
[2025-11-20T22:26:55.788+0500] {processor.py:183} INFO - Processing /mnt/c/Users/Raj/OneDrive - Åbo Akademi O365/banking/venv/lib/python3.12/site-packages/airflow/example_dags/example_trigger_target_dag.py took 0.707 seconds
[2025-11-20T22:28:09.876+0500] {processor.py:161} INFO - Started process (PID=2364) to work on /mnt/c/Users/Raj/OneDrive - Åbo Akademi O365/banking/venv/lib/python3.12/site-packages/airflow/example_dags/example_trigger_target_dag.py
[2025-11-20T22:28:09.889+0500] {processor.py:830} INFO - Processing file /mnt/c/Users/Raj/OneDrive - Åbo Akademi O365/banking/venv/lib/python3.12/site-packages/airflow/example_dags/example_trigger_target_dag.py for tasks to queue
[2025-11-20T22:28:09.894+0500] {logging_mixin.py:188} INFO - [2025-11-20T22:28:09.891+0500] {dagbag.py:545} INFO - Filling up the DagBag from /mnt/c/Users/Raj/OneDrive - Åbo Akademi O365/banking/venv/lib/python3.12/site-packages/airflow/example_dags/example_trigger_target_dag.py
[2025-11-20T22:28:09.959+0500] {processor.py:840} INFO - DAG(s) 'example_trigger_target_dag' retrieved from /mnt/c/Users/Raj/OneDrive - Åbo Akademi O365/banking/venv/lib/python3.12/site-packages/airflow/example_dags/example_trigger_target_dag.py
[2025-11-20T22:28:10.039+0500] {logging_mixin.py:188} INFO - [2025-11-20T22:28:10.032+0500] {dag.py:3096} INFO - Sync 1 DAGs
[2025-11-20T22:28:10.087+0500] {logging_mixin.py:188} INFO - [2025-11-20T22:28:10.085+0500] {dag.py:3954} INFO - Setting next_dagrun for example_trigger_target_dag to None, run_after=None
[2025-11-20T22:28:10.305+0500] {processor.py:183} INFO - Processing /mnt/c/Users/Raj/OneDrive - Åbo Akademi O365/banking/venv/lib/python3.12/site-packages/airflow/example_dags/example_trigger_target_dag.py took 0.496 seconds
[2025-11-20T22:29:24.901+0500] {processor.py:161} INFO - Started process (PID=2426) to work on /mnt/c/Users/Raj/OneDrive - Åbo Akademi O365/banking/venv/lib/python3.12/site-packages/airflow/example_dags/example_trigger_target_dag.py
[2025-11-20T22:29:24.905+0500] {processor.py:830} INFO - Processing file /mnt/c/Users/Raj/OneDrive - Åbo Akademi O365/banking/venv/lib/python3.12/site-packages/airflow/example_dags/example_trigger_target_dag.py for tasks to queue
[2025-11-20T22:29:24.912+0500] {logging_mixin.py:188} INFO - [2025-11-20T22:29:24.909+0500] {dagbag.py:545} INFO - Filling up the DagBag from /mnt/c/Users/Raj/OneDrive - Åbo Akademi O365/banking/venv/lib/python3.12/site-packages/airflow/example_dags/example_trigger_target_dag.py
[2025-11-20T22:29:24.962+0500] {processor.py:840} INFO - DAG(s) 'example_trigger_target_dag' retrieved from /mnt/c/Users/Raj/OneDrive - Åbo Akademi O365/banking/venv/lib/python3.12/site-packages/airflow/example_dags/example_trigger_target_dag.py
[2025-11-20T22:29:25.043+0500] {logging_mixin.py:188} INFO - [2025-11-20T22:29:25.034+0500] {dag.py:3096} INFO - Sync 1 DAGs
[2025-11-20T22:29:25.082+0500] {logging_mixin.py:188} INFO - [2025-11-20T22:29:25.080+0500] {dag.py:3954} INFO - Setting next_dagrun for example_trigger_target_dag to None, run_after=None
[2025-11-20T22:29:25.232+0500] {processor.py:183} INFO - Processing /mnt/c/Users/Raj/OneDrive - Åbo Akademi O365/banking/venv/lib/python3.12/site-packages/airflow/example_dags/example_trigger_target_dag.py took 0.385 seconds
[2025-11-20T22:30:41.999+0500] {processor.py:161} INFO - Started process (PID=2464) to work on /mnt/c/Users/Raj/OneDrive - Åbo Akademi O365/banking/venv/lib/python3.12/site-packages/airflow/example_dags/example_trigger_target_dag.py
[2025-11-20T22:30:42.007+0500] {processor.py:830} INFO - Processing file /mnt/c/Users/Raj/OneDrive - Åbo Akademi O365/banking/venv/lib/python3.12/site-packages/airflow/example_dags/example_trigger_target_dag.py for tasks to queue
[2025-11-20T22:30:42.017+0500] {logging_mixin.py:188} INFO - [2025-11-20T22:30:42.013+0500] {dagbag.py:545} INFO - Filling up the DagBag from /mnt/c/Users/Raj/OneDrive - Åbo Akademi O365/banking/venv/lib/python3.12/site-packages/airflow/example_dags/example_trigger_target_dag.py
[2025-11-20T22:30:42.146+0500] {logging_mixin.py:188} INFO - [2025-11-20T22:30:42.123+0500] {dagbag.py:355} ERROR - Failed to import: /mnt/c/Users/Raj/OneDrive - Åbo Akademi O365/banking/venv/lib/python3.12/site-packages/airflow/example_dags/example_trigger_target_dag.py
Traceback (most recent call last):
  File "/mnt/c/Users/Raj/OneDrive - Åbo Akademi O365/banking/venv/lib/python3.12/site-packages/airflow/models/dagbag.py", line 351, in parse
    dag_id,
  File "<frozen importlib._bootstrap_external>", line 995, in exec_module
  File "<frozen importlib._bootstrap>", line 488, in _call_with_frames_removed
  File "/mnt/c/Users/Raj/OneDrive - Åbo Akademi O365/banking/venv/lib/python3.12/site-packages/airflow/example_dags/example_trigger_target_dag.py", line 28, in <module>
    from airflow.providers.standard.operators.bash import BashOperator
ModuleNotFoundError: No module named 'airflow.providers.standard'
[2025-11-20T22:30:42.186+0500] {processor.py:842} WARNING - No viable dags retrieved from /mnt/c/Users/Raj/OneDrive - Åbo Akademi O365/banking/venv/lib/python3.12/site-packages/airflow/example_dags/example_trigger_target_dag.py
[2025-11-20T22:30:42.355+0500] {processor.py:183} INFO - Processing /mnt/c/Users/Raj/OneDrive - Åbo Akademi O365/banking/venv/lib/python3.12/site-packages/airflow/example_dags/example_trigger_target_dag.py took 0.476 seconds
[2025-11-20T22:32:01.911+0500] {processor.py:161} INFO - Started process (PID=2509) to work on /mnt/c/Users/Raj/OneDrive - Åbo Akademi O365/banking/venv/lib/python3.12/site-packages/airflow/example_dags/example_trigger_target_dag.py
[2025-11-20T22:32:01.916+0500] {processor.py:830} INFO - Processing file /mnt/c/Users/Raj/OneDrive - Åbo Akademi O365/banking/venv/lib/python3.12/site-packages/airflow/example_dags/example_trigger_target_dag.py for tasks to queue
[2025-11-20T22:32:01.924+0500] {logging_mixin.py:188} INFO - [2025-11-20T22:32:01.920+0500] {dagbag.py:545} INFO - Filling up the DagBag from /mnt/c/Users/Raj/OneDrive - Åbo Akademi O365/banking/venv/lib/python3.12/site-packages/airflow/example_dags/example_trigger_target_dag.py
[2025-11-20T22:32:01.976+0500] {logging_mixin.py:188} INFO - [2025-11-20T22:32:01.960+0500] {dagbag.py:355} ERROR - Failed to import: /mnt/c/Users/Raj/OneDrive - Åbo Akademi O365/banking/venv/lib/python3.12/site-packages/airflow/example_dags/example_trigger_target_dag.py
Traceback (most recent call last):
  File "/mnt/c/Users/Raj/OneDrive - Åbo Akademi O365/banking/venv/lib/python3.12/site-packages/airflow/models/dagbag.py", line 351, in parse
    dag_id,
  File "<frozen importlib._bootstrap_external>", line 995, in exec_module
  File "<frozen importlib._bootstrap>", line 488, in _call_with_frames_removed
  File "/mnt/c/Users/Raj/OneDrive - Åbo Akademi O365/banking/venv/lib/python3.12/site-packages/airflow/example_dags/example_trigger_target_dag.py", line 28, in <module>
    from airflow.providers.standard.operators.bash import BashOperator
ModuleNotFoundError: No module named 'airflow.providers.standard'
[2025-11-20T22:32:01.982+0500] {processor.py:842} WARNING - No viable dags retrieved from /mnt/c/Users/Raj/OneDrive - Åbo Akademi O365/banking/venv/lib/python3.12/site-packages/airflow/example_dags/example_trigger_target_dag.py
[2025-11-20T22:32:02.070+0500] {processor.py:183} INFO - Processing /mnt/c/Users/Raj/OneDrive - Åbo Akademi O365/banking/venv/lib/python3.12/site-packages/airflow/example_dags/example_trigger_target_dag.py took 0.205 seconds
