[2025-11-20T20:35:51.879+0500] {processor.py:161} INFO - Started process (PID=11998) to work on /mnt/c/Users/Raj/OneDrive - Åbo Akademi O365/banking/venv/lib/python3.12/site-packages/airflow/example_dags/example_python_operator.py
[2025-11-20T20:35:51.883+0500] {processor.py:830} INFO - Processing file /mnt/c/Users/Raj/OneDrive - Åbo Akademi O365/banking/venv/lib/python3.12/site-packages/airflow/example_dags/example_python_operator.py for tasks to queue
[2025-11-20T20:35:51.888+0500] {logging_mixin.py:188} INFO - [2025-11-20T20:35:51.886+0500] {dagbag.py:545} INFO - Filling up the DagBag from /mnt/c/Users/Raj/OneDrive - Åbo Akademi O365/banking/venv/lib/python3.12/site-packages/airflow/example_dags/example_python_operator.py
[2025-11-20T20:35:51.950+0500] {processor.py:840} INFO - DAG(s) 'example_python_operator' retrieved from /mnt/c/Users/Raj/OneDrive - Åbo Akademi O365/banking/venv/lib/python3.12/site-packages/airflow/example_dags/example_python_operator.py
[2025-11-20T20:35:54.240+0500] {logging_mixin.py:188} INFO - [2025-11-20T20:35:54.238+0500] {override.py:1829} INFO - Created Permission View: can delete on DAG:example_python_operator
[2025-11-20T20:35:54.294+0500] {logging_mixin.py:188} INFO - [2025-11-20T20:35:54.292+0500] {override.py:1829} INFO - Created Permission View: can read on DAG:example_python_operator
[2025-11-20T20:35:54.347+0500] {logging_mixin.py:188} INFO - [2025-11-20T20:35:54.345+0500] {override.py:1829} INFO - Created Permission View: can edit on DAG:example_python_operator
[2025-11-20T20:35:54.351+0500] {logging_mixin.py:188} INFO - [2025-11-20T20:35:54.349+0500] {dag.py:3096} INFO - Sync 1 DAGs
[2025-11-20T20:35:54.379+0500] {logging_mixin.py:188} INFO - [2025-11-20T20:35:54.378+0500] {dag.py:3118} INFO - Creating ORM DAG for example_python_operator
[2025-11-20T20:35:54.384+0500] {logging_mixin.py:188} INFO - [2025-11-20T20:35:54.382+0500] {dag.py:3954} INFO - Setting next_dagrun for example_python_operator to None, run_after=None
[2025-11-20T20:35:54.486+0500] {processor.py:183} INFO - Processing /mnt/c/Users/Raj/OneDrive - Åbo Akademi O365/banking/venv/lib/python3.12/site-packages/airflow/example_dags/example_python_operator.py took 2.627 seconds
[2025-11-20T20:37:49.485+0500] {processor.py:161} INFO - Started process (PID=12450) to work on /mnt/c/Users/Raj/OneDrive - Åbo Akademi O365/banking/venv/lib/python3.12/site-packages/airflow/example_dags/example_python_operator.py
[2025-11-20T20:37:49.488+0500] {processor.py:830} INFO - Processing file /mnt/c/Users/Raj/OneDrive - Åbo Akademi O365/banking/venv/lib/python3.12/site-packages/airflow/example_dags/example_python_operator.py for tasks to queue
[2025-11-20T20:37:49.494+0500] {logging_mixin.py:188} INFO - [2025-11-20T20:37:49.492+0500] {dagbag.py:545} INFO - Filling up the DagBag from /mnt/c/Users/Raj/OneDrive - Åbo Akademi O365/banking/venv/lib/python3.12/site-packages/airflow/example_dags/example_python_operator.py
[2025-11-20T20:37:49.557+0500] {processor.py:840} INFO - DAG(s) 'example_python_operator' retrieved from /mnt/c/Users/Raj/OneDrive - Åbo Akademi O365/banking/venv/lib/python3.12/site-packages/airflow/example_dags/example_python_operator.py
[2025-11-20T20:37:49.608+0500] {logging_mixin.py:188} INFO - [2025-11-20T20:37:49.606+0500] {dag.py:3096} INFO - Sync 1 DAGs
[2025-11-20T20:37:49.632+0500] {logging_mixin.py:188} INFO - [2025-11-20T20:37:49.630+0500] {dag.py:3954} INFO - Setting next_dagrun for example_python_operator to None, run_after=None
[2025-11-20T20:37:49.730+0500] {processor.py:183} INFO - Processing /mnt/c/Users/Raj/OneDrive - Åbo Akademi O365/banking/venv/lib/python3.12/site-packages/airflow/example_dags/example_python_operator.py took 0.261 seconds
[2025-11-20T20:39:12.500+0500] {processor.py:161} INFO - Started process (PID=12724) to work on /mnt/c/Users/Raj/OneDrive - Åbo Akademi O365/banking/venv/lib/python3.12/site-packages/airflow/example_dags/example_python_operator.py
[2025-11-20T20:39:12.502+0500] {processor.py:830} INFO - Processing file /mnt/c/Users/Raj/OneDrive - Åbo Akademi O365/banking/venv/lib/python3.12/site-packages/airflow/example_dags/example_python_operator.py for tasks to queue
[2025-11-20T20:39:12.507+0500] {logging_mixin.py:188} INFO - [2025-11-20T20:39:12.506+0500] {dagbag.py:545} INFO - Filling up the DagBag from /mnt/c/Users/Raj/OneDrive - Åbo Akademi O365/banking/venv/lib/python3.12/site-packages/airflow/example_dags/example_python_operator.py
[2025-11-20T20:39:12.562+0500] {processor.py:840} INFO - DAG(s) 'example_python_operator' retrieved from /mnt/c/Users/Raj/OneDrive - Åbo Akademi O365/banking/venv/lib/python3.12/site-packages/airflow/example_dags/example_python_operator.py
[2025-11-20T20:39:12.611+0500] {logging_mixin.py:188} INFO - [2025-11-20T20:39:12.610+0500] {dag.py:3096} INFO - Sync 1 DAGs
[2025-11-20T20:39:12.630+0500] {logging_mixin.py:188} INFO - [2025-11-20T20:39:12.629+0500] {dag.py:3954} INFO - Setting next_dagrun for example_python_operator to None, run_after=None
[2025-11-20T20:39:12.731+0500] {processor.py:183} INFO - Processing /mnt/c/Users/Raj/OneDrive - Åbo Akademi O365/banking/venv/lib/python3.12/site-packages/airflow/example_dags/example_python_operator.py took 0.250 seconds
[2025-11-20T20:40:29.029+0500] {processor.py:161} INFO - Started process (PID=13007) to work on /mnt/c/Users/Raj/OneDrive - Åbo Akademi O365/banking/venv/lib/python3.12/site-packages/airflow/example_dags/example_python_operator.py
[2025-11-20T20:40:29.032+0500] {processor.py:830} INFO - Processing file /mnt/c/Users/Raj/OneDrive - Åbo Akademi O365/banking/venv/lib/python3.12/site-packages/airflow/example_dags/example_python_operator.py for tasks to queue
[2025-11-20T20:40:29.038+0500] {logging_mixin.py:188} INFO - [2025-11-20T20:40:29.036+0500] {dagbag.py:545} INFO - Filling up the DagBag from /mnt/c/Users/Raj/OneDrive - Åbo Akademi O365/banking/venv/lib/python3.12/site-packages/airflow/example_dags/example_python_operator.py
[2025-11-20T20:40:29.090+0500] {processor.py:840} INFO - DAG(s) 'example_python_operator' retrieved from /mnt/c/Users/Raj/OneDrive - Åbo Akademi O365/banking/venv/lib/python3.12/site-packages/airflow/example_dags/example_python_operator.py
[2025-11-20T20:40:29.136+0500] {logging_mixin.py:188} INFO - [2025-11-20T20:40:29.134+0500] {dag.py:3096} INFO - Sync 1 DAGs
[2025-11-20T20:40:29.157+0500] {logging_mixin.py:188} INFO - [2025-11-20T20:40:29.156+0500] {dag.py:3954} INFO - Setting next_dagrun for example_python_operator to None, run_after=None
[2025-11-20T20:40:29.263+0500] {processor.py:183} INFO - Processing /mnt/c/Users/Raj/OneDrive - Åbo Akademi O365/banking/venv/lib/python3.12/site-packages/airflow/example_dags/example_python_operator.py took 0.253 seconds
[2025-11-20T20:41:48.401+0500] {processor.py:161} INFO - Started process (PID=13268) to work on /mnt/c/Users/Raj/OneDrive - Åbo Akademi O365/banking/venv/lib/python3.12/site-packages/airflow/example_dags/example_python_operator.py
[2025-11-20T20:41:48.404+0500] {processor.py:830} INFO - Processing file /mnt/c/Users/Raj/OneDrive - Åbo Akademi O365/banking/venv/lib/python3.12/site-packages/airflow/example_dags/example_python_operator.py for tasks to queue
[2025-11-20T20:41:48.410+0500] {logging_mixin.py:188} INFO - [2025-11-20T20:41:48.408+0500] {dagbag.py:545} INFO - Filling up the DagBag from /mnt/c/Users/Raj/OneDrive - Åbo Akademi O365/banking/venv/lib/python3.12/site-packages/airflow/example_dags/example_python_operator.py
[2025-11-20T20:41:48.467+0500] {processor.py:840} INFO - DAG(s) 'example_python_operator' retrieved from /mnt/c/Users/Raj/OneDrive - Åbo Akademi O365/banking/venv/lib/python3.12/site-packages/airflow/example_dags/example_python_operator.py
[2025-11-20T20:41:48.521+0500] {logging_mixin.py:188} INFO - [2025-11-20T20:41:48.519+0500] {dag.py:3096} INFO - Sync 1 DAGs
[2025-11-20T20:41:48.546+0500] {logging_mixin.py:188} INFO - [2025-11-20T20:41:48.545+0500] {dag.py:3954} INFO - Setting next_dagrun for example_python_operator to None, run_after=None
[2025-11-20T20:41:48.670+0500] {processor.py:183} INFO - Processing /mnt/c/Users/Raj/OneDrive - Åbo Akademi O365/banking/venv/lib/python3.12/site-packages/airflow/example_dags/example_python_operator.py took 0.295 seconds
[2025-11-20T20:43:05.468+0500] {processor.py:161} INFO - Started process (PID=13530) to work on /mnt/c/Users/Raj/OneDrive - Åbo Akademi O365/banking/venv/lib/python3.12/site-packages/airflow/example_dags/example_python_operator.py
[2025-11-20T20:43:05.470+0500] {processor.py:830} INFO - Processing file /mnt/c/Users/Raj/OneDrive - Åbo Akademi O365/banking/venv/lib/python3.12/site-packages/airflow/example_dags/example_python_operator.py for tasks to queue
[2025-11-20T20:43:05.475+0500] {logging_mixin.py:188} INFO - [2025-11-20T20:43:05.473+0500] {dagbag.py:545} INFO - Filling up the DagBag from /mnt/c/Users/Raj/OneDrive - Åbo Akademi O365/banking/venv/lib/python3.12/site-packages/airflow/example_dags/example_python_operator.py
[2025-11-20T20:43:05.526+0500] {processor.py:840} INFO - DAG(s) 'example_python_operator' retrieved from /mnt/c/Users/Raj/OneDrive - Åbo Akademi O365/banking/venv/lib/python3.12/site-packages/airflow/example_dags/example_python_operator.py
[2025-11-20T20:43:05.569+0500] {logging_mixin.py:188} INFO - [2025-11-20T20:43:05.567+0500] {dag.py:3096} INFO - Sync 1 DAGs
[2025-11-20T20:43:05.624+0500] {logging_mixin.py:188} INFO - [2025-11-20T20:43:05.623+0500] {dag.py:3954} INFO - Setting next_dagrun for example_python_operator to None, run_after=None
[2025-11-20T20:43:05.747+0500] {processor.py:183} INFO - Processing /mnt/c/Users/Raj/OneDrive - Åbo Akademi O365/banking/venv/lib/python3.12/site-packages/airflow/example_dags/example_python_operator.py took 0.297 seconds
[2025-11-20T20:44:29.356+0500] {processor.py:161} INFO - Started process (PID=13839) to work on /mnt/c/Users/Raj/OneDrive - Åbo Akademi O365/banking/venv/lib/python3.12/site-packages/airflow/example_dags/example_python_operator.py
[2025-11-20T20:44:29.358+0500] {processor.py:830} INFO - Processing file /mnt/c/Users/Raj/OneDrive - Åbo Akademi O365/banking/venv/lib/python3.12/site-packages/airflow/example_dags/example_python_operator.py for tasks to queue
[2025-11-20T20:44:29.364+0500] {logging_mixin.py:188} INFO - [2025-11-20T20:44:29.362+0500] {dagbag.py:545} INFO - Filling up the DagBag from /mnt/c/Users/Raj/OneDrive - Åbo Akademi O365/banking/venv/lib/python3.12/site-packages/airflow/example_dags/example_python_operator.py
[2025-11-20T20:44:29.420+0500] {processor.py:840} INFO - DAG(s) 'example_python_operator' retrieved from /mnt/c/Users/Raj/OneDrive - Åbo Akademi O365/banking/venv/lib/python3.12/site-packages/airflow/example_dags/example_python_operator.py
[2025-11-20T20:44:29.477+0500] {logging_mixin.py:188} INFO - [2025-11-20T20:44:29.475+0500] {dag.py:3096} INFO - Sync 1 DAGs
[2025-11-20T20:44:29.506+0500] {logging_mixin.py:188} INFO - [2025-11-20T20:44:29.504+0500] {dag.py:3954} INFO - Setting next_dagrun for example_python_operator to None, run_after=None
[2025-11-20T20:44:29.611+0500] {processor.py:183} INFO - Processing /mnt/c/Users/Raj/OneDrive - Åbo Akademi O365/banking/venv/lib/python3.12/site-packages/airflow/example_dags/example_python_operator.py took 0.275 seconds
[2025-11-20T20:45:52.043+0500] {processor.py:161} INFO - Started process (PID=14125) to work on /mnt/c/Users/Raj/OneDrive - Åbo Akademi O365/banking/venv/lib/python3.12/site-packages/airflow/example_dags/example_python_operator.py
[2025-11-20T20:45:52.045+0500] {processor.py:830} INFO - Processing file /mnt/c/Users/Raj/OneDrive - Åbo Akademi O365/banking/venv/lib/python3.12/site-packages/airflow/example_dags/example_python_operator.py for tasks to queue
[2025-11-20T20:45:52.050+0500] {logging_mixin.py:188} INFO - [2025-11-20T20:45:52.048+0500] {dagbag.py:545} INFO - Filling up the DagBag from /mnt/c/Users/Raj/OneDrive - Åbo Akademi O365/banking/venv/lib/python3.12/site-packages/airflow/example_dags/example_python_operator.py
[2025-11-20T20:45:52.098+0500] {processor.py:840} INFO - DAG(s) 'example_python_operator' retrieved from /mnt/c/Users/Raj/OneDrive - Åbo Akademi O365/banking/venv/lib/python3.12/site-packages/airflow/example_dags/example_python_operator.py
[2025-11-20T20:45:52.149+0500] {logging_mixin.py:188} INFO - [2025-11-20T20:45:52.147+0500] {dag.py:3096} INFO - Sync 1 DAGs
[2025-11-20T20:45:52.169+0500] {logging_mixin.py:188} INFO - [2025-11-20T20:45:52.168+0500] {dag.py:3954} INFO - Setting next_dagrun for example_python_operator to None, run_after=None
[2025-11-20T20:45:52.264+0500] {processor.py:183} INFO - Processing /mnt/c/Users/Raj/OneDrive - Åbo Akademi O365/banking/venv/lib/python3.12/site-packages/airflow/example_dags/example_python_operator.py took 0.237 seconds
[2025-11-20T20:47:04.410+0500] {processor.py:161} INFO - Started process (PID=14530) to work on /mnt/c/Users/Raj/OneDrive - Åbo Akademi O365/banking/venv/lib/python3.12/site-packages/airflow/example_dags/example_python_operator.py
[2025-11-20T20:47:04.414+0500] {processor.py:830} INFO - Processing file /mnt/c/Users/Raj/OneDrive - Åbo Akademi O365/banking/venv/lib/python3.12/site-packages/airflow/example_dags/example_python_operator.py for tasks to queue
[2025-11-20T20:47:04.419+0500] {logging_mixin.py:188} INFO - [2025-11-20T20:47:04.417+0500] {dagbag.py:545} INFO - Filling up the DagBag from /mnt/c/Users/Raj/OneDrive - Åbo Akademi O365/banking/venv/lib/python3.12/site-packages/airflow/example_dags/example_python_operator.py
[2025-11-20T20:47:04.481+0500] {processor.py:840} INFO - DAG(s) 'example_python_operator' retrieved from /mnt/c/Users/Raj/OneDrive - Åbo Akademi O365/banking/venv/lib/python3.12/site-packages/airflow/example_dags/example_python_operator.py
[2025-11-20T20:47:04.546+0500] {logging_mixin.py:188} INFO - [2025-11-20T20:47:04.544+0500] {dag.py:3096} INFO - Sync 1 DAGs
[2025-11-20T20:47:04.585+0500] {logging_mixin.py:188} INFO - [2025-11-20T20:47:04.584+0500] {dag.py:3954} INFO - Setting next_dagrun for example_python_operator to None, run_after=None
[2025-11-20T20:47:04.700+0500] {processor.py:183} INFO - Processing /mnt/c/Users/Raj/OneDrive - Åbo Akademi O365/banking/venv/lib/python3.12/site-packages/airflow/example_dags/example_python_operator.py took 0.307 seconds
[2025-11-20T20:48:22.320+0500] {processor.py:161} INFO - Started process (PID=14798) to work on /mnt/c/Users/Raj/OneDrive - Åbo Akademi O365/banking/venv/lib/python3.12/site-packages/airflow/example_dags/example_python_operator.py
[2025-11-20T20:48:22.325+0500] {processor.py:830} INFO - Processing file /mnt/c/Users/Raj/OneDrive - Åbo Akademi O365/banking/venv/lib/python3.12/site-packages/airflow/example_dags/example_python_operator.py for tasks to queue
[2025-11-20T20:48:22.332+0500] {logging_mixin.py:188} INFO - [2025-11-20T20:48:22.330+0500] {dagbag.py:545} INFO - Filling up the DagBag from /mnt/c/Users/Raj/OneDrive - Åbo Akademi O365/banking/venv/lib/python3.12/site-packages/airflow/example_dags/example_python_operator.py
[2025-11-20T20:48:22.388+0500] {processor.py:840} INFO - DAG(s) 'example_python_operator' retrieved from /mnt/c/Users/Raj/OneDrive - Åbo Akademi O365/banking/venv/lib/python3.12/site-packages/airflow/example_dags/example_python_operator.py
[2025-11-20T20:48:22.438+0500] {logging_mixin.py:188} INFO - [2025-11-20T20:48:22.437+0500] {dag.py:3096} INFO - Sync 1 DAGs
[2025-11-20T20:48:22.462+0500] {logging_mixin.py:188} INFO - [2025-11-20T20:48:22.461+0500] {dag.py:3954} INFO - Setting next_dagrun for example_python_operator to None, run_after=None
[2025-11-20T20:48:22.564+0500] {processor.py:183} INFO - Processing /mnt/c/Users/Raj/OneDrive - Åbo Akademi O365/banking/venv/lib/python3.12/site-packages/airflow/example_dags/example_python_operator.py took 0.266 seconds
[2025-11-20T21:56:12.490+0500] {processor.py:161} INFO - Started process (PID=883) to work on /mnt/c/Users/Raj/OneDrive - Åbo Akademi O365/banking/venv/lib/python3.12/site-packages/airflow/example_dags/example_python_operator.py
[2025-11-20T21:56:12.493+0500] {processor.py:830} INFO - Processing file /mnt/c/Users/Raj/OneDrive - Åbo Akademi O365/banking/venv/lib/python3.12/site-packages/airflow/example_dags/example_python_operator.py for tasks to queue
[2025-11-20T21:56:12.498+0500] {logging_mixin.py:188} INFO - [2025-11-20T21:56:12.496+0500] {dagbag.py:545} INFO - Filling up the DagBag from /mnt/c/Users/Raj/OneDrive - Åbo Akademi O365/banking/venv/lib/python3.12/site-packages/airflow/example_dags/example_python_operator.py
[2025-11-20T21:56:12.557+0500] {processor.py:840} INFO - DAG(s) 'example_python_operator' retrieved from /mnt/c/Users/Raj/OneDrive - Åbo Akademi O365/banking/venv/lib/python3.12/site-packages/airflow/example_dags/example_python_operator.py
[2025-11-20T21:56:14.650+0500] {logging_mixin.py:188} INFO - [2025-11-20T21:56:14.649+0500] {dag.py:3096} INFO - Sync 1 DAGs
[2025-11-20T21:56:14.680+0500] {logging_mixin.py:188} INFO - [2025-11-20T21:56:14.678+0500] {dag.py:3954} INFO - Setting next_dagrun for example_python_operator to None, run_after=None
[2025-11-20T21:56:14.809+0500] {processor.py:183} INFO - Processing /mnt/c/Users/Raj/OneDrive - Åbo Akademi O365/banking/venv/lib/python3.12/site-packages/airflow/example_dags/example_python_operator.py took 2.337 seconds
[2025-11-20T21:58:02.312+0500] {processor.py:161} INFO - Started process (PID=964) to work on /mnt/c/Users/Raj/OneDrive - Åbo Akademi O365/banking/venv/lib/python3.12/site-packages/airflow/example_dags/example_python_operator.py
[2025-11-20T21:58:02.315+0500] {processor.py:830} INFO - Processing file /mnt/c/Users/Raj/OneDrive - Åbo Akademi O365/banking/venv/lib/python3.12/site-packages/airflow/example_dags/example_python_operator.py for tasks to queue
[2025-11-20T21:58:02.319+0500] {logging_mixin.py:188} INFO - [2025-11-20T21:58:02.318+0500] {dagbag.py:545} INFO - Filling up the DagBag from /mnt/c/Users/Raj/OneDrive - Åbo Akademi O365/banking/venv/lib/python3.12/site-packages/airflow/example_dags/example_python_operator.py
[2025-11-20T21:58:02.379+0500] {processor.py:840} INFO - DAG(s) 'example_python_operator' retrieved from /mnt/c/Users/Raj/OneDrive - Åbo Akademi O365/banking/venv/lib/python3.12/site-packages/airflow/example_dags/example_python_operator.py
[2025-11-20T21:58:02.423+0500] {logging_mixin.py:188} INFO - [2025-11-20T21:58:02.421+0500] {dag.py:3096} INFO - Sync 1 DAGs
[2025-11-20T21:58:02.442+0500] {logging_mixin.py:188} INFO - [2025-11-20T21:58:02.441+0500] {dag.py:3954} INFO - Setting next_dagrun for example_python_operator to None, run_after=None
[2025-11-20T21:58:02.536+0500] {processor.py:183} INFO - Processing /mnt/c/Users/Raj/OneDrive - Åbo Akademi O365/banking/venv/lib/python3.12/site-packages/airflow/example_dags/example_python_operator.py took 0.246 seconds
[2025-11-20T21:59:25.682+0500] {processor.py:161} INFO - Started process (PID=1064) to work on /mnt/c/Users/Raj/OneDrive - Åbo Akademi O365/banking/venv/lib/python3.12/site-packages/airflow/example_dags/example_python_operator.py
[2025-11-20T21:59:25.685+0500] {processor.py:830} INFO - Processing file /mnt/c/Users/Raj/OneDrive - Åbo Akademi O365/banking/venv/lib/python3.12/site-packages/airflow/example_dags/example_python_operator.py for tasks to queue
[2025-11-20T21:59:25.692+0500] {logging_mixin.py:188} INFO - [2025-11-20T21:59:25.690+0500] {dagbag.py:545} INFO - Filling up the DagBag from /mnt/c/Users/Raj/OneDrive - Åbo Akademi O365/banking/venv/lib/python3.12/site-packages/airflow/example_dags/example_python_operator.py
[2025-11-20T21:59:25.750+0500] {processor.py:840} INFO - DAG(s) 'example_python_operator' retrieved from /mnt/c/Users/Raj/OneDrive - Åbo Akademi O365/banking/venv/lib/python3.12/site-packages/airflow/example_dags/example_python_operator.py
[2025-11-20T21:59:25.800+0500] {logging_mixin.py:188} INFO - [2025-11-20T21:59:25.798+0500] {dag.py:3096} INFO - Sync 1 DAGs
[2025-11-20T21:59:25.822+0500] {logging_mixin.py:188} INFO - [2025-11-20T21:59:25.820+0500] {dag.py:3954} INFO - Setting next_dagrun for example_python_operator to None, run_after=None
[2025-11-20T21:59:25.914+0500] {processor.py:183} INFO - Processing /mnt/c/Users/Raj/OneDrive - Åbo Akademi O365/banking/venv/lib/python3.12/site-packages/airflow/example_dags/example_python_operator.py took 0.250 seconds
[2025-11-20T22:00:42.418+0500] {processor.py:161} INFO - Started process (PID=1121) to work on /mnt/c/Users/Raj/OneDrive - Åbo Akademi O365/banking/venv/lib/python3.12/site-packages/airflow/example_dags/example_python_operator.py
[2025-11-20T22:00:42.421+0500] {processor.py:830} INFO - Processing file /mnt/c/Users/Raj/OneDrive - Åbo Akademi O365/banking/venv/lib/python3.12/site-packages/airflow/example_dags/example_python_operator.py for tasks to queue
[2025-11-20T22:00:42.427+0500] {logging_mixin.py:188} INFO - [2025-11-20T22:00:42.425+0500] {dagbag.py:545} INFO - Filling up the DagBag from /mnt/c/Users/Raj/OneDrive - Åbo Akademi O365/banking/venv/lib/python3.12/site-packages/airflow/example_dags/example_python_operator.py
[2025-11-20T22:00:42.485+0500] {processor.py:840} INFO - DAG(s) 'example_python_operator' retrieved from /mnt/c/Users/Raj/OneDrive - Åbo Akademi O365/banking/venv/lib/python3.12/site-packages/airflow/example_dags/example_python_operator.py
[2025-11-20T22:00:42.530+0500] {logging_mixin.py:188} INFO - [2025-11-20T22:00:42.529+0500] {dag.py:3096} INFO - Sync 1 DAGs
[2025-11-20T22:00:42.553+0500] {logging_mixin.py:188} INFO - [2025-11-20T22:00:42.551+0500] {dag.py:3954} INFO - Setting next_dagrun for example_python_operator to None, run_after=None
[2025-11-20T22:00:42.651+0500] {processor.py:183} INFO - Processing /mnt/c/Users/Raj/OneDrive - Åbo Akademi O365/banking/venv/lib/python3.12/site-packages/airflow/example_dags/example_python_operator.py took 0.252 seconds
[2025-11-20T22:02:10.020+0500] {processor.py:161} INFO - Started process (PID=1182) to work on /mnt/c/Users/Raj/OneDrive - Åbo Akademi O365/banking/venv/lib/python3.12/site-packages/airflow/example_dags/example_python_operator.py
[2025-11-20T22:02:10.023+0500] {processor.py:830} INFO - Processing file /mnt/c/Users/Raj/OneDrive - Åbo Akademi O365/banking/venv/lib/python3.12/site-packages/airflow/example_dags/example_python_operator.py for tasks to queue
[2025-11-20T22:02:10.028+0500] {logging_mixin.py:188} INFO - [2025-11-20T22:02:10.026+0500] {dagbag.py:545} INFO - Filling up the DagBag from /mnt/c/Users/Raj/OneDrive - Åbo Akademi O365/banking/venv/lib/python3.12/site-packages/airflow/example_dags/example_python_operator.py
[2025-11-20T22:02:10.070+0500] {processor.py:840} INFO - DAG(s) 'example_python_operator' retrieved from /mnt/c/Users/Raj/OneDrive - Åbo Akademi O365/banking/venv/lib/python3.12/site-packages/airflow/example_dags/example_python_operator.py
[2025-11-20T22:02:10.111+0500] {logging_mixin.py:188} INFO - [2025-11-20T22:02:10.110+0500] {dag.py:3096} INFO - Sync 1 DAGs
[2025-11-20T22:02:10.130+0500] {logging_mixin.py:188} INFO - [2025-11-20T22:02:10.129+0500] {dag.py:3954} INFO - Setting next_dagrun for example_python_operator to None, run_after=None
[2025-11-20T22:02:10.217+0500] {processor.py:183} INFO - Processing /mnt/c/Users/Raj/OneDrive - Åbo Akademi O365/banking/venv/lib/python3.12/site-packages/airflow/example_dags/example_python_operator.py took 0.213 seconds
[2025-11-20T22:03:38.095+0500] {processor.py:161} INFO - Started process (PID=1255) to work on /mnt/c/Users/Raj/OneDrive - Åbo Akademi O365/banking/venv/lib/python3.12/site-packages/airflow/example_dags/example_python_operator.py
[2025-11-20T22:03:38.099+0500] {processor.py:830} INFO - Processing file /mnt/c/Users/Raj/OneDrive - Åbo Akademi O365/banking/venv/lib/python3.12/site-packages/airflow/example_dags/example_python_operator.py for tasks to queue
[2025-11-20T22:03:38.104+0500] {logging_mixin.py:188} INFO - [2025-11-20T22:03:38.102+0500] {dagbag.py:545} INFO - Filling up the DagBag from /mnt/c/Users/Raj/OneDrive - Åbo Akademi O365/banking/venv/lib/python3.12/site-packages/airflow/example_dags/example_python_operator.py
[2025-11-20T22:03:38.159+0500] {processor.py:840} INFO - DAG(s) 'example_python_operator' retrieved from /mnt/c/Users/Raj/OneDrive - Åbo Akademi O365/banking/venv/lib/python3.12/site-packages/airflow/example_dags/example_python_operator.py
[2025-11-20T22:03:38.220+0500] {logging_mixin.py:188} INFO - [2025-11-20T22:03:38.218+0500] {dag.py:3096} INFO - Sync 1 DAGs
[2025-11-20T22:03:38.254+0500] {logging_mixin.py:188} INFO - [2025-11-20T22:03:38.252+0500] {dag.py:3954} INFO - Setting next_dagrun for example_python_operator to None, run_after=None
[2025-11-20T22:03:38.383+0500] {processor.py:183} INFO - Processing /mnt/c/Users/Raj/OneDrive - Åbo Akademi O365/banking/venv/lib/python3.12/site-packages/airflow/example_dags/example_python_operator.py took 0.309 seconds
[2025-11-20T22:05:00.855+0500] {processor.py:161} INFO - Started process (PID=1316) to work on /mnt/c/Users/Raj/OneDrive - Åbo Akademi O365/banking/venv/lib/python3.12/site-packages/airflow/example_dags/example_python_operator.py
[2025-11-20T22:05:00.858+0500] {processor.py:830} INFO - Processing file /mnt/c/Users/Raj/OneDrive - Åbo Akademi O365/banking/venv/lib/python3.12/site-packages/airflow/example_dags/example_python_operator.py for tasks to queue
[2025-11-20T22:05:00.862+0500] {logging_mixin.py:188} INFO - [2025-11-20T22:05:00.860+0500] {dagbag.py:545} INFO - Filling up the DagBag from /mnt/c/Users/Raj/OneDrive - Åbo Akademi O365/banking/venv/lib/python3.12/site-packages/airflow/example_dags/example_python_operator.py
[2025-11-20T22:05:00.934+0500] {processor.py:840} INFO - DAG(s) 'example_python_operator' retrieved from /mnt/c/Users/Raj/OneDrive - Åbo Akademi O365/banking/venv/lib/python3.12/site-packages/airflow/example_dags/example_python_operator.py
[2025-11-20T22:05:00.993+0500] {logging_mixin.py:188} INFO - [2025-11-20T22:05:00.990+0500] {dag.py:3096} INFO - Sync 1 DAGs
[2025-11-20T22:05:01.016+0500] {logging_mixin.py:188} INFO - [2025-11-20T22:05:01.014+0500] {dag.py:3954} INFO - Setting next_dagrun for example_python_operator to None, run_after=None
[2025-11-20T22:05:01.118+0500] {processor.py:183} INFO - Processing /mnt/c/Users/Raj/OneDrive - Åbo Akademi O365/banking/venv/lib/python3.12/site-packages/airflow/example_dags/example_python_operator.py took 0.284 seconds
[2025-11-20T22:06:26.464+0500] {processor.py:161} INFO - Started process (PID=1384) to work on /mnt/c/Users/Raj/OneDrive - Åbo Akademi O365/banking/venv/lib/python3.12/site-packages/airflow/example_dags/example_python_operator.py
[2025-11-20T22:06:26.467+0500] {processor.py:830} INFO - Processing file /mnt/c/Users/Raj/OneDrive - Åbo Akademi O365/banking/venv/lib/python3.12/site-packages/airflow/example_dags/example_python_operator.py for tasks to queue
[2025-11-20T22:06:26.472+0500] {logging_mixin.py:188} INFO - [2025-11-20T22:06:26.470+0500] {dagbag.py:545} INFO - Filling up the DagBag from /mnt/c/Users/Raj/OneDrive - Åbo Akademi O365/banking/venv/lib/python3.12/site-packages/airflow/example_dags/example_python_operator.py
[2025-11-20T22:06:26.540+0500] {processor.py:840} INFO - DAG(s) 'example_python_operator' retrieved from /mnt/c/Users/Raj/OneDrive - Åbo Akademi O365/banking/venv/lib/python3.12/site-packages/airflow/example_dags/example_python_operator.py
[2025-11-20T22:06:26.599+0500] {logging_mixin.py:188} INFO - [2025-11-20T22:06:26.598+0500] {dag.py:3096} INFO - Sync 1 DAGs
[2025-11-20T22:06:26.625+0500] {logging_mixin.py:188} INFO - [2025-11-20T22:06:26.624+0500] {dag.py:3954} INFO - Setting next_dagrun for example_python_operator to None, run_after=None
[2025-11-20T22:06:26.740+0500] {processor.py:183} INFO - Processing /mnt/c/Users/Raj/OneDrive - Åbo Akademi O365/banking/venv/lib/python3.12/site-packages/airflow/example_dags/example_python_operator.py took 0.298 seconds
[2025-11-20T22:07:54.675+0500] {processor.py:161} INFO - Started process (PID=1447) to work on /mnt/c/Users/Raj/OneDrive - Åbo Akademi O365/banking/venv/lib/python3.12/site-packages/airflow/example_dags/example_python_operator.py
[2025-11-20T22:07:54.679+0500] {processor.py:830} INFO - Processing file /mnt/c/Users/Raj/OneDrive - Åbo Akademi O365/banking/venv/lib/python3.12/site-packages/airflow/example_dags/example_python_operator.py for tasks to queue
[2025-11-20T22:07:54.683+0500] {logging_mixin.py:188} INFO - [2025-11-20T22:07:54.682+0500] {dagbag.py:545} INFO - Filling up the DagBag from /mnt/c/Users/Raj/OneDrive - Åbo Akademi O365/banking/venv/lib/python3.12/site-packages/airflow/example_dags/example_python_operator.py
[2025-11-20T22:07:54.739+0500] {processor.py:840} INFO - DAG(s) 'example_python_operator' retrieved from /mnt/c/Users/Raj/OneDrive - Åbo Akademi O365/banking/venv/lib/python3.12/site-packages/airflow/example_dags/example_python_operator.py
[2025-11-20T22:07:54.788+0500] {logging_mixin.py:188} INFO - [2025-11-20T22:07:54.786+0500] {dag.py:3096} INFO - Sync 1 DAGs
[2025-11-20T22:07:54.811+0500] {logging_mixin.py:188} INFO - [2025-11-20T22:07:54.810+0500] {dag.py:3954} INFO - Setting next_dagrun for example_python_operator to None, run_after=None
[2025-11-20T22:07:54.911+0500] {processor.py:183} INFO - Processing /mnt/c/Users/Raj/OneDrive - Åbo Akademi O365/banking/venv/lib/python3.12/site-packages/airflow/example_dags/example_python_operator.py took 0.269 seconds
[2025-11-20T22:09:23.690+0500] {processor.py:161} INFO - Started process (PID=1513) to work on /mnt/c/Users/Raj/OneDrive - Åbo Akademi O365/banking/venv/lib/python3.12/site-packages/airflow/example_dags/example_python_operator.py
[2025-11-20T22:09:23.694+0500] {processor.py:830} INFO - Processing file /mnt/c/Users/Raj/OneDrive - Åbo Akademi O365/banking/venv/lib/python3.12/site-packages/airflow/example_dags/example_python_operator.py for tasks to queue
[2025-11-20T22:09:23.699+0500] {logging_mixin.py:188} INFO - [2025-11-20T22:09:23.697+0500] {dagbag.py:545} INFO - Filling up the DagBag from /mnt/c/Users/Raj/OneDrive - Åbo Akademi O365/banking/venv/lib/python3.12/site-packages/airflow/example_dags/example_python_operator.py
[2025-11-20T22:09:23.786+0500] {processor.py:840} INFO - DAG(s) 'example_python_operator' retrieved from /mnt/c/Users/Raj/OneDrive - Åbo Akademi O365/banking/venv/lib/python3.12/site-packages/airflow/example_dags/example_python_operator.py
[2025-11-20T22:09:23.877+0500] {logging_mixin.py:188} INFO - [2025-11-20T22:09:23.873+0500] {dag.py:3096} INFO - Sync 1 DAGs
[2025-11-20T22:09:23.904+0500] {logging_mixin.py:188} INFO - [2025-11-20T22:09:23.902+0500] {dag.py:3954} INFO - Setting next_dagrun for example_python_operator to None, run_after=None
[2025-11-20T22:09:24.037+0500] {processor.py:183} INFO - Processing /mnt/c/Users/Raj/OneDrive - Åbo Akademi O365/banking/venv/lib/python3.12/site-packages/airflow/example_dags/example_python_operator.py took 0.371 seconds
[2025-11-20T22:10:58.390+0500] {processor.py:161} INFO - Started process (PID=1578) to work on /mnt/c/Users/Raj/OneDrive - Åbo Akademi O365/banking/venv/lib/python3.12/site-packages/airflow/example_dags/example_python_operator.py
[2025-11-20T22:10:58.393+0500] {processor.py:830} INFO - Processing file /mnt/c/Users/Raj/OneDrive - Åbo Akademi O365/banking/venv/lib/python3.12/site-packages/airflow/example_dags/example_python_operator.py for tasks to queue
[2025-11-20T22:10:58.398+0500] {logging_mixin.py:188} INFO - [2025-11-20T22:10:58.396+0500] {dagbag.py:545} INFO - Filling up the DagBag from /mnt/c/Users/Raj/OneDrive - Åbo Akademi O365/banking/venv/lib/python3.12/site-packages/airflow/example_dags/example_python_operator.py
[2025-11-20T22:10:58.463+0500] {processor.py:840} INFO - DAG(s) 'example_python_operator' retrieved from /mnt/c/Users/Raj/OneDrive - Åbo Akademi O365/banking/venv/lib/python3.12/site-packages/airflow/example_dags/example_python_operator.py
[2025-11-20T22:10:58.515+0500] {logging_mixin.py:188} INFO - [2025-11-20T22:10:58.513+0500] {dag.py:3096} INFO - Sync 1 DAGs
[2025-11-20T22:10:58.542+0500] {logging_mixin.py:188} INFO - [2025-11-20T22:10:58.541+0500] {dag.py:3954} INFO - Setting next_dagrun for example_python_operator to None, run_after=None
[2025-11-20T22:10:58.627+0500] {processor.py:183} INFO - Processing /mnt/c/Users/Raj/OneDrive - Åbo Akademi O365/banking/venv/lib/python3.12/site-packages/airflow/example_dags/example_python_operator.py took 0.261 seconds
[2025-11-20T22:12:19.861+0500] {processor.py:161} INFO - Started process (PID=1648) to work on /mnt/c/Users/Raj/OneDrive - Åbo Akademi O365/banking/venv/lib/python3.12/site-packages/airflow/example_dags/example_python_operator.py
[2025-11-20T22:12:19.863+0500] {processor.py:830} INFO - Processing file /mnt/c/Users/Raj/OneDrive - Åbo Akademi O365/banking/venv/lib/python3.12/site-packages/airflow/example_dags/example_python_operator.py for tasks to queue
[2025-11-20T22:12:19.868+0500] {logging_mixin.py:188} INFO - [2025-11-20T22:12:19.865+0500] {dagbag.py:545} INFO - Filling up the DagBag from /mnt/c/Users/Raj/OneDrive - Åbo Akademi O365/banking/venv/lib/python3.12/site-packages/airflow/example_dags/example_python_operator.py
[2025-11-20T22:12:19.925+0500] {processor.py:840} INFO - DAG(s) 'example_python_operator' retrieved from /mnt/c/Users/Raj/OneDrive - Åbo Akademi O365/banking/venv/lib/python3.12/site-packages/airflow/example_dags/example_python_operator.py
[2025-11-20T22:12:19.975+0500] {logging_mixin.py:188} INFO - [2025-11-20T22:12:19.973+0500] {dag.py:3096} INFO - Sync 1 DAGs
[2025-11-20T22:12:19.999+0500] {logging_mixin.py:188} INFO - [2025-11-20T22:12:19.997+0500] {dag.py:3954} INFO - Setting next_dagrun for example_python_operator to None, run_after=None
[2025-11-20T22:12:20.095+0500] {processor.py:183} INFO - Processing /mnt/c/Users/Raj/OneDrive - Åbo Akademi O365/banking/venv/lib/python3.12/site-packages/airflow/example_dags/example_python_operator.py took 0.255 seconds
[2025-11-20T22:13:44.299+0500] {processor.py:161} INFO - Started process (PID=1712) to work on /mnt/c/Users/Raj/OneDrive - Åbo Akademi O365/banking/venv/lib/python3.12/site-packages/airflow/example_dags/example_python_operator.py
[2025-11-20T22:13:44.302+0500] {processor.py:830} INFO - Processing file /mnt/c/Users/Raj/OneDrive - Åbo Akademi O365/banking/venv/lib/python3.12/site-packages/airflow/example_dags/example_python_operator.py for tasks to queue
[2025-11-20T22:13:44.305+0500] {logging_mixin.py:188} INFO - [2025-11-20T22:13:44.304+0500] {dagbag.py:545} INFO - Filling up the DagBag from /mnt/c/Users/Raj/OneDrive - Åbo Akademi O365/banking/venv/lib/python3.12/site-packages/airflow/example_dags/example_python_operator.py
[2025-11-20T22:13:44.359+0500] {processor.py:840} INFO - DAG(s) 'example_python_operator' retrieved from /mnt/c/Users/Raj/OneDrive - Åbo Akademi O365/banking/venv/lib/python3.12/site-packages/airflow/example_dags/example_python_operator.py
[2025-11-20T22:13:44.408+0500] {logging_mixin.py:188} INFO - [2025-11-20T22:13:44.407+0500] {dag.py:3096} INFO - Sync 1 DAGs
[2025-11-20T22:13:44.434+0500] {logging_mixin.py:188} INFO - [2025-11-20T22:13:44.432+0500] {dag.py:3954} INFO - Setting next_dagrun for example_python_operator to None, run_after=None
[2025-11-20T22:13:44.531+0500] {processor.py:183} INFO - Processing /mnt/c/Users/Raj/OneDrive - Åbo Akademi O365/banking/venv/lib/python3.12/site-packages/airflow/example_dags/example_python_operator.py took 0.254 seconds
[2025-11-20T22:15:08.464+0500] {processor.py:161} INFO - Started process (PID=1773) to work on /mnt/c/Users/Raj/OneDrive - Åbo Akademi O365/banking/venv/lib/python3.12/site-packages/airflow/example_dags/example_python_operator.py
[2025-11-20T22:15:08.467+0500] {processor.py:830} INFO - Processing file /mnt/c/Users/Raj/OneDrive - Åbo Akademi O365/banking/venv/lib/python3.12/site-packages/airflow/example_dags/example_python_operator.py for tasks to queue
[2025-11-20T22:15:08.471+0500] {logging_mixin.py:188} INFO - [2025-11-20T22:15:08.469+0500] {dagbag.py:545} INFO - Filling up the DagBag from /mnt/c/Users/Raj/OneDrive - Åbo Akademi O365/banking/venv/lib/python3.12/site-packages/airflow/example_dags/example_python_operator.py
[2025-11-20T22:15:08.521+0500] {processor.py:840} INFO - DAG(s) 'example_python_operator' retrieved from /mnt/c/Users/Raj/OneDrive - Åbo Akademi O365/banking/venv/lib/python3.12/site-packages/airflow/example_dags/example_python_operator.py
[2025-11-20T22:15:08.564+0500] {logging_mixin.py:188} INFO - [2025-11-20T22:15:08.563+0500] {dag.py:3096} INFO - Sync 1 DAGs
[2025-11-20T22:15:08.589+0500] {logging_mixin.py:188} INFO - [2025-11-20T22:15:08.588+0500] {dag.py:3954} INFO - Setting next_dagrun for example_python_operator to None, run_after=None
[2025-11-20T22:15:08.690+0500] {processor.py:183} INFO - Processing /mnt/c/Users/Raj/OneDrive - Åbo Akademi O365/banking/venv/lib/python3.12/site-packages/airflow/example_dags/example_python_operator.py took 0.243 seconds
[2025-11-20T22:16:39.785+0500] {processor.py:161} INFO - Started process (PID=1836) to work on /mnt/c/Users/Raj/OneDrive - Åbo Akademi O365/banking/venv/lib/python3.12/site-packages/airflow/example_dags/example_python_operator.py
[2025-11-20T22:16:39.787+0500] {processor.py:830} INFO - Processing file /mnt/c/Users/Raj/OneDrive - Åbo Akademi O365/banking/venv/lib/python3.12/site-packages/airflow/example_dags/example_python_operator.py for tasks to queue
[2025-11-20T22:16:39.791+0500] {logging_mixin.py:188} INFO - [2025-11-20T22:16:39.789+0500] {dagbag.py:545} INFO - Filling up the DagBag from /mnt/c/Users/Raj/OneDrive - Åbo Akademi O365/banking/venv/lib/python3.12/site-packages/airflow/example_dags/example_python_operator.py
[2025-11-20T22:16:39.840+0500] {processor.py:840} INFO - DAG(s) 'example_python_operator' retrieved from /mnt/c/Users/Raj/OneDrive - Åbo Akademi O365/banking/venv/lib/python3.12/site-packages/airflow/example_dags/example_python_operator.py
[2025-11-20T22:16:39.888+0500] {logging_mixin.py:188} INFO - [2025-11-20T22:16:39.887+0500] {dag.py:3096} INFO - Sync 1 DAGs
[2025-11-20T22:16:39.907+0500] {logging_mixin.py:188} INFO - [2025-11-20T22:16:39.906+0500] {dag.py:3954} INFO - Setting next_dagrun for example_python_operator to None, run_after=None
[2025-11-20T22:16:40.006+0500] {processor.py:183} INFO - Processing /mnt/c/Users/Raj/OneDrive - Åbo Akademi O365/banking/venv/lib/python3.12/site-packages/airflow/example_dags/example_python_operator.py took 0.244 seconds
[2025-11-20T22:18:10.158+0500] {processor.py:161} INFO - Started process (PID=1902) to work on /mnt/c/Users/Raj/OneDrive - Åbo Akademi O365/banking/venv/lib/python3.12/site-packages/airflow/example_dags/example_python_operator.py
[2025-11-20T22:18:10.160+0500] {processor.py:830} INFO - Processing file /mnt/c/Users/Raj/OneDrive - Åbo Akademi O365/banking/venv/lib/python3.12/site-packages/airflow/example_dags/example_python_operator.py for tasks to queue
[2025-11-20T22:18:10.164+0500] {logging_mixin.py:188} INFO - [2025-11-20T22:18:10.162+0500] {dagbag.py:545} INFO - Filling up the DagBag from /mnt/c/Users/Raj/OneDrive - Åbo Akademi O365/banking/venv/lib/python3.12/site-packages/airflow/example_dags/example_python_operator.py
[2025-11-20T22:18:10.221+0500] {processor.py:840} INFO - DAG(s) 'example_python_operator' retrieved from /mnt/c/Users/Raj/OneDrive - Åbo Akademi O365/banking/venv/lib/python3.12/site-packages/airflow/example_dags/example_python_operator.py
[2025-11-20T22:18:10.264+0500] {logging_mixin.py:188} INFO - [2025-11-20T22:18:10.263+0500] {dag.py:3096} INFO - Sync 1 DAGs
[2025-11-20T22:18:10.298+0500] {logging_mixin.py:188} INFO - [2025-11-20T22:18:10.297+0500] {dag.py:3954} INFO - Setting next_dagrun for example_python_operator to None, run_after=None
[2025-11-20T22:18:10.410+0500] {processor.py:183} INFO - Processing /mnt/c/Users/Raj/OneDrive - Åbo Akademi O365/banking/venv/lib/python3.12/site-packages/airflow/example_dags/example_python_operator.py took 0.271 seconds
[2025-11-20T22:19:30.190+0500] {processor.py:161} INFO - Started process (PID=1965) to work on /mnt/c/Users/Raj/OneDrive - Åbo Akademi O365/banking/venv/lib/python3.12/site-packages/airflow/example_dags/example_python_operator.py
[2025-11-20T22:19:30.193+0500] {processor.py:830} INFO - Processing file /mnt/c/Users/Raj/OneDrive - Åbo Akademi O365/banking/venv/lib/python3.12/site-packages/airflow/example_dags/example_python_operator.py for tasks to queue
[2025-11-20T22:19:30.197+0500] {logging_mixin.py:188} INFO - [2025-11-20T22:19:30.195+0500] {dagbag.py:545} INFO - Filling up the DagBag from /mnt/c/Users/Raj/OneDrive - Åbo Akademi O365/banking/venv/lib/python3.12/site-packages/airflow/example_dags/example_python_operator.py
[2025-11-20T22:19:30.267+0500] {processor.py:840} INFO - DAG(s) 'example_python_operator' retrieved from /mnt/c/Users/Raj/OneDrive - Åbo Akademi O365/banking/venv/lib/python3.12/site-packages/airflow/example_dags/example_python_operator.py
[2025-11-20T22:19:30.325+0500] {logging_mixin.py:188} INFO - [2025-11-20T22:19:30.323+0500] {dag.py:3096} INFO - Sync 1 DAGs
[2025-11-20T22:19:30.350+0500] {logging_mixin.py:188} INFO - [2025-11-20T22:19:30.348+0500] {dag.py:3954} INFO - Setting next_dagrun for example_python_operator to None, run_after=None
[2025-11-20T22:19:30.517+0500] {processor.py:183} INFO - Processing /mnt/c/Users/Raj/OneDrive - Åbo Akademi O365/banking/venv/lib/python3.12/site-packages/airflow/example_dags/example_python_operator.py took 0.345 seconds
[2025-11-20T22:21:06.830+0500] {processor.py:161} INFO - Started process (PID=2040) to work on /mnt/c/Users/Raj/OneDrive - Åbo Akademi O365/banking/venv/lib/python3.12/site-packages/airflow/example_dags/example_python_operator.py
[2025-11-20T22:21:06.832+0500] {processor.py:830} INFO - Processing file /mnt/c/Users/Raj/OneDrive - Åbo Akademi O365/banking/venv/lib/python3.12/site-packages/airflow/example_dags/example_python_operator.py for tasks to queue
[2025-11-20T22:21:06.836+0500] {logging_mixin.py:188} INFO - [2025-11-20T22:21:06.834+0500] {dagbag.py:545} INFO - Filling up the DagBag from /mnt/c/Users/Raj/OneDrive - Åbo Akademi O365/banking/venv/lib/python3.12/site-packages/airflow/example_dags/example_python_operator.py
[2025-11-20T22:21:06.887+0500] {processor.py:840} INFO - DAG(s) 'example_python_operator' retrieved from /mnt/c/Users/Raj/OneDrive - Åbo Akademi O365/banking/venv/lib/python3.12/site-packages/airflow/example_dags/example_python_operator.py
[2025-11-20T22:21:06.927+0500] {logging_mixin.py:188} INFO - [2025-11-20T22:21:06.926+0500] {dag.py:3096} INFO - Sync 1 DAGs
[2025-11-20T22:21:06.945+0500] {logging_mixin.py:188} INFO - [2025-11-20T22:21:06.944+0500] {dag.py:3954} INFO - Setting next_dagrun for example_python_operator to None, run_after=None
[2025-11-20T22:21:07.028+0500] {processor.py:183} INFO - Processing /mnt/c/Users/Raj/OneDrive - Åbo Akademi O365/banking/venv/lib/python3.12/site-packages/airflow/example_dags/example_python_operator.py took 0.217 seconds
[2025-11-20T22:22:24.394+0500] {processor.py:161} INFO - Started process (PID=2100) to work on /mnt/c/Users/Raj/OneDrive - Åbo Akademi O365/banking/venv/lib/python3.12/site-packages/airflow/example_dags/example_python_operator.py
[2025-11-20T22:22:24.397+0500] {processor.py:830} INFO - Processing file /mnt/c/Users/Raj/OneDrive - Åbo Akademi O365/banking/venv/lib/python3.12/site-packages/airflow/example_dags/example_python_operator.py for tasks to queue
[2025-11-20T22:22:24.401+0500] {logging_mixin.py:188} INFO - [2025-11-20T22:22:24.399+0500] {dagbag.py:545} INFO - Filling up the DagBag from /mnt/c/Users/Raj/OneDrive - Åbo Akademi O365/banking/venv/lib/python3.12/site-packages/airflow/example_dags/example_python_operator.py
[2025-11-20T22:22:24.459+0500] {processor.py:840} INFO - DAG(s) 'example_python_operator' retrieved from /mnt/c/Users/Raj/OneDrive - Åbo Akademi O365/banking/venv/lib/python3.12/site-packages/airflow/example_dags/example_python_operator.py
[2025-11-20T22:22:24.520+0500] {logging_mixin.py:188} INFO - [2025-11-20T22:22:24.519+0500] {dag.py:3096} INFO - Sync 1 DAGs
[2025-11-20T22:22:24.540+0500] {logging_mixin.py:188} INFO - [2025-11-20T22:22:24.539+0500] {dag.py:3954} INFO - Setting next_dagrun for example_python_operator to None, run_after=None
[2025-11-20T22:22:24.630+0500] {processor.py:183} INFO - Processing /mnt/c/Users/Raj/OneDrive - Åbo Akademi O365/banking/venv/lib/python3.12/site-packages/airflow/example_dags/example_python_operator.py took 0.256 seconds
[2025-11-20T22:23:38.244+0500] {processor.py:161} INFO - Started process (PID=2158) to work on /mnt/c/Users/Raj/OneDrive - Åbo Akademi O365/banking/venv/lib/python3.12/site-packages/airflow/example_dags/example_python_operator.py
[2025-11-20T22:23:38.246+0500] {processor.py:830} INFO - Processing file /mnt/c/Users/Raj/OneDrive - Åbo Akademi O365/banking/venv/lib/python3.12/site-packages/airflow/example_dags/example_python_operator.py for tasks to queue
[2025-11-20T22:23:38.249+0500] {logging_mixin.py:188} INFO - [2025-11-20T22:23:38.247+0500] {dagbag.py:545} INFO - Filling up the DagBag from /mnt/c/Users/Raj/OneDrive - Åbo Akademi O365/banking/venv/lib/python3.12/site-packages/airflow/example_dags/example_python_operator.py
[2025-11-20T22:23:38.290+0500] {processor.py:840} INFO - DAG(s) 'example_python_operator' retrieved from /mnt/c/Users/Raj/OneDrive - Åbo Akademi O365/banking/venv/lib/python3.12/site-packages/airflow/example_dags/example_python_operator.py
[2025-11-20T22:23:38.329+0500] {logging_mixin.py:188} INFO - [2025-11-20T22:23:38.327+0500] {dag.py:3096} INFO - Sync 1 DAGs
[2025-11-20T22:23:38.345+0500] {logging_mixin.py:188} INFO - [2025-11-20T22:23:38.344+0500] {dag.py:3954} INFO - Setting next_dagrun for example_python_operator to None, run_after=None
[2025-11-20T22:23:38.420+0500] {processor.py:183} INFO - Processing /mnt/c/Users/Raj/OneDrive - Åbo Akademi O365/banking/venv/lib/python3.12/site-packages/airflow/example_dags/example_python_operator.py took 0.191 seconds
[2025-11-20T22:25:07.398+0500] {processor.py:161} INFO - Started process (PID=2240) to work on /mnt/c/Users/Raj/OneDrive - Åbo Akademi O365/banking/venv/lib/python3.12/site-packages/airflow/example_dags/example_python_operator.py
[2025-11-20T22:25:07.401+0500] {processor.py:830} INFO - Processing file /mnt/c/Users/Raj/OneDrive - Åbo Akademi O365/banking/venv/lib/python3.12/site-packages/airflow/example_dags/example_python_operator.py for tasks to queue
[2025-11-20T22:25:07.406+0500] {logging_mixin.py:188} INFO - [2025-11-20T22:25:07.404+0500] {dagbag.py:545} INFO - Filling up the DagBag from /mnt/c/Users/Raj/OneDrive - Åbo Akademi O365/banking/venv/lib/python3.12/site-packages/airflow/example_dags/example_python_operator.py
[2025-11-20T22:25:07.479+0500] {processor.py:840} INFO - DAG(s) 'example_python_operator' retrieved from /mnt/c/Users/Raj/OneDrive - Åbo Akademi O365/banking/venv/lib/python3.12/site-packages/airflow/example_dags/example_python_operator.py
[2025-11-20T22:25:07.545+0500] {logging_mixin.py:188} INFO - [2025-11-20T22:25:07.543+0500] {dag.py:3096} INFO - Sync 1 DAGs
[2025-11-20T22:25:07.573+0500] {logging_mixin.py:188} INFO - [2025-11-20T22:25:07.570+0500] {dag.py:3954} INFO - Setting next_dagrun for example_python_operator to None, run_after=None
[2025-11-20T22:25:07.678+0500] {processor.py:183} INFO - Processing /mnt/c/Users/Raj/OneDrive - Åbo Akademi O365/banking/venv/lib/python3.12/site-packages/airflow/example_dags/example_python_operator.py took 0.302 seconds
[2025-11-20T22:27:23.028+0500] {processor.py:161} INFO - Started process (PID=2336) to work on /mnt/c/Users/Raj/OneDrive - Åbo Akademi O365/banking/venv/lib/python3.12/site-packages/airflow/example_dags/example_python_operator.py
[2025-11-20T22:27:23.032+0500] {processor.py:830} INFO - Processing file /mnt/c/Users/Raj/OneDrive - Åbo Akademi O365/banking/venv/lib/python3.12/site-packages/airflow/example_dags/example_python_operator.py for tasks to queue
[2025-11-20T22:27:23.043+0500] {logging_mixin.py:188} INFO - [2025-11-20T22:27:23.040+0500] {dagbag.py:545} INFO - Filling up the DagBag from /mnt/c/Users/Raj/OneDrive - Åbo Akademi O365/banking/venv/lib/python3.12/site-packages/airflow/example_dags/example_python_operator.py
[2025-11-20T22:27:23.164+0500] {processor.py:840} INFO - DAG(s) 'example_python_operator' retrieved from /mnt/c/Users/Raj/OneDrive - Åbo Akademi O365/banking/venv/lib/python3.12/site-packages/airflow/example_dags/example_python_operator.py
[2025-11-20T22:27:23.300+0500] {logging_mixin.py:188} INFO - [2025-11-20T22:27:23.292+0500] {dag.py:3096} INFO - Sync 1 DAGs
[2025-11-20T22:27:23.370+0500] {logging_mixin.py:188} INFO - [2025-11-20T22:27:23.367+0500] {dag.py:3954} INFO - Setting next_dagrun for example_python_operator to None, run_after=None
[2025-11-20T22:27:24.050+0500] {processor.py:183} INFO - Processing /mnt/c/Users/Raj/OneDrive - Åbo Akademi O365/banking/venv/lib/python3.12/site-packages/airflow/example_dags/example_python_operator.py took 1.073 seconds
[2025-11-20T22:29:45.719+0500] {processor.py:161} INFO - Started process (PID=2438) to work on /mnt/c/Users/Raj/OneDrive - Åbo Akademi O365/banking/venv/lib/python3.12/site-packages/airflow/example_dags/example_python_operator.py
[2025-11-20T22:29:45.729+0500] {processor.py:830} INFO - Processing file /mnt/c/Users/Raj/OneDrive - Åbo Akademi O365/banking/venv/lib/python3.12/site-packages/airflow/example_dags/example_python_operator.py for tasks to queue
[2025-11-20T22:29:45.735+0500] {logging_mixin.py:188} INFO - [2025-11-20T22:29:45.732+0500] {dagbag.py:545} INFO - Filling up the DagBag from /mnt/c/Users/Raj/OneDrive - Åbo Akademi O365/banking/venv/lib/python3.12/site-packages/airflow/example_dags/example_python_operator.py
[2025-11-20T22:29:45.813+0500] {processor.py:840} INFO - DAG(s) 'example_python_operator' retrieved from /mnt/c/Users/Raj/OneDrive - Åbo Akademi O365/banking/venv/lib/python3.12/site-packages/airflow/example_dags/example_python_operator.py
[2025-11-20T22:29:45.901+0500] {logging_mixin.py:188} INFO - [2025-11-20T22:29:45.898+0500] {dag.py:3096} INFO - Sync 1 DAGs
[2025-11-20T22:29:45.965+0500] {logging_mixin.py:188} INFO - [2025-11-20T22:29:45.963+0500] {dag.py:3954} INFO - Setting next_dagrun for example_python_operator to None, run_after=None
[2025-11-20T22:29:46.122+0500] {processor.py:183} INFO - Processing /mnt/c/Users/Raj/OneDrive - Åbo Akademi O365/banking/venv/lib/python3.12/site-packages/airflow/example_dags/example_python_operator.py took 0.446 seconds
[2025-11-20T22:31:28.903+0500] {processor.py:161} INFO - Started process (PID=2490) to work on /mnt/c/Users/Raj/OneDrive - Åbo Akademi O365/banking/venv/lib/python3.12/site-packages/airflow/example_dags/example_python_operator.py
[2025-11-20T22:31:28.907+0500] {processor.py:830} INFO - Processing file /mnt/c/Users/Raj/OneDrive - Åbo Akademi O365/banking/venv/lib/python3.12/site-packages/airflow/example_dags/example_python_operator.py for tasks to queue
[2025-11-20T22:31:28.919+0500] {logging_mixin.py:188} INFO - [2025-11-20T22:31:28.910+0500] {dagbag.py:545} INFO - Filling up the DagBag from /mnt/c/Users/Raj/OneDrive - Åbo Akademi O365/banking/venv/lib/python3.12/site-packages/airflow/example_dags/example_python_operator.py
[2025-11-20T22:31:29.003+0500] {processor.py:840} INFO - DAG(s) 'example_python_operator' retrieved from /mnt/c/Users/Raj/OneDrive - Åbo Akademi O365/banking/venv/lib/python3.12/site-packages/airflow/example_dags/example_python_operator.py
[2025-11-20T22:31:29.175+0500] {logging_mixin.py:188} INFO - [2025-11-20T22:31:29.093+0500] {dagbag.py:654} ERROR - Failed to write serialized DAG: /mnt/c/Users/Raj/OneDrive - Åbo Akademi O365/banking/venv/lib/python3.12/site-packages/airflow/example_dags/example_python_operator.py
Traceback (most recent call last):
  File "/mnt/c/Users/Raj/OneDrive - Åbo Akademi O365/banking/venv/lib/python3.12/site-packages/airflow/models/dagbag.py", line 642, in _serialize_dag_capturing_errors
    -------------------------------------------------------------------
                              ^^^^^^^^^^^^^^^^^^^^^^^^^^^^^^^^^^^^^^^^^
  File "/mnt/c/Users/Raj/OneDrive - Åbo Akademi O365/banking/venv/lib/python3.12/site-packages/airflow/utils/session.py", line 76, in wrapper
    try:
         
  File "/mnt/c/Users/Raj/OneDrive - Åbo Akademi O365/banking/venv/lib/python3.12/site-packages/airflow/models/serialized_dag.py", line 167, in write_dag
    )
      
  File "<string>", line 4, in __init__
  File "/mnt/c/Users/Raj/OneDrive - Åbo Akademi O365/banking/venv/lib/python3.12/site-packages/sqlalchemy/orm/state.py", line 481, in _initialize_instance
    with util.safe_reraise():
  File "/mnt/c/Users/Raj/OneDrive - Åbo Akademi O365/banking/venv/lib/python3.12/site-packages/sqlalchemy/util/langhelpers.py", line 70, in __exit__
    compat.raise_(
  File "/mnt/c/Users/Raj/OneDrive - Åbo Akademi O365/banking/venv/lib/python3.12/site-packages/sqlalchemy/util/compat.py", line 211, in raise_
    raise exception
  File "/mnt/c/Users/Raj/OneDrive - Åbo Akademi O365/banking/venv/lib/python3.12/site-packages/sqlalchemy/orm/state.py", line 479, in _initialize_instance
    return manager.original_init(*mixed[1:], **kwargs)
           ^^^^^^^^^^^^^^^^^^^^^^^^^^^^^^^^^^^^^^^^^^^
  File "/mnt/c/Users/Raj/OneDrive - Åbo Akademi O365/banking/venv/lib/python3.12/site-packages/airflow/models/serialized_dag.py", line 114, in __init__
    dependency_id=dep_id,
  File "/mnt/c/Users/Raj/OneDrive - Åbo Akademi O365/banking/venv/lib/python3.12/site-packages/airflow/serialization/serialized_objects.py", line 1543, in to_dict
    @classmethod
        ^^^^^^^^^
  File "/mnt/c/Users/Raj/OneDrive - Åbo Akademi O365/banking/venv/lib/python3.12/site-packages/airflow/serialization/serialized_objects.py", line 433, in validate_schema
    can be completely controlled by a custom subclass.
            ^^^^^^^^^^^^^^^^^^^^^^^^^^^^^^^^^^^^^^^^^
  File "/mnt/c/Users/Raj/OneDrive - Åbo Akademi O365/banking/venv/lib/python3.12/site-packages/jsonschema/validators.py", line 451, in validate
    raise error
jsonschema.exceptions.ValidationError: {} is not of type 'array'

Failed validating 'type' in schema['allOf'][0]['properties']['dag']['properties']['params']:
    {'prefixItems': [{'type': 'string'}, {'$ref': '#/definitions/param'}],
     'type': 'array',
     'unevaluatedItems': False}

On instance['dag']['params']:
    {}
[2025-11-20T22:31:29.198+0500] {logging_mixin.py:188} INFO - [2025-11-20T22:31:29.194+0500] {dag.py:3096} INFO - Sync 1 DAGs
[2025-11-20T22:31:29.271+0500] {logging_mixin.py:188} INFO - [2025-11-20T22:31:29.268+0500] {dag.py:3954} INFO - Setting next_dagrun for example_python_operator to None, run_after=None
[2025-11-20T22:31:29.681+0500] {processor.py:183} INFO - Processing /mnt/c/Users/Raj/OneDrive - Åbo Akademi O365/banking/venv/lib/python3.12/site-packages/airflow/example_dags/example_python_operator.py took 0.830 seconds
