[2025-11-20T20:34:42.351+0500] {processor.py:161} INFO - Started process (PID=11799) to work on /mnt/c/Users/Raj/OneDrive - Åbo Akademi O365/banking/venv/lib/python3.12/site-packages/airflow/example_dags/tutorial_objectstorage.py
[2025-11-20T20:34:42.354+0500] {processor.py:830} INFO - Processing file /mnt/c/Users/Raj/OneDrive - Åbo Akademi O365/banking/venv/lib/python3.12/site-packages/airflow/example_dags/tutorial_objectstorage.py for tasks to queue
[2025-11-20T20:34:42.359+0500] {logging_mixin.py:188} INFO - [2025-11-20T20:34:42.357+0500] {dagbag.py:545} INFO - Filling up the DagBag from /mnt/c/Users/Raj/OneDrive - Åbo Akademi O365/banking/venv/lib/python3.12/site-packages/airflow/example_dags/tutorial_objectstorage.py
[2025-11-20T20:34:42.496+0500] {processor.py:840} INFO - DAG(s) 'tutorial_objectstorage' retrieved from /mnt/c/Users/Raj/OneDrive - Åbo Akademi O365/banking/venv/lib/python3.12/site-packages/airflow/example_dags/tutorial_objectstorage.py
[2025-11-20T20:34:44.419+0500] {logging_mixin.py:188} INFO - [2025-11-20T20:34:44.417+0500] {override.py:1829} INFO - Created Permission View: can delete on DAG:tutorial_objectstorage
[2025-11-20T20:34:44.465+0500] {logging_mixin.py:188} INFO - [2025-11-20T20:34:44.463+0500] {override.py:1829} INFO - Created Permission View: can read on DAG:tutorial_objectstorage
[2025-11-20T20:34:44.528+0500] {logging_mixin.py:188} INFO - [2025-11-20T20:34:44.526+0500] {override.py:1829} INFO - Created Permission View: can edit on DAG:tutorial_objectstorage
[2025-11-20T20:34:44.530+0500] {logging_mixin.py:188} INFO - [2025-11-20T20:34:44.529+0500] {dag.py:3096} INFO - Sync 1 DAGs
[2025-11-20T20:34:44.562+0500] {logging_mixin.py:188} INFO - [2025-11-20T20:34:44.561+0500] {dag.py:3118} INFO - Creating ORM DAG for tutorial_objectstorage
[2025-11-20T20:34:44.567+0500] {logging_mixin.py:188} INFO - [2025-11-20T20:34:44.565+0500] {dag.py:3954} INFO - Setting next_dagrun for tutorial_objectstorage to None, run_after=None
[2025-11-20T20:34:44.666+0500] {processor.py:183} INFO - Processing /mnt/c/Users/Raj/OneDrive - Åbo Akademi O365/banking/venv/lib/python3.12/site-packages/airflow/example_dags/tutorial_objectstorage.py took 2.332 seconds
[2025-11-20T20:37:23.989+0500] {processor.py:161} INFO - Started process (PID=12365) to work on /mnt/c/Users/Raj/OneDrive - Åbo Akademi O365/banking/venv/lib/python3.12/site-packages/airflow/example_dags/tutorial_objectstorage.py
[2025-11-20T20:37:23.991+0500] {processor.py:830} INFO - Processing file /mnt/c/Users/Raj/OneDrive - Åbo Akademi O365/banking/venv/lib/python3.12/site-packages/airflow/example_dags/tutorial_objectstorage.py for tasks to queue
[2025-11-20T20:37:23.996+0500] {logging_mixin.py:188} INFO - [2025-11-20T20:37:23.994+0500] {dagbag.py:545} INFO - Filling up the DagBag from /mnt/c/Users/Raj/OneDrive - Åbo Akademi O365/banking/venv/lib/python3.12/site-packages/airflow/example_dags/tutorial_objectstorage.py
[2025-11-20T20:37:24.037+0500] {processor.py:840} INFO - DAG(s) 'tutorial_objectstorage' retrieved from /mnt/c/Users/Raj/OneDrive - Åbo Akademi O365/banking/venv/lib/python3.12/site-packages/airflow/example_dags/tutorial_objectstorage.py
[2025-11-20T20:37:24.085+0500] {logging_mixin.py:188} INFO - [2025-11-20T20:37:24.083+0500] {dag.py:3096} INFO - Sync 1 DAGs
[2025-11-20T20:37:24.108+0500] {logging_mixin.py:188} INFO - [2025-11-20T20:37:24.106+0500] {dag.py:3954} INFO - Setting next_dagrun for tutorial_objectstorage to None, run_after=None
[2025-11-20T20:37:24.230+0500] {processor.py:183} INFO - Processing /mnt/c/Users/Raj/OneDrive - Åbo Akademi O365/banking/venv/lib/python3.12/site-packages/airflow/example_dags/tutorial_objectstorage.py took 0.260 seconds
[2025-11-20T20:38:21.936+0500] {processor.py:161} INFO - Started process (PID=12551) to work on /mnt/c/Users/Raj/OneDrive - Åbo Akademi O365/banking/venv/lib/python3.12/site-packages/airflow/example_dags/tutorial_objectstorage.py
[2025-11-20T20:38:21.939+0500] {processor.py:830} INFO - Processing file /mnt/c/Users/Raj/OneDrive - Åbo Akademi O365/banking/venv/lib/python3.12/site-packages/airflow/example_dags/tutorial_objectstorage.py for tasks to queue
[2025-11-20T20:38:21.944+0500] {logging_mixin.py:188} INFO - [2025-11-20T20:38:21.942+0500] {dagbag.py:545} INFO - Filling up the DagBag from /mnt/c/Users/Raj/OneDrive - Åbo Akademi O365/banking/venv/lib/python3.12/site-packages/airflow/example_dags/tutorial_objectstorage.py
[2025-11-20T20:38:21.982+0500] {processor.py:840} INFO - DAG(s) 'tutorial_objectstorage' retrieved from /mnt/c/Users/Raj/OneDrive - Åbo Akademi O365/banking/venv/lib/python3.12/site-packages/airflow/example_dags/tutorial_objectstorage.py
[2025-11-20T20:38:22.025+0500] {logging_mixin.py:188} INFO - [2025-11-20T20:38:22.023+0500] {dag.py:3096} INFO - Sync 1 DAGs
[2025-11-20T20:38:22.051+0500] {logging_mixin.py:188} INFO - [2025-11-20T20:38:22.048+0500] {dag.py:3954} INFO - Setting next_dagrun for tutorial_objectstorage to None, run_after=None
[2025-11-20T20:38:22.165+0500] {processor.py:183} INFO - Processing /mnt/c/Users/Raj/OneDrive - Åbo Akademi O365/banking/venv/lib/python3.12/site-packages/airflow/example_dags/tutorial_objectstorage.py took 0.249 seconds
[2025-11-20T20:39:03.505+0500] {processor.py:161} INFO - Started process (PID=12693) to work on /mnt/c/Users/Raj/OneDrive - Åbo Akademi O365/banking/venv/lib/python3.12/site-packages/airflow/example_dags/tutorial_objectstorage.py
[2025-11-20T20:39:03.509+0500] {processor.py:830} INFO - Processing file /mnt/c/Users/Raj/OneDrive - Åbo Akademi O365/banking/venv/lib/python3.12/site-packages/airflow/example_dags/tutorial_objectstorage.py for tasks to queue
[2025-11-20T20:39:03.514+0500] {logging_mixin.py:188} INFO - [2025-11-20T20:39:03.512+0500] {dagbag.py:545} INFO - Filling up the DagBag from /mnt/c/Users/Raj/OneDrive - Åbo Akademi O365/banking/venv/lib/python3.12/site-packages/airflow/example_dags/tutorial_objectstorage.py
[2025-11-20T20:39:03.557+0500] {processor.py:840} INFO - DAG(s) 'tutorial_objectstorage' retrieved from /mnt/c/Users/Raj/OneDrive - Åbo Akademi O365/banking/venv/lib/python3.12/site-packages/airflow/example_dags/tutorial_objectstorage.py
[2025-11-20T20:39:03.599+0500] {logging_mixin.py:188} INFO - [2025-11-20T20:39:03.598+0500] {dag.py:3096} INFO - Sync 1 DAGs
[2025-11-20T20:39:03.618+0500] {logging_mixin.py:188} INFO - [2025-11-20T20:39:03.617+0500] {dag.py:3954} INFO - Setting next_dagrun for tutorial_objectstorage to None, run_after=None
[2025-11-20T20:39:03.702+0500] {processor.py:183} INFO - Processing /mnt/c/Users/Raj/OneDrive - Åbo Akademi O365/banking/venv/lib/python3.12/site-packages/airflow/example_dags/tutorial_objectstorage.py took 0.216 seconds
[2025-11-20T20:39:44.913+0500] {processor.py:161} INFO - Started process (PID=12858) to work on /mnt/c/Users/Raj/OneDrive - Åbo Akademi O365/banking/venv/lib/python3.12/site-packages/airflow/example_dags/tutorial_objectstorage.py
[2025-11-20T20:39:44.916+0500] {processor.py:830} INFO - Processing file /mnt/c/Users/Raj/OneDrive - Åbo Akademi O365/banking/venv/lib/python3.12/site-packages/airflow/example_dags/tutorial_objectstorage.py for tasks to queue
[2025-11-20T20:39:44.921+0500] {logging_mixin.py:188} INFO - [2025-11-20T20:39:44.919+0500] {dagbag.py:545} INFO - Filling up the DagBag from /mnt/c/Users/Raj/OneDrive - Åbo Akademi O365/banking/venv/lib/python3.12/site-packages/airflow/example_dags/tutorial_objectstorage.py
[2025-11-20T20:39:44.981+0500] {processor.py:840} INFO - DAG(s) 'tutorial_objectstorage' retrieved from /mnt/c/Users/Raj/OneDrive - Åbo Akademi O365/banking/venv/lib/python3.12/site-packages/airflow/example_dags/tutorial_objectstorage.py
[2025-11-20T20:39:45.030+0500] {logging_mixin.py:188} INFO - [2025-11-20T20:39:45.028+0500] {dag.py:3096} INFO - Sync 1 DAGs
[2025-11-20T20:39:45.062+0500] {logging_mixin.py:188} INFO - [2025-11-20T20:39:45.057+0500] {dag.py:3954} INFO - Setting next_dagrun for tutorial_objectstorage to None, run_after=None
[2025-11-20T20:39:45.204+0500] {processor.py:183} INFO - Processing /mnt/c/Users/Raj/OneDrive - Åbo Akademi O365/banking/venv/lib/python3.12/site-packages/airflow/example_dags/tutorial_objectstorage.py took 0.323 seconds
[2025-11-20T20:41:01.477+0500] {processor.py:161} INFO - Started process (PID=13108) to work on /mnt/c/Users/Raj/OneDrive - Åbo Akademi O365/banking/venv/lib/python3.12/site-packages/airflow/example_dags/tutorial_objectstorage.py
[2025-11-20T20:41:01.480+0500] {processor.py:830} INFO - Processing file /mnt/c/Users/Raj/OneDrive - Åbo Akademi O365/banking/venv/lib/python3.12/site-packages/airflow/example_dags/tutorial_objectstorage.py for tasks to queue
[2025-11-20T20:41:01.485+0500] {logging_mixin.py:188} INFO - [2025-11-20T20:41:01.483+0500] {dagbag.py:545} INFO - Filling up the DagBag from /mnt/c/Users/Raj/OneDrive - Åbo Akademi O365/banking/venv/lib/python3.12/site-packages/airflow/example_dags/tutorial_objectstorage.py
[2025-11-20T20:41:01.529+0500] {processor.py:840} INFO - DAG(s) 'tutorial_objectstorage' retrieved from /mnt/c/Users/Raj/OneDrive - Åbo Akademi O365/banking/venv/lib/python3.12/site-packages/airflow/example_dags/tutorial_objectstorage.py
[2025-11-20T20:41:01.601+0500] {logging_mixin.py:188} INFO - [2025-11-20T20:41:01.599+0500] {dag.py:3096} INFO - Sync 1 DAGs
[2025-11-20T20:41:01.642+0500] {logging_mixin.py:188} INFO - [2025-11-20T20:41:01.640+0500] {dag.py:3954} INFO - Setting next_dagrun for tutorial_objectstorage to None, run_after=None
[2025-11-20T20:41:01.749+0500] {processor.py:183} INFO - Processing /mnt/c/Users/Raj/OneDrive - Åbo Akademi O365/banking/venv/lib/python3.12/site-packages/airflow/example_dags/tutorial_objectstorage.py took 0.292 seconds
[2025-11-20T20:41:40.533+0500] {processor.py:161} INFO - Started process (PID=13244) to work on /mnt/c/Users/Raj/OneDrive - Åbo Akademi O365/banking/venv/lib/python3.12/site-packages/airflow/example_dags/tutorial_objectstorage.py
[2025-11-20T20:41:40.538+0500] {processor.py:830} INFO - Processing file /mnt/c/Users/Raj/OneDrive - Åbo Akademi O365/banking/venv/lib/python3.12/site-packages/airflow/example_dags/tutorial_objectstorage.py for tasks to queue
[2025-11-20T20:41:40.544+0500] {logging_mixin.py:188} INFO - [2025-11-20T20:41:40.542+0500] {dagbag.py:545} INFO - Filling up the DagBag from /mnt/c/Users/Raj/OneDrive - Åbo Akademi O365/banking/venv/lib/python3.12/site-packages/airflow/example_dags/tutorial_objectstorage.py
[2025-11-20T20:41:40.582+0500] {processor.py:840} INFO - DAG(s) 'tutorial_objectstorage' retrieved from /mnt/c/Users/Raj/OneDrive - Åbo Akademi O365/banking/venv/lib/python3.12/site-packages/airflow/example_dags/tutorial_objectstorage.py
[2025-11-20T20:41:40.626+0500] {logging_mixin.py:188} INFO - [2025-11-20T20:41:40.624+0500] {dag.py:3096} INFO - Sync 1 DAGs
[2025-11-20T20:41:40.649+0500] {logging_mixin.py:188} INFO - [2025-11-20T20:41:40.648+0500] {dag.py:3954} INFO - Setting next_dagrun for tutorial_objectstorage to None, run_after=None
[2025-11-20T20:41:40.742+0500] {processor.py:183} INFO - Processing /mnt/c/Users/Raj/OneDrive - Åbo Akademi O365/banking/venv/lib/python3.12/site-packages/airflow/example_dags/tutorial_objectstorage.py took 0.235 seconds
[2025-11-20T20:42:20.254+0500] {processor.py:161} INFO - Started process (PID=13375) to work on /mnt/c/Users/Raj/OneDrive - Åbo Akademi O365/banking/venv/lib/python3.12/site-packages/airflow/example_dags/tutorial_objectstorage.py
[2025-11-20T20:42:20.258+0500] {processor.py:830} INFO - Processing file /mnt/c/Users/Raj/OneDrive - Åbo Akademi O365/banking/venv/lib/python3.12/site-packages/airflow/example_dags/tutorial_objectstorage.py for tasks to queue
[2025-11-20T20:42:20.264+0500] {logging_mixin.py:188} INFO - [2025-11-20T20:42:20.262+0500] {dagbag.py:545} INFO - Filling up the DagBag from /mnt/c/Users/Raj/OneDrive - Åbo Akademi O365/banking/venv/lib/python3.12/site-packages/airflow/example_dags/tutorial_objectstorage.py
[2025-11-20T20:42:20.305+0500] {processor.py:840} INFO - DAG(s) 'tutorial_objectstorage' retrieved from /mnt/c/Users/Raj/OneDrive - Åbo Akademi O365/banking/venv/lib/python3.12/site-packages/airflow/example_dags/tutorial_objectstorage.py
[2025-11-20T20:42:20.354+0500] {logging_mixin.py:188} INFO - [2025-11-20T20:42:20.353+0500] {dag.py:3096} INFO - Sync 1 DAGs
[2025-11-20T20:42:20.377+0500] {logging_mixin.py:188} INFO - [2025-11-20T20:42:20.375+0500] {dag.py:3954} INFO - Setting next_dagrun for tutorial_objectstorage to None, run_after=None
[2025-11-20T20:42:20.508+0500] {processor.py:183} INFO - Processing /mnt/c/Users/Raj/OneDrive - Åbo Akademi O365/banking/venv/lib/python3.12/site-packages/airflow/example_dags/tutorial_objectstorage.py took 0.276 seconds
[2025-11-20T20:43:39.215+0500] {processor.py:161} INFO - Started process (PID=13643) to work on /mnt/c/Users/Raj/OneDrive - Åbo Akademi O365/banking/venv/lib/python3.12/site-packages/airflow/example_dags/tutorial_objectstorage.py
[2025-11-20T20:43:39.218+0500] {processor.py:830} INFO - Processing file /mnt/c/Users/Raj/OneDrive - Åbo Akademi O365/banking/venv/lib/python3.12/site-packages/airflow/example_dags/tutorial_objectstorage.py for tasks to queue
[2025-11-20T20:43:39.223+0500] {logging_mixin.py:188} INFO - [2025-11-20T20:43:39.221+0500] {dagbag.py:545} INFO - Filling up the DagBag from /mnt/c/Users/Raj/OneDrive - Åbo Akademi O365/banking/venv/lib/python3.12/site-packages/airflow/example_dags/tutorial_objectstorage.py
[2025-11-20T20:43:39.262+0500] {processor.py:840} INFO - DAG(s) 'tutorial_objectstorage' retrieved from /mnt/c/Users/Raj/OneDrive - Åbo Akademi O365/banking/venv/lib/python3.12/site-packages/airflow/example_dags/tutorial_objectstorage.py
[2025-11-20T20:43:39.307+0500] {logging_mixin.py:188} INFO - [2025-11-20T20:43:39.306+0500] {dag.py:3096} INFO - Sync 1 DAGs
[2025-11-20T20:43:39.331+0500] {logging_mixin.py:188} INFO - [2025-11-20T20:43:39.329+0500] {dag.py:3954} INFO - Setting next_dagrun for tutorial_objectstorage to None, run_after=None
[2025-11-20T20:43:39.437+0500] {processor.py:183} INFO - Processing /mnt/c/Users/Raj/OneDrive - Åbo Akademi O365/banking/venv/lib/python3.12/site-packages/airflow/example_dags/tutorial_objectstorage.py took 0.242 seconds
[2025-11-20T20:44:21.654+0500] {processor.py:161} INFO - Started process (PID=13810) to work on /mnt/c/Users/Raj/OneDrive - Åbo Akademi O365/banking/venv/lib/python3.12/site-packages/airflow/example_dags/tutorial_objectstorage.py
[2025-11-20T20:44:21.658+0500] {processor.py:830} INFO - Processing file /mnt/c/Users/Raj/OneDrive - Åbo Akademi O365/banking/venv/lib/python3.12/site-packages/airflow/example_dags/tutorial_objectstorage.py for tasks to queue
[2025-11-20T20:44:21.675+0500] {logging_mixin.py:188} INFO - [2025-11-20T20:44:21.669+0500] {dagbag.py:545} INFO - Filling up the DagBag from /mnt/c/Users/Raj/OneDrive - Åbo Akademi O365/banking/venv/lib/python3.12/site-packages/airflow/example_dags/tutorial_objectstorage.py
[2025-11-20T20:44:21.740+0500] {processor.py:840} INFO - DAG(s) 'tutorial_objectstorage' retrieved from /mnt/c/Users/Raj/OneDrive - Åbo Akademi O365/banking/venv/lib/python3.12/site-packages/airflow/example_dags/tutorial_objectstorage.py
[2025-11-20T20:44:21.789+0500] {logging_mixin.py:188} INFO - [2025-11-20T20:44:21.788+0500] {dag.py:3096} INFO - Sync 1 DAGs
[2025-11-20T20:44:21.813+0500] {logging_mixin.py:188} INFO - [2025-11-20T20:44:21.812+0500] {dag.py:3954} INFO - Setting next_dagrun for tutorial_objectstorage to None, run_after=None
[2025-11-20T20:44:21.922+0500] {processor.py:183} INFO - Processing /mnt/c/Users/Raj/OneDrive - Åbo Akademi O365/banking/venv/lib/python3.12/site-packages/airflow/example_dags/tutorial_objectstorage.py took 0.295 seconds
[2025-11-20T20:45:02.086+0500] {processor.py:161} INFO - Started process (PID=13955) to work on /mnt/c/Users/Raj/OneDrive - Åbo Akademi O365/banking/venv/lib/python3.12/site-packages/airflow/example_dags/tutorial_objectstorage.py
[2025-11-20T20:45:02.089+0500] {processor.py:830} INFO - Processing file /mnt/c/Users/Raj/OneDrive - Åbo Akademi O365/banking/venv/lib/python3.12/site-packages/airflow/example_dags/tutorial_objectstorage.py for tasks to queue
[2025-11-20T20:45:02.095+0500] {logging_mixin.py:188} INFO - [2025-11-20T20:45:02.092+0500] {dagbag.py:545} INFO - Filling up the DagBag from /mnt/c/Users/Raj/OneDrive - Åbo Akademi O365/banking/venv/lib/python3.12/site-packages/airflow/example_dags/tutorial_objectstorage.py
[2025-11-20T20:45:02.141+0500] {processor.py:840} INFO - DAG(s) 'tutorial_objectstorage' retrieved from /mnt/c/Users/Raj/OneDrive - Åbo Akademi O365/banking/venv/lib/python3.12/site-packages/airflow/example_dags/tutorial_objectstorage.py
[2025-11-20T20:45:02.281+0500] {logging_mixin.py:188} INFO - [2025-11-20T20:45:02.279+0500] {dag.py:3096} INFO - Sync 1 DAGs
[2025-11-20T20:45:02.316+0500] {logging_mixin.py:188} INFO - [2025-11-20T20:45:02.314+0500] {dag.py:3954} INFO - Setting next_dagrun for tutorial_objectstorage to None, run_after=None
[2025-11-20T20:45:02.457+0500] {processor.py:183} INFO - Processing /mnt/c/Users/Raj/OneDrive - Åbo Akademi O365/banking/venv/lib/python3.12/site-packages/airflow/example_dags/tutorial_objectstorage.py took 0.389 seconds
[2025-11-20T20:45:44.673+0500] {processor.py:161} INFO - Started process (PID=14095) to work on /mnt/c/Users/Raj/OneDrive - Åbo Akademi O365/banking/venv/lib/python3.12/site-packages/airflow/example_dags/tutorial_objectstorage.py
[2025-11-20T20:45:44.675+0500] {processor.py:830} INFO - Processing file /mnt/c/Users/Raj/OneDrive - Åbo Akademi O365/banking/venv/lib/python3.12/site-packages/airflow/example_dags/tutorial_objectstorage.py for tasks to queue
[2025-11-20T20:45:44.681+0500] {logging_mixin.py:188} INFO - [2025-11-20T20:45:44.679+0500] {dagbag.py:545} INFO - Filling up the DagBag from /mnt/c/Users/Raj/OneDrive - Åbo Akademi O365/banking/venv/lib/python3.12/site-packages/airflow/example_dags/tutorial_objectstorage.py
[2025-11-20T20:45:44.722+0500] {processor.py:840} INFO - DAG(s) 'tutorial_objectstorage' retrieved from /mnt/c/Users/Raj/OneDrive - Åbo Akademi O365/banking/venv/lib/python3.12/site-packages/airflow/example_dags/tutorial_objectstorage.py
[2025-11-20T20:45:44.765+0500] {logging_mixin.py:188} INFO - [2025-11-20T20:45:44.764+0500] {dag.py:3096} INFO - Sync 1 DAGs
[2025-11-20T20:45:44.790+0500] {logging_mixin.py:188} INFO - [2025-11-20T20:45:44.789+0500] {dag.py:3954} INFO - Setting next_dagrun for tutorial_objectstorage to None, run_after=None
[2025-11-20T20:45:44.889+0500] {processor.py:183} INFO - Processing /mnt/c/Users/Raj/OneDrive - Åbo Akademi O365/banking/venv/lib/python3.12/site-packages/airflow/example_dags/tutorial_objectstorage.py took 0.235 seconds
[2025-11-20T20:46:56.334+0500] {processor.py:161} INFO - Started process (PID=14439) to work on /mnt/c/Users/Raj/OneDrive - Åbo Akademi O365/banking/venv/lib/python3.12/site-packages/airflow/example_dags/tutorial_objectstorage.py
[2025-11-20T20:46:56.345+0500] {processor.py:830} INFO - Processing file /mnt/c/Users/Raj/OneDrive - Åbo Akademi O365/banking/venv/lib/python3.12/site-packages/airflow/example_dags/tutorial_objectstorage.py for tasks to queue
[2025-11-20T20:46:56.363+0500] {logging_mixin.py:188} INFO - [2025-11-20T20:46:56.350+0500] {dagbag.py:545} INFO - Filling up the DagBag from /mnt/c/Users/Raj/OneDrive - Åbo Akademi O365/banking/venv/lib/python3.12/site-packages/airflow/example_dags/tutorial_objectstorage.py
[2025-11-20T20:46:56.462+0500] {processor.py:840} INFO - DAG(s) 'tutorial_objectstorage' retrieved from /mnt/c/Users/Raj/OneDrive - Åbo Akademi O365/banking/venv/lib/python3.12/site-packages/airflow/example_dags/tutorial_objectstorage.py
[2025-11-20T20:46:56.632+0500] {logging_mixin.py:188} INFO - [2025-11-20T20:46:56.630+0500] {dag.py:3096} INFO - Sync 1 DAGs
[2025-11-20T20:46:56.707+0500] {logging_mixin.py:188} INFO - [2025-11-20T20:46:56.705+0500] {dag.py:3954} INFO - Setting next_dagrun for tutorial_objectstorage to None, run_after=None
[2025-11-20T20:46:57.183+0500] {processor.py:183} INFO - Processing /mnt/c/Users/Raj/OneDrive - Åbo Akademi O365/banking/venv/lib/python3.12/site-packages/airflow/example_dags/tutorial_objectstorage.py took 0.889 seconds
[2025-11-20T20:47:38.003+0500] {processor.py:161} INFO - Started process (PID=14643) to work on /mnt/c/Users/Raj/OneDrive - Åbo Akademi O365/banking/venv/lib/python3.12/site-packages/airflow/example_dags/tutorial_objectstorage.py
[2025-11-20T20:47:38.007+0500] {processor.py:830} INFO - Processing file /mnt/c/Users/Raj/OneDrive - Åbo Akademi O365/banking/venv/lib/python3.12/site-packages/airflow/example_dags/tutorial_objectstorage.py for tasks to queue
[2025-11-20T20:47:38.012+0500] {logging_mixin.py:188} INFO - [2025-11-20T20:47:38.010+0500] {dagbag.py:545} INFO - Filling up the DagBag from /mnt/c/Users/Raj/OneDrive - Åbo Akademi O365/banking/venv/lib/python3.12/site-packages/airflow/example_dags/tutorial_objectstorage.py
[2025-11-20T20:47:38.059+0500] {processor.py:840} INFO - DAG(s) 'tutorial_objectstorage' retrieved from /mnt/c/Users/Raj/OneDrive - Åbo Akademi O365/banking/venv/lib/python3.12/site-packages/airflow/example_dags/tutorial_objectstorage.py
[2025-11-20T20:47:38.107+0500] {logging_mixin.py:188} INFO - [2025-11-20T20:47:38.106+0500] {dag.py:3096} INFO - Sync 1 DAGs
[2025-11-20T20:47:38.139+0500] {logging_mixin.py:188} INFO - [2025-11-20T20:47:38.138+0500] {dag.py:3954} INFO - Setting next_dagrun for tutorial_objectstorage to None, run_after=None
[2025-11-20T20:47:38.247+0500] {processor.py:183} INFO - Processing /mnt/c/Users/Raj/OneDrive - Åbo Akademi O365/banking/venv/lib/python3.12/site-packages/airflow/example_dags/tutorial_objectstorage.py took 0.263 seconds
[2025-11-20T20:48:55.201+0500] {processor.py:161} INFO - Started process (PID=15064) to work on /mnt/c/Users/Raj/OneDrive - Åbo Akademi O365/banking/venv/lib/python3.12/site-packages/airflow/example_dags/tutorial_objectstorage.py
[2025-11-20T20:48:55.204+0500] {processor.py:830} INFO - Processing file /mnt/c/Users/Raj/OneDrive - Åbo Akademi O365/banking/venv/lib/python3.12/site-packages/airflow/example_dags/tutorial_objectstorage.py for tasks to queue
[2025-11-20T20:48:55.209+0500] {logging_mixin.py:188} INFO - [2025-11-20T20:48:55.207+0500] {dagbag.py:545} INFO - Filling up the DagBag from /mnt/c/Users/Raj/OneDrive - Åbo Akademi O365/banking/venv/lib/python3.12/site-packages/airflow/example_dags/tutorial_objectstorage.py
[2025-11-20T20:48:55.245+0500] {processor.py:840} INFO - DAG(s) 'tutorial_objectstorage' retrieved from /mnt/c/Users/Raj/OneDrive - Åbo Akademi O365/banking/venv/lib/python3.12/site-packages/airflow/example_dags/tutorial_objectstorage.py
[2025-11-20T20:48:55.284+0500] {logging_mixin.py:188} INFO - [2025-11-20T20:48:55.283+0500] {dag.py:3096} INFO - Sync 1 DAGs
[2025-11-20T20:48:55.302+0500] {logging_mixin.py:188} INFO - [2025-11-20T20:48:55.300+0500] {dag.py:3954} INFO - Setting next_dagrun for tutorial_objectstorage to None, run_after=None
[2025-11-20T20:48:55.420+0500] {processor.py:183} INFO - Processing /mnt/c/Users/Raj/OneDrive - Åbo Akademi O365/banking/venv/lib/python3.12/site-packages/airflow/example_dags/tutorial_objectstorage.py took 0.239 seconds
[2025-11-20T21:55:04.657+0500] {processor.py:161} INFO - Started process (PID=842) to work on /mnt/c/Users/Raj/OneDrive - Åbo Akademi O365/banking/venv/lib/python3.12/site-packages/airflow/example_dags/tutorial_objectstorage.py
[2025-11-20T21:55:04.659+0500] {processor.py:830} INFO - Processing file /mnt/c/Users/Raj/OneDrive - Åbo Akademi O365/banking/venv/lib/python3.12/site-packages/airflow/example_dags/tutorial_objectstorage.py for tasks to queue
[2025-11-20T21:55:04.663+0500] {logging_mixin.py:188} INFO - [2025-11-20T21:55:04.662+0500] {dagbag.py:545} INFO - Filling up the DagBag from /mnt/c/Users/Raj/OneDrive - Åbo Akademi O365/banking/venv/lib/python3.12/site-packages/airflow/example_dags/tutorial_objectstorage.py
[2025-11-20T21:55:04.808+0500] {processor.py:840} INFO - DAG(s) 'tutorial_objectstorage' retrieved from /mnt/c/Users/Raj/OneDrive - Åbo Akademi O365/banking/venv/lib/python3.12/site-packages/airflow/example_dags/tutorial_objectstorage.py
[2025-11-20T21:55:06.608+0500] {logging_mixin.py:188} INFO - [2025-11-20T21:55:06.607+0500] {dag.py:3096} INFO - Sync 1 DAGs
[2025-11-20T21:55:06.633+0500] {logging_mixin.py:188} INFO - [2025-11-20T21:55:06.632+0500] {dag.py:3954} INFO - Setting next_dagrun for tutorial_objectstorage to None, run_after=None
[2025-11-20T21:55:06.771+0500] {processor.py:183} INFO - Processing /mnt/c/Users/Raj/OneDrive - Åbo Akademi O365/banking/venv/lib/python3.12/site-packages/airflow/example_dags/tutorial_objectstorage.py took 2.131 seconds
[2025-11-20T21:57:36.545+0500] {processor.py:161} INFO - Started process (PID=915) to work on /mnt/c/Users/Raj/OneDrive - Åbo Akademi O365/banking/venv/lib/python3.12/site-packages/airflow/example_dags/tutorial_objectstorage.py
[2025-11-20T21:57:36.552+0500] {processor.py:830} INFO - Processing file /mnt/c/Users/Raj/OneDrive - Åbo Akademi O365/banking/venv/lib/python3.12/site-packages/airflow/example_dags/tutorial_objectstorage.py for tasks to queue
[2025-11-20T21:57:36.558+0500] {logging_mixin.py:188} INFO - [2025-11-20T21:57:36.556+0500] {dagbag.py:545} INFO - Filling up the DagBag from /mnt/c/Users/Raj/OneDrive - Åbo Akademi O365/banking/venv/lib/python3.12/site-packages/airflow/example_dags/tutorial_objectstorage.py
[2025-11-20T21:57:36.598+0500] {processor.py:840} INFO - DAG(s) 'tutorial_objectstorage' retrieved from /mnt/c/Users/Raj/OneDrive - Åbo Akademi O365/banking/venv/lib/python3.12/site-packages/airflow/example_dags/tutorial_objectstorage.py
[2025-11-20T21:57:36.641+0500] {logging_mixin.py:188} INFO - [2025-11-20T21:57:36.639+0500] {dag.py:3096} INFO - Sync 1 DAGs
[2025-11-20T21:57:36.663+0500] {logging_mixin.py:188} INFO - [2025-11-20T21:57:36.662+0500] {dag.py:3954} INFO - Setting next_dagrun for tutorial_objectstorage to None, run_after=None
[2025-11-20T21:57:36.756+0500] {processor.py:183} INFO - Processing /mnt/c/Users/Raj/OneDrive - Åbo Akademi O365/banking/venv/lib/python3.12/site-packages/airflow/example_dags/tutorial_objectstorage.py took 0.234 seconds
[2025-11-20T21:58:31.411+0500] {processor.py:161} INFO - Started process (PID=1013) to work on /mnt/c/Users/Raj/OneDrive - Åbo Akademi O365/banking/venv/lib/python3.12/site-packages/airflow/example_dags/tutorial_objectstorage.py
[2025-11-20T21:58:31.414+0500] {processor.py:830} INFO - Processing file /mnt/c/Users/Raj/OneDrive - Åbo Akademi O365/banking/venv/lib/python3.12/site-packages/airflow/example_dags/tutorial_objectstorage.py for tasks to queue
[2025-11-20T21:58:31.421+0500] {logging_mixin.py:188} INFO - [2025-11-20T21:58:31.419+0500] {dagbag.py:545} INFO - Filling up the DagBag from /mnt/c/Users/Raj/OneDrive - Åbo Akademi O365/banking/venv/lib/python3.12/site-packages/airflow/example_dags/tutorial_objectstorage.py
[2025-11-20T21:58:31.467+0500] {processor.py:840} INFO - DAG(s) 'tutorial_objectstorage' retrieved from /mnt/c/Users/Raj/OneDrive - Åbo Akademi O365/banking/venv/lib/python3.12/site-packages/airflow/example_dags/tutorial_objectstorage.py
[2025-11-20T21:58:31.564+0500] {logging_mixin.py:188} INFO - [2025-11-20T21:58:31.562+0500] {dag.py:3096} INFO - Sync 1 DAGs
[2025-11-20T21:58:31.610+0500] {logging_mixin.py:188} INFO - [2025-11-20T21:58:31.609+0500] {dag.py:3954} INFO - Setting next_dagrun for tutorial_objectstorage to None, run_after=None
[2025-11-20T21:58:31.773+0500] {processor.py:183} INFO - Processing /mnt/c/Users/Raj/OneDrive - Åbo Akademi O365/banking/venv/lib/python3.12/site-packages/airflow/example_dags/tutorial_objectstorage.py took 0.383 seconds
[2025-11-20T21:59:14.122+0500] {processor.py:161} INFO - Started process (PID=1052) to work on /mnt/c/Users/Raj/OneDrive - Åbo Akademi O365/banking/venv/lib/python3.12/site-packages/airflow/example_dags/tutorial_objectstorage.py
[2025-11-20T21:59:14.125+0500] {processor.py:830} INFO - Processing file /mnt/c/Users/Raj/OneDrive - Åbo Akademi O365/banking/venv/lib/python3.12/site-packages/airflow/example_dags/tutorial_objectstorage.py for tasks to queue
[2025-11-20T21:59:14.131+0500] {logging_mixin.py:188} INFO - [2025-11-20T21:59:14.129+0500] {dagbag.py:545} INFO - Filling up the DagBag from /mnt/c/Users/Raj/OneDrive - Åbo Akademi O365/banking/venv/lib/python3.12/site-packages/airflow/example_dags/tutorial_objectstorage.py
[2025-11-20T21:59:14.183+0500] {processor.py:840} INFO - DAG(s) 'tutorial_objectstorage' retrieved from /mnt/c/Users/Raj/OneDrive - Åbo Akademi O365/banking/venv/lib/python3.12/site-packages/airflow/example_dags/tutorial_objectstorage.py
[2025-11-20T21:59:14.233+0500] {logging_mixin.py:188} INFO - [2025-11-20T21:59:14.231+0500] {dag.py:3096} INFO - Sync 1 DAGs
[2025-11-20T21:59:14.255+0500] {logging_mixin.py:188} INFO - [2025-11-20T21:59:14.253+0500] {dag.py:3954} INFO - Setting next_dagrun for tutorial_objectstorage to None, run_after=None
[2025-11-20T21:59:14.382+0500] {processor.py:183} INFO - Processing /mnt/c/Users/Raj/OneDrive - Åbo Akademi O365/banking/venv/lib/python3.12/site-packages/airflow/example_dags/tutorial_objectstorage.py took 0.279 seconds
[2025-11-20T21:59:54.292+0500] {processor.py:161} INFO - Started process (PID=1086) to work on /mnt/c/Users/Raj/OneDrive - Åbo Akademi O365/banking/venv/lib/python3.12/site-packages/airflow/example_dags/tutorial_objectstorage.py
[2025-11-20T21:59:54.295+0500] {processor.py:830} INFO - Processing file /mnt/c/Users/Raj/OneDrive - Åbo Akademi O365/banking/venv/lib/python3.12/site-packages/airflow/example_dags/tutorial_objectstorage.py for tasks to queue
[2025-11-20T21:59:54.301+0500] {logging_mixin.py:188} INFO - [2025-11-20T21:59:54.299+0500] {dagbag.py:545} INFO - Filling up the DagBag from /mnt/c/Users/Raj/OneDrive - Åbo Akademi O365/banking/venv/lib/python3.12/site-packages/airflow/example_dags/tutorial_objectstorage.py
[2025-11-20T21:59:54.336+0500] {processor.py:840} INFO - DAG(s) 'tutorial_objectstorage' retrieved from /mnt/c/Users/Raj/OneDrive - Åbo Akademi O365/banking/venv/lib/python3.12/site-packages/airflow/example_dags/tutorial_objectstorage.py
[2025-11-20T21:59:54.378+0500] {logging_mixin.py:188} INFO - [2025-11-20T21:59:54.376+0500] {dag.py:3096} INFO - Sync 1 DAGs
[2025-11-20T21:59:54.403+0500] {logging_mixin.py:188} INFO - [2025-11-20T21:59:54.402+0500] {dag.py:3954} INFO - Setting next_dagrun for tutorial_objectstorage to None, run_after=None
[2025-11-20T21:59:54.496+0500] {processor.py:183} INFO - Processing /mnt/c/Users/Raj/OneDrive - Åbo Akademi O365/banking/venv/lib/python3.12/site-packages/airflow/example_dags/tutorial_objectstorage.py took 0.222 seconds
[2025-11-20T22:01:17.466+0500] {processor.py:161} INFO - Started process (PID=1143) to work on /mnt/c/Users/Raj/OneDrive - Åbo Akademi O365/banking/venv/lib/python3.12/site-packages/airflow/example_dags/tutorial_objectstorage.py
[2025-11-20T22:01:17.469+0500] {processor.py:830} INFO - Processing file /mnt/c/Users/Raj/OneDrive - Åbo Akademi O365/banking/venv/lib/python3.12/site-packages/airflow/example_dags/tutorial_objectstorage.py for tasks to queue
[2025-11-20T22:01:17.474+0500] {logging_mixin.py:188} INFO - [2025-11-20T22:01:17.472+0500] {dagbag.py:545} INFO - Filling up the DagBag from /mnt/c/Users/Raj/OneDrive - Åbo Akademi O365/banking/venv/lib/python3.12/site-packages/airflow/example_dags/tutorial_objectstorage.py
[2025-11-20T22:01:17.515+0500] {processor.py:840} INFO - DAG(s) 'tutorial_objectstorage' retrieved from /mnt/c/Users/Raj/OneDrive - Åbo Akademi O365/banking/venv/lib/python3.12/site-packages/airflow/example_dags/tutorial_objectstorage.py
[2025-11-20T22:01:17.568+0500] {logging_mixin.py:188} INFO - [2025-11-20T22:01:17.566+0500] {dag.py:3096} INFO - Sync 1 DAGs
[2025-11-20T22:01:17.596+0500] {logging_mixin.py:188} INFO - [2025-11-20T22:01:17.594+0500] {dag.py:3954} INFO - Setting next_dagrun for tutorial_objectstorage to None, run_after=None
[2025-11-20T22:01:17.729+0500] {processor.py:183} INFO - Processing /mnt/c/Users/Raj/OneDrive - Åbo Akademi O365/banking/venv/lib/python3.12/site-packages/airflow/example_dags/tutorial_objectstorage.py took 0.318 seconds
[2025-11-20T22:01:59.069+0500] {processor.py:161} INFO - Started process (PID=1173) to work on /mnt/c/Users/Raj/OneDrive - Åbo Akademi O365/banking/venv/lib/python3.12/site-packages/airflow/example_dags/tutorial_objectstorage.py
[2025-11-20T22:01:59.072+0500] {processor.py:830} INFO - Processing file /mnt/c/Users/Raj/OneDrive - Åbo Akademi O365/banking/venv/lib/python3.12/site-packages/airflow/example_dags/tutorial_objectstorage.py for tasks to queue
[2025-11-20T22:01:59.076+0500] {logging_mixin.py:188} INFO - [2025-11-20T22:01:59.075+0500] {dagbag.py:545} INFO - Filling up the DagBag from /mnt/c/Users/Raj/OneDrive - Åbo Akademi O365/banking/venv/lib/python3.12/site-packages/airflow/example_dags/tutorial_objectstorage.py
[2025-11-20T22:01:59.118+0500] {processor.py:840} INFO - DAG(s) 'tutorial_objectstorage' retrieved from /mnt/c/Users/Raj/OneDrive - Åbo Akademi O365/banking/venv/lib/python3.12/site-packages/airflow/example_dags/tutorial_objectstorage.py
[2025-11-20T22:01:59.156+0500] {logging_mixin.py:188} INFO - [2025-11-20T22:01:59.155+0500] {dag.py:3096} INFO - Sync 1 DAGs
[2025-11-20T22:01:59.178+0500] {logging_mixin.py:188} INFO - [2025-11-20T22:01:59.177+0500] {dag.py:3954} INFO - Setting next_dagrun for tutorial_objectstorage to None, run_after=None
[2025-11-20T22:01:59.269+0500] {processor.py:183} INFO - Processing /mnt/c/Users/Raj/OneDrive - Åbo Akademi O365/banking/venv/lib/python3.12/site-packages/airflow/example_dags/tutorial_objectstorage.py took 0.217 seconds
[2025-11-20T22:02:39.460+0500] {processor.py:161} INFO - Started process (PID=1204) to work on /mnt/c/Users/Raj/OneDrive - Åbo Akademi O365/banking/venv/lib/python3.12/site-packages/airflow/example_dags/tutorial_objectstorage.py
[2025-11-20T22:02:39.465+0500] {processor.py:830} INFO - Processing file /mnt/c/Users/Raj/OneDrive - Åbo Akademi O365/banking/venv/lib/python3.12/site-packages/airflow/example_dags/tutorial_objectstorage.py for tasks to queue
[2025-11-20T22:02:39.471+0500] {logging_mixin.py:188} INFO - [2025-11-20T22:02:39.469+0500] {dagbag.py:545} INFO - Filling up the DagBag from /mnt/c/Users/Raj/OneDrive - Åbo Akademi O365/banking/venv/lib/python3.12/site-packages/airflow/example_dags/tutorial_objectstorage.py
[2025-11-20T22:02:39.519+0500] {processor.py:840} INFO - DAG(s) 'tutorial_objectstorage' retrieved from /mnt/c/Users/Raj/OneDrive - Åbo Akademi O365/banking/venv/lib/python3.12/site-packages/airflow/example_dags/tutorial_objectstorage.py
[2025-11-20T22:02:39.559+0500] {logging_mixin.py:188} INFO - [2025-11-20T22:02:39.558+0500] {dag.py:3096} INFO - Sync 1 DAGs
[2025-11-20T22:02:39.592+0500] {logging_mixin.py:188} INFO - [2025-11-20T22:02:39.591+0500] {dag.py:3954} INFO - Setting next_dagrun for tutorial_objectstorage to None, run_after=None
[2025-11-20T22:02:39.702+0500] {processor.py:183} INFO - Processing /mnt/c/Users/Raj/OneDrive - Åbo Akademi O365/banking/venv/lib/python3.12/site-packages/airflow/example_dags/tutorial_objectstorage.py took 0.265 seconds
[2025-11-20T22:03:22.316+0500] {processor.py:161} INFO - Started process (PID=1243) to work on /mnt/c/Users/Raj/OneDrive - Åbo Akademi O365/banking/venv/lib/python3.12/site-packages/airflow/example_dags/tutorial_objectstorage.py
[2025-11-20T22:03:22.319+0500] {processor.py:830} INFO - Processing file /mnt/c/Users/Raj/OneDrive - Åbo Akademi O365/banking/venv/lib/python3.12/site-packages/airflow/example_dags/tutorial_objectstorage.py for tasks to queue
[2025-11-20T22:03:22.324+0500] {logging_mixin.py:188} INFO - [2025-11-20T22:03:22.322+0500] {dagbag.py:545} INFO - Filling up the DagBag from /mnt/c/Users/Raj/OneDrive - Åbo Akademi O365/banking/venv/lib/python3.12/site-packages/airflow/example_dags/tutorial_objectstorage.py
[2025-11-20T22:03:22.356+0500] {processor.py:840} INFO - DAG(s) 'tutorial_objectstorage' retrieved from /mnt/c/Users/Raj/OneDrive - Åbo Akademi O365/banking/venv/lib/python3.12/site-packages/airflow/example_dags/tutorial_objectstorage.py
[2025-11-20T22:03:22.394+0500] {logging_mixin.py:188} INFO - [2025-11-20T22:03:22.392+0500] {dag.py:3096} INFO - Sync 1 DAGs
[2025-11-20T22:03:22.414+0500] {logging_mixin.py:188} INFO - [2025-11-20T22:03:22.413+0500] {dag.py:3954} INFO - Setting next_dagrun for tutorial_objectstorage to None, run_after=None
[2025-11-20T22:03:22.510+0500] {processor.py:183} INFO - Processing /mnt/c/Users/Raj/OneDrive - Åbo Akademi O365/banking/venv/lib/python3.12/site-packages/airflow/example_dags/tutorial_objectstorage.py took 0.211 seconds
[2025-11-20T22:04:06.583+0500] {processor.py:161} INFO - Started process (PID=1277) to work on /mnt/c/Users/Raj/OneDrive - Åbo Akademi O365/banking/venv/lib/python3.12/site-packages/airflow/example_dags/tutorial_objectstorage.py
[2025-11-20T22:04:06.587+0500] {processor.py:830} INFO - Processing file /mnt/c/Users/Raj/OneDrive - Åbo Akademi O365/banking/venv/lib/python3.12/site-packages/airflow/example_dags/tutorial_objectstorage.py for tasks to queue
[2025-11-20T22:04:06.594+0500] {logging_mixin.py:188} INFO - [2025-11-20T22:04:06.591+0500] {dagbag.py:545} INFO - Filling up the DagBag from /mnt/c/Users/Raj/OneDrive - Åbo Akademi O365/banking/venv/lib/python3.12/site-packages/airflow/example_dags/tutorial_objectstorage.py
[2025-11-20T22:04:06.634+0500] {processor.py:840} INFO - DAG(s) 'tutorial_objectstorage' retrieved from /mnt/c/Users/Raj/OneDrive - Åbo Akademi O365/banking/venv/lib/python3.12/site-packages/airflow/example_dags/tutorial_objectstorage.py
[2025-11-20T22:04:06.684+0500] {logging_mixin.py:188} INFO - [2025-11-20T22:04:06.683+0500] {dag.py:3096} INFO - Sync 1 DAGs
[2025-11-20T22:04:06.705+0500] {logging_mixin.py:188} INFO - [2025-11-20T22:04:06.704+0500] {dag.py:3954} INFO - Setting next_dagrun for tutorial_objectstorage to None, run_after=None
[2025-11-20T22:04:06.807+0500] {processor.py:183} INFO - Processing /mnt/c/Users/Raj/OneDrive - Åbo Akademi O365/banking/venv/lib/python3.12/site-packages/airflow/example_dags/tutorial_objectstorage.py took 0.249 seconds
[2025-11-20T22:04:46.865+0500] {processor.py:161} INFO - Started process (PID=1307) to work on /mnt/c/Users/Raj/OneDrive - Åbo Akademi O365/banking/venv/lib/python3.12/site-packages/airflow/example_dags/tutorial_objectstorage.py
[2025-11-20T22:04:46.868+0500] {processor.py:830} INFO - Processing file /mnt/c/Users/Raj/OneDrive - Åbo Akademi O365/banking/venv/lib/python3.12/site-packages/airflow/example_dags/tutorial_objectstorage.py for tasks to queue
[2025-11-20T22:04:46.875+0500] {logging_mixin.py:188} INFO - [2025-11-20T22:04:46.873+0500] {dagbag.py:545} INFO - Filling up the DagBag from /mnt/c/Users/Raj/OneDrive - Åbo Akademi O365/banking/venv/lib/python3.12/site-packages/airflow/example_dags/tutorial_objectstorage.py
[2025-11-20T22:04:46.913+0500] {processor.py:840} INFO - DAG(s) 'tutorial_objectstorage' retrieved from /mnt/c/Users/Raj/OneDrive - Åbo Akademi O365/banking/venv/lib/python3.12/site-packages/airflow/example_dags/tutorial_objectstorage.py
[2025-11-20T22:04:46.962+0500] {logging_mixin.py:188} INFO - [2025-11-20T22:04:46.960+0500] {dag.py:3096} INFO - Sync 1 DAGs
[2025-11-20T22:04:46.989+0500] {logging_mixin.py:188} INFO - [2025-11-20T22:04:46.987+0500] {dag.py:3954} INFO - Setting next_dagrun for tutorial_objectstorage to None, run_after=None
[2025-11-20T22:04:47.091+0500] {processor.py:183} INFO - Processing /mnt/c/Users/Raj/OneDrive - Åbo Akademi O365/banking/venv/lib/python3.12/site-packages/airflow/example_dags/tutorial_objectstorage.py took 0.245 seconds
[2025-11-20T22:05:29.482+0500] {processor.py:161} INFO - Started process (PID=1338) to work on /mnt/c/Users/Raj/OneDrive - Åbo Akademi O365/banking/venv/lib/python3.12/site-packages/airflow/example_dags/tutorial_objectstorage.py
[2025-11-20T22:05:29.485+0500] {processor.py:830} INFO - Processing file /mnt/c/Users/Raj/OneDrive - Åbo Akademi O365/banking/venv/lib/python3.12/site-packages/airflow/example_dags/tutorial_objectstorage.py for tasks to queue
[2025-11-20T22:05:29.489+0500] {logging_mixin.py:188} INFO - [2025-11-20T22:05:29.488+0500] {dagbag.py:545} INFO - Filling up the DagBag from /mnt/c/Users/Raj/OneDrive - Åbo Akademi O365/banking/venv/lib/python3.12/site-packages/airflow/example_dags/tutorial_objectstorage.py
[2025-11-20T22:05:29.531+0500] {processor.py:840} INFO - DAG(s) 'tutorial_objectstorage' retrieved from /mnt/c/Users/Raj/OneDrive - Åbo Akademi O365/banking/venv/lib/python3.12/site-packages/airflow/example_dags/tutorial_objectstorage.py
[2025-11-20T22:05:29.573+0500] {logging_mixin.py:188} INFO - [2025-11-20T22:05:29.572+0500] {dag.py:3096} INFO - Sync 1 DAGs
[2025-11-20T22:05:29.595+0500] {logging_mixin.py:188} INFO - [2025-11-20T22:05:29.594+0500] {dag.py:3954} INFO - Setting next_dagrun for tutorial_objectstorage to None, run_after=None
[2025-11-20T22:05:29.695+0500] {processor.py:183} INFO - Processing /mnt/c/Users/Raj/OneDrive - Åbo Akademi O365/banking/venv/lib/python3.12/site-packages/airflow/example_dags/tutorial_objectstorage.py took 0.233 seconds
[2025-11-20T22:06:13.225+0500] {processor.py:161} INFO - Started process (PID=1375) to work on /mnt/c/Users/Raj/OneDrive - Åbo Akademi O365/banking/venv/lib/python3.12/site-packages/airflow/example_dags/tutorial_objectstorage.py
[2025-11-20T22:06:13.228+0500] {processor.py:830} INFO - Processing file /mnt/c/Users/Raj/OneDrive - Åbo Akademi O365/banking/venv/lib/python3.12/site-packages/airflow/example_dags/tutorial_objectstorage.py for tasks to queue
[2025-11-20T22:06:13.233+0500] {logging_mixin.py:188} INFO - [2025-11-20T22:06:13.231+0500] {dagbag.py:545} INFO - Filling up the DagBag from /mnt/c/Users/Raj/OneDrive - Åbo Akademi O365/banking/venv/lib/python3.12/site-packages/airflow/example_dags/tutorial_objectstorage.py
[2025-11-20T22:06:13.292+0500] {processor.py:840} INFO - DAG(s) 'tutorial_objectstorage' retrieved from /mnt/c/Users/Raj/OneDrive - Åbo Akademi O365/banking/venv/lib/python3.12/site-packages/airflow/example_dags/tutorial_objectstorage.py
[2025-11-20T22:06:13.356+0500] {logging_mixin.py:188} INFO - [2025-11-20T22:06:13.355+0500] {dag.py:3096} INFO - Sync 1 DAGs
[2025-11-20T22:06:13.380+0500] {logging_mixin.py:188} INFO - [2025-11-20T22:06:13.379+0500] {dag.py:3954} INFO - Setting next_dagrun for tutorial_objectstorage to None, run_after=None
[2025-11-20T22:06:13.466+0500] {processor.py:183} INFO - Processing /mnt/c/Users/Raj/OneDrive - Åbo Akademi O365/banking/venv/lib/python3.12/site-packages/airflow/example_dags/tutorial_objectstorage.py took 0.311 seconds
[2025-11-20T22:06:56.416+0500] {processor.py:161} INFO - Started process (PID=1407) to work on /mnt/c/Users/Raj/OneDrive - Åbo Akademi O365/banking/venv/lib/python3.12/site-packages/airflow/example_dags/tutorial_objectstorage.py
[2025-11-20T22:06:56.420+0500] {processor.py:830} INFO - Processing file /mnt/c/Users/Raj/OneDrive - Åbo Akademi O365/banking/venv/lib/python3.12/site-packages/airflow/example_dags/tutorial_objectstorage.py for tasks to queue
[2025-11-20T22:06:56.424+0500] {logging_mixin.py:188} INFO - [2025-11-20T22:06:56.423+0500] {dagbag.py:545} INFO - Filling up the DagBag from /mnt/c/Users/Raj/OneDrive - Åbo Akademi O365/banking/venv/lib/python3.12/site-packages/airflow/example_dags/tutorial_objectstorage.py
[2025-11-20T22:06:56.466+0500] {processor.py:840} INFO - DAG(s) 'tutorial_objectstorage' retrieved from /mnt/c/Users/Raj/OneDrive - Åbo Akademi O365/banking/venv/lib/python3.12/site-packages/airflow/example_dags/tutorial_objectstorage.py
[2025-11-20T22:06:56.512+0500] {logging_mixin.py:188} INFO - [2025-11-20T22:06:56.510+0500] {dag.py:3096} INFO - Sync 1 DAGs
[2025-11-20T22:06:56.539+0500] {logging_mixin.py:188} INFO - [2025-11-20T22:06:56.537+0500] {dag.py:3954} INFO - Setting next_dagrun for tutorial_objectstorage to None, run_after=None
[2025-11-20T22:06:56.645+0500] {processor.py:183} INFO - Processing /mnt/c/Users/Raj/OneDrive - Åbo Akademi O365/banking/venv/lib/python3.12/site-packages/airflow/example_dags/tutorial_objectstorage.py took 0.250 seconds
[2025-11-20T22:07:39.700+0500] {processor.py:161} INFO - Started process (PID=1436) to work on /mnt/c/Users/Raj/OneDrive - Åbo Akademi O365/banking/venv/lib/python3.12/site-packages/airflow/example_dags/tutorial_objectstorage.py
[2025-11-20T22:07:39.704+0500] {processor.py:830} INFO - Processing file /mnt/c/Users/Raj/OneDrive - Åbo Akademi O365/banking/venv/lib/python3.12/site-packages/airflow/example_dags/tutorial_objectstorage.py for tasks to queue
[2025-11-20T22:07:39.719+0500] {logging_mixin.py:188} INFO - [2025-11-20T22:07:39.714+0500] {dagbag.py:545} INFO - Filling up the DagBag from /mnt/c/Users/Raj/OneDrive - Åbo Akademi O365/banking/venv/lib/python3.12/site-packages/airflow/example_dags/tutorial_objectstorage.py
[2025-11-20T22:07:39.762+0500] {processor.py:840} INFO - DAG(s) 'tutorial_objectstorage' retrieved from /mnt/c/Users/Raj/OneDrive - Åbo Akademi O365/banking/venv/lib/python3.12/site-packages/airflow/example_dags/tutorial_objectstorage.py
[2025-11-20T22:07:39.810+0500] {logging_mixin.py:188} INFO - [2025-11-20T22:07:39.808+0500] {dag.py:3096} INFO - Sync 1 DAGs
[2025-11-20T22:07:39.834+0500] {logging_mixin.py:188} INFO - [2025-11-20T22:07:39.833+0500] {dag.py:3954} INFO - Setting next_dagrun for tutorial_objectstorage to None, run_after=None
[2025-11-20T22:07:39.941+0500] {processor.py:183} INFO - Processing /mnt/c/Users/Raj/OneDrive - Åbo Akademi O365/banking/venv/lib/python3.12/site-packages/airflow/example_dags/tutorial_objectstorage.py took 0.269 seconds
[2025-11-20T22:08:26.168+0500] {processor.py:161} INFO - Started process (PID=1471) to work on /mnt/c/Users/Raj/OneDrive - Åbo Akademi O365/banking/venv/lib/python3.12/site-packages/airflow/example_dags/tutorial_objectstorage.py
[2025-11-20T22:08:26.171+0500] {processor.py:830} INFO - Processing file /mnt/c/Users/Raj/OneDrive - Åbo Akademi O365/banking/venv/lib/python3.12/site-packages/airflow/example_dags/tutorial_objectstorage.py for tasks to queue
[2025-11-20T22:08:26.175+0500] {logging_mixin.py:188} INFO - [2025-11-20T22:08:26.173+0500] {dagbag.py:545} INFO - Filling up the DagBag from /mnt/c/Users/Raj/OneDrive - Åbo Akademi O365/banking/venv/lib/python3.12/site-packages/airflow/example_dags/tutorial_objectstorage.py
[2025-11-20T22:08:26.217+0500] {processor.py:840} INFO - DAG(s) 'tutorial_objectstorage' retrieved from /mnt/c/Users/Raj/OneDrive - Åbo Akademi O365/banking/venv/lib/python3.12/site-packages/airflow/example_dags/tutorial_objectstorage.py
[2025-11-20T22:08:26.275+0500] {logging_mixin.py:188} INFO - [2025-11-20T22:08:26.273+0500] {dag.py:3096} INFO - Sync 1 DAGs
[2025-11-20T22:08:26.309+0500] {logging_mixin.py:188} INFO - [2025-11-20T22:08:26.307+0500] {dag.py:3954} INFO - Setting next_dagrun for tutorial_objectstorage to None, run_after=None
[2025-11-20T22:08:26.445+0500] {processor.py:183} INFO - Processing /mnt/c/Users/Raj/OneDrive - Åbo Akademi O365/banking/venv/lib/python3.12/site-packages/airflow/example_dags/tutorial_objectstorage.py took 0.300 seconds
[2025-11-20T22:09:09.491+0500] {processor.py:161} INFO - Started process (PID=1503) to work on /mnt/c/Users/Raj/OneDrive - Åbo Akademi O365/banking/venv/lib/python3.12/site-packages/airflow/example_dags/tutorial_objectstorage.py
[2025-11-20T22:09:09.494+0500] {processor.py:830} INFO - Processing file /mnt/c/Users/Raj/OneDrive - Åbo Akademi O365/banking/venv/lib/python3.12/site-packages/airflow/example_dags/tutorial_objectstorage.py for tasks to queue
[2025-11-20T22:09:09.498+0500] {logging_mixin.py:188} INFO - [2025-11-20T22:09:09.497+0500] {dagbag.py:545} INFO - Filling up the DagBag from /mnt/c/Users/Raj/OneDrive - Åbo Akademi O365/banking/venv/lib/python3.12/site-packages/airflow/example_dags/tutorial_objectstorage.py
[2025-11-20T22:09:09.536+0500] {processor.py:840} INFO - DAG(s) 'tutorial_objectstorage' retrieved from /mnt/c/Users/Raj/OneDrive - Åbo Akademi O365/banking/venv/lib/python3.12/site-packages/airflow/example_dags/tutorial_objectstorage.py
[2025-11-20T22:09:09.593+0500] {logging_mixin.py:188} INFO - [2025-11-20T22:09:09.592+0500] {dag.py:3096} INFO - Sync 1 DAGs
[2025-11-20T22:09:09.624+0500] {logging_mixin.py:188} INFO - [2025-11-20T22:09:09.622+0500] {dag.py:3954} INFO - Setting next_dagrun for tutorial_objectstorage to None, run_after=None
[2025-11-20T22:09:09.741+0500] {processor.py:183} INFO - Processing /mnt/c/Users/Raj/OneDrive - Åbo Akademi O365/banking/venv/lib/python3.12/site-packages/airflow/example_dags/tutorial_objectstorage.py took 0.268 seconds
[2025-11-20T22:09:59.195+0500] {processor.py:161} INFO - Started process (PID=1536) to work on /mnt/c/Users/Raj/OneDrive - Åbo Akademi O365/banking/venv/lib/python3.12/site-packages/airflow/example_dags/tutorial_objectstorage.py
[2025-11-20T22:09:59.198+0500] {processor.py:830} INFO - Processing file /mnt/c/Users/Raj/OneDrive - Åbo Akademi O365/banking/venv/lib/python3.12/site-packages/airflow/example_dags/tutorial_objectstorage.py for tasks to queue
[2025-11-20T22:09:59.205+0500] {logging_mixin.py:188} INFO - [2025-11-20T22:09:59.200+0500] {dagbag.py:545} INFO - Filling up the DagBag from /mnt/c/Users/Raj/OneDrive - Åbo Akademi O365/banking/venv/lib/python3.12/site-packages/airflow/example_dags/tutorial_objectstorage.py
[2025-11-20T22:09:59.250+0500] {processor.py:840} INFO - DAG(s) 'tutorial_objectstorage' retrieved from /mnt/c/Users/Raj/OneDrive - Åbo Akademi O365/banking/venv/lib/python3.12/site-packages/airflow/example_dags/tutorial_objectstorage.py
[2025-11-20T22:09:59.320+0500] {logging_mixin.py:188} INFO - [2025-11-20T22:09:59.318+0500] {dag.py:3096} INFO - Sync 1 DAGs
[2025-11-20T22:09:59.362+0500] {logging_mixin.py:188} INFO - [2025-11-20T22:09:59.359+0500] {dag.py:3954} INFO - Setting next_dagrun for tutorial_objectstorage to None, run_after=None
[2025-11-20T22:09:59.504+0500] {processor.py:183} INFO - Processing /mnt/c/Users/Raj/OneDrive - Åbo Akademi O365/banking/venv/lib/python3.12/site-packages/airflow/example_dags/tutorial_objectstorage.py took 0.332 seconds
[2025-11-20T22:10:45.589+0500] {processor.py:161} INFO - Started process (PID=1567) to work on /mnt/c/Users/Raj/OneDrive - Åbo Akademi O365/banking/venv/lib/python3.12/site-packages/airflow/example_dags/tutorial_objectstorage.py
[2025-11-20T22:10:45.591+0500] {processor.py:830} INFO - Processing file /mnt/c/Users/Raj/OneDrive - Åbo Akademi O365/banking/venv/lib/python3.12/site-packages/airflow/example_dags/tutorial_objectstorage.py for tasks to queue
[2025-11-20T22:10:45.597+0500] {logging_mixin.py:188} INFO - [2025-11-20T22:10:45.595+0500] {dagbag.py:545} INFO - Filling up the DagBag from /mnt/c/Users/Raj/OneDrive - Åbo Akademi O365/banking/venv/lib/python3.12/site-packages/airflow/example_dags/tutorial_objectstorage.py
[2025-11-20T22:10:45.634+0500] {processor.py:840} INFO - DAG(s) 'tutorial_objectstorage' retrieved from /mnt/c/Users/Raj/OneDrive - Åbo Akademi O365/banking/venv/lib/python3.12/site-packages/airflow/example_dags/tutorial_objectstorage.py
[2025-11-20T22:10:44.835+0500] {logging_mixin.py:188} INFO - [2025-11-20T22:10:44.833+0500] {dag.py:3096} INFO - Sync 1 DAGs
[2025-11-20T22:10:44.857+0500] {logging_mixin.py:188} INFO - [2025-11-20T22:10:44.856+0500] {dag.py:3954} INFO - Setting next_dagrun for tutorial_objectstorage to None, run_after=None
[2025-11-20T22:10:44.970+0500] {processor.py:183} INFO - Processing /mnt/c/Users/Raj/OneDrive - Åbo Akademi O365/banking/venv/lib/python3.12/site-packages/airflow/example_dags/tutorial_objectstorage.py took 0.247 seconds
[2025-11-20T22:11:28.134+0500] {processor.py:161} INFO - Started process (PID=1610) to work on /mnt/c/Users/Raj/OneDrive - Åbo Akademi O365/banking/venv/lib/python3.12/site-packages/airflow/example_dags/tutorial_objectstorage.py
[2025-11-20T22:11:28.137+0500] {processor.py:830} INFO - Processing file /mnt/c/Users/Raj/OneDrive - Åbo Akademi O365/banking/venv/lib/python3.12/site-packages/airflow/example_dags/tutorial_objectstorage.py for tasks to queue
[2025-11-20T22:11:28.141+0500] {logging_mixin.py:188} INFO - [2025-11-20T22:11:28.139+0500] {dagbag.py:545} INFO - Filling up the DagBag from /mnt/c/Users/Raj/OneDrive - Åbo Akademi O365/banking/venv/lib/python3.12/site-packages/airflow/example_dags/tutorial_objectstorage.py
[2025-11-20T22:11:28.184+0500] {processor.py:840} INFO - DAG(s) 'tutorial_objectstorage' retrieved from /mnt/c/Users/Raj/OneDrive - Åbo Akademi O365/banking/venv/lib/python3.12/site-packages/airflow/example_dags/tutorial_objectstorage.py
[2025-11-20T22:11:28.236+0500] {logging_mixin.py:188} INFO - [2025-11-20T22:11:28.232+0500] {dag.py:3096} INFO - Sync 1 DAGs
[2025-11-20T22:11:28.260+0500] {logging_mixin.py:188} INFO - [2025-11-20T22:11:28.259+0500] {dag.py:3954} INFO - Setting next_dagrun for tutorial_objectstorage to None, run_after=None
[2025-11-20T22:11:28.374+0500] {processor.py:183} INFO - Processing /mnt/c/Users/Raj/OneDrive - Åbo Akademi O365/banking/venv/lib/python3.12/site-packages/airflow/example_dags/tutorial_objectstorage.py took 0.266 seconds
[2025-11-20T22:12:08.583+0500] {processor.py:161} INFO - Started process (PID=1639) to work on /mnt/c/Users/Raj/OneDrive - Åbo Akademi O365/banking/venv/lib/python3.12/site-packages/airflow/example_dags/tutorial_objectstorage.py
[2025-11-20T22:12:08.585+0500] {processor.py:830} INFO - Processing file /mnt/c/Users/Raj/OneDrive - Åbo Akademi O365/banking/venv/lib/python3.12/site-packages/airflow/example_dags/tutorial_objectstorage.py for tasks to queue
[2025-11-20T22:12:08.589+0500] {logging_mixin.py:188} INFO - [2025-11-20T22:12:08.587+0500] {dagbag.py:545} INFO - Filling up the DagBag from /mnt/c/Users/Raj/OneDrive - Åbo Akademi O365/banking/venv/lib/python3.12/site-packages/airflow/example_dags/tutorial_objectstorage.py
[2025-11-20T22:12:08.619+0500] {processor.py:840} INFO - DAG(s) 'tutorial_objectstorage' retrieved from /mnt/c/Users/Raj/OneDrive - Åbo Akademi O365/banking/venv/lib/python3.12/site-packages/airflow/example_dags/tutorial_objectstorage.py
[2025-11-20T22:12:08.656+0500] {logging_mixin.py:188} INFO - [2025-11-20T22:12:08.655+0500] {dag.py:3096} INFO - Sync 1 DAGs
[2025-11-20T22:12:08.679+0500] {logging_mixin.py:188} INFO - [2025-11-20T22:12:08.677+0500] {dag.py:3954} INFO - Setting next_dagrun for tutorial_objectstorage to None, run_after=None
[2025-11-20T22:12:08.766+0500] {processor.py:183} INFO - Processing /mnt/c/Users/Raj/OneDrive - Åbo Akademi O365/banking/venv/lib/python3.12/site-packages/airflow/example_dags/tutorial_objectstorage.py took 0.198 seconds
[2025-11-20T22:12:50.140+0500] {processor.py:161} INFO - Started process (PID=1672) to work on /mnt/c/Users/Raj/OneDrive - Åbo Akademi O365/banking/venv/lib/python3.12/site-packages/airflow/example_dags/tutorial_objectstorage.py
[2025-11-20T22:12:50.143+0500] {processor.py:830} INFO - Processing file /mnt/c/Users/Raj/OneDrive - Åbo Akademi O365/banking/venv/lib/python3.12/site-packages/airflow/example_dags/tutorial_objectstorage.py for tasks to queue
[2025-11-20T22:12:50.147+0500] {logging_mixin.py:188} INFO - [2025-11-20T22:12:50.145+0500] {dagbag.py:545} INFO - Filling up the DagBag from /mnt/c/Users/Raj/OneDrive - Åbo Akademi O365/banking/venv/lib/python3.12/site-packages/airflow/example_dags/tutorial_objectstorage.py
[2025-11-20T22:12:50.186+0500] {processor.py:840} INFO - DAG(s) 'tutorial_objectstorage' retrieved from /mnt/c/Users/Raj/OneDrive - Åbo Akademi O365/banking/venv/lib/python3.12/site-packages/airflow/example_dags/tutorial_objectstorage.py
[2025-11-20T22:12:50.242+0500] {logging_mixin.py:188} INFO - [2025-11-20T22:12:50.241+0500] {dag.py:3096} INFO - Sync 1 DAGs
[2025-11-20T22:12:50.275+0500] {logging_mixin.py:188} INFO - [2025-11-20T22:12:50.273+0500] {dag.py:3954} INFO - Setting next_dagrun for tutorial_objectstorage to None, run_after=None
[2025-11-20T22:12:50.388+0500] {processor.py:183} INFO - Processing /mnt/c/Users/Raj/OneDrive - Åbo Akademi O365/banking/venv/lib/python3.12/site-packages/airflow/example_dags/tutorial_objectstorage.py took 0.269 seconds
[2025-11-20T22:13:31.099+0500] {processor.py:161} INFO - Started process (PID=1701) to work on /mnt/c/Users/Raj/OneDrive - Åbo Akademi O365/banking/venv/lib/python3.12/site-packages/airflow/example_dags/tutorial_objectstorage.py
[2025-11-20T22:13:31.102+0500] {processor.py:830} INFO - Processing file /mnt/c/Users/Raj/OneDrive - Åbo Akademi O365/banking/venv/lib/python3.12/site-packages/airflow/example_dags/tutorial_objectstorage.py for tasks to queue
[2025-11-20T22:13:31.107+0500] {logging_mixin.py:188} INFO - [2025-11-20T22:13:31.105+0500] {dagbag.py:545} INFO - Filling up the DagBag from /mnt/c/Users/Raj/OneDrive - Åbo Akademi O365/banking/venv/lib/python3.12/site-packages/airflow/example_dags/tutorial_objectstorage.py
[2025-11-20T22:13:31.144+0500] {processor.py:840} INFO - DAG(s) 'tutorial_objectstorage' retrieved from /mnt/c/Users/Raj/OneDrive - Åbo Akademi O365/banking/venv/lib/python3.12/site-packages/airflow/example_dags/tutorial_objectstorage.py
[2025-11-20T22:13:31.187+0500] {logging_mixin.py:188} INFO - [2025-11-20T22:13:31.186+0500] {dag.py:3096} INFO - Sync 1 DAGs
[2025-11-20T22:13:31.211+0500] {logging_mixin.py:188} INFO - [2025-11-20T22:13:31.210+0500] {dag.py:3954} INFO - Setting next_dagrun for tutorial_objectstorage to None, run_after=None
[2025-11-20T22:13:31.306+0500] {processor.py:183} INFO - Processing /mnt/c/Users/Raj/OneDrive - Åbo Akademi O365/banking/venv/lib/python3.12/site-packages/airflow/example_dags/tutorial_objectstorage.py took 0.227 seconds
[2025-11-20T22:14:17.074+0500] {processor.py:161} INFO - Started process (PID=1735) to work on /mnt/c/Users/Raj/OneDrive - Åbo Akademi O365/banking/venv/lib/python3.12/site-packages/airflow/example_dags/tutorial_objectstorage.py
[2025-11-20T22:14:17.077+0500] {processor.py:830} INFO - Processing file /mnt/c/Users/Raj/OneDrive - Åbo Akademi O365/banking/venv/lib/python3.12/site-packages/airflow/example_dags/tutorial_objectstorage.py for tasks to queue
[2025-11-20T22:14:17.080+0500] {logging_mixin.py:188} INFO - [2025-11-20T22:14:17.078+0500] {dagbag.py:545} INFO - Filling up the DagBag from /mnt/c/Users/Raj/OneDrive - Åbo Akademi O365/banking/venv/lib/python3.12/site-packages/airflow/example_dags/tutorial_objectstorage.py
[2025-11-20T22:14:17.117+0500] {processor.py:840} INFO - DAG(s) 'tutorial_objectstorage' retrieved from /mnt/c/Users/Raj/OneDrive - Åbo Akademi O365/banking/venv/lib/python3.12/site-packages/airflow/example_dags/tutorial_objectstorage.py
[2025-11-20T22:14:17.162+0500] {logging_mixin.py:188} INFO - [2025-11-20T22:14:17.161+0500] {dag.py:3096} INFO - Sync 1 DAGs
[2025-11-20T22:14:17.184+0500] {logging_mixin.py:188} INFO - [2025-11-20T22:14:17.183+0500] {dag.py:3954} INFO - Setting next_dagrun for tutorial_objectstorage to None, run_after=None
[2025-11-20T22:14:17.281+0500] {processor.py:183} INFO - Processing /mnt/c/Users/Raj/OneDrive - Åbo Akademi O365/banking/venv/lib/python3.12/site-packages/airflow/example_dags/tutorial_objectstorage.py took 0.226 seconds
[2025-11-20T22:14:59.056+0500] {processor.py:161} INFO - Started process (PID=1766) to work on /mnt/c/Users/Raj/OneDrive - Åbo Akademi O365/banking/venv/lib/python3.12/site-packages/airflow/example_dags/tutorial_objectstorage.py
[2025-11-20T22:14:59.059+0500] {processor.py:830} INFO - Processing file /mnt/c/Users/Raj/OneDrive - Åbo Akademi O365/banking/venv/lib/python3.12/site-packages/airflow/example_dags/tutorial_objectstorage.py for tasks to queue
[2025-11-20T22:14:59.063+0500] {logging_mixin.py:188} INFO - [2025-11-20T22:14:59.061+0500] {dagbag.py:545} INFO - Filling up the DagBag from /mnt/c/Users/Raj/OneDrive - Åbo Akademi O365/banking/venv/lib/python3.12/site-packages/airflow/example_dags/tutorial_objectstorage.py
[2025-11-20T22:14:59.111+0500] {processor.py:840} INFO - DAG(s) 'tutorial_objectstorage' retrieved from /mnt/c/Users/Raj/OneDrive - Åbo Akademi O365/banking/venv/lib/python3.12/site-packages/airflow/example_dags/tutorial_objectstorage.py
[2025-11-20T22:14:59.169+0500] {logging_mixin.py:188} INFO - [2025-11-20T22:14:59.167+0500] {dag.py:3096} INFO - Sync 1 DAGs
[2025-11-20T22:14:59.204+0500] {logging_mixin.py:188} INFO - [2025-11-20T22:14:59.201+0500] {dag.py:3954} INFO - Setting next_dagrun for tutorial_objectstorage to None, run_after=None
[2025-11-20T22:14:59.337+0500] {processor.py:183} INFO - Processing /mnt/c/Users/Raj/OneDrive - Åbo Akademi O365/banking/venv/lib/python3.12/site-packages/airflow/example_dags/tutorial_objectstorage.py took 0.307 seconds
[2025-11-20T22:16:26.890+0500] {processor.py:161} INFO - Started process (PID=1826) to work on /mnt/c/Users/Raj/OneDrive - Åbo Akademi O365/banking/venv/lib/python3.12/site-packages/airflow/example_dags/tutorial_objectstorage.py
[2025-11-20T22:16:26.894+0500] {processor.py:830} INFO - Processing file /mnt/c/Users/Raj/OneDrive - Åbo Akademi O365/banking/venv/lib/python3.12/site-packages/airflow/example_dags/tutorial_objectstorage.py for tasks to queue
[2025-11-20T22:16:26.902+0500] {logging_mixin.py:188} INFO - [2025-11-20T22:16:26.900+0500] {dagbag.py:545} INFO - Filling up the DagBag from /mnt/c/Users/Raj/OneDrive - Åbo Akademi O365/banking/venv/lib/python3.12/site-packages/airflow/example_dags/tutorial_objectstorage.py
[2025-11-20T22:16:26.947+0500] {processor.py:840} INFO - DAG(s) 'tutorial_objectstorage' retrieved from /mnt/c/Users/Raj/OneDrive - Åbo Akademi O365/banking/venv/lib/python3.12/site-packages/airflow/example_dags/tutorial_objectstorage.py
[2025-11-20T22:16:27.002+0500] {logging_mixin.py:188} INFO - [2025-11-20T22:16:27.001+0500] {dag.py:3096} INFO - Sync 1 DAGs
[2025-11-20T22:16:27.024+0500] {logging_mixin.py:188} INFO - [2025-11-20T22:16:27.023+0500] {dag.py:3954} INFO - Setting next_dagrun for tutorial_objectstorage to None, run_after=None
[2025-11-20T22:16:27.149+0500] {processor.py:183} INFO - Processing /mnt/c/Users/Raj/OneDrive - Åbo Akademi O365/banking/venv/lib/python3.12/site-packages/airflow/example_dags/tutorial_objectstorage.py took 0.334 seconds
[2025-11-20T22:17:12.736+0500] {processor.py:161} INFO - Started process (PID=1862) to work on /mnt/c/Users/Raj/OneDrive - Åbo Akademi O365/banking/venv/lib/python3.12/site-packages/airflow/example_dags/tutorial_objectstorage.py
[2025-11-20T22:17:12.739+0500] {processor.py:830} INFO - Processing file /mnt/c/Users/Raj/OneDrive - Åbo Akademi O365/banking/venv/lib/python3.12/site-packages/airflow/example_dags/tutorial_objectstorage.py for tasks to queue
[2025-11-20T22:17:12.742+0500] {logging_mixin.py:188} INFO - [2025-11-20T22:17:12.741+0500] {dagbag.py:545} INFO - Filling up the DagBag from /mnt/c/Users/Raj/OneDrive - Åbo Akademi O365/banking/venv/lib/python3.12/site-packages/airflow/example_dags/tutorial_objectstorage.py
[2025-11-20T22:17:12.787+0500] {processor.py:840} INFO - DAG(s) 'tutorial_objectstorage' retrieved from /mnt/c/Users/Raj/OneDrive - Åbo Akademi O365/banking/venv/lib/python3.12/site-packages/airflow/example_dags/tutorial_objectstorage.py
[2025-11-20T22:17:12.833+0500] {logging_mixin.py:188} INFO - [2025-11-20T22:17:12.831+0500] {dag.py:3096} INFO - Sync 1 DAGs
[2025-11-20T22:17:12.862+0500] {logging_mixin.py:188} INFO - [2025-11-20T22:17:12.860+0500] {dag.py:3954} INFO - Setting next_dagrun for tutorial_objectstorage to None, run_after=None
[2025-11-20T22:17:12.967+0500] {processor.py:183} INFO - Processing /mnt/c/Users/Raj/OneDrive - Åbo Akademi O365/banking/venv/lib/python3.12/site-packages/airflow/example_dags/tutorial_objectstorage.py took 0.254 seconds
[2025-11-20T22:17:55.702+0500] {processor.py:161} INFO - Started process (PID=1891) to work on /mnt/c/Users/Raj/OneDrive - Åbo Akademi O365/banking/venv/lib/python3.12/site-packages/airflow/example_dags/tutorial_objectstorage.py
[2025-11-20T22:17:55.705+0500] {processor.py:830} INFO - Processing file /mnt/c/Users/Raj/OneDrive - Åbo Akademi O365/banking/venv/lib/python3.12/site-packages/airflow/example_dags/tutorial_objectstorage.py for tasks to queue
[2025-11-20T22:17:55.709+0500] {logging_mixin.py:188} INFO - [2025-11-20T22:17:55.707+0500] {dagbag.py:545} INFO - Filling up the DagBag from /mnt/c/Users/Raj/OneDrive - Åbo Akademi O365/banking/venv/lib/python3.12/site-packages/airflow/example_dags/tutorial_objectstorage.py
[2025-11-20T22:17:55.744+0500] {processor.py:840} INFO - DAG(s) 'tutorial_objectstorage' retrieved from /mnt/c/Users/Raj/OneDrive - Åbo Akademi O365/banking/venv/lib/python3.12/site-packages/airflow/example_dags/tutorial_objectstorage.py
[2025-11-20T22:17:55.784+0500] {logging_mixin.py:188} INFO - [2025-11-20T22:17:55.783+0500] {dag.py:3096} INFO - Sync 1 DAGs
[2025-11-20T22:17:55.809+0500] {logging_mixin.py:188} INFO - [2025-11-20T22:17:55.808+0500] {dag.py:3954} INFO - Setting next_dagrun for tutorial_objectstorage to None, run_after=None
[2025-11-20T22:17:55.955+0500] {processor.py:183} INFO - Processing /mnt/c/Users/Raj/OneDrive - Åbo Akademi O365/banking/venv/lib/python3.12/site-packages/airflow/example_dags/tutorial_objectstorage.py took 0.274 seconds
[2025-11-20T22:18:40.165+0500] {processor.py:161} INFO - Started process (PID=1926) to work on /mnt/c/Users/Raj/OneDrive - Åbo Akademi O365/banking/venv/lib/python3.12/site-packages/airflow/example_dags/tutorial_objectstorage.py
[2025-11-20T22:18:40.171+0500] {processor.py:830} INFO - Processing file /mnt/c/Users/Raj/OneDrive - Åbo Akademi O365/banking/venv/lib/python3.12/site-packages/airflow/example_dags/tutorial_objectstorage.py for tasks to queue
[2025-11-20T22:18:40.183+0500] {logging_mixin.py:188} INFO - [2025-11-20T22:18:40.179+0500] {dagbag.py:545} INFO - Filling up the DagBag from /mnt/c/Users/Raj/OneDrive - Åbo Akademi O365/banking/venv/lib/python3.12/site-packages/airflow/example_dags/tutorial_objectstorage.py
[2025-11-20T22:18:40.263+0500] {processor.py:840} INFO - DAG(s) 'tutorial_objectstorage' retrieved from /mnt/c/Users/Raj/OneDrive - Åbo Akademi O365/banking/venv/lib/python3.12/site-packages/airflow/example_dags/tutorial_objectstorage.py
[2025-11-20T22:18:40.336+0500] {logging_mixin.py:188} INFO - [2025-11-20T22:18:40.335+0500] {dag.py:3096} INFO - Sync 1 DAGs
[2025-11-20T22:18:40.365+0500] {logging_mixin.py:188} INFO - [2025-11-20T22:18:40.362+0500] {dag.py:3954} INFO - Setting next_dagrun for tutorial_objectstorage to None, run_after=None
[2025-11-20T22:18:40.550+0500] {processor.py:183} INFO - Processing /mnt/c/Users/Raj/OneDrive - Åbo Akademi O365/banking/venv/lib/python3.12/site-packages/airflow/example_dags/tutorial_objectstorage.py took 0.447 seconds
[2025-11-20T22:19:19.542+0500] {processor.py:161} INFO - Started process (PID=1957) to work on /mnt/c/Users/Raj/OneDrive - Åbo Akademi O365/banking/venv/lib/python3.12/site-packages/airflow/example_dags/tutorial_objectstorage.py
[2025-11-20T22:19:19.545+0500] {processor.py:830} INFO - Processing file /mnt/c/Users/Raj/OneDrive - Åbo Akademi O365/banking/venv/lib/python3.12/site-packages/airflow/example_dags/tutorial_objectstorage.py for tasks to queue
[2025-11-20T22:19:19.548+0500] {logging_mixin.py:188} INFO - [2025-11-20T22:19:19.547+0500] {dagbag.py:545} INFO - Filling up the DagBag from /mnt/c/Users/Raj/OneDrive - Åbo Akademi O365/banking/venv/lib/python3.12/site-packages/airflow/example_dags/tutorial_objectstorage.py
[2025-11-20T22:19:19.578+0500] {processor.py:840} INFO - DAG(s) 'tutorial_objectstorage' retrieved from /mnt/c/Users/Raj/OneDrive - Åbo Akademi O365/banking/venv/lib/python3.12/site-packages/airflow/example_dags/tutorial_objectstorage.py
[2025-11-20T22:19:19.619+0500] {logging_mixin.py:188} INFO - [2025-11-20T22:19:19.617+0500] {dag.py:3096} INFO - Sync 1 DAGs
[2025-11-20T22:19:19.637+0500] {logging_mixin.py:188} INFO - [2025-11-20T22:19:19.636+0500] {dag.py:3954} INFO - Setting next_dagrun for tutorial_objectstorage to None, run_after=None
[2025-11-20T22:19:19.716+0500] {processor.py:183} INFO - Processing /mnt/c/Users/Raj/OneDrive - Åbo Akademi O365/banking/venv/lib/python3.12/site-packages/airflow/example_dags/tutorial_objectstorage.py took 0.189 seconds
[2025-11-20T22:20:03.972+0500] {processor.py:161} INFO - Started process (PID=1993) to work on /mnt/c/Users/Raj/OneDrive - Åbo Akademi O365/banking/venv/lib/python3.12/site-packages/airflow/example_dags/tutorial_objectstorage.py
[2025-11-20T22:20:03.976+0500] {processor.py:830} INFO - Processing file /mnt/c/Users/Raj/OneDrive - Åbo Akademi O365/banking/venv/lib/python3.12/site-packages/airflow/example_dags/tutorial_objectstorage.py for tasks to queue
[2025-11-20T22:20:03.981+0500] {logging_mixin.py:188} INFO - [2025-11-20T22:20:03.979+0500] {dagbag.py:545} INFO - Filling up the DagBag from /mnt/c/Users/Raj/OneDrive - Åbo Akademi O365/banking/venv/lib/python3.12/site-packages/airflow/example_dags/tutorial_objectstorage.py
[2025-11-20T22:20:04.028+0500] {processor.py:840} INFO - DAG(s) 'tutorial_objectstorage' retrieved from /mnt/c/Users/Raj/OneDrive - Åbo Akademi O365/banking/venv/lib/python3.12/site-packages/airflow/example_dags/tutorial_objectstorage.py
[2025-11-20T22:20:04.086+0500] {logging_mixin.py:188} INFO - [2025-11-20T22:20:04.085+0500] {dag.py:3096} INFO - Sync 1 DAGs
[2025-11-20T22:20:04.116+0500] {logging_mixin.py:188} INFO - [2025-11-20T22:20:04.115+0500] {dag.py:3954} INFO - Setting next_dagrun for tutorial_objectstorage to None, run_after=None
[2025-11-20T22:20:04.225+0500] {processor.py:183} INFO - Processing /mnt/c/Users/Raj/OneDrive - Åbo Akademi O365/banking/venv/lib/python3.12/site-packages/airflow/example_dags/tutorial_objectstorage.py took 0.275 seconds
[2025-11-20T22:20:49.574+0500] {processor.py:161} INFO - Started process (PID=2027) to work on /mnt/c/Users/Raj/OneDrive - Åbo Akademi O365/banking/venv/lib/python3.12/site-packages/airflow/example_dags/tutorial_objectstorage.py
[2025-11-20T22:20:49.577+0500] {processor.py:830} INFO - Processing file /mnt/c/Users/Raj/OneDrive - Åbo Akademi O365/banking/venv/lib/python3.12/site-packages/airflow/example_dags/tutorial_objectstorage.py for tasks to queue
[2025-11-20T22:20:49.587+0500] {logging_mixin.py:188} INFO - [2025-11-20T22:20:49.579+0500] {dagbag.py:545} INFO - Filling up the DagBag from /mnt/c/Users/Raj/OneDrive - Åbo Akademi O365/banking/venv/lib/python3.12/site-packages/airflow/example_dags/tutorial_objectstorage.py
[2025-11-20T22:20:49.629+0500] {processor.py:840} INFO - DAG(s) 'tutorial_objectstorage' retrieved from /mnt/c/Users/Raj/OneDrive - Åbo Akademi O365/banking/venv/lib/python3.12/site-packages/airflow/example_dags/tutorial_objectstorage.py
[2025-11-20T22:20:49.672+0500] {logging_mixin.py:188} INFO - [2025-11-20T22:20:49.670+0500] {dag.py:3096} INFO - Sync 1 DAGs
[2025-11-20T22:20:49.698+0500] {logging_mixin.py:188} INFO - [2025-11-20T22:20:49.697+0500] {dag.py:3954} INFO - Setting next_dagrun for tutorial_objectstorage to None, run_after=None
[2025-11-20T22:20:49.830+0500] {processor.py:183} INFO - Processing /mnt/c/Users/Raj/OneDrive - Åbo Akademi O365/banking/venv/lib/python3.12/site-packages/airflow/example_dags/tutorial_objectstorage.py took 0.274 seconds
[2025-11-20T22:21:35.057+0500] {processor.py:161} INFO - Started process (PID=2063) to work on /mnt/c/Users/Raj/OneDrive - Åbo Akademi O365/banking/venv/lib/python3.12/site-packages/airflow/example_dags/tutorial_objectstorage.py
[2025-11-20T22:21:35.060+0500] {processor.py:830} INFO - Processing file /mnt/c/Users/Raj/OneDrive - Åbo Akademi O365/banking/venv/lib/python3.12/site-packages/airflow/example_dags/tutorial_objectstorage.py for tasks to queue
[2025-11-20T22:21:35.064+0500] {logging_mixin.py:188} INFO - [2025-11-20T22:21:35.063+0500] {dagbag.py:545} INFO - Filling up the DagBag from /mnt/c/Users/Raj/OneDrive - Åbo Akademi O365/banking/venv/lib/python3.12/site-packages/airflow/example_dags/tutorial_objectstorage.py
[2025-11-20T22:21:35.102+0500] {processor.py:840} INFO - DAG(s) 'tutorial_objectstorage' retrieved from /mnt/c/Users/Raj/OneDrive - Åbo Akademi O365/banking/venv/lib/python3.12/site-packages/airflow/example_dags/tutorial_objectstorage.py
[2025-11-20T22:21:35.139+0500] {logging_mixin.py:188} INFO - [2025-11-20T22:21:35.137+0500] {dag.py:3096} INFO - Sync 1 DAGs
[2025-11-20T22:21:35.163+0500] {logging_mixin.py:188} INFO - [2025-11-20T22:21:35.162+0500] {dag.py:3954} INFO - Setting next_dagrun for tutorial_objectstorage to None, run_after=None
[2025-11-20T22:21:35.257+0500] {processor.py:183} INFO - Processing /mnt/c/Users/Raj/OneDrive - Åbo Akademi O365/banking/venv/lib/python3.12/site-packages/airflow/example_dags/tutorial_objectstorage.py took 0.222 seconds
[2025-11-20T22:22:47.917+0500] {processor.py:161} INFO - Started process (PID=2121) to work on /mnt/c/Users/Raj/OneDrive - Åbo Akademi O365/banking/venv/lib/python3.12/site-packages/airflow/example_dags/tutorial_objectstorage.py
[2025-11-20T22:22:47.920+0500] {processor.py:830} INFO - Processing file /mnt/c/Users/Raj/OneDrive - Åbo Akademi O365/banking/venv/lib/python3.12/site-packages/airflow/example_dags/tutorial_objectstorage.py for tasks to queue
[2025-11-20T22:22:47.924+0500] {logging_mixin.py:188} INFO - [2025-11-20T22:22:47.922+0500] {dagbag.py:545} INFO - Filling up the DagBag from /mnt/c/Users/Raj/OneDrive - Åbo Akademi O365/banking/venv/lib/python3.12/site-packages/airflow/example_dags/tutorial_objectstorage.py
[2025-11-20T22:22:47.954+0500] {processor.py:840} INFO - DAG(s) 'tutorial_objectstorage' retrieved from /mnt/c/Users/Raj/OneDrive - Åbo Akademi O365/banking/venv/lib/python3.12/site-packages/airflow/example_dags/tutorial_objectstorage.py
[2025-11-20T22:22:47.991+0500] {logging_mixin.py:188} INFO - [2025-11-20T22:22:47.990+0500] {dag.py:3096} INFO - Sync 1 DAGs
[2025-11-20T22:22:48.007+0500] {logging_mixin.py:188} INFO - [2025-11-20T22:22:48.006+0500] {dag.py:3954} INFO - Setting next_dagrun for tutorial_objectstorage to None, run_after=None
[2025-11-20T22:22:48.089+0500] {processor.py:183} INFO - Processing /mnt/c/Users/Raj/OneDrive - Åbo Akademi O365/banking/venv/lib/python3.12/site-packages/airflow/example_dags/tutorial_objectstorage.py took 0.191 seconds
[2025-11-20T22:24:06.249+0500] {processor.py:161} INFO - Started process (PID=2182) to work on /mnt/c/Users/Raj/OneDrive - Åbo Akademi O365/banking/venv/lib/python3.12/site-packages/airflow/example_dags/tutorial_objectstorage.py
[2025-11-20T22:24:06.252+0500] {processor.py:830} INFO - Processing file /mnt/c/Users/Raj/OneDrive - Åbo Akademi O365/banking/venv/lib/python3.12/site-packages/airflow/example_dags/tutorial_objectstorage.py for tasks to queue
[2025-11-20T22:24:06.255+0500] {logging_mixin.py:188} INFO - [2025-11-20T22:24:06.254+0500] {dagbag.py:545} INFO - Filling up the DagBag from /mnt/c/Users/Raj/OneDrive - Åbo Akademi O365/banking/venv/lib/python3.12/site-packages/airflow/example_dags/tutorial_objectstorage.py
[2025-11-20T22:24:06.300+0500] {processor.py:840} INFO - DAG(s) 'tutorial_objectstorage' retrieved from /mnt/c/Users/Raj/OneDrive - Åbo Akademi O365/banking/venv/lib/python3.12/site-packages/airflow/example_dags/tutorial_objectstorage.py
[2025-11-20T22:24:06.352+0500] {logging_mixin.py:188} INFO - [2025-11-20T22:24:06.350+0500] {dag.py:3096} INFO - Sync 1 DAGs
[2025-11-20T22:24:06.377+0500] {logging_mixin.py:188} INFO - [2025-11-20T22:24:06.375+0500] {dag.py:3954} INFO - Setting next_dagrun for tutorial_objectstorage to None, run_after=None
[2025-11-20T22:24:06.482+0500] {processor.py:183} INFO - Processing /mnt/c/Users/Raj/OneDrive - Åbo Akademi O365/banking/venv/lib/python3.12/site-packages/airflow/example_dags/tutorial_objectstorage.py took 0.254 seconds
[2025-11-20T22:24:50.590+0500] {processor.py:161} INFO - Started process (PID=2229) to work on /mnt/c/Users/Raj/OneDrive - Åbo Akademi O365/banking/venv/lib/python3.12/site-packages/airflow/example_dags/tutorial_objectstorage.py
[2025-11-20T22:24:50.594+0500] {processor.py:830} INFO - Processing file /mnt/c/Users/Raj/OneDrive - Åbo Akademi O365/banking/venv/lib/python3.12/site-packages/airflow/example_dags/tutorial_objectstorage.py for tasks to queue
[2025-11-20T22:24:50.602+0500] {logging_mixin.py:188} INFO - [2025-11-20T22:24:50.600+0500] {dagbag.py:545} INFO - Filling up the DagBag from /mnt/c/Users/Raj/OneDrive - Åbo Akademi O365/banking/venv/lib/python3.12/site-packages/airflow/example_dags/tutorial_objectstorage.py
[2025-11-20T22:24:50.648+0500] {processor.py:840} INFO - DAG(s) 'tutorial_objectstorage' retrieved from /mnt/c/Users/Raj/OneDrive - Åbo Akademi O365/banking/venv/lib/python3.12/site-packages/airflow/example_dags/tutorial_objectstorage.py
[2025-11-20T22:24:50.712+0500] {logging_mixin.py:188} INFO - [2025-11-20T22:24:50.710+0500] {dag.py:3096} INFO - Sync 1 DAGs
[2025-11-20T22:24:50.742+0500] {logging_mixin.py:188} INFO - [2025-11-20T22:24:50.740+0500] {dag.py:3954} INFO - Setting next_dagrun for tutorial_objectstorage to None, run_after=None
[2025-11-20T22:24:50.862+0500] {processor.py:183} INFO - Processing /mnt/c/Users/Raj/OneDrive - Åbo Akademi O365/banking/venv/lib/python3.12/site-packages/airflow/example_dags/tutorial_objectstorage.py took 0.297 seconds
[2025-11-20T22:25:40.096+0500] {processor.py:161} INFO - Started process (PID=2288) to work on /mnt/c/Users/Raj/OneDrive - Åbo Akademi O365/banking/venv/lib/python3.12/site-packages/airflow/example_dags/tutorial_objectstorage.py
[2025-11-20T22:25:40.099+0500] {processor.py:830} INFO - Processing file /mnt/c/Users/Raj/OneDrive - Åbo Akademi O365/banking/venv/lib/python3.12/site-packages/airflow/example_dags/tutorial_objectstorage.py for tasks to queue
[2025-11-20T22:25:40.104+0500] {logging_mixin.py:188} INFO - [2025-11-20T22:25:40.102+0500] {dagbag.py:545} INFO - Filling up the DagBag from /mnt/c/Users/Raj/OneDrive - Åbo Akademi O365/banking/venv/lib/python3.12/site-packages/airflow/example_dags/tutorial_objectstorage.py
[2025-11-20T22:25:40.147+0500] {processor.py:840} INFO - DAG(s) 'tutorial_objectstorage' retrieved from /mnt/c/Users/Raj/OneDrive - Åbo Akademi O365/banking/venv/lib/python3.12/site-packages/airflow/example_dags/tutorial_objectstorage.py
[2025-11-20T22:25:40.196+0500] {logging_mixin.py:188} INFO - [2025-11-20T22:25:40.195+0500] {dag.py:3096} INFO - Sync 1 DAGs
[2025-11-20T22:25:40.223+0500] {logging_mixin.py:188} INFO - [2025-11-20T22:25:40.222+0500] {dag.py:3954} INFO - Setting next_dagrun for tutorial_objectstorage to None, run_after=None
[2025-11-20T22:25:40.323+0500] {processor.py:183} INFO - Processing /mnt/c/Users/Raj/OneDrive - Åbo Akademi O365/banking/venv/lib/python3.12/site-packages/airflow/example_dags/tutorial_objectstorage.py took 0.261 seconds
[2025-11-20T22:26:44.312+0500] {processor.py:161} INFO - Started process (PID=2319) to work on /mnt/c/Users/Raj/OneDrive - Åbo Akademi O365/banking/venv/lib/python3.12/site-packages/airflow/example_dags/tutorial_objectstorage.py
[2025-11-20T22:26:44.315+0500] {processor.py:830} INFO - Processing file /mnt/c/Users/Raj/OneDrive - Åbo Akademi O365/banking/venv/lib/python3.12/site-packages/airflow/example_dags/tutorial_objectstorage.py for tasks to queue
[2025-11-20T22:26:44.332+0500] {logging_mixin.py:188} INFO - [2025-11-20T22:26:44.327+0500] {dagbag.py:545} INFO - Filling up the DagBag from /mnt/c/Users/Raj/OneDrive - Åbo Akademi O365/banking/venv/lib/python3.12/site-packages/airflow/example_dags/tutorial_objectstorage.py
[2025-11-20T22:26:44.390+0500] {processor.py:840} INFO - DAG(s) 'tutorial_objectstorage' retrieved from /mnt/c/Users/Raj/OneDrive - Åbo Akademi O365/banking/venv/lib/python3.12/site-packages/airflow/example_dags/tutorial_objectstorage.py
[2025-11-20T22:26:44.518+0500] {logging_mixin.py:188} INFO - [2025-11-20T22:26:44.515+0500] {dag.py:3096} INFO - Sync 1 DAGs
[2025-11-20T22:26:44.576+0500] {logging_mixin.py:188} INFO - [2025-11-20T22:26:44.574+0500] {dag.py:3954} INFO - Setting next_dagrun for tutorial_objectstorage to None, run_after=None
[2025-11-20T22:26:44.750+0500] {processor.py:183} INFO - Processing /mnt/c/Users/Raj/OneDrive - Åbo Akademi O365/banking/venv/lib/python3.12/site-packages/airflow/example_dags/tutorial_objectstorage.py took 0.493 seconds
[2025-11-20T22:28:01.864+0500] {processor.py:161} INFO - Started process (PID=2359) to work on /mnt/c/Users/Raj/OneDrive - Åbo Akademi O365/banking/venv/lib/python3.12/site-packages/airflow/example_dags/tutorial_objectstorage.py
[2025-11-20T22:28:01.894+0500] {processor.py:830} INFO - Processing file /mnt/c/Users/Raj/OneDrive - Åbo Akademi O365/banking/venv/lib/python3.12/site-packages/airflow/example_dags/tutorial_objectstorage.py for tasks to queue
[2025-11-20T22:28:01.901+0500] {logging_mixin.py:188} INFO - [2025-11-20T22:28:01.897+0500] {dagbag.py:545} INFO - Filling up the DagBag from /mnt/c/Users/Raj/OneDrive - Åbo Akademi O365/banking/venv/lib/python3.12/site-packages/airflow/example_dags/tutorial_objectstorage.py
[2025-11-20T22:28:02.012+0500] {processor.py:840} INFO - DAG(s) 'tutorial_objectstorage' retrieved from /mnt/c/Users/Raj/OneDrive - Åbo Akademi O365/banking/venv/lib/python3.12/site-packages/airflow/example_dags/tutorial_objectstorage.py
[2025-11-20T22:28:02.233+0500] {logging_mixin.py:188} INFO - [2025-11-20T22:28:02.230+0500] {dag.py:3096} INFO - Sync 1 DAGs
[2025-11-20T22:28:02.322+0500] {logging_mixin.py:188} INFO - [2025-11-20T22:28:02.320+0500] {dag.py:3954} INFO - Setting next_dagrun for tutorial_objectstorage to None, run_after=None
[2025-11-20T22:28:02.552+0500] {processor.py:183} INFO - Processing /mnt/c/Users/Raj/OneDrive - Åbo Akademi O365/banking/venv/lib/python3.12/site-packages/airflow/example_dags/tutorial_objectstorage.py took 0.742 seconds
[2025-11-20T22:29:14.890+0500] {processor.py:161} INFO - Started process (PID=2421) to work on /mnt/c/Users/Raj/OneDrive - Åbo Akademi O365/banking/venv/lib/python3.12/site-packages/airflow/example_dags/tutorial_objectstorage.py
[2025-11-20T22:29:14.895+0500] {processor.py:830} INFO - Processing file /mnt/c/Users/Raj/OneDrive - Åbo Akademi O365/banking/venv/lib/python3.12/site-packages/airflow/example_dags/tutorial_objectstorage.py for tasks to queue
[2025-11-20T22:29:14.908+0500] {logging_mixin.py:188} INFO - [2025-11-20T22:29:14.899+0500] {dagbag.py:545} INFO - Filling up the DagBag from /mnt/c/Users/Raj/OneDrive - Åbo Akademi O365/banking/venv/lib/python3.12/site-packages/airflow/example_dags/tutorial_objectstorage.py
[2025-11-20T22:29:15.019+0500] {processor.py:840} INFO - DAG(s) 'tutorial_objectstorage' retrieved from /mnt/c/Users/Raj/OneDrive - Åbo Akademi O365/banking/venv/lib/python3.12/site-packages/airflow/example_dags/tutorial_objectstorage.py
[2025-11-20T22:29:15.148+0500] {logging_mixin.py:188} INFO - [2025-11-20T22:29:15.138+0500] {dag.py:3096} INFO - Sync 1 DAGs
[2025-11-20T22:29:15.229+0500] {logging_mixin.py:188} INFO - [2025-11-20T22:29:15.202+0500] {dag.py:3954} INFO - Setting next_dagrun for tutorial_objectstorage to None, run_after=None
[2025-11-20T22:29:15.503+0500] {processor.py:183} INFO - Processing /mnt/c/Users/Raj/OneDrive - Åbo Akademi O365/banking/venv/lib/python3.12/site-packages/airflow/example_dags/tutorial_objectstorage.py took 0.704 seconds
[2025-11-20T22:30:32.473+0500] {processor.py:161} INFO - Started process (PID=2459) to work on /mnt/c/Users/Raj/OneDrive - Åbo Akademi O365/banking/venv/lib/python3.12/site-packages/airflow/example_dags/tutorial_objectstorage.py
[2025-11-20T22:30:32.480+0500] {processor.py:830} INFO - Processing file /mnt/c/Users/Raj/OneDrive - Åbo Akademi O365/banking/venv/lib/python3.12/site-packages/airflow/example_dags/tutorial_objectstorage.py for tasks to queue
[2025-11-20T22:30:32.493+0500] {logging_mixin.py:188} INFO - [2025-11-20T22:30:32.488+0500] {dagbag.py:545} INFO - Filling up the DagBag from /mnt/c/Users/Raj/OneDrive - Åbo Akademi O365/banking/venv/lib/python3.12/site-packages/airflow/example_dags/tutorial_objectstorage.py
[2025-11-20T22:30:32.941+0500] {logging_mixin.py:188} INFO - [2025-11-20T22:30:32.886+0500] {dagbag.py:355} ERROR - Failed to import: /mnt/c/Users/Raj/OneDrive - Åbo Akademi O365/banking/venv/lib/python3.12/site-packages/airflow/example_dags/tutorial_objectstorage.py
Traceback (most recent call last):
  File "/mnt/c/Users/Raj/OneDrive - Åbo Akademi O365/banking/venv/lib/python3.12/site-packages/airflow/models/dagbag.py", line 351, in parse
    dag_id,
  File "<frozen importlib._bootstrap_external>", line 995, in exec_module
  File "<frozen importlib._bootstrap>", line 488, in _call_with_frames_removed
  File "/mnt/c/Users/Raj/OneDrive - Åbo Akademi O365/banking/venv/lib/python3.12/site-packages/airflow/example_dags/tutorial_objectstorage.py", line 28, in <module>
    from airflow.sdk import ObjectStoragePath, dag, task
  File "/mnt/c/Users/Raj/OneDrive - Åbo Akademi O365/banking/venv/lib/python3.12/site-packages/airflow/sdk/__init__.py", line 134, in __getattr__
    mod = importlib.import_module(module_path, __name__)
          ^^^^^^^^^^^^^^^^^^^^^^^^^^^^^^^^^^^^^^^^^^^^^^
  File "/usr/lib/python3.12/importlib/__init__.py", line 90, in import_module
    return _bootstrap._gcd_import(name[level:], package, level)
           ^^^^^^^^^^^^^^^^^^^^^^^^^^^^^^^^^^^^^^^^^^^^^^^^^^^^
  File "/mnt/c/Users/Raj/OneDrive - Åbo Akademi O365/banking/venv/lib/python3.12/site-packages/airflow/sdk/definitions/dag.py", line 40, in <module>
    from airflow.exceptions import (
ImportError: cannot import name 'RemovedInAirflow4Warning' from 'airflow.exceptions' (/mnt/c/Users/Raj/OneDrive - Åbo Akademi O365/banking/venv/lib/python3.12/site-packages/airflow/exceptions.py)
[2025-11-20T22:30:32.955+0500] {processor.py:842} WARNING - No viable dags retrieved from /mnt/c/Users/Raj/OneDrive - Åbo Akademi O365/banking/venv/lib/python3.12/site-packages/airflow/example_dags/tutorial_objectstorage.py
[2025-11-20T22:30:33.062+0500] {processor.py:183} INFO - Processing /mnt/c/Users/Raj/OneDrive - Åbo Akademi O365/banking/venv/lib/python3.12/site-packages/airflow/example_dags/tutorial_objectstorage.py took 0.711 seconds
[2025-11-20T22:31:54.842+0500] {processor.py:161} INFO - Started process (PID=2504) to work on /mnt/c/Users/Raj/OneDrive - Åbo Akademi O365/banking/venv/lib/python3.12/site-packages/airflow/example_dags/tutorial_objectstorage.py
[2025-11-20T22:31:54.848+0500] {processor.py:830} INFO - Processing file /mnt/c/Users/Raj/OneDrive - Åbo Akademi O365/banking/venv/lib/python3.12/site-packages/airflow/example_dags/tutorial_objectstorage.py for tasks to queue
[2025-11-20T22:31:54.856+0500] {logging_mixin.py:188} INFO - [2025-11-20T22:31:54.852+0500] {dagbag.py:545} INFO - Filling up the DagBag from /mnt/c/Users/Raj/OneDrive - Åbo Akademi O365/banking/venv/lib/python3.12/site-packages/airflow/example_dags/tutorial_objectstorage.py
[2025-11-20T22:31:55.112+0500] {logging_mixin.py:188} INFO - [2025-11-20T22:31:55.068+0500] {dagbag.py:355} ERROR - Failed to import: /mnt/c/Users/Raj/OneDrive - Åbo Akademi O365/banking/venv/lib/python3.12/site-packages/airflow/example_dags/tutorial_objectstorage.py
Traceback (most recent call last):
  File "/mnt/c/Users/Raj/OneDrive - Åbo Akademi O365/banking/venv/lib/python3.12/site-packages/airflow/models/dagbag.py", line 351, in parse
    dag_id,
  File "<frozen importlib._bootstrap_external>", line 995, in exec_module
  File "<frozen importlib._bootstrap>", line 488, in _call_with_frames_removed
  File "/mnt/c/Users/Raj/OneDrive - Åbo Akademi O365/banking/venv/lib/python3.12/site-packages/airflow/example_dags/tutorial_objectstorage.py", line 28, in <module>
    from airflow.sdk import ObjectStoragePath, dag, task
  File "/mnt/c/Users/Raj/OneDrive - Åbo Akademi O365/banking/venv/lib/python3.12/site-packages/airflow/sdk/__init__.py", line 134, in __getattr__
    mod = importlib.import_module(module_path, __name__)
          ^^^^^^^^^^^^^^^^^^^^^^^^^^^^^^^^^^^^^^^^^^^^^^
  File "/usr/lib/python3.12/importlib/__init__.py", line 90, in import_module
    return _bootstrap._gcd_import(name[level:], package, level)
           ^^^^^^^^^^^^^^^^^^^^^^^^^^^^^^^^^^^^^^^^^^^^^^^^^^^^
  File "/mnt/c/Users/Raj/OneDrive - Åbo Akademi O365/banking/venv/lib/python3.12/site-packages/airflow/sdk/definitions/dag.py", line 40, in <module>
    from airflow.exceptions import (
ImportError: cannot import name 'RemovedInAirflow4Warning' from 'airflow.exceptions' (/mnt/c/Users/Raj/OneDrive - Åbo Akademi O365/banking/venv/lib/python3.12/site-packages/airflow/exceptions.py)
[2025-11-20T22:31:55.121+0500] {processor.py:842} WARNING - No viable dags retrieved from /mnt/c/Users/Raj/OneDrive - Åbo Akademi O365/banking/venv/lib/python3.12/site-packages/airflow/example_dags/tutorial_objectstorage.py
[2025-11-20T22:31:55.201+0500] {processor.py:183} INFO - Processing /mnt/c/Users/Raj/OneDrive - Åbo Akademi O365/banking/venv/lib/python3.12/site-packages/airflow/example_dags/tutorial_objectstorage.py took 0.403 seconds
