[2025-11-20T20:34:45.984+0500] {processor.py:161} INFO - Started process (PID=11812) to work on /mnt/c/Users/Raj/OneDrive - Åbo Akademi O365/banking/venv/lib/python3.12/site-packages/airflow/example_dags/tutorial_dag.py
[2025-11-20T20:34:45.987+0500] {processor.py:830} INFO - Processing file /mnt/c/Users/Raj/OneDrive - Åbo Akademi O365/banking/venv/lib/python3.12/site-packages/airflow/example_dags/tutorial_dag.py for tasks to queue
[2025-11-20T20:34:45.991+0500] {logging_mixin.py:188} INFO - [2025-11-20T20:34:45.990+0500] {dagbag.py:545} INFO - Filling up the DagBag from /mnt/c/Users/Raj/OneDrive - Åbo Akademi O365/banking/venv/lib/python3.12/site-packages/airflow/example_dags/tutorial_dag.py
[2025-11-20T20:34:46.260+0500] {processor.py:840} INFO - DAG(s) 'tutorial_dag' retrieved from /mnt/c/Users/Raj/OneDrive - Åbo Akademi O365/banking/venv/lib/python3.12/site-packages/airflow/example_dags/tutorial_dag.py
[2025-11-20T20:34:49.244+0500] {logging_mixin.py:188} INFO - [2025-11-20T20:34:49.240+0500] {override.py:1829} INFO - Created Permission View: can delete on DAG:tutorial_dag
[2025-11-20T20:34:49.311+0500] {logging_mixin.py:188} INFO - [2025-11-20T20:34:49.309+0500] {override.py:1829} INFO - Created Permission View: can read on DAG:tutorial_dag
[2025-11-20T20:34:49.365+0500] {logging_mixin.py:188} INFO - [2025-11-20T20:34:49.363+0500] {override.py:1829} INFO - Created Permission View: can edit on DAG:tutorial_dag
[2025-11-20T20:34:49.369+0500] {logging_mixin.py:188} INFO - [2025-11-20T20:34:49.367+0500] {dag.py:3096} INFO - Sync 1 DAGs
[2025-11-20T20:34:49.405+0500] {logging_mixin.py:188} INFO - [2025-11-20T20:34:49.403+0500] {dag.py:3118} INFO - Creating ORM DAG for tutorial_dag
[2025-11-20T20:34:49.409+0500] {logging_mixin.py:188} INFO - [2025-11-20T20:34:49.407+0500] {dag.py:3954} INFO - Setting next_dagrun for tutorial_dag to None, run_after=None
[2025-11-20T20:34:49.616+0500] {processor.py:183} INFO - Processing /mnt/c/Users/Raj/OneDrive - Åbo Akademi O365/banking/venv/lib/python3.12/site-packages/airflow/example_dags/tutorial_dag.py took 3.648 seconds
[2025-11-20T20:37:25.468+0500] {processor.py:161} INFO - Started process (PID=12372) to work on /mnt/c/Users/Raj/OneDrive - Åbo Akademi O365/banking/venv/lib/python3.12/site-packages/airflow/example_dags/tutorial_dag.py
[2025-11-20T20:37:25.471+0500] {processor.py:830} INFO - Processing file /mnt/c/Users/Raj/OneDrive - Åbo Akademi O365/banking/venv/lib/python3.12/site-packages/airflow/example_dags/tutorial_dag.py for tasks to queue
[2025-11-20T20:37:25.476+0500] {logging_mixin.py:188} INFO - [2025-11-20T20:37:25.474+0500] {dagbag.py:545} INFO - Filling up the DagBag from /mnt/c/Users/Raj/OneDrive - Åbo Akademi O365/banking/venv/lib/python3.12/site-packages/airflow/example_dags/tutorial_dag.py
[2025-11-20T20:37:25.503+0500] {processor.py:840} INFO - DAG(s) 'tutorial_dag' retrieved from /mnt/c/Users/Raj/OneDrive - Åbo Akademi O365/banking/venv/lib/python3.12/site-packages/airflow/example_dags/tutorial_dag.py
[2025-11-20T20:37:25.547+0500] {logging_mixin.py:188} INFO - [2025-11-20T20:37:25.545+0500] {dag.py:3096} INFO - Sync 1 DAGs
[2025-11-20T20:37:25.572+0500] {logging_mixin.py:188} INFO - [2025-11-20T20:37:25.571+0500] {dag.py:3954} INFO - Setting next_dagrun for tutorial_dag to None, run_after=None
[2025-11-20T20:37:25.674+0500] {processor.py:183} INFO - Processing /mnt/c/Users/Raj/OneDrive - Åbo Akademi O365/banking/venv/lib/python3.12/site-packages/airflow/example_dags/tutorial_dag.py took 0.225 seconds
[2025-11-20T20:38:23.612+0500] {processor.py:161} INFO - Started process (PID=12558) to work on /mnt/c/Users/Raj/OneDrive - Åbo Akademi O365/banking/venv/lib/python3.12/site-packages/airflow/example_dags/tutorial_dag.py
[2025-11-20T20:38:23.615+0500] {processor.py:830} INFO - Processing file /mnt/c/Users/Raj/OneDrive - Åbo Akademi O365/banking/venv/lib/python3.12/site-packages/airflow/example_dags/tutorial_dag.py for tasks to queue
[2025-11-20T20:38:23.620+0500] {logging_mixin.py:188} INFO - [2025-11-20T20:38:23.618+0500] {dagbag.py:545} INFO - Filling up the DagBag from /mnt/c/Users/Raj/OneDrive - Åbo Akademi O365/banking/venv/lib/python3.12/site-packages/airflow/example_dags/tutorial_dag.py
[2025-11-20T20:38:23.646+0500] {processor.py:840} INFO - DAG(s) 'tutorial_dag' retrieved from /mnt/c/Users/Raj/OneDrive - Åbo Akademi O365/banking/venv/lib/python3.12/site-packages/airflow/example_dags/tutorial_dag.py
[2025-11-20T20:38:23.684+0500] {logging_mixin.py:188} INFO - [2025-11-20T20:38:23.683+0500] {dag.py:3096} INFO - Sync 1 DAGs
[2025-11-20T20:38:23.703+0500] {logging_mixin.py:188} INFO - [2025-11-20T20:38:23.701+0500] {dag.py:3954} INFO - Setting next_dagrun for tutorial_dag to None, run_after=None
[2025-11-20T20:38:23.787+0500] {processor.py:183} INFO - Processing /mnt/c/Users/Raj/OneDrive - Åbo Akademi O365/banking/venv/lib/python3.12/site-packages/airflow/example_dags/tutorial_dag.py took 0.193 seconds
[2025-11-20T20:39:04.555+0500] {processor.py:161} INFO - Started process (PID=12700) to work on /mnt/c/Users/Raj/OneDrive - Åbo Akademi O365/banking/venv/lib/python3.12/site-packages/airflow/example_dags/tutorial_dag.py
[2025-11-20T20:39:04.558+0500] {processor.py:830} INFO - Processing file /mnt/c/Users/Raj/OneDrive - Åbo Akademi O365/banking/venv/lib/python3.12/site-packages/airflow/example_dags/tutorial_dag.py for tasks to queue
[2025-11-20T20:39:04.564+0500] {logging_mixin.py:188} INFO - [2025-11-20T20:39:04.562+0500] {dagbag.py:545} INFO - Filling up the DagBag from /mnt/c/Users/Raj/OneDrive - Åbo Akademi O365/banking/venv/lib/python3.12/site-packages/airflow/example_dags/tutorial_dag.py
[2025-11-20T20:39:04.599+0500] {processor.py:840} INFO - DAG(s) 'tutorial_dag' retrieved from /mnt/c/Users/Raj/OneDrive - Åbo Akademi O365/banking/venv/lib/python3.12/site-packages/airflow/example_dags/tutorial_dag.py
[2025-11-20T20:39:04.643+0500] {logging_mixin.py:188} INFO - [2025-11-20T20:39:04.642+0500] {dag.py:3096} INFO - Sync 1 DAGs
[2025-11-20T20:39:04.670+0500] {logging_mixin.py:188} INFO - [2025-11-20T20:39:04.668+0500] {dag.py:3954} INFO - Setting next_dagrun for tutorial_dag to None, run_after=None
[2025-11-20T20:39:04.766+0500] {processor.py:183} INFO - Processing /mnt/c/Users/Raj/OneDrive - Åbo Akademi O365/banking/venv/lib/python3.12/site-packages/airflow/example_dags/tutorial_dag.py took 0.233 seconds
[2025-11-20T20:39:46.506+0500] {processor.py:161} INFO - Started process (PID=12859) to work on /mnt/c/Users/Raj/OneDrive - Åbo Akademi O365/banking/venv/lib/python3.12/site-packages/airflow/example_dags/tutorial_dag.py
[2025-11-20T20:39:46.509+0500] {processor.py:830} INFO - Processing file /mnt/c/Users/Raj/OneDrive - Åbo Akademi O365/banking/venv/lib/python3.12/site-packages/airflow/example_dags/tutorial_dag.py for tasks to queue
[2025-11-20T20:39:46.514+0500] {logging_mixin.py:188} INFO - [2025-11-20T20:39:46.513+0500] {dagbag.py:545} INFO - Filling up the DagBag from /mnt/c/Users/Raj/OneDrive - Åbo Akademi O365/banking/venv/lib/python3.12/site-packages/airflow/example_dags/tutorial_dag.py
[2025-11-20T20:39:46.549+0500] {processor.py:840} INFO - DAG(s) 'tutorial_dag' retrieved from /mnt/c/Users/Raj/OneDrive - Åbo Akademi O365/banking/venv/lib/python3.12/site-packages/airflow/example_dags/tutorial_dag.py
[2025-11-20T20:39:46.596+0500] {logging_mixin.py:188} INFO - [2025-11-20T20:39:46.594+0500] {dag.py:3096} INFO - Sync 1 DAGs
[2025-11-20T20:39:46.622+0500] {logging_mixin.py:188} INFO - [2025-11-20T20:39:46.620+0500] {dag.py:3954} INFO - Setting next_dagrun for tutorial_dag to None, run_after=None
[2025-11-20T20:39:46.733+0500] {processor.py:183} INFO - Processing /mnt/c/Users/Raj/OneDrive - Åbo Akademi O365/banking/venv/lib/python3.12/site-packages/airflow/example_dags/tutorial_dag.py took 0.252 seconds
[2025-11-20T20:41:03.012+0500] {processor.py:161} INFO - Started process (PID=13115) to work on /mnt/c/Users/Raj/OneDrive - Åbo Akademi O365/banking/venv/lib/python3.12/site-packages/airflow/example_dags/tutorial_dag.py
[2025-11-20T20:41:03.015+0500] {processor.py:830} INFO - Processing file /mnt/c/Users/Raj/OneDrive - Åbo Akademi O365/banking/venv/lib/python3.12/site-packages/airflow/example_dags/tutorial_dag.py for tasks to queue
[2025-11-20T20:41:03.020+0500] {logging_mixin.py:188} INFO - [2025-11-20T20:41:03.018+0500] {dagbag.py:545} INFO - Filling up the DagBag from /mnt/c/Users/Raj/OneDrive - Åbo Akademi O365/banking/venv/lib/python3.12/site-packages/airflow/example_dags/tutorial_dag.py
[2025-11-20T20:41:03.055+0500] {processor.py:840} INFO - DAG(s) 'tutorial_dag' retrieved from /mnt/c/Users/Raj/OneDrive - Åbo Akademi O365/banking/venv/lib/python3.12/site-packages/airflow/example_dags/tutorial_dag.py
[2025-11-20T20:41:03.096+0500] {logging_mixin.py:188} INFO - [2025-11-20T20:41:03.095+0500] {dag.py:3096} INFO - Sync 1 DAGs
[2025-11-20T20:41:03.115+0500] {logging_mixin.py:188} INFO - [2025-11-20T20:41:03.114+0500] {dag.py:3954} INFO - Setting next_dagrun for tutorial_dag to None, run_after=None
[2025-11-20T20:41:03.216+0500] {processor.py:183} INFO - Processing /mnt/c/Users/Raj/OneDrive - Åbo Akademi O365/banking/venv/lib/python3.12/site-packages/airflow/example_dags/tutorial_dag.py took 0.224 seconds
[2025-11-20T20:42:20.857+0500] {processor.py:161} INFO - Started process (PID=13376) to work on /mnt/c/Users/Raj/OneDrive - Åbo Akademi O365/banking/venv/lib/python3.12/site-packages/airflow/example_dags/tutorial_dag.py
[2025-11-20T20:42:20.860+0500] {processor.py:830} INFO - Processing file /mnt/c/Users/Raj/OneDrive - Åbo Akademi O365/banking/venv/lib/python3.12/site-packages/airflow/example_dags/tutorial_dag.py for tasks to queue
[2025-11-20T20:42:20.865+0500] {logging_mixin.py:188} INFO - [2025-11-20T20:42:20.863+0500] {dagbag.py:545} INFO - Filling up the DagBag from /mnt/c/Users/Raj/OneDrive - Åbo Akademi O365/banking/venv/lib/python3.12/site-packages/airflow/example_dags/tutorial_dag.py
[2025-11-20T20:42:20.902+0500] {processor.py:840} INFO - DAG(s) 'tutorial_dag' retrieved from /mnt/c/Users/Raj/OneDrive - Åbo Akademi O365/banking/venv/lib/python3.12/site-packages/airflow/example_dags/tutorial_dag.py
[2025-11-20T20:42:20.949+0500] {logging_mixin.py:188} INFO - [2025-11-20T20:42:20.948+0500] {dag.py:3096} INFO - Sync 1 DAGs
[2025-11-20T20:42:20.972+0500] {logging_mixin.py:188} INFO - [2025-11-20T20:42:20.970+0500] {dag.py:3954} INFO - Setting next_dagrun for tutorial_dag to None, run_after=None
[2025-11-20T20:42:21.089+0500] {processor.py:183} INFO - Processing /mnt/c/Users/Raj/OneDrive - Åbo Akademi O365/banking/venv/lib/python3.12/site-packages/airflow/example_dags/tutorial_dag.py took 0.251 seconds
[2025-11-20T20:43:40.744+0500] {processor.py:161} INFO - Started process (PID=13644) to work on /mnt/c/Users/Raj/OneDrive - Åbo Akademi O365/banking/venv/lib/python3.12/site-packages/airflow/example_dags/tutorial_dag.py
[2025-11-20T20:43:40.747+0500] {processor.py:830} INFO - Processing file /mnt/c/Users/Raj/OneDrive - Åbo Akademi O365/banking/venv/lib/python3.12/site-packages/airflow/example_dags/tutorial_dag.py for tasks to queue
[2025-11-20T20:43:40.752+0500] {logging_mixin.py:188} INFO - [2025-11-20T20:43:40.750+0500] {dagbag.py:545} INFO - Filling up the DagBag from /mnt/c/Users/Raj/OneDrive - Åbo Akademi O365/banking/venv/lib/python3.12/site-packages/airflow/example_dags/tutorial_dag.py
[2025-11-20T20:43:40.789+0500] {processor.py:840} INFO - DAG(s) 'tutorial_dag' retrieved from /mnt/c/Users/Raj/OneDrive - Åbo Akademi O365/banking/venv/lib/python3.12/site-packages/airflow/example_dags/tutorial_dag.py
[2025-11-20T20:43:40.838+0500] {logging_mixin.py:188} INFO - [2025-11-20T20:43:40.836+0500] {dag.py:3096} INFO - Sync 1 DAGs
[2025-11-20T20:43:40.859+0500] {logging_mixin.py:188} INFO - [2025-11-20T20:43:40.857+0500] {dag.py:3954} INFO - Setting next_dagrun for tutorial_dag to None, run_after=None
[2025-11-20T20:43:41.026+0500] {processor.py:183} INFO - Processing /mnt/c/Users/Raj/OneDrive - Åbo Akademi O365/banking/venv/lib/python3.12/site-packages/airflow/example_dags/tutorial_dag.py took 0.303 seconds
[2025-11-20T20:44:23.229+0500] {processor.py:161} INFO - Started process (PID=13817) to work on /mnt/c/Users/Raj/OneDrive - Åbo Akademi O365/banking/venv/lib/python3.12/site-packages/airflow/example_dags/tutorial_dag.py
[2025-11-20T20:44:23.232+0500] {processor.py:830} INFO - Processing file /mnt/c/Users/Raj/OneDrive - Åbo Akademi O365/banking/venv/lib/python3.12/site-packages/airflow/example_dags/tutorial_dag.py for tasks to queue
[2025-11-20T20:44:23.238+0500] {logging_mixin.py:188} INFO - [2025-11-20T20:44:23.236+0500] {dagbag.py:545} INFO - Filling up the DagBag from /mnt/c/Users/Raj/OneDrive - Åbo Akademi O365/banking/venv/lib/python3.12/site-packages/airflow/example_dags/tutorial_dag.py
[2025-11-20T20:44:23.278+0500] {processor.py:840} INFO - DAG(s) 'tutorial_dag' retrieved from /mnt/c/Users/Raj/OneDrive - Åbo Akademi O365/banking/venv/lib/python3.12/site-packages/airflow/example_dags/tutorial_dag.py
[2025-11-20T20:44:23.329+0500] {logging_mixin.py:188} INFO - [2025-11-20T20:44:23.327+0500] {dag.py:3096} INFO - Sync 1 DAGs
[2025-11-20T20:44:23.359+0500] {logging_mixin.py:188} INFO - [2025-11-20T20:44:23.358+0500] {dag.py:3954} INFO - Setting next_dagrun for tutorial_dag to None, run_after=None
[2025-11-20T20:44:23.461+0500] {processor.py:183} INFO - Processing /mnt/c/Users/Raj/OneDrive - Åbo Akademi O365/banking/venv/lib/python3.12/site-packages/airflow/example_dags/tutorial_dag.py took 0.258 seconds
[2025-11-20T20:45:03.791+0500] {processor.py:161} INFO - Started process (PID=13962) to work on /mnt/c/Users/Raj/OneDrive - Åbo Akademi O365/banking/venv/lib/python3.12/site-packages/airflow/example_dags/tutorial_dag.py
[2025-11-20T20:45:03.794+0500] {processor.py:830} INFO - Processing file /mnt/c/Users/Raj/OneDrive - Åbo Akademi O365/banking/venv/lib/python3.12/site-packages/airflow/example_dags/tutorial_dag.py for tasks to queue
[2025-11-20T20:45:03.808+0500] {logging_mixin.py:188} INFO - [2025-11-20T20:45:03.802+0500] {dagbag.py:545} INFO - Filling up the DagBag from /mnt/c/Users/Raj/OneDrive - Åbo Akademi O365/banking/venv/lib/python3.12/site-packages/airflow/example_dags/tutorial_dag.py
[2025-11-20T20:45:03.848+0500] {processor.py:840} INFO - DAG(s) 'tutorial_dag' retrieved from /mnt/c/Users/Raj/OneDrive - Åbo Akademi O365/banking/venv/lib/python3.12/site-packages/airflow/example_dags/tutorial_dag.py
[2025-11-20T20:45:03.896+0500] {logging_mixin.py:188} INFO - [2025-11-20T20:45:03.894+0500] {dag.py:3096} INFO - Sync 1 DAGs
[2025-11-20T20:45:03.919+0500] {logging_mixin.py:188} INFO - [2025-11-20T20:45:03.918+0500] {dag.py:3954} INFO - Setting next_dagrun for tutorial_dag to None, run_after=None
[2025-11-20T20:45:04.025+0500] {processor.py:183} INFO - Processing /mnt/c/Users/Raj/OneDrive - Åbo Akademi O365/banking/venv/lib/python3.12/site-packages/airflow/example_dags/tutorial_dag.py took 0.264 seconds
[2025-11-20T20:45:46.172+0500] {processor.py:161} INFO - Started process (PID=14102) to work on /mnt/c/Users/Raj/OneDrive - Åbo Akademi O365/banking/venv/lib/python3.12/site-packages/airflow/example_dags/tutorial_dag.py
[2025-11-20T20:45:46.176+0500] {processor.py:830} INFO - Processing file /mnt/c/Users/Raj/OneDrive - Åbo Akademi O365/banking/venv/lib/python3.12/site-packages/airflow/example_dags/tutorial_dag.py for tasks to queue
[2025-11-20T20:45:46.181+0500] {logging_mixin.py:188} INFO - [2025-11-20T20:45:46.179+0500] {dagbag.py:545} INFO - Filling up the DagBag from /mnt/c/Users/Raj/OneDrive - Åbo Akademi O365/banking/venv/lib/python3.12/site-packages/airflow/example_dags/tutorial_dag.py
[2025-11-20T20:45:46.212+0500] {processor.py:840} INFO - DAG(s) 'tutorial_dag' retrieved from /mnt/c/Users/Raj/OneDrive - Åbo Akademi O365/banking/venv/lib/python3.12/site-packages/airflow/example_dags/tutorial_dag.py
[2025-11-20T20:45:46.254+0500] {logging_mixin.py:188} INFO - [2025-11-20T20:45:46.253+0500] {dag.py:3096} INFO - Sync 1 DAGs
[2025-11-20T20:45:46.279+0500] {logging_mixin.py:188} INFO - [2025-11-20T20:45:46.277+0500] {dag.py:3954} INFO - Setting next_dagrun for tutorial_dag to None, run_after=None
[2025-11-20T20:45:46.379+0500] {processor.py:183} INFO - Processing /mnt/c/Users/Raj/OneDrive - Åbo Akademi O365/banking/venv/lib/python3.12/site-packages/airflow/example_dags/tutorial_dag.py took 0.226 seconds
[2025-11-20T20:46:58.724+0500] {processor.py:161} INFO - Started process (PID=14477) to work on /mnt/c/Users/Raj/OneDrive - Åbo Akademi O365/banking/venv/lib/python3.12/site-packages/airflow/example_dags/tutorial_dag.py
[2025-11-20T20:46:58.726+0500] {processor.py:830} INFO - Processing file /mnt/c/Users/Raj/OneDrive - Åbo Akademi O365/banking/venv/lib/python3.12/site-packages/airflow/example_dags/tutorial_dag.py for tasks to queue
[2025-11-20T20:46:58.730+0500] {logging_mixin.py:188} INFO - [2025-11-20T20:46:58.729+0500] {dagbag.py:545} INFO - Filling up the DagBag from /mnt/c/Users/Raj/OneDrive - Åbo Akademi O365/banking/venv/lib/python3.12/site-packages/airflow/example_dags/tutorial_dag.py
[2025-11-20T20:46:58.763+0500] {processor.py:840} INFO - DAG(s) 'tutorial_dag' retrieved from /mnt/c/Users/Raj/OneDrive - Åbo Akademi O365/banking/venv/lib/python3.12/site-packages/airflow/example_dags/tutorial_dag.py
[2025-11-20T20:46:58.802+0500] {logging_mixin.py:188} INFO - [2025-11-20T20:46:58.801+0500] {dag.py:3096} INFO - Sync 1 DAGs
[2025-11-20T20:46:58.826+0500] {logging_mixin.py:188} INFO - [2025-11-20T20:46:58.824+0500] {dag.py:3954} INFO - Setting next_dagrun for tutorial_dag to None, run_after=None
[2025-11-20T20:46:58.924+0500] {processor.py:183} INFO - Processing /mnt/c/Users/Raj/OneDrive - Åbo Akademi O365/banking/venv/lib/python3.12/site-packages/airflow/example_dags/tutorial_dag.py took 0.221 seconds
[2025-11-20T20:47:39.472+0500] {processor.py:161} INFO - Started process (PID=14650) to work on /mnt/c/Users/Raj/OneDrive - Åbo Akademi O365/banking/venv/lib/python3.12/site-packages/airflow/example_dags/tutorial_dag.py
[2025-11-20T20:47:39.476+0500] {processor.py:830} INFO - Processing file /mnt/c/Users/Raj/OneDrive - Åbo Akademi O365/banking/venv/lib/python3.12/site-packages/airflow/example_dags/tutorial_dag.py for tasks to queue
[2025-11-20T20:47:39.482+0500] {logging_mixin.py:188} INFO - [2025-11-20T20:47:39.480+0500] {dagbag.py:545} INFO - Filling up the DagBag from /mnt/c/Users/Raj/OneDrive - Åbo Akademi O365/banking/venv/lib/python3.12/site-packages/airflow/example_dags/tutorial_dag.py
[2025-11-20T20:47:39.524+0500] {processor.py:840} INFO - DAG(s) 'tutorial_dag' retrieved from /mnt/c/Users/Raj/OneDrive - Åbo Akademi O365/banking/venv/lib/python3.12/site-packages/airflow/example_dags/tutorial_dag.py
[2025-11-20T20:47:39.576+0500] {logging_mixin.py:188} INFO - [2025-11-20T20:47:39.574+0500] {dag.py:3096} INFO - Sync 1 DAGs
[2025-11-20T20:47:39.605+0500] {logging_mixin.py:188} INFO - [2025-11-20T20:47:39.603+0500] {dag.py:3954} INFO - Setting next_dagrun for tutorial_dag to None, run_after=None
[2025-11-20T20:47:39.712+0500] {processor.py:183} INFO - Processing /mnt/c/Users/Raj/OneDrive - Åbo Akademi O365/banking/venv/lib/python3.12/site-packages/airflow/example_dags/tutorial_dag.py took 0.261 seconds
[2025-11-20T20:48:56.031+0500] {processor.py:161} INFO - Started process (PID=15065) to work on /mnt/c/Users/Raj/OneDrive - Åbo Akademi O365/banking/venv/lib/python3.12/site-packages/airflow/example_dags/tutorial_dag.py
[2025-11-20T20:48:56.034+0500] {processor.py:830} INFO - Processing file /mnt/c/Users/Raj/OneDrive - Åbo Akademi O365/banking/venv/lib/python3.12/site-packages/airflow/example_dags/tutorial_dag.py for tasks to queue
[2025-11-20T20:48:56.041+0500] {logging_mixin.py:188} INFO - [2025-11-20T20:48:56.039+0500] {dagbag.py:545} INFO - Filling up the DagBag from /mnt/c/Users/Raj/OneDrive - Åbo Akademi O365/banking/venv/lib/python3.12/site-packages/airflow/example_dags/tutorial_dag.py
[2025-11-20T20:48:56.083+0500] {processor.py:840} INFO - DAG(s) 'tutorial_dag' retrieved from /mnt/c/Users/Raj/OneDrive - Åbo Akademi O365/banking/venv/lib/python3.12/site-packages/airflow/example_dags/tutorial_dag.py
[2025-11-20T20:48:56.133+0500] {logging_mixin.py:188} INFO - [2025-11-20T20:48:56.131+0500] {dag.py:3096} INFO - Sync 1 DAGs
[2025-11-20T20:48:56.158+0500] {logging_mixin.py:188} INFO - [2025-11-20T20:48:56.157+0500] {dag.py:3954} INFO - Setting next_dagrun for tutorial_dag to None, run_after=None
[2025-11-20T20:48:56.254+0500] {processor.py:183} INFO - Processing /mnt/c/Users/Raj/OneDrive - Åbo Akademi O365/banking/venv/lib/python3.12/site-packages/airflow/example_dags/tutorial_dag.py took 0.243 seconds
[2025-11-20T21:55:08.172+0500] {processor.py:161} INFO - Started process (PID=843) to work on /mnt/c/Users/Raj/OneDrive - Åbo Akademi O365/banking/venv/lib/python3.12/site-packages/airflow/example_dags/tutorial_dag.py
[2025-11-20T21:55:08.175+0500] {processor.py:830} INFO - Processing file /mnt/c/Users/Raj/OneDrive - Åbo Akademi O365/banking/venv/lib/python3.12/site-packages/airflow/example_dags/tutorial_dag.py for tasks to queue
[2025-11-20T21:55:08.184+0500] {logging_mixin.py:188} INFO - [2025-11-20T21:55:08.179+0500] {dagbag.py:545} INFO - Filling up the DagBag from /mnt/c/Users/Raj/OneDrive - Åbo Akademi O365/banking/venv/lib/python3.12/site-packages/airflow/example_dags/tutorial_dag.py
[2025-11-20T21:55:08.362+0500] {processor.py:840} INFO - DAG(s) 'tutorial_dag' retrieved from /mnt/c/Users/Raj/OneDrive - Åbo Akademi O365/banking/venv/lib/python3.12/site-packages/airflow/example_dags/tutorial_dag.py
[2025-11-20T21:55:11.151+0500] {logging_mixin.py:188} INFO - [2025-11-20T21:55:11.149+0500] {dag.py:3096} INFO - Sync 1 DAGs
[2025-11-20T21:55:11.173+0500] {logging_mixin.py:188} INFO - [2025-11-20T21:55:11.172+0500] {dag.py:3954} INFO - Setting next_dagrun for tutorial_dag to None, run_after=None
[2025-11-20T21:55:11.265+0500] {processor.py:183} INFO - Processing /mnt/c/Users/Raj/OneDrive - Åbo Akademi O365/banking/venv/lib/python3.12/site-packages/airflow/example_dags/tutorial_dag.py took 3.121 seconds
[2025-11-20T21:57:38.039+0500] {processor.py:161} INFO - Started process (PID=916) to work on /mnt/c/Users/Raj/OneDrive - Åbo Akademi O365/banking/venv/lib/python3.12/site-packages/airflow/example_dags/tutorial_dag.py
[2025-11-20T21:57:38.042+0500] {processor.py:830} INFO - Processing file /mnt/c/Users/Raj/OneDrive - Åbo Akademi O365/banking/venv/lib/python3.12/site-packages/airflow/example_dags/tutorial_dag.py for tasks to queue
[2025-11-20T21:57:38.045+0500] {logging_mixin.py:188} INFO - [2025-11-20T21:57:38.044+0500] {dagbag.py:545} INFO - Filling up the DagBag from /mnt/c/Users/Raj/OneDrive - Åbo Akademi O365/banking/venv/lib/python3.12/site-packages/airflow/example_dags/tutorial_dag.py
[2025-11-20T21:57:38.071+0500] {processor.py:840} INFO - DAG(s) 'tutorial_dag' retrieved from /mnt/c/Users/Raj/OneDrive - Åbo Akademi O365/banking/venv/lib/python3.12/site-packages/airflow/example_dags/tutorial_dag.py
[2025-11-20T21:57:38.108+0500] {logging_mixin.py:188} INFO - [2025-11-20T21:57:38.106+0500] {dag.py:3096} INFO - Sync 1 DAGs
[2025-11-20T21:57:38.125+0500] {logging_mixin.py:188} INFO - [2025-11-20T21:57:38.124+0500] {dag.py:3954} INFO - Setting next_dagrun for tutorial_dag to None, run_after=None
[2025-11-20T21:57:38.218+0500] {processor.py:183} INFO - Processing /mnt/c/Users/Raj/OneDrive - Åbo Akademi O365/banking/venv/lib/python3.12/site-packages/airflow/example_dags/tutorial_dag.py took 0.196 seconds
[2025-11-20T21:58:33.144+0500] {processor.py:161} INFO - Started process (PID=1014) to work on /mnt/c/Users/Raj/OneDrive - Åbo Akademi O365/banking/venv/lib/python3.12/site-packages/airflow/example_dags/tutorial_dag.py
[2025-11-20T21:58:33.147+0500] {processor.py:830} INFO - Processing file /mnt/c/Users/Raj/OneDrive - Åbo Akademi O365/banking/venv/lib/python3.12/site-packages/airflow/example_dags/tutorial_dag.py for tasks to queue
[2025-11-20T21:58:33.153+0500] {logging_mixin.py:188} INFO - [2025-11-20T21:58:33.151+0500] {dagbag.py:545} INFO - Filling up the DagBag from /mnt/c/Users/Raj/OneDrive - Åbo Akademi O365/banking/venv/lib/python3.12/site-packages/airflow/example_dags/tutorial_dag.py
[2025-11-20T21:58:33.186+0500] {processor.py:840} INFO - DAG(s) 'tutorial_dag' retrieved from /mnt/c/Users/Raj/OneDrive - Åbo Akademi O365/banking/venv/lib/python3.12/site-packages/airflow/example_dags/tutorial_dag.py
[2025-11-20T21:58:33.238+0500] {logging_mixin.py:188} INFO - [2025-11-20T21:58:33.235+0500] {dag.py:3096} INFO - Sync 1 DAGs
[2025-11-20T21:58:33.276+0500] {logging_mixin.py:188} INFO - [2025-11-20T21:58:33.274+0500] {dag.py:3954} INFO - Setting next_dagrun for tutorial_dag to None, run_after=None
[2025-11-20T21:58:33.387+0500] {processor.py:183} INFO - Processing /mnt/c/Users/Raj/OneDrive - Åbo Akademi O365/banking/venv/lib/python3.12/site-packages/airflow/example_dags/tutorial_dag.py took 0.266 seconds
[2025-11-20T21:59:14.912+0500] {processor.py:161} INFO - Started process (PID=1053) to work on /mnt/c/Users/Raj/OneDrive - Åbo Akademi O365/banking/venv/lib/python3.12/site-packages/airflow/example_dags/tutorial_dag.py
[2025-11-20T21:59:14.915+0500] {processor.py:830} INFO - Processing file /mnt/c/Users/Raj/OneDrive - Åbo Akademi O365/banking/venv/lib/python3.12/site-packages/airflow/example_dags/tutorial_dag.py for tasks to queue
[2025-11-20T21:59:14.920+0500] {logging_mixin.py:188} INFO - [2025-11-20T21:59:14.919+0500] {dagbag.py:545} INFO - Filling up the DagBag from /mnt/c/Users/Raj/OneDrive - Åbo Akademi O365/banking/venv/lib/python3.12/site-packages/airflow/example_dags/tutorial_dag.py
[2025-11-20T21:59:14.955+0500] {processor.py:840} INFO - DAG(s) 'tutorial_dag' retrieved from /mnt/c/Users/Raj/OneDrive - Åbo Akademi O365/banking/venv/lib/python3.12/site-packages/airflow/example_dags/tutorial_dag.py
[2025-11-20T21:59:15.001+0500] {logging_mixin.py:188} INFO - [2025-11-20T21:59:14.999+0500] {dag.py:3096} INFO - Sync 1 DAGs
[2025-11-20T21:59:15.025+0500] {logging_mixin.py:188} INFO - [2025-11-20T21:59:15.024+0500] {dag.py:3954} INFO - Setting next_dagrun for tutorial_dag to None, run_after=None
[2025-11-20T21:59:15.134+0500] {processor.py:183} INFO - Processing /mnt/c/Users/Raj/OneDrive - Åbo Akademi O365/banking/venv/lib/python3.12/site-packages/airflow/example_dags/tutorial_dag.py took 0.244 seconds
[2025-11-20T22:00:30.152+0500] {processor.py:161} INFO - Started process (PID=1112) to work on /mnt/c/Users/Raj/OneDrive - Åbo Akademi O365/banking/venv/lib/python3.12/site-packages/airflow/example_dags/tutorial_dag.py
[2025-11-20T22:00:30.155+0500] {processor.py:830} INFO - Processing file /mnt/c/Users/Raj/OneDrive - Åbo Akademi O365/banking/venv/lib/python3.12/site-packages/airflow/example_dags/tutorial_dag.py for tasks to queue
[2025-11-20T22:00:30.161+0500] {logging_mixin.py:188} INFO - [2025-11-20T22:00:30.159+0500] {dagbag.py:545} INFO - Filling up the DagBag from /mnt/c/Users/Raj/OneDrive - Åbo Akademi O365/banking/venv/lib/python3.12/site-packages/airflow/example_dags/tutorial_dag.py
[2025-11-20T22:00:30.196+0500] {processor.py:840} INFO - DAG(s) 'tutorial_dag' retrieved from /mnt/c/Users/Raj/OneDrive - Åbo Akademi O365/banking/venv/lib/python3.12/site-packages/airflow/example_dags/tutorial_dag.py
[2025-11-20T22:00:30.243+0500] {logging_mixin.py:188} INFO - [2025-11-20T22:00:30.242+0500] {dag.py:3096} INFO - Sync 1 DAGs
[2025-11-20T22:00:30.266+0500] {logging_mixin.py:188} INFO - [2025-11-20T22:00:30.264+0500] {dag.py:3954} INFO - Setting next_dagrun for tutorial_dag to None, run_after=None
[2025-11-20T22:00:30.377+0500] {processor.py:183} INFO - Processing /mnt/c/Users/Raj/OneDrive - Åbo Akademi O365/banking/venv/lib/python3.12/site-packages/airflow/example_dags/tutorial_dag.py took 0.244 seconds
[2025-11-20T22:01:18.546+0500] {processor.py:161} INFO - Started process (PID=1145) to work on /mnt/c/Users/Raj/OneDrive - Åbo Akademi O365/banking/venv/lib/python3.12/site-packages/airflow/example_dags/tutorial_dag.py
[2025-11-20T22:01:18.549+0500] {processor.py:830} INFO - Processing file /mnt/c/Users/Raj/OneDrive - Åbo Akademi O365/banking/venv/lib/python3.12/site-packages/airflow/example_dags/tutorial_dag.py for tasks to queue
[2025-11-20T22:01:18.555+0500] {logging_mixin.py:188} INFO - [2025-11-20T22:01:18.552+0500] {dagbag.py:545} INFO - Filling up the DagBag from /mnt/c/Users/Raj/OneDrive - Åbo Akademi O365/banking/venv/lib/python3.12/site-packages/airflow/example_dags/tutorial_dag.py
[2025-11-20T22:01:18.596+0500] {processor.py:840} INFO - DAG(s) 'tutorial_dag' retrieved from /mnt/c/Users/Raj/OneDrive - Åbo Akademi O365/banking/venv/lib/python3.12/site-packages/airflow/example_dags/tutorial_dag.py
[2025-11-20T22:01:18.663+0500] {logging_mixin.py:188} INFO - [2025-11-20T22:01:18.662+0500] {dag.py:3096} INFO - Sync 1 DAGs
[2025-11-20T22:01:18.700+0500] {logging_mixin.py:188} INFO - [2025-11-20T22:01:18.699+0500] {dag.py:3954} INFO - Setting next_dagrun for tutorial_dag to None, run_after=None
[2025-11-20T22:01:18.815+0500] {processor.py:183} INFO - Processing /mnt/c/Users/Raj/OneDrive - Åbo Akademi O365/banking/venv/lib/python3.12/site-packages/airflow/example_dags/tutorial_dag.py took 0.290 seconds
[2025-11-20T22:02:00.546+0500] {processor.py:161} INFO - Started process (PID=1174) to work on /mnt/c/Users/Raj/OneDrive - Åbo Akademi O365/banking/venv/lib/python3.12/site-packages/airflow/example_dags/tutorial_dag.py
[2025-11-20T22:02:00.549+0500] {processor.py:830} INFO - Processing file /mnt/c/Users/Raj/OneDrive - Åbo Akademi O365/banking/venv/lib/python3.12/site-packages/airflow/example_dags/tutorial_dag.py for tasks to queue
[2025-11-20T22:02:00.553+0500] {logging_mixin.py:188} INFO - [2025-11-20T22:02:00.552+0500] {dagbag.py:545} INFO - Filling up the DagBag from /mnt/c/Users/Raj/OneDrive - Åbo Akademi O365/banking/venv/lib/python3.12/site-packages/airflow/example_dags/tutorial_dag.py
[2025-11-20T22:02:00.578+0500] {processor.py:840} INFO - DAG(s) 'tutorial_dag' retrieved from /mnt/c/Users/Raj/OneDrive - Åbo Akademi O365/banking/venv/lib/python3.12/site-packages/airflow/example_dags/tutorial_dag.py
[2025-11-20T22:02:00.616+0500] {logging_mixin.py:188} INFO - [2025-11-20T22:02:00.615+0500] {dag.py:3096} INFO - Sync 1 DAGs
[2025-11-20T22:02:00.639+0500] {logging_mixin.py:188} INFO - [2025-11-20T22:02:00.637+0500] {dag.py:3954} INFO - Setting next_dagrun for tutorial_dag to None, run_after=None
[2025-11-20T22:02:00.738+0500] {processor.py:183} INFO - Processing /mnt/c/Users/Raj/OneDrive - Åbo Akademi O365/banking/venv/lib/python3.12/site-packages/airflow/example_dags/tutorial_dag.py took 0.208 seconds
[2025-11-20T22:03:23.843+0500] {processor.py:161} INFO - Started process (PID=1244) to work on /mnt/c/Users/Raj/OneDrive - Åbo Akademi O365/banking/venv/lib/python3.12/site-packages/airflow/example_dags/tutorial_dag.py
[2025-11-20T22:03:23.846+0500] {processor.py:830} INFO - Processing file /mnt/c/Users/Raj/OneDrive - Åbo Akademi O365/banking/venv/lib/python3.12/site-packages/airflow/example_dags/tutorial_dag.py for tasks to queue
[2025-11-20T22:03:23.851+0500] {logging_mixin.py:188} INFO - [2025-11-20T22:03:23.849+0500] {dagbag.py:545} INFO - Filling up the DagBag from /mnt/c/Users/Raj/OneDrive - Åbo Akademi O365/banking/venv/lib/python3.12/site-packages/airflow/example_dags/tutorial_dag.py
[2025-11-20T22:03:23.891+0500] {processor.py:840} INFO - DAG(s) 'tutorial_dag' retrieved from /mnt/c/Users/Raj/OneDrive - Åbo Akademi O365/banking/venv/lib/python3.12/site-packages/airflow/example_dags/tutorial_dag.py
[2025-11-20T22:03:23.934+0500] {logging_mixin.py:188} INFO - [2025-11-20T22:03:23.932+0500] {dag.py:3096} INFO - Sync 1 DAGs
[2025-11-20T22:03:23.954+0500] {logging_mixin.py:188} INFO - [2025-11-20T22:03:23.952+0500] {dag.py:3954} INFO - Setting next_dagrun for tutorial_dag to None, run_after=None
[2025-11-20T22:03:24.059+0500] {processor.py:183} INFO - Processing /mnt/c/Users/Raj/OneDrive - Åbo Akademi O365/banking/venv/lib/python3.12/site-packages/airflow/example_dags/tutorial_dag.py took 0.237 seconds
[2025-11-20T22:04:08.052+0500] {processor.py:161} INFO - Started process (PID=1278) to work on /mnt/c/Users/Raj/OneDrive - Åbo Akademi O365/banking/venv/lib/python3.12/site-packages/airflow/example_dags/tutorial_dag.py
[2025-11-20T22:04:08.055+0500] {processor.py:830} INFO - Processing file /mnt/c/Users/Raj/OneDrive - Åbo Akademi O365/banking/venv/lib/python3.12/site-packages/airflow/example_dags/tutorial_dag.py for tasks to queue
[2025-11-20T22:04:08.059+0500] {logging_mixin.py:188} INFO - [2025-11-20T22:04:08.058+0500] {dagbag.py:545} INFO - Filling up the DagBag from /mnt/c/Users/Raj/OneDrive - Åbo Akademi O365/banking/venv/lib/python3.12/site-packages/airflow/example_dags/tutorial_dag.py
[2025-11-20T22:04:08.095+0500] {processor.py:840} INFO - DAG(s) 'tutorial_dag' retrieved from /mnt/c/Users/Raj/OneDrive - Åbo Akademi O365/banking/venv/lib/python3.12/site-packages/airflow/example_dags/tutorial_dag.py
[2025-11-20T22:04:08.153+0500] {logging_mixin.py:188} INFO - [2025-11-20T22:04:08.152+0500] {dag.py:3096} INFO - Sync 1 DAGs
[2025-11-20T22:04:08.176+0500] {logging_mixin.py:188} INFO - [2025-11-20T22:04:08.175+0500] {dag.py:3954} INFO - Setting next_dagrun for tutorial_dag to None, run_after=None
[2025-11-20T22:04:08.267+0500] {processor.py:183} INFO - Processing /mnt/c/Users/Raj/OneDrive - Åbo Akademi O365/banking/venv/lib/python3.12/site-packages/airflow/example_dags/tutorial_dag.py took 0.235 seconds
[2025-11-20T22:05:30.939+0500] {processor.py:161} INFO - Started process (PID=1339) to work on /mnt/c/Users/Raj/OneDrive - Åbo Akademi O365/banking/venv/lib/python3.12/site-packages/airflow/example_dags/tutorial_dag.py
[2025-11-20T22:05:30.942+0500] {processor.py:830} INFO - Processing file /mnt/c/Users/Raj/OneDrive - Åbo Akademi O365/banking/venv/lib/python3.12/site-packages/airflow/example_dags/tutorial_dag.py for tasks to queue
[2025-11-20T22:05:30.947+0500] {logging_mixin.py:188} INFO - [2025-11-20T22:05:30.945+0500] {dagbag.py:545} INFO - Filling up the DagBag from /mnt/c/Users/Raj/OneDrive - Åbo Akademi O365/banking/venv/lib/python3.12/site-packages/airflow/example_dags/tutorial_dag.py
[2025-11-20T22:05:30.983+0500] {processor.py:840} INFO - DAG(s) 'tutorial_dag' retrieved from /mnt/c/Users/Raj/OneDrive - Åbo Akademi O365/banking/venv/lib/python3.12/site-packages/airflow/example_dags/tutorial_dag.py
[2025-11-20T22:05:31.028+0500] {logging_mixin.py:188} INFO - [2025-11-20T22:05:31.026+0500] {dag.py:3096} INFO - Sync 1 DAGs
[2025-11-20T22:05:31.053+0500] {logging_mixin.py:188} INFO - [2025-11-20T22:05:31.052+0500] {dag.py:3954} INFO - Setting next_dagrun for tutorial_dag to None, run_after=None
[2025-11-20T22:05:31.158+0500] {processor.py:183} INFO - Processing /mnt/c/Users/Raj/OneDrive - Åbo Akademi O365/banking/venv/lib/python3.12/site-packages/airflow/example_dags/tutorial_dag.py took 0.239 seconds
[2025-11-20T22:06:14.739+0500] {processor.py:161} INFO - Started process (PID=1376) to work on /mnt/c/Users/Raj/OneDrive - Åbo Akademi O365/banking/venv/lib/python3.12/site-packages/airflow/example_dags/tutorial_dag.py
[2025-11-20T22:06:14.742+0500] {processor.py:830} INFO - Processing file /mnt/c/Users/Raj/OneDrive - Åbo Akademi O365/banking/venv/lib/python3.12/site-packages/airflow/example_dags/tutorial_dag.py for tasks to queue
[2025-11-20T22:06:14.746+0500] {logging_mixin.py:188} INFO - [2025-11-20T22:06:14.744+0500] {dagbag.py:545} INFO - Filling up the DagBag from /mnt/c/Users/Raj/OneDrive - Åbo Akademi O365/banking/venv/lib/python3.12/site-packages/airflow/example_dags/tutorial_dag.py
[2025-11-20T22:06:14.784+0500] {processor.py:840} INFO - DAG(s) 'tutorial_dag' retrieved from /mnt/c/Users/Raj/OneDrive - Åbo Akademi O365/banking/venv/lib/python3.12/site-packages/airflow/example_dags/tutorial_dag.py
[2025-11-20T22:06:14.878+0500] {logging_mixin.py:188} INFO - [2025-11-20T22:06:14.876+0500] {dag.py:3096} INFO - Sync 1 DAGs
[2025-11-20T22:06:14.963+0500] {logging_mixin.py:188} INFO - [2025-11-20T22:06:14.957+0500] {dag.py:3954} INFO - Setting next_dagrun for tutorial_dag to None, run_after=None
[2025-11-20T22:06:15.148+0500] {processor.py:183} INFO - Processing /mnt/c/Users/Raj/OneDrive - Åbo Akademi O365/banking/venv/lib/python3.12/site-packages/airflow/example_dags/tutorial_dag.py took 0.429 seconds
[2025-11-20T22:07:41.561+0500] {processor.py:161} INFO - Started process (PID=1437) to work on /mnt/c/Users/Raj/OneDrive - Åbo Akademi O365/banking/venv/lib/python3.12/site-packages/airflow/example_dags/tutorial_dag.py
[2025-11-20T22:07:41.564+0500] {processor.py:830} INFO - Processing file /mnt/c/Users/Raj/OneDrive - Åbo Akademi O365/banking/venv/lib/python3.12/site-packages/airflow/example_dags/tutorial_dag.py for tasks to queue
[2025-11-20T22:07:41.571+0500] {logging_mixin.py:188} INFO - [2025-11-20T22:07:41.569+0500] {dagbag.py:545} INFO - Filling up the DagBag from /mnt/c/Users/Raj/OneDrive - Åbo Akademi O365/banking/venv/lib/python3.12/site-packages/airflow/example_dags/tutorial_dag.py
[2025-11-20T22:07:41.611+0500] {processor.py:840} INFO - DAG(s) 'tutorial_dag' retrieved from /mnt/c/Users/Raj/OneDrive - Åbo Akademi O365/banking/venv/lib/python3.12/site-packages/airflow/example_dags/tutorial_dag.py
[2025-11-20T22:07:41.883+0500] {logging_mixin.py:188} INFO - [2025-11-20T22:07:41.881+0500] {dag.py:3096} INFO - Sync 1 DAGs
[2025-11-20T22:07:41.959+0500] {logging_mixin.py:188} INFO - [2025-11-20T22:07:41.955+0500] {dag.py:3954} INFO - Setting next_dagrun for tutorial_dag to None, run_after=None
[2025-11-20T22:07:42.108+0500] {processor.py:183} INFO - Processing /mnt/c/Users/Raj/OneDrive - Åbo Akademi O365/banking/venv/lib/python3.12/site-packages/airflow/example_dags/tutorial_dag.py took 0.603 seconds
[2025-11-20T22:08:27.783+0500] {processor.py:161} INFO - Started process (PID=1472) to work on /mnt/c/Users/Raj/OneDrive - Åbo Akademi O365/banking/venv/lib/python3.12/site-packages/airflow/example_dags/tutorial_dag.py
[2025-11-20T22:08:27.786+0500] {processor.py:830} INFO - Processing file /mnt/c/Users/Raj/OneDrive - Åbo Akademi O365/banking/venv/lib/python3.12/site-packages/airflow/example_dags/tutorial_dag.py for tasks to queue
[2025-11-20T22:08:27.790+0500] {logging_mixin.py:188} INFO - [2025-11-20T22:08:27.788+0500] {dagbag.py:545} INFO - Filling up the DagBag from /mnt/c/Users/Raj/OneDrive - Åbo Akademi O365/banking/venv/lib/python3.12/site-packages/airflow/example_dags/tutorial_dag.py
[2025-11-20T22:08:27.824+0500] {processor.py:840} INFO - DAG(s) 'tutorial_dag' retrieved from /mnt/c/Users/Raj/OneDrive - Åbo Akademi O365/banking/venv/lib/python3.12/site-packages/airflow/example_dags/tutorial_dag.py
[2025-11-20T22:08:27.874+0500] {logging_mixin.py:188} INFO - [2025-11-20T22:08:27.872+0500] {dag.py:3096} INFO - Sync 1 DAGs
[2025-11-20T22:08:27.897+0500] {logging_mixin.py:188} INFO - [2025-11-20T22:08:27.895+0500] {dag.py:3954} INFO - Setting next_dagrun for tutorial_dag to None, run_after=None
[2025-11-20T22:08:27.997+0500] {processor.py:183} INFO - Processing /mnt/c/Users/Raj/OneDrive - Åbo Akademi O365/banking/venv/lib/python3.12/site-packages/airflow/example_dags/tutorial_dag.py took 0.235 seconds
[2025-11-20T22:09:10.958+0500] {processor.py:161} INFO - Started process (PID=1504) to work on /mnt/c/Users/Raj/OneDrive - Åbo Akademi O365/banking/venv/lib/python3.12/site-packages/airflow/example_dags/tutorial_dag.py
[2025-11-20T22:09:10.966+0500] {processor.py:830} INFO - Processing file /mnt/c/Users/Raj/OneDrive - Åbo Akademi O365/banking/venv/lib/python3.12/site-packages/airflow/example_dags/tutorial_dag.py for tasks to queue
[2025-11-20T22:09:10.972+0500] {logging_mixin.py:188} INFO - [2025-11-20T22:09:10.970+0500] {dagbag.py:545} INFO - Filling up the DagBag from /mnt/c/Users/Raj/OneDrive - Åbo Akademi O365/banking/venv/lib/python3.12/site-packages/airflow/example_dags/tutorial_dag.py
[2025-11-20T22:09:11.010+0500] {processor.py:840} INFO - DAG(s) 'tutorial_dag' retrieved from /mnt/c/Users/Raj/OneDrive - Åbo Akademi O365/banking/venv/lib/python3.12/site-packages/airflow/example_dags/tutorial_dag.py
[2025-11-20T22:09:11.054+0500] {logging_mixin.py:188} INFO - [2025-11-20T22:09:11.052+0500] {dag.py:3096} INFO - Sync 1 DAGs
[2025-11-20T22:09:11.073+0500] {logging_mixin.py:188} INFO - [2025-11-20T22:09:11.072+0500] {dag.py:3954} INFO - Setting next_dagrun for tutorial_dag to None, run_after=None
[2025-11-20T22:09:11.173+0500] {processor.py:183} INFO - Processing /mnt/c/Users/Raj/OneDrive - Åbo Akademi O365/banking/venv/lib/python3.12/site-packages/airflow/example_dags/tutorial_dag.py took 0.235 seconds
[2025-11-20T22:09:59.798+0500] {processor.py:161} INFO - Started process (PID=1537) to work on /mnt/c/Users/Raj/OneDrive - Åbo Akademi O365/banking/venv/lib/python3.12/site-packages/airflow/example_dags/tutorial_dag.py
[2025-11-20T22:09:59.800+0500] {processor.py:830} INFO - Processing file /mnt/c/Users/Raj/OneDrive - Åbo Akademi O365/banking/venv/lib/python3.12/site-packages/airflow/example_dags/tutorial_dag.py for tasks to queue
[2025-11-20T22:09:59.805+0500] {logging_mixin.py:188} INFO - [2025-11-20T22:09:59.803+0500] {dagbag.py:545} INFO - Filling up the DagBag from /mnt/c/Users/Raj/OneDrive - Åbo Akademi O365/banking/venv/lib/python3.12/site-packages/airflow/example_dags/tutorial_dag.py
[2025-11-20T22:09:59.836+0500] {processor.py:840} INFO - DAG(s) 'tutorial_dag' retrieved from /mnt/c/Users/Raj/OneDrive - Åbo Akademi O365/banking/venv/lib/python3.12/site-packages/airflow/example_dags/tutorial_dag.py
[2025-11-20T22:09:59.892+0500] {logging_mixin.py:188} INFO - [2025-11-20T22:09:59.890+0500] {dag.py:3096} INFO - Sync 1 DAGs
[2025-11-20T22:09:59.920+0500] {logging_mixin.py:188} INFO - [2025-11-20T22:09:59.919+0500] {dag.py:3954} INFO - Setting next_dagrun for tutorial_dag to None, run_after=None
[2025-11-20T22:10:00.028+0500] {processor.py:183} INFO - Processing /mnt/c/Users/Raj/OneDrive - Åbo Akademi O365/banking/venv/lib/python3.12/site-packages/airflow/example_dags/tutorial_dag.py took 0.249 seconds
[2025-11-20T22:10:46.225+0500] {processor.py:161} INFO - Started process (PID=1568) to work on /mnt/c/Users/Raj/OneDrive - Åbo Akademi O365/banking/venv/lib/python3.12/site-packages/airflow/example_dags/tutorial_dag.py
[2025-11-20T22:10:46.229+0500] {processor.py:830} INFO - Processing file /mnt/c/Users/Raj/OneDrive - Åbo Akademi O365/banking/venv/lib/python3.12/site-packages/airflow/example_dags/tutorial_dag.py for tasks to queue
[2025-11-20T22:10:46.234+0500] {logging_mixin.py:188} INFO - [2025-11-20T22:10:46.231+0500] {dagbag.py:545} INFO - Filling up the DagBag from /mnt/c/Users/Raj/OneDrive - Åbo Akademi O365/banking/venv/lib/python3.12/site-packages/airflow/example_dags/tutorial_dag.py
[2025-11-20T22:10:46.281+0500] {processor.py:840} INFO - DAG(s) 'tutorial_dag' retrieved from /mnt/c/Users/Raj/OneDrive - Åbo Akademi O365/banking/venv/lib/python3.12/site-packages/airflow/example_dags/tutorial_dag.py
[2025-11-20T22:10:46.340+0500] {logging_mixin.py:188} INFO - [2025-11-20T22:10:46.337+0500] {dag.py:3096} INFO - Sync 1 DAGs
[2025-11-20T22:10:46.362+0500] {logging_mixin.py:188} INFO - [2025-11-20T22:10:46.361+0500] {dag.py:3954} INFO - Setting next_dagrun for tutorial_dag to None, run_after=None
[2025-11-20T22:10:46.446+0500] {processor.py:183} INFO - Processing /mnt/c/Users/Raj/OneDrive - Åbo Akademi O365/banking/venv/lib/python3.12/site-packages/airflow/example_dags/tutorial_dag.py took 0.250 seconds
[2025-11-20T22:11:29.707+0500] {processor.py:161} INFO - Started process (PID=1611) to work on /mnt/c/Users/Raj/OneDrive - Åbo Akademi O365/banking/venv/lib/python3.12/site-packages/airflow/example_dags/tutorial_dag.py
[2025-11-20T22:11:29.709+0500] {processor.py:830} INFO - Processing file /mnt/c/Users/Raj/OneDrive - Åbo Akademi O365/banking/venv/lib/python3.12/site-packages/airflow/example_dags/tutorial_dag.py for tasks to queue
[2025-11-20T22:11:29.714+0500] {logging_mixin.py:188} INFO - [2025-11-20T22:11:29.711+0500] {dagbag.py:545} INFO - Filling up the DagBag from /mnt/c/Users/Raj/OneDrive - Åbo Akademi O365/banking/venv/lib/python3.12/site-packages/airflow/example_dags/tutorial_dag.py
[2025-11-20T22:11:29.759+0500] {processor.py:840} INFO - DAG(s) 'tutorial_dag' retrieved from /mnt/c/Users/Raj/OneDrive - Åbo Akademi O365/banking/venv/lib/python3.12/site-packages/airflow/example_dags/tutorial_dag.py
[2025-11-20T22:11:29.820+0500] {logging_mixin.py:188} INFO - [2025-11-20T22:11:29.818+0500] {dag.py:3096} INFO - Sync 1 DAGs
[2025-11-20T22:11:29.850+0500] {logging_mixin.py:188} INFO - [2025-11-20T22:11:29.848+0500] {dag.py:3954} INFO - Setting next_dagrun for tutorial_dag to None, run_after=None
[2025-11-20T22:11:29.974+0500] {processor.py:183} INFO - Processing /mnt/c/Users/Raj/OneDrive - Åbo Akademi O365/banking/venv/lib/python3.12/site-packages/airflow/example_dags/tutorial_dag.py took 0.285 seconds
[2025-11-20T22:12:51.150+0500] {processor.py:161} INFO - Started process (PID=1673) to work on /mnt/c/Users/Raj/OneDrive - Åbo Akademi O365/banking/venv/lib/python3.12/site-packages/airflow/example_dags/tutorial_dag.py
[2025-11-20T22:12:51.152+0500] {processor.py:830} INFO - Processing file /mnt/c/Users/Raj/OneDrive - Åbo Akademi O365/banking/venv/lib/python3.12/site-packages/airflow/example_dags/tutorial_dag.py for tasks to queue
[2025-11-20T22:12:51.155+0500] {logging_mixin.py:188} INFO - [2025-11-20T22:12:51.154+0500] {dagbag.py:545} INFO - Filling up the DagBag from /mnt/c/Users/Raj/OneDrive - Åbo Akademi O365/banking/venv/lib/python3.12/site-packages/airflow/example_dags/tutorial_dag.py
[2025-11-20T22:12:51.193+0500] {processor.py:840} INFO - DAG(s) 'tutorial_dag' retrieved from /mnt/c/Users/Raj/OneDrive - Åbo Akademi O365/banking/venv/lib/python3.12/site-packages/airflow/example_dags/tutorial_dag.py
[2025-11-20T22:12:50.381+0500] {logging_mixin.py:188} INFO - [2025-11-20T22:12:50.379+0500] {dag.py:3096} INFO - Sync 1 DAGs
[2025-11-20T22:12:50.410+0500] {logging_mixin.py:188} INFO - [2025-11-20T22:12:50.408+0500] {dag.py:3954} INFO - Setting next_dagrun for tutorial_dag to None, run_after=None
[2025-11-20T22:12:50.522+0500] {processor.py:183} INFO - Processing /mnt/c/Users/Raj/OneDrive - Åbo Akademi O365/banking/venv/lib/python3.12/site-packages/airflow/example_dags/tutorial_dag.py took 0.257 seconds
[2025-11-20T22:13:32.544+0500] {processor.py:161} INFO - Started process (PID=1703) to work on /mnt/c/Users/Raj/OneDrive - Åbo Akademi O365/banking/venv/lib/python3.12/site-packages/airflow/example_dags/tutorial_dag.py
[2025-11-20T22:13:32.548+0500] {processor.py:830} INFO - Processing file /mnt/c/Users/Raj/OneDrive - Åbo Akademi O365/banking/venv/lib/python3.12/site-packages/airflow/example_dags/tutorial_dag.py for tasks to queue
[2025-11-20T22:13:32.552+0500] {logging_mixin.py:188} INFO - [2025-11-20T22:13:32.550+0500] {dagbag.py:545} INFO - Filling up the DagBag from /mnt/c/Users/Raj/OneDrive - Åbo Akademi O365/banking/venv/lib/python3.12/site-packages/airflow/example_dags/tutorial_dag.py
[2025-11-20T22:13:32.588+0500] {processor.py:840} INFO - DAG(s) 'tutorial_dag' retrieved from /mnt/c/Users/Raj/OneDrive - Åbo Akademi O365/banking/venv/lib/python3.12/site-packages/airflow/example_dags/tutorial_dag.py
[2025-11-20T22:13:32.640+0500] {logging_mixin.py:188} INFO - [2025-11-20T22:13:32.638+0500] {dag.py:3096} INFO - Sync 1 DAGs
[2025-11-20T22:13:32.669+0500] {logging_mixin.py:188} INFO - [2025-11-20T22:13:32.668+0500] {dag.py:3954} INFO - Setting next_dagrun for tutorial_dag to None, run_after=None
[2025-11-20T22:13:32.772+0500] {processor.py:183} INFO - Processing /mnt/c/Users/Raj/OneDrive - Åbo Akademi O365/banking/venv/lib/python3.12/site-packages/airflow/example_dags/tutorial_dag.py took 0.247 seconds
[2025-11-20T22:14:17.702+0500] {processor.py:161} INFO - Started process (PID=1736) to work on /mnt/c/Users/Raj/OneDrive - Åbo Akademi O365/banking/venv/lib/python3.12/site-packages/airflow/example_dags/tutorial_dag.py
[2025-11-20T22:14:17.705+0500] {processor.py:830} INFO - Processing file /mnt/c/Users/Raj/OneDrive - Åbo Akademi O365/banking/venv/lib/python3.12/site-packages/airflow/example_dags/tutorial_dag.py for tasks to queue
[2025-11-20T22:14:17.709+0500] {logging_mixin.py:188} INFO - [2025-11-20T22:14:17.707+0500] {dagbag.py:545} INFO - Filling up the DagBag from /mnt/c/Users/Raj/OneDrive - Åbo Akademi O365/banking/venv/lib/python3.12/site-packages/airflow/example_dags/tutorial_dag.py
[2025-11-20T22:14:17.747+0500] {processor.py:840} INFO - DAG(s) 'tutorial_dag' retrieved from /mnt/c/Users/Raj/OneDrive - Åbo Akademi O365/banking/venv/lib/python3.12/site-packages/airflow/example_dags/tutorial_dag.py
[2025-11-20T22:14:17.793+0500] {logging_mixin.py:188} INFO - [2025-11-20T22:14:17.791+0500] {dag.py:3096} INFO - Sync 1 DAGs
[2025-11-20T22:14:17.816+0500] {logging_mixin.py:188} INFO - [2025-11-20T22:14:17.814+0500] {dag.py:3954} INFO - Setting next_dagrun for tutorial_dag to None, run_after=None
[2025-11-20T22:14:17.898+0500] {processor.py:183} INFO - Processing /mnt/c/Users/Raj/OneDrive - Åbo Akademi O365/banking/venv/lib/python3.12/site-packages/airflow/example_dags/tutorial_dag.py took 0.217 seconds
[2025-11-20T22:15:42.852+0500] {processor.py:161} INFO - Started process (PID=1796) to work on /mnt/c/Users/Raj/OneDrive - Åbo Akademi O365/banking/venv/lib/python3.12/site-packages/airflow/example_dags/tutorial_dag.py
[2025-11-20T22:15:42.855+0500] {processor.py:830} INFO - Processing file /mnt/c/Users/Raj/OneDrive - Åbo Akademi O365/banking/venv/lib/python3.12/site-packages/airflow/example_dags/tutorial_dag.py for tasks to queue
[2025-11-20T22:15:42.864+0500] {logging_mixin.py:188} INFO - [2025-11-20T22:15:42.858+0500] {dagbag.py:545} INFO - Filling up the DagBag from /mnt/c/Users/Raj/OneDrive - Åbo Akademi O365/banking/venv/lib/python3.12/site-packages/airflow/example_dags/tutorial_dag.py
[2025-11-20T22:15:42.920+0500] {processor.py:840} INFO - DAG(s) 'tutorial_dag' retrieved from /mnt/c/Users/Raj/OneDrive - Åbo Akademi O365/banking/venv/lib/python3.12/site-packages/airflow/example_dags/tutorial_dag.py
[2025-11-20T22:15:43.008+0500] {logging_mixin.py:188} INFO - [2025-11-20T22:15:43.005+0500] {dag.py:3096} INFO - Sync 1 DAGs
[2025-11-20T22:15:43.067+0500] {logging_mixin.py:188} INFO - [2025-11-20T22:15:43.063+0500] {dag.py:3954} INFO - Setting next_dagrun for tutorial_dag to None, run_after=None
[2025-11-20T22:15:43.232+0500] {processor.py:183} INFO - Processing /mnt/c/Users/Raj/OneDrive - Åbo Akademi O365/banking/venv/lib/python3.12/site-packages/airflow/example_dags/tutorial_dag.py took 0.417 seconds
[2025-11-20T22:16:28.432+0500] {processor.py:161} INFO - Started process (PID=1827) to work on /mnt/c/Users/Raj/OneDrive - Åbo Akademi O365/banking/venv/lib/python3.12/site-packages/airflow/example_dags/tutorial_dag.py
[2025-11-20T22:16:28.436+0500] {processor.py:830} INFO - Processing file /mnt/c/Users/Raj/OneDrive - Åbo Akademi O365/banking/venv/lib/python3.12/site-packages/airflow/example_dags/tutorial_dag.py for tasks to queue
[2025-11-20T22:16:28.440+0500] {logging_mixin.py:188} INFO - [2025-11-20T22:16:28.438+0500] {dagbag.py:545} INFO - Filling up the DagBag from /mnt/c/Users/Raj/OneDrive - Åbo Akademi O365/banking/venv/lib/python3.12/site-packages/airflow/example_dags/tutorial_dag.py
[2025-11-20T22:16:28.472+0500] {processor.py:840} INFO - DAG(s) 'tutorial_dag' retrieved from /mnt/c/Users/Raj/OneDrive - Åbo Akademi O365/banking/venv/lib/python3.12/site-packages/airflow/example_dags/tutorial_dag.py
[2025-11-20T22:16:28.519+0500] {logging_mixin.py:188} INFO - [2025-11-20T22:16:28.517+0500] {dag.py:3096} INFO - Sync 1 DAGs
[2025-11-20T22:16:28.561+0500] {logging_mixin.py:188} INFO - [2025-11-20T22:16:28.559+0500] {dag.py:3954} INFO - Setting next_dagrun for tutorial_dag to None, run_after=None
[2025-11-20T22:16:28.708+0500] {processor.py:183} INFO - Processing /mnt/c/Users/Raj/OneDrive - Åbo Akademi O365/banking/venv/lib/python3.12/site-packages/airflow/example_dags/tutorial_dag.py took 0.295 seconds
[2025-11-20T22:17:13.260+0500] {processor.py:161} INFO - Started process (PID=1863) to work on /mnt/c/Users/Raj/OneDrive - Åbo Akademi O365/banking/venv/lib/python3.12/site-packages/airflow/example_dags/tutorial_dag.py
[2025-11-20T22:17:13.263+0500] {processor.py:830} INFO - Processing file /mnt/c/Users/Raj/OneDrive - Åbo Akademi O365/banking/venv/lib/python3.12/site-packages/airflow/example_dags/tutorial_dag.py for tasks to queue
[2025-11-20T22:17:13.268+0500] {logging_mixin.py:188} INFO - [2025-11-20T22:17:13.266+0500] {dagbag.py:545} INFO - Filling up the DagBag from /mnt/c/Users/Raj/OneDrive - Åbo Akademi O365/banking/venv/lib/python3.12/site-packages/airflow/example_dags/tutorial_dag.py
[2025-11-20T22:17:13.307+0500] {processor.py:840} INFO - DAG(s) 'tutorial_dag' retrieved from /mnt/c/Users/Raj/OneDrive - Åbo Akademi O365/banking/venv/lib/python3.12/site-packages/airflow/example_dags/tutorial_dag.py
[2025-11-20T22:17:13.385+0500] {logging_mixin.py:188} INFO - [2025-11-20T22:17:13.383+0500] {dag.py:3096} INFO - Sync 1 DAGs
[2025-11-20T22:17:13.410+0500] {logging_mixin.py:188} INFO - [2025-11-20T22:17:13.408+0500] {dag.py:3954} INFO - Setting next_dagrun for tutorial_dag to None, run_after=None
[2025-11-20T22:17:13.517+0500] {processor.py:183} INFO - Processing /mnt/c/Users/Raj/OneDrive - Åbo Akademi O365/banking/venv/lib/python3.12/site-packages/airflow/example_dags/tutorial_dag.py took 0.275 seconds
[2025-11-20T22:17:57.376+0500] {processor.py:161} INFO - Started process (PID=1892) to work on /mnt/c/Users/Raj/OneDrive - Åbo Akademi O365/banking/venv/lib/python3.12/site-packages/airflow/example_dags/tutorial_dag.py
[2025-11-20T22:17:57.379+0500] {processor.py:830} INFO - Processing file /mnt/c/Users/Raj/OneDrive - Åbo Akademi O365/banking/venv/lib/python3.12/site-packages/airflow/example_dags/tutorial_dag.py for tasks to queue
[2025-11-20T22:17:57.383+0500] {logging_mixin.py:188} INFO - [2025-11-20T22:17:57.381+0500] {dagbag.py:545} INFO - Filling up the DagBag from /mnt/c/Users/Raj/OneDrive - Åbo Akademi O365/banking/venv/lib/python3.12/site-packages/airflow/example_dags/tutorial_dag.py
[2025-11-20T22:17:57.408+0500] {processor.py:840} INFO - DAG(s) 'tutorial_dag' retrieved from /mnt/c/Users/Raj/OneDrive - Åbo Akademi O365/banking/venv/lib/python3.12/site-packages/airflow/example_dags/tutorial_dag.py
[2025-11-20T22:17:57.469+0500] {logging_mixin.py:188} INFO - [2025-11-20T22:17:57.468+0500] {dag.py:3096} INFO - Sync 1 DAGs
[2025-11-20T22:17:57.518+0500] {logging_mixin.py:188} INFO - [2025-11-20T22:17:57.514+0500] {dag.py:3954} INFO - Setting next_dagrun for tutorial_dag to None, run_after=None
[2025-11-20T22:17:57.615+0500] {processor.py:183} INFO - Processing /mnt/c/Users/Raj/OneDrive - Åbo Akademi O365/banking/venv/lib/python3.12/site-packages/airflow/example_dags/tutorial_dag.py took 0.257 seconds
[2025-11-20T22:18:41.131+0500] {processor.py:161} INFO - Started process (PID=1927) to work on /mnt/c/Users/Raj/OneDrive - Åbo Akademi O365/banking/venv/lib/python3.12/site-packages/airflow/example_dags/tutorial_dag.py
[2025-11-20T22:18:41.134+0500] {processor.py:830} INFO - Processing file /mnt/c/Users/Raj/OneDrive - Åbo Akademi O365/banking/venv/lib/python3.12/site-packages/airflow/example_dags/tutorial_dag.py for tasks to queue
[2025-11-20T22:18:41.139+0500] {logging_mixin.py:188} INFO - [2025-11-20T22:18:41.137+0500] {dagbag.py:545} INFO - Filling up the DagBag from /mnt/c/Users/Raj/OneDrive - Åbo Akademi O365/banking/venv/lib/python3.12/site-packages/airflow/example_dags/tutorial_dag.py
[2025-11-20T22:18:41.175+0500] {processor.py:840} INFO - DAG(s) 'tutorial_dag' retrieved from /mnt/c/Users/Raj/OneDrive - Åbo Akademi O365/banking/venv/lib/python3.12/site-packages/airflow/example_dags/tutorial_dag.py
[2025-11-20T22:18:41.234+0500] {logging_mixin.py:188} INFO - [2025-11-20T22:18:41.232+0500] {dag.py:3096} INFO - Sync 1 DAGs
[2025-11-20T22:18:41.266+0500] {logging_mixin.py:188} INFO - [2025-11-20T22:18:41.264+0500] {dag.py:3954} INFO - Setting next_dagrun for tutorial_dag to None, run_after=None
[2025-11-20T22:18:41.388+0500] {processor.py:183} INFO - Processing /mnt/c/Users/Raj/OneDrive - Åbo Akademi O365/banking/venv/lib/python3.12/site-packages/airflow/example_dags/tutorial_dag.py took 0.282 seconds
[2025-11-20T22:20:05.451+0500] {processor.py:161} INFO - Started process (PID=1994) to work on /mnt/c/Users/Raj/OneDrive - Åbo Akademi O365/banking/venv/lib/python3.12/site-packages/airflow/example_dags/tutorial_dag.py
[2025-11-20T22:20:05.454+0500] {processor.py:830} INFO - Processing file /mnt/c/Users/Raj/OneDrive - Åbo Akademi O365/banking/venv/lib/python3.12/site-packages/airflow/example_dags/tutorial_dag.py for tasks to queue
[2025-11-20T22:20:05.459+0500] {logging_mixin.py:188} INFO - [2025-11-20T22:20:05.457+0500] {dagbag.py:545} INFO - Filling up the DagBag from /mnt/c/Users/Raj/OneDrive - Åbo Akademi O365/banking/venv/lib/python3.12/site-packages/airflow/example_dags/tutorial_dag.py
[2025-11-20T22:20:05.503+0500] {processor.py:840} INFO - DAG(s) 'tutorial_dag' retrieved from /mnt/c/Users/Raj/OneDrive - Åbo Akademi O365/banking/venv/lib/python3.12/site-packages/airflow/example_dags/tutorial_dag.py
[2025-11-20T22:20:05.565+0500] {logging_mixin.py:188} INFO - [2025-11-20T22:20:05.563+0500] {dag.py:3096} INFO - Sync 1 DAGs
[2025-11-20T22:20:05.616+0500] {logging_mixin.py:188} INFO - [2025-11-20T22:20:05.614+0500] {dag.py:3954} INFO - Setting next_dagrun for tutorial_dag to None, run_after=None
[2025-11-20T22:20:05.817+0500] {processor.py:183} INFO - Processing /mnt/c/Users/Raj/OneDrive - Åbo Akademi O365/banking/venv/lib/python3.12/site-packages/airflow/example_dags/tutorial_dag.py took 0.390 seconds
[2025-11-20T22:20:51.117+0500] {processor.py:161} INFO - Started process (PID=2028) to work on /mnt/c/Users/Raj/OneDrive - Åbo Akademi O365/banking/venv/lib/python3.12/site-packages/airflow/example_dags/tutorial_dag.py
[2025-11-20T22:20:51.119+0500] {processor.py:830} INFO - Processing file /mnt/c/Users/Raj/OneDrive - Åbo Akademi O365/banking/venv/lib/python3.12/site-packages/airflow/example_dags/tutorial_dag.py for tasks to queue
[2025-11-20T22:20:51.124+0500] {logging_mixin.py:188} INFO - [2025-11-20T22:20:51.122+0500] {dagbag.py:545} INFO - Filling up the DagBag from /mnt/c/Users/Raj/OneDrive - Åbo Akademi O365/banking/venv/lib/python3.12/site-packages/airflow/example_dags/tutorial_dag.py
[2025-11-20T22:20:51.159+0500] {processor.py:840} INFO - DAG(s) 'tutorial_dag' retrieved from /mnt/c/Users/Raj/OneDrive - Åbo Akademi O365/banking/venv/lib/python3.12/site-packages/airflow/example_dags/tutorial_dag.py
[2025-11-20T22:20:51.212+0500] {logging_mixin.py:188} INFO - [2025-11-20T22:20:51.210+0500] {dag.py:3096} INFO - Sync 1 DAGs
[2025-11-20T22:20:51.251+0500] {logging_mixin.py:188} INFO - [2025-11-20T22:20:51.249+0500] {dag.py:3954} INFO - Setting next_dagrun for tutorial_dag to None, run_after=None
[2025-11-20T22:20:51.360+0500] {processor.py:183} INFO - Processing /mnt/c/Users/Raj/OneDrive - Åbo Akademi O365/banking/venv/lib/python3.12/site-packages/airflow/example_dags/tutorial_dag.py took 0.263 seconds
[2025-11-20T22:21:36.524+0500] {processor.py:161} INFO - Started process (PID=2064) to work on /mnt/c/Users/Raj/OneDrive - Åbo Akademi O365/banking/venv/lib/python3.12/site-packages/airflow/example_dags/tutorial_dag.py
[2025-11-20T22:21:36.527+0500] {processor.py:830} INFO - Processing file /mnt/c/Users/Raj/OneDrive - Åbo Akademi O365/banking/venv/lib/python3.12/site-packages/airflow/example_dags/tutorial_dag.py for tasks to queue
[2025-11-20T22:21:36.531+0500] {logging_mixin.py:188} INFO - [2025-11-20T22:21:36.529+0500] {dagbag.py:545} INFO - Filling up the DagBag from /mnt/c/Users/Raj/OneDrive - Åbo Akademi O365/banking/venv/lib/python3.12/site-packages/airflow/example_dags/tutorial_dag.py
[2025-11-20T22:21:36.564+0500] {processor.py:840} INFO - DAG(s) 'tutorial_dag' retrieved from /mnt/c/Users/Raj/OneDrive - Åbo Akademi O365/banking/venv/lib/python3.12/site-packages/airflow/example_dags/tutorial_dag.py
[2025-11-20T22:21:36.610+0500] {logging_mixin.py:188} INFO - [2025-11-20T22:21:36.609+0500] {dag.py:3096} INFO - Sync 1 DAGs
[2025-11-20T22:21:36.630+0500] {logging_mixin.py:188} INFO - [2025-11-20T22:21:36.629+0500] {dag.py:3954} INFO - Setting next_dagrun for tutorial_dag to None, run_after=None
[2025-11-20T22:21:36.705+0500] {processor.py:183} INFO - Processing /mnt/c/Users/Raj/OneDrive - Åbo Akademi O365/banking/venv/lib/python3.12/site-packages/airflow/example_dags/tutorial_dag.py took 0.200 seconds
[2025-11-20T22:22:48.785+0500] {processor.py:161} INFO - Started process (PID=2122) to work on /mnt/c/Users/Raj/OneDrive - Åbo Akademi O365/banking/venv/lib/python3.12/site-packages/airflow/example_dags/tutorial_dag.py
[2025-11-20T22:22:48.788+0500] {processor.py:830} INFO - Processing file /mnt/c/Users/Raj/OneDrive - Åbo Akademi O365/banking/venv/lib/python3.12/site-packages/airflow/example_dags/tutorial_dag.py for tasks to queue
[2025-11-20T22:22:48.792+0500] {logging_mixin.py:188} INFO - [2025-11-20T22:22:48.790+0500] {dagbag.py:545} INFO - Filling up the DagBag from /mnt/c/Users/Raj/OneDrive - Åbo Akademi O365/banking/venv/lib/python3.12/site-packages/airflow/example_dags/tutorial_dag.py
[2025-11-20T22:22:48.828+0500] {processor.py:840} INFO - DAG(s) 'tutorial_dag' retrieved from /mnt/c/Users/Raj/OneDrive - Åbo Akademi O365/banking/venv/lib/python3.12/site-packages/airflow/example_dags/tutorial_dag.py
[2025-11-20T22:22:48.876+0500] {logging_mixin.py:188} INFO - [2025-11-20T22:22:48.875+0500] {dag.py:3096} INFO - Sync 1 DAGs
[2025-11-20T22:22:48.896+0500] {logging_mixin.py:188} INFO - [2025-11-20T22:22:48.895+0500] {dag.py:3954} INFO - Setting next_dagrun for tutorial_dag to None, run_after=None
[2025-11-20T22:22:49.040+0500] {processor.py:183} INFO - Processing /mnt/c/Users/Raj/OneDrive - Åbo Akademi O365/banking/venv/lib/python3.12/site-packages/airflow/example_dags/tutorial_dag.py took 0.273 seconds
[2025-11-20T22:24:07.776+0500] {processor.py:161} INFO - Started process (PID=2183) to work on /mnt/c/Users/Raj/OneDrive - Åbo Akademi O365/banking/venv/lib/python3.12/site-packages/airflow/example_dags/tutorial_dag.py
[2025-11-20T22:24:07.778+0500] {processor.py:830} INFO - Processing file /mnt/c/Users/Raj/OneDrive - Åbo Akademi O365/banking/venv/lib/python3.12/site-packages/airflow/example_dags/tutorial_dag.py for tasks to queue
[2025-11-20T22:24:07.782+0500] {logging_mixin.py:188} INFO - [2025-11-20T22:24:07.780+0500] {dagbag.py:545} INFO - Filling up the DagBag from /mnt/c/Users/Raj/OneDrive - Åbo Akademi O365/banking/venv/lib/python3.12/site-packages/airflow/example_dags/tutorial_dag.py
[2025-11-20T22:24:07.812+0500] {processor.py:840} INFO - DAG(s) 'tutorial_dag' retrieved from /mnt/c/Users/Raj/OneDrive - Åbo Akademi O365/banking/venv/lib/python3.12/site-packages/airflow/example_dags/tutorial_dag.py
[2025-11-20T22:24:07.867+0500] {logging_mixin.py:188} INFO - [2025-11-20T22:24:07.865+0500] {dag.py:3096} INFO - Sync 1 DAGs
[2025-11-20T22:24:07.900+0500] {logging_mixin.py:188} INFO - [2025-11-20T22:24:07.898+0500] {dag.py:3954} INFO - Setting next_dagrun for tutorial_dag to None, run_after=None
[2025-11-20T22:24:08.025+0500] {processor.py:183} INFO - Processing /mnt/c/Users/Raj/OneDrive - Åbo Akademi O365/banking/venv/lib/python3.12/site-packages/airflow/example_dags/tutorial_dag.py took 0.268 seconds
[2025-11-20T22:24:51.769+0500] {processor.py:161} INFO - Started process (PID=2230) to work on /mnt/c/Users/Raj/OneDrive - Åbo Akademi O365/banking/venv/lib/python3.12/site-packages/airflow/example_dags/tutorial_dag.py
[2025-11-20T22:24:51.772+0500] {processor.py:830} INFO - Processing file /mnt/c/Users/Raj/OneDrive - Åbo Akademi O365/banking/venv/lib/python3.12/site-packages/airflow/example_dags/tutorial_dag.py for tasks to queue
[2025-11-20T22:24:51.776+0500] {logging_mixin.py:188} INFO - [2025-11-20T22:24:51.774+0500] {dagbag.py:545} INFO - Filling up the DagBag from /mnt/c/Users/Raj/OneDrive - Åbo Akademi O365/banking/venv/lib/python3.12/site-packages/airflow/example_dags/tutorial_dag.py
[2025-11-20T22:24:51.820+0500] {processor.py:840} INFO - DAG(s) 'tutorial_dag' retrieved from /mnt/c/Users/Raj/OneDrive - Åbo Akademi O365/banking/venv/lib/python3.12/site-packages/airflow/example_dags/tutorial_dag.py
[2025-11-20T22:24:51.890+0500] {logging_mixin.py:188} INFO - [2025-11-20T22:24:51.888+0500] {dag.py:3096} INFO - Sync 1 DAGs
[2025-11-20T22:24:51.934+0500] {logging_mixin.py:188} INFO - [2025-11-20T22:24:51.932+0500] {dag.py:3954} INFO - Setting next_dagrun for tutorial_dag to None, run_after=None
[2025-11-20T22:24:52.060+0500] {processor.py:183} INFO - Processing /mnt/c/Users/Raj/OneDrive - Åbo Akademi O365/banking/venv/lib/python3.12/site-packages/airflow/example_dags/tutorial_dag.py took 0.312 seconds
[2025-11-20T22:25:41.569+0500] {processor.py:161} INFO - Started process (PID=2289) to work on /mnt/c/Users/Raj/OneDrive - Åbo Akademi O365/banking/venv/lib/python3.12/site-packages/airflow/example_dags/tutorial_dag.py
[2025-11-20T22:25:41.572+0500] {processor.py:830} INFO - Processing file /mnt/c/Users/Raj/OneDrive - Åbo Akademi O365/banking/venv/lib/python3.12/site-packages/airflow/example_dags/tutorial_dag.py for tasks to queue
[2025-11-20T22:25:41.575+0500] {logging_mixin.py:188} INFO - [2025-11-20T22:25:41.574+0500] {dagbag.py:545} INFO - Filling up the DagBag from /mnt/c/Users/Raj/OneDrive - Åbo Akademi O365/banking/venv/lib/python3.12/site-packages/airflow/example_dags/tutorial_dag.py
[2025-11-20T22:25:41.604+0500] {processor.py:840} INFO - DAG(s) 'tutorial_dag' retrieved from /mnt/c/Users/Raj/OneDrive - Åbo Akademi O365/banking/venv/lib/python3.12/site-packages/airflow/example_dags/tutorial_dag.py
[2025-11-20T22:25:41.653+0500] {logging_mixin.py:188} INFO - [2025-11-20T22:25:41.651+0500] {dag.py:3096} INFO - Sync 1 DAGs
[2025-11-20T22:25:41.683+0500] {logging_mixin.py:188} INFO - [2025-11-20T22:25:41.681+0500] {dag.py:3954} INFO - Setting next_dagrun for tutorial_dag to None, run_after=None
[2025-11-20T22:25:41.852+0500] {processor.py:183} INFO - Processing /mnt/c/Users/Raj/OneDrive - Åbo Akademi O365/banking/venv/lib/python3.12/site-packages/airflow/example_dags/tutorial_dag.py took 0.305 seconds
[2025-11-20T22:26:46.548+0500] {processor.py:161} INFO - Started process (PID=2320) to work on /mnt/c/Users/Raj/OneDrive - Åbo Akademi O365/banking/venv/lib/python3.12/site-packages/airflow/example_dags/tutorial_dag.py
[2025-11-20T22:26:46.551+0500] {processor.py:830} INFO - Processing file /mnt/c/Users/Raj/OneDrive - Åbo Akademi O365/banking/venv/lib/python3.12/site-packages/airflow/example_dags/tutorial_dag.py for tasks to queue
[2025-11-20T22:26:46.559+0500] {logging_mixin.py:188} INFO - [2025-11-20T22:26:46.554+0500] {dagbag.py:545} INFO - Filling up the DagBag from /mnt/c/Users/Raj/OneDrive - Åbo Akademi O365/banking/venv/lib/python3.12/site-packages/airflow/example_dags/tutorial_dag.py
[2025-11-20T22:26:46.634+0500] {processor.py:840} INFO - DAG(s) 'tutorial_dag' retrieved from /mnt/c/Users/Raj/OneDrive - Åbo Akademi O365/banking/venv/lib/python3.12/site-packages/airflow/example_dags/tutorial_dag.py
[2025-11-20T22:26:46.761+0500] {logging_mixin.py:188} INFO - [2025-11-20T22:26:46.757+0500] {dag.py:3096} INFO - Sync 1 DAGs
[2025-11-20T22:26:46.811+0500] {logging_mixin.py:188} INFO - [2025-11-20T22:26:46.809+0500] {dag.py:3954} INFO - Setting next_dagrun for tutorial_dag to None, run_after=None
[2025-11-20T22:26:46.981+0500] {processor.py:183} INFO - Processing /mnt/c/Users/Raj/OneDrive - Åbo Akademi O365/banking/venv/lib/python3.12/site-packages/airflow/example_dags/tutorial_dag.py took 0.486 seconds
[2025-11-20T22:28:04.012+0500] {processor.py:161} INFO - Started process (PID=2360) to work on /mnt/c/Users/Raj/OneDrive - Åbo Akademi O365/banking/venv/lib/python3.12/site-packages/airflow/example_dags/tutorial_dag.py
[2025-11-20T22:28:04.031+0500] {processor.py:830} INFO - Processing file /mnt/c/Users/Raj/OneDrive - Åbo Akademi O365/banking/venv/lib/python3.12/site-packages/airflow/example_dags/tutorial_dag.py for tasks to queue
[2025-11-20T22:28:04.039+0500] {logging_mixin.py:188} INFO - [2025-11-20T22:28:04.036+0500] {dagbag.py:545} INFO - Filling up the DagBag from /mnt/c/Users/Raj/OneDrive - Åbo Akademi O365/banking/venv/lib/python3.12/site-packages/airflow/example_dags/tutorial_dag.py
[2025-11-20T22:28:04.083+0500] {processor.py:840} INFO - DAG(s) 'tutorial_dag' retrieved from /mnt/c/Users/Raj/OneDrive - Åbo Akademi O365/banking/venv/lib/python3.12/site-packages/airflow/example_dags/tutorial_dag.py
[2025-11-20T22:28:04.195+0500] {logging_mixin.py:188} INFO - [2025-11-20T22:28:04.193+0500] {dag.py:3096} INFO - Sync 1 DAGs
[2025-11-20T22:28:04.249+0500] {logging_mixin.py:188} INFO - [2025-11-20T22:28:04.247+0500] {dag.py:3954} INFO - Setting next_dagrun for tutorial_dag to None, run_after=None
[2025-11-20T22:28:04.402+0500] {processor.py:183} INFO - Processing /mnt/c/Users/Raj/OneDrive - Åbo Akademi O365/banking/venv/lib/python3.12/site-packages/airflow/example_dags/tutorial_dag.py took 0.427 seconds
[2025-11-20T22:29:17.056+0500] {processor.py:161} INFO - Started process (PID=2422) to work on /mnt/c/Users/Raj/OneDrive - Åbo Akademi O365/banking/venv/lib/python3.12/site-packages/airflow/example_dags/tutorial_dag.py
[2025-11-20T22:29:17.061+0500] {processor.py:830} INFO - Processing file /mnt/c/Users/Raj/OneDrive - Åbo Akademi O365/banking/venv/lib/python3.12/site-packages/airflow/example_dags/tutorial_dag.py for tasks to queue
[2025-11-20T22:29:17.068+0500] {logging_mixin.py:188} INFO - [2025-11-20T22:29:17.065+0500] {dagbag.py:545} INFO - Filling up the DagBag from /mnt/c/Users/Raj/OneDrive - Åbo Akademi O365/banking/venv/lib/python3.12/site-packages/airflow/example_dags/tutorial_dag.py
[2025-11-20T22:29:17.119+0500] {processor.py:840} INFO - DAG(s) 'tutorial_dag' retrieved from /mnt/c/Users/Raj/OneDrive - Åbo Akademi O365/banking/venv/lib/python3.12/site-packages/airflow/example_dags/tutorial_dag.py
[2025-11-20T22:29:17.260+0500] {logging_mixin.py:188} INFO - [2025-11-20T22:29:17.250+0500] {dag.py:3096} INFO - Sync 1 DAGs
[2025-11-20T22:29:17.349+0500] {logging_mixin.py:188} INFO - [2025-11-20T22:29:17.345+0500] {dag.py:3954} INFO - Setting next_dagrun for tutorial_dag to None, run_after=None
[2025-11-20T22:29:17.498+0500] {processor.py:183} INFO - Processing /mnt/c/Users/Raj/OneDrive - Åbo Akademi O365/banking/venv/lib/python3.12/site-packages/airflow/example_dags/tutorial_dag.py took 0.485 seconds
[2025-11-20T22:30:34.542+0500] {processor.py:161} INFO - Started process (PID=2460) to work on /mnt/c/Users/Raj/OneDrive - Åbo Akademi O365/banking/venv/lib/python3.12/site-packages/airflow/example_dags/tutorial_dag.py
[2025-11-20T22:30:34.548+0500] {processor.py:830} INFO - Processing file /mnt/c/Users/Raj/OneDrive - Åbo Akademi O365/banking/venv/lib/python3.12/site-packages/airflow/example_dags/tutorial_dag.py for tasks to queue
[2025-11-20T22:30:34.559+0500] {logging_mixin.py:188} INFO - [2025-11-20T22:30:34.552+0500] {dagbag.py:545} INFO - Filling up the DagBag from /mnt/c/Users/Raj/OneDrive - Åbo Akademi O365/banking/venv/lib/python3.12/site-packages/airflow/example_dags/tutorial_dag.py
[2025-11-20T22:30:34.876+0500] {logging_mixin.py:188} INFO - [2025-11-20T22:30:34.834+0500] {dagbag.py:355} ERROR - Failed to import: /mnt/c/Users/Raj/OneDrive - Åbo Akademi O365/banking/venv/lib/python3.12/site-packages/airflow/example_dags/tutorial_dag.py
Traceback (most recent call last):
  File "/mnt/c/Users/Raj/OneDrive - Åbo Akademi O365/banking/venv/lib/python3.12/site-packages/airflow/models/dagbag.py", line 351, in parse
    dag_id,
  File "<frozen importlib._bootstrap_external>", line 995, in exec_module
  File "<frozen importlib._bootstrap>", line 488, in _call_with_frames_removed
  File "/mnt/c/Users/Raj/OneDrive - Åbo Akademi O365/banking/venv/lib/python3.12/site-packages/airflow/example_dags/tutorial_dag.py", line 33, in <module>
    from airflow.providers.standard.operators.python import PythonOperator
ModuleNotFoundError: No module named 'airflow.providers.standard'
[2025-11-20T22:30:34.885+0500] {processor.py:842} WARNING - No viable dags retrieved from /mnt/c/Users/Raj/OneDrive - Åbo Akademi O365/banking/venv/lib/python3.12/site-packages/airflow/example_dags/tutorial_dag.py
[2025-11-20T22:30:35.219+0500] {processor.py:183} INFO - Processing /mnt/c/Users/Raj/OneDrive - Åbo Akademi O365/banking/venv/lib/python3.12/site-packages/airflow/example_dags/tutorial_dag.py took 0.734 seconds
[2025-11-20T22:31:56.507+0500] {processor.py:161} INFO - Started process (PID=2505) to work on /mnt/c/Users/Raj/OneDrive - Åbo Akademi O365/banking/venv/lib/python3.12/site-packages/airflow/example_dags/tutorial_dag.py
[2025-11-20T22:31:56.511+0500] {processor.py:830} INFO - Processing file /mnt/c/Users/Raj/OneDrive - Åbo Akademi O365/banking/venv/lib/python3.12/site-packages/airflow/example_dags/tutorial_dag.py for tasks to queue
[2025-11-20T22:31:56.519+0500] {logging_mixin.py:188} INFO - [2025-11-20T22:31:56.515+0500] {dagbag.py:545} INFO - Filling up the DagBag from /mnt/c/Users/Raj/OneDrive - Åbo Akademi O365/banking/venv/lib/python3.12/site-packages/airflow/example_dags/tutorial_dag.py
[2025-11-20T22:31:56.568+0500] {logging_mixin.py:188} INFO - [2025-11-20T22:31:56.551+0500] {dagbag.py:355} ERROR - Failed to import: /mnt/c/Users/Raj/OneDrive - Åbo Akademi O365/banking/venv/lib/python3.12/site-packages/airflow/example_dags/tutorial_dag.py
Traceback (most recent call last):
  File "/mnt/c/Users/Raj/OneDrive - Åbo Akademi O365/banking/venv/lib/python3.12/site-packages/airflow/models/dagbag.py", line 351, in parse
    dag_id,
  File "<frozen importlib._bootstrap_external>", line 995, in exec_module
  File "<frozen importlib._bootstrap>", line 488, in _call_with_frames_removed
  File "/mnt/c/Users/Raj/OneDrive - Åbo Akademi O365/banking/venv/lib/python3.12/site-packages/airflow/example_dags/tutorial_dag.py", line 33, in <module>
    from airflow.providers.standard.operators.python import PythonOperator
ModuleNotFoundError: No module named 'airflow.providers.standard'
[2025-11-20T22:31:56.573+0500] {processor.py:842} WARNING - No viable dags retrieved from /mnt/c/Users/Raj/OneDrive - Åbo Akademi O365/banking/venv/lib/python3.12/site-packages/airflow/example_dags/tutorial_dag.py
[2025-11-20T22:31:56.672+0500] {processor.py:183} INFO - Processing /mnt/c/Users/Raj/OneDrive - Åbo Akademi O365/banking/venv/lib/python3.12/site-packages/airflow/example_dags/tutorial_dag.py took 0.202 seconds
