[2025-11-20T20:34:38.925+0500] {processor.py:161} INFO - Started process (PID=11786) to work on /mnt/c/Users/Raj/OneDrive - Åbo Akademi O365/banking/venv/lib/python3.12/site-packages/airflow/example_dags/tutorial_taskflow_api.py
[2025-11-20T20:34:38.927+0500] {processor.py:830} INFO - Processing file /mnt/c/Users/Raj/OneDrive - Åbo Akademi O365/banking/venv/lib/python3.12/site-packages/airflow/example_dags/tutorial_taskflow_api.py for tasks to queue
[2025-11-20T20:34:38.932+0500] {logging_mixin.py:188} INFO - [2025-11-20T20:34:38.930+0500] {dagbag.py:545} INFO - Filling up the DagBag from /mnt/c/Users/Raj/OneDrive - Åbo Akademi O365/banking/venv/lib/python3.12/site-packages/airflow/example_dags/tutorial_taskflow_api.py
[2025-11-20T20:34:39.086+0500] {processor.py:840} INFO - DAG(s) 'tutorial_taskflow_api' retrieved from /mnt/c/Users/Raj/OneDrive - Åbo Akademi O365/banking/venv/lib/python3.12/site-packages/airflow/example_dags/tutorial_taskflow_api.py
[2025-11-20T20:34:39.857+0500] {logging_mixin.py:188} INFO - [2025-11-20T20:34:39.855+0500] {override.py:1829} INFO - Created Permission View: can delete on DAG:tutorial_taskflow_api
[2025-11-20T20:34:39.906+0500] {logging_mixin.py:188} INFO - [2025-11-20T20:34:39.904+0500] {override.py:1829} INFO - Created Permission View: can read on DAG:tutorial_taskflow_api
[2025-11-20T20:34:39.953+0500] {logging_mixin.py:188} INFO - [2025-11-20T20:34:39.951+0500] {override.py:1829} INFO - Created Permission View: can edit on DAG:tutorial_taskflow_api
[2025-11-20T20:34:39.956+0500] {logging_mixin.py:188} INFO - [2025-11-20T20:34:39.955+0500] {dag.py:3096} INFO - Sync 1 DAGs
[2025-11-20T20:34:39.981+0500] {logging_mixin.py:188} INFO - [2025-11-20T20:34:39.979+0500] {dag.py:3118} INFO - Creating ORM DAG for tutorial_taskflow_api
[2025-11-20T20:34:39.984+0500] {logging_mixin.py:188} INFO - [2025-11-20T20:34:39.982+0500] {dag.py:3954} INFO - Setting next_dagrun for tutorial_taskflow_api to None, run_after=None
[2025-11-20T20:34:40.088+0500] {processor.py:183} INFO - Processing /mnt/c/Users/Raj/OneDrive - Åbo Akademi O365/banking/venv/lib/python3.12/site-packages/airflow/example_dags/tutorial_taskflow_api.py took 2.499 seconds
[2025-11-20T20:37:23.213+0500] {processor.py:161} INFO - Started process (PID=12364) to work on /mnt/c/Users/Raj/OneDrive - Åbo Akademi O365/banking/venv/lib/python3.12/site-packages/airflow/example_dags/tutorial_taskflow_api.py
[2025-11-20T20:37:23.216+0500] {processor.py:830} INFO - Processing file /mnt/c/Users/Raj/OneDrive - Åbo Akademi O365/banking/venv/lib/python3.12/site-packages/airflow/example_dags/tutorial_taskflow_api.py for tasks to queue
[2025-11-20T20:37:23.222+0500] {logging_mixin.py:188} INFO - [2025-11-20T20:37:23.220+0500] {dagbag.py:545} INFO - Filling up the DagBag from /mnt/c/Users/Raj/OneDrive - Åbo Akademi O365/banking/venv/lib/python3.12/site-packages/airflow/example_dags/tutorial_taskflow_api.py
[2025-11-20T20:37:23.257+0500] {processor.py:840} INFO - DAG(s) 'tutorial_taskflow_api' retrieved from /mnt/c/Users/Raj/OneDrive - Åbo Akademi O365/banking/venv/lib/python3.12/site-packages/airflow/example_dags/tutorial_taskflow_api.py
[2025-11-20T20:37:23.301+0500] {logging_mixin.py:188} INFO - [2025-11-20T20:37:23.300+0500] {dag.py:3096} INFO - Sync 1 DAGs
[2025-11-20T20:37:23.328+0500] {logging_mixin.py:188} INFO - [2025-11-20T20:37:23.327+0500] {dag.py:3954} INFO - Setting next_dagrun for tutorial_taskflow_api to None, run_after=None
[2025-11-20T20:37:23.427+0500] {processor.py:183} INFO - Processing /mnt/c/Users/Raj/OneDrive - Åbo Akademi O365/banking/venv/lib/python3.12/site-packages/airflow/example_dags/tutorial_taskflow_api.py took 0.233 seconds
[2025-11-20T20:38:20.968+0500] {processor.py:161} INFO - Started process (PID=12550) to work on /mnt/c/Users/Raj/OneDrive - Åbo Akademi O365/banking/venv/lib/python3.12/site-packages/airflow/example_dags/tutorial_taskflow_api.py
[2025-11-20T20:38:20.972+0500] {processor.py:830} INFO - Processing file /mnt/c/Users/Raj/OneDrive - Åbo Akademi O365/banking/venv/lib/python3.12/site-packages/airflow/example_dags/tutorial_taskflow_api.py for tasks to queue
[2025-11-20T20:38:20.978+0500] {logging_mixin.py:188} INFO - [2025-11-20T20:38:20.976+0500] {dagbag.py:545} INFO - Filling up the DagBag from /mnt/c/Users/Raj/OneDrive - Åbo Akademi O365/banking/venv/lib/python3.12/site-packages/airflow/example_dags/tutorial_taskflow_api.py
[2025-11-20T20:38:21.013+0500] {processor.py:840} INFO - DAG(s) 'tutorial_taskflow_api' retrieved from /mnt/c/Users/Raj/OneDrive - Åbo Akademi O365/banking/venv/lib/python3.12/site-packages/airflow/example_dags/tutorial_taskflow_api.py
[2025-11-20T20:38:21.086+0500] {logging_mixin.py:188} INFO - [2025-11-20T20:38:21.084+0500] {dag.py:3096} INFO - Sync 1 DAGs
[2025-11-20T20:38:21.119+0500] {logging_mixin.py:188} INFO - [2025-11-20T20:38:21.118+0500] {dag.py:3954} INFO - Setting next_dagrun for tutorial_taskflow_api to None, run_after=None
[2025-11-20T20:38:21.256+0500] {processor.py:183} INFO - Processing /mnt/c/Users/Raj/OneDrive - Åbo Akademi O365/banking/venv/lib/python3.12/site-packages/airflow/example_dags/tutorial_taskflow_api.py took 0.313 seconds
[2025-11-20T20:39:01.992+0500] {processor.py:161} INFO - Started process (PID=12692) to work on /mnt/c/Users/Raj/OneDrive - Åbo Akademi O365/banking/venv/lib/python3.12/site-packages/airflow/example_dags/tutorial_taskflow_api.py
[2025-11-20T20:39:01.995+0500] {processor.py:830} INFO - Processing file /mnt/c/Users/Raj/OneDrive - Åbo Akademi O365/banking/venv/lib/python3.12/site-packages/airflow/example_dags/tutorial_taskflow_api.py for tasks to queue
[2025-11-20T20:39:02.000+0500] {logging_mixin.py:188} INFO - [2025-11-20T20:39:01.998+0500] {dagbag.py:545} INFO - Filling up the DagBag from /mnt/c/Users/Raj/OneDrive - Åbo Akademi O365/banking/venv/lib/python3.12/site-packages/airflow/example_dags/tutorial_taskflow_api.py
[2025-11-20T20:39:02.033+0500] {processor.py:840} INFO - DAG(s) 'tutorial_taskflow_api' retrieved from /mnt/c/Users/Raj/OneDrive - Åbo Akademi O365/banking/venv/lib/python3.12/site-packages/airflow/example_dags/tutorial_taskflow_api.py
[2025-11-20T20:39:02.079+0500] {logging_mixin.py:188} INFO - [2025-11-20T20:39:02.078+0500] {dag.py:3096} INFO - Sync 1 DAGs
[2025-11-20T20:39:02.100+0500] {logging_mixin.py:188} INFO - [2025-11-20T20:39:02.099+0500] {dag.py:3954} INFO - Setting next_dagrun for tutorial_taskflow_api to None, run_after=None
[2025-11-20T20:39:02.192+0500] {processor.py:183} INFO - Processing /mnt/c/Users/Raj/OneDrive - Åbo Akademi O365/banking/venv/lib/python3.12/site-packages/airflow/example_dags/tutorial_taskflow_api.py took 0.220 seconds
[2025-11-20T20:39:44.071+0500] {processor.py:161} INFO - Started process (PID=12851) to work on /mnt/c/Users/Raj/OneDrive - Åbo Akademi O365/banking/venv/lib/python3.12/site-packages/airflow/example_dags/tutorial_taskflow_api.py
[2025-11-20T20:39:44.076+0500] {processor.py:830} INFO - Processing file /mnt/c/Users/Raj/OneDrive - Åbo Akademi O365/banking/venv/lib/python3.12/site-packages/airflow/example_dags/tutorial_taskflow_api.py for tasks to queue
[2025-11-20T20:39:44.082+0500] {logging_mixin.py:188} INFO - [2025-11-20T20:39:44.081+0500] {dagbag.py:545} INFO - Filling up the DagBag from /mnt/c/Users/Raj/OneDrive - Åbo Akademi O365/banking/venv/lib/python3.12/site-packages/airflow/example_dags/tutorial_taskflow_api.py
[2025-11-20T20:39:44.132+0500] {processor.py:840} INFO - DAG(s) 'tutorial_taskflow_api' retrieved from /mnt/c/Users/Raj/OneDrive - Åbo Akademi O365/banking/venv/lib/python3.12/site-packages/airflow/example_dags/tutorial_taskflow_api.py
[2025-11-20T20:39:44.191+0500] {logging_mixin.py:188} INFO - [2025-11-20T20:39:44.190+0500] {dag.py:3096} INFO - Sync 1 DAGs
[2025-11-20T20:39:44.220+0500] {logging_mixin.py:188} INFO - [2025-11-20T20:39:44.219+0500] {dag.py:3954} INFO - Setting next_dagrun for tutorial_taskflow_api to None, run_after=None
[2025-11-20T20:39:44.345+0500] {processor.py:183} INFO - Processing /mnt/c/Users/Raj/OneDrive - Åbo Akademi O365/banking/venv/lib/python3.12/site-packages/airflow/example_dags/tutorial_taskflow_api.py took 0.295 seconds
[2025-11-20T20:40:21.414+0500] {processor.py:161} INFO - Started process (PID=12977) to work on /mnt/c/Users/Raj/OneDrive - Åbo Akademi O365/banking/venv/lib/python3.12/site-packages/airflow/example_dags/tutorial_taskflow_api.py
[2025-11-20T20:40:21.423+0500] {processor.py:830} INFO - Processing file /mnt/c/Users/Raj/OneDrive - Åbo Akademi O365/banking/venv/lib/python3.12/site-packages/airflow/example_dags/tutorial_taskflow_api.py for tasks to queue
[2025-11-20T20:40:21.433+0500] {logging_mixin.py:188} INFO - [2025-11-20T20:40:21.430+0500] {dagbag.py:545} INFO - Filling up the DagBag from /mnt/c/Users/Raj/OneDrive - Åbo Akademi O365/banking/venv/lib/python3.12/site-packages/airflow/example_dags/tutorial_taskflow_api.py
[2025-11-20T20:40:21.478+0500] {processor.py:840} INFO - DAG(s) 'tutorial_taskflow_api' retrieved from /mnt/c/Users/Raj/OneDrive - Åbo Akademi O365/banking/venv/lib/python3.12/site-packages/airflow/example_dags/tutorial_taskflow_api.py
[2025-11-20T20:40:21.532+0500] {logging_mixin.py:188} INFO - [2025-11-20T20:40:21.531+0500] {dag.py:3096} INFO - Sync 1 DAGs
[2025-11-20T20:40:21.557+0500] {logging_mixin.py:188} INFO - [2025-11-20T20:40:21.555+0500] {dag.py:3954} INFO - Setting next_dagrun for tutorial_taskflow_api to None, run_after=None
[2025-11-20T20:40:21.668+0500] {processor.py:183} INFO - Processing /mnt/c/Users/Raj/OneDrive - Åbo Akademi O365/banking/venv/lib/python3.12/site-packages/airflow/example_dags/tutorial_taskflow_api.py took 0.277 seconds
[2025-11-20T20:41:00.006+0500] {processor.py:161} INFO - Started process (PID=13107) to work on /mnt/c/Users/Raj/OneDrive - Åbo Akademi O365/banking/venv/lib/python3.12/site-packages/airflow/example_dags/tutorial_taskflow_api.py
[2025-11-20T20:41:00.009+0500] {processor.py:830} INFO - Processing file /mnt/c/Users/Raj/OneDrive - Åbo Akademi O365/banking/venv/lib/python3.12/site-packages/airflow/example_dags/tutorial_taskflow_api.py for tasks to queue
[2025-11-20T20:41:00.015+0500] {logging_mixin.py:188} INFO - [2025-11-20T20:41:00.013+0500] {dagbag.py:545} INFO - Filling up the DagBag from /mnt/c/Users/Raj/OneDrive - Åbo Akademi O365/banking/venv/lib/python3.12/site-packages/airflow/example_dags/tutorial_taskflow_api.py
[2025-11-20T20:41:00.051+0500] {processor.py:840} INFO - DAG(s) 'tutorial_taskflow_api' retrieved from /mnt/c/Users/Raj/OneDrive - Åbo Akademi O365/banking/venv/lib/python3.12/site-packages/airflow/example_dags/tutorial_taskflow_api.py
[2025-11-20T20:41:00.094+0500] {logging_mixin.py:188} INFO - [2025-11-20T20:41:00.093+0500] {dag.py:3096} INFO - Sync 1 DAGs
[2025-11-20T20:41:00.118+0500] {logging_mixin.py:188} INFO - [2025-11-20T20:41:00.116+0500] {dag.py:3954} INFO - Setting next_dagrun for tutorial_taskflow_api to None, run_after=None
[2025-11-20T20:41:00.222+0500] {processor.py:183} INFO - Processing /mnt/c/Users/Raj/OneDrive - Åbo Akademi O365/banking/venv/lib/python3.12/site-packages/airflow/example_dags/tutorial_taskflow_api.py took 0.239 seconds
[2025-11-20T20:41:39.027+0500] {processor.py:161} INFO - Started process (PID=13243) to work on /mnt/c/Users/Raj/OneDrive - Åbo Akademi O365/banking/venv/lib/python3.12/site-packages/airflow/example_dags/tutorial_taskflow_api.py
[2025-11-20T20:41:39.030+0500] {processor.py:830} INFO - Processing file /mnt/c/Users/Raj/OneDrive - Åbo Akademi O365/banking/venv/lib/python3.12/site-packages/airflow/example_dags/tutorial_taskflow_api.py for tasks to queue
[2025-11-20T20:41:39.036+0500] {logging_mixin.py:188} INFO - [2025-11-20T20:41:39.034+0500] {dagbag.py:545} INFO - Filling up the DagBag from /mnt/c/Users/Raj/OneDrive - Åbo Akademi O365/banking/venv/lib/python3.12/site-packages/airflow/example_dags/tutorial_taskflow_api.py
[2025-11-20T20:41:39.075+0500] {processor.py:840} INFO - DAG(s) 'tutorial_taskflow_api' retrieved from /mnt/c/Users/Raj/OneDrive - Åbo Akademi O365/banking/venv/lib/python3.12/site-packages/airflow/example_dags/tutorial_taskflow_api.py
[2025-11-20T20:41:39.123+0500] {logging_mixin.py:188} INFO - [2025-11-20T20:41:39.122+0500] {dag.py:3096} INFO - Sync 1 DAGs
[2025-11-20T20:41:39.142+0500] {logging_mixin.py:188} INFO - [2025-11-20T20:41:39.141+0500] {dag.py:3954} INFO - Setting next_dagrun for tutorial_taskflow_api to None, run_after=None
[2025-11-20T20:41:39.239+0500] {processor.py:183} INFO - Processing /mnt/c/Users/Raj/OneDrive - Åbo Akademi O365/banking/venv/lib/python3.12/site-packages/airflow/example_dags/tutorial_taskflow_api.py took 0.234 seconds
[2025-11-20T20:42:18.824+0500] {processor.py:161} INFO - Started process (PID=13374) to work on /mnt/c/Users/Raj/OneDrive - Åbo Akademi O365/banking/venv/lib/python3.12/site-packages/airflow/example_dags/tutorial_taskflow_api.py
[2025-11-20T20:42:18.827+0500] {processor.py:830} INFO - Processing file /mnt/c/Users/Raj/OneDrive - Åbo Akademi O365/banking/venv/lib/python3.12/site-packages/airflow/example_dags/tutorial_taskflow_api.py for tasks to queue
[2025-11-20T20:42:18.833+0500] {logging_mixin.py:188} INFO - [2025-11-20T20:42:18.831+0500] {dagbag.py:545} INFO - Filling up the DagBag from /mnt/c/Users/Raj/OneDrive - Åbo Akademi O365/banking/venv/lib/python3.12/site-packages/airflow/example_dags/tutorial_taskflow_api.py
[2025-11-20T20:42:18.876+0500] {processor.py:840} INFO - DAG(s) 'tutorial_taskflow_api' retrieved from /mnt/c/Users/Raj/OneDrive - Åbo Akademi O365/banking/venv/lib/python3.12/site-packages/airflow/example_dags/tutorial_taskflow_api.py
[2025-11-20T20:42:18.926+0500] {logging_mixin.py:188} INFO - [2025-11-20T20:42:18.925+0500] {dag.py:3096} INFO - Sync 1 DAGs
[2025-11-20T20:42:18.953+0500] {logging_mixin.py:188} INFO - [2025-11-20T20:42:18.949+0500] {dag.py:3954} INFO - Setting next_dagrun for tutorial_taskflow_api to None, run_after=None
[2025-11-20T20:42:19.058+0500] {processor.py:183} INFO - Processing /mnt/c/Users/Raj/OneDrive - Åbo Akademi O365/banking/venv/lib/python3.12/site-packages/airflow/example_dags/tutorial_taskflow_api.py took 0.255 seconds
[2025-11-20T20:42:56.475+0500] {processor.py:161} INFO - Started process (PID=13500) to work on /mnt/c/Users/Raj/OneDrive - Åbo Akademi O365/banking/venv/lib/python3.12/site-packages/airflow/example_dags/tutorial_taskflow_api.py
[2025-11-20T20:42:56.478+0500] {processor.py:830} INFO - Processing file /mnt/c/Users/Raj/OneDrive - Åbo Akademi O365/banking/venv/lib/python3.12/site-packages/airflow/example_dags/tutorial_taskflow_api.py for tasks to queue
[2025-11-20T20:42:56.483+0500] {logging_mixin.py:188} INFO - [2025-11-20T20:42:56.482+0500] {dagbag.py:545} INFO - Filling up the DagBag from /mnt/c/Users/Raj/OneDrive - Åbo Akademi O365/banking/venv/lib/python3.12/site-packages/airflow/example_dags/tutorial_taskflow_api.py
[2025-11-20T20:42:56.516+0500] {processor.py:840} INFO - DAG(s) 'tutorial_taskflow_api' retrieved from /mnt/c/Users/Raj/OneDrive - Åbo Akademi O365/banking/venv/lib/python3.12/site-packages/airflow/example_dags/tutorial_taskflow_api.py
[2025-11-20T20:42:56.555+0500] {logging_mixin.py:188} INFO - [2025-11-20T20:42:56.554+0500] {dag.py:3096} INFO - Sync 1 DAGs
[2025-11-20T20:42:56.577+0500] {logging_mixin.py:188} INFO - [2025-11-20T20:42:56.576+0500] {dag.py:3954} INFO - Setting next_dagrun for tutorial_taskflow_api to None, run_after=None
[2025-11-20T20:42:56.684+0500] {processor.py:183} INFO - Processing /mnt/c/Users/Raj/OneDrive - Åbo Akademi O365/banking/venv/lib/python3.12/site-packages/airflow/example_dags/tutorial_taskflow_api.py took 0.225 seconds
[2025-11-20T20:43:38.669+0500] {processor.py:161} INFO - Started process (PID=13639) to work on /mnt/c/Users/Raj/OneDrive - Åbo Akademi O365/banking/venv/lib/python3.12/site-packages/airflow/example_dags/tutorial_taskflow_api.py
[2025-11-20T20:43:38.671+0500] {processor.py:830} INFO - Processing file /mnt/c/Users/Raj/OneDrive - Åbo Akademi O365/banking/venv/lib/python3.12/site-packages/airflow/example_dags/tutorial_taskflow_api.py for tasks to queue
[2025-11-20T20:43:38.677+0500] {logging_mixin.py:188} INFO - [2025-11-20T20:43:38.675+0500] {dagbag.py:545} INFO - Filling up the DagBag from /mnt/c/Users/Raj/OneDrive - Åbo Akademi O365/banking/venv/lib/python3.12/site-packages/airflow/example_dags/tutorial_taskflow_api.py
[2025-11-20T20:43:38.713+0500] {processor.py:840} INFO - DAG(s) 'tutorial_taskflow_api' retrieved from /mnt/c/Users/Raj/OneDrive - Åbo Akademi O365/banking/venv/lib/python3.12/site-packages/airflow/example_dags/tutorial_taskflow_api.py
[2025-11-20T20:43:38.757+0500] {logging_mixin.py:188} INFO - [2025-11-20T20:43:38.756+0500] {dag.py:3096} INFO - Sync 1 DAGs
[2025-11-20T20:43:38.782+0500] {logging_mixin.py:188} INFO - [2025-11-20T20:43:38.779+0500] {dag.py:3954} INFO - Setting next_dagrun for tutorial_taskflow_api to None, run_after=None
[2025-11-20T20:43:38.893+0500] {processor.py:183} INFO - Processing /mnt/c/Users/Raj/OneDrive - Åbo Akademi O365/banking/venv/lib/python3.12/site-packages/airflow/example_dags/tutorial_taskflow_api.py took 0.246 seconds
[2025-11-20T20:44:20.083+0500] {processor.py:161} INFO - Started process (PID=13803) to work on /mnt/c/Users/Raj/OneDrive - Åbo Akademi O365/banking/venv/lib/python3.12/site-packages/airflow/example_dags/tutorial_taskflow_api.py
[2025-11-20T20:44:20.085+0500] {processor.py:830} INFO - Processing file /mnt/c/Users/Raj/OneDrive - Åbo Akademi O365/banking/venv/lib/python3.12/site-packages/airflow/example_dags/tutorial_taskflow_api.py for tasks to queue
[2025-11-20T20:44:20.089+0500] {logging_mixin.py:188} INFO - [2025-11-20T20:44:20.088+0500] {dagbag.py:545} INFO - Filling up the DagBag from /mnt/c/Users/Raj/OneDrive - Åbo Akademi O365/banking/venv/lib/python3.12/site-packages/airflow/example_dags/tutorial_taskflow_api.py
[2025-11-20T20:44:20.118+0500] {processor.py:840} INFO - DAG(s) 'tutorial_taskflow_api' retrieved from /mnt/c/Users/Raj/OneDrive - Åbo Akademi O365/banking/venv/lib/python3.12/site-packages/airflow/example_dags/tutorial_taskflow_api.py
[2025-11-20T20:44:20.159+0500] {logging_mixin.py:188} INFO - [2025-11-20T20:44:20.158+0500] {dag.py:3096} INFO - Sync 1 DAGs
[2025-11-20T20:44:20.186+0500] {logging_mixin.py:188} INFO - [2025-11-20T20:44:20.185+0500] {dag.py:3954} INFO - Setting next_dagrun for tutorial_taskflow_api to None, run_after=None
[2025-11-20T20:44:20.284+0500] {processor.py:183} INFO - Processing /mnt/c/Users/Raj/OneDrive - Åbo Akademi O365/banking/venv/lib/python3.12/site-packages/airflow/example_dags/tutorial_taskflow_api.py took 0.216 seconds
[2025-11-20T20:45:00.422+0500] {processor.py:161} INFO - Started process (PID=13948) to work on /mnt/c/Users/Raj/OneDrive - Åbo Akademi O365/banking/venv/lib/python3.12/site-packages/airflow/example_dags/tutorial_taskflow_api.py
[2025-11-20T20:45:00.425+0500] {processor.py:830} INFO - Processing file /mnt/c/Users/Raj/OneDrive - Åbo Akademi O365/banking/venv/lib/python3.12/site-packages/airflow/example_dags/tutorial_taskflow_api.py for tasks to queue
[2025-11-20T20:45:00.429+0500] {logging_mixin.py:188} INFO - [2025-11-20T20:45:00.428+0500] {dagbag.py:545} INFO - Filling up the DagBag from /mnt/c/Users/Raj/OneDrive - Åbo Akademi O365/banking/venv/lib/python3.12/site-packages/airflow/example_dags/tutorial_taskflow_api.py
[2025-11-20T20:45:00.471+0500] {processor.py:840} INFO - DAG(s) 'tutorial_taskflow_api' retrieved from /mnt/c/Users/Raj/OneDrive - Åbo Akademi O365/banking/venv/lib/python3.12/site-packages/airflow/example_dags/tutorial_taskflow_api.py
[2025-11-20T20:45:00.519+0500] {logging_mixin.py:188} INFO - [2025-11-20T20:45:00.517+0500] {dag.py:3096} INFO - Sync 1 DAGs
[2025-11-20T20:45:00.543+0500] {logging_mixin.py:188} INFO - [2025-11-20T20:45:00.542+0500] {dag.py:3954} INFO - Setting next_dagrun for tutorial_taskflow_api to None, run_after=None
[2025-11-20T20:45:00.667+0500] {processor.py:183} INFO - Processing /mnt/c/Users/Raj/OneDrive - Åbo Akademi O365/banking/venv/lib/python3.12/site-packages/airflow/example_dags/tutorial_taskflow_api.py took 0.262 seconds
[2025-11-20T20:45:43.107+0500] {processor.py:161} INFO - Started process (PID=14094) to work on /mnt/c/Users/Raj/OneDrive - Åbo Akademi O365/banking/venv/lib/python3.12/site-packages/airflow/example_dags/tutorial_taskflow_api.py
[2025-11-20T20:45:43.111+0500] {processor.py:830} INFO - Processing file /mnt/c/Users/Raj/OneDrive - Åbo Akademi O365/banking/venv/lib/python3.12/site-packages/airflow/example_dags/tutorial_taskflow_api.py for tasks to queue
[2025-11-20T20:45:43.117+0500] {logging_mixin.py:188} INFO - [2025-11-20T20:45:43.115+0500] {dagbag.py:545} INFO - Filling up the DagBag from /mnt/c/Users/Raj/OneDrive - Åbo Akademi O365/banking/venv/lib/python3.12/site-packages/airflow/example_dags/tutorial_taskflow_api.py
[2025-11-20T20:45:43.158+0500] {processor.py:840} INFO - DAG(s) 'tutorial_taskflow_api' retrieved from /mnt/c/Users/Raj/OneDrive - Åbo Akademi O365/banking/venv/lib/python3.12/site-packages/airflow/example_dags/tutorial_taskflow_api.py
[2025-11-20T20:45:43.218+0500] {logging_mixin.py:188} INFO - [2025-11-20T20:45:43.217+0500] {dag.py:3096} INFO - Sync 1 DAGs
[2025-11-20T20:45:43.246+0500] {logging_mixin.py:188} INFO - [2025-11-20T20:45:43.245+0500] {dag.py:3954} INFO - Setting next_dagrun for tutorial_taskflow_api to None, run_after=None
[2025-11-20T20:45:43.362+0500] {processor.py:183} INFO - Processing /mnt/c/Users/Raj/OneDrive - Åbo Akademi O365/banking/venv/lib/python3.12/site-packages/airflow/example_dags/tutorial_taskflow_api.py took 0.276 seconds
[2025-11-20T20:46:54.577+0500] {processor.py:161} INFO - Started process (PID=14432) to work on /mnt/c/Users/Raj/OneDrive - Åbo Akademi O365/banking/venv/lib/python3.12/site-packages/airflow/example_dags/tutorial_taskflow_api.py
[2025-11-20T20:46:54.581+0500] {processor.py:830} INFO - Processing file /mnt/c/Users/Raj/OneDrive - Åbo Akademi O365/banking/venv/lib/python3.12/site-packages/airflow/example_dags/tutorial_taskflow_api.py for tasks to queue
[2025-11-20T20:46:54.592+0500] {logging_mixin.py:188} INFO - [2025-11-20T20:46:54.590+0500] {dagbag.py:545} INFO - Filling up the DagBag from /mnt/c/Users/Raj/OneDrive - Åbo Akademi O365/banking/venv/lib/python3.12/site-packages/airflow/example_dags/tutorial_taskflow_api.py
[2025-11-20T20:46:54.663+0500] {processor.py:840} INFO - DAG(s) 'tutorial_taskflow_api' retrieved from /mnt/c/Users/Raj/OneDrive - Åbo Akademi O365/banking/venv/lib/python3.12/site-packages/airflow/example_dags/tutorial_taskflow_api.py
[2025-11-20T20:46:54.753+0500] {logging_mixin.py:188} INFO - [2025-11-20T20:46:54.751+0500] {dag.py:3096} INFO - Sync 1 DAGs
[2025-11-20T20:46:54.790+0500] {logging_mixin.py:188} INFO - [2025-11-20T20:46:54.788+0500] {dag.py:3954} INFO - Setting next_dagrun for tutorial_taskflow_api to None, run_after=None
[2025-11-20T20:46:54.961+0500] {processor.py:183} INFO - Processing /mnt/c/Users/Raj/OneDrive - Åbo Akademi O365/banking/venv/lib/python3.12/site-packages/airflow/example_dags/tutorial_taskflow_api.py took 0.482 seconds
[2025-11-20T20:47:36.914+0500] {processor.py:161} INFO - Started process (PID=14642) to work on /mnt/c/Users/Raj/OneDrive - Åbo Akademi O365/banking/venv/lib/python3.12/site-packages/airflow/example_dags/tutorial_taskflow_api.py
[2025-11-20T20:47:36.918+0500] {processor.py:830} INFO - Processing file /mnt/c/Users/Raj/OneDrive - Åbo Akademi O365/banking/venv/lib/python3.12/site-packages/airflow/example_dags/tutorial_taskflow_api.py for tasks to queue
[2025-11-20T20:47:36.923+0500] {logging_mixin.py:188} INFO - [2025-11-20T20:47:36.921+0500] {dagbag.py:545} INFO - Filling up the DagBag from /mnt/c/Users/Raj/OneDrive - Åbo Akademi O365/banking/venv/lib/python3.12/site-packages/airflow/example_dags/tutorial_taskflow_api.py
[2025-11-20T20:47:36.966+0500] {processor.py:840} INFO - DAG(s) 'tutorial_taskflow_api' retrieved from /mnt/c/Users/Raj/OneDrive - Åbo Akademi O365/banking/venv/lib/python3.12/site-packages/airflow/example_dags/tutorial_taskflow_api.py
[2025-11-20T20:47:37.016+0500] {logging_mixin.py:188} INFO - [2025-11-20T20:47:37.014+0500] {dag.py:3096} INFO - Sync 1 DAGs
[2025-11-20T20:47:37.039+0500] {logging_mixin.py:188} INFO - [2025-11-20T20:47:37.037+0500] {dag.py:3954} INFO - Setting next_dagrun for tutorial_taskflow_api to None, run_after=None
[2025-11-20T20:47:37.138+0500] {processor.py:183} INFO - Processing /mnt/c/Users/Raj/OneDrive - Åbo Akademi O365/banking/venv/lib/python3.12/site-packages/airflow/example_dags/tutorial_taskflow_api.py took 0.244 seconds
[2025-11-20T20:48:15.135+0500] {processor.py:161} INFO - Started process (PID=14775) to work on /mnt/c/Users/Raj/OneDrive - Åbo Akademi O365/banking/venv/lib/python3.12/site-packages/airflow/example_dags/tutorial_taskflow_api.py
[2025-11-20T20:48:15.151+0500] {processor.py:830} INFO - Processing file /mnt/c/Users/Raj/OneDrive - Åbo Akademi O365/banking/venv/lib/python3.12/site-packages/airflow/example_dags/tutorial_taskflow_api.py for tasks to queue
[2025-11-20T20:48:15.158+0500] {logging_mixin.py:188} INFO - [2025-11-20T20:48:15.156+0500] {dagbag.py:545} INFO - Filling up the DagBag from /mnt/c/Users/Raj/OneDrive - Åbo Akademi O365/banking/venv/lib/python3.12/site-packages/airflow/example_dags/tutorial_taskflow_api.py
[2025-11-20T20:48:15.333+0500] {processor.py:840} INFO - DAG(s) 'tutorial_taskflow_api' retrieved from /mnt/c/Users/Raj/OneDrive - Åbo Akademi O365/banking/venv/lib/python3.12/site-packages/airflow/example_dags/tutorial_taskflow_api.py
[2025-11-20T20:48:15.382+0500] {logging_mixin.py:188} INFO - [2025-11-20T20:48:15.380+0500] {dag.py:3096} INFO - Sync 1 DAGs
[2025-11-20T20:48:15.404+0500] {logging_mixin.py:188} INFO - [2025-11-20T20:48:15.402+0500] {dag.py:3954} INFO - Setting next_dagrun for tutorial_taskflow_api to None, run_after=None
[2025-11-20T20:48:15.505+0500] {processor.py:183} INFO - Processing /mnt/c/Users/Raj/OneDrive - Åbo Akademi O365/banking/venv/lib/python3.12/site-packages/airflow/example_dags/tutorial_taskflow_api.py took 0.394 seconds
[2025-11-20T20:48:53.761+0500] {processor.py:161} INFO - Started process (PID=15057) to work on /mnt/c/Users/Raj/OneDrive - Åbo Akademi O365/banking/venv/lib/python3.12/site-packages/airflow/example_dags/tutorial_taskflow_api.py
[2025-11-20T20:48:53.765+0500] {processor.py:830} INFO - Processing file /mnt/c/Users/Raj/OneDrive - Åbo Akademi O365/banking/venv/lib/python3.12/site-packages/airflow/example_dags/tutorial_taskflow_api.py for tasks to queue
[2025-11-20T20:48:53.770+0500] {logging_mixin.py:188} INFO - [2025-11-20T20:48:53.768+0500] {dagbag.py:545} INFO - Filling up the DagBag from /mnt/c/Users/Raj/OneDrive - Åbo Akademi O365/banking/venv/lib/python3.12/site-packages/airflow/example_dags/tutorial_taskflow_api.py
[2025-11-20T20:48:53.807+0500] {processor.py:840} INFO - DAG(s) 'tutorial_taskflow_api' retrieved from /mnt/c/Users/Raj/OneDrive - Åbo Akademi O365/banking/venv/lib/python3.12/site-packages/airflow/example_dags/tutorial_taskflow_api.py
[2025-11-20T20:48:53.853+0500] {logging_mixin.py:188} INFO - [2025-11-20T20:48:53.851+0500] {dag.py:3096} INFO - Sync 1 DAGs
[2025-11-20T20:48:53.878+0500] {logging_mixin.py:188} INFO - [2025-11-20T20:48:53.877+0500] {dag.py:3954} INFO - Setting next_dagrun for tutorial_taskflow_api to None, run_after=None
[2025-11-20T20:48:53.989+0500] {processor.py:183} INFO - Processing /mnt/c/Users/Raj/OneDrive - Åbo Akademi O365/banking/venv/lib/python3.12/site-packages/airflow/example_dags/tutorial_taskflow_api.py took 0.247 seconds
[2025-11-20T20:49:34.454+0500] {processor.py:161} INFO - Started process (PID=15264) to work on /mnt/c/Users/Raj/OneDrive - Åbo Akademi O365/banking/venv/lib/python3.12/site-packages/airflow/example_dags/tutorial_taskflow_api.py
[2025-11-20T20:49:34.456+0500] {processor.py:830} INFO - Processing file /mnt/c/Users/Raj/OneDrive - Åbo Akademi O365/banking/venv/lib/python3.12/site-packages/airflow/example_dags/tutorial_taskflow_api.py for tasks to queue
[2025-11-20T20:49:34.461+0500] {logging_mixin.py:188} INFO - [2025-11-20T20:49:34.459+0500] {dagbag.py:545} INFO - Filling up the DagBag from /mnt/c/Users/Raj/OneDrive - Åbo Akademi O365/banking/venv/lib/python3.12/site-packages/airflow/example_dags/tutorial_taskflow_api.py
[2025-11-20T20:49:34.501+0500] {processor.py:840} INFO - DAG(s) 'tutorial_taskflow_api' retrieved from /mnt/c/Users/Raj/OneDrive - Åbo Akademi O365/banking/venv/lib/python3.12/site-packages/airflow/example_dags/tutorial_taskflow_api.py
[2025-11-20T20:49:34.544+0500] {logging_mixin.py:188} INFO - [2025-11-20T20:49:34.543+0500] {dag.py:3096} INFO - Sync 1 DAGs
[2025-11-20T20:49:34.565+0500] {logging_mixin.py:188} INFO - [2025-11-20T20:49:34.564+0500] {dag.py:3954} INFO - Setting next_dagrun for tutorial_taskflow_api to None, run_after=None
[2025-11-20T20:49:34.655+0500] {processor.py:183} INFO - Processing /mnt/c/Users/Raj/OneDrive - Åbo Akademi O365/banking/venv/lib/python3.12/site-packages/airflow/example_dags/tutorial_taskflow_api.py took 0.217 seconds
[2025-11-20T21:55:00.723+0500] {processor.py:161} INFO - Started process (PID=820) to work on /mnt/c/Users/Raj/OneDrive - Åbo Akademi O365/banking/venv/lib/python3.12/site-packages/airflow/example_dags/tutorial_taskflow_api.py
[2025-11-20T21:55:00.725+0500] {processor.py:830} INFO - Processing file /mnt/c/Users/Raj/OneDrive - Åbo Akademi O365/banking/venv/lib/python3.12/site-packages/airflow/example_dags/tutorial_taskflow_api.py for tasks to queue
[2025-11-20T21:55:00.731+0500] {logging_mixin.py:188} INFO - [2025-11-20T21:55:00.729+0500] {dagbag.py:545} INFO - Filling up the DagBag from /mnt/c/Users/Raj/OneDrive - Åbo Akademi O365/banking/venv/lib/python3.12/site-packages/airflow/example_dags/tutorial_taskflow_api.py
[2025-11-20T21:55:00.916+0500] {processor.py:840} INFO - DAG(s) 'tutorial_taskflow_api' retrieved from /mnt/c/Users/Raj/OneDrive - Åbo Akademi O365/banking/venv/lib/python3.12/site-packages/airflow/example_dags/tutorial_taskflow_api.py
[2025-11-20T21:55:03.216+0500] {logging_mixin.py:188} INFO - [2025-11-20T21:55:03.213+0500] {dag.py:3096} INFO - Sync 1 DAGs
[2025-11-20T21:55:03.242+0500] {logging_mixin.py:188} INFO - [2025-11-20T21:55:03.240+0500] {dag.py:3954} INFO - Setting next_dagrun for tutorial_taskflow_api to None, run_after=None
[2025-11-20T21:55:03.361+0500] {processor.py:183} INFO - Processing /mnt/c/Users/Raj/OneDrive - Åbo Akademi O365/banking/venv/lib/python3.12/site-packages/airflow/example_dags/tutorial_taskflow_api.py took 2.664 seconds
[2025-11-20T21:57:35.097+0500] {processor.py:161} INFO - Started process (PID=914) to work on /mnt/c/Users/Raj/OneDrive - Åbo Akademi O365/banking/venv/lib/python3.12/site-packages/airflow/example_dags/tutorial_taskflow_api.py
[2025-11-20T21:57:35.100+0500] {processor.py:830} INFO - Processing file /mnt/c/Users/Raj/OneDrive - Åbo Akademi O365/banking/venv/lib/python3.12/site-packages/airflow/example_dags/tutorial_taskflow_api.py for tasks to queue
[2025-11-20T21:57:35.105+0500] {logging_mixin.py:188} INFO - [2025-11-20T21:57:35.104+0500] {dagbag.py:545} INFO - Filling up the DagBag from /mnt/c/Users/Raj/OneDrive - Åbo Akademi O365/banking/venv/lib/python3.12/site-packages/airflow/example_dags/tutorial_taskflow_api.py
[2025-11-20T21:57:35.135+0500] {processor.py:840} INFO - DAG(s) 'tutorial_taskflow_api' retrieved from /mnt/c/Users/Raj/OneDrive - Åbo Akademi O365/banking/venv/lib/python3.12/site-packages/airflow/example_dags/tutorial_taskflow_api.py
[2025-11-20T21:57:35.179+0500] {logging_mixin.py:188} INFO - [2025-11-20T21:57:35.177+0500] {dag.py:3096} INFO - Sync 1 DAGs
[2025-11-20T21:57:35.197+0500] {logging_mixin.py:188} INFO - [2025-11-20T21:57:35.196+0500] {dag.py:3954} INFO - Setting next_dagrun for tutorial_taskflow_api to None, run_after=None
[2025-11-20T21:57:35.283+0500] {processor.py:183} INFO - Processing /mnt/c/Users/Raj/OneDrive - Åbo Akademi O365/banking/venv/lib/python3.12/site-packages/airflow/example_dags/tutorial_taskflow_api.py took 0.201 seconds
[2025-11-20T21:58:29.826+0500] {processor.py:161} INFO - Started process (PID=1012) to work on /mnt/c/Users/Raj/OneDrive - Åbo Akademi O365/banking/venv/lib/python3.12/site-packages/airflow/example_dags/tutorial_taskflow_api.py
[2025-11-20T21:58:29.830+0500] {processor.py:830} INFO - Processing file /mnt/c/Users/Raj/OneDrive - Åbo Akademi O365/banking/venv/lib/python3.12/site-packages/airflow/example_dags/tutorial_taskflow_api.py for tasks to queue
[2025-11-20T21:58:29.836+0500] {logging_mixin.py:188} INFO - [2025-11-20T21:58:29.834+0500] {dagbag.py:545} INFO - Filling up the DagBag from /mnt/c/Users/Raj/OneDrive - Åbo Akademi O365/banking/venv/lib/python3.12/site-packages/airflow/example_dags/tutorial_taskflow_api.py
[2025-11-20T21:58:29.880+0500] {processor.py:840} INFO - DAG(s) 'tutorial_taskflow_api' retrieved from /mnt/c/Users/Raj/OneDrive - Åbo Akademi O365/banking/venv/lib/python3.12/site-packages/airflow/example_dags/tutorial_taskflow_api.py
[2025-11-20T21:58:29.935+0500] {logging_mixin.py:188} INFO - [2025-11-20T21:58:29.933+0500] {dag.py:3096} INFO - Sync 1 DAGs
[2025-11-20T21:58:29.970+0500] {logging_mixin.py:188} INFO - [2025-11-20T21:58:29.969+0500] {dag.py:3954} INFO - Setting next_dagrun for tutorial_taskflow_api to None, run_after=None
[2025-11-20T21:58:30.093+0500] {processor.py:183} INFO - Processing /mnt/c/Users/Raj/OneDrive - Åbo Akademi O365/banking/venv/lib/python3.12/site-packages/airflow/example_dags/tutorial_taskflow_api.py took 0.285 seconds
[2025-11-20T21:59:12.654+0500] {processor.py:161} INFO - Started process (PID=1051) to work on /mnt/c/Users/Raj/OneDrive - Åbo Akademi O365/banking/venv/lib/python3.12/site-packages/airflow/example_dags/tutorial_taskflow_api.py
[2025-11-20T21:59:12.657+0500] {processor.py:830} INFO - Processing file /mnt/c/Users/Raj/OneDrive - Åbo Akademi O365/banking/venv/lib/python3.12/site-packages/airflow/example_dags/tutorial_taskflow_api.py for tasks to queue
[2025-11-20T21:59:12.664+0500] {logging_mixin.py:188} INFO - [2025-11-20T21:59:12.662+0500] {dagbag.py:545} INFO - Filling up the DagBag from /mnt/c/Users/Raj/OneDrive - Åbo Akademi O365/banking/venv/lib/python3.12/site-packages/airflow/example_dags/tutorial_taskflow_api.py
[2025-11-20T21:59:12.711+0500] {processor.py:840} INFO - DAG(s) 'tutorial_taskflow_api' retrieved from /mnt/c/Users/Raj/OneDrive - Åbo Akademi O365/banking/venv/lib/python3.12/site-packages/airflow/example_dags/tutorial_taskflow_api.py
[2025-11-20T21:59:12.758+0500] {logging_mixin.py:188} INFO - [2025-11-20T21:59:12.757+0500] {dag.py:3096} INFO - Sync 1 DAGs
[2025-11-20T21:59:12.780+0500] {logging_mixin.py:188} INFO - [2025-11-20T21:59:12.779+0500] {dag.py:3954} INFO - Setting next_dagrun for tutorial_taskflow_api to None, run_after=None
[2025-11-20T21:59:12.866+0500] {processor.py:183} INFO - Processing /mnt/c/Users/Raj/OneDrive - Åbo Akademi O365/banking/venv/lib/python3.12/site-packages/airflow/example_dags/tutorial_taskflow_api.py took 0.234 seconds
[2025-11-20T21:59:53.244+0500] {processor.py:161} INFO - Started process (PID=1085) to work on /mnt/c/Users/Raj/OneDrive - Åbo Akademi O365/banking/venv/lib/python3.12/site-packages/airflow/example_dags/tutorial_taskflow_api.py
[2025-11-20T21:59:53.247+0500] {processor.py:830} INFO - Processing file /mnt/c/Users/Raj/OneDrive - Åbo Akademi O365/banking/venv/lib/python3.12/site-packages/airflow/example_dags/tutorial_taskflow_api.py for tasks to queue
[2025-11-20T21:59:53.254+0500] {logging_mixin.py:188} INFO - [2025-11-20T21:59:53.252+0500] {dagbag.py:545} INFO - Filling up the DagBag from /mnt/c/Users/Raj/OneDrive - Åbo Akademi O365/banking/venv/lib/python3.12/site-packages/airflow/example_dags/tutorial_taskflow_api.py
[2025-11-20T21:59:53.296+0500] {processor.py:840} INFO - DAG(s) 'tutorial_taskflow_api' retrieved from /mnt/c/Users/Raj/OneDrive - Åbo Akademi O365/banking/venv/lib/python3.12/site-packages/airflow/example_dags/tutorial_taskflow_api.py
[2025-11-20T21:59:53.353+0500] {logging_mixin.py:188} INFO - [2025-11-20T21:59:53.351+0500] {dag.py:3096} INFO - Sync 1 DAGs
[2025-11-20T21:59:53.377+0500] {logging_mixin.py:188} INFO - [2025-11-20T21:59:53.376+0500] {dag.py:3954} INFO - Setting next_dagrun for tutorial_taskflow_api to None, run_after=None
[2025-11-20T21:59:53.477+0500] {processor.py:183} INFO - Processing /mnt/c/Users/Raj/OneDrive - Åbo Akademi O365/banking/venv/lib/python3.12/site-packages/airflow/example_dags/tutorial_taskflow_api.py took 0.255 seconds
[2025-11-20T22:01:16.510+0500] {processor.py:161} INFO - Started process (PID=1142) to work on /mnt/c/Users/Raj/OneDrive - Åbo Akademi O365/banking/venv/lib/python3.12/site-packages/airflow/example_dags/tutorial_taskflow_api.py
[2025-11-20T22:01:16.513+0500] {processor.py:830} INFO - Processing file /mnt/c/Users/Raj/OneDrive - Åbo Akademi O365/banking/venv/lib/python3.12/site-packages/airflow/example_dags/tutorial_taskflow_api.py for tasks to queue
[2025-11-20T22:01:16.526+0500] {logging_mixin.py:188} INFO - [2025-11-20T22:01:16.519+0500] {dagbag.py:545} INFO - Filling up the DagBag from /mnt/c/Users/Raj/OneDrive - Åbo Akademi O365/banking/venv/lib/python3.12/site-packages/airflow/example_dags/tutorial_taskflow_api.py
[2025-11-20T22:01:16.588+0500] {processor.py:840} INFO - DAG(s) 'tutorial_taskflow_api' retrieved from /mnt/c/Users/Raj/OneDrive - Åbo Akademi O365/banking/venv/lib/python3.12/site-packages/airflow/example_dags/tutorial_taskflow_api.py
[2025-11-20T22:01:16.682+0500] {logging_mixin.py:188} INFO - [2025-11-20T22:01:16.680+0500] {dag.py:3096} INFO - Sync 1 DAGs
[2025-11-20T22:01:16.710+0500] {logging_mixin.py:188} INFO - [2025-11-20T22:01:16.708+0500] {dag.py:3954} INFO - Setting next_dagrun for tutorial_taskflow_api to None, run_after=None
[2025-11-20T22:01:16.839+0500] {processor.py:183} INFO - Processing /mnt/c/Users/Raj/OneDrive - Åbo Akademi O365/banking/venv/lib/python3.12/site-packages/airflow/example_dags/tutorial_taskflow_api.py took 0.374 seconds
[2025-11-20T22:01:57.576+0500] {processor.py:161} INFO - Started process (PID=1172) to work on /mnt/c/Users/Raj/OneDrive - Åbo Akademi O365/banking/venv/lib/python3.12/site-packages/airflow/example_dags/tutorial_taskflow_api.py
[2025-11-20T22:01:57.579+0500] {processor.py:830} INFO - Processing file /mnt/c/Users/Raj/OneDrive - Åbo Akademi O365/banking/venv/lib/python3.12/site-packages/airflow/example_dags/tutorial_taskflow_api.py for tasks to queue
[2025-11-20T22:01:57.584+0500] {logging_mixin.py:188} INFO - [2025-11-20T22:01:57.582+0500] {dagbag.py:545} INFO - Filling up the DagBag from /mnt/c/Users/Raj/OneDrive - Åbo Akademi O365/banking/venv/lib/python3.12/site-packages/airflow/example_dags/tutorial_taskflow_api.py
[2025-11-20T22:01:57.616+0500] {processor.py:840} INFO - DAG(s) 'tutorial_taskflow_api' retrieved from /mnt/c/Users/Raj/OneDrive - Åbo Akademi O365/banking/venv/lib/python3.12/site-packages/airflow/example_dags/tutorial_taskflow_api.py
[2025-11-20T22:01:57.659+0500] {logging_mixin.py:188} INFO - [2025-11-20T22:01:57.657+0500] {dag.py:3096} INFO - Sync 1 DAGs
[2025-11-20T22:01:57.679+0500] {logging_mixin.py:188} INFO - [2025-11-20T22:01:57.678+0500] {dag.py:3954} INFO - Setting next_dagrun for tutorial_taskflow_api to None, run_after=None
[2025-11-20T22:01:57.791+0500] {processor.py:183} INFO - Processing /mnt/c/Users/Raj/OneDrive - Åbo Akademi O365/banking/venv/lib/python3.12/site-packages/airflow/example_dags/tutorial_taskflow_api.py took 0.246 seconds
[2025-11-20T22:02:38.388+0500] {processor.py:161} INFO - Started process (PID=1203) to work on /mnt/c/Users/Raj/OneDrive - Åbo Akademi O365/banking/venv/lib/python3.12/site-packages/airflow/example_dags/tutorial_taskflow_api.py
[2025-11-20T22:02:38.391+0500] {processor.py:830} INFO - Processing file /mnt/c/Users/Raj/OneDrive - Åbo Akademi O365/banking/venv/lib/python3.12/site-packages/airflow/example_dags/tutorial_taskflow_api.py for tasks to queue
[2025-11-20T22:02:38.398+0500] {logging_mixin.py:188} INFO - [2025-11-20T22:02:38.395+0500] {dagbag.py:545} INFO - Filling up the DagBag from /mnt/c/Users/Raj/OneDrive - Åbo Akademi O365/banking/venv/lib/python3.12/site-packages/airflow/example_dags/tutorial_taskflow_api.py
[2025-11-20T22:02:38.437+0500] {processor.py:840} INFO - DAG(s) 'tutorial_taskflow_api' retrieved from /mnt/c/Users/Raj/OneDrive - Åbo Akademi O365/banking/venv/lib/python3.12/site-packages/airflow/example_dags/tutorial_taskflow_api.py
[2025-11-20T22:02:38.509+0500] {logging_mixin.py:188} INFO - [2025-11-20T22:02:38.507+0500] {dag.py:3096} INFO - Sync 1 DAGs
[2025-11-20T22:02:38.584+0500] {logging_mixin.py:188} INFO - [2025-11-20T22:02:38.582+0500] {dag.py:3954} INFO - Setting next_dagrun for tutorial_taskflow_api to None, run_after=None
[2025-11-20T22:02:38.715+0500] {processor.py:183} INFO - Processing /mnt/c/Users/Raj/OneDrive - Åbo Akademi O365/banking/venv/lib/python3.12/site-packages/airflow/example_dags/tutorial_taskflow_api.py took 0.347 seconds
[2025-11-20T22:03:21.841+0500] {processor.py:161} INFO - Started process (PID=1242) to work on /mnt/c/Users/Raj/OneDrive - Åbo Akademi O365/banking/venv/lib/python3.12/site-packages/airflow/example_dags/tutorial_taskflow_api.py
[2025-11-20T22:03:21.843+0500] {processor.py:830} INFO - Processing file /mnt/c/Users/Raj/OneDrive - Åbo Akademi O365/banking/venv/lib/python3.12/site-packages/airflow/example_dags/tutorial_taskflow_api.py for tasks to queue
[2025-11-20T22:03:21.848+0500] {logging_mixin.py:188} INFO - [2025-11-20T22:03:21.846+0500] {dagbag.py:545} INFO - Filling up the DagBag from /mnt/c/Users/Raj/OneDrive - Åbo Akademi O365/banking/venv/lib/python3.12/site-packages/airflow/example_dags/tutorial_taskflow_api.py
[2025-11-20T22:03:21.875+0500] {processor.py:840} INFO - DAG(s) 'tutorial_taskflow_api' retrieved from /mnt/c/Users/Raj/OneDrive - Åbo Akademi O365/banking/venv/lib/python3.12/site-packages/airflow/example_dags/tutorial_taskflow_api.py
[2025-11-20T22:03:21.921+0500] {logging_mixin.py:188} INFO - [2025-11-20T22:03:21.920+0500] {dag.py:3096} INFO - Sync 1 DAGs
[2025-11-20T22:03:21.945+0500] {logging_mixin.py:188} INFO - [2025-11-20T22:03:21.943+0500] {dag.py:3954} INFO - Setting next_dagrun for tutorial_taskflow_api to None, run_after=None
[2025-11-20T22:03:22.038+0500] {processor.py:183} INFO - Processing /mnt/c/Users/Raj/OneDrive - Åbo Akademi O365/banking/venv/lib/python3.12/site-packages/airflow/example_dags/tutorial_taskflow_api.py took 0.214 seconds
[2025-11-20T22:04:05.125+0500] {processor.py:161} INFO - Started process (PID=1276) to work on /mnt/c/Users/Raj/OneDrive - Åbo Akademi O365/banking/venv/lib/python3.12/site-packages/airflow/example_dags/tutorial_taskflow_api.py
[2025-11-20T22:04:05.128+0500] {processor.py:830} INFO - Processing file /mnt/c/Users/Raj/OneDrive - Åbo Akademi O365/banking/venv/lib/python3.12/site-packages/airflow/example_dags/tutorial_taskflow_api.py for tasks to queue
[2025-11-20T22:04:05.133+0500] {logging_mixin.py:188} INFO - [2025-11-20T22:04:05.132+0500] {dagbag.py:545} INFO - Filling up the DagBag from /mnt/c/Users/Raj/OneDrive - Åbo Akademi O365/banking/venv/lib/python3.12/site-packages/airflow/example_dags/tutorial_taskflow_api.py
[2025-11-20T22:04:05.159+0500] {processor.py:840} INFO - DAG(s) 'tutorial_taskflow_api' retrieved from /mnt/c/Users/Raj/OneDrive - Åbo Akademi O365/banking/venv/lib/python3.12/site-packages/airflow/example_dags/tutorial_taskflow_api.py
[2025-11-20T22:04:05.201+0500] {logging_mixin.py:188} INFO - [2025-11-20T22:04:05.200+0500] {dag.py:3096} INFO - Sync 1 DAGs
[2025-11-20T22:04:05.220+0500] {logging_mixin.py:188} INFO - [2025-11-20T22:04:05.219+0500] {dag.py:3954} INFO - Setting next_dagrun for tutorial_taskflow_api to None, run_after=None
[2025-11-20T22:04:05.305+0500] {processor.py:183} INFO - Processing /mnt/c/Users/Raj/OneDrive - Åbo Akademi O365/banking/venv/lib/python3.12/site-packages/airflow/example_dags/tutorial_taskflow_api.py took 0.196 seconds
[2025-11-20T22:04:45.406+0500] {processor.py:161} INFO - Started process (PID=1306) to work on /mnt/c/Users/Raj/OneDrive - Åbo Akademi O365/banking/venv/lib/python3.12/site-packages/airflow/example_dags/tutorial_taskflow_api.py
[2025-11-20T22:04:45.409+0500] {processor.py:830} INFO - Processing file /mnt/c/Users/Raj/OneDrive - Åbo Akademi O365/banking/venv/lib/python3.12/site-packages/airflow/example_dags/tutorial_taskflow_api.py for tasks to queue
[2025-11-20T22:04:45.414+0500] {logging_mixin.py:188} INFO - [2025-11-20T22:04:45.412+0500] {dagbag.py:545} INFO - Filling up the DagBag from /mnt/c/Users/Raj/OneDrive - Åbo Akademi O365/banking/venv/lib/python3.12/site-packages/airflow/example_dags/tutorial_taskflow_api.py
[2025-11-20T22:04:45.450+0500] {processor.py:840} INFO - DAG(s) 'tutorial_taskflow_api' retrieved from /mnt/c/Users/Raj/OneDrive - Åbo Akademi O365/banking/venv/lib/python3.12/site-packages/airflow/example_dags/tutorial_taskflow_api.py
[2025-11-20T22:04:45.497+0500] {logging_mixin.py:188} INFO - [2025-11-20T22:04:45.496+0500] {dag.py:3096} INFO - Sync 1 DAGs
[2025-11-20T22:04:45.522+0500] {logging_mixin.py:188} INFO - [2025-11-20T22:04:45.521+0500] {dag.py:3954} INFO - Setting next_dagrun for tutorial_taskflow_api to None, run_after=None
[2025-11-20T22:04:45.618+0500] {processor.py:183} INFO - Processing /mnt/c/Users/Raj/OneDrive - Åbo Akademi O365/banking/venv/lib/python3.12/site-packages/airflow/example_dags/tutorial_taskflow_api.py took 0.233 seconds
[2025-11-20T22:05:27.830+0500] {processor.py:161} INFO - Started process (PID=1337) to work on /mnt/c/Users/Raj/OneDrive - Åbo Akademi O365/banking/venv/lib/python3.12/site-packages/airflow/example_dags/tutorial_taskflow_api.py
[2025-11-20T22:05:27.833+0500] {processor.py:830} INFO - Processing file /mnt/c/Users/Raj/OneDrive - Åbo Akademi O365/banking/venv/lib/python3.12/site-packages/airflow/example_dags/tutorial_taskflow_api.py for tasks to queue
[2025-11-20T22:05:27.838+0500] {logging_mixin.py:188} INFO - [2025-11-20T22:05:27.836+0500] {dagbag.py:545} INFO - Filling up the DagBag from /mnt/c/Users/Raj/OneDrive - Åbo Akademi O365/banking/venv/lib/python3.12/site-packages/airflow/example_dags/tutorial_taskflow_api.py
[2025-11-20T22:05:27.877+0500] {processor.py:840} INFO - DAG(s) 'tutorial_taskflow_api' retrieved from /mnt/c/Users/Raj/OneDrive - Åbo Akademi O365/banking/venv/lib/python3.12/site-packages/airflow/example_dags/tutorial_taskflow_api.py
[2025-11-20T22:05:27.940+0500] {logging_mixin.py:188} INFO - [2025-11-20T22:05:27.937+0500] {dag.py:3096} INFO - Sync 1 DAGs
[2025-11-20T22:05:27.978+0500] {logging_mixin.py:188} INFO - [2025-11-20T22:05:27.975+0500] {dag.py:3954} INFO - Setting next_dagrun for tutorial_taskflow_api to None, run_after=None
[2025-11-20T22:05:28.085+0500] {processor.py:183} INFO - Processing /mnt/c/Users/Raj/OneDrive - Åbo Akademi O365/banking/venv/lib/python3.12/site-packages/airflow/example_dags/tutorial_taskflow_api.py took 0.276 seconds
[2025-11-20T22:06:11.597+0500] {processor.py:161} INFO - Started process (PID=1374) to work on /mnt/c/Users/Raj/OneDrive - Åbo Akademi O365/banking/venv/lib/python3.12/site-packages/airflow/example_dags/tutorial_taskflow_api.py
[2025-11-20T22:06:11.599+0500] {processor.py:830} INFO - Processing file /mnt/c/Users/Raj/OneDrive - Åbo Akademi O365/banking/venv/lib/python3.12/site-packages/airflow/example_dags/tutorial_taskflow_api.py for tasks to queue
[2025-11-20T22:06:11.603+0500] {logging_mixin.py:188} INFO - [2025-11-20T22:06:11.601+0500] {dagbag.py:545} INFO - Filling up the DagBag from /mnt/c/Users/Raj/OneDrive - Åbo Akademi O365/banking/venv/lib/python3.12/site-packages/airflow/example_dags/tutorial_taskflow_api.py
[2025-11-20T22:06:11.641+0500] {processor.py:840} INFO - DAG(s) 'tutorial_taskflow_api' retrieved from /mnt/c/Users/Raj/OneDrive - Åbo Akademi O365/banking/venv/lib/python3.12/site-packages/airflow/example_dags/tutorial_taskflow_api.py
[2025-11-20T22:06:11.683+0500] {logging_mixin.py:188} INFO - [2025-11-20T22:06:11.682+0500] {dag.py:3096} INFO - Sync 1 DAGs
[2025-11-20T22:06:11.704+0500] {logging_mixin.py:188} INFO - [2025-11-20T22:06:11.702+0500] {dag.py:3954} INFO - Setting next_dagrun for tutorial_taskflow_api to None, run_after=None
[2025-11-20T22:06:11.903+0500] {processor.py:183} INFO - Processing /mnt/c/Users/Raj/OneDrive - Åbo Akademi O365/banking/venv/lib/python3.12/site-packages/airflow/example_dags/tutorial_taskflow_api.py took 0.328 seconds
[2025-11-20T22:06:55.334+0500] {processor.py:161} INFO - Started process (PID=1406) to work on /mnt/c/Users/Raj/OneDrive - Åbo Akademi O365/banking/venv/lib/python3.12/site-packages/airflow/example_dags/tutorial_taskflow_api.py
[2025-11-20T22:06:55.337+0500] {processor.py:830} INFO - Processing file /mnt/c/Users/Raj/OneDrive - Åbo Akademi O365/banking/venv/lib/python3.12/site-packages/airflow/example_dags/tutorial_taskflow_api.py for tasks to queue
[2025-11-20T22:06:55.342+0500] {logging_mixin.py:188} INFO - [2025-11-20T22:06:55.339+0500] {dagbag.py:545} INFO - Filling up the DagBag from /mnt/c/Users/Raj/OneDrive - Åbo Akademi O365/banking/venv/lib/python3.12/site-packages/airflow/example_dags/tutorial_taskflow_api.py
[2025-11-20T22:06:55.382+0500] {processor.py:840} INFO - DAG(s) 'tutorial_taskflow_api' retrieved from /mnt/c/Users/Raj/OneDrive - Åbo Akademi O365/banking/venv/lib/python3.12/site-packages/airflow/example_dags/tutorial_taskflow_api.py
[2025-11-20T22:06:55.436+0500] {logging_mixin.py:188} INFO - [2025-11-20T22:06:55.435+0500] {dag.py:3096} INFO - Sync 1 DAGs
[2025-11-20T22:06:55.457+0500] {logging_mixin.py:188} INFO - [2025-11-20T22:06:55.456+0500] {dag.py:3954} INFO - Setting next_dagrun for tutorial_taskflow_api to None, run_after=None
[2025-11-20T22:06:55.560+0500] {processor.py:183} INFO - Processing /mnt/c/Users/Raj/OneDrive - Åbo Akademi O365/banking/venv/lib/python3.12/site-packages/airflow/example_dags/tutorial_taskflow_api.py took 0.248 seconds
[2025-11-20T22:07:38.185+0500] {processor.py:161} INFO - Started process (PID=1435) to work on /mnt/c/Users/Raj/OneDrive - Åbo Akademi O365/banking/venv/lib/python3.12/site-packages/airflow/example_dags/tutorial_taskflow_api.py
[2025-11-20T22:07:38.188+0500] {processor.py:830} INFO - Processing file /mnt/c/Users/Raj/OneDrive - Åbo Akademi O365/banking/venv/lib/python3.12/site-packages/airflow/example_dags/tutorial_taskflow_api.py for tasks to queue
[2025-11-20T22:07:38.193+0500] {logging_mixin.py:188} INFO - [2025-11-20T22:07:38.191+0500] {dagbag.py:545} INFO - Filling up the DagBag from /mnt/c/Users/Raj/OneDrive - Åbo Akademi O365/banking/venv/lib/python3.12/site-packages/airflow/example_dags/tutorial_taskflow_api.py
[2025-11-20T22:07:38.224+0500] {processor.py:840} INFO - DAG(s) 'tutorial_taskflow_api' retrieved from /mnt/c/Users/Raj/OneDrive - Åbo Akademi O365/banking/venv/lib/python3.12/site-packages/airflow/example_dags/tutorial_taskflow_api.py
[2025-11-20T22:07:38.279+0500] {logging_mixin.py:188} INFO - [2025-11-20T22:07:38.277+0500] {dag.py:3096} INFO - Sync 1 DAGs
[2025-11-20T22:07:38.301+0500] {logging_mixin.py:188} INFO - [2025-11-20T22:07:38.300+0500] {dag.py:3954} INFO - Setting next_dagrun for tutorial_taskflow_api to None, run_after=None
[2025-11-20T22:07:38.422+0500] {processor.py:183} INFO - Processing /mnt/c/Users/Raj/OneDrive - Åbo Akademi O365/banking/venv/lib/python3.12/site-packages/airflow/example_dags/tutorial_taskflow_api.py took 0.257 seconds
[2025-11-20T22:08:24.577+0500] {processor.py:161} INFO - Started process (PID=1470) to work on /mnt/c/Users/Raj/OneDrive - Åbo Akademi O365/banking/venv/lib/python3.12/site-packages/airflow/example_dags/tutorial_taskflow_api.py
[2025-11-20T22:08:24.581+0500] {processor.py:830} INFO - Processing file /mnt/c/Users/Raj/OneDrive - Åbo Akademi O365/banking/venv/lib/python3.12/site-packages/airflow/example_dags/tutorial_taskflow_api.py for tasks to queue
[2025-11-20T22:08:24.586+0500] {logging_mixin.py:188} INFO - [2025-11-20T22:08:24.584+0500] {dagbag.py:545} INFO - Filling up the DagBag from /mnt/c/Users/Raj/OneDrive - Åbo Akademi O365/banking/venv/lib/python3.12/site-packages/airflow/example_dags/tutorial_taskflow_api.py
[2025-11-20T22:08:24.652+0500] {processor.py:840} INFO - DAG(s) 'tutorial_taskflow_api' retrieved from /mnt/c/Users/Raj/OneDrive - Åbo Akademi O365/banking/venv/lib/python3.12/site-packages/airflow/example_dags/tutorial_taskflow_api.py
[2025-11-20T22:08:24.710+0500] {logging_mixin.py:188} INFO - [2025-11-20T22:08:24.708+0500] {dag.py:3096} INFO - Sync 1 DAGs
[2025-11-20T22:08:24.744+0500] {logging_mixin.py:188} INFO - [2025-11-20T22:08:24.742+0500] {dag.py:3954} INFO - Setting next_dagrun for tutorial_taskflow_api to None, run_after=None
[2025-11-20T22:08:24.867+0500] {processor.py:183} INFO - Processing /mnt/c/Users/Raj/OneDrive - Åbo Akademi O365/banking/venv/lib/python3.12/site-packages/airflow/example_dags/tutorial_taskflow_api.py took 0.316 seconds
[2025-11-20T22:09:08.364+0500] {processor.py:161} INFO - Started process (PID=1502) to work on /mnt/c/Users/Raj/OneDrive - Åbo Akademi O365/banking/venv/lib/python3.12/site-packages/airflow/example_dags/tutorial_taskflow_api.py
[2025-11-20T22:09:08.368+0500] {processor.py:830} INFO - Processing file /mnt/c/Users/Raj/OneDrive - Åbo Akademi O365/banking/venv/lib/python3.12/site-packages/airflow/example_dags/tutorial_taskflow_api.py for tasks to queue
[2025-11-20T22:09:08.371+0500] {logging_mixin.py:188} INFO - [2025-11-20T22:09:08.370+0500] {dagbag.py:545} INFO - Filling up the DagBag from /mnt/c/Users/Raj/OneDrive - Åbo Akademi O365/banking/venv/lib/python3.12/site-packages/airflow/example_dags/tutorial_taskflow_api.py
[2025-11-20T22:09:08.401+0500] {processor.py:840} INFO - DAG(s) 'tutorial_taskflow_api' retrieved from /mnt/c/Users/Raj/OneDrive - Åbo Akademi O365/banking/venv/lib/python3.12/site-packages/airflow/example_dags/tutorial_taskflow_api.py
[2025-11-20T22:09:08.444+0500] {logging_mixin.py:188} INFO - [2025-11-20T22:09:08.442+0500] {dag.py:3096} INFO - Sync 1 DAGs
[2025-11-20T22:09:08.466+0500] {logging_mixin.py:188} INFO - [2025-11-20T22:09:08.464+0500] {dag.py:3954} INFO - Setting next_dagrun for tutorial_taskflow_api to None, run_after=None
[2025-11-20T22:09:08.576+0500] {processor.py:183} INFO - Processing /mnt/c/Users/Raj/OneDrive - Åbo Akademi O365/banking/venv/lib/python3.12/site-packages/airflow/example_dags/tutorial_taskflow_api.py took 0.231 seconds
[2025-11-20T22:09:57.468+0500] {processor.py:161} INFO - Started process (PID=1535) to work on /mnt/c/Users/Raj/OneDrive - Åbo Akademi O365/banking/venv/lib/python3.12/site-packages/airflow/example_dags/tutorial_taskflow_api.py
[2025-11-20T22:09:57.471+0500] {processor.py:830} INFO - Processing file /mnt/c/Users/Raj/OneDrive - Åbo Akademi O365/banking/venv/lib/python3.12/site-packages/airflow/example_dags/tutorial_taskflow_api.py for tasks to queue
[2025-11-20T22:09:57.479+0500] {logging_mixin.py:188} INFO - [2025-11-20T22:09:57.475+0500] {dagbag.py:545} INFO - Filling up the DagBag from /mnt/c/Users/Raj/OneDrive - Åbo Akademi O365/banking/venv/lib/python3.12/site-packages/airflow/example_dags/tutorial_taskflow_api.py
[2025-11-20T22:09:57.532+0500] {processor.py:840} INFO - DAG(s) 'tutorial_taskflow_api' retrieved from /mnt/c/Users/Raj/OneDrive - Åbo Akademi O365/banking/venv/lib/python3.12/site-packages/airflow/example_dags/tutorial_taskflow_api.py
[2025-11-20T22:09:57.608+0500] {logging_mixin.py:188} INFO - [2025-11-20T22:09:57.606+0500] {dag.py:3096} INFO - Sync 1 DAGs
[2025-11-20T22:09:57.652+0500] {logging_mixin.py:188} INFO - [2025-11-20T22:09:57.649+0500] {dag.py:3954} INFO - Setting next_dagrun for tutorial_taskflow_api to None, run_after=None
[2025-11-20T22:09:57.871+0500] {processor.py:183} INFO - Processing /mnt/c/Users/Raj/OneDrive - Åbo Akademi O365/banking/venv/lib/python3.12/site-packages/airflow/example_dags/tutorial_taskflow_api.py took 0.439 seconds
[2025-11-20T22:10:44.110+0500] {processor.py:161} INFO - Started process (PID=1566) to work on /mnt/c/Users/Raj/OneDrive - Åbo Akademi O365/banking/venv/lib/python3.12/site-packages/airflow/example_dags/tutorial_taskflow_api.py
[2025-11-20T22:10:44.112+0500] {processor.py:830} INFO - Processing file /mnt/c/Users/Raj/OneDrive - Åbo Akademi O365/banking/venv/lib/python3.12/site-packages/airflow/example_dags/tutorial_taskflow_api.py for tasks to queue
[2025-11-20T22:10:44.115+0500] {logging_mixin.py:188} INFO - [2025-11-20T22:10:44.114+0500] {dagbag.py:545} INFO - Filling up the DagBag from /mnt/c/Users/Raj/OneDrive - Åbo Akademi O365/banking/venv/lib/python3.12/site-packages/airflow/example_dags/tutorial_taskflow_api.py
[2025-11-20T22:10:44.141+0500] {processor.py:840} INFO - DAG(s) 'tutorial_taskflow_api' retrieved from /mnt/c/Users/Raj/OneDrive - Åbo Akademi O365/banking/venv/lib/python3.12/site-packages/airflow/example_dags/tutorial_taskflow_api.py
[2025-11-20T22:10:44.188+0500] {logging_mixin.py:188} INFO - [2025-11-20T22:10:44.187+0500] {dag.py:3096} INFO - Sync 1 DAGs
[2025-11-20T22:10:44.217+0500] {logging_mixin.py:188} INFO - [2025-11-20T22:10:44.216+0500] {dag.py:3954} INFO - Setting next_dagrun for tutorial_taskflow_api to None, run_after=None
[2025-11-20T22:10:44.315+0500] {processor.py:183} INFO - Processing /mnt/c/Users/Raj/OneDrive - Åbo Akademi O365/banking/venv/lib/python3.12/site-packages/airflow/example_dags/tutorial_taskflow_api.py took 0.222 seconds
[2025-11-20T22:11:26.523+0500] {processor.py:161} INFO - Started process (PID=1609) to work on /mnt/c/Users/Raj/OneDrive - Åbo Akademi O365/banking/venv/lib/python3.12/site-packages/airflow/example_dags/tutorial_taskflow_api.py
[2025-11-20T22:11:26.526+0500] {processor.py:830} INFO - Processing file /mnt/c/Users/Raj/OneDrive - Åbo Akademi O365/banking/venv/lib/python3.12/site-packages/airflow/example_dags/tutorial_taskflow_api.py for tasks to queue
[2025-11-20T22:11:26.530+0500] {logging_mixin.py:188} INFO - [2025-11-20T22:11:26.528+0500] {dagbag.py:545} INFO - Filling up the DagBag from /mnt/c/Users/Raj/OneDrive - Åbo Akademi O365/banking/venv/lib/python3.12/site-packages/airflow/example_dags/tutorial_taskflow_api.py
[2025-11-20T22:11:26.581+0500] {processor.py:840} INFO - DAG(s) 'tutorial_taskflow_api' retrieved from /mnt/c/Users/Raj/OneDrive - Åbo Akademi O365/banking/venv/lib/python3.12/site-packages/airflow/example_dags/tutorial_taskflow_api.py
[2025-11-20T22:11:26.641+0500] {logging_mixin.py:188} INFO - [2025-11-20T22:11:26.639+0500] {dag.py:3096} INFO - Sync 1 DAGs
[2025-11-20T22:11:26.670+0500] {logging_mixin.py:188} INFO - [2025-11-20T22:11:26.669+0500] {dag.py:3954} INFO - Setting next_dagrun for tutorial_taskflow_api to None, run_after=None
[2025-11-20T22:11:26.787+0500] {processor.py:183} INFO - Processing /mnt/c/Users/Raj/OneDrive - Åbo Akademi O365/banking/venv/lib/python3.12/site-packages/airflow/example_dags/tutorial_taskflow_api.py took 0.285 seconds
[2025-11-20T22:12:08.024+0500] {processor.py:161} INFO - Started process (PID=1638) to work on /mnt/c/Users/Raj/OneDrive - Åbo Akademi O365/banking/venv/lib/python3.12/site-packages/airflow/example_dags/tutorial_taskflow_api.py
[2025-11-20T22:12:08.028+0500] {processor.py:830} INFO - Processing file /mnt/c/Users/Raj/OneDrive - Åbo Akademi O365/banking/venv/lib/python3.12/site-packages/airflow/example_dags/tutorial_taskflow_api.py for tasks to queue
[2025-11-20T22:12:08.032+0500] {logging_mixin.py:188} INFO - [2025-11-20T22:12:08.029+0500] {dagbag.py:545} INFO - Filling up the DagBag from /mnt/c/Users/Raj/OneDrive - Åbo Akademi O365/banking/venv/lib/python3.12/site-packages/airflow/example_dags/tutorial_taskflow_api.py
[2025-11-20T22:12:08.070+0500] {processor.py:840} INFO - DAG(s) 'tutorial_taskflow_api' retrieved from /mnt/c/Users/Raj/OneDrive - Åbo Akademi O365/banking/venv/lib/python3.12/site-packages/airflow/example_dags/tutorial_taskflow_api.py
[2025-11-20T22:12:08.120+0500] {logging_mixin.py:188} INFO - [2025-11-20T22:12:08.119+0500] {dag.py:3096} INFO - Sync 1 DAGs
[2025-11-20T22:12:08.147+0500] {logging_mixin.py:188} INFO - [2025-11-20T22:12:08.146+0500] {dag.py:3954} INFO - Setting next_dagrun for tutorial_taskflow_api to None, run_after=None
[2025-11-20T22:12:08.257+0500] {processor.py:183} INFO - Processing /mnt/c/Users/Raj/OneDrive - Åbo Akademi O365/banking/venv/lib/python3.12/site-packages/airflow/example_dags/tutorial_taskflow_api.py took 0.258 seconds
[2025-11-20T22:12:48.578+0500] {processor.py:161} INFO - Started process (PID=1671) to work on /mnt/c/Users/Raj/OneDrive - Åbo Akademi O365/banking/venv/lib/python3.12/site-packages/airflow/example_dags/tutorial_taskflow_api.py
[2025-11-20T22:12:48.581+0500] {processor.py:830} INFO - Processing file /mnt/c/Users/Raj/OneDrive - Åbo Akademi O365/banking/venv/lib/python3.12/site-packages/airflow/example_dags/tutorial_taskflow_api.py for tasks to queue
[2025-11-20T22:12:48.586+0500] {logging_mixin.py:188} INFO - [2025-11-20T22:12:48.584+0500] {dagbag.py:545} INFO - Filling up the DagBag from /mnt/c/Users/Raj/OneDrive - Åbo Akademi O365/banking/venv/lib/python3.12/site-packages/airflow/example_dags/tutorial_taskflow_api.py
[2025-11-20T22:12:48.625+0500] {processor.py:840} INFO - DAG(s) 'tutorial_taskflow_api' retrieved from /mnt/c/Users/Raj/OneDrive - Åbo Akademi O365/banking/venv/lib/python3.12/site-packages/airflow/example_dags/tutorial_taskflow_api.py
[2025-11-20T22:12:48.696+0500] {logging_mixin.py:188} INFO - [2025-11-20T22:12:48.694+0500] {dag.py:3096} INFO - Sync 1 DAGs
[2025-11-20T22:12:48.735+0500] {logging_mixin.py:188} INFO - [2025-11-20T22:12:48.733+0500] {dag.py:3954} INFO - Setting next_dagrun for tutorial_taskflow_api to None, run_after=None
[2025-11-20T22:12:48.850+0500] {processor.py:183} INFO - Processing /mnt/c/Users/Raj/OneDrive - Åbo Akademi O365/banking/venv/lib/python3.12/site-packages/airflow/example_dags/tutorial_taskflow_api.py took 0.287 seconds
[2025-11-20T22:13:29.601+0500] {processor.py:161} INFO - Started process (PID=1700) to work on /mnt/c/Users/Raj/OneDrive - Åbo Akademi O365/banking/venv/lib/python3.12/site-packages/airflow/example_dags/tutorial_taskflow_api.py
[2025-11-20T22:13:29.604+0500] {processor.py:830} INFO - Processing file /mnt/c/Users/Raj/OneDrive - Åbo Akademi O365/banking/venv/lib/python3.12/site-packages/airflow/example_dags/tutorial_taskflow_api.py for tasks to queue
[2025-11-20T22:13:29.608+0500] {logging_mixin.py:188} INFO - [2025-11-20T22:13:29.606+0500] {dagbag.py:545} INFO - Filling up the DagBag from /mnt/c/Users/Raj/OneDrive - Åbo Akademi O365/banking/venv/lib/python3.12/site-packages/airflow/example_dags/tutorial_taskflow_api.py
[2025-11-20T22:13:29.645+0500] {processor.py:840} INFO - DAG(s) 'tutorial_taskflow_api' retrieved from /mnt/c/Users/Raj/OneDrive - Åbo Akademi O365/banking/venv/lib/python3.12/site-packages/airflow/example_dags/tutorial_taskflow_api.py
[2025-11-20T22:13:29.690+0500] {logging_mixin.py:188} INFO - [2025-11-20T22:13:29.689+0500] {dag.py:3096} INFO - Sync 1 DAGs
[2025-11-20T22:13:29.712+0500] {logging_mixin.py:188} INFO - [2025-11-20T22:13:29.711+0500] {dag.py:3954} INFO - Setting next_dagrun for tutorial_taskflow_api to None, run_after=None
[2025-11-20T22:13:29.811+0500] {processor.py:183} INFO - Processing /mnt/c/Users/Raj/OneDrive - Åbo Akademi O365/banking/venv/lib/python3.12/site-packages/airflow/example_dags/tutorial_taskflow_api.py took 0.234 seconds
[2025-11-20T22:14:15.386+0500] {processor.py:161} INFO - Started process (PID=1734) to work on /mnt/c/Users/Raj/OneDrive - Åbo Akademi O365/banking/venv/lib/python3.12/site-packages/airflow/example_dags/tutorial_taskflow_api.py
[2025-11-20T22:14:15.389+0500] {processor.py:830} INFO - Processing file /mnt/c/Users/Raj/OneDrive - Åbo Akademi O365/banking/venv/lib/python3.12/site-packages/airflow/example_dags/tutorial_taskflow_api.py for tasks to queue
[2025-11-20T22:14:15.393+0500] {logging_mixin.py:188} INFO - [2025-11-20T22:14:15.391+0500] {dagbag.py:545} INFO - Filling up the DagBag from /mnt/c/Users/Raj/OneDrive - Åbo Akademi O365/banking/venv/lib/python3.12/site-packages/airflow/example_dags/tutorial_taskflow_api.py
[2025-11-20T22:14:15.427+0500] {processor.py:840} INFO - DAG(s) 'tutorial_taskflow_api' retrieved from /mnt/c/Users/Raj/OneDrive - Åbo Akademi O365/banking/venv/lib/python3.12/site-packages/airflow/example_dags/tutorial_taskflow_api.py
[2025-11-20T22:14:15.655+0500] {logging_mixin.py:188} INFO - [2025-11-20T22:14:15.653+0500] {dag.py:3096} INFO - Sync 1 DAGs
[2025-11-20T22:14:15.677+0500] {logging_mixin.py:188} INFO - [2025-11-20T22:14:15.675+0500] {dag.py:3954} INFO - Setting next_dagrun for tutorial_taskflow_api to None, run_after=None
[2025-11-20T22:14:15.762+0500] {processor.py:183} INFO - Processing /mnt/c/Users/Raj/OneDrive - Åbo Akademi O365/banking/venv/lib/python3.12/site-packages/airflow/example_dags/tutorial_taskflow_api.py took 0.394 seconds
[2025-11-20T22:14:57.578+0500] {processor.py:161} INFO - Started process (PID=1765) to work on /mnt/c/Users/Raj/OneDrive - Åbo Akademi O365/banking/venv/lib/python3.12/site-packages/airflow/example_dags/tutorial_taskflow_api.py
[2025-11-20T22:14:57.581+0500] {processor.py:830} INFO - Processing file /mnt/c/Users/Raj/OneDrive - Åbo Akademi O365/banking/venv/lib/python3.12/site-packages/airflow/example_dags/tutorial_taskflow_api.py for tasks to queue
[2025-11-20T22:14:57.585+0500] {logging_mixin.py:188} INFO - [2025-11-20T22:14:57.583+0500] {dagbag.py:545} INFO - Filling up the DagBag from /mnt/c/Users/Raj/OneDrive - Åbo Akademi O365/banking/venv/lib/python3.12/site-packages/airflow/example_dags/tutorial_taskflow_api.py
[2025-11-20T22:14:57.639+0500] {processor.py:840} INFO - DAG(s) 'tutorial_taskflow_api' retrieved from /mnt/c/Users/Raj/OneDrive - Åbo Akademi O365/banking/venv/lib/python3.12/site-packages/airflow/example_dags/tutorial_taskflow_api.py
[2025-11-20T22:14:57.685+0500] {logging_mixin.py:188} INFO - [2025-11-20T22:14:57.683+0500] {dag.py:3096} INFO - Sync 1 DAGs
[2025-11-20T22:14:57.705+0500] {logging_mixin.py:188} INFO - [2025-11-20T22:14:57.703+0500] {dag.py:3954} INFO - Setting next_dagrun for tutorial_taskflow_api to None, run_after=None
[2025-11-20T22:14:57.807+0500] {processor.py:183} INFO - Processing /mnt/c/Users/Raj/OneDrive - Åbo Akademi O365/banking/venv/lib/python3.12/site-packages/airflow/example_dags/tutorial_taskflow_api.py took 0.249 seconds
[2025-11-20T22:15:41.245+0500] {processor.py:161} INFO - Started process (PID=1795) to work on /mnt/c/Users/Raj/OneDrive - Åbo Akademi O365/banking/venv/lib/python3.12/site-packages/airflow/example_dags/tutorial_taskflow_api.py
[2025-11-20T22:15:41.248+0500] {processor.py:830} INFO - Processing file /mnt/c/Users/Raj/OneDrive - Åbo Akademi O365/banking/venv/lib/python3.12/site-packages/airflow/example_dags/tutorial_taskflow_api.py for tasks to queue
[2025-11-20T22:15:41.255+0500] {logging_mixin.py:188} INFO - [2025-11-20T22:15:41.252+0500] {dagbag.py:545} INFO - Filling up the DagBag from /mnt/c/Users/Raj/OneDrive - Åbo Akademi O365/banking/venv/lib/python3.12/site-packages/airflow/example_dags/tutorial_taskflow_api.py
[2025-11-20T22:15:41.306+0500] {processor.py:840} INFO - DAG(s) 'tutorial_taskflow_api' retrieved from /mnt/c/Users/Raj/OneDrive - Åbo Akademi O365/banking/venv/lib/python3.12/site-packages/airflow/example_dags/tutorial_taskflow_api.py
[2025-11-20T22:15:41.382+0500] {logging_mixin.py:188} INFO - [2025-11-20T22:15:41.380+0500] {dag.py:3096} INFO - Sync 1 DAGs
[2025-11-20T22:15:41.414+0500] {logging_mixin.py:188} INFO - [2025-11-20T22:15:41.413+0500] {dag.py:3954} INFO - Setting next_dagrun for tutorial_taskflow_api to None, run_after=None
[2025-11-20T22:15:41.529+0500] {processor.py:183} INFO - Processing /mnt/c/Users/Raj/OneDrive - Åbo Akademi O365/banking/venv/lib/python3.12/site-packages/airflow/example_dags/tutorial_taskflow_api.py took 0.320 seconds
[2025-11-20T22:16:25.054+0500] {processor.py:161} INFO - Started process (PID=1825) to work on /mnt/c/Users/Raj/OneDrive - Åbo Akademi O365/banking/venv/lib/python3.12/site-packages/airflow/example_dags/tutorial_taskflow_api.py
[2025-11-20T22:16:25.056+0500] {processor.py:830} INFO - Processing file /mnt/c/Users/Raj/OneDrive - Åbo Akademi O365/banking/venv/lib/python3.12/site-packages/airflow/example_dags/tutorial_taskflow_api.py for tasks to queue
[2025-11-20T22:16:25.060+0500] {logging_mixin.py:188} INFO - [2025-11-20T22:16:25.058+0500] {dagbag.py:545} INFO - Filling up the DagBag from /mnt/c/Users/Raj/OneDrive - Åbo Akademi O365/banking/venv/lib/python3.12/site-packages/airflow/example_dags/tutorial_taskflow_api.py
[2025-11-20T22:16:25.112+0500] {processor.py:840} INFO - DAG(s) 'tutorial_taskflow_api' retrieved from /mnt/c/Users/Raj/OneDrive - Åbo Akademi O365/banking/venv/lib/python3.12/site-packages/airflow/example_dags/tutorial_taskflow_api.py
[2025-11-20T22:16:25.172+0500] {logging_mixin.py:188} INFO - [2025-11-20T22:16:25.170+0500] {dag.py:3096} INFO - Sync 1 DAGs
[2025-11-20T22:16:25.201+0500] {logging_mixin.py:188} INFO - [2025-11-20T22:16:25.197+0500] {dag.py:3954} INFO - Setting next_dagrun for tutorial_taskflow_api to None, run_after=None
[2025-11-20T22:16:25.330+0500] {processor.py:183} INFO - Processing /mnt/c/Users/Raj/OneDrive - Åbo Akademi O365/banking/venv/lib/python3.12/site-packages/airflow/example_dags/tutorial_taskflow_api.py took 0.294 seconds
[2025-11-20T22:17:11.380+0500] {processor.py:161} INFO - Started process (PID=1861) to work on /mnt/c/Users/Raj/OneDrive - Åbo Akademi O365/banking/venv/lib/python3.12/site-packages/airflow/example_dags/tutorial_taskflow_api.py
[2025-11-20T22:17:11.383+0500] {processor.py:830} INFO - Processing file /mnt/c/Users/Raj/OneDrive - Åbo Akademi O365/banking/venv/lib/python3.12/site-packages/airflow/example_dags/tutorial_taskflow_api.py for tasks to queue
[2025-11-20T22:17:11.387+0500] {logging_mixin.py:188} INFO - [2025-11-20T22:17:11.385+0500] {dagbag.py:545} INFO - Filling up the DagBag from /mnt/c/Users/Raj/OneDrive - Åbo Akademi O365/banking/venv/lib/python3.12/site-packages/airflow/example_dags/tutorial_taskflow_api.py
[2025-11-20T22:17:11.424+0500] {processor.py:840} INFO - DAG(s) 'tutorial_taskflow_api' retrieved from /mnt/c/Users/Raj/OneDrive - Åbo Akademi O365/banking/venv/lib/python3.12/site-packages/airflow/example_dags/tutorial_taskflow_api.py
[2025-11-20T22:17:11.484+0500] {logging_mixin.py:188} INFO - [2025-11-20T22:17:11.482+0500] {dag.py:3096} INFO - Sync 1 DAGs
[2025-11-20T22:17:11.528+0500] {logging_mixin.py:188} INFO - [2025-11-20T22:17:11.527+0500] {dag.py:3954} INFO - Setting next_dagrun for tutorial_taskflow_api to None, run_after=None
[2025-11-20T22:17:11.639+0500] {processor.py:183} INFO - Processing /mnt/c/Users/Raj/OneDrive - Åbo Akademi O365/banking/venv/lib/python3.12/site-packages/airflow/example_dags/tutorial_taskflow_api.py took 0.278 seconds
[2025-11-20T22:17:55.137+0500] {processor.py:161} INFO - Started process (PID=1890) to work on /mnt/c/Users/Raj/OneDrive - Åbo Akademi O365/banking/venv/lib/python3.12/site-packages/airflow/example_dags/tutorial_taskflow_api.py
[2025-11-20T22:17:55.140+0500] {processor.py:830} INFO - Processing file /mnt/c/Users/Raj/OneDrive - Åbo Akademi O365/banking/venv/lib/python3.12/site-packages/airflow/example_dags/tutorial_taskflow_api.py for tasks to queue
[2025-11-20T22:17:55.145+0500] {logging_mixin.py:188} INFO - [2025-11-20T22:17:55.143+0500] {dagbag.py:545} INFO - Filling up the DagBag from /mnt/c/Users/Raj/OneDrive - Åbo Akademi O365/banking/venv/lib/python3.12/site-packages/airflow/example_dags/tutorial_taskflow_api.py
[2025-11-20T22:17:55.178+0500] {processor.py:840} INFO - DAG(s) 'tutorial_taskflow_api' retrieved from /mnt/c/Users/Raj/OneDrive - Åbo Akademi O365/banking/venv/lib/python3.12/site-packages/airflow/example_dags/tutorial_taskflow_api.py
[2025-11-20T22:17:55.224+0500] {logging_mixin.py:188} INFO - [2025-11-20T22:17:55.223+0500] {dag.py:3096} INFO - Sync 1 DAGs
[2025-11-20T22:17:55.247+0500] {logging_mixin.py:188} INFO - [2025-11-20T22:17:55.245+0500] {dag.py:3954} INFO - Setting next_dagrun for tutorial_taskflow_api to None, run_after=None
[2025-11-20T22:17:55.349+0500] {processor.py:183} INFO - Processing /mnt/c/Users/Raj/OneDrive - Åbo Akademi O365/banking/venv/lib/python3.12/site-packages/airflow/example_dags/tutorial_taskflow_api.py took 0.232 seconds
[2025-11-20T22:18:38.779+0500] {processor.py:161} INFO - Started process (PID=1925) to work on /mnt/c/Users/Raj/OneDrive - Åbo Akademi O365/banking/venv/lib/python3.12/site-packages/airflow/example_dags/tutorial_taskflow_api.py
[2025-11-20T22:18:38.782+0500] {processor.py:830} INFO - Processing file /mnt/c/Users/Raj/OneDrive - Åbo Akademi O365/banking/venv/lib/python3.12/site-packages/airflow/example_dags/tutorial_taskflow_api.py for tasks to queue
[2025-11-20T22:18:38.787+0500] {logging_mixin.py:188} INFO - [2025-11-20T22:18:38.785+0500] {dagbag.py:545} INFO - Filling up the DagBag from /mnt/c/Users/Raj/OneDrive - Åbo Akademi O365/banking/venv/lib/python3.12/site-packages/airflow/example_dags/tutorial_taskflow_api.py
[2025-11-20T22:18:38.824+0500] {processor.py:840} INFO - DAG(s) 'tutorial_taskflow_api' retrieved from /mnt/c/Users/Raj/OneDrive - Åbo Akademi O365/banking/venv/lib/python3.12/site-packages/airflow/example_dags/tutorial_taskflow_api.py
[2025-11-20T22:18:38.877+0500] {logging_mixin.py:188} INFO - [2025-11-20T22:18:38.876+0500] {dag.py:3096} INFO - Sync 1 DAGs
[2025-11-20T22:18:38.915+0500] {logging_mixin.py:188} INFO - [2025-11-20T22:18:38.913+0500] {dag.py:3954} INFO - Setting next_dagrun for tutorial_taskflow_api to None, run_after=None
[2025-11-20T22:18:39.055+0500] {processor.py:183} INFO - Processing /mnt/c/Users/Raj/OneDrive - Åbo Akademi O365/banking/venv/lib/python3.12/site-packages/airflow/example_dags/tutorial_taskflow_api.py took 0.299 seconds
[2025-11-20T22:19:19.093+0500] {processor.py:161} INFO - Started process (PID=1956) to work on /mnt/c/Users/Raj/OneDrive - Åbo Akademi O365/banking/venv/lib/python3.12/site-packages/airflow/example_dags/tutorial_taskflow_api.py
[2025-11-20T22:19:19.096+0500] {processor.py:830} INFO - Processing file /mnt/c/Users/Raj/OneDrive - Åbo Akademi O365/banking/venv/lib/python3.12/site-packages/airflow/example_dags/tutorial_taskflow_api.py for tasks to queue
[2025-11-20T22:19:19.100+0500] {logging_mixin.py:188} INFO - [2025-11-20T22:19:19.098+0500] {dagbag.py:545} INFO - Filling up the DagBag from /mnt/c/Users/Raj/OneDrive - Åbo Akademi O365/banking/venv/lib/python3.12/site-packages/airflow/example_dags/tutorial_taskflow_api.py
[2025-11-20T22:19:19.137+0500] {processor.py:840} INFO - DAG(s) 'tutorial_taskflow_api' retrieved from /mnt/c/Users/Raj/OneDrive - Åbo Akademi O365/banking/venv/lib/python3.12/site-packages/airflow/example_dags/tutorial_taskflow_api.py
[2025-11-20T22:19:19.185+0500] {logging_mixin.py:188} INFO - [2025-11-20T22:19:19.182+0500] {dag.py:3096} INFO - Sync 1 DAGs
[2025-11-20T22:19:19.213+0500] {logging_mixin.py:188} INFO - [2025-11-20T22:19:19.212+0500] {dag.py:3954} INFO - Setting next_dagrun for tutorial_taskflow_api to None, run_after=None
[2025-11-20T22:19:19.292+0500] {processor.py:183} INFO - Processing /mnt/c/Users/Raj/OneDrive - Åbo Akademi O365/banking/venv/lib/python3.12/site-packages/airflow/example_dags/tutorial_taskflow_api.py took 0.219 seconds
[2025-11-20T22:20:02.383+0500] {processor.py:161} INFO - Started process (PID=1992) to work on /mnt/c/Users/Raj/OneDrive - Åbo Akademi O365/banking/venv/lib/python3.12/site-packages/airflow/example_dags/tutorial_taskflow_api.py
[2025-11-20T22:20:02.387+0500] {processor.py:830} INFO - Processing file /mnt/c/Users/Raj/OneDrive - Åbo Akademi O365/banking/venv/lib/python3.12/site-packages/airflow/example_dags/tutorial_taskflow_api.py for tasks to queue
[2025-11-20T22:20:02.391+0500] {logging_mixin.py:188} INFO - [2025-11-20T22:20:02.389+0500] {dagbag.py:545} INFO - Filling up the DagBag from /mnt/c/Users/Raj/OneDrive - Åbo Akademi O365/banking/venv/lib/python3.12/site-packages/airflow/example_dags/tutorial_taskflow_api.py
[2025-11-20T22:20:02.434+0500] {processor.py:840} INFO - DAG(s) 'tutorial_taskflow_api' retrieved from /mnt/c/Users/Raj/OneDrive - Åbo Akademi O365/banking/venv/lib/python3.12/site-packages/airflow/example_dags/tutorial_taskflow_api.py
[2025-11-20T22:20:02.491+0500] {logging_mixin.py:188} INFO - [2025-11-20T22:20:02.489+0500] {dag.py:3096} INFO - Sync 1 DAGs
[2025-11-20T22:20:02.524+0500] {logging_mixin.py:188} INFO - [2025-11-20T22:20:02.523+0500] {dag.py:3954} INFO - Setting next_dagrun for tutorial_taskflow_api to None, run_after=None
[2025-11-20T22:20:02.661+0500] {processor.py:183} INFO - Processing /mnt/c/Users/Raj/OneDrive - Åbo Akademi O365/banking/venv/lib/python3.12/site-packages/airflow/example_dags/tutorial_taskflow_api.py took 0.304 seconds
[2025-11-20T22:20:47.973+0500] {processor.py:161} INFO - Started process (PID=2026) to work on /mnt/c/Users/Raj/OneDrive - Åbo Akademi O365/banking/venv/lib/python3.12/site-packages/airflow/example_dags/tutorial_taskflow_api.py
[2025-11-20T22:20:47.982+0500] {processor.py:830} INFO - Processing file /mnt/c/Users/Raj/OneDrive - Åbo Akademi O365/banking/venv/lib/python3.12/site-packages/airflow/example_dags/tutorial_taskflow_api.py for tasks to queue
[2025-11-20T22:20:47.988+0500] {logging_mixin.py:188} INFO - [2025-11-20T22:20:47.986+0500] {dagbag.py:545} INFO - Filling up the DagBag from /mnt/c/Users/Raj/OneDrive - Åbo Akademi O365/banking/venv/lib/python3.12/site-packages/airflow/example_dags/tutorial_taskflow_api.py
[2025-11-20T22:20:48.032+0500] {processor.py:840} INFO - DAG(s) 'tutorial_taskflow_api' retrieved from /mnt/c/Users/Raj/OneDrive - Åbo Akademi O365/banking/venv/lib/python3.12/site-packages/airflow/example_dags/tutorial_taskflow_api.py
[2025-11-20T22:20:48.100+0500] {logging_mixin.py:188} INFO - [2025-11-20T22:20:48.093+0500] {dag.py:3096} INFO - Sync 1 DAGs
[2025-11-20T22:20:48.150+0500] {logging_mixin.py:188} INFO - [2025-11-20T22:20:48.148+0500] {dag.py:3954} INFO - Setting next_dagrun for tutorial_taskflow_api to None, run_after=None
[2025-11-20T22:20:48.291+0500] {processor.py:183} INFO - Processing /mnt/c/Users/Raj/OneDrive - Åbo Akademi O365/banking/venv/lib/python3.12/site-packages/airflow/example_dags/tutorial_taskflow_api.py took 0.354 seconds
[2025-11-20T22:21:33.736+0500] {processor.py:161} INFO - Started process (PID=2062) to work on /mnt/c/Users/Raj/OneDrive - Åbo Akademi O365/banking/venv/lib/python3.12/site-packages/airflow/example_dags/tutorial_taskflow_api.py
[2025-11-20T22:21:33.740+0500] {processor.py:830} INFO - Processing file /mnt/c/Users/Raj/OneDrive - Åbo Akademi O365/banking/venv/lib/python3.12/site-packages/airflow/example_dags/tutorial_taskflow_api.py for tasks to queue
[2025-11-20T22:21:33.744+0500] {logging_mixin.py:188} INFO - [2025-11-20T22:21:33.742+0500] {dagbag.py:545} INFO - Filling up the DagBag from /mnt/c/Users/Raj/OneDrive - Åbo Akademi O365/banking/venv/lib/python3.12/site-packages/airflow/example_dags/tutorial_taskflow_api.py
[2025-11-20T22:21:33.786+0500] {processor.py:840} INFO - DAG(s) 'tutorial_taskflow_api' retrieved from /mnt/c/Users/Raj/OneDrive - Åbo Akademi O365/banking/venv/lib/python3.12/site-packages/airflow/example_dags/tutorial_taskflow_api.py
[2025-11-20T22:21:33.846+0500] {logging_mixin.py:188} INFO - [2025-11-20T22:21:33.844+0500] {dag.py:3096} INFO - Sync 1 DAGs
[2025-11-20T22:21:33.871+0500] {logging_mixin.py:188} INFO - [2025-11-20T22:21:33.870+0500] {dag.py:3954} INFO - Setting next_dagrun for tutorial_taskflow_api to None, run_after=None
[2025-11-20T22:21:33.963+0500] {processor.py:183} INFO - Processing /mnt/c/Users/Raj/OneDrive - Åbo Akademi O365/banking/venv/lib/python3.12/site-packages/airflow/example_dags/tutorial_taskflow_api.py took 0.248 seconds
[2025-11-20T22:22:12.934+0500] {processor.py:161} INFO - Started process (PID=2091) to work on /mnt/c/Users/Raj/OneDrive - Åbo Akademi O365/banking/venv/lib/python3.12/site-packages/airflow/example_dags/tutorial_taskflow_api.py
[2025-11-20T22:22:12.937+0500] {processor.py:830} INFO - Processing file /mnt/c/Users/Raj/OneDrive - Åbo Akademi O365/banking/venv/lib/python3.12/site-packages/airflow/example_dags/tutorial_taskflow_api.py for tasks to queue
[2025-11-20T22:22:12.942+0500] {logging_mixin.py:188} INFO - [2025-11-20T22:22:12.940+0500] {dagbag.py:545} INFO - Filling up the DagBag from /mnt/c/Users/Raj/OneDrive - Åbo Akademi O365/banking/venv/lib/python3.12/site-packages/airflow/example_dags/tutorial_taskflow_api.py
[2025-11-20T22:22:12.971+0500] {processor.py:840} INFO - DAG(s) 'tutorial_taskflow_api' retrieved from /mnt/c/Users/Raj/OneDrive - Åbo Akademi O365/banking/venv/lib/python3.12/site-packages/airflow/example_dags/tutorial_taskflow_api.py
[2025-11-20T22:22:13.021+0500] {logging_mixin.py:188} INFO - [2025-11-20T22:22:13.020+0500] {dag.py:3096} INFO - Sync 1 DAGs
[2025-11-20T22:22:13.045+0500] {logging_mixin.py:188} INFO - [2025-11-20T22:22:13.044+0500] {dag.py:3954} INFO - Setting next_dagrun for tutorial_taskflow_api to None, run_after=None
[2025-11-20T22:22:13.141+0500] {processor.py:183} INFO - Processing /mnt/c/Users/Raj/OneDrive - Åbo Akademi O365/banking/venv/lib/python3.12/site-packages/airflow/example_dags/tutorial_taskflow_api.py took 0.223 seconds
[2025-11-20T22:23:26.215+0500] {processor.py:161} INFO - Started process (PID=2149) to work on /mnt/c/Users/Raj/OneDrive - Åbo Akademi O365/banking/venv/lib/python3.12/site-packages/airflow/example_dags/tutorial_taskflow_api.py
[2025-11-20T22:23:26.217+0500] {processor.py:830} INFO - Processing file /mnt/c/Users/Raj/OneDrive - Åbo Akademi O365/banking/venv/lib/python3.12/site-packages/airflow/example_dags/tutorial_taskflow_api.py for tasks to queue
[2025-11-20T22:23:26.221+0500] {logging_mixin.py:188} INFO - [2025-11-20T22:23:26.220+0500] {dagbag.py:545} INFO - Filling up the DagBag from /mnt/c/Users/Raj/OneDrive - Åbo Akademi O365/banking/venv/lib/python3.12/site-packages/airflow/example_dags/tutorial_taskflow_api.py
[2025-11-20T22:23:26.250+0500] {processor.py:840} INFO - DAG(s) 'tutorial_taskflow_api' retrieved from /mnt/c/Users/Raj/OneDrive - Åbo Akademi O365/banking/venv/lib/python3.12/site-packages/airflow/example_dags/tutorial_taskflow_api.py
[2025-11-20T22:23:26.285+0500] {logging_mixin.py:188} INFO - [2025-11-20T22:23:26.284+0500] {dag.py:3096} INFO - Sync 1 DAGs
[2025-11-20T22:23:26.306+0500] {logging_mixin.py:188} INFO - [2025-11-20T22:23:26.305+0500] {dag.py:3954} INFO - Setting next_dagrun for tutorial_taskflow_api to None, run_after=None
[2025-11-20T22:23:26.387+0500] {processor.py:183} INFO - Processing /mnt/c/Users/Raj/OneDrive - Åbo Akademi O365/banking/venv/lib/python3.12/site-packages/airflow/example_dags/tutorial_taskflow_api.py took 0.187 seconds
[2025-11-20T22:24:04.791+0500] {processor.py:161} INFO - Started process (PID=2181) to work on /mnt/c/Users/Raj/OneDrive - Åbo Akademi O365/banking/venv/lib/python3.12/site-packages/airflow/example_dags/tutorial_taskflow_api.py
[2025-11-20T22:24:04.794+0500] {processor.py:830} INFO - Processing file /mnt/c/Users/Raj/OneDrive - Åbo Akademi O365/banking/venv/lib/python3.12/site-packages/airflow/example_dags/tutorial_taskflow_api.py for tasks to queue
[2025-11-20T22:24:04.797+0500] {logging_mixin.py:188} INFO - [2025-11-20T22:24:04.796+0500] {dagbag.py:545} INFO - Filling up the DagBag from /mnt/c/Users/Raj/OneDrive - Åbo Akademi O365/banking/venv/lib/python3.12/site-packages/airflow/example_dags/tutorial_taskflow_api.py
[2025-11-20T22:24:04.828+0500] {processor.py:840} INFO - DAG(s) 'tutorial_taskflow_api' retrieved from /mnt/c/Users/Raj/OneDrive - Åbo Akademi O365/banking/venv/lib/python3.12/site-packages/airflow/example_dags/tutorial_taskflow_api.py
[2025-11-20T22:24:04.868+0500] {logging_mixin.py:188} INFO - [2025-11-20T22:24:04.867+0500] {dag.py:3096} INFO - Sync 1 DAGs
[2025-11-20T22:24:04.890+0500] {logging_mixin.py:188} INFO - [2025-11-20T22:24:04.888+0500] {dag.py:3954} INFO - Setting next_dagrun for tutorial_taskflow_api to None, run_after=None
[2025-11-20T22:24:04.983+0500] {processor.py:183} INFO - Processing /mnt/c/Users/Raj/OneDrive - Åbo Akademi O365/banking/venv/lib/python3.12/site-packages/airflow/example_dags/tutorial_taskflow_api.py took 0.210 seconds
[2025-11-20T22:24:49.007+0500] {processor.py:161} INFO - Started process (PID=2227) to work on /mnt/c/Users/Raj/OneDrive - Åbo Akademi O365/banking/venv/lib/python3.12/site-packages/airflow/example_dags/tutorial_taskflow_api.py
[2025-11-20T22:24:49.011+0500] {processor.py:830} INFO - Processing file /mnt/c/Users/Raj/OneDrive - Åbo Akademi O365/banking/venv/lib/python3.12/site-packages/airflow/example_dags/tutorial_taskflow_api.py for tasks to queue
[2025-11-20T22:24:49.016+0500] {logging_mixin.py:188} INFO - [2025-11-20T22:24:49.013+0500] {dagbag.py:545} INFO - Filling up the DagBag from /mnt/c/Users/Raj/OneDrive - Åbo Akademi O365/banking/venv/lib/python3.12/site-packages/airflow/example_dags/tutorial_taskflow_api.py
[2025-11-20T22:24:49.067+0500] {processor.py:840} INFO - DAG(s) 'tutorial_taskflow_api' retrieved from /mnt/c/Users/Raj/OneDrive - Åbo Akademi O365/banking/venv/lib/python3.12/site-packages/airflow/example_dags/tutorial_taskflow_api.py
[2025-11-20T22:24:49.119+0500] {logging_mixin.py:188} INFO - [2025-11-20T22:24:49.117+0500] {dag.py:3096} INFO - Sync 1 DAGs
[2025-11-20T22:24:49.146+0500] {logging_mixin.py:188} INFO - [2025-11-20T22:24:49.144+0500] {dag.py:3954} INFO - Setting next_dagrun for tutorial_taskflow_api to None, run_after=None
[2025-11-20T22:24:49.254+0500] {processor.py:183} INFO - Processing /mnt/c/Users/Raj/OneDrive - Åbo Akademi O365/banking/venv/lib/python3.12/site-packages/airflow/example_dags/tutorial_taskflow_api.py took 0.282 seconds
[2025-11-20T22:25:39.535+0500] {processor.py:161} INFO - Started process (PID=2287) to work on /mnt/c/Users/Raj/OneDrive - Åbo Akademi O365/banking/venv/lib/python3.12/site-packages/airflow/example_dags/tutorial_taskflow_api.py
[2025-11-20T22:25:39.538+0500] {processor.py:830} INFO - Processing file /mnt/c/Users/Raj/OneDrive - Åbo Akademi O365/banking/venv/lib/python3.12/site-packages/airflow/example_dags/tutorial_taskflow_api.py for tasks to queue
[2025-11-20T22:25:39.542+0500] {logging_mixin.py:188} INFO - [2025-11-20T22:25:39.540+0500] {dagbag.py:545} INFO - Filling up the DagBag from /mnt/c/Users/Raj/OneDrive - Åbo Akademi O365/banking/venv/lib/python3.12/site-packages/airflow/example_dags/tutorial_taskflow_api.py
[2025-11-20T22:25:39.574+0500] {processor.py:840} INFO - DAG(s) 'tutorial_taskflow_api' retrieved from /mnt/c/Users/Raj/OneDrive - Åbo Akademi O365/banking/venv/lib/python3.12/site-packages/airflow/example_dags/tutorial_taskflow_api.py
[2025-11-20T22:25:39.623+0500] {logging_mixin.py:188} INFO - [2025-11-20T22:25:39.622+0500] {dag.py:3096} INFO - Sync 1 DAGs
[2025-11-20T22:25:39.649+0500] {logging_mixin.py:188} INFO - [2025-11-20T22:25:39.648+0500] {dag.py:3954} INFO - Setting next_dagrun for tutorial_taskflow_api to None, run_after=None
[2025-11-20T22:25:39.747+0500] {processor.py:183} INFO - Processing /mnt/c/Users/Raj/OneDrive - Åbo Akademi O365/banking/venv/lib/python3.12/site-packages/airflow/example_dags/tutorial_taskflow_api.py took 0.236 seconds
[2025-11-20T22:26:42.298+0500] {processor.py:161} INFO - Started process (PID=2318) to work on /mnt/c/Users/Raj/OneDrive - Åbo Akademi O365/banking/venv/lib/python3.12/site-packages/airflow/example_dags/tutorial_taskflow_api.py
[2025-11-20T22:26:42.315+0500] {processor.py:830} INFO - Processing file /mnt/c/Users/Raj/OneDrive - Åbo Akademi O365/banking/venv/lib/python3.12/site-packages/airflow/example_dags/tutorial_taskflow_api.py for tasks to queue
[2025-11-20T22:26:42.334+0500] {logging_mixin.py:188} INFO - [2025-11-20T22:26:42.328+0500] {dagbag.py:545} INFO - Filling up the DagBag from /mnt/c/Users/Raj/OneDrive - Åbo Akademi O365/banking/venv/lib/python3.12/site-packages/airflow/example_dags/tutorial_taskflow_api.py
[2025-11-20T22:26:42.448+0500] {processor.py:840} INFO - DAG(s) 'tutorial_taskflow_api' retrieved from /mnt/c/Users/Raj/OneDrive - Åbo Akademi O365/banking/venv/lib/python3.12/site-packages/airflow/example_dags/tutorial_taskflow_api.py
[2025-11-20T22:26:42.533+0500] {logging_mixin.py:188} INFO - [2025-11-20T22:26:42.531+0500] {dag.py:3096} INFO - Sync 1 DAGs
[2025-11-20T22:26:42.592+0500] {logging_mixin.py:188} INFO - [2025-11-20T22:26:42.590+0500] {dag.py:3954} INFO - Setting next_dagrun for tutorial_taskflow_api to None, run_after=None
[2025-11-20T22:26:42.812+0500] {processor.py:183} INFO - Processing /mnt/c/Users/Raj/OneDrive - Åbo Akademi O365/banking/venv/lib/python3.12/site-packages/airflow/example_dags/tutorial_taskflow_api.py took 0.628 seconds
[2025-11-20T22:28:00.933+0500] {processor.py:161} INFO - Started process (PID=2358) to work on /mnt/c/Users/Raj/OneDrive - Åbo Akademi O365/banking/venv/lib/python3.12/site-packages/airflow/example_dags/tutorial_taskflow_api.py
[2025-11-20T22:28:00.936+0500] {processor.py:830} INFO - Processing file /mnt/c/Users/Raj/OneDrive - Åbo Akademi O365/banking/venv/lib/python3.12/site-packages/airflow/example_dags/tutorial_taskflow_api.py for tasks to queue
[2025-11-20T22:28:00.941+0500] {logging_mixin.py:188} INFO - [2025-11-20T22:28:00.939+0500] {dagbag.py:545} INFO - Filling up the DagBag from /mnt/c/Users/Raj/OneDrive - Åbo Akademi O365/banking/venv/lib/python3.12/site-packages/airflow/example_dags/tutorial_taskflow_api.py
[2025-11-20T22:28:00.996+0500] {processor.py:840} INFO - DAG(s) 'tutorial_taskflow_api' retrieved from /mnt/c/Users/Raj/OneDrive - Åbo Akademi O365/banking/venv/lib/python3.12/site-packages/airflow/example_dags/tutorial_taskflow_api.py
[2025-11-20T22:28:00.195+0500] {logging_mixin.py:188} INFO - [2025-11-20T22:28:00.193+0500] {dag.py:3096} INFO - Sync 1 DAGs
[2025-11-20T22:28:00.249+0500] {logging_mixin.py:188} INFO - [2025-11-20T22:28:00.247+0500] {dag.py:3954} INFO - Setting next_dagrun for tutorial_taskflow_api to None, run_after=None
[2025-11-20T22:28:00.441+0500] {processor.py:183} INFO - Processing /mnt/c/Users/Raj/OneDrive - Åbo Akademi O365/banking/venv/lib/python3.12/site-packages/airflow/example_dags/tutorial_taskflow_api.py took 0.426 seconds
[2025-11-20T22:29:13.314+0500] {processor.py:161} INFO - Started process (PID=2420) to work on /mnt/c/Users/Raj/OneDrive - Åbo Akademi O365/banking/venv/lib/python3.12/site-packages/airflow/example_dags/tutorial_taskflow_api.py
[2025-11-20T22:29:13.319+0500] {processor.py:830} INFO - Processing file /mnt/c/Users/Raj/OneDrive - Åbo Akademi O365/banking/venv/lib/python3.12/site-packages/airflow/example_dags/tutorial_taskflow_api.py for tasks to queue
[2025-11-20T22:29:13.326+0500] {logging_mixin.py:188} INFO - [2025-11-20T22:29:13.323+0500] {dagbag.py:545} INFO - Filling up the DagBag from /mnt/c/Users/Raj/OneDrive - Åbo Akademi O365/banking/venv/lib/python3.12/site-packages/airflow/example_dags/tutorial_taskflow_api.py
[2025-11-20T22:29:13.481+0500] {processor.py:840} INFO - DAG(s) 'tutorial_taskflow_api' retrieved from /mnt/c/Users/Raj/OneDrive - Åbo Akademi O365/banking/venv/lib/python3.12/site-packages/airflow/example_dags/tutorial_taskflow_api.py
[2025-11-20T22:29:13.566+0500] {logging_mixin.py:188} INFO - [2025-11-20T22:29:13.562+0500] {dag.py:3096} INFO - Sync 1 DAGs
[2025-11-20T22:29:13.606+0500] {logging_mixin.py:188} INFO - [2025-11-20T22:29:13.603+0500] {dag.py:3954} INFO - Setting next_dagrun for tutorial_taskflow_api to None, run_after=None
[2025-11-20T22:29:13.770+0500] {processor.py:183} INFO - Processing /mnt/c/Users/Raj/OneDrive - Åbo Akademi O365/banking/venv/lib/python3.12/site-packages/airflow/example_dags/tutorial_taskflow_api.py took 0.524 seconds
[2025-11-20T22:30:30.437+0500] {processor.py:161} INFO - Started process (PID=2458) to work on /mnt/c/Users/Raj/OneDrive - Åbo Akademi O365/banking/venv/lib/python3.12/site-packages/airflow/example_dags/tutorial_taskflow_api.py
[2025-11-20T22:30:30.442+0500] {processor.py:830} INFO - Processing file /mnt/c/Users/Raj/OneDrive - Åbo Akademi O365/banking/venv/lib/python3.12/site-packages/airflow/example_dags/tutorial_taskflow_api.py for tasks to queue
[2025-11-20T22:30:30.449+0500] {logging_mixin.py:188} INFO - [2025-11-20T22:30:30.445+0500] {dagbag.py:545} INFO - Filling up the DagBag from /mnt/c/Users/Raj/OneDrive - Åbo Akademi O365/banking/venv/lib/python3.12/site-packages/airflow/example_dags/tutorial_taskflow_api.py
[2025-11-20T22:30:30.716+0500] {logging_mixin.py:188} INFO - [2025-11-20T22:30:30.650+0500] {dagbag.py:355} ERROR - Failed to import: /mnt/c/Users/Raj/OneDrive - Åbo Akademi O365/banking/venv/lib/python3.12/site-packages/airflow/example_dags/tutorial_taskflow_api.py
Traceback (most recent call last):
  File "/mnt/c/Users/Raj/OneDrive - Åbo Akademi O365/banking/venv/lib/python3.12/site-packages/airflow/models/dagbag.py", line 351, in parse
    dag_id,
  File "<frozen importlib._bootstrap_external>", line 995, in exec_module
  File "<frozen importlib._bootstrap>", line 488, in _call_with_frames_removed
  File "/mnt/c/Users/Raj/OneDrive - Åbo Akademi O365/banking/venv/lib/python3.12/site-packages/airflow/example_dags/tutorial_taskflow_api.py", line 26, in <module>
    from airflow.sdk import dag, task
  File "/mnt/c/Users/Raj/OneDrive - Åbo Akademi O365/banking/venv/lib/python3.12/site-packages/airflow/sdk/__init__.py", line 134, in __getattr__
    mod = importlib.import_module(module_path, __name__)
          ^^^^^^^^^^^^^^^^^^^^^^^^^^^^^^^^^^^^^^^^^^^^^^
  File "/usr/lib/python3.12/importlib/__init__.py", line 90, in import_module
    return _bootstrap._gcd_import(name[level:], package, level)
           ^^^^^^^^^^^^^^^^^^^^^^^^^^^^^^^^^^^^^^^^^^^^^^^^^^^^
  File "/mnt/c/Users/Raj/OneDrive - Åbo Akademi O365/banking/venv/lib/python3.12/site-packages/airflow/sdk/definitions/dag.py", line 40, in <module>
    from airflow.exceptions import (
ImportError: cannot import name 'RemovedInAirflow4Warning' from 'airflow.exceptions' (/mnt/c/Users/Raj/OneDrive - Åbo Akademi O365/banking/venv/lib/python3.12/site-packages/airflow/exceptions.py)
[2025-11-20T22:30:30.727+0500] {processor.py:842} WARNING - No viable dags retrieved from /mnt/c/Users/Raj/OneDrive - Åbo Akademi O365/banking/venv/lib/python3.12/site-packages/airflow/example_dags/tutorial_taskflow_api.py
[2025-11-20T22:30:30.854+0500] {processor.py:183} INFO - Processing /mnt/c/Users/Raj/OneDrive - Åbo Akademi O365/banking/venv/lib/python3.12/site-packages/airflow/example_dags/tutorial_taskflow_api.py took 0.493 seconds
[2025-11-20T22:31:53.088+0500] {processor.py:161} INFO - Started process (PID=2503) to work on /mnt/c/Users/Raj/OneDrive - Åbo Akademi O365/banking/venv/lib/python3.12/site-packages/airflow/example_dags/tutorial_taskflow_api.py
[2025-11-20T22:31:53.093+0500] {processor.py:830} INFO - Processing file /mnt/c/Users/Raj/OneDrive - Åbo Akademi O365/banking/venv/lib/python3.12/site-packages/airflow/example_dags/tutorial_taskflow_api.py for tasks to queue
[2025-11-20T22:31:53.101+0500] {logging_mixin.py:188} INFO - [2025-11-20T22:31:53.098+0500] {dagbag.py:545} INFO - Filling up the DagBag from /mnt/c/Users/Raj/OneDrive - Åbo Akademi O365/banking/venv/lib/python3.12/site-packages/airflow/example_dags/tutorial_taskflow_api.py
[2025-11-20T22:31:53.219+0500] {logging_mixin.py:188} INFO - [2025-11-20T22:31:53.183+0500] {dagbag.py:355} ERROR - Failed to import: /mnt/c/Users/Raj/OneDrive - Åbo Akademi O365/banking/venv/lib/python3.12/site-packages/airflow/example_dags/tutorial_taskflow_api.py
Traceback (most recent call last):
  File "/mnt/c/Users/Raj/OneDrive - Åbo Akademi O365/banking/venv/lib/python3.12/site-packages/airflow/models/dagbag.py", line 351, in parse
    dag_id,
  File "<frozen importlib._bootstrap_external>", line 995, in exec_module
  File "<frozen importlib._bootstrap>", line 488, in _call_with_frames_removed
  File "/mnt/c/Users/Raj/OneDrive - Åbo Akademi O365/banking/venv/lib/python3.12/site-packages/airflow/example_dags/tutorial_taskflow_api.py", line 26, in <module>
    from airflow.sdk import dag, task
  File "/mnt/c/Users/Raj/OneDrive - Åbo Akademi O365/banking/venv/lib/python3.12/site-packages/airflow/sdk/__init__.py", line 134, in __getattr__
    mod = importlib.import_module(module_path, __name__)
          ^^^^^^^^^^^^^^^^^^^^^^^^^^^^^^^^^^^^^^^^^^^^^^
  File "/usr/lib/python3.12/importlib/__init__.py", line 90, in import_module
    return _bootstrap._gcd_import(name[level:], package, level)
           ^^^^^^^^^^^^^^^^^^^^^^^^^^^^^^^^^^^^^^^^^^^^^^^^^^^^
  File "/mnt/c/Users/Raj/OneDrive - Åbo Akademi O365/banking/venv/lib/python3.12/site-packages/airflow/sdk/definitions/dag.py", line 40, in <module>
    from airflow.exceptions import (
ImportError: cannot import name 'RemovedInAirflow4Warning' from 'airflow.exceptions' (/mnt/c/Users/Raj/OneDrive - Åbo Akademi O365/banking/venv/lib/python3.12/site-packages/airflow/exceptions.py)
[2025-11-20T22:31:53.228+0500] {processor.py:842} WARNING - No viable dags retrieved from /mnt/c/Users/Raj/OneDrive - Åbo Akademi O365/banking/venv/lib/python3.12/site-packages/airflow/example_dags/tutorial_taskflow_api.py
[2025-11-20T22:31:53.328+0500] {processor.py:183} INFO - Processing /mnt/c/Users/Raj/OneDrive - Åbo Akademi O365/banking/venv/lib/python3.12/site-packages/airflow/example_dags/tutorial_taskflow_api.py took 0.279 seconds
