[2025-11-21T13:23:48.166+0500] {local_task_job_runner.py:123} INFO - ::group::Pre task execution logs
[2025-11-21T13:23:48.191+0500] {taskinstance.py:2612} INFO - Dependencies all met for dep_context=non-requeueable deps ti=<TaskInstance: first_example_dag.save scheduled__2025-11-20T00:00:00+00:00 [queued]>
[2025-11-21T13:23:48.210+0500] {taskinstance.py:2612} INFO - Dependencies all met for dep_context=requeueable deps ti=<TaskInstance: first_example_dag.save scheduled__2025-11-20T00:00:00+00:00 [queued]>
[2025-11-21T13:23:48.212+0500] {taskinstance.py:2865} INFO - Starting attempt 1 of 2
[2025-11-21T13:23:48.259+0500] {taskinstance.py:2888} INFO - Executing <Task(PythonOperator): save> on 2025-11-20 00:00:00+00:00
[2025-11-21T13:23:48.266+0500] {standard_task_runner.py:72} INFO - Started process 19964 to run task
[2025-11-21T13:23:48.271+0500] {standard_task_runner.py:104} INFO - Running: ['airflow', 'tasks', 'run', 'first_example_dag', 'save', 'scheduled__2025-11-20T00:00:00+00:00', '--job-id', '9', '--raw', '--subdir', 'DAGS_FOLDER/first_example_dag.py', '--cfg-path', '/tmp/tmpqhf3xidk']
[2025-11-21T13:23:48.275+0500] {standard_task_runner.py:105} INFO - Job 9: Subtask save
[2025-11-21T13:23:48.402+0500] {task_command.py:467} INFO - Running <TaskInstance: first_example_dag.save scheduled__2025-11-20T00:00:00+00:00 [running]> on host DESKTOP-ER17M9N.localdomain
[2025-11-21T13:23:48.563+0500] {taskinstance.py:3131} INFO - Exporting env vars: AIRFLOW_CTX_DAG_OWNER='bhawish' AIRFLOW_CTX_DAG_ID='first_example_dag' AIRFLOW_CTX_TASK_ID='save' AIRFLOW_CTX_EXECUTION_DATE='2025-11-20T00:00:00+00:00' AIRFLOW_CTX_TRY_NUMBER='1' AIRFLOW_CTX_DAG_RUN_ID='scheduled__2025-11-20T00:00:00+00:00'
[2025-11-21T13:23:48.568+0500] {logging_mixin.py:190} INFO - Task instance is in running state
[2025-11-21T13:23:48.570+0500] {logging_mixin.py:190} INFO -  Previous state of the Task instance: queued
[2025-11-21T13:23:48.574+0500] {logging_mixin.py:190} INFO - Current task name:save state:running start_date:2025-11-21 08:23:48.194418+00:00
[2025-11-21T13:23:48.577+0500] {logging_mixin.py:190} INFO - Dag name:first_example_dag and current dag run status:running
[2025-11-21T13:23:48.579+0500] {taskinstance.py:731} INFO - ::endgroup::
[2025-11-21T13:23:48.598+0500] {logging_mixin.py:190} INFO - SAVE -> writing total to storage (simulated): 150.0
[2025-11-21T13:23:48.601+0500] {python.py:240} INFO - Done. Returned value was: None
[2025-11-21T13:23:48.617+0500] {taskinstance.py:340} INFO - ::group::Post task execution logs
[2025-11-21T13:23:48.620+0500] {taskinstance.py:352} INFO - Marking task as SUCCESS. dag_id=first_example_dag, task_id=save, run_id=scheduled__2025-11-20T00:00:00+00:00, execution_date=20251120T000000, start_date=20251121T082348, end_date=20251121T082348
[2025-11-21T13:23:48.656+0500] {logging_mixin.py:190} INFO - Task instance in success state
[2025-11-21T13:23:48.659+0500] {logging_mixin.py:190} INFO -  Previous state of the Task instance: running
[2025-11-21T13:23:48.662+0500] {logging_mixin.py:190} INFO - Dag name:first_example_dag queued_at:2025-11-21 08:21:15.516999+00:00
[2025-11-21T13:23:48.665+0500] {logging_mixin.py:190} INFO - Task hostname:DESKTOP-ER17M9N.localdomain operator:PythonOperator
[2025-11-21T13:23:48.694+0500] {local_task_job_runner.py:266} INFO - Task exited with return code 0
[2025-11-21T13:23:48.720+0500] {taskinstance.py:3900} INFO - 0 downstream tasks scheduled from follow-on schedule check
[2025-11-21T13:23:48.724+0500] {local_task_job_runner.py:245} INFO - ::endgroup::
