[2025-11-21T15:02:56.354+0500] {local_task_job_runner.py:123} INFO - ::group::Pre task execution logs
[2025-11-21T15:02:56.384+0500] {taskinstance.py:2612} INFO - Dependencies all met for dep_context=non-requeueable deps ti=<TaskInstance: first_example_dag.clean manual__2025-11-21T10:01:38.530863+00:00 [queued]>
[2025-11-21T15:02:56.405+0500] {taskinstance.py:2612} INFO - Dependencies all met for dep_context=requeueable deps ti=<TaskInstance: first_example_dag.clean manual__2025-11-21T10:01:38.530863+00:00 [queued]>
[2025-11-21T15:02:56.407+0500] {taskinstance.py:2865} INFO - Starting attempt 1 of 2
[2025-11-21T15:02:56.564+0500] {taskinstance.py:2888} INFO - Executing <Task(PythonOperator): clean> on 2025-11-21 10:01:38.530863+00:00
[2025-11-21T15:02:56.575+0500] {standard_task_runner.py:72} INFO - Started process 38216 to run task
[2025-11-21T15:02:56.580+0500] {standard_task_runner.py:104} INFO - Running: ['airflow', 'tasks', 'run', 'first_example_dag', 'clean', 'manual__2025-11-21T10:01:38.530863+00:00', '--job-id', '18', '--raw', '--subdir', 'DAGS_FOLDER/first_example_dag.py', '--cfg-path', '/tmp/tmp1py46njf']
[2025-11-21T15:02:56.583+0500] {standard_task_runner.py:105} INFO - Job 18: Subtask clean
[2025-11-21T15:02:56.755+0500] {task_command.py:467} INFO - Running <TaskInstance: first_example_dag.clean manual__2025-11-21T10:01:38.530863+00:00 [running]> on host DESKTOP-ER17M9N.localdomain
[2025-11-21T15:02:57.043+0500] {taskinstance.py:3131} INFO - Exporting env vars: AIRFLOW_CTX_DAG_OWNER='bhawish' AIRFLOW_CTX_DAG_ID='first_example_dag' AIRFLOW_CTX_TASK_ID='clean' AIRFLOW_CTX_EXECUTION_DATE='2025-11-21T10:01:38.530863+00:00' AIRFLOW_CTX_TRY_NUMBER='1' AIRFLOW_CTX_DAG_RUN_ID='manual__2025-11-21T10:01:38.530863+00:00'
[2025-11-21T15:02:57.048+0500] {logging_mixin.py:190} INFO - Task instance is in running state
[2025-11-21T15:02:57.051+0500] {logging_mixin.py:190} INFO -  Previous state of the Task instance: queued
[2025-11-21T15:02:57.055+0500] {logging_mixin.py:190} INFO - Current task name:clean state:running start_date:2025-11-21 10:02:56.387748+00:00
[2025-11-21T15:02:57.058+0500] {logging_mixin.py:190} INFO - Dag name:first_example_dag and current dag run status:running
[2025-11-21T15:02:57.060+0500] {taskinstance.py:731} INFO - ::endgroup::
[2025-11-21T15:02:57.087+0500] {logging_mixin.py:190} INFO - CLEAN -> [{'id': 1, 'amount': 100.0}, {'id': 2, 'amount': 50.0}]
[2025-11-21T15:02:57.131+0500] {python.py:240} INFO - Done. Returned value was: None
[2025-11-21T15:02:57.152+0500] {taskinstance.py:340} INFO - ::group::Post task execution logs
[2025-11-21T15:02:57.155+0500] {taskinstance.py:352} INFO - Marking task as SUCCESS. dag_id=first_example_dag, task_id=clean, run_id=manual__2025-11-21T10:01:38.530863+00:00, execution_date=20251121T100138, start_date=20251121T100256, end_date=20251121T100257
[2025-11-21T15:02:57.198+0500] {logging_mixin.py:190} INFO - Task instance in success state
[2025-11-21T15:02:57.212+0500] {logging_mixin.py:190} INFO -  Previous state of the Task instance: running
[2025-11-21T15:02:57.218+0500] {logging_mixin.py:190} INFO - Dag name:first_example_dag queued_at:2025-11-21 10:01:38.663640+00:00
[2025-11-21T15:02:57.223+0500] {logging_mixin.py:190} INFO - Task hostname:DESKTOP-ER17M9N.localdomain operator:PythonOperator
[2025-11-21T15:02:57.282+0500] {local_task_job_runner.py:266} INFO - Task exited with return code 0
[2025-11-21T15:02:57.408+0500] {taskinstance.py:3900} INFO - 1 downstream tasks scheduled from follow-on schedule check
[2025-11-21T15:02:57.425+0500] {local_task_job_runner.py:245} INFO - ::endgroup::
