[2025-11-21T15:35:31.975+0500] {local_task_job_runner.py:123} INFO - ::group::Pre task execution logs
[2025-11-21T15:35:32.002+0500] {taskinstance.py:2612} INFO - Dependencies all met for dep_context=non-requeueable deps ti=<TaskInstance: first_example_dag.save manual__2025-11-21T10:32:53.424622+00:00 [queued]>
[2025-11-21T15:35:32.018+0500] {taskinstance.py:2612} INFO - Dependencies all met for dep_context=requeueable deps ti=<TaskInstance: first_example_dag.save manual__2025-11-21T10:32:53.424622+00:00 [queued]>
[2025-11-21T15:35:32.021+0500] {taskinstance.py:2865} INFO - Starting attempt 1 of 2
[2025-11-21T15:35:32.163+0500] {taskinstance.py:2888} INFO - Executing <Task(PythonOperator): save> on 2025-11-21 10:32:53.424622+00:00
[2025-11-21T15:35:32.173+0500] {standard_task_runner.py:72} INFO - Started process 43481 to run task
[2025-11-21T15:35:32.178+0500] {standard_task_runner.py:104} INFO - Running: ['airflow', 'tasks', 'run', 'first_example_dag', 'save', 'manual__2025-11-21T10:32:53.424622+00:00', '--job-id', '28', '--raw', '--subdir', 'DAGS_FOLDER/first_example_dag.py', '--cfg-path', '/tmp/tmpzjoj75f9']
[2025-11-21T15:35:32.183+0500] {standard_task_runner.py:105} INFO - Job 28: Subtask save
[2025-11-21T15:35:32.328+0500] {task_command.py:467} INFO - Running <TaskInstance: first_example_dag.save manual__2025-11-21T10:32:53.424622+00:00 [running]> on host DESKTOP-ER17M9N.localdomain
[2025-11-21T15:35:32.501+0500] {taskinstance.py:3131} INFO - Exporting env vars: AIRFLOW_CTX_DAG_OWNER='bhawish' AIRFLOW_CTX_DAG_ID='first_example_dag' AIRFLOW_CTX_TASK_ID='save' AIRFLOW_CTX_EXECUTION_DATE='2025-11-21T10:32:53.424622+00:00' AIRFLOW_CTX_TRY_NUMBER='1' AIRFLOW_CTX_DAG_RUN_ID='manual__2025-11-21T10:32:53.424622+00:00'
[2025-11-21T15:35:32.506+0500] {logging_mixin.py:190} INFO - Task instance is in running state
[2025-11-21T15:35:32.509+0500] {logging_mixin.py:190} INFO -  Previous state of the Task instance: queued
[2025-11-21T15:35:32.513+0500] {logging_mixin.py:190} INFO - Current task name:save state:running start_date:2025-11-21 10:35:32.006688+00:00
[2025-11-21T15:35:32.516+0500] {logging_mixin.py:190} INFO - Dag name:first_example_dag and current dag run status:running
[2025-11-21T15:35:32.519+0500] {taskinstance.py:731} INFO - ::endgroup::
[2025-11-21T15:35:32.539+0500] {logging_mixin.py:190} INFO - SAVE -> writing total to storage (simulated): 150.0
[2025-11-21T15:35:32.541+0500] {python.py:240} INFO - Done. Returned value was: None
[2025-11-21T15:35:32.555+0500] {taskinstance.py:340} INFO - ::group::Post task execution logs
[2025-11-21T15:35:32.557+0500] {taskinstance.py:352} INFO - Marking task as SUCCESS. dag_id=first_example_dag, task_id=save, run_id=manual__2025-11-21T10:32:53.424622+00:00, execution_date=20251121T103253, start_date=20251121T103532, end_date=20251121T103532
[2025-11-21T15:35:32.603+0500] {logging_mixin.py:190} INFO - Task instance in success state
[2025-11-21T15:35:32.607+0500] {logging_mixin.py:190} INFO -  Previous state of the Task instance: running
[2025-11-21T15:35:32.610+0500] {logging_mixin.py:190} INFO - Dag name:first_example_dag queued_at:2025-11-21 10:32:53.498302+00:00
[2025-11-21T15:35:32.613+0500] {logging_mixin.py:190} INFO - Task hostname:DESKTOP-ER17M9N.localdomain operator:PythonOperator
[2025-11-21T15:35:32.636+0500] {local_task_job_runner.py:266} INFO - Task exited with return code 0
[2025-11-21T15:35:32.685+0500] {taskinstance.py:3900} INFO - 0 downstream tasks scheduled from follow-on schedule check
[2025-11-21T15:35:32.691+0500] {local_task_job_runner.py:245} INFO - ::endgroup::
