[2025-11-21T04:20:59.734+0500] {processor.py:186} INFO - Started process (PID=17817) to work on /mnt/c/Users/Raj/OneDrive - Åbo Akademi O365/banking/airflow/.venv/lib/python3.12/site-packages/airflow/example_dags/example_dataset_alias_with_no_taskflow.py
[2025-11-21T04:20:59.739+0500] {processor.py:914} INFO - Processing file /mnt/c/Users/Raj/OneDrive - Åbo Akademi O365/banking/airflow/.venv/lib/python3.12/site-packages/airflow/example_dags/example_dataset_alias_with_no_taskflow.py for tasks to queue
[2025-11-21T04:20:59.750+0500] {logging_mixin.py:190} INFO - [2025-11-21T04:20:59.746+0500] {dagbag.py:588} INFO - Filling up the DagBag from /mnt/c/Users/Raj/OneDrive - Åbo Akademi O365/banking/airflow/.venv/lib/python3.12/site-packages/airflow/example_dags/example_dataset_alias_with_no_taskflow.py
[2025-11-21T04:21:00.075+0500] {processor.py:925} INFO - DAG(s) 'dataset_s3_bucket_producer_with_no_taskflow', 'dataset_alias_example_alias_producer_with_no_taskflow', 'dataset_alias_example_alias_consumer_with_no_taskflow', 'dataset_s3_bucket_consumer_with_no_taskflow' retrieved from /mnt/c/Users/Raj/OneDrive - Åbo Akademi O365/banking/airflow/.venv/lib/python3.12/site-packages/airflow/example_dags/example_dataset_alias_with_no_taskflow.py
[2025-11-21T04:21:02.987+0500] {logging_mixin.py:190} INFO - [2025-11-21T04:21:02.984+0500] {override.py:1900} INFO - Created Permission View: can edit on DAG:dataset_s3_bucket_producer_with_no_taskflow
[2025-11-21T04:21:03.061+0500] {logging_mixin.py:190} INFO - [2025-11-21T04:21:03.059+0500] {override.py:1900} INFO - Created Permission View: can delete on DAG:dataset_s3_bucket_producer_with_no_taskflow
[2025-11-21T04:21:03.124+0500] {logging_mixin.py:190} INFO - [2025-11-21T04:21:03.122+0500] {override.py:1900} INFO - Created Permission View: can read on DAG:dataset_s3_bucket_producer_with_no_taskflow
[2025-11-21T04:21:03.336+0500] {logging_mixin.py:190} INFO - [2025-11-21T04:21:03.329+0500] {override.py:1900} INFO - Created Permission View: can create on DAG Run:dataset_s3_bucket_producer_with_no_taskflow
[2025-11-21T04:21:03.415+0500] {logging_mixin.py:190} INFO - [2025-11-21T04:21:03.412+0500] {override.py:1900} INFO - Created Permission View: menu access on DAG Run:dataset_s3_bucket_producer_with_no_taskflow
[2025-11-21T04:21:03.507+0500] {logging_mixin.py:190} INFO - [2025-11-21T04:21:03.505+0500] {override.py:1900} INFO - Created Permission View: can delete on DAG Run:dataset_s3_bucket_producer_with_no_taskflow
[2025-11-21T04:21:03.578+0500] {logging_mixin.py:190} INFO - [2025-11-21T04:21:03.576+0500] {override.py:1900} INFO - Created Permission View: can read on DAG Run:dataset_s3_bucket_producer_with_no_taskflow
[2025-11-21T04:21:03.704+0500] {logging_mixin.py:190} INFO - [2025-11-21T04:21:03.702+0500] {override.py:1900} INFO - Created Permission View: can edit on DAG:dataset_alias_example_alias_producer_with_no_taskflow
[2025-11-21T04:21:03.757+0500] {logging_mixin.py:190} INFO - [2025-11-21T04:21:03.755+0500] {override.py:1900} INFO - Created Permission View: can delete on DAG:dataset_alias_example_alias_producer_with_no_taskflow
[2025-11-21T04:21:03.810+0500] {logging_mixin.py:190} INFO - [2025-11-21T04:21:03.808+0500] {override.py:1900} INFO - Created Permission View: can read on DAG:dataset_alias_example_alias_producer_with_no_taskflow
[2025-11-21T04:21:03.893+0500] {logging_mixin.py:190} INFO - [2025-11-21T04:21:03.891+0500] {override.py:1900} INFO - Created Permission View: can create on DAG Run:dataset_alias_example_alias_producer_with_no_taskflow
[2025-11-21T04:21:03.948+0500] {logging_mixin.py:190} INFO - [2025-11-21T04:21:03.945+0500] {override.py:1900} INFO - Created Permission View: menu access on DAG Run:dataset_alias_example_alias_producer_with_no_taskflow
[2025-11-21T04:21:04.022+0500] {logging_mixin.py:190} INFO - [2025-11-21T04:21:04.020+0500] {override.py:1900} INFO - Created Permission View: can delete on DAG Run:dataset_alias_example_alias_producer_with_no_taskflow
[2025-11-21T04:21:04.079+0500] {logging_mixin.py:190} INFO - [2025-11-21T04:21:04.076+0500] {override.py:1900} INFO - Created Permission View: can read on DAG Run:dataset_alias_example_alias_producer_with_no_taskflow
[2025-11-21T04:21:04.203+0500] {logging_mixin.py:190} INFO - [2025-11-21T04:21:04.200+0500] {override.py:1900} INFO - Created Permission View: can edit on DAG:dataset_alias_example_alias_consumer_with_no_taskflow
[2025-11-21T04:21:04.272+0500] {logging_mixin.py:190} INFO - [2025-11-21T04:21:04.269+0500] {override.py:1900} INFO - Created Permission View: can delete on DAG:dataset_alias_example_alias_consumer_with_no_taskflow
[2025-11-21T04:21:04.354+0500] {logging_mixin.py:190} INFO - [2025-11-21T04:21:04.350+0500] {override.py:1900} INFO - Created Permission View: can read on DAG:dataset_alias_example_alias_consumer_with_no_taskflow
[2025-11-21T04:21:04.488+0500] {logging_mixin.py:190} INFO - [2025-11-21T04:21:04.484+0500] {override.py:1900} INFO - Created Permission View: can create on DAG Run:dataset_alias_example_alias_consumer_with_no_taskflow
[2025-11-21T04:21:04.626+0500] {logging_mixin.py:190} INFO - [2025-11-21T04:21:04.620+0500] {override.py:1900} INFO - Created Permission View: menu access on DAG Run:dataset_alias_example_alias_consumer_with_no_taskflow
[2025-11-21T04:21:04.777+0500] {logging_mixin.py:190} INFO - [2025-11-21T04:21:04.772+0500] {override.py:1900} INFO - Created Permission View: can delete on DAG Run:dataset_alias_example_alias_consumer_with_no_taskflow
[2025-11-21T04:21:04.877+0500] {logging_mixin.py:190} INFO - [2025-11-21T04:21:04.873+0500] {override.py:1900} INFO - Created Permission View: can read on DAG Run:dataset_alias_example_alias_consumer_with_no_taskflow
[2025-11-21T04:21:05.048+0500] {logging_mixin.py:190} INFO - [2025-11-21T04:21:05.045+0500] {override.py:1900} INFO - Created Permission View: can edit on DAG:dataset_s3_bucket_consumer_with_no_taskflow
[2025-11-21T04:21:05.131+0500] {logging_mixin.py:190} INFO - [2025-11-21T04:21:05.127+0500] {override.py:1900} INFO - Created Permission View: can delete on DAG:dataset_s3_bucket_consumer_with_no_taskflow
[2025-11-21T04:21:05.185+0500] {logging_mixin.py:190} INFO - [2025-11-21T04:21:05.183+0500] {override.py:1900} INFO - Created Permission View: can read on DAG:dataset_s3_bucket_consumer_with_no_taskflow
[2025-11-21T04:21:05.260+0500] {logging_mixin.py:190} INFO - [2025-11-21T04:21:05.258+0500] {override.py:1900} INFO - Created Permission View: can create on DAG Run:dataset_s3_bucket_consumer_with_no_taskflow
[2025-11-21T04:21:05.308+0500] {logging_mixin.py:190} INFO - [2025-11-21T04:21:05.305+0500] {override.py:1900} INFO - Created Permission View: menu access on DAG Run:dataset_s3_bucket_consumer_with_no_taskflow
[2025-11-21T04:21:05.360+0500] {logging_mixin.py:190} INFO - [2025-11-21T04:21:05.358+0500] {override.py:1900} INFO - Created Permission View: can delete on DAG Run:dataset_s3_bucket_consumer_with_no_taskflow
[2025-11-21T04:21:05.412+0500] {logging_mixin.py:190} INFO - [2025-11-21T04:21:05.410+0500] {override.py:1900} INFO - Created Permission View: can read on DAG Run:dataset_s3_bucket_consumer_with_no_taskflow
[2025-11-21T04:21:05.416+0500] {logging_mixin.py:190} INFO - [2025-11-21T04:21:05.414+0500] {dag.py:3239} INFO - Sync 4 DAGs
[2025-11-21T04:21:05.453+0500] {logging_mixin.py:190} INFO - [2025-11-21T04:21:05.452+0500] {dag.py:3262} INFO - Creating ORM DAG for dataset_alias_example_alias_consumer_with_no_taskflow
[2025-11-21T04:21:05.456+0500] {logging_mixin.py:190} INFO - [2025-11-21T04:21:05.455+0500] {dag.py:3262} INFO - Creating ORM DAG for dataset_alias_example_alias_producer_with_no_taskflow
[2025-11-21T04:21:05.459+0500] {logging_mixin.py:190} INFO - [2025-11-21T04:21:05.458+0500] {dag.py:3262} INFO - Creating ORM DAG for dataset_s3_bucket_producer_with_no_taskflow
[2025-11-21T04:21:05.462+0500] {logging_mixin.py:190} INFO - [2025-11-21T04:21:05.460+0500] {dag.py:3262} INFO - Creating ORM DAG for dataset_s3_bucket_consumer_with_no_taskflow
[2025-11-21T04:21:05.478+0500] {logging_mixin.py:190} INFO - [2025-11-21T04:21:05.476+0500] {dag.py:4180} INFO - Setting next_dagrun for dataset_alias_example_alias_consumer_with_no_taskflow to None, run_after=None
[2025-11-21T04:21:05.482+0500] {logging_mixin.py:190} INFO - [2025-11-21T04:21:05.480+0500] {dag.py:4180} INFO - Setting next_dagrun for dataset_alias_example_alias_producer_with_no_taskflow to None, run_after=None
[2025-11-21T04:21:05.486+0500] {logging_mixin.py:190} INFO - [2025-11-21T04:21:05.484+0500] {dag.py:4180} INFO - Setting next_dagrun for dataset_s3_bucket_consumer_with_no_taskflow to None, run_after=None
[2025-11-21T04:21:05.488+0500] {logging_mixin.py:190} INFO - [2025-11-21T04:21:05.487+0500] {dag.py:4180} INFO - Setting next_dagrun for dataset_s3_bucket_producer_with_no_taskflow to None, run_after=None
[2025-11-21T04:21:05.609+0500] {processor.py:208} INFO - Processing /mnt/c/Users/Raj/OneDrive - Åbo Akademi O365/banking/airflow/.venv/lib/python3.12/site-packages/airflow/example_dags/example_dataset_alias_with_no_taskflow.py took 5.909 seconds
[2025-11-21T04:23:25.009+0500] {processor.py:186} INFO - Started process (PID=17883) to work on /mnt/c/Users/Raj/OneDrive - Åbo Akademi O365/banking/airflow/.venv/lib/python3.12/site-packages/airflow/example_dags/example_dataset_alias_with_no_taskflow.py
[2025-11-21T04:23:25.013+0500] {processor.py:914} INFO - Processing file /mnt/c/Users/Raj/OneDrive - Åbo Akademi O365/banking/airflow/.venv/lib/python3.12/site-packages/airflow/example_dags/example_dataset_alias_with_no_taskflow.py for tasks to queue
[2025-11-21T04:23:25.018+0500] {logging_mixin.py:190} INFO - [2025-11-21T04:23:25.017+0500] {dagbag.py:588} INFO - Filling up the DagBag from /mnt/c/Users/Raj/OneDrive - Åbo Akademi O365/banking/airflow/.venv/lib/python3.12/site-packages/airflow/example_dags/example_dataset_alias_with_no_taskflow.py
[2025-11-21T04:23:25.245+0500] {processor.py:925} INFO - DAG(s) 'dataset_alias_example_alias_producer_with_no_taskflow', 'dataset_s3_bucket_producer_with_no_taskflow', 'dataset_s3_bucket_consumer_with_no_taskflow', 'dataset_alias_example_alias_consumer_with_no_taskflow' retrieved from /mnt/c/Users/Raj/OneDrive - Åbo Akademi O365/banking/airflow/.venv/lib/python3.12/site-packages/airflow/example_dags/example_dataset_alias_with_no_taskflow.py
[2025-11-21T04:23:25.322+0500] {logging_mixin.py:190} INFO - [2025-11-21T04:23:25.320+0500] {dag.py:3239} INFO - Sync 4 DAGs
[2025-11-21T04:23:25.355+0500] {logging_mixin.py:190} INFO - [2025-11-21T04:23:25.354+0500] {dag.py:4180} INFO - Setting next_dagrun for dataset_alias_example_alias_consumer_with_no_taskflow to None, run_after=None
[2025-11-21T04:23:25.362+0500] {logging_mixin.py:190} INFO - [2025-11-21T04:23:25.361+0500] {dag.py:4180} INFO - Setting next_dagrun for dataset_alias_example_alias_producer_with_no_taskflow to None, run_after=None
[2025-11-21T04:23:25.368+0500] {logging_mixin.py:190} INFO - [2025-11-21T04:23:25.367+0500] {dag.py:4180} INFO - Setting next_dagrun for dataset_s3_bucket_consumer_with_no_taskflow to None, run_after=None
[2025-11-21T04:23:25.374+0500] {logging_mixin.py:190} INFO - [2025-11-21T04:23:25.373+0500] {dag.py:4180} INFO - Setting next_dagrun for dataset_s3_bucket_producer_with_no_taskflow to None, run_after=None
[2025-11-21T04:23:25.466+0500] {processor.py:208} INFO - Processing /mnt/c/Users/Raj/OneDrive - Åbo Akademi O365/banking/airflow/.venv/lib/python3.12/site-packages/airflow/example_dags/example_dataset_alias_with_no_taskflow.py took 0.478 seconds
[2025-11-21T04:25:52.602+0500] {processor.py:186} INFO - Started process (PID=17968) to work on /mnt/c/Users/Raj/OneDrive - Åbo Akademi O365/banking/airflow/.venv/lib/python3.12/site-packages/airflow/example_dags/example_dataset_alias_with_no_taskflow.py
[2025-11-21T04:25:52.605+0500] {processor.py:914} INFO - Processing file /mnt/c/Users/Raj/OneDrive - Åbo Akademi O365/banking/airflow/.venv/lib/python3.12/site-packages/airflow/example_dags/example_dataset_alias_with_no_taskflow.py for tasks to queue
[2025-11-21T04:25:52.611+0500] {logging_mixin.py:190} INFO - [2025-11-21T04:25:52.609+0500] {dagbag.py:588} INFO - Filling up the DagBag from /mnt/c/Users/Raj/OneDrive - Åbo Akademi O365/banking/airflow/.venv/lib/python3.12/site-packages/airflow/example_dags/example_dataset_alias_with_no_taskflow.py
[2025-11-21T04:25:52.960+0500] {processor.py:925} INFO - DAG(s) 'dataset_alias_example_alias_producer_with_no_taskflow', 'dataset_alias_example_alias_consumer_with_no_taskflow', 'dataset_s3_bucket_producer_with_no_taskflow', 'dataset_s3_bucket_consumer_with_no_taskflow' retrieved from /mnt/c/Users/Raj/OneDrive - Åbo Akademi O365/banking/airflow/.venv/lib/python3.12/site-packages/airflow/example_dags/example_dataset_alias_with_no_taskflow.py
[2025-11-21T04:25:53.091+0500] {logging_mixin.py:190} INFO - [2025-11-21T04:25:53.089+0500] {dag.py:3239} INFO - Sync 4 DAGs
[2025-11-21T04:25:53.182+0500] {logging_mixin.py:190} INFO - [2025-11-21T04:25:53.180+0500] {dag.py:4180} INFO - Setting next_dagrun for dataset_alias_example_alias_consumer_with_no_taskflow to None, run_after=None
[2025-11-21T04:25:53.198+0500] {logging_mixin.py:190} INFO - [2025-11-21T04:25:53.196+0500] {dag.py:4180} INFO - Setting next_dagrun for dataset_alias_example_alias_producer_with_no_taskflow to None, run_after=None
[2025-11-21T04:25:53.206+0500] {logging_mixin.py:190} INFO - [2025-11-21T04:25:53.205+0500] {dag.py:4180} INFO - Setting next_dagrun for dataset_s3_bucket_consumer_with_no_taskflow to None, run_after=None
[2025-11-21T04:25:53.215+0500] {logging_mixin.py:190} INFO - [2025-11-21T04:25:53.213+0500] {dag.py:4180} INFO - Setting next_dagrun for dataset_s3_bucket_producer_with_no_taskflow to None, run_after=None
[2025-11-21T04:25:53.337+0500] {processor.py:208} INFO - Processing /mnt/c/Users/Raj/OneDrive - Åbo Akademi O365/banking/airflow/.venv/lib/python3.12/site-packages/airflow/example_dags/example_dataset_alias_with_no_taskflow.py took 0.761 seconds
[2025-11-21T04:28:16.350+0500] {processor.py:186} INFO - Started process (PID=18058) to work on /mnt/c/Users/Raj/OneDrive - Åbo Akademi O365/banking/airflow/.venv/lib/python3.12/site-packages/airflow/example_dags/example_dataset_alias_with_no_taskflow.py
[2025-11-21T04:28:16.354+0500] {processor.py:914} INFO - Processing file /mnt/c/Users/Raj/OneDrive - Åbo Akademi O365/banking/airflow/.venv/lib/python3.12/site-packages/airflow/example_dags/example_dataset_alias_with_no_taskflow.py for tasks to queue
[2025-11-21T04:28:16.363+0500] {logging_mixin.py:190} INFO - [2025-11-21T04:28:16.358+0500] {dagbag.py:588} INFO - Filling up the DagBag from /mnt/c/Users/Raj/OneDrive - Åbo Akademi O365/banking/airflow/.venv/lib/python3.12/site-packages/airflow/example_dags/example_dataset_alias_with_no_taskflow.py
[2025-11-21T04:28:16.699+0500] {processor.py:925} INFO - DAG(s) 'dataset_s3_bucket_producer_with_no_taskflow', 'dataset_alias_example_alias_producer_with_no_taskflow', 'dataset_s3_bucket_consumer_with_no_taskflow', 'dataset_alias_example_alias_consumer_with_no_taskflow' retrieved from /mnt/c/Users/Raj/OneDrive - Åbo Akademi O365/banking/airflow/.venv/lib/python3.12/site-packages/airflow/example_dags/example_dataset_alias_with_no_taskflow.py
[2025-11-21T04:28:16.791+0500] {logging_mixin.py:190} INFO - [2025-11-21T04:28:16.789+0500] {dag.py:3239} INFO - Sync 4 DAGs
[2025-11-21T04:28:16.843+0500] {logging_mixin.py:190} INFO - [2025-11-21T04:28:16.842+0500] {dag.py:4180} INFO - Setting next_dagrun for dataset_alias_example_alias_consumer_with_no_taskflow to None, run_after=None
[2025-11-21T04:28:16.854+0500] {logging_mixin.py:190} INFO - [2025-11-21T04:28:16.850+0500] {dag.py:4180} INFO - Setting next_dagrun for dataset_alias_example_alias_producer_with_no_taskflow to None, run_after=None
[2025-11-21T04:28:16.861+0500] {logging_mixin.py:190} INFO - [2025-11-21T04:28:16.859+0500] {dag.py:4180} INFO - Setting next_dagrun for dataset_s3_bucket_consumer_with_no_taskflow to None, run_after=None
[2025-11-21T04:28:16.869+0500] {logging_mixin.py:190} INFO - [2025-11-21T04:28:16.866+0500] {dag.py:4180} INFO - Setting next_dagrun for dataset_s3_bucket_producer_with_no_taskflow to None, run_after=None
[2025-11-21T04:28:17.076+0500] {processor.py:208} INFO - Processing /mnt/c/Users/Raj/OneDrive - Åbo Akademi O365/banking/airflow/.venv/lib/python3.12/site-packages/airflow/example_dags/example_dataset_alias_with_no_taskflow.py took 0.749 seconds
[2025-11-21T04:31:14.728+0500] {processor.py:186} INFO - Started process (PID=18149) to work on /mnt/c/Users/Raj/OneDrive - Åbo Akademi O365/banking/airflow/.venv/lib/python3.12/site-packages/airflow/example_dags/example_dataset_alias_with_no_taskflow.py
[2025-11-21T04:31:14.733+0500] {processor.py:914} INFO - Processing file /mnt/c/Users/Raj/OneDrive - Åbo Akademi O365/banking/airflow/.venv/lib/python3.12/site-packages/airflow/example_dags/example_dataset_alias_with_no_taskflow.py for tasks to queue
[2025-11-21T04:31:14.744+0500] {logging_mixin.py:190} INFO - [2025-11-21T04:31:14.739+0500] {dagbag.py:588} INFO - Filling up the DagBag from /mnt/c/Users/Raj/OneDrive - Åbo Akademi O365/banking/airflow/.venv/lib/python3.12/site-packages/airflow/example_dags/example_dataset_alias_with_no_taskflow.py
[2025-11-21T04:31:15.186+0500] {processor.py:925} INFO - DAG(s) 'dataset_s3_bucket_producer_with_no_taskflow', 'dataset_s3_bucket_consumer_with_no_taskflow', 'dataset_alias_example_alias_consumer_with_no_taskflow', 'dataset_alias_example_alias_producer_with_no_taskflow' retrieved from /mnt/c/Users/Raj/OneDrive - Åbo Akademi O365/banking/airflow/.venv/lib/python3.12/site-packages/airflow/example_dags/example_dataset_alias_with_no_taskflow.py
[2025-11-21T04:31:15.263+0500] {logging_mixin.py:190} INFO - [2025-11-21T04:31:15.261+0500] {dag.py:3239} INFO - Sync 4 DAGs
[2025-11-21T04:31:15.318+0500] {logging_mixin.py:190} INFO - [2025-11-21T04:31:15.315+0500] {dag.py:4180} INFO - Setting next_dagrun for dataset_alias_example_alias_consumer_with_no_taskflow to None, run_after=None
[2025-11-21T04:31:15.328+0500] {logging_mixin.py:190} INFO - [2025-11-21T04:31:15.327+0500] {dag.py:4180} INFO - Setting next_dagrun for dataset_alias_example_alias_producer_with_no_taskflow to None, run_after=None
[2025-11-21T04:31:15.335+0500] {logging_mixin.py:190} INFO - [2025-11-21T04:31:15.334+0500] {dag.py:4180} INFO - Setting next_dagrun for dataset_s3_bucket_consumer_with_no_taskflow to None, run_after=None
[2025-11-21T04:31:15.345+0500] {logging_mixin.py:190} INFO - [2025-11-21T04:31:15.343+0500] {dag.py:4180} INFO - Setting next_dagrun for dataset_s3_bucket_producer_with_no_taskflow to None, run_after=None
[2025-11-21T04:31:15.453+0500] {processor.py:208} INFO - Processing /mnt/c/Users/Raj/OneDrive - Åbo Akademi O365/banking/airflow/.venv/lib/python3.12/site-packages/airflow/example_dags/example_dataset_alias_with_no_taskflow.py took 0.758 seconds
[2025-11-21T04:33:50.366+0500] {processor.py:186} INFO - Started process (PID=18237) to work on /mnt/c/Users/Raj/OneDrive - Åbo Akademi O365/banking/airflow/.venv/lib/python3.12/site-packages/airflow/example_dags/example_dataset_alias_with_no_taskflow.py
[2025-11-21T04:33:50.370+0500] {processor.py:914} INFO - Processing file /mnt/c/Users/Raj/OneDrive - Åbo Akademi O365/banking/airflow/.venv/lib/python3.12/site-packages/airflow/example_dags/example_dataset_alias_with_no_taskflow.py for tasks to queue
[2025-11-21T04:33:50.375+0500] {logging_mixin.py:190} INFO - [2025-11-21T04:33:50.373+0500] {dagbag.py:588} INFO - Filling up the DagBag from /mnt/c/Users/Raj/OneDrive - Åbo Akademi O365/banking/airflow/.venv/lib/python3.12/site-packages/airflow/example_dags/example_dataset_alias_with_no_taskflow.py
[2025-11-21T04:33:50.679+0500] {processor.py:925} INFO - DAG(s) 'dataset_alias_example_alias_consumer_with_no_taskflow', 'dataset_s3_bucket_producer_with_no_taskflow', 'dataset_s3_bucket_consumer_with_no_taskflow', 'dataset_alias_example_alias_producer_with_no_taskflow' retrieved from /mnt/c/Users/Raj/OneDrive - Åbo Akademi O365/banking/airflow/.venv/lib/python3.12/site-packages/airflow/example_dags/example_dataset_alias_with_no_taskflow.py
[2025-11-21T04:33:50.773+0500] {logging_mixin.py:190} INFO - [2025-11-21T04:33:50.772+0500] {dag.py:3239} INFO - Sync 4 DAGs
[2025-11-21T04:33:50.815+0500] {logging_mixin.py:190} INFO - [2025-11-21T04:33:50.814+0500] {dag.py:4180} INFO - Setting next_dagrun for dataset_alias_example_alias_consumer_with_no_taskflow to None, run_after=None
[2025-11-21T04:33:50.824+0500] {logging_mixin.py:190} INFO - [2025-11-21T04:33:50.822+0500] {dag.py:4180} INFO - Setting next_dagrun for dataset_alias_example_alias_producer_with_no_taskflow to None, run_after=None
[2025-11-21T04:33:50.830+0500] {logging_mixin.py:190} INFO - [2025-11-21T04:33:50.828+0500] {dag.py:4180} INFO - Setting next_dagrun for dataset_s3_bucket_consumer_with_no_taskflow to None, run_after=None
[2025-11-21T04:33:50.836+0500] {logging_mixin.py:190} INFO - [2025-11-21T04:33:50.834+0500] {dag.py:4180} INFO - Setting next_dagrun for dataset_s3_bucket_producer_with_no_taskflow to None, run_after=None
[2025-11-21T04:33:50.958+0500] {processor.py:208} INFO - Processing /mnt/c/Users/Raj/OneDrive - Åbo Akademi O365/banking/airflow/.venv/lib/python3.12/site-packages/airflow/example_dags/example_dataset_alias_with_no_taskflow.py took 0.622 seconds
[2025-11-21T04:36:34.329+0500] {processor.py:186} INFO - Started process (PID=18659) to work on /mnt/c/Users/Raj/OneDrive - Åbo Akademi O365/banking/airflow/.venv/lib/python3.12/site-packages/airflow/example_dags/example_dataset_alias_with_no_taskflow.py
[2025-11-21T04:36:34.335+0500] {processor.py:914} INFO - Processing file /mnt/c/Users/Raj/OneDrive - Åbo Akademi O365/banking/airflow/.venv/lib/python3.12/site-packages/airflow/example_dags/example_dataset_alias_with_no_taskflow.py for tasks to queue
[2025-11-21T04:36:34.343+0500] {logging_mixin.py:190} INFO - [2025-11-21T04:36:34.339+0500] {dagbag.py:588} INFO - Filling up the DagBag from /mnt/c/Users/Raj/OneDrive - Åbo Akademi O365/banking/airflow/.venv/lib/python3.12/site-packages/airflow/example_dags/example_dataset_alias_with_no_taskflow.py
[2025-11-21T04:36:34.860+0500] {processor.py:925} INFO - DAG(s) 'dataset_alias_example_alias_producer_with_no_taskflow', 'dataset_s3_bucket_consumer_with_no_taskflow', 'dataset_s3_bucket_producer_with_no_taskflow', 'dataset_alias_example_alias_consumer_with_no_taskflow' retrieved from /mnt/c/Users/Raj/OneDrive - Åbo Akademi O365/banking/airflow/.venv/lib/python3.12/site-packages/airflow/example_dags/example_dataset_alias_with_no_taskflow.py
[2025-11-21T04:36:34.955+0500] {logging_mixin.py:190} INFO - [2025-11-21T04:36:34.953+0500] {dag.py:3239} INFO - Sync 4 DAGs
[2025-11-21T04:36:35.006+0500] {logging_mixin.py:190} INFO - [2025-11-21T04:36:35.004+0500] {dag.py:4180} INFO - Setting next_dagrun for dataset_alias_example_alias_consumer_with_no_taskflow to None, run_after=None
[2025-11-21T04:36:35.014+0500] {logging_mixin.py:190} INFO - [2025-11-21T04:36:35.012+0500] {dag.py:4180} INFO - Setting next_dagrun for dataset_alias_example_alias_producer_with_no_taskflow to None, run_after=None
[2025-11-21T04:36:35.021+0500] {logging_mixin.py:190} INFO - [2025-11-21T04:36:35.019+0500] {dag.py:4180} INFO - Setting next_dagrun for dataset_s3_bucket_consumer_with_no_taskflow to None, run_after=None
[2025-11-21T04:36:35.027+0500] {logging_mixin.py:190} INFO - [2025-11-21T04:36:35.026+0500] {dag.py:4180} INFO - Setting next_dagrun for dataset_s3_bucket_producer_with_no_taskflow to None, run_after=None
[2025-11-21T04:36:35.141+0500] {processor.py:208} INFO - Processing /mnt/c/Users/Raj/OneDrive - Åbo Akademi O365/banking/airflow/.venv/lib/python3.12/site-packages/airflow/example_dags/example_dataset_alias_with_no_taskflow.py took 0.848 seconds
[2025-11-21T04:39:11.091+0500] {processor.py:186} INFO - Started process (PID=18797) to work on /mnt/c/Users/Raj/OneDrive - Åbo Akademi O365/banking/airflow/.venv/lib/python3.12/site-packages/airflow/example_dags/example_dataset_alias_with_no_taskflow.py
[2025-11-21T04:39:11.095+0500] {processor.py:914} INFO - Processing file /mnt/c/Users/Raj/OneDrive - Åbo Akademi O365/banking/airflow/.venv/lib/python3.12/site-packages/airflow/example_dags/example_dataset_alias_with_no_taskflow.py for tasks to queue
[2025-11-21T04:39:11.100+0500] {logging_mixin.py:190} INFO - [2025-11-21T04:39:11.098+0500] {dagbag.py:588} INFO - Filling up the DagBag from /mnt/c/Users/Raj/OneDrive - Åbo Akademi O365/banking/airflow/.venv/lib/python3.12/site-packages/airflow/example_dags/example_dataset_alias_with_no_taskflow.py
[2025-11-21T04:39:11.331+0500] {processor.py:925} INFO - DAG(s) 'dataset_s3_bucket_consumer_with_no_taskflow', 'dataset_alias_example_alias_producer_with_no_taskflow', 'dataset_alias_example_alias_consumer_with_no_taskflow', 'dataset_s3_bucket_producer_with_no_taskflow' retrieved from /mnt/c/Users/Raj/OneDrive - Åbo Akademi O365/banking/airflow/.venv/lib/python3.12/site-packages/airflow/example_dags/example_dataset_alias_with_no_taskflow.py
[2025-11-21T04:39:11.392+0500] {logging_mixin.py:190} INFO - [2025-11-21T04:39:11.390+0500] {dag.py:3239} INFO - Sync 4 DAGs
[2025-11-21T04:39:11.423+0500] {logging_mixin.py:190} INFO - [2025-11-21T04:39:11.422+0500] {dag.py:4180} INFO - Setting next_dagrun for dataset_alias_example_alias_consumer_with_no_taskflow to None, run_after=None
[2025-11-21T04:39:11.429+0500] {logging_mixin.py:190} INFO - [2025-11-21T04:39:11.428+0500] {dag.py:4180} INFO - Setting next_dagrun for dataset_alias_example_alias_producer_with_no_taskflow to None, run_after=None
[2025-11-21T04:39:11.434+0500] {logging_mixin.py:190} INFO - [2025-11-21T04:39:11.433+0500] {dag.py:4180} INFO - Setting next_dagrun for dataset_s3_bucket_consumer_with_no_taskflow to None, run_after=None
[2025-11-21T04:39:11.438+0500] {logging_mixin.py:190} INFO - [2025-11-21T04:39:11.437+0500] {dag.py:4180} INFO - Setting next_dagrun for dataset_s3_bucket_producer_with_no_taskflow to None, run_after=None
[2025-11-21T04:39:12.135+0500] {processor.py:208} INFO - Processing /mnt/c/Users/Raj/OneDrive - Åbo Akademi O365/banking/airflow/.venv/lib/python3.12/site-packages/airflow/example_dags/example_dataset_alias_with_no_taskflow.py took 1.069 seconds
