[2025-11-21T04:20:41.854+0500] {processor.py:186} INFO - Started process (PID=17814) to work on /mnt/c/Users/Raj/OneDrive - Åbo Akademi O365/banking/airflow/.venv/lib/python3.12/site-packages/airflow/example_dags/example_dynamic_task_mapping.py
[2025-11-21T04:20:41.857+0500] {processor.py:914} INFO - Processing file /mnt/c/Users/Raj/OneDrive - Åbo Akademi O365/banking/airflow/.venv/lib/python3.12/site-packages/airflow/example_dags/example_dynamic_task_mapping.py for tasks to queue
[2025-11-21T04:20:41.873+0500] {logging_mixin.py:190} INFO - [2025-11-21T04:20:41.864+0500] {dagbag.py:588} INFO - Filling up the DagBag from /mnt/c/Users/Raj/OneDrive - Åbo Akademi O365/banking/airflow/.venv/lib/python3.12/site-packages/airflow/example_dags/example_dynamic_task_mapping.py
[2025-11-21T04:20:41.977+0500] {processor.py:925} INFO - DAG(s) 'example_dynamic_task_mapping' retrieved from /mnt/c/Users/Raj/OneDrive - Åbo Akademi O365/banking/airflow/.venv/lib/python3.12/site-packages/airflow/example_dags/example_dynamic_task_mapping.py
[2025-11-21T04:20:44.670+0500] {logging_mixin.py:190} INFO - [2025-11-21T04:20:44.665+0500] {override.py:1900} INFO - Created Permission View: can edit on DAG:example_dynamic_task_mapping
[2025-11-21T04:20:44.791+0500] {logging_mixin.py:190} INFO - [2025-11-21T04:20:44.787+0500] {override.py:1900} INFO - Created Permission View: can delete on DAG:example_dynamic_task_mapping
[2025-11-21T04:20:44.893+0500] {logging_mixin.py:190} INFO - [2025-11-21T04:20:44.889+0500] {override.py:1900} INFO - Created Permission View: can read on DAG:example_dynamic_task_mapping
[2025-11-21T04:20:45.039+0500] {logging_mixin.py:190} INFO - [2025-11-21T04:20:45.036+0500] {override.py:1900} INFO - Created Permission View: can create on DAG Run:example_dynamic_task_mapping
[2025-11-21T04:20:45.105+0500] {logging_mixin.py:190} INFO - [2025-11-21T04:20:45.102+0500] {override.py:1900} INFO - Created Permission View: menu access on DAG Run:example_dynamic_task_mapping
[2025-11-21T04:20:45.164+0500] {logging_mixin.py:190} INFO - [2025-11-21T04:20:45.162+0500] {override.py:1900} INFO - Created Permission View: can delete on DAG Run:example_dynamic_task_mapping
[2025-11-21T04:20:45.219+0500] {logging_mixin.py:190} INFO - [2025-11-21T04:20:45.217+0500] {override.py:1900} INFO - Created Permission View: can read on DAG Run:example_dynamic_task_mapping
[2025-11-21T04:20:45.223+0500] {logging_mixin.py:190} INFO - [2025-11-21T04:20:45.221+0500] {dag.py:3239} INFO - Sync 1 DAGs
[2025-11-21T04:20:45.256+0500] {logging_mixin.py:190} INFO - [2025-11-21T04:20:45.254+0500] {dag.py:3262} INFO - Creating ORM DAG for example_dynamic_task_mapping
[2025-11-21T04:20:45.260+0500] {logging_mixin.py:190} INFO - [2025-11-21T04:20:45.258+0500] {dag.py:4180} INFO - Setting next_dagrun for example_dynamic_task_mapping to None, run_after=None
[2025-11-21T04:20:45.385+0500] {processor.py:208} INFO - Processing /mnt/c/Users/Raj/OneDrive - Åbo Akademi O365/banking/airflow/.venv/lib/python3.12/site-packages/airflow/example_dags/example_dynamic_task_mapping.py took 3.547 seconds
[2025-11-21T04:23:20.024+0500] {processor.py:186} INFO - Started process (PID=17880) to work on /mnt/c/Users/Raj/OneDrive - Åbo Akademi O365/banking/airflow/.venv/lib/python3.12/site-packages/airflow/example_dags/example_dynamic_task_mapping.py
[2025-11-21T04:23:20.027+0500] {processor.py:914} INFO - Processing file /mnt/c/Users/Raj/OneDrive - Åbo Akademi O365/banking/airflow/.venv/lib/python3.12/site-packages/airflow/example_dags/example_dynamic_task_mapping.py for tasks to queue
[2025-11-21T04:23:20.034+0500] {logging_mixin.py:190} INFO - [2025-11-21T04:23:20.032+0500] {dagbag.py:588} INFO - Filling up the DagBag from /mnt/c/Users/Raj/OneDrive - Åbo Akademi O365/banking/airflow/.venv/lib/python3.12/site-packages/airflow/example_dags/example_dynamic_task_mapping.py
[2025-11-21T04:23:20.152+0500] {processor.py:925} INFO - DAG(s) 'example_dynamic_task_mapping' retrieved from /mnt/c/Users/Raj/OneDrive - Åbo Akademi O365/banking/airflow/.venv/lib/python3.12/site-packages/airflow/example_dags/example_dynamic_task_mapping.py
[2025-11-21T04:23:20.199+0500] {logging_mixin.py:190} INFO - [2025-11-21T04:23:20.197+0500] {dag.py:3239} INFO - Sync 1 DAGs
[2025-11-21T04:23:20.218+0500] {logging_mixin.py:190} INFO - [2025-11-21T04:23:20.217+0500] {dag.py:4180} INFO - Setting next_dagrun for example_dynamic_task_mapping to None, run_after=None
[2025-11-21T04:23:20.322+0500] {processor.py:208} INFO - Processing /mnt/c/Users/Raj/OneDrive - Åbo Akademi O365/banking/airflow/.venv/lib/python3.12/site-packages/airflow/example_dags/example_dynamic_task_mapping.py took 0.316 seconds
[2025-11-21T04:25:47.174+0500] {processor.py:186} INFO - Started process (PID=17963) to work on /mnt/c/Users/Raj/OneDrive - Åbo Akademi O365/banking/airflow/.venv/lib/python3.12/site-packages/airflow/example_dags/example_dynamic_task_mapping.py
[2025-11-21T04:25:47.180+0500] {processor.py:914} INFO - Processing file /mnt/c/Users/Raj/OneDrive - Åbo Akademi O365/banking/airflow/.venv/lib/python3.12/site-packages/airflow/example_dags/example_dynamic_task_mapping.py for tasks to queue
[2025-11-21T04:25:47.191+0500] {logging_mixin.py:190} INFO - [2025-11-21T04:25:47.188+0500] {dagbag.py:588} INFO - Filling up the DagBag from /mnt/c/Users/Raj/OneDrive - Åbo Akademi O365/banking/airflow/.venv/lib/python3.12/site-packages/airflow/example_dags/example_dynamic_task_mapping.py
[2025-11-21T04:25:47.373+0500] {processor.py:925} INFO - DAG(s) 'example_dynamic_task_mapping' retrieved from /mnt/c/Users/Raj/OneDrive - Åbo Akademi O365/banking/airflow/.venv/lib/python3.12/site-packages/airflow/example_dags/example_dynamic_task_mapping.py
[2025-11-21T04:25:47.464+0500] {logging_mixin.py:190} INFO - [2025-11-21T04:25:47.461+0500] {dag.py:3239} INFO - Sync 1 DAGs
[2025-11-21T04:25:47.506+0500] {logging_mixin.py:190} INFO - [2025-11-21T04:25:47.504+0500] {dag.py:4180} INFO - Setting next_dagrun for example_dynamic_task_mapping to None, run_after=None
[2025-11-21T04:25:47.606+0500] {processor.py:208} INFO - Processing /mnt/c/Users/Raj/OneDrive - Åbo Akademi O365/banking/airflow/.venv/lib/python3.12/site-packages/airflow/example_dags/example_dynamic_task_mapping.py took 0.502 seconds
[2025-11-21T04:28:11.042+0500] {processor.py:186} INFO - Started process (PID=18055) to work on /mnt/c/Users/Raj/OneDrive - Åbo Akademi O365/banking/airflow/.venv/lib/python3.12/site-packages/airflow/example_dags/example_dynamic_task_mapping.py
[2025-11-21T04:28:11.047+0500] {processor.py:914} INFO - Processing file /mnt/c/Users/Raj/OneDrive - Åbo Akademi O365/banking/airflow/.venv/lib/python3.12/site-packages/airflow/example_dags/example_dynamic_task_mapping.py for tasks to queue
[2025-11-21T04:28:11.059+0500] {logging_mixin.py:190} INFO - [2025-11-21T04:28:11.056+0500] {dagbag.py:588} INFO - Filling up the DagBag from /mnt/c/Users/Raj/OneDrive - Åbo Akademi O365/banking/airflow/.venv/lib/python3.12/site-packages/airflow/example_dags/example_dynamic_task_mapping.py
[2025-11-21T04:28:11.186+0500] {processor.py:925} INFO - DAG(s) 'example_dynamic_task_mapping' retrieved from /mnt/c/Users/Raj/OneDrive - Åbo Akademi O365/banking/airflow/.venv/lib/python3.12/site-packages/airflow/example_dags/example_dynamic_task_mapping.py
[2025-11-21T04:28:11.293+0500] {logging_mixin.py:190} INFO - [2025-11-21T04:28:11.290+0500] {dag.py:3239} INFO - Sync 1 DAGs
[2025-11-21T04:28:11.337+0500] {logging_mixin.py:190} INFO - [2025-11-21T04:28:11.334+0500] {dag.py:4180} INFO - Setting next_dagrun for example_dynamic_task_mapping to None, run_after=None
[2025-11-21T04:28:11.478+0500] {processor.py:208} INFO - Processing /mnt/c/Users/Raj/OneDrive - Åbo Akademi O365/banking/airflow/.venv/lib/python3.12/site-packages/airflow/example_dags/example_dynamic_task_mapping.py took 0.475 seconds
[2025-11-21T04:31:07.411+0500] {processor.py:186} INFO - Started process (PID=18146) to work on /mnt/c/Users/Raj/OneDrive - Åbo Akademi O365/banking/airflow/.venv/lib/python3.12/site-packages/airflow/example_dags/example_dynamic_task_mapping.py
[2025-11-21T04:31:07.414+0500] {processor.py:914} INFO - Processing file /mnt/c/Users/Raj/OneDrive - Åbo Akademi O365/banking/airflow/.venv/lib/python3.12/site-packages/airflow/example_dags/example_dynamic_task_mapping.py for tasks to queue
[2025-11-21T04:31:07.425+0500] {logging_mixin.py:190} INFO - [2025-11-21T04:31:07.421+0500] {dagbag.py:588} INFO - Filling up the DagBag from /mnt/c/Users/Raj/OneDrive - Åbo Akademi O365/banking/airflow/.venv/lib/python3.12/site-packages/airflow/example_dags/example_dynamic_task_mapping.py
[2025-11-21T04:31:07.658+0500] {processor.py:925} INFO - DAG(s) 'example_dynamic_task_mapping' retrieved from /mnt/c/Users/Raj/OneDrive - Åbo Akademi O365/banking/airflow/.venv/lib/python3.12/site-packages/airflow/example_dags/example_dynamic_task_mapping.py
[2025-11-21T04:31:07.876+0500] {logging_mixin.py:190} INFO - [2025-11-21T04:31:07.875+0500] {dag.py:3239} INFO - Sync 1 DAGs
[2025-11-21T04:31:07.899+0500] {logging_mixin.py:190} INFO - [2025-11-21T04:31:07.898+0500] {dag.py:4180} INFO - Setting next_dagrun for example_dynamic_task_mapping to None, run_after=None
[2025-11-21T04:31:07.996+0500] {processor.py:208} INFO - Processing /mnt/c/Users/Raj/OneDrive - Åbo Akademi O365/banking/airflow/.venv/lib/python3.12/site-packages/airflow/example_dags/example_dynamic_task_mapping.py took 0.609 seconds
[2025-11-21T04:33:44.733+0500] {processor.py:186} INFO - Started process (PID=18234) to work on /mnt/c/Users/Raj/OneDrive - Åbo Akademi O365/banking/airflow/.venv/lib/python3.12/site-packages/airflow/example_dags/example_dynamic_task_mapping.py
[2025-11-21T04:33:44.738+0500] {processor.py:914} INFO - Processing file /mnt/c/Users/Raj/OneDrive - Åbo Akademi O365/banking/airflow/.venv/lib/python3.12/site-packages/airflow/example_dags/example_dynamic_task_mapping.py for tasks to queue
[2025-11-21T04:33:44.748+0500] {logging_mixin.py:190} INFO - [2025-11-21T04:33:44.744+0500] {dagbag.py:588} INFO - Filling up the DagBag from /mnt/c/Users/Raj/OneDrive - Åbo Akademi O365/banking/airflow/.venv/lib/python3.12/site-packages/airflow/example_dags/example_dynamic_task_mapping.py
[2025-11-21T04:33:45.067+0500] {processor.py:925} INFO - DAG(s) 'example_dynamic_task_mapping' retrieved from /mnt/c/Users/Raj/OneDrive - Åbo Akademi O365/banking/airflow/.venv/lib/python3.12/site-packages/airflow/example_dags/example_dynamic_task_mapping.py
[2025-11-21T04:33:45.260+0500] {logging_mixin.py:190} INFO - [2025-11-21T04:33:45.227+0500] {dag.py:3239} INFO - Sync 1 DAGs
[2025-11-21T04:33:45.674+0500] {logging_mixin.py:190} INFO - [2025-11-21T04:33:45.670+0500] {dag.py:4180} INFO - Setting next_dagrun for example_dynamic_task_mapping to None, run_after=None
[2025-11-21T04:33:46.224+0500] {processor.py:208} INFO - Processing /mnt/c/Users/Raj/OneDrive - Åbo Akademi O365/banking/airflow/.venv/lib/python3.12/site-packages/airflow/example_dags/example_dynamic_task_mapping.py took 1.623 seconds
[2025-11-21T04:36:28.330+0500] {processor.py:186} INFO - Started process (PID=18650) to work on /mnt/c/Users/Raj/OneDrive - Åbo Akademi O365/banking/airflow/.venv/lib/python3.12/site-packages/airflow/example_dags/example_dynamic_task_mapping.py
[2025-11-21T04:36:28.333+0500] {processor.py:914} INFO - Processing file /mnt/c/Users/Raj/OneDrive - Åbo Akademi O365/banking/airflow/.venv/lib/python3.12/site-packages/airflow/example_dags/example_dynamic_task_mapping.py for tasks to queue
[2025-11-21T04:36:28.337+0500] {logging_mixin.py:190} INFO - [2025-11-21T04:36:28.336+0500] {dagbag.py:588} INFO - Filling up the DagBag from /mnt/c/Users/Raj/OneDrive - Åbo Akademi O365/banking/airflow/.venv/lib/python3.12/site-packages/airflow/example_dags/example_dynamic_task_mapping.py
[2025-11-21T04:36:28.480+0500] {processor.py:925} INFO - DAG(s) 'example_dynamic_task_mapping' retrieved from /mnt/c/Users/Raj/OneDrive - Åbo Akademi O365/banking/airflow/.venv/lib/python3.12/site-packages/airflow/example_dags/example_dynamic_task_mapping.py
[2025-11-21T04:36:28.518+0500] {logging_mixin.py:190} INFO - [2025-11-21T04:36:28.517+0500] {dag.py:3239} INFO - Sync 1 DAGs
[2025-11-21T04:36:28.545+0500] {logging_mixin.py:190} INFO - [2025-11-21T04:36:28.543+0500] {dag.py:4180} INFO - Setting next_dagrun for example_dynamic_task_mapping to None, run_after=None
[2025-11-21T04:36:28.655+0500] {processor.py:208} INFO - Processing /mnt/c/Users/Raj/OneDrive - Åbo Akademi O365/banking/airflow/.venv/lib/python3.12/site-packages/airflow/example_dags/example_dynamic_task_mapping.py took 0.344 seconds
[2025-11-21T04:39:03.833+0500] {processor.py:186} INFO - Started process (PID=18794) to work on /mnt/c/Users/Raj/OneDrive - Åbo Akademi O365/banking/airflow/.venv/lib/python3.12/site-packages/airflow/example_dags/example_dynamic_task_mapping.py
[2025-11-21T04:39:03.838+0500] {processor.py:914} INFO - Processing file /mnt/c/Users/Raj/OneDrive - Åbo Akademi O365/banking/airflow/.venv/lib/python3.12/site-packages/airflow/example_dags/example_dynamic_task_mapping.py for tasks to queue
[2025-11-21T04:39:03.846+0500] {logging_mixin.py:190} INFO - [2025-11-21T04:39:03.843+0500] {dagbag.py:588} INFO - Filling up the DagBag from /mnt/c/Users/Raj/OneDrive - Åbo Akademi O365/banking/airflow/.venv/lib/python3.12/site-packages/airflow/example_dags/example_dynamic_task_mapping.py
[2025-11-21T04:39:04.035+0500] {processor.py:925} INFO - DAG(s) 'example_dynamic_task_mapping' retrieved from /mnt/c/Users/Raj/OneDrive - Åbo Akademi O365/banking/airflow/.venv/lib/python3.12/site-packages/airflow/example_dags/example_dynamic_task_mapping.py
[2025-11-21T04:39:04.112+0500] {logging_mixin.py:190} INFO - [2025-11-21T04:39:04.110+0500] {dag.py:3239} INFO - Sync 1 DAGs
[2025-11-21T04:39:04.159+0500] {logging_mixin.py:190} INFO - [2025-11-21T04:39:04.156+0500] {dag.py:4180} INFO - Setting next_dagrun for example_dynamic_task_mapping to None, run_after=None
[2025-11-21T04:39:04.306+0500] {processor.py:208} INFO - Processing /mnt/c/Users/Raj/OneDrive - Åbo Akademi O365/banking/airflow/.venv/lib/python3.12/site-packages/airflow/example_dags/example_dynamic_task_mapping.py took 0.507 seconds
