[2025-11-21T04:19:31.702+0500] {processor.py:186} INFO - Started process (PID=17796) to work on /mnt/c/Users/Raj/OneDrive - Åbo Akademi O365/banking/airflow/.venv/lib/python3.12/site-packages/airflow/example_dags/example_sensors.py
[2025-11-21T04:19:31.706+0500] {processor.py:914} INFO - Processing file /mnt/c/Users/Raj/OneDrive - Åbo Akademi O365/banking/airflow/.venv/lib/python3.12/site-packages/airflow/example_dags/example_sensors.py for tasks to queue
[2025-11-21T04:19:31.711+0500] {logging_mixin.py:190} INFO - [2025-11-21T04:19:31.709+0500] {dagbag.py:588} INFO - Filling up the DagBag from /mnt/c/Users/Raj/OneDrive - Åbo Akademi O365/banking/airflow/.venv/lib/python3.12/site-packages/airflow/example_dags/example_sensors.py
[2025-11-21T04:19:31.932+0500] {processor.py:925} INFO - DAG(s) 'example_sensors' retrieved from /mnt/c/Users/Raj/OneDrive - Åbo Akademi O365/banking/airflow/.venv/lib/python3.12/site-packages/airflow/example_dags/example_sensors.py
[2025-11-21T04:19:34.405+0500] {logging_mixin.py:190} INFO - [2025-11-21T04:19:34.402+0500] {override.py:1900} INFO - Created Permission View: can edit on DAG:example_sensors
[2025-11-21T04:19:34.480+0500] {logging_mixin.py:190} INFO - [2025-11-21T04:19:34.478+0500] {override.py:1900} INFO - Created Permission View: can delete on DAG:example_sensors
[2025-11-21T04:19:34.537+0500] {logging_mixin.py:190} INFO - [2025-11-21T04:19:34.534+0500] {override.py:1900} INFO - Created Permission View: can read on DAG:example_sensors
[2025-11-21T04:19:34.628+0500] {logging_mixin.py:190} INFO - [2025-11-21T04:19:34.626+0500] {override.py:1900} INFO - Created Permission View: can create on DAG Run:example_sensors
[2025-11-21T04:19:34.678+0500] {logging_mixin.py:190} INFO - [2025-11-21T04:19:34.676+0500] {override.py:1900} INFO - Created Permission View: menu access on DAG Run:example_sensors
[2025-11-21T04:19:34.729+0500] {logging_mixin.py:190} INFO - [2025-11-21T04:19:34.727+0500] {override.py:1900} INFO - Created Permission View: can delete on DAG Run:example_sensors
[2025-11-21T04:19:34.788+0500] {logging_mixin.py:190} INFO - [2025-11-21T04:19:34.784+0500] {override.py:1900} INFO - Created Permission View: can read on DAG Run:example_sensors
[2025-11-21T04:19:34.794+0500] {logging_mixin.py:190} INFO - [2025-11-21T04:19:34.791+0500] {dag.py:3239} INFO - Sync 1 DAGs
[2025-11-21T04:19:34.838+0500] {logging_mixin.py:190} INFO - [2025-11-21T04:19:34.836+0500] {dag.py:3262} INFO - Creating ORM DAG for example_sensors
[2025-11-21T04:19:34.843+0500] {logging_mixin.py:190} INFO - [2025-11-21T04:19:34.841+0500] {dag.py:4180} INFO - Setting next_dagrun for example_sensors to None, run_after=None
[2025-11-21T04:19:34.978+0500] {processor.py:208} INFO - Processing /mnt/c/Users/Raj/OneDrive - Åbo Akademi O365/banking/airflow/.venv/lib/python3.12/site-packages/airflow/example_dags/example_sensors.py took 3.293 seconds
[2025-11-21T04:22:48.055+0500] {processor.py:186} INFO - Started process (PID=17864) to work on /mnt/c/Users/Raj/OneDrive - Åbo Akademi O365/banking/airflow/.venv/lib/python3.12/site-packages/airflow/example_dags/example_sensors.py
[2025-11-21T04:22:48.060+0500] {processor.py:914} INFO - Processing file /mnt/c/Users/Raj/OneDrive - Åbo Akademi O365/banking/airflow/.venv/lib/python3.12/site-packages/airflow/example_dags/example_sensors.py for tasks to queue
[2025-11-21T04:22:48.071+0500] {logging_mixin.py:190} INFO - [2025-11-21T04:22:48.066+0500] {dagbag.py:588} INFO - Filling up the DagBag from /mnt/c/Users/Raj/OneDrive - Åbo Akademi O365/banking/airflow/.venv/lib/python3.12/site-packages/airflow/example_dags/example_sensors.py
[2025-11-21T04:22:48.277+0500] {processor.py:925} INFO - DAG(s) 'example_sensors' retrieved from /mnt/c/Users/Raj/OneDrive - Åbo Akademi O365/banking/airflow/.venv/lib/python3.12/site-packages/airflow/example_dags/example_sensors.py
[2025-11-21T04:22:48.376+0500] {logging_mixin.py:190} INFO - [2025-11-21T04:22:48.373+0500] {dag.py:3239} INFO - Sync 1 DAGs
[2025-11-21T04:22:48.421+0500] {logging_mixin.py:190} INFO - [2025-11-21T04:22:48.418+0500] {dag.py:4180} INFO - Setting next_dagrun for example_sensors to None, run_after=None
[2025-11-21T04:22:48.542+0500] {processor.py:208} INFO - Processing /mnt/c/Users/Raj/OneDrive - Åbo Akademi O365/banking/airflow/.venv/lib/python3.12/site-packages/airflow/example_dags/example_sensors.py took 0.522 seconds
[2025-11-21T04:24:24.163+0500] {processor.py:186} INFO - Started process (PID=17916) to work on /mnt/c/Users/Raj/OneDrive - Åbo Akademi O365/banking/airflow/.venv/lib/python3.12/site-packages/airflow/example_dags/example_sensors.py
[2025-11-21T04:24:24.169+0500] {processor.py:914} INFO - Processing file /mnt/c/Users/Raj/OneDrive - Åbo Akademi O365/banking/airflow/.venv/lib/python3.12/site-packages/airflow/example_dags/example_sensors.py for tasks to queue
[2025-11-21T04:24:24.179+0500] {logging_mixin.py:190} INFO - [2025-11-21T04:24:24.176+0500] {dagbag.py:588} INFO - Filling up the DagBag from /mnt/c/Users/Raj/OneDrive - Åbo Akademi O365/banking/airflow/.venv/lib/python3.12/site-packages/airflow/example_dags/example_sensors.py
[2025-11-21T04:24:24.412+0500] {processor.py:925} INFO - DAG(s) 'example_sensors' retrieved from /mnt/c/Users/Raj/OneDrive - Åbo Akademi O365/banking/airflow/.venv/lib/python3.12/site-packages/airflow/example_dags/example_sensors.py
[2025-11-21T04:24:24.525+0500] {logging_mixin.py:190} INFO - [2025-11-21T04:24:24.523+0500] {dag.py:3239} INFO - Sync 1 DAGs
[2025-11-21T04:24:24.571+0500] {logging_mixin.py:190} INFO - [2025-11-21T04:24:24.568+0500] {dag.py:4180} INFO - Setting next_dagrun for example_sensors to None, run_after=None
[2025-11-21T04:24:24.692+0500] {processor.py:208} INFO - Processing /mnt/c/Users/Raj/OneDrive - Åbo Akademi O365/banking/airflow/.venv/lib/python3.12/site-packages/airflow/example_dags/example_sensors.py took 0.560 seconds
[2025-11-21T04:26:46.109+0500] {processor.py:186} INFO - Started process (PID=18006) to work on /mnt/c/Users/Raj/OneDrive - Åbo Akademi O365/banking/airflow/.venv/lib/python3.12/site-packages/airflow/example_dags/example_sensors.py
[2025-11-21T04:26:46.113+0500] {processor.py:914} INFO - Processing file /mnt/c/Users/Raj/OneDrive - Åbo Akademi O365/banking/airflow/.venv/lib/python3.12/site-packages/airflow/example_dags/example_sensors.py for tasks to queue
[2025-11-21T04:26:46.122+0500] {logging_mixin.py:190} INFO - [2025-11-21T04:26:46.120+0500] {dagbag.py:588} INFO - Filling up the DagBag from /mnt/c/Users/Raj/OneDrive - Åbo Akademi O365/banking/airflow/.venv/lib/python3.12/site-packages/airflow/example_dags/example_sensors.py
[2025-11-21T04:26:46.284+0500] {processor.py:925} INFO - DAG(s) 'example_sensors' retrieved from /mnt/c/Users/Raj/OneDrive - Åbo Akademi O365/banking/airflow/.venv/lib/python3.12/site-packages/airflow/example_dags/example_sensors.py
[2025-11-21T04:26:46.373+0500] {logging_mixin.py:190} INFO - [2025-11-21T04:26:46.371+0500] {dag.py:3239} INFO - Sync 1 DAGs
[2025-11-21T04:26:46.406+0500] {logging_mixin.py:190} INFO - [2025-11-21T04:26:46.404+0500] {dag.py:4180} INFO - Setting next_dagrun for example_sensors to None, run_after=None
[2025-11-21T04:26:46.533+0500] {processor.py:208} INFO - Processing /mnt/c/Users/Raj/OneDrive - Åbo Akademi O365/banking/airflow/.venv/lib/python3.12/site-packages/airflow/example_dags/example_sensors.py took 0.453 seconds
[2025-11-21T04:29:16.632+0500] {processor.py:186} INFO - Started process (PID=18095) to work on /mnt/c/Users/Raj/OneDrive - Åbo Akademi O365/banking/airflow/.venv/lib/python3.12/site-packages/airflow/example_dags/example_sensors.py
[2025-11-21T04:29:16.640+0500] {processor.py:914} INFO - Processing file /mnt/c/Users/Raj/OneDrive - Åbo Akademi O365/banking/airflow/.venv/lib/python3.12/site-packages/airflow/example_dags/example_sensors.py for tasks to queue
[2025-11-21T04:29:16.657+0500] {logging_mixin.py:190} INFO - [2025-11-21T04:29:16.652+0500] {dagbag.py:588} INFO - Filling up the DagBag from /mnt/c/Users/Raj/OneDrive - Åbo Akademi O365/banking/airflow/.venv/lib/python3.12/site-packages/airflow/example_dags/example_sensors.py
[2025-11-21T04:29:16.861+0500] {processor.py:925} INFO - DAG(s) 'example_sensors' retrieved from /mnt/c/Users/Raj/OneDrive - Åbo Akademi O365/banking/airflow/.venv/lib/python3.12/site-packages/airflow/example_dags/example_sensors.py
[2025-11-21T04:29:16.940+0500] {logging_mixin.py:190} INFO - [2025-11-21T04:29:16.938+0500] {dag.py:3239} INFO - Sync 1 DAGs
[2025-11-21T04:29:16.970+0500] {logging_mixin.py:190} INFO - [2025-11-21T04:29:16.969+0500] {dag.py:4180} INFO - Setting next_dagrun for example_sensors to None, run_after=None
[2025-11-21T04:29:17.074+0500] {processor.py:208} INFO - Processing /mnt/c/Users/Raj/OneDrive - Åbo Akademi O365/banking/airflow/.venv/lib/python3.12/site-packages/airflow/example_dags/example_sensors.py took 0.504 seconds
[2025-11-21T04:30:55.566+0500] {processor.py:186} INFO - Started process (PID=18140) to work on /mnt/c/Users/Raj/OneDrive - Åbo Akademi O365/banking/airflow/.venv/lib/python3.12/site-packages/airflow/example_dags/example_sensors.py
[2025-11-21T04:30:55.570+0500] {processor.py:914} INFO - Processing file /mnt/c/Users/Raj/OneDrive - Åbo Akademi O365/banking/airflow/.venv/lib/python3.12/site-packages/airflow/example_dags/example_sensors.py for tasks to queue
[2025-11-21T04:30:55.578+0500] {logging_mixin.py:190} INFO - [2025-11-21T04:30:55.575+0500] {dagbag.py:588} INFO - Filling up the DagBag from /mnt/c/Users/Raj/OneDrive - Åbo Akademi O365/banking/airflow/.venv/lib/python3.12/site-packages/airflow/example_dags/example_sensors.py
[2025-11-21T04:30:55.727+0500] {processor.py:925} INFO - DAG(s) 'example_sensors' retrieved from /mnt/c/Users/Raj/OneDrive - Åbo Akademi O365/banking/airflow/.venv/lib/python3.12/site-packages/airflow/example_dags/example_sensors.py
[2025-11-21T04:30:55.952+0500] {logging_mixin.py:190} INFO - [2025-11-21T04:30:55.950+0500] {dag.py:3239} INFO - Sync 1 DAGs
[2025-11-21T04:30:55.971+0500] {logging_mixin.py:190} INFO - [2025-11-21T04:30:55.969+0500] {dag.py:4180} INFO - Setting next_dagrun for example_sensors to None, run_after=None
[2025-11-21T04:30:56.078+0500] {processor.py:208} INFO - Processing /mnt/c/Users/Raj/OneDrive - Åbo Akademi O365/banking/airflow/.venv/lib/python3.12/site-packages/airflow/example_dags/example_sensors.py took 0.566 seconds
[2025-11-21T04:32:11.938+0500] {processor.py:186} INFO - Started process (PID=18183) to work on /mnt/c/Users/Raj/OneDrive - Åbo Akademi O365/banking/airflow/.venv/lib/python3.12/site-packages/airflow/example_dags/example_sensors.py
[2025-11-21T04:32:11.942+0500] {processor.py:914} INFO - Processing file /mnt/c/Users/Raj/OneDrive - Åbo Akademi O365/banking/airflow/.venv/lib/python3.12/site-packages/airflow/example_dags/example_sensors.py for tasks to queue
[2025-11-21T04:32:11.951+0500] {logging_mixin.py:190} INFO - [2025-11-21T04:32:11.948+0500] {dagbag.py:588} INFO - Filling up the DagBag from /mnt/c/Users/Raj/OneDrive - Åbo Akademi O365/banking/airflow/.venv/lib/python3.12/site-packages/airflow/example_dags/example_sensors.py
[2025-11-21T04:32:12.093+0500] {processor.py:925} INFO - DAG(s) 'example_sensors' retrieved from /mnt/c/Users/Raj/OneDrive - Åbo Akademi O365/banking/airflow/.venv/lib/python3.12/site-packages/airflow/example_dags/example_sensors.py
[2025-11-21T04:32:12.463+0500] {logging_mixin.py:190} INFO - [2025-11-21T04:32:12.456+0500] {dag.py:3239} INFO - Sync 1 DAGs
[2025-11-21T04:32:12.584+0500] {logging_mixin.py:190} INFO - [2025-11-21T04:32:12.583+0500] {dag.py:4180} INFO - Setting next_dagrun for example_sensors to None, run_after=None
[2025-11-21T04:32:12.723+0500] {processor.py:208} INFO - Processing /mnt/c/Users/Raj/OneDrive - Åbo Akademi O365/banking/airflow/.venv/lib/python3.12/site-packages/airflow/example_dags/example_sensors.py took 0.813 seconds
[2025-11-21T04:33:33.844+0500] {processor.py:186} INFO - Started process (PID=18227) to work on /mnt/c/Users/Raj/OneDrive - Åbo Akademi O365/banking/airflow/.venv/lib/python3.12/site-packages/airflow/example_dags/example_sensors.py
[2025-11-21T04:33:33.846+0500] {processor.py:914} INFO - Processing file /mnt/c/Users/Raj/OneDrive - Åbo Akademi O365/banking/airflow/.venv/lib/python3.12/site-packages/airflow/example_dags/example_sensors.py for tasks to queue
[2025-11-21T04:33:33.850+0500] {logging_mixin.py:190} INFO - [2025-11-21T04:33:33.849+0500] {dagbag.py:588} INFO - Filling up the DagBag from /mnt/c/Users/Raj/OneDrive - Åbo Akademi O365/banking/airflow/.venv/lib/python3.12/site-packages/airflow/example_dags/example_sensors.py
[2025-11-21T04:33:33.998+0500] {processor.py:925} INFO - DAG(s) 'example_sensors' retrieved from /mnt/c/Users/Raj/OneDrive - Åbo Akademi O365/banking/airflow/.venv/lib/python3.12/site-packages/airflow/example_dags/example_sensors.py
[2025-11-21T04:33:34.052+0500] {logging_mixin.py:190} INFO - [2025-11-21T04:33:34.051+0500] {dag.py:3239} INFO - Sync 1 DAGs
[2025-11-21T04:33:34.076+0500] {logging_mixin.py:190} INFO - [2025-11-21T04:33:34.075+0500] {dag.py:4180} INFO - Setting next_dagrun for example_sensors to None, run_after=None
[2025-11-21T04:33:35.038+0500] {processor.py:208} INFO - Processing /mnt/c/Users/Raj/OneDrive - Åbo Akademi O365/banking/airflow/.venv/lib/python3.12/site-packages/airflow/example_dags/example_sensors.py took 1.213 seconds
[2025-11-21T04:34:51.223+0500] {processor.py:186} INFO - Started process (PID=18269) to work on /mnt/c/Users/Raj/OneDrive - Åbo Akademi O365/banking/airflow/.venv/lib/python3.12/site-packages/airflow/example_dags/example_sensors.py
[2025-11-21T04:34:51.227+0500] {processor.py:914} INFO - Processing file /mnt/c/Users/Raj/OneDrive - Åbo Akademi O365/banking/airflow/.venv/lib/python3.12/site-packages/airflow/example_dags/example_sensors.py for tasks to queue
[2025-11-21T04:34:51.233+0500] {logging_mixin.py:190} INFO - [2025-11-21T04:34:51.231+0500] {dagbag.py:588} INFO - Filling up the DagBag from /mnt/c/Users/Raj/OneDrive - Åbo Akademi O365/banking/airflow/.venv/lib/python3.12/site-packages/airflow/example_dags/example_sensors.py
[2025-11-21T04:34:51.344+0500] {processor.py:925} INFO - DAG(s) 'example_sensors' retrieved from /mnt/c/Users/Raj/OneDrive - Åbo Akademi O365/banking/airflow/.venv/lib/python3.12/site-packages/airflow/example_dags/example_sensors.py
[2025-11-21T04:34:51.396+0500] {logging_mixin.py:190} INFO - [2025-11-21T04:34:51.394+0500] {dag.py:3239} INFO - Sync 1 DAGs
[2025-11-21T04:34:51.428+0500] {logging_mixin.py:190} INFO - [2025-11-21T04:34:51.426+0500] {dag.py:4180} INFO - Setting next_dagrun for example_sensors to None, run_after=None
[2025-11-21T04:34:51.541+0500] {processor.py:208} INFO - Processing /mnt/c/Users/Raj/OneDrive - Åbo Akademi O365/banking/airflow/.venv/lib/python3.12/site-packages/airflow/example_dags/example_sensors.py took 0.346 seconds
[2025-11-21T04:36:17.797+0500] {processor.py:186} INFO - Started process (PID=18625) to work on /mnt/c/Users/Raj/OneDrive - Åbo Akademi O365/banking/airflow/.venv/lib/python3.12/site-packages/airflow/example_dags/example_sensors.py
[2025-11-21T04:36:17.800+0500] {processor.py:914} INFO - Processing file /mnt/c/Users/Raj/OneDrive - Åbo Akademi O365/banking/airflow/.venv/lib/python3.12/site-packages/airflow/example_dags/example_sensors.py for tasks to queue
[2025-11-21T04:36:17.804+0500] {logging_mixin.py:190} INFO - [2025-11-21T04:36:17.803+0500] {dagbag.py:588} INFO - Filling up the DagBag from /mnt/c/Users/Raj/OneDrive - Åbo Akademi O365/banking/airflow/.venv/lib/python3.12/site-packages/airflow/example_dags/example_sensors.py
[2025-11-21T04:36:17.984+0500] {processor.py:925} INFO - DAG(s) 'example_sensors' retrieved from /mnt/c/Users/Raj/OneDrive - Åbo Akademi O365/banking/airflow/.venv/lib/python3.12/site-packages/airflow/example_dags/example_sensors.py
[2025-11-21T04:36:18.041+0500] {logging_mixin.py:190} INFO - [2025-11-21T04:36:18.040+0500] {dag.py:3239} INFO - Sync 1 DAGs
[2025-11-21T04:36:18.067+0500] {logging_mixin.py:190} INFO - [2025-11-21T04:36:18.066+0500] {dag.py:4180} INFO - Setting next_dagrun for example_sensors to None, run_after=None
[2025-11-21T04:36:18.157+0500] {processor.py:208} INFO - Processing /mnt/c/Users/Raj/OneDrive - Åbo Akademi O365/banking/airflow/.venv/lib/python3.12/site-packages/airflow/example_dags/example_sensors.py took 0.381 seconds
[2025-11-21T04:37:38.394+0500] {processor.py:186} INFO - Started process (PID=18743) to work on /mnt/c/Users/Raj/OneDrive - Åbo Akademi O365/banking/airflow/.venv/lib/python3.12/site-packages/airflow/example_dags/example_sensors.py
[2025-11-21T04:37:38.400+0500] {processor.py:914} INFO - Processing file /mnt/c/Users/Raj/OneDrive - Åbo Akademi O365/banking/airflow/.venv/lib/python3.12/site-packages/airflow/example_dags/example_sensors.py for tasks to queue
[2025-11-21T04:37:38.407+0500] {logging_mixin.py:190} INFO - [2025-11-21T04:37:38.405+0500] {dagbag.py:588} INFO - Filling up the DagBag from /mnt/c/Users/Raj/OneDrive - Åbo Akademi O365/banking/airflow/.venv/lib/python3.12/site-packages/airflow/example_dags/example_sensors.py
[2025-11-21T04:37:38.746+0500] {processor.py:925} INFO - DAG(s) 'example_sensors' retrieved from /mnt/c/Users/Raj/OneDrive - Åbo Akademi O365/banking/airflow/.venv/lib/python3.12/site-packages/airflow/example_dags/example_sensors.py
[2025-11-21T04:37:38.959+0500] {logging_mixin.py:190} INFO - [2025-11-21T04:37:38.934+0500] {dag.py:3239} INFO - Sync 1 DAGs
[2025-11-21T04:37:39.032+0500] {logging_mixin.py:190} INFO - [2025-11-21T04:37:39.030+0500] {dag.py:4180} INFO - Setting next_dagrun for example_sensors to None, run_after=None
[2025-11-21T04:37:39.266+0500] {processor.py:208} INFO - Processing /mnt/c/Users/Raj/OneDrive - Åbo Akademi O365/banking/airflow/.venv/lib/python3.12/site-packages/airflow/example_dags/example_sensors.py took 0.964 seconds
[2025-11-21T04:38:51.269+0500] {processor.py:186} INFO - Started process (PID=18787) to work on /mnt/c/Users/Raj/OneDrive - Åbo Akademi O365/banking/airflow/.venv/lib/python3.12/site-packages/airflow/example_dags/example_sensors.py
[2025-11-21T04:38:51.272+0500] {processor.py:914} INFO - Processing file /mnt/c/Users/Raj/OneDrive - Åbo Akademi O365/banking/airflow/.venv/lib/python3.12/site-packages/airflow/example_dags/example_sensors.py for tasks to queue
[2025-11-21T04:38:51.278+0500] {logging_mixin.py:190} INFO - [2025-11-21T04:38:51.275+0500] {dagbag.py:588} INFO - Filling up the DagBag from /mnt/c/Users/Raj/OneDrive - Åbo Akademi O365/banking/airflow/.venv/lib/python3.12/site-packages/airflow/example_dags/example_sensors.py
[2025-11-21T04:38:51.455+0500] {processor.py:925} INFO - DAG(s) 'example_sensors' retrieved from /mnt/c/Users/Raj/OneDrive - Åbo Akademi O365/banking/airflow/.venv/lib/python3.12/site-packages/airflow/example_dags/example_sensors.py
[2025-11-21T04:38:51.548+0500] {logging_mixin.py:190} INFO - [2025-11-21T04:38:51.546+0500] {dag.py:3239} INFO - Sync 1 DAGs
[2025-11-21T04:38:51.575+0500] {logging_mixin.py:190} INFO - [2025-11-21T04:38:51.573+0500] {dag.py:4180} INFO - Setting next_dagrun for example_sensors to None, run_after=None
[2025-11-21T04:38:51.670+0500] {processor.py:208} INFO - Processing /mnt/c/Users/Raj/OneDrive - Åbo Akademi O365/banking/airflow/.venv/lib/python3.12/site-packages/airflow/example_dags/example_sensors.py took 0.421 seconds
