[2025-11-21T04:20:26.933+0500] {processor.py:186} INFO - Started process (PID=17811) to work on /mnt/c/Users/Raj/OneDrive - Åbo Akademi O365/banking/airflow/.venv/lib/python3.12/site-packages/airflow/example_dags/example_inlet_event_extra.py
[2025-11-21T04:20:26.936+0500] {processor.py:914} INFO - Processing file /mnt/c/Users/Raj/OneDrive - Åbo Akademi O365/banking/airflow/.venv/lib/python3.12/site-packages/airflow/example_dags/example_inlet_event_extra.py for tasks to queue
[2025-11-21T04:20:26.941+0500] {logging_mixin.py:190} INFO - [2025-11-21T04:20:26.939+0500] {dagbag.py:588} INFO - Filling up the DagBag from /mnt/c/Users/Raj/OneDrive - Åbo Akademi O365/banking/airflow/.venv/lib/python3.12/site-packages/airflow/example_dags/example_inlet_event_extra.py
[2025-11-21T04:20:27.317+0500] {processor.py:925} INFO - DAG(s) 'read_dataset_event_from_classic', 'read_dataset_event' retrieved from /mnt/c/Users/Raj/OneDrive - Åbo Akademi O365/banking/airflow/.venv/lib/python3.12/site-packages/airflow/example_dags/example_inlet_event_extra.py
[2025-11-21T04:20:29.488+0500] {logging_mixin.py:190} INFO - [2025-11-21T04:20:29.485+0500] {override.py:1900} INFO - Created Permission View: can edit on DAG:read_dataset_event_from_classic
[2025-11-21T04:20:29.541+0500] {logging_mixin.py:190} INFO - [2025-11-21T04:20:29.539+0500] {override.py:1900} INFO - Created Permission View: can delete on DAG:read_dataset_event_from_classic
[2025-11-21T04:20:29.590+0500] {logging_mixin.py:190} INFO - [2025-11-21T04:20:29.589+0500] {override.py:1900} INFO - Created Permission View: can read on DAG:read_dataset_event_from_classic
[2025-11-21T04:20:29.662+0500] {logging_mixin.py:190} INFO - [2025-11-21T04:20:29.661+0500] {override.py:1900} INFO - Created Permission View: can create on DAG Run:read_dataset_event_from_classic
[2025-11-21T04:20:29.707+0500] {logging_mixin.py:190} INFO - [2025-11-21T04:20:29.705+0500] {override.py:1900} INFO - Created Permission View: menu access on DAG Run:read_dataset_event_from_classic
[2025-11-21T04:20:29.758+0500] {logging_mixin.py:190} INFO - [2025-11-21T04:20:29.755+0500] {override.py:1900} INFO - Created Permission View: can delete on DAG Run:read_dataset_event_from_classic
[2025-11-21T04:20:29.808+0500] {logging_mixin.py:190} INFO - [2025-11-21T04:20:29.804+0500] {override.py:1900} INFO - Created Permission View: can read on DAG Run:read_dataset_event_from_classic
[2025-11-21T04:20:29.914+0500] {logging_mixin.py:190} INFO - [2025-11-21T04:20:29.912+0500] {override.py:1900} INFO - Created Permission View: can edit on DAG:read_dataset_event
[2025-11-21T04:20:29.962+0500] {logging_mixin.py:190} INFO - [2025-11-21T04:20:29.960+0500] {override.py:1900} INFO - Created Permission View: can delete on DAG:read_dataset_event
[2025-11-21T04:20:30.009+0500] {logging_mixin.py:190} INFO - [2025-11-21T04:20:30.007+0500] {override.py:1900} INFO - Created Permission View: can read on DAG:read_dataset_event
[2025-11-21T04:20:30.131+0500] {logging_mixin.py:190} INFO - [2025-11-21T04:20:30.129+0500] {override.py:1900} INFO - Created Permission View: can create on DAG Run:read_dataset_event
[2025-11-21T04:20:30.211+0500] {logging_mixin.py:190} INFO - [2025-11-21T04:20:30.208+0500] {override.py:1900} INFO - Created Permission View: menu access on DAG Run:read_dataset_event
[2025-11-21T04:20:30.330+0500] {logging_mixin.py:190} INFO - [2025-11-21T04:20:30.327+0500] {override.py:1900} INFO - Created Permission View: can delete on DAG Run:read_dataset_event
[2025-11-21T04:20:30.418+0500] {logging_mixin.py:190} INFO - [2025-11-21T04:20:30.416+0500] {override.py:1900} INFO - Created Permission View: can read on DAG Run:read_dataset_event
[2025-11-21T04:20:30.423+0500] {logging_mixin.py:190} INFO - [2025-11-21T04:20:30.421+0500] {dag.py:3239} INFO - Sync 2 DAGs
[2025-11-21T04:20:30.536+0500] {logging_mixin.py:190} INFO - [2025-11-21T04:20:30.534+0500] {dag.py:3262} INFO - Creating ORM DAG for read_dataset_event_from_classic
[2025-11-21T04:20:30.545+0500] {logging_mixin.py:190} INFO - [2025-11-21T04:20:30.542+0500] {dag.py:3262} INFO - Creating ORM DAG for read_dataset_event
[2025-11-21T04:20:30.569+0500] {logging_mixin.py:190} INFO - [2025-11-21T04:20:30.567+0500] {dag.py:4180} INFO - Setting next_dagrun for read_dataset_event to 2025-11-19 00:00:00+00:00, run_after=2025-11-20 00:00:00+00:00
[2025-11-21T04:20:30.574+0500] {logging_mixin.py:190} INFO - [2025-11-21T04:20:30.572+0500] {dag.py:4180} INFO - Setting next_dagrun for read_dataset_event_from_classic to 2025-11-19 00:00:00+00:00, run_after=2025-11-20 00:00:00+00:00
[2025-11-21T04:20:30.654+0500] {processor.py:208} INFO - Processing /mnt/c/Users/Raj/OneDrive - Åbo Akademi O365/banking/airflow/.venv/lib/python3.12/site-packages/airflow/example_dags/example_inlet_event_extra.py took 3.740 seconds
[2025-11-21T04:23:14.680+0500] {processor.py:186} INFO - Started process (PID=17877) to work on /mnt/c/Users/Raj/OneDrive - Åbo Akademi O365/banking/airflow/.venv/lib/python3.12/site-packages/airflow/example_dags/example_inlet_event_extra.py
[2025-11-21T04:23:14.685+0500] {processor.py:914} INFO - Processing file /mnt/c/Users/Raj/OneDrive - Åbo Akademi O365/banking/airflow/.venv/lib/python3.12/site-packages/airflow/example_dags/example_inlet_event_extra.py for tasks to queue
[2025-11-21T04:23:14.693+0500] {logging_mixin.py:190} INFO - [2025-11-21T04:23:14.691+0500] {dagbag.py:588} INFO - Filling up the DagBag from /mnt/c/Users/Raj/OneDrive - Åbo Akademi O365/banking/airflow/.venv/lib/python3.12/site-packages/airflow/example_dags/example_inlet_event_extra.py
[2025-11-21T04:23:14.948+0500] {processor.py:925} INFO - DAG(s) 'read_dataset_event_from_classic', 'read_dataset_event' retrieved from /mnt/c/Users/Raj/OneDrive - Åbo Akademi O365/banking/airflow/.venv/lib/python3.12/site-packages/airflow/example_dags/example_inlet_event_extra.py
[2025-11-21T04:23:15.032+0500] {logging_mixin.py:190} INFO - [2025-11-21T04:23:15.029+0500] {dag.py:3239} INFO - Sync 2 DAGs
[2025-11-21T04:23:15.106+0500] {logging_mixin.py:190} INFO - [2025-11-21T04:23:15.103+0500] {dag.py:4180} INFO - Setting next_dagrun for read_dataset_event to 2025-11-19 00:00:00+00:00, run_after=2025-11-20 00:00:00+00:00
[2025-11-21T04:23:15.124+0500] {logging_mixin.py:190} INFO - [2025-11-21T04:23:15.121+0500] {dag.py:4180} INFO - Setting next_dagrun for read_dataset_event_from_classic to 2025-11-19 00:00:00+00:00, run_after=2025-11-20 00:00:00+00:00
[2025-11-21T04:23:15.268+0500] {processor.py:208} INFO - Processing /mnt/c/Users/Raj/OneDrive - Åbo Akademi O365/banking/airflow/.venv/lib/python3.12/site-packages/airflow/example_dags/example_inlet_event_extra.py took 0.622 seconds
[2025-11-21T04:25:41.744+0500] {processor.py:186} INFO - Started process (PID=17960) to work on /mnt/c/Users/Raj/OneDrive - Åbo Akademi O365/banking/airflow/.venv/lib/python3.12/site-packages/airflow/example_dags/example_inlet_event_extra.py
[2025-11-21T04:25:41.747+0500] {processor.py:914} INFO - Processing file /mnt/c/Users/Raj/OneDrive - Åbo Akademi O365/banking/airflow/.venv/lib/python3.12/site-packages/airflow/example_dags/example_inlet_event_extra.py for tasks to queue
[2025-11-21T04:25:41.753+0500] {logging_mixin.py:190} INFO - [2025-11-21T04:25:41.751+0500] {dagbag.py:588} INFO - Filling up the DagBag from /mnt/c/Users/Raj/OneDrive - Åbo Akademi O365/banking/airflow/.venv/lib/python3.12/site-packages/airflow/example_dags/example_inlet_event_extra.py
[2025-11-21T04:25:42.196+0500] {processor.py:925} INFO - DAG(s) 'read_dataset_event_from_classic', 'read_dataset_event' retrieved from /mnt/c/Users/Raj/OneDrive - Åbo Akademi O365/banking/airflow/.venv/lib/python3.12/site-packages/airflow/example_dags/example_inlet_event_extra.py
[2025-11-21T04:25:42.256+0500] {logging_mixin.py:190} INFO - [2025-11-21T04:25:42.254+0500] {dag.py:3239} INFO - Sync 2 DAGs
[2025-11-21T04:25:42.309+0500] {logging_mixin.py:190} INFO - [2025-11-21T04:25:42.308+0500] {dag.py:4180} INFO - Setting next_dagrun for read_dataset_event to 2025-11-19 00:00:00+00:00, run_after=2025-11-20 00:00:00+00:00
[2025-11-21T04:25:42.320+0500] {logging_mixin.py:190} INFO - [2025-11-21T04:25:42.319+0500] {dag.py:4180} INFO - Setting next_dagrun for read_dataset_event_from_classic to 2025-11-19 00:00:00+00:00, run_after=2025-11-20 00:00:00+00:00
[2025-11-21T04:25:42.420+0500] {processor.py:208} INFO - Processing /mnt/c/Users/Raj/OneDrive - Åbo Akademi O365/banking/airflow/.venv/lib/python3.12/site-packages/airflow/example_dags/example_inlet_event_extra.py took 0.699 seconds
[2025-11-21T04:28:05.183+0500] {processor.py:186} INFO - Started process (PID=18052) to work on /mnt/c/Users/Raj/OneDrive - Åbo Akademi O365/banking/airflow/.venv/lib/python3.12/site-packages/airflow/example_dags/example_inlet_event_extra.py
[2025-11-21T04:28:05.192+0500] {processor.py:914} INFO - Processing file /mnt/c/Users/Raj/OneDrive - Åbo Akademi O365/banking/airflow/.venv/lib/python3.12/site-packages/airflow/example_dags/example_inlet_event_extra.py for tasks to queue
[2025-11-21T04:28:05.209+0500] {logging_mixin.py:190} INFO - [2025-11-21T04:28:05.204+0500] {dagbag.py:588} INFO - Filling up the DagBag from /mnt/c/Users/Raj/OneDrive - Åbo Akademi O365/banking/airflow/.venv/lib/python3.12/site-packages/airflow/example_dags/example_inlet_event_extra.py
[2025-11-21T04:28:05.595+0500] {processor.py:925} INFO - DAG(s) 'read_dataset_event_from_classic', 'read_dataset_event' retrieved from /mnt/c/Users/Raj/OneDrive - Åbo Akademi O365/banking/airflow/.venv/lib/python3.12/site-packages/airflow/example_dags/example_inlet_event_extra.py
[2025-11-21T04:28:05.646+0500] {logging_mixin.py:190} INFO - [2025-11-21T04:28:05.645+0500] {dag.py:3239} INFO - Sync 2 DAGs
[2025-11-21T04:28:05.700+0500] {logging_mixin.py:190} INFO - [2025-11-21T04:28:05.698+0500] {dag.py:4180} INFO - Setting next_dagrun for read_dataset_event to 2025-11-19 00:00:00+00:00, run_after=2025-11-20 00:00:00+00:00
[2025-11-21T04:28:05.722+0500] {logging_mixin.py:190} INFO - [2025-11-21T04:28:05.721+0500] {dag.py:4180} INFO - Setting next_dagrun for read_dataset_event_from_classic to 2025-11-19 00:00:00+00:00, run_after=2025-11-20 00:00:00+00:00
[2025-11-21T04:28:05.897+0500] {processor.py:208} INFO - Processing /mnt/c/Users/Raj/OneDrive - Åbo Akademi O365/banking/airflow/.venv/lib/python3.12/site-packages/airflow/example_dags/example_inlet_event_extra.py took 0.771 seconds
[2025-11-21T04:31:01.217+0500] {processor.py:186} INFO - Started process (PID=18143) to work on /mnt/c/Users/Raj/OneDrive - Åbo Akademi O365/banking/airflow/.venv/lib/python3.12/site-packages/airflow/example_dags/example_inlet_event_extra.py
[2025-11-21T04:31:01.223+0500] {processor.py:914} INFO - Processing file /mnt/c/Users/Raj/OneDrive - Åbo Akademi O365/banking/airflow/.venv/lib/python3.12/site-packages/airflow/example_dags/example_inlet_event_extra.py for tasks to queue
[2025-11-21T04:31:01.231+0500] {logging_mixin.py:190} INFO - [2025-11-21T04:31:01.229+0500] {dagbag.py:588} INFO - Filling up the DagBag from /mnt/c/Users/Raj/OneDrive - Åbo Akademi O365/banking/airflow/.venv/lib/python3.12/site-packages/airflow/example_dags/example_inlet_event_extra.py
[2025-11-21T04:31:01.589+0500] {processor.py:925} INFO - DAG(s) 'read_dataset_event_from_classic', 'read_dataset_event' retrieved from /mnt/c/Users/Raj/OneDrive - Åbo Akademi O365/banking/airflow/.venv/lib/python3.12/site-packages/airflow/example_dags/example_inlet_event_extra.py
[2025-11-21T04:31:01.935+0500] {logging_mixin.py:190} INFO - [2025-11-21T04:31:01.933+0500] {dag.py:3239} INFO - Sync 2 DAGs
[2025-11-21T04:31:01.991+0500] {logging_mixin.py:190} INFO - [2025-11-21T04:31:01.989+0500] {dag.py:4180} INFO - Setting next_dagrun for read_dataset_event to 2025-11-19 00:00:00+00:00, run_after=2025-11-20 00:00:00+00:00
[2025-11-21T04:31:02.014+0500] {logging_mixin.py:190} INFO - [2025-11-21T04:31:02.012+0500] {dag.py:4180} INFO - Setting next_dagrun for read_dataset_event_from_classic to 2025-11-19 00:00:00+00:00, run_after=2025-11-20 00:00:00+00:00
[2025-11-21T04:31:02.116+0500] {processor.py:208} INFO - Processing /mnt/c/Users/Raj/OneDrive - Åbo Akademi O365/banking/airflow/.venv/lib/python3.12/site-packages/airflow/example_dags/example_inlet_event_extra.py took 0.920 seconds
[2025-11-21T04:33:38.750+0500] {processor.py:186} INFO - Started process (PID=18229) to work on /mnt/c/Users/Raj/OneDrive - Åbo Akademi O365/banking/airflow/.venv/lib/python3.12/site-packages/airflow/example_dags/example_inlet_event_extra.py
[2025-11-21T04:33:38.764+0500] {processor.py:914} INFO - Processing file /mnt/c/Users/Raj/OneDrive - Åbo Akademi O365/banking/airflow/.venv/lib/python3.12/site-packages/airflow/example_dags/example_inlet_event_extra.py for tasks to queue
[2025-11-21T04:33:38.772+0500] {logging_mixin.py:190} INFO - [2025-11-21T04:33:38.769+0500] {dagbag.py:588} INFO - Filling up the DagBag from /mnt/c/Users/Raj/OneDrive - Åbo Akademi O365/banking/airflow/.venv/lib/python3.12/site-packages/airflow/example_dags/example_inlet_event_extra.py
[2025-11-21T04:33:39.046+0500] {processor.py:925} INFO - DAG(s) 'read_dataset_event', 'read_dataset_event_from_classic' retrieved from /mnt/c/Users/Raj/OneDrive - Åbo Akademi O365/banking/airflow/.venv/lib/python3.12/site-packages/airflow/example_dags/example_inlet_event_extra.py
[2025-11-21T04:33:39.132+0500] {logging_mixin.py:190} INFO - [2025-11-21T04:33:39.130+0500] {dag.py:3239} INFO - Sync 2 DAGs
[2025-11-21T04:33:39.192+0500] {logging_mixin.py:190} INFO - [2025-11-21T04:33:39.189+0500] {dag.py:4180} INFO - Setting next_dagrun for read_dataset_event to 2025-11-19 00:00:00+00:00, run_after=2025-11-20 00:00:00+00:00
[2025-11-21T04:33:39.206+0500] {logging_mixin.py:190} INFO - [2025-11-21T04:33:39.204+0500] {dag.py:4180} INFO - Setting next_dagrun for read_dataset_event_from_classic to 2025-11-19 00:00:00+00:00, run_after=2025-11-20 00:00:00+00:00
[2025-11-21T04:33:39.301+0500] {processor.py:208} INFO - Processing /mnt/c/Users/Raj/OneDrive - Åbo Akademi O365/banking/airflow/.venv/lib/python3.12/site-packages/airflow/example_dags/example_inlet_event_extra.py took 0.603 seconds
[2025-11-21T04:36:23.655+0500] {processor.py:186} INFO - Started process (PID=18635) to work on /mnt/c/Users/Raj/OneDrive - Åbo Akademi O365/banking/airflow/.venv/lib/python3.12/site-packages/airflow/example_dags/example_inlet_event_extra.py
[2025-11-21T04:36:23.659+0500] {processor.py:914} INFO - Processing file /mnt/c/Users/Raj/OneDrive - Åbo Akademi O365/banking/airflow/.venv/lib/python3.12/site-packages/airflow/example_dags/example_inlet_event_extra.py for tasks to queue
[2025-11-21T04:36:23.666+0500] {logging_mixin.py:190} INFO - [2025-11-21T04:36:23.663+0500] {dagbag.py:588} INFO - Filling up the DagBag from /mnt/c/Users/Raj/OneDrive - Åbo Akademi O365/banking/airflow/.venv/lib/python3.12/site-packages/airflow/example_dags/example_inlet_event_extra.py
[2025-11-21T04:36:23.987+0500] {processor.py:925} INFO - DAG(s) 'read_dataset_event', 'read_dataset_event_from_classic' retrieved from /mnt/c/Users/Raj/OneDrive - Åbo Akademi O365/banking/airflow/.venv/lib/python3.12/site-packages/airflow/example_dags/example_inlet_event_extra.py
[2025-11-21T04:36:24.043+0500] {logging_mixin.py:190} INFO - [2025-11-21T04:36:24.041+0500] {dag.py:3239} INFO - Sync 2 DAGs
[2025-11-21T04:36:24.109+0500] {logging_mixin.py:190} INFO - [2025-11-21T04:36:24.107+0500] {dag.py:4180} INFO - Setting next_dagrun for read_dataset_event to 2025-11-19 00:00:00+00:00, run_after=2025-11-20 00:00:00+00:00
[2025-11-21T04:36:24.125+0500] {logging_mixin.py:190} INFO - [2025-11-21T04:36:24.123+0500] {dag.py:4180} INFO - Setting next_dagrun for read_dataset_event_from_classic to 2025-11-19 00:00:00+00:00, run_after=2025-11-20 00:00:00+00:00
[2025-11-21T04:36:24.216+0500] {processor.py:208} INFO - Processing /mnt/c/Users/Raj/OneDrive - Åbo Akademi O365/banking/airflow/.venv/lib/python3.12/site-packages/airflow/example_dags/example_inlet_event_extra.py took 0.582 seconds
[2025-11-21T04:38:59.912+0500] {processor.py:186} INFO - Started process (PID=18791) to work on /mnt/c/Users/Raj/OneDrive - Åbo Akademi O365/banking/airflow/.venv/lib/python3.12/site-packages/airflow/example_dags/example_inlet_event_extra.py
[2025-11-21T04:38:59.915+0500] {processor.py:914} INFO - Processing file /mnt/c/Users/Raj/OneDrive - Åbo Akademi O365/banking/airflow/.venv/lib/python3.12/site-packages/airflow/example_dags/example_inlet_event_extra.py for tasks to queue
[2025-11-21T04:38:59.920+0500] {logging_mixin.py:190} INFO - [2025-11-21T04:38:59.918+0500] {dagbag.py:588} INFO - Filling up the DagBag from /mnt/c/Users/Raj/OneDrive - Åbo Akademi O365/banking/airflow/.venv/lib/python3.12/site-packages/airflow/example_dags/example_inlet_event_extra.py
[2025-11-21T04:39:00.183+0500] {processor.py:925} INFO - DAG(s) 'read_dataset_event', 'read_dataset_event_from_classic' retrieved from /mnt/c/Users/Raj/OneDrive - Åbo Akademi O365/banking/airflow/.venv/lib/python3.12/site-packages/airflow/example_dags/example_inlet_event_extra.py
[2025-11-21T04:39:00.239+0500] {logging_mixin.py:190} INFO - [2025-11-21T04:39:00.238+0500] {dag.py:3239} INFO - Sync 2 DAGs
[2025-11-21T04:39:00.287+0500] {logging_mixin.py:190} INFO - [2025-11-21T04:39:00.286+0500] {dag.py:4180} INFO - Setting next_dagrun for read_dataset_event to 2025-11-19 00:00:00+00:00, run_after=2025-11-20 00:00:00+00:00
[2025-11-21T04:39:00.300+0500] {logging_mixin.py:190} INFO - [2025-11-21T04:39:00.298+0500] {dag.py:4180} INFO - Setting next_dagrun for read_dataset_event_from_classic to 2025-11-19 00:00:00+00:00, run_after=2025-11-20 00:00:00+00:00
[2025-11-21T04:39:00.385+0500] {processor.py:208} INFO - Processing /mnt/c/Users/Raj/OneDrive - Åbo Akademi O365/banking/airflow/.venv/lib/python3.12/site-packages/airflow/example_dags/example_inlet_event_extra.py took 0.494 seconds
