[2025-11-21T04:20:32.301+0500] {processor.py:186} INFO - Started process (PID=17812) to work on /mnt/c/Users/Raj/OneDrive - Åbo Akademi O365/banking/airflow/.venv/lib/python3.12/site-packages/airflow/example_dags/example_external_task_marker_dag.py
[2025-11-21T04:20:32.304+0500] {processor.py:914} INFO - Processing file /mnt/c/Users/Raj/OneDrive - Åbo Akademi O365/banking/airflow/.venv/lib/python3.12/site-packages/airflow/example_dags/example_external_task_marker_dag.py for tasks to queue
[2025-11-21T04:20:32.310+0500] {logging_mixin.py:190} INFO - [2025-11-21T04:20:32.308+0500] {dagbag.py:588} INFO - Filling up the DagBag from /mnt/c/Users/Raj/OneDrive - Åbo Akademi O365/banking/airflow/.venv/lib/python3.12/site-packages/airflow/example_dags/example_external_task_marker_dag.py
[2025-11-21T04:20:32.517+0500] {processor.py:925} INFO - DAG(s) 'example_external_task_marker_parent', 'example_external_task_marker_child' retrieved from /mnt/c/Users/Raj/OneDrive - Åbo Akademi O365/banking/airflow/.venv/lib/python3.12/site-packages/airflow/example_dags/example_external_task_marker_dag.py
[2025-11-21T04:20:35.315+0500] {logging_mixin.py:190} INFO - [2025-11-21T04:20:35.310+0500] {override.py:1900} INFO - Created Permission View: can edit on DAG:example_external_task_marker_parent
[2025-11-21T04:20:35.396+0500] {logging_mixin.py:190} INFO - [2025-11-21T04:20:35.392+0500] {override.py:1900} INFO - Created Permission View: can delete on DAG:example_external_task_marker_parent
[2025-11-21T04:20:35.453+0500] {logging_mixin.py:190} INFO - [2025-11-21T04:20:35.450+0500] {override.py:1900} INFO - Created Permission View: can read on DAG:example_external_task_marker_parent
[2025-11-21T04:20:35.541+0500] {logging_mixin.py:190} INFO - [2025-11-21T04:20:35.539+0500] {override.py:1900} INFO - Created Permission View: can create on DAG Run:example_external_task_marker_parent
[2025-11-21T04:20:35.625+0500] {logging_mixin.py:190} INFO - [2025-11-21T04:20:35.622+0500] {override.py:1900} INFO - Created Permission View: menu access on DAG Run:example_external_task_marker_parent
[2025-11-21T04:20:35.686+0500] {logging_mixin.py:190} INFO - [2025-11-21T04:20:35.684+0500] {override.py:1900} INFO - Created Permission View: can delete on DAG Run:example_external_task_marker_parent
[2025-11-21T04:20:35.734+0500] {logging_mixin.py:190} INFO - [2025-11-21T04:20:35.732+0500] {override.py:1900} INFO - Created Permission View: can read on DAG Run:example_external_task_marker_parent
[2025-11-21T04:20:35.842+0500] {logging_mixin.py:190} INFO - [2025-11-21T04:20:35.839+0500] {override.py:1900} INFO - Created Permission View: can edit on DAG:example_external_task_marker_child
[2025-11-21T04:20:35.891+0500] {logging_mixin.py:190} INFO - [2025-11-21T04:20:35.889+0500] {override.py:1900} INFO - Created Permission View: can delete on DAG:example_external_task_marker_child
[2025-11-21T04:20:35.943+0500] {logging_mixin.py:190} INFO - [2025-11-21T04:20:35.941+0500] {override.py:1900} INFO - Created Permission View: can read on DAG:example_external_task_marker_child
[2025-11-21T04:20:36.027+0500] {logging_mixin.py:190} INFO - [2025-11-21T04:20:36.024+0500] {override.py:1900} INFO - Created Permission View: can create on DAG Run:example_external_task_marker_child
[2025-11-21T04:20:36.076+0500] {logging_mixin.py:190} INFO - [2025-11-21T04:20:36.074+0500] {override.py:1900} INFO - Created Permission View: menu access on DAG Run:example_external_task_marker_child
[2025-11-21T04:20:36.125+0500] {logging_mixin.py:190} INFO - [2025-11-21T04:20:36.123+0500] {override.py:1900} INFO - Created Permission View: can delete on DAG Run:example_external_task_marker_child
[2025-11-21T04:20:36.172+0500] {logging_mixin.py:190} INFO - [2025-11-21T04:20:36.170+0500] {override.py:1900} INFO - Created Permission View: can read on DAG Run:example_external_task_marker_child
[2025-11-21T04:20:36.177+0500] {logging_mixin.py:190} INFO - [2025-11-21T04:20:36.175+0500] {dag.py:3239} INFO - Sync 2 DAGs
[2025-11-21T04:20:36.205+0500] {logging_mixin.py:190} INFO - [2025-11-21T04:20:36.204+0500] {dag.py:3262} INFO - Creating ORM DAG for example_external_task_marker_child
[2025-11-21T04:20:36.209+0500] {logging_mixin.py:190} INFO - [2025-11-21T04:20:36.208+0500] {dag.py:3262} INFO - Creating ORM DAG for example_external_task_marker_parent
[2025-11-21T04:20:36.212+0500] {logging_mixin.py:190} INFO - [2025-11-21T04:20:36.211+0500] {dag.py:4180} INFO - Setting next_dagrun for example_external_task_marker_child to None, run_after=None
[2025-11-21T04:20:36.216+0500] {logging_mixin.py:190} INFO - [2025-11-21T04:20:36.215+0500] {dag.py:4180} INFO - Setting next_dagrun for example_external_task_marker_parent to None, run_after=None
[2025-11-21T04:20:36.297+0500] {processor.py:208} INFO - Processing /mnt/c/Users/Raj/OneDrive - Åbo Akademi O365/banking/airflow/.venv/lib/python3.12/site-packages/airflow/example_dags/example_external_task_marker_dag.py took 4.028 seconds
[2025-11-21T04:23:16.644+0500] {processor.py:186} INFO - Started process (PID=17878) to work on /mnt/c/Users/Raj/OneDrive - Åbo Akademi O365/banking/airflow/.venv/lib/python3.12/site-packages/airflow/example_dags/example_external_task_marker_dag.py
[2025-11-21T04:23:16.648+0500] {processor.py:914} INFO - Processing file /mnt/c/Users/Raj/OneDrive - Åbo Akademi O365/banking/airflow/.venv/lib/python3.12/site-packages/airflow/example_dags/example_external_task_marker_dag.py for tasks to queue
[2025-11-21T04:23:16.657+0500] {logging_mixin.py:190} INFO - [2025-11-21T04:23:16.654+0500] {dagbag.py:588} INFO - Filling up the DagBag from /mnt/c/Users/Raj/OneDrive - Åbo Akademi O365/banking/airflow/.venv/lib/python3.12/site-packages/airflow/example_dags/example_external_task_marker_dag.py
[2025-11-21T04:23:16.840+0500] {processor.py:925} INFO - DAG(s) 'example_external_task_marker_parent', 'example_external_task_marker_child' retrieved from /mnt/c/Users/Raj/OneDrive - Åbo Akademi O365/banking/airflow/.venv/lib/python3.12/site-packages/airflow/example_dags/example_external_task_marker_dag.py
[2025-11-21T04:23:16.936+0500] {logging_mixin.py:190} INFO - [2025-11-21T04:23:16.932+0500] {dag.py:3239} INFO - Sync 2 DAGs
[2025-11-21T04:23:16.995+0500] {logging_mixin.py:190} INFO - [2025-11-21T04:23:16.992+0500] {dag.py:4180} INFO - Setting next_dagrun for example_external_task_marker_child to None, run_after=None
[2025-11-21T04:23:17.027+0500] {logging_mixin.py:190} INFO - [2025-11-21T04:23:17.025+0500] {dag.py:4180} INFO - Setting next_dagrun for example_external_task_marker_parent to None, run_after=None
[2025-11-21T04:23:17.138+0500] {processor.py:208} INFO - Processing /mnt/c/Users/Raj/OneDrive - Åbo Akademi O365/banking/airflow/.venv/lib/python3.12/site-packages/airflow/example_dags/example_external_task_marker_dag.py took 0.516 seconds
[2025-11-21T04:25:43.945+0500] {processor.py:186} INFO - Started process (PID=17961) to work on /mnt/c/Users/Raj/OneDrive - Åbo Akademi O365/banking/airflow/.venv/lib/python3.12/site-packages/airflow/example_dags/example_external_task_marker_dag.py
[2025-11-21T04:25:43.949+0500] {processor.py:914} INFO - Processing file /mnt/c/Users/Raj/OneDrive - Åbo Akademi O365/banking/airflow/.venv/lib/python3.12/site-packages/airflow/example_dags/example_external_task_marker_dag.py for tasks to queue
[2025-11-21T04:25:43.960+0500] {logging_mixin.py:190} INFO - [2025-11-21T04:25:43.956+0500] {dagbag.py:588} INFO - Filling up the DagBag from /mnt/c/Users/Raj/OneDrive - Åbo Akademi O365/banking/airflow/.venv/lib/python3.12/site-packages/airflow/example_dags/example_external_task_marker_dag.py
[2025-11-21T04:25:44.087+0500] {processor.py:925} INFO - DAG(s) 'example_external_task_marker_parent', 'example_external_task_marker_child' retrieved from /mnt/c/Users/Raj/OneDrive - Åbo Akademi O365/banking/airflow/.venv/lib/python3.12/site-packages/airflow/example_dags/example_external_task_marker_dag.py
[2025-11-21T04:25:44.141+0500] {logging_mixin.py:190} INFO - [2025-11-21T04:25:44.139+0500] {dag.py:3239} INFO - Sync 2 DAGs
[2025-11-21T04:25:44.169+0500] {logging_mixin.py:190} INFO - [2025-11-21T04:25:44.167+0500] {dag.py:4180} INFO - Setting next_dagrun for example_external_task_marker_child to None, run_after=None
[2025-11-21T04:25:44.179+0500] {logging_mixin.py:190} INFO - [2025-11-21T04:25:44.178+0500] {dag.py:4180} INFO - Setting next_dagrun for example_external_task_marker_parent to None, run_after=None
[2025-11-21T04:25:44.290+0500] {processor.py:208} INFO - Processing /mnt/c/Users/Raj/OneDrive - Åbo Akademi O365/banking/airflow/.venv/lib/python3.12/site-packages/airflow/example_dags/example_external_task_marker_dag.py took 0.371 seconds
[2025-11-21T04:28:06.611+0500] {processor.py:186} INFO - Started process (PID=18053) to work on /mnt/c/Users/Raj/OneDrive - Åbo Akademi O365/banking/airflow/.venv/lib/python3.12/site-packages/airflow/example_dags/example_external_task_marker_dag.py
[2025-11-21T04:28:06.619+0500] {processor.py:914} INFO - Processing file /mnt/c/Users/Raj/OneDrive - Åbo Akademi O365/banking/airflow/.venv/lib/python3.12/site-packages/airflow/example_dags/example_external_task_marker_dag.py for tasks to queue
[2025-11-21T04:28:06.642+0500] {logging_mixin.py:190} INFO - [2025-11-21T04:28:06.637+0500] {dagbag.py:588} INFO - Filling up the DagBag from /mnt/c/Users/Raj/OneDrive - Åbo Akademi O365/banking/airflow/.venv/lib/python3.12/site-packages/airflow/example_dags/example_external_task_marker_dag.py
[2025-11-21T04:28:06.810+0500] {processor.py:925} INFO - DAG(s) 'example_external_task_marker_parent', 'example_external_task_marker_child' retrieved from /mnt/c/Users/Raj/OneDrive - Åbo Akademi O365/banking/airflow/.venv/lib/python3.12/site-packages/airflow/example_dags/example_external_task_marker_dag.py
[2025-11-21T04:28:06.907+0500] {logging_mixin.py:190} INFO - [2025-11-21T04:28:06.905+0500] {dag.py:3239} INFO - Sync 2 DAGs
[2025-11-21T04:28:06.935+0500] {logging_mixin.py:190} INFO - [2025-11-21T04:28:06.933+0500] {dag.py:4180} INFO - Setting next_dagrun for example_external_task_marker_child to None, run_after=None
[2025-11-21T04:28:06.944+0500] {logging_mixin.py:190} INFO - [2025-11-21T04:28:06.942+0500] {dag.py:4180} INFO - Setting next_dagrun for example_external_task_marker_parent to None, run_after=None
[2025-11-21T04:28:07.031+0500] {processor.py:208} INFO - Processing /mnt/c/Users/Raj/OneDrive - Åbo Akademi O365/banking/airflow/.venv/lib/python3.12/site-packages/airflow/example_dags/example_external_task_marker_dag.py took 0.465 seconds
[2025-11-21T04:31:03.612+0500] {processor.py:186} INFO - Started process (PID=18144) to work on /mnt/c/Users/Raj/OneDrive - Åbo Akademi O365/banking/airflow/.venv/lib/python3.12/site-packages/airflow/example_dags/example_external_task_marker_dag.py
[2025-11-21T04:31:03.616+0500] {processor.py:914} INFO - Processing file /mnt/c/Users/Raj/OneDrive - Åbo Akademi O365/banking/airflow/.venv/lib/python3.12/site-packages/airflow/example_dags/example_external_task_marker_dag.py for tasks to queue
[2025-11-21T04:31:03.622+0500] {logging_mixin.py:190} INFO - [2025-11-21T04:31:03.620+0500] {dagbag.py:588} INFO - Filling up the DagBag from /mnt/c/Users/Raj/OneDrive - Åbo Akademi O365/banking/airflow/.venv/lib/python3.12/site-packages/airflow/example_dags/example_external_task_marker_dag.py
[2025-11-21T04:31:03.733+0500] {processor.py:925} INFO - DAG(s) 'example_external_task_marker_parent', 'example_external_task_marker_child' retrieved from /mnt/c/Users/Raj/OneDrive - Åbo Akademi O365/banking/airflow/.venv/lib/python3.12/site-packages/airflow/example_dags/example_external_task_marker_dag.py
[2025-11-21T04:31:04.023+0500] {logging_mixin.py:190} INFO - [2025-11-21T04:31:04.021+0500] {dag.py:3239} INFO - Sync 2 DAGs
[2025-11-21T04:31:04.047+0500] {logging_mixin.py:190} INFO - [2025-11-21T04:31:04.046+0500] {dag.py:4180} INFO - Setting next_dagrun for example_external_task_marker_child to None, run_after=None
[2025-11-21T04:31:04.058+0500] {logging_mixin.py:190} INFO - [2025-11-21T04:31:04.056+0500] {dag.py:4180} INFO - Setting next_dagrun for example_external_task_marker_parent to None, run_after=None
[2025-11-21T04:31:04.160+0500] {processor.py:208} INFO - Processing /mnt/c/Users/Raj/OneDrive - Åbo Akademi O365/banking/airflow/.venv/lib/python3.12/site-packages/airflow/example_dags/example_external_task_marker_dag.py took 0.570 seconds
[2025-11-21T04:33:41.082+0500] {processor.py:186} INFO - Started process (PID=18230) to work on /mnt/c/Users/Raj/OneDrive - Åbo Akademi O365/banking/airflow/.venv/lib/python3.12/site-packages/airflow/example_dags/example_external_task_marker_dag.py
[2025-11-21T04:33:41.085+0500] {processor.py:914} INFO - Processing file /mnt/c/Users/Raj/OneDrive - Åbo Akademi O365/banking/airflow/.venv/lib/python3.12/site-packages/airflow/example_dags/example_external_task_marker_dag.py for tasks to queue
[2025-11-21T04:33:41.090+0500] {logging_mixin.py:190} INFO - [2025-11-21T04:33:41.088+0500] {dagbag.py:588} INFO - Filling up the DagBag from /mnt/c/Users/Raj/OneDrive - Åbo Akademi O365/banking/airflow/.venv/lib/python3.12/site-packages/airflow/example_dags/example_external_task_marker_dag.py
[2025-11-21T04:33:41.273+0500] {processor.py:925} INFO - DAG(s) 'example_external_task_marker_parent', 'example_external_task_marker_child' retrieved from /mnt/c/Users/Raj/OneDrive - Åbo Akademi O365/banking/airflow/.venv/lib/python3.12/site-packages/airflow/example_dags/example_external_task_marker_dag.py
[2025-11-21T04:33:41.351+0500] {logging_mixin.py:190} INFO - [2025-11-21T04:33:41.349+0500] {dag.py:3239} INFO - Sync 2 DAGs
[2025-11-21T04:33:41.387+0500] {logging_mixin.py:190} INFO - [2025-11-21T04:33:41.384+0500] {dag.py:4180} INFO - Setting next_dagrun for example_external_task_marker_child to None, run_after=None
[2025-11-21T04:33:41.397+0500] {logging_mixin.py:190} INFO - [2025-11-21T04:33:41.395+0500] {dag.py:4180} INFO - Setting next_dagrun for example_external_task_marker_parent to None, run_after=None
[2025-11-21T04:33:41.501+0500] {processor.py:208} INFO - Processing /mnt/c/Users/Raj/OneDrive - Åbo Akademi O365/banking/airflow/.venv/lib/python3.12/site-packages/airflow/example_dags/example_external_task_marker_dag.py took 0.447 seconds
[2025-11-21T04:36:25.660+0500] {processor.py:186} INFO - Started process (PID=18642) to work on /mnt/c/Users/Raj/OneDrive - Åbo Akademi O365/banking/airflow/.venv/lib/python3.12/site-packages/airflow/example_dags/example_external_task_marker_dag.py
[2025-11-21T04:36:25.665+0500] {processor.py:914} INFO - Processing file /mnt/c/Users/Raj/OneDrive - Åbo Akademi O365/banking/airflow/.venv/lib/python3.12/site-packages/airflow/example_dags/example_external_task_marker_dag.py for tasks to queue
[2025-11-21T04:36:25.674+0500] {logging_mixin.py:190} INFO - [2025-11-21T04:36:25.670+0500] {dagbag.py:588} INFO - Filling up the DagBag from /mnt/c/Users/Raj/OneDrive - Åbo Akademi O365/banking/airflow/.venv/lib/python3.12/site-packages/airflow/example_dags/example_external_task_marker_dag.py
[2025-11-21T04:36:25.881+0500] {processor.py:925} INFO - DAG(s) 'example_external_task_marker_child', 'example_external_task_marker_parent' retrieved from /mnt/c/Users/Raj/OneDrive - Åbo Akademi O365/banking/airflow/.venv/lib/python3.12/site-packages/airflow/example_dags/example_external_task_marker_dag.py
[2025-11-21T04:36:25.933+0500] {logging_mixin.py:190} INFO - [2025-11-21T04:36:25.931+0500] {dag.py:3239} INFO - Sync 2 DAGs
[2025-11-21T04:36:25.957+0500] {logging_mixin.py:190} INFO - [2025-11-21T04:36:25.956+0500] {dag.py:4180} INFO - Setting next_dagrun for example_external_task_marker_child to None, run_after=None
[2025-11-21T04:36:25.966+0500] {logging_mixin.py:190} INFO - [2025-11-21T04:36:25.965+0500] {dag.py:4180} INFO - Setting next_dagrun for example_external_task_marker_parent to None, run_after=None
[2025-11-21T04:36:26.044+0500] {processor.py:208} INFO - Processing /mnt/c/Users/Raj/OneDrive - Åbo Akademi O365/banking/airflow/.venv/lib/python3.12/site-packages/airflow/example_dags/example_external_task_marker_dag.py took 0.423 seconds
[2025-11-21T04:39:01.620+0500] {processor.py:186} INFO - Started process (PID=18792) to work on /mnt/c/Users/Raj/OneDrive - Åbo Akademi O365/banking/airflow/.venv/lib/python3.12/site-packages/airflow/example_dags/example_external_task_marker_dag.py
[2025-11-21T04:39:01.622+0500] {processor.py:914} INFO - Processing file /mnt/c/Users/Raj/OneDrive - Åbo Akademi O365/banking/airflow/.venv/lib/python3.12/site-packages/airflow/example_dags/example_external_task_marker_dag.py for tasks to queue
[2025-11-21T04:39:01.627+0500] {logging_mixin.py:190} INFO - [2025-11-21T04:39:01.625+0500] {dagbag.py:588} INFO - Filling up the DagBag from /mnt/c/Users/Raj/OneDrive - Åbo Akademi O365/banking/airflow/.venv/lib/python3.12/site-packages/airflow/example_dags/example_external_task_marker_dag.py
[2025-11-21T04:39:01.741+0500] {processor.py:925} INFO - DAG(s) 'example_external_task_marker_child', 'example_external_task_marker_parent' retrieved from /mnt/c/Users/Raj/OneDrive - Åbo Akademi O365/banking/airflow/.venv/lib/python3.12/site-packages/airflow/example_dags/example_external_task_marker_dag.py
[2025-11-21T04:39:01.790+0500] {logging_mixin.py:190} INFO - [2025-11-21T04:39:01.788+0500] {dag.py:3239} INFO - Sync 2 DAGs
[2025-11-21T04:39:01.813+0500] {logging_mixin.py:190} INFO - [2025-11-21T04:39:01.812+0500] {dag.py:4180} INFO - Setting next_dagrun for example_external_task_marker_child to None, run_after=None
[2025-11-21T04:39:01.823+0500] {logging_mixin.py:190} INFO - [2025-11-21T04:39:01.821+0500] {dag.py:4180} INFO - Setting next_dagrun for example_external_task_marker_parent to None, run_after=None
[2025-11-21T04:39:01.903+0500] {processor.py:208} INFO - Processing /mnt/c/Users/Raj/OneDrive - Åbo Akademi O365/banking/airflow/.venv/lib/python3.12/site-packages/airflow/example_dags/example_external_task_marker_dag.py took 0.302 seconds
