[2025-11-21T04:19:00.078+0500] {processor.py:186} INFO - Started process (PID=17789) to work on /mnt/c/Users/Raj/OneDrive - Åbo Akademi O365/banking/airflow/.venv/lib/python3.12/site-packages/airflow/example_dags/example_subdag_operator.py
[2025-11-21T04:19:00.082+0500] {processor.py:914} INFO - Processing file /mnt/c/Users/Raj/OneDrive - Åbo Akademi O365/banking/airflow/.venv/lib/python3.12/site-packages/airflow/example_dags/example_subdag_operator.py for tasks to queue
[2025-11-21T04:19:00.094+0500] {logging_mixin.py:190} INFO - [2025-11-21T04:19:00.091+0500] {dagbag.py:588} INFO - Filling up the DagBag from /mnt/c/Users/Raj/OneDrive - Åbo Akademi O365/banking/airflow/.venv/lib/python3.12/site-packages/airflow/example_dags/example_subdag_operator.py
[2025-11-21T04:19:00.321+0500] {processor.py:925} INFO - DAG(s) 'example_subdag_operator.section-1', 'example_subdag_operator.section-2', 'example_subdag_operator' retrieved from /mnt/c/Users/Raj/OneDrive - Åbo Akademi O365/banking/airflow/.venv/lib/python3.12/site-packages/airflow/example_dags/example_subdag_operator.py
[2025-11-21T04:19:02.780+0500] {logging_mixin.py:190} INFO - [2025-11-21T04:19:02.777+0500] {override.py:1900} INFO - Created Permission View: can edit on DAG:example_subdag_operator
[2025-11-21T04:19:02.836+0500] {logging_mixin.py:190} INFO - [2025-11-21T04:19:02.834+0500] {override.py:1900} INFO - Created Permission View: can delete on DAG:example_subdag_operator
[2025-11-21T04:19:02.885+0500] {logging_mixin.py:190} INFO - [2025-11-21T04:19:02.883+0500] {override.py:1900} INFO - Created Permission View: can read on DAG:example_subdag_operator
[2025-11-21T04:19:02.970+0500] {logging_mixin.py:190} INFO - [2025-11-21T04:19:02.968+0500] {override.py:1900} INFO - Created Permission View: can create on DAG Run:example_subdag_operator
[2025-11-21T04:19:03.026+0500] {logging_mixin.py:190} INFO - [2025-11-21T04:19:03.024+0500] {override.py:1900} INFO - Created Permission View: menu access on DAG Run:example_subdag_operator
[2025-11-21T04:19:03.088+0500] {logging_mixin.py:190} INFO - [2025-11-21T04:19:03.085+0500] {override.py:1900} INFO - Created Permission View: can delete on DAG Run:example_subdag_operator
[2025-11-21T04:19:03.147+0500] {logging_mixin.py:190} INFO - [2025-11-21T04:19:03.144+0500] {override.py:1900} INFO - Created Permission View: can read on DAG Run:example_subdag_operator
[2025-11-21T04:19:03.151+0500] {logging_mixin.py:190} INFO - [2025-11-21T04:19:03.149+0500] {dag.py:3239} INFO - Sync 3 DAGs
[2025-11-21T04:19:03.189+0500] {logging_mixin.py:190} INFO - [2025-11-21T04:19:03.187+0500] {dag.py:3262} INFO - Creating ORM DAG for example_subdag_operator.section-2
[2025-11-21T04:19:03.193+0500] {logging_mixin.py:190} INFO - [2025-11-21T04:19:03.191+0500] {dag.py:3262} INFO - Creating ORM DAG for example_subdag_operator
[2025-11-21T04:19:03.196+0500] {logging_mixin.py:190} INFO - [2025-11-21T04:19:03.195+0500] {dag.py:3262} INFO - Creating ORM DAG for example_subdag_operator.section-1
[2025-11-21T04:19:03.217+0500] {logging_mixin.py:190} INFO - [2025-11-21T04:19:03.216+0500] {dag.py:4180} INFO - Setting next_dagrun for example_subdag_operator to 2022-01-01 00:00:00+00:00, run_after=2022-01-01 00:00:00+00:00
[2025-11-21T04:19:03.222+0500] {logging_mixin.py:190} INFO - [2025-11-21T04:19:03.220+0500] {dag.py:4180} INFO - Setting next_dagrun for example_subdag_operator.section-1 to None, run_after=None
[2025-11-21T04:19:03.226+0500] {logging_mixin.py:190} INFO - [2025-11-21T04:19:03.224+0500] {dag.py:4180} INFO - Setting next_dagrun for example_subdag_operator.section-2 to None, run_after=None
[2025-11-21T04:19:03.259+0500] {logging_mixin.py:190} INFO - [2025-11-21T04:19:03.257+0500] {dag.py:3239} INFO - Sync 2 DAGs
[2025-11-21T04:19:03.277+0500] {logging_mixin.py:190} INFO - [2025-11-21T04:19:03.274+0500] {dag.py:4180} INFO - Setting next_dagrun for example_subdag_operator.section-1 to None, run_after=None
[2025-11-21T04:19:03.288+0500] {logging_mixin.py:190} INFO - [2025-11-21T04:19:03.286+0500] {dag.py:4180} INFO - Setting next_dagrun for example_subdag_operator.section-2 to None, run_after=None
[2025-11-21T04:19:03.380+0500] {processor.py:208} INFO - Processing /mnt/c/Users/Raj/OneDrive - Åbo Akademi O365/banking/airflow/.venv/lib/python3.12/site-packages/airflow/example_dags/example_subdag_operator.py took 3.320 seconds
[2025-11-21T04:22:35.895+0500] {processor.py:186} INFO - Started process (PID=17857) to work on /mnt/c/Users/Raj/OneDrive - Åbo Akademi O365/banking/airflow/.venv/lib/python3.12/site-packages/airflow/example_dags/example_subdag_operator.py
[2025-11-21T04:22:35.902+0500] {processor.py:914} INFO - Processing file /mnt/c/Users/Raj/OneDrive - Åbo Akademi O365/banking/airflow/.venv/lib/python3.12/site-packages/airflow/example_dags/example_subdag_operator.py for tasks to queue
[2025-11-21T04:22:35.917+0500] {logging_mixin.py:190} INFO - [2025-11-21T04:22:35.912+0500] {dagbag.py:588} INFO - Filling up the DagBag from /mnt/c/Users/Raj/OneDrive - Åbo Akademi O365/banking/airflow/.venv/lib/python3.12/site-packages/airflow/example_dags/example_subdag_operator.py
[2025-11-21T04:22:36.372+0500] {processor.py:925} INFO - DAG(s) 'example_subdag_operator.section-1', 'example_subdag_operator.section-2', 'example_subdag_operator' retrieved from /mnt/c/Users/Raj/OneDrive - Åbo Akademi O365/banking/airflow/.venv/lib/python3.12/site-packages/airflow/example_dags/example_subdag_operator.py
[2025-11-21T04:22:36.409+0500] {logging_mixin.py:190} INFO - [2025-11-21T04:22:36.407+0500] {dag.py:3239} INFO - Sync 3 DAGs
[2025-11-21T04:22:36.446+0500] {logging_mixin.py:190} INFO - [2025-11-21T04:22:36.444+0500] {dag.py:4180} INFO - Setting next_dagrun for example_subdag_operator to 2022-01-01 00:00:00+00:00, run_after=2022-01-01 00:00:00+00:00
[2025-11-21T04:22:36.455+0500] {logging_mixin.py:190} INFO - [2025-11-21T04:22:36.454+0500] {dag.py:4180} INFO - Setting next_dagrun for example_subdag_operator.section-1 to None, run_after=None
[2025-11-21T04:22:36.460+0500] {logging_mixin.py:190} INFO - [2025-11-21T04:22:36.459+0500] {dag.py:4180} INFO - Setting next_dagrun for example_subdag_operator.section-2 to None, run_after=None
[2025-11-21T04:22:36.492+0500] {logging_mixin.py:190} INFO - [2025-11-21T04:22:36.490+0500] {dag.py:3239} INFO - Sync 2 DAGs
[2025-11-21T04:22:36.499+0500] {logging_mixin.py:190} INFO - [2025-11-21T04:22:36.497+0500] {dag.py:4180} INFO - Setting next_dagrun for example_subdag_operator.section-1 to None, run_after=None
[2025-11-21T04:22:36.502+0500] {logging_mixin.py:190} INFO - [2025-11-21T04:22:36.501+0500] {dag.py:4180} INFO - Setting next_dagrun for example_subdag_operator.section-2 to None, run_after=None
[2025-11-21T04:22:36.566+0500] {processor.py:208} INFO - Processing /mnt/c/Users/Raj/OneDrive - Åbo Akademi O365/banking/airflow/.venv/lib/python3.12/site-packages/airflow/example_dags/example_subdag_operator.py took 0.719 seconds
[2025-11-21T04:24:11.700+0500] {processor.py:186} INFO - Started process (PID=17909) to work on /mnt/c/Users/Raj/OneDrive - Åbo Akademi O365/banking/airflow/.venv/lib/python3.12/site-packages/airflow/example_dags/example_subdag_operator.py
[2025-11-21T04:24:11.703+0500] {processor.py:914} INFO - Processing file /mnt/c/Users/Raj/OneDrive - Åbo Akademi O365/banking/airflow/.venv/lib/python3.12/site-packages/airflow/example_dags/example_subdag_operator.py for tasks to queue
[2025-11-21T04:24:11.711+0500] {logging_mixin.py:190} INFO - [2025-11-21T04:24:11.709+0500] {dagbag.py:588} INFO - Filling up the DagBag from /mnt/c/Users/Raj/OneDrive - Åbo Akademi O365/banking/airflow/.venv/lib/python3.12/site-packages/airflow/example_dags/example_subdag_operator.py
[2025-11-21T04:24:11.943+0500] {processor.py:925} INFO - DAG(s) 'example_subdag_operator.section-1', 'example_subdag_operator.section-2', 'example_subdag_operator' retrieved from /mnt/c/Users/Raj/OneDrive - Åbo Akademi O365/banking/airflow/.venv/lib/python3.12/site-packages/airflow/example_dags/example_subdag_operator.py
[2025-11-21T04:24:11.997+0500] {logging_mixin.py:190} INFO - [2025-11-21T04:24:11.996+0500] {dag.py:3239} INFO - Sync 3 DAGs
[2025-11-21T04:24:12.038+0500] {logging_mixin.py:190} INFO - [2025-11-21T04:24:12.036+0500] {dag.py:4180} INFO - Setting next_dagrun for example_subdag_operator to 2022-01-01 00:00:00+00:00, run_after=2022-01-01 00:00:00+00:00
[2025-11-21T04:24:12.050+0500] {logging_mixin.py:190} INFO - [2025-11-21T04:24:12.049+0500] {dag.py:4180} INFO - Setting next_dagrun for example_subdag_operator.section-1 to None, run_after=None
[2025-11-21T04:24:12.057+0500] {logging_mixin.py:190} INFO - [2025-11-21T04:24:12.055+0500] {dag.py:4180} INFO - Setting next_dagrun for example_subdag_operator.section-2 to None, run_after=None
[2025-11-21T04:24:12.090+0500] {logging_mixin.py:190} INFO - [2025-11-21T04:24:12.089+0500] {dag.py:3239} INFO - Sync 2 DAGs
[2025-11-21T04:24:12.097+0500] {logging_mixin.py:190} INFO - [2025-11-21T04:24:12.096+0500] {dag.py:4180} INFO - Setting next_dagrun for example_subdag_operator.section-1 to None, run_after=None
[2025-11-21T04:24:12.100+0500] {logging_mixin.py:190} INFO - [2025-11-21T04:24:12.099+0500] {dag.py:4180} INFO - Setting next_dagrun for example_subdag_operator.section-2 to None, run_after=None
[2025-11-21T04:24:12.171+0500] {processor.py:208} INFO - Processing /mnt/c/Users/Raj/OneDrive - Åbo Akademi O365/banking/airflow/.venv/lib/python3.12/site-packages/airflow/example_dags/example_subdag_operator.py took 0.492 seconds
[2025-11-21T04:25:24.744+0500] {processor.py:186} INFO - Started process (PID=17950) to work on /mnt/c/Users/Raj/OneDrive - Åbo Akademi O365/banking/airflow/.venv/lib/python3.12/site-packages/airflow/example_dags/example_subdag_operator.py
[2025-11-21T04:25:24.748+0500] {processor.py:914} INFO - Processing file /mnt/c/Users/Raj/OneDrive - Åbo Akademi O365/banking/airflow/.venv/lib/python3.12/site-packages/airflow/example_dags/example_subdag_operator.py for tasks to queue
[2025-11-21T04:25:24.754+0500] {logging_mixin.py:190} INFO - [2025-11-21T04:25:24.752+0500] {dagbag.py:588} INFO - Filling up the DagBag from /mnt/c/Users/Raj/OneDrive - Åbo Akademi O365/banking/airflow/.venv/lib/python3.12/site-packages/airflow/example_dags/example_subdag_operator.py
[2025-11-21T04:25:24.993+0500] {processor.py:925} INFO - DAG(s) 'example_subdag_operator.section-1', 'example_subdag_operator.section-2', 'example_subdag_operator' retrieved from /mnt/c/Users/Raj/OneDrive - Åbo Akademi O365/banking/airflow/.venv/lib/python3.12/site-packages/airflow/example_dags/example_subdag_operator.py
[2025-11-21T04:25:25.039+0500] {logging_mixin.py:190} INFO - [2025-11-21T04:25:25.037+0500] {dag.py:3239} INFO - Sync 3 DAGs
[2025-11-21T04:25:25.083+0500] {logging_mixin.py:190} INFO - [2025-11-21T04:25:25.081+0500] {dag.py:4180} INFO - Setting next_dagrun for example_subdag_operator to 2022-01-01 00:00:00+00:00, run_after=2022-01-01 00:00:00+00:00
[2025-11-21T04:25:25.092+0500] {logging_mixin.py:190} INFO - [2025-11-21T04:25:25.091+0500] {dag.py:4180} INFO - Setting next_dagrun for example_subdag_operator.section-1 to None, run_after=None
[2025-11-21T04:25:25.099+0500] {logging_mixin.py:190} INFO - [2025-11-21T04:25:25.097+0500] {dag.py:4180} INFO - Setting next_dagrun for example_subdag_operator.section-2 to None, run_after=None
[2025-11-21T04:25:25.125+0500] {logging_mixin.py:190} INFO - [2025-11-21T04:25:25.124+0500] {dag.py:3239} INFO - Sync 2 DAGs
[2025-11-21T04:25:25.133+0500] {logging_mixin.py:190} INFO - [2025-11-21T04:25:25.131+0500] {dag.py:4180} INFO - Setting next_dagrun for example_subdag_operator.section-1 to None, run_after=None
[2025-11-21T04:25:25.136+0500] {logging_mixin.py:190} INFO - [2025-11-21T04:25:25.135+0500] {dag.py:4180} INFO - Setting next_dagrun for example_subdag_operator.section-2 to None, run_after=None
[2025-11-21T04:25:25.210+0500] {processor.py:208} INFO - Processing /mnt/c/Users/Raj/OneDrive - Åbo Akademi O365/banking/airflow/.venv/lib/python3.12/site-packages/airflow/example_dags/example_subdag_operator.py took 0.486 seconds
[2025-11-21T04:26:35.872+0500] {processor.py:186} INFO - Started process (PID=18000) to work on /mnt/c/Users/Raj/OneDrive - Åbo Akademi O365/banking/airflow/.venv/lib/python3.12/site-packages/airflow/example_dags/example_subdag_operator.py
[2025-11-21T04:26:35.879+0500] {processor.py:914} INFO - Processing file /mnt/c/Users/Raj/OneDrive - Åbo Akademi O365/banking/airflow/.venv/lib/python3.12/site-packages/airflow/example_dags/example_subdag_operator.py for tasks to queue
[2025-11-21T04:26:35.894+0500] {logging_mixin.py:190} INFO - [2025-11-21T04:26:35.891+0500] {dagbag.py:588} INFO - Filling up the DagBag from /mnt/c/Users/Raj/OneDrive - Åbo Akademi O365/banking/airflow/.venv/lib/python3.12/site-packages/airflow/example_dags/example_subdag_operator.py
[2025-11-21T04:26:36.525+0500] {processor.py:925} INFO - DAG(s) 'example_subdag_operator.section-1', 'example_subdag_operator.section-2', 'example_subdag_operator' retrieved from /mnt/c/Users/Raj/OneDrive - Åbo Akademi O365/banking/airflow/.venv/lib/python3.12/site-packages/airflow/example_dags/example_subdag_operator.py
[2025-11-21T04:26:36.579+0500] {logging_mixin.py:190} INFO - [2025-11-21T04:26:36.578+0500] {dag.py:3239} INFO - Sync 3 DAGs
[2025-11-21T04:26:36.626+0500] {logging_mixin.py:190} INFO - [2025-11-21T04:26:36.624+0500] {dag.py:4180} INFO - Setting next_dagrun for example_subdag_operator to 2022-01-01 00:00:00+00:00, run_after=2022-01-01 00:00:00+00:00
[2025-11-21T04:26:36.641+0500] {logging_mixin.py:190} INFO - [2025-11-21T04:26:36.639+0500] {dag.py:4180} INFO - Setting next_dagrun for example_subdag_operator.section-1 to None, run_after=None
[2025-11-21T04:26:36.650+0500] {logging_mixin.py:190} INFO - [2025-11-21T04:26:36.646+0500] {dag.py:4180} INFO - Setting next_dagrun for example_subdag_operator.section-2 to None, run_after=None
[2025-11-21T04:26:36.707+0500] {logging_mixin.py:190} INFO - [2025-11-21T04:26:36.705+0500] {dag.py:3239} INFO - Sync 2 DAGs
[2025-11-21T04:26:36.720+0500] {logging_mixin.py:190} INFO - [2025-11-21T04:26:36.717+0500] {dag.py:4180} INFO - Setting next_dagrun for example_subdag_operator.section-1 to None, run_after=None
[2025-11-21T04:26:36.731+0500] {logging_mixin.py:190} INFO - [2025-11-21T04:26:36.724+0500] {dag.py:4180} INFO - Setting next_dagrun for example_subdag_operator.section-2 to None, run_after=None
[2025-11-21T04:26:36.878+0500] {processor.py:208} INFO - Processing /mnt/c/Users/Raj/OneDrive - Åbo Akademi O365/banking/airflow/.venv/lib/python3.12/site-packages/airflow/example_dags/example_subdag_operator.py took 1.050 seconds
[2025-11-21T04:27:44.380+0500] {processor.py:186} INFO - Started process (PID=18042) to work on /mnt/c/Users/Raj/OneDrive - Åbo Akademi O365/banking/airflow/.venv/lib/python3.12/site-packages/airflow/example_dags/example_subdag_operator.py
[2025-11-21T04:27:44.383+0500] {processor.py:914} INFO - Processing file /mnt/c/Users/Raj/OneDrive - Åbo Akademi O365/banking/airflow/.venv/lib/python3.12/site-packages/airflow/example_dags/example_subdag_operator.py for tasks to queue
[2025-11-21T04:27:44.391+0500] {logging_mixin.py:190} INFO - [2025-11-21T04:27:44.389+0500] {dagbag.py:588} INFO - Filling up the DagBag from /mnt/c/Users/Raj/OneDrive - Åbo Akademi O365/banking/airflow/.venv/lib/python3.12/site-packages/airflow/example_dags/example_subdag_operator.py
[2025-11-21T04:27:44.616+0500] {processor.py:925} INFO - DAG(s) 'example_subdag_operator.section-1', 'example_subdag_operator.section-2', 'example_subdag_operator' retrieved from /mnt/c/Users/Raj/OneDrive - Åbo Akademi O365/banking/airflow/.venv/lib/python3.12/site-packages/airflow/example_dags/example_subdag_operator.py
[2025-11-21T04:27:44.685+0500] {logging_mixin.py:190} INFO - [2025-11-21T04:27:44.683+0500] {dag.py:3239} INFO - Sync 3 DAGs
[2025-11-21T04:27:44.742+0500] {logging_mixin.py:190} INFO - [2025-11-21T04:27:44.740+0500] {dag.py:4180} INFO - Setting next_dagrun for example_subdag_operator to 2022-01-01 00:00:00+00:00, run_after=2022-01-01 00:00:00+00:00
[2025-11-21T04:27:44.751+0500] {logging_mixin.py:190} INFO - [2025-11-21T04:27:44.749+0500] {dag.py:4180} INFO - Setting next_dagrun for example_subdag_operator.section-1 to None, run_after=None
[2025-11-21T04:27:44.755+0500] {logging_mixin.py:190} INFO - [2025-11-21T04:27:44.754+0500] {dag.py:4180} INFO - Setting next_dagrun for example_subdag_operator.section-2 to None, run_after=None
[2025-11-21T04:27:44.783+0500] {logging_mixin.py:190} INFO - [2025-11-21T04:27:44.781+0500] {dag.py:3239} INFO - Sync 2 DAGs
[2025-11-21T04:27:44.790+0500] {logging_mixin.py:190} INFO - [2025-11-21T04:27:44.789+0500] {dag.py:4180} INFO - Setting next_dagrun for example_subdag_operator.section-1 to None, run_after=None
[2025-11-21T04:27:44.793+0500] {logging_mixin.py:190} INFO - [2025-11-21T04:27:44.792+0500] {dag.py:4180} INFO - Setting next_dagrun for example_subdag_operator.section-2 to None, run_after=None
[2025-11-21T04:27:44.857+0500] {processor.py:208} INFO - Processing /mnt/c/Users/Raj/OneDrive - Åbo Akademi O365/banking/airflow/.venv/lib/python3.12/site-packages/airflow/example_dags/example_subdag_operator.py took 0.501 seconds
[2025-11-21T04:29:05.570+0500] {processor.py:186} INFO - Started process (PID=18086) to work on /mnt/c/Users/Raj/OneDrive - Åbo Akademi O365/banking/airflow/.venv/lib/python3.12/site-packages/airflow/example_dags/example_subdag_operator.py
[2025-11-21T04:29:05.573+0500] {processor.py:914} INFO - Processing file /mnt/c/Users/Raj/OneDrive - Åbo Akademi O365/banking/airflow/.venv/lib/python3.12/site-packages/airflow/example_dags/example_subdag_operator.py for tasks to queue
[2025-11-21T04:29:05.581+0500] {logging_mixin.py:190} INFO - [2025-11-21T04:29:05.579+0500] {dagbag.py:588} INFO - Filling up the DagBag from /mnt/c/Users/Raj/OneDrive - Åbo Akademi O365/banking/airflow/.venv/lib/python3.12/site-packages/airflow/example_dags/example_subdag_operator.py
[2025-11-21T04:29:05.827+0500] {processor.py:925} INFO - DAG(s) 'example_subdag_operator.section-1', 'example_subdag_operator.section-2', 'example_subdag_operator' retrieved from /mnt/c/Users/Raj/OneDrive - Åbo Akademi O365/banking/airflow/.venv/lib/python3.12/site-packages/airflow/example_dags/example_subdag_operator.py
[2025-11-21T04:29:05.870+0500] {logging_mixin.py:190} INFO - [2025-11-21T04:29:05.869+0500] {dag.py:3239} INFO - Sync 3 DAGs
[2025-11-21T04:29:05.911+0500] {logging_mixin.py:190} INFO - [2025-11-21T04:29:05.909+0500] {dag.py:4180} INFO - Setting next_dagrun for example_subdag_operator to 2022-01-01 00:00:00+00:00, run_after=2022-01-01 00:00:00+00:00
[2025-11-21T04:29:05.920+0500] {logging_mixin.py:190} INFO - [2025-11-21T04:29:05.919+0500] {dag.py:4180} INFO - Setting next_dagrun for example_subdag_operator.section-1 to None, run_after=None
[2025-11-21T04:29:05.926+0500] {logging_mixin.py:190} INFO - [2025-11-21T04:29:05.925+0500] {dag.py:4180} INFO - Setting next_dagrun for example_subdag_operator.section-2 to None, run_after=None
[2025-11-21T04:29:05.959+0500] {logging_mixin.py:190} INFO - [2025-11-21T04:29:05.958+0500] {dag.py:3239} INFO - Sync 2 DAGs
[2025-11-21T04:29:05.969+0500] {logging_mixin.py:190} INFO - [2025-11-21T04:29:05.967+0500] {dag.py:4180} INFO - Setting next_dagrun for example_subdag_operator.section-1 to None, run_after=None
[2025-11-21T04:29:05.972+0500] {logging_mixin.py:190} INFO - [2025-11-21T04:29:05.970+0500] {dag.py:4180} INFO - Setting next_dagrun for example_subdag_operator.section-2 to None, run_after=None
[2025-11-21T04:29:06.044+0500] {processor.py:208} INFO - Processing /mnt/c/Users/Raj/OneDrive - Åbo Akademi O365/banking/airflow/.venv/lib/python3.12/site-packages/airflow/example_dags/example_subdag_operator.py took 0.498 seconds
[2025-11-21T04:30:41.455+0500] {processor.py:186} INFO - Started process (PID=18133) to work on /mnt/c/Users/Raj/OneDrive - Åbo Akademi O365/banking/airflow/.venv/lib/python3.12/site-packages/airflow/example_dags/example_subdag_operator.py
[2025-11-21T04:30:41.461+0500] {processor.py:914} INFO - Processing file /mnt/c/Users/Raj/OneDrive - Åbo Akademi O365/banking/airflow/.venv/lib/python3.12/site-packages/airflow/example_dags/example_subdag_operator.py for tasks to queue
[2025-11-21T04:30:41.476+0500] {logging_mixin.py:190} INFO - [2025-11-21T04:30:41.471+0500] {dagbag.py:588} INFO - Filling up the DagBag from /mnt/c/Users/Raj/OneDrive - Åbo Akademi O365/banking/airflow/.venv/lib/python3.12/site-packages/airflow/example_dags/example_subdag_operator.py
[2025-11-21T04:30:41.822+0500] {processor.py:925} INFO - DAG(s) 'example_subdag_operator.section-1', 'example_subdag_operator.section-2', 'example_subdag_operator' retrieved from /mnt/c/Users/Raj/OneDrive - Åbo Akademi O365/banking/airflow/.venv/lib/python3.12/site-packages/airflow/example_dags/example_subdag_operator.py
[2025-11-21T04:30:41.892+0500] {logging_mixin.py:190} INFO - [2025-11-21T04:30:41.890+0500] {dag.py:3239} INFO - Sync 3 DAGs
[2025-11-21T04:30:42.218+0500] {logging_mixin.py:190} INFO - [2025-11-21T04:30:42.214+0500] {dag.py:4180} INFO - Setting next_dagrun for example_subdag_operator to 2022-01-01 00:00:00+00:00, run_after=2022-01-01 00:00:00+00:00
[2025-11-21T04:30:42.232+0500] {logging_mixin.py:190} INFO - [2025-11-21T04:30:42.231+0500] {dag.py:4180} INFO - Setting next_dagrun for example_subdag_operator.section-1 to None, run_after=None
[2025-11-21T04:30:42.241+0500] {logging_mixin.py:190} INFO - [2025-11-21T04:30:42.239+0500] {dag.py:4180} INFO - Setting next_dagrun for example_subdag_operator.section-2 to None, run_after=None
[2025-11-21T04:30:42.278+0500] {logging_mixin.py:190} INFO - [2025-11-21T04:30:42.277+0500] {dag.py:3239} INFO - Sync 2 DAGs
[2025-11-21T04:30:42.288+0500] {logging_mixin.py:190} INFO - [2025-11-21T04:30:42.286+0500] {dag.py:4180} INFO - Setting next_dagrun for example_subdag_operator.section-1 to None, run_after=None
[2025-11-21T04:30:42.292+0500] {logging_mixin.py:190} INFO - [2025-11-21T04:30:42.290+0500] {dag.py:4180} INFO - Setting next_dagrun for example_subdag_operator.section-2 to None, run_after=None
[2025-11-21T04:30:42.365+0500] {processor.py:208} INFO - Processing /mnt/c/Users/Raj/OneDrive - Åbo Akademi O365/banking/airflow/.venv/lib/python3.12/site-packages/airflow/example_dags/example_subdag_operator.py took 0.947 seconds
[2025-11-21T04:32:00.201+0500] {processor.py:186} INFO - Started process (PID=18174) to work on /mnt/c/Users/Raj/OneDrive - Åbo Akademi O365/banking/airflow/.venv/lib/python3.12/site-packages/airflow/example_dags/example_subdag_operator.py
[2025-11-21T04:32:00.205+0500] {processor.py:914} INFO - Processing file /mnt/c/Users/Raj/OneDrive - Åbo Akademi O365/banking/airflow/.venv/lib/python3.12/site-packages/airflow/example_dags/example_subdag_operator.py for tasks to queue
[2025-11-21T04:32:00.215+0500] {logging_mixin.py:190} INFO - [2025-11-21T04:32:00.213+0500] {dagbag.py:588} INFO - Filling up the DagBag from /mnt/c/Users/Raj/OneDrive - Åbo Akademi O365/banking/airflow/.venv/lib/python3.12/site-packages/airflow/example_dags/example_subdag_operator.py
[2025-11-21T04:32:00.462+0500] {processor.py:925} INFO - DAG(s) 'example_subdag_operator.section-1', 'example_subdag_operator.section-2', 'example_subdag_operator' retrieved from /mnt/c/Users/Raj/OneDrive - Åbo Akademi O365/banking/airflow/.venv/lib/python3.12/site-packages/airflow/example_dags/example_subdag_operator.py
[2025-11-21T04:32:00.518+0500] {logging_mixin.py:190} INFO - [2025-11-21T04:32:00.517+0500] {dag.py:3239} INFO - Sync 3 DAGs
[2025-11-21T04:32:00.574+0500] {logging_mixin.py:190} INFO - [2025-11-21T04:32:00.572+0500] {dag.py:4180} INFO - Setting next_dagrun for example_subdag_operator to 2022-01-01 00:00:00+00:00, run_after=2022-01-01 00:00:00+00:00
[2025-11-21T04:32:00.587+0500] {logging_mixin.py:190} INFO - [2025-11-21T04:32:00.585+0500] {dag.py:4180} INFO - Setting next_dagrun for example_subdag_operator.section-1 to None, run_after=None
[2025-11-21T04:32:00.598+0500] {logging_mixin.py:190} INFO - [2025-11-21T04:32:00.596+0500] {dag.py:4180} INFO - Setting next_dagrun for example_subdag_operator.section-2 to None, run_after=None
[2025-11-21T04:32:00.630+0500] {logging_mixin.py:190} INFO - [2025-11-21T04:32:00.628+0500] {dag.py:3239} INFO - Sync 2 DAGs
[2025-11-21T04:32:00.638+0500] {logging_mixin.py:190} INFO - [2025-11-21T04:32:00.637+0500] {dag.py:4180} INFO - Setting next_dagrun for example_subdag_operator.section-1 to None, run_after=None
[2025-11-21T04:32:00.641+0500] {logging_mixin.py:190} INFO - [2025-11-21T04:32:00.640+0500] {dag.py:4180} INFO - Setting next_dagrun for example_subdag_operator.section-2 to None, run_after=None
[2025-11-21T04:32:00.707+0500] {processor.py:208} INFO - Processing /mnt/c/Users/Raj/OneDrive - Åbo Akademi O365/banking/airflow/.venv/lib/python3.12/site-packages/airflow/example_dags/example_subdag_operator.py took 0.536 seconds
[2025-11-21T04:33:23.478+0500] {processor.py:186} INFO - Started process (PID=18220) to work on /mnt/c/Users/Raj/OneDrive - Åbo Akademi O365/banking/airflow/.venv/lib/python3.12/site-packages/airflow/example_dags/example_subdag_operator.py
[2025-11-21T04:33:23.485+0500] {processor.py:914} INFO - Processing file /mnt/c/Users/Raj/OneDrive - Åbo Akademi O365/banking/airflow/.venv/lib/python3.12/site-packages/airflow/example_dags/example_subdag_operator.py for tasks to queue
[2025-11-21T04:33:23.496+0500] {logging_mixin.py:190} INFO - [2025-11-21T04:33:23.491+0500] {dagbag.py:588} INFO - Filling up the DagBag from /mnt/c/Users/Raj/OneDrive - Åbo Akademi O365/banking/airflow/.venv/lib/python3.12/site-packages/airflow/example_dags/example_subdag_operator.py
[2025-11-21T04:33:23.998+0500] {processor.py:925} INFO - DAG(s) 'example_subdag_operator.section-1', 'example_subdag_operator.section-2', 'example_subdag_operator' retrieved from /mnt/c/Users/Raj/OneDrive - Åbo Akademi O365/banking/airflow/.venv/lib/python3.12/site-packages/airflow/example_dags/example_subdag_operator.py
[2025-11-21T04:33:24.051+0500] {logging_mixin.py:190} INFO - [2025-11-21T04:33:24.048+0500] {dag.py:3239} INFO - Sync 3 DAGs
[2025-11-21T04:33:24.093+0500] {logging_mixin.py:190} INFO - [2025-11-21T04:33:24.091+0500] {dag.py:4180} INFO - Setting next_dagrun for example_subdag_operator to 2022-01-01 00:00:00+00:00, run_after=2022-01-01 00:00:00+00:00
[2025-11-21T04:33:24.104+0500] {logging_mixin.py:190} INFO - [2025-11-21T04:33:24.102+0500] {dag.py:4180} INFO - Setting next_dagrun for example_subdag_operator.section-1 to None, run_after=None
[2025-11-21T04:33:24.111+0500] {logging_mixin.py:190} INFO - [2025-11-21T04:33:24.109+0500] {dag.py:4180} INFO - Setting next_dagrun for example_subdag_operator.section-2 to None, run_after=None
[2025-11-21T04:33:24.160+0500] {logging_mixin.py:190} INFO - [2025-11-21T04:33:24.156+0500] {dag.py:3239} INFO - Sync 2 DAGs
[2025-11-21T04:33:24.183+0500] {logging_mixin.py:190} INFO - [2025-11-21T04:33:24.179+0500] {dag.py:4180} INFO - Setting next_dagrun for example_subdag_operator.section-1 to None, run_after=None
[2025-11-21T04:33:24.193+0500] {logging_mixin.py:190} INFO - [2025-11-21T04:33:24.190+0500] {dag.py:4180} INFO - Setting next_dagrun for example_subdag_operator.section-2 to None, run_after=None
[2025-11-21T04:33:24.304+0500] {processor.py:208} INFO - Processing /mnt/c/Users/Raj/OneDrive - Åbo Akademi O365/banking/airflow/.venv/lib/python3.12/site-packages/airflow/example_dags/example_subdag_operator.py took 0.883 seconds
[2025-11-21T04:34:38.558+0500] {processor.py:186} INFO - Started process (PID=18262) to work on /mnt/c/Users/Raj/OneDrive - Åbo Akademi O365/banking/airflow/.venv/lib/python3.12/site-packages/airflow/example_dags/example_subdag_operator.py
[2025-11-21T04:34:38.563+0500] {processor.py:914} INFO - Processing file /mnt/c/Users/Raj/OneDrive - Åbo Akademi O365/banking/airflow/.venv/lib/python3.12/site-packages/airflow/example_dags/example_subdag_operator.py for tasks to queue
[2025-11-21T04:34:38.571+0500] {logging_mixin.py:190} INFO - [2025-11-21T04:34:38.568+0500] {dagbag.py:588} INFO - Filling up the DagBag from /mnt/c/Users/Raj/OneDrive - Åbo Akademi O365/banking/airflow/.venv/lib/python3.12/site-packages/airflow/example_dags/example_subdag_operator.py
[2025-11-21T04:34:38.865+0500] {processor.py:925} INFO - DAG(s) 'example_subdag_operator.section-1', 'example_subdag_operator.section-2', 'example_subdag_operator' retrieved from /mnt/c/Users/Raj/OneDrive - Åbo Akademi O365/banking/airflow/.venv/lib/python3.12/site-packages/airflow/example_dags/example_subdag_operator.py
[2025-11-21T04:34:38.976+0500] {logging_mixin.py:190} INFO - [2025-11-21T04:34:38.972+0500] {dag.py:3239} INFO - Sync 3 DAGs
[2025-11-21T04:34:39.037+0500] {logging_mixin.py:190} INFO - [2025-11-21T04:34:39.035+0500] {dag.py:4180} INFO - Setting next_dagrun for example_subdag_operator to 2022-01-01 00:00:00+00:00, run_after=2022-01-01 00:00:00+00:00
[2025-11-21T04:34:39.048+0500] {logging_mixin.py:190} INFO - [2025-11-21T04:34:39.046+0500] {dag.py:4180} INFO - Setting next_dagrun for example_subdag_operator.section-1 to None, run_after=None
[2025-11-21T04:34:39.055+0500] {logging_mixin.py:190} INFO - [2025-11-21T04:34:39.053+0500] {dag.py:4180} INFO - Setting next_dagrun for example_subdag_operator.section-2 to None, run_after=None
[2025-11-21T04:34:39.089+0500] {logging_mixin.py:190} INFO - [2025-11-21T04:34:39.087+0500] {dag.py:3239} INFO - Sync 2 DAGs
[2025-11-21T04:34:39.097+0500] {logging_mixin.py:190} INFO - [2025-11-21T04:34:39.095+0500] {dag.py:4180} INFO - Setting next_dagrun for example_subdag_operator.section-1 to None, run_after=None
[2025-11-21T04:34:39.099+0500] {logging_mixin.py:190} INFO - [2025-11-21T04:34:39.098+0500] {dag.py:4180} INFO - Setting next_dagrun for example_subdag_operator.section-2 to None, run_after=None
[2025-11-21T04:34:39.162+0500] {processor.py:208} INFO - Processing /mnt/c/Users/Raj/OneDrive - Åbo Akademi O365/banking/airflow/.venv/lib/python3.12/site-packages/airflow/example_dags/example_subdag_operator.py took 0.630 seconds
[2025-11-21T04:36:04.798+0500] {processor.py:186} INFO - Started process (PID=18600) to work on /mnt/c/Users/Raj/OneDrive - Åbo Akademi O365/banking/airflow/.venv/lib/python3.12/site-packages/airflow/example_dags/example_subdag_operator.py
[2025-11-21T04:36:04.803+0500] {processor.py:914} INFO - Processing file /mnt/c/Users/Raj/OneDrive - Åbo Akademi O365/banking/airflow/.venv/lib/python3.12/site-packages/airflow/example_dags/example_subdag_operator.py for tasks to queue
[2025-11-21T04:36:04.810+0500] {logging_mixin.py:190} INFO - [2025-11-21T04:36:04.808+0500] {dagbag.py:588} INFO - Filling up the DagBag from /mnt/c/Users/Raj/OneDrive - Åbo Akademi O365/banking/airflow/.venv/lib/python3.12/site-packages/airflow/example_dags/example_subdag_operator.py
[2025-11-21T04:36:05.195+0500] {processor.py:925} INFO - DAG(s) 'example_subdag_operator.section-1', 'example_subdag_operator.section-2', 'example_subdag_operator' retrieved from /mnt/c/Users/Raj/OneDrive - Åbo Akademi O365/banking/airflow/.venv/lib/python3.12/site-packages/airflow/example_dags/example_subdag_operator.py
[2025-11-21T04:36:05.241+0500] {logging_mixin.py:190} INFO - [2025-11-21T04:36:05.239+0500] {dag.py:3239} INFO - Sync 3 DAGs
[2025-11-21T04:36:05.283+0500] {logging_mixin.py:190} INFO - [2025-11-21T04:36:05.281+0500] {dag.py:4180} INFO - Setting next_dagrun for example_subdag_operator to 2022-01-01 00:00:00+00:00, run_after=2022-01-01 00:00:00+00:00
[2025-11-21T04:36:05.292+0500] {logging_mixin.py:190} INFO - [2025-11-21T04:36:05.291+0500] {dag.py:4180} INFO - Setting next_dagrun for example_subdag_operator.section-1 to None, run_after=None
[2025-11-21T04:36:05.298+0500] {logging_mixin.py:190} INFO - [2025-11-21T04:36:05.297+0500] {dag.py:4180} INFO - Setting next_dagrun for example_subdag_operator.section-2 to None, run_after=None
[2025-11-21T04:36:05.325+0500] {logging_mixin.py:190} INFO - [2025-11-21T04:36:05.323+0500] {dag.py:3239} INFO - Sync 2 DAGs
[2025-11-21T04:36:05.334+0500] {logging_mixin.py:190} INFO - [2025-11-21T04:36:05.332+0500] {dag.py:4180} INFO - Setting next_dagrun for example_subdag_operator.section-1 to None, run_after=None
[2025-11-21T04:36:05.338+0500] {logging_mixin.py:190} INFO - [2025-11-21T04:36:05.336+0500] {dag.py:4180} INFO - Setting next_dagrun for example_subdag_operator.section-2 to None, run_after=None
[2025-11-21T04:36:05.410+0500] {processor.py:208} INFO - Processing /mnt/c/Users/Raj/OneDrive - Åbo Akademi O365/banking/airflow/.venv/lib/python3.12/site-packages/airflow/example_dags/example_subdag_operator.py took 0.635 seconds
[2025-11-21T04:37:23.865+0500] {processor.py:186} INFO - Started process (PID=18734) to work on /mnt/c/Users/Raj/OneDrive - Åbo Akademi O365/banking/airflow/.venv/lib/python3.12/site-packages/airflow/example_dags/example_subdag_operator.py
[2025-11-21T04:37:23.871+0500] {processor.py:914} INFO - Processing file /mnt/c/Users/Raj/OneDrive - Åbo Akademi O365/banking/airflow/.venv/lib/python3.12/site-packages/airflow/example_dags/example_subdag_operator.py for tasks to queue
[2025-11-21T04:37:23.888+0500] {logging_mixin.py:190} INFO - [2025-11-21T04:37:23.882+0500] {dagbag.py:588} INFO - Filling up the DagBag from /mnt/c/Users/Raj/OneDrive - Åbo Akademi O365/banking/airflow/.venv/lib/python3.12/site-packages/airflow/example_dags/example_subdag_operator.py
[2025-11-21T04:37:24.232+0500] {processor.py:925} INFO - DAG(s) 'example_subdag_operator.section-1', 'example_subdag_operator.section-2', 'example_subdag_operator' retrieved from /mnt/c/Users/Raj/OneDrive - Åbo Akademi O365/banking/airflow/.venv/lib/python3.12/site-packages/airflow/example_dags/example_subdag_operator.py
[2025-11-21T04:37:24.321+0500] {logging_mixin.py:190} INFO - [2025-11-21T04:37:24.319+0500] {dag.py:3239} INFO - Sync 3 DAGs
[2025-11-21T04:37:24.395+0500] {logging_mixin.py:190} INFO - [2025-11-21T04:37:24.391+0500] {dag.py:4180} INFO - Setting next_dagrun for example_subdag_operator to 2022-01-01 00:00:00+00:00, run_after=2022-01-01 00:00:00+00:00
[2025-11-21T04:37:24.408+0500] {logging_mixin.py:190} INFO - [2025-11-21T04:37:24.406+0500] {dag.py:4180} INFO - Setting next_dagrun for example_subdag_operator.section-1 to None, run_after=None
[2025-11-21T04:37:24.415+0500] {logging_mixin.py:190} INFO - [2025-11-21T04:37:24.414+0500] {dag.py:4180} INFO - Setting next_dagrun for example_subdag_operator.section-2 to None, run_after=None
[2025-11-21T04:37:24.442+0500] {logging_mixin.py:190} INFO - [2025-11-21T04:37:24.440+0500] {dag.py:3239} INFO - Sync 2 DAGs
[2025-11-21T04:37:24.451+0500] {logging_mixin.py:190} INFO - [2025-11-21T04:37:24.450+0500] {dag.py:4180} INFO - Setting next_dagrun for example_subdag_operator.section-1 to None, run_after=None
[2025-11-21T04:37:24.454+0500] {logging_mixin.py:190} INFO - [2025-11-21T04:37:24.452+0500] {dag.py:4180} INFO - Setting next_dagrun for example_subdag_operator.section-2 to None, run_after=None
[2025-11-21T04:37:24.598+0500] {processor.py:208} INFO - Processing /mnt/c/Users/Raj/OneDrive - Åbo Akademi O365/banking/airflow/.venv/lib/python3.12/site-packages/airflow/example_dags/example_subdag_operator.py took 0.777 seconds
[2025-11-21T04:38:39.711+0500] {processor.py:186} INFO - Started process (PID=18780) to work on /mnt/c/Users/Raj/OneDrive - Åbo Akademi O365/banking/airflow/.venv/lib/python3.12/site-packages/airflow/example_dags/example_subdag_operator.py
[2025-11-21T04:38:39.714+0500] {processor.py:914} INFO - Processing file /mnt/c/Users/Raj/OneDrive - Åbo Akademi O365/banking/airflow/.venv/lib/python3.12/site-packages/airflow/example_dags/example_subdag_operator.py for tasks to queue
[2025-11-21T04:38:39.720+0500] {logging_mixin.py:190} INFO - [2025-11-21T04:38:39.718+0500] {dagbag.py:588} INFO - Filling up the DagBag from /mnt/c/Users/Raj/OneDrive - Åbo Akademi O365/banking/airflow/.venv/lib/python3.12/site-packages/airflow/example_dags/example_subdag_operator.py
[2025-11-21T04:38:40.053+0500] {processor.py:925} INFO - DAG(s) 'example_subdag_operator.section-1', 'example_subdag_operator.section-2', 'example_subdag_operator' retrieved from /mnt/c/Users/Raj/OneDrive - Åbo Akademi O365/banking/airflow/.venv/lib/python3.12/site-packages/airflow/example_dags/example_subdag_operator.py
[2025-11-21T04:38:40.151+0500] {logging_mixin.py:190} INFO - [2025-11-21T04:38:40.147+0500] {dag.py:3239} INFO - Sync 3 DAGs
[2025-11-21T04:38:40.231+0500] {logging_mixin.py:190} INFO - [2025-11-21T04:38:40.229+0500] {dag.py:4180} INFO - Setting next_dagrun for example_subdag_operator to 2022-01-01 00:00:00+00:00, run_after=2022-01-01 00:00:00+00:00
[2025-11-21T04:38:40.241+0500] {logging_mixin.py:190} INFO - [2025-11-21T04:38:40.239+0500] {dag.py:4180} INFO - Setting next_dagrun for example_subdag_operator.section-1 to None, run_after=None
[2025-11-21T04:38:40.248+0500] {logging_mixin.py:190} INFO - [2025-11-21T04:38:40.246+0500] {dag.py:4180} INFO - Setting next_dagrun for example_subdag_operator.section-2 to None, run_after=None
[2025-11-21T04:38:40.276+0500] {logging_mixin.py:190} INFO - [2025-11-21T04:38:40.275+0500] {dag.py:3239} INFO - Sync 2 DAGs
[2025-11-21T04:38:40.285+0500] {logging_mixin.py:190} INFO - [2025-11-21T04:38:40.283+0500] {dag.py:4180} INFO - Setting next_dagrun for example_subdag_operator.section-1 to None, run_after=None
[2025-11-21T04:38:40.288+0500] {logging_mixin.py:190} INFO - [2025-11-21T04:38:40.286+0500] {dag.py:4180} INFO - Setting next_dagrun for example_subdag_operator.section-2 to None, run_after=None
[2025-11-21T04:38:40.401+0500] {processor.py:208} INFO - Processing /mnt/c/Users/Raj/OneDrive - Åbo Akademi O365/banking/airflow/.venv/lib/python3.12/site-packages/airflow/example_dags/example_subdag_operator.py took 0.713 seconds
