[2025-11-21T04:19:53.525+0500] {processor.py:186} INFO - Started process (PID=17801) to work on /mnt/c/Users/Raj/OneDrive - Åbo Akademi O365/banking/airflow/.venv/lib/python3.12/site-packages/airflow/example_dags/example_params_ui_tutorial.py
[2025-11-21T04:19:53.529+0500] {processor.py:914} INFO - Processing file /mnt/c/Users/Raj/OneDrive - Åbo Akademi O365/banking/airflow/.venv/lib/python3.12/site-packages/airflow/example_dags/example_params_ui_tutorial.py for tasks to queue
[2025-11-21T04:19:53.534+0500] {logging_mixin.py:190} INFO - [2025-11-21T04:19:53.532+0500] {dagbag.py:588} INFO - Filling up the DagBag from /mnt/c/Users/Raj/OneDrive - Åbo Akademi O365/banking/airflow/.venv/lib/python3.12/site-packages/airflow/example_dags/example_params_ui_tutorial.py
[2025-11-21T04:19:53.655+0500] {processor.py:925} INFO - DAG(s) 'example_params_ui_tutorial' retrieved from /mnt/c/Users/Raj/OneDrive - Åbo Akademi O365/banking/airflow/.venv/lib/python3.12/site-packages/airflow/example_dags/example_params_ui_tutorial.py
[2025-11-21T04:19:55.688+0500] {logging_mixin.py:190} INFO - [2025-11-21T04:19:55.684+0500] {override.py:1900} INFO - Created Permission View: can edit on DAG:example_params_ui_tutorial
[2025-11-21T04:19:55.767+0500] {logging_mixin.py:190} INFO - [2025-11-21T04:19:55.764+0500] {override.py:1900} INFO - Created Permission View: can delete on DAG:example_params_ui_tutorial
[2025-11-21T04:19:55.837+0500] {logging_mixin.py:190} INFO - [2025-11-21T04:19:55.828+0500] {override.py:1900} INFO - Created Permission View: can read on DAG:example_params_ui_tutorial
[2025-11-21T04:19:55.957+0500] {logging_mixin.py:190} INFO - [2025-11-21T04:19:55.956+0500] {override.py:1900} INFO - Created Permission View: can create on DAG Run:example_params_ui_tutorial
[2025-11-21T04:19:56.081+0500] {logging_mixin.py:190} INFO - [2025-11-21T04:19:56.079+0500] {override.py:1900} INFO - Created Permission View: menu access on DAG Run:example_params_ui_tutorial
[2025-11-21T04:19:56.139+0500] {logging_mixin.py:190} INFO - [2025-11-21T04:19:56.137+0500] {override.py:1900} INFO - Created Permission View: can delete on DAG Run:example_params_ui_tutorial
[2025-11-21T04:19:56.182+0500] {logging_mixin.py:190} INFO - [2025-11-21T04:19:56.180+0500] {override.py:1900} INFO - Created Permission View: can read on DAG Run:example_params_ui_tutorial
[2025-11-21T04:19:56.186+0500] {logging_mixin.py:190} INFO - [2025-11-21T04:19:56.185+0500] {dag.py:3239} INFO - Sync 1 DAGs
[2025-11-21T04:19:56.211+0500] {logging_mixin.py:190} INFO - [2025-11-21T04:19:56.209+0500] {dag.py:3262} INFO - Creating ORM DAG for example_params_ui_tutorial
[2025-11-21T04:19:56.214+0500] {logging_mixin.py:190} INFO - [2025-11-21T04:19:56.212+0500] {dag.py:4180} INFO - Setting next_dagrun for example_params_ui_tutorial to None, run_after=None
[2025-11-21T04:19:56.349+0500] {processor.py:208} INFO - Processing /mnt/c/Users/Raj/OneDrive - Åbo Akademi O365/banking/airflow/.venv/lib/python3.12/site-packages/airflow/example_dags/example_params_ui_tutorial.py took 2.844 seconds
[2025-11-21T04:23:00.809+0500] {processor.py:186} INFO - Started process (PID=17869) to work on /mnt/c/Users/Raj/OneDrive - Åbo Akademi O365/banking/airflow/.venv/lib/python3.12/site-packages/airflow/example_dags/example_params_ui_tutorial.py
[2025-11-21T04:23:00.812+0500] {processor.py:914} INFO - Processing file /mnt/c/Users/Raj/OneDrive - Åbo Akademi O365/banking/airflow/.venv/lib/python3.12/site-packages/airflow/example_dags/example_params_ui_tutorial.py for tasks to queue
[2025-11-21T04:23:00.822+0500] {logging_mixin.py:190} INFO - [2025-11-21T04:23:00.817+0500] {dagbag.py:588} INFO - Filling up the DagBag from /mnt/c/Users/Raj/OneDrive - Åbo Akademi O365/banking/airflow/.venv/lib/python3.12/site-packages/airflow/example_dags/example_params_ui_tutorial.py
[2025-11-21T04:23:00.954+0500] {processor.py:925} INFO - DAG(s) 'example_params_ui_tutorial' retrieved from /mnt/c/Users/Raj/OneDrive - Åbo Akademi O365/banking/airflow/.venv/lib/python3.12/site-packages/airflow/example_dags/example_params_ui_tutorial.py
[2025-11-21T04:23:01.033+0500] {logging_mixin.py:190} INFO - [2025-11-21T04:23:01.031+0500] {dag.py:3239} INFO - Sync 1 DAGs
[2025-11-21T04:23:01.066+0500] {logging_mixin.py:190} INFO - [2025-11-21T04:23:01.065+0500] {dag.py:4180} INFO - Setting next_dagrun for example_params_ui_tutorial to None, run_after=None
[2025-11-21T04:23:01.153+0500] {processor.py:208} INFO - Processing /mnt/c/Users/Raj/OneDrive - Åbo Akademi O365/banking/airflow/.venv/lib/python3.12/site-packages/airflow/example_dags/example_params_ui_tutorial.py took 0.364 seconds
[2025-11-21T04:24:33.207+0500] {processor.py:186} INFO - Started process (PID=17921) to work on /mnt/c/Users/Raj/OneDrive - Åbo Akademi O365/banking/airflow/.venv/lib/python3.12/site-packages/airflow/example_dags/example_params_ui_tutorial.py
[2025-11-21T04:24:33.212+0500] {processor.py:914} INFO - Processing file /mnt/c/Users/Raj/OneDrive - Åbo Akademi O365/banking/airflow/.venv/lib/python3.12/site-packages/airflow/example_dags/example_params_ui_tutorial.py for tasks to queue
[2025-11-21T04:24:33.222+0500] {logging_mixin.py:190} INFO - [2025-11-21T04:24:33.218+0500] {dagbag.py:588} INFO - Filling up the DagBag from /mnt/c/Users/Raj/OneDrive - Åbo Akademi O365/banking/airflow/.venv/lib/python3.12/site-packages/airflow/example_dags/example_params_ui_tutorial.py
[2025-11-21T04:24:33.420+0500] {processor.py:925} INFO - DAG(s) 'example_params_ui_tutorial' retrieved from /mnt/c/Users/Raj/OneDrive - Åbo Akademi O365/banking/airflow/.venv/lib/python3.12/site-packages/airflow/example_dags/example_params_ui_tutorial.py
[2025-11-21T04:24:33.565+0500] {logging_mixin.py:190} INFO - [2025-11-21T04:24:33.562+0500] {dag.py:3239} INFO - Sync 1 DAGs
[2025-11-21T04:24:33.604+0500] {logging_mixin.py:190} INFO - [2025-11-21T04:24:33.602+0500] {dag.py:4180} INFO - Setting next_dagrun for example_params_ui_tutorial to None, run_after=None
[2025-11-21T04:24:33.729+0500] {processor.py:208} INFO - Processing /mnt/c/Users/Raj/OneDrive - Åbo Akademi O365/banking/airflow/.venv/lib/python3.12/site-packages/airflow/example_dags/example_params_ui_tutorial.py took 0.558 seconds
[2025-11-21T04:26:55.672+0500] {processor.py:186} INFO - Started process (PID=18011) to work on /mnt/c/Users/Raj/OneDrive - Åbo Akademi O365/banking/airflow/.venv/lib/python3.12/site-packages/airflow/example_dags/example_params_ui_tutorial.py
[2025-11-21T04:26:55.675+0500] {processor.py:914} INFO - Processing file /mnt/c/Users/Raj/OneDrive - Åbo Akademi O365/banking/airflow/.venv/lib/python3.12/site-packages/airflow/example_dags/example_params_ui_tutorial.py for tasks to queue
[2025-11-21T04:26:55.680+0500] {logging_mixin.py:190} INFO - [2025-11-21T04:26:55.678+0500] {dagbag.py:588} INFO - Filling up the DagBag from /mnt/c/Users/Raj/OneDrive - Åbo Akademi O365/banking/airflow/.venv/lib/python3.12/site-packages/airflow/example_dags/example_params_ui_tutorial.py
[2025-11-21T04:26:55.791+0500] {processor.py:925} INFO - DAG(s) 'example_params_ui_tutorial' retrieved from /mnt/c/Users/Raj/OneDrive - Åbo Akademi O365/banking/airflow/.venv/lib/python3.12/site-packages/airflow/example_dags/example_params_ui_tutorial.py
[2025-11-21T04:26:55.880+0500] {logging_mixin.py:190} INFO - [2025-11-21T04:26:55.878+0500] {dag.py:3239} INFO - Sync 1 DAGs
[2025-11-21T04:26:55.911+0500] {logging_mixin.py:190} INFO - [2025-11-21T04:26:55.909+0500] {dag.py:4180} INFO - Setting next_dagrun for example_params_ui_tutorial to None, run_after=None
[2025-11-21T04:26:56.045+0500] {processor.py:208} INFO - Processing /mnt/c/Users/Raj/OneDrive - Åbo Akademi O365/banking/airflow/.venv/lib/python3.12/site-packages/airflow/example_dags/example_params_ui_tutorial.py took 0.393 seconds
[2025-11-21T04:29:24.958+0500] {processor.py:186} INFO - Started process (PID=18100) to work on /mnt/c/Users/Raj/OneDrive - Åbo Akademi O365/banking/airflow/.venv/lib/python3.12/site-packages/airflow/example_dags/example_params_ui_tutorial.py
[2025-11-21T04:29:24.964+0500] {processor.py:914} INFO - Processing file /mnt/c/Users/Raj/OneDrive - Åbo Akademi O365/banking/airflow/.venv/lib/python3.12/site-packages/airflow/example_dags/example_params_ui_tutorial.py for tasks to queue
[2025-11-21T04:29:24.971+0500] {logging_mixin.py:190} INFO - [2025-11-21T04:29:24.969+0500] {dagbag.py:588} INFO - Filling up the DagBag from /mnt/c/Users/Raj/OneDrive - Åbo Akademi O365/banking/airflow/.venv/lib/python3.12/site-packages/airflow/example_dags/example_params_ui_tutorial.py
[2025-11-21T04:29:25.086+0500] {processor.py:925} INFO - DAG(s) 'example_params_ui_tutorial' retrieved from /mnt/c/Users/Raj/OneDrive - Åbo Akademi O365/banking/airflow/.venv/lib/python3.12/site-packages/airflow/example_dags/example_params_ui_tutorial.py
[2025-11-21T04:29:25.169+0500] {logging_mixin.py:190} INFO - [2025-11-21T04:29:25.167+0500] {dag.py:3239} INFO - Sync 1 DAGs
[2025-11-21T04:29:25.189+0500] {logging_mixin.py:190} INFO - [2025-11-21T04:29:25.187+0500] {dag.py:4180} INFO - Setting next_dagrun for example_params_ui_tutorial to None, run_after=None
[2025-11-21T04:29:25.292+0500] {processor.py:208} INFO - Processing /mnt/c/Users/Raj/OneDrive - Åbo Akademi O365/banking/airflow/.venv/lib/python3.12/site-packages/airflow/example_dags/example_params_ui_tutorial.py took 0.357 seconds
[2025-11-21T04:32:20.645+0500] {processor.py:186} INFO - Started process (PID=18187) to work on /mnt/c/Users/Raj/OneDrive - Åbo Akademi O365/banking/airflow/.venv/lib/python3.12/site-packages/airflow/example_dags/example_params_ui_tutorial.py
[2025-11-21T04:32:20.648+0500] {processor.py:914} INFO - Processing file /mnt/c/Users/Raj/OneDrive - Åbo Akademi O365/banking/airflow/.venv/lib/python3.12/site-packages/airflow/example_dags/example_params_ui_tutorial.py for tasks to queue
[2025-11-21T04:32:20.657+0500] {logging_mixin.py:190} INFO - [2025-11-21T04:32:20.655+0500] {dagbag.py:588} INFO - Filling up the DagBag from /mnt/c/Users/Raj/OneDrive - Åbo Akademi O365/banking/airflow/.venv/lib/python3.12/site-packages/airflow/example_dags/example_params_ui_tutorial.py
[2025-11-21T04:32:20.780+0500] {processor.py:925} INFO - DAG(s) 'example_params_ui_tutorial' retrieved from /mnt/c/Users/Raj/OneDrive - Åbo Akademi O365/banking/airflow/.venv/lib/python3.12/site-packages/airflow/example_dags/example_params_ui_tutorial.py
[2025-11-21T04:32:20.892+0500] {logging_mixin.py:190} INFO - [2025-11-21T04:32:20.890+0500] {dag.py:3239} INFO - Sync 1 DAGs
[2025-11-21T04:32:20.928+0500] {logging_mixin.py:190} INFO - [2025-11-21T04:32:20.926+0500] {dag.py:4180} INFO - Setting next_dagrun for example_params_ui_tutorial to None, run_after=None
[2025-11-21T04:32:21.057+0500] {processor.py:208} INFO - Processing /mnt/c/Users/Raj/OneDrive - Åbo Akademi O365/banking/airflow/.venv/lib/python3.12/site-packages/airflow/example_dags/example_params_ui_tutorial.py took 0.446 seconds
[2025-11-21T04:34:58.657+0500] {processor.py:186} INFO - Started process (PID=18273) to work on /mnt/c/Users/Raj/OneDrive - Åbo Akademi O365/banking/airflow/.venv/lib/python3.12/site-packages/airflow/example_dags/example_params_ui_tutorial.py
[2025-11-21T04:34:58.661+0500] {processor.py:914} INFO - Processing file /mnt/c/Users/Raj/OneDrive - Åbo Akademi O365/banking/airflow/.venv/lib/python3.12/site-packages/airflow/example_dags/example_params_ui_tutorial.py for tasks to queue
[2025-11-21T04:34:58.669+0500] {logging_mixin.py:190} INFO - [2025-11-21T04:34:58.666+0500] {dagbag.py:588} INFO - Filling up the DagBag from /mnt/c/Users/Raj/OneDrive - Åbo Akademi O365/banking/airflow/.venv/lib/python3.12/site-packages/airflow/example_dags/example_params_ui_tutorial.py
[2025-11-21T04:34:58.869+0500] {processor.py:925} INFO - DAG(s) 'example_params_ui_tutorial' retrieved from /mnt/c/Users/Raj/OneDrive - Åbo Akademi O365/banking/airflow/.venv/lib/python3.12/site-packages/airflow/example_dags/example_params_ui_tutorial.py
[2025-11-21T04:34:59.024+0500] {logging_mixin.py:190} INFO - [2025-11-21T04:34:59.022+0500] {dag.py:3239} INFO - Sync 1 DAGs
[2025-11-21T04:34:59.064+0500] {logging_mixin.py:190} INFO - [2025-11-21T04:34:59.062+0500] {dag.py:4180} INFO - Setting next_dagrun for example_params_ui_tutorial to None, run_after=None
[2025-11-21T04:34:59.209+0500] {processor.py:208} INFO - Processing /mnt/c/Users/Raj/OneDrive - Åbo Akademi O365/banking/airflow/.venv/lib/python3.12/site-packages/airflow/example_dags/example_params_ui_tutorial.py took 0.601 seconds
[2025-11-21T04:37:42.197+0500] {processor.py:186} INFO - Started process (PID=18745) to work on /mnt/c/Users/Raj/OneDrive - Åbo Akademi O365/banking/airflow/.venv/lib/python3.12/site-packages/airflow/example_dags/example_params_ui_tutorial.py
[2025-11-21T04:37:42.200+0500] {processor.py:914} INFO - Processing file /mnt/c/Users/Raj/OneDrive - Åbo Akademi O365/banking/airflow/.venv/lib/python3.12/site-packages/airflow/example_dags/example_params_ui_tutorial.py for tasks to queue
[2025-11-21T04:37:42.206+0500] {logging_mixin.py:190} INFO - [2025-11-21T04:37:42.204+0500] {dagbag.py:588} INFO - Filling up the DagBag from /mnt/c/Users/Raj/OneDrive - Åbo Akademi O365/banking/airflow/.venv/lib/python3.12/site-packages/airflow/example_dags/example_params_ui_tutorial.py
[2025-11-21T04:37:42.376+0500] {processor.py:925} INFO - DAG(s) 'example_params_ui_tutorial' retrieved from /mnt/c/Users/Raj/OneDrive - Åbo Akademi O365/banking/airflow/.venv/lib/python3.12/site-packages/airflow/example_dags/example_params_ui_tutorial.py
[2025-11-21T04:37:42.463+0500] {logging_mixin.py:190} INFO - [2025-11-21T04:37:42.460+0500] {dag.py:3239} INFO - Sync 1 DAGs
[2025-11-21T04:37:42.501+0500] {logging_mixin.py:190} INFO - [2025-11-21T04:37:42.499+0500] {dag.py:4180} INFO - Setting next_dagrun for example_params_ui_tutorial to None, run_after=None
[2025-11-21T04:37:42.597+0500] {processor.py:208} INFO - Processing /mnt/c/Users/Raj/OneDrive - Åbo Akademi O365/banking/airflow/.venv/lib/python3.12/site-packages/airflow/example_dags/example_params_ui_tutorial.py took 0.426 seconds
