[2025-11-21T04:19:45.017+0500] {processor.py:186} INFO - Started process (PID=17799) to work on /mnt/c/Users/Raj/OneDrive - Åbo Akademi O365/banking/airflow/.venv/lib/python3.12/site-packages/airflow/example_dags/example_python_decorator.py
[2025-11-21T04:19:45.020+0500] {processor.py:914} INFO - Processing file /mnt/c/Users/Raj/OneDrive - Åbo Akademi O365/banking/airflow/.venv/lib/python3.12/site-packages/airflow/example_dags/example_python_decorator.py for tasks to queue
[2025-11-21T04:19:45.027+0500] {logging_mixin.py:190} INFO - [2025-11-21T04:19:45.025+0500] {dagbag.py:588} INFO - Filling up the DagBag from /mnt/c/Users/Raj/OneDrive - Åbo Akademi O365/banking/airflow/.venv/lib/python3.12/site-packages/airflow/example_dags/example_python_decorator.py
[2025-11-21T04:19:45.181+0500] {processor.py:925} INFO - DAG(s) 'example_python_decorator' retrieved from /mnt/c/Users/Raj/OneDrive - Åbo Akademi O365/banking/airflow/.venv/lib/python3.12/site-packages/airflow/example_dags/example_python_decorator.py
[2025-11-21T04:19:47.365+0500] {logging_mixin.py:190} INFO - [2025-11-21T04:19:47.363+0500] {override.py:1900} INFO - Created Permission View: can edit on DAG:example_python_decorator
[2025-11-21T04:19:47.435+0500] {logging_mixin.py:190} INFO - [2025-11-21T04:19:47.430+0500] {override.py:1900} INFO - Created Permission View: can delete on DAG:example_python_decorator
[2025-11-21T04:19:47.552+0500] {logging_mixin.py:190} INFO - [2025-11-21T04:19:47.546+0500] {override.py:1900} INFO - Created Permission View: can read on DAG:example_python_decorator
[2025-11-21T04:19:47.678+0500] {logging_mixin.py:190} INFO - [2025-11-21T04:19:47.677+0500] {override.py:1900} INFO - Created Permission View: can create on DAG Run:example_python_decorator
[2025-11-21T04:19:47.736+0500] {logging_mixin.py:190} INFO - [2025-11-21T04:19:47.734+0500] {override.py:1900} INFO - Created Permission View: menu access on DAG Run:example_python_decorator
[2025-11-21T04:19:47.781+0500] {logging_mixin.py:190} INFO - [2025-11-21T04:19:47.779+0500] {override.py:1900} INFO - Created Permission View: can delete on DAG Run:example_python_decorator
[2025-11-21T04:19:47.832+0500] {logging_mixin.py:190} INFO - [2025-11-21T04:19:47.830+0500] {override.py:1900} INFO - Created Permission View: can read on DAG Run:example_python_decorator
[2025-11-21T04:19:47.836+0500] {logging_mixin.py:190} INFO - [2025-11-21T04:19:47.834+0500] {dag.py:3239} INFO - Sync 1 DAGs
[2025-11-21T04:19:47.876+0500] {logging_mixin.py:190} INFO - [2025-11-21T04:19:47.874+0500] {dag.py:3262} INFO - Creating ORM DAG for example_python_decorator
[2025-11-21T04:19:47.880+0500] {logging_mixin.py:190} INFO - [2025-11-21T04:19:47.879+0500] {dag.py:4180} INFO - Setting next_dagrun for example_python_decorator to None, run_after=None
[2025-11-21T04:19:47.977+0500] {processor.py:208} INFO - Processing /mnt/c/Users/Raj/OneDrive - Åbo Akademi O365/banking/airflow/.venv/lib/python3.12/site-packages/airflow/example_dags/example_python_decorator.py took 2.982 seconds
[2025-11-21T04:22:57.135+0500] {processor.py:186} INFO - Started process (PID=17867) to work on /mnt/c/Users/Raj/OneDrive - Åbo Akademi O365/banking/airflow/.venv/lib/python3.12/site-packages/airflow/example_dags/example_python_decorator.py
[2025-11-21T04:22:57.139+0500] {processor.py:914} INFO - Processing file /mnt/c/Users/Raj/OneDrive - Åbo Akademi O365/banking/airflow/.venv/lib/python3.12/site-packages/airflow/example_dags/example_python_decorator.py for tasks to queue
[2025-11-21T04:22:57.147+0500] {logging_mixin.py:190} INFO - [2025-11-21T04:22:57.145+0500] {dagbag.py:588} INFO - Filling up the DagBag from /mnt/c/Users/Raj/OneDrive - Åbo Akademi O365/banking/airflow/.venv/lib/python3.12/site-packages/airflow/example_dags/example_python_decorator.py
[2025-11-21T04:22:57.291+0500] {processor.py:925} INFO - DAG(s) 'example_python_decorator' retrieved from /mnt/c/Users/Raj/OneDrive - Åbo Akademi O365/banking/airflow/.venv/lib/python3.12/site-packages/airflow/example_dags/example_python_decorator.py
[2025-11-21T04:22:57.347+0500] {logging_mixin.py:190} INFO - [2025-11-21T04:22:57.345+0500] {dag.py:3239} INFO - Sync 1 DAGs
[2025-11-21T04:22:57.369+0500] {logging_mixin.py:190} INFO - [2025-11-21T04:22:57.368+0500] {dag.py:4180} INFO - Setting next_dagrun for example_python_decorator to None, run_after=None
[2025-11-21T04:22:57.477+0500] {processor.py:208} INFO - Processing /mnt/c/Users/Raj/OneDrive - Åbo Akademi O365/banking/airflow/.venv/lib/python3.12/site-packages/airflow/example_dags/example_python_decorator.py took 0.371 seconds
[2025-11-21T04:24:29.798+0500] {processor.py:186} INFO - Started process (PID=17919) to work on /mnt/c/Users/Raj/OneDrive - Åbo Akademi O365/banking/airflow/.venv/lib/python3.12/site-packages/airflow/example_dags/example_python_decorator.py
[2025-11-21T04:24:29.803+0500] {processor.py:914} INFO - Processing file /mnt/c/Users/Raj/OneDrive - Åbo Akademi O365/banking/airflow/.venv/lib/python3.12/site-packages/airflow/example_dags/example_python_decorator.py for tasks to queue
[2025-11-21T04:24:29.815+0500] {logging_mixin.py:190} INFO - [2025-11-21T04:24:29.812+0500] {dagbag.py:588} INFO - Filling up the DagBag from /mnt/c/Users/Raj/OneDrive - Åbo Akademi O365/banking/airflow/.venv/lib/python3.12/site-packages/airflow/example_dags/example_python_decorator.py
[2025-11-21T04:24:30.031+0500] {processor.py:925} INFO - DAG(s) 'example_python_decorator' retrieved from /mnt/c/Users/Raj/OneDrive - Åbo Akademi O365/banking/airflow/.venv/lib/python3.12/site-packages/airflow/example_dags/example_python_decorator.py
[2025-11-21T04:24:30.084+0500] {logging_mixin.py:190} INFO - [2025-11-21T04:24:30.082+0500] {dag.py:3239} INFO - Sync 1 DAGs
[2025-11-21T04:24:30.106+0500] {logging_mixin.py:190} INFO - [2025-11-21T04:24:30.104+0500] {dag.py:4180} INFO - Setting next_dagrun for example_python_decorator to None, run_after=None
[2025-11-21T04:24:30.206+0500] {processor.py:208} INFO - Processing /mnt/c/Users/Raj/OneDrive - Åbo Akademi O365/banking/airflow/.venv/lib/python3.12/site-packages/airflow/example_dags/example_python_decorator.py took 0.448 seconds
[2025-11-21T04:26:51.879+0500] {processor.py:186} INFO - Started process (PID=18009) to work on /mnt/c/Users/Raj/OneDrive - Åbo Akademi O365/banking/airflow/.venv/lib/python3.12/site-packages/airflow/example_dags/example_python_decorator.py
[2025-11-21T04:26:51.882+0500] {processor.py:914} INFO - Processing file /mnt/c/Users/Raj/OneDrive - Åbo Akademi O365/banking/airflow/.venv/lib/python3.12/site-packages/airflow/example_dags/example_python_decorator.py for tasks to queue
[2025-11-21T04:26:51.888+0500] {logging_mixin.py:190} INFO - [2025-11-21T04:26:51.886+0500] {dagbag.py:588} INFO - Filling up the DagBag from /mnt/c/Users/Raj/OneDrive - Åbo Akademi O365/banking/airflow/.venv/lib/python3.12/site-packages/airflow/example_dags/example_python_decorator.py
[2025-11-21T04:26:52.013+0500] {processor.py:925} INFO - DAG(s) 'example_python_decorator' retrieved from /mnt/c/Users/Raj/OneDrive - Åbo Akademi O365/banking/airflow/.venv/lib/python3.12/site-packages/airflow/example_dags/example_python_decorator.py
[2025-11-21T04:26:52.066+0500] {logging_mixin.py:190} INFO - [2025-11-21T04:26:52.064+0500] {dag.py:3239} INFO - Sync 1 DAGs
[2025-11-21T04:26:52.093+0500] {logging_mixin.py:190} INFO - [2025-11-21T04:26:52.091+0500] {dag.py:4180} INFO - Setting next_dagrun for example_python_decorator to None, run_after=None
[2025-11-21T04:26:52.234+0500] {processor.py:208} INFO - Processing /mnt/c/Users/Raj/OneDrive - Åbo Akademi O365/banking/airflow/.venv/lib/python3.12/site-packages/airflow/example_dags/example_python_decorator.py took 0.377 seconds
[2025-11-21T04:29:21.447+0500] {processor.py:186} INFO - Started process (PID=18098) to work on /mnt/c/Users/Raj/OneDrive - Åbo Akademi O365/banking/airflow/.venv/lib/python3.12/site-packages/airflow/example_dags/example_python_decorator.py
[2025-11-21T04:29:21.450+0500] {processor.py:914} INFO - Processing file /mnt/c/Users/Raj/OneDrive - Åbo Akademi O365/banking/airflow/.venv/lib/python3.12/site-packages/airflow/example_dags/example_python_decorator.py for tasks to queue
[2025-11-21T04:29:21.457+0500] {logging_mixin.py:190} INFO - [2025-11-21T04:29:21.455+0500] {dagbag.py:588} INFO - Filling up the DagBag from /mnt/c/Users/Raj/OneDrive - Åbo Akademi O365/banking/airflow/.venv/lib/python3.12/site-packages/airflow/example_dags/example_python_decorator.py
[2025-11-21T04:29:21.608+0500] {processor.py:925} INFO - DAG(s) 'example_python_decorator' retrieved from /mnt/c/Users/Raj/OneDrive - Åbo Akademi O365/banking/airflow/.venv/lib/python3.12/site-packages/airflow/example_dags/example_python_decorator.py
[2025-11-21T04:29:21.736+0500] {logging_mixin.py:190} INFO - [2025-11-21T04:29:21.735+0500] {dag.py:3239} INFO - Sync 1 DAGs
[2025-11-21T04:29:21.768+0500] {logging_mixin.py:190} INFO - [2025-11-21T04:29:21.767+0500] {dag.py:4180} INFO - Setting next_dagrun for example_python_decorator to None, run_after=None
[2025-11-21T04:29:21.911+0500] {processor.py:208} INFO - Processing /mnt/c/Users/Raj/OneDrive - Åbo Akademi O365/banking/airflow/.venv/lib/python3.12/site-packages/airflow/example_dags/example_python_decorator.py took 0.501 seconds
[2025-11-21T04:32:17.105+0500] {processor.py:186} INFO - Started process (PID=18185) to work on /mnt/c/Users/Raj/OneDrive - Åbo Akademi O365/banking/airflow/.venv/lib/python3.12/site-packages/airflow/example_dags/example_python_decorator.py
[2025-11-21T04:32:17.108+0500] {processor.py:914} INFO - Processing file /mnt/c/Users/Raj/OneDrive - Åbo Akademi O365/banking/airflow/.venv/lib/python3.12/site-packages/airflow/example_dags/example_python_decorator.py for tasks to queue
[2025-11-21T04:32:17.114+0500] {logging_mixin.py:190} INFO - [2025-11-21T04:32:17.112+0500] {dagbag.py:588} INFO - Filling up the DagBag from /mnt/c/Users/Raj/OneDrive - Åbo Akademi O365/banking/airflow/.venv/lib/python3.12/site-packages/airflow/example_dags/example_python_decorator.py
[2025-11-21T04:32:17.255+0500] {processor.py:925} INFO - DAG(s) 'example_python_decorator' retrieved from /mnt/c/Users/Raj/OneDrive - Åbo Akademi O365/banking/airflow/.venv/lib/python3.12/site-packages/airflow/example_dags/example_python_decorator.py
[2025-11-21T04:32:17.314+0500] {logging_mixin.py:190} INFO - [2025-11-21T04:32:17.312+0500] {dag.py:3239} INFO - Sync 1 DAGs
[2025-11-21T04:32:17.346+0500] {logging_mixin.py:190} INFO - [2025-11-21T04:32:17.344+0500] {dag.py:4180} INFO - Setting next_dagrun for example_python_decorator to None, run_after=None
[2025-11-21T04:32:17.469+0500] {processor.py:208} INFO - Processing /mnt/c/Users/Raj/OneDrive - Åbo Akademi O365/banking/airflow/.venv/lib/python3.12/site-packages/airflow/example_dags/example_python_decorator.py took 0.390 seconds
[2025-11-21T04:34:54.658+0500] {processor.py:186} INFO - Started process (PID=18271) to work on /mnt/c/Users/Raj/OneDrive - Åbo Akademi O365/banking/airflow/.venv/lib/python3.12/site-packages/airflow/example_dags/example_python_decorator.py
[2025-11-21T04:34:54.662+0500] {processor.py:914} INFO - Processing file /mnt/c/Users/Raj/OneDrive - Åbo Akademi O365/banking/airflow/.venv/lib/python3.12/site-packages/airflow/example_dags/example_python_decorator.py for tasks to queue
[2025-11-21T04:34:54.667+0500] {logging_mixin.py:190} INFO - [2025-11-21T04:34:54.665+0500] {dagbag.py:588} INFO - Filling up the DagBag from /mnt/c/Users/Raj/OneDrive - Åbo Akademi O365/banking/airflow/.venv/lib/python3.12/site-packages/airflow/example_dags/example_python_decorator.py
[2025-11-21T04:34:54.931+0500] {processor.py:925} INFO - DAG(s) 'example_python_decorator' retrieved from /mnt/c/Users/Raj/OneDrive - Åbo Akademi O365/banking/airflow/.venv/lib/python3.12/site-packages/airflow/example_dags/example_python_decorator.py
[2025-11-21T04:34:55.030+0500] {logging_mixin.py:190} INFO - [2025-11-21T04:34:55.026+0500] {dag.py:3239} INFO - Sync 1 DAGs
[2025-11-21T04:34:55.086+0500] {logging_mixin.py:190} INFO - [2025-11-21T04:34:55.083+0500] {dag.py:4180} INFO - Setting next_dagrun for example_python_decorator to None, run_after=None
[2025-11-21T04:34:55.260+0500] {processor.py:208} INFO - Processing /mnt/c/Users/Raj/OneDrive - Åbo Akademi O365/banking/airflow/.venv/lib/python3.12/site-packages/airflow/example_dags/example_python_decorator.py took 0.622 seconds
[2025-11-21T04:36:22.487+0500] {processor.py:186} INFO - Started process (PID=18634) to work on /mnt/c/Users/Raj/OneDrive - Åbo Akademi O365/banking/airflow/.venv/lib/python3.12/site-packages/airflow/example_dags/example_python_decorator.py
[2025-11-21T04:36:22.490+0500] {processor.py:914} INFO - Processing file /mnt/c/Users/Raj/OneDrive - Åbo Akademi O365/banking/airflow/.venv/lib/python3.12/site-packages/airflow/example_dags/example_python_decorator.py for tasks to queue
[2025-11-21T04:36:22.494+0500] {logging_mixin.py:190} INFO - [2025-11-21T04:36:22.492+0500] {dagbag.py:588} INFO - Filling up the DagBag from /mnt/c/Users/Raj/OneDrive - Åbo Akademi O365/banking/airflow/.venv/lib/python3.12/site-packages/airflow/example_dags/example_python_decorator.py
[2025-11-21T04:36:22.655+0500] {processor.py:925} INFO - DAG(s) 'example_python_decorator' retrieved from /mnt/c/Users/Raj/OneDrive - Åbo Akademi O365/banking/airflow/.venv/lib/python3.12/site-packages/airflow/example_dags/example_python_decorator.py
[2025-11-21T04:36:22.718+0500] {logging_mixin.py:190} INFO - [2025-11-21T04:36:22.716+0500] {dag.py:3239} INFO - Sync 1 DAGs
[2025-11-21T04:36:22.752+0500] {logging_mixin.py:190} INFO - [2025-11-21T04:36:22.750+0500] {dag.py:4180} INFO - Setting next_dagrun for example_python_decorator to None, run_after=None
[2025-11-21T04:36:22.875+0500] {processor.py:208} INFO - Processing /mnt/c/Users/Raj/OneDrive - Åbo Akademi O365/banking/airflow/.venv/lib/python3.12/site-packages/airflow/example_dags/example_python_decorator.py took 0.410 seconds
[2025-11-21T04:38:57.710+0500] {processor.py:186} INFO - Started process (PID=18790) to work on /mnt/c/Users/Raj/OneDrive - Åbo Akademi O365/banking/airflow/.venv/lib/python3.12/site-packages/airflow/example_dags/example_python_decorator.py
[2025-11-21T04:38:57.715+0500] {processor.py:914} INFO - Processing file /mnt/c/Users/Raj/OneDrive - Åbo Akademi O365/banking/airflow/.venv/lib/python3.12/site-packages/airflow/example_dags/example_python_decorator.py for tasks to queue
[2025-11-21T04:38:57.723+0500] {logging_mixin.py:190} INFO - [2025-11-21T04:38:57.720+0500] {dagbag.py:588} INFO - Filling up the DagBag from /mnt/c/Users/Raj/OneDrive - Åbo Akademi O365/banking/airflow/.venv/lib/python3.12/site-packages/airflow/example_dags/example_python_decorator.py
[2025-11-21T04:38:57.977+0500] {processor.py:925} INFO - DAG(s) 'example_python_decorator' retrieved from /mnt/c/Users/Raj/OneDrive - Åbo Akademi O365/banking/airflow/.venv/lib/python3.12/site-packages/airflow/example_dags/example_python_decorator.py
[2025-11-21T04:38:58.049+0500] {logging_mixin.py:190} INFO - [2025-11-21T04:38:58.046+0500] {dag.py:3239} INFO - Sync 1 DAGs
[2025-11-21T04:38:58.084+0500] {logging_mixin.py:190} INFO - [2025-11-21T04:38:58.082+0500] {dag.py:4180} INFO - Setting next_dagrun for example_python_decorator to None, run_after=None
[2025-11-21T04:38:58.230+0500] {processor.py:208} INFO - Processing /mnt/c/Users/Raj/OneDrive - Åbo Akademi O365/banking/airflow/.venv/lib/python3.12/site-packages/airflow/example_dags/example_python_decorator.py took 0.558 seconds
