[2025-11-21T04:19:26.928+0500] {processor.py:186} INFO - Started process (PID=17795) to work on /mnt/c/Users/Raj/OneDrive - Åbo Akademi O365/banking/airflow/.venv/lib/python3.12/site-packages/airflow/example_dags/example_setup_teardown.py
[2025-11-21T04:19:26.933+0500] {processor.py:914} INFO - Processing file /mnt/c/Users/Raj/OneDrive - Åbo Akademi O365/banking/airflow/.venv/lib/python3.12/site-packages/airflow/example_dags/example_setup_teardown.py for tasks to queue
[2025-11-21T04:19:26.953+0500] {logging_mixin.py:190} INFO - [2025-11-21T04:19:26.945+0500] {dagbag.py:588} INFO - Filling up the DagBag from /mnt/c/Users/Raj/OneDrive - Åbo Akademi O365/banking/airflow/.venv/lib/python3.12/site-packages/airflow/example_dags/example_setup_teardown.py
[2025-11-21T04:19:27.150+0500] {processor.py:925} INFO - DAG(s) 'example_setup_teardown' retrieved from /mnt/c/Users/Raj/OneDrive - Åbo Akademi O365/banking/airflow/.venv/lib/python3.12/site-packages/airflow/example_dags/example_setup_teardown.py
[2025-11-21T04:19:29.833+0500] {logging_mixin.py:190} INFO - [2025-11-21T04:19:29.830+0500] {override.py:1900} INFO - Created Permission View: can edit on DAG:example_setup_teardown
[2025-11-21T04:19:29.888+0500] {logging_mixin.py:190} INFO - [2025-11-21T04:19:29.886+0500] {override.py:1900} INFO - Created Permission View: can delete on DAG:example_setup_teardown
[2025-11-21T04:19:29.936+0500] {logging_mixin.py:190} INFO - [2025-11-21T04:19:29.934+0500] {override.py:1900} INFO - Created Permission View: can read on DAG:example_setup_teardown
[2025-11-21T04:19:30.011+0500] {logging_mixin.py:190} INFO - [2025-11-21T04:19:30.009+0500] {override.py:1900} INFO - Created Permission View: can create on DAG Run:example_setup_teardown
[2025-11-21T04:19:30.058+0500] {logging_mixin.py:190} INFO - [2025-11-21T04:19:30.056+0500] {override.py:1900} INFO - Created Permission View: menu access on DAG Run:example_setup_teardown
[2025-11-21T04:19:30.106+0500] {logging_mixin.py:190} INFO - [2025-11-21T04:19:30.104+0500] {override.py:1900} INFO - Created Permission View: can delete on DAG Run:example_setup_teardown
[2025-11-21T04:19:30.154+0500] {logging_mixin.py:190} INFO - [2025-11-21T04:19:30.152+0500] {override.py:1900} INFO - Created Permission View: can read on DAG Run:example_setup_teardown
[2025-11-21T04:19:30.158+0500] {logging_mixin.py:190} INFO - [2025-11-21T04:19:30.156+0500] {dag.py:3239} INFO - Sync 1 DAGs
[2025-11-21T04:19:30.185+0500] {logging_mixin.py:190} INFO - [2025-11-21T04:19:30.184+0500] {dag.py:3262} INFO - Creating ORM DAG for example_setup_teardown
[2025-11-21T04:19:30.189+0500] {logging_mixin.py:190} INFO - [2025-11-21T04:19:30.188+0500] {dag.py:4180} INFO - Setting next_dagrun for example_setup_teardown to None, run_after=None
[2025-11-21T04:19:30.278+0500] {processor.py:208} INFO - Processing /mnt/c/Users/Raj/OneDrive - Åbo Akademi O365/banking/airflow/.venv/lib/python3.12/site-packages/airflow/example_dags/example_setup_teardown.py took 3.389 seconds
[2025-11-21T04:22:46.037+0500] {processor.py:186} INFO - Started process (PID=17863) to work on /mnt/c/Users/Raj/OneDrive - Åbo Akademi O365/banking/airflow/.venv/lib/python3.12/site-packages/airflow/example_dags/example_setup_teardown.py
[2025-11-21T04:22:46.042+0500] {processor.py:914} INFO - Processing file /mnt/c/Users/Raj/OneDrive - Åbo Akademi O365/banking/airflow/.venv/lib/python3.12/site-packages/airflow/example_dags/example_setup_teardown.py for tasks to queue
[2025-11-21T04:22:46.052+0500] {logging_mixin.py:190} INFO - [2025-11-21T04:22:46.049+0500] {dagbag.py:588} INFO - Filling up the DagBag from /mnt/c/Users/Raj/OneDrive - Åbo Akademi O365/banking/airflow/.venv/lib/python3.12/site-packages/airflow/example_dags/example_setup_teardown.py
[2025-11-21T04:22:46.248+0500] {processor.py:925} INFO - DAG(s) 'example_setup_teardown' retrieved from /mnt/c/Users/Raj/OneDrive - Åbo Akademi O365/banking/airflow/.venv/lib/python3.12/site-packages/airflow/example_dags/example_setup_teardown.py
[2025-11-21T04:22:46.337+0500] {logging_mixin.py:190} INFO - [2025-11-21T04:22:46.333+0500] {dag.py:3239} INFO - Sync 1 DAGs
[2025-11-21T04:22:46.387+0500] {logging_mixin.py:190} INFO - [2025-11-21T04:22:46.384+0500] {dag.py:4180} INFO - Setting next_dagrun for example_setup_teardown to None, run_after=None
[2025-11-21T04:22:46.558+0500] {processor.py:208} INFO - Processing /mnt/c/Users/Raj/OneDrive - Åbo Akademi O365/banking/airflow/.venv/lib/python3.12/site-packages/airflow/example_dags/example_setup_teardown.py took 0.561 seconds
[2025-11-21T04:24:22.405+0500] {processor.py:186} INFO - Started process (PID=17915) to work on /mnt/c/Users/Raj/OneDrive - Åbo Akademi O365/banking/airflow/.venv/lib/python3.12/site-packages/airflow/example_dags/example_setup_teardown.py
[2025-11-21T04:24:22.408+0500] {processor.py:914} INFO - Processing file /mnt/c/Users/Raj/OneDrive - Åbo Akademi O365/banking/airflow/.venv/lib/python3.12/site-packages/airflow/example_dags/example_setup_teardown.py for tasks to queue
[2025-11-21T04:24:22.413+0500] {logging_mixin.py:190} INFO - [2025-11-21T04:24:22.411+0500] {dagbag.py:588} INFO - Filling up the DagBag from /mnt/c/Users/Raj/OneDrive - Åbo Akademi O365/banking/airflow/.venv/lib/python3.12/site-packages/airflow/example_dags/example_setup_teardown.py
[2025-11-21T04:24:22.528+0500] {processor.py:925} INFO - DAG(s) 'example_setup_teardown' retrieved from /mnt/c/Users/Raj/OneDrive - Åbo Akademi O365/banking/airflow/.venv/lib/python3.12/site-packages/airflow/example_dags/example_setup_teardown.py
[2025-11-21T04:24:22.570+0500] {logging_mixin.py:190} INFO - [2025-11-21T04:24:22.569+0500] {dag.py:3239} INFO - Sync 1 DAGs
[2025-11-21T04:24:22.596+0500] {logging_mixin.py:190} INFO - [2025-11-21T04:24:22.594+0500] {dag.py:4180} INFO - Setting next_dagrun for example_setup_teardown to None, run_after=None
[2025-11-21T04:24:22.694+0500] {processor.py:208} INFO - Processing /mnt/c/Users/Raj/OneDrive - Åbo Akademi O365/banking/airflow/.venv/lib/python3.12/site-packages/airflow/example_dags/example_setup_teardown.py took 0.307 seconds
[2025-11-21T04:25:34.618+0500] {processor.py:186} INFO - Started process (PID=17956) to work on /mnt/c/Users/Raj/OneDrive - Åbo Akademi O365/banking/airflow/.venv/lib/python3.12/site-packages/airflow/example_dags/example_setup_teardown.py
[2025-11-21T04:25:34.620+0500] {processor.py:914} INFO - Processing file /mnt/c/Users/Raj/OneDrive - Åbo Akademi O365/banking/airflow/.venv/lib/python3.12/site-packages/airflow/example_dags/example_setup_teardown.py for tasks to queue
[2025-11-21T04:25:34.626+0500] {logging_mixin.py:190} INFO - [2025-11-21T04:25:34.624+0500] {dagbag.py:588} INFO - Filling up the DagBag from /mnt/c/Users/Raj/OneDrive - Åbo Akademi O365/banking/airflow/.venv/lib/python3.12/site-packages/airflow/example_dags/example_setup_teardown.py
[2025-11-21T04:25:34.733+0500] {processor.py:925} INFO - DAG(s) 'example_setup_teardown' retrieved from /mnt/c/Users/Raj/OneDrive - Åbo Akademi O365/banking/airflow/.venv/lib/python3.12/site-packages/airflow/example_dags/example_setup_teardown.py
[2025-11-21T04:25:34.779+0500] {logging_mixin.py:190} INFO - [2025-11-21T04:25:34.778+0500] {dag.py:3239} INFO - Sync 1 DAGs
[2025-11-21T04:25:34.804+0500] {logging_mixin.py:190} INFO - [2025-11-21T04:25:34.802+0500] {dag.py:4180} INFO - Setting next_dagrun for example_setup_teardown to None, run_after=None
[2025-11-21T04:25:34.965+0500] {processor.py:208} INFO - Processing /mnt/c/Users/Raj/OneDrive - Åbo Akademi O365/banking/airflow/.venv/lib/python3.12/site-packages/airflow/example_dags/example_setup_teardown.py took 0.367 seconds
[2025-11-21T04:27:58.216+0500] {processor.py:186} INFO - Started process (PID=18048) to work on /mnt/c/Users/Raj/OneDrive - Åbo Akademi O365/banking/airflow/.venv/lib/python3.12/site-packages/airflow/example_dags/example_setup_teardown.py
[2025-11-21T04:27:58.220+0500] {processor.py:914} INFO - Processing file /mnt/c/Users/Raj/OneDrive - Åbo Akademi O365/banking/airflow/.venv/lib/python3.12/site-packages/airflow/example_dags/example_setup_teardown.py for tasks to queue
[2025-11-21T04:27:58.232+0500] {logging_mixin.py:190} INFO - [2025-11-21T04:27:58.229+0500] {dagbag.py:588} INFO - Filling up the DagBag from /mnt/c/Users/Raj/OneDrive - Åbo Akademi O365/banking/airflow/.venv/lib/python3.12/site-packages/airflow/example_dags/example_setup_teardown.py
[2025-11-21T04:27:58.414+0500] {processor.py:925} INFO - DAG(s) 'example_setup_teardown' retrieved from /mnt/c/Users/Raj/OneDrive - Åbo Akademi O365/banking/airflow/.venv/lib/python3.12/site-packages/airflow/example_dags/example_setup_teardown.py
[2025-11-21T04:27:58.507+0500] {logging_mixin.py:190} INFO - [2025-11-21T04:27:58.501+0500] {dag.py:3239} INFO - Sync 1 DAGs
[2025-11-21T04:27:58.572+0500] {logging_mixin.py:190} INFO - [2025-11-21T04:27:58.568+0500] {dag.py:4180} INFO - Setting next_dagrun for example_setup_teardown to None, run_after=None
[2025-11-21T04:27:58.699+0500] {processor.py:208} INFO - Processing /mnt/c/Users/Raj/OneDrive - Åbo Akademi O365/banking/airflow/.venv/lib/python3.12/site-packages/airflow/example_dags/example_setup_teardown.py took 0.520 seconds
[2025-11-21T04:29:15.246+0500] {processor.py:186} INFO - Started process (PID=18094) to work on /mnt/c/Users/Raj/OneDrive - Åbo Akademi O365/banking/airflow/.venv/lib/python3.12/site-packages/airflow/example_dags/example_setup_teardown.py
[2025-11-21T04:29:15.250+0500] {processor.py:914} INFO - Processing file /mnt/c/Users/Raj/OneDrive - Åbo Akademi O365/banking/airflow/.venv/lib/python3.12/site-packages/airflow/example_dags/example_setup_teardown.py for tasks to queue
[2025-11-21T04:29:15.257+0500] {logging_mixin.py:190} INFO - [2025-11-21T04:29:15.255+0500] {dagbag.py:588} INFO - Filling up the DagBag from /mnt/c/Users/Raj/OneDrive - Åbo Akademi O365/banking/airflow/.venv/lib/python3.12/site-packages/airflow/example_dags/example_setup_teardown.py
[2025-11-21T04:29:15.382+0500] {processor.py:925} INFO - DAG(s) 'example_setup_teardown' retrieved from /mnt/c/Users/Raj/OneDrive - Åbo Akademi O365/banking/airflow/.venv/lib/python3.12/site-packages/airflow/example_dags/example_setup_teardown.py
[2025-11-21T04:29:15.437+0500] {logging_mixin.py:190} INFO - [2025-11-21T04:29:15.435+0500] {dag.py:3239} INFO - Sync 1 DAGs
[2025-11-21T04:29:15.467+0500] {logging_mixin.py:190} INFO - [2025-11-21T04:29:15.466+0500] {dag.py:4180} INFO - Setting next_dagrun for example_setup_teardown to None, run_after=None
[2025-11-21T04:29:15.641+0500] {processor.py:208} INFO - Processing /mnt/c/Users/Raj/OneDrive - Åbo Akademi O365/banking/airflow/.venv/lib/python3.12/site-packages/airflow/example_dags/example_setup_teardown.py took 0.420 seconds
[2025-11-21T04:30:53.575+0500] {processor.py:186} INFO - Started process (PID=18139) to work on /mnt/c/Users/Raj/OneDrive - Åbo Akademi O365/banking/airflow/.venv/lib/python3.12/site-packages/airflow/example_dags/example_setup_teardown.py
[2025-11-21T04:30:53.589+0500] {processor.py:914} INFO - Processing file /mnt/c/Users/Raj/OneDrive - Åbo Akademi O365/banking/airflow/.venv/lib/python3.12/site-packages/airflow/example_dags/example_setup_teardown.py for tasks to queue
[2025-11-21T04:30:53.598+0500] {logging_mixin.py:190} INFO - [2025-11-21T04:30:53.595+0500] {dagbag.py:588} INFO - Filling up the DagBag from /mnt/c/Users/Raj/OneDrive - Åbo Akademi O365/banking/airflow/.venv/lib/python3.12/site-packages/airflow/example_dags/example_setup_teardown.py
[2025-11-21T04:30:53.717+0500] {processor.py:925} INFO - DAG(s) 'example_setup_teardown' retrieved from /mnt/c/Users/Raj/OneDrive - Åbo Akademi O365/banking/airflow/.venv/lib/python3.12/site-packages/airflow/example_dags/example_setup_teardown.py
[2025-11-21T04:30:53.770+0500] {logging_mixin.py:190} INFO - [2025-11-21T04:30:53.768+0500] {dag.py:3239} INFO - Sync 1 DAGs
[2025-11-21T04:30:53.981+0500] {logging_mixin.py:190} INFO - [2025-11-21T04:30:53.979+0500] {dag.py:4180} INFO - Setting next_dagrun for example_setup_teardown to None, run_after=None
[2025-11-21T04:30:54.077+0500] {processor.py:208} INFO - Processing /mnt/c/Users/Raj/OneDrive - Åbo Akademi O365/banking/airflow/.venv/lib/python3.12/site-packages/airflow/example_dags/example_setup_teardown.py took 0.526 seconds
[2025-11-21T04:32:10.713+0500] {processor.py:186} INFO - Started process (PID=18182) to work on /mnt/c/Users/Raj/OneDrive - Åbo Akademi O365/banking/airflow/.venv/lib/python3.12/site-packages/airflow/example_dags/example_setup_teardown.py
[2025-11-21T04:32:10.716+0500] {processor.py:914} INFO - Processing file /mnt/c/Users/Raj/OneDrive - Åbo Akademi O365/banking/airflow/.venv/lib/python3.12/site-packages/airflow/example_dags/example_setup_teardown.py for tasks to queue
[2025-11-21T04:32:10.724+0500] {logging_mixin.py:190} INFO - [2025-11-21T04:32:10.722+0500] {dagbag.py:588} INFO - Filling up the DagBag from /mnt/c/Users/Raj/OneDrive - Åbo Akademi O365/banking/airflow/.venv/lib/python3.12/site-packages/airflow/example_dags/example_setup_teardown.py
[2025-11-21T04:32:10.977+0500] {processor.py:925} INFO - DAG(s) 'example_setup_teardown' retrieved from /mnt/c/Users/Raj/OneDrive - Åbo Akademi O365/banking/airflow/.venv/lib/python3.12/site-packages/airflow/example_dags/example_setup_teardown.py
[2025-11-21T04:32:11.080+0500] {logging_mixin.py:190} INFO - [2025-11-21T04:32:11.076+0500] {dag.py:3239} INFO - Sync 1 DAGs
[2025-11-21T04:32:11.125+0500] {logging_mixin.py:190} INFO - [2025-11-21T04:32:11.123+0500] {dag.py:4180} INFO - Setting next_dagrun for example_setup_teardown to None, run_after=None
[2025-11-21T04:32:11.285+0500] {processor.py:208} INFO - Processing /mnt/c/Users/Raj/OneDrive - Åbo Akademi O365/banking/airflow/.venv/lib/python3.12/site-packages/airflow/example_dags/example_setup_teardown.py took 0.598 seconds
[2025-11-21T04:33:33.031+0500] {processor.py:186} INFO - Started process (PID=18226) to work on /mnt/c/Users/Raj/OneDrive - Åbo Akademi O365/banking/airflow/.venv/lib/python3.12/site-packages/airflow/example_dags/example_setup_teardown.py
[2025-11-21T04:33:33.035+0500] {processor.py:914} INFO - Processing file /mnt/c/Users/Raj/OneDrive - Åbo Akademi O365/banking/airflow/.venv/lib/python3.12/site-packages/airflow/example_dags/example_setup_teardown.py for tasks to queue
[2025-11-21T04:33:33.043+0500] {logging_mixin.py:190} INFO - [2025-11-21T04:33:33.040+0500] {dagbag.py:588} INFO - Filling up the DagBag from /mnt/c/Users/Raj/OneDrive - Åbo Akademi O365/banking/airflow/.venv/lib/python3.12/site-packages/airflow/example_dags/example_setup_teardown.py
[2025-11-21T04:33:33.243+0500] {processor.py:925} INFO - DAG(s) 'example_setup_teardown' retrieved from /mnt/c/Users/Raj/OneDrive - Åbo Akademi O365/banking/airflow/.venv/lib/python3.12/site-packages/airflow/example_dags/example_setup_teardown.py
[2025-11-21T04:33:33.308+0500] {logging_mixin.py:190} INFO - [2025-11-21T04:33:33.307+0500] {dag.py:3239} INFO - Sync 1 DAGs
[2025-11-21T04:33:33.336+0500] {logging_mixin.py:190} INFO - [2025-11-21T04:33:33.335+0500] {dag.py:4180} INFO - Setting next_dagrun for example_setup_teardown to None, run_after=None
[2025-11-21T04:33:33.426+0500] {processor.py:208} INFO - Processing /mnt/c/Users/Raj/OneDrive - Åbo Akademi O365/banking/airflow/.venv/lib/python3.12/site-packages/airflow/example_dags/example_setup_teardown.py took 0.444 seconds
[2025-11-21T04:34:49.128+0500] {processor.py:186} INFO - Started process (PID=18268) to work on /mnt/c/Users/Raj/OneDrive - Åbo Akademi O365/banking/airflow/.venv/lib/python3.12/site-packages/airflow/example_dags/example_setup_teardown.py
[2025-11-21T04:34:49.132+0500] {processor.py:914} INFO - Processing file /mnt/c/Users/Raj/OneDrive - Åbo Akademi O365/banking/airflow/.venv/lib/python3.12/site-packages/airflow/example_dags/example_setup_teardown.py for tasks to queue
[2025-11-21T04:34:49.141+0500] {logging_mixin.py:190} INFO - [2025-11-21T04:34:49.137+0500] {dagbag.py:588} INFO - Filling up the DagBag from /mnt/c/Users/Raj/OneDrive - Åbo Akademi O365/banking/airflow/.venv/lib/python3.12/site-packages/airflow/example_dags/example_setup_teardown.py
[2025-11-21T04:34:49.368+0500] {processor.py:925} INFO - DAG(s) 'example_setup_teardown' retrieved from /mnt/c/Users/Raj/OneDrive - Åbo Akademi O365/banking/airflow/.venv/lib/python3.12/site-packages/airflow/example_dags/example_setup_teardown.py
[2025-11-21T04:34:49.469+0500] {logging_mixin.py:190} INFO - [2025-11-21T04:34:49.466+0500] {dag.py:3239} INFO - Sync 1 DAGs
[2025-11-21T04:34:49.531+0500] {logging_mixin.py:190} INFO - [2025-11-21T04:34:49.528+0500] {dag.py:4180} INFO - Setting next_dagrun for example_setup_teardown to None, run_after=None
[2025-11-21T04:34:49.673+0500] {processor.py:208} INFO - Processing /mnt/c/Users/Raj/OneDrive - Åbo Akademi O365/banking/airflow/.venv/lib/python3.12/site-packages/airflow/example_dags/example_setup_teardown.py took 0.582 seconds
[2025-11-21T04:36:15.863+0500] {processor.py:186} INFO - Started process (PID=18618) to work on /mnt/c/Users/Raj/OneDrive - Åbo Akademi O365/banking/airflow/.venv/lib/python3.12/site-packages/airflow/example_dags/example_setup_teardown.py
[2025-11-21T04:36:15.867+0500] {processor.py:914} INFO - Processing file /mnt/c/Users/Raj/OneDrive - Åbo Akademi O365/banking/airflow/.venv/lib/python3.12/site-packages/airflow/example_dags/example_setup_teardown.py for tasks to queue
[2025-11-21T04:36:15.874+0500] {logging_mixin.py:190} INFO - [2025-11-21T04:36:15.871+0500] {dagbag.py:588} INFO - Filling up the DagBag from /mnt/c/Users/Raj/OneDrive - Åbo Akademi O365/banking/airflow/.venv/lib/python3.12/site-packages/airflow/example_dags/example_setup_teardown.py
[2025-11-21T04:36:15.997+0500] {processor.py:925} INFO - DAG(s) 'example_setup_teardown' retrieved from /mnt/c/Users/Raj/OneDrive - Åbo Akademi O365/banking/airflow/.venv/lib/python3.12/site-packages/airflow/example_dags/example_setup_teardown.py
[2025-11-21T04:36:16.078+0500] {logging_mixin.py:190} INFO - [2025-11-21T04:36:16.075+0500] {dag.py:3239} INFO - Sync 1 DAGs
[2025-11-21T04:36:16.114+0500] {logging_mixin.py:190} INFO - [2025-11-21T04:36:16.112+0500] {dag.py:4180} INFO - Setting next_dagrun for example_setup_teardown to None, run_after=None
[2025-11-21T04:36:16.261+0500] {processor.py:208} INFO - Processing /mnt/c/Users/Raj/OneDrive - Åbo Akademi O365/banking/airflow/.venv/lib/python3.12/site-packages/airflow/example_dags/example_setup_teardown.py took 0.423 seconds
[2025-11-21T04:37:36.318+0500] {processor.py:186} INFO - Started process (PID=18742) to work on /mnt/c/Users/Raj/OneDrive - Åbo Akademi O365/banking/airflow/.venv/lib/python3.12/site-packages/airflow/example_dags/example_setup_teardown.py
[2025-11-21T04:37:36.321+0500] {processor.py:914} INFO - Processing file /mnt/c/Users/Raj/OneDrive - Åbo Akademi O365/banking/airflow/.venv/lib/python3.12/site-packages/airflow/example_dags/example_setup_teardown.py for tasks to queue
[2025-11-21T04:37:36.326+0500] {logging_mixin.py:190} INFO - [2025-11-21T04:37:36.324+0500] {dagbag.py:588} INFO - Filling up the DagBag from /mnt/c/Users/Raj/OneDrive - Åbo Akademi O365/banking/airflow/.venv/lib/python3.12/site-packages/airflow/example_dags/example_setup_teardown.py
[2025-11-21T04:37:36.501+0500] {processor.py:925} INFO - DAG(s) 'example_setup_teardown' retrieved from /mnt/c/Users/Raj/OneDrive - Åbo Akademi O365/banking/airflow/.venv/lib/python3.12/site-packages/airflow/example_dags/example_setup_teardown.py
[2025-11-21T04:37:36.575+0500] {logging_mixin.py:190} INFO - [2025-11-21T04:37:36.573+0500] {dag.py:3239} INFO - Sync 1 DAGs
[2025-11-21T04:37:36.608+0500] {logging_mixin.py:190} INFO - [2025-11-21T04:37:36.606+0500] {dag.py:4180} INFO - Setting next_dagrun for example_setup_teardown to None, run_after=None
[2025-11-21T04:37:36.724+0500] {processor.py:208} INFO - Processing /mnt/c/Users/Raj/OneDrive - Åbo Akademi O365/banking/airflow/.venv/lib/python3.12/site-packages/airflow/example_dags/example_setup_teardown.py took 0.425 seconds
[2025-11-21T04:38:49.544+0500] {processor.py:186} INFO - Started process (PID=18786) to work on /mnt/c/Users/Raj/OneDrive - Åbo Akademi O365/banking/airflow/.venv/lib/python3.12/site-packages/airflow/example_dags/example_setup_teardown.py
[2025-11-21T04:38:49.551+0500] {processor.py:914} INFO - Processing file /mnt/c/Users/Raj/OneDrive - Åbo Akademi O365/banking/airflow/.venv/lib/python3.12/site-packages/airflow/example_dags/example_setup_teardown.py for tasks to queue
[2025-11-21T04:38:49.562+0500] {logging_mixin.py:190} INFO - [2025-11-21T04:38:49.557+0500] {dagbag.py:588} INFO - Filling up the DagBag from /mnt/c/Users/Raj/OneDrive - Åbo Akademi O365/banking/airflow/.venv/lib/python3.12/site-packages/airflow/example_dags/example_setup_teardown.py
[2025-11-21T04:38:49.731+0500] {processor.py:925} INFO - DAG(s) 'example_setup_teardown' retrieved from /mnt/c/Users/Raj/OneDrive - Åbo Akademi O365/banking/airflow/.venv/lib/python3.12/site-packages/airflow/example_dags/example_setup_teardown.py
[2025-11-21T04:38:49.777+0500] {logging_mixin.py:190} INFO - [2025-11-21T04:38:49.775+0500] {dag.py:3239} INFO - Sync 1 DAGs
[2025-11-21T04:38:49.799+0500] {logging_mixin.py:190} INFO - [2025-11-21T04:38:49.797+0500] {dag.py:4180} INFO - Setting next_dagrun for example_setup_teardown to None, run_after=None
[2025-11-21T04:38:49.892+0500] {processor.py:208} INFO - Processing /mnt/c/Users/Raj/OneDrive - Åbo Akademi O365/banking/airflow/.venv/lib/python3.12/site-packages/airflow/example_dags/example_setup_teardown.py took 0.391 seconds
