[2025-11-21T04:21:33.711+0500] {processor.py:186} INFO - Started process (PID=17826) to work on /mnt/c/Users/Raj/OneDrive - Åbo Akademi O365/banking/airflow/.venv/lib/python3.12/site-packages/airflow/example_dags/example_branch_operator.py
[2025-11-21T04:21:33.714+0500] {processor.py:914} INFO - Processing file /mnt/c/Users/Raj/OneDrive - Åbo Akademi O365/banking/airflow/.venv/lib/python3.12/site-packages/airflow/example_dags/example_branch_operator.py for tasks to queue
[2025-11-21T04:21:33.720+0500] {logging_mixin.py:190} INFO - [2025-11-21T04:21:33.718+0500] {dagbag.py:588} INFO - Filling up the DagBag from /mnt/c/Users/Raj/OneDrive - Åbo Akademi O365/banking/airflow/.venv/lib/python3.12/site-packages/airflow/example_dags/example_branch_operator.py
[2025-11-21T04:21:33.873+0500] {processor.py:925} INFO - DAG(s) 'example_branch_operator' retrieved from /mnt/c/Users/Raj/OneDrive - Åbo Akademi O365/banking/airflow/.venv/lib/python3.12/site-packages/airflow/example_dags/example_branch_operator.py
[2025-11-21T04:21:37.052+0500] {logging_mixin.py:190} INFO - [2025-11-21T04:21:37.050+0500] {override.py:1900} INFO - Created Permission View: can edit on DAG:example_branch_operator
[2025-11-21T04:21:37.107+0500] {logging_mixin.py:190} INFO - [2025-11-21T04:21:37.105+0500] {override.py:1900} INFO - Created Permission View: can delete on DAG:example_branch_operator
[2025-11-21T04:21:37.159+0500] {logging_mixin.py:190} INFO - [2025-11-21T04:21:37.158+0500] {override.py:1900} INFO - Created Permission View: can read on DAG:example_branch_operator
[2025-11-21T04:21:37.239+0500] {logging_mixin.py:190} INFO - [2025-11-21T04:21:37.237+0500] {override.py:1900} INFO - Created Permission View: can create on DAG Run:example_branch_operator
[2025-11-21T04:21:37.287+0500] {logging_mixin.py:190} INFO - [2025-11-21T04:21:37.285+0500] {override.py:1900} INFO - Created Permission View: menu access on DAG Run:example_branch_operator
[2025-11-21T04:21:37.339+0500] {logging_mixin.py:190} INFO - [2025-11-21T04:21:37.337+0500] {override.py:1900} INFO - Created Permission View: can delete on DAG Run:example_branch_operator
[2025-11-21T04:21:37.415+0500] {logging_mixin.py:190} INFO - [2025-11-21T04:21:37.413+0500] {override.py:1900} INFO - Created Permission View: can read on DAG Run:example_branch_operator
[2025-11-21T04:21:37.418+0500] {logging_mixin.py:190} INFO - [2025-11-21T04:21:37.416+0500] {dag.py:3239} INFO - Sync 1 DAGs
[2025-11-21T04:21:37.461+0500] {logging_mixin.py:190} INFO - [2025-11-21T04:21:37.460+0500] {dag.py:3262} INFO - Creating ORM DAG for example_branch_operator
[2025-11-21T04:21:37.492+0500] {logging_mixin.py:190} INFO - [2025-11-21T04:21:37.490+0500] {dag.py:4180} INFO - Setting next_dagrun for example_branch_operator to 2025-11-19 00:00:00+00:00, run_after=2025-11-20 00:00:00+00:00
[2025-11-21T04:21:37.602+0500] {processor.py:208} INFO - Processing /mnt/c/Users/Raj/OneDrive - Åbo Akademi O365/banking/airflow/.venv/lib/python3.12/site-packages/airflow/example_dags/example_branch_operator.py took 3.911 seconds
[2025-11-21T04:24:43.780+0500] {processor.py:186} INFO - Started process (PID=17926) to work on /mnt/c/Users/Raj/OneDrive - Åbo Akademi O365/banking/airflow/.venv/lib/python3.12/site-packages/airflow/example_dags/example_branch_operator.py
[2025-11-21T04:24:43.784+0500] {processor.py:914} INFO - Processing file /mnt/c/Users/Raj/OneDrive - Åbo Akademi O365/banking/airflow/.venv/lib/python3.12/site-packages/airflow/example_dags/example_branch_operator.py for tasks to queue
[2025-11-21T04:24:43.791+0500] {logging_mixin.py:190} INFO - [2025-11-21T04:24:43.789+0500] {dagbag.py:588} INFO - Filling up the DagBag from /mnt/c/Users/Raj/OneDrive - Åbo Akademi O365/banking/airflow/.venv/lib/python3.12/site-packages/airflow/example_dags/example_branch_operator.py
[2025-11-21T04:24:43.937+0500] {processor.py:925} INFO - DAG(s) 'example_branch_operator' retrieved from /mnt/c/Users/Raj/OneDrive - Åbo Akademi O365/banking/airflow/.venv/lib/python3.12/site-packages/airflow/example_dags/example_branch_operator.py
[2025-11-21T04:24:43.999+0500] {logging_mixin.py:190} INFO - [2025-11-21T04:24:43.997+0500] {dag.py:3239} INFO - Sync 1 DAGs
[2025-11-21T04:24:44.043+0500] {logging_mixin.py:190} INFO - [2025-11-21T04:24:44.041+0500] {dag.py:4180} INFO - Setting next_dagrun for example_branch_operator to 2025-11-19 00:00:00+00:00, run_after=2025-11-20 00:00:00+00:00
[2025-11-21T04:24:44.190+0500] {processor.py:208} INFO - Processing /mnt/c/Users/Raj/OneDrive - Åbo Akademi O365/banking/airflow/.venv/lib/python3.12/site-packages/airflow/example_dags/example_branch_operator.py took 0.447 seconds
[2025-11-21T04:27:05.154+0500] {processor.py:186} INFO - Started process (PID=18016) to work on /mnt/c/Users/Raj/OneDrive - Åbo Akademi O365/banking/airflow/.venv/lib/python3.12/site-packages/airflow/example_dags/example_branch_operator.py
[2025-11-21T04:27:05.159+0500] {processor.py:914} INFO - Processing file /mnt/c/Users/Raj/OneDrive - Åbo Akademi O365/banking/airflow/.venv/lib/python3.12/site-packages/airflow/example_dags/example_branch_operator.py for tasks to queue
[2025-11-21T04:27:05.167+0500] {logging_mixin.py:190} INFO - [2025-11-21T04:27:05.165+0500] {dagbag.py:588} INFO - Filling up the DagBag from /mnt/c/Users/Raj/OneDrive - Åbo Akademi O365/banking/airflow/.venv/lib/python3.12/site-packages/airflow/example_dags/example_branch_operator.py
[2025-11-21T04:27:05.361+0500] {processor.py:925} INFO - DAG(s) 'example_branch_operator' retrieved from /mnt/c/Users/Raj/OneDrive - Åbo Akademi O365/banking/airflow/.venv/lib/python3.12/site-packages/airflow/example_dags/example_branch_operator.py
[2025-11-21T04:27:05.446+0500] {logging_mixin.py:190} INFO - [2025-11-21T04:27:05.444+0500] {dag.py:3239} INFO - Sync 1 DAGs
[2025-11-21T04:27:05.506+0500] {logging_mixin.py:190} INFO - [2025-11-21T04:27:05.504+0500] {dag.py:4180} INFO - Setting next_dagrun for example_branch_operator to 2025-11-19 00:00:00+00:00, run_after=2025-11-20 00:00:00+00:00
[2025-11-21T04:27:05.622+0500] {processor.py:208} INFO - Processing /mnt/c/Users/Raj/OneDrive - Åbo Akademi O365/banking/airflow/.venv/lib/python3.12/site-packages/airflow/example_dags/example_branch_operator.py took 0.491 seconds
[2025-11-21T04:29:40.746+0500] {processor.py:186} INFO - Started process (PID=18108) to work on /mnt/c/Users/Raj/OneDrive - Åbo Akademi O365/banking/airflow/.venv/lib/python3.12/site-packages/airflow/example_dags/example_branch_operator.py
[2025-11-21T04:29:40.749+0500] {processor.py:914} INFO - Processing file /mnt/c/Users/Raj/OneDrive - Åbo Akademi O365/banking/airflow/.venv/lib/python3.12/site-packages/airflow/example_dags/example_branch_operator.py for tasks to queue
[2025-11-21T04:29:40.756+0500] {logging_mixin.py:190} INFO - [2025-11-21T04:29:40.754+0500] {dagbag.py:588} INFO - Filling up the DagBag from /mnt/c/Users/Raj/OneDrive - Åbo Akademi O365/banking/airflow/.venv/lib/python3.12/site-packages/airflow/example_dags/example_branch_operator.py
[2025-11-21T04:29:40.931+0500] {processor.py:925} INFO - DAG(s) 'example_branch_operator' retrieved from /mnt/c/Users/Raj/OneDrive - Åbo Akademi O365/banking/airflow/.venv/lib/python3.12/site-packages/airflow/example_dags/example_branch_operator.py
[2025-11-21T04:29:41.003+0500] {logging_mixin.py:190} INFO - [2025-11-21T04:29:41.002+0500] {dag.py:3239} INFO - Sync 1 DAGs
[2025-11-21T04:29:41.257+0500] {logging_mixin.py:190} INFO - [2025-11-21T04:29:41.256+0500] {dag.py:4180} INFO - Setting next_dagrun for example_branch_operator to 2025-11-19 00:00:00+00:00, run_after=2025-11-20 00:00:00+00:00
[2025-11-21T04:29:41.363+0500] {processor.py:208} INFO - Processing /mnt/c/Users/Raj/OneDrive - Åbo Akademi O365/banking/airflow/.venv/lib/python3.12/site-packages/airflow/example_dags/example_branch_operator.py took 0.649 seconds
[2025-11-21T04:32:33.641+0500] {processor.py:186} INFO - Started process (PID=18195) to work on /mnt/c/Users/Raj/OneDrive - Åbo Akademi O365/banking/airflow/.venv/lib/python3.12/site-packages/airflow/example_dags/example_branch_operator.py
[2025-11-21T04:32:33.644+0500] {processor.py:914} INFO - Processing file /mnt/c/Users/Raj/OneDrive - Åbo Akademi O365/banking/airflow/.venv/lib/python3.12/site-packages/airflow/example_dags/example_branch_operator.py for tasks to queue
[2025-11-21T04:32:33.651+0500] {logging_mixin.py:190} INFO - [2025-11-21T04:32:33.649+0500] {dagbag.py:588} INFO - Filling up the DagBag from /mnt/c/Users/Raj/OneDrive - Åbo Akademi O365/banking/airflow/.venv/lib/python3.12/site-packages/airflow/example_dags/example_branch_operator.py
[2025-11-21T04:32:33.928+0500] {processor.py:925} INFO - DAG(s) 'example_branch_operator' retrieved from /mnt/c/Users/Raj/OneDrive - Åbo Akademi O365/banking/airflow/.venv/lib/python3.12/site-packages/airflow/example_dags/example_branch_operator.py
[2025-11-21T04:32:34.002+0500] {logging_mixin.py:190} INFO - [2025-11-21T04:32:34.000+0500] {dag.py:3239} INFO - Sync 1 DAGs
[2025-11-21T04:32:34.048+0500] {logging_mixin.py:190} INFO - [2025-11-21T04:32:34.047+0500] {dag.py:4180} INFO - Setting next_dagrun for example_branch_operator to 2025-11-19 00:00:00+00:00, run_after=2025-11-20 00:00:00+00:00
[2025-11-21T04:32:34.159+0500] {processor.py:208} INFO - Processing /mnt/c/Users/Raj/OneDrive - Åbo Akademi O365/banking/airflow/.venv/lib/python3.12/site-packages/airflow/example_dags/example_branch_operator.py took 0.549 seconds
[2025-11-21T04:35:12.567+0500] {processor.py:186} INFO - Started process (PID=18281) to work on /mnt/c/Users/Raj/OneDrive - Åbo Akademi O365/banking/airflow/.venv/lib/python3.12/site-packages/airflow/example_dags/example_branch_operator.py
[2025-11-21T04:35:12.569+0500] {processor.py:914} INFO - Processing file /mnt/c/Users/Raj/OneDrive - Åbo Akademi O365/banking/airflow/.venv/lib/python3.12/site-packages/airflow/example_dags/example_branch_operator.py for tasks to queue
[2025-11-21T04:35:12.572+0500] {logging_mixin.py:190} INFO - [2025-11-21T04:35:12.571+0500] {dagbag.py:588} INFO - Filling up the DagBag from /mnt/c/Users/Raj/OneDrive - Åbo Akademi O365/banking/airflow/.venv/lib/python3.12/site-packages/airflow/example_dags/example_branch_operator.py
[2025-11-21T04:35:12.728+0500] {processor.py:925} INFO - DAG(s) 'example_branch_operator' retrieved from /mnt/c/Users/Raj/OneDrive - Åbo Akademi O365/banking/airflow/.venv/lib/python3.12/site-packages/airflow/example_dags/example_branch_operator.py
[2025-11-21T04:35:12.784+0500] {logging_mixin.py:190} INFO - [2025-11-21T04:35:12.782+0500] {dag.py:3239} INFO - Sync 1 DAGs
[2025-11-21T04:35:12.830+0500] {logging_mixin.py:190} INFO - [2025-11-21T04:35:12.828+0500] {dag.py:4180} INFO - Setting next_dagrun for example_branch_operator to 2025-11-19 00:00:00+00:00, run_after=2025-11-20 00:00:00+00:00
[2025-11-21T04:35:12.922+0500] {processor.py:208} INFO - Processing /mnt/c/Users/Raj/OneDrive - Åbo Akademi O365/banking/airflow/.venv/lib/python3.12/site-packages/airflow/example_dags/example_branch_operator.py took 0.372 seconds
[2025-11-21T04:38:00.032+0500] {processor.py:186} INFO - Started process (PID=18753) to work on /mnt/c/Users/Raj/OneDrive - Åbo Akademi O365/banking/airflow/.venv/lib/python3.12/site-packages/airflow/example_dags/example_branch_operator.py
[2025-11-21T04:38:00.036+0500] {processor.py:914} INFO - Processing file /mnt/c/Users/Raj/OneDrive - Åbo Akademi O365/banking/airflow/.venv/lib/python3.12/site-packages/airflow/example_dags/example_branch_operator.py for tasks to queue
[2025-11-21T04:38:00.041+0500] {logging_mixin.py:190} INFO - [2025-11-21T04:38:00.039+0500] {dagbag.py:588} INFO - Filling up the DagBag from /mnt/c/Users/Raj/OneDrive - Åbo Akademi O365/banking/airflow/.venv/lib/python3.12/site-packages/airflow/example_dags/example_branch_operator.py
[2025-11-21T04:38:00.247+0500] {processor.py:925} INFO - DAG(s) 'example_branch_operator' retrieved from /mnt/c/Users/Raj/OneDrive - Åbo Akademi O365/banking/airflow/.venv/lib/python3.12/site-packages/airflow/example_dags/example_branch_operator.py
[2025-11-21T04:38:00.317+0500] {logging_mixin.py:190} INFO - [2025-11-21T04:38:00.314+0500] {dag.py:3239} INFO - Sync 1 DAGs
[2025-11-21T04:38:00.377+0500] {logging_mixin.py:190} INFO - [2025-11-21T04:38:00.375+0500] {dag.py:4180} INFO - Setting next_dagrun for example_branch_operator to 2025-11-19 00:00:00+00:00, run_after=2025-11-20 00:00:00+00:00
[2025-11-21T04:38:00.520+0500] {processor.py:208} INFO - Processing /mnt/c/Users/Raj/OneDrive - Åbo Akademi O365/banking/airflow/.venv/lib/python3.12/site-packages/airflow/example_dags/example_branch_operator.py took 0.512 seconds
