[2025-11-21T04:20:46.236+0500] {processor.py:186} INFO - Started process (PID=17815) to work on /mnt/c/Users/Raj/OneDrive - Åbo Akademi O365/banking/airflow/.venv/lib/python3.12/site-packages/airflow/example_dags/example_display_name.py
[2025-11-21T04:20:46.239+0500] {processor.py:914} INFO - Processing file /mnt/c/Users/Raj/OneDrive - Åbo Akademi O365/banking/airflow/.venv/lib/python3.12/site-packages/airflow/example_dags/example_display_name.py for tasks to queue
[2025-11-21T04:20:46.252+0500] {logging_mixin.py:190} INFO - [2025-11-21T04:20:46.249+0500] {dagbag.py:588} INFO - Filling up the DagBag from /mnt/c/Users/Raj/OneDrive - Åbo Akademi O365/banking/airflow/.venv/lib/python3.12/site-packages/airflow/example_dags/example_display_name.py
[2025-11-21T04:20:46.373+0500] {processor.py:925} INFO - DAG(s) 'example_display_name' retrieved from /mnt/c/Users/Raj/OneDrive - Åbo Akademi O365/banking/airflow/.venv/lib/python3.12/site-packages/airflow/example_dags/example_display_name.py
[2025-11-21T04:20:49.167+0500] {logging_mixin.py:190} INFO - [2025-11-21T04:20:49.164+0500] {override.py:1900} INFO - Created Permission View: can edit on DAG:example_display_name
[2025-11-21T04:20:49.225+0500] {logging_mixin.py:190} INFO - [2025-11-21T04:20:49.223+0500] {override.py:1900} INFO - Created Permission View: can delete on DAG:example_display_name
[2025-11-21T04:20:49.277+0500] {logging_mixin.py:190} INFO - [2025-11-21T04:20:49.275+0500] {override.py:1900} INFO - Created Permission View: can read on DAG:example_display_name
[2025-11-21T04:20:49.361+0500] {logging_mixin.py:190} INFO - [2025-11-21T04:20:49.357+0500] {override.py:1900} INFO - Created Permission View: can create on DAG Run:example_display_name
[2025-11-21T04:20:49.461+0500] {logging_mixin.py:190} INFO - [2025-11-21T04:20:49.459+0500] {override.py:1900} INFO - Created Permission View: menu access on DAG Run:example_display_name
[2025-11-21T04:20:49.635+0500] {logging_mixin.py:190} INFO - [2025-11-21T04:20:49.631+0500] {override.py:1900} INFO - Created Permission View: can delete on DAG Run:example_display_name
[2025-11-21T04:20:49.718+0500] {logging_mixin.py:190} INFO - [2025-11-21T04:20:49.716+0500] {override.py:1900} INFO - Created Permission View: can read on DAG Run:example_display_name
[2025-11-21T04:20:49.723+0500] {logging_mixin.py:190} INFO - [2025-11-21T04:20:49.721+0500] {dag.py:3239} INFO - Sync 1 DAGs
[2025-11-21T04:20:49.767+0500] {logging_mixin.py:190} INFO - [2025-11-21T04:20:49.765+0500] {dag.py:3262} INFO - Creating ORM DAG for example_display_name
[2025-11-21T04:20:49.770+0500] {logging_mixin.py:190} INFO - [2025-11-21T04:20:49.769+0500] {dag.py:4180} INFO - Setting next_dagrun for example_display_name to None, run_after=None
[2025-11-21T04:20:49.863+0500] {processor.py:208} INFO - Processing /mnt/c/Users/Raj/OneDrive - Åbo Akademi O365/banking/airflow/.venv/lib/python3.12/site-packages/airflow/example_dags/example_display_name.py took 3.652 seconds
[2025-11-21T04:23:21.712+0500] {processor.py:186} INFO - Started process (PID=17881) to work on /mnt/c/Users/Raj/OneDrive - Åbo Akademi O365/banking/airflow/.venv/lib/python3.12/site-packages/airflow/example_dags/example_display_name.py
[2025-11-21T04:23:21.715+0500] {processor.py:914} INFO - Processing file /mnt/c/Users/Raj/OneDrive - Åbo Akademi O365/banking/airflow/.venv/lib/python3.12/site-packages/airflow/example_dags/example_display_name.py for tasks to queue
[2025-11-21T04:23:21.720+0500] {logging_mixin.py:190} INFO - [2025-11-21T04:23:21.718+0500] {dagbag.py:588} INFO - Filling up the DagBag from /mnt/c/Users/Raj/OneDrive - Åbo Akademi O365/banking/airflow/.venv/lib/python3.12/site-packages/airflow/example_dags/example_display_name.py
[2025-11-21T04:23:21.821+0500] {processor.py:925} INFO - DAG(s) 'example_display_name' retrieved from /mnt/c/Users/Raj/OneDrive - Åbo Akademi O365/banking/airflow/.venv/lib/python3.12/site-packages/airflow/example_dags/example_display_name.py
[2025-11-21T04:23:21.862+0500] {logging_mixin.py:190} INFO - [2025-11-21T04:23:21.861+0500] {dag.py:3239} INFO - Sync 1 DAGs
[2025-11-21T04:23:21.889+0500] {logging_mixin.py:190} INFO - [2025-11-21T04:23:21.887+0500] {dag.py:4180} INFO - Setting next_dagrun for example_display_name to None, run_after=None
[2025-11-21T04:23:21.990+0500] {processor.py:208} INFO - Processing /mnt/c/Users/Raj/OneDrive - Åbo Akademi O365/banking/airflow/.venv/lib/python3.12/site-packages/airflow/example_dags/example_display_name.py took 0.295 seconds
[2025-11-21T04:25:49.186+0500] {processor.py:186} INFO - Started process (PID=17964) to work on /mnt/c/Users/Raj/OneDrive - Åbo Akademi O365/banking/airflow/.venv/lib/python3.12/site-packages/airflow/example_dags/example_display_name.py
[2025-11-21T04:25:49.195+0500] {processor.py:914} INFO - Processing file /mnt/c/Users/Raj/OneDrive - Åbo Akademi O365/banking/airflow/.venv/lib/python3.12/site-packages/airflow/example_dags/example_display_name.py for tasks to queue
[2025-11-21T04:25:49.207+0500] {logging_mixin.py:190} INFO - [2025-11-21T04:25:49.204+0500] {dagbag.py:588} INFO - Filling up the DagBag from /mnt/c/Users/Raj/OneDrive - Åbo Akademi O365/banking/airflow/.venv/lib/python3.12/site-packages/airflow/example_dags/example_display_name.py
[2025-11-21T04:25:49.347+0500] {processor.py:925} INFO - DAG(s) 'example_display_name' retrieved from /mnt/c/Users/Raj/OneDrive - Åbo Akademi O365/banking/airflow/.venv/lib/python3.12/site-packages/airflow/example_dags/example_display_name.py
[2025-11-21T04:25:49.390+0500] {logging_mixin.py:190} INFO - [2025-11-21T04:25:49.389+0500] {dag.py:3239} INFO - Sync 1 DAGs
[2025-11-21T04:25:49.414+0500] {logging_mixin.py:190} INFO - [2025-11-21T04:25:49.412+0500] {dag.py:4180} INFO - Setting next_dagrun for example_display_name to None, run_after=None
[2025-11-21T04:25:49.507+0500] {processor.py:208} INFO - Processing /mnt/c/Users/Raj/OneDrive - Åbo Akademi O365/banking/airflow/.venv/lib/python3.12/site-packages/airflow/example_dags/example_display_name.py took 0.392 seconds
[2025-11-21T04:28:12.670+0500] {processor.py:186} INFO - Started process (PID=18056) to work on /mnt/c/Users/Raj/OneDrive - Åbo Akademi O365/banking/airflow/.venv/lib/python3.12/site-packages/airflow/example_dags/example_display_name.py
[2025-11-21T04:28:12.672+0500] {processor.py:914} INFO - Processing file /mnt/c/Users/Raj/OneDrive - Åbo Akademi O365/banking/airflow/.venv/lib/python3.12/site-packages/airflow/example_dags/example_display_name.py for tasks to queue
[2025-11-21T04:28:12.681+0500] {logging_mixin.py:190} INFO - [2025-11-21T04:28:12.677+0500] {dagbag.py:588} INFO - Filling up the DagBag from /mnt/c/Users/Raj/OneDrive - Åbo Akademi O365/banking/airflow/.venv/lib/python3.12/site-packages/airflow/example_dags/example_display_name.py
[2025-11-21T04:28:12.882+0500] {processor.py:925} INFO - DAG(s) 'example_display_name' retrieved from /mnt/c/Users/Raj/OneDrive - Åbo Akademi O365/banking/airflow/.venv/lib/python3.12/site-packages/airflow/example_dags/example_display_name.py
[2025-11-21T04:28:12.966+0500] {logging_mixin.py:190} INFO - [2025-11-21T04:28:12.964+0500] {dag.py:3239} INFO - Sync 1 DAGs
[2025-11-21T04:28:12.997+0500] {logging_mixin.py:190} INFO - [2025-11-21T04:28:12.995+0500] {dag.py:4180} INFO - Setting next_dagrun for example_display_name to None, run_after=None
[2025-11-21T04:28:13.099+0500] {processor.py:208} INFO - Processing /mnt/c/Users/Raj/OneDrive - Åbo Akademi O365/banking/airflow/.venv/lib/python3.12/site-packages/airflow/example_dags/example_display_name.py took 0.452 seconds
[2025-11-21T04:31:09.569+0500] {processor.py:186} INFO - Started process (PID=18147) to work on /mnt/c/Users/Raj/OneDrive - Åbo Akademi O365/banking/airflow/.venv/lib/python3.12/site-packages/airflow/example_dags/example_display_name.py
[2025-11-21T04:31:09.576+0500] {processor.py:914} INFO - Processing file /mnt/c/Users/Raj/OneDrive - Åbo Akademi O365/banking/airflow/.venv/lib/python3.12/site-packages/airflow/example_dags/example_display_name.py for tasks to queue
[2025-11-21T04:31:09.592+0500] {logging_mixin.py:190} INFO - [2025-11-21T04:31:09.587+0500] {dagbag.py:588} INFO - Filling up the DagBag from /mnt/c/Users/Raj/OneDrive - Åbo Akademi O365/banking/airflow/.venv/lib/python3.12/site-packages/airflow/example_dags/example_display_name.py
[2025-11-21T04:31:09.857+0500] {processor.py:925} INFO - DAG(s) 'example_display_name' retrieved from /mnt/c/Users/Raj/OneDrive - Åbo Akademi O365/banking/airflow/.venv/lib/python3.12/site-packages/airflow/example_dags/example_display_name.py
[2025-11-21T04:31:09.931+0500] {logging_mixin.py:190} INFO - [2025-11-21T04:31:09.929+0500] {dag.py:3239} INFO - Sync 1 DAGs
[2025-11-21T04:31:10.123+0500] {logging_mixin.py:190} INFO - [2025-11-21T04:31:10.121+0500] {dag.py:4180} INFO - Setting next_dagrun for example_display_name to None, run_after=None
[2025-11-21T04:31:10.893+0500] {processor.py:208} INFO - Processing /mnt/c/Users/Raj/OneDrive - Åbo Akademi O365/banking/airflow/.venv/lib/python3.12/site-packages/airflow/example_dags/example_display_name.py took 0.701 seconds
[2025-11-21T04:33:47.834+0500] {processor.py:186} INFO - Started process (PID=18235) to work on /mnt/c/Users/Raj/OneDrive - Åbo Akademi O365/banking/airflow/.venv/lib/python3.12/site-packages/airflow/example_dags/example_display_name.py
[2025-11-21T04:33:47.837+0500] {processor.py:914} INFO - Processing file /mnt/c/Users/Raj/OneDrive - Åbo Akademi O365/banking/airflow/.venv/lib/python3.12/site-packages/airflow/example_dags/example_display_name.py for tasks to queue
[2025-11-21T04:33:47.843+0500] {logging_mixin.py:190} INFO - [2025-11-21T04:33:47.841+0500] {dagbag.py:588} INFO - Filling up the DagBag from /mnt/c/Users/Raj/OneDrive - Åbo Akademi O365/banking/airflow/.venv/lib/python3.12/site-packages/airflow/example_dags/example_display_name.py
[2025-11-21T04:33:47.962+0500] {processor.py:925} INFO - DAG(s) 'example_display_name' retrieved from /mnt/c/Users/Raj/OneDrive - Åbo Akademi O365/banking/airflow/.venv/lib/python3.12/site-packages/airflow/example_dags/example_display_name.py
[2025-11-21T04:33:48.016+0500] {logging_mixin.py:190} INFO - [2025-11-21T04:33:48.014+0500] {dag.py:3239} INFO - Sync 1 DAGs
[2025-11-21T04:33:48.051+0500] {logging_mixin.py:190} INFO - [2025-11-21T04:33:48.048+0500] {dag.py:4180} INFO - Setting next_dagrun for example_display_name to None, run_after=None
[2025-11-21T04:33:48.147+0500] {processor.py:208} INFO - Processing /mnt/c/Users/Raj/OneDrive - Åbo Akademi O365/banking/airflow/.venv/lib/python3.12/site-packages/airflow/example_dags/example_display_name.py took 0.336 seconds
[2025-11-21T04:36:30.007+0500] {processor.py:186} INFO - Started process (PID=18651) to work on /mnt/c/Users/Raj/OneDrive - Åbo Akademi O365/banking/airflow/.venv/lib/python3.12/site-packages/airflow/example_dags/example_display_name.py
[2025-11-21T04:36:30.012+0500] {processor.py:914} INFO - Processing file /mnt/c/Users/Raj/OneDrive - Åbo Akademi O365/banking/airflow/.venv/lib/python3.12/site-packages/airflow/example_dags/example_display_name.py for tasks to queue
[2025-11-21T04:36:30.022+0500] {logging_mixin.py:190} INFO - [2025-11-21T04:36:30.018+0500] {dagbag.py:588} INFO - Filling up the DagBag from /mnt/c/Users/Raj/OneDrive - Åbo Akademi O365/banking/airflow/.venv/lib/python3.12/site-packages/airflow/example_dags/example_display_name.py
[2025-11-21T04:36:30.227+0500] {processor.py:925} INFO - DAG(s) 'example_display_name' retrieved from /mnt/c/Users/Raj/OneDrive - Åbo Akademi O365/banking/airflow/.venv/lib/python3.12/site-packages/airflow/example_dags/example_display_name.py
[2025-11-21T04:36:30.276+0500] {logging_mixin.py:190} INFO - [2025-11-21T04:36:30.275+0500] {dag.py:3239} INFO - Sync 1 DAGs
[2025-11-21T04:36:30.298+0500] {logging_mixin.py:190} INFO - [2025-11-21T04:36:30.297+0500] {dag.py:4180} INFO - Setting next_dagrun for example_display_name to None, run_after=None
[2025-11-21T04:36:30.397+0500] {processor.py:208} INFO - Processing /mnt/c/Users/Raj/OneDrive - Åbo Akademi O365/banking/airflow/.venv/lib/python3.12/site-packages/airflow/example_dags/example_display_name.py took 0.428 seconds
[2025-11-21T04:39:05.740+0500] {processor.py:186} INFO - Started process (PID=18795) to work on /mnt/c/Users/Raj/OneDrive - Åbo Akademi O365/banking/airflow/.venv/lib/python3.12/site-packages/airflow/example_dags/example_display_name.py
[2025-11-21T04:39:05.744+0500] {processor.py:914} INFO - Processing file /mnt/c/Users/Raj/OneDrive - Åbo Akademi O365/banking/airflow/.venv/lib/python3.12/site-packages/airflow/example_dags/example_display_name.py for tasks to queue
[2025-11-21T04:39:05.753+0500] {logging_mixin.py:190} INFO - [2025-11-21T04:39:05.750+0500] {dagbag.py:588} INFO - Filling up the DagBag from /mnt/c/Users/Raj/OneDrive - Åbo Akademi O365/banking/airflow/.venv/lib/python3.12/site-packages/airflow/example_dags/example_display_name.py
[2025-11-21T04:39:06.195+0500] {processor.py:925} INFO - DAG(s) 'example_display_name' retrieved from /mnt/c/Users/Raj/OneDrive - Åbo Akademi O365/banking/airflow/.venv/lib/python3.12/site-packages/airflow/example_dags/example_display_name.py
[2025-11-21T04:39:07.028+0500] {logging_mixin.py:190} INFO - [2025-11-21T04:39:07.014+0500] {dag.py:3239} INFO - Sync 1 DAGs
[2025-11-21T04:39:07.110+0500] {logging_mixin.py:190} INFO - [2025-11-21T04:39:07.104+0500] {dag.py:4180} INFO - Setting next_dagrun for example_display_name to None, run_after=None
[2025-11-21T04:39:07.414+0500] {processor.py:208} INFO - Processing /mnt/c/Users/Raj/OneDrive - Åbo Akademi O365/banking/airflow/.venv/lib/python3.12/site-packages/airflow/example_dags/example_display_name.py took 1.708 seconds
