[2025-11-21T04:20:16.079+0500] {processor.py:186} INFO - Started process (PID=17808) to work on /mnt/c/Users/Raj/OneDrive - Åbo Akademi O365/banking/airflow/.venv/lib/python3.12/site-packages/airflow/example_dags/example_latest_only_with_trigger.py
[2025-11-21T04:20:16.084+0500] {processor.py:914} INFO - Processing file /mnt/c/Users/Raj/OneDrive - Åbo Akademi O365/banking/airflow/.venv/lib/python3.12/site-packages/airflow/example_dags/example_latest_only_with_trigger.py for tasks to queue
[2025-11-21T04:20:16.095+0500] {logging_mixin.py:190} INFO - [2025-11-21T04:20:16.092+0500] {dagbag.py:588} INFO - Filling up the DagBag from /mnt/c/Users/Raj/OneDrive - Åbo Akademi O365/banking/airflow/.venv/lib/python3.12/site-packages/airflow/example_dags/example_latest_only_with_trigger.py
[2025-11-21T04:20:16.303+0500] {processor.py:925} INFO - DAG(s) 'latest_only_with_trigger' retrieved from /mnt/c/Users/Raj/OneDrive - Åbo Akademi O365/banking/airflow/.venv/lib/python3.12/site-packages/airflow/example_dags/example_latest_only_with_trigger.py
[2025-11-21T04:20:18.915+0500] {logging_mixin.py:190} INFO - [2025-11-21T04:20:18.911+0500] {override.py:1900} INFO - Created Permission View: can edit on DAG:latest_only_with_trigger
[2025-11-21T04:20:18.980+0500] {logging_mixin.py:190} INFO - [2025-11-21T04:20:18.977+0500] {override.py:1900} INFO - Created Permission View: can delete on DAG:latest_only_with_trigger
[2025-11-21T04:20:19.039+0500] {logging_mixin.py:190} INFO - [2025-11-21T04:20:19.035+0500] {override.py:1900} INFO - Created Permission View: can read on DAG:latest_only_with_trigger
[2025-11-21T04:20:19.139+0500] {logging_mixin.py:190} INFO - [2025-11-21T04:20:19.137+0500] {override.py:1900} INFO - Created Permission View: can create on DAG Run:latest_only_with_trigger
[2025-11-21T04:20:19.191+0500] {logging_mixin.py:190} INFO - [2025-11-21T04:20:19.189+0500] {override.py:1900} INFO - Created Permission View: menu access on DAG Run:latest_only_with_trigger
[2025-11-21T04:20:19.258+0500] {logging_mixin.py:190} INFO - [2025-11-21T04:20:19.255+0500] {override.py:1900} INFO - Created Permission View: can delete on DAG Run:latest_only_with_trigger
[2025-11-21T04:20:19.310+0500] {logging_mixin.py:190} INFO - [2025-11-21T04:20:19.307+0500] {override.py:1900} INFO - Created Permission View: can read on DAG Run:latest_only_with_trigger
[2025-11-21T04:20:19.313+0500] {logging_mixin.py:190} INFO - [2025-11-21T04:20:19.311+0500] {dag.py:3239} INFO - Sync 1 DAGs
[2025-11-21T04:20:19.341+0500] {logging_mixin.py:190} INFO - [2025-11-21T04:20:19.340+0500] {dag.py:3262} INFO - Creating ORM DAG for latest_only_with_trigger
[2025-11-21T04:20:19.366+0500] {logging_mixin.py:190} INFO - [2025-11-21T04:20:19.365+0500] {dag.py:4180} INFO - Setting next_dagrun for latest_only_with_trigger to 2025-11-20 16:00:00+00:00, run_after=2025-11-20 20:00:00+00:00
[2025-11-21T04:20:19.454+0500] {processor.py:208} INFO - Processing /mnt/c/Users/Raj/OneDrive - Åbo Akademi O365/banking/airflow/.venv/lib/python3.12/site-packages/airflow/example_dags/example_latest_only_with_trigger.py took 3.414 seconds
[2025-11-21T04:23:09.588+0500] {processor.py:186} INFO - Started process (PID=17874) to work on /mnt/c/Users/Raj/OneDrive - Åbo Akademi O365/banking/airflow/.venv/lib/python3.12/site-packages/airflow/example_dags/example_latest_only_with_trigger.py
[2025-11-21T04:23:09.596+0500] {processor.py:914} INFO - Processing file /mnt/c/Users/Raj/OneDrive - Åbo Akademi O365/banking/airflow/.venv/lib/python3.12/site-packages/airflow/example_dags/example_latest_only_with_trigger.py for tasks to queue
[2025-11-21T04:23:09.610+0500] {logging_mixin.py:190} INFO - [2025-11-21T04:23:09.605+0500] {dagbag.py:588} INFO - Filling up the DagBag from /mnt/c/Users/Raj/OneDrive - Åbo Akademi O365/banking/airflow/.venv/lib/python3.12/site-packages/airflow/example_dags/example_latest_only_with_trigger.py
[2025-11-21T04:23:09.800+0500] {processor.py:925} INFO - DAG(s) 'latest_only_with_trigger' retrieved from /mnt/c/Users/Raj/OneDrive - Åbo Akademi O365/banking/airflow/.venv/lib/python3.12/site-packages/airflow/example_dags/example_latest_only_with_trigger.py
[2025-11-21T04:23:09.872+0500] {logging_mixin.py:190} INFO - [2025-11-21T04:23:09.870+0500] {dag.py:3239} INFO - Sync 1 DAGs
[2025-11-21T04:23:09.941+0500] {logging_mixin.py:190} INFO - [2025-11-21T04:23:09.940+0500] {dag.py:4180} INFO - Setting next_dagrun for latest_only_with_trigger to 2025-11-20 16:00:00+00:00, run_after=2025-11-20 20:00:00+00:00
[2025-11-21T04:23:10.051+0500] {processor.py:208} INFO - Processing /mnt/c/Users/Raj/OneDrive - Åbo Akademi O365/banking/airflow/.venv/lib/python3.12/site-packages/airflow/example_dags/example_latest_only_with_trigger.py took 0.507 seconds
[2025-11-21T04:25:36.376+0500] {processor.py:186} INFO - Started process (PID=17957) to work on /mnt/c/Users/Raj/OneDrive - Åbo Akademi O365/banking/airflow/.venv/lib/python3.12/site-packages/airflow/example_dags/example_latest_only_with_trigger.py
[2025-11-21T04:25:36.379+0500] {processor.py:914} INFO - Processing file /mnt/c/Users/Raj/OneDrive - Åbo Akademi O365/banking/airflow/.venv/lib/python3.12/site-packages/airflow/example_dags/example_latest_only_with_trigger.py for tasks to queue
[2025-11-21T04:25:36.385+0500] {logging_mixin.py:190} INFO - [2025-11-21T04:25:36.383+0500] {dagbag.py:588} INFO - Filling up the DagBag from /mnt/c/Users/Raj/OneDrive - Åbo Akademi O365/banking/airflow/.venv/lib/python3.12/site-packages/airflow/example_dags/example_latest_only_with_trigger.py
[2025-11-21T04:25:36.588+0500] {processor.py:925} INFO - DAG(s) 'latest_only_with_trigger' retrieved from /mnt/c/Users/Raj/OneDrive - Åbo Akademi O365/banking/airflow/.venv/lib/python3.12/site-packages/airflow/example_dags/example_latest_only_with_trigger.py
[2025-11-21T04:25:36.696+0500] {logging_mixin.py:190} INFO - [2025-11-21T04:25:36.694+0500] {dag.py:3239} INFO - Sync 1 DAGs
[2025-11-21T04:25:36.788+0500] {logging_mixin.py:190} INFO - [2025-11-21T04:25:36.786+0500] {dag.py:4180} INFO - Setting next_dagrun for latest_only_with_trigger to 2025-11-20 16:00:00+00:00, run_after=2025-11-20 20:00:00+00:00
[2025-11-21T04:25:36.954+0500] {processor.py:208} INFO - Processing /mnt/c/Users/Raj/OneDrive - Åbo Akademi O365/banking/airflow/.venv/lib/python3.12/site-packages/airflow/example_dags/example_latest_only_with_trigger.py took 0.597 seconds
[2025-11-21T04:27:59.961+0500] {processor.py:186} INFO - Started process (PID=18049) to work on /mnt/c/Users/Raj/OneDrive - Åbo Akademi O365/banking/airflow/.venv/lib/python3.12/site-packages/airflow/example_dags/example_latest_only_with_trigger.py
[2025-11-21T04:27:59.963+0500] {processor.py:914} INFO - Processing file /mnt/c/Users/Raj/OneDrive - Åbo Akademi O365/banking/airflow/.venv/lib/python3.12/site-packages/airflow/example_dags/example_latest_only_with_trigger.py for tasks to queue
[2025-11-21T04:27:59.970+0500] {logging_mixin.py:190} INFO - [2025-11-21T04:27:59.967+0500] {dagbag.py:588} INFO - Filling up the DagBag from /mnt/c/Users/Raj/OneDrive - Åbo Akademi O365/banking/airflow/.venv/lib/python3.12/site-packages/airflow/example_dags/example_latest_only_with_trigger.py
[2025-11-21T04:28:00.071+0500] {processor.py:925} INFO - DAG(s) 'latest_only_with_trigger' retrieved from /mnt/c/Users/Raj/OneDrive - Åbo Akademi O365/banking/airflow/.venv/lib/python3.12/site-packages/airflow/example_dags/example_latest_only_with_trigger.py
[2025-11-21T04:28:00.124+0500] {logging_mixin.py:190} INFO - [2025-11-21T04:28:00.122+0500] {dag.py:3239} INFO - Sync 1 DAGs
[2025-11-21T04:28:00.177+0500] {logging_mixin.py:190} INFO - [2025-11-21T04:28:00.175+0500] {dag.py:4180} INFO - Setting next_dagrun for latest_only_with_trigger to 2025-11-20 16:00:00+00:00, run_after=2025-11-20 20:00:00+00:00
[2025-11-21T04:28:00.269+0500] {processor.py:208} INFO - Processing /mnt/c/Users/Raj/OneDrive - Åbo Akademi O365/banking/airflow/.venv/lib/python3.12/site-packages/airflow/example_dags/example_latest_only_with_trigger.py took 0.328 seconds
[2025-11-21T04:29:35.378+0500] {processor.py:186} INFO - Started process (PID=18105) to work on /mnt/c/Users/Raj/OneDrive - Åbo Akademi O365/banking/airflow/.venv/lib/python3.12/site-packages/airflow/example_dags/example_latest_only_with_trigger.py
[2025-11-21T04:29:35.382+0500] {processor.py:914} INFO - Processing file /mnt/c/Users/Raj/OneDrive - Åbo Akademi O365/banking/airflow/.venv/lib/python3.12/site-packages/airflow/example_dags/example_latest_only_with_trigger.py for tasks to queue
[2025-11-21T04:29:35.392+0500] {logging_mixin.py:190} INFO - [2025-11-21T04:29:35.390+0500] {dagbag.py:588} INFO - Filling up the DagBag from /mnt/c/Users/Raj/OneDrive - Åbo Akademi O365/banking/airflow/.venv/lib/python3.12/site-packages/airflow/example_dags/example_latest_only_with_trigger.py
[2025-11-21T04:29:35.518+0500] {processor.py:925} INFO - DAG(s) 'latest_only_with_trigger' retrieved from /mnt/c/Users/Raj/OneDrive - Åbo Akademi O365/banking/airflow/.venv/lib/python3.12/site-packages/airflow/example_dags/example_latest_only_with_trigger.py
[2025-11-21T04:29:35.578+0500] {logging_mixin.py:190} INFO - [2025-11-21T04:29:35.576+0500] {dag.py:3239} INFO - Sync 1 DAGs
[2025-11-21T04:29:35.935+0500] {logging_mixin.py:190} INFO - [2025-11-21T04:29:35.932+0500] {dag.py:4180} INFO - Setting next_dagrun for latest_only_with_trigger to 2025-11-20 16:00:00+00:00, run_after=2025-11-20 20:00:00+00:00
[2025-11-21T04:29:36.261+0500] {processor.py:208} INFO - Processing /mnt/c/Users/Raj/OneDrive - Åbo Akademi O365/banking/airflow/.venv/lib/python3.12/site-packages/airflow/example_dags/example_latest_only_with_trigger.py took 0.922 seconds
[2025-11-21T04:32:29.279+0500] {processor.py:186} INFO - Started process (PID=18192) to work on /mnt/c/Users/Raj/OneDrive - Åbo Akademi O365/banking/airflow/.venv/lib/python3.12/site-packages/airflow/example_dags/example_latest_only_with_trigger.py
[2025-11-21T04:32:29.283+0500] {processor.py:914} INFO - Processing file /mnt/c/Users/Raj/OneDrive - Åbo Akademi O365/banking/airflow/.venv/lib/python3.12/site-packages/airflow/example_dags/example_latest_only_with_trigger.py for tasks to queue
[2025-11-21T04:32:29.291+0500] {logging_mixin.py:190} INFO - [2025-11-21T04:32:29.289+0500] {dagbag.py:588} INFO - Filling up the DagBag from /mnt/c/Users/Raj/OneDrive - Åbo Akademi O365/banking/airflow/.venv/lib/python3.12/site-packages/airflow/example_dags/example_latest_only_with_trigger.py
[2025-11-21T04:32:29.397+0500] {processor.py:925} INFO - DAG(s) 'latest_only_with_trigger' retrieved from /mnt/c/Users/Raj/OneDrive - Åbo Akademi O365/banking/airflow/.venv/lib/python3.12/site-packages/airflow/example_dags/example_latest_only_with_trigger.py
[2025-11-21T04:32:29.444+0500] {logging_mixin.py:190} INFO - [2025-11-21T04:32:29.443+0500] {dag.py:3239} INFO - Sync 1 DAGs
[2025-11-21T04:32:29.497+0500] {logging_mixin.py:190} INFO - [2025-11-21T04:32:29.496+0500] {dag.py:4180} INFO - Setting next_dagrun for latest_only_with_trigger to 2025-11-20 16:00:00+00:00, run_after=2025-11-20 20:00:00+00:00
[2025-11-21T04:32:29.589+0500] {processor.py:208} INFO - Processing /mnt/c/Users/Raj/OneDrive - Åbo Akademi O365/banking/airflow/.venv/lib/python3.12/site-packages/airflow/example_dags/example_latest_only_with_trigger.py took 0.333 seconds
[2025-11-21T04:35:08.556+0500] {processor.py:186} INFO - Started process (PID=18278) to work on /mnt/c/Users/Raj/OneDrive - Åbo Akademi O365/banking/airflow/.venv/lib/python3.12/site-packages/airflow/example_dags/example_latest_only_with_trigger.py
[2025-11-21T04:35:08.562+0500] {processor.py:914} INFO - Processing file /mnt/c/Users/Raj/OneDrive - Åbo Akademi O365/banking/airflow/.venv/lib/python3.12/site-packages/airflow/example_dags/example_latest_only_with_trigger.py for tasks to queue
[2025-11-21T04:35:08.571+0500] {logging_mixin.py:190} INFO - [2025-11-21T04:35:08.567+0500] {dagbag.py:588} INFO - Filling up the DagBag from /mnt/c/Users/Raj/OneDrive - Åbo Akademi O365/banking/airflow/.venv/lib/python3.12/site-packages/airflow/example_dags/example_latest_only_with_trigger.py
[2025-11-21T04:35:08.750+0500] {processor.py:925} INFO - DAG(s) 'latest_only_with_trigger' retrieved from /mnt/c/Users/Raj/OneDrive - Åbo Akademi O365/banking/airflow/.venv/lib/python3.12/site-packages/airflow/example_dags/example_latest_only_with_trigger.py
[2025-11-21T04:35:08.795+0500] {logging_mixin.py:190} INFO - [2025-11-21T04:35:08.794+0500] {dag.py:3239} INFO - Sync 1 DAGs
[2025-11-21T04:35:08.839+0500] {logging_mixin.py:190} INFO - [2025-11-21T04:35:08.838+0500] {dag.py:4180} INFO - Setting next_dagrun for latest_only_with_trigger to 2025-11-20 16:00:00+00:00, run_after=2025-11-20 20:00:00+00:00
[2025-11-21T04:35:08.930+0500] {processor.py:208} INFO - Processing /mnt/c/Users/Raj/OneDrive - Åbo Akademi O365/banking/airflow/.venv/lib/python3.12/site-packages/airflow/example_dags/example_latest_only_with_trigger.py took 0.412 seconds
[2025-11-21T04:37:52.481+0500] {processor.py:186} INFO - Started process (PID=18750) to work on /mnt/c/Users/Raj/OneDrive - Åbo Akademi O365/banking/airflow/.venv/lib/python3.12/site-packages/airflow/example_dags/example_latest_only_with_trigger.py
[2025-11-21T04:37:52.485+0500] {processor.py:914} INFO - Processing file /mnt/c/Users/Raj/OneDrive - Åbo Akademi O365/banking/airflow/.venv/lib/python3.12/site-packages/airflow/example_dags/example_latest_only_with_trigger.py for tasks to queue
[2025-11-21T04:37:52.493+0500] {logging_mixin.py:190} INFO - [2025-11-21T04:37:52.489+0500] {dagbag.py:588} INFO - Filling up the DagBag from /mnt/c/Users/Raj/OneDrive - Åbo Akademi O365/banking/airflow/.venv/lib/python3.12/site-packages/airflow/example_dags/example_latest_only_with_trigger.py
[2025-11-21T04:37:52.687+0500] {processor.py:925} INFO - DAG(s) 'latest_only_with_trigger' retrieved from /mnt/c/Users/Raj/OneDrive - Åbo Akademi O365/banking/airflow/.venv/lib/python3.12/site-packages/airflow/example_dags/example_latest_only_with_trigger.py
[2025-11-21T04:37:52.765+0500] {logging_mixin.py:190} INFO - [2025-11-21T04:37:52.761+0500] {dag.py:3239} INFO - Sync 1 DAGs
[2025-11-21T04:37:52.841+0500] {logging_mixin.py:190} INFO - [2025-11-21T04:37:52.839+0500] {dag.py:4180} INFO - Setting next_dagrun for latest_only_with_trigger to 2025-11-20 16:00:00+00:00, run_after=2025-11-20 20:00:00+00:00
[2025-11-21T04:37:52.973+0500] {processor.py:208} INFO - Processing /mnt/c/Users/Raj/OneDrive - Åbo Akademi O365/banking/airflow/.venv/lib/python3.12/site-packages/airflow/example_dags/example_latest_only_with_trigger.py took 0.515 seconds
