[2025-11-21T04:18:56.165+0500] {processor.py:186} INFO - Started process (PID=17788) to work on /mnt/c/Users/Raj/OneDrive - Åbo Akademi O365/banking/airflow/.venv/lib/python3.12/site-packages/airflow/example_dags/example_task_group.py
[2025-11-21T04:18:56.169+0500] {processor.py:914} INFO - Processing file /mnt/c/Users/Raj/OneDrive - Åbo Akademi O365/banking/airflow/.venv/lib/python3.12/site-packages/airflow/example_dags/example_task_group.py for tasks to queue
[2025-11-21T04:18:56.177+0500] {logging_mixin.py:190} INFO - [2025-11-21T04:18:56.175+0500] {dagbag.py:588} INFO - Filling up the DagBag from /mnt/c/Users/Raj/OneDrive - Åbo Akademi O365/banking/airflow/.venv/lib/python3.12/site-packages/airflow/example_dags/example_task_group.py
[2025-11-21T04:18:56.290+0500] {processor.py:925} INFO - DAG(s) 'example_task_group' retrieved from /mnt/c/Users/Raj/OneDrive - Åbo Akademi O365/banking/airflow/.venv/lib/python3.12/site-packages/airflow/example_dags/example_task_group.py
[2025-11-21T04:18:58.782+0500] {logging_mixin.py:190} INFO - [2025-11-21T04:18:58.779+0500] {override.py:1900} INFO - Created Permission View: can edit on DAG:example_task_group
[2025-11-21T04:18:58.833+0500] {logging_mixin.py:190} INFO - [2025-11-21T04:18:58.831+0500] {override.py:1900} INFO - Created Permission View: can delete on DAG:example_task_group
[2025-11-21T04:18:58.888+0500] {logging_mixin.py:190} INFO - [2025-11-21T04:18:58.886+0500] {override.py:1900} INFO - Created Permission View: can read on DAG:example_task_group
[2025-11-21T04:18:58.978+0500] {logging_mixin.py:190} INFO - [2025-11-21T04:18:58.976+0500] {override.py:1900} INFO - Created Permission View: can create on DAG Run:example_task_group
[2025-11-21T04:18:59.047+0500] {logging_mixin.py:190} INFO - [2025-11-21T04:18:59.045+0500] {override.py:1900} INFO - Created Permission View: menu access on DAG Run:example_task_group
[2025-11-21T04:18:59.115+0500] {logging_mixin.py:190} INFO - [2025-11-21T04:18:59.112+0500] {override.py:1900} INFO - Created Permission View: can delete on DAG Run:example_task_group
[2025-11-21T04:18:59.179+0500] {logging_mixin.py:190} INFO - [2025-11-21T04:18:59.175+0500] {override.py:1900} INFO - Created Permission View: can read on DAG Run:example_task_group
[2025-11-21T04:18:59.183+0500] {logging_mixin.py:190} INFO - [2025-11-21T04:18:59.181+0500] {dag.py:3239} INFO - Sync 1 DAGs
[2025-11-21T04:18:59.225+0500] {logging_mixin.py:190} INFO - [2025-11-21T04:18:59.223+0500] {dag.py:3262} INFO - Creating ORM DAG for example_task_group
[2025-11-21T04:18:59.228+0500] {logging_mixin.py:190} INFO - [2025-11-21T04:18:59.226+0500] {dag.py:4180} INFO - Setting next_dagrun for example_task_group to None, run_after=None
[2025-11-21T04:18:59.317+0500] {processor.py:208} INFO - Processing /mnt/c/Users/Raj/OneDrive - Åbo Akademi O365/banking/airflow/.venv/lib/python3.12/site-packages/airflow/example_dags/example_task_group.py took 3.175 seconds
[2025-11-21T04:22:34.051+0500] {processor.py:186} INFO - Started process (PID=17856) to work on /mnt/c/Users/Raj/OneDrive - Åbo Akademi O365/banking/airflow/.venv/lib/python3.12/site-packages/airflow/example_dags/example_task_group.py
[2025-11-21T04:22:34.054+0500] {processor.py:914} INFO - Processing file /mnt/c/Users/Raj/OneDrive - Åbo Akademi O365/banking/airflow/.venv/lib/python3.12/site-packages/airflow/example_dags/example_task_group.py for tasks to queue
[2025-11-21T04:22:34.061+0500] {logging_mixin.py:190} INFO - [2025-11-21T04:22:34.059+0500] {dagbag.py:588} INFO - Filling up the DagBag from /mnt/c/Users/Raj/OneDrive - Åbo Akademi O365/banking/airflow/.venv/lib/python3.12/site-packages/airflow/example_dags/example_task_group.py
[2025-11-21T04:22:34.164+0500] {processor.py:925} INFO - DAG(s) 'example_task_group' retrieved from /mnt/c/Users/Raj/OneDrive - Åbo Akademi O365/banking/airflow/.venv/lib/python3.12/site-packages/airflow/example_dags/example_task_group.py
[2025-11-21T04:22:34.210+0500] {logging_mixin.py:190} INFO - [2025-11-21T04:22:34.208+0500] {dag.py:3239} INFO - Sync 1 DAGs
[2025-11-21T04:22:34.232+0500] {logging_mixin.py:190} INFO - [2025-11-21T04:22:34.230+0500] {dag.py:4180} INFO - Setting next_dagrun for example_task_group to None, run_after=None
[2025-11-21T04:22:34.324+0500] {processor.py:208} INFO - Processing /mnt/c/Users/Raj/OneDrive - Åbo Akademi O365/banking/airflow/.venv/lib/python3.12/site-packages/airflow/example_dags/example_task_group.py took 0.293 seconds
[2025-11-21T04:24:10.206+0500] {processor.py:186} INFO - Started process (PID=17908) to work on /mnt/c/Users/Raj/OneDrive - Åbo Akademi O365/banking/airflow/.venv/lib/python3.12/site-packages/airflow/example_dags/example_task_group.py
[2025-11-21T04:24:10.209+0500] {processor.py:914} INFO - Processing file /mnt/c/Users/Raj/OneDrive - Åbo Akademi O365/banking/airflow/.venv/lib/python3.12/site-packages/airflow/example_dags/example_task_group.py for tasks to queue
[2025-11-21T04:24:10.216+0500] {logging_mixin.py:190} INFO - [2025-11-21T04:24:10.214+0500] {dagbag.py:588} INFO - Filling up the DagBag from /mnt/c/Users/Raj/OneDrive - Åbo Akademi O365/banking/airflow/.venv/lib/python3.12/site-packages/airflow/example_dags/example_task_group.py
[2025-11-21T04:24:10.314+0500] {processor.py:925} INFO - DAG(s) 'example_task_group' retrieved from /mnt/c/Users/Raj/OneDrive - Åbo Akademi O365/banking/airflow/.venv/lib/python3.12/site-packages/airflow/example_dags/example_task_group.py
[2025-11-21T04:24:10.362+0500] {logging_mixin.py:190} INFO - [2025-11-21T04:24:10.360+0500] {dag.py:3239} INFO - Sync 1 DAGs
[2025-11-21T04:24:10.386+0500] {logging_mixin.py:190} INFO - [2025-11-21T04:24:10.384+0500] {dag.py:4180} INFO - Setting next_dagrun for example_task_group to None, run_after=None
[2025-11-21T04:24:10.478+0500] {processor.py:208} INFO - Processing /mnt/c/Users/Raj/OneDrive - Åbo Akademi O365/banking/airflow/.venv/lib/python3.12/site-packages/airflow/example_dags/example_task_group.py took 0.290 seconds
[2025-11-21T04:25:22.964+0500] {processor.py:186} INFO - Started process (PID=17949) to work on /mnt/c/Users/Raj/OneDrive - Åbo Akademi O365/banking/airflow/.venv/lib/python3.12/site-packages/airflow/example_dags/example_task_group.py
[2025-11-21T04:25:22.971+0500] {processor.py:914} INFO - Processing file /mnt/c/Users/Raj/OneDrive - Åbo Akademi O365/banking/airflow/.venv/lib/python3.12/site-packages/airflow/example_dags/example_task_group.py for tasks to queue
[2025-11-21T04:25:22.995+0500] {logging_mixin.py:190} INFO - [2025-11-21T04:25:22.990+0500] {dagbag.py:588} INFO - Filling up the DagBag from /mnt/c/Users/Raj/OneDrive - Åbo Akademi O365/banking/airflow/.venv/lib/python3.12/site-packages/airflow/example_dags/example_task_group.py
[2025-11-21T04:25:23.165+0500] {processor.py:925} INFO - DAG(s) 'example_task_group' retrieved from /mnt/c/Users/Raj/OneDrive - Åbo Akademi O365/banking/airflow/.venv/lib/python3.12/site-packages/airflow/example_dags/example_task_group.py
[2025-11-21T04:25:23.227+0500] {logging_mixin.py:190} INFO - [2025-11-21T04:25:23.223+0500] {dag.py:3239} INFO - Sync 1 DAGs
[2025-11-21T04:25:23.264+0500] {logging_mixin.py:190} INFO - [2025-11-21T04:25:23.262+0500] {dag.py:4180} INFO - Setting next_dagrun for example_task_group to None, run_after=None
[2025-11-21T04:25:23.386+0500] {processor.py:208} INFO - Processing /mnt/c/Users/Raj/OneDrive - Åbo Akademi O365/banking/airflow/.venv/lib/python3.12/site-packages/airflow/example_dags/example_task_group.py took 0.462 seconds
[2025-11-21T04:26:33.537+0500] {processor.py:186} INFO - Started process (PID=17997) to work on /mnt/c/Users/Raj/OneDrive - Åbo Akademi O365/banking/airflow/.venv/lib/python3.12/site-packages/airflow/example_dags/example_task_group.py
[2025-11-21T04:26:33.543+0500] {processor.py:914} INFO - Processing file /mnt/c/Users/Raj/OneDrive - Åbo Akademi O365/banking/airflow/.venv/lib/python3.12/site-packages/airflow/example_dags/example_task_group.py for tasks to queue
[2025-11-21T04:26:33.551+0500] {logging_mixin.py:190} INFO - [2025-11-21T04:26:33.548+0500] {dagbag.py:588} INFO - Filling up the DagBag from /mnt/c/Users/Raj/OneDrive - Åbo Akademi O365/banking/airflow/.venv/lib/python3.12/site-packages/airflow/example_dags/example_task_group.py
[2025-11-21T04:26:33.714+0500] {processor.py:925} INFO - DAG(s) 'example_task_group' retrieved from /mnt/c/Users/Raj/OneDrive - Åbo Akademi O365/banking/airflow/.venv/lib/python3.12/site-packages/airflow/example_dags/example_task_group.py
[2025-11-21T04:26:33.797+0500] {logging_mixin.py:190} INFO - [2025-11-21T04:26:33.795+0500] {dag.py:3239} INFO - Sync 1 DAGs
[2025-11-21T04:26:33.840+0500] {logging_mixin.py:190} INFO - [2025-11-21T04:26:33.838+0500] {dag.py:4180} INFO - Setting next_dagrun for example_task_group to None, run_after=None
[2025-11-21T04:26:33.991+0500] {processor.py:208} INFO - Processing /mnt/c/Users/Raj/OneDrive - Åbo Akademi O365/banking/airflow/.venv/lib/python3.12/site-packages/airflow/example_dags/example_task_group.py took 0.480 seconds
[2025-11-21T04:27:42.499+0500] {processor.py:186} INFO - Started process (PID=18041) to work on /mnt/c/Users/Raj/OneDrive - Åbo Akademi O365/banking/airflow/.venv/lib/python3.12/site-packages/airflow/example_dags/example_task_group.py
[2025-11-21T04:27:42.501+0500] {processor.py:914} INFO - Processing file /mnt/c/Users/Raj/OneDrive - Åbo Akademi O365/banking/airflow/.venv/lib/python3.12/site-packages/airflow/example_dags/example_task_group.py for tasks to queue
[2025-11-21T04:27:42.508+0500] {logging_mixin.py:190} INFO - [2025-11-21T04:27:42.506+0500] {dagbag.py:588} INFO - Filling up the DagBag from /mnt/c/Users/Raj/OneDrive - Åbo Akademi O365/banking/airflow/.venv/lib/python3.12/site-packages/airflow/example_dags/example_task_group.py
[2025-11-21T04:27:42.629+0500] {processor.py:925} INFO - DAG(s) 'example_task_group' retrieved from /mnt/c/Users/Raj/OneDrive - Åbo Akademi O365/banking/airflow/.venv/lib/python3.12/site-packages/airflow/example_dags/example_task_group.py
[2025-11-21T04:27:42.691+0500] {logging_mixin.py:190} INFO - [2025-11-21T04:27:42.689+0500] {dag.py:3239} INFO - Sync 1 DAGs
[2025-11-21T04:27:42.727+0500] {logging_mixin.py:190} INFO - [2025-11-21T04:27:42.725+0500] {dag.py:4180} INFO - Setting next_dagrun for example_task_group to None, run_after=None
[2025-11-21T04:27:42.833+0500] {processor.py:208} INFO - Processing /mnt/c/Users/Raj/OneDrive - Åbo Akademi O365/banking/airflow/.venv/lib/python3.12/site-packages/airflow/example_dags/example_task_group.py took 0.356 seconds
[2025-11-21T04:29:03.613+0500] {processor.py:186} INFO - Started process (PID=18085) to work on /mnt/c/Users/Raj/OneDrive - Åbo Akademi O365/banking/airflow/.venv/lib/python3.12/site-packages/airflow/example_dags/example_task_group.py
[2025-11-21T04:29:03.617+0500] {processor.py:914} INFO - Processing file /mnt/c/Users/Raj/OneDrive - Åbo Akademi O365/banking/airflow/.venv/lib/python3.12/site-packages/airflow/example_dags/example_task_group.py for tasks to queue
[2025-11-21T04:29:03.627+0500] {logging_mixin.py:190} INFO - [2025-11-21T04:29:03.625+0500] {dagbag.py:588} INFO - Filling up the DagBag from /mnt/c/Users/Raj/OneDrive - Åbo Akademi O365/banking/airflow/.venv/lib/python3.12/site-packages/airflow/example_dags/example_task_group.py
[2025-11-21T04:29:03.844+0500] {processor.py:925} INFO - DAG(s) 'example_task_group' retrieved from /mnt/c/Users/Raj/OneDrive - Åbo Akademi O365/banking/airflow/.venv/lib/python3.12/site-packages/airflow/example_dags/example_task_group.py
[2025-11-21T04:29:03.894+0500] {logging_mixin.py:190} INFO - [2025-11-21T04:29:03.893+0500] {dag.py:3239} INFO - Sync 1 DAGs
[2025-11-21T04:29:03.922+0500] {logging_mixin.py:190} INFO - [2025-11-21T04:29:03.921+0500] {dag.py:4180} INFO - Setting next_dagrun for example_task_group to None, run_after=None
[2025-11-21T04:29:04.043+0500] {processor.py:208} INFO - Processing /mnt/c/Users/Raj/OneDrive - Åbo Akademi O365/banking/airflow/.venv/lib/python3.12/site-packages/airflow/example_dags/example_task_group.py took 0.458 seconds
[2025-11-21T04:30:39.370+0500] {processor.py:186} INFO - Started process (PID=18132) to work on /mnt/c/Users/Raj/OneDrive - Åbo Akademi O365/banking/airflow/.venv/lib/python3.12/site-packages/airflow/example_dags/example_task_group.py
[2025-11-21T04:30:39.375+0500] {processor.py:914} INFO - Processing file /mnt/c/Users/Raj/OneDrive - Åbo Akademi O365/banking/airflow/.venv/lib/python3.12/site-packages/airflow/example_dags/example_task_group.py for tasks to queue
[2025-11-21T04:30:39.388+0500] {logging_mixin.py:190} INFO - [2025-11-21T04:30:39.385+0500] {dagbag.py:588} INFO - Filling up the DagBag from /mnt/c/Users/Raj/OneDrive - Åbo Akademi O365/banking/airflow/.venv/lib/python3.12/site-packages/airflow/example_dags/example_task_group.py
[2025-11-21T04:30:39.740+0500] {processor.py:925} INFO - DAG(s) 'example_task_group' retrieved from /mnt/c/Users/Raj/OneDrive - Åbo Akademi O365/banking/airflow/.venv/lib/python3.12/site-packages/airflow/example_dags/example_task_group.py
[2025-11-21T04:30:39.829+0500] {logging_mixin.py:190} INFO - [2025-11-21T04:30:39.826+0500] {dag.py:3239} INFO - Sync 1 DAGs
[2025-11-21T04:30:40.132+0500] {logging_mixin.py:190} INFO - [2025-11-21T04:30:40.129+0500] {dag.py:4180} INFO - Setting next_dagrun for example_task_group to None, run_after=None
[2025-11-21T04:30:40.333+0500] {processor.py:208} INFO - Processing /mnt/c/Users/Raj/OneDrive - Åbo Akademi O365/banking/airflow/.venv/lib/python3.12/site-packages/airflow/example_dags/example_task_group.py took 0.989 seconds
[2025-11-21T04:31:58.191+0500] {processor.py:186} INFO - Started process (PID=18173) to work on /mnt/c/Users/Raj/OneDrive - Åbo Akademi O365/banking/airflow/.venv/lib/python3.12/site-packages/airflow/example_dags/example_task_group.py
[2025-11-21T04:31:58.196+0500] {processor.py:914} INFO - Processing file /mnt/c/Users/Raj/OneDrive - Åbo Akademi O365/banking/airflow/.venv/lib/python3.12/site-packages/airflow/example_dags/example_task_group.py for tasks to queue
[2025-11-21T04:31:58.209+0500] {logging_mixin.py:190} INFO - [2025-11-21T04:31:58.206+0500] {dagbag.py:588} INFO - Filling up the DagBag from /mnt/c/Users/Raj/OneDrive - Åbo Akademi O365/banking/airflow/.venv/lib/python3.12/site-packages/airflow/example_dags/example_task_group.py
[2025-11-21T04:31:58.433+0500] {processor.py:925} INFO - DAG(s) 'example_task_group' retrieved from /mnt/c/Users/Raj/OneDrive - Åbo Akademi O365/banking/airflow/.venv/lib/python3.12/site-packages/airflow/example_dags/example_task_group.py
[2025-11-21T04:31:58.521+0500] {logging_mixin.py:190} INFO - [2025-11-21T04:31:58.519+0500] {dag.py:3239} INFO - Sync 1 DAGs
[2025-11-21T04:31:58.571+0500] {logging_mixin.py:190} INFO - [2025-11-21T04:31:58.568+0500] {dag.py:4180} INFO - Setting next_dagrun for example_task_group to None, run_after=None
[2025-11-21T04:31:58.754+0500] {processor.py:208} INFO - Processing /mnt/c/Users/Raj/OneDrive - Åbo Akademi O365/banking/airflow/.venv/lib/python3.12/site-packages/airflow/example_dags/example_task_group.py took 0.605 seconds
[2025-11-21T04:33:20.611+0500] {processor.py:186} INFO - Started process (PID=18219) to work on /mnt/c/Users/Raj/OneDrive - Åbo Akademi O365/banking/airflow/.venv/lib/python3.12/site-packages/airflow/example_dags/example_task_group.py
[2025-11-21T04:33:20.620+0500] {processor.py:914} INFO - Processing file /mnt/c/Users/Raj/OneDrive - Åbo Akademi O365/banking/airflow/.venv/lib/python3.12/site-packages/airflow/example_dags/example_task_group.py for tasks to queue
[2025-11-21T04:33:20.625+0500] {logging_mixin.py:190} INFO - [2025-11-21T04:33:20.623+0500] {dagbag.py:588} INFO - Filling up the DagBag from /mnt/c/Users/Raj/OneDrive - Åbo Akademi O365/banking/airflow/.venv/lib/python3.12/site-packages/airflow/example_dags/example_task_group.py
[2025-11-21T04:33:20.765+0500] {processor.py:925} INFO - DAG(s) 'example_task_group' retrieved from /mnt/c/Users/Raj/OneDrive - Åbo Akademi O365/banking/airflow/.venv/lib/python3.12/site-packages/airflow/example_dags/example_task_group.py
[2025-11-21T04:33:20.937+0500] {logging_mixin.py:190} INFO - [2025-11-21T04:33:20.934+0500] {dag.py:3239} INFO - Sync 1 DAGs
[2025-11-21T04:33:20.983+0500] {logging_mixin.py:190} INFO - [2025-11-21T04:33:20.981+0500] {dag.py:4180} INFO - Setting next_dagrun for example_task_group to None, run_after=None
[2025-11-21T04:33:21.116+0500] {processor.py:208} INFO - Processing /mnt/c/Users/Raj/OneDrive - Åbo Akademi O365/banking/airflow/.venv/lib/python3.12/site-packages/airflow/example_dags/example_task_group.py took 0.587 seconds
[2025-11-21T04:34:36.515+0500] {processor.py:186} INFO - Started process (PID=18261) to work on /mnt/c/Users/Raj/OneDrive - Åbo Akademi O365/banking/airflow/.venv/lib/python3.12/site-packages/airflow/example_dags/example_task_group.py
[2025-11-21T04:34:36.521+0500] {processor.py:914} INFO - Processing file /mnt/c/Users/Raj/OneDrive - Åbo Akademi O365/banking/airflow/.venv/lib/python3.12/site-packages/airflow/example_dags/example_task_group.py for tasks to queue
[2025-11-21T04:34:36.534+0500] {logging_mixin.py:190} INFO - [2025-11-21T04:34:36.531+0500] {dagbag.py:588} INFO - Filling up the DagBag from /mnt/c/Users/Raj/OneDrive - Åbo Akademi O365/banking/airflow/.venv/lib/python3.12/site-packages/airflow/example_dags/example_task_group.py
[2025-11-21T04:34:36.760+0500] {processor.py:925} INFO - DAG(s) 'example_task_group' retrieved from /mnt/c/Users/Raj/OneDrive - Åbo Akademi O365/banking/airflow/.venv/lib/python3.12/site-packages/airflow/example_dags/example_task_group.py
[2025-11-21T04:34:36.886+0500] {logging_mixin.py:190} INFO - [2025-11-21T04:34:36.882+0500] {dag.py:3239} INFO - Sync 1 DAGs
[2025-11-21T04:34:36.940+0500] {logging_mixin.py:190} INFO - [2025-11-21T04:34:36.938+0500] {dag.py:4180} INFO - Setting next_dagrun for example_task_group to None, run_after=None
[2025-11-21T04:34:37.045+0500] {processor.py:208} INFO - Processing /mnt/c/Users/Raj/OneDrive - Åbo Akademi O365/banking/airflow/.venv/lib/python3.12/site-packages/airflow/example_dags/example_task_group.py took 0.572 seconds
[2025-11-21T04:36:02.784+0500] {processor.py:186} INFO - Started process (PID=18593) to work on /mnt/c/Users/Raj/OneDrive - Åbo Akademi O365/banking/airflow/.venv/lib/python3.12/site-packages/airflow/example_dags/example_task_group.py
[2025-11-21T04:36:02.788+0500] {processor.py:914} INFO - Processing file /mnt/c/Users/Raj/OneDrive - Åbo Akademi O365/banking/airflow/.venv/lib/python3.12/site-packages/airflow/example_dags/example_task_group.py for tasks to queue
[2025-11-21T04:36:02.794+0500] {logging_mixin.py:190} INFO - [2025-11-21T04:36:02.791+0500] {dagbag.py:588} INFO - Filling up the DagBag from /mnt/c/Users/Raj/OneDrive - Åbo Akademi O365/banking/airflow/.venv/lib/python3.12/site-packages/airflow/example_dags/example_task_group.py
[2025-11-21T04:36:02.995+0500] {processor.py:925} INFO - DAG(s) 'example_task_group' retrieved from /mnt/c/Users/Raj/OneDrive - Åbo Akademi O365/banking/airflow/.venv/lib/python3.12/site-packages/airflow/example_dags/example_task_group.py
[2025-11-21T04:36:03.227+0500] {logging_mixin.py:190} INFO - [2025-11-21T04:36:03.225+0500] {dag.py:3239} INFO - Sync 1 DAGs
[2025-11-21T04:36:03.256+0500] {logging_mixin.py:190} INFO - [2025-11-21T04:36:03.255+0500] {dag.py:4180} INFO - Setting next_dagrun for example_task_group to None, run_after=None
[2025-11-21T04:36:03.372+0500] {processor.py:208} INFO - Processing /mnt/c/Users/Raj/OneDrive - Åbo Akademi O365/banking/airflow/.venv/lib/python3.12/site-packages/airflow/example_dags/example_task_group.py took 0.612 seconds
[2025-11-21T04:37:23.017+0500] {processor.py:186} INFO - Started process (PID=18733) to work on /mnt/c/Users/Raj/OneDrive - Åbo Akademi O365/banking/airflow/.venv/lib/python3.12/site-packages/airflow/example_dags/example_task_group.py
[2025-11-21T04:37:23.021+0500] {processor.py:914} INFO - Processing file /mnt/c/Users/Raj/OneDrive - Åbo Akademi O365/banking/airflow/.venv/lib/python3.12/site-packages/airflow/example_dags/example_task_group.py for tasks to queue
[2025-11-21T04:37:23.027+0500] {logging_mixin.py:190} INFO - [2025-11-21T04:37:23.024+0500] {dagbag.py:588} INFO - Filling up the DagBag from /mnt/c/Users/Raj/OneDrive - Åbo Akademi O365/banking/airflow/.venv/lib/python3.12/site-packages/airflow/example_dags/example_task_group.py
[2025-11-21T04:37:23.144+0500] {processor.py:925} INFO - DAG(s) 'example_task_group' retrieved from /mnt/c/Users/Raj/OneDrive - Åbo Akademi O365/banking/airflow/.venv/lib/python3.12/site-packages/airflow/example_dags/example_task_group.py
[2025-11-21T04:37:23.198+0500] {logging_mixin.py:190} INFO - [2025-11-21T04:37:23.196+0500] {dag.py:3239} INFO - Sync 1 DAGs
[2025-11-21T04:37:23.224+0500] {logging_mixin.py:190} INFO - [2025-11-21T04:37:23.223+0500] {dag.py:4180} INFO - Setting next_dagrun for example_task_group to None, run_after=None
[2025-11-21T04:37:23.326+0500] {processor.py:208} INFO - Processing /mnt/c/Users/Raj/OneDrive - Åbo Akademi O365/banking/airflow/.venv/lib/python3.12/site-packages/airflow/example_dags/example_task_group.py took 0.335 seconds
[2025-11-21T04:38:38.846+0500] {processor.py:186} INFO - Started process (PID=18779) to work on /mnt/c/Users/Raj/OneDrive - Åbo Akademi O365/banking/airflow/.venv/lib/python3.12/site-packages/airflow/example_dags/example_task_group.py
[2025-11-21T04:38:38.849+0500] {processor.py:914} INFO - Processing file /mnt/c/Users/Raj/OneDrive - Åbo Akademi O365/banking/airflow/.venv/lib/python3.12/site-packages/airflow/example_dags/example_task_group.py for tasks to queue
[2025-11-21T04:38:38.855+0500] {logging_mixin.py:190} INFO - [2025-11-21T04:38:38.853+0500] {dagbag.py:588} INFO - Filling up the DagBag from /mnt/c/Users/Raj/OneDrive - Åbo Akademi O365/banking/airflow/.venv/lib/python3.12/site-packages/airflow/example_dags/example_task_group.py
[2025-11-21T04:38:38.986+0500] {processor.py:925} INFO - DAG(s) 'example_task_group' retrieved from /mnt/c/Users/Raj/OneDrive - Åbo Akademi O365/banking/airflow/.venv/lib/python3.12/site-packages/airflow/example_dags/example_task_group.py
[2025-11-21T04:38:39.039+0500] {logging_mixin.py:190} INFO - [2025-11-21T04:38:39.038+0500] {dag.py:3239} INFO - Sync 1 DAGs
[2025-11-21T04:38:39.064+0500] {logging_mixin.py:190} INFO - [2025-11-21T04:38:39.063+0500] {dag.py:4180} INFO - Setting next_dagrun for example_task_group to None, run_after=None
[2025-11-21T04:38:39.157+0500] {processor.py:208} INFO - Processing /mnt/c/Users/Raj/OneDrive - Åbo Akademi O365/banking/airflow/.venv/lib/python3.12/site-packages/airflow/example_dags/example_task_group.py took 0.333 seconds
