[2025-11-21T04:21:38.409+0500] {processor.py:186} INFO - Started process (PID=17827) to work on /mnt/c/Users/Raj/OneDrive - Åbo Akademi O365/banking/airflow/.venv/lib/python3.12/site-packages/airflow/example_dags/example_branch_labels.py
[2025-11-21T04:21:38.418+0500] {processor.py:914} INFO - Processing file /mnt/c/Users/Raj/OneDrive - Åbo Akademi O365/banking/airflow/.venv/lib/python3.12/site-packages/airflow/example_dags/example_branch_labels.py for tasks to queue
[2025-11-21T04:21:38.426+0500] {logging_mixin.py:190} INFO - [2025-11-21T04:21:38.424+0500] {dagbag.py:588} INFO - Filling up the DagBag from /mnt/c/Users/Raj/OneDrive - Åbo Akademi O365/banking/airflow/.venv/lib/python3.12/site-packages/airflow/example_dags/example_branch_labels.py
[2025-11-21T04:21:38.551+0500] {processor.py:925} INFO - DAG(s) 'example_branch_labels' retrieved from /mnt/c/Users/Raj/OneDrive - Åbo Akademi O365/banking/airflow/.venv/lib/python3.12/site-packages/airflow/example_dags/example_branch_labels.py
[2025-11-21T04:21:40.825+0500] {logging_mixin.py:190} INFO - [2025-11-21T04:21:40.819+0500] {override.py:1900} INFO - Created Permission View: can edit on DAG:example_branch_labels
[2025-11-21T04:21:40.942+0500] {logging_mixin.py:190} INFO - [2025-11-21T04:21:40.939+0500] {override.py:1900} INFO - Created Permission View: can delete on DAG:example_branch_labels
[2025-11-21T04:21:41.030+0500] {logging_mixin.py:190} INFO - [2025-11-21T04:21:41.027+0500] {override.py:1900} INFO - Created Permission View: can read on DAG:example_branch_labels
[2025-11-21T04:21:41.133+0500] {logging_mixin.py:190} INFO - [2025-11-21T04:21:41.129+0500] {override.py:1900} INFO - Created Permission View: can create on DAG Run:example_branch_labels
[2025-11-21T04:21:41.249+0500] {logging_mixin.py:190} INFO - [2025-11-21T04:21:41.245+0500] {override.py:1900} INFO - Created Permission View: menu access on DAG Run:example_branch_labels
[2025-11-21T04:21:41.362+0500] {logging_mixin.py:190} INFO - [2025-11-21T04:21:41.358+0500] {override.py:1900} INFO - Created Permission View: can delete on DAG Run:example_branch_labels
[2025-11-21T04:21:41.499+0500] {logging_mixin.py:190} INFO - [2025-11-21T04:21:41.494+0500] {override.py:1900} INFO - Created Permission View: can read on DAG Run:example_branch_labels
[2025-11-21T04:21:41.507+0500] {logging_mixin.py:190} INFO - [2025-11-21T04:21:41.504+0500] {dag.py:3239} INFO - Sync 1 DAGs
[2025-11-21T04:21:41.548+0500] {logging_mixin.py:190} INFO - [2025-11-21T04:21:41.546+0500] {dag.py:3262} INFO - Creating ORM DAG for example_branch_labels
[2025-11-21T04:21:41.571+0500] {logging_mixin.py:190} INFO - [2025-11-21T04:21:41.569+0500] {dag.py:4180} INFO - Setting next_dagrun for example_branch_labels to 2025-11-19 00:00:00+00:00, run_after=2025-11-20 00:00:00+00:00
[2025-11-21T04:21:41.699+0500] {processor.py:208} INFO - Processing /mnt/c/Users/Raj/OneDrive - Åbo Akademi O365/banking/airflow/.venv/lib/python3.12/site-packages/airflow/example_dags/example_branch_labels.py took 3.329 seconds
[2025-11-21T04:24:44.983+0500] {processor.py:186} INFO - Started process (PID=17927) to work on /mnt/c/Users/Raj/OneDrive - Åbo Akademi O365/banking/airflow/.venv/lib/python3.12/site-packages/airflow/example_dags/example_branch_labels.py
[2025-11-21T04:24:44.986+0500] {processor.py:914} INFO - Processing file /mnt/c/Users/Raj/OneDrive - Åbo Akademi O365/banking/airflow/.venv/lib/python3.12/site-packages/airflow/example_dags/example_branch_labels.py for tasks to queue
[2025-11-21T04:24:44.992+0500] {logging_mixin.py:190} INFO - [2025-11-21T04:24:44.990+0500] {dagbag.py:588} INFO - Filling up the DagBag from /mnt/c/Users/Raj/OneDrive - Åbo Akademi O365/banking/airflow/.venv/lib/python3.12/site-packages/airflow/example_dags/example_branch_labels.py
[2025-11-21T04:24:45.125+0500] {processor.py:925} INFO - DAG(s) 'example_branch_labels' retrieved from /mnt/c/Users/Raj/OneDrive - Åbo Akademi O365/banking/airflow/.venv/lib/python3.12/site-packages/airflow/example_dags/example_branch_labels.py
[2025-11-21T04:24:45.180+0500] {logging_mixin.py:190} INFO - [2025-11-21T04:24:45.178+0500] {dag.py:3239} INFO - Sync 1 DAGs
[2025-11-21T04:24:45.234+0500] {logging_mixin.py:190} INFO - [2025-11-21T04:24:45.232+0500] {dag.py:4180} INFO - Setting next_dagrun for example_branch_labels to 2025-11-19 00:00:00+00:00, run_after=2025-11-20 00:00:00+00:00
[2025-11-21T04:24:45.323+0500] {processor.py:208} INFO - Processing /mnt/c/Users/Raj/OneDrive - Åbo Akademi O365/banking/airflow/.venv/lib/python3.12/site-packages/airflow/example_dags/example_branch_labels.py took 0.381 seconds
[2025-11-21T04:27:06.627+0500] {processor.py:186} INFO - Started process (PID=18017) to work on /mnt/c/Users/Raj/OneDrive - Åbo Akademi O365/banking/airflow/.venv/lib/python3.12/site-packages/airflow/example_dags/example_branch_labels.py
[2025-11-21T04:27:06.635+0500] {processor.py:914} INFO - Processing file /mnt/c/Users/Raj/OneDrive - Åbo Akademi O365/banking/airflow/.venv/lib/python3.12/site-packages/airflow/example_dags/example_branch_labels.py for tasks to queue
[2025-11-21T04:27:06.649+0500] {logging_mixin.py:190} INFO - [2025-11-21T04:27:06.645+0500] {dagbag.py:588} INFO - Filling up the DagBag from /mnt/c/Users/Raj/OneDrive - Åbo Akademi O365/banking/airflow/.venv/lib/python3.12/site-packages/airflow/example_dags/example_branch_labels.py
[2025-11-21T04:27:06.871+0500] {processor.py:925} INFO - DAG(s) 'example_branch_labels' retrieved from /mnt/c/Users/Raj/OneDrive - Åbo Akademi O365/banking/airflow/.venv/lib/python3.12/site-packages/airflow/example_dags/example_branch_labels.py
[2025-11-21T04:27:06.926+0500] {logging_mixin.py:190} INFO - [2025-11-21T04:27:06.925+0500] {dag.py:3239} INFO - Sync 1 DAGs
[2025-11-21T04:27:06.970+0500] {logging_mixin.py:190} INFO - [2025-11-21T04:27:06.968+0500] {dag.py:4180} INFO - Setting next_dagrun for example_branch_labels to 2025-11-19 00:00:00+00:00, run_after=2025-11-20 00:00:00+00:00
[2025-11-21T04:27:07.058+0500] {processor.py:208} INFO - Processing /mnt/c/Users/Raj/OneDrive - Åbo Akademi O365/banking/airflow/.venv/lib/python3.12/site-packages/airflow/example_dags/example_branch_labels.py took 0.482 seconds
[2025-11-21T04:29:42.638+0500] {processor.py:186} INFO - Started process (PID=18109) to work on /mnt/c/Users/Raj/OneDrive - Åbo Akademi O365/banking/airflow/.venv/lib/python3.12/site-packages/airflow/example_dags/example_branch_labels.py
[2025-11-21T04:29:42.641+0500] {processor.py:914} INFO - Processing file /mnt/c/Users/Raj/OneDrive - Åbo Akademi O365/banking/airflow/.venv/lib/python3.12/site-packages/airflow/example_dags/example_branch_labels.py for tasks to queue
[2025-11-21T04:29:42.648+0500] {logging_mixin.py:190} INFO - [2025-11-21T04:29:42.645+0500] {dagbag.py:588} INFO - Filling up the DagBag from /mnt/c/Users/Raj/OneDrive - Åbo Akademi O365/banking/airflow/.venv/lib/python3.12/site-packages/airflow/example_dags/example_branch_labels.py
[2025-11-21T04:29:42.770+0500] {processor.py:925} INFO - DAG(s) 'example_branch_labels' retrieved from /mnt/c/Users/Raj/OneDrive - Åbo Akademi O365/banking/airflow/.venv/lib/python3.12/site-packages/airflow/example_dags/example_branch_labels.py
[2025-11-21T04:29:42.816+0500] {logging_mixin.py:190} INFO - [2025-11-21T04:29:42.813+0500] {dag.py:3239} INFO - Sync 1 DAGs
[2025-11-21T04:29:42.898+0500] {logging_mixin.py:190} INFO - [2025-11-21T04:29:42.896+0500] {dag.py:4180} INFO - Setting next_dagrun for example_branch_labels to 2025-11-19 00:00:00+00:00, run_after=2025-11-20 00:00:00+00:00
[2025-11-21T04:29:43.176+0500] {processor.py:208} INFO - Processing /mnt/c/Users/Raj/OneDrive - Åbo Akademi O365/banking/airflow/.venv/lib/python3.12/site-packages/airflow/example_dags/example_branch_labels.py took 0.560 seconds
[2025-11-21T04:32:35.501+0500] {processor.py:186} INFO - Started process (PID=18196) to work on /mnt/c/Users/Raj/OneDrive - Åbo Akademi O365/banking/airflow/.venv/lib/python3.12/site-packages/airflow/example_dags/example_branch_labels.py
[2025-11-21T04:32:35.504+0500] {processor.py:914} INFO - Processing file /mnt/c/Users/Raj/OneDrive - Åbo Akademi O365/banking/airflow/.venv/lib/python3.12/site-packages/airflow/example_dags/example_branch_labels.py for tasks to queue
[2025-11-21T04:32:35.511+0500] {logging_mixin.py:190} INFO - [2025-11-21T04:32:35.508+0500] {dagbag.py:588} INFO - Filling up the DagBag from /mnt/c/Users/Raj/OneDrive - Åbo Akademi O365/banking/airflow/.venv/lib/python3.12/site-packages/airflow/example_dags/example_branch_labels.py
[2025-11-21T04:32:35.752+0500] {processor.py:925} INFO - DAG(s) 'example_branch_labels' retrieved from /mnt/c/Users/Raj/OneDrive - Åbo Akademi O365/banking/airflow/.venv/lib/python3.12/site-packages/airflow/example_dags/example_branch_labels.py
[2025-11-21T04:32:35.831+0500] {logging_mixin.py:190} INFO - [2025-11-21T04:32:35.828+0500] {dag.py:3239} INFO - Sync 1 DAGs
[2025-11-21T04:32:35.915+0500] {logging_mixin.py:190} INFO - [2025-11-21T04:32:35.912+0500] {dag.py:4180} INFO - Setting next_dagrun for example_branch_labels to 2025-11-19 00:00:00+00:00, run_after=2025-11-20 00:00:00+00:00
[2025-11-21T04:32:36.075+0500] {processor.py:208} INFO - Processing /mnt/c/Users/Raj/OneDrive - Åbo Akademi O365/banking/airflow/.venv/lib/python3.12/site-packages/airflow/example_dags/example_branch_labels.py took 0.593 seconds
[2025-11-21T04:35:14.536+0500] {processor.py:186} INFO - Started process (PID=18282) to work on /mnt/c/Users/Raj/OneDrive - Åbo Akademi O365/banking/airflow/.venv/lib/python3.12/site-packages/airflow/example_dags/example_branch_labels.py
[2025-11-21T04:35:14.541+0500] {processor.py:914} INFO - Processing file /mnt/c/Users/Raj/OneDrive - Åbo Akademi O365/banking/airflow/.venv/lib/python3.12/site-packages/airflow/example_dags/example_branch_labels.py for tasks to queue
[2025-11-21T04:35:14.549+0500] {logging_mixin.py:190} INFO - [2025-11-21T04:35:14.546+0500] {dagbag.py:588} INFO - Filling up the DagBag from /mnt/c/Users/Raj/OneDrive - Åbo Akademi O365/banking/airflow/.venv/lib/python3.12/site-packages/airflow/example_dags/example_branch_labels.py
[2025-11-21T04:35:14.774+0500] {processor.py:925} INFO - DAG(s) 'example_branch_labels' retrieved from /mnt/c/Users/Raj/OneDrive - Åbo Akademi O365/banking/airflow/.venv/lib/python3.12/site-packages/airflow/example_dags/example_branch_labels.py
[2025-11-21T04:35:14.841+0500] {logging_mixin.py:190} INFO - [2025-11-21T04:35:14.839+0500] {dag.py:3239} INFO - Sync 1 DAGs
[2025-11-21T04:35:14.882+0500] {logging_mixin.py:190} INFO - [2025-11-21T04:35:14.880+0500] {dag.py:4180} INFO - Setting next_dagrun for example_branch_labels to 2025-11-19 00:00:00+00:00, run_after=2025-11-20 00:00:00+00:00
[2025-11-21T04:35:14.969+0500] {processor.py:208} INFO - Processing /mnt/c/Users/Raj/OneDrive - Åbo Akademi O365/banking/airflow/.venv/lib/python3.12/site-packages/airflow/example_dags/example_branch_labels.py took 0.467 seconds
[2025-11-21T04:38:02.116+0500] {processor.py:186} INFO - Started process (PID=18754) to work on /mnt/c/Users/Raj/OneDrive - Åbo Akademi O365/banking/airflow/.venv/lib/python3.12/site-packages/airflow/example_dags/example_branch_labels.py
[2025-11-21T04:38:02.121+0500] {processor.py:914} INFO - Processing file /mnt/c/Users/Raj/OneDrive - Åbo Akademi O365/banking/airflow/.venv/lib/python3.12/site-packages/airflow/example_dags/example_branch_labels.py for tasks to queue
[2025-11-21T04:38:02.130+0500] {logging_mixin.py:190} INFO - [2025-11-21T04:38:02.127+0500] {dagbag.py:588} INFO - Filling up the DagBag from /mnt/c/Users/Raj/OneDrive - Åbo Akademi O365/banking/airflow/.venv/lib/python3.12/site-packages/airflow/example_dags/example_branch_labels.py
[2025-11-21T04:38:02.330+0500] {processor.py:925} INFO - DAG(s) 'example_branch_labels' retrieved from /mnt/c/Users/Raj/OneDrive - Åbo Akademi O365/banking/airflow/.venv/lib/python3.12/site-packages/airflow/example_dags/example_branch_labels.py
[2025-11-21T04:38:02.404+0500] {logging_mixin.py:190} INFO - [2025-11-21T04:38:02.403+0500] {dag.py:3239} INFO - Sync 1 DAGs
[2025-11-21T04:38:02.452+0500] {logging_mixin.py:190} INFO - [2025-11-21T04:38:02.450+0500] {dag.py:4180} INFO - Setting next_dagrun for example_branch_labels to 2025-11-19 00:00:00+00:00, run_after=2025-11-20 00:00:00+00:00
[2025-11-21T04:38:02.541+0500] {processor.py:208} INFO - Processing /mnt/c/Users/Raj/OneDrive - Åbo Akademi O365/banking/airflow/.venv/lib/python3.12/site-packages/airflow/example_dags/example_branch_labels.py took 0.453 seconds
