[2025-11-21T04:21:42.775+0500] {processor.py:186} INFO - Started process (PID=17828) to work on /mnt/c/Users/Raj/OneDrive - Åbo Akademi O365/banking/airflow/.venv/lib/python3.12/site-packages/airflow/example_dags/example_branch_day_of_week_operator.py
[2025-11-21T04:21:42.778+0500] {processor.py:914} INFO - Processing file /mnt/c/Users/Raj/OneDrive - Åbo Akademi O365/banking/airflow/.venv/lib/python3.12/site-packages/airflow/example_dags/example_branch_day_of_week_operator.py for tasks to queue
[2025-11-21T04:21:42.784+0500] {logging_mixin.py:190} INFO - [2025-11-21T04:21:42.782+0500] {dagbag.py:588} INFO - Filling up the DagBag from /mnt/c/Users/Raj/OneDrive - Åbo Akademi O365/banking/airflow/.venv/lib/python3.12/site-packages/airflow/example_dags/example_branch_day_of_week_operator.py
[2025-11-21T04:21:42.916+0500] {processor.py:925} INFO - DAG(s) 'example_weekday_branch_operator' retrieved from /mnt/c/Users/Raj/OneDrive - Åbo Akademi O365/banking/airflow/.venv/lib/python3.12/site-packages/airflow/example_dags/example_branch_day_of_week_operator.py
[2025-11-21T04:21:45.613+0500] {logging_mixin.py:190} INFO - [2025-11-21T04:21:45.610+0500] {override.py:1900} INFO - Created Permission View: can edit on DAG:example_weekday_branch_operator
[2025-11-21T04:21:45.671+0500] {logging_mixin.py:190} INFO - [2025-11-21T04:21:45.669+0500] {override.py:1900} INFO - Created Permission View: can delete on DAG:example_weekday_branch_operator
[2025-11-21T04:21:45.724+0500] {logging_mixin.py:190} INFO - [2025-11-21T04:21:45.722+0500] {override.py:1900} INFO - Created Permission View: can read on DAG:example_weekday_branch_operator
[2025-11-21T04:21:45.807+0500] {logging_mixin.py:190} INFO - [2025-11-21T04:21:45.805+0500] {override.py:1900} INFO - Created Permission View: can create on DAG Run:example_weekday_branch_operator
[2025-11-21T04:21:45.861+0500] {logging_mixin.py:190} INFO - [2025-11-21T04:21:45.858+0500] {override.py:1900} INFO - Created Permission View: menu access on DAG Run:example_weekday_branch_operator
[2025-11-21T04:21:45.917+0500] {logging_mixin.py:190} INFO - [2025-11-21T04:21:45.915+0500] {override.py:1900} INFO - Created Permission View: can delete on DAG Run:example_weekday_branch_operator
[2025-11-21T04:21:45.970+0500] {logging_mixin.py:190} INFO - [2025-11-21T04:21:45.968+0500] {override.py:1900} INFO - Created Permission View: can read on DAG Run:example_weekday_branch_operator
[2025-11-21T04:21:45.973+0500] {logging_mixin.py:190} INFO - [2025-11-21T04:21:45.971+0500] {dag.py:3239} INFO - Sync 1 DAGs
[2025-11-21T04:21:46.003+0500] {logging_mixin.py:190} INFO - [2025-11-21T04:21:46.002+0500] {dag.py:3262} INFO - Creating ORM DAG for example_weekday_branch_operator
[2025-11-21T04:21:46.022+0500] {logging_mixin.py:190} INFO - [2025-11-21T04:21:46.020+0500] {dag.py:4180} INFO - Setting next_dagrun for example_weekday_branch_operator to 2025-11-19 00:00:00+00:00, run_after=2025-11-20 00:00:00+00:00
[2025-11-21T04:21:46.166+0500] {processor.py:208} INFO - Processing /mnt/c/Users/Raj/OneDrive - Åbo Akademi O365/banking/airflow/.venv/lib/python3.12/site-packages/airflow/example_dags/example_branch_day_of_week_operator.py took 3.409 seconds
[2025-11-21T04:24:46.102+0500] {processor.py:186} INFO - Started process (PID=17928) to work on /mnt/c/Users/Raj/OneDrive - Åbo Akademi O365/banking/airflow/.venv/lib/python3.12/site-packages/airflow/example_dags/example_branch_day_of_week_operator.py
[2025-11-21T04:24:46.105+0500] {processor.py:914} INFO - Processing file /mnt/c/Users/Raj/OneDrive - Åbo Akademi O365/banking/airflow/.venv/lib/python3.12/site-packages/airflow/example_dags/example_branch_day_of_week_operator.py for tasks to queue
[2025-11-21T04:24:46.111+0500] {logging_mixin.py:190} INFO - [2025-11-21T04:24:46.109+0500] {dagbag.py:588} INFO - Filling up the DagBag from /mnt/c/Users/Raj/OneDrive - Åbo Akademi O365/banking/airflow/.venv/lib/python3.12/site-packages/airflow/example_dags/example_branch_day_of_week_operator.py
[2025-11-21T04:24:46.220+0500] {processor.py:925} INFO - DAG(s) 'example_weekday_branch_operator' retrieved from /mnt/c/Users/Raj/OneDrive - Åbo Akademi O365/banking/airflow/.venv/lib/python3.12/site-packages/airflow/example_dags/example_branch_day_of_week_operator.py
[2025-11-21T04:24:46.264+0500] {logging_mixin.py:190} INFO - [2025-11-21T04:24:46.263+0500] {dag.py:3239} INFO - Sync 1 DAGs
[2025-11-21T04:24:46.324+0500] {logging_mixin.py:190} INFO - [2025-11-21T04:24:46.321+0500] {dag.py:4180} INFO - Setting next_dagrun for example_weekday_branch_operator to 2025-11-19 00:00:00+00:00, run_after=2025-11-20 00:00:00+00:00
[2025-11-21T04:24:46.468+0500] {processor.py:208} INFO - Processing /mnt/c/Users/Raj/OneDrive - Åbo Akademi O365/banking/airflow/.venv/lib/python3.12/site-packages/airflow/example_dags/example_branch_day_of_week_operator.py took 0.390 seconds
[2025-11-21T04:27:08.389+0500] {processor.py:186} INFO - Started process (PID=18018) to work on /mnt/c/Users/Raj/OneDrive - Åbo Akademi O365/banking/airflow/.venv/lib/python3.12/site-packages/airflow/example_dags/example_branch_day_of_week_operator.py
[2025-11-21T04:27:08.396+0500] {processor.py:914} INFO - Processing file /mnt/c/Users/Raj/OneDrive - Åbo Akademi O365/banking/airflow/.venv/lib/python3.12/site-packages/airflow/example_dags/example_branch_day_of_week_operator.py for tasks to queue
[2025-11-21T04:27:08.406+0500] {logging_mixin.py:190} INFO - [2025-11-21T04:27:08.404+0500] {dagbag.py:588} INFO - Filling up the DagBag from /mnt/c/Users/Raj/OneDrive - Åbo Akademi O365/banking/airflow/.venv/lib/python3.12/site-packages/airflow/example_dags/example_branch_day_of_week_operator.py
[2025-11-21T04:27:08.623+0500] {processor.py:925} INFO - DAG(s) 'example_weekday_branch_operator' retrieved from /mnt/c/Users/Raj/OneDrive - Åbo Akademi O365/banking/airflow/.venv/lib/python3.12/site-packages/airflow/example_dags/example_branch_day_of_week_operator.py
[2025-11-21T04:27:08.666+0500] {logging_mixin.py:190} INFO - [2025-11-21T04:27:08.664+0500] {dag.py:3239} INFO - Sync 1 DAGs
[2025-11-21T04:27:08.713+0500] {logging_mixin.py:190} INFO - [2025-11-21T04:27:08.711+0500] {dag.py:4180} INFO - Setting next_dagrun for example_weekday_branch_operator to 2025-11-19 00:00:00+00:00, run_after=2025-11-20 00:00:00+00:00
[2025-11-21T04:27:08.808+0500] {processor.py:208} INFO - Processing /mnt/c/Users/Raj/OneDrive - Åbo Akademi O365/banking/airflow/.venv/lib/python3.12/site-packages/airflow/example_dags/example_branch_day_of_week_operator.py took 0.450 seconds
[2025-11-21T04:29:43.597+0500] {processor.py:186} INFO - Started process (PID=18110) to work on /mnt/c/Users/Raj/OneDrive - Åbo Akademi O365/banking/airflow/.venv/lib/python3.12/site-packages/airflow/example_dags/example_branch_day_of_week_operator.py
[2025-11-21T04:29:43.600+0500] {processor.py:914} INFO - Processing file /mnt/c/Users/Raj/OneDrive - Åbo Akademi O365/banking/airflow/.venv/lib/python3.12/site-packages/airflow/example_dags/example_branch_day_of_week_operator.py for tasks to queue
[2025-11-21T04:29:43.605+0500] {logging_mixin.py:190} INFO - [2025-11-21T04:29:43.604+0500] {dagbag.py:588} INFO - Filling up the DagBag from /mnt/c/Users/Raj/OneDrive - Åbo Akademi O365/banking/airflow/.venv/lib/python3.12/site-packages/airflow/example_dags/example_branch_day_of_week_operator.py
[2025-11-21T04:29:43.720+0500] {processor.py:925} INFO - DAG(s) 'example_weekday_branch_operator' retrieved from /mnt/c/Users/Raj/OneDrive - Åbo Akademi O365/banking/airflow/.venv/lib/python3.12/site-packages/airflow/example_dags/example_branch_day_of_week_operator.py
[2025-11-21T04:29:43.773+0500] {logging_mixin.py:190} INFO - [2025-11-21T04:29:43.771+0500] {dag.py:3239} INFO - Sync 1 DAGs
[2025-11-21T04:29:43.852+0500] {logging_mixin.py:190} INFO - [2025-11-21T04:29:43.851+0500] {dag.py:4180} INFO - Setting next_dagrun for example_weekday_branch_operator to 2025-11-19 00:00:00+00:00, run_after=2025-11-20 00:00:00+00:00
[2025-11-21T04:29:44.224+0500] {processor.py:208} INFO - Processing /mnt/c/Users/Raj/OneDrive - Åbo Akademi O365/banking/airflow/.venv/lib/python3.12/site-packages/airflow/example_dags/example_branch_day_of_week_operator.py took 0.646 seconds
[2025-11-21T04:32:37.721+0500] {processor.py:186} INFO - Started process (PID=18197) to work on /mnt/c/Users/Raj/OneDrive - Åbo Akademi O365/banking/airflow/.venv/lib/python3.12/site-packages/airflow/example_dags/example_branch_day_of_week_operator.py
[2025-11-21T04:32:37.724+0500] {processor.py:914} INFO - Processing file /mnt/c/Users/Raj/OneDrive - Åbo Akademi O365/banking/airflow/.venv/lib/python3.12/site-packages/airflow/example_dags/example_branch_day_of_week_operator.py for tasks to queue
[2025-11-21T04:32:37.730+0500] {logging_mixin.py:190} INFO - [2025-11-21T04:32:37.728+0500] {dagbag.py:588} INFO - Filling up the DagBag from /mnt/c/Users/Raj/OneDrive - Åbo Akademi O365/banking/airflow/.venv/lib/python3.12/site-packages/airflow/example_dags/example_branch_day_of_week_operator.py
[2025-11-21T04:32:37.843+0500] {processor.py:925} INFO - DAG(s) 'example_weekday_branch_operator' retrieved from /mnt/c/Users/Raj/OneDrive - Åbo Akademi O365/banking/airflow/.venv/lib/python3.12/site-packages/airflow/example_dags/example_branch_day_of_week_operator.py
[2025-11-21T04:32:37.905+0500] {logging_mixin.py:190} INFO - [2025-11-21T04:32:37.903+0500] {dag.py:3239} INFO - Sync 1 DAGs
[2025-11-21T04:32:37.984+0500] {logging_mixin.py:190} INFO - [2025-11-21T04:32:37.982+0500] {dag.py:4180} INFO - Setting next_dagrun for example_weekday_branch_operator to 2025-11-19 00:00:00+00:00, run_after=2025-11-20 00:00:00+00:00
[2025-11-21T04:32:38.113+0500] {processor.py:208} INFO - Processing /mnt/c/Users/Raj/OneDrive - Åbo Akademi O365/banking/airflow/.venv/lib/python3.12/site-packages/airflow/example_dags/example_branch_day_of_week_operator.py took 0.413 seconds
[2025-11-21T04:35:15.992+0500] {processor.py:186} INFO - Started process (PID=18283) to work on /mnt/c/Users/Raj/OneDrive - Åbo Akademi O365/banking/airflow/.venv/lib/python3.12/site-packages/airflow/example_dags/example_branch_day_of_week_operator.py
[2025-11-21T04:35:15.995+0500] {processor.py:914} INFO - Processing file /mnt/c/Users/Raj/OneDrive - Åbo Akademi O365/banking/airflow/.venv/lib/python3.12/site-packages/airflow/example_dags/example_branch_day_of_week_operator.py for tasks to queue
[2025-11-21T04:35:15.999+0500] {logging_mixin.py:190} INFO - [2025-11-21T04:35:15.997+0500] {dagbag.py:588} INFO - Filling up the DagBag from /mnt/c/Users/Raj/OneDrive - Åbo Akademi O365/banking/airflow/.venv/lib/python3.12/site-packages/airflow/example_dags/example_branch_day_of_week_operator.py
[2025-11-21T04:35:16.239+0500] {processor.py:925} INFO - DAG(s) 'example_weekday_branch_operator' retrieved from /mnt/c/Users/Raj/OneDrive - Åbo Akademi O365/banking/airflow/.venv/lib/python3.12/site-packages/airflow/example_dags/example_branch_day_of_week_operator.py
[2025-11-21T04:35:16.305+0500] {logging_mixin.py:190} INFO - [2025-11-21T04:35:16.304+0500] {dag.py:3239} INFO - Sync 1 DAGs
[2025-11-21T04:35:16.351+0500] {logging_mixin.py:190} INFO - [2025-11-21T04:35:16.349+0500] {dag.py:4180} INFO - Setting next_dagrun for example_weekday_branch_operator to 2025-11-19 00:00:00+00:00, run_after=2025-11-20 00:00:00+00:00
[2025-11-21T04:35:17.294+0500] {processor.py:208} INFO - Processing /mnt/c/Users/Raj/OneDrive - Åbo Akademi O365/banking/airflow/.venv/lib/python3.12/site-packages/airflow/example_dags/example_branch_day_of_week_operator.py took 1.323 seconds
[2025-11-21T04:38:03.440+0500] {processor.py:186} INFO - Started process (PID=18755) to work on /mnt/c/Users/Raj/OneDrive - Åbo Akademi O365/banking/airflow/.venv/lib/python3.12/site-packages/airflow/example_dags/example_branch_day_of_week_operator.py
[2025-11-21T04:38:03.449+0500] {processor.py:914} INFO - Processing file /mnt/c/Users/Raj/OneDrive - Åbo Akademi O365/banking/airflow/.venv/lib/python3.12/site-packages/airflow/example_dags/example_branch_day_of_week_operator.py for tasks to queue
[2025-11-21T04:38:03.463+0500] {logging_mixin.py:190} INFO - [2025-11-21T04:38:03.456+0500] {dagbag.py:588} INFO - Filling up the DagBag from /mnt/c/Users/Raj/OneDrive - Åbo Akademi O365/banking/airflow/.venv/lib/python3.12/site-packages/airflow/example_dags/example_branch_day_of_week_operator.py
[2025-11-21T04:38:03.659+0500] {processor.py:925} INFO - DAG(s) 'example_weekday_branch_operator' retrieved from /mnt/c/Users/Raj/OneDrive - Åbo Akademi O365/banking/airflow/.venv/lib/python3.12/site-packages/airflow/example_dags/example_branch_day_of_week_operator.py
[2025-11-21T04:38:03.764+0500] {logging_mixin.py:190} INFO - [2025-11-21T04:38:03.761+0500] {dag.py:3239} INFO - Sync 1 DAGs
[2025-11-21T04:38:03.856+0500] {logging_mixin.py:190} INFO - [2025-11-21T04:38:03.853+0500] {dag.py:4180} INFO - Setting next_dagrun for example_weekday_branch_operator to 2025-11-19 00:00:00+00:00, run_after=2025-11-20 00:00:00+00:00
[2025-11-21T04:38:04.024+0500] {processor.py:208} INFO - Processing /mnt/c/Users/Raj/OneDrive - Åbo Akademi O365/banking/airflow/.venv/lib/python3.12/site-packages/airflow/example_dags/example_branch_day_of_week_operator.py took 0.636 seconds
