[2025-11-21T04:18:37.614+0500] {processor.py:186} INFO - Started process (PID=17780) to work on /mnt/c/Users/Raj/OneDrive - Åbo Akademi O365/banking/airflow/.venv/lib/python3.12/site-packages/airflow/example_dags/example_trigger_target_dag.py
[2025-11-21T04:18:37.617+0500] {processor.py:914} INFO - Processing file /mnt/c/Users/Raj/OneDrive - Åbo Akademi O365/banking/airflow/.venv/lib/python3.12/site-packages/airflow/example_dags/example_trigger_target_dag.py for tasks to queue
[2025-11-21T04:18:37.627+0500] {logging_mixin.py:190} INFO - [2025-11-21T04:18:37.624+0500] {dagbag.py:588} INFO - Filling up the DagBag from /mnt/c/Users/Raj/OneDrive - Åbo Akademi O365/banking/airflow/.venv/lib/python3.12/site-packages/airflow/example_dags/example_trigger_target_dag.py
[2025-11-21T04:18:37.850+0500] {processor.py:925} INFO - DAG(s) 'example_trigger_target_dag' retrieved from /mnt/c/Users/Raj/OneDrive - Åbo Akademi O365/banking/airflow/.venv/lib/python3.12/site-packages/airflow/example_dags/example_trigger_target_dag.py
[2025-11-21T04:18:40.636+0500] {logging_mixin.py:190} INFO - [2025-11-21T04:18:40.634+0500] {override.py:1900} INFO - Created Permission View: can edit on DAG:example_trigger_target_dag
[2025-11-21T04:18:40.741+0500] {logging_mixin.py:190} INFO - [2025-11-21T04:18:40.739+0500] {override.py:1900} INFO - Created Permission View: can delete on DAG:example_trigger_target_dag
[2025-11-21T04:18:40.832+0500] {logging_mixin.py:190} INFO - [2025-11-21T04:18:40.830+0500] {override.py:1900} INFO - Created Permission View: can read on DAG:example_trigger_target_dag
[2025-11-21T04:18:40.944+0500] {logging_mixin.py:190} INFO - [2025-11-21T04:18:40.942+0500] {override.py:1900} INFO - Created Permission View: can create on DAG Run:example_trigger_target_dag
[2025-11-21T04:18:41.047+0500] {logging_mixin.py:190} INFO - [2025-11-21T04:18:41.043+0500] {override.py:1900} INFO - Created Permission View: menu access on DAG Run:example_trigger_target_dag
[2025-11-21T04:18:41.165+0500] {logging_mixin.py:190} INFO - [2025-11-21T04:18:41.163+0500] {override.py:1900} INFO - Created Permission View: can delete on DAG Run:example_trigger_target_dag
[2025-11-21T04:18:41.294+0500] {logging_mixin.py:190} INFO - [2025-11-21T04:18:41.292+0500] {override.py:1900} INFO - Created Permission View: can read on DAG Run:example_trigger_target_dag
[2025-11-21T04:18:41.298+0500] {logging_mixin.py:190} INFO - [2025-11-21T04:18:41.296+0500] {dag.py:3239} INFO - Sync 1 DAGs
[2025-11-21T04:18:41.339+0500] {logging_mixin.py:190} INFO - [2025-11-21T04:18:41.337+0500] {dag.py:3262} INFO - Creating ORM DAG for example_trigger_target_dag
[2025-11-21T04:18:41.344+0500] {logging_mixin.py:190} INFO - [2025-11-21T04:18:41.341+0500] {dag.py:4180} INFO - Setting next_dagrun for example_trigger_target_dag to None, run_after=None
[2025-11-21T04:18:41.433+0500] {processor.py:208} INFO - Processing /mnt/c/Users/Raj/OneDrive - Åbo Akademi O365/banking/airflow/.venv/lib/python3.12/site-packages/airflow/example_dags/example_trigger_target_dag.py took 3.846 seconds
[2025-11-21T04:22:26.898+0500] {processor.py:186} INFO - Started process (PID=17852) to work on /mnt/c/Users/Raj/OneDrive - Åbo Akademi O365/banking/airflow/.venv/lib/python3.12/site-packages/airflow/example_dags/example_trigger_target_dag.py
[2025-11-21T04:22:26.906+0500] {processor.py:914} INFO - Processing file /mnt/c/Users/Raj/OneDrive - Åbo Akademi O365/banking/airflow/.venv/lib/python3.12/site-packages/airflow/example_dags/example_trigger_target_dag.py for tasks to queue
[2025-11-21T04:22:26.924+0500] {logging_mixin.py:190} INFO - [2025-11-21T04:22:26.919+0500] {dagbag.py:588} INFO - Filling up the DagBag from /mnt/c/Users/Raj/OneDrive - Åbo Akademi O365/banking/airflow/.venv/lib/python3.12/site-packages/airflow/example_dags/example_trigger_target_dag.py
[2025-11-21T04:22:27.054+0500] {processor.py:925} INFO - DAG(s) 'example_trigger_target_dag' retrieved from /mnt/c/Users/Raj/OneDrive - Åbo Akademi O365/banking/airflow/.venv/lib/python3.12/site-packages/airflow/example_dags/example_trigger_target_dag.py
[2025-11-21T04:22:27.107+0500] {logging_mixin.py:190} INFO - [2025-11-21T04:22:27.105+0500] {dag.py:3239} INFO - Sync 1 DAGs
[2025-11-21T04:22:27.151+0500] {logging_mixin.py:190} INFO - [2025-11-21T04:22:27.149+0500] {dag.py:4180} INFO - Setting next_dagrun for example_trigger_target_dag to None, run_after=None
[2025-11-21T04:22:27.308+0500] {processor.py:208} INFO - Processing /mnt/c/Users/Raj/OneDrive - Åbo Akademi O365/banking/airflow/.venv/lib/python3.12/site-packages/airflow/example_dags/example_trigger_target_dag.py took 0.454 seconds
[2025-11-21T04:24:02.793+0500] {processor.py:186} INFO - Started process (PID=17904) to work on /mnt/c/Users/Raj/OneDrive - Åbo Akademi O365/banking/airflow/.venv/lib/python3.12/site-packages/airflow/example_dags/example_trigger_target_dag.py
[2025-11-21T04:24:02.796+0500] {processor.py:914} INFO - Processing file /mnt/c/Users/Raj/OneDrive - Åbo Akademi O365/banking/airflow/.venv/lib/python3.12/site-packages/airflow/example_dags/example_trigger_target_dag.py for tasks to queue
[2025-11-21T04:24:02.802+0500] {logging_mixin.py:190} INFO - [2025-11-21T04:24:02.800+0500] {dagbag.py:588} INFO - Filling up the DagBag from /mnt/c/Users/Raj/OneDrive - Åbo Akademi O365/banking/airflow/.venv/lib/python3.12/site-packages/airflow/example_dags/example_trigger_target_dag.py
[2025-11-21T04:24:02.905+0500] {processor.py:925} INFO - DAG(s) 'example_trigger_target_dag' retrieved from /mnt/c/Users/Raj/OneDrive - Åbo Akademi O365/banking/airflow/.venv/lib/python3.12/site-packages/airflow/example_dags/example_trigger_target_dag.py
[2025-11-21T04:24:02.954+0500] {logging_mixin.py:190} INFO - [2025-11-21T04:24:02.953+0500] {dag.py:3239} INFO - Sync 1 DAGs
[2025-11-21T04:24:02.979+0500] {logging_mixin.py:190} INFO - [2025-11-21T04:24:02.977+0500] {dag.py:4180} INFO - Setting next_dagrun for example_trigger_target_dag to None, run_after=None
[2025-11-21T04:24:03.076+0500] {processor.py:208} INFO - Processing /mnt/c/Users/Raj/OneDrive - Åbo Akademi O365/banking/airflow/.venv/lib/python3.12/site-packages/airflow/example_dags/example_trigger_target_dag.py took 0.300 seconds
[2025-11-21T04:25:15.659+0500] {processor.py:186} INFO - Started process (PID=17945) to work on /mnt/c/Users/Raj/OneDrive - Åbo Akademi O365/banking/airflow/.venv/lib/python3.12/site-packages/airflow/example_dags/example_trigger_target_dag.py
[2025-11-21T04:25:15.662+0500] {processor.py:914} INFO - Processing file /mnt/c/Users/Raj/OneDrive - Åbo Akademi O365/banking/airflow/.venv/lib/python3.12/site-packages/airflow/example_dags/example_trigger_target_dag.py for tasks to queue
[2025-11-21T04:25:15.669+0500] {logging_mixin.py:190} INFO - [2025-11-21T04:25:15.667+0500] {dagbag.py:588} INFO - Filling up the DagBag from /mnt/c/Users/Raj/OneDrive - Åbo Akademi O365/banking/airflow/.venv/lib/python3.12/site-packages/airflow/example_dags/example_trigger_target_dag.py
[2025-11-21T04:25:15.765+0500] {processor.py:925} INFO - DAG(s) 'example_trigger_target_dag' retrieved from /mnt/c/Users/Raj/OneDrive - Åbo Akademi O365/banking/airflow/.venv/lib/python3.12/site-packages/airflow/example_dags/example_trigger_target_dag.py
[2025-11-21T04:25:15.807+0500] {logging_mixin.py:190} INFO - [2025-11-21T04:25:15.805+0500] {dag.py:3239} INFO - Sync 1 DAGs
[2025-11-21T04:25:15.830+0500] {logging_mixin.py:190} INFO - [2025-11-21T04:25:15.828+0500] {dag.py:4180} INFO - Setting next_dagrun for example_trigger_target_dag to None, run_after=None
[2025-11-21T04:25:15.921+0500] {processor.py:208} INFO - Processing /mnt/c/Users/Raj/OneDrive - Åbo Akademi O365/banking/airflow/.venv/lib/python3.12/site-packages/airflow/example_dags/example_trigger_target_dag.py took 0.286 seconds
[2025-11-21T04:26:26.979+0500] {processor.py:186} INFO - Started process (PID=17991) to work on /mnt/c/Users/Raj/OneDrive - Åbo Akademi O365/banking/airflow/.venv/lib/python3.12/site-packages/airflow/example_dags/example_trigger_target_dag.py
[2025-11-21T04:26:26.987+0500] {processor.py:914} INFO - Processing file /mnt/c/Users/Raj/OneDrive - Åbo Akademi O365/banking/airflow/.venv/lib/python3.12/site-packages/airflow/example_dags/example_trigger_target_dag.py for tasks to queue
[2025-11-21T04:26:27.003+0500] {logging_mixin.py:190} INFO - [2025-11-21T04:26:26.999+0500] {dagbag.py:588} INFO - Filling up the DagBag from /mnt/c/Users/Raj/OneDrive - Åbo Akademi O365/banking/airflow/.venv/lib/python3.12/site-packages/airflow/example_dags/example_trigger_target_dag.py
[2025-11-21T04:26:27.371+0500] {processor.py:925} INFO - DAG(s) 'example_trigger_target_dag' retrieved from /mnt/c/Users/Raj/OneDrive - Åbo Akademi O365/banking/airflow/.venv/lib/python3.12/site-packages/airflow/example_dags/example_trigger_target_dag.py
[2025-11-21T04:26:27.467+0500] {logging_mixin.py:190} INFO - [2025-11-21T04:26:27.465+0500] {dag.py:3239} INFO - Sync 1 DAGs
[2025-11-21T04:26:27.561+0500] {logging_mixin.py:190} INFO - [2025-11-21T04:26:27.558+0500] {dag.py:4180} INFO - Setting next_dagrun for example_trigger_target_dag to None, run_after=None
[2025-11-21T04:26:27.691+0500] {processor.py:208} INFO - Processing /mnt/c/Users/Raj/OneDrive - Åbo Akademi O365/banking/airflow/.venv/lib/python3.12/site-packages/airflow/example_dags/example_trigger_target_dag.py took 0.768 seconds
[2025-11-21T04:27:36.499+0500] {processor.py:186} INFO - Started process (PID=18037) to work on /mnt/c/Users/Raj/OneDrive - Åbo Akademi O365/banking/airflow/.venv/lib/python3.12/site-packages/airflow/example_dags/example_trigger_target_dag.py
[2025-11-21T04:27:36.504+0500] {processor.py:914} INFO - Processing file /mnt/c/Users/Raj/OneDrive - Åbo Akademi O365/banking/airflow/.venv/lib/python3.12/site-packages/airflow/example_dags/example_trigger_target_dag.py for tasks to queue
[2025-11-21T04:27:36.513+0500] {logging_mixin.py:190} INFO - [2025-11-21T04:27:36.510+0500] {dagbag.py:588} INFO - Filling up the DagBag from /mnt/c/Users/Raj/OneDrive - Åbo Akademi O365/banking/airflow/.venv/lib/python3.12/site-packages/airflow/example_dags/example_trigger_target_dag.py
[2025-11-21T04:27:36.720+0500] {processor.py:925} INFO - DAG(s) 'example_trigger_target_dag' retrieved from /mnt/c/Users/Raj/OneDrive - Åbo Akademi O365/banking/airflow/.venv/lib/python3.12/site-packages/airflow/example_dags/example_trigger_target_dag.py
[2025-11-21T04:27:36.801+0500] {logging_mixin.py:190} INFO - [2025-11-21T04:27:36.799+0500] {dag.py:3239} INFO - Sync 1 DAGs
[2025-11-21T04:27:36.829+0500] {logging_mixin.py:190} INFO - [2025-11-21T04:27:36.827+0500] {dag.py:4180} INFO - Setting next_dagrun for example_trigger_target_dag to None, run_after=None
[2025-11-21T04:27:36.950+0500] {processor.py:208} INFO - Processing /mnt/c/Users/Raj/OneDrive - Åbo Akademi O365/banking/airflow/.venv/lib/python3.12/site-packages/airflow/example_dags/example_trigger_target_dag.py took 0.479 seconds
[2025-11-21T04:28:56.405+0500] {processor.py:186} INFO - Started process (PID=18081) to work on /mnt/c/Users/Raj/OneDrive - Åbo Akademi O365/banking/airflow/.venv/lib/python3.12/site-packages/airflow/example_dags/example_trigger_target_dag.py
[2025-11-21T04:28:56.410+0500] {processor.py:914} INFO - Processing file /mnt/c/Users/Raj/OneDrive - Åbo Akademi O365/banking/airflow/.venv/lib/python3.12/site-packages/airflow/example_dags/example_trigger_target_dag.py for tasks to queue
[2025-11-21T04:28:56.416+0500] {logging_mixin.py:190} INFO - [2025-11-21T04:28:56.414+0500] {dagbag.py:588} INFO - Filling up the DagBag from /mnt/c/Users/Raj/OneDrive - Åbo Akademi O365/banking/airflow/.venv/lib/python3.12/site-packages/airflow/example_dags/example_trigger_target_dag.py
[2025-11-21T04:28:56.519+0500] {processor.py:925} INFO - DAG(s) 'example_trigger_target_dag' retrieved from /mnt/c/Users/Raj/OneDrive - Åbo Akademi O365/banking/airflow/.venv/lib/python3.12/site-packages/airflow/example_dags/example_trigger_target_dag.py
[2025-11-21T04:28:56.559+0500] {logging_mixin.py:190} INFO - [2025-11-21T04:28:56.558+0500] {dag.py:3239} INFO - Sync 1 DAGs
[2025-11-21T04:28:56.581+0500] {logging_mixin.py:190} INFO - [2025-11-21T04:28:56.579+0500] {dag.py:4180} INFO - Setting next_dagrun for example_trigger_target_dag to None, run_after=None
[2025-11-21T04:28:56.665+0500] {processor.py:208} INFO - Processing /mnt/c/Users/Raj/OneDrive - Åbo Akademi O365/banking/airflow/.venv/lib/python3.12/site-packages/airflow/example_dags/example_trigger_target_dag.py took 0.282 seconds
[2025-11-21T04:30:27.617+0500] {processor.py:186} INFO - Started process (PID=18128) to work on /mnt/c/Users/Raj/OneDrive - Åbo Akademi O365/banking/airflow/.venv/lib/python3.12/site-packages/airflow/example_dags/example_trigger_target_dag.py
[2025-11-21T04:30:27.625+0500] {processor.py:914} INFO - Processing file /mnt/c/Users/Raj/OneDrive - Åbo Akademi O365/banking/airflow/.venv/lib/python3.12/site-packages/airflow/example_dags/example_trigger_target_dag.py for tasks to queue
[2025-11-21T04:30:27.635+0500] {logging_mixin.py:190} INFO - [2025-11-21T04:30:27.632+0500] {dagbag.py:588} INFO - Filling up the DagBag from /mnt/c/Users/Raj/OneDrive - Åbo Akademi O365/banking/airflow/.venv/lib/python3.12/site-packages/airflow/example_dags/example_trigger_target_dag.py
[2025-11-21T04:30:27.993+0500] {processor.py:925} INFO - DAG(s) 'example_trigger_target_dag' retrieved from /mnt/c/Users/Raj/OneDrive - Åbo Akademi O365/banking/airflow/.venv/lib/python3.12/site-packages/airflow/example_dags/example_trigger_target_dag.py
[2025-11-21T04:30:28.125+0500] {logging_mixin.py:190} INFO - [2025-11-21T04:30:28.116+0500] {dag.py:3239} INFO - Sync 1 DAGs
[2025-11-21T04:30:28.768+0500] {logging_mixin.py:190} INFO - [2025-11-21T04:30:28.761+0500] {dag.py:4180} INFO - Setting next_dagrun for example_trigger_target_dag to None, run_after=None
[2025-11-21T04:30:29.110+0500] {processor.py:208} INFO - Processing /mnt/c/Users/Raj/OneDrive - Åbo Akademi O365/banking/airflow/.venv/lib/python3.12/site-packages/airflow/example_dags/example_trigger_target_dag.py took 1.577 seconds
[2025-11-21T04:31:51.862+0500] {processor.py:186} INFO - Started process (PID=18168) to work on /mnt/c/Users/Raj/OneDrive - Åbo Akademi O365/banking/airflow/.venv/lib/python3.12/site-packages/airflow/example_dags/example_trigger_target_dag.py
[2025-11-21T04:31:51.878+0500] {processor.py:914} INFO - Processing file /mnt/c/Users/Raj/OneDrive - Åbo Akademi O365/banking/airflow/.venv/lib/python3.12/site-packages/airflow/example_dags/example_trigger_target_dag.py for tasks to queue
[2025-11-21T04:31:51.892+0500] {logging_mixin.py:190} INFO - [2025-11-21T04:31:51.888+0500] {dagbag.py:588} INFO - Filling up the DagBag from /mnt/c/Users/Raj/OneDrive - Åbo Akademi O365/banking/airflow/.venv/lib/python3.12/site-packages/airflow/example_dags/example_trigger_target_dag.py
[2025-11-21T04:31:52.185+0500] {processor.py:925} INFO - DAG(s) 'example_trigger_target_dag' retrieved from /mnt/c/Users/Raj/OneDrive - Åbo Akademi O365/banking/airflow/.venv/lib/python3.12/site-packages/airflow/example_dags/example_trigger_target_dag.py
[2025-11-21T04:31:52.332+0500] {logging_mixin.py:190} INFO - [2025-11-21T04:31:52.324+0500] {dag.py:3239} INFO - Sync 1 DAGs
[2025-11-21T04:31:52.413+0500] {logging_mixin.py:190} INFO - [2025-11-21T04:31:52.407+0500] {dag.py:4180} INFO - Setting next_dagrun for example_trigger_target_dag to None, run_after=None
[2025-11-21T04:31:52.658+0500] {processor.py:208} INFO - Processing /mnt/c/Users/Raj/OneDrive - Åbo Akademi O365/banking/airflow/.venv/lib/python3.12/site-packages/airflow/example_dags/example_trigger_target_dag.py took 0.843 seconds
[2025-11-21T04:33:14.822+0500] {processor.py:186} INFO - Started process (PID=18215) to work on /mnt/c/Users/Raj/OneDrive - Åbo Akademi O365/banking/airflow/.venv/lib/python3.12/site-packages/airflow/example_dags/example_trigger_target_dag.py
[2025-11-21T04:33:14.825+0500] {processor.py:914} INFO - Processing file /mnt/c/Users/Raj/OneDrive - Åbo Akademi O365/banking/airflow/.venv/lib/python3.12/site-packages/airflow/example_dags/example_trigger_target_dag.py for tasks to queue
[2025-11-21T04:33:14.832+0500] {logging_mixin.py:190} INFO - [2025-11-21T04:33:14.829+0500] {dagbag.py:588} INFO - Filling up the DagBag from /mnt/c/Users/Raj/OneDrive - Åbo Akademi O365/banking/airflow/.venv/lib/python3.12/site-packages/airflow/example_dags/example_trigger_target_dag.py
[2025-11-21T04:33:14.941+0500] {processor.py:925} INFO - DAG(s) 'example_trigger_target_dag' retrieved from /mnt/c/Users/Raj/OneDrive - Åbo Akademi O365/banking/airflow/.venv/lib/python3.12/site-packages/airflow/example_dags/example_trigger_target_dag.py
[2025-11-21T04:33:14.996+0500] {logging_mixin.py:190} INFO - [2025-11-21T04:33:14.994+0500] {dag.py:3239} INFO - Sync 1 DAGs
[2025-11-21T04:33:15.035+0500] {logging_mixin.py:190} INFO - [2025-11-21T04:33:15.033+0500] {dag.py:4180} INFO - Setting next_dagrun for example_trigger_target_dag to None, run_after=None
[2025-11-21T04:33:15.125+0500] {processor.py:208} INFO - Processing /mnt/c/Users/Raj/OneDrive - Åbo Akademi O365/banking/airflow/.venv/lib/python3.12/site-packages/airflow/example_dags/example_trigger_target_dag.py took 0.332 seconds
[2025-11-21T04:34:28.266+0500] {processor.py:186} INFO - Started process (PID=18257) to work on /mnt/c/Users/Raj/OneDrive - Åbo Akademi O365/banking/airflow/.venv/lib/python3.12/site-packages/airflow/example_dags/example_trigger_target_dag.py
[2025-11-21T04:34:28.271+0500] {processor.py:914} INFO - Processing file /mnt/c/Users/Raj/OneDrive - Åbo Akademi O365/banking/airflow/.venv/lib/python3.12/site-packages/airflow/example_dags/example_trigger_target_dag.py for tasks to queue
[2025-11-21T04:34:28.282+0500] {logging_mixin.py:190} INFO - [2025-11-21T04:34:28.276+0500] {dagbag.py:588} INFO - Filling up the DagBag from /mnt/c/Users/Raj/OneDrive - Åbo Akademi O365/banking/airflow/.venv/lib/python3.12/site-packages/airflow/example_dags/example_trigger_target_dag.py
[2025-11-21T04:34:28.469+0500] {processor.py:925} INFO - DAG(s) 'example_trigger_target_dag' retrieved from /mnt/c/Users/Raj/OneDrive - Åbo Akademi O365/banking/airflow/.venv/lib/python3.12/site-packages/airflow/example_dags/example_trigger_target_dag.py
[2025-11-21T04:34:28.523+0500] {logging_mixin.py:190} INFO - [2025-11-21T04:34:28.521+0500] {dag.py:3239} INFO - Sync 1 DAGs
[2025-11-21T04:34:29.424+0500] {logging_mixin.py:190} INFO - [2025-11-21T04:34:29.423+0500] {dag.py:4180} INFO - Setting next_dagrun for example_trigger_target_dag to None, run_after=None
[2025-11-21T04:34:29.515+0500] {processor.py:208} INFO - Processing /mnt/c/Users/Raj/OneDrive - Åbo Akademi O365/banking/airflow/.venv/lib/python3.12/site-packages/airflow/example_dags/example_trigger_target_dag.py took 0.408 seconds
[2025-11-21T04:35:55.105+0500] {processor.py:186} INFO - Started process (PID=18568) to work on /mnt/c/Users/Raj/OneDrive - Åbo Akademi O365/banking/airflow/.venv/lib/python3.12/site-packages/airflow/example_dags/example_trigger_target_dag.py
[2025-11-21T04:35:55.108+0500] {processor.py:914} INFO - Processing file /mnt/c/Users/Raj/OneDrive - Åbo Akademi O365/banking/airflow/.venv/lib/python3.12/site-packages/airflow/example_dags/example_trigger_target_dag.py for tasks to queue
[2025-11-21T04:35:55.112+0500] {logging_mixin.py:190} INFO - [2025-11-21T04:35:55.111+0500] {dagbag.py:588} INFO - Filling up the DagBag from /mnt/c/Users/Raj/OneDrive - Åbo Akademi O365/banking/airflow/.venv/lib/python3.12/site-packages/airflow/example_dags/example_trigger_target_dag.py
[2025-11-21T04:35:55.203+0500] {processor.py:925} INFO - DAG(s) 'example_trigger_target_dag' retrieved from /mnt/c/Users/Raj/OneDrive - Åbo Akademi O365/banking/airflow/.venv/lib/python3.12/site-packages/airflow/example_dags/example_trigger_target_dag.py
[2025-11-21T04:35:55.249+0500] {logging_mixin.py:190} INFO - [2025-11-21T04:35:55.248+0500] {dag.py:3239} INFO - Sync 1 DAGs
[2025-11-21T04:35:55.273+0500] {logging_mixin.py:190} INFO - [2025-11-21T04:35:55.272+0500] {dag.py:4180} INFO - Setting next_dagrun for example_trigger_target_dag to None, run_after=None
[2025-11-21T04:35:55.366+0500] {processor.py:208} INFO - Processing /mnt/c/Users/Raj/OneDrive - Åbo Akademi O365/banking/airflow/.venv/lib/python3.12/site-packages/airflow/example_dags/example_trigger_target_dag.py took 0.278 seconds
[2025-11-21T04:37:15.534+0500] {processor.py:186} INFO - Started process (PID=18729) to work on /mnt/c/Users/Raj/OneDrive - Åbo Akademi O365/banking/airflow/.venv/lib/python3.12/site-packages/airflow/example_dags/example_trigger_target_dag.py
[2025-11-21T04:37:15.541+0500] {processor.py:914} INFO - Processing file /mnt/c/Users/Raj/OneDrive - Åbo Akademi O365/banking/airflow/.venv/lib/python3.12/site-packages/airflow/example_dags/example_trigger_target_dag.py for tasks to queue
[2025-11-21T04:37:15.547+0500] {logging_mixin.py:190} INFO - [2025-11-21T04:37:15.545+0500] {dagbag.py:588} INFO - Filling up the DagBag from /mnt/c/Users/Raj/OneDrive - Åbo Akademi O365/banking/airflow/.venv/lib/python3.12/site-packages/airflow/example_dags/example_trigger_target_dag.py
[2025-11-21T04:37:15.779+0500] {processor.py:925} INFO - DAG(s) 'example_trigger_target_dag' retrieved from /mnt/c/Users/Raj/OneDrive - Åbo Akademi O365/banking/airflow/.venv/lib/python3.12/site-packages/airflow/example_dags/example_trigger_target_dag.py
[2025-11-21T04:37:15.928+0500] {logging_mixin.py:190} INFO - [2025-11-21T04:37:15.922+0500] {dag.py:3239} INFO - Sync 1 DAGs
[2025-11-21T04:37:15.995+0500] {logging_mixin.py:190} INFO - [2025-11-21T04:37:15.988+0500] {dag.py:4180} INFO - Setting next_dagrun for example_trigger_target_dag to None, run_after=None
[2025-11-21T04:37:16.231+0500] {processor.py:208} INFO - Processing /mnt/c/Users/Raj/OneDrive - Åbo Akademi O365/banking/airflow/.venv/lib/python3.12/site-packages/airflow/example_dags/example_trigger_target_dag.py took 0.729 seconds
[2025-11-21T04:38:32.262+0500] {processor.py:186} INFO - Started process (PID=18775) to work on /mnt/c/Users/Raj/OneDrive - Åbo Akademi O365/banking/airflow/.venv/lib/python3.12/site-packages/airflow/example_dags/example_trigger_target_dag.py
[2025-11-21T04:38:32.265+0500] {processor.py:914} INFO - Processing file /mnt/c/Users/Raj/OneDrive - Åbo Akademi O365/banking/airflow/.venv/lib/python3.12/site-packages/airflow/example_dags/example_trigger_target_dag.py for tasks to queue
[2025-11-21T04:38:32.272+0500] {logging_mixin.py:190} INFO - [2025-11-21T04:38:32.270+0500] {dagbag.py:588} INFO - Filling up the DagBag from /mnt/c/Users/Raj/OneDrive - Åbo Akademi O365/banking/airflow/.venv/lib/python3.12/site-packages/airflow/example_dags/example_trigger_target_dag.py
[2025-11-21T04:38:32.394+0500] {processor.py:925} INFO - DAG(s) 'example_trigger_target_dag' retrieved from /mnt/c/Users/Raj/OneDrive - Åbo Akademi O365/banking/airflow/.venv/lib/python3.12/site-packages/airflow/example_dags/example_trigger_target_dag.py
[2025-11-21T04:38:32.449+0500] {logging_mixin.py:190} INFO - [2025-11-21T04:38:32.447+0500] {dag.py:3239} INFO - Sync 1 DAGs
[2025-11-21T04:38:32.480+0500] {logging_mixin.py:190} INFO - [2025-11-21T04:38:32.478+0500] {dag.py:4180} INFO - Setting next_dagrun for example_trigger_target_dag to None, run_after=None
[2025-11-21T04:38:32.577+0500] {processor.py:208} INFO - Processing /mnt/c/Users/Raj/OneDrive - Åbo Akademi O365/banking/airflow/.venv/lib/python3.12/site-packages/airflow/example_dags/example_trigger_target_dag.py took 0.342 seconds
