[2025-11-21T04:18:42.186+0500] {processor.py:186} INFO - Started process (PID=17781) to work on /mnt/c/Users/Raj/OneDrive - Åbo Akademi O365/banking/airflow/.venv/lib/python3.12/site-packages/airflow/example_dags/example_trigger_controller_dag.py
[2025-11-21T04:18:42.189+0500] {processor.py:914} INFO - Processing file /mnt/c/Users/Raj/OneDrive - Åbo Akademi O365/banking/airflow/.venv/lib/python3.12/site-packages/airflow/example_dags/example_trigger_controller_dag.py for tasks to queue
[2025-11-21T04:18:42.195+0500] {logging_mixin.py:190} INFO - [2025-11-21T04:18:42.193+0500] {dagbag.py:588} INFO - Filling up the DagBag from /mnt/c/Users/Raj/OneDrive - Åbo Akademi O365/banking/airflow/.venv/lib/python3.12/site-packages/airflow/example_dags/example_trigger_controller_dag.py
[2025-11-21T04:18:42.289+0500] {processor.py:925} INFO - DAG(s) 'example_trigger_controller_dag' retrieved from /mnt/c/Users/Raj/OneDrive - Åbo Akademi O365/banking/airflow/.venv/lib/python3.12/site-packages/airflow/example_dags/example_trigger_controller_dag.py
[2025-11-21T04:18:44.215+0500] {logging_mixin.py:190} INFO - [2025-11-21T04:18:44.213+0500] {override.py:1900} INFO - Created Permission View: can edit on DAG:example_trigger_controller_dag
[2025-11-21T04:18:44.269+0500] {logging_mixin.py:190} INFO - [2025-11-21T04:18:44.267+0500] {override.py:1900} INFO - Created Permission View: can delete on DAG:example_trigger_controller_dag
[2025-11-21T04:18:44.322+0500] {logging_mixin.py:190} INFO - [2025-11-21T04:18:44.320+0500] {override.py:1900} INFO - Created Permission View: can read on DAG:example_trigger_controller_dag
[2025-11-21T04:18:44.417+0500] {logging_mixin.py:190} INFO - [2025-11-21T04:18:44.414+0500] {override.py:1900} INFO - Created Permission View: can create on DAG Run:example_trigger_controller_dag
[2025-11-21T04:18:44.495+0500] {logging_mixin.py:190} INFO - [2025-11-21T04:18:44.492+0500] {override.py:1900} INFO - Created Permission View: menu access on DAG Run:example_trigger_controller_dag
[2025-11-21T04:18:44.573+0500] {logging_mixin.py:190} INFO - [2025-11-21T04:18:44.570+0500] {override.py:1900} INFO - Created Permission View: can delete on DAG Run:example_trigger_controller_dag
[2025-11-21T04:18:44.647+0500] {logging_mixin.py:190} INFO - [2025-11-21T04:18:44.644+0500] {override.py:1900} INFO - Created Permission View: can read on DAG Run:example_trigger_controller_dag
[2025-11-21T04:18:44.651+0500] {logging_mixin.py:190} INFO - [2025-11-21T04:18:44.649+0500] {dag.py:3239} INFO - Sync 1 DAGs
[2025-11-21T04:18:44.701+0500] {logging_mixin.py:190} INFO - [2025-11-21T04:18:44.699+0500] {dag.py:3262} INFO - Creating ORM DAG for example_trigger_controller_dag
[2025-11-21T04:18:44.727+0500] {logging_mixin.py:190} INFO - [2025-11-21T04:18:44.725+0500] {dag.py:4180} INFO - Setting next_dagrun for example_trigger_controller_dag to 2021-01-01 00:00:00+00:00, run_after=2021-01-01 00:00:00+00:00
[2025-11-21T04:18:44.888+0500] {processor.py:208} INFO - Processing /mnt/c/Users/Raj/OneDrive - Åbo Akademi O365/banking/airflow/.venv/lib/python3.12/site-packages/airflow/example_dags/example_trigger_controller_dag.py took 2.725 seconds
[2025-11-21T04:22:28.899+0500] {processor.py:186} INFO - Started process (PID=17853) to work on /mnt/c/Users/Raj/OneDrive - Åbo Akademi O365/banking/airflow/.venv/lib/python3.12/site-packages/airflow/example_dags/example_trigger_controller_dag.py
[2025-11-21T04:22:28.904+0500] {processor.py:914} INFO - Processing file /mnt/c/Users/Raj/OneDrive - Åbo Akademi O365/banking/airflow/.venv/lib/python3.12/site-packages/airflow/example_dags/example_trigger_controller_dag.py for tasks to queue
[2025-11-21T04:22:28.916+0500] {logging_mixin.py:190} INFO - [2025-11-21T04:22:28.912+0500] {dagbag.py:588} INFO - Filling up the DagBag from /mnt/c/Users/Raj/OneDrive - Åbo Akademi O365/banking/airflow/.venv/lib/python3.12/site-packages/airflow/example_dags/example_trigger_controller_dag.py
[2025-11-21T04:22:29.129+0500] {processor.py:925} INFO - DAG(s) 'example_trigger_controller_dag' retrieved from /mnt/c/Users/Raj/OneDrive - Åbo Akademi O365/banking/airflow/.venv/lib/python3.12/site-packages/airflow/example_dags/example_trigger_controller_dag.py
[2025-11-21T04:22:29.199+0500] {logging_mixin.py:190} INFO - [2025-11-21T04:22:29.197+0500] {dag.py:3239} INFO - Sync 1 DAGs
[2025-11-21T04:22:29.241+0500] {logging_mixin.py:190} INFO - [2025-11-21T04:22:29.239+0500] {dag.py:4180} INFO - Setting next_dagrun for example_trigger_controller_dag to 2021-01-01 00:00:00+00:00, run_after=2021-01-01 00:00:00+00:00
[2025-11-21T04:22:29.377+0500] {processor.py:208} INFO - Processing /mnt/c/Users/Raj/OneDrive - Åbo Akademi O365/banking/airflow/.venv/lib/python3.12/site-packages/airflow/example_dags/example_trigger_controller_dag.py took 0.513 seconds
[2025-11-21T04:24:04.501+0500] {processor.py:186} INFO - Started process (PID=17905) to work on /mnt/c/Users/Raj/OneDrive - Åbo Akademi O365/banking/airflow/.venv/lib/python3.12/site-packages/airflow/example_dags/example_trigger_controller_dag.py
[2025-11-21T04:24:04.505+0500] {processor.py:914} INFO - Processing file /mnt/c/Users/Raj/OneDrive - Åbo Akademi O365/banking/airflow/.venv/lib/python3.12/site-packages/airflow/example_dags/example_trigger_controller_dag.py for tasks to queue
[2025-11-21T04:24:04.515+0500] {logging_mixin.py:190} INFO - [2025-11-21T04:24:04.512+0500] {dagbag.py:588} INFO - Filling up the DagBag from /mnt/c/Users/Raj/OneDrive - Åbo Akademi O365/banking/airflow/.venv/lib/python3.12/site-packages/airflow/example_dags/example_trigger_controller_dag.py
[2025-11-21T04:24:04.714+0500] {processor.py:925} INFO - DAG(s) 'example_trigger_controller_dag' retrieved from /mnt/c/Users/Raj/OneDrive - Åbo Akademi O365/banking/airflow/.venv/lib/python3.12/site-packages/airflow/example_dags/example_trigger_controller_dag.py
[2025-11-21T04:24:04.797+0500] {logging_mixin.py:190} INFO - [2025-11-21T04:24:04.794+0500] {dag.py:3239} INFO - Sync 1 DAGs
[2025-11-21T04:24:04.865+0500] {logging_mixin.py:190} INFO - [2025-11-21T04:24:04.862+0500] {dag.py:4180} INFO - Setting next_dagrun for example_trigger_controller_dag to 2021-01-01 00:00:00+00:00, run_after=2021-01-01 00:00:00+00:00
[2025-11-21T04:24:05.037+0500] {processor.py:208} INFO - Processing /mnt/c/Users/Raj/OneDrive - Åbo Akademi O365/banking/airflow/.venv/lib/python3.12/site-packages/airflow/example_dags/example_trigger_controller_dag.py took 0.566 seconds
[2025-11-21T04:25:17.493+0500] {processor.py:186} INFO - Started process (PID=17946) to work on /mnt/c/Users/Raj/OneDrive - Åbo Akademi O365/banking/airflow/.venv/lib/python3.12/site-packages/airflow/example_dags/example_trigger_controller_dag.py
[2025-11-21T04:25:17.496+0500] {processor.py:914} INFO - Processing file /mnt/c/Users/Raj/OneDrive - Åbo Akademi O365/banking/airflow/.venv/lib/python3.12/site-packages/airflow/example_dags/example_trigger_controller_dag.py for tasks to queue
[2025-11-21T04:25:17.504+0500] {logging_mixin.py:190} INFO - [2025-11-21T04:25:17.502+0500] {dagbag.py:588} INFO - Filling up the DagBag from /mnt/c/Users/Raj/OneDrive - Åbo Akademi O365/banking/airflow/.venv/lib/python3.12/site-packages/airflow/example_dags/example_trigger_controller_dag.py
[2025-11-21T04:25:17.616+0500] {processor.py:925} INFO - DAG(s) 'example_trigger_controller_dag' retrieved from /mnt/c/Users/Raj/OneDrive - Åbo Akademi O365/banking/airflow/.venv/lib/python3.12/site-packages/airflow/example_dags/example_trigger_controller_dag.py
[2025-11-21T04:25:17.661+0500] {logging_mixin.py:190} INFO - [2025-11-21T04:25:17.660+0500] {dag.py:3239} INFO - Sync 1 DAGs
[2025-11-21T04:25:17.708+0500] {logging_mixin.py:190} INFO - [2025-11-21T04:25:17.705+0500] {dag.py:4180} INFO - Setting next_dagrun for example_trigger_controller_dag to 2021-01-01 00:00:00+00:00, run_after=2021-01-01 00:00:00+00:00
[2025-11-21T04:25:17.867+0500] {processor.py:208} INFO - Processing /mnt/c/Users/Raj/OneDrive - Åbo Akademi O365/banking/airflow/.venv/lib/python3.12/site-packages/airflow/example_dags/example_trigger_controller_dag.py took 0.394 seconds
[2025-11-21T04:26:28.828+0500] {processor.py:186} INFO - Started process (PID=17993) to work on /mnt/c/Users/Raj/OneDrive - Åbo Akademi O365/banking/airflow/.venv/lib/python3.12/site-packages/airflow/example_dags/example_trigger_controller_dag.py
[2025-11-21T04:26:28.835+0500] {processor.py:914} INFO - Processing file /mnt/c/Users/Raj/OneDrive - Åbo Akademi O365/banking/airflow/.venv/lib/python3.12/site-packages/airflow/example_dags/example_trigger_controller_dag.py for tasks to queue
[2025-11-21T04:26:28.844+0500] {logging_mixin.py:190} INFO - [2025-11-21T04:26:28.842+0500] {dagbag.py:588} INFO - Filling up the DagBag from /mnt/c/Users/Raj/OneDrive - Åbo Akademi O365/banking/airflow/.venv/lib/python3.12/site-packages/airflow/example_dags/example_trigger_controller_dag.py
[2025-11-21T04:26:29.011+0500] {processor.py:925} INFO - DAG(s) 'example_trigger_controller_dag' retrieved from /mnt/c/Users/Raj/OneDrive - Åbo Akademi O365/banking/airflow/.venv/lib/python3.12/site-packages/airflow/example_dags/example_trigger_controller_dag.py
[2025-11-21T04:26:29.089+0500] {logging_mixin.py:190} INFO - [2025-11-21T04:26:29.087+0500] {dag.py:3239} INFO - Sync 1 DAGs
[2025-11-21T04:26:29.152+0500] {logging_mixin.py:190} INFO - [2025-11-21T04:26:29.151+0500] {dag.py:4180} INFO - Setting next_dagrun for example_trigger_controller_dag to 2021-01-01 00:00:00+00:00, run_after=2021-01-01 00:00:00+00:00
[2025-11-21T04:26:29.255+0500] {processor.py:208} INFO - Processing /mnt/c/Users/Raj/OneDrive - Åbo Akademi O365/banking/airflow/.venv/lib/python3.12/site-packages/airflow/example_dags/example_trigger_controller_dag.py took 0.453 seconds
[2025-11-21T04:27:38.462+0500] {processor.py:186} INFO - Started process (PID=18038) to work on /mnt/c/Users/Raj/OneDrive - Åbo Akademi O365/banking/airflow/.venv/lib/python3.12/site-packages/airflow/example_dags/example_trigger_controller_dag.py
[2025-11-21T04:27:38.469+0500] {processor.py:914} INFO - Processing file /mnt/c/Users/Raj/OneDrive - Åbo Akademi O365/banking/airflow/.venv/lib/python3.12/site-packages/airflow/example_dags/example_trigger_controller_dag.py for tasks to queue
[2025-11-21T04:27:38.477+0500] {logging_mixin.py:190} INFO - [2025-11-21T04:27:38.475+0500] {dagbag.py:588} INFO - Filling up the DagBag from /mnt/c/Users/Raj/OneDrive - Åbo Akademi O365/banking/airflow/.venv/lib/python3.12/site-packages/airflow/example_dags/example_trigger_controller_dag.py
[2025-11-21T04:27:38.577+0500] {processor.py:925} INFO - DAG(s) 'example_trigger_controller_dag' retrieved from /mnt/c/Users/Raj/OneDrive - Åbo Akademi O365/banking/airflow/.venv/lib/python3.12/site-packages/airflow/example_dags/example_trigger_controller_dag.py
[2025-11-21T04:27:38.623+0500] {logging_mixin.py:190} INFO - [2025-11-21T04:27:38.621+0500] {dag.py:3239} INFO - Sync 1 DAGs
[2025-11-21T04:27:38.662+0500] {logging_mixin.py:190} INFO - [2025-11-21T04:27:38.660+0500] {dag.py:4180} INFO - Setting next_dagrun for example_trigger_controller_dag to 2021-01-01 00:00:00+00:00, run_after=2021-01-01 00:00:00+00:00
[2025-11-21T04:27:38.765+0500] {processor.py:208} INFO - Processing /mnt/c/Users/Raj/OneDrive - Åbo Akademi O365/banking/airflow/.venv/lib/python3.12/site-packages/airflow/example_dags/example_trigger_controller_dag.py took 0.329 seconds
[2025-11-21T04:28:58.161+0500] {processor.py:186} INFO - Started process (PID=18082) to work on /mnt/c/Users/Raj/OneDrive - Åbo Akademi O365/banking/airflow/.venv/lib/python3.12/site-packages/airflow/example_dags/example_trigger_controller_dag.py
[2025-11-21T04:28:58.165+0500] {processor.py:914} INFO - Processing file /mnt/c/Users/Raj/OneDrive - Åbo Akademi O365/banking/airflow/.venv/lib/python3.12/site-packages/airflow/example_dags/example_trigger_controller_dag.py for tasks to queue
[2025-11-21T04:28:58.173+0500] {logging_mixin.py:190} INFO - [2025-11-21T04:28:58.171+0500] {dagbag.py:588} INFO - Filling up the DagBag from /mnt/c/Users/Raj/OneDrive - Åbo Akademi O365/banking/airflow/.venv/lib/python3.12/site-packages/airflow/example_dags/example_trigger_controller_dag.py
[2025-11-21T04:28:58.280+0500] {processor.py:925} INFO - DAG(s) 'example_trigger_controller_dag' retrieved from /mnt/c/Users/Raj/OneDrive - Åbo Akademi O365/banking/airflow/.venv/lib/python3.12/site-packages/airflow/example_dags/example_trigger_controller_dag.py
[2025-11-21T04:28:58.331+0500] {logging_mixin.py:190} INFO - [2025-11-21T04:28:58.330+0500] {dag.py:3239} INFO - Sync 1 DAGs
[2025-11-21T04:28:58.378+0500] {logging_mixin.py:190} INFO - [2025-11-21T04:28:58.376+0500] {dag.py:4180} INFO - Setting next_dagrun for example_trigger_controller_dag to 2021-01-01 00:00:00+00:00, run_after=2021-01-01 00:00:00+00:00
[2025-11-21T04:28:59.158+0500] {processor.py:208} INFO - Processing /mnt/c/Users/Raj/OneDrive - Åbo Akademi O365/banking/airflow/.venv/lib/python3.12/site-packages/airflow/example_dags/example_trigger_controller_dag.py took 0.345 seconds
[2025-11-21T04:30:31.089+0500] {processor.py:186} INFO - Started process (PID=18129) to work on /mnt/c/Users/Raj/OneDrive - Åbo Akademi O365/banking/airflow/.venv/lib/python3.12/site-packages/airflow/example_dags/example_trigger_controller_dag.py
[2025-11-21T04:30:31.101+0500] {processor.py:914} INFO - Processing file /mnt/c/Users/Raj/OneDrive - Åbo Akademi O365/banking/airflow/.venv/lib/python3.12/site-packages/airflow/example_dags/example_trigger_controller_dag.py for tasks to queue
[2025-11-21T04:30:31.123+0500] {logging_mixin.py:190} INFO - [2025-11-21T04:30:31.118+0500] {dagbag.py:588} INFO - Filling up the DagBag from /mnt/c/Users/Raj/OneDrive - Åbo Akademi O365/banking/airflow/.venv/lib/python3.12/site-packages/airflow/example_dags/example_trigger_controller_dag.py
[2025-11-21T04:30:31.773+0500] {processor.py:925} INFO - DAG(s) 'example_trigger_controller_dag' retrieved from /mnt/c/Users/Raj/OneDrive - Åbo Akademi O365/banking/airflow/.venv/lib/python3.12/site-packages/airflow/example_dags/example_trigger_controller_dag.py
[2025-11-21T04:30:31.950+0500] {logging_mixin.py:190} INFO - [2025-11-21T04:30:31.948+0500] {dag.py:3239} INFO - Sync 1 DAGs
[2025-11-21T04:30:32.273+0500] {logging_mixin.py:190} INFO - [2025-11-21T04:30:32.270+0500] {dag.py:4180} INFO - Setting next_dagrun for example_trigger_controller_dag to 2021-01-01 00:00:00+00:00, run_after=2021-01-01 00:00:00+00:00
[2025-11-21T04:30:32.473+0500] {processor.py:208} INFO - Processing /mnt/c/Users/Raj/OneDrive - Åbo Akademi O365/banking/airflow/.venv/lib/python3.12/site-packages/airflow/example_dags/example_trigger_controller_dag.py took 1.421 seconds
[2025-11-21T04:31:54.241+0500] {processor.py:186} INFO - Started process (PID=18170) to work on /mnt/c/Users/Raj/OneDrive - Åbo Akademi O365/banking/airflow/.venv/lib/python3.12/site-packages/airflow/example_dags/example_trigger_controller_dag.py
[2025-11-21T04:31:54.244+0500] {processor.py:914} INFO - Processing file /mnt/c/Users/Raj/OneDrive - Åbo Akademi O365/banking/airflow/.venv/lib/python3.12/site-packages/airflow/example_dags/example_trigger_controller_dag.py for tasks to queue
[2025-11-21T04:31:54.252+0500] {logging_mixin.py:190} INFO - [2025-11-21T04:31:54.250+0500] {dagbag.py:588} INFO - Filling up the DagBag from /mnt/c/Users/Raj/OneDrive - Åbo Akademi O365/banking/airflow/.venv/lib/python3.12/site-packages/airflow/example_dags/example_trigger_controller_dag.py
[2025-11-21T04:31:54.355+0500] {processor.py:925} INFO - DAG(s) 'example_trigger_controller_dag' retrieved from /mnt/c/Users/Raj/OneDrive - Åbo Akademi O365/banking/airflow/.venv/lib/python3.12/site-packages/airflow/example_dags/example_trigger_controller_dag.py
[2025-11-21T04:31:54.398+0500] {logging_mixin.py:190} INFO - [2025-11-21T04:31:54.396+0500] {dag.py:3239} INFO - Sync 1 DAGs
[2025-11-21T04:31:54.441+0500] {logging_mixin.py:190} INFO - [2025-11-21T04:31:54.440+0500] {dag.py:4180} INFO - Setting next_dagrun for example_trigger_controller_dag to 2021-01-01 00:00:00+00:00, run_after=2021-01-01 00:00:00+00:00
[2025-11-21T04:31:54.584+0500] {processor.py:208} INFO - Processing /mnt/c/Users/Raj/OneDrive - Åbo Akademi O365/banking/airflow/.venv/lib/python3.12/site-packages/airflow/example_dags/example_trigger_controller_dag.py took 0.364 seconds
[2025-11-21T04:33:16.507+0500] {processor.py:186} INFO - Started process (PID=18216) to work on /mnt/c/Users/Raj/OneDrive - Åbo Akademi O365/banking/airflow/.venv/lib/python3.12/site-packages/airflow/example_dags/example_trigger_controller_dag.py
[2025-11-21T04:33:16.512+0500] {processor.py:914} INFO - Processing file /mnt/c/Users/Raj/OneDrive - Åbo Akademi O365/banking/airflow/.venv/lib/python3.12/site-packages/airflow/example_dags/example_trigger_controller_dag.py for tasks to queue
[2025-11-21T04:33:16.520+0500] {logging_mixin.py:190} INFO - [2025-11-21T04:33:16.516+0500] {dagbag.py:588} INFO - Filling up the DagBag from /mnt/c/Users/Raj/OneDrive - Åbo Akademi O365/banking/airflow/.venv/lib/python3.12/site-packages/airflow/example_dags/example_trigger_controller_dag.py
[2025-11-21T04:33:16.830+0500] {processor.py:925} INFO - DAG(s) 'example_trigger_controller_dag' retrieved from /mnt/c/Users/Raj/OneDrive - Åbo Akademi O365/banking/airflow/.venv/lib/python3.12/site-packages/airflow/example_dags/example_trigger_controller_dag.py
[2025-11-21T04:33:16.877+0500] {logging_mixin.py:190} INFO - [2025-11-21T04:33:16.875+0500] {dag.py:3239} INFO - Sync 1 DAGs
[2025-11-21T04:33:16.921+0500] {logging_mixin.py:190} INFO - [2025-11-21T04:33:16.919+0500] {dag.py:4180} INFO - Setting next_dagrun for example_trigger_controller_dag to 2021-01-01 00:00:00+00:00, run_after=2021-01-01 00:00:00+00:00
[2025-11-21T04:33:17.041+0500] {processor.py:208} INFO - Processing /mnt/c/Users/Raj/OneDrive - Åbo Akademi O365/banking/airflow/.venv/lib/python3.12/site-packages/airflow/example_dags/example_trigger_controller_dag.py took 0.561 seconds
[2025-11-21T04:34:31.016+0500] {processor.py:186} INFO - Started process (PID=18258) to work on /mnt/c/Users/Raj/OneDrive - Åbo Akademi O365/banking/airflow/.venv/lib/python3.12/site-packages/airflow/example_dags/example_trigger_controller_dag.py
[2025-11-21T04:34:31.024+0500] {processor.py:914} INFO - Processing file /mnt/c/Users/Raj/OneDrive - Åbo Akademi O365/banking/airflow/.venv/lib/python3.12/site-packages/airflow/example_dags/example_trigger_controller_dag.py for tasks to queue
[2025-11-21T04:34:31.036+0500] {logging_mixin.py:190} INFO - [2025-11-21T04:34:31.032+0500] {dagbag.py:588} INFO - Filling up the DagBag from /mnt/c/Users/Raj/OneDrive - Åbo Akademi O365/banking/airflow/.venv/lib/python3.12/site-packages/airflow/example_dags/example_trigger_controller_dag.py
[2025-11-21T04:34:31.387+0500] {processor.py:925} INFO - DAG(s) 'example_trigger_controller_dag' retrieved from /mnt/c/Users/Raj/OneDrive - Åbo Akademi O365/banking/airflow/.venv/lib/python3.12/site-packages/airflow/example_dags/example_trigger_controller_dag.py
[2025-11-21T04:34:31.432+0500] {logging_mixin.py:190} INFO - [2025-11-21T04:34:31.431+0500] {dag.py:3239} INFO - Sync 1 DAGs
[2025-11-21T04:34:31.477+0500] {logging_mixin.py:190} INFO - [2025-11-21T04:34:31.475+0500] {dag.py:4180} INFO - Setting next_dagrun for example_trigger_controller_dag to 2021-01-01 00:00:00+00:00, run_after=2021-01-01 00:00:00+00:00
[2025-11-21T04:34:31.582+0500] {processor.py:208} INFO - Processing /mnt/c/Users/Raj/OneDrive - Åbo Akademi O365/banking/airflow/.venv/lib/python3.12/site-packages/airflow/example_dags/example_trigger_controller_dag.py took 0.625 seconds
[2025-11-21T04:35:56.977+0500] {processor.py:186} INFO - Started process (PID=18569) to work on /mnt/c/Users/Raj/OneDrive - Åbo Akademi O365/banking/airflow/.venv/lib/python3.12/site-packages/airflow/example_dags/example_trigger_controller_dag.py
[2025-11-21T04:35:56.980+0500] {processor.py:914} INFO - Processing file /mnt/c/Users/Raj/OneDrive - Åbo Akademi O365/banking/airflow/.venv/lib/python3.12/site-packages/airflow/example_dags/example_trigger_controller_dag.py for tasks to queue
[2025-11-21T04:35:56.987+0500] {logging_mixin.py:190} INFO - [2025-11-21T04:35:56.984+0500] {dagbag.py:588} INFO - Filling up the DagBag from /mnt/c/Users/Raj/OneDrive - Åbo Akademi O365/banking/airflow/.venv/lib/python3.12/site-packages/airflow/example_dags/example_trigger_controller_dag.py
[2025-11-21T04:35:57.127+0500] {processor.py:925} INFO - DAG(s) 'example_trigger_controller_dag' retrieved from /mnt/c/Users/Raj/OneDrive - Åbo Akademi O365/banking/airflow/.venv/lib/python3.12/site-packages/airflow/example_dags/example_trigger_controller_dag.py
[2025-11-21T04:35:57.197+0500] {logging_mixin.py:190} INFO - [2025-11-21T04:35:57.195+0500] {dag.py:3239} INFO - Sync 1 DAGs
[2025-11-21T04:35:57.253+0500] {logging_mixin.py:190} INFO - [2025-11-21T04:35:57.251+0500] {dag.py:4180} INFO - Setting next_dagrun for example_trigger_controller_dag to 2021-01-01 00:00:00+00:00, run_after=2021-01-01 00:00:00+00:00
[2025-11-21T04:35:57.424+0500] {processor.py:208} INFO - Processing /mnt/c/Users/Raj/OneDrive - Åbo Akademi O365/banking/airflow/.venv/lib/python3.12/site-packages/airflow/example_dags/example_trigger_controller_dag.py took 0.474 seconds
[2025-11-21T04:37:17.656+0500] {processor.py:186} INFO - Started process (PID=18730) to work on /mnt/c/Users/Raj/OneDrive - Åbo Akademi O365/banking/airflow/.venv/lib/python3.12/site-packages/airflow/example_dags/example_trigger_controller_dag.py
[2025-11-21T04:37:17.662+0500] {processor.py:914} INFO - Processing file /mnt/c/Users/Raj/OneDrive - Åbo Akademi O365/banking/airflow/.venv/lib/python3.12/site-packages/airflow/example_dags/example_trigger_controller_dag.py for tasks to queue
[2025-11-21T04:37:17.678+0500] {logging_mixin.py:190} INFO - [2025-11-21T04:37:17.665+0500] {dagbag.py:588} INFO - Filling up the DagBag from /mnt/c/Users/Raj/OneDrive - Åbo Akademi O365/banking/airflow/.venv/lib/python3.12/site-packages/airflow/example_dags/example_trigger_controller_dag.py
[2025-11-21T04:37:17.969+0500] {processor.py:925} INFO - DAG(s) 'example_trigger_controller_dag' retrieved from /mnt/c/Users/Raj/OneDrive - Åbo Akademi O365/banking/airflow/.venv/lib/python3.12/site-packages/airflow/example_dags/example_trigger_controller_dag.py
[2025-11-21T04:37:18.048+0500] {logging_mixin.py:190} INFO - [2025-11-21T04:37:18.046+0500] {dag.py:3239} INFO - Sync 1 DAGs
[2025-11-21T04:37:18.103+0500] {logging_mixin.py:190} INFO - [2025-11-21T04:37:18.102+0500] {dag.py:4180} INFO - Setting next_dagrun for example_trigger_controller_dag to 2021-01-01 00:00:00+00:00, run_after=2021-01-01 00:00:00+00:00
[2025-11-21T04:37:18.278+0500] {processor.py:208} INFO - Processing /mnt/c/Users/Raj/OneDrive - Åbo Akademi O365/banking/airflow/.venv/lib/python3.12/site-packages/airflow/example_dags/example_trigger_controller_dag.py took 0.678 seconds
[2025-11-21T04:38:33.887+0500] {processor.py:186} INFO - Started process (PID=18776) to work on /mnt/c/Users/Raj/OneDrive - Åbo Akademi O365/banking/airflow/.venv/lib/python3.12/site-packages/airflow/example_dags/example_trigger_controller_dag.py
[2025-11-21T04:38:33.890+0500] {processor.py:914} INFO - Processing file /mnt/c/Users/Raj/OneDrive - Åbo Akademi O365/banking/airflow/.venv/lib/python3.12/site-packages/airflow/example_dags/example_trigger_controller_dag.py for tasks to queue
[2025-11-21T04:38:33.896+0500] {logging_mixin.py:190} INFO - [2025-11-21T04:38:33.894+0500] {dagbag.py:588} INFO - Filling up the DagBag from /mnt/c/Users/Raj/OneDrive - Åbo Akademi O365/banking/airflow/.venv/lib/python3.12/site-packages/airflow/example_dags/example_trigger_controller_dag.py
[2025-11-21T04:38:34.030+0500] {processor.py:925} INFO - DAG(s) 'example_trigger_controller_dag' retrieved from /mnt/c/Users/Raj/OneDrive - Åbo Akademi O365/banking/airflow/.venv/lib/python3.12/site-packages/airflow/example_dags/example_trigger_controller_dag.py
[2025-11-21T04:38:34.077+0500] {logging_mixin.py:190} INFO - [2025-11-21T04:38:34.075+0500] {dag.py:3239} INFO - Sync 1 DAGs
[2025-11-21T04:38:34.116+0500] {logging_mixin.py:190} INFO - [2025-11-21T04:38:34.114+0500] {dag.py:4180} INFO - Setting next_dagrun for example_trigger_controller_dag to 2021-01-01 00:00:00+00:00, run_after=2021-01-01 00:00:00+00:00
[2025-11-21T04:38:34.201+0500] {processor.py:208} INFO - Processing /mnt/c/Users/Raj/OneDrive - Åbo Akademi O365/banking/airflow/.venv/lib/python3.12/site-packages/airflow/example_dags/example_trigger_controller_dag.py took 0.335 seconds
