[2025-11-21T04:19:14.227+0500] {processor.py:186} INFO - Started process (PID=17792) to work on /mnt/c/Users/Raj/OneDrive - Åbo Akademi O365/banking/airflow/.venv/lib/python3.12/site-packages/airflow/example_dags/example_short_circuit_operator.py
[2025-11-21T04:19:14.230+0500] {processor.py:914} INFO - Processing file /mnt/c/Users/Raj/OneDrive - Åbo Akademi O365/banking/airflow/.venv/lib/python3.12/site-packages/airflow/example_dags/example_short_circuit_operator.py for tasks to queue
[2025-11-21T04:19:14.236+0500] {logging_mixin.py:190} INFO - [2025-11-21T04:19:14.234+0500] {dagbag.py:588} INFO - Filling up the DagBag from /mnt/c/Users/Raj/OneDrive - Åbo Akademi O365/banking/airflow/.venv/lib/python3.12/site-packages/airflow/example_dags/example_short_circuit_operator.py
[2025-11-21T04:19:14.341+0500] {processor.py:925} INFO - DAG(s) 'example_short_circuit_operator' retrieved from /mnt/c/Users/Raj/OneDrive - Åbo Akademi O365/banking/airflow/.venv/lib/python3.12/site-packages/airflow/example_dags/example_short_circuit_operator.py
[2025-11-21T04:19:16.550+0500] {logging_mixin.py:190} INFO - [2025-11-21T04:19:16.548+0500] {override.py:1900} INFO - Created Permission View: can edit on DAG:example_short_circuit_operator
[2025-11-21T04:19:16.605+0500] {logging_mixin.py:190} INFO - [2025-11-21T04:19:16.603+0500] {override.py:1900} INFO - Created Permission View: can delete on DAG:example_short_circuit_operator
[2025-11-21T04:19:16.659+0500] {logging_mixin.py:190} INFO - [2025-11-21T04:19:16.657+0500] {override.py:1900} INFO - Created Permission View: can read on DAG:example_short_circuit_operator
[2025-11-21T04:19:16.762+0500] {logging_mixin.py:190} INFO - [2025-11-21T04:19:16.760+0500] {override.py:1900} INFO - Created Permission View: can create on DAG Run:example_short_circuit_operator
[2025-11-21T04:19:16.834+0500] {logging_mixin.py:190} INFO - [2025-11-21T04:19:16.832+0500] {override.py:1900} INFO - Created Permission View: menu access on DAG Run:example_short_circuit_operator
[2025-11-21T04:19:16.889+0500] {logging_mixin.py:190} INFO - [2025-11-21T04:19:16.887+0500] {override.py:1900} INFO - Created Permission View: can delete on DAG Run:example_short_circuit_operator
[2025-11-21T04:19:16.944+0500] {logging_mixin.py:190} INFO - [2025-11-21T04:19:16.942+0500] {override.py:1900} INFO - Created Permission View: can read on DAG Run:example_short_circuit_operator
[2025-11-21T04:19:16.948+0500] {logging_mixin.py:190} INFO - [2025-11-21T04:19:16.947+0500] {dag.py:3239} INFO - Sync 1 DAGs
[2025-11-21T04:19:16.977+0500] {logging_mixin.py:190} INFO - [2025-11-21T04:19:16.976+0500] {dag.py:3262} INFO - Creating ORM DAG for example_short_circuit_operator
[2025-11-21T04:19:16.981+0500] {logging_mixin.py:190} INFO - [2025-11-21T04:19:16.979+0500] {dag.py:4180} INFO - Setting next_dagrun for example_short_circuit_operator to None, run_after=None
[2025-11-21T04:19:17.068+0500] {processor.py:208} INFO - Processing /mnt/c/Users/Raj/OneDrive - Åbo Akademi O365/banking/airflow/.venv/lib/python3.12/site-packages/airflow/example_dags/example_short_circuit_operator.py took 2.866 seconds
[2025-11-21T04:22:41.054+0500] {processor.py:186} INFO - Started process (PID=17860) to work on /mnt/c/Users/Raj/OneDrive - Åbo Akademi O365/banking/airflow/.venv/lib/python3.12/site-packages/airflow/example_dags/example_short_circuit_operator.py
[2025-11-21T04:22:41.060+0500] {processor.py:914} INFO - Processing file /mnt/c/Users/Raj/OneDrive - Åbo Akademi O365/banking/airflow/.venv/lib/python3.12/site-packages/airflow/example_dags/example_short_circuit_operator.py for tasks to queue
[2025-11-21T04:22:41.071+0500] {logging_mixin.py:190} INFO - [2025-11-21T04:22:41.068+0500] {dagbag.py:588} INFO - Filling up the DagBag from /mnt/c/Users/Raj/OneDrive - Åbo Akademi O365/banking/airflow/.venv/lib/python3.12/site-packages/airflow/example_dags/example_short_circuit_operator.py
[2025-11-21T04:22:41.273+0500] {processor.py:925} INFO - DAG(s) 'example_short_circuit_operator' retrieved from /mnt/c/Users/Raj/OneDrive - Åbo Akademi O365/banking/airflow/.venv/lib/python3.12/site-packages/airflow/example_dags/example_short_circuit_operator.py
[2025-11-21T04:22:41.374+0500] {logging_mixin.py:190} INFO - [2025-11-21T04:22:41.371+0500] {dag.py:3239} INFO - Sync 1 DAGs
[2025-11-21T04:22:41.423+0500] {logging_mixin.py:190} INFO - [2025-11-21T04:22:41.420+0500] {dag.py:4180} INFO - Setting next_dagrun for example_short_circuit_operator to None, run_after=None
[2025-11-21T04:22:41.588+0500] {processor.py:208} INFO - Processing /mnt/c/Users/Raj/OneDrive - Åbo Akademi O365/banking/airflow/.venv/lib/python3.12/site-packages/airflow/example_dags/example_short_circuit_operator.py took 0.570 seconds
[2025-11-21T04:24:16.936+0500] {processor.py:186} INFO - Started process (PID=17912) to work on /mnt/c/Users/Raj/OneDrive - Åbo Akademi O365/banking/airflow/.venv/lib/python3.12/site-packages/airflow/example_dags/example_short_circuit_operator.py
[2025-11-21T04:24:16.943+0500] {processor.py:914} INFO - Processing file /mnt/c/Users/Raj/OneDrive - Åbo Akademi O365/banking/airflow/.venv/lib/python3.12/site-packages/airflow/example_dags/example_short_circuit_operator.py for tasks to queue
[2025-11-21T04:24:16.950+0500] {logging_mixin.py:190} INFO - [2025-11-21T04:24:16.948+0500] {dagbag.py:588} INFO - Filling up the DagBag from /mnt/c/Users/Raj/OneDrive - Åbo Akademi O365/banking/airflow/.venv/lib/python3.12/site-packages/airflow/example_dags/example_short_circuit_operator.py
[2025-11-21T04:24:17.106+0500] {processor.py:925} INFO - DAG(s) 'example_short_circuit_operator' retrieved from /mnt/c/Users/Raj/OneDrive - Åbo Akademi O365/banking/airflow/.venv/lib/python3.12/site-packages/airflow/example_dags/example_short_circuit_operator.py
[2025-11-21T04:24:17.155+0500] {logging_mixin.py:190} INFO - [2025-11-21T04:24:17.153+0500] {dag.py:3239} INFO - Sync 1 DAGs
[2025-11-21T04:24:17.184+0500] {logging_mixin.py:190} INFO - [2025-11-21T04:24:17.182+0500] {dag.py:4180} INFO - Setting next_dagrun for example_short_circuit_operator to None, run_after=None
[2025-11-21T04:24:17.324+0500] {processor.py:208} INFO - Processing /mnt/c/Users/Raj/OneDrive - Åbo Akademi O365/banking/airflow/.venv/lib/python3.12/site-packages/airflow/example_dags/example_short_circuit_operator.py took 0.410 seconds
[2025-11-21T04:25:30.011+0500] {processor.py:186} INFO - Started process (PID=17953) to work on /mnt/c/Users/Raj/OneDrive - Åbo Akademi O365/banking/airflow/.venv/lib/python3.12/site-packages/airflow/example_dags/example_short_circuit_operator.py
[2025-11-21T04:25:30.017+0500] {processor.py:914} INFO - Processing file /mnt/c/Users/Raj/OneDrive - Åbo Akademi O365/banking/airflow/.venv/lib/python3.12/site-packages/airflow/example_dags/example_short_circuit_operator.py for tasks to queue
[2025-11-21T04:25:30.032+0500] {logging_mixin.py:190} INFO - [2025-11-21T04:25:30.028+0500] {dagbag.py:588} INFO - Filling up the DagBag from /mnt/c/Users/Raj/OneDrive - Åbo Akademi O365/banking/airflow/.venv/lib/python3.12/site-packages/airflow/example_dags/example_short_circuit_operator.py
[2025-11-21T04:25:30.237+0500] {processor.py:925} INFO - DAG(s) 'example_short_circuit_operator' retrieved from /mnt/c/Users/Raj/OneDrive - Åbo Akademi O365/banking/airflow/.venv/lib/python3.12/site-packages/airflow/example_dags/example_short_circuit_operator.py
[2025-11-21T04:25:30.352+0500] {logging_mixin.py:190} INFO - [2025-11-21T04:25:30.349+0500] {dag.py:3239} INFO - Sync 1 DAGs
[2025-11-21T04:25:30.400+0500] {logging_mixin.py:190} INFO - [2025-11-21T04:25:30.398+0500] {dag.py:4180} INFO - Setting next_dagrun for example_short_circuit_operator to None, run_after=None
[2025-11-21T04:25:30.559+0500] {processor.py:208} INFO - Processing /mnt/c/Users/Raj/OneDrive - Åbo Akademi O365/banking/airflow/.venv/lib/python3.12/site-packages/airflow/example_dags/example_short_circuit_operator.py took 0.585 seconds
[2025-11-21T04:26:42.062+0500] {processor.py:186} INFO - Started process (PID=18003) to work on /mnt/c/Users/Raj/OneDrive - Åbo Akademi O365/banking/airflow/.venv/lib/python3.12/site-packages/airflow/example_dags/example_short_circuit_operator.py
[2025-11-21T04:26:42.067+0500] {processor.py:914} INFO - Processing file /mnt/c/Users/Raj/OneDrive - Åbo Akademi O365/banking/airflow/.venv/lib/python3.12/site-packages/airflow/example_dags/example_short_circuit_operator.py for tasks to queue
[2025-11-21T04:26:42.078+0500] {logging_mixin.py:190} INFO - [2025-11-21T04:26:42.074+0500] {dagbag.py:588} INFO - Filling up the DagBag from /mnt/c/Users/Raj/OneDrive - Åbo Akademi O365/banking/airflow/.venv/lib/python3.12/site-packages/airflow/example_dags/example_short_circuit_operator.py
[2025-11-21T04:26:42.272+0500] {processor.py:925} INFO - DAG(s) 'example_short_circuit_operator' retrieved from /mnt/c/Users/Raj/OneDrive - Åbo Akademi O365/banking/airflow/.venv/lib/python3.12/site-packages/airflow/example_dags/example_short_circuit_operator.py
[2025-11-21T04:26:42.376+0500] {logging_mixin.py:190} INFO - [2025-11-21T04:26:42.374+0500] {dag.py:3239} INFO - Sync 1 DAGs
[2025-11-21T04:26:42.425+0500] {logging_mixin.py:190} INFO - [2025-11-21T04:26:42.423+0500] {dag.py:4180} INFO - Setting next_dagrun for example_short_circuit_operator to None, run_after=None
[2025-11-21T04:26:42.645+0500] {processor.py:208} INFO - Processing /mnt/c/Users/Raj/OneDrive - Åbo Akademi O365/banking/airflow/.venv/lib/python3.12/site-packages/airflow/example_dags/example_short_circuit_operator.py took 0.617 seconds
[2025-11-21T04:27:50.112+0500] {processor.py:186} INFO - Started process (PID=18045) to work on /mnt/c/Users/Raj/OneDrive - Åbo Akademi O365/banking/airflow/.venv/lib/python3.12/site-packages/airflow/example_dags/example_short_circuit_operator.py
[2025-11-21T04:27:50.115+0500] {processor.py:914} INFO - Processing file /mnt/c/Users/Raj/OneDrive - Åbo Akademi O365/banking/airflow/.venv/lib/python3.12/site-packages/airflow/example_dags/example_short_circuit_operator.py for tasks to queue
[2025-11-21T04:27:50.123+0500] {logging_mixin.py:190} INFO - [2025-11-21T04:27:50.121+0500] {dagbag.py:588} INFO - Filling up the DagBag from /mnt/c/Users/Raj/OneDrive - Åbo Akademi O365/banking/airflow/.venv/lib/python3.12/site-packages/airflow/example_dags/example_short_circuit_operator.py
[2025-11-21T04:27:50.268+0500] {processor.py:925} INFO - DAG(s) 'example_short_circuit_operator' retrieved from /mnt/c/Users/Raj/OneDrive - Åbo Akademi O365/banking/airflow/.venv/lib/python3.12/site-packages/airflow/example_dags/example_short_circuit_operator.py
[2025-11-21T04:27:50.319+0500] {logging_mixin.py:190} INFO - [2025-11-21T04:27:50.317+0500] {dag.py:3239} INFO - Sync 1 DAGs
[2025-11-21T04:27:50.346+0500] {logging_mixin.py:190} INFO - [2025-11-21T04:27:50.344+0500] {dag.py:4180} INFO - Setting next_dagrun for example_short_circuit_operator to None, run_after=None
[2025-11-21T04:27:50.449+0500] {processor.py:208} INFO - Processing /mnt/c/Users/Raj/OneDrive - Åbo Akademi O365/banking/airflow/.venv/lib/python3.12/site-packages/airflow/example_dags/example_short_circuit_operator.py took 0.357 seconds
[2025-11-21T04:29:11.658+0500] {processor.py:186} INFO - Started process (PID=18091) to work on /mnt/c/Users/Raj/OneDrive - Åbo Akademi O365/banking/airflow/.venv/lib/python3.12/site-packages/airflow/example_dags/example_short_circuit_operator.py
[2025-11-21T04:29:11.661+0500] {processor.py:914} INFO - Processing file /mnt/c/Users/Raj/OneDrive - Åbo Akademi O365/banking/airflow/.venv/lib/python3.12/site-packages/airflow/example_dags/example_short_circuit_operator.py for tasks to queue
[2025-11-21T04:29:11.668+0500] {logging_mixin.py:190} INFO - [2025-11-21T04:29:11.665+0500] {dagbag.py:588} INFO - Filling up the DagBag from /mnt/c/Users/Raj/OneDrive - Åbo Akademi O365/banking/airflow/.venv/lib/python3.12/site-packages/airflow/example_dags/example_short_circuit_operator.py
[2025-11-21T04:29:11.780+0500] {processor.py:925} INFO - DAG(s) 'example_short_circuit_operator' retrieved from /mnt/c/Users/Raj/OneDrive - Åbo Akademi O365/banking/airflow/.venv/lib/python3.12/site-packages/airflow/example_dags/example_short_circuit_operator.py
[2025-11-21T04:29:11.836+0500] {logging_mixin.py:190} INFO - [2025-11-21T04:29:11.834+0500] {dag.py:3239} INFO - Sync 1 DAGs
[2025-11-21T04:29:11.864+0500] {logging_mixin.py:190} INFO - [2025-11-21T04:29:11.862+0500] {dag.py:4180} INFO - Setting next_dagrun for example_short_circuit_operator to None, run_after=None
[2025-11-21T04:29:11.953+0500] {processor.py:208} INFO - Processing /mnt/c/Users/Raj/OneDrive - Åbo Akademi O365/banking/airflow/.venv/lib/python3.12/site-packages/airflow/example_dags/example_short_circuit_operator.py took 0.316 seconds
[2025-11-21T04:30:48.055+0500] {processor.py:186} INFO - Started process (PID=18136) to work on /mnt/c/Users/Raj/OneDrive - Åbo Akademi O365/banking/airflow/.venv/lib/python3.12/site-packages/airflow/example_dags/example_short_circuit_operator.py
[2025-11-21T04:30:48.061+0500] {processor.py:914} INFO - Processing file /mnt/c/Users/Raj/OneDrive - Åbo Akademi O365/banking/airflow/.venv/lib/python3.12/site-packages/airflow/example_dags/example_short_circuit_operator.py for tasks to queue
[2025-11-21T04:30:48.069+0500] {logging_mixin.py:190} INFO - [2025-11-21T04:30:48.067+0500] {dagbag.py:588} INFO - Filling up the DagBag from /mnt/c/Users/Raj/OneDrive - Åbo Akademi O365/banking/airflow/.venv/lib/python3.12/site-packages/airflow/example_dags/example_short_circuit_operator.py
[2025-11-21T04:30:48.221+0500] {processor.py:925} INFO - DAG(s) 'example_short_circuit_operator' retrieved from /mnt/c/Users/Raj/OneDrive - Åbo Akademi O365/banking/airflow/.venv/lib/python3.12/site-packages/airflow/example_dags/example_short_circuit_operator.py
[2025-11-21T04:30:48.306+0500] {logging_mixin.py:190} INFO - [2025-11-21T04:30:48.304+0500] {dag.py:3239} INFO - Sync 1 DAGs
[2025-11-21T04:30:48.543+0500] {logging_mixin.py:190} INFO - [2025-11-21T04:30:48.540+0500] {dag.py:4180} INFO - Setting next_dagrun for example_short_circuit_operator to None, run_after=None
[2025-11-21T04:30:48.645+0500] {processor.py:208} INFO - Processing /mnt/c/Users/Raj/OneDrive - Åbo Akademi O365/banking/airflow/.venv/lib/python3.12/site-packages/airflow/example_dags/example_short_circuit_operator.py took 0.627 seconds
[2025-11-21T04:32:06.168+0500] {processor.py:186} INFO - Started process (PID=18179) to work on /mnt/c/Users/Raj/OneDrive - Åbo Akademi O365/banking/airflow/.venv/lib/python3.12/site-packages/airflow/example_dags/example_short_circuit_operator.py
[2025-11-21T04:32:06.171+0500] {processor.py:914} INFO - Processing file /mnt/c/Users/Raj/OneDrive - Åbo Akademi O365/banking/airflow/.venv/lib/python3.12/site-packages/airflow/example_dags/example_short_circuit_operator.py for tasks to queue
[2025-11-21T04:32:06.179+0500] {logging_mixin.py:190} INFO - [2025-11-21T04:32:06.177+0500] {dagbag.py:588} INFO - Filling up the DagBag from /mnt/c/Users/Raj/OneDrive - Åbo Akademi O365/banking/airflow/.venv/lib/python3.12/site-packages/airflow/example_dags/example_short_circuit_operator.py
[2025-11-21T04:32:06.335+0500] {processor.py:925} INFO - DAG(s) 'example_short_circuit_operator' retrieved from /mnt/c/Users/Raj/OneDrive - Åbo Akademi O365/banking/airflow/.venv/lib/python3.12/site-packages/airflow/example_dags/example_short_circuit_operator.py
[2025-11-21T04:32:06.394+0500] {logging_mixin.py:190} INFO - [2025-11-21T04:32:06.392+0500] {dag.py:3239} INFO - Sync 1 DAGs
[2025-11-21T04:32:06.425+0500] {logging_mixin.py:190} INFO - [2025-11-21T04:32:06.424+0500] {dag.py:4180} INFO - Setting next_dagrun for example_short_circuit_operator to None, run_after=None
[2025-11-21T04:32:06.514+0500] {processor.py:208} INFO - Processing /mnt/c/Users/Raj/OneDrive - Åbo Akademi O365/banking/airflow/.venv/lib/python3.12/site-packages/airflow/example_dags/example_short_circuit_operator.py took 0.368 seconds
[2025-11-21T04:33:28.558+0500] {processor.py:186} INFO - Started process (PID=18223) to work on /mnt/c/Users/Raj/OneDrive - Åbo Akademi O365/banking/airflow/.venv/lib/python3.12/site-packages/airflow/example_dags/example_short_circuit_operator.py
[2025-11-21T04:33:28.567+0500] {processor.py:914} INFO - Processing file /mnt/c/Users/Raj/OneDrive - Åbo Akademi O365/banking/airflow/.venv/lib/python3.12/site-packages/airflow/example_dags/example_short_circuit_operator.py for tasks to queue
[2025-11-21T04:33:28.585+0500] {logging_mixin.py:190} INFO - [2025-11-21T04:33:28.578+0500] {dagbag.py:588} INFO - Filling up the DagBag from /mnt/c/Users/Raj/OneDrive - Åbo Akademi O365/banking/airflow/.venv/lib/python3.12/site-packages/airflow/example_dags/example_short_circuit_operator.py
[2025-11-21T04:33:28.775+0500] {processor.py:925} INFO - DAG(s) 'example_short_circuit_operator' retrieved from /mnt/c/Users/Raj/OneDrive - Åbo Akademi O365/banking/airflow/.venv/lib/python3.12/site-packages/airflow/example_dags/example_short_circuit_operator.py
[2025-11-21T04:33:28.831+0500] {logging_mixin.py:190} INFO - [2025-11-21T04:33:28.829+0500] {dag.py:3239} INFO - Sync 1 DAGs
[2025-11-21T04:33:28.860+0500] {logging_mixin.py:190} INFO - [2025-11-21T04:33:28.858+0500] {dag.py:4180} INFO - Setting next_dagrun for example_short_circuit_operator to None, run_after=None
[2025-11-21T04:33:28.964+0500] {processor.py:208} INFO - Processing /mnt/c/Users/Raj/OneDrive - Åbo Akademi O365/banking/airflow/.venv/lib/python3.12/site-packages/airflow/example_dags/example_short_circuit_operator.py took 0.474 seconds
[2025-11-21T04:34:43.874+0500] {processor.py:186} INFO - Started process (PID=18265) to work on /mnt/c/Users/Raj/OneDrive - Åbo Akademi O365/banking/airflow/.venv/lib/python3.12/site-packages/airflow/example_dags/example_short_circuit_operator.py
[2025-11-21T04:34:43.879+0500] {processor.py:914} INFO - Processing file /mnt/c/Users/Raj/OneDrive - Åbo Akademi O365/banking/airflow/.venv/lib/python3.12/site-packages/airflow/example_dags/example_short_circuit_operator.py for tasks to queue
[2025-11-21T04:34:43.887+0500] {logging_mixin.py:190} INFO - [2025-11-21T04:34:43.884+0500] {dagbag.py:588} INFO - Filling up the DagBag from /mnt/c/Users/Raj/OneDrive - Åbo Akademi O365/banking/airflow/.venv/lib/python3.12/site-packages/airflow/example_dags/example_short_circuit_operator.py
[2025-11-21T04:34:44.029+0500] {processor.py:925} INFO - DAG(s) 'example_short_circuit_operator' retrieved from /mnt/c/Users/Raj/OneDrive - Åbo Akademi O365/banking/airflow/.venv/lib/python3.12/site-packages/airflow/example_dags/example_short_circuit_operator.py
[2025-11-21T04:34:44.093+0500] {logging_mixin.py:190} INFO - [2025-11-21T04:34:44.092+0500] {dag.py:3239} INFO - Sync 1 DAGs
[2025-11-21T04:34:44.118+0500] {logging_mixin.py:190} INFO - [2025-11-21T04:34:44.117+0500] {dag.py:4180} INFO - Setting next_dagrun for example_short_circuit_operator to None, run_after=None
[2025-11-21T04:34:44.210+0500] {processor.py:208} INFO - Processing /mnt/c/Users/Raj/OneDrive - Åbo Akademi O365/banking/airflow/.venv/lib/python3.12/site-packages/airflow/example_dags/example_short_circuit_operator.py took 0.374 seconds
[2025-11-21T04:36:11.405+0500] {processor.py:186} INFO - Started process (PID=18609) to work on /mnt/c/Users/Raj/OneDrive - Åbo Akademi O365/banking/airflow/.venv/lib/python3.12/site-packages/airflow/example_dags/example_short_circuit_operator.py
[2025-11-21T04:36:11.411+0500] {processor.py:914} INFO - Processing file /mnt/c/Users/Raj/OneDrive - Åbo Akademi O365/banking/airflow/.venv/lib/python3.12/site-packages/airflow/example_dags/example_short_circuit_operator.py for tasks to queue
[2025-11-21T04:36:11.424+0500] {logging_mixin.py:190} INFO - [2025-11-21T04:36:11.420+0500] {dagbag.py:588} INFO - Filling up the DagBag from /mnt/c/Users/Raj/OneDrive - Åbo Akademi O365/banking/airflow/.venv/lib/python3.12/site-packages/airflow/example_dags/example_short_circuit_operator.py
[2025-11-21T04:36:11.604+0500] {processor.py:925} INFO - DAG(s) 'example_short_circuit_operator' retrieved from /mnt/c/Users/Raj/OneDrive - Åbo Akademi O365/banking/airflow/.venv/lib/python3.12/site-packages/airflow/example_dags/example_short_circuit_operator.py
[2025-11-21T04:36:11.681+0500] {logging_mixin.py:190} INFO - [2025-11-21T04:36:11.679+0500] {dag.py:3239} INFO - Sync 1 DAGs
[2025-11-21T04:36:11.720+0500] {logging_mixin.py:190} INFO - [2025-11-21T04:36:11.718+0500] {dag.py:4180} INFO - Setting next_dagrun for example_short_circuit_operator to None, run_after=None
[2025-11-21T04:36:11.849+0500] {processor.py:208} INFO - Processing /mnt/c/Users/Raj/OneDrive - Åbo Akademi O365/banking/airflow/.venv/lib/python3.12/site-packages/airflow/example_dags/example_short_circuit_operator.py took 0.490 seconds
[2025-11-21T04:37:30.265+0500] {processor.py:186} INFO - Started process (PID=18739) to work on /mnt/c/Users/Raj/OneDrive - Åbo Akademi O365/banking/airflow/.venv/lib/python3.12/site-packages/airflow/example_dags/example_short_circuit_operator.py
[2025-11-21T04:37:30.275+0500] {processor.py:914} INFO - Processing file /mnt/c/Users/Raj/OneDrive - Åbo Akademi O365/banking/airflow/.venv/lib/python3.12/site-packages/airflow/example_dags/example_short_circuit_operator.py for tasks to queue
[2025-11-21T04:37:30.287+0500] {logging_mixin.py:190} INFO - [2025-11-21T04:37:30.284+0500] {dagbag.py:588} INFO - Filling up the DagBag from /mnt/c/Users/Raj/OneDrive - Åbo Akademi O365/banking/airflow/.venv/lib/python3.12/site-packages/airflow/example_dags/example_short_circuit_operator.py
[2025-11-21T04:37:30.626+0500] {processor.py:925} INFO - DAG(s) 'example_short_circuit_operator' retrieved from /mnt/c/Users/Raj/OneDrive - Åbo Akademi O365/banking/airflow/.venv/lib/python3.12/site-packages/airflow/example_dags/example_short_circuit_operator.py
[2025-11-21T04:37:30.691+0500] {logging_mixin.py:190} INFO - [2025-11-21T04:37:30.689+0500] {dag.py:3239} INFO - Sync 1 DAGs
[2025-11-21T04:37:30.738+0500] {logging_mixin.py:190} INFO - [2025-11-21T04:37:30.737+0500] {dag.py:4180} INFO - Setting next_dagrun for example_short_circuit_operator to None, run_after=None
[2025-11-21T04:37:30.904+0500] {processor.py:208} INFO - Processing /mnt/c/Users/Raj/OneDrive - Åbo Akademi O365/banking/airflow/.venv/lib/python3.12/site-packages/airflow/example_dags/example_short_circuit_operator.py took 0.708 seconds
[2025-11-21T04:38:44.636+0500] {processor.py:186} INFO - Started process (PID=18783) to work on /mnt/c/Users/Raj/OneDrive - Åbo Akademi O365/banking/airflow/.venv/lib/python3.12/site-packages/airflow/example_dags/example_short_circuit_operator.py
[2025-11-21T04:38:44.639+0500] {processor.py:914} INFO - Processing file /mnt/c/Users/Raj/OneDrive - Åbo Akademi O365/banking/airflow/.venv/lib/python3.12/site-packages/airflow/example_dags/example_short_circuit_operator.py for tasks to queue
[2025-11-21T04:38:44.645+0500] {logging_mixin.py:190} INFO - [2025-11-21T04:38:44.643+0500] {dagbag.py:588} INFO - Filling up the DagBag from /mnt/c/Users/Raj/OneDrive - Åbo Akademi O365/banking/airflow/.venv/lib/python3.12/site-packages/airflow/example_dags/example_short_circuit_operator.py
[2025-11-21T04:38:44.795+0500] {processor.py:925} INFO - DAG(s) 'example_short_circuit_operator' retrieved from /mnt/c/Users/Raj/OneDrive - Åbo Akademi O365/banking/airflow/.venv/lib/python3.12/site-packages/airflow/example_dags/example_short_circuit_operator.py
[2025-11-21T04:38:44.866+0500] {logging_mixin.py:190} INFO - [2025-11-21T04:38:44.864+0500] {dag.py:3239} INFO - Sync 1 DAGs
[2025-11-21T04:38:44.901+0500] {logging_mixin.py:190} INFO - [2025-11-21T04:38:44.899+0500] {dag.py:4180} INFO - Setting next_dagrun for example_short_circuit_operator to None, run_after=None
[2025-11-21T04:38:45.017+0500] {processor.py:208} INFO - Processing /mnt/c/Users/Raj/OneDrive - Åbo Akademi O365/banking/airflow/.venv/lib/python3.12/site-packages/airflow/example_dags/example_short_circuit_operator.py took 0.409 seconds
