[2025-11-21T04:18:27.893+0500] {processor.py:186} INFO - Started process (PID=17776) to work on /mnt/c/Users/Raj/OneDrive - Åbo Akademi O365/banking/airflow/.venv/lib/python3.12/site-packages/airflow/example_dags/example_xcom.py
[2025-11-21T04:18:27.896+0500] {processor.py:914} INFO - Processing file /mnt/c/Users/Raj/OneDrive - Åbo Akademi O365/banking/airflow/.venv/lib/python3.12/site-packages/airflow/example_dags/example_xcom.py for tasks to queue
[2025-11-21T04:18:27.904+0500] {logging_mixin.py:190} INFO - [2025-11-21T04:18:27.902+0500] {dagbag.py:588} INFO - Filling up the DagBag from /mnt/c/Users/Raj/OneDrive - Åbo Akademi O365/banking/airflow/.venv/lib/python3.12/site-packages/airflow/example_dags/example_xcom.py
[2025-11-21T04:18:28.097+0500] {processor.py:925} INFO - DAG(s) 'example_xcom' retrieved from /mnt/c/Users/Raj/OneDrive - Åbo Akademi O365/banking/airflow/.venv/lib/python3.12/site-packages/airflow/example_dags/example_xcom.py
[2025-11-21T04:18:30.337+0500] {logging_mixin.py:190} INFO - [2025-11-21T04:18:30.334+0500] {override.py:1900} INFO - Created Permission View: can edit on DAG:example_xcom
[2025-11-21T04:18:30.413+0500] {logging_mixin.py:190} INFO - [2025-11-21T04:18:30.411+0500] {override.py:1900} INFO - Created Permission View: can delete on DAG:example_xcom
[2025-11-21T04:18:30.492+0500] {logging_mixin.py:190} INFO - [2025-11-21T04:18:30.490+0500] {override.py:1900} INFO - Created Permission View: can read on DAG:example_xcom
[2025-11-21T04:18:30.624+0500] {logging_mixin.py:190} INFO - [2025-11-21T04:18:30.621+0500] {override.py:1900} INFO - Created Permission View: can create on DAG Run:example_xcom
[2025-11-21T04:18:30.684+0500] {logging_mixin.py:190} INFO - [2025-11-21T04:18:30.682+0500] {override.py:1900} INFO - Created Permission View: menu access on DAG Run:example_xcom
[2025-11-21T04:18:30.748+0500] {logging_mixin.py:190} INFO - [2025-11-21T04:18:30.745+0500] {override.py:1900} INFO - Created Permission View: can delete on DAG Run:example_xcom
[2025-11-21T04:18:30.811+0500] {logging_mixin.py:190} INFO - [2025-11-21T04:18:30.808+0500] {override.py:1900} INFO - Created Permission View: can read on DAG Run:example_xcom
[2025-11-21T04:18:30.817+0500] {logging_mixin.py:190} INFO - [2025-11-21T04:18:30.815+0500] {dag.py:3239} INFO - Sync 1 DAGs
[2025-11-21T04:18:30.851+0500] {logging_mixin.py:190} INFO - [2025-11-21T04:18:30.849+0500] {dag.py:3262} INFO - Creating ORM DAG for example_xcom
[2025-11-21T04:18:30.880+0500] {logging_mixin.py:190} INFO - [2025-11-21T04:18:30.879+0500] {dag.py:4180} INFO - Setting next_dagrun for example_xcom to 2021-01-01 00:00:00+00:00, run_after=2021-01-01 00:00:00+00:00
[2025-11-21T04:18:30.986+0500] {processor.py:208} INFO - Processing /mnt/c/Users/Raj/OneDrive - Åbo Akademi O365/banking/airflow/.venv/lib/python3.12/site-packages/airflow/example_dags/example_xcom.py took 3.120 seconds
[2025-11-21T04:22:22.798+0500] {processor.py:186} INFO - Started process (PID=17850) to work on /mnt/c/Users/Raj/OneDrive - Åbo Akademi O365/banking/airflow/.venv/lib/python3.12/site-packages/airflow/example_dags/example_xcom.py
[2025-11-21T04:22:22.810+0500] {processor.py:914} INFO - Processing file /mnt/c/Users/Raj/OneDrive - Åbo Akademi O365/banking/airflow/.venv/lib/python3.12/site-packages/airflow/example_dags/example_xcom.py for tasks to queue
[2025-11-21T04:22:22.824+0500] {logging_mixin.py:190} INFO - [2025-11-21T04:22:22.818+0500] {dagbag.py:588} INFO - Filling up the DagBag from /mnt/c/Users/Raj/OneDrive - Åbo Akademi O365/banking/airflow/.venv/lib/python3.12/site-packages/airflow/example_dags/example_xcom.py
[2025-11-21T04:22:22.943+0500] {processor.py:925} INFO - DAG(s) 'example_xcom' retrieved from /mnt/c/Users/Raj/OneDrive - Åbo Akademi O365/banking/airflow/.venv/lib/python3.12/site-packages/airflow/example_dags/example_xcom.py
[2025-11-21T04:22:22.997+0500] {logging_mixin.py:190} INFO - [2025-11-21T04:22:22.995+0500] {dag.py:3239} INFO - Sync 1 DAGs
[2025-11-21T04:22:23.033+0500] {logging_mixin.py:190} INFO - [2025-11-21T04:22:23.032+0500] {dag.py:4180} INFO - Setting next_dagrun for example_xcom to 2021-01-01 00:00:00+00:00, run_after=2021-01-01 00:00:00+00:00
[2025-11-21T04:22:23.117+0500] {processor.py:208} INFO - Processing /mnt/c/Users/Raj/OneDrive - Åbo Akademi O365/banking/airflow/.venv/lib/python3.12/site-packages/airflow/example_dags/example_xcom.py took 0.382 seconds
[2025-11-21T04:23:58.476+0500] {processor.py:186} INFO - Started process (PID=17902) to work on /mnt/c/Users/Raj/OneDrive - Åbo Akademi O365/banking/airflow/.venv/lib/python3.12/site-packages/airflow/example_dags/example_xcom.py
[2025-11-21T04:23:58.480+0500] {processor.py:914} INFO - Processing file /mnt/c/Users/Raj/OneDrive - Åbo Akademi O365/banking/airflow/.venv/lib/python3.12/site-packages/airflow/example_dags/example_xcom.py for tasks to queue
[2025-11-21T04:23:58.489+0500] {logging_mixin.py:190} INFO - [2025-11-21T04:23:58.486+0500] {dagbag.py:588} INFO - Filling up the DagBag from /mnt/c/Users/Raj/OneDrive - Åbo Akademi O365/banking/airflow/.venv/lib/python3.12/site-packages/airflow/example_dags/example_xcom.py
[2025-11-21T04:23:58.674+0500] {processor.py:925} INFO - DAG(s) 'example_xcom' retrieved from /mnt/c/Users/Raj/OneDrive - Åbo Akademi O365/banking/airflow/.venv/lib/python3.12/site-packages/airflow/example_dags/example_xcom.py
[2025-11-21T04:23:58.754+0500] {logging_mixin.py:190} INFO - [2025-11-21T04:23:58.752+0500] {dag.py:3239} INFO - Sync 1 DAGs
[2025-11-21T04:23:58.817+0500] {logging_mixin.py:190} INFO - [2025-11-21T04:23:58.815+0500] {dag.py:4180} INFO - Setting next_dagrun for example_xcom to 2021-01-01 00:00:00+00:00, run_after=2021-01-01 00:00:00+00:00
[2025-11-21T04:23:58.961+0500] {processor.py:208} INFO - Processing /mnt/c/Users/Raj/OneDrive - Åbo Akademi O365/banking/airflow/.venv/lib/python3.12/site-packages/airflow/example_dags/example_xcom.py took 0.515 seconds
[2025-11-21T04:25:11.724+0500] {processor.py:186} INFO - Started process (PID=17943) to work on /mnt/c/Users/Raj/OneDrive - Åbo Akademi O365/banking/airflow/.venv/lib/python3.12/site-packages/airflow/example_dags/example_xcom.py
[2025-11-21T04:25:11.731+0500] {processor.py:914} INFO - Processing file /mnt/c/Users/Raj/OneDrive - Åbo Akademi O365/banking/airflow/.venv/lib/python3.12/site-packages/airflow/example_dags/example_xcom.py for tasks to queue
[2025-11-21T04:25:11.747+0500] {logging_mixin.py:190} INFO - [2025-11-21T04:25:11.743+0500] {dagbag.py:588} INFO - Filling up the DagBag from /mnt/c/Users/Raj/OneDrive - Åbo Akademi O365/banking/airflow/.venv/lib/python3.12/site-packages/airflow/example_dags/example_xcom.py
[2025-11-21T04:25:12.007+0500] {processor.py:925} INFO - DAG(s) 'example_xcom' retrieved from /mnt/c/Users/Raj/OneDrive - Åbo Akademi O365/banking/airflow/.venv/lib/python3.12/site-packages/airflow/example_dags/example_xcom.py
[2025-11-21T04:25:12.082+0500] {logging_mixin.py:190} INFO - [2025-11-21T04:25:12.081+0500] {dag.py:3239} INFO - Sync 1 DAGs
[2025-11-21T04:25:12.128+0500] {logging_mixin.py:190} INFO - [2025-11-21T04:25:12.126+0500] {dag.py:4180} INFO - Setting next_dagrun for example_xcom to 2021-01-01 00:00:00+00:00, run_after=2021-01-01 00:00:00+00:00
[2025-11-21T04:25:12.229+0500] {processor.py:208} INFO - Processing /mnt/c/Users/Raj/OneDrive - Åbo Akademi O365/banking/airflow/.venv/lib/python3.12/site-packages/airflow/example_dags/example_xcom.py took 0.555 seconds
[2025-11-21T04:26:22.932+0500] {processor.py:186} INFO - Started process (PID=17985) to work on /mnt/c/Users/Raj/OneDrive - Åbo Akademi O365/banking/airflow/.venv/lib/python3.12/site-packages/airflow/example_dags/example_xcom.py
[2025-11-21T04:26:22.935+0500] {processor.py:914} INFO - Processing file /mnt/c/Users/Raj/OneDrive - Åbo Akademi O365/banking/airflow/.venv/lib/python3.12/site-packages/airflow/example_dags/example_xcom.py for tasks to queue
[2025-11-21T04:26:22.941+0500] {logging_mixin.py:190} INFO - [2025-11-21T04:26:22.939+0500] {dagbag.py:588} INFO - Filling up the DagBag from /mnt/c/Users/Raj/OneDrive - Åbo Akademi O365/banking/airflow/.venv/lib/python3.12/site-packages/airflow/example_dags/example_xcom.py
[2025-11-21T04:26:23.058+0500] {processor.py:925} INFO - DAG(s) 'example_xcom' retrieved from /mnt/c/Users/Raj/OneDrive - Åbo Akademi O365/banking/airflow/.venv/lib/python3.12/site-packages/airflow/example_dags/example_xcom.py
[2025-11-21T04:26:23.109+0500] {logging_mixin.py:190} INFO - [2025-11-21T04:26:23.107+0500] {dag.py:3239} INFO - Sync 1 DAGs
[2025-11-21T04:26:23.150+0500] {logging_mixin.py:190} INFO - [2025-11-21T04:26:23.148+0500] {dag.py:4180} INFO - Setting next_dagrun for example_xcom to 2021-01-01 00:00:00+00:00, run_after=2021-01-01 00:00:00+00:00
[2025-11-21T04:26:23.293+0500] {processor.py:208} INFO - Processing /mnt/c/Users/Raj/OneDrive - Åbo Akademi O365/banking/airflow/.venv/lib/python3.12/site-packages/airflow/example_dags/example_xcom.py took 0.382 seconds
[2025-11-21T04:27:33.033+0500] {processor.py:186} INFO - Started process (PID=18035) to work on /mnt/c/Users/Raj/OneDrive - Åbo Akademi O365/banking/airflow/.venv/lib/python3.12/site-packages/airflow/example_dags/example_xcom.py
[2025-11-21T04:27:33.037+0500] {processor.py:914} INFO - Processing file /mnt/c/Users/Raj/OneDrive - Åbo Akademi O365/banking/airflow/.venv/lib/python3.12/site-packages/airflow/example_dags/example_xcom.py for tasks to queue
[2025-11-21T04:27:33.043+0500] {logging_mixin.py:190} INFO - [2025-11-21T04:27:33.042+0500] {dagbag.py:588} INFO - Filling up the DagBag from /mnt/c/Users/Raj/OneDrive - Åbo Akademi O365/banking/airflow/.venv/lib/python3.12/site-packages/airflow/example_dags/example_xcom.py
[2025-11-21T04:27:33.170+0500] {processor.py:925} INFO - DAG(s) 'example_xcom' retrieved from /mnt/c/Users/Raj/OneDrive - Åbo Akademi O365/banking/airflow/.venv/lib/python3.12/site-packages/airflow/example_dags/example_xcom.py
[2025-11-21T04:27:33.222+0500] {logging_mixin.py:190} INFO - [2025-11-21T04:27:33.220+0500] {dag.py:3239} INFO - Sync 1 DAGs
[2025-11-21T04:27:33.270+0500] {logging_mixin.py:190} INFO - [2025-11-21T04:27:33.269+0500] {dag.py:4180} INFO - Setting next_dagrun for example_xcom to 2021-01-01 00:00:00+00:00, run_after=2021-01-01 00:00:00+00:00
[2025-11-21T04:27:33.371+0500] {processor.py:208} INFO - Processing /mnt/c/Users/Raj/OneDrive - Åbo Akademi O365/banking/airflow/.venv/lib/python3.12/site-packages/airflow/example_dags/example_xcom.py took 0.361 seconds
[2025-11-21T04:28:53.577+0500] {processor.py:186} INFO - Started process (PID=18079) to work on /mnt/c/Users/Raj/OneDrive - Åbo Akademi O365/banking/airflow/.venv/lib/python3.12/site-packages/airflow/example_dags/example_xcom.py
[2025-11-21T04:28:53.580+0500] {processor.py:914} INFO - Processing file /mnt/c/Users/Raj/OneDrive - Åbo Akademi O365/banking/airflow/.venv/lib/python3.12/site-packages/airflow/example_dags/example_xcom.py for tasks to queue
[2025-11-21T04:28:53.587+0500] {logging_mixin.py:190} INFO - [2025-11-21T04:28:53.585+0500] {dagbag.py:588} INFO - Filling up the DagBag from /mnt/c/Users/Raj/OneDrive - Åbo Akademi O365/banking/airflow/.venv/lib/python3.12/site-packages/airflow/example_dags/example_xcom.py
[2025-11-21T04:28:53.684+0500] {processor.py:925} INFO - DAG(s) 'example_xcom' retrieved from /mnt/c/Users/Raj/OneDrive - Åbo Akademi O365/banking/airflow/.venv/lib/python3.12/site-packages/airflow/example_dags/example_xcom.py
[2025-11-21T04:28:53.729+0500] {logging_mixin.py:190} INFO - [2025-11-21T04:28:53.727+0500] {dag.py:3239} INFO - Sync 1 DAGs
[2025-11-21T04:28:53.771+0500] {logging_mixin.py:190} INFO - [2025-11-21T04:28:53.769+0500] {dag.py:4180} INFO - Setting next_dagrun for example_xcom to 2021-01-01 00:00:00+00:00, run_after=2021-01-01 00:00:00+00:00
[2025-11-21T04:28:53.912+0500] {processor.py:208} INFO - Processing /mnt/c/Users/Raj/OneDrive - Åbo Akademi O365/banking/airflow/.venv/lib/python3.12/site-packages/airflow/example_dags/example_xcom.py took 0.355 seconds
[2025-11-21T04:30:20.599+0500] {processor.py:186} INFO - Started process (PID=18125) to work on /mnt/c/Users/Raj/OneDrive - Åbo Akademi O365/banking/airflow/.venv/lib/python3.12/site-packages/airflow/example_dags/example_xcom.py
[2025-11-21T04:30:20.609+0500] {processor.py:914} INFO - Processing file /mnt/c/Users/Raj/OneDrive - Åbo Akademi O365/banking/airflow/.venv/lib/python3.12/site-packages/airflow/example_dags/example_xcom.py for tasks to queue
[2025-11-21T04:30:20.624+0500] {logging_mixin.py:190} INFO - [2025-11-21T04:30:20.621+0500] {dagbag.py:588} INFO - Filling up the DagBag from /mnt/c/Users/Raj/OneDrive - Åbo Akademi O365/banking/airflow/.venv/lib/python3.12/site-packages/airflow/example_dags/example_xcom.py
[2025-11-21T04:30:20.837+0500] {processor.py:925} INFO - DAG(s) 'example_xcom' retrieved from /mnt/c/Users/Raj/OneDrive - Åbo Akademi O365/banking/airflow/.venv/lib/python3.12/site-packages/airflow/example_dags/example_xcom.py
[2025-11-21T04:30:20.945+0500] {logging_mixin.py:190} INFO - [2025-11-21T04:30:20.943+0500] {dag.py:3239} INFO - Sync 1 DAGs
[2025-11-21T04:30:21.972+0500] {logging_mixin.py:190} INFO - [2025-11-21T04:30:21.945+0500] {dag.py:4180} INFO - Setting next_dagrun for example_xcom to 2021-01-01 00:00:00+00:00, run_after=2021-01-01 00:00:00+00:00
[2025-11-21T04:30:22.339+0500] {processor.py:208} INFO - Processing /mnt/c/Users/Raj/OneDrive - Åbo Akademi O365/banking/airflow/.venv/lib/python3.12/site-packages/airflow/example_dags/example_xcom.py took 1.783 seconds
[2025-11-21T04:31:47.425+0500] {processor.py:186} INFO - Started process (PID=18166) to work on /mnt/c/Users/Raj/OneDrive - Åbo Akademi O365/banking/airflow/.venv/lib/python3.12/site-packages/airflow/example_dags/example_xcom.py
[2025-11-21T04:31:47.429+0500] {processor.py:914} INFO - Processing file /mnt/c/Users/Raj/OneDrive - Åbo Akademi O365/banking/airflow/.venv/lib/python3.12/site-packages/airflow/example_dags/example_xcom.py for tasks to queue
[2025-11-21T04:31:47.442+0500] {logging_mixin.py:190} INFO - [2025-11-21T04:31:47.439+0500] {dagbag.py:588} INFO - Filling up the DagBag from /mnt/c/Users/Raj/OneDrive - Åbo Akademi O365/banking/airflow/.venv/lib/python3.12/site-packages/airflow/example_dags/example_xcom.py
[2025-11-21T04:31:47.659+0500] {processor.py:925} INFO - DAG(s) 'example_xcom' retrieved from /mnt/c/Users/Raj/OneDrive - Åbo Akademi O365/banking/airflow/.venv/lib/python3.12/site-packages/airflow/example_dags/example_xcom.py
[2025-11-21T04:31:47.756+0500] {logging_mixin.py:190} INFO - [2025-11-21T04:31:47.754+0500] {dag.py:3239} INFO - Sync 1 DAGs
[2025-11-21T04:31:47.830+0500] {logging_mixin.py:190} INFO - [2025-11-21T04:31:47.829+0500] {dag.py:4180} INFO - Setting next_dagrun for example_xcom to 2021-01-01 00:00:00+00:00, run_after=2021-01-01 00:00:00+00:00
[2025-11-21T04:31:47.949+0500] {processor.py:208} INFO - Processing /mnt/c/Users/Raj/OneDrive - Åbo Akademi O365/banking/airflow/.venv/lib/python3.12/site-packages/airflow/example_dags/example_xcom.py took 0.558 seconds
[2025-11-21T04:33:11.111+0500] {processor.py:186} INFO - Started process (PID=18213) to work on /mnt/c/Users/Raj/OneDrive - Åbo Akademi O365/banking/airflow/.venv/lib/python3.12/site-packages/airflow/example_dags/example_xcom.py
[2025-11-21T04:33:11.116+0500] {processor.py:914} INFO - Processing file /mnt/c/Users/Raj/OneDrive - Åbo Akademi O365/banking/airflow/.venv/lib/python3.12/site-packages/airflow/example_dags/example_xcom.py for tasks to queue
[2025-11-21T04:33:11.125+0500] {logging_mixin.py:190} INFO - [2025-11-21T04:33:11.121+0500] {dagbag.py:588} INFO - Filling up the DagBag from /mnt/c/Users/Raj/OneDrive - Åbo Akademi O365/banking/airflow/.venv/lib/python3.12/site-packages/airflow/example_dags/example_xcom.py
[2025-11-21T04:33:11.319+0500] {processor.py:925} INFO - DAG(s) 'example_xcom' retrieved from /mnt/c/Users/Raj/OneDrive - Åbo Akademi O365/banking/airflow/.venv/lib/python3.12/site-packages/airflow/example_dags/example_xcom.py
[2025-11-21T04:33:11.377+0500] {logging_mixin.py:190} INFO - [2025-11-21T04:33:11.376+0500] {dag.py:3239} INFO - Sync 1 DAGs
[2025-11-21T04:33:11.430+0500] {logging_mixin.py:190} INFO - [2025-11-21T04:33:11.428+0500] {dag.py:4180} INFO - Setting next_dagrun for example_xcom to 2021-01-01 00:00:00+00:00, run_after=2021-01-01 00:00:00+00:00
[2025-11-21T04:33:11.529+0500] {processor.py:208} INFO - Processing /mnt/c/Users/Raj/OneDrive - Åbo Akademi O365/banking/airflow/.venv/lib/python3.12/site-packages/airflow/example_dags/example_xcom.py took 0.459 seconds
[2025-11-21T04:34:24.339+0500] {processor.py:186} INFO - Started process (PID=18255) to work on /mnt/c/Users/Raj/OneDrive - Åbo Akademi O365/banking/airflow/.venv/lib/python3.12/site-packages/airflow/example_dags/example_xcom.py
[2025-11-21T04:34:24.345+0500] {processor.py:914} INFO - Processing file /mnt/c/Users/Raj/OneDrive - Åbo Akademi O365/banking/airflow/.venv/lib/python3.12/site-packages/airflow/example_dags/example_xcom.py for tasks to queue
[2025-11-21T04:34:24.354+0500] {logging_mixin.py:190} INFO - [2025-11-21T04:34:24.350+0500] {dagbag.py:588} INFO - Filling up the DagBag from /mnt/c/Users/Raj/OneDrive - Åbo Akademi O365/banking/airflow/.venv/lib/python3.12/site-packages/airflow/example_dags/example_xcom.py
[2025-11-21T04:34:24.582+0500] {processor.py:925} INFO - DAG(s) 'example_xcom' retrieved from /mnt/c/Users/Raj/OneDrive - Åbo Akademi O365/banking/airflow/.venv/lib/python3.12/site-packages/airflow/example_dags/example_xcom.py
[2025-11-21T04:34:24.664+0500] {logging_mixin.py:190} INFO - [2025-11-21T04:34:24.660+0500] {dag.py:3239} INFO - Sync 1 DAGs
[2025-11-21T04:34:24.733+0500] {logging_mixin.py:190} INFO - [2025-11-21T04:34:24.730+0500] {dag.py:4180} INFO - Setting next_dagrun for example_xcom to 2021-01-01 00:00:00+00:00, run_after=2021-01-01 00:00:00+00:00
[2025-11-21T04:34:24.900+0500] {processor.py:208} INFO - Processing /mnt/c/Users/Raj/OneDrive - Åbo Akademi O365/banking/airflow/.venv/lib/python3.12/site-packages/airflow/example_dags/example_xcom.py took 0.602 seconds
[2025-11-21T04:35:51.391+0500] {processor.py:186} INFO - Started process (PID=18548) to work on /mnt/c/Users/Raj/OneDrive - Åbo Akademi O365/banking/airflow/.venv/lib/python3.12/site-packages/airflow/example_dags/example_xcom.py
[2025-11-21T04:35:51.394+0500] {processor.py:914} INFO - Processing file /mnt/c/Users/Raj/OneDrive - Åbo Akademi O365/banking/airflow/.venv/lib/python3.12/site-packages/airflow/example_dags/example_xcom.py for tasks to queue
[2025-11-21T04:35:51.401+0500] {logging_mixin.py:190} INFO - [2025-11-21T04:35:51.398+0500] {dagbag.py:588} INFO - Filling up the DagBag from /mnt/c/Users/Raj/OneDrive - Åbo Akademi O365/banking/airflow/.venv/lib/python3.12/site-packages/airflow/example_dags/example_xcom.py
[2025-11-21T04:35:51.520+0500] {processor.py:925} INFO - DAG(s) 'example_xcom' retrieved from /mnt/c/Users/Raj/OneDrive - Åbo Akademi O365/banking/airflow/.venv/lib/python3.12/site-packages/airflow/example_dags/example_xcom.py
[2025-11-21T04:35:51.579+0500] {logging_mixin.py:190} INFO - [2025-11-21T04:35:51.578+0500] {dag.py:3239} INFO - Sync 1 DAGs
[2025-11-21T04:35:51.640+0500] {logging_mixin.py:190} INFO - [2025-11-21T04:35:51.639+0500] {dag.py:4180} INFO - Setting next_dagrun for example_xcom to 2021-01-01 00:00:00+00:00, run_after=2021-01-01 00:00:00+00:00
[2025-11-21T04:35:51.784+0500] {processor.py:208} INFO - Processing /mnt/c/Users/Raj/OneDrive - Åbo Akademi O365/banking/airflow/.venv/lib/python3.12/site-packages/airflow/example_dags/example_xcom.py took 0.415 seconds
[2025-11-21T04:37:10.196+0500] {processor.py:186} INFO - Started process (PID=18727) to work on /mnt/c/Users/Raj/OneDrive - Åbo Akademi O365/banking/airflow/.venv/lib/python3.12/site-packages/airflow/example_dags/example_xcom.py
[2025-11-21T04:37:10.207+0500] {processor.py:914} INFO - Processing file /mnt/c/Users/Raj/OneDrive - Åbo Akademi O365/banking/airflow/.venv/lib/python3.12/site-packages/airflow/example_dags/example_xcom.py for tasks to queue
[2025-11-21T04:37:10.223+0500] {logging_mixin.py:190} INFO - [2025-11-21T04:37:10.214+0500] {dagbag.py:588} INFO - Filling up the DagBag from /mnt/c/Users/Raj/OneDrive - Åbo Akademi O365/banking/airflow/.venv/lib/python3.12/site-packages/airflow/example_dags/example_xcom.py
[2025-11-21T04:37:10.418+0500] {processor.py:925} INFO - DAG(s) 'example_xcom' retrieved from /mnt/c/Users/Raj/OneDrive - Åbo Akademi O365/banking/airflow/.venv/lib/python3.12/site-packages/airflow/example_dags/example_xcom.py
[2025-11-21T04:37:10.503+0500] {logging_mixin.py:190} INFO - [2025-11-21T04:37:10.501+0500] {dag.py:3239} INFO - Sync 1 DAGs
[2025-11-21T04:37:10.574+0500] {logging_mixin.py:190} INFO - [2025-11-21T04:37:10.570+0500] {dag.py:4180} INFO - Setting next_dagrun for example_xcom to 2021-01-01 00:00:00+00:00, run_after=2021-01-01 00:00:00+00:00
[2025-11-21T04:37:10.788+0500] {processor.py:208} INFO - Processing /mnt/c/Users/Raj/OneDrive - Åbo Akademi O365/banking/airflow/.venv/lib/python3.12/site-packages/airflow/example_dags/example_xcom.py took 0.640 seconds
[2025-11-21T04:38:28.519+0500] {processor.py:186} INFO - Started process (PID=18771) to work on /mnt/c/Users/Raj/OneDrive - Åbo Akademi O365/banking/airflow/.venv/lib/python3.12/site-packages/airflow/example_dags/example_xcom.py
[2025-11-21T04:38:28.522+0500] {processor.py:914} INFO - Processing file /mnt/c/Users/Raj/OneDrive - Åbo Akademi O365/banking/airflow/.venv/lib/python3.12/site-packages/airflow/example_dags/example_xcom.py for tasks to queue
[2025-11-21T04:38:28.526+0500] {logging_mixin.py:190} INFO - [2025-11-21T04:38:28.524+0500] {dagbag.py:588} INFO - Filling up the DagBag from /mnt/c/Users/Raj/OneDrive - Åbo Akademi O365/banking/airflow/.venv/lib/python3.12/site-packages/airflow/example_dags/example_xcom.py
[2025-11-21T04:38:28.650+0500] {processor.py:925} INFO - DAG(s) 'example_xcom' retrieved from /mnt/c/Users/Raj/OneDrive - Åbo Akademi O365/banking/airflow/.venv/lib/python3.12/site-packages/airflow/example_dags/example_xcom.py
[2025-11-21T04:38:28.695+0500] {logging_mixin.py:190} INFO - [2025-11-21T04:38:28.694+0500] {dag.py:3239} INFO - Sync 1 DAGs
[2025-11-21T04:38:28.728+0500] {logging_mixin.py:190} INFO - [2025-11-21T04:38:28.727+0500] {dag.py:4180} INFO - Setting next_dagrun for example_xcom to 2021-01-01 00:00:00+00:00, run_after=2021-01-01 00:00:00+00:00
[2025-11-21T04:38:28.809+0500] {processor.py:208} INFO - Processing /mnt/c/Users/Raj/OneDrive - Åbo Akademi O365/banking/airflow/.venv/lib/python3.12/site-packages/airflow/example_dags/example_xcom.py took 0.309 seconds
