[2025-11-21T04:18:50.330+0500] {processor.py:186} INFO - Started process (PID=17787) to work on /mnt/c/Users/Raj/OneDrive - Åbo Akademi O365/banking/airflow/.venv/lib/python3.12/site-packages/airflow/example_dags/example_task_group_decorator.py
[2025-11-21T04:18:50.333+0500] {processor.py:914} INFO - Processing file /mnt/c/Users/Raj/OneDrive - Åbo Akademi O365/banking/airflow/.venv/lib/python3.12/site-packages/airflow/example_dags/example_task_group_decorator.py for tasks to queue
[2025-11-21T04:18:50.340+0500] {logging_mixin.py:190} INFO - [2025-11-21T04:18:50.338+0500] {dagbag.py:588} INFO - Filling up the DagBag from /mnt/c/Users/Raj/OneDrive - Åbo Akademi O365/banking/airflow/.venv/lib/python3.12/site-packages/airflow/example_dags/example_task_group_decorator.py
[2025-11-21T04:18:50.555+0500] {processor.py:925} INFO - DAG(s) 'example_task_group_decorator' retrieved from /mnt/c/Users/Raj/OneDrive - Åbo Akademi O365/banking/airflow/.venv/lib/python3.12/site-packages/airflow/example_dags/example_task_group_decorator.py
[2025-11-21T04:18:53.598+0500] {logging_mixin.py:190} INFO - [2025-11-21T04:18:53.596+0500] {override.py:1900} INFO - Created Permission View: can edit on DAG:example_task_group_decorator
[2025-11-21T04:18:53.691+0500] {logging_mixin.py:190} INFO - [2025-11-21T04:18:53.688+0500] {override.py:1900} INFO - Created Permission View: can delete on DAG:example_task_group_decorator
[2025-11-21T04:18:53.798+0500] {logging_mixin.py:190} INFO - [2025-11-21T04:18:53.794+0500] {override.py:1900} INFO - Created Permission View: can read on DAG:example_task_group_decorator
[2025-11-21T04:18:53.950+0500] {logging_mixin.py:190} INFO - [2025-11-21T04:18:53.948+0500] {override.py:1900} INFO - Created Permission View: can create on DAG Run:example_task_group_decorator
[2025-11-21T04:18:54.006+0500] {logging_mixin.py:190} INFO - [2025-11-21T04:18:54.004+0500] {override.py:1900} INFO - Created Permission View: menu access on DAG Run:example_task_group_decorator
[2025-11-21T04:18:54.057+0500] {logging_mixin.py:190} INFO - [2025-11-21T04:18:54.055+0500] {override.py:1900} INFO - Created Permission View: can delete on DAG Run:example_task_group_decorator
[2025-11-21T04:18:54.110+0500] {logging_mixin.py:190} INFO - [2025-11-21T04:18:54.108+0500] {override.py:1900} INFO - Created Permission View: can read on DAG Run:example_task_group_decorator
[2025-11-21T04:18:54.114+0500] {logging_mixin.py:190} INFO - [2025-11-21T04:18:54.112+0500] {dag.py:3239} INFO - Sync 1 DAGs
[2025-11-21T04:18:54.150+0500] {logging_mixin.py:190} INFO - [2025-11-21T04:18:54.148+0500] {dag.py:3262} INFO - Creating ORM DAG for example_task_group_decorator
[2025-11-21T04:18:54.156+0500] {logging_mixin.py:190} INFO - [2025-11-21T04:18:54.153+0500] {dag.py:4180} INFO - Setting next_dagrun for example_task_group_decorator to None, run_after=None
[2025-11-21T04:18:54.287+0500] {processor.py:208} INFO - Processing /mnt/c/Users/Raj/OneDrive - Åbo Akademi O365/banking/airflow/.venv/lib/python3.12/site-packages/airflow/example_dags/example_task_group_decorator.py took 3.976 seconds
[2025-11-21T04:22:32.061+0500] {processor.py:186} INFO - Started process (PID=17855) to work on /mnt/c/Users/Raj/OneDrive - Åbo Akademi O365/banking/airflow/.venv/lib/python3.12/site-packages/airflow/example_dags/example_task_group_decorator.py
[2025-11-21T04:22:32.067+0500] {processor.py:914} INFO - Processing file /mnt/c/Users/Raj/OneDrive - Åbo Akademi O365/banking/airflow/.venv/lib/python3.12/site-packages/airflow/example_dags/example_task_group_decorator.py for tasks to queue
[2025-11-21T04:22:32.078+0500] {logging_mixin.py:190} INFO - [2025-11-21T04:22:32.075+0500] {dagbag.py:588} INFO - Filling up the DagBag from /mnt/c/Users/Raj/OneDrive - Åbo Akademi O365/banking/airflow/.venv/lib/python3.12/site-packages/airflow/example_dags/example_task_group_decorator.py
[2025-11-21T04:22:32.318+0500] {processor.py:925} INFO - DAG(s) 'example_task_group_decorator' retrieved from /mnt/c/Users/Raj/OneDrive - Åbo Akademi O365/banking/airflow/.venv/lib/python3.12/site-packages/airflow/example_dags/example_task_group_decorator.py
[2025-11-21T04:22:32.420+0500] {logging_mixin.py:190} INFO - [2025-11-21T04:22:32.417+0500] {dag.py:3239} INFO - Sync 1 DAGs
[2025-11-21T04:22:32.450+0500] {logging_mixin.py:190} INFO - [2025-11-21T04:22:32.448+0500] {dag.py:4180} INFO - Setting next_dagrun for example_task_group_decorator to None, run_after=None
[2025-11-21T04:22:32.546+0500] {processor.py:208} INFO - Processing /mnt/c/Users/Raj/OneDrive - Åbo Akademi O365/banking/airflow/.venv/lib/python3.12/site-packages/airflow/example_dags/example_task_group_decorator.py took 0.524 seconds
[2025-11-21T04:24:08.399+0500] {processor.py:186} INFO - Started process (PID=17907) to work on /mnt/c/Users/Raj/OneDrive - Åbo Akademi O365/banking/airflow/.venv/lib/python3.12/site-packages/airflow/example_dags/example_task_group_decorator.py
[2025-11-21T04:24:08.402+0500] {processor.py:914} INFO - Processing file /mnt/c/Users/Raj/OneDrive - Åbo Akademi O365/banking/airflow/.venv/lib/python3.12/site-packages/airflow/example_dags/example_task_group_decorator.py for tasks to queue
[2025-11-21T04:24:08.409+0500] {logging_mixin.py:190} INFO - [2025-11-21T04:24:08.407+0500] {dagbag.py:588} INFO - Filling up the DagBag from /mnt/c/Users/Raj/OneDrive - Åbo Akademi O365/banking/airflow/.venv/lib/python3.12/site-packages/airflow/example_dags/example_task_group_decorator.py
[2025-11-21T04:24:08.602+0500] {processor.py:925} INFO - DAG(s) 'example_task_group_decorator' retrieved from /mnt/c/Users/Raj/OneDrive - Åbo Akademi O365/banking/airflow/.venv/lib/python3.12/site-packages/airflow/example_dags/example_task_group_decorator.py
[2025-11-21T04:24:08.695+0500] {logging_mixin.py:190} INFO - [2025-11-21T04:24:08.692+0500] {dag.py:3239} INFO - Sync 1 DAGs
[2025-11-21T04:24:08.735+0500] {logging_mixin.py:190} INFO - [2025-11-21T04:24:08.732+0500] {dag.py:4180} INFO - Setting next_dagrun for example_task_group_decorator to None, run_after=None
[2025-11-21T04:24:08.908+0500] {processor.py:208} INFO - Processing /mnt/c/Users/Raj/OneDrive - Åbo Akademi O365/banking/airflow/.venv/lib/python3.12/site-packages/airflow/example_dags/example_task_group_decorator.py took 0.526 seconds
[2025-11-21T04:25:21.196+0500] {processor.py:186} INFO - Started process (PID=17948) to work on /mnt/c/Users/Raj/OneDrive - Åbo Akademi O365/banking/airflow/.venv/lib/python3.12/site-packages/airflow/example_dags/example_task_group_decorator.py
[2025-11-21T04:25:21.199+0500] {processor.py:914} INFO - Processing file /mnt/c/Users/Raj/OneDrive - Åbo Akademi O365/banking/airflow/.venv/lib/python3.12/site-packages/airflow/example_dags/example_task_group_decorator.py for tasks to queue
[2025-11-21T04:25:21.204+0500] {logging_mixin.py:190} INFO - [2025-11-21T04:25:21.203+0500] {dagbag.py:588} INFO - Filling up the DagBag from /mnt/c/Users/Raj/OneDrive - Åbo Akademi O365/banking/airflow/.venv/lib/python3.12/site-packages/airflow/example_dags/example_task_group_decorator.py
[2025-11-21T04:25:21.299+0500] {processor.py:925} INFO - DAG(s) 'example_task_group_decorator' retrieved from /mnt/c/Users/Raj/OneDrive - Åbo Akademi O365/banking/airflow/.venv/lib/python3.12/site-packages/airflow/example_dags/example_task_group_decorator.py
[2025-11-21T04:25:21.344+0500] {logging_mixin.py:190} INFO - [2025-11-21T04:25:21.343+0500] {dag.py:3239} INFO - Sync 1 DAGs
[2025-11-21T04:25:21.366+0500] {logging_mixin.py:190} INFO - [2025-11-21T04:25:21.365+0500] {dag.py:4180} INFO - Setting next_dagrun for example_task_group_decorator to None, run_after=None
[2025-11-21T04:25:21.616+0500] {processor.py:208} INFO - Processing /mnt/c/Users/Raj/OneDrive - Åbo Akademi O365/banking/airflow/.venv/lib/python3.12/site-packages/airflow/example_dags/example_task_group_decorator.py took 0.437 seconds
[2025-11-21T04:26:31.636+0500] {processor.py:186} INFO - Started process (PID=17996) to work on /mnt/c/Users/Raj/OneDrive - Åbo Akademi O365/banking/airflow/.venv/lib/python3.12/site-packages/airflow/example_dags/example_task_group_decorator.py
[2025-11-21T04:26:31.638+0500] {processor.py:914} INFO - Processing file /mnt/c/Users/Raj/OneDrive - Åbo Akademi O365/banking/airflow/.venv/lib/python3.12/site-packages/airflow/example_dags/example_task_group_decorator.py for tasks to queue
[2025-11-21T04:26:31.646+0500] {logging_mixin.py:190} INFO - [2025-11-21T04:26:31.643+0500] {dagbag.py:588} INFO - Filling up the DagBag from /mnt/c/Users/Raj/OneDrive - Åbo Akademi O365/banking/airflow/.venv/lib/python3.12/site-packages/airflow/example_dags/example_task_group_decorator.py
[2025-11-21T04:26:31.840+0500] {processor.py:925} INFO - DAG(s) 'example_task_group_decorator' retrieved from /mnt/c/Users/Raj/OneDrive - Åbo Akademi O365/banking/airflow/.venv/lib/python3.12/site-packages/airflow/example_dags/example_task_group_decorator.py
[2025-11-21T04:26:31.969+0500] {logging_mixin.py:190} INFO - [2025-11-21T04:26:31.967+0500] {dag.py:3239} INFO - Sync 1 DAGs
[2025-11-21T04:26:32.006+0500] {logging_mixin.py:190} INFO - [2025-11-21T04:26:32.004+0500] {dag.py:4180} INFO - Setting next_dagrun for example_task_group_decorator to None, run_after=None
[2025-11-21T04:26:32.159+0500] {processor.py:208} INFO - Processing /mnt/c/Users/Raj/OneDrive - Åbo Akademi O365/banking/airflow/.venv/lib/python3.12/site-packages/airflow/example_dags/example_task_group_decorator.py took 0.549 seconds
[2025-11-21T04:27:41.462+0500] {processor.py:186} INFO - Started process (PID=18040) to work on /mnt/c/Users/Raj/OneDrive - Åbo Akademi O365/banking/airflow/.venv/lib/python3.12/site-packages/airflow/example_dags/example_task_group_decorator.py
[2025-11-21T04:27:41.471+0500] {processor.py:914} INFO - Processing file /mnt/c/Users/Raj/OneDrive - Åbo Akademi O365/banking/airflow/.venv/lib/python3.12/site-packages/airflow/example_dags/example_task_group_decorator.py for tasks to queue
[2025-11-21T04:27:41.493+0500] {logging_mixin.py:190} INFO - [2025-11-21T04:27:41.487+0500] {dagbag.py:588} INFO - Filling up the DagBag from /mnt/c/Users/Raj/OneDrive - Åbo Akademi O365/banking/airflow/.venv/lib/python3.12/site-packages/airflow/example_dags/example_task_group_decorator.py
[2025-11-21T04:27:41.718+0500] {processor.py:925} INFO - DAG(s) 'example_task_group_decorator' retrieved from /mnt/c/Users/Raj/OneDrive - Åbo Akademi O365/banking/airflow/.venv/lib/python3.12/site-packages/airflow/example_dags/example_task_group_decorator.py
[2025-11-21T04:27:41.818+0500] {logging_mixin.py:190} INFO - [2025-11-21T04:27:41.816+0500] {dag.py:3239} INFO - Sync 1 DAGs
[2025-11-21T04:27:41.846+0500] {logging_mixin.py:190} INFO - [2025-11-21T04:27:41.845+0500] {dag.py:4180} INFO - Setting next_dagrun for example_task_group_decorator to None, run_after=None
[2025-11-21T04:27:41.934+0500] {processor.py:208} INFO - Processing /mnt/c/Users/Raj/OneDrive - Åbo Akademi O365/banking/airflow/.venv/lib/python3.12/site-packages/airflow/example_dags/example_task_group_decorator.py took 0.529 seconds
[2025-11-21T04:29:01.916+0500] {processor.py:186} INFO - Started process (PID=18084) to work on /mnt/c/Users/Raj/OneDrive - Åbo Akademi O365/banking/airflow/.venv/lib/python3.12/site-packages/airflow/example_dags/example_task_group_decorator.py
[2025-11-21T04:29:01.920+0500] {processor.py:914} INFO - Processing file /mnt/c/Users/Raj/OneDrive - Åbo Akademi O365/banking/airflow/.venv/lib/python3.12/site-packages/airflow/example_dags/example_task_group_decorator.py for tasks to queue
[2025-11-21T04:29:01.928+0500] {logging_mixin.py:190} INFO - [2025-11-21T04:29:01.926+0500] {dagbag.py:588} INFO - Filling up the DagBag from /mnt/c/Users/Raj/OneDrive - Åbo Akademi O365/banking/airflow/.venv/lib/python3.12/site-packages/airflow/example_dags/example_task_group_decorator.py
[2025-11-21T04:29:02.065+0500] {processor.py:925} INFO - DAG(s) 'example_task_group_decorator' retrieved from /mnt/c/Users/Raj/OneDrive - Åbo Akademi O365/banking/airflow/.venv/lib/python3.12/site-packages/airflow/example_dags/example_task_group_decorator.py
[2025-11-21T04:29:02.135+0500] {logging_mixin.py:190} INFO - [2025-11-21T04:29:02.134+0500] {dag.py:3239} INFO - Sync 1 DAGs
[2025-11-21T04:29:02.161+0500] {logging_mixin.py:190} INFO - [2025-11-21T04:29:02.159+0500] {dag.py:4180} INFO - Setting next_dagrun for example_task_group_decorator to None, run_after=None
[2025-11-21T04:29:02.246+0500] {processor.py:208} INFO - Processing /mnt/c/Users/Raj/OneDrive - Åbo Akademi O365/banking/airflow/.venv/lib/python3.12/site-packages/airflow/example_dags/example_task_group_decorator.py took 0.354 seconds
[2025-11-21T04:30:36.611+0500] {processor.py:186} INFO - Started process (PID=18131) to work on /mnt/c/Users/Raj/OneDrive - Åbo Akademi O365/banking/airflow/.venv/lib/python3.12/site-packages/airflow/example_dags/example_task_group_decorator.py
[2025-11-21T04:30:36.615+0500] {processor.py:914} INFO - Processing file /mnt/c/Users/Raj/OneDrive - Åbo Akademi O365/banking/airflow/.venv/lib/python3.12/site-packages/airflow/example_dags/example_task_group_decorator.py for tasks to queue
[2025-11-21T04:30:36.623+0500] {logging_mixin.py:190} INFO - [2025-11-21T04:30:36.620+0500] {dagbag.py:588} INFO - Filling up the DagBag from /mnt/c/Users/Raj/OneDrive - Åbo Akademi O365/banking/airflow/.venv/lib/python3.12/site-packages/airflow/example_dags/example_task_group_decorator.py
[2025-11-21T04:30:36.792+0500] {processor.py:925} INFO - DAG(s) 'example_task_group_decorator' retrieved from /mnt/c/Users/Raj/OneDrive - Åbo Akademi O365/banking/airflow/.venv/lib/python3.12/site-packages/airflow/example_dags/example_task_group_decorator.py
[2025-11-21T04:30:36.890+0500] {logging_mixin.py:190} INFO - [2025-11-21T04:30:36.889+0500] {dag.py:3239} INFO - Sync 1 DAGs
[2025-11-21T04:30:37.106+0500] {logging_mixin.py:190} INFO - [2025-11-21T04:30:37.104+0500] {dag.py:4180} INFO - Setting next_dagrun for example_task_group_decorator to None, run_after=None
[2025-11-21T04:30:37.977+0500] {processor.py:208} INFO - Processing /mnt/c/Users/Raj/OneDrive - Åbo Akademi O365/banking/airflow/.venv/lib/python3.12/site-packages/airflow/example_dags/example_task_group_decorator.py took 0.668 seconds
[2025-11-21T04:31:56.366+0500] {processor.py:186} INFO - Started process (PID=18172) to work on /mnt/c/Users/Raj/OneDrive - Åbo Akademi O365/banking/airflow/.venv/lib/python3.12/site-packages/airflow/example_dags/example_task_group_decorator.py
[2025-11-21T04:31:56.369+0500] {processor.py:914} INFO - Processing file /mnt/c/Users/Raj/OneDrive - Åbo Akademi O365/banking/airflow/.venv/lib/python3.12/site-packages/airflow/example_dags/example_task_group_decorator.py for tasks to queue
[2025-11-21T04:31:56.382+0500] {logging_mixin.py:190} INFO - [2025-11-21T04:31:56.378+0500] {dagbag.py:588} INFO - Filling up the DagBag from /mnt/c/Users/Raj/OneDrive - Åbo Akademi O365/banking/airflow/.venv/lib/python3.12/site-packages/airflow/example_dags/example_task_group_decorator.py
[2025-11-21T04:31:56.531+0500] {processor.py:925} INFO - DAG(s) 'example_task_group_decorator' retrieved from /mnt/c/Users/Raj/OneDrive - Åbo Akademi O365/banking/airflow/.venv/lib/python3.12/site-packages/airflow/example_dags/example_task_group_decorator.py
[2025-11-21T04:31:56.608+0500] {logging_mixin.py:190} INFO - [2025-11-21T04:31:56.605+0500] {dag.py:3239} INFO - Sync 1 DAGs
[2025-11-21T04:31:56.655+0500] {logging_mixin.py:190} INFO - [2025-11-21T04:31:56.653+0500] {dag.py:4180} INFO - Setting next_dagrun for example_task_group_decorator to None, run_after=None
[2025-11-21T04:31:56.807+0500] {processor.py:208} INFO - Processing /mnt/c/Users/Raj/OneDrive - Åbo Akademi O365/banking/airflow/.venv/lib/python3.12/site-packages/airflow/example_dags/example_task_group_decorator.py took 0.466 seconds
[2025-11-21T04:33:18.773+0500] {processor.py:186} INFO - Started process (PID=18218) to work on /mnt/c/Users/Raj/OneDrive - Åbo Akademi O365/banking/airflow/.venv/lib/python3.12/site-packages/airflow/example_dags/example_task_group_decorator.py
[2025-11-21T04:33:18.778+0500] {processor.py:914} INFO - Processing file /mnt/c/Users/Raj/OneDrive - Åbo Akademi O365/banking/airflow/.venv/lib/python3.12/site-packages/airflow/example_dags/example_task_group_decorator.py for tasks to queue
[2025-11-21T04:33:18.787+0500] {logging_mixin.py:190} INFO - [2025-11-21T04:33:18.784+0500] {dagbag.py:588} INFO - Filling up the DagBag from /mnt/c/Users/Raj/OneDrive - Åbo Akademi O365/banking/airflow/.venv/lib/python3.12/site-packages/airflow/example_dags/example_task_group_decorator.py
[2025-11-21T04:33:18.937+0500] {processor.py:925} INFO - DAG(s) 'example_task_group_decorator' retrieved from /mnt/c/Users/Raj/OneDrive - Åbo Akademi O365/banking/airflow/.venv/lib/python3.12/site-packages/airflow/example_dags/example_task_group_decorator.py
[2025-11-21T04:33:18.994+0500] {logging_mixin.py:190} INFO - [2025-11-21T04:33:18.992+0500] {dag.py:3239} INFO - Sync 1 DAGs
[2025-11-21T04:33:19.021+0500] {logging_mixin.py:190} INFO - [2025-11-21T04:33:19.019+0500] {dag.py:4180} INFO - Setting next_dagrun for example_task_group_decorator to None, run_after=None
[2025-11-21T04:33:19.111+0500] {processor.py:208} INFO - Processing /mnt/c/Users/Raj/OneDrive - Åbo Akademi O365/banking/airflow/.venv/lib/python3.12/site-packages/airflow/example_dags/example_task_group_decorator.py took 0.361 seconds
[2025-11-21T04:34:34.720+0500] {processor.py:186} INFO - Started process (PID=18260) to work on /mnt/c/Users/Raj/OneDrive - Åbo Akademi O365/banking/airflow/.venv/lib/python3.12/site-packages/airflow/example_dags/example_task_group_decorator.py
[2025-11-21T04:34:34.724+0500] {processor.py:914} INFO - Processing file /mnt/c/Users/Raj/OneDrive - Åbo Akademi O365/banking/airflow/.venv/lib/python3.12/site-packages/airflow/example_dags/example_task_group_decorator.py for tasks to queue
[2025-11-21T04:34:34.737+0500] {logging_mixin.py:190} INFO - [2025-11-21T04:34:34.728+0500] {dagbag.py:588} INFO - Filling up the DagBag from /mnt/c/Users/Raj/OneDrive - Åbo Akademi O365/banking/airflow/.venv/lib/python3.12/site-packages/airflow/example_dags/example_task_group_decorator.py
[2025-11-21T04:34:34.896+0500] {processor.py:925} INFO - DAG(s) 'example_task_group_decorator' retrieved from /mnt/c/Users/Raj/OneDrive - Åbo Akademi O365/banking/airflow/.venv/lib/python3.12/site-packages/airflow/example_dags/example_task_group_decorator.py
[2025-11-21T04:34:34.970+0500] {logging_mixin.py:190} INFO - [2025-11-21T04:34:34.967+0500] {dag.py:3239} INFO - Sync 1 DAGs
[2025-11-21T04:34:35.003+0500] {logging_mixin.py:190} INFO - [2025-11-21T04:34:35.001+0500] {dag.py:4180} INFO - Setting next_dagrun for example_task_group_decorator to None, run_after=None
[2025-11-21T04:34:35.141+0500] {processor.py:208} INFO - Processing /mnt/c/Users/Raj/OneDrive - Åbo Akademi O365/banking/airflow/.venv/lib/python3.12/site-packages/airflow/example_dags/example_task_group_decorator.py took 0.448 seconds
[2025-11-21T04:36:00.850+0500] {processor.py:186} INFO - Started process (PID=18583) to work on /mnt/c/Users/Raj/OneDrive - Åbo Akademi O365/banking/airflow/.venv/lib/python3.12/site-packages/airflow/example_dags/example_task_group_decorator.py
[2025-11-21T04:36:00.854+0500] {processor.py:914} INFO - Processing file /mnt/c/Users/Raj/OneDrive - Åbo Akademi O365/banking/airflow/.venv/lib/python3.12/site-packages/airflow/example_dags/example_task_group_decorator.py for tasks to queue
[2025-11-21T04:36:00.859+0500] {logging_mixin.py:190} INFO - [2025-11-21T04:36:00.856+0500] {dagbag.py:588} INFO - Filling up the DagBag from /mnt/c/Users/Raj/OneDrive - Åbo Akademi O365/banking/airflow/.venv/lib/python3.12/site-packages/airflow/example_dags/example_task_group_decorator.py
[2025-11-21T04:36:01.000+0500] {processor.py:925} INFO - DAG(s) 'example_task_group_decorator' retrieved from /mnt/c/Users/Raj/OneDrive - Åbo Akademi O365/banking/airflow/.venv/lib/python3.12/site-packages/airflow/example_dags/example_task_group_decorator.py
[2025-11-21T04:36:01.072+0500] {logging_mixin.py:190} INFO - [2025-11-21T04:36:01.069+0500] {dag.py:3239} INFO - Sync 1 DAGs
[2025-11-21T04:36:01.098+0500] {logging_mixin.py:190} INFO - [2025-11-21T04:36:01.097+0500] {dag.py:4180} INFO - Setting next_dagrun for example_task_group_decorator to None, run_after=None
[2025-11-21T04:36:01.208+0500] {processor.py:208} INFO - Processing /mnt/c/Users/Raj/OneDrive - Åbo Akademi O365/banking/airflow/.venv/lib/python3.12/site-packages/airflow/example_dags/example_task_group_decorator.py took 0.385 seconds
[2025-11-21T04:37:21.066+0500] {processor.py:186} INFO - Started process (PID=18732) to work on /mnt/c/Users/Raj/OneDrive - Åbo Akademi O365/banking/airflow/.venv/lib/python3.12/site-packages/airflow/example_dags/example_task_group_decorator.py
[2025-11-21T04:37:21.070+0500] {processor.py:914} INFO - Processing file /mnt/c/Users/Raj/OneDrive - Åbo Akademi O365/banking/airflow/.venv/lib/python3.12/site-packages/airflow/example_dags/example_task_group_decorator.py for tasks to queue
[2025-11-21T04:37:21.078+0500] {logging_mixin.py:190} INFO - [2025-11-21T04:37:21.076+0500] {dagbag.py:588} INFO - Filling up the DagBag from /mnt/c/Users/Raj/OneDrive - Åbo Akademi O365/banking/airflow/.venv/lib/python3.12/site-packages/airflow/example_dags/example_task_group_decorator.py
[2025-11-21T04:37:21.252+0500] {processor.py:925} INFO - DAG(s) 'example_task_group_decorator' retrieved from /mnt/c/Users/Raj/OneDrive - Åbo Akademi O365/banking/airflow/.venv/lib/python3.12/site-packages/airflow/example_dags/example_task_group_decorator.py
[2025-11-21T04:37:21.335+0500] {logging_mixin.py:190} INFO - [2025-11-21T04:37:21.334+0500] {dag.py:3239} INFO - Sync 1 DAGs
[2025-11-21T04:37:21.362+0500] {logging_mixin.py:190} INFO - [2025-11-21T04:37:21.360+0500] {dag.py:4180} INFO - Setting next_dagrun for example_task_group_decorator to None, run_after=None
[2025-11-21T04:37:21.458+0500] {processor.py:208} INFO - Processing /mnt/c/Users/Raj/OneDrive - Åbo Akademi O365/banking/airflow/.venv/lib/python3.12/site-packages/airflow/example_dags/example_task_group_decorator.py took 0.428 seconds
[2025-11-21T04:38:37.107+0500] {processor.py:186} INFO - Started process (PID=18778) to work on /mnt/c/Users/Raj/OneDrive - Åbo Akademi O365/banking/airflow/.venv/lib/python3.12/site-packages/airflow/example_dags/example_task_group_decorator.py
[2025-11-21T04:38:37.110+0500] {processor.py:914} INFO - Processing file /mnt/c/Users/Raj/OneDrive - Åbo Akademi O365/banking/airflow/.venv/lib/python3.12/site-packages/airflow/example_dags/example_task_group_decorator.py for tasks to queue
[2025-11-21T04:38:37.115+0500] {logging_mixin.py:190} INFO - [2025-11-21T04:38:37.112+0500] {dagbag.py:588} INFO - Filling up the DagBag from /mnt/c/Users/Raj/OneDrive - Åbo Akademi O365/banking/airflow/.venv/lib/python3.12/site-packages/airflow/example_dags/example_task_group_decorator.py
[2025-11-21T04:38:37.236+0500] {processor.py:925} INFO - DAG(s) 'example_task_group_decorator' retrieved from /mnt/c/Users/Raj/OneDrive - Åbo Akademi O365/banking/airflow/.venv/lib/python3.12/site-packages/airflow/example_dags/example_task_group_decorator.py
[2025-11-21T04:38:37.289+0500] {logging_mixin.py:190} INFO - [2025-11-21T04:38:37.287+0500] {dag.py:3239} INFO - Sync 1 DAGs
[2025-11-21T04:38:37.316+0500] {logging_mixin.py:190} INFO - [2025-11-21T04:38:37.315+0500] {dag.py:4180} INFO - Setting next_dagrun for example_task_group_decorator to None, run_after=None
[2025-11-21T04:38:37.412+0500] {processor.py:208} INFO - Processing /mnt/c/Users/Raj/OneDrive - Åbo Akademi O365/banking/airflow/.venv/lib/python3.12/site-packages/airflow/example_dags/example_task_group_decorator.py took 0.324 seconds
