[2025-11-21T15:02:16.281+0500] {local_task_job_runner.py:123} INFO - ::group::Pre task execution logs
[2025-11-21T15:02:16.307+0500] {taskinstance.py:2612} INFO - Dependencies all met for dep_context=non-requeueable deps ti=<TaskInstance: first_example_dag.extract manual__2025-11-21T10:01:38.530863+00:00 [queued]>
[2025-11-21T15:02:16.325+0500] {taskinstance.py:2612} INFO - Dependencies all met for dep_context=requeueable deps ti=<TaskInstance: first_example_dag.extract manual__2025-11-21T10:01:38.530863+00:00 [queued]>
[2025-11-21T15:02:16.328+0500] {taskinstance.py:2865} INFO - Starting attempt 1 of 2
[2025-11-21T15:02:16.458+0500] {taskinstance.py:2888} INFO - Executing <Task(PythonOperator): extract> on 2025-11-21 10:01:38.530863+00:00
[2025-11-21T15:02:16.469+0500] {standard_task_runner.py:72} INFO - Started process 38121 to run task
[2025-11-21T15:02:16.476+0500] {standard_task_runner.py:104} INFO - Running: ['airflow', 'tasks', 'run', 'first_example_dag', 'extract', 'manual__2025-11-21T10:01:38.530863+00:00', '--job-id', '17', '--raw', '--subdir', 'DAGS_FOLDER/first_example_dag.py', '--cfg-path', '/tmp/tmp3lpuriw3']
[2025-11-21T15:02:16.480+0500] {standard_task_runner.py:105} INFO - Job 17: Subtask extract
[2025-11-21T15:02:16.620+0500] {task_command.py:467} INFO - Running <TaskInstance: first_example_dag.extract manual__2025-11-21T10:01:38.530863+00:00 [running]> on host DESKTOP-ER17M9N.localdomain
[2025-11-21T15:02:16.792+0500] {taskinstance.py:3131} INFO - Exporting env vars: AIRFLOW_CTX_DAG_OWNER='bhawish' AIRFLOW_CTX_DAG_ID='first_example_dag' AIRFLOW_CTX_TASK_ID='extract' AIRFLOW_CTX_EXECUTION_DATE='2025-11-21T10:01:38.530863+00:00' AIRFLOW_CTX_TRY_NUMBER='1' AIRFLOW_CTX_DAG_RUN_ID='manual__2025-11-21T10:01:38.530863+00:00'
[2025-11-21T15:02:16.797+0500] {logging_mixin.py:190} INFO - Task instance is in running state
[2025-11-21T15:02:16.800+0500] {logging_mixin.py:190} INFO -  Previous state of the Task instance: queued
[2025-11-21T15:02:16.803+0500] {logging_mixin.py:190} INFO - Current task name:extract state:running start_date:2025-11-21 10:02:16.310477+00:00
[2025-11-21T15:02:16.805+0500] {logging_mixin.py:190} INFO - Dag name:first_example_dag and current dag run status:running
[2025-11-21T15:02:16.808+0500] {taskinstance.py:731} INFO - ::endgroup::
[2025-11-21T15:02:16.811+0500] {logging_mixin.py:190} INFO - EXTRACT -> [{'id': 1, 'amount': 100}, {'id': 2, 'amount': 50}]
[2025-11-21T15:02:16.859+0500] {python.py:240} INFO - Done. Returned value was: None
[2025-11-21T15:02:16.886+0500] {taskinstance.py:340} INFO - ::group::Post task execution logs
[2025-11-21T15:02:16.889+0500] {taskinstance.py:352} INFO - Marking task as SUCCESS. dag_id=first_example_dag, task_id=extract, run_id=manual__2025-11-21T10:01:38.530863+00:00, execution_date=20251121T100138, start_date=20251121T100216, end_date=20251121T100216
[2025-11-21T15:02:16.952+0500] {logging_mixin.py:190} INFO - Task instance in success state
[2025-11-21T15:02:16.955+0500] {logging_mixin.py:190} INFO -  Previous state of the Task instance: running
[2025-11-21T15:02:16.958+0500] {logging_mixin.py:190} INFO - Dag name:first_example_dag queued_at:2025-11-21 10:01:38.663640+00:00
[2025-11-21T15:02:16.962+0500] {logging_mixin.py:190} INFO - Task hostname:DESKTOP-ER17M9N.localdomain operator:PythonOperator
[2025-11-21T15:02:17.014+0500] {local_task_job_runner.py:266} INFO - Task exited with return code 0
[2025-11-21T15:02:17.072+0500] {taskinstance.py:3900} INFO - 1 downstream tasks scheduled from follow-on schedule check
[2025-11-21T15:02:17.089+0500] {local_task_job_runner.py:245} INFO - ::endgroup::
