[2025-11-21T15:34:55.078+0500] {local_task_job_runner.py:123} INFO - ::group::Pre task execution logs
[2025-11-21T15:34:55.101+0500] {taskinstance.py:2612} INFO - Dependencies all met for dep_context=non-requeueable deps ti=<TaskInstance: first_example_dag.aggregate manual__2025-11-21T10:32:53.424622+00:00 [queued]>
[2025-11-21T15:34:55.118+0500] {taskinstance.py:2612} INFO - Dependencies all met for dep_context=requeueable deps ti=<TaskInstance: first_example_dag.aggregate manual__2025-11-21T10:32:53.424622+00:00 [queued]>
[2025-11-21T15:34:55.120+0500] {taskinstance.py:2865} INFO - Starting attempt 1 of 2
[2025-11-21T15:34:55.240+0500] {taskinstance.py:2888} INFO - Executing <Task(PythonOperator): aggregate> on 2025-11-21 10:32:53.424622+00:00
[2025-11-21T15:34:55.250+0500] {standard_task_runner.py:72} INFO - Started process 43379 to run task
[2025-11-21T15:34:55.256+0500] {standard_task_runner.py:104} INFO - Running: ['airflow', 'tasks', 'run', 'first_example_dag', 'aggregate', 'manual__2025-11-21T10:32:53.424622+00:00', '--job-id', '27', '--raw', '--subdir', 'DAGS_FOLDER/first_example_dag.py', '--cfg-path', '/tmp/tmpflwuc95f']
[2025-11-21T15:34:55.259+0500] {standard_task_runner.py:105} INFO - Job 27: Subtask aggregate
[2025-11-21T15:34:55.401+0500] {task_command.py:467} INFO - Running <TaskInstance: first_example_dag.aggregate manual__2025-11-21T10:32:53.424622+00:00 [running]> on host DESKTOP-ER17M9N.localdomain
[2025-11-21T15:34:55.575+0500] {taskinstance.py:3131} INFO - Exporting env vars: AIRFLOW_CTX_DAG_OWNER='bhawish' AIRFLOW_CTX_DAG_ID='first_example_dag' AIRFLOW_CTX_TASK_ID='aggregate' AIRFLOW_CTX_EXECUTION_DATE='2025-11-21T10:32:53.424622+00:00' AIRFLOW_CTX_TRY_NUMBER='1' AIRFLOW_CTX_DAG_RUN_ID='manual__2025-11-21T10:32:53.424622+00:00'
[2025-11-21T15:34:55.612+0500] {logging_mixin.py:190} INFO - Task instance is in running state
[2025-11-21T15:34:55.653+0500] {logging_mixin.py:190} INFO -  Previous state of the Task instance: queued
[2025-11-21T15:34:55.669+0500] {logging_mixin.py:190} INFO - Current task name:aggregate state:running start_date:2025-11-21 10:34:55.103648+00:00
[2025-11-21T15:34:55.683+0500] {logging_mixin.py:190} INFO - Dag name:first_example_dag and current dag run status:running
[2025-11-21T15:34:55.695+0500] {taskinstance.py:731} INFO - ::endgroup::
[2025-11-21T15:34:55.784+0500] {logging_mixin.py:190} INFO - AGGREGATE -> total= 150.0
[2025-11-21T15:34:55.857+0500] {python.py:240} INFO - Done. Returned value was: None
[2025-11-21T15:34:55.883+0500] {taskinstance.py:340} INFO - ::group::Post task execution logs
[2025-11-21T15:34:55.886+0500] {taskinstance.py:352} INFO - Marking task as SUCCESS. dag_id=first_example_dag, task_id=aggregate, run_id=manual__2025-11-21T10:32:53.424622+00:00, execution_date=20251121T103253, start_date=20251121T103455, end_date=20251121T103455
[2025-11-21T15:34:55.936+0500] {logging_mixin.py:190} INFO - Task instance in success state
[2025-11-21T15:34:55.941+0500] {logging_mixin.py:190} INFO -  Previous state of the Task instance: running
[2025-11-21T15:34:55.944+0500] {logging_mixin.py:190} INFO - Dag name:first_example_dag queued_at:2025-11-21 10:32:53.498302+00:00
[2025-11-21T15:34:55.948+0500] {logging_mixin.py:190} INFO - Task hostname:DESKTOP-ER17M9N.localdomain operator:PythonOperator
[2025-11-21T15:34:55.995+0500] {local_task_job_runner.py:266} INFO - Task exited with return code 0
[2025-11-21T15:34:56.072+0500] {taskinstance.py:3900} INFO - 1 downstream tasks scheduled from follow-on schedule check
[2025-11-21T15:34:56.105+0500] {local_task_job_runner.py:245} INFO - ::endgroup::
