[2025-11-21T14:21:08.906+0500] {local_task_job_runner.py:123} INFO - ::group::Pre task execution logs
[2025-11-21T14:21:08.940+0500] {taskinstance.py:2612} INFO - Dependencies all met for dep_context=non-requeueable deps ti=<TaskInstance: daily_pipeline.extract manual__2025-11-21T09:20:15.178546+00:00 [queued]>
[2025-11-21T14:21:08.967+0500] {taskinstance.py:2612} INFO - Dependencies all met for dep_context=requeueable deps ti=<TaskInstance: daily_pipeline.extract manual__2025-11-21T09:20:15.178546+00:00 [queued]>
[2025-11-21T14:21:08.971+0500] {taskinstance.py:2865} INFO - Starting attempt 1 of 2
[2025-11-21T14:21:09.116+0500] {taskinstance.py:2888} INFO - Executing <Task(_PythonDecoratedOperator): extract> on 2025-11-21 09:20:15.178546+00:00
[2025-11-21T14:21:09.129+0500] {standard_task_runner.py:72} INFO - Started process 29967 to run task
[2025-11-21T14:21:09.138+0500] {standard_task_runner.py:104} INFO - Running: ['airflow', 'tasks', 'run', 'daily_pipeline', 'extract', 'manual__2025-11-21T09:20:15.178546+00:00', '--job-id', '14', '--raw', '--subdir', 'DAGS_FOLDER/daily_pipeline.py', '--cfg-path', '/tmp/tmpgj34eafn']
[2025-11-21T14:21:09.143+0500] {standard_task_runner.py:105} INFO - Job 14: Subtask extract
[2025-11-21T14:21:09.604+0500] {task_command.py:467} INFO - Running <TaskInstance: daily_pipeline.extract manual__2025-11-21T09:20:15.178546+00:00 [running]> on host DESKTOP-ER17M9N.localdomain
[2025-11-21T14:21:09.862+0500] {taskinstance.py:3131} INFO - Exporting env vars: AIRFLOW_CTX_DAG_OWNER='bhawish' AIRFLOW_CTX_DAG_ID='daily_pipeline' AIRFLOW_CTX_TASK_ID='extract' AIRFLOW_CTX_EXECUTION_DATE='2025-11-21T09:20:15.178546+00:00' AIRFLOW_CTX_TRY_NUMBER='1' AIRFLOW_CTX_DAG_RUN_ID='manual__2025-11-21T09:20:15.178546+00:00'
[2025-11-21T14:21:09.866+0500] {logging_mixin.py:190} INFO - Task instance is in running state
[2025-11-21T14:21:09.870+0500] {logging_mixin.py:190} INFO -  Previous state of the Task instance: queued
[2025-11-21T14:21:09.874+0500] {logging_mixin.py:190} INFO - Current task name:extract state:running start_date:2025-11-21 09:21:08.943648+00:00
[2025-11-21T14:21:09.877+0500] {logging_mixin.py:190} INFO - Dag name:daily_pipeline and current dag run status:running
[2025-11-21T14:21:09.880+0500] {taskinstance.py:731} INFO - ::endgroup::
[2025-11-21T14:21:09.897+0500] {logging_mixin.py:190} WARNING - /mnt/c/Users/Raj/OneDrive - Åbo Akademi O365/banking/airflow/.venv/lib/python3.12/site-packages/airflow/utils/operator_helpers.py:175 AirflowContextDeprecationWarning: Accessing 'execution_date' from the template is deprecated and will be removed in a future version. Please use 'data_interval_start' or 'logical_date' instead.
[2025-11-21T14:21:09.902+0500] {taskinstance.py:3310} ERROR - Task failed with exception
Traceback (most recent call last):
  File "/mnt/c/Users/Raj/OneDrive - Åbo Akademi O365/banking/airflow/.venv/lib/python3.12/site-packages/airflow/models/taskinstance.py", line 767, in _execute_task
    result = _execute_callable(context=context, **execute_callable_kwargs)
             ^^^^^^^^^^^^^^^^^^^^^^^^^^^^^^^^^^^^^^^^^^^^^^^^^^^^^^^^^^^^^
  File "/mnt/c/Users/Raj/OneDrive - Åbo Akademi O365/banking/airflow/.venv/lib/python3.12/site-packages/airflow/models/taskinstance.py", line 733, in _execute_callable
    return ExecutionCallableRunner(
           ^^^^^^^^^^^^^^^^^^^^^^^^
  File "/mnt/c/Users/Raj/OneDrive - Åbo Akademi O365/banking/airflow/.venv/lib/python3.12/site-packages/airflow/utils/operator_helpers.py", line 252, in run
    return self.func(*args, **kwargs)
           ^^^^^^^^^^^^^^^^^^^^^^^^^^
  File "/mnt/c/Users/Raj/OneDrive - Åbo Akademi O365/banking/airflow/.venv/lib/python3.12/site-packages/airflow/models/baseoperator.py", line 406, in wrapper
    return func(self, *args, **kwargs)
           ^^^^^^^^^^^^^^^^^^^^^^^^^^^
  File "/mnt/c/Users/Raj/OneDrive - Åbo Akademi O365/banking/airflow/.venv/lib/python3.12/site-packages/airflow/decorators/base.py", line 266, in execute
    return_value = super().execute(context)
                   ^^^^^^^^^^^^^^^^^^^^^^^^
  File "/mnt/c/Users/Raj/OneDrive - Åbo Akademi O365/banking/airflow/.venv/lib/python3.12/site-packages/airflow/models/baseoperator.py", line 406, in wrapper
    return func(self, *args, **kwargs)
           ^^^^^^^^^^^^^^^^^^^^^^^^^^^
  File "/mnt/c/Users/Raj/OneDrive - Åbo Akademi O365/banking/airflow/.venv/lib/python3.12/site-packages/airflow/operators/python.py", line 238, in execute
    return_value = self.execute_callable()
                   ^^^^^^^^^^^^^^^^^^^^^^^
  File "/mnt/c/Users/Raj/OneDrive - Åbo Akademi O365/banking/airflow/.venv/lib/python3.12/site-packages/airflow/operators/python.py", line 256, in execute_callable
    return runner.run(*self.op_args, **self.op_kwargs)
           ^^^^^^^^^^^^^^^^^^^^^^^^^^^^^^^^^^^^^^^^^^^
  File "/mnt/c/Users/Raj/OneDrive - Åbo Akademi O365/banking/airflow/.venv/lib/python3.12/site-packages/airflow/utils/operator_helpers.py", line 252, in run
    return self.func(*args, **kwargs)
           ^^^^^^^^^^^^^^^^^^^^^^^^^^
  File "/mnt/c/Users/Raj/OneDrive - Åbo Akademi O365/banking/airflow/dags/daily_pipeline.py", line 44, in extract
    raise FileNotFoundError(f"SQLite DB not found at: {DB_PATH_parent}")
FileNotFoundError: SQLite DB not found at: /mnt/c/Users/Raj/OneDrive - Åbo Akademi O365/banking/airflow/data/banking.db
[2025-11-21T14:21:09.993+0500] {logging_mixin.py:190} INFO - Task instance in failure state
[2025-11-21T14:21:09.996+0500] {logging_mixin.py:190} INFO - Task start:2025-11-21 09:21:08.943648+00:00 end:2025-11-21 09:21:09.993236+00:00 duration:1.049588
[2025-11-21T14:21:10.001+0500] {logging_mixin.py:190} INFO - Task:<Task(_PythonDecoratedOperator): extract> dag:<DAG: daily_pipeline> dagrun:<DagRun daily_pipeline @ 2025-11-21 09:20:15.178546+00:00: manual__2025-11-21T09:20:15.178546+00:00, state:running, queued_at: 2025-11-21 09:20:15.303414+00:00. externally triggered: True>
[2025-11-21T14:21:10.004+0500] {logging_mixin.py:190} INFO - Failure caused by SQLite DB not found at: /mnt/c/Users/Raj/OneDrive - Åbo Akademi O365/banking/airflow/data/banking.db
[2025-11-21T14:21:10.008+0500] {taskinstance.py:1225} INFO - Marking task as UP_FOR_RETRY. dag_id=daily_pipeline, task_id=extract, run_id=manual__2025-11-21T09:20:15.178546+00:00, execution_date=20251121T092015, start_date=20251121T092108, end_date=20251121T092109
[2025-11-21T14:21:10.084+0500] {taskinstance.py:340} INFO - ::group::Post task execution logs
[2025-11-21T14:21:10.088+0500] {standard_task_runner.py:124} ERROR - Failed to execute job 14 for task extract (SQLite DB not found at: /mnt/c/Users/Raj/OneDrive - Åbo Akademi O365/banking/airflow/data/banking.db; 29967)
Traceback (most recent call last):
  File "/mnt/c/Users/Raj/OneDrive - Åbo Akademi O365/banking/airflow/.venv/lib/python3.12/site-packages/airflow/task/task_runner/standard_task_runner.py", line 117, in _start_by_fork
    ret = args.func(args, dag=self.dag)
          ^^^^^^^^^^^^^^^^^^^^^^^^^^^^^
  File "/mnt/c/Users/Raj/OneDrive - Åbo Akademi O365/banking/airflow/.venv/lib/python3.12/site-packages/airflow/cli/cli_config.py", line 49, in command
    return func(*args, **kwargs)
           ^^^^^^^^^^^^^^^^^^^^^
  File "/mnt/c/Users/Raj/OneDrive - Åbo Akademi O365/banking/airflow/.venv/lib/python3.12/site-packages/airflow/utils/cli.py", line 115, in wrapper
    return f(*args, **kwargs)
           ^^^^^^^^^^^^^^^^^^
  File "/mnt/c/Users/Raj/OneDrive - Åbo Akademi O365/banking/airflow/.venv/lib/python3.12/site-packages/airflow/cli/commands/task_command.py", line 483, in task_run
    task_return_code = _run_task_by_selected_method(args, _dag, ti)
                       ^^^^^^^^^^^^^^^^^^^^^^^^^^^^^^^^^^^^^^^^^^^^
  File "/mnt/c/Users/Raj/OneDrive - Åbo Akademi O365/banking/airflow/.venv/lib/python3.12/site-packages/airflow/cli/commands/task_command.py", line 256, in _run_task_by_selected_method
    return _run_raw_task(args, ti)
           ^^^^^^^^^^^^^^^^^^^^^^^
  File "/mnt/c/Users/Raj/OneDrive - Åbo Akademi O365/banking/airflow/.venv/lib/python3.12/site-packages/airflow/cli/commands/task_command.py", line 341, in _run_raw_task
    return ti._run_raw_task(
           ^^^^^^^^^^^^^^^^^
  File "/mnt/c/Users/Raj/OneDrive - Åbo Akademi O365/banking/airflow/.venv/lib/python3.12/site-packages/airflow/utils/session.py", line 97, in wrapper
    return func(*args, session=session, **kwargs)
           ^^^^^^^^^^^^^^^^^^^^^^^^^^^^^^^^^^^^^^
  File "/mnt/c/Users/Raj/OneDrive - Åbo Akademi O365/banking/airflow/.venv/lib/python3.12/site-packages/airflow/models/taskinstance.py", line 3004, in _run_raw_task
    return _run_raw_task(
           ^^^^^^^^^^^^^^
  File "/mnt/c/Users/Raj/OneDrive - Åbo Akademi O365/banking/airflow/.venv/lib/python3.12/site-packages/airflow/models/taskinstance.py", line 273, in _run_raw_task
    TaskInstance._execute_task_with_callbacks(
  File "/mnt/c/Users/Raj/OneDrive - Åbo Akademi O365/banking/airflow/.venv/lib/python3.12/site-packages/airflow/models/taskinstance.py", line 3158, in _execute_task_with_callbacks
    result = self._execute_task(context, task_orig)
             ^^^^^^^^^^^^^^^^^^^^^^^^^^^^^^^^^^^^^^
  File "/mnt/c/Users/Raj/OneDrive - Åbo Akademi O365/banking/airflow/.venv/lib/python3.12/site-packages/airflow/models/taskinstance.py", line 3182, in _execute_task
    return _execute_task(self, context, task_orig)
           ^^^^^^^^^^^^^^^^^^^^^^^^^^^^^^^^^^^^^^^
  File "/mnt/c/Users/Raj/OneDrive - Åbo Akademi O365/banking/airflow/.venv/lib/python3.12/site-packages/airflow/models/taskinstance.py", line 767, in _execute_task
    result = _execute_callable(context=context, **execute_callable_kwargs)
             ^^^^^^^^^^^^^^^^^^^^^^^^^^^^^^^^^^^^^^^^^^^^^^^^^^^^^^^^^^^^^
  File "/mnt/c/Users/Raj/OneDrive - Åbo Akademi O365/banking/airflow/.venv/lib/python3.12/site-packages/airflow/models/taskinstance.py", line 733, in _execute_callable
    return ExecutionCallableRunner(
           ^^^^^^^^^^^^^^^^^^^^^^^^
  File "/mnt/c/Users/Raj/OneDrive - Åbo Akademi O365/banking/airflow/.venv/lib/python3.12/site-packages/airflow/utils/operator_helpers.py", line 252, in run
    return self.func(*args, **kwargs)
           ^^^^^^^^^^^^^^^^^^^^^^^^^^
  File "/mnt/c/Users/Raj/OneDrive - Åbo Akademi O365/banking/airflow/.venv/lib/python3.12/site-packages/airflow/models/baseoperator.py", line 406, in wrapper
    return func(self, *args, **kwargs)
           ^^^^^^^^^^^^^^^^^^^^^^^^^^^
  File "/mnt/c/Users/Raj/OneDrive - Åbo Akademi O365/banking/airflow/.venv/lib/python3.12/site-packages/airflow/decorators/base.py", line 266, in execute
    return_value = super().execute(context)
                   ^^^^^^^^^^^^^^^^^^^^^^^^
  File "/mnt/c/Users/Raj/OneDrive - Åbo Akademi O365/banking/airflow/.venv/lib/python3.12/site-packages/airflow/models/baseoperator.py", line 406, in wrapper
    return func(self, *args, **kwargs)
           ^^^^^^^^^^^^^^^^^^^^^^^^^^^
  File "/mnt/c/Users/Raj/OneDrive - Åbo Akademi O365/banking/airflow/.venv/lib/python3.12/site-packages/airflow/operators/python.py", line 238, in execute
    return_value = self.execute_callable()
                   ^^^^^^^^^^^^^^^^^^^^^^^
  File "/mnt/c/Users/Raj/OneDrive - Åbo Akademi O365/banking/airflow/.venv/lib/python3.12/site-packages/airflow/operators/python.py", line 256, in execute_callable
    return runner.run(*self.op_args, **self.op_kwargs)
           ^^^^^^^^^^^^^^^^^^^^^^^^^^^^^^^^^^^^^^^^^^^
  File "/mnt/c/Users/Raj/OneDrive - Åbo Akademi O365/banking/airflow/.venv/lib/python3.12/site-packages/airflow/utils/operator_helpers.py", line 252, in run
    return self.func(*args, **kwargs)
           ^^^^^^^^^^^^^^^^^^^^^^^^^^
  File "/mnt/c/Users/Raj/OneDrive - Åbo Akademi O365/banking/airflow/dags/daily_pipeline.py", line 44, in extract
    raise FileNotFoundError(f"SQLite DB not found at: {DB_PATH_parent}")
FileNotFoundError: SQLite DB not found at: /mnt/c/Users/Raj/OneDrive - Åbo Akademi O365/banking/airflow/data/banking.db
[2025-11-21T14:21:10.159+0500] {local_task_job_runner.py:266} INFO - Task exited with return code 1
[2025-11-21T14:21:10.199+0500] {taskinstance.py:3900} INFO - 0 downstream tasks scheduled from follow-on schedule check
[2025-11-21T14:21:10.205+0500] {local_task_job_runner.py:245} INFO - ::endgroup::
