[2025-11-21T14:23:38.794+0500] {local_task_job_runner.py:123} INFO - ::group::Pre task execution logs
[2025-11-21T14:23:38.819+0500] {taskinstance.py:2612} INFO - Dependencies all met for dep_context=non-requeueable deps ti=<TaskInstance: daily_pipeline.extract scheduled__2025-11-20T00:00:00+00:00 [queued]>
[2025-11-21T14:23:38.835+0500] {taskinstance.py:2612} INFO - Dependencies all met for dep_context=requeueable deps ti=<TaskInstance: daily_pipeline.extract scheduled__2025-11-20T00:00:00+00:00 [queued]>
[2025-11-21T14:23:38.837+0500] {taskinstance.py:2865} INFO - Starting attempt 2 of 2
[2025-11-21T14:23:38.973+0500] {taskinstance.py:2888} INFO - Executing <Task(_PythonDecoratedOperator): extract> on 2025-11-20 00:00:00+00:00
[2025-11-21T14:23:38.984+0500] {standard_task_runner.py:72} INFO - Started process 30509 to run task
[2025-11-21T14:23:38.989+0500] {standard_task_runner.py:104} INFO - Running: ['airflow', 'tasks', 'run', 'daily_pipeline', 'extract', 'scheduled__2025-11-20T00:00:00+00:00', '--job-id', '15', '--raw', '--subdir', 'DAGS_FOLDER/daily_pipeline.py', '--cfg-path', '/tmp/tmpuh6gxtk9']
[2025-11-21T14:23:38.993+0500] {standard_task_runner.py:105} INFO - Job 15: Subtask extract
[2025-11-21T14:23:39.134+0500] {task_command.py:467} INFO - Running <TaskInstance: daily_pipeline.extract scheduled__2025-11-20T00:00:00+00:00 [running]> on host DESKTOP-ER17M9N.localdomain
[2025-11-21T14:23:39.329+0500] {taskinstance.py:3131} INFO - Exporting env vars: AIRFLOW_CTX_DAG_OWNER='bhawish' AIRFLOW_CTX_DAG_ID='daily_pipeline' AIRFLOW_CTX_TASK_ID='extract' AIRFLOW_CTX_EXECUTION_DATE='2025-11-20T00:00:00+00:00' AIRFLOW_CTX_TRY_NUMBER='2' AIRFLOW_CTX_DAG_RUN_ID='scheduled__2025-11-20T00:00:00+00:00'
[2025-11-21T14:23:39.333+0500] {logging_mixin.py:190} INFO - Task instance is in running state
[2025-11-21T14:23:39.336+0500] {logging_mixin.py:190} INFO -  Previous state of the Task instance: queued
[2025-11-21T14:23:39.338+0500] {logging_mixin.py:190} INFO - Current task name:extract state:running start_date:2025-11-21 09:23:38.822244+00:00
[2025-11-21T14:23:39.341+0500] {logging_mixin.py:190} INFO - Dag name:daily_pipeline and current dag run status:running
[2025-11-21T14:23:39.343+0500] {taskinstance.py:731} INFO - ::endgroup::
[2025-11-21T14:23:39.353+0500] {logging_mixin.py:190} WARNING - /mnt/c/Users/Raj/OneDrive - Åbo Akademi O365/banking/airflow/.venv/lib/python3.12/site-packages/airflow/utils/operator_helpers.py:175 AirflowContextDeprecationWarning: Accessing 'execution_date' from the template is deprecated and will be removed in a future version. Please use 'data_interval_start' or 'logical_date' instead.
[2025-11-21T14:23:39.356+0500] {taskinstance.py:3310} ERROR - Task failed with exception
Traceback (most recent call last):
  File "/mnt/c/Users/Raj/OneDrive - Åbo Akademi O365/banking/airflow/.venv/lib/python3.12/site-packages/airflow/models/taskinstance.py", line 767, in _execute_task
    result = _execute_callable(context=context, **execute_callable_kwargs)
             ^^^^^^^^^^^^^^^^^^^^^^^^^^^^^^^^^^^^^^^^^^^^^^^^^^^^^^^^^^^^^
  File "/mnt/c/Users/Raj/OneDrive - Åbo Akademi O365/banking/airflow/.venv/lib/python3.12/site-packages/airflow/models/taskinstance.py", line 733, in _execute_callable
    return ExecutionCallableRunner(
           ^^^^^^^^^^^^^^^^^^^^^^^^
  File "/mnt/c/Users/Raj/OneDrive - Åbo Akademi O365/banking/airflow/.venv/lib/python3.12/site-packages/airflow/utils/operator_helpers.py", line 252, in run
    return self.func(*args, **kwargs)
           ^^^^^^^^^^^^^^^^^^^^^^^^^^
  File "/mnt/c/Users/Raj/OneDrive - Åbo Akademi O365/banking/airflow/.venv/lib/python3.12/site-packages/airflow/models/baseoperator.py", line 406, in wrapper
    return func(self, *args, **kwargs)
           ^^^^^^^^^^^^^^^^^^^^^^^^^^^
  File "/mnt/c/Users/Raj/OneDrive - Åbo Akademi O365/banking/airflow/.venv/lib/python3.12/site-packages/airflow/decorators/base.py", line 266, in execute
    return_value = super().execute(context)
                   ^^^^^^^^^^^^^^^^^^^^^^^^
  File "/mnt/c/Users/Raj/OneDrive - Åbo Akademi O365/banking/airflow/.venv/lib/python3.12/site-packages/airflow/models/baseoperator.py", line 406, in wrapper
    return func(self, *args, **kwargs)
           ^^^^^^^^^^^^^^^^^^^^^^^^^^^
  File "/mnt/c/Users/Raj/OneDrive - Åbo Akademi O365/banking/airflow/.venv/lib/python3.12/site-packages/airflow/operators/python.py", line 238, in execute
    return_value = self.execute_callable()
                   ^^^^^^^^^^^^^^^^^^^^^^^
  File "/mnt/c/Users/Raj/OneDrive - Åbo Akademi O365/banking/airflow/.venv/lib/python3.12/site-packages/airflow/operators/python.py", line 256, in execute_callable
    return runner.run(*self.op_args, **self.op_kwargs)
           ^^^^^^^^^^^^^^^^^^^^^^^^^^^^^^^^^^^^^^^^^^^
  File "/mnt/c/Users/Raj/OneDrive - Åbo Akademi O365/banking/airflow/.venv/lib/python3.12/site-packages/airflow/utils/operator_helpers.py", line 252, in run
    return self.func(*args, **kwargs)
           ^^^^^^^^^^^^^^^^^^^^^^^^^^
  File "/mnt/c/Users/Raj/OneDrive - Åbo Akademi O365/banking/airflow/dags/daily_pipeline.py", line 44, in extract
    raise FileNotFoundError(f"SQLite DB not found at: {DB_PATH_parent}")
FileNotFoundError: SQLite DB not found at: /mnt/c/Users/Raj/OneDrive - Åbo Akademi O365/banking/airflow/data/banking.db
[2025-11-21T14:23:39.406+0500] {logging_mixin.py:190} INFO - Task instance in failure state
[2025-11-21T14:23:39.409+0500] {logging_mixin.py:190} INFO - Task start:2025-11-21 09:23:38.822244+00:00 end:2025-11-21 09:23:39.406410+00:00 duration:0.584166
[2025-11-21T14:23:39.412+0500] {logging_mixin.py:190} INFO - Task:<Task(_PythonDecoratedOperator): extract> dag:<DAG: daily_pipeline> dagrun:<DagRun daily_pipeline @ 2025-11-20 00:00:00+00:00: scheduled__2025-11-20T00:00:00+00:00, state:running, queued_at: 2025-11-21 09:17:16.411639+00:00. externally triggered: False>
[2025-11-21T14:23:39.415+0500] {logging_mixin.py:190} INFO - Failure caused by SQLite DB not found at: /mnt/c/Users/Raj/OneDrive - Åbo Akademi O365/banking/airflow/data/banking.db
[2025-11-21T14:23:39.417+0500] {taskinstance.py:1225} INFO - Marking task as FAILED. dag_id=daily_pipeline, task_id=extract, run_id=scheduled__2025-11-20T00:00:00+00:00, execution_date=20251120T000000, start_date=20251121T092338, end_date=20251121T092339
[2025-11-21T14:23:39.458+0500] {taskinstance.py:340} INFO - ::group::Post task execution logs
[2025-11-21T14:23:39.461+0500] {standard_task_runner.py:124} ERROR - Failed to execute job 15 for task extract (SQLite DB not found at: /mnt/c/Users/Raj/OneDrive - Åbo Akademi O365/banking/airflow/data/banking.db; 30509)
Traceback (most recent call last):
  File "/mnt/c/Users/Raj/OneDrive - Åbo Akademi O365/banking/airflow/.venv/lib/python3.12/site-packages/airflow/task/task_runner/standard_task_runner.py", line 117, in _start_by_fork
    ret = args.func(args, dag=self.dag)
          ^^^^^^^^^^^^^^^^^^^^^^^^^^^^^
  File "/mnt/c/Users/Raj/OneDrive - Åbo Akademi O365/banking/airflow/.venv/lib/python3.12/site-packages/airflow/cli/cli_config.py", line 49, in command
    return func(*args, **kwargs)
           ^^^^^^^^^^^^^^^^^^^^^
  File "/mnt/c/Users/Raj/OneDrive - Åbo Akademi O365/banking/airflow/.venv/lib/python3.12/site-packages/airflow/utils/cli.py", line 115, in wrapper
    return f(*args, **kwargs)
           ^^^^^^^^^^^^^^^^^^
  File "/mnt/c/Users/Raj/OneDrive - Åbo Akademi O365/banking/airflow/.venv/lib/python3.12/site-packages/airflow/cli/commands/task_command.py", line 483, in task_run
    task_return_code = _run_task_by_selected_method(args, _dag, ti)
                       ^^^^^^^^^^^^^^^^^^^^^^^^^^^^^^^^^^^^^^^^^^^^
  File "/mnt/c/Users/Raj/OneDrive - Åbo Akademi O365/banking/airflow/.venv/lib/python3.12/site-packages/airflow/cli/commands/task_command.py", line 256, in _run_task_by_selected_method
    return _run_raw_task(args, ti)
           ^^^^^^^^^^^^^^^^^^^^^^^
  File "/mnt/c/Users/Raj/OneDrive - Åbo Akademi O365/banking/airflow/.venv/lib/python3.12/site-packages/airflow/cli/commands/task_command.py", line 341, in _run_raw_task
    return ti._run_raw_task(
           ^^^^^^^^^^^^^^^^^
  File "/mnt/c/Users/Raj/OneDrive - Åbo Akademi O365/banking/airflow/.venv/lib/python3.12/site-packages/airflow/utils/session.py", line 97, in wrapper
    return func(*args, session=session, **kwargs)
           ^^^^^^^^^^^^^^^^^^^^^^^^^^^^^^^^^^^^^^
  File "/mnt/c/Users/Raj/OneDrive - Åbo Akademi O365/banking/airflow/.venv/lib/python3.12/site-packages/airflow/models/taskinstance.py", line 3004, in _run_raw_task
    return _run_raw_task(
           ^^^^^^^^^^^^^^
  File "/mnt/c/Users/Raj/OneDrive - Åbo Akademi O365/banking/airflow/.venv/lib/python3.12/site-packages/airflow/models/taskinstance.py", line 273, in _run_raw_task
    TaskInstance._execute_task_with_callbacks(
  File "/mnt/c/Users/Raj/OneDrive - Åbo Akademi O365/banking/airflow/.venv/lib/python3.12/site-packages/airflow/models/taskinstance.py", line 3158, in _execute_task_with_callbacks
    result = self._execute_task(context, task_orig)
             ^^^^^^^^^^^^^^^^^^^^^^^^^^^^^^^^^^^^^^
  File "/mnt/c/Users/Raj/OneDrive - Åbo Akademi O365/banking/airflow/.venv/lib/python3.12/site-packages/airflow/models/taskinstance.py", line 3182, in _execute_task
    return _execute_task(self, context, task_orig)
           ^^^^^^^^^^^^^^^^^^^^^^^^^^^^^^^^^^^^^^^
  File "/mnt/c/Users/Raj/OneDrive - Åbo Akademi O365/banking/airflow/.venv/lib/python3.12/site-packages/airflow/models/taskinstance.py", line 767, in _execute_task
    result = _execute_callable(context=context, **execute_callable_kwargs)
             ^^^^^^^^^^^^^^^^^^^^^^^^^^^^^^^^^^^^^^^^^^^^^^^^^^^^^^^^^^^^^
  File "/mnt/c/Users/Raj/OneDrive - Åbo Akademi O365/banking/airflow/.venv/lib/python3.12/site-packages/airflow/models/taskinstance.py", line 733, in _execute_callable
    return ExecutionCallableRunner(
           ^^^^^^^^^^^^^^^^^^^^^^^^
  File "/mnt/c/Users/Raj/OneDrive - Åbo Akademi O365/banking/airflow/.venv/lib/python3.12/site-packages/airflow/utils/operator_helpers.py", line 252, in run
    return self.func(*args, **kwargs)
           ^^^^^^^^^^^^^^^^^^^^^^^^^^
  File "/mnt/c/Users/Raj/OneDrive - Åbo Akademi O365/banking/airflow/.venv/lib/python3.12/site-packages/airflow/models/baseoperator.py", line 406, in wrapper
    return func(self, *args, **kwargs)
           ^^^^^^^^^^^^^^^^^^^^^^^^^^^
  File "/mnt/c/Users/Raj/OneDrive - Åbo Akademi O365/banking/airflow/.venv/lib/python3.12/site-packages/airflow/decorators/base.py", line 266, in execute
    return_value = super().execute(context)
                   ^^^^^^^^^^^^^^^^^^^^^^^^
  File "/mnt/c/Users/Raj/OneDrive - Åbo Akademi O365/banking/airflow/.venv/lib/python3.12/site-packages/airflow/models/baseoperator.py", line 406, in wrapper
    return func(self, *args, **kwargs)
           ^^^^^^^^^^^^^^^^^^^^^^^^^^^
  File "/mnt/c/Users/Raj/OneDrive - Åbo Akademi O365/banking/airflow/.venv/lib/python3.12/site-packages/airflow/operators/python.py", line 238, in execute
    return_value = self.execute_callable()
                   ^^^^^^^^^^^^^^^^^^^^^^^
  File "/mnt/c/Users/Raj/OneDrive - Åbo Akademi O365/banking/airflow/.venv/lib/python3.12/site-packages/airflow/operators/python.py", line 256, in execute_callable
    return runner.run(*self.op_args, **self.op_kwargs)
           ^^^^^^^^^^^^^^^^^^^^^^^^^^^^^^^^^^^^^^^^^^^
  File "/mnt/c/Users/Raj/OneDrive - Åbo Akademi O365/banking/airflow/.venv/lib/python3.12/site-packages/airflow/utils/operator_helpers.py", line 252, in run
    return self.func(*args, **kwargs)
           ^^^^^^^^^^^^^^^^^^^^^^^^^^
  File "/mnt/c/Users/Raj/OneDrive - Åbo Akademi O365/banking/airflow/dags/daily_pipeline.py", line 44, in extract
    raise FileNotFoundError(f"SQLite DB not found at: {DB_PATH_parent}")
FileNotFoundError: SQLite DB not found at: /mnt/c/Users/Raj/OneDrive - Åbo Akademi O365/banking/airflow/data/banking.db
[2025-11-21T14:23:39.568+0500] {local_task_job_runner.py:266} INFO - Task exited with return code 1
[2025-11-21T14:23:39.619+0500] {taskinstance.py:3900} INFO - 0 downstream tasks scheduled from follow-on schedule check
[2025-11-21T14:23:39.649+0500] {local_task_job_runner.py:245} INFO - ::endgroup::
