[2025-11-21T15:33:34.824+0500] {local_task_job_runner.py:123} INFO - ::group::Pre task execution logs
[2025-11-21T15:33:34.872+0500] {taskinstance.py:2612} INFO - Dependencies all met for dep_context=non-requeueable deps ti=<TaskInstance: first_example_dag.extract manual__2025-11-21T10:32:53.424622+00:00 [queued]>
[2025-11-21T15:33:34.958+0500] {taskinstance.py:2612} INFO - Dependencies all met for dep_context=requeueable deps ti=<TaskInstance: first_example_dag.extract manual__2025-11-21T10:32:53.424622+00:00 [queued]>
[2025-11-21T15:33:34.963+0500] {taskinstance.py:2865} INFO - Starting attempt 1 of 2
[2025-11-21T15:33:35.154+0500] {taskinstance.py:2888} INFO - Executing <Task(PythonOperator): extract> on 2025-11-21 10:32:53.424622+00:00
[2025-11-21T15:33:35.164+0500] {standard_task_runner.py:72} INFO - Started process 43159 to run task
[2025-11-21T15:33:35.172+0500] {standard_task_runner.py:104} INFO - Running: ['airflow', 'tasks', 'run', 'first_example_dag', 'extract', 'manual__2025-11-21T10:32:53.424622+00:00', '--job-id', '25', '--raw', '--subdir', 'DAGS_FOLDER/first_example_dag.py', '--cfg-path', '/tmp/tmp4534r8sb']
[2025-11-21T15:33:35.175+0500] {standard_task_runner.py:105} INFO - Job 25: Subtask extract
[2025-11-21T15:33:35.393+0500] {task_command.py:467} INFO - Running <TaskInstance: first_example_dag.extract manual__2025-11-21T10:32:53.424622+00:00 [running]> on host DESKTOP-ER17M9N.localdomain
[2025-11-21T15:33:35.581+0500] {taskinstance.py:3131} INFO - Exporting env vars: AIRFLOW_CTX_DAG_OWNER='bhawish' AIRFLOW_CTX_DAG_ID='first_example_dag' AIRFLOW_CTX_TASK_ID='extract' AIRFLOW_CTX_EXECUTION_DATE='2025-11-21T10:32:53.424622+00:00' AIRFLOW_CTX_TRY_NUMBER='1' AIRFLOW_CTX_DAG_RUN_ID='manual__2025-11-21T10:32:53.424622+00:00'
[2025-11-21T15:33:35.586+0500] {logging_mixin.py:190} INFO - Task instance is in running state
[2025-11-21T15:33:35.591+0500] {logging_mixin.py:190} INFO -  Previous state of the Task instance: queued
[2025-11-21T15:33:35.594+0500] {logging_mixin.py:190} INFO - Current task name:extract state:running start_date:2025-11-21 10:33:34.879737+00:00
[2025-11-21T15:33:35.596+0500] {logging_mixin.py:190} INFO - Dag name:first_example_dag and current dag run status:running
[2025-11-21T15:33:35.599+0500] {taskinstance.py:731} INFO - ::endgroup::
[2025-11-21T15:33:35.602+0500] {logging_mixin.py:190} INFO - EXTRACT -> [{'id': 1, 'amount': 100}, {'id': 2, 'amount': 50}]
[2025-11-21T15:33:35.720+0500] {python.py:240} INFO - Done. Returned value was: None
[2025-11-21T15:33:35.750+0500] {taskinstance.py:340} INFO - ::group::Post task execution logs
[2025-11-21T15:33:35.756+0500] {taskinstance.py:352} INFO - Marking task as SUCCESS. dag_id=first_example_dag, task_id=extract, run_id=manual__2025-11-21T10:32:53.424622+00:00, execution_date=20251121T103253, start_date=20251121T103334, end_date=20251121T103335
[2025-11-21T15:33:35.803+0500] {logging_mixin.py:190} INFO - Task instance in success state
[2025-11-21T15:33:35.806+0500] {logging_mixin.py:190} INFO -  Previous state of the Task instance: running
[2025-11-21T15:33:35.809+0500] {logging_mixin.py:190} INFO - Dag name:first_example_dag queued_at:2025-11-21 10:32:53.498302+00:00
[2025-11-21T15:33:35.812+0500] {logging_mixin.py:190} INFO - Task hostname:DESKTOP-ER17M9N.localdomain operator:PythonOperator
[2025-11-21T15:33:35.834+0500] {local_task_job_runner.py:266} INFO - Task exited with return code 0
[2025-11-21T15:33:35.891+0500] {taskinstance.py:3900} INFO - 1 downstream tasks scheduled from follow-on schedule check
[2025-11-21T15:33:35.907+0500] {local_task_job_runner.py:245} INFO - ::endgroup::
