[2025-11-22T20:15:31.936+0500] {processor.py:186} INFO - Started process (PID=65734) to work on /mnt/c/Users/Raj/OneDrive - Åbo Akademi O365/banking/airflow/.venv/lib/python3.12/site-packages/airflow/example_dags/example_short_circuit_decorator.py
[2025-11-22T20:15:31.938+0500] {processor.py:914} INFO - Processing file /mnt/c/Users/Raj/OneDrive - Åbo Akademi O365/banking/airflow/.venv/lib/python3.12/site-packages/airflow/example_dags/example_short_circuit_decorator.py for tasks to queue
[2025-11-22T20:15:31.942+0500] {logging_mixin.py:190} INFO - [2025-11-22T20:15:31.941+0500] {dagbag.py:588} INFO - Filling up the DagBag from /mnt/c/Users/Raj/OneDrive - Åbo Akademi O365/banking/airflow/.venv/lib/python3.12/site-packages/airflow/example_dags/example_short_circuit_decorator.py
[2025-11-22T20:15:31.972+0500] {processor.py:925} INFO - DAG(s) 'example_short_circuit_decorator' retrieved from /mnt/c/Users/Raj/OneDrive - Åbo Akademi O365/banking/airflow/.venv/lib/python3.12/site-packages/airflow/example_dags/example_short_circuit_decorator.py
[2025-11-22T20:15:32.014+0500] {logging_mixin.py:190} INFO - [2025-11-22T20:15:32.013+0500] {dag.py:3239} INFO - Sync 1 DAGs
[2025-11-22T20:15:32.031+0500] {logging_mixin.py:190} INFO - [2025-11-22T20:15:32.030+0500] {dag.py:4180} INFO - Setting next_dagrun for example_short_circuit_decorator to None, run_after=None
[2025-11-22T20:15:32.099+0500] {processor.py:208} INFO - Processing /mnt/c/Users/Raj/OneDrive - Åbo Akademi O365/banking/airflow/.venv/lib/python3.12/site-packages/airflow/example_dags/example_short_circuit_decorator.py took 0.179 seconds
[2025-11-22T20:17:22.510+0500] {processor.py:186} INFO - Started process (PID=65832) to work on /mnt/c/Users/Raj/OneDrive - Åbo Akademi O365/banking/airflow/.venv/lib/python3.12/site-packages/airflow/example_dags/example_short_circuit_decorator.py
[2025-11-22T20:17:22.513+0500] {processor.py:914} INFO - Processing file /mnt/c/Users/Raj/OneDrive - Åbo Akademi O365/banking/airflow/.venv/lib/python3.12/site-packages/airflow/example_dags/example_short_circuit_decorator.py for tasks to queue
[2025-11-22T20:17:22.518+0500] {logging_mixin.py:190} INFO - [2025-11-22T20:17:22.516+0500] {dagbag.py:588} INFO - Filling up the DagBag from /mnt/c/Users/Raj/OneDrive - Åbo Akademi O365/banking/airflow/.venv/lib/python3.12/site-packages/airflow/example_dags/example_short_circuit_decorator.py
[2025-11-22T20:17:22.553+0500] {processor.py:925} INFO - DAG(s) 'example_short_circuit_decorator' retrieved from /mnt/c/Users/Raj/OneDrive - Åbo Akademi O365/banking/airflow/.venv/lib/python3.12/site-packages/airflow/example_dags/example_short_circuit_decorator.py
[2025-11-22T20:17:22.595+0500] {logging_mixin.py:190} INFO - [2025-11-22T20:17:22.594+0500] {dag.py:3239} INFO - Sync 1 DAGs
[2025-11-22T20:17:22.616+0500] {logging_mixin.py:190} INFO - [2025-11-22T20:17:22.615+0500] {dag.py:4180} INFO - Setting next_dagrun for example_short_circuit_decorator to None, run_after=None
[2025-11-22T20:17:22.691+0500] {processor.py:208} INFO - Processing /mnt/c/Users/Raj/OneDrive - Åbo Akademi O365/banking/airflow/.venv/lib/python3.12/site-packages/airflow/example_dags/example_short_circuit_decorator.py took 0.196 seconds
[2025-11-22T20:20:36.361+0500] {processor.py:186} INFO - Started process (PID=65919) to work on /mnt/c/Users/Raj/OneDrive - Åbo Akademi O365/banking/airflow/.venv/lib/python3.12/site-packages/airflow/example_dags/example_short_circuit_decorator.py
[2025-11-22T20:20:36.364+0500] {processor.py:914} INFO - Processing file /mnt/c/Users/Raj/OneDrive - Åbo Akademi O365/banking/airflow/.venv/lib/python3.12/site-packages/airflow/example_dags/example_short_circuit_decorator.py for tasks to queue
[2025-11-22T20:20:36.371+0500] {logging_mixin.py:190} INFO - [2025-11-22T20:20:36.368+0500] {dagbag.py:588} INFO - Filling up the DagBag from /mnt/c/Users/Raj/OneDrive - Åbo Akademi O365/banking/airflow/.venv/lib/python3.12/site-packages/airflow/example_dags/example_short_circuit_decorator.py
[2025-11-22T20:20:36.456+0500] {processor.py:925} INFO - DAG(s) 'example_short_circuit_decorator' retrieved from /mnt/c/Users/Raj/OneDrive - Åbo Akademi O365/banking/airflow/.venv/lib/python3.12/site-packages/airflow/example_dags/example_short_circuit_decorator.py
[2025-11-22T20:20:36.525+0500] {logging_mixin.py:190} INFO - [2025-11-22T20:20:36.524+0500] {dag.py:3239} INFO - Sync 1 DAGs
[2025-11-22T20:20:36.543+0500] {logging_mixin.py:190} INFO - [2025-11-22T20:20:36.542+0500] {dag.py:4180} INFO - Setting next_dagrun for example_short_circuit_decorator to None, run_after=None
[2025-11-22T20:20:36.607+0500] {processor.py:208} INFO - Processing /mnt/c/Users/Raj/OneDrive - Åbo Akademi O365/banking/airflow/.venv/lib/python3.12/site-packages/airflow/example_dags/example_short_circuit_decorator.py took 0.263 seconds
[2025-11-22T20:22:18.313+0500] {processor.py:186} INFO - Started process (PID=66011) to work on /mnt/c/Users/Raj/OneDrive - Åbo Akademi O365/banking/airflow/.venv/lib/python3.12/site-packages/airflow/example_dags/example_short_circuit_decorator.py
[2025-11-22T20:22:18.318+0500] {processor.py:914} INFO - Processing file /mnt/c/Users/Raj/OneDrive - Åbo Akademi O365/banking/airflow/.venv/lib/python3.12/site-packages/airflow/example_dags/example_short_circuit_decorator.py for tasks to queue
[2025-11-22T20:22:18.327+0500] {logging_mixin.py:190} INFO - [2025-11-22T20:22:18.325+0500] {dagbag.py:588} INFO - Filling up the DagBag from /mnt/c/Users/Raj/OneDrive - Åbo Akademi O365/banking/airflow/.venv/lib/python3.12/site-packages/airflow/example_dags/example_short_circuit_decorator.py
[2025-11-22T20:22:18.478+0500] {processor.py:925} INFO - DAG(s) 'example_short_circuit_decorator' retrieved from /mnt/c/Users/Raj/OneDrive - Åbo Akademi O365/banking/airflow/.venv/lib/python3.12/site-packages/airflow/example_dags/example_short_circuit_decorator.py
[2025-11-22T20:22:18.536+0500] {logging_mixin.py:190} INFO - [2025-11-22T20:22:18.535+0500] {dag.py:3239} INFO - Sync 1 DAGs
[2025-11-22T20:22:18.559+0500] {logging_mixin.py:190} INFO - [2025-11-22T20:22:18.558+0500] {dag.py:4180} INFO - Setting next_dagrun for example_short_circuit_decorator to None, run_after=None
[2025-11-22T20:22:18.642+0500] {processor.py:208} INFO - Processing /mnt/c/Users/Raj/OneDrive - Åbo Akademi O365/banking/airflow/.venv/lib/python3.12/site-packages/airflow/example_dags/example_short_circuit_decorator.py took 0.356 seconds
[2025-11-22T20:23:27.883+0500] {processor.py:186} INFO - Started process (PID=66058) to work on /mnt/c/Users/Raj/OneDrive - Åbo Akademi O365/banking/airflow/.venv/lib/python3.12/site-packages/airflow/example_dags/example_short_circuit_decorator.py
[2025-11-22T20:23:27.888+0500] {processor.py:914} INFO - Processing file /mnt/c/Users/Raj/OneDrive - Åbo Akademi O365/banking/airflow/.venv/lib/python3.12/site-packages/airflow/example_dags/example_short_circuit_decorator.py for tasks to queue
[2025-11-22T20:23:27.896+0500] {logging_mixin.py:190} INFO - [2025-11-22T20:23:27.895+0500] {dagbag.py:588} INFO - Filling up the DagBag from /mnt/c/Users/Raj/OneDrive - Åbo Akademi O365/banking/airflow/.venv/lib/python3.12/site-packages/airflow/example_dags/example_short_circuit_decorator.py
[2025-11-22T20:23:27.997+0500] {processor.py:925} INFO - DAG(s) 'example_short_circuit_decorator' retrieved from /mnt/c/Users/Raj/OneDrive - Åbo Akademi O365/banking/airflow/.venv/lib/python3.12/site-packages/airflow/example_dags/example_short_circuit_decorator.py
[2025-11-22T20:23:28.045+0500] {logging_mixin.py:190} INFO - [2025-11-22T20:23:28.043+0500] {dag.py:3239} INFO - Sync 1 DAGs
[2025-11-22T20:23:28.073+0500] {logging_mixin.py:190} INFO - [2025-11-22T20:23:28.068+0500] {dag.py:4180} INFO - Setting next_dagrun for example_short_circuit_decorator to None, run_after=None
[2025-11-22T20:23:28.185+0500] {processor.py:208} INFO - Processing /mnt/c/Users/Raj/OneDrive - Åbo Akademi O365/banking/airflow/.venv/lib/python3.12/site-packages/airflow/example_dags/example_short_circuit_decorator.py took 0.329 seconds
[2025-11-22T20:27:48.512+0500] {processor.py:186} INFO - Started process (PID=66245) to work on /mnt/c/Users/Raj/OneDrive - Åbo Akademi O365/banking/airflow/.venv/lib/python3.12/site-packages/airflow/example_dags/example_short_circuit_decorator.py
[2025-11-22T20:27:48.515+0500] {processor.py:914} INFO - Processing file /mnt/c/Users/Raj/OneDrive - Åbo Akademi O365/banking/airflow/.venv/lib/python3.12/site-packages/airflow/example_dags/example_short_circuit_decorator.py for tasks to queue
[2025-11-22T20:27:48.519+0500] {logging_mixin.py:190} INFO - [2025-11-22T20:27:48.518+0500] {dagbag.py:588} INFO - Filling up the DagBag from /mnt/c/Users/Raj/OneDrive - Åbo Akademi O365/banking/airflow/.venv/lib/python3.12/site-packages/airflow/example_dags/example_short_circuit_decorator.py
[2025-11-22T20:27:48.557+0500] {processor.py:925} INFO - DAG(s) 'example_short_circuit_decorator' retrieved from /mnt/c/Users/Raj/OneDrive - Åbo Akademi O365/banking/airflow/.venv/lib/python3.12/site-packages/airflow/example_dags/example_short_circuit_decorator.py
[2025-11-22T20:27:48.612+0500] {logging_mixin.py:190} INFO - [2025-11-22T20:27:48.611+0500] {dag.py:3239} INFO - Sync 1 DAGs
[2025-11-22T20:27:48.637+0500] {logging_mixin.py:190} INFO - [2025-11-22T20:27:48.635+0500] {dag.py:4180} INFO - Setting next_dagrun for example_short_circuit_decorator to None, run_after=None
[2025-11-22T20:27:48.729+0500] {processor.py:208} INFO - Processing /mnt/c/Users/Raj/OneDrive - Åbo Akademi O365/banking/airflow/.venv/lib/python3.12/site-packages/airflow/example_dags/example_short_circuit_decorator.py took 0.236 seconds
[2025-11-22T20:29:13.857+0500] {processor.py:186} INFO - Started process (PID=66332) to work on /mnt/c/Users/Raj/OneDrive - Åbo Akademi O365/banking/airflow/.venv/lib/python3.12/site-packages/airflow/example_dags/example_short_circuit_decorator.py
[2025-11-22T20:29:13.859+0500] {processor.py:914} INFO - Processing file /mnt/c/Users/Raj/OneDrive - Åbo Akademi O365/banking/airflow/.venv/lib/python3.12/site-packages/airflow/example_dags/example_short_circuit_decorator.py for tasks to queue
[2025-11-22T20:29:13.864+0500] {logging_mixin.py:190} INFO - [2025-11-22T20:29:13.862+0500] {dagbag.py:588} INFO - Filling up the DagBag from /mnt/c/Users/Raj/OneDrive - Åbo Akademi O365/banking/airflow/.venv/lib/python3.12/site-packages/airflow/example_dags/example_short_circuit_decorator.py
[2025-11-22T20:29:13.905+0500] {processor.py:925} INFO - DAG(s) 'example_short_circuit_decorator' retrieved from /mnt/c/Users/Raj/OneDrive - Åbo Akademi O365/banking/airflow/.venv/lib/python3.12/site-packages/airflow/example_dags/example_short_circuit_decorator.py
[2025-11-22T20:29:13.945+0500] {logging_mixin.py:190} INFO - [2025-11-22T20:29:13.944+0500] {dag.py:3239} INFO - Sync 1 DAGs
[2025-11-22T20:29:13.967+0500] {logging_mixin.py:190} INFO - [2025-11-22T20:29:13.965+0500] {dag.py:4180} INFO - Setting next_dagrun for example_short_circuit_decorator to None, run_after=None
[2025-11-22T20:29:14.046+0500] {processor.py:208} INFO - Processing /mnt/c/Users/Raj/OneDrive - Åbo Akademi O365/banking/airflow/.venv/lib/python3.12/site-packages/airflow/example_dags/example_short_circuit_decorator.py took 0.207 seconds
[2025-11-22T20:32:00.363+0500] {processor.py:186} INFO - Started process (PID=66462) to work on /mnt/c/Users/Raj/OneDrive - Åbo Akademi O365/banking/airflow/.venv/lib/python3.12/site-packages/airflow/example_dags/example_short_circuit_decorator.py
[2025-11-22T20:32:00.367+0500] {processor.py:914} INFO - Processing file /mnt/c/Users/Raj/OneDrive - Åbo Akademi O365/banking/airflow/.venv/lib/python3.12/site-packages/airflow/example_dags/example_short_circuit_decorator.py for tasks to queue
[2025-11-22T20:32:00.371+0500] {logging_mixin.py:190} INFO - [2025-11-22T20:32:00.369+0500] {dagbag.py:588} INFO - Filling up the DagBag from /mnt/c/Users/Raj/OneDrive - Åbo Akademi O365/banking/airflow/.venv/lib/python3.12/site-packages/airflow/example_dags/example_short_circuit_decorator.py
[2025-11-22T20:32:00.407+0500] {processor.py:925} INFO - DAG(s) 'example_short_circuit_decorator' retrieved from /mnt/c/Users/Raj/OneDrive - Åbo Akademi O365/banking/airflow/.venv/lib/python3.12/site-packages/airflow/example_dags/example_short_circuit_decorator.py
[2025-11-22T20:32:00.457+0500] {logging_mixin.py:190} INFO - [2025-11-22T20:32:00.455+0500] {dag.py:3239} INFO - Sync 1 DAGs
[2025-11-22T20:32:00.487+0500] {logging_mixin.py:190} INFO - [2025-11-22T20:32:00.486+0500] {dag.py:4180} INFO - Setting next_dagrun for example_short_circuit_decorator to None, run_after=None
[2025-11-22T20:32:00.574+0500] {processor.py:208} INFO - Processing /mnt/c/Users/Raj/OneDrive - Åbo Akademi O365/banking/airflow/.venv/lib/python3.12/site-packages/airflow/example_dags/example_short_circuit_decorator.py took 0.228 seconds
[2025-11-22T20:33:30.460+0500] {processor.py:186} INFO - Started process (PID=66537) to work on /mnt/c/Users/Raj/OneDrive - Åbo Akademi O365/banking/airflow/.venv/lib/python3.12/site-packages/airflow/example_dags/example_short_circuit_decorator.py
[2025-11-22T20:33:30.463+0500] {processor.py:914} INFO - Processing file /mnt/c/Users/Raj/OneDrive - Åbo Akademi O365/banking/airflow/.venv/lib/python3.12/site-packages/airflow/example_dags/example_short_circuit_decorator.py for tasks to queue
[2025-11-22T20:33:30.467+0500] {logging_mixin.py:190} INFO - [2025-11-22T20:33:30.465+0500] {dagbag.py:588} INFO - Filling up the DagBag from /mnt/c/Users/Raj/OneDrive - Åbo Akademi O365/banking/airflow/.venv/lib/python3.12/site-packages/airflow/example_dags/example_short_circuit_decorator.py
[2025-11-22T20:33:30.502+0500] {processor.py:925} INFO - DAG(s) 'example_short_circuit_decorator' retrieved from /mnt/c/Users/Raj/OneDrive - Åbo Akademi O365/banking/airflow/.venv/lib/python3.12/site-packages/airflow/example_dags/example_short_circuit_decorator.py
[2025-11-22T20:33:30.548+0500] {logging_mixin.py:190} INFO - [2025-11-22T20:33:30.547+0500] {dag.py:3239} INFO - Sync 1 DAGs
[2025-11-22T20:33:30.571+0500] {logging_mixin.py:190} INFO - [2025-11-22T20:33:30.570+0500] {dag.py:4180} INFO - Setting next_dagrun for example_short_circuit_decorator to None, run_after=None
[2025-11-22T20:33:30.644+0500] {processor.py:208} INFO - Processing /mnt/c/Users/Raj/OneDrive - Åbo Akademi O365/banking/airflow/.venv/lib/python3.12/site-packages/airflow/example_dags/example_short_circuit_decorator.py took 0.200 seconds
[2025-11-22T20:34:48.589+0500] {processor.py:186} INFO - Started process (PID=66599) to work on /mnt/c/Users/Raj/OneDrive - Åbo Akademi O365/banking/airflow/.venv/lib/python3.12/site-packages/airflow/example_dags/example_short_circuit_decorator.py
[2025-11-22T20:34:48.592+0500] {processor.py:914} INFO - Processing file /mnt/c/Users/Raj/OneDrive - Åbo Akademi O365/banking/airflow/.venv/lib/python3.12/site-packages/airflow/example_dags/example_short_circuit_decorator.py for tasks to queue
[2025-11-22T20:34:48.599+0500] {logging_mixin.py:190} INFO - [2025-11-22T20:34:48.596+0500] {dagbag.py:588} INFO - Filling up the DagBag from /mnt/c/Users/Raj/OneDrive - Åbo Akademi O365/banking/airflow/.venv/lib/python3.12/site-packages/airflow/example_dags/example_short_circuit_decorator.py
[2025-11-22T20:34:48.637+0500] {processor.py:925} INFO - DAG(s) 'example_short_circuit_decorator' retrieved from /mnt/c/Users/Raj/OneDrive - Åbo Akademi O365/banking/airflow/.venv/lib/python3.12/site-packages/airflow/example_dags/example_short_circuit_decorator.py
[2025-11-22T20:34:48.684+0500] {logging_mixin.py:190} INFO - [2025-11-22T20:34:48.683+0500] {dag.py:3239} INFO - Sync 1 DAGs
[2025-11-22T20:34:48.704+0500] {logging_mixin.py:190} INFO - [2025-11-22T20:34:48.703+0500] {dag.py:4180} INFO - Setting next_dagrun for example_short_circuit_decorator to None, run_after=None
[2025-11-22T20:34:48.800+0500] {processor.py:208} INFO - Processing /mnt/c/Users/Raj/OneDrive - Åbo Akademi O365/banking/airflow/.venv/lib/python3.12/site-packages/airflow/example_dags/example_short_circuit_decorator.py took 0.233 seconds
[2025-11-22T20:36:43.865+0500] {processor.py:186} INFO - Started process (PID=66686) to work on /mnt/c/Users/Raj/OneDrive - Åbo Akademi O365/banking/airflow/.venv/lib/python3.12/site-packages/airflow/example_dags/example_short_circuit_decorator.py
[2025-11-22T20:36:43.867+0500] {processor.py:914} INFO - Processing file /mnt/c/Users/Raj/OneDrive - Åbo Akademi O365/banking/airflow/.venv/lib/python3.12/site-packages/airflow/example_dags/example_short_circuit_decorator.py for tasks to queue
[2025-11-22T20:36:43.869+0500] {logging_mixin.py:190} INFO - [2025-11-22T20:36:43.868+0500] {dagbag.py:588} INFO - Filling up the DagBag from /mnt/c/Users/Raj/OneDrive - Åbo Akademi O365/banking/airflow/.venv/lib/python3.12/site-packages/airflow/example_dags/example_short_circuit_decorator.py
[2025-11-22T20:36:43.909+0500] {processor.py:925} INFO - DAG(s) 'example_short_circuit_decorator' retrieved from /mnt/c/Users/Raj/OneDrive - Åbo Akademi O365/banking/airflow/.venv/lib/python3.12/site-packages/airflow/example_dags/example_short_circuit_decorator.py
[2025-11-22T20:36:43.965+0500] {logging_mixin.py:190} INFO - [2025-11-22T20:36:43.964+0500] {dag.py:3239} INFO - Sync 1 DAGs
[2025-11-22T20:36:43.995+0500] {logging_mixin.py:190} INFO - [2025-11-22T20:36:43.993+0500] {dag.py:4180} INFO - Setting next_dagrun for example_short_circuit_decorator to None, run_after=None
[2025-11-22T20:36:44.072+0500] {processor.py:208} INFO - Processing /mnt/c/Users/Raj/OneDrive - Åbo Akademi O365/banking/airflow/.venv/lib/python3.12/site-packages/airflow/example_dags/example_short_circuit_decorator.py took 0.222 seconds
[2025-11-22T20:38:16.241+0500] {processor.py:186} INFO - Started process (PID=66759) to work on /mnt/c/Users/Raj/OneDrive - Åbo Akademi O365/banking/airflow/.venv/lib/python3.12/site-packages/airflow/example_dags/example_short_circuit_decorator.py
[2025-11-22T20:38:16.244+0500] {processor.py:914} INFO - Processing file /mnt/c/Users/Raj/OneDrive - Åbo Akademi O365/banking/airflow/.venv/lib/python3.12/site-packages/airflow/example_dags/example_short_circuit_decorator.py for tasks to queue
[2025-11-22T20:38:16.249+0500] {logging_mixin.py:190} INFO - [2025-11-22T20:38:16.246+0500] {dagbag.py:588} INFO - Filling up the DagBag from /mnt/c/Users/Raj/OneDrive - Åbo Akademi O365/banking/airflow/.venv/lib/python3.12/site-packages/airflow/example_dags/example_short_circuit_decorator.py
[2025-11-22T20:38:16.286+0500] {processor.py:925} INFO - DAG(s) 'example_short_circuit_decorator' retrieved from /mnt/c/Users/Raj/OneDrive - Åbo Akademi O365/banking/airflow/.venv/lib/python3.12/site-packages/airflow/example_dags/example_short_circuit_decorator.py
[2025-11-22T20:38:16.335+0500] {logging_mixin.py:190} INFO - [2025-11-22T20:38:16.333+0500] {dag.py:3239} INFO - Sync 1 DAGs
[2025-11-22T20:38:16.355+0500] {logging_mixin.py:190} INFO - [2025-11-22T20:38:16.354+0500] {dag.py:4180} INFO - Setting next_dagrun for example_short_circuit_decorator to None, run_after=None
[2025-11-22T20:38:16.442+0500] {processor.py:208} INFO - Processing /mnt/c/Users/Raj/OneDrive - Åbo Akademi O365/banking/airflow/.venv/lib/python3.12/site-packages/airflow/example_dags/example_short_circuit_decorator.py took 0.220 seconds
[2025-11-22T20:39:20.965+0500] {processor.py:186} INFO - Started process (PID=66832) to work on /mnt/c/Users/Raj/OneDrive - Åbo Akademi O365/banking/airflow/.venv/lib/python3.12/site-packages/airflow/example_dags/example_short_circuit_decorator.py
[2025-11-22T20:39:20.967+0500] {processor.py:914} INFO - Processing file /mnt/c/Users/Raj/OneDrive - Åbo Akademi O365/banking/airflow/.venv/lib/python3.12/site-packages/airflow/example_dags/example_short_circuit_decorator.py for tasks to queue
[2025-11-22T20:39:20.971+0500] {logging_mixin.py:190} INFO - [2025-11-22T20:39:20.969+0500] {dagbag.py:588} INFO - Filling up the DagBag from /mnt/c/Users/Raj/OneDrive - Åbo Akademi O365/banking/airflow/.venv/lib/python3.12/site-packages/airflow/example_dags/example_short_circuit_decorator.py
[2025-11-22T20:39:20.994+0500] {processor.py:925} INFO - DAG(s) 'example_short_circuit_decorator' retrieved from /mnt/c/Users/Raj/OneDrive - Åbo Akademi O365/banking/airflow/.venv/lib/python3.12/site-packages/airflow/example_dags/example_short_circuit_decorator.py
[2025-11-22T20:39:21.035+0500] {logging_mixin.py:190} INFO - [2025-11-22T20:39:21.034+0500] {dag.py:3239} INFO - Sync 1 DAGs
[2025-11-22T20:39:21.052+0500] {logging_mixin.py:190} INFO - [2025-11-22T20:39:21.051+0500] {dag.py:4180} INFO - Setting next_dagrun for example_short_circuit_decorator to None, run_after=None
[2025-11-22T20:39:21.115+0500] {processor.py:208} INFO - Processing /mnt/c/Users/Raj/OneDrive - Åbo Akademi O365/banking/airflow/.venv/lib/python3.12/site-packages/airflow/example_dags/example_short_circuit_decorator.py took 0.166 seconds
[2025-11-22T20:41:06.681+0500] {processor.py:186} INFO - Started process (PID=66945) to work on /mnt/c/Users/Raj/OneDrive - Åbo Akademi O365/banking/airflow/.venv/lib/python3.12/site-packages/airflow/example_dags/example_short_circuit_decorator.py
[2025-11-22T20:41:06.685+0500] {processor.py:914} INFO - Processing file /mnt/c/Users/Raj/OneDrive - Åbo Akademi O365/banking/airflow/.venv/lib/python3.12/site-packages/airflow/example_dags/example_short_circuit_decorator.py for tasks to queue
[2025-11-22T20:41:06.691+0500] {logging_mixin.py:190} INFO - [2025-11-22T20:41:06.688+0500] {dagbag.py:588} INFO - Filling up the DagBag from /mnt/c/Users/Raj/OneDrive - Åbo Akademi O365/banking/airflow/.venv/lib/python3.12/site-packages/airflow/example_dags/example_short_circuit_decorator.py
[2025-11-22T20:41:06.771+0500] {processor.py:925} INFO - DAG(s) 'example_short_circuit_decorator' retrieved from /mnt/c/Users/Raj/OneDrive - Åbo Akademi O365/banking/airflow/.venv/lib/python3.12/site-packages/airflow/example_dags/example_short_circuit_decorator.py
[2025-11-22T20:41:06.876+0500] {logging_mixin.py:190} INFO - [2025-11-22T20:41:06.874+0500] {dag.py:3239} INFO - Sync 1 DAGs
[2025-11-22T20:41:06.900+0500] {logging_mixin.py:190} INFO - [2025-11-22T20:41:06.898+0500] {dag.py:4180} INFO - Setting next_dagrun for example_short_circuit_decorator to None, run_after=None
[2025-11-22T20:41:06.969+0500] {processor.py:208} INFO - Processing /mnt/c/Users/Raj/OneDrive - Åbo Akademi O365/banking/airflow/.venv/lib/python3.12/site-packages/airflow/example_dags/example_short_circuit_decorator.py took 0.317 seconds
[2025-11-22T20:43:27.156+0500] {processor.py:186} INFO - Started process (PID=67066) to work on /mnt/c/Users/Raj/OneDrive - Åbo Akademi O365/banking/airflow/.venv/lib/python3.12/site-packages/airflow/example_dags/example_short_circuit_decorator.py
[2025-11-22T20:43:27.158+0500] {processor.py:914} INFO - Processing file /mnt/c/Users/Raj/OneDrive - Åbo Akademi O365/banking/airflow/.venv/lib/python3.12/site-packages/airflow/example_dags/example_short_circuit_decorator.py for tasks to queue
[2025-11-22T20:43:27.162+0500] {logging_mixin.py:190} INFO - [2025-11-22T20:43:27.160+0500] {dagbag.py:588} INFO - Filling up the DagBag from /mnt/c/Users/Raj/OneDrive - Åbo Akademi O365/banking/airflow/.venv/lib/python3.12/site-packages/airflow/example_dags/example_short_circuit_decorator.py
[2025-11-22T20:43:27.194+0500] {processor.py:925} INFO - DAG(s) 'example_short_circuit_decorator' retrieved from /mnt/c/Users/Raj/OneDrive - Åbo Akademi O365/banking/airflow/.venv/lib/python3.12/site-packages/airflow/example_dags/example_short_circuit_decorator.py
[2025-11-22T20:43:27.235+0500] {logging_mixin.py:190} INFO - [2025-11-22T20:43:27.234+0500] {dag.py:3239} INFO - Sync 1 DAGs
[2025-11-22T20:43:27.253+0500] {logging_mixin.py:190} INFO - [2025-11-22T20:43:27.251+0500] {dag.py:4180} INFO - Setting next_dagrun for example_short_circuit_decorator to None, run_after=None
[2025-11-22T20:43:27.328+0500] {processor.py:208} INFO - Processing /mnt/c/Users/Raj/OneDrive - Åbo Akademi O365/banking/airflow/.venv/lib/python3.12/site-packages/airflow/example_dags/example_short_circuit_decorator.py took 0.184 seconds
[2025-11-22T20:45:05.339+0500] {processor.py:186} INFO - Started process (PID=67146) to work on /mnt/c/Users/Raj/OneDrive - Åbo Akademi O365/banking/airflow/.venv/lib/python3.12/site-packages/airflow/example_dags/example_short_circuit_decorator.py
[2025-11-22T20:45:05.341+0500] {processor.py:914} INFO - Processing file /mnt/c/Users/Raj/OneDrive - Åbo Akademi O365/banking/airflow/.venv/lib/python3.12/site-packages/airflow/example_dags/example_short_circuit_decorator.py for tasks to queue
[2025-11-22T20:45:05.346+0500] {logging_mixin.py:190} INFO - [2025-11-22T20:45:05.344+0500] {dagbag.py:588} INFO - Filling up the DagBag from /mnt/c/Users/Raj/OneDrive - Åbo Akademi O365/banking/airflow/.venv/lib/python3.12/site-packages/airflow/example_dags/example_short_circuit_decorator.py
[2025-11-22T20:45:05.374+0500] {processor.py:925} INFO - DAG(s) 'example_short_circuit_decorator' retrieved from /mnt/c/Users/Raj/OneDrive - Åbo Akademi O365/banking/airflow/.venv/lib/python3.12/site-packages/airflow/example_dags/example_short_circuit_decorator.py
[2025-11-22T20:45:05.417+0500] {logging_mixin.py:190} INFO - [2025-11-22T20:45:05.416+0500] {dag.py:3239} INFO - Sync 1 DAGs
[2025-11-22T20:45:05.434+0500] {logging_mixin.py:190} INFO - [2025-11-22T20:45:05.433+0500] {dag.py:4180} INFO - Setting next_dagrun for example_short_circuit_decorator to None, run_after=None
[2025-11-22T20:45:05.502+0500] {processor.py:208} INFO - Processing /mnt/c/Users/Raj/OneDrive - Åbo Akademi O365/banking/airflow/.venv/lib/python3.12/site-packages/airflow/example_dags/example_short_circuit_decorator.py took 0.179 seconds
[2025-11-22T20:46:42.684+0500] {processor.py:186} INFO - Started process (PID=67218) to work on /mnt/c/Users/Raj/OneDrive - Åbo Akademi O365/banking/airflow/.venv/lib/python3.12/site-packages/airflow/example_dags/example_short_circuit_decorator.py
[2025-11-22T20:46:42.687+0500] {processor.py:914} INFO - Processing file /mnt/c/Users/Raj/OneDrive - Åbo Akademi O365/banking/airflow/.venv/lib/python3.12/site-packages/airflow/example_dags/example_short_circuit_decorator.py for tasks to queue
[2025-11-22T20:46:42.691+0500] {logging_mixin.py:190} INFO - [2025-11-22T20:46:42.689+0500] {dagbag.py:588} INFO - Filling up the DagBag from /mnt/c/Users/Raj/OneDrive - Åbo Akademi O365/banking/airflow/.venv/lib/python3.12/site-packages/airflow/example_dags/example_short_circuit_decorator.py
[2025-11-22T20:46:42.724+0500] {processor.py:925} INFO - DAG(s) 'example_short_circuit_decorator' retrieved from /mnt/c/Users/Raj/OneDrive - Åbo Akademi O365/banking/airflow/.venv/lib/python3.12/site-packages/airflow/example_dags/example_short_circuit_decorator.py
[2025-11-22T20:46:42.766+0500] {logging_mixin.py:190} INFO - [2025-11-22T20:46:42.764+0500] {dag.py:3239} INFO - Sync 1 DAGs
[2025-11-22T20:46:42.783+0500] {logging_mixin.py:190} INFO - [2025-11-22T20:46:42.782+0500] {dag.py:4180} INFO - Setting next_dagrun for example_short_circuit_decorator to None, run_after=None
[2025-11-22T20:46:42.856+0500] {processor.py:208} INFO - Processing /mnt/c/Users/Raj/OneDrive - Åbo Akademi O365/banking/airflow/.venv/lib/python3.12/site-packages/airflow/example_dags/example_short_circuit_decorator.py took 0.190 seconds
[2025-11-22T20:48:26.381+0500] {processor.py:186} INFO - Started process (PID=67298) to work on /mnt/c/Users/Raj/OneDrive - Åbo Akademi O365/banking/airflow/.venv/lib/python3.12/site-packages/airflow/example_dags/example_short_circuit_decorator.py
[2025-11-22T20:48:26.383+0500] {processor.py:914} INFO - Processing file /mnt/c/Users/Raj/OneDrive - Åbo Akademi O365/banking/airflow/.venv/lib/python3.12/site-packages/airflow/example_dags/example_short_circuit_decorator.py for tasks to queue
[2025-11-22T20:48:26.387+0500] {logging_mixin.py:190} INFO - [2025-11-22T20:48:26.385+0500] {dagbag.py:588} INFO - Filling up the DagBag from /mnt/c/Users/Raj/OneDrive - Åbo Akademi O365/banking/airflow/.venv/lib/python3.12/site-packages/airflow/example_dags/example_short_circuit_decorator.py
[2025-11-22T20:48:26.417+0500] {processor.py:925} INFO - DAG(s) 'example_short_circuit_decorator' retrieved from /mnt/c/Users/Raj/OneDrive - Åbo Akademi O365/banking/airflow/.venv/lib/python3.12/site-packages/airflow/example_dags/example_short_circuit_decorator.py
[2025-11-22T20:48:26.468+0500] {logging_mixin.py:190} INFO - [2025-11-22T20:48:26.467+0500] {dag.py:3239} INFO - Sync 1 DAGs
[2025-11-22T20:48:26.492+0500] {logging_mixin.py:190} INFO - [2025-11-22T20:48:26.490+0500] {dag.py:4180} INFO - Setting next_dagrun for example_short_circuit_decorator to None, run_after=None
[2025-11-22T20:48:26.555+0500] {processor.py:208} INFO - Processing /mnt/c/Users/Raj/OneDrive - Åbo Akademi O365/banking/airflow/.venv/lib/python3.12/site-packages/airflow/example_dags/example_short_circuit_decorator.py took 0.190 seconds
[2025-11-22T20:50:06.525+0500] {processor.py:186} INFO - Started process (PID=67378) to work on /mnt/c/Users/Raj/OneDrive - Åbo Akademi O365/banking/airflow/.venv/lib/python3.12/site-packages/airflow/example_dags/example_short_circuit_decorator.py
[2025-11-22T20:50:06.528+0500] {processor.py:914} INFO - Processing file /mnt/c/Users/Raj/OneDrive - Åbo Akademi O365/banking/airflow/.venv/lib/python3.12/site-packages/airflow/example_dags/example_short_circuit_decorator.py for tasks to queue
[2025-11-22T20:50:06.532+0500] {logging_mixin.py:190} INFO - [2025-11-22T20:50:06.531+0500] {dagbag.py:588} INFO - Filling up the DagBag from /mnt/c/Users/Raj/OneDrive - Åbo Akademi O365/banking/airflow/.venv/lib/python3.12/site-packages/airflow/example_dags/example_short_circuit_decorator.py
[2025-11-22T20:50:06.568+0500] {processor.py:925} INFO - DAG(s) 'example_short_circuit_decorator' retrieved from /mnt/c/Users/Raj/OneDrive - Åbo Akademi O365/banking/airflow/.venv/lib/python3.12/site-packages/airflow/example_dags/example_short_circuit_decorator.py
[2025-11-22T20:50:06.615+0500] {logging_mixin.py:190} INFO - [2025-11-22T20:50:06.614+0500] {dag.py:3239} INFO - Sync 1 DAGs
[2025-11-22T20:50:06.630+0500] {logging_mixin.py:190} INFO - [2025-11-22T20:50:06.629+0500] {dag.py:4180} INFO - Setting next_dagrun for example_short_circuit_decorator to None, run_after=None
[2025-11-22T20:50:06.691+0500] {processor.py:208} INFO - Processing /mnt/c/Users/Raj/OneDrive - Åbo Akademi O365/banking/airflow/.venv/lib/python3.12/site-packages/airflow/example_dags/example_short_circuit_decorator.py took 0.184 seconds
[2025-11-22T20:51:52.182+0500] {processor.py:186} INFO - Started process (PID=67461) to work on /mnt/c/Users/Raj/OneDrive - Åbo Akademi O365/banking/airflow/.venv/lib/python3.12/site-packages/airflow/example_dags/example_short_circuit_decorator.py
[2025-11-22T20:51:52.184+0500] {processor.py:914} INFO - Processing file /mnt/c/Users/Raj/OneDrive - Åbo Akademi O365/banking/airflow/.venv/lib/python3.12/site-packages/airflow/example_dags/example_short_circuit_decorator.py for tasks to queue
[2025-11-22T20:51:52.189+0500] {logging_mixin.py:190} INFO - [2025-11-22T20:51:52.187+0500] {dagbag.py:588} INFO - Filling up the DagBag from /mnt/c/Users/Raj/OneDrive - Åbo Akademi O365/banking/airflow/.venv/lib/python3.12/site-packages/airflow/example_dags/example_short_circuit_decorator.py
[2025-11-22T20:51:52.223+0500] {processor.py:925} INFO - DAG(s) 'example_short_circuit_decorator' retrieved from /mnt/c/Users/Raj/OneDrive - Åbo Akademi O365/banking/airflow/.venv/lib/python3.12/site-packages/airflow/example_dags/example_short_circuit_decorator.py
[2025-11-22T20:51:52.280+0500] {logging_mixin.py:190} INFO - [2025-11-22T20:51:52.278+0500] {dag.py:3239} INFO - Sync 1 DAGs
[2025-11-22T20:51:52.305+0500] {logging_mixin.py:190} INFO - [2025-11-22T20:51:52.304+0500] {dag.py:4180} INFO - Setting next_dagrun for example_short_circuit_decorator to None, run_after=None
[2025-11-22T20:51:52.390+0500] {processor.py:208} INFO - Processing /mnt/c/Users/Raj/OneDrive - Åbo Akademi O365/banking/airflow/.venv/lib/python3.12/site-packages/airflow/example_dags/example_short_circuit_decorator.py took 0.225 seconds
[2025-11-22T20:53:35.025+0500] {processor.py:186} INFO - Started process (PID=67544) to work on /mnt/c/Users/Raj/OneDrive - Åbo Akademi O365/banking/airflow/.venv/lib/python3.12/site-packages/airflow/example_dags/example_short_circuit_decorator.py
[2025-11-22T20:53:35.029+0500] {processor.py:914} INFO - Processing file /mnt/c/Users/Raj/OneDrive - Åbo Akademi O365/banking/airflow/.venv/lib/python3.12/site-packages/airflow/example_dags/example_short_circuit_decorator.py for tasks to queue
[2025-11-22T20:53:35.033+0500] {logging_mixin.py:190} INFO - [2025-11-22T20:53:35.032+0500] {dagbag.py:588} INFO - Filling up the DagBag from /mnt/c/Users/Raj/OneDrive - Åbo Akademi O365/banking/airflow/.venv/lib/python3.12/site-packages/airflow/example_dags/example_short_circuit_decorator.py
[2025-11-22T20:53:35.067+0500] {processor.py:925} INFO - DAG(s) 'example_short_circuit_decorator' retrieved from /mnt/c/Users/Raj/OneDrive - Åbo Akademi O365/banking/airflow/.venv/lib/python3.12/site-packages/airflow/example_dags/example_short_circuit_decorator.py
[2025-11-22T20:53:35.104+0500] {logging_mixin.py:190} INFO - [2025-11-22T20:53:35.103+0500] {dag.py:3239} INFO - Sync 1 DAGs
[2025-11-22T20:53:35.123+0500] {logging_mixin.py:190} INFO - [2025-11-22T20:53:35.122+0500] {dag.py:4180} INFO - Setting next_dagrun for example_short_circuit_decorator to None, run_after=None
[2025-11-22T20:53:35.193+0500] {processor.py:208} INFO - Processing /mnt/c/Users/Raj/OneDrive - Åbo Akademi O365/banking/airflow/.venv/lib/python3.12/site-packages/airflow/example_dags/example_short_circuit_decorator.py took 0.183 seconds
[2025-11-22T20:55:15.612+0500] {processor.py:186} INFO - Started process (PID=67645) to work on /mnt/c/Users/Raj/OneDrive - Åbo Akademi O365/banking/airflow/.venv/lib/python3.12/site-packages/airflow/example_dags/example_short_circuit_decorator.py
[2025-11-22T20:55:15.615+0500] {processor.py:914} INFO - Processing file /mnt/c/Users/Raj/OneDrive - Åbo Akademi O365/banking/airflow/.venv/lib/python3.12/site-packages/airflow/example_dags/example_short_circuit_decorator.py for tasks to queue
[2025-11-22T20:55:15.619+0500] {logging_mixin.py:190} INFO - [2025-11-22T20:55:15.618+0500] {dagbag.py:588} INFO - Filling up the DagBag from /mnt/c/Users/Raj/OneDrive - Åbo Akademi O365/banking/airflow/.venv/lib/python3.12/site-packages/airflow/example_dags/example_short_circuit_decorator.py
[2025-11-22T20:55:15.669+0500] {processor.py:925} INFO - DAG(s) 'example_short_circuit_decorator' retrieved from /mnt/c/Users/Raj/OneDrive - Åbo Akademi O365/banking/airflow/.venv/lib/python3.12/site-packages/airflow/example_dags/example_short_circuit_decorator.py
[2025-11-22T20:55:16.022+0500] {logging_mixin.py:190} INFO - [2025-11-22T20:55:16.015+0500] {dag.py:3239} INFO - Sync 1 DAGs
[2025-11-22T20:55:16.179+0500] {logging_mixin.py:190} INFO - [2025-11-22T20:55:16.175+0500] {dag.py:4180} INFO - Setting next_dagrun for example_short_circuit_decorator to None, run_after=None
[2025-11-22T20:55:16.510+0500] {processor.py:208} INFO - Processing /mnt/c/Users/Raj/OneDrive - Åbo Akademi O365/banking/airflow/.venv/lib/python3.12/site-packages/airflow/example_dags/example_short_circuit_decorator.py took 0.918 seconds
[2025-11-22T20:57:01.773+0500] {processor.py:186} INFO - Started process (PID=67784) to work on /mnt/c/Users/Raj/OneDrive - Åbo Akademi O365/banking/airflow/.venv/lib/python3.12/site-packages/airflow/example_dags/example_short_circuit_decorator.py
[2025-11-22T20:57:01.776+0500] {processor.py:914} INFO - Processing file /mnt/c/Users/Raj/OneDrive - Åbo Akademi O365/banking/airflow/.venv/lib/python3.12/site-packages/airflow/example_dags/example_short_circuit_decorator.py for tasks to queue
[2025-11-22T20:57:01.780+0500] {logging_mixin.py:190} INFO - [2025-11-22T20:57:01.778+0500] {dagbag.py:588} INFO - Filling up the DagBag from /mnt/c/Users/Raj/OneDrive - Åbo Akademi O365/banking/airflow/.venv/lib/python3.12/site-packages/airflow/example_dags/example_short_circuit_decorator.py
[2025-11-22T20:57:01.815+0500] {processor.py:925} INFO - DAG(s) 'example_short_circuit_decorator' retrieved from /mnt/c/Users/Raj/OneDrive - Åbo Akademi O365/banking/airflow/.venv/lib/python3.12/site-packages/airflow/example_dags/example_short_circuit_decorator.py
[2025-11-22T20:57:01.859+0500] {logging_mixin.py:190} INFO - [2025-11-22T20:57:01.857+0500] {dag.py:3239} INFO - Sync 1 DAGs
[2025-11-22T20:57:01.875+0500] {logging_mixin.py:190} INFO - [2025-11-22T20:57:01.874+0500] {dag.py:4180} INFO - Setting next_dagrun for example_short_circuit_decorator to None, run_after=None
[2025-11-22T20:57:01.941+0500] {processor.py:208} INFO - Processing /mnt/c/Users/Raj/OneDrive - Åbo Akademi O365/banking/airflow/.venv/lib/python3.12/site-packages/airflow/example_dags/example_short_circuit_decorator.py took 0.188 seconds
[2025-11-22T20:58:47.359+0500] {processor.py:186} INFO - Started process (PID=67865) to work on /mnt/c/Users/Raj/OneDrive - Åbo Akademi O365/banking/airflow/.venv/lib/python3.12/site-packages/airflow/example_dags/example_short_circuit_decorator.py
[2025-11-22T20:58:47.362+0500] {processor.py:914} INFO - Processing file /mnt/c/Users/Raj/OneDrive - Åbo Akademi O365/banking/airflow/.venv/lib/python3.12/site-packages/airflow/example_dags/example_short_circuit_decorator.py for tasks to queue
[2025-11-22T20:58:47.367+0500] {logging_mixin.py:190} INFO - [2025-11-22T20:58:47.365+0500] {dagbag.py:588} INFO - Filling up the DagBag from /mnt/c/Users/Raj/OneDrive - Åbo Akademi O365/banking/airflow/.venv/lib/python3.12/site-packages/airflow/example_dags/example_short_circuit_decorator.py
[2025-11-22T20:58:47.400+0500] {processor.py:925} INFO - DAG(s) 'example_short_circuit_decorator' retrieved from /mnt/c/Users/Raj/OneDrive - Åbo Akademi O365/banking/airflow/.venv/lib/python3.12/site-packages/airflow/example_dags/example_short_circuit_decorator.py
[2025-11-22T20:58:47.459+0500] {logging_mixin.py:190} INFO - [2025-11-22T20:58:47.458+0500] {dag.py:3239} INFO - Sync 1 DAGs
[2025-11-22T20:58:47.476+0500] {logging_mixin.py:190} INFO - [2025-11-22T20:58:47.475+0500] {dag.py:4180} INFO - Setting next_dagrun for example_short_circuit_decorator to None, run_after=None
[2025-11-22T20:58:47.560+0500] {processor.py:208} INFO - Processing /mnt/c/Users/Raj/OneDrive - Åbo Akademi O365/banking/airflow/.venv/lib/python3.12/site-packages/airflow/example_dags/example_short_circuit_decorator.py took 0.218 seconds
[2025-11-22T21:00:20.859+0500] {processor.py:186} INFO - Started process (PID=67943) to work on /mnt/c/Users/Raj/OneDrive - Åbo Akademi O365/banking/airflow/.venv/lib/python3.12/site-packages/airflow/example_dags/example_short_circuit_decorator.py
[2025-11-22T21:00:20.861+0500] {processor.py:914} INFO - Processing file /mnt/c/Users/Raj/OneDrive - Åbo Akademi O365/banking/airflow/.venv/lib/python3.12/site-packages/airflow/example_dags/example_short_circuit_decorator.py for tasks to queue
[2025-11-22T21:00:20.866+0500] {logging_mixin.py:190} INFO - [2025-11-22T21:00:20.864+0500] {dagbag.py:588} INFO - Filling up the DagBag from /mnt/c/Users/Raj/OneDrive - Åbo Akademi O365/banking/airflow/.venv/lib/python3.12/site-packages/airflow/example_dags/example_short_circuit_decorator.py
[2025-11-22T21:00:20.897+0500] {processor.py:925} INFO - DAG(s) 'example_short_circuit_decorator' retrieved from /mnt/c/Users/Raj/OneDrive - Åbo Akademi O365/banking/airflow/.venv/lib/python3.12/site-packages/airflow/example_dags/example_short_circuit_decorator.py
[2025-11-22T21:00:20.936+0500] {logging_mixin.py:190} INFO - [2025-11-22T21:00:20.934+0500] {dag.py:3239} INFO - Sync 1 DAGs
[2025-11-22T21:00:20.951+0500] {logging_mixin.py:190} INFO - [2025-11-22T21:00:20.951+0500] {dag.py:4180} INFO - Setting next_dagrun for example_short_circuit_decorator to None, run_after=None
[2025-11-22T21:00:21.189+0500] {processor.py:208} INFO - Processing /mnt/c/Users/Raj/OneDrive - Åbo Akademi O365/banking/airflow/.venv/lib/python3.12/site-packages/airflow/example_dags/example_short_circuit_decorator.py took 0.347 seconds
[2025-11-22T21:02:30.467+0500] {processor.py:186} INFO - Started process (PID=68045) to work on /mnt/c/Users/Raj/OneDrive - Åbo Akademi O365/banking/airflow/.venv/lib/python3.12/site-packages/airflow/example_dags/example_short_circuit_decorator.py
[2025-11-22T21:02:30.472+0500] {processor.py:914} INFO - Processing file /mnt/c/Users/Raj/OneDrive - Åbo Akademi O365/banking/airflow/.venv/lib/python3.12/site-packages/airflow/example_dags/example_short_circuit_decorator.py for tasks to queue
[2025-11-22T21:02:30.478+0500] {logging_mixin.py:190} INFO - [2025-11-22T21:02:30.475+0500] {dagbag.py:588} INFO - Filling up the DagBag from /mnt/c/Users/Raj/OneDrive - Åbo Akademi O365/banking/airflow/.venv/lib/python3.12/site-packages/airflow/example_dags/example_short_circuit_decorator.py
[2025-11-22T21:02:30.525+0500] {processor.py:925} INFO - DAG(s) 'example_short_circuit_decorator' retrieved from /mnt/c/Users/Raj/OneDrive - Åbo Akademi O365/banking/airflow/.venv/lib/python3.12/site-packages/airflow/example_dags/example_short_circuit_decorator.py
[2025-11-22T21:02:30.596+0500] {logging_mixin.py:190} INFO - [2025-11-22T21:02:30.595+0500] {dag.py:3239} INFO - Sync 1 DAGs
[2025-11-22T21:02:31.016+0500] {logging_mixin.py:190} INFO - [2025-11-22T21:02:30.947+0500] {dag.py:4180} INFO - Setting next_dagrun for example_short_circuit_decorator to None, run_after=None
[2025-11-22T21:02:31.327+0500] {processor.py:208} INFO - Processing /mnt/c/Users/Raj/OneDrive - Åbo Akademi O365/banking/airflow/.venv/lib/python3.12/site-packages/airflow/example_dags/example_short_circuit_decorator.py took 0.961 seconds
[2025-11-22T21:04:41.842+0500] {processor.py:186} INFO - Started process (PID=68168) to work on /mnt/c/Users/Raj/OneDrive - Åbo Akademi O365/banking/airflow/.venv/lib/python3.12/site-packages/airflow/example_dags/example_short_circuit_decorator.py
[2025-11-22T21:04:41.845+0500] {processor.py:914} INFO - Processing file /mnt/c/Users/Raj/OneDrive - Åbo Akademi O365/banking/airflow/.venv/lib/python3.12/site-packages/airflow/example_dags/example_short_circuit_decorator.py for tasks to queue
[2025-11-22T21:04:41.849+0500] {logging_mixin.py:190} INFO - [2025-11-22T21:04:41.848+0500] {dagbag.py:588} INFO - Filling up the DagBag from /mnt/c/Users/Raj/OneDrive - Åbo Akademi O365/banking/airflow/.venv/lib/python3.12/site-packages/airflow/example_dags/example_short_circuit_decorator.py
[2025-11-22T21:04:41.886+0500] {processor.py:925} INFO - DAG(s) 'example_short_circuit_decorator' retrieved from /mnt/c/Users/Raj/OneDrive - Åbo Akademi O365/banking/airflow/.venv/lib/python3.12/site-packages/airflow/example_dags/example_short_circuit_decorator.py
[2025-11-22T21:04:41.934+0500] {logging_mixin.py:190} INFO - [2025-11-22T21:04:41.932+0500] {dag.py:3239} INFO - Sync 1 DAGs
[2025-11-22T21:04:42.097+0500] {logging_mixin.py:190} INFO - [2025-11-22T21:04:42.095+0500] {dag.py:4180} INFO - Setting next_dagrun for example_short_circuit_decorator to None, run_after=None
[2025-11-22T21:04:42.177+0500] {processor.py:208} INFO - Processing /mnt/c/Users/Raj/OneDrive - Åbo Akademi O365/banking/airflow/.venv/lib/python3.12/site-packages/airflow/example_dags/example_short_circuit_decorator.py took 0.358 seconds
[2025-11-22T21:09:01.916+0500] {processor.py:186} INFO - Started process (PID=68346) to work on /mnt/c/Users/Raj/OneDrive - Åbo Akademi O365/banking/airflow/.venv/lib/python3.12/site-packages/airflow/example_dags/example_short_circuit_decorator.py
[2025-11-22T21:09:01.918+0500] {processor.py:914} INFO - Processing file /mnt/c/Users/Raj/OneDrive - Åbo Akademi O365/banking/airflow/.venv/lib/python3.12/site-packages/airflow/example_dags/example_short_circuit_decorator.py for tasks to queue
[2025-11-22T21:09:01.922+0500] {logging_mixin.py:190} INFO - [2025-11-22T21:09:01.921+0500] {dagbag.py:588} INFO - Filling up the DagBag from /mnt/c/Users/Raj/OneDrive - Åbo Akademi O365/banking/airflow/.venv/lib/python3.12/site-packages/airflow/example_dags/example_short_circuit_decorator.py
[2025-11-22T21:09:01.948+0500] {processor.py:925} INFO - DAG(s) 'example_short_circuit_decorator' retrieved from /mnt/c/Users/Raj/OneDrive - Åbo Akademi O365/banking/airflow/.venv/lib/python3.12/site-packages/airflow/example_dags/example_short_circuit_decorator.py
[2025-11-22T21:09:01.995+0500] {logging_mixin.py:190} INFO - [2025-11-22T21:09:01.994+0500] {dag.py:3239} INFO - Sync 1 DAGs
[2025-11-22T21:09:02.171+0500] {logging_mixin.py:190} INFO - [2025-11-22T21:09:02.169+0500] {dag.py:4180} INFO - Setting next_dagrun for example_short_circuit_decorator to None, run_after=None
[2025-11-22T21:09:02.234+0500] {processor.py:208} INFO - Processing /mnt/c/Users/Raj/OneDrive - Åbo Akademi O365/banking/airflow/.venv/lib/python3.12/site-packages/airflow/example_dags/example_short_circuit_decorator.py took 0.337 seconds
[2025-11-22T21:10:09.701+0500] {processor.py:186} INFO - Started process (PID=68401) to work on /mnt/c/Users/Raj/OneDrive - Åbo Akademi O365/banking/airflow/.venv/lib/python3.12/site-packages/airflow/example_dags/example_short_circuit_decorator.py
[2025-11-22T21:10:09.704+0500] {processor.py:914} INFO - Processing file /mnt/c/Users/Raj/OneDrive - Åbo Akademi O365/banking/airflow/.venv/lib/python3.12/site-packages/airflow/example_dags/example_short_circuit_decorator.py for tasks to queue
[2025-11-22T21:10:09.709+0500] {logging_mixin.py:190} INFO - [2025-11-22T21:10:09.707+0500] {dagbag.py:588} INFO - Filling up the DagBag from /mnt/c/Users/Raj/OneDrive - Åbo Akademi O365/banking/airflow/.venv/lib/python3.12/site-packages/airflow/example_dags/example_short_circuit_decorator.py
[2025-11-22T21:10:09.759+0500] {processor.py:925} INFO - DAG(s) 'example_short_circuit_decorator' retrieved from /mnt/c/Users/Raj/OneDrive - Åbo Akademi O365/banking/airflow/.venv/lib/python3.12/site-packages/airflow/example_dags/example_short_circuit_decorator.py
[2025-11-22T21:10:09.803+0500] {logging_mixin.py:190} INFO - [2025-11-22T21:10:09.802+0500] {dag.py:3239} INFO - Sync 1 DAGs
[2025-11-22T21:10:09.825+0500] {logging_mixin.py:190} INFO - [2025-11-22T21:10:09.824+0500] {dag.py:4180} INFO - Setting next_dagrun for example_short_circuit_decorator to None, run_after=None
[2025-11-22T21:10:09.894+0500] {processor.py:208} INFO - Processing /mnt/c/Users/Raj/OneDrive - Åbo Akademi O365/banking/airflow/.venv/lib/python3.12/site-packages/airflow/example_dags/example_short_circuit_decorator.py took 0.221 seconds
[2025-11-22T21:12:04.807+0500] {processor.py:186} INFO - Started process (PID=68485) to work on /mnt/c/Users/Raj/OneDrive - Åbo Akademi O365/banking/airflow/.venv/lib/python3.12/site-packages/airflow/example_dags/example_short_circuit_decorator.py
[2025-11-22T21:12:04.809+0500] {processor.py:914} INFO - Processing file /mnt/c/Users/Raj/OneDrive - Åbo Akademi O365/banking/airflow/.venv/lib/python3.12/site-packages/airflow/example_dags/example_short_circuit_decorator.py for tasks to queue
[2025-11-22T21:12:04.814+0500] {logging_mixin.py:190} INFO - [2025-11-22T21:12:04.812+0500] {dagbag.py:588} INFO - Filling up the DagBag from /mnt/c/Users/Raj/OneDrive - Åbo Akademi O365/banking/airflow/.venv/lib/python3.12/site-packages/airflow/example_dags/example_short_circuit_decorator.py
[2025-11-22T21:12:04.846+0500] {processor.py:925} INFO - DAG(s) 'example_short_circuit_decorator' retrieved from /mnt/c/Users/Raj/OneDrive - Åbo Akademi O365/banking/airflow/.venv/lib/python3.12/site-packages/airflow/example_dags/example_short_circuit_decorator.py
[2025-11-22T21:12:04.891+0500] {logging_mixin.py:190} INFO - [2025-11-22T21:12:04.890+0500] {dag.py:3239} INFO - Sync 1 DAGs
[2025-11-22T21:12:04.909+0500] {logging_mixin.py:190} INFO - [2025-11-22T21:12:04.908+0500] {dag.py:4180} INFO - Setting next_dagrun for example_short_circuit_decorator to None, run_after=None
[2025-11-22T21:12:04.987+0500] {processor.py:208} INFO - Processing /mnt/c/Users/Raj/OneDrive - Åbo Akademi O365/banking/airflow/.venv/lib/python3.12/site-packages/airflow/example_dags/example_short_circuit_decorator.py took 0.201 seconds
[2025-11-22T21:13:50.162+0500] {processor.py:186} INFO - Started process (PID=68562) to work on /mnt/c/Users/Raj/OneDrive - Åbo Akademi O365/banking/airflow/.venv/lib/python3.12/site-packages/airflow/example_dags/example_short_circuit_decorator.py
[2025-11-22T21:13:50.165+0500] {processor.py:914} INFO - Processing file /mnt/c/Users/Raj/OneDrive - Åbo Akademi O365/banking/airflow/.venv/lib/python3.12/site-packages/airflow/example_dags/example_short_circuit_decorator.py for tasks to queue
[2025-11-22T21:13:50.169+0500] {logging_mixin.py:190} INFO - [2025-11-22T21:13:50.167+0500] {dagbag.py:588} INFO - Filling up the DagBag from /mnt/c/Users/Raj/OneDrive - Åbo Akademi O365/banking/airflow/.venv/lib/python3.12/site-packages/airflow/example_dags/example_short_circuit_decorator.py
[2025-11-22T21:13:50.226+0500] {processor.py:925} INFO - DAG(s) 'example_short_circuit_decorator' retrieved from /mnt/c/Users/Raj/OneDrive - Åbo Akademi O365/banking/airflow/.venv/lib/python3.12/site-packages/airflow/example_dags/example_short_circuit_decorator.py
[2025-11-22T21:13:50.284+0500] {logging_mixin.py:190} INFO - [2025-11-22T21:13:50.283+0500] {dag.py:3239} INFO - Sync 1 DAGs
[2025-11-22T21:13:50.316+0500] {logging_mixin.py:190} INFO - [2025-11-22T21:13:50.315+0500] {dag.py:4180} INFO - Setting next_dagrun for example_short_circuit_decorator to None, run_after=None
[2025-11-22T21:13:50.382+0500] {processor.py:208} INFO - Processing /mnt/c/Users/Raj/OneDrive - Åbo Akademi O365/banking/airflow/.venv/lib/python3.12/site-packages/airflow/example_dags/example_short_circuit_decorator.py took 0.246 seconds
[2025-11-22T21:15:30.345+0500] {processor.py:186} INFO - Started process (PID=68642) to work on /mnt/c/Users/Raj/OneDrive - Åbo Akademi O365/banking/airflow/.venv/lib/python3.12/site-packages/airflow/example_dags/example_short_circuit_decorator.py
[2025-11-22T21:15:30.347+0500] {processor.py:914} INFO - Processing file /mnt/c/Users/Raj/OneDrive - Åbo Akademi O365/banking/airflow/.venv/lib/python3.12/site-packages/airflow/example_dags/example_short_circuit_decorator.py for tasks to queue
[2025-11-22T21:15:30.352+0500] {logging_mixin.py:190} INFO - [2025-11-22T21:15:30.350+0500] {dagbag.py:588} INFO - Filling up the DagBag from /mnt/c/Users/Raj/OneDrive - Åbo Akademi O365/banking/airflow/.venv/lib/python3.12/site-packages/airflow/example_dags/example_short_circuit_decorator.py
[2025-11-22T21:15:30.387+0500] {processor.py:925} INFO - DAG(s) 'example_short_circuit_decorator' retrieved from /mnt/c/Users/Raj/OneDrive - Åbo Akademi O365/banking/airflow/.venv/lib/python3.12/site-packages/airflow/example_dags/example_short_circuit_decorator.py
[2025-11-22T21:15:30.427+0500] {logging_mixin.py:190} INFO - [2025-11-22T21:15:30.426+0500] {dag.py:3239} INFO - Sync 1 DAGs
[2025-11-22T21:15:30.445+0500] {logging_mixin.py:190} INFO - [2025-11-22T21:15:30.444+0500] {dag.py:4180} INFO - Setting next_dagrun for example_short_circuit_decorator to None, run_after=None
[2025-11-22T21:15:30.510+0500] {processor.py:208} INFO - Processing /mnt/c/Users/Raj/OneDrive - Åbo Akademi O365/banking/airflow/.venv/lib/python3.12/site-packages/airflow/example_dags/example_short_circuit_decorator.py took 0.187 seconds
[2025-11-22T21:17:08.339+0500] {processor.py:186} INFO - Started process (PID=68723) to work on /mnt/c/Users/Raj/OneDrive - Åbo Akademi O365/banking/airflow/.venv/lib/python3.12/site-packages/airflow/example_dags/example_short_circuit_decorator.py
[2025-11-22T21:17:08.342+0500] {processor.py:914} INFO - Processing file /mnt/c/Users/Raj/OneDrive - Åbo Akademi O365/banking/airflow/.venv/lib/python3.12/site-packages/airflow/example_dags/example_short_circuit_decorator.py for tasks to queue
[2025-11-22T21:17:08.346+0500] {logging_mixin.py:190} INFO - [2025-11-22T21:17:08.345+0500] {dagbag.py:588} INFO - Filling up the DagBag from /mnt/c/Users/Raj/OneDrive - Åbo Akademi O365/banking/airflow/.venv/lib/python3.12/site-packages/airflow/example_dags/example_short_circuit_decorator.py
[2025-11-22T21:17:08.378+0500] {processor.py:925} INFO - DAG(s) 'example_short_circuit_decorator' retrieved from /mnt/c/Users/Raj/OneDrive - Åbo Akademi O365/banking/airflow/.venv/lib/python3.12/site-packages/airflow/example_dags/example_short_circuit_decorator.py
[2025-11-22T21:17:08.419+0500] {logging_mixin.py:190} INFO - [2025-11-22T21:17:08.418+0500] {dag.py:3239} INFO - Sync 1 DAGs
[2025-11-22T21:17:08.436+0500] {logging_mixin.py:190} INFO - [2025-11-22T21:17:08.434+0500] {dag.py:4180} INFO - Setting next_dagrun for example_short_circuit_decorator to None, run_after=None
[2025-11-22T21:17:08.501+0500] {processor.py:208} INFO - Processing /mnt/c/Users/Raj/OneDrive - Åbo Akademi O365/banking/airflow/.venv/lib/python3.12/site-packages/airflow/example_dags/example_short_circuit_decorator.py took 0.186 seconds
[2025-11-22T21:18:52.487+0500] {processor.py:186} INFO - Started process (PID=68804) to work on /mnt/c/Users/Raj/OneDrive - Åbo Akademi O365/banking/airflow/.venv/lib/python3.12/site-packages/airflow/example_dags/example_short_circuit_decorator.py
[2025-11-22T21:18:52.489+0500] {processor.py:914} INFO - Processing file /mnt/c/Users/Raj/OneDrive - Åbo Akademi O365/banking/airflow/.venv/lib/python3.12/site-packages/airflow/example_dags/example_short_circuit_decorator.py for tasks to queue
[2025-11-22T21:18:52.493+0500] {logging_mixin.py:190} INFO - [2025-11-22T21:18:52.491+0500] {dagbag.py:588} INFO - Filling up the DagBag from /mnt/c/Users/Raj/OneDrive - Åbo Akademi O365/banking/airflow/.venv/lib/python3.12/site-packages/airflow/example_dags/example_short_circuit_decorator.py
[2025-11-22T21:18:52.524+0500] {processor.py:925} INFO - DAG(s) 'example_short_circuit_decorator' retrieved from /mnt/c/Users/Raj/OneDrive - Åbo Akademi O365/banking/airflow/.venv/lib/python3.12/site-packages/airflow/example_dags/example_short_circuit_decorator.py
[2025-11-22T21:18:52.576+0500] {logging_mixin.py:190} INFO - [2025-11-22T21:18:52.575+0500] {dag.py:3239} INFO - Sync 1 DAGs
[2025-11-22T21:18:52.592+0500] {logging_mixin.py:190} INFO - [2025-11-22T21:18:52.591+0500] {dag.py:4180} INFO - Setting next_dagrun for example_short_circuit_decorator to None, run_after=None
[2025-11-22T21:18:52.661+0500] {processor.py:208} INFO - Processing /mnt/c/Users/Raj/OneDrive - Åbo Akademi O365/banking/airflow/.venv/lib/python3.12/site-packages/airflow/example_dags/example_short_circuit_decorator.py took 0.193 seconds
[2025-11-22T21:20:33.595+0500] {processor.py:186} INFO - Started process (PID=68884) to work on /mnt/c/Users/Raj/OneDrive - Åbo Akademi O365/banking/airflow/.venv/lib/python3.12/site-packages/airflow/example_dags/example_short_circuit_decorator.py
[2025-11-22T21:20:33.597+0500] {processor.py:914} INFO - Processing file /mnt/c/Users/Raj/OneDrive - Åbo Akademi O365/banking/airflow/.venv/lib/python3.12/site-packages/airflow/example_dags/example_short_circuit_decorator.py for tasks to queue
[2025-11-22T21:20:33.601+0500] {logging_mixin.py:190} INFO - [2025-11-22T21:20:33.599+0500] {dagbag.py:588} INFO - Filling up the DagBag from /mnt/c/Users/Raj/OneDrive - Åbo Akademi O365/banking/airflow/.venv/lib/python3.12/site-packages/airflow/example_dags/example_short_circuit_decorator.py
[2025-11-22T21:20:33.635+0500] {processor.py:925} INFO - DAG(s) 'example_short_circuit_decorator' retrieved from /mnt/c/Users/Raj/OneDrive - Åbo Akademi O365/banking/airflow/.venv/lib/python3.12/site-packages/airflow/example_dags/example_short_circuit_decorator.py
[2025-11-22T21:20:33.683+0500] {logging_mixin.py:190} INFO - [2025-11-22T21:20:33.682+0500] {dag.py:3239} INFO - Sync 1 DAGs
[2025-11-22T21:20:33.707+0500] {logging_mixin.py:190} INFO - [2025-11-22T21:20:33.705+0500] {dag.py:4180} INFO - Setting next_dagrun for example_short_circuit_decorator to None, run_after=None
[2025-11-22T21:20:33.775+0500] {processor.py:208} INFO - Processing /mnt/c/Users/Raj/OneDrive - Åbo Akademi O365/banking/airflow/.venv/lib/python3.12/site-packages/airflow/example_dags/example_short_circuit_decorator.py took 0.200 seconds
[2025-11-22T21:22:21.717+0500] {processor.py:186} INFO - Started process (PID=68968) to work on /mnt/c/Users/Raj/OneDrive - Åbo Akademi O365/banking/airflow/.venv/lib/python3.12/site-packages/airflow/example_dags/example_short_circuit_decorator.py
[2025-11-22T21:22:21.720+0500] {processor.py:914} INFO - Processing file /mnt/c/Users/Raj/OneDrive - Åbo Akademi O365/banking/airflow/.venv/lib/python3.12/site-packages/airflow/example_dags/example_short_circuit_decorator.py for tasks to queue
[2025-11-22T21:22:21.726+0500] {logging_mixin.py:190} INFO - [2025-11-22T21:22:21.723+0500] {dagbag.py:588} INFO - Filling up the DagBag from /mnt/c/Users/Raj/OneDrive - Åbo Akademi O365/banking/airflow/.venv/lib/python3.12/site-packages/airflow/example_dags/example_short_circuit_decorator.py
[2025-11-22T21:22:21.778+0500] {processor.py:925} INFO - DAG(s) 'example_short_circuit_decorator' retrieved from /mnt/c/Users/Raj/OneDrive - Åbo Akademi O365/banking/airflow/.venv/lib/python3.12/site-packages/airflow/example_dags/example_short_circuit_decorator.py
[2025-11-22T21:22:21.837+0500] {logging_mixin.py:190} INFO - [2025-11-22T21:22:21.834+0500] {dag.py:3239} INFO - Sync 1 DAGs
[2025-11-22T21:22:21.862+0500] {logging_mixin.py:190} INFO - [2025-11-22T21:22:21.860+0500] {dag.py:4180} INFO - Setting next_dagrun for example_short_circuit_decorator to None, run_after=None
[2025-11-22T21:22:21.945+0500] {processor.py:208} INFO - Processing /mnt/c/Users/Raj/OneDrive - Åbo Akademi O365/banking/airflow/.venv/lib/python3.12/site-packages/airflow/example_dags/example_short_circuit_decorator.py took 0.253 seconds
[2025-11-22T21:24:03.801+0500] {processor.py:186} INFO - Started process (PID=69044) to work on /mnt/c/Users/Raj/OneDrive - Åbo Akademi O365/banking/airflow/.venv/lib/python3.12/site-packages/airflow/example_dags/example_short_circuit_decorator.py
[2025-11-22T21:24:03.804+0500] {processor.py:914} INFO - Processing file /mnt/c/Users/Raj/OneDrive - Åbo Akademi O365/banking/airflow/.venv/lib/python3.12/site-packages/airflow/example_dags/example_short_circuit_decorator.py for tasks to queue
[2025-11-22T21:24:03.808+0500] {logging_mixin.py:190} INFO - [2025-11-22T21:24:03.806+0500] {dagbag.py:588} INFO - Filling up the DagBag from /mnt/c/Users/Raj/OneDrive - Åbo Akademi O365/banking/airflow/.venv/lib/python3.12/site-packages/airflow/example_dags/example_short_circuit_decorator.py
[2025-11-22T21:24:03.842+0500] {processor.py:925} INFO - DAG(s) 'example_short_circuit_decorator' retrieved from /mnt/c/Users/Raj/OneDrive - Åbo Akademi O365/banking/airflow/.venv/lib/python3.12/site-packages/airflow/example_dags/example_short_circuit_decorator.py
[2025-11-22T21:24:03.885+0500] {logging_mixin.py:190} INFO - [2025-11-22T21:24:03.883+0500] {dag.py:3239} INFO - Sync 1 DAGs
[2025-11-22T21:24:03.902+0500] {logging_mixin.py:190} INFO - [2025-11-22T21:24:03.901+0500] {dag.py:4180} INFO - Setting next_dagrun for example_short_circuit_decorator to None, run_after=None
[2025-11-22T21:24:03.971+0500] {processor.py:208} INFO - Processing /mnt/c/Users/Raj/OneDrive - Åbo Akademi O365/banking/airflow/.venv/lib/python3.12/site-packages/airflow/example_dags/example_short_circuit_decorator.py took 0.196 seconds
