[2025-11-22T20:14:15.724+0500] {processor.py:186} INFO - Started process (PID=65690) to work on /mnt/c/Users/Raj/OneDrive - Åbo Akademi O365/banking/airflow/.venv/lib/python3.12/site-packages/airflow/example_dags/example_latest_only_with_trigger.py
[2025-11-22T20:14:15.726+0500] {processor.py:914} INFO - Processing file /mnt/c/Users/Raj/OneDrive - Åbo Akademi O365/banking/airflow/.venv/lib/python3.12/site-packages/airflow/example_dags/example_latest_only_with_trigger.py for tasks to queue
[2025-11-22T20:14:15.730+0500] {logging_mixin.py:190} INFO - [2025-11-22T20:14:15.729+0500] {dagbag.py:588} INFO - Filling up the DagBag from /mnt/c/Users/Raj/OneDrive - Åbo Akademi O365/banking/airflow/.venv/lib/python3.12/site-packages/airflow/example_dags/example_latest_only_with_trigger.py
[2025-11-22T20:14:15.760+0500] {processor.py:925} INFO - DAG(s) 'latest_only_with_trigger' retrieved from /mnt/c/Users/Raj/OneDrive - Åbo Akademi O365/banking/airflow/.venv/lib/python3.12/site-packages/airflow/example_dags/example_latest_only_with_trigger.py
[2025-11-22T20:14:15.823+0500] {logging_mixin.py:190} INFO - [2025-11-22T20:14:15.822+0500] {dag.py:3239} INFO - Sync 1 DAGs
[2025-11-22T20:14:15.862+0500] {logging_mixin.py:190} INFO - [2025-11-22T20:14:15.860+0500] {dag.py:4180} INFO - Setting next_dagrun for latest_only_with_trigger to 2025-11-22 08:00:00+00:00, run_after=2025-11-22 12:00:00+00:00
[2025-11-22T20:14:15.941+0500] {processor.py:208} INFO - Processing /mnt/c/Users/Raj/OneDrive - Åbo Akademi O365/banking/airflow/.venv/lib/python3.12/site-packages/airflow/example_dags/example_latest_only_with_trigger.py took 0.238 seconds
[2025-11-22T20:15:48.237+0500] {processor.py:186} INFO - Started process (PID=65747) to work on /mnt/c/Users/Raj/OneDrive - Åbo Akademi O365/banking/airflow/.venv/lib/python3.12/site-packages/airflow/example_dags/example_latest_only_with_trigger.py
[2025-11-22T20:15:48.240+0500] {processor.py:914} INFO - Processing file /mnt/c/Users/Raj/OneDrive - Åbo Akademi O365/banking/airflow/.venv/lib/python3.12/site-packages/airflow/example_dags/example_latest_only_with_trigger.py for tasks to queue
[2025-11-22T20:15:48.245+0500] {logging_mixin.py:190} INFO - [2025-11-22T20:15:48.243+0500] {dagbag.py:588} INFO - Filling up the DagBag from /mnt/c/Users/Raj/OneDrive - Åbo Akademi O365/banking/airflow/.venv/lib/python3.12/site-packages/airflow/example_dags/example_latest_only_with_trigger.py
[2025-11-22T20:15:48.276+0500] {processor.py:925} INFO - DAG(s) 'latest_only_with_trigger' retrieved from /mnt/c/Users/Raj/OneDrive - Åbo Akademi O365/banking/airflow/.venv/lib/python3.12/site-packages/airflow/example_dags/example_latest_only_with_trigger.py
[2025-11-22T20:15:48.322+0500] {logging_mixin.py:190} INFO - [2025-11-22T20:15:48.321+0500] {dag.py:3239} INFO - Sync 1 DAGs
[2025-11-22T20:15:48.356+0500] {logging_mixin.py:190} INFO - [2025-11-22T20:15:48.355+0500] {dag.py:4180} INFO - Setting next_dagrun for latest_only_with_trigger to 2025-11-22 08:00:00+00:00, run_after=2025-11-22 12:00:00+00:00
[2025-11-22T20:15:48.440+0500] {processor.py:208} INFO - Processing /mnt/c/Users/Raj/OneDrive - Åbo Akademi O365/banking/airflow/.venv/lib/python3.12/site-packages/airflow/example_dags/example_latest_only_with_trigger.py took 0.221 seconds
[2025-11-22T20:17:41.894+0500] {processor.py:186} INFO - Started process (PID=65847) to work on /mnt/c/Users/Raj/OneDrive - Åbo Akademi O365/banking/airflow/.venv/lib/python3.12/site-packages/airflow/example_dags/example_latest_only_with_trigger.py
[2025-11-22T20:17:41.897+0500] {processor.py:914} INFO - Processing file /mnt/c/Users/Raj/OneDrive - Åbo Akademi O365/banking/airflow/.venv/lib/python3.12/site-packages/airflow/example_dags/example_latest_only_with_trigger.py for tasks to queue
[2025-11-22T20:17:41.902+0500] {logging_mixin.py:190} INFO - [2025-11-22T20:17:41.900+0500] {dagbag.py:588} INFO - Filling up the DagBag from /mnt/c/Users/Raj/OneDrive - Åbo Akademi O365/banking/airflow/.venv/lib/python3.12/site-packages/airflow/example_dags/example_latest_only_with_trigger.py
[2025-11-22T20:17:41.947+0500] {processor.py:925} INFO - DAG(s) 'latest_only_with_trigger' retrieved from /mnt/c/Users/Raj/OneDrive - Åbo Akademi O365/banking/airflow/.venv/lib/python3.12/site-packages/airflow/example_dags/example_latest_only_with_trigger.py
[2025-11-22T20:17:42.013+0500] {logging_mixin.py:190} INFO - [2025-11-22T20:17:42.011+0500] {dag.py:3239} INFO - Sync 1 DAGs
[2025-11-22T20:17:42.090+0500] {logging_mixin.py:190} INFO - [2025-11-22T20:17:42.088+0500] {dag.py:4180} INFO - Setting next_dagrun for latest_only_with_trigger to 2025-11-22 08:00:00+00:00, run_after=2025-11-22 12:00:00+00:00
[2025-11-22T20:17:42.190+0500] {processor.py:208} INFO - Processing /mnt/c/Users/Raj/OneDrive - Åbo Akademi O365/banking/airflow/.venv/lib/python3.12/site-packages/airflow/example_dags/example_latest_only_with_trigger.py took 0.316 seconds
[2025-11-22T20:21:00.907+0500] {processor.py:186} INFO - Started process (PID=65943) to work on /mnt/c/Users/Raj/OneDrive - Åbo Akademi O365/banking/airflow/.venv/lib/python3.12/site-packages/airflow/example_dags/example_latest_only_with_trigger.py
[2025-11-22T20:21:00.911+0500] {processor.py:914} INFO - Processing file /mnt/c/Users/Raj/OneDrive - Åbo Akademi O365/banking/airflow/.venv/lib/python3.12/site-packages/airflow/example_dags/example_latest_only_with_trigger.py for tasks to queue
[2025-11-22T20:21:00.916+0500] {logging_mixin.py:190} INFO - [2025-11-22T20:21:00.914+0500] {dagbag.py:588} INFO - Filling up the DagBag from /mnt/c/Users/Raj/OneDrive - Åbo Akademi O365/banking/airflow/.venv/lib/python3.12/site-packages/airflow/example_dags/example_latest_only_with_trigger.py
[2025-11-22T20:21:01.019+0500] {processor.py:925} INFO - DAG(s) 'latest_only_with_trigger' retrieved from /mnt/c/Users/Raj/OneDrive - Åbo Akademi O365/banking/airflow/.venv/lib/python3.12/site-packages/airflow/example_dags/example_latest_only_with_trigger.py
[2025-11-22T20:21:01.086+0500] {logging_mixin.py:190} INFO - [2025-11-22T20:21:01.084+0500] {dag.py:3239} INFO - Sync 1 DAGs
[2025-11-22T20:21:01.146+0500] {logging_mixin.py:190} INFO - [2025-11-22T20:21:01.145+0500] {dag.py:4180} INFO - Setting next_dagrun for latest_only_with_trigger to 2025-11-22 08:00:00+00:00, run_after=2025-11-22 12:00:00+00:00
[2025-11-22T20:21:01.247+0500] {processor.py:208} INFO - Processing /mnt/c/Users/Raj/OneDrive - Åbo Akademi O365/banking/airflow/.venv/lib/python3.12/site-packages/airflow/example_dags/example_latest_only_with_trigger.py took 0.356 seconds
[2025-11-22T20:22:36.497+0500] {processor.py:186} INFO - Started process (PID=66024) to work on /mnt/c/Users/Raj/OneDrive - Åbo Akademi O365/banking/airflow/.venv/lib/python3.12/site-packages/airflow/example_dags/example_latest_only_with_trigger.py
[2025-11-22T20:22:36.500+0500] {processor.py:914} INFO - Processing file /mnt/c/Users/Raj/OneDrive - Åbo Akademi O365/banking/airflow/.venv/lib/python3.12/site-packages/airflow/example_dags/example_latest_only_with_trigger.py for tasks to queue
[2025-11-22T20:22:36.506+0500] {logging_mixin.py:190} INFO - [2025-11-22T20:22:36.504+0500] {dagbag.py:588} INFO - Filling up the DagBag from /mnt/c/Users/Raj/OneDrive - Åbo Akademi O365/banking/airflow/.venv/lib/python3.12/site-packages/airflow/example_dags/example_latest_only_with_trigger.py
[2025-11-22T20:22:36.606+0500] {processor.py:925} INFO - DAG(s) 'latest_only_with_trigger' retrieved from /mnt/c/Users/Raj/OneDrive - Åbo Akademi O365/banking/airflow/.venv/lib/python3.12/site-packages/airflow/example_dags/example_latest_only_with_trigger.py
[2025-11-22T20:22:36.652+0500] {logging_mixin.py:190} INFO - [2025-11-22T20:22:36.649+0500] {dag.py:3239} INFO - Sync 1 DAGs
[2025-11-22T20:22:36.697+0500] {logging_mixin.py:190} INFO - [2025-11-22T20:22:36.696+0500] {dag.py:4180} INFO - Setting next_dagrun for latest_only_with_trigger to 2025-11-22 08:00:00+00:00, run_after=2025-11-22 12:00:00+00:00
[2025-11-22T20:22:36.787+0500] {processor.py:208} INFO - Processing /mnt/c/Users/Raj/OneDrive - Åbo Akademi O365/banking/airflow/.venv/lib/python3.12/site-packages/airflow/example_dags/example_latest_only_with_trigger.py took 0.310 seconds
[2025-11-22T20:24:41.558+0500] {processor.py:186} INFO - Started process (PID=66120) to work on /mnt/c/Users/Raj/OneDrive - Åbo Akademi O365/banking/airflow/.venv/lib/python3.12/site-packages/airflow/example_dags/example_latest_only_with_trigger.py
[2025-11-22T20:24:41.560+0500] {processor.py:914} INFO - Processing file /mnt/c/Users/Raj/OneDrive - Åbo Akademi O365/banking/airflow/.venv/lib/python3.12/site-packages/airflow/example_dags/example_latest_only_with_trigger.py for tasks to queue
[2025-11-22T20:24:41.565+0500] {logging_mixin.py:190} INFO - [2025-11-22T20:24:41.564+0500] {dagbag.py:588} INFO - Filling up the DagBag from /mnt/c/Users/Raj/OneDrive - Åbo Akademi O365/banking/airflow/.venv/lib/python3.12/site-packages/airflow/example_dags/example_latest_only_with_trigger.py
[2025-11-22T20:24:41.658+0500] {processor.py:925} INFO - DAG(s) 'latest_only_with_trigger' retrieved from /mnt/c/Users/Raj/OneDrive - Åbo Akademi O365/banking/airflow/.venv/lib/python3.12/site-packages/airflow/example_dags/example_latest_only_with_trigger.py
[2025-11-22T20:24:41.710+0500] {logging_mixin.py:190} INFO - [2025-11-22T20:24:41.709+0500] {dag.py:3239} INFO - Sync 1 DAGs
[2025-11-22T20:24:41.764+0500] {logging_mixin.py:190} INFO - [2025-11-22T20:24:41.762+0500] {dag.py:4180} INFO - Setting next_dagrun for latest_only_with_trigger to 2025-11-22 08:00:00+00:00, run_after=2025-11-22 12:00:00+00:00
[2025-11-22T20:24:41.841+0500] {processor.py:208} INFO - Processing /mnt/c/Users/Raj/OneDrive - Åbo Akademi O365/banking/airflow/.venv/lib/python3.12/site-packages/airflow/example_dags/example_latest_only_with_trigger.py took 0.300 seconds
[2025-11-22T20:28:07.504+0500] {processor.py:186} INFO - Started process (PID=66268) to work on /mnt/c/Users/Raj/OneDrive - Åbo Akademi O365/banking/airflow/.venv/lib/python3.12/site-packages/airflow/example_dags/example_latest_only_with_trigger.py
[2025-11-22T20:28:07.507+0500] {processor.py:914} INFO - Processing file /mnt/c/Users/Raj/OneDrive - Åbo Akademi O365/banking/airflow/.venv/lib/python3.12/site-packages/airflow/example_dags/example_latest_only_with_trigger.py for tasks to queue
[2025-11-22T20:28:07.511+0500] {logging_mixin.py:190} INFO - [2025-11-22T20:28:07.510+0500] {dagbag.py:588} INFO - Filling up the DagBag from /mnt/c/Users/Raj/OneDrive - Åbo Akademi O365/banking/airflow/.venv/lib/python3.12/site-packages/airflow/example_dags/example_latest_only_with_trigger.py
[2025-11-22T20:28:07.541+0500] {processor.py:925} INFO - DAG(s) 'latest_only_with_trigger' retrieved from /mnt/c/Users/Raj/OneDrive - Åbo Akademi O365/banking/airflow/.venv/lib/python3.12/site-packages/airflow/example_dags/example_latest_only_with_trigger.py
[2025-11-22T20:28:07.592+0500] {logging_mixin.py:190} INFO - [2025-11-22T20:28:07.591+0500] {dag.py:3239} INFO - Sync 1 DAGs
[2025-11-22T20:28:07.623+0500] {logging_mixin.py:190} INFO - [2025-11-22T20:28:07.622+0500] {dag.py:4180} INFO - Setting next_dagrun for latest_only_with_trigger to 2025-11-22 08:00:00+00:00, run_after=2025-11-22 12:00:00+00:00
[2025-11-22T20:28:07.699+0500] {processor.py:208} INFO - Processing /mnt/c/Users/Raj/OneDrive - Åbo Akademi O365/banking/airflow/.venv/lib/python3.12/site-packages/airflow/example_dags/example_latest_only_with_trigger.py took 0.215 seconds
[2025-11-22T20:29:31.520+0500] {processor.py:186} INFO - Started process (PID=66351) to work on /mnt/c/Users/Raj/OneDrive - Åbo Akademi O365/banking/airflow/.venv/lib/python3.12/site-packages/airflow/example_dags/example_latest_only_with_trigger.py
[2025-11-22T20:29:31.523+0500] {processor.py:914} INFO - Processing file /mnt/c/Users/Raj/OneDrive - Åbo Akademi O365/banking/airflow/.venv/lib/python3.12/site-packages/airflow/example_dags/example_latest_only_with_trigger.py for tasks to queue
[2025-11-22T20:29:31.527+0500] {logging_mixin.py:190} INFO - [2025-11-22T20:29:31.525+0500] {dagbag.py:588} INFO - Filling up the DagBag from /mnt/c/Users/Raj/OneDrive - Åbo Akademi O365/banking/airflow/.venv/lib/python3.12/site-packages/airflow/example_dags/example_latest_only_with_trigger.py
[2025-11-22T20:29:31.558+0500] {processor.py:925} INFO - DAG(s) 'latest_only_with_trigger' retrieved from /mnt/c/Users/Raj/OneDrive - Åbo Akademi O365/banking/airflow/.venv/lib/python3.12/site-packages/airflow/example_dags/example_latest_only_with_trigger.py
[2025-11-22T20:29:31.593+0500] {logging_mixin.py:190} INFO - [2025-11-22T20:29:31.592+0500] {dag.py:3239} INFO - Sync 1 DAGs
[2025-11-22T20:29:31.630+0500] {logging_mixin.py:190} INFO - [2025-11-22T20:29:31.629+0500] {dag.py:4180} INFO - Setting next_dagrun for latest_only_with_trigger to 2025-11-22 08:00:00+00:00, run_after=2025-11-22 12:00:00+00:00
[2025-11-22T20:29:31.710+0500] {processor.py:208} INFO - Processing /mnt/c/Users/Raj/OneDrive - Åbo Akademi O365/banking/airflow/.venv/lib/python3.12/site-packages/airflow/example_dags/example_latest_only_with_trigger.py took 0.207 seconds
[2025-11-22T20:32:49.189+0500] {processor.py:186} INFO - Started process (PID=66502) to work on /mnt/c/Users/Raj/OneDrive - Åbo Akademi O365/banking/airflow/.venv/lib/python3.12/site-packages/airflow/example_dags/example_latest_only_with_trigger.py
[2025-11-22T20:32:49.191+0500] {processor.py:914} INFO - Processing file /mnt/c/Users/Raj/OneDrive - Åbo Akademi O365/banking/airflow/.venv/lib/python3.12/site-packages/airflow/example_dags/example_latest_only_with_trigger.py for tasks to queue
[2025-11-22T20:32:49.195+0500] {logging_mixin.py:190} INFO - [2025-11-22T20:32:49.194+0500] {dagbag.py:588} INFO - Filling up the DagBag from /mnt/c/Users/Raj/OneDrive - Åbo Akademi O365/banking/airflow/.venv/lib/python3.12/site-packages/airflow/example_dags/example_latest_only_with_trigger.py
[2025-11-22T20:32:49.250+0500] {processor.py:925} INFO - DAG(s) 'latest_only_with_trigger' retrieved from /mnt/c/Users/Raj/OneDrive - Åbo Akademi O365/banking/airflow/.venv/lib/python3.12/site-packages/airflow/example_dags/example_latest_only_with_trigger.py
[2025-11-22T20:32:49.294+0500] {logging_mixin.py:190} INFO - [2025-11-22T20:32:49.292+0500] {dag.py:3239} INFO - Sync 1 DAGs
[2025-11-22T20:32:49.336+0500] {logging_mixin.py:190} INFO - [2025-11-22T20:32:49.335+0500] {dag.py:4180} INFO - Setting next_dagrun for latest_only_with_trigger to 2025-11-22 08:00:00+00:00, run_after=2025-11-22 12:00:00+00:00
[2025-11-22T20:32:49.411+0500] {processor.py:208} INFO - Processing /mnt/c/Users/Raj/OneDrive - Åbo Akademi O365/banking/airflow/.venv/lib/python3.12/site-packages/airflow/example_dags/example_latest_only_with_trigger.py took 0.241 seconds
[2025-11-22T20:35:01.396+0500] {processor.py:186} INFO - Started process (PID=66608) to work on /mnt/c/Users/Raj/OneDrive - Åbo Akademi O365/banking/airflow/.venv/lib/python3.12/site-packages/airflow/example_dags/example_latest_only_with_trigger.py
[2025-11-22T20:35:01.399+0500] {processor.py:914} INFO - Processing file /mnt/c/Users/Raj/OneDrive - Åbo Akademi O365/banking/airflow/.venv/lib/python3.12/site-packages/airflow/example_dags/example_latest_only_with_trigger.py for tasks to queue
[2025-11-22T20:35:01.403+0500] {logging_mixin.py:190} INFO - [2025-11-22T20:35:01.401+0500] {dagbag.py:588} INFO - Filling up the DagBag from /mnt/c/Users/Raj/OneDrive - Åbo Akademi O365/banking/airflow/.venv/lib/python3.12/site-packages/airflow/example_dags/example_latest_only_with_trigger.py
[2025-11-22T20:35:01.434+0500] {processor.py:925} INFO - DAG(s) 'latest_only_with_trigger' retrieved from /mnt/c/Users/Raj/OneDrive - Åbo Akademi O365/banking/airflow/.venv/lib/python3.12/site-packages/airflow/example_dags/example_latest_only_with_trigger.py
[2025-11-22T20:35:01.478+0500] {logging_mixin.py:190} INFO - [2025-11-22T20:35:01.477+0500] {dag.py:3239} INFO - Sync 1 DAGs
[2025-11-22T20:35:01.527+0500] {logging_mixin.py:190} INFO - [2025-11-22T20:35:01.525+0500] {dag.py:4180} INFO - Setting next_dagrun for latest_only_with_trigger to 2025-11-22 08:00:00+00:00, run_after=2025-11-22 12:00:00+00:00
[2025-11-22T20:35:01.629+0500] {processor.py:208} INFO - Processing /mnt/c/Users/Raj/OneDrive - Åbo Akademi O365/banking/airflow/.venv/lib/python3.12/site-packages/airflow/example_dags/example_latest_only_with_trigger.py took 0.255 seconds
[2025-11-22T20:37:34.549+0500] {processor.py:186} INFO - Started process (PID=66715) to work on /mnt/c/Users/Raj/OneDrive - Åbo Akademi O365/banking/airflow/.venv/lib/python3.12/site-packages/airflow/example_dags/example_latest_only_with_trigger.py
[2025-11-22T20:37:34.552+0500] {processor.py:914} INFO - Processing file /mnt/c/Users/Raj/OneDrive - Åbo Akademi O365/banking/airflow/.venv/lib/python3.12/site-packages/airflow/example_dags/example_latest_only_with_trigger.py for tasks to queue
[2025-11-22T20:37:34.556+0500] {logging_mixin.py:190} INFO - [2025-11-22T20:37:34.555+0500] {dagbag.py:588} INFO - Filling up the DagBag from /mnt/c/Users/Raj/OneDrive - Åbo Akademi O365/banking/airflow/.venv/lib/python3.12/site-packages/airflow/example_dags/example_latest_only_with_trigger.py
[2025-11-22T20:37:34.592+0500] {processor.py:925} INFO - DAG(s) 'latest_only_with_trigger' retrieved from /mnt/c/Users/Raj/OneDrive - Åbo Akademi O365/banking/airflow/.venv/lib/python3.12/site-packages/airflow/example_dags/example_latest_only_with_trigger.py
[2025-11-22T20:37:34.664+0500] {logging_mixin.py:190} INFO - [2025-11-22T20:37:34.662+0500] {dag.py:3239} INFO - Sync 1 DAGs
[2025-11-22T20:37:34.719+0500] {logging_mixin.py:190} INFO - [2025-11-22T20:37:34.718+0500] {dag.py:4180} INFO - Setting next_dagrun for latest_only_with_trigger to 2025-11-22 08:00:00+00:00, run_after=2025-11-22 12:00:00+00:00
[2025-11-22T20:37:34.848+0500] {processor.py:208} INFO - Processing /mnt/c/Users/Raj/OneDrive - Åbo Akademi O365/banking/airflow/.venv/lib/python3.12/site-packages/airflow/example_dags/example_latest_only_with_trigger.py took 0.317 seconds
[2025-11-22T20:39:32.296+0500] {processor.py:186} INFO - Started process (PID=66844) to work on /mnt/c/Users/Raj/OneDrive - Åbo Akademi O365/banking/airflow/.venv/lib/python3.12/site-packages/airflow/example_dags/example_latest_only_with_trigger.py
[2025-11-22T20:39:32.298+0500] {processor.py:914} INFO - Processing file /mnt/c/Users/Raj/OneDrive - Åbo Akademi O365/banking/airflow/.venv/lib/python3.12/site-packages/airflow/example_dags/example_latest_only_with_trigger.py for tasks to queue
[2025-11-22T20:39:32.302+0500] {logging_mixin.py:190} INFO - [2025-11-22T20:39:32.300+0500] {dagbag.py:588} INFO - Filling up the DagBag from /mnt/c/Users/Raj/OneDrive - Åbo Akademi O365/banking/airflow/.venv/lib/python3.12/site-packages/airflow/example_dags/example_latest_only_with_trigger.py
[2025-11-22T20:39:32.338+0500] {processor.py:925} INFO - DAG(s) 'latest_only_with_trigger' retrieved from /mnt/c/Users/Raj/OneDrive - Åbo Akademi O365/banking/airflow/.venv/lib/python3.12/site-packages/airflow/example_dags/example_latest_only_with_trigger.py
[2025-11-22T20:39:32.392+0500] {logging_mixin.py:190} INFO - [2025-11-22T20:39:32.391+0500] {dag.py:3239} INFO - Sync 1 DAGs
[2025-11-22T20:39:32.440+0500] {logging_mixin.py:190} INFO - [2025-11-22T20:39:32.439+0500] {dag.py:4180} INFO - Setting next_dagrun for latest_only_with_trigger to 2025-11-22 08:00:00+00:00, run_after=2025-11-22 12:00:00+00:00
[2025-11-22T20:39:32.526+0500] {processor.py:208} INFO - Processing /mnt/c/Users/Raj/OneDrive - Åbo Akademi O365/banking/airflow/.venv/lib/python3.12/site-packages/airflow/example_dags/example_latest_only_with_trigger.py took 0.247 seconds
[2025-11-22T20:41:18.961+0500] {processor.py:186} INFO - Started process (PID=66957) to work on /mnt/c/Users/Raj/OneDrive - Åbo Akademi O365/banking/airflow/.venv/lib/python3.12/site-packages/airflow/example_dags/example_latest_only_with_trigger.py
[2025-11-22T20:41:18.963+0500] {processor.py:914} INFO - Processing file /mnt/c/Users/Raj/OneDrive - Åbo Akademi O365/banking/airflow/.venv/lib/python3.12/site-packages/airflow/example_dags/example_latest_only_with_trigger.py for tasks to queue
[2025-11-22T20:41:18.966+0500] {logging_mixin.py:190} INFO - [2025-11-22T20:41:18.965+0500] {dagbag.py:588} INFO - Filling up the DagBag from /mnt/c/Users/Raj/OneDrive - Åbo Akademi O365/banking/airflow/.venv/lib/python3.12/site-packages/airflow/example_dags/example_latest_only_with_trigger.py
[2025-11-22T20:41:18.998+0500] {processor.py:925} INFO - DAG(s) 'latest_only_with_trigger' retrieved from /mnt/c/Users/Raj/OneDrive - Åbo Akademi O365/banking/airflow/.venv/lib/python3.12/site-packages/airflow/example_dags/example_latest_only_with_trigger.py
[2025-11-22T20:41:19.034+0500] {logging_mixin.py:190} INFO - [2025-11-22T20:41:19.033+0500] {dag.py:3239} INFO - Sync 1 DAGs
[2025-11-22T20:41:19.070+0500] {logging_mixin.py:190} INFO - [2025-11-22T20:41:19.069+0500] {dag.py:4180} INFO - Setting next_dagrun for latest_only_with_trigger to 2025-11-22 08:00:00+00:00, run_after=2025-11-22 12:00:00+00:00
[2025-11-22T20:41:19.143+0500] {processor.py:208} INFO - Processing /mnt/c/Users/Raj/OneDrive - Åbo Akademi O365/banking/airflow/.venv/lib/python3.12/site-packages/airflow/example_dags/example_latest_only_with_trigger.py took 0.198 seconds
[2025-11-22T20:43:40.360+0500] {processor.py:186} INFO - Started process (PID=67075) to work on /mnt/c/Users/Raj/OneDrive - Åbo Akademi O365/banking/airflow/.venv/lib/python3.12/site-packages/airflow/example_dags/example_latest_only_with_trigger.py
[2025-11-22T20:43:40.363+0500] {processor.py:914} INFO - Processing file /mnt/c/Users/Raj/OneDrive - Åbo Akademi O365/banking/airflow/.venv/lib/python3.12/site-packages/airflow/example_dags/example_latest_only_with_trigger.py for tasks to queue
[2025-11-22T20:43:40.367+0500] {logging_mixin.py:190} INFO - [2025-11-22T20:43:40.365+0500] {dagbag.py:588} INFO - Filling up the DagBag from /mnt/c/Users/Raj/OneDrive - Åbo Akademi O365/banking/airflow/.venv/lib/python3.12/site-packages/airflow/example_dags/example_latest_only_with_trigger.py
[2025-11-22T20:43:40.407+0500] {processor.py:925} INFO - DAG(s) 'latest_only_with_trigger' retrieved from /mnt/c/Users/Raj/OneDrive - Åbo Akademi O365/banking/airflow/.venv/lib/python3.12/site-packages/airflow/example_dags/example_latest_only_with_trigger.py
[2025-11-22T20:43:40.465+0500] {logging_mixin.py:190} INFO - [2025-11-22T20:43:40.464+0500] {dag.py:3239} INFO - Sync 1 DAGs
[2025-11-22T20:43:40.516+0500] {logging_mixin.py:190} INFO - [2025-11-22T20:43:40.514+0500] {dag.py:4180} INFO - Setting next_dagrun for latest_only_with_trigger to 2025-11-22 08:00:00+00:00, run_after=2025-11-22 12:00:00+00:00
[2025-11-22T20:43:40.602+0500] {processor.py:208} INFO - Processing /mnt/c/Users/Raj/OneDrive - Åbo Akademi O365/banking/airflow/.venv/lib/python3.12/site-packages/airflow/example_dags/example_latest_only_with_trigger.py took 0.260 seconds
[2025-11-22T20:45:18.467+0500] {processor.py:186} INFO - Started process (PID=67155) to work on /mnt/c/Users/Raj/OneDrive - Åbo Akademi O365/banking/airflow/.venv/lib/python3.12/site-packages/airflow/example_dags/example_latest_only_with_trigger.py
[2025-11-22T20:45:18.470+0500] {processor.py:914} INFO - Processing file /mnt/c/Users/Raj/OneDrive - Åbo Akademi O365/banking/airflow/.venv/lib/python3.12/site-packages/airflow/example_dags/example_latest_only_with_trigger.py for tasks to queue
[2025-11-22T20:45:18.474+0500] {logging_mixin.py:190} INFO - [2025-11-22T20:45:18.472+0500] {dagbag.py:588} INFO - Filling up the DagBag from /mnt/c/Users/Raj/OneDrive - Åbo Akademi O365/banking/airflow/.venv/lib/python3.12/site-packages/airflow/example_dags/example_latest_only_with_trigger.py
[2025-11-22T20:45:18.508+0500] {processor.py:925} INFO - DAG(s) 'latest_only_with_trigger' retrieved from /mnt/c/Users/Raj/OneDrive - Åbo Akademi O365/banking/airflow/.venv/lib/python3.12/site-packages/airflow/example_dags/example_latest_only_with_trigger.py
[2025-11-22T20:45:18.571+0500] {logging_mixin.py:190} INFO - [2025-11-22T20:45:18.570+0500] {dag.py:3239} INFO - Sync 1 DAGs
[2025-11-22T20:45:18.618+0500] {logging_mixin.py:190} INFO - [2025-11-22T20:45:18.617+0500] {dag.py:4180} INFO - Setting next_dagrun for latest_only_with_trigger to 2025-11-22 08:00:00+00:00, run_after=2025-11-22 12:00:00+00:00
[2025-11-22T20:45:18.697+0500] {processor.py:208} INFO - Processing /mnt/c/Users/Raj/OneDrive - Åbo Akademi O365/banking/airflow/.venv/lib/python3.12/site-packages/airflow/example_dags/example_latest_only_with_trigger.py took 0.247 seconds
[2025-11-22T20:46:57.702+0500] {processor.py:186} INFO - Started process (PID=67233) to work on /mnt/c/Users/Raj/OneDrive - Åbo Akademi O365/banking/airflow/.venv/lib/python3.12/site-packages/airflow/example_dags/example_latest_only_with_trigger.py
[2025-11-22T20:46:57.704+0500] {processor.py:914} INFO - Processing file /mnt/c/Users/Raj/OneDrive - Åbo Akademi O365/banking/airflow/.venv/lib/python3.12/site-packages/airflow/example_dags/example_latest_only_with_trigger.py for tasks to queue
[2025-11-22T20:46:57.709+0500] {logging_mixin.py:190} INFO - [2025-11-22T20:46:57.707+0500] {dagbag.py:588} INFO - Filling up the DagBag from /mnt/c/Users/Raj/OneDrive - Åbo Akademi O365/banking/airflow/.venv/lib/python3.12/site-packages/airflow/example_dags/example_latest_only_with_trigger.py
[2025-11-22T20:46:57.732+0500] {processor.py:925} INFO - DAG(s) 'latest_only_with_trigger' retrieved from /mnt/c/Users/Raj/OneDrive - Åbo Akademi O365/banking/airflow/.venv/lib/python3.12/site-packages/airflow/example_dags/example_latest_only_with_trigger.py
[2025-11-22T20:46:57.776+0500] {logging_mixin.py:190} INFO - [2025-11-22T20:46:57.775+0500] {dag.py:3239} INFO - Sync 1 DAGs
[2025-11-22T20:46:57.815+0500] {logging_mixin.py:190} INFO - [2025-11-22T20:46:57.813+0500] {dag.py:4180} INFO - Setting next_dagrun for latest_only_with_trigger to 2025-11-22 08:00:00+00:00, run_after=2025-11-22 12:00:00+00:00
[2025-11-22T20:46:57.906+0500] {processor.py:208} INFO - Processing /mnt/c/Users/Raj/OneDrive - Åbo Akademi O365/banking/airflow/.venv/lib/python3.12/site-packages/airflow/example_dags/example_latest_only_with_trigger.py took 0.224 seconds
[2025-11-22T20:48:40.591+0500] {processor.py:186} INFO - Started process (PID=67307) to work on /mnt/c/Users/Raj/OneDrive - Åbo Akademi O365/banking/airflow/.venv/lib/python3.12/site-packages/airflow/example_dags/example_latest_only_with_trigger.py
[2025-11-22T20:48:40.593+0500] {processor.py:914} INFO - Processing file /mnt/c/Users/Raj/OneDrive - Åbo Akademi O365/banking/airflow/.venv/lib/python3.12/site-packages/airflow/example_dags/example_latest_only_with_trigger.py for tasks to queue
[2025-11-22T20:48:40.596+0500] {logging_mixin.py:190} INFO - [2025-11-22T20:48:40.595+0500] {dagbag.py:588} INFO - Filling up the DagBag from /mnt/c/Users/Raj/OneDrive - Åbo Akademi O365/banking/airflow/.venv/lib/python3.12/site-packages/airflow/example_dags/example_latest_only_with_trigger.py
[2025-11-22T20:48:40.622+0500] {processor.py:925} INFO - DAG(s) 'latest_only_with_trigger' retrieved from /mnt/c/Users/Raj/OneDrive - Åbo Akademi O365/banking/airflow/.venv/lib/python3.12/site-packages/airflow/example_dags/example_latest_only_with_trigger.py
[2025-11-22T20:48:40.662+0500] {logging_mixin.py:190} INFO - [2025-11-22T20:48:40.660+0500] {dag.py:3239} INFO - Sync 1 DAGs
[2025-11-22T20:48:40.703+0500] {logging_mixin.py:190} INFO - [2025-11-22T20:48:40.701+0500] {dag.py:4180} INFO - Setting next_dagrun for latest_only_with_trigger to 2025-11-22 08:00:00+00:00, run_after=2025-11-22 12:00:00+00:00
[2025-11-22T20:48:40.778+0500] {processor.py:208} INFO - Processing /mnt/c/Users/Raj/OneDrive - Åbo Akademi O365/banking/airflow/.venv/lib/python3.12/site-packages/airflow/example_dags/example_latest_only_with_trigger.py took 0.202 seconds
[2025-11-22T20:50:17.944+0500] {processor.py:186} INFO - Started process (PID=67387) to work on /mnt/c/Users/Raj/OneDrive - Åbo Akademi O365/banking/airflow/.venv/lib/python3.12/site-packages/airflow/example_dags/example_latest_only_with_trigger.py
[2025-11-22T20:50:17.946+0500] {processor.py:914} INFO - Processing file /mnt/c/Users/Raj/OneDrive - Åbo Akademi O365/banking/airflow/.venv/lib/python3.12/site-packages/airflow/example_dags/example_latest_only_with_trigger.py for tasks to queue
[2025-11-22T20:50:17.950+0500] {logging_mixin.py:190} INFO - [2025-11-22T20:50:17.948+0500] {dagbag.py:588} INFO - Filling up the DagBag from /mnt/c/Users/Raj/OneDrive - Åbo Akademi O365/banking/airflow/.venv/lib/python3.12/site-packages/airflow/example_dags/example_latest_only_with_trigger.py
[2025-11-22T20:50:17.977+0500] {processor.py:925} INFO - DAG(s) 'latest_only_with_trigger' retrieved from /mnt/c/Users/Raj/OneDrive - Åbo Akademi O365/banking/airflow/.venv/lib/python3.12/site-packages/airflow/example_dags/example_latest_only_with_trigger.py
[2025-11-22T20:50:18.013+0500] {logging_mixin.py:190} INFO - [2025-11-22T20:50:18.011+0500] {dag.py:3239} INFO - Sync 1 DAGs
[2025-11-22T20:50:18.058+0500] {logging_mixin.py:190} INFO - [2025-11-22T20:50:18.057+0500] {dag.py:4180} INFO - Setting next_dagrun for latest_only_with_trigger to 2025-11-22 08:00:00+00:00, run_after=2025-11-22 12:00:00+00:00
[2025-11-22T20:50:18.142+0500] {processor.py:208} INFO - Processing /mnt/c/Users/Raj/OneDrive - Åbo Akademi O365/banking/airflow/.venv/lib/python3.12/site-packages/airflow/example_dags/example_latest_only_with_trigger.py took 0.215 seconds
[2025-11-22T20:52:05.208+0500] {processor.py:186} INFO - Started process (PID=67470) to work on /mnt/c/Users/Raj/OneDrive - Åbo Akademi O365/banking/airflow/.venv/lib/python3.12/site-packages/airflow/example_dags/example_latest_only_with_trigger.py
[2025-11-22T20:52:05.210+0500] {processor.py:914} INFO - Processing file /mnt/c/Users/Raj/OneDrive - Åbo Akademi O365/banking/airflow/.venv/lib/python3.12/site-packages/airflow/example_dags/example_latest_only_with_trigger.py for tasks to queue
[2025-11-22T20:52:05.215+0500] {logging_mixin.py:190} INFO - [2025-11-22T20:52:05.213+0500] {dagbag.py:588} INFO - Filling up the DagBag from /mnt/c/Users/Raj/OneDrive - Åbo Akademi O365/banking/airflow/.venv/lib/python3.12/site-packages/airflow/example_dags/example_latest_only_with_trigger.py
[2025-11-22T20:52:05.250+0500] {processor.py:925} INFO - DAG(s) 'latest_only_with_trigger' retrieved from /mnt/c/Users/Raj/OneDrive - Åbo Akademi O365/banking/airflow/.venv/lib/python3.12/site-packages/airflow/example_dags/example_latest_only_with_trigger.py
[2025-11-22T20:52:05.292+0500] {logging_mixin.py:190} INFO - [2025-11-22T20:52:05.291+0500] {dag.py:3239} INFO - Sync 1 DAGs
[2025-11-22T20:52:05.337+0500] {logging_mixin.py:190} INFO - [2025-11-22T20:52:05.335+0500] {dag.py:4180} INFO - Setting next_dagrun for latest_only_with_trigger to 2025-11-22 08:00:00+00:00, run_after=2025-11-22 12:00:00+00:00
[2025-11-22T20:52:05.426+0500] {processor.py:208} INFO - Processing /mnt/c/Users/Raj/OneDrive - Åbo Akademi O365/banking/airflow/.venv/lib/python3.12/site-packages/airflow/example_dags/example_latest_only_with_trigger.py took 0.237 seconds
[2025-11-22T20:53:48.535+0500] {processor.py:186} INFO - Started process (PID=67553) to work on /mnt/c/Users/Raj/OneDrive - Åbo Akademi O365/banking/airflow/.venv/lib/python3.12/site-packages/airflow/example_dags/example_latest_only_with_trigger.py
[2025-11-22T20:53:48.539+0500] {processor.py:914} INFO - Processing file /mnt/c/Users/Raj/OneDrive - Åbo Akademi O365/banking/airflow/.venv/lib/python3.12/site-packages/airflow/example_dags/example_latest_only_with_trigger.py for tasks to queue
[2025-11-22T20:53:48.544+0500] {logging_mixin.py:190} INFO - [2025-11-22T20:53:48.542+0500] {dagbag.py:588} INFO - Filling up the DagBag from /mnt/c/Users/Raj/OneDrive - Åbo Akademi O365/banking/airflow/.venv/lib/python3.12/site-packages/airflow/example_dags/example_latest_only_with_trigger.py
[2025-11-22T20:53:48.585+0500] {processor.py:925} INFO - DAG(s) 'latest_only_with_trigger' retrieved from /mnt/c/Users/Raj/OneDrive - Åbo Akademi O365/banking/airflow/.venv/lib/python3.12/site-packages/airflow/example_dags/example_latest_only_with_trigger.py
[2025-11-22T20:53:48.625+0500] {logging_mixin.py:190} INFO - [2025-11-22T20:53:48.623+0500] {dag.py:3239} INFO - Sync 1 DAGs
[2025-11-22T20:53:48.676+0500] {logging_mixin.py:190} INFO - [2025-11-22T20:53:48.674+0500] {dag.py:4180} INFO - Setting next_dagrun for latest_only_with_trigger to 2025-11-22 08:00:00+00:00, run_after=2025-11-22 12:00:00+00:00
[2025-11-22T20:53:48.765+0500] {processor.py:208} INFO - Processing /mnt/c/Users/Raj/OneDrive - Åbo Akademi O365/banking/airflow/.venv/lib/python3.12/site-packages/airflow/example_dags/example_latest_only_with_trigger.py took 0.252 seconds
[2025-11-22T20:55:27.807+0500] {processor.py:186} INFO - Started process (PID=67716) to work on /mnt/c/Users/Raj/OneDrive - Åbo Akademi O365/banking/airflow/.venv/lib/python3.12/site-packages/airflow/example_dags/example_latest_only_with_trigger.py
[2025-11-22T20:55:27.809+0500] {processor.py:914} INFO - Processing file /mnt/c/Users/Raj/OneDrive - Åbo Akademi O365/banking/airflow/.venv/lib/python3.12/site-packages/airflow/example_dags/example_latest_only_with_trigger.py for tasks to queue
[2025-11-22T20:55:27.812+0500] {logging_mixin.py:190} INFO - [2025-11-22T20:55:27.811+0500] {dagbag.py:588} INFO - Filling up the DagBag from /mnt/c/Users/Raj/OneDrive - Åbo Akademi O365/banking/airflow/.venv/lib/python3.12/site-packages/airflow/example_dags/example_latest_only_with_trigger.py
[2025-11-22T20:55:27.839+0500] {processor.py:925} INFO - DAG(s) 'latest_only_with_trigger' retrieved from /mnt/c/Users/Raj/OneDrive - Åbo Akademi O365/banking/airflow/.venv/lib/python3.12/site-packages/airflow/example_dags/example_latest_only_with_trigger.py
[2025-11-22T20:55:27.884+0500] {logging_mixin.py:190} INFO - [2025-11-22T20:55:27.882+0500] {dag.py:3239} INFO - Sync 1 DAGs
[2025-11-22T20:55:27.926+0500] {logging_mixin.py:190} INFO - [2025-11-22T20:55:27.925+0500] {dag.py:4180} INFO - Setting next_dagrun for latest_only_with_trigger to 2025-11-22 08:00:00+00:00, run_after=2025-11-22 12:00:00+00:00
[2025-11-22T20:55:28.002+0500] {processor.py:208} INFO - Processing /mnt/c/Users/Raj/OneDrive - Åbo Akademi O365/banking/airflow/.venv/lib/python3.12/site-packages/airflow/example_dags/example_latest_only_with_trigger.py took 0.209 seconds
[2025-11-22T20:57:15.398+0500] {processor.py:186} INFO - Started process (PID=67793) to work on /mnt/c/Users/Raj/OneDrive - Åbo Akademi O365/banking/airflow/.venv/lib/python3.12/site-packages/airflow/example_dags/example_latest_only_with_trigger.py
[2025-11-22T20:57:15.401+0500] {processor.py:914} INFO - Processing file /mnt/c/Users/Raj/OneDrive - Åbo Akademi O365/banking/airflow/.venv/lib/python3.12/site-packages/airflow/example_dags/example_latest_only_with_trigger.py for tasks to queue
[2025-11-22T20:57:15.406+0500] {logging_mixin.py:190} INFO - [2025-11-22T20:57:15.404+0500] {dagbag.py:588} INFO - Filling up the DagBag from /mnt/c/Users/Raj/OneDrive - Åbo Akademi O365/banking/airflow/.venv/lib/python3.12/site-packages/airflow/example_dags/example_latest_only_with_trigger.py
[2025-11-22T20:57:15.435+0500] {processor.py:925} INFO - DAG(s) 'latest_only_with_trigger' retrieved from /mnt/c/Users/Raj/OneDrive - Åbo Akademi O365/banking/airflow/.venv/lib/python3.12/site-packages/airflow/example_dags/example_latest_only_with_trigger.py
[2025-11-22T20:57:15.470+0500] {logging_mixin.py:190} INFO - [2025-11-22T20:57:15.468+0500] {dag.py:3239} INFO - Sync 1 DAGs
[2025-11-22T20:57:15.503+0500] {logging_mixin.py:190} INFO - [2025-11-22T20:57:15.502+0500] {dag.py:4180} INFO - Setting next_dagrun for latest_only_with_trigger to 2025-11-22 08:00:00+00:00, run_after=2025-11-22 12:00:00+00:00
[2025-11-22T20:57:15.579+0500] {processor.py:208} INFO - Processing /mnt/c/Users/Raj/OneDrive - Åbo Akademi O365/banking/airflow/.venv/lib/python3.12/site-packages/airflow/example_dags/example_latest_only_with_trigger.py took 0.201 seconds
[2025-11-22T20:58:59.910+0500] {processor.py:186} INFO - Started process (PID=67874) to work on /mnt/c/Users/Raj/OneDrive - Åbo Akademi O365/banking/airflow/.venv/lib/python3.12/site-packages/airflow/example_dags/example_latest_only_with_trigger.py
[2025-11-22T20:58:59.912+0500] {processor.py:914} INFO - Processing file /mnt/c/Users/Raj/OneDrive - Åbo Akademi O365/banking/airflow/.venv/lib/python3.12/site-packages/airflow/example_dags/example_latest_only_with_trigger.py for tasks to queue
[2025-11-22T20:58:59.918+0500] {logging_mixin.py:190} INFO - [2025-11-22T20:58:59.915+0500] {dagbag.py:588} INFO - Filling up the DagBag from /mnt/c/Users/Raj/OneDrive - Åbo Akademi O365/banking/airflow/.venv/lib/python3.12/site-packages/airflow/example_dags/example_latest_only_with_trigger.py
[2025-11-22T20:58:59.953+0500] {processor.py:925} INFO - DAG(s) 'latest_only_with_trigger' retrieved from /mnt/c/Users/Raj/OneDrive - Åbo Akademi O365/banking/airflow/.venv/lib/python3.12/site-packages/airflow/example_dags/example_latest_only_with_trigger.py
[2025-11-22T20:59:00.004+0500] {logging_mixin.py:190} INFO - [2025-11-22T20:59:00.002+0500] {dag.py:3239} INFO - Sync 1 DAGs
[2025-11-22T20:59:00.051+0500] {logging_mixin.py:190} INFO - [2025-11-22T20:59:00.050+0500] {dag.py:4180} INFO - Setting next_dagrun for latest_only_with_trigger to 2025-11-22 08:00:00+00:00, run_after=2025-11-22 12:00:00+00:00
[2025-11-22T20:59:00.136+0500] {processor.py:208} INFO - Processing /mnt/c/Users/Raj/OneDrive - Åbo Akademi O365/banking/airflow/.venv/lib/python3.12/site-packages/airflow/example_dags/example_latest_only_with_trigger.py took 0.245 seconds
[2025-11-22T21:00:33.523+0500] {processor.py:186} INFO - Started process (PID=67952) to work on /mnt/c/Users/Raj/OneDrive - Åbo Akademi O365/banking/airflow/.venv/lib/python3.12/site-packages/airflow/example_dags/example_latest_only_with_trigger.py
[2025-11-22T21:00:33.525+0500] {processor.py:914} INFO - Processing file /mnt/c/Users/Raj/OneDrive - Åbo Akademi O365/banking/airflow/.venv/lib/python3.12/site-packages/airflow/example_dags/example_latest_only_with_trigger.py for tasks to queue
[2025-11-22T21:00:33.528+0500] {logging_mixin.py:190} INFO - [2025-11-22T21:00:33.527+0500] {dagbag.py:588} INFO - Filling up the DagBag from /mnt/c/Users/Raj/OneDrive - Åbo Akademi O365/banking/airflow/.venv/lib/python3.12/site-packages/airflow/example_dags/example_latest_only_with_trigger.py
[2025-11-22T21:00:33.551+0500] {processor.py:925} INFO - DAG(s) 'latest_only_with_trigger' retrieved from /mnt/c/Users/Raj/OneDrive - Åbo Akademi O365/banking/airflow/.venv/lib/python3.12/site-packages/airflow/example_dags/example_latest_only_with_trigger.py
[2025-11-22T21:00:33.588+0500] {logging_mixin.py:190} INFO - [2025-11-22T21:00:33.586+0500] {dag.py:3239} INFO - Sync 1 DAGs
[2025-11-22T21:00:33.621+0500] {logging_mixin.py:190} INFO - [2025-11-22T21:00:33.620+0500] {dag.py:4180} INFO - Setting next_dagrun for latest_only_with_trigger to 2025-11-22 12:00:00+00:00, run_after=2025-11-22 16:00:00+00:00
[2025-11-22T21:00:33.693+0500] {processor.py:208} INFO - Processing /mnt/c/Users/Raj/OneDrive - Åbo Akademi O365/banking/airflow/.venv/lib/python3.12/site-packages/airflow/example_dags/example_latest_only_with_trigger.py took 0.182 seconds
[2025-11-22T21:02:47.039+0500] {processor.py:186} INFO - Started process (PID=68056) to work on /mnt/c/Users/Raj/OneDrive - Åbo Akademi O365/banking/airflow/.venv/lib/python3.12/site-packages/airflow/example_dags/example_latest_only_with_trigger.py
[2025-11-22T21:02:47.042+0500] {processor.py:914} INFO - Processing file /mnt/c/Users/Raj/OneDrive - Åbo Akademi O365/banking/airflow/.venv/lib/python3.12/site-packages/airflow/example_dags/example_latest_only_with_trigger.py for tasks to queue
[2025-11-22T21:02:47.046+0500] {logging_mixin.py:190} INFO - [2025-11-22T21:02:47.045+0500] {dagbag.py:588} INFO - Filling up the DagBag from /mnt/c/Users/Raj/OneDrive - Åbo Akademi O365/banking/airflow/.venv/lib/python3.12/site-packages/airflow/example_dags/example_latest_only_with_trigger.py
[2025-11-22T21:02:47.083+0500] {processor.py:925} INFO - DAG(s) 'latest_only_with_trigger' retrieved from /mnt/c/Users/Raj/OneDrive - Åbo Akademi O365/banking/airflow/.venv/lib/python3.12/site-packages/airflow/example_dags/example_latest_only_with_trigger.py
[2025-11-22T21:02:47.126+0500] {logging_mixin.py:190} INFO - [2025-11-22T21:02:47.125+0500] {dag.py:3239} INFO - Sync 1 DAGs
[2025-11-22T21:02:47.170+0500] {logging_mixin.py:190} INFO - [2025-11-22T21:02:47.169+0500] {dag.py:4180} INFO - Setting next_dagrun for latest_only_with_trigger to 2025-11-22 12:00:00+00:00, run_after=2025-11-22 16:00:00+00:00
[2025-11-22T21:02:47.267+0500] {processor.py:208} INFO - Processing /mnt/c/Users/Raj/OneDrive - Åbo Akademi O365/banking/airflow/.venv/lib/python3.12/site-packages/airflow/example_dags/example_latest_only_with_trigger.py took 0.253 seconds
[2025-11-22T21:04:58.547+0500] {processor.py:186} INFO - Started process (PID=68180) to work on /mnt/c/Users/Raj/OneDrive - Åbo Akademi O365/banking/airflow/.venv/lib/python3.12/site-packages/airflow/example_dags/example_latest_only_with_trigger.py
[2025-11-22T21:04:58.550+0500] {processor.py:914} INFO - Processing file /mnt/c/Users/Raj/OneDrive - Åbo Akademi O365/banking/airflow/.venv/lib/python3.12/site-packages/airflow/example_dags/example_latest_only_with_trigger.py for tasks to queue
[2025-11-22T21:04:58.554+0500] {logging_mixin.py:190} INFO - [2025-11-22T21:04:58.553+0500] {dagbag.py:588} INFO - Filling up the DagBag from /mnt/c/Users/Raj/OneDrive - Åbo Akademi O365/banking/airflow/.venv/lib/python3.12/site-packages/airflow/example_dags/example_latest_only_with_trigger.py
[2025-11-22T21:04:58.590+0500] {processor.py:925} INFO - DAG(s) 'latest_only_with_trigger' retrieved from /mnt/c/Users/Raj/OneDrive - Åbo Akademi O365/banking/airflow/.venv/lib/python3.12/site-packages/airflow/example_dags/example_latest_only_with_trigger.py
[2025-11-22T21:04:58.637+0500] {logging_mixin.py:190} INFO - [2025-11-22T21:04:58.636+0500] {dag.py:3239} INFO - Sync 1 DAGs
[2025-11-22T21:04:58.674+0500] {logging_mixin.py:190} INFO - [2025-11-22T21:04:58.673+0500] {dag.py:4180} INFO - Setting next_dagrun for latest_only_with_trigger to 2025-11-22 12:00:00+00:00, run_after=2025-11-22 16:00:00+00:00
[2025-11-22T21:04:58.755+0500] {processor.py:208} INFO - Processing /mnt/c/Users/Raj/OneDrive - Åbo Akademi O365/banking/airflow/.venv/lib/python3.12/site-packages/airflow/example_dags/example_latest_only_with_trigger.py took 0.230 seconds
[2025-11-22T21:09:26.041+0500] {processor.py:186} INFO - Started process (PID=68363) to work on /mnt/c/Users/Raj/OneDrive - Åbo Akademi O365/banking/airflow/.venv/lib/python3.12/site-packages/airflow/example_dags/example_latest_only_with_trigger.py
[2025-11-22T21:09:26.043+0500] {processor.py:914} INFO - Processing file /mnt/c/Users/Raj/OneDrive - Åbo Akademi O365/banking/airflow/.venv/lib/python3.12/site-packages/airflow/example_dags/example_latest_only_with_trigger.py for tasks to queue
[2025-11-22T21:09:26.047+0500] {logging_mixin.py:190} INFO - [2025-11-22T21:09:26.045+0500] {dagbag.py:588} INFO - Filling up the DagBag from /mnt/c/Users/Raj/OneDrive - Åbo Akademi O365/banking/airflow/.venv/lib/python3.12/site-packages/airflow/example_dags/example_latest_only_with_trigger.py
[2025-11-22T21:09:26.074+0500] {processor.py:925} INFO - DAG(s) 'latest_only_with_trigger' retrieved from /mnt/c/Users/Raj/OneDrive - Åbo Akademi O365/banking/airflow/.venv/lib/python3.12/site-packages/airflow/example_dags/example_latest_only_with_trigger.py
[2025-11-22T21:09:26.260+0500] {logging_mixin.py:190} INFO - [2025-11-22T21:09:26.259+0500] {dag.py:3239} INFO - Sync 1 DAGs
[2025-11-22T21:09:26.293+0500] {logging_mixin.py:190} INFO - [2025-11-22T21:09:26.292+0500] {dag.py:4180} INFO - Setting next_dagrun for latest_only_with_trigger to 2025-11-22 12:00:00+00:00, run_after=2025-11-22 16:00:00+00:00
[2025-11-22T21:09:26.410+0500] {processor.py:208} INFO - Processing /mnt/c/Users/Raj/OneDrive - Åbo Akademi O365/banking/airflow/.venv/lib/python3.12/site-packages/airflow/example_dags/example_latest_only_with_trigger.py took 0.389 seconds
[2025-11-22T21:11:18.694+0500] {processor.py:186} INFO - Started process (PID=68450) to work on /mnt/c/Users/Raj/OneDrive - Åbo Akademi O365/banking/airflow/.venv/lib/python3.12/site-packages/airflow/example_dags/example_latest_only_with_trigger.py
[2025-11-22T21:11:18.696+0500] {processor.py:914} INFO - Processing file /mnt/c/Users/Raj/OneDrive - Åbo Akademi O365/banking/airflow/.venv/lib/python3.12/site-packages/airflow/example_dags/example_latest_only_with_trigger.py for tasks to queue
[2025-11-22T21:11:18.701+0500] {logging_mixin.py:190} INFO - [2025-11-22T21:11:18.699+0500] {dagbag.py:588} INFO - Filling up the DagBag from /mnt/c/Users/Raj/OneDrive - Åbo Akademi O365/banking/airflow/.venv/lib/python3.12/site-packages/airflow/example_dags/example_latest_only_with_trigger.py
[2025-11-22T21:11:18.733+0500] {processor.py:925} INFO - DAG(s) 'latest_only_with_trigger' retrieved from /mnt/c/Users/Raj/OneDrive - Åbo Akademi O365/banking/airflow/.venv/lib/python3.12/site-packages/airflow/example_dags/example_latest_only_with_trigger.py
[2025-11-22T21:11:18.772+0500] {logging_mixin.py:190} INFO - [2025-11-22T21:11:18.771+0500] {dag.py:3239} INFO - Sync 1 DAGs
[2025-11-22T21:11:18.988+0500] {logging_mixin.py:190} INFO - [2025-11-22T21:11:18.987+0500] {dag.py:4180} INFO - Setting next_dagrun for latest_only_with_trigger to 2025-11-22 12:00:00+00:00, run_after=2025-11-22 16:00:00+00:00
[2025-11-22T21:11:19.056+0500] {processor.py:208} INFO - Processing /mnt/c/Users/Raj/OneDrive - Åbo Akademi O365/banking/airflow/.venv/lib/python3.12/site-packages/airflow/example_dags/example_latest_only_with_trigger.py took 0.382 seconds
[2025-11-22T21:13:11.260+0500] {processor.py:186} INFO - Started process (PID=68532) to work on /mnt/c/Users/Raj/OneDrive - Åbo Akademi O365/banking/airflow/.venv/lib/python3.12/site-packages/airflow/example_dags/example_latest_only_with_trigger.py
[2025-11-22T21:13:11.262+0500] {processor.py:914} INFO - Processing file /mnt/c/Users/Raj/OneDrive - Åbo Akademi O365/banking/airflow/.venv/lib/python3.12/site-packages/airflow/example_dags/example_latest_only_with_trigger.py for tasks to queue
[2025-11-22T21:13:11.265+0500] {logging_mixin.py:190} INFO - [2025-11-22T21:13:11.264+0500] {dagbag.py:588} INFO - Filling up the DagBag from /mnt/c/Users/Raj/OneDrive - Åbo Akademi O365/banking/airflow/.venv/lib/python3.12/site-packages/airflow/example_dags/example_latest_only_with_trigger.py
[2025-11-22T21:13:11.288+0500] {processor.py:925} INFO - DAG(s) 'latest_only_with_trigger' retrieved from /mnt/c/Users/Raj/OneDrive - Åbo Akademi O365/banking/airflow/.venv/lib/python3.12/site-packages/airflow/example_dags/example_latest_only_with_trigger.py
[2025-11-22T21:13:11.330+0500] {logging_mixin.py:190} INFO - [2025-11-22T21:13:11.328+0500] {dag.py:3239} INFO - Sync 1 DAGs
[2025-11-22T21:13:11.371+0500] {logging_mixin.py:190} INFO - [2025-11-22T21:13:11.370+0500] {dag.py:4180} INFO - Setting next_dagrun for latest_only_with_trigger to 2025-11-22 12:00:00+00:00, run_after=2025-11-22 16:00:00+00:00
[2025-11-22T21:13:11.442+0500] {processor.py:208} INFO - Processing /mnt/c/Users/Raj/OneDrive - Åbo Akademi O365/banking/airflow/.venv/lib/python3.12/site-packages/airflow/example_dags/example_latest_only_with_trigger.py took 0.200 seconds
[2025-11-22T21:14:52.695+0500] {processor.py:186} INFO - Started process (PID=68613) to work on /mnt/c/Users/Raj/OneDrive - Åbo Akademi O365/banking/airflow/.venv/lib/python3.12/site-packages/airflow/example_dags/example_latest_only_with_trigger.py
[2025-11-22T21:14:52.697+0500] {processor.py:914} INFO - Processing file /mnt/c/Users/Raj/OneDrive - Åbo Akademi O365/banking/airflow/.venv/lib/python3.12/site-packages/airflow/example_dags/example_latest_only_with_trigger.py for tasks to queue
[2025-11-22T21:14:52.700+0500] {logging_mixin.py:190} INFO - [2025-11-22T21:14:52.699+0500] {dagbag.py:588} INFO - Filling up the DagBag from /mnt/c/Users/Raj/OneDrive - Åbo Akademi O365/banking/airflow/.venv/lib/python3.12/site-packages/airflow/example_dags/example_latest_only_with_trigger.py
[2025-11-22T21:14:52.723+0500] {processor.py:925} INFO - DAG(s) 'latest_only_with_trigger' retrieved from /mnt/c/Users/Raj/OneDrive - Åbo Akademi O365/banking/airflow/.venv/lib/python3.12/site-packages/airflow/example_dags/example_latest_only_with_trigger.py
[2025-11-22T21:14:52.759+0500] {logging_mixin.py:190} INFO - [2025-11-22T21:14:52.758+0500] {dag.py:3239} INFO - Sync 1 DAGs
[2025-11-22T21:14:52.792+0500] {logging_mixin.py:190} INFO - [2025-11-22T21:14:52.791+0500] {dag.py:4180} INFO - Setting next_dagrun for latest_only_with_trigger to 2025-11-22 12:00:00+00:00, run_after=2025-11-22 16:00:00+00:00
[2025-11-22T21:14:52.872+0500] {processor.py:208} INFO - Processing /mnt/c/Users/Raj/OneDrive - Åbo Akademi O365/banking/airflow/.venv/lib/python3.12/site-packages/airflow/example_dags/example_latest_only_with_trigger.py took 0.194 seconds
[2025-11-22T21:16:30.253+0500] {processor.py:186} INFO - Started process (PID=68692) to work on /mnt/c/Users/Raj/OneDrive - Åbo Akademi O365/banking/airflow/.venv/lib/python3.12/site-packages/airflow/example_dags/example_latest_only_with_trigger.py
[2025-11-22T21:16:30.255+0500] {processor.py:914} INFO - Processing file /mnt/c/Users/Raj/OneDrive - Åbo Akademi O365/banking/airflow/.venv/lib/python3.12/site-packages/airflow/example_dags/example_latest_only_with_trigger.py for tasks to queue
[2025-11-22T21:16:30.257+0500] {logging_mixin.py:190} INFO - [2025-11-22T21:16:30.256+0500] {dagbag.py:588} INFO - Filling up the DagBag from /mnt/c/Users/Raj/OneDrive - Åbo Akademi O365/banking/airflow/.venv/lib/python3.12/site-packages/airflow/example_dags/example_latest_only_with_trigger.py
[2025-11-22T21:16:30.278+0500] {processor.py:925} INFO - DAG(s) 'latest_only_with_trigger' retrieved from /mnt/c/Users/Raj/OneDrive - Åbo Akademi O365/banking/airflow/.venv/lib/python3.12/site-packages/airflow/example_dags/example_latest_only_with_trigger.py
[2025-11-22T21:16:30.319+0500] {logging_mixin.py:190} INFO - [2025-11-22T21:16:30.318+0500] {dag.py:3239} INFO - Sync 1 DAGs
[2025-11-22T21:16:30.347+0500] {logging_mixin.py:190} INFO - [2025-11-22T21:16:30.346+0500] {dag.py:4180} INFO - Setting next_dagrun for latest_only_with_trigger to 2025-11-22 12:00:00+00:00, run_after=2025-11-22 16:00:00+00:00
[2025-11-22T21:16:30.416+0500] {processor.py:208} INFO - Processing /mnt/c/Users/Raj/OneDrive - Åbo Akademi O365/banking/airflow/.venv/lib/python3.12/site-packages/airflow/example_dags/example_latest_only_with_trigger.py took 0.179 seconds
[2025-11-22T21:18:11.559+0500] {processor.py:186} INFO - Started process (PID=68774) to work on /mnt/c/Users/Raj/OneDrive - Åbo Akademi O365/banking/airflow/.venv/lib/python3.12/site-packages/airflow/example_dags/example_latest_only_with_trigger.py
[2025-11-22T21:18:11.562+0500] {processor.py:914} INFO - Processing file /mnt/c/Users/Raj/OneDrive - Åbo Akademi O365/banking/airflow/.venv/lib/python3.12/site-packages/airflow/example_dags/example_latest_only_with_trigger.py for tasks to queue
[2025-11-22T21:18:11.567+0500] {logging_mixin.py:190} INFO - [2025-11-22T21:18:11.565+0500] {dagbag.py:588} INFO - Filling up the DagBag from /mnt/c/Users/Raj/OneDrive - Åbo Akademi O365/banking/airflow/.venv/lib/python3.12/site-packages/airflow/example_dags/example_latest_only_with_trigger.py
[2025-11-22T21:18:11.594+0500] {processor.py:925} INFO - DAG(s) 'latest_only_with_trigger' retrieved from /mnt/c/Users/Raj/OneDrive - Åbo Akademi O365/banking/airflow/.venv/lib/python3.12/site-packages/airflow/example_dags/example_latest_only_with_trigger.py
[2025-11-22T21:18:11.630+0500] {logging_mixin.py:190} INFO - [2025-11-22T21:18:11.629+0500] {dag.py:3239} INFO - Sync 1 DAGs
[2025-11-22T21:18:11.665+0500] {logging_mixin.py:190} INFO - [2025-11-22T21:18:11.664+0500] {dag.py:4180} INFO - Setting next_dagrun for latest_only_with_trigger to 2025-11-22 12:00:00+00:00, run_after=2025-11-22 16:00:00+00:00
[2025-11-22T21:18:11.739+0500] {processor.py:208} INFO - Processing /mnt/c/Users/Raj/OneDrive - Åbo Akademi O365/banking/airflow/.venv/lib/python3.12/site-packages/airflow/example_dags/example_latest_only_with_trigger.py took 0.213 seconds
[2025-11-22T21:19:55.498+0500] {processor.py:186} INFO - Started process (PID=68850) to work on /mnt/c/Users/Raj/OneDrive - Åbo Akademi O365/banking/airflow/.venv/lib/python3.12/site-packages/airflow/example_dags/example_latest_only_with_trigger.py
[2025-11-22T21:19:55.500+0500] {processor.py:914} INFO - Processing file /mnt/c/Users/Raj/OneDrive - Åbo Akademi O365/banking/airflow/.venv/lib/python3.12/site-packages/airflow/example_dags/example_latest_only_with_trigger.py for tasks to queue
[2025-11-22T21:19:55.503+0500] {logging_mixin.py:190} INFO - [2025-11-22T21:19:55.502+0500] {dagbag.py:588} INFO - Filling up the DagBag from /mnt/c/Users/Raj/OneDrive - Åbo Akademi O365/banking/airflow/.venv/lib/python3.12/site-packages/airflow/example_dags/example_latest_only_with_trigger.py
[2025-11-22T21:19:55.528+0500] {processor.py:925} INFO - DAG(s) 'latest_only_with_trigger' retrieved from /mnt/c/Users/Raj/OneDrive - Åbo Akademi O365/banking/airflow/.venv/lib/python3.12/site-packages/airflow/example_dags/example_latest_only_with_trigger.py
[2025-11-22T21:19:55.563+0500] {logging_mixin.py:190} INFO - [2025-11-22T21:19:55.562+0500] {dag.py:3239} INFO - Sync 1 DAGs
[2025-11-22T21:19:55.603+0500] {logging_mixin.py:190} INFO - [2025-11-22T21:19:55.602+0500] {dag.py:4180} INFO - Setting next_dagrun for latest_only_with_trigger to 2025-11-22 12:00:00+00:00, run_after=2025-11-22 16:00:00+00:00
[2025-11-22T21:19:55.680+0500] {processor.py:208} INFO - Processing /mnt/c/Users/Raj/OneDrive - Åbo Akademi O365/banking/airflow/.venv/lib/python3.12/site-packages/airflow/example_dags/example_latest_only_with_trigger.py took 0.202 seconds
[2025-11-22T21:21:40.503+0500] {processor.py:186} INFO - Started process (PID=68933) to work on /mnt/c/Users/Raj/OneDrive - Åbo Akademi O365/banking/airflow/.venv/lib/python3.12/site-packages/airflow/example_dags/example_latest_only_with_trigger.py
[2025-11-22T21:21:40.506+0500] {processor.py:914} INFO - Processing file /mnt/c/Users/Raj/OneDrive - Åbo Akademi O365/banking/airflow/.venv/lib/python3.12/site-packages/airflow/example_dags/example_latest_only_with_trigger.py for tasks to queue
[2025-11-22T21:21:40.509+0500] {logging_mixin.py:190} INFO - [2025-11-22T21:21:40.508+0500] {dagbag.py:588} INFO - Filling up the DagBag from /mnt/c/Users/Raj/OneDrive - Åbo Akademi O365/banking/airflow/.venv/lib/python3.12/site-packages/airflow/example_dags/example_latest_only_with_trigger.py
[2025-11-22T21:21:40.539+0500] {processor.py:925} INFO - DAG(s) 'latest_only_with_trigger' retrieved from /mnt/c/Users/Raj/OneDrive - Åbo Akademi O365/banking/airflow/.venv/lib/python3.12/site-packages/airflow/example_dags/example_latest_only_with_trigger.py
[2025-11-22T21:21:40.585+0500] {logging_mixin.py:190} INFO - [2025-11-22T21:21:40.583+0500] {dag.py:3239} INFO - Sync 1 DAGs
[2025-11-22T21:21:40.626+0500] {logging_mixin.py:190} INFO - [2025-11-22T21:21:40.624+0500] {dag.py:4180} INFO - Setting next_dagrun for latest_only_with_trigger to 2025-11-22 12:00:00+00:00, run_after=2025-11-22 16:00:00+00:00
[2025-11-22T21:21:40.704+0500] {processor.py:208} INFO - Processing /mnt/c/Users/Raj/OneDrive - Åbo Akademi O365/banking/airflow/.venv/lib/python3.12/site-packages/airflow/example_dags/example_latest_only_with_trigger.py took 0.222 seconds
[2025-11-22T21:23:23.435+0500] {processor.py:186} INFO - Started process (PID=69013) to work on /mnt/c/Users/Raj/OneDrive - Åbo Akademi O365/banking/airflow/.venv/lib/python3.12/site-packages/airflow/example_dags/example_latest_only_with_trigger.py
[2025-11-22T21:23:23.438+0500] {processor.py:914} INFO - Processing file /mnt/c/Users/Raj/OneDrive - Åbo Akademi O365/banking/airflow/.venv/lib/python3.12/site-packages/airflow/example_dags/example_latest_only_with_trigger.py for tasks to queue
[2025-11-22T21:23:23.442+0500] {logging_mixin.py:190} INFO - [2025-11-22T21:23:23.440+0500] {dagbag.py:588} INFO - Filling up the DagBag from /mnt/c/Users/Raj/OneDrive - Åbo Akademi O365/banking/airflow/.venv/lib/python3.12/site-packages/airflow/example_dags/example_latest_only_with_trigger.py
[2025-11-22T21:23:23.476+0500] {processor.py:925} INFO - DAG(s) 'latest_only_with_trigger' retrieved from /mnt/c/Users/Raj/OneDrive - Åbo Akademi O365/banking/airflow/.venv/lib/python3.12/site-packages/airflow/example_dags/example_latest_only_with_trigger.py
[2025-11-22T21:23:23.516+0500] {logging_mixin.py:190} INFO - [2025-11-22T21:23:23.515+0500] {dag.py:3239} INFO - Sync 1 DAGs
[2025-11-22T21:23:23.559+0500] {logging_mixin.py:190} INFO - [2025-11-22T21:23:23.558+0500] {dag.py:4180} INFO - Setting next_dagrun for latest_only_with_trigger to 2025-11-22 12:00:00+00:00, run_after=2025-11-22 16:00:00+00:00
[2025-11-22T21:23:23.641+0500] {processor.py:208} INFO - Processing /mnt/c/Users/Raj/OneDrive - Åbo Akademi O365/banking/airflow/.venv/lib/python3.12/site-packages/airflow/example_dags/example_latest_only_with_trigger.py took 0.228 seconds
