[2025-11-22T20:15:38.930+0500] {processor.py:186} INFO - Started process (PID=65740) to work on /mnt/c/Users/Raj/OneDrive - Åbo Akademi O365/banking/airflow/.venv/lib/python3.12/site-packages/airflow/example_dags/example_python_decorator.py
[2025-11-22T20:15:38.932+0500] {processor.py:914} INFO - Processing file /mnt/c/Users/Raj/OneDrive - Åbo Akademi O365/banking/airflow/.venv/lib/python3.12/site-packages/airflow/example_dags/example_python_decorator.py for tasks to queue
[2025-11-22T20:15:38.935+0500] {logging_mixin.py:190} INFO - [2025-11-22T20:15:38.934+0500] {dagbag.py:588} INFO - Filling up the DagBag from /mnt/c/Users/Raj/OneDrive - Åbo Akademi O365/banking/airflow/.venv/lib/python3.12/site-packages/airflow/example_dags/example_python_decorator.py
[2025-11-22T20:15:39.022+0500] {processor.py:925} INFO - DAG(s) 'example_python_decorator' retrieved from /mnt/c/Users/Raj/OneDrive - Åbo Akademi O365/banking/airflow/.venv/lib/python3.12/site-packages/airflow/example_dags/example_python_decorator.py
[2025-11-22T20:15:39.104+0500] {logging_mixin.py:190} INFO - [2025-11-22T20:15:39.103+0500] {dag.py:3239} INFO - Sync 1 DAGs
[2025-11-22T20:15:39.134+0500] {logging_mixin.py:190} INFO - [2025-11-22T20:15:39.132+0500] {dag.py:4180} INFO - Setting next_dagrun for example_python_decorator to None, run_after=None
[2025-11-22T20:15:39.219+0500] {processor.py:208} INFO - Processing /mnt/c/Users/Raj/OneDrive - Åbo Akademi O365/banking/airflow/.venv/lib/python3.12/site-packages/airflow/example_dags/example_python_decorator.py took 0.303 seconds
[2025-11-22T20:17:30.583+0500] {processor.py:186} INFO - Started process (PID=65838) to work on /mnt/c/Users/Raj/OneDrive - Åbo Akademi O365/banking/airflow/.venv/lib/python3.12/site-packages/airflow/example_dags/example_python_decorator.py
[2025-11-22T20:17:30.586+0500] {processor.py:914} INFO - Processing file /mnt/c/Users/Raj/OneDrive - Åbo Akademi O365/banking/airflow/.venv/lib/python3.12/site-packages/airflow/example_dags/example_python_decorator.py for tasks to queue
[2025-11-22T20:17:30.590+0500] {logging_mixin.py:190} INFO - [2025-11-22T20:17:30.588+0500] {dagbag.py:588} INFO - Filling up the DagBag from /mnt/c/Users/Raj/OneDrive - Åbo Akademi O365/banking/airflow/.venv/lib/python3.12/site-packages/airflow/example_dags/example_python_decorator.py
[2025-11-22T20:17:30.661+0500] {processor.py:925} INFO - DAG(s) 'example_python_decorator' retrieved from /mnt/c/Users/Raj/OneDrive - Åbo Akademi O365/banking/airflow/.venv/lib/python3.12/site-packages/airflow/example_dags/example_python_decorator.py
[2025-11-22T20:17:30.731+0500] {logging_mixin.py:190} INFO - [2025-11-22T20:17:30.730+0500] {dag.py:3239} INFO - Sync 1 DAGs
[2025-11-22T20:17:30.779+0500] {logging_mixin.py:190} INFO - [2025-11-22T20:17:30.778+0500] {dag.py:4180} INFO - Setting next_dagrun for example_python_decorator to None, run_after=None
[2025-11-22T20:17:30.872+0500] {processor.py:208} INFO - Processing /mnt/c/Users/Raj/OneDrive - Åbo Akademi O365/banking/airflow/.venv/lib/python3.12/site-packages/airflow/example_dags/example_python_decorator.py took 0.321 seconds
[2025-11-22T20:20:45.797+0500] {processor.py:186} INFO - Started process (PID=65925) to work on /mnt/c/Users/Raj/OneDrive - Åbo Akademi O365/banking/airflow/.venv/lib/python3.12/site-packages/airflow/example_dags/example_python_decorator.py
[2025-11-22T20:20:45.800+0500] {processor.py:914} INFO - Processing file /mnt/c/Users/Raj/OneDrive - Åbo Akademi O365/banking/airflow/.venv/lib/python3.12/site-packages/airflow/example_dags/example_python_decorator.py for tasks to queue
[2025-11-22T20:20:45.806+0500] {logging_mixin.py:190} INFO - [2025-11-22T20:20:45.804+0500] {dagbag.py:588} INFO - Filling up the DagBag from /mnt/c/Users/Raj/OneDrive - Åbo Akademi O365/banking/airflow/.venv/lib/python3.12/site-packages/airflow/example_dags/example_python_decorator.py
[2025-11-22T20:20:45.926+0500] {processor.py:925} INFO - DAG(s) 'example_python_decorator' retrieved from /mnt/c/Users/Raj/OneDrive - Åbo Akademi O365/banking/airflow/.venv/lib/python3.12/site-packages/airflow/example_dags/example_python_decorator.py
[2025-11-22T20:20:47.565+0500] {logging_mixin.py:190} INFO - [2025-11-22T20:20:47.563+0500] {dag.py:3239} INFO - Sync 1 DAGs
[2025-11-22T20:20:47.590+0500] {logging_mixin.py:190} INFO - [2025-11-22T20:20:47.588+0500] {dag.py:4180} INFO - Setting next_dagrun for example_python_decorator to None, run_after=None
[2025-11-22T20:20:47.683+0500] {processor.py:208} INFO - Processing /mnt/c/Users/Raj/OneDrive - Åbo Akademi O365/banking/airflow/.venv/lib/python3.12/site-packages/airflow/example_dags/example_python_decorator.py took 1.905 seconds
[2025-11-22T20:22:27.140+0500] {processor.py:186} INFO - Started process (PID=66017) to work on /mnt/c/Users/Raj/OneDrive - Åbo Akademi O365/banking/airflow/.venv/lib/python3.12/site-packages/airflow/example_dags/example_python_decorator.py
[2025-11-22T20:22:27.145+0500] {processor.py:914} INFO - Processing file /mnt/c/Users/Raj/OneDrive - Åbo Akademi O365/banking/airflow/.venv/lib/python3.12/site-packages/airflow/example_dags/example_python_decorator.py for tasks to queue
[2025-11-22T20:22:27.151+0500] {logging_mixin.py:190} INFO - [2025-11-22T20:22:27.149+0500] {dagbag.py:588} INFO - Filling up the DagBag from /mnt/c/Users/Raj/OneDrive - Åbo Akademi O365/banking/airflow/.venv/lib/python3.12/site-packages/airflow/example_dags/example_python_decorator.py
[2025-11-22T20:22:27.279+0500] {processor.py:925} INFO - DAG(s) 'example_python_decorator' retrieved from /mnt/c/Users/Raj/OneDrive - Åbo Akademi O365/banking/airflow/.venv/lib/python3.12/site-packages/airflow/example_dags/example_python_decorator.py
[2025-11-22T20:22:27.320+0500] {logging_mixin.py:190} INFO - [2025-11-22T20:22:27.319+0500] {dag.py:3239} INFO - Sync 1 DAGs
[2025-11-22T20:22:27.340+0500] {logging_mixin.py:190} INFO - [2025-11-22T20:22:27.339+0500] {dag.py:4180} INFO - Setting next_dagrun for example_python_decorator to None, run_after=None
[2025-11-22T20:22:27.409+0500] {processor.py:208} INFO - Processing /mnt/c/Users/Raj/OneDrive - Åbo Akademi O365/banking/airflow/.venv/lib/python3.12/site-packages/airflow/example_dags/example_python_decorator.py took 0.289 seconds
[2025-11-22T20:24:30.358+0500] {processor.py:186} INFO - Started process (PID=66109) to work on /mnt/c/Users/Raj/OneDrive - Åbo Akademi O365/banking/airflow/.venv/lib/python3.12/site-packages/airflow/example_dags/example_python_decorator.py
[2025-11-22T20:24:30.361+0500] {processor.py:914} INFO - Processing file /mnt/c/Users/Raj/OneDrive - Åbo Akademi O365/banking/airflow/.venv/lib/python3.12/site-packages/airflow/example_dags/example_python_decorator.py for tasks to queue
[2025-11-22T20:24:30.371+0500] {logging_mixin.py:190} INFO - [2025-11-22T20:24:30.369+0500] {dagbag.py:588} INFO - Filling up the DagBag from /mnt/c/Users/Raj/OneDrive - Åbo Akademi O365/banking/airflow/.venv/lib/python3.12/site-packages/airflow/example_dags/example_python_decorator.py
[2025-11-22T20:24:30.506+0500] {processor.py:925} INFO - DAG(s) 'example_python_decorator' retrieved from /mnt/c/Users/Raj/OneDrive - Åbo Akademi O365/banking/airflow/.venv/lib/python3.12/site-packages/airflow/example_dags/example_python_decorator.py
[2025-11-22T20:24:30.552+0500] {logging_mixin.py:190} INFO - [2025-11-22T20:24:30.551+0500] {dag.py:3239} INFO - Sync 1 DAGs
[2025-11-22T20:24:30.572+0500] {logging_mixin.py:190} INFO - [2025-11-22T20:24:30.571+0500] {dag.py:4180} INFO - Setting next_dagrun for example_python_decorator to None, run_after=None
[2025-11-22T20:24:30.647+0500] {processor.py:208} INFO - Processing /mnt/c/Users/Raj/OneDrive - Åbo Akademi O365/banking/airflow/.venv/lib/python3.12/site-packages/airflow/example_dags/example_python_decorator.py took 0.318 seconds
[2025-11-22T20:27:57.816+0500] {processor.py:186} INFO - Started process (PID=66253) to work on /mnt/c/Users/Raj/OneDrive - Åbo Akademi O365/banking/airflow/.venv/lib/python3.12/site-packages/airflow/example_dags/example_python_decorator.py
[2025-11-22T20:27:57.819+0500] {processor.py:914} INFO - Processing file /mnt/c/Users/Raj/OneDrive - Åbo Akademi O365/banking/airflow/.venv/lib/python3.12/site-packages/airflow/example_dags/example_python_decorator.py for tasks to queue
[2025-11-22T20:27:57.823+0500] {logging_mixin.py:190} INFO - [2025-11-22T20:27:57.821+0500] {dagbag.py:588} INFO - Filling up the DagBag from /mnt/c/Users/Raj/OneDrive - Åbo Akademi O365/banking/airflow/.venv/lib/python3.12/site-packages/airflow/example_dags/example_python_decorator.py
[2025-11-22T20:27:57.873+0500] {processor.py:925} INFO - DAG(s) 'example_python_decorator' retrieved from /mnt/c/Users/Raj/OneDrive - Åbo Akademi O365/banking/airflow/.venv/lib/python3.12/site-packages/airflow/example_dags/example_python_decorator.py
[2025-11-22T20:27:57.930+0500] {logging_mixin.py:190} INFO - [2025-11-22T20:27:57.928+0500] {dag.py:3239} INFO - Sync 1 DAGs
[2025-11-22T20:27:57.950+0500] {logging_mixin.py:190} INFO - [2025-11-22T20:27:57.948+0500] {dag.py:4180} INFO - Setting next_dagrun for example_python_decorator to None, run_after=None
[2025-11-22T20:27:58.027+0500] {processor.py:208} INFO - Processing /mnt/c/Users/Raj/OneDrive - Åbo Akademi O365/banking/airflow/.venv/lib/python3.12/site-packages/airflow/example_dags/example_python_decorator.py took 0.229 seconds
[2025-11-22T20:29:21.486+0500] {processor.py:186} INFO - Started process (PID=66342) to work on /mnt/c/Users/Raj/OneDrive - Åbo Akademi O365/banking/airflow/.venv/lib/python3.12/site-packages/airflow/example_dags/example_python_decorator.py
[2025-11-22T20:29:21.489+0500] {processor.py:914} INFO - Processing file /mnt/c/Users/Raj/OneDrive - Åbo Akademi O365/banking/airflow/.venv/lib/python3.12/site-packages/airflow/example_dags/example_python_decorator.py for tasks to queue
[2025-11-22T20:29:21.494+0500] {logging_mixin.py:190} INFO - [2025-11-22T20:29:21.492+0500] {dagbag.py:588} INFO - Filling up the DagBag from /mnt/c/Users/Raj/OneDrive - Åbo Akademi O365/banking/airflow/.venv/lib/python3.12/site-packages/airflow/example_dags/example_python_decorator.py
[2025-11-22T20:29:21.548+0500] {processor.py:925} INFO - DAG(s) 'example_python_decorator' retrieved from /mnt/c/Users/Raj/OneDrive - Åbo Akademi O365/banking/airflow/.venv/lib/python3.12/site-packages/airflow/example_dags/example_python_decorator.py
[2025-11-22T20:29:21.592+0500] {logging_mixin.py:190} INFO - [2025-11-22T20:29:21.591+0500] {dag.py:3239} INFO - Sync 1 DAGs
[2025-11-22T20:29:21.613+0500] {logging_mixin.py:190} INFO - [2025-11-22T20:29:21.612+0500] {dag.py:4180} INFO - Setting next_dagrun for example_python_decorator to None, run_after=None
[2025-11-22T20:29:21.719+0500] {processor.py:208} INFO - Processing /mnt/c/Users/Raj/OneDrive - Åbo Akademi O365/banking/airflow/.venv/lib/python3.12/site-packages/airflow/example_dags/example_python_decorator.py took 0.250 seconds
[2025-11-22T20:32:07.801+0500] {processor.py:186} INFO - Started process (PID=66470) to work on /mnt/c/Users/Raj/OneDrive - Åbo Akademi O365/banking/airflow/.venv/lib/python3.12/site-packages/airflow/example_dags/example_python_decorator.py
[2025-11-22T20:32:07.804+0500] {processor.py:914} INFO - Processing file /mnt/c/Users/Raj/OneDrive - Åbo Akademi O365/banking/airflow/.venv/lib/python3.12/site-packages/airflow/example_dags/example_python_decorator.py for tasks to queue
[2025-11-22T20:32:07.808+0500] {logging_mixin.py:190} INFO - [2025-11-22T20:32:07.806+0500] {dagbag.py:588} INFO - Filling up the DagBag from /mnt/c/Users/Raj/OneDrive - Åbo Akademi O365/banking/airflow/.venv/lib/python3.12/site-packages/airflow/example_dags/example_python_decorator.py
[2025-11-22T20:32:07.874+0500] {processor.py:925} INFO - DAG(s) 'example_python_decorator' retrieved from /mnt/c/Users/Raj/OneDrive - Åbo Akademi O365/banking/airflow/.venv/lib/python3.12/site-packages/airflow/example_dags/example_python_decorator.py
[2025-11-22T20:32:07.917+0500] {logging_mixin.py:190} INFO - [2025-11-22T20:32:07.916+0500] {dag.py:3239} INFO - Sync 1 DAGs
[2025-11-22T20:32:07.945+0500] {logging_mixin.py:190} INFO - [2025-11-22T20:32:07.944+0500] {dag.py:4180} INFO - Setting next_dagrun for example_python_decorator to None, run_after=None
[2025-11-22T20:32:08.028+0500] {processor.py:208} INFO - Processing /mnt/c/Users/Raj/OneDrive - Åbo Akademi O365/banking/airflow/.venv/lib/python3.12/site-packages/airflow/example_dags/example_python_decorator.py took 0.254 seconds
[2025-11-22T20:33:40.050+0500] {processor.py:186} INFO - Started process (PID=66543) to work on /mnt/c/Users/Raj/OneDrive - Åbo Akademi O365/banking/airflow/.venv/lib/python3.12/site-packages/airflow/example_dags/example_python_decorator.py
[2025-11-22T20:33:40.055+0500] {processor.py:914} INFO - Processing file /mnt/c/Users/Raj/OneDrive - Åbo Akademi O365/banking/airflow/.venv/lib/python3.12/site-packages/airflow/example_dags/example_python_decorator.py for tasks to queue
[2025-11-22T20:33:40.061+0500] {logging_mixin.py:190} INFO - [2025-11-22T20:33:40.059+0500] {dagbag.py:588} INFO - Filling up the DagBag from /mnt/c/Users/Raj/OneDrive - Åbo Akademi O365/banking/airflow/.venv/lib/python3.12/site-packages/airflow/example_dags/example_python_decorator.py
[2025-11-22T20:33:40.140+0500] {processor.py:925} INFO - DAG(s) 'example_python_decorator' retrieved from /mnt/c/Users/Raj/OneDrive - Åbo Akademi O365/banking/airflow/.venv/lib/python3.12/site-packages/airflow/example_dags/example_python_decorator.py
[2025-11-22T20:33:40.204+0500] {logging_mixin.py:190} INFO - [2025-11-22T20:33:40.203+0500] {dag.py:3239} INFO - Sync 1 DAGs
[2025-11-22T20:33:40.239+0500] {logging_mixin.py:190} INFO - [2025-11-22T20:33:40.238+0500] {dag.py:4180} INFO - Setting next_dagrun for example_python_decorator to None, run_after=None
[2025-11-22T20:33:40.379+0500] {processor.py:208} INFO - Processing /mnt/c/Users/Raj/OneDrive - Åbo Akademi O365/banking/airflow/.venv/lib/python3.12/site-packages/airflow/example_dags/example_python_decorator.py took 0.351 seconds
[2025-11-22T20:34:56.194+0500] {processor.py:186} INFO - Started process (PID=66605) to work on /mnt/c/Users/Raj/OneDrive - Åbo Akademi O365/banking/airflow/.venv/lib/python3.12/site-packages/airflow/example_dags/example_python_decorator.py
[2025-11-22T20:34:56.197+0500] {processor.py:914} INFO - Processing file /mnt/c/Users/Raj/OneDrive - Åbo Akademi O365/banking/airflow/.venv/lib/python3.12/site-packages/airflow/example_dags/example_python_decorator.py for tasks to queue
[2025-11-22T20:34:56.201+0500] {logging_mixin.py:190} INFO - [2025-11-22T20:34:56.199+0500] {dagbag.py:588} INFO - Filling up the DagBag from /mnt/c/Users/Raj/OneDrive - Åbo Akademi O365/banking/airflow/.venv/lib/python3.12/site-packages/airflow/example_dags/example_python_decorator.py
[2025-11-22T20:34:56.250+0500] {processor.py:925} INFO - DAG(s) 'example_python_decorator' retrieved from /mnt/c/Users/Raj/OneDrive - Åbo Akademi O365/banking/airflow/.venv/lib/python3.12/site-packages/airflow/example_dags/example_python_decorator.py
[2025-11-22T20:34:56.294+0500] {logging_mixin.py:190} INFO - [2025-11-22T20:34:56.293+0500] {dag.py:3239} INFO - Sync 1 DAGs
[2025-11-22T20:34:56.333+0500] {logging_mixin.py:190} INFO - [2025-11-22T20:34:56.327+0500] {dag.py:4180} INFO - Setting next_dagrun for example_python_decorator to None, run_after=None
[2025-11-22T20:34:56.618+0500] {processor.py:208} INFO - Processing /mnt/c/Users/Raj/OneDrive - Åbo Akademi O365/banking/airflow/.venv/lib/python3.12/site-packages/airflow/example_dags/example_python_decorator.py took 0.442 seconds
[2025-11-22T20:37:29.755+0500] {processor.py:186} INFO - Started process (PID=66710) to work on /mnt/c/Users/Raj/OneDrive - Åbo Akademi O365/banking/airflow/.venv/lib/python3.12/site-packages/airflow/example_dags/example_python_decorator.py
[2025-11-22T20:37:29.758+0500] {processor.py:914} INFO - Processing file /mnt/c/Users/Raj/OneDrive - Åbo Akademi O365/banking/airflow/.venv/lib/python3.12/site-packages/airflow/example_dags/example_python_decorator.py for tasks to queue
[2025-11-22T20:37:29.767+0500] {logging_mixin.py:190} INFO - [2025-11-22T20:37:29.761+0500] {dagbag.py:588} INFO - Filling up the DagBag from /mnt/c/Users/Raj/OneDrive - Åbo Akademi O365/banking/airflow/.venv/lib/python3.12/site-packages/airflow/example_dags/example_python_decorator.py
[2025-11-22T20:37:29.836+0500] {processor.py:925} INFO - DAG(s) 'example_python_decorator' retrieved from /mnt/c/Users/Raj/OneDrive - Åbo Akademi O365/banking/airflow/.venv/lib/python3.12/site-packages/airflow/example_dags/example_python_decorator.py
[2025-11-22T20:37:29.885+0500] {logging_mixin.py:190} INFO - [2025-11-22T20:37:29.884+0500] {dag.py:3239} INFO - Sync 1 DAGs
[2025-11-22T20:37:29.911+0500] {logging_mixin.py:190} INFO - [2025-11-22T20:37:29.910+0500] {dag.py:4180} INFO - Setting next_dagrun for example_python_decorator to None, run_after=None
[2025-11-22T20:37:30.005+0500] {processor.py:208} INFO - Processing /mnt/c/Users/Raj/OneDrive - Åbo Akademi O365/banking/airflow/.venv/lib/python3.12/site-packages/airflow/example_dags/example_python_decorator.py took 0.278 seconds
[2025-11-22T20:39:26.441+0500] {processor.py:186} INFO - Started process (PID=66839) to work on /mnt/c/Users/Raj/OneDrive - Åbo Akademi O365/banking/airflow/.venv/lib/python3.12/site-packages/airflow/example_dags/example_python_decorator.py
[2025-11-22T20:39:26.444+0500] {processor.py:914} INFO - Processing file /mnt/c/Users/Raj/OneDrive - Åbo Akademi O365/banking/airflow/.venv/lib/python3.12/site-packages/airflow/example_dags/example_python_decorator.py for tasks to queue
[2025-11-22T20:39:26.448+0500] {logging_mixin.py:190} INFO - [2025-11-22T20:39:26.446+0500] {dagbag.py:588} INFO - Filling up the DagBag from /mnt/c/Users/Raj/OneDrive - Åbo Akademi O365/banking/airflow/.venv/lib/python3.12/site-packages/airflow/example_dags/example_python_decorator.py
[2025-11-22T20:39:26.501+0500] {processor.py:925} INFO - DAG(s) 'example_python_decorator' retrieved from /mnt/c/Users/Raj/OneDrive - Åbo Akademi O365/banking/airflow/.venv/lib/python3.12/site-packages/airflow/example_dags/example_python_decorator.py
[2025-11-22T20:39:26.543+0500] {logging_mixin.py:190} INFO - [2025-11-22T20:39:26.541+0500] {dag.py:3239} INFO - Sync 1 DAGs
[2025-11-22T20:39:26.568+0500] {logging_mixin.py:190} INFO - [2025-11-22T20:39:26.567+0500] {dag.py:4180} INFO - Setting next_dagrun for example_python_decorator to None, run_after=None
[2025-11-22T20:39:26.647+0500] {processor.py:208} INFO - Processing /mnt/c/Users/Raj/OneDrive - Åbo Akademi O365/banking/airflow/.venv/lib/python3.12/site-packages/airflow/example_dags/example_python_decorator.py took 0.224 seconds
[2025-11-22T20:41:14.894+0500] {processor.py:186} INFO - Started process (PID=66952) to work on /mnt/c/Users/Raj/OneDrive - Åbo Akademi O365/banking/airflow/.venv/lib/python3.12/site-packages/airflow/example_dags/example_python_decorator.py
[2025-11-22T20:41:14.897+0500] {processor.py:914} INFO - Processing file /mnt/c/Users/Raj/OneDrive - Åbo Akademi O365/banking/airflow/.venv/lib/python3.12/site-packages/airflow/example_dags/example_python_decorator.py for tasks to queue
[2025-11-22T20:41:14.901+0500] {logging_mixin.py:190} INFO - [2025-11-22T20:41:14.899+0500] {dagbag.py:588} INFO - Filling up the DagBag from /mnt/c/Users/Raj/OneDrive - Åbo Akademi O365/banking/airflow/.venv/lib/python3.12/site-packages/airflow/example_dags/example_python_decorator.py
[2025-11-22T20:41:14.965+0500] {processor.py:925} INFO - DAG(s) 'example_python_decorator' retrieved from /mnt/c/Users/Raj/OneDrive - Åbo Akademi O365/banking/airflow/.venv/lib/python3.12/site-packages/airflow/example_dags/example_python_decorator.py
[2025-11-22T20:41:15.010+0500] {logging_mixin.py:190} INFO - [2025-11-22T20:41:15.009+0500] {dag.py:3239} INFO - Sync 1 DAGs
[2025-11-22T20:41:15.040+0500] {logging_mixin.py:190} INFO - [2025-11-22T20:41:15.038+0500] {dag.py:4180} INFO - Setting next_dagrun for example_python_decorator to None, run_after=None
[2025-11-22T20:41:15.118+0500] {processor.py:208} INFO - Processing /mnt/c/Users/Raj/OneDrive - Åbo Akademi O365/banking/airflow/.venv/lib/python3.12/site-packages/airflow/example_dags/example_python_decorator.py took 0.245 seconds
[2025-11-22T20:43:36.332+0500] {processor.py:186} INFO - Started process (PID=67072) to work on /mnt/c/Users/Raj/OneDrive - Åbo Akademi O365/banking/airflow/.venv/lib/python3.12/site-packages/airflow/example_dags/example_python_decorator.py
[2025-11-22T20:43:36.336+0500] {processor.py:914} INFO - Processing file /mnt/c/Users/Raj/OneDrive - Åbo Akademi O365/banking/airflow/.venv/lib/python3.12/site-packages/airflow/example_dags/example_python_decorator.py for tasks to queue
[2025-11-22T20:43:36.342+0500] {logging_mixin.py:190} INFO - [2025-11-22T20:43:36.340+0500] {dagbag.py:588} INFO - Filling up the DagBag from /mnt/c/Users/Raj/OneDrive - Åbo Akademi O365/banking/airflow/.venv/lib/python3.12/site-packages/airflow/example_dags/example_python_decorator.py
[2025-11-22T20:43:36.414+0500] {processor.py:925} INFO - DAG(s) 'example_python_decorator' retrieved from /mnt/c/Users/Raj/OneDrive - Åbo Akademi O365/banking/airflow/.venv/lib/python3.12/site-packages/airflow/example_dags/example_python_decorator.py
[2025-11-22T20:43:36.489+0500] {logging_mixin.py:190} INFO - [2025-11-22T20:43:36.487+0500] {dag.py:3239} INFO - Sync 1 DAGs
[2025-11-22T20:43:36.528+0500] {logging_mixin.py:190} INFO - [2025-11-22T20:43:36.526+0500] {dag.py:4180} INFO - Setting next_dagrun for example_python_decorator to None, run_after=None
[2025-11-22T20:43:36.656+0500] {processor.py:208} INFO - Processing /mnt/c/Users/Raj/OneDrive - Åbo Akademi O365/banking/airflow/.venv/lib/python3.12/site-packages/airflow/example_dags/example_python_decorator.py took 0.349 seconds
[2025-11-22T20:45:14.233+0500] {processor.py:186} INFO - Started process (PID=67152) to work on /mnt/c/Users/Raj/OneDrive - Åbo Akademi O365/banking/airflow/.venv/lib/python3.12/site-packages/airflow/example_dags/example_python_decorator.py
[2025-11-22T20:45:14.235+0500] {processor.py:914} INFO - Processing file /mnt/c/Users/Raj/OneDrive - Åbo Akademi O365/banking/airflow/.venv/lib/python3.12/site-packages/airflow/example_dags/example_python_decorator.py for tasks to queue
[2025-11-22T20:45:14.240+0500] {logging_mixin.py:190} INFO - [2025-11-22T20:45:14.238+0500] {dagbag.py:588} INFO - Filling up the DagBag from /mnt/c/Users/Raj/OneDrive - Åbo Akademi O365/banking/airflow/.venv/lib/python3.12/site-packages/airflow/example_dags/example_python_decorator.py
[2025-11-22T20:45:14.286+0500] {processor.py:925} INFO - DAG(s) 'example_python_decorator' retrieved from /mnt/c/Users/Raj/OneDrive - Åbo Akademi O365/banking/airflow/.venv/lib/python3.12/site-packages/airflow/example_dags/example_python_decorator.py
[2025-11-22T20:45:14.334+0500] {logging_mixin.py:190} INFO - [2025-11-22T20:45:14.332+0500] {dag.py:3239} INFO - Sync 1 DAGs
[2025-11-22T20:45:14.353+0500] {logging_mixin.py:190} INFO - [2025-11-22T20:45:14.351+0500] {dag.py:4180} INFO - Setting next_dagrun for example_python_decorator to None, run_after=None
[2025-11-22T20:45:14.432+0500] {processor.py:208} INFO - Processing /mnt/c/Users/Raj/OneDrive - Åbo Akademi O365/banking/airflow/.venv/lib/python3.12/site-packages/airflow/example_dags/example_python_decorator.py took 0.214 seconds
[2025-11-22T20:46:51.797+0500] {processor.py:186} INFO - Started process (PID=67230) to work on /mnt/c/Users/Raj/OneDrive - Åbo Akademi O365/banking/airflow/.venv/lib/python3.12/site-packages/airflow/example_dags/example_python_decorator.py
[2025-11-22T20:46:51.799+0500] {processor.py:914} INFO - Processing file /mnt/c/Users/Raj/OneDrive - Åbo Akademi O365/banking/airflow/.venv/lib/python3.12/site-packages/airflow/example_dags/example_python_decorator.py for tasks to queue
[2025-11-22T20:46:51.803+0500] {logging_mixin.py:190} INFO - [2025-11-22T20:46:51.801+0500] {dagbag.py:588} INFO - Filling up the DagBag from /mnt/c/Users/Raj/OneDrive - Åbo Akademi O365/banking/airflow/.venv/lib/python3.12/site-packages/airflow/example_dags/example_python_decorator.py
[2025-11-22T20:46:51.854+0500] {processor.py:925} INFO - DAG(s) 'example_python_decorator' retrieved from /mnt/c/Users/Raj/OneDrive - Åbo Akademi O365/banking/airflow/.venv/lib/python3.12/site-packages/airflow/example_dags/example_python_decorator.py
[2025-11-22T20:46:51.896+0500] {logging_mixin.py:190} INFO - [2025-11-22T20:46:51.895+0500] {dag.py:3239} INFO - Sync 1 DAGs
[2025-11-22T20:46:51.923+0500] {logging_mixin.py:190} INFO - [2025-11-22T20:46:51.921+0500] {dag.py:4180} INFO - Setting next_dagrun for example_python_decorator to None, run_after=None
[2025-11-22T20:46:51.992+0500] {processor.py:208} INFO - Processing /mnt/c/Users/Raj/OneDrive - Åbo Akademi O365/banking/airflow/.venv/lib/python3.12/site-packages/airflow/example_dags/example_python_decorator.py took 0.214 seconds
[2025-11-22T20:48:34.401+0500] {processor.py:186} INFO - Started process (PID=67304) to work on /mnt/c/Users/Raj/OneDrive - Åbo Akademi O365/banking/airflow/.venv/lib/python3.12/site-packages/airflow/example_dags/example_python_decorator.py
[2025-11-22T20:48:34.404+0500] {processor.py:914} INFO - Processing file /mnt/c/Users/Raj/OneDrive - Åbo Akademi O365/banking/airflow/.venv/lib/python3.12/site-packages/airflow/example_dags/example_python_decorator.py for tasks to queue
[2025-11-22T20:48:34.408+0500] {logging_mixin.py:190} INFO - [2025-11-22T20:48:34.406+0500] {dagbag.py:588} INFO - Filling up the DagBag from /mnt/c/Users/Raj/OneDrive - Åbo Akademi O365/banking/airflow/.venv/lib/python3.12/site-packages/airflow/example_dags/example_python_decorator.py
[2025-11-22T20:48:34.473+0500] {processor.py:925} INFO - DAG(s) 'example_python_decorator' retrieved from /mnt/c/Users/Raj/OneDrive - Åbo Akademi O365/banking/airflow/.venv/lib/python3.12/site-packages/airflow/example_dags/example_python_decorator.py
[2025-11-22T20:48:34.513+0500] {logging_mixin.py:190} INFO - [2025-11-22T20:48:34.511+0500] {dag.py:3239} INFO - Sync 1 DAGs
[2025-11-22T20:48:34.535+0500] {logging_mixin.py:190} INFO - [2025-11-22T20:48:34.533+0500] {dag.py:4180} INFO - Setting next_dagrun for example_python_decorator to None, run_after=None
[2025-11-22T20:48:34.606+0500] {processor.py:208} INFO - Processing /mnt/c/Users/Raj/OneDrive - Åbo Akademi O365/banking/airflow/.venv/lib/python3.12/site-packages/airflow/example_dags/example_python_decorator.py took 0.225 seconds
[2025-11-22T20:50:13.978+0500] {processor.py:186} INFO - Started process (PID=67384) to work on /mnt/c/Users/Raj/OneDrive - Åbo Akademi O365/banking/airflow/.venv/lib/python3.12/site-packages/airflow/example_dags/example_python_decorator.py
[2025-11-22T20:50:13.980+0500] {processor.py:914} INFO - Processing file /mnt/c/Users/Raj/OneDrive - Åbo Akademi O365/banking/airflow/.venv/lib/python3.12/site-packages/airflow/example_dags/example_python_decorator.py for tasks to queue
[2025-11-22T20:50:13.984+0500] {logging_mixin.py:190} INFO - [2025-11-22T20:50:13.982+0500] {dagbag.py:588} INFO - Filling up the DagBag from /mnt/c/Users/Raj/OneDrive - Åbo Akademi O365/banking/airflow/.venv/lib/python3.12/site-packages/airflow/example_dags/example_python_decorator.py
[2025-11-22T20:50:14.022+0500] {processor.py:925} INFO - DAG(s) 'example_python_decorator' retrieved from /mnt/c/Users/Raj/OneDrive - Åbo Akademi O365/banking/airflow/.venv/lib/python3.12/site-packages/airflow/example_dags/example_python_decorator.py
[2025-11-22T20:50:14.059+0500] {logging_mixin.py:190} INFO - [2025-11-22T20:50:14.057+0500] {dag.py:3239} INFO - Sync 1 DAGs
[2025-11-22T20:50:14.080+0500] {logging_mixin.py:190} INFO - [2025-11-22T20:50:14.079+0500] {dag.py:4180} INFO - Setting next_dagrun for example_python_decorator to None, run_after=None
[2025-11-22T20:50:14.151+0500] {processor.py:208} INFO - Processing /mnt/c/Users/Raj/OneDrive - Åbo Akademi O365/banking/airflow/.venv/lib/python3.12/site-packages/airflow/example_dags/example_python_decorator.py took 0.190 seconds
[2025-11-22T20:51:59.099+0500] {processor.py:186} INFO - Started process (PID=67467) to work on /mnt/c/Users/Raj/OneDrive - Åbo Akademi O365/banking/airflow/.venv/lib/python3.12/site-packages/airflow/example_dags/example_python_decorator.py
[2025-11-22T20:51:59.102+0500] {processor.py:914} INFO - Processing file /mnt/c/Users/Raj/OneDrive - Åbo Akademi O365/banking/airflow/.venv/lib/python3.12/site-packages/airflow/example_dags/example_python_decorator.py for tasks to queue
[2025-11-22T20:51:59.106+0500] {logging_mixin.py:190} INFO - [2025-11-22T20:51:59.104+0500] {dagbag.py:588} INFO - Filling up the DagBag from /mnt/c/Users/Raj/OneDrive - Åbo Akademi O365/banking/airflow/.venv/lib/python3.12/site-packages/airflow/example_dags/example_python_decorator.py
[2025-11-22T20:51:59.154+0500] {processor.py:925} INFO - DAG(s) 'example_python_decorator' retrieved from /mnt/c/Users/Raj/OneDrive - Åbo Akademi O365/banking/airflow/.venv/lib/python3.12/site-packages/airflow/example_dags/example_python_decorator.py
[2025-11-22T20:51:59.206+0500] {logging_mixin.py:190} INFO - [2025-11-22T20:51:59.205+0500] {dag.py:3239} INFO - Sync 1 DAGs
[2025-11-22T20:51:59.230+0500] {logging_mixin.py:190} INFO - [2025-11-22T20:51:59.229+0500] {dag.py:4180} INFO - Setting next_dagrun for example_python_decorator to None, run_after=None
[2025-11-22T20:51:59.306+0500] {processor.py:208} INFO - Processing /mnt/c/Users/Raj/OneDrive - Åbo Akademi O365/banking/airflow/.venv/lib/python3.12/site-packages/airflow/example_dags/example_python_decorator.py took 0.222 seconds
[2025-11-22T20:53:41.861+0500] {processor.py:186} INFO - Started process (PID=67550) to work on /mnt/c/Users/Raj/OneDrive - Åbo Akademi O365/banking/airflow/.venv/lib/python3.12/site-packages/airflow/example_dags/example_python_decorator.py
[2025-11-22T20:53:41.863+0500] {processor.py:914} INFO - Processing file /mnt/c/Users/Raj/OneDrive - Åbo Akademi O365/banking/airflow/.venv/lib/python3.12/site-packages/airflow/example_dags/example_python_decorator.py for tasks to queue
[2025-11-22T20:53:41.866+0500] {logging_mixin.py:190} INFO - [2025-11-22T20:53:41.864+0500] {dagbag.py:588} INFO - Filling up the DagBag from /mnt/c/Users/Raj/OneDrive - Åbo Akademi O365/banking/airflow/.venv/lib/python3.12/site-packages/airflow/example_dags/example_python_decorator.py
[2025-11-22T20:53:41.910+0500] {processor.py:925} INFO - DAG(s) 'example_python_decorator' retrieved from /mnt/c/Users/Raj/OneDrive - Åbo Akademi O365/banking/airflow/.venv/lib/python3.12/site-packages/airflow/example_dags/example_python_decorator.py
[2025-11-22T20:53:41.948+0500] {logging_mixin.py:190} INFO - [2025-11-22T20:53:41.946+0500] {dag.py:3239} INFO - Sync 1 DAGs
[2025-11-22T20:53:41.968+0500] {logging_mixin.py:190} INFO - [2025-11-22T20:53:41.968+0500] {dag.py:4180} INFO - Setting next_dagrun for example_python_decorator to None, run_after=None
[2025-11-22T20:53:42.049+0500] {processor.py:208} INFO - Processing /mnt/c/Users/Raj/OneDrive - Åbo Akademi O365/banking/airflow/.venv/lib/python3.12/site-packages/airflow/example_dags/example_python_decorator.py took 0.205 seconds
[2025-11-22T20:55:25.102+0500] {processor.py:186} INFO - Started process (PID=67713) to work on /mnt/c/Users/Raj/OneDrive - Åbo Akademi O365/banking/airflow/.venv/lib/python3.12/site-packages/airflow/example_dags/example_python_decorator.py
[2025-11-22T20:55:25.105+0500] {processor.py:914} INFO - Processing file /mnt/c/Users/Raj/OneDrive - Åbo Akademi O365/banking/airflow/.venv/lib/python3.12/site-packages/airflow/example_dags/example_python_decorator.py for tasks to queue
[2025-11-22T20:55:25.110+0500] {logging_mixin.py:190} INFO - [2025-11-22T20:55:25.108+0500] {dagbag.py:588} INFO - Filling up the DagBag from /mnt/c/Users/Raj/OneDrive - Åbo Akademi O365/banking/airflow/.venv/lib/python3.12/site-packages/airflow/example_dags/example_python_decorator.py
[2025-11-22T20:55:25.161+0500] {processor.py:925} INFO - DAG(s) 'example_python_decorator' retrieved from /mnt/c/Users/Raj/OneDrive - Åbo Akademi O365/banking/airflow/.venv/lib/python3.12/site-packages/airflow/example_dags/example_python_decorator.py
[2025-11-22T20:55:25.208+0500] {logging_mixin.py:190} INFO - [2025-11-22T20:55:25.206+0500] {dag.py:3239} INFO - Sync 1 DAGs
[2025-11-22T20:55:25.232+0500] {logging_mixin.py:190} INFO - [2025-11-22T20:55:25.231+0500] {dag.py:4180} INFO - Setting next_dagrun for example_python_decorator to None, run_after=None
[2025-11-22T20:55:25.304+0500] {processor.py:208} INFO - Processing /mnt/c/Users/Raj/OneDrive - Åbo Akademi O365/banking/airflow/.venv/lib/python3.12/site-packages/airflow/example_dags/example_python_decorator.py took 0.219 seconds
[2025-11-22T20:57:09.282+0500] {processor.py:186} INFO - Started process (PID=67790) to work on /mnt/c/Users/Raj/OneDrive - Åbo Akademi O365/banking/airflow/.venv/lib/python3.12/site-packages/airflow/example_dags/example_python_decorator.py
[2025-11-22T20:57:09.284+0500] {processor.py:914} INFO - Processing file /mnt/c/Users/Raj/OneDrive - Åbo Akademi O365/banking/airflow/.venv/lib/python3.12/site-packages/airflow/example_dags/example_python_decorator.py for tasks to queue
[2025-11-22T20:57:09.289+0500] {logging_mixin.py:190} INFO - [2025-11-22T20:57:09.287+0500] {dagbag.py:588} INFO - Filling up the DagBag from /mnt/c/Users/Raj/OneDrive - Åbo Akademi O365/banking/airflow/.venv/lib/python3.12/site-packages/airflow/example_dags/example_python_decorator.py
[2025-11-22T20:57:09.337+0500] {processor.py:925} INFO - DAG(s) 'example_python_decorator' retrieved from /mnt/c/Users/Raj/OneDrive - Åbo Akademi O365/banking/airflow/.venv/lib/python3.12/site-packages/airflow/example_dags/example_python_decorator.py
[2025-11-22T20:57:09.373+0500] {logging_mixin.py:190} INFO - [2025-11-22T20:57:09.372+0500] {dag.py:3239} INFO - Sync 1 DAGs
[2025-11-22T20:57:09.390+0500] {logging_mixin.py:190} INFO - [2025-11-22T20:57:09.389+0500] {dag.py:4180} INFO - Setting next_dagrun for example_python_decorator to None, run_after=None
[2025-11-22T20:57:09.463+0500] {processor.py:208} INFO - Processing /mnt/c/Users/Raj/OneDrive - Åbo Akademi O365/banking/airflow/.venv/lib/python3.12/site-packages/airflow/example_dags/example_python_decorator.py took 0.199 seconds
[2025-11-22T20:58:56.629+0500] {processor.py:186} INFO - Started process (PID=67871) to work on /mnt/c/Users/Raj/OneDrive - Åbo Akademi O365/banking/airflow/.venv/lib/python3.12/site-packages/airflow/example_dags/example_python_decorator.py
[2025-11-22T20:58:56.631+0500] {processor.py:914} INFO - Processing file /mnt/c/Users/Raj/OneDrive - Åbo Akademi O365/banking/airflow/.venv/lib/python3.12/site-packages/airflow/example_dags/example_python_decorator.py for tasks to queue
[2025-11-22T20:58:56.634+0500] {logging_mixin.py:190} INFO - [2025-11-22T20:58:56.633+0500] {dagbag.py:588} INFO - Filling up the DagBag from /mnt/c/Users/Raj/OneDrive - Åbo Akademi O365/banking/airflow/.venv/lib/python3.12/site-packages/airflow/example_dags/example_python_decorator.py
[2025-11-22T20:58:56.677+0500] {processor.py:925} INFO - DAG(s) 'example_python_decorator' retrieved from /mnt/c/Users/Raj/OneDrive - Åbo Akademi O365/banking/airflow/.venv/lib/python3.12/site-packages/airflow/example_dags/example_python_decorator.py
[2025-11-22T20:58:56.714+0500] {logging_mixin.py:190} INFO - [2025-11-22T20:58:56.713+0500] {dag.py:3239} INFO - Sync 1 DAGs
[2025-11-22T20:58:56.731+0500] {logging_mixin.py:190} INFO - [2025-11-22T20:58:56.730+0500] {dag.py:4180} INFO - Setting next_dagrun for example_python_decorator to None, run_after=None
[2025-11-22T20:58:56.806+0500] {processor.py:208} INFO - Processing /mnt/c/Users/Raj/OneDrive - Åbo Akademi O365/banking/airflow/.venv/lib/python3.12/site-packages/airflow/example_dags/example_python_decorator.py took 0.191 seconds
[2025-11-22T21:00:29.560+0500] {processor.py:186} INFO - Started process (PID=67949) to work on /mnt/c/Users/Raj/OneDrive - Åbo Akademi O365/banking/airflow/.venv/lib/python3.12/site-packages/airflow/example_dags/example_python_decorator.py
[2025-11-22T21:00:29.563+0500] {processor.py:914} INFO - Processing file /mnt/c/Users/Raj/OneDrive - Åbo Akademi O365/banking/airflow/.venv/lib/python3.12/site-packages/airflow/example_dags/example_python_decorator.py for tasks to queue
[2025-11-22T21:00:29.568+0500] {logging_mixin.py:190} INFO - [2025-11-22T21:00:29.566+0500] {dagbag.py:588} INFO - Filling up the DagBag from /mnt/c/Users/Raj/OneDrive - Åbo Akademi O365/banking/airflow/.venv/lib/python3.12/site-packages/airflow/example_dags/example_python_decorator.py
[2025-11-22T21:00:29.629+0500] {processor.py:925} INFO - DAG(s) 'example_python_decorator' retrieved from /mnt/c/Users/Raj/OneDrive - Åbo Akademi O365/banking/airflow/.venv/lib/python3.12/site-packages/airflow/example_dags/example_python_decorator.py
[2025-11-22T21:00:29.674+0500] {logging_mixin.py:190} INFO - [2025-11-22T21:00:29.673+0500] {dag.py:3239} INFO - Sync 1 DAGs
[2025-11-22T21:00:29.699+0500] {logging_mixin.py:190} INFO - [2025-11-22T21:00:29.698+0500] {dag.py:4180} INFO - Setting next_dagrun for example_python_decorator to None, run_after=None
[2025-11-22T21:00:29.777+0500] {processor.py:208} INFO - Processing /mnt/c/Users/Raj/OneDrive - Åbo Akademi O365/banking/airflow/.venv/lib/python3.12/site-packages/airflow/example_dags/example_python_decorator.py took 0.241 seconds
[2025-11-22T21:02:39.729+0500] {processor.py:186} INFO - Started process (PID=68051) to work on /mnt/c/Users/Raj/OneDrive - Åbo Akademi O365/banking/airflow/.venv/lib/python3.12/site-packages/airflow/example_dags/example_python_decorator.py
[2025-11-22T21:02:39.732+0500] {processor.py:914} INFO - Processing file /mnt/c/Users/Raj/OneDrive - Åbo Akademi O365/banking/airflow/.venv/lib/python3.12/site-packages/airflow/example_dags/example_python_decorator.py for tasks to queue
[2025-11-22T21:02:39.736+0500] {logging_mixin.py:190} INFO - [2025-11-22T21:02:39.734+0500] {dagbag.py:588} INFO - Filling up the DagBag from /mnt/c/Users/Raj/OneDrive - Åbo Akademi O365/banking/airflow/.venv/lib/python3.12/site-packages/airflow/example_dags/example_python_decorator.py
[2025-11-22T21:02:39.791+0500] {processor.py:925} INFO - DAG(s) 'example_python_decorator' retrieved from /mnt/c/Users/Raj/OneDrive - Åbo Akademi O365/banking/airflow/.venv/lib/python3.12/site-packages/airflow/example_dags/example_python_decorator.py
[2025-11-22T21:02:39.923+0500] {logging_mixin.py:190} INFO - [2025-11-22T21:02:39.917+0500] {dag.py:3239} INFO - Sync 1 DAGs
[2025-11-22T21:02:39.957+0500] {logging_mixin.py:190} INFO - [2025-11-22T21:02:39.956+0500] {dag.py:4180} INFO - Setting next_dagrun for example_python_decorator to None, run_after=None
[2025-11-22T21:02:40.045+0500] {processor.py:208} INFO - Processing /mnt/c/Users/Raj/OneDrive - Åbo Akademi O365/banking/airflow/.venv/lib/python3.12/site-packages/airflow/example_dags/example_python_decorator.py took 0.338 seconds
[2025-11-22T21:04:50.258+0500] {processor.py:186} INFO - Started process (PID=68174) to work on /mnt/c/Users/Raj/OneDrive - Åbo Akademi O365/banking/airflow/.venv/lib/python3.12/site-packages/airflow/example_dags/example_python_decorator.py
[2025-11-22T21:04:50.261+0500] {processor.py:914} INFO - Processing file /mnt/c/Users/Raj/OneDrive - Åbo Akademi O365/banking/airflow/.venv/lib/python3.12/site-packages/airflow/example_dags/example_python_decorator.py for tasks to queue
[2025-11-22T21:04:50.264+0500] {logging_mixin.py:190} INFO - [2025-11-22T21:04:50.263+0500] {dagbag.py:588} INFO - Filling up the DagBag from /mnt/c/Users/Raj/OneDrive - Åbo Akademi O365/banking/airflow/.venv/lib/python3.12/site-packages/airflow/example_dags/example_python_decorator.py
[2025-11-22T21:04:50.313+0500] {processor.py:925} INFO - DAG(s) 'example_python_decorator' retrieved from /mnt/c/Users/Raj/OneDrive - Åbo Akademi O365/banking/airflow/.venv/lib/python3.12/site-packages/airflow/example_dags/example_python_decorator.py
[2025-11-22T21:04:50.354+0500] {logging_mixin.py:190} INFO - [2025-11-22T21:04:50.353+0500] {dag.py:3239} INFO - Sync 1 DAGs
[2025-11-22T21:04:50.518+0500] {logging_mixin.py:190} INFO - [2025-11-22T21:04:50.517+0500] {dag.py:4180} INFO - Setting next_dagrun for example_python_decorator to None, run_after=None
[2025-11-22T21:04:50.582+0500] {processor.py:208} INFO - Processing /mnt/c/Users/Raj/OneDrive - Åbo Akademi O365/banking/airflow/.venv/lib/python3.12/site-packages/airflow/example_dags/example_python_decorator.py took 0.345 seconds
[2025-11-22T21:09:14.174+0500] {processor.py:186} INFO - Started process (PID=68354) to work on /mnt/c/Users/Raj/OneDrive - Åbo Akademi O365/banking/airflow/.venv/lib/python3.12/site-packages/airflow/example_dags/example_python_decorator.py
[2025-11-22T21:09:14.176+0500] {processor.py:914} INFO - Processing file /mnt/c/Users/Raj/OneDrive - Åbo Akademi O365/banking/airflow/.venv/lib/python3.12/site-packages/airflow/example_dags/example_python_decorator.py for tasks to queue
[2025-11-22T21:09:14.180+0500] {logging_mixin.py:190} INFO - [2025-11-22T21:09:14.179+0500] {dagbag.py:588} INFO - Filling up the DagBag from /mnt/c/Users/Raj/OneDrive - Åbo Akademi O365/banking/airflow/.venv/lib/python3.12/site-packages/airflow/example_dags/example_python_decorator.py
[2025-11-22T21:09:14.250+0500] {processor.py:925} INFO - DAG(s) 'example_python_decorator' retrieved from /mnt/c/Users/Raj/OneDrive - Åbo Akademi O365/banking/airflow/.venv/lib/python3.12/site-packages/airflow/example_dags/example_python_decorator.py
[2025-11-22T21:09:14.295+0500] {logging_mixin.py:190} INFO - [2025-11-22T21:09:14.294+0500] {dag.py:3239} INFO - Sync 1 DAGs
[2025-11-22T21:09:14.487+0500] {logging_mixin.py:190} INFO - [2025-11-22T21:09:14.486+0500] {dag.py:4180} INFO - Setting next_dagrun for example_python_decorator to None, run_after=None
[2025-11-22T21:09:14.555+0500] {processor.py:208} INFO - Processing /mnt/c/Users/Raj/OneDrive - Åbo Akademi O365/banking/airflow/.venv/lib/python3.12/site-packages/airflow/example_dags/example_python_decorator.py took 0.401 seconds
[2025-11-22T21:11:09.532+0500] {processor.py:186} INFO - Started process (PID=68443) to work on /mnt/c/Users/Raj/OneDrive - Åbo Akademi O365/banking/airflow/.venv/lib/python3.12/site-packages/airflow/example_dags/example_python_decorator.py
[2025-11-22T21:11:09.534+0500] {processor.py:914} INFO - Processing file /mnt/c/Users/Raj/OneDrive - Åbo Akademi O365/banking/airflow/.venv/lib/python3.12/site-packages/airflow/example_dags/example_python_decorator.py for tasks to queue
[2025-11-22T21:11:09.539+0500] {logging_mixin.py:190} INFO - [2025-11-22T21:11:09.537+0500] {dagbag.py:588} INFO - Filling up the DagBag from /mnt/c/Users/Raj/OneDrive - Åbo Akademi O365/banking/airflow/.venv/lib/python3.12/site-packages/airflow/example_dags/example_python_decorator.py
[2025-11-22T21:11:09.583+0500] {processor.py:925} INFO - DAG(s) 'example_python_decorator' retrieved from /mnt/c/Users/Raj/OneDrive - Åbo Akademi O365/banking/airflow/.venv/lib/python3.12/site-packages/airflow/example_dags/example_python_decorator.py
[2025-11-22T21:11:09.627+0500] {logging_mixin.py:190} INFO - [2025-11-22T21:11:09.625+0500] {dag.py:3239} INFO - Sync 1 DAGs
[2025-11-22T21:11:09.791+0500] {logging_mixin.py:190} INFO - [2025-11-22T21:11:09.789+0500] {dag.py:4180} INFO - Setting next_dagrun for example_python_decorator to None, run_after=None
[2025-11-22T21:11:09.858+0500] {processor.py:208} INFO - Processing /mnt/c/Users/Raj/OneDrive - Åbo Akademi O365/banking/airflow/.venv/lib/python3.12/site-packages/airflow/example_dags/example_python_decorator.py took 0.346 seconds
[2025-11-22T21:12:59.734+0500] {processor.py:186} INFO - Started process (PID=68525) to work on /mnt/c/Users/Raj/OneDrive - Åbo Akademi O365/banking/airflow/.venv/lib/python3.12/site-packages/airflow/example_dags/example_python_decorator.py
[2025-11-22T21:12:59.736+0500] {processor.py:914} INFO - Processing file /mnt/c/Users/Raj/OneDrive - Åbo Akademi O365/banking/airflow/.venv/lib/python3.12/site-packages/airflow/example_dags/example_python_decorator.py for tasks to queue
[2025-11-22T21:12:59.741+0500] {logging_mixin.py:190} INFO - [2025-11-22T21:12:59.739+0500] {dagbag.py:588} INFO - Filling up the DagBag from /mnt/c/Users/Raj/OneDrive - Åbo Akademi O365/banking/airflow/.venv/lib/python3.12/site-packages/airflow/example_dags/example_python_decorator.py
[2025-11-22T21:12:59.788+0500] {processor.py:925} INFO - DAG(s) 'example_python_decorator' retrieved from /mnt/c/Users/Raj/OneDrive - Åbo Akademi O365/banking/airflow/.venv/lib/python3.12/site-packages/airflow/example_dags/example_python_decorator.py
[2025-11-22T21:12:59.838+0500] {logging_mixin.py:190} INFO - [2025-11-22T21:12:59.836+0500] {dag.py:3239} INFO - Sync 1 DAGs
[2025-11-22T21:12:59.857+0500] {logging_mixin.py:190} INFO - [2025-11-22T21:12:59.856+0500] {dag.py:4180} INFO - Setting next_dagrun for example_python_decorator to None, run_after=None
[2025-11-22T21:12:59.940+0500] {processor.py:208} INFO - Processing /mnt/c/Users/Raj/OneDrive - Åbo Akademi O365/banking/airflow/.venv/lib/python3.12/site-packages/airflow/example_dags/example_python_decorator.py took 0.230 seconds
[2025-11-22T21:14:41.397+0500] {processor.py:186} INFO - Started process (PID=68606) to work on /mnt/c/Users/Raj/OneDrive - Åbo Akademi O365/banking/airflow/.venv/lib/python3.12/site-packages/airflow/example_dags/example_python_decorator.py
[2025-11-22T21:14:41.400+0500] {processor.py:914} INFO - Processing file /mnt/c/Users/Raj/OneDrive - Åbo Akademi O365/banking/airflow/.venv/lib/python3.12/site-packages/airflow/example_dags/example_python_decorator.py for tasks to queue
[2025-11-22T21:14:41.405+0500] {logging_mixin.py:190} INFO - [2025-11-22T21:14:41.403+0500] {dagbag.py:588} INFO - Filling up the DagBag from /mnt/c/Users/Raj/OneDrive - Åbo Akademi O365/banking/airflow/.venv/lib/python3.12/site-packages/airflow/example_dags/example_python_decorator.py
[2025-11-22T21:14:41.456+0500] {processor.py:925} INFO - DAG(s) 'example_python_decorator' retrieved from /mnt/c/Users/Raj/OneDrive - Åbo Akademi O365/banking/airflow/.venv/lib/python3.12/site-packages/airflow/example_dags/example_python_decorator.py
[2025-11-22T21:14:41.493+0500] {logging_mixin.py:190} INFO - [2025-11-22T21:14:41.492+0500] {dag.py:3239} INFO - Sync 1 DAGs
[2025-11-22T21:14:41.511+0500] {logging_mixin.py:190} INFO - [2025-11-22T21:14:41.509+0500] {dag.py:4180} INFO - Setting next_dagrun for example_python_decorator to None, run_after=None
[2025-11-22T21:14:41.580+0500] {processor.py:208} INFO - Processing /mnt/c/Users/Raj/OneDrive - Åbo Akademi O365/banking/airflow/.venv/lib/python3.12/site-packages/airflow/example_dags/example_python_decorator.py took 0.206 seconds
[2025-11-22T21:16:20.841+0500] {processor.py:186} INFO - Started process (PID=68685) to work on /mnt/c/Users/Raj/OneDrive - Åbo Akademi O365/banking/airflow/.venv/lib/python3.12/site-packages/airflow/example_dags/example_python_decorator.py
[2025-11-22T21:16:20.844+0500] {processor.py:914} INFO - Processing file /mnt/c/Users/Raj/OneDrive - Åbo Akademi O365/banking/airflow/.venv/lib/python3.12/site-packages/airflow/example_dags/example_python_decorator.py for tasks to queue
[2025-11-22T21:16:20.848+0500] {logging_mixin.py:190} INFO - [2025-11-22T21:16:20.847+0500] {dagbag.py:588} INFO - Filling up the DagBag from /mnt/c/Users/Raj/OneDrive - Åbo Akademi O365/banking/airflow/.venv/lib/python3.12/site-packages/airflow/example_dags/example_python_decorator.py
[2025-11-22T21:16:20.900+0500] {processor.py:925} INFO - DAG(s) 'example_python_decorator' retrieved from /mnt/c/Users/Raj/OneDrive - Åbo Akademi O365/banking/airflow/.venv/lib/python3.12/site-packages/airflow/example_dags/example_python_decorator.py
[2025-11-22T21:16:20.944+0500] {logging_mixin.py:190} INFO - [2025-11-22T21:16:20.943+0500] {dag.py:3239} INFO - Sync 1 DAGs
[2025-11-22T21:16:20.967+0500] {logging_mixin.py:190} INFO - [2025-11-22T21:16:20.966+0500] {dag.py:4180} INFO - Setting next_dagrun for example_python_decorator to None, run_after=None
[2025-11-22T21:16:21.055+0500] {processor.py:208} INFO - Processing /mnt/c/Users/Raj/OneDrive - Åbo Akademi O365/banking/airflow/.venv/lib/python3.12/site-packages/airflow/example_dags/example_python_decorator.py took 0.236 seconds
[2025-11-22T21:18:02.082+0500] {processor.py:186} INFO - Started process (PID=68761) to work on /mnt/c/Users/Raj/OneDrive - Åbo Akademi O365/banking/airflow/.venv/lib/python3.12/site-packages/airflow/example_dags/example_python_decorator.py
[2025-11-22T21:18:02.084+0500] {processor.py:914} INFO - Processing file /mnt/c/Users/Raj/OneDrive - Åbo Akademi O365/banking/airflow/.venv/lib/python3.12/site-packages/airflow/example_dags/example_python_decorator.py for tasks to queue
[2025-11-22T21:18:02.089+0500] {logging_mixin.py:190} INFO - [2025-11-22T21:18:02.087+0500] {dagbag.py:588} INFO - Filling up the DagBag from /mnt/c/Users/Raj/OneDrive - Åbo Akademi O365/banking/airflow/.venv/lib/python3.12/site-packages/airflow/example_dags/example_python_decorator.py
[2025-11-22T21:18:02.134+0500] {processor.py:925} INFO - DAG(s) 'example_python_decorator' retrieved from /mnt/c/Users/Raj/OneDrive - Åbo Akademi O365/banking/airflow/.venv/lib/python3.12/site-packages/airflow/example_dags/example_python_decorator.py
[2025-11-22T21:18:02.167+0500] {logging_mixin.py:190} INFO - [2025-11-22T21:18:02.167+0500] {dag.py:3239} INFO - Sync 1 DAGs
[2025-11-22T21:18:02.182+0500] {logging_mixin.py:190} INFO - [2025-11-22T21:18:02.181+0500] {dag.py:4180} INFO - Setting next_dagrun for example_python_decorator to None, run_after=None
[2025-11-22T21:18:02.250+0500] {processor.py:208} INFO - Processing /mnt/c/Users/Raj/OneDrive - Åbo Akademi O365/banking/airflow/.venv/lib/python3.12/site-packages/airflow/example_dags/example_python_decorator.py took 0.193 seconds
[2025-11-22T21:19:46.639+0500] {processor.py:186} INFO - Started process (PID=68843) to work on /mnt/c/Users/Raj/OneDrive - Åbo Akademi O365/banking/airflow/.venv/lib/python3.12/site-packages/airflow/example_dags/example_python_decorator.py
[2025-11-22T21:19:46.641+0500] {processor.py:914} INFO - Processing file /mnt/c/Users/Raj/OneDrive - Åbo Akademi O365/banking/airflow/.venv/lib/python3.12/site-packages/airflow/example_dags/example_python_decorator.py for tasks to queue
[2025-11-22T21:19:46.646+0500] {logging_mixin.py:190} INFO - [2025-11-22T21:19:46.644+0500] {dagbag.py:588} INFO - Filling up the DagBag from /mnt/c/Users/Raj/OneDrive - Åbo Akademi O365/banking/airflow/.venv/lib/python3.12/site-packages/airflow/example_dags/example_python_decorator.py
[2025-11-22T21:19:46.698+0500] {processor.py:925} INFO - DAG(s) 'example_python_decorator' retrieved from /mnt/c/Users/Raj/OneDrive - Åbo Akademi O365/banking/airflow/.venv/lib/python3.12/site-packages/airflow/example_dags/example_python_decorator.py
[2025-11-22T21:19:46.780+0500] {logging_mixin.py:190} INFO - [2025-11-22T21:19:46.778+0500] {dag.py:3239} INFO - Sync 1 DAGs
[2025-11-22T21:19:46.804+0500] {logging_mixin.py:190} INFO - [2025-11-22T21:19:46.803+0500] {dag.py:4180} INFO - Setting next_dagrun for example_python_decorator to None, run_after=None
[2025-11-22T21:19:46.873+0500] {processor.py:208} INFO - Processing /mnt/c/Users/Raj/OneDrive - Åbo Akademi O365/banking/airflow/.venv/lib/python3.12/site-packages/airflow/example_dags/example_python_decorator.py took 0.250 seconds
[2025-11-22T21:21:30.198+0500] {processor.py:186} INFO - Started process (PID=68926) to work on /mnt/c/Users/Raj/OneDrive - Åbo Akademi O365/banking/airflow/.venv/lib/python3.12/site-packages/airflow/example_dags/example_python_decorator.py
[2025-11-22T21:21:30.200+0500] {processor.py:914} INFO - Processing file /mnt/c/Users/Raj/OneDrive - Åbo Akademi O365/banking/airflow/.venv/lib/python3.12/site-packages/airflow/example_dags/example_python_decorator.py for tasks to queue
[2025-11-22T21:21:30.205+0500] {logging_mixin.py:190} INFO - [2025-11-22T21:21:30.203+0500] {dagbag.py:588} INFO - Filling up the DagBag from /mnt/c/Users/Raj/OneDrive - Åbo Akademi O365/banking/airflow/.venv/lib/python3.12/site-packages/airflow/example_dags/example_python_decorator.py
[2025-11-22T21:21:30.248+0500] {processor.py:925} INFO - DAG(s) 'example_python_decorator' retrieved from /mnt/c/Users/Raj/OneDrive - Åbo Akademi O365/banking/airflow/.venv/lib/python3.12/site-packages/airflow/example_dags/example_python_decorator.py
[2025-11-22T21:21:30.289+0500] {logging_mixin.py:190} INFO - [2025-11-22T21:21:30.287+0500] {dag.py:3239} INFO - Sync 1 DAGs
[2025-11-22T21:21:30.310+0500] {logging_mixin.py:190} INFO - [2025-11-22T21:21:30.309+0500] {dag.py:4180} INFO - Setting next_dagrun for example_python_decorator to None, run_after=None
[2025-11-22T21:21:30.378+0500] {processor.py:208} INFO - Processing /mnt/c/Users/Raj/OneDrive - Åbo Akademi O365/banking/airflow/.venv/lib/python3.12/site-packages/airflow/example_dags/example_python_decorator.py took 0.199 seconds
[2025-11-22T21:23:14.576+0500] {processor.py:186} INFO - Started process (PID=69006) to work on /mnt/c/Users/Raj/OneDrive - Åbo Akademi O365/banking/airflow/.venv/lib/python3.12/site-packages/airflow/example_dags/example_python_decorator.py
[2025-11-22T21:23:14.578+0500] {processor.py:914} INFO - Processing file /mnt/c/Users/Raj/OneDrive - Åbo Akademi O365/banking/airflow/.venv/lib/python3.12/site-packages/airflow/example_dags/example_python_decorator.py for tasks to queue
[2025-11-22T21:23:14.583+0500] {logging_mixin.py:190} INFO - [2025-11-22T21:23:14.581+0500] {dagbag.py:588} INFO - Filling up the DagBag from /mnt/c/Users/Raj/OneDrive - Åbo Akademi O365/banking/airflow/.venv/lib/python3.12/site-packages/airflow/example_dags/example_python_decorator.py
[2025-11-22T21:23:14.631+0500] {processor.py:925} INFO - DAG(s) 'example_python_decorator' retrieved from /mnt/c/Users/Raj/OneDrive - Åbo Akademi O365/banking/airflow/.venv/lib/python3.12/site-packages/airflow/example_dags/example_python_decorator.py
[2025-11-22T21:23:14.679+0500] {logging_mixin.py:190} INFO - [2025-11-22T21:23:14.678+0500] {dag.py:3239} INFO - Sync 1 DAGs
[2025-11-22T21:23:14.697+0500] {logging_mixin.py:190} INFO - [2025-11-22T21:23:14.696+0500] {dag.py:4180} INFO - Setting next_dagrun for example_python_decorator to None, run_after=None
[2025-11-22T21:23:14.781+0500] {processor.py:208} INFO - Processing /mnt/c/Users/Raj/OneDrive - Åbo Akademi O365/banking/airflow/.venv/lib/python3.12/site-packages/airflow/example_dags/example_python_decorator.py took 0.225 seconds
