[2025-11-22T20:14:29.082+0500] {processor.py:186} INFO - Started process (PID=65697) to work on /mnt/c/Users/Raj/OneDrive - Åbo Akademi O365/banking/airflow/.venv/lib/python3.12/site-packages/airflow/example_dags/example_display_name.py
[2025-11-22T20:14:29.087+0500] {processor.py:914} INFO - Processing file /mnt/c/Users/Raj/OneDrive - Åbo Akademi O365/banking/airflow/.venv/lib/python3.12/site-packages/airflow/example_dags/example_display_name.py for tasks to queue
[2025-11-22T20:14:29.093+0500] {logging_mixin.py:190} INFO - [2025-11-22T20:14:29.091+0500] {dagbag.py:588} INFO - Filling up the DagBag from /mnt/c/Users/Raj/OneDrive - Åbo Akademi O365/banking/airflow/.venv/lib/python3.12/site-packages/airflow/example_dags/example_display_name.py
[2025-11-22T20:14:29.134+0500] {processor.py:925} INFO - DAG(s) 'example_display_name' retrieved from /mnt/c/Users/Raj/OneDrive - Åbo Akademi O365/banking/airflow/.venv/lib/python3.12/site-packages/airflow/example_dags/example_display_name.py
[2025-11-22T20:14:29.181+0500] {logging_mixin.py:190} INFO - [2025-11-22T20:14:29.179+0500] {dag.py:3239} INFO - Sync 1 DAGs
[2025-11-22T20:14:29.206+0500] {logging_mixin.py:190} INFO - [2025-11-22T20:14:29.203+0500] {dag.py:4180} INFO - Setting next_dagrun for example_display_name to None, run_after=None
[2025-11-22T20:14:29.312+0500] {processor.py:208} INFO - Processing /mnt/c/Users/Raj/OneDrive - Åbo Akademi O365/banking/airflow/.venv/lib/python3.12/site-packages/airflow/example_dags/example_display_name.py took 0.259 seconds
[2025-11-22T20:16:34.678+0500] {processor.py:186} INFO - Started process (PID=65787) to work on /mnt/c/Users/Raj/OneDrive - Åbo Akademi O365/banking/airflow/.venv/lib/python3.12/site-packages/airflow/example_dags/example_display_name.py
[2025-11-22T20:16:34.682+0500] {processor.py:914} INFO - Processing file /mnt/c/Users/Raj/OneDrive - Åbo Akademi O365/banking/airflow/.venv/lib/python3.12/site-packages/airflow/example_dags/example_display_name.py for tasks to queue
[2025-11-22T20:16:34.687+0500] {logging_mixin.py:190} INFO - [2025-11-22T20:16:34.685+0500] {dagbag.py:588} INFO - Filling up the DagBag from /mnt/c/Users/Raj/OneDrive - Åbo Akademi O365/banking/airflow/.venv/lib/python3.12/site-packages/airflow/example_dags/example_display_name.py
[2025-11-22T20:16:34.727+0500] {processor.py:925} INFO - DAG(s) 'example_display_name' retrieved from /mnt/c/Users/Raj/OneDrive - Åbo Akademi O365/banking/airflow/.venv/lib/python3.12/site-packages/airflow/example_dags/example_display_name.py
[2025-11-22T20:16:34.784+0500] {logging_mixin.py:190} INFO - [2025-11-22T20:16:34.783+0500] {dag.py:3239} INFO - Sync 1 DAGs
[2025-11-22T20:16:34.817+0500] {logging_mixin.py:190} INFO - [2025-11-22T20:16:34.816+0500] {dag.py:4180} INFO - Setting next_dagrun for example_display_name to None, run_after=None
[2025-11-22T20:16:34.935+0500] {processor.py:208} INFO - Processing /mnt/c/Users/Raj/OneDrive - Åbo Akademi O365/banking/airflow/.venv/lib/python3.12/site-packages/airflow/example_dags/example_display_name.py took 0.278 seconds
[2025-11-22T20:21:12.245+0500] {processor.py:186} INFO - Started process (PID=65950) to work on /mnt/c/Users/Raj/OneDrive - Åbo Akademi O365/banking/airflow/.venv/lib/python3.12/site-packages/airflow/example_dags/example_display_name.py
[2025-11-22T20:21:12.248+0500] {processor.py:914} INFO - Processing file /mnt/c/Users/Raj/OneDrive - Åbo Akademi O365/banking/airflow/.venv/lib/python3.12/site-packages/airflow/example_dags/example_display_name.py for tasks to queue
[2025-11-22T20:21:12.255+0500] {logging_mixin.py:190} INFO - [2025-11-22T20:21:12.253+0500] {dagbag.py:588} INFO - Filling up the DagBag from /mnt/c/Users/Raj/OneDrive - Åbo Akademi O365/banking/airflow/.venv/lib/python3.12/site-packages/airflow/example_dags/example_display_name.py
[2025-11-22T20:21:12.377+0500] {processor.py:925} INFO - DAG(s) 'example_display_name' retrieved from /mnt/c/Users/Raj/OneDrive - Åbo Akademi O365/banking/airflow/.venv/lib/python3.12/site-packages/airflow/example_dags/example_display_name.py
[2025-11-22T20:21:12.467+0500] {logging_mixin.py:190} INFO - [2025-11-22T20:21:12.462+0500] {dag.py:3239} INFO - Sync 1 DAGs
[2025-11-22T20:21:12.547+0500] {logging_mixin.py:190} INFO - [2025-11-22T20:21:12.543+0500] {dag.py:4180} INFO - Setting next_dagrun for example_display_name to None, run_after=None
[2025-11-22T20:21:12.657+0500] {processor.py:208} INFO - Processing /mnt/c/Users/Raj/OneDrive - Åbo Akademi O365/banking/airflow/.venv/lib/python3.12/site-packages/airflow/example_dags/example_display_name.py took 0.438 seconds
[2025-11-22T20:22:47.501+0500] {processor.py:186} INFO - Started process (PID=66031) to work on /mnt/c/Users/Raj/OneDrive - Åbo Akademi O365/banking/airflow/.venv/lib/python3.12/site-packages/airflow/example_dags/example_display_name.py
[2025-11-22T20:22:47.504+0500] {processor.py:914} INFO - Processing file /mnt/c/Users/Raj/OneDrive - Åbo Akademi O365/banking/airflow/.venv/lib/python3.12/site-packages/airflow/example_dags/example_display_name.py for tasks to queue
[2025-11-22T20:22:47.512+0500] {logging_mixin.py:190} INFO - [2025-11-22T20:22:47.510+0500] {dagbag.py:588} INFO - Filling up the DagBag from /mnt/c/Users/Raj/OneDrive - Åbo Akademi O365/banking/airflow/.venv/lib/python3.12/site-packages/airflow/example_dags/example_display_name.py
[2025-11-22T20:22:47.627+0500] {processor.py:925} INFO - DAG(s) 'example_display_name' retrieved from /mnt/c/Users/Raj/OneDrive - Åbo Akademi O365/banking/airflow/.venv/lib/python3.12/site-packages/airflow/example_dags/example_display_name.py
[2025-11-22T20:22:47.680+0500] {logging_mixin.py:190} INFO - [2025-11-22T20:22:47.679+0500] {dag.py:3239} INFO - Sync 1 DAGs
[2025-11-22T20:22:47.705+0500] {logging_mixin.py:190} INFO - [2025-11-22T20:22:47.704+0500] {dag.py:4180} INFO - Setting next_dagrun for example_display_name to None, run_after=None
[2025-11-22T20:22:47.779+0500] {processor.py:208} INFO - Processing /mnt/c/Users/Raj/OneDrive - Åbo Akademi O365/banking/airflow/.venv/lib/python3.12/site-packages/airflow/example_dags/example_display_name.py took 0.304 seconds
[2025-11-22T20:24:54.337+0500] {processor.py:186} INFO - Started process (PID=66130) to work on /mnt/c/Users/Raj/OneDrive - Åbo Akademi O365/banking/airflow/.venv/lib/python3.12/site-packages/airflow/example_dags/example_display_name.py
[2025-11-22T20:24:54.339+0500] {processor.py:914} INFO - Processing file /mnt/c/Users/Raj/OneDrive - Åbo Akademi O365/banking/airflow/.venv/lib/python3.12/site-packages/airflow/example_dags/example_display_name.py for tasks to queue
[2025-11-22T20:24:54.344+0500] {logging_mixin.py:190} INFO - [2025-11-22T20:24:54.342+0500] {dagbag.py:588} INFO - Filling up the DagBag from /mnt/c/Users/Raj/OneDrive - Åbo Akademi O365/banking/airflow/.venv/lib/python3.12/site-packages/airflow/example_dags/example_display_name.py
[2025-11-22T20:24:54.426+0500] {processor.py:925} INFO - DAG(s) 'example_display_name' retrieved from /mnt/c/Users/Raj/OneDrive - Åbo Akademi O365/banking/airflow/.venv/lib/python3.12/site-packages/airflow/example_dags/example_display_name.py
[2025-11-22T20:24:54.461+0500] {logging_mixin.py:190} INFO - [2025-11-22T20:24:54.459+0500] {dag.py:3239} INFO - Sync 1 DAGs
[2025-11-22T20:24:54.488+0500] {logging_mixin.py:190} INFO - [2025-11-22T20:24:54.487+0500] {dag.py:4180} INFO - Setting next_dagrun for example_display_name to None, run_after=None
[2025-11-22T20:24:54.558+0500] {processor.py:208} INFO - Processing /mnt/c/Users/Raj/OneDrive - Åbo Akademi O365/banking/airflow/.venv/lib/python3.12/site-packages/airflow/example_dags/example_display_name.py took 0.237 seconds
[2025-11-22T20:28:17.548+0500] {processor.py:186} INFO - Started process (PID=66277) to work on /mnt/c/Users/Raj/OneDrive - Åbo Akademi O365/banking/airflow/.venv/lib/python3.12/site-packages/airflow/example_dags/example_display_name.py
[2025-11-22T20:28:17.550+0500] {processor.py:914} INFO - Processing file /mnt/c/Users/Raj/OneDrive - Åbo Akademi O365/banking/airflow/.venv/lib/python3.12/site-packages/airflow/example_dags/example_display_name.py for tasks to queue
[2025-11-22T20:28:17.555+0500] {logging_mixin.py:190} INFO - [2025-11-22T20:28:17.553+0500] {dagbag.py:588} INFO - Filling up the DagBag from /mnt/c/Users/Raj/OneDrive - Åbo Akademi O365/banking/airflow/.venv/lib/python3.12/site-packages/airflow/example_dags/example_display_name.py
[2025-11-22T20:28:17.577+0500] {processor.py:925} INFO - DAG(s) 'example_display_name' retrieved from /mnt/c/Users/Raj/OneDrive - Åbo Akademi O365/banking/airflow/.venv/lib/python3.12/site-packages/airflow/example_dags/example_display_name.py
[2025-11-22T20:28:17.611+0500] {logging_mixin.py:190} INFO - [2025-11-22T20:28:17.610+0500] {dag.py:3239} INFO - Sync 1 DAGs
[2025-11-22T20:28:17.628+0500] {logging_mixin.py:190} INFO - [2025-11-22T20:28:17.627+0500] {dag.py:4180} INFO - Setting next_dagrun for example_display_name to None, run_after=None
[2025-11-22T20:28:17.693+0500] {processor.py:208} INFO - Processing /mnt/c/Users/Raj/OneDrive - Åbo Akademi O365/banking/airflow/.venv/lib/python3.12/site-packages/airflow/example_dags/example_display_name.py took 0.158 seconds
[2025-11-22T20:30:11.155+0500] {processor.py:186} INFO - Started process (PID=66394) to work on /mnt/c/Users/Raj/OneDrive - Åbo Akademi O365/banking/airflow/.venv/lib/python3.12/site-packages/airflow/example_dags/example_display_name.py
[2025-11-22T20:30:11.157+0500] {processor.py:914} INFO - Processing file /mnt/c/Users/Raj/OneDrive - Åbo Akademi O365/banking/airflow/.venv/lib/python3.12/site-packages/airflow/example_dags/example_display_name.py for tasks to queue
[2025-11-22T20:30:11.161+0500] {logging_mixin.py:190} INFO - [2025-11-22T20:30:11.160+0500] {dagbag.py:588} INFO - Filling up the DagBag from /mnt/c/Users/Raj/OneDrive - Åbo Akademi O365/banking/airflow/.venv/lib/python3.12/site-packages/airflow/example_dags/example_display_name.py
[2025-11-22T20:30:11.196+0500] {processor.py:925} INFO - DAG(s) 'example_display_name' retrieved from /mnt/c/Users/Raj/OneDrive - Åbo Akademi O365/banking/airflow/.venv/lib/python3.12/site-packages/airflow/example_dags/example_display_name.py
[2025-11-22T20:30:11.244+0500] {logging_mixin.py:190} INFO - [2025-11-22T20:30:11.242+0500] {dag.py:3239} INFO - Sync 1 DAGs
[2025-11-22T20:30:11.264+0500] {logging_mixin.py:190} INFO - [2025-11-22T20:30:11.263+0500] {dag.py:4180} INFO - Setting next_dagrun for example_display_name to None, run_after=None
[2025-11-22T20:30:11.338+0500] {processor.py:208} INFO - Processing /mnt/c/Users/Raj/OneDrive - Åbo Akademi O365/banking/airflow/.venv/lib/python3.12/site-packages/airflow/example_dags/example_display_name.py took 0.201 seconds
[2025-11-22T20:33:50.834+0500] {processor.py:186} INFO - Started process (PID=66555) to work on /mnt/c/Users/Raj/OneDrive - Åbo Akademi O365/banking/airflow/.venv/lib/python3.12/site-packages/airflow/example_dags/example_display_name.py
[2025-11-22T20:33:50.836+0500] {processor.py:914} INFO - Processing file /mnt/c/Users/Raj/OneDrive - Åbo Akademi O365/banking/airflow/.venv/lib/python3.12/site-packages/airflow/example_dags/example_display_name.py for tasks to queue
[2025-11-22T20:33:50.840+0500] {logging_mixin.py:190} INFO - [2025-11-22T20:33:50.838+0500] {dagbag.py:588} INFO - Filling up the DagBag from /mnt/c/Users/Raj/OneDrive - Åbo Akademi O365/banking/airflow/.venv/lib/python3.12/site-packages/airflow/example_dags/example_display_name.py
[2025-11-22T20:33:50.873+0500] {processor.py:925} INFO - DAG(s) 'example_display_name' retrieved from /mnt/c/Users/Raj/OneDrive - Åbo Akademi O365/banking/airflow/.venv/lib/python3.12/site-packages/airflow/example_dags/example_display_name.py
[2025-11-22T20:33:50.915+0500] {logging_mixin.py:190} INFO - [2025-11-22T20:33:50.913+0500] {dag.py:3239} INFO - Sync 1 DAGs
[2025-11-22T20:33:50.940+0500] {logging_mixin.py:190} INFO - [2025-11-22T20:33:50.939+0500] {dag.py:4180} INFO - Setting next_dagrun for example_display_name to None, run_after=None
[2025-11-22T20:33:51.027+0500] {processor.py:208} INFO - Processing /mnt/c/Users/Raj/OneDrive - Åbo Akademi O365/banking/airflow/.venv/lib/python3.12/site-packages/airflow/example_dags/example_display_name.py took 0.213 seconds
[2025-11-22T20:35:43.314+0500] {processor.py:186} INFO - Started process (PID=66638) to work on /mnt/c/Users/Raj/OneDrive - Åbo Akademi O365/banking/airflow/.venv/lib/python3.12/site-packages/airflow/example_dags/example_display_name.py
[2025-11-22T20:35:43.317+0500] {processor.py:914} INFO - Processing file /mnt/c/Users/Raj/OneDrive - Åbo Akademi O365/banking/airflow/.venv/lib/python3.12/site-packages/airflow/example_dags/example_display_name.py for tasks to queue
[2025-11-22T20:35:43.322+0500] {logging_mixin.py:190} INFO - [2025-11-22T20:35:43.320+0500] {dagbag.py:588} INFO - Filling up the DagBag from /mnt/c/Users/Raj/OneDrive - Åbo Akademi O365/banking/airflow/.venv/lib/python3.12/site-packages/airflow/example_dags/example_display_name.py
[2025-11-22T20:35:43.352+0500] {processor.py:925} INFO - DAG(s) 'example_display_name' retrieved from /mnt/c/Users/Raj/OneDrive - Åbo Akademi O365/banking/airflow/.venv/lib/python3.12/site-packages/airflow/example_dags/example_display_name.py
[2025-11-22T20:35:43.397+0500] {logging_mixin.py:190} INFO - [2025-11-22T20:35:43.395+0500] {dag.py:3239} INFO - Sync 1 DAGs
[2025-11-22T20:35:43.418+0500] {logging_mixin.py:190} INFO - [2025-11-22T20:35:43.416+0500] {dag.py:4180} INFO - Setting next_dagrun for example_display_name to None, run_after=None
[2025-11-22T20:35:43.491+0500] {processor.py:208} INFO - Processing /mnt/c/Users/Raj/OneDrive - Åbo Akademi O365/banking/airflow/.venv/lib/python3.12/site-packages/airflow/example_dags/example_display_name.py took 0.208 seconds
[2025-11-22T20:38:28.430+0500] {processor.py:186} INFO - Started process (PID=66771) to work on /mnt/c/Users/Raj/OneDrive - Åbo Akademi O365/banking/airflow/.venv/lib/python3.12/site-packages/airflow/example_dags/example_display_name.py
[2025-11-22T20:38:28.434+0500] {processor.py:914} INFO - Processing file /mnt/c/Users/Raj/OneDrive - Åbo Akademi O365/banking/airflow/.venv/lib/python3.12/site-packages/airflow/example_dags/example_display_name.py for tasks to queue
[2025-11-22T20:38:28.438+0500] {logging_mixin.py:190} INFO - [2025-11-22T20:38:28.436+0500] {dagbag.py:588} INFO - Filling up the DagBag from /mnt/c/Users/Raj/OneDrive - Åbo Akademi O365/banking/airflow/.venv/lib/python3.12/site-packages/airflow/example_dags/example_display_name.py
[2025-11-22T20:38:28.472+0500] {processor.py:925} INFO - DAG(s) 'example_display_name' retrieved from /mnt/c/Users/Raj/OneDrive - Åbo Akademi O365/banking/airflow/.venv/lib/python3.12/site-packages/airflow/example_dags/example_display_name.py
[2025-11-22T20:38:28.511+0500] {logging_mixin.py:190} INFO - [2025-11-22T20:38:28.509+0500] {dag.py:3239} INFO - Sync 1 DAGs
[2025-11-22T20:38:28.538+0500] {logging_mixin.py:190} INFO - [2025-11-22T20:38:28.536+0500] {dag.py:4180} INFO - Setting next_dagrun for example_display_name to None, run_after=None
[2025-11-22T20:38:28.638+0500] {processor.py:208} INFO - Processing /mnt/c/Users/Raj/OneDrive - Åbo Akademi O365/banking/airflow/.venv/lib/python3.12/site-packages/airflow/example_dags/example_display_name.py took 0.227 seconds
[2025-11-22T20:40:12.906+0500] {processor.py:186} INFO - Started process (PID=66885) to work on /mnt/c/Users/Raj/OneDrive - Åbo Akademi O365/banking/airflow/.venv/lib/python3.12/site-packages/airflow/example_dags/example_display_name.py
[2025-11-22T20:40:12.908+0500] {processor.py:914} INFO - Processing file /mnt/c/Users/Raj/OneDrive - Åbo Akademi O365/banking/airflow/.venv/lib/python3.12/site-packages/airflow/example_dags/example_display_name.py for tasks to queue
[2025-11-22T20:40:12.912+0500] {logging_mixin.py:190} INFO - [2025-11-22T20:40:12.911+0500] {dagbag.py:588} INFO - Filling up the DagBag from /mnt/c/Users/Raj/OneDrive - Åbo Akademi O365/banking/airflow/.venv/lib/python3.12/site-packages/airflow/example_dags/example_display_name.py
[2025-11-22T20:40:12.942+0500] {processor.py:925} INFO - DAG(s) 'example_display_name' retrieved from /mnt/c/Users/Raj/OneDrive - Åbo Akademi O365/banking/airflow/.venv/lib/python3.12/site-packages/airflow/example_dags/example_display_name.py
[2025-11-22T20:40:12.987+0500] {logging_mixin.py:190} INFO - [2025-11-22T20:40:12.986+0500] {dag.py:3239} INFO - Sync 1 DAGs
[2025-11-22T20:40:13.015+0500] {logging_mixin.py:190} INFO - [2025-11-22T20:40:13.013+0500] {dag.py:4180} INFO - Setting next_dagrun for example_display_name to None, run_after=None
[2025-11-22T20:40:13.102+0500] {processor.py:208} INFO - Processing /mnt/c/Users/Raj/OneDrive - Åbo Akademi O365/banking/airflow/.venv/lib/python3.12/site-packages/airflow/example_dags/example_display_name.py took 0.212 seconds
[2025-11-22T20:41:59.736+0500] {processor.py:186} INFO - Started process (PID=66998) to work on /mnt/c/Users/Raj/OneDrive - Åbo Akademi O365/banking/airflow/.venv/lib/python3.12/site-packages/airflow/example_dags/example_display_name.py
[2025-11-22T20:41:59.737+0500] {processor.py:914} INFO - Processing file /mnt/c/Users/Raj/OneDrive - Åbo Akademi O365/banking/airflow/.venv/lib/python3.12/site-packages/airflow/example_dags/example_display_name.py for tasks to queue
[2025-11-22T20:41:59.740+0500] {logging_mixin.py:190} INFO - [2025-11-22T20:41:59.739+0500] {dagbag.py:588} INFO - Filling up the DagBag from /mnt/c/Users/Raj/OneDrive - Åbo Akademi O365/banking/airflow/.venv/lib/python3.12/site-packages/airflow/example_dags/example_display_name.py
[2025-11-22T20:41:59.771+0500] {processor.py:925} INFO - DAG(s) 'example_display_name' retrieved from /mnt/c/Users/Raj/OneDrive - Åbo Akademi O365/banking/airflow/.venv/lib/python3.12/site-packages/airflow/example_dags/example_display_name.py
[2025-11-22T20:41:59.820+0500] {logging_mixin.py:190} INFO - [2025-11-22T20:41:59.819+0500] {dag.py:3239} INFO - Sync 1 DAGs
[2025-11-22T20:41:59.852+0500] {logging_mixin.py:190} INFO - [2025-11-22T20:41:59.850+0500] {dag.py:4180} INFO - Setting next_dagrun for example_display_name to None, run_after=None
[2025-11-22T20:41:59.951+0500] {processor.py:208} INFO - Processing /mnt/c/Users/Raj/OneDrive - Åbo Akademi O365/banking/airflow/.venv/lib/python3.12/site-packages/airflow/example_dags/example_display_name.py took 0.226 seconds
[2025-11-22T20:44:17.909+0500] {processor.py:186} INFO - Started process (PID=67103) to work on /mnt/c/Users/Raj/OneDrive - Åbo Akademi O365/banking/airflow/.venv/lib/python3.12/site-packages/airflow/example_dags/example_display_name.py
[2025-11-22T20:44:17.911+0500] {processor.py:914} INFO - Processing file /mnt/c/Users/Raj/OneDrive - Åbo Akademi O365/banking/airflow/.venv/lib/python3.12/site-packages/airflow/example_dags/example_display_name.py for tasks to queue
[2025-11-22T20:44:17.916+0500] {logging_mixin.py:190} INFO - [2025-11-22T20:44:17.914+0500] {dagbag.py:588} INFO - Filling up the DagBag from /mnt/c/Users/Raj/OneDrive - Åbo Akademi O365/banking/airflow/.venv/lib/python3.12/site-packages/airflow/example_dags/example_display_name.py
[2025-11-22T20:44:17.943+0500] {processor.py:925} INFO - DAG(s) 'example_display_name' retrieved from /mnt/c/Users/Raj/OneDrive - Åbo Akademi O365/banking/airflow/.venv/lib/python3.12/site-packages/airflow/example_dags/example_display_name.py
[2025-11-22T20:44:17.975+0500] {logging_mixin.py:190} INFO - [2025-11-22T20:44:17.974+0500] {dag.py:3239} INFO - Sync 1 DAGs
[2025-11-22T20:44:17.996+0500] {logging_mixin.py:190} INFO - [2025-11-22T20:44:17.995+0500] {dag.py:4180} INFO - Setting next_dagrun for example_display_name to None, run_after=None
[2025-11-22T20:44:18.064+0500] {processor.py:208} INFO - Processing /mnt/c/Users/Raj/OneDrive - Åbo Akademi O365/banking/airflow/.venv/lib/python3.12/site-packages/airflow/example_dags/example_display_name.py took 0.167 seconds
[2025-11-22T20:45:53.518+0500] {processor.py:186} INFO - Started process (PID=67182) to work on /mnt/c/Users/Raj/OneDrive - Åbo Akademi O365/banking/airflow/.venv/lib/python3.12/site-packages/airflow/example_dags/example_display_name.py
[2025-11-22T20:45:53.521+0500] {processor.py:914} INFO - Processing file /mnt/c/Users/Raj/OneDrive - Åbo Akademi O365/banking/airflow/.venv/lib/python3.12/site-packages/airflow/example_dags/example_display_name.py for tasks to queue
[2025-11-22T20:45:53.526+0500] {logging_mixin.py:190} INFO - [2025-11-22T20:45:53.524+0500] {dagbag.py:588} INFO - Filling up the DagBag from /mnt/c/Users/Raj/OneDrive - Åbo Akademi O365/banking/airflow/.venv/lib/python3.12/site-packages/airflow/example_dags/example_display_name.py
[2025-11-22T20:45:53.547+0500] {processor.py:925} INFO - DAG(s) 'example_display_name' retrieved from /mnt/c/Users/Raj/OneDrive - Åbo Akademi O365/banking/airflow/.venv/lib/python3.12/site-packages/airflow/example_dags/example_display_name.py
[2025-11-22T20:45:53.588+0500] {logging_mixin.py:190} INFO - [2025-11-22T20:45:53.587+0500] {dag.py:3239} INFO - Sync 1 DAGs
[2025-11-22T20:45:53.605+0500] {logging_mixin.py:190} INFO - [2025-11-22T20:45:53.603+0500] {dag.py:4180} INFO - Setting next_dagrun for example_display_name to None, run_after=None
[2025-11-22T20:45:53.672+0500] {processor.py:208} INFO - Processing /mnt/c/Users/Raj/OneDrive - Åbo Akademi O365/banking/airflow/.venv/lib/python3.12/site-packages/airflow/example_dags/example_display_name.py took 0.174 seconds
[2025-11-22T20:47:37.952+0500] {processor.py:186} INFO - Started process (PID=67262) to work on /mnt/c/Users/Raj/OneDrive - Åbo Akademi O365/banking/airflow/.venv/lib/python3.12/site-packages/airflow/example_dags/example_display_name.py
[2025-11-22T20:47:37.954+0500] {processor.py:914} INFO - Processing file /mnt/c/Users/Raj/OneDrive - Åbo Akademi O365/banking/airflow/.venv/lib/python3.12/site-packages/airflow/example_dags/example_display_name.py for tasks to queue
[2025-11-22T20:47:37.959+0500] {logging_mixin.py:190} INFO - [2025-11-22T20:47:37.957+0500] {dagbag.py:588} INFO - Filling up the DagBag from /mnt/c/Users/Raj/OneDrive - Åbo Akademi O365/banking/airflow/.venv/lib/python3.12/site-packages/airflow/example_dags/example_display_name.py
[2025-11-22T20:47:37.990+0500] {processor.py:925} INFO - DAG(s) 'example_display_name' retrieved from /mnt/c/Users/Raj/OneDrive - Åbo Akademi O365/banking/airflow/.venv/lib/python3.12/site-packages/airflow/example_dags/example_display_name.py
[2025-11-22T20:47:38.033+0500] {logging_mixin.py:190} INFO - [2025-11-22T20:47:38.032+0500] {dag.py:3239} INFO - Sync 1 DAGs
[2025-11-22T20:47:38.050+0500] {logging_mixin.py:190} INFO - [2025-11-22T20:47:38.049+0500] {dag.py:4180} INFO - Setting next_dagrun for example_display_name to None, run_after=None
[2025-11-22T20:47:38.123+0500] {processor.py:208} INFO - Processing /mnt/c/Users/Raj/OneDrive - Åbo Akademi O365/banking/airflow/.venv/lib/python3.12/site-packages/airflow/example_dags/example_display_name.py took 0.183 seconds
[2025-11-22T20:49:18.056+0500] {processor.py:186} INFO - Started process (PID=67342) to work on /mnt/c/Users/Raj/OneDrive - Åbo Akademi O365/banking/airflow/.venv/lib/python3.12/site-packages/airflow/example_dags/example_display_name.py
[2025-11-22T20:49:18.059+0500] {processor.py:914} INFO - Processing file /mnt/c/Users/Raj/OneDrive - Åbo Akademi O365/banking/airflow/.venv/lib/python3.12/site-packages/airflow/example_dags/example_display_name.py for tasks to queue
[2025-11-22T20:49:18.063+0500] {logging_mixin.py:190} INFO - [2025-11-22T20:49:18.061+0500] {dagbag.py:588} INFO - Filling up the DagBag from /mnt/c/Users/Raj/OneDrive - Åbo Akademi O365/banking/airflow/.venv/lib/python3.12/site-packages/airflow/example_dags/example_display_name.py
[2025-11-22T20:49:18.094+0500] {processor.py:925} INFO - DAG(s) 'example_display_name' retrieved from /mnt/c/Users/Raj/OneDrive - Åbo Akademi O365/banking/airflow/.venv/lib/python3.12/site-packages/airflow/example_dags/example_display_name.py
[2025-11-22T20:49:18.136+0500] {logging_mixin.py:190} INFO - [2025-11-22T20:49:18.135+0500] {dag.py:3239} INFO - Sync 1 DAGs
[2025-11-22T20:49:18.154+0500] {logging_mixin.py:190} INFO - [2025-11-22T20:49:18.153+0500] {dag.py:4180} INFO - Setting next_dagrun for example_display_name to None, run_after=None
[2025-11-22T20:49:18.225+0500] {processor.py:208} INFO - Processing /mnt/c/Users/Raj/OneDrive - Åbo Akademi O365/banking/airflow/.venv/lib/python3.12/site-packages/airflow/example_dags/example_display_name.py took 0.186 seconds
[2025-11-22T20:50:59.648+0500] {processor.py:186} INFO - Started process (PID=67417) to work on /mnt/c/Users/Raj/OneDrive - Åbo Akademi O365/banking/airflow/.venv/lib/python3.12/site-packages/airflow/example_dags/example_display_name.py
[2025-11-22T20:50:59.651+0500] {processor.py:914} INFO - Processing file /mnt/c/Users/Raj/OneDrive - Åbo Akademi O365/banking/airflow/.venv/lib/python3.12/site-packages/airflow/example_dags/example_display_name.py for tasks to queue
[2025-11-22T20:50:59.653+0500] {logging_mixin.py:190} INFO - [2025-11-22T20:50:59.652+0500] {dagbag.py:588} INFO - Filling up the DagBag from /mnt/c/Users/Raj/OneDrive - Åbo Akademi O365/banking/airflow/.venv/lib/python3.12/site-packages/airflow/example_dags/example_display_name.py
[2025-11-22T20:50:59.676+0500] {processor.py:925} INFO - DAG(s) 'example_display_name' retrieved from /mnt/c/Users/Raj/OneDrive - Åbo Akademi O365/banking/airflow/.venv/lib/python3.12/site-packages/airflow/example_dags/example_display_name.py
[2025-11-22T20:50:59.721+0500] {logging_mixin.py:190} INFO - [2025-11-22T20:50:59.719+0500] {dag.py:3239} INFO - Sync 1 DAGs
[2025-11-22T20:50:59.742+0500] {logging_mixin.py:190} INFO - [2025-11-22T20:50:59.740+0500] {dag.py:4180} INFO - Setting next_dagrun for example_display_name to None, run_after=None
[2025-11-22T20:50:59.818+0500] {processor.py:208} INFO - Processing /mnt/c/Users/Raj/OneDrive - Åbo Akademi O365/banking/airflow/.venv/lib/python3.12/site-packages/airflow/example_dags/example_display_name.py took 0.183 seconds
[2025-11-22T20:52:44.947+0500] {processor.py:186} INFO - Started process (PID=67500) to work on /mnt/c/Users/Raj/OneDrive - Åbo Akademi O365/banking/airflow/.venv/lib/python3.12/site-packages/airflow/example_dags/example_display_name.py
[2025-11-22T20:52:44.949+0500] {processor.py:914} INFO - Processing file /mnt/c/Users/Raj/OneDrive - Åbo Akademi O365/banking/airflow/.venv/lib/python3.12/site-packages/airflow/example_dags/example_display_name.py for tasks to queue
[2025-11-22T20:52:44.952+0500] {logging_mixin.py:190} INFO - [2025-11-22T20:52:44.950+0500] {dagbag.py:588} INFO - Filling up the DagBag from /mnt/c/Users/Raj/OneDrive - Åbo Akademi O365/banking/airflow/.venv/lib/python3.12/site-packages/airflow/example_dags/example_display_name.py
[2025-11-22T20:52:44.978+0500] {processor.py:925} INFO - DAG(s) 'example_display_name' retrieved from /mnt/c/Users/Raj/OneDrive - Åbo Akademi O365/banking/airflow/.venv/lib/python3.12/site-packages/airflow/example_dags/example_display_name.py
[2025-11-22T20:52:45.017+0500] {logging_mixin.py:190} INFO - [2025-11-22T20:52:45.016+0500] {dag.py:3239} INFO - Sync 1 DAGs
[2025-11-22T20:52:45.032+0500] {logging_mixin.py:190} INFO - [2025-11-22T20:52:45.031+0500] {dag.py:4180} INFO - Setting next_dagrun for example_display_name to None, run_after=None
[2025-11-22T20:52:45.089+0500] {processor.py:208} INFO - Processing /mnt/c/Users/Raj/OneDrive - Åbo Akademi O365/banking/airflow/.venv/lib/python3.12/site-packages/airflow/example_dags/example_display_name.py took 0.155 seconds
[2025-11-22T20:54:27.000+0500] {processor.py:186} INFO - Started process (PID=67582) to work on /mnt/c/Users/Raj/OneDrive - Åbo Akademi O365/banking/airflow/.venv/lib/python3.12/site-packages/airflow/example_dags/example_display_name.py
[2025-11-22T20:54:27.002+0500] {processor.py:914} INFO - Processing file /mnt/c/Users/Raj/OneDrive - Åbo Akademi O365/banking/airflow/.venv/lib/python3.12/site-packages/airflow/example_dags/example_display_name.py for tasks to queue
[2025-11-22T20:54:27.006+0500] {logging_mixin.py:190} INFO - [2025-11-22T20:54:27.004+0500] {dagbag.py:588} INFO - Filling up the DagBag from /mnt/c/Users/Raj/OneDrive - Åbo Akademi O365/banking/airflow/.venv/lib/python3.12/site-packages/airflow/example_dags/example_display_name.py
[2025-11-22T20:54:27.037+0500] {processor.py:925} INFO - DAG(s) 'example_display_name' retrieved from /mnt/c/Users/Raj/OneDrive - Åbo Akademi O365/banking/airflow/.venv/lib/python3.12/site-packages/airflow/example_dags/example_display_name.py
[2025-11-22T20:54:27.075+0500] {logging_mixin.py:190} INFO - [2025-11-22T20:54:27.074+0500] {dag.py:3239} INFO - Sync 1 DAGs
[2025-11-22T20:54:27.092+0500] {logging_mixin.py:190} INFO - [2025-11-22T20:54:27.091+0500] {dag.py:4180} INFO - Setting next_dagrun for example_display_name to None, run_after=None
[2025-11-22T20:54:27.163+0500] {processor.py:208} INFO - Processing /mnt/c/Users/Raj/OneDrive - Åbo Akademi O365/banking/airflow/.venv/lib/python3.12/site-packages/airflow/example_dags/example_display_name.py took 0.180 seconds
[2025-11-22T20:56:10.929+0500] {processor.py:186} INFO - Started process (PID=67746) to work on /mnt/c/Users/Raj/OneDrive - Åbo Akademi O365/banking/airflow/.venv/lib/python3.12/site-packages/airflow/example_dags/example_display_name.py
[2025-11-22T20:56:10.931+0500] {processor.py:914} INFO - Processing file /mnt/c/Users/Raj/OneDrive - Åbo Akademi O365/banking/airflow/.venv/lib/python3.12/site-packages/airflow/example_dags/example_display_name.py for tasks to queue
[2025-11-22T20:56:10.935+0500] {logging_mixin.py:190} INFO - [2025-11-22T20:56:10.933+0500] {dagbag.py:588} INFO - Filling up the DagBag from /mnt/c/Users/Raj/OneDrive - Åbo Akademi O365/banking/airflow/.venv/lib/python3.12/site-packages/airflow/example_dags/example_display_name.py
[2025-11-22T20:56:10.961+0500] {processor.py:925} INFO - DAG(s) 'example_display_name' retrieved from /mnt/c/Users/Raj/OneDrive - Åbo Akademi O365/banking/airflow/.venv/lib/python3.12/site-packages/airflow/example_dags/example_display_name.py
[2025-11-22T20:56:10.994+0500] {logging_mixin.py:190} INFO - [2025-11-22T20:56:10.993+0500] {dag.py:3239} INFO - Sync 1 DAGs
[2025-11-22T20:56:11.009+0500] {logging_mixin.py:190} INFO - [2025-11-22T20:56:11.008+0500] {dag.py:4180} INFO - Setting next_dagrun for example_display_name to None, run_after=None
[2025-11-22T20:56:11.074+0500] {processor.py:208} INFO - Processing /mnt/c/Users/Raj/OneDrive - Åbo Akademi O365/banking/airflow/.venv/lib/python3.12/site-packages/airflow/example_dags/example_display_name.py took 0.163 seconds
[2025-11-22T20:57:53.094+0500] {processor.py:186} INFO - Started process (PID=67827) to work on /mnt/c/Users/Raj/OneDrive - Åbo Akademi O365/banking/airflow/.venv/lib/python3.12/site-packages/airflow/example_dags/example_display_name.py
[2025-11-22T20:57:53.097+0500] {processor.py:914} INFO - Processing file /mnt/c/Users/Raj/OneDrive - Åbo Akademi O365/banking/airflow/.venv/lib/python3.12/site-packages/airflow/example_dags/example_display_name.py for tasks to queue
[2025-11-22T20:57:53.102+0500] {logging_mixin.py:190} INFO - [2025-11-22T20:57:53.100+0500] {dagbag.py:588} INFO - Filling up the DagBag from /mnt/c/Users/Raj/OneDrive - Åbo Akademi O365/banking/airflow/.venv/lib/python3.12/site-packages/airflow/example_dags/example_display_name.py
[2025-11-22T20:57:53.134+0500] {processor.py:925} INFO - DAG(s) 'example_display_name' retrieved from /mnt/c/Users/Raj/OneDrive - Åbo Akademi O365/banking/airflow/.venv/lib/python3.12/site-packages/airflow/example_dags/example_display_name.py
[2025-11-22T20:57:53.172+0500] {logging_mixin.py:190} INFO - [2025-11-22T20:57:53.171+0500] {dag.py:3239} INFO - Sync 1 DAGs
[2025-11-22T20:57:53.194+0500] {logging_mixin.py:190} INFO - [2025-11-22T20:57:53.192+0500] {dag.py:4180} INFO - Setting next_dagrun for example_display_name to None, run_after=None
[2025-11-22T20:57:53.271+0500] {processor.py:208} INFO - Processing /mnt/c/Users/Raj/OneDrive - Åbo Akademi O365/banking/airflow/.venv/lib/python3.12/site-packages/airflow/example_dags/example_display_name.py took 0.197 seconds
[2025-11-22T20:59:33.742+0500] {processor.py:186} INFO - Started process (PID=67908) to work on /mnt/c/Users/Raj/OneDrive - Åbo Akademi O365/banking/airflow/.venv/lib/python3.12/site-packages/airflow/example_dags/example_display_name.py
[2025-11-22T20:59:33.744+0500] {processor.py:914} INFO - Processing file /mnt/c/Users/Raj/OneDrive - Åbo Akademi O365/banking/airflow/.venv/lib/python3.12/site-packages/airflow/example_dags/example_display_name.py for tasks to queue
[2025-11-22T20:59:33.747+0500] {logging_mixin.py:190} INFO - [2025-11-22T20:59:33.746+0500] {dagbag.py:588} INFO - Filling up the DagBag from /mnt/c/Users/Raj/OneDrive - Åbo Akademi O365/banking/airflow/.venv/lib/python3.12/site-packages/airflow/example_dags/example_display_name.py
[2025-11-22T20:59:33.769+0500] {processor.py:925} INFO - DAG(s) 'example_display_name' retrieved from /mnt/c/Users/Raj/OneDrive - Åbo Akademi O365/banking/airflow/.venv/lib/python3.12/site-packages/airflow/example_dags/example_display_name.py
[2025-11-22T20:59:33.807+0500] {logging_mixin.py:190} INFO - [2025-11-22T20:59:33.806+0500] {dag.py:3239} INFO - Sync 1 DAGs
[2025-11-22T20:59:33.824+0500] {logging_mixin.py:190} INFO - [2025-11-22T20:59:33.823+0500] {dag.py:4180} INFO - Setting next_dagrun for example_display_name to None, run_after=None
[2025-11-22T20:59:33.906+0500] {processor.py:208} INFO - Processing /mnt/c/Users/Raj/OneDrive - Åbo Akademi O365/banking/airflow/.venv/lib/python3.12/site-packages/airflow/example_dags/example_display_name.py took 0.179 seconds
[2025-11-22T21:01:15.507+0500] {processor.py:186} INFO - Started process (PID=67983) to work on /mnt/c/Users/Raj/OneDrive - Åbo Akademi O365/banking/airflow/.venv/lib/python3.12/site-packages/airflow/example_dags/example_display_name.py
[2025-11-22T21:01:15.510+0500] {processor.py:914} INFO - Processing file /mnt/c/Users/Raj/OneDrive - Åbo Akademi O365/banking/airflow/.venv/lib/python3.12/site-packages/airflow/example_dags/example_display_name.py for tasks to queue
[2025-11-22T21:01:15.520+0500] {logging_mixin.py:190} INFO - [2025-11-22T21:01:15.518+0500] {dagbag.py:588} INFO - Filling up the DagBag from /mnt/c/Users/Raj/OneDrive - Åbo Akademi O365/banking/airflow/.venv/lib/python3.12/site-packages/airflow/example_dags/example_display_name.py
[2025-11-22T21:01:15.557+0500] {processor.py:925} INFO - DAG(s) 'example_display_name' retrieved from /mnt/c/Users/Raj/OneDrive - Åbo Akademi O365/banking/airflow/.venv/lib/python3.12/site-packages/airflow/example_dags/example_display_name.py
[2025-11-22T21:01:15.624+0500] {logging_mixin.py:190} INFO - [2025-11-22T21:01:15.622+0500] {dag.py:3239} INFO - Sync 1 DAGs
[2025-11-22T21:01:15.652+0500] {logging_mixin.py:190} INFO - [2025-11-22T21:01:15.650+0500] {dag.py:4180} INFO - Setting next_dagrun for example_display_name to None, run_after=None
[2025-11-22T21:01:15.736+0500] {processor.py:208} INFO - Processing /mnt/c/Users/Raj/OneDrive - Åbo Akademi O365/banking/airflow/.venv/lib/python3.12/site-packages/airflow/example_dags/example_display_name.py took 0.251 seconds
[2025-11-22T21:03:38.816+0500] {processor.py:186} INFO - Started process (PID=68113) to work on /mnt/c/Users/Raj/OneDrive - Åbo Akademi O365/banking/airflow/.venv/lib/python3.12/site-packages/airflow/example_dags/example_display_name.py
[2025-11-22T21:03:38.821+0500] {processor.py:914} INFO - Processing file /mnt/c/Users/Raj/OneDrive - Åbo Akademi O365/banking/airflow/.venv/lib/python3.12/site-packages/airflow/example_dags/example_display_name.py for tasks to queue
[2025-11-22T21:03:38.834+0500] {logging_mixin.py:190} INFO - [2025-11-22T21:03:38.828+0500] {dagbag.py:588} INFO - Filling up the DagBag from /mnt/c/Users/Raj/OneDrive - Åbo Akademi O365/banking/airflow/.venv/lib/python3.12/site-packages/airflow/example_dags/example_display_name.py
[2025-11-22T21:03:38.867+0500] {processor.py:925} INFO - DAG(s) 'example_display_name' retrieved from /mnt/c/Users/Raj/OneDrive - Åbo Akademi O365/banking/airflow/.venv/lib/python3.12/site-packages/airflow/example_dags/example_display_name.py
[2025-11-22T21:03:38.908+0500] {logging_mixin.py:190} INFO - [2025-11-22T21:03:38.907+0500] {dag.py:3239} INFO - Sync 1 DAGs
[2025-11-22T21:03:38.927+0500] {logging_mixin.py:190} INFO - [2025-11-22T21:03:38.926+0500] {dag.py:4180} INFO - Setting next_dagrun for example_display_name to None, run_after=None
[2025-11-22T21:03:39.006+0500] {processor.py:208} INFO - Processing /mnt/c/Users/Raj/OneDrive - Åbo Akademi O365/banking/airflow/.venv/lib/python3.12/site-packages/airflow/example_dags/example_display_name.py took 0.225 seconds
[2025-11-22T21:07:30.860+0500] {processor.py:186} INFO - Started process (PID=68273) to work on /mnt/c/Users/Raj/OneDrive - Åbo Akademi O365/banking/airflow/.venv/lib/python3.12/site-packages/airflow/example_dags/example_display_name.py
[2025-11-22T21:07:30.865+0500] {processor.py:914} INFO - Processing file /mnt/c/Users/Raj/OneDrive - Åbo Akademi O365/banking/airflow/.venv/lib/python3.12/site-packages/airflow/example_dags/example_display_name.py for tasks to queue
[2025-11-22T21:07:30.877+0500] {logging_mixin.py:190} INFO - [2025-11-22T21:07:30.875+0500] {dagbag.py:588} INFO - Filling up the DagBag from /mnt/c/Users/Raj/OneDrive - Åbo Akademi O365/banking/airflow/.venv/lib/python3.12/site-packages/airflow/example_dags/example_display_name.py
[2025-11-22T21:07:30.918+0500] {processor.py:925} INFO - DAG(s) 'example_display_name' retrieved from /mnt/c/Users/Raj/OneDrive - Åbo Akademi O365/banking/airflow/.venv/lib/python3.12/site-packages/airflow/example_dags/example_display_name.py
[2025-11-22T21:07:30.954+0500] {logging_mixin.py:190} INFO - [2025-11-22T21:07:30.953+0500] {dag.py:3239} INFO - Sync 1 DAGs
[2025-11-22T21:07:30.971+0500] {logging_mixin.py:190} INFO - [2025-11-22T21:07:30.970+0500] {dag.py:4180} INFO - Setting next_dagrun for example_display_name to None, run_after=None
[2025-11-22T21:07:31.032+0500] {processor.py:208} INFO - Processing /mnt/c/Users/Raj/OneDrive - Åbo Akademi O365/banking/airflow/.venv/lib/python3.12/site-packages/airflow/example_dags/example_display_name.py took 0.236 seconds
[2025-11-22T21:09:35.073+0500] {processor.py:186} INFO - Started process (PID=68370) to work on /mnt/c/Users/Raj/OneDrive - Åbo Akademi O365/banking/airflow/.venv/lib/python3.12/site-packages/airflow/example_dags/example_display_name.py
[2025-11-22T21:09:35.075+0500] {processor.py:914} INFO - Processing file /mnt/c/Users/Raj/OneDrive - Åbo Akademi O365/banking/airflow/.venv/lib/python3.12/site-packages/airflow/example_dags/example_display_name.py for tasks to queue
[2025-11-22T21:09:35.080+0500] {logging_mixin.py:190} INFO - [2025-11-22T21:09:35.078+0500] {dagbag.py:588} INFO - Filling up the DagBag from /mnt/c/Users/Raj/OneDrive - Åbo Akademi O365/banking/airflow/.venv/lib/python3.12/site-packages/airflow/example_dags/example_display_name.py
[2025-11-22T21:09:35.112+0500] {processor.py:925} INFO - DAG(s) 'example_display_name' retrieved from /mnt/c/Users/Raj/OneDrive - Åbo Akademi O365/banking/airflow/.venv/lib/python3.12/site-packages/airflow/example_dags/example_display_name.py
[2025-11-22T21:09:35.150+0500] {logging_mixin.py:190} INFO - [2025-11-22T21:09:35.149+0500] {dag.py:3239} INFO - Sync 1 DAGs
[2025-11-22T21:09:35.174+0500] {logging_mixin.py:190} INFO - [2025-11-22T21:09:35.173+0500] {dag.py:4180} INFO - Setting next_dagrun for example_display_name to None, run_after=None
[2025-11-22T21:09:35.246+0500] {processor.py:208} INFO - Processing /mnt/c/Users/Raj/OneDrive - Åbo Akademi O365/banking/airflow/.venv/lib/python3.12/site-packages/airflow/example_dags/example_display_name.py took 0.194 seconds
[2025-11-22T21:11:30.290+0500] {processor.py:186} INFO - Started process (PID=68457) to work on /mnt/c/Users/Raj/OneDrive - Åbo Akademi O365/banking/airflow/.venv/lib/python3.12/site-packages/airflow/example_dags/example_display_name.py
[2025-11-22T21:11:30.292+0500] {processor.py:914} INFO - Processing file /mnt/c/Users/Raj/OneDrive - Åbo Akademi O365/banking/airflow/.venv/lib/python3.12/site-packages/airflow/example_dags/example_display_name.py for tasks to queue
[2025-11-22T21:11:30.297+0500] {logging_mixin.py:190} INFO - [2025-11-22T21:11:30.295+0500] {dagbag.py:588} INFO - Filling up the DagBag from /mnt/c/Users/Raj/OneDrive - Åbo Akademi O365/banking/airflow/.venv/lib/python3.12/site-packages/airflow/example_dags/example_display_name.py
[2025-11-22T21:11:30.324+0500] {processor.py:925} INFO - DAG(s) 'example_display_name' retrieved from /mnt/c/Users/Raj/OneDrive - Åbo Akademi O365/banking/airflow/.venv/lib/python3.12/site-packages/airflow/example_dags/example_display_name.py
[2025-11-22T21:11:30.351+0500] {logging_mixin.py:190} INFO - [2025-11-22T21:11:30.350+0500] {dag.py:3239} INFO - Sync 1 DAGs
[2025-11-22T21:11:30.491+0500] {logging_mixin.py:190} INFO - [2025-11-22T21:11:30.490+0500] {dag.py:4180} INFO - Setting next_dagrun for example_display_name to None, run_after=None
[2025-11-22T21:11:30.563+0500] {processor.py:208} INFO - Processing /mnt/c/Users/Raj/OneDrive - Åbo Akademi O365/banking/airflow/.venv/lib/python3.12/site-packages/airflow/example_dags/example_display_name.py took 0.294 seconds
[2025-11-22T21:13:19.253+0500] {processor.py:186} INFO - Started process (PID=68540) to work on /mnt/c/Users/Raj/OneDrive - Åbo Akademi O365/banking/airflow/.venv/lib/python3.12/site-packages/airflow/example_dags/example_display_name.py
[2025-11-22T21:13:19.255+0500] {processor.py:914} INFO - Processing file /mnt/c/Users/Raj/OneDrive - Åbo Akademi O365/banking/airflow/.venv/lib/python3.12/site-packages/airflow/example_dags/example_display_name.py for tasks to queue
[2025-11-22T21:13:19.259+0500] {logging_mixin.py:190} INFO - [2025-11-22T21:13:19.257+0500] {dagbag.py:588} INFO - Filling up the DagBag from /mnt/c/Users/Raj/OneDrive - Åbo Akademi O365/banking/airflow/.venv/lib/python3.12/site-packages/airflow/example_dags/example_display_name.py
[2025-11-22T21:13:19.287+0500] {processor.py:925} INFO - DAG(s) 'example_display_name' retrieved from /mnt/c/Users/Raj/OneDrive - Åbo Akademi O365/banking/airflow/.venv/lib/python3.12/site-packages/airflow/example_dags/example_display_name.py
[2025-11-22T21:13:19.322+0500] {logging_mixin.py:190} INFO - [2025-11-22T21:13:19.321+0500] {dag.py:3239} INFO - Sync 1 DAGs
[2025-11-22T21:13:19.337+0500] {logging_mixin.py:190} INFO - [2025-11-22T21:13:19.336+0500] {dag.py:4180} INFO - Setting next_dagrun for example_display_name to None, run_after=None
[2025-11-22T21:13:19.400+0500] {processor.py:208} INFO - Processing /mnt/c/Users/Raj/OneDrive - Åbo Akademi O365/banking/airflow/.venv/lib/python3.12/site-packages/airflow/example_dags/example_display_name.py took 0.168 seconds
[2025-11-22T21:15:01.788+0500] {processor.py:186} INFO - Started process (PID=68620) to work on /mnt/c/Users/Raj/OneDrive - Åbo Akademi O365/banking/airflow/.venv/lib/python3.12/site-packages/airflow/example_dags/example_display_name.py
[2025-11-22T21:15:01.791+0500] {processor.py:914} INFO - Processing file /mnt/c/Users/Raj/OneDrive - Åbo Akademi O365/banking/airflow/.venv/lib/python3.12/site-packages/airflow/example_dags/example_display_name.py for tasks to queue
[2025-11-22T21:15:01.796+0500] {logging_mixin.py:190} INFO - [2025-11-22T21:15:01.794+0500] {dagbag.py:588} INFO - Filling up the DagBag from /mnt/c/Users/Raj/OneDrive - Åbo Akademi O365/banking/airflow/.venv/lib/python3.12/site-packages/airflow/example_dags/example_display_name.py
[2025-11-22T21:15:01.829+0500] {processor.py:925} INFO - DAG(s) 'example_display_name' retrieved from /mnt/c/Users/Raj/OneDrive - Åbo Akademi O365/banking/airflow/.venv/lib/python3.12/site-packages/airflow/example_dags/example_display_name.py
[2025-11-22T21:15:01.878+0500] {logging_mixin.py:190} INFO - [2025-11-22T21:15:01.876+0500] {dag.py:3239} INFO - Sync 1 DAGs
[2025-11-22T21:15:01.907+0500] {logging_mixin.py:190} INFO - [2025-11-22T21:15:01.906+0500] {dag.py:4180} INFO - Setting next_dagrun for example_display_name to None, run_after=None
[2025-11-22T21:15:02.019+0500] {processor.py:208} INFO - Processing /mnt/c/Users/Raj/OneDrive - Åbo Akademi O365/banking/airflow/.venv/lib/python3.12/site-packages/airflow/example_dags/example_display_name.py took 0.255 seconds
[2025-11-22T21:16:38.587+0500] {processor.py:186} INFO - Started process (PID=68699) to work on /mnt/c/Users/Raj/OneDrive - Åbo Akademi O365/banking/airflow/.venv/lib/python3.12/site-packages/airflow/example_dags/example_display_name.py
[2025-11-22T21:16:38.589+0500] {processor.py:914} INFO - Processing file /mnt/c/Users/Raj/OneDrive - Åbo Akademi O365/banking/airflow/.venv/lib/python3.12/site-packages/airflow/example_dags/example_display_name.py for tasks to queue
[2025-11-22T21:16:38.593+0500] {logging_mixin.py:190} INFO - [2025-11-22T21:16:38.592+0500] {dagbag.py:588} INFO - Filling up the DagBag from /mnt/c/Users/Raj/OneDrive - Åbo Akademi O365/banking/airflow/.venv/lib/python3.12/site-packages/airflow/example_dags/example_display_name.py
[2025-11-22T21:16:38.621+0500] {processor.py:925} INFO - DAG(s) 'example_display_name' retrieved from /mnt/c/Users/Raj/OneDrive - Åbo Akademi O365/banking/airflow/.venv/lib/python3.12/site-packages/airflow/example_dags/example_display_name.py
[2025-11-22T21:16:38.660+0500] {logging_mixin.py:190} INFO - [2025-11-22T21:16:38.659+0500] {dag.py:3239} INFO - Sync 1 DAGs
[2025-11-22T21:16:38.679+0500] {logging_mixin.py:190} INFO - [2025-11-22T21:16:38.677+0500] {dag.py:4180} INFO - Setting next_dagrun for example_display_name to None, run_after=None
[2025-11-22T21:16:38.753+0500] {processor.py:208} INFO - Processing /mnt/c/Users/Raj/OneDrive - Åbo Akademi O365/banking/airflow/.venv/lib/python3.12/site-packages/airflow/example_dags/example_display_name.py took 0.191 seconds
[2025-11-22T21:18:20.646+0500] {processor.py:186} INFO - Started process (PID=68781) to work on /mnt/c/Users/Raj/OneDrive - Åbo Akademi O365/banking/airflow/.venv/lib/python3.12/site-packages/airflow/example_dags/example_display_name.py
[2025-11-22T21:18:20.649+0500] {processor.py:914} INFO - Processing file /mnt/c/Users/Raj/OneDrive - Åbo Akademi O365/banking/airflow/.venv/lib/python3.12/site-packages/airflow/example_dags/example_display_name.py for tasks to queue
[2025-11-22T21:18:20.653+0500] {logging_mixin.py:190} INFO - [2025-11-22T21:18:20.651+0500] {dagbag.py:588} INFO - Filling up the DagBag from /mnt/c/Users/Raj/OneDrive - Åbo Akademi O365/banking/airflow/.venv/lib/python3.12/site-packages/airflow/example_dags/example_display_name.py
[2025-11-22T21:18:20.684+0500] {processor.py:925} INFO - DAG(s) 'example_display_name' retrieved from /mnt/c/Users/Raj/OneDrive - Åbo Akademi O365/banking/airflow/.venv/lib/python3.12/site-packages/airflow/example_dags/example_display_name.py
[2025-11-22T21:18:20.729+0500] {logging_mixin.py:190} INFO - [2025-11-22T21:18:20.728+0500] {dag.py:3239} INFO - Sync 1 DAGs
[2025-11-22T21:18:20.748+0500] {logging_mixin.py:190} INFO - [2025-11-22T21:18:20.746+0500] {dag.py:4180} INFO - Setting next_dagrun for example_display_name to None, run_after=None
[2025-11-22T21:18:20.816+0500] {processor.py:208} INFO - Processing /mnt/c/Users/Raj/OneDrive - Åbo Akademi O365/banking/airflow/.venv/lib/python3.12/site-packages/airflow/example_dags/example_display_name.py took 0.194 seconds
[2025-11-22T21:20:04.525+0500] {processor.py:186} INFO - Started process (PID=68857) to work on /mnt/c/Users/Raj/OneDrive - Åbo Akademi O365/banking/airflow/.venv/lib/python3.12/site-packages/airflow/example_dags/example_display_name.py
[2025-11-22T21:20:04.528+0500] {processor.py:914} INFO - Processing file /mnt/c/Users/Raj/OneDrive - Åbo Akademi O365/banking/airflow/.venv/lib/python3.12/site-packages/airflow/example_dags/example_display_name.py for tasks to queue
[2025-11-22T21:20:04.532+0500] {logging_mixin.py:190} INFO - [2025-11-22T21:20:04.531+0500] {dagbag.py:588} INFO - Filling up the DagBag from /mnt/c/Users/Raj/OneDrive - Åbo Akademi O365/banking/airflow/.venv/lib/python3.12/site-packages/airflow/example_dags/example_display_name.py
[2025-11-22T21:20:04.564+0500] {processor.py:925} INFO - DAG(s) 'example_display_name' retrieved from /mnt/c/Users/Raj/OneDrive - Åbo Akademi O365/banking/airflow/.venv/lib/python3.12/site-packages/airflow/example_dags/example_display_name.py
[2025-11-22T21:20:04.601+0500] {logging_mixin.py:190} INFO - [2025-11-22T21:20:04.600+0500] {dag.py:3239} INFO - Sync 1 DAGs
[2025-11-22T21:20:04.617+0500] {logging_mixin.py:190} INFO - [2025-11-22T21:20:04.616+0500] {dag.py:4180} INFO - Setting next_dagrun for example_display_name to None, run_after=None
[2025-11-22T21:20:04.685+0500] {processor.py:208} INFO - Processing /mnt/c/Users/Raj/OneDrive - Åbo Akademi O365/banking/airflow/.venv/lib/python3.12/site-packages/airflow/example_dags/example_display_name.py took 0.184 seconds
[2025-11-22T21:21:48.876+0500] {processor.py:186} INFO - Started process (PID=68940) to work on /mnt/c/Users/Raj/OneDrive - Åbo Akademi O365/banking/airflow/.venv/lib/python3.12/site-packages/airflow/example_dags/example_display_name.py
[2025-11-22T21:21:48.879+0500] {processor.py:914} INFO - Processing file /mnt/c/Users/Raj/OneDrive - Åbo Akademi O365/banking/airflow/.venv/lib/python3.12/site-packages/airflow/example_dags/example_display_name.py for tasks to queue
[2025-11-22T21:21:48.884+0500] {logging_mixin.py:190} INFO - [2025-11-22T21:21:48.882+0500] {dagbag.py:588} INFO - Filling up the DagBag from /mnt/c/Users/Raj/OneDrive - Åbo Akademi O365/banking/airflow/.venv/lib/python3.12/site-packages/airflow/example_dags/example_display_name.py
[2025-11-22T21:21:48.916+0500] {processor.py:925} INFO - DAG(s) 'example_display_name' retrieved from /mnt/c/Users/Raj/OneDrive - Åbo Akademi O365/banking/airflow/.venv/lib/python3.12/site-packages/airflow/example_dags/example_display_name.py
[2025-11-22T21:21:48.961+0500] {logging_mixin.py:190} INFO - [2025-11-22T21:21:48.959+0500] {dag.py:3239} INFO - Sync 1 DAGs
[2025-11-22T21:21:48.989+0500] {logging_mixin.py:190} INFO - [2025-11-22T21:21:48.987+0500] {dag.py:4180} INFO - Setting next_dagrun for example_display_name to None, run_after=None
[2025-11-22T21:21:49.075+0500] {processor.py:208} INFO - Processing /mnt/c/Users/Raj/OneDrive - Åbo Akademi O365/banking/airflow/.venv/lib/python3.12/site-packages/airflow/example_dags/example_display_name.py took 0.221 seconds
[2025-11-22T21:23:33.179+0500] {processor.py:186} INFO - Started process (PID=69022) to work on /mnt/c/Users/Raj/OneDrive - Åbo Akademi O365/banking/airflow/.venv/lib/python3.12/site-packages/airflow/example_dags/example_display_name.py
[2025-11-22T21:23:33.183+0500] {processor.py:914} INFO - Processing file /mnt/c/Users/Raj/OneDrive - Åbo Akademi O365/banking/airflow/.venv/lib/python3.12/site-packages/airflow/example_dags/example_display_name.py for tasks to queue
[2025-11-22T21:23:33.188+0500] {logging_mixin.py:190} INFO - [2025-11-22T21:23:33.186+0500] {dagbag.py:588} INFO - Filling up the DagBag from /mnt/c/Users/Raj/OneDrive - Åbo Akademi O365/banking/airflow/.venv/lib/python3.12/site-packages/airflow/example_dags/example_display_name.py
[2025-11-22T21:23:33.240+0500] {processor.py:925} INFO - DAG(s) 'example_display_name' retrieved from /mnt/c/Users/Raj/OneDrive - Åbo Akademi O365/banking/airflow/.venv/lib/python3.12/site-packages/airflow/example_dags/example_display_name.py
[2025-11-22T21:23:33.299+0500] {logging_mixin.py:190} INFO - [2025-11-22T21:23:33.297+0500] {dag.py:3239} INFO - Sync 1 DAGs
[2025-11-22T21:23:33.322+0500] {logging_mixin.py:190} INFO - [2025-11-22T21:23:33.321+0500] {dag.py:4180} INFO - Setting next_dagrun for example_display_name to None, run_after=None
[2025-11-22T21:23:33.406+0500] {processor.py:208} INFO - Processing /mnt/c/Users/Raj/OneDrive - Åbo Akademi O365/banking/airflow/.venv/lib/python3.12/site-packages/airflow/example_dags/example_display_name.py took 0.295 seconds
