[2025-11-22T20:14:47.677+0500] {processor.py:186} INFO - Started process (PID=65706) to work on /mnt/c/Users/Raj/OneDrive - Åbo Akademi O365/banking/airflow/.venv/lib/python3.12/site-packages/airflow/example_dags/example_bash_decorator.py
[2025-11-22T20:14:47.679+0500] {processor.py:914} INFO - Processing file /mnt/c/Users/Raj/OneDrive - Åbo Akademi O365/banking/airflow/.venv/lib/python3.12/site-packages/airflow/example_dags/example_bash_decorator.py for tasks to queue
[2025-11-22T20:14:47.683+0500] {logging_mixin.py:190} INFO - [2025-11-22T20:14:47.681+0500] {dagbag.py:588} INFO - Filling up the DagBag from /mnt/c/Users/Raj/OneDrive - Åbo Akademi O365/banking/airflow/.venv/lib/python3.12/site-packages/airflow/example_dags/example_bash_decorator.py
[2025-11-22T20:14:47.728+0500] {processor.py:925} INFO - DAG(s) 'example_bash_decorator' retrieved from /mnt/c/Users/Raj/OneDrive - Åbo Akademi O365/banking/airflow/.venv/lib/python3.12/site-packages/airflow/example_dags/example_bash_decorator.py
[2025-11-22T20:14:47.770+0500] {logging_mixin.py:190} INFO - [2025-11-22T20:14:47.769+0500] {dag.py:3239} INFO - Sync 1 DAGs
[2025-11-22T20:14:47.792+0500] {logging_mixin.py:190} INFO - [2025-11-22T20:14:47.791+0500] {dag.py:4180} INFO - Setting next_dagrun for example_bash_decorator to None, run_after=None
[2025-11-22T20:14:47.863+0500] {processor.py:208} INFO - Processing /mnt/c/Users/Raj/OneDrive - Åbo Akademi O365/banking/airflow/.venv/lib/python3.12/site-packages/airflow/example_dags/example_bash_decorator.py took 0.205 seconds
[2025-11-22T20:16:48.326+0500] {processor.py:186} INFO - Started process (PID=65796) to work on /mnt/c/Users/Raj/OneDrive - Åbo Akademi O365/banking/airflow/.venv/lib/python3.12/site-packages/airflow/example_dags/example_bash_decorator.py
[2025-11-22T20:16:48.329+0500] {processor.py:914} INFO - Processing file /mnt/c/Users/Raj/OneDrive - Åbo Akademi O365/banking/airflow/.venv/lib/python3.12/site-packages/airflow/example_dags/example_bash_decorator.py for tasks to queue
[2025-11-22T20:16:48.335+0500] {logging_mixin.py:190} INFO - [2025-11-22T20:16:48.332+0500] {dagbag.py:588} INFO - Filling up the DagBag from /mnt/c/Users/Raj/OneDrive - Åbo Akademi O365/banking/airflow/.venv/lib/python3.12/site-packages/airflow/example_dags/example_bash_decorator.py
[2025-11-22T20:16:48.394+0500] {processor.py:925} INFO - DAG(s) 'example_bash_decorator' retrieved from /mnt/c/Users/Raj/OneDrive - Åbo Akademi O365/banking/airflow/.venv/lib/python3.12/site-packages/airflow/example_dags/example_bash_decorator.py
[2025-11-22T20:16:48.514+0500] {logging_mixin.py:190} INFO - [2025-11-22T20:16:48.505+0500] {dag.py:3239} INFO - Sync 1 DAGs
[2025-11-22T20:16:48.570+0500] {logging_mixin.py:190} INFO - [2025-11-22T20:16:48.569+0500] {dag.py:4180} INFO - Setting next_dagrun for example_bash_decorator to None, run_after=None
[2025-11-22T20:16:48.676+0500] {processor.py:208} INFO - Processing /mnt/c/Users/Raj/OneDrive - Åbo Akademi O365/banking/airflow/.venv/lib/python3.12/site-packages/airflow/example_dags/example_bash_decorator.py took 0.372 seconds
[2025-11-22T20:21:41.818+0500] {processor.py:186} INFO - Started process (PID=65965) to work on /mnt/c/Users/Raj/OneDrive - Åbo Akademi O365/banking/airflow/.venv/lib/python3.12/site-packages/airflow/example_dags/example_bash_decorator.py
[2025-11-22T20:21:41.820+0500] {processor.py:914} INFO - Processing file /mnt/c/Users/Raj/OneDrive - Åbo Akademi O365/banking/airflow/.venv/lib/python3.12/site-packages/airflow/example_dags/example_bash_decorator.py for tasks to queue
[2025-11-22T20:21:41.825+0500] {logging_mixin.py:190} INFO - [2025-11-22T20:21:41.823+0500] {dagbag.py:588} INFO - Filling up the DagBag from /mnt/c/Users/Raj/OneDrive - Åbo Akademi O365/banking/airflow/.venv/lib/python3.12/site-packages/airflow/example_dags/example_bash_decorator.py
[2025-11-22T20:21:41.921+0500] {processor.py:925} INFO - DAG(s) 'example_bash_decorator' retrieved from /mnt/c/Users/Raj/OneDrive - Åbo Akademi O365/banking/airflow/.venv/lib/python3.12/site-packages/airflow/example_dags/example_bash_decorator.py
[2025-11-22T20:21:43.416+0500] {logging_mixin.py:190} INFO - [2025-11-22T20:21:43.415+0500] {dag.py:3239} INFO - Sync 1 DAGs
[2025-11-22T20:21:43.437+0500] {logging_mixin.py:190} INFO - [2025-11-22T20:21:43.436+0500] {dag.py:4180} INFO - Setting next_dagrun for example_bash_decorator to None, run_after=None
[2025-11-22T20:21:43.516+0500] {processor.py:208} INFO - Processing /mnt/c/Users/Raj/OneDrive - Åbo Akademi O365/banking/airflow/.venv/lib/python3.12/site-packages/airflow/example_dags/example_bash_decorator.py took 1.713 seconds
[2025-11-22T20:23:49.775+0500] {processor.py:186} INFO - Started process (PID=66074) to work on /mnt/c/Users/Raj/OneDrive - Åbo Akademi O365/banking/airflow/.venv/lib/python3.12/site-packages/airflow/example_dags/example_bash_decorator.py
[2025-11-22T20:23:49.778+0500] {processor.py:914} INFO - Processing file /mnt/c/Users/Raj/OneDrive - Åbo Akademi O365/banking/airflow/.venv/lib/python3.12/site-packages/airflow/example_dags/example_bash_decorator.py for tasks to queue
[2025-11-22T20:23:49.786+0500] {logging_mixin.py:190} INFO - [2025-11-22T20:23:49.784+0500] {dagbag.py:588} INFO - Filling up the DagBag from /mnt/c/Users/Raj/OneDrive - Åbo Akademi O365/banking/airflow/.venv/lib/python3.12/site-packages/airflow/example_dags/example_bash_decorator.py
[2025-11-22T20:23:49.940+0500] {processor.py:925} INFO - DAG(s) 'example_bash_decorator' retrieved from /mnt/c/Users/Raj/OneDrive - Åbo Akademi O365/banking/airflow/.venv/lib/python3.12/site-packages/airflow/example_dags/example_bash_decorator.py
[2025-11-22T20:23:50.012+0500] {logging_mixin.py:190} INFO - [2025-11-22T20:23:50.010+0500] {dag.py:3239} INFO - Sync 1 DAGs
[2025-11-22T20:23:50.034+0500] {logging_mixin.py:190} INFO - [2025-11-22T20:23:50.033+0500] {dag.py:4180} INFO - Setting next_dagrun for example_bash_decorator to None, run_after=None
[2025-11-22T20:23:50.117+0500] {processor.py:208} INFO - Processing /mnt/c/Users/Raj/OneDrive - Åbo Akademi O365/banking/airflow/.venv/lib/python3.12/site-packages/airflow/example_dags/example_bash_decorator.py took 0.368 seconds
[2025-11-22T20:28:38.691+0500] {processor.py:186} INFO - Started process (PID=66297) to work on /mnt/c/Users/Raj/OneDrive - Åbo Akademi O365/banking/airflow/.venv/lib/python3.12/site-packages/airflow/example_dags/example_bash_decorator.py
[2025-11-22T20:28:38.693+0500] {processor.py:914} INFO - Processing file /mnt/c/Users/Raj/OneDrive - Åbo Akademi O365/banking/airflow/.venv/lib/python3.12/site-packages/airflow/example_dags/example_bash_decorator.py for tasks to queue
[2025-11-22T20:28:38.697+0500] {logging_mixin.py:190} INFO - [2025-11-22T20:28:38.695+0500] {dagbag.py:588} INFO - Filling up the DagBag from /mnt/c/Users/Raj/OneDrive - Åbo Akademi O365/banking/airflow/.venv/lib/python3.12/site-packages/airflow/example_dags/example_bash_decorator.py
[2025-11-22T20:28:38.733+0500] {processor.py:925} INFO - DAG(s) 'example_bash_decorator' retrieved from /mnt/c/Users/Raj/OneDrive - Åbo Akademi O365/banking/airflow/.venv/lib/python3.12/site-packages/airflow/example_dags/example_bash_decorator.py
[2025-11-22T20:28:38.770+0500] {logging_mixin.py:190} INFO - [2025-11-22T20:28:38.769+0500] {dag.py:3239} INFO - Sync 1 DAGs
[2025-11-22T20:28:38.788+0500] {logging_mixin.py:190} INFO - [2025-11-22T20:28:38.787+0500] {dag.py:4180} INFO - Setting next_dagrun for example_bash_decorator to None, run_after=None
[2025-11-22T20:28:38.865+0500] {processor.py:208} INFO - Processing /mnt/c/Users/Raj/OneDrive - Åbo Akademi O365/banking/airflow/.venv/lib/python3.12/site-packages/airflow/example_dags/example_bash_decorator.py took 0.193 seconds
[2025-11-22T20:30:35.174+0500] {processor.py:186} INFO - Started process (PID=66419) to work on /mnt/c/Users/Raj/OneDrive - Åbo Akademi O365/banking/airflow/.venv/lib/python3.12/site-packages/airflow/example_dags/example_bash_decorator.py
[2025-11-22T20:30:35.177+0500] {processor.py:914} INFO - Processing file /mnt/c/Users/Raj/OneDrive - Åbo Akademi O365/banking/airflow/.venv/lib/python3.12/site-packages/airflow/example_dags/example_bash_decorator.py for tasks to queue
[2025-11-22T20:30:35.183+0500] {logging_mixin.py:190} INFO - [2025-11-22T20:30:35.180+0500] {dagbag.py:588} INFO - Filling up the DagBag from /mnt/c/Users/Raj/OneDrive - Åbo Akademi O365/banking/airflow/.venv/lib/python3.12/site-packages/airflow/example_dags/example_bash_decorator.py
[2025-11-22T20:30:35.241+0500] {processor.py:925} INFO - DAG(s) 'example_bash_decorator' retrieved from /mnt/c/Users/Raj/OneDrive - Åbo Akademi O365/banking/airflow/.venv/lib/python3.12/site-packages/airflow/example_dags/example_bash_decorator.py
[2025-11-22T20:30:35.302+0500] {logging_mixin.py:190} INFO - [2025-11-22T20:30:35.298+0500] {dag.py:3239} INFO - Sync 1 DAGs
[2025-11-22T20:30:35.328+0500] {logging_mixin.py:190} INFO - [2025-11-22T20:30:35.327+0500] {dag.py:4180} INFO - Setting next_dagrun for example_bash_decorator to None, run_after=None
[2025-11-22T20:30:35.402+0500] {processor.py:208} INFO - Processing /mnt/c/Users/Raj/OneDrive - Åbo Akademi O365/banking/airflow/.venv/lib/python3.12/site-packages/airflow/example_dags/example_bash_decorator.py took 0.254 seconds
[2025-11-22T20:34:13.357+0500] {processor.py:186} INFO - Started process (PID=66568) to work on /mnt/c/Users/Raj/OneDrive - Åbo Akademi O365/banking/airflow/.venv/lib/python3.12/site-packages/airflow/example_dags/example_bash_decorator.py
[2025-11-22T20:34:13.359+0500] {processor.py:914} INFO - Processing file /mnt/c/Users/Raj/OneDrive - Åbo Akademi O365/banking/airflow/.venv/lib/python3.12/site-packages/airflow/example_dags/example_bash_decorator.py for tasks to queue
[2025-11-22T20:34:13.362+0500] {logging_mixin.py:190} INFO - [2025-11-22T20:34:13.361+0500] {dagbag.py:588} INFO - Filling up the DagBag from /mnt/c/Users/Raj/OneDrive - Åbo Akademi O365/banking/airflow/.venv/lib/python3.12/site-packages/airflow/example_dags/example_bash_decorator.py
[2025-11-22T20:34:13.420+0500] {processor.py:925} INFO - DAG(s) 'example_bash_decorator' retrieved from /mnt/c/Users/Raj/OneDrive - Åbo Akademi O365/banking/airflow/.venv/lib/python3.12/site-packages/airflow/example_dags/example_bash_decorator.py
[2025-11-22T20:34:13.470+0500] {logging_mixin.py:190} INFO - [2025-11-22T20:34:13.469+0500] {dag.py:3239} INFO - Sync 1 DAGs
[2025-11-22T20:34:13.488+0500] {logging_mixin.py:190} INFO - [2025-11-22T20:34:13.487+0500] {dag.py:4180} INFO - Setting next_dagrun for example_bash_decorator to None, run_after=None
[2025-11-22T20:34:13.590+0500] {processor.py:208} INFO - Processing /mnt/c/Users/Raj/OneDrive - Åbo Akademi O365/banking/airflow/.venv/lib/python3.12/site-packages/airflow/example_dags/example_bash_decorator.py took 0.253 seconds
[2025-11-22T20:36:04.215+0500] {processor.py:186} INFO - Started process (PID=66651) to work on /mnt/c/Users/Raj/OneDrive - Åbo Akademi O365/banking/airflow/.venv/lib/python3.12/site-packages/airflow/example_dags/example_bash_decorator.py
[2025-11-22T20:36:04.218+0500] {processor.py:914} INFO - Processing file /mnt/c/Users/Raj/OneDrive - Åbo Akademi O365/banking/airflow/.venv/lib/python3.12/site-packages/airflow/example_dags/example_bash_decorator.py for tasks to queue
[2025-11-22T20:36:04.221+0500] {logging_mixin.py:190} INFO - [2025-11-22T20:36:04.220+0500] {dagbag.py:588} INFO - Filling up the DagBag from /mnt/c/Users/Raj/OneDrive - Åbo Akademi O365/banking/airflow/.venv/lib/python3.12/site-packages/airflow/example_dags/example_bash_decorator.py
[2025-11-22T20:36:04.288+0500] {processor.py:925} INFO - DAG(s) 'example_bash_decorator' retrieved from /mnt/c/Users/Raj/OneDrive - Åbo Akademi O365/banking/airflow/.venv/lib/python3.12/site-packages/airflow/example_dags/example_bash_decorator.py
[2025-11-22T20:36:04.350+0500] {logging_mixin.py:190} INFO - [2025-11-22T20:36:04.348+0500] {dag.py:3239} INFO - Sync 1 DAGs
[2025-11-22T20:36:04.377+0500] {logging_mixin.py:190} INFO - [2025-11-22T20:36:04.376+0500] {dag.py:4180} INFO - Setting next_dagrun for example_bash_decorator to None, run_after=None
[2025-11-22T20:36:04.465+0500] {processor.py:208} INFO - Processing /mnt/c/Users/Raj/OneDrive - Åbo Akademi O365/banking/airflow/.venv/lib/python3.12/site-packages/airflow/example_dags/example_bash_decorator.py took 0.269 seconds
[2025-11-22T20:38:46.713+0500] {processor.py:186} INFO - Started process (PID=66796) to work on /mnt/c/Users/Raj/OneDrive - Åbo Akademi O365/banking/airflow/.venv/lib/python3.12/site-packages/airflow/example_dags/example_bash_decorator.py
[2025-11-22T20:38:46.715+0500] {processor.py:914} INFO - Processing file /mnt/c/Users/Raj/OneDrive - Åbo Akademi O365/banking/airflow/.venv/lib/python3.12/site-packages/airflow/example_dags/example_bash_decorator.py for tasks to queue
[2025-11-22T20:38:46.719+0500] {logging_mixin.py:190} INFO - [2025-11-22T20:38:46.717+0500] {dagbag.py:588} INFO - Filling up the DagBag from /mnt/c/Users/Raj/OneDrive - Åbo Akademi O365/banking/airflow/.venv/lib/python3.12/site-packages/airflow/example_dags/example_bash_decorator.py
[2025-11-22T20:38:46.761+0500] {processor.py:925} INFO - DAG(s) 'example_bash_decorator' retrieved from /mnt/c/Users/Raj/OneDrive - Åbo Akademi O365/banking/airflow/.venv/lib/python3.12/site-packages/airflow/example_dags/example_bash_decorator.py
[2025-11-22T20:38:46.814+0500] {logging_mixin.py:190} INFO - [2025-11-22T20:38:46.813+0500] {dag.py:3239} INFO - Sync 1 DAGs
[2025-11-22T20:38:46.843+0500] {logging_mixin.py:190} INFO - [2025-11-22T20:38:46.839+0500] {dag.py:4180} INFO - Setting next_dagrun for example_bash_decorator to None, run_after=None
[2025-11-22T20:38:46.951+0500] {processor.py:208} INFO - Processing /mnt/c/Users/Raj/OneDrive - Åbo Akademi O365/banking/airflow/.venv/lib/python3.12/site-packages/airflow/example_dags/example_bash_decorator.py took 0.256 seconds
[2025-11-22T20:40:32.048+0500] {processor.py:186} INFO - Started process (PID=66904) to work on /mnt/c/Users/Raj/OneDrive - Åbo Akademi O365/banking/airflow/.venv/lib/python3.12/site-packages/airflow/example_dags/example_bash_decorator.py
[2025-11-22T20:40:32.050+0500] {processor.py:914} INFO - Processing file /mnt/c/Users/Raj/OneDrive - Åbo Akademi O365/banking/airflow/.venv/lib/python3.12/site-packages/airflow/example_dags/example_bash_decorator.py for tasks to queue
[2025-11-22T20:40:32.054+0500] {logging_mixin.py:190} INFO - [2025-11-22T20:40:32.052+0500] {dagbag.py:588} INFO - Filling up the DagBag from /mnt/c/Users/Raj/OneDrive - Åbo Akademi O365/banking/airflow/.venv/lib/python3.12/site-packages/airflow/example_dags/example_bash_decorator.py
[2025-11-22T20:40:32.093+0500] {processor.py:925} INFO - DAG(s) 'example_bash_decorator' retrieved from /mnt/c/Users/Raj/OneDrive - Åbo Akademi O365/banking/airflow/.venv/lib/python3.12/site-packages/airflow/example_dags/example_bash_decorator.py
[2025-11-22T20:40:32.133+0500] {logging_mixin.py:190} INFO - [2025-11-22T20:40:32.131+0500] {dag.py:3239} INFO - Sync 1 DAGs
[2025-11-22T20:40:32.155+0500] {logging_mixin.py:190} INFO - [2025-11-22T20:40:32.153+0500] {dag.py:4180} INFO - Setting next_dagrun for example_bash_decorator to None, run_after=None
[2025-11-22T20:40:32.217+0500] {processor.py:208} INFO - Processing /mnt/c/Users/Raj/OneDrive - Åbo Akademi O365/banking/airflow/.venv/lib/python3.12/site-packages/airflow/example_dags/example_bash_decorator.py took 0.183 seconds
[2025-11-22T20:42:19.333+0500] {processor.py:186} INFO - Started process (PID=67017) to work on /mnt/c/Users/Raj/OneDrive - Åbo Akademi O365/banking/airflow/.venv/lib/python3.12/site-packages/airflow/example_dags/example_bash_decorator.py
[2025-11-22T20:42:19.336+0500] {processor.py:914} INFO - Processing file /mnt/c/Users/Raj/OneDrive - Åbo Akademi O365/banking/airflow/.venv/lib/python3.12/site-packages/airflow/example_dags/example_bash_decorator.py for tasks to queue
[2025-11-22T20:42:19.339+0500] {logging_mixin.py:190} INFO - [2025-11-22T20:42:19.338+0500] {dagbag.py:588} INFO - Filling up the DagBag from /mnt/c/Users/Raj/OneDrive - Åbo Akademi O365/banking/airflow/.venv/lib/python3.12/site-packages/airflow/example_dags/example_bash_decorator.py
[2025-11-22T20:42:19.388+0500] {processor.py:925} INFO - DAG(s) 'example_bash_decorator' retrieved from /mnt/c/Users/Raj/OneDrive - Åbo Akademi O365/banking/airflow/.venv/lib/python3.12/site-packages/airflow/example_dags/example_bash_decorator.py
[2025-11-22T20:42:19.453+0500] {logging_mixin.py:190} INFO - [2025-11-22T20:42:19.452+0500] {dag.py:3239} INFO - Sync 1 DAGs
[2025-11-22T20:42:21.368+0500] {logging_mixin.py:190} INFO - [2025-11-22T20:42:21.366+0500] {dag.py:4180} INFO - Setting next_dagrun for example_bash_decorator to None, run_after=None
[2025-11-22T20:42:21.470+0500] {processor.py:208} INFO - Processing /mnt/c/Users/Raj/OneDrive - Åbo Akademi O365/banking/airflow/.venv/lib/python3.12/site-packages/airflow/example_dags/example_bash_decorator.py took 0.271 seconds
[2025-11-22T20:44:35.213+0500] {processor.py:186} INFO - Started process (PID=67116) to work on /mnt/c/Users/Raj/OneDrive - Åbo Akademi O365/banking/airflow/.venv/lib/python3.12/site-packages/airflow/example_dags/example_bash_decorator.py
[2025-11-22T20:44:35.215+0500] {processor.py:914} INFO - Processing file /mnt/c/Users/Raj/OneDrive - Åbo Akademi O365/banking/airflow/.venv/lib/python3.12/site-packages/airflow/example_dags/example_bash_decorator.py for tasks to queue
[2025-11-22T20:44:35.219+0500] {logging_mixin.py:190} INFO - [2025-11-22T20:44:35.217+0500] {dagbag.py:588} INFO - Filling up the DagBag from /mnt/c/Users/Raj/OneDrive - Åbo Akademi O365/banking/airflow/.venv/lib/python3.12/site-packages/airflow/example_dags/example_bash_decorator.py
[2025-11-22T20:44:35.260+0500] {processor.py:925} INFO - DAG(s) 'example_bash_decorator' retrieved from /mnt/c/Users/Raj/OneDrive - Åbo Akademi O365/banking/airflow/.venv/lib/python3.12/site-packages/airflow/example_dags/example_bash_decorator.py
[2025-11-22T20:44:35.310+0500] {logging_mixin.py:190} INFO - [2025-11-22T20:44:35.309+0500] {dag.py:3239} INFO - Sync 1 DAGs
[2025-11-22T20:44:35.328+0500] {logging_mixin.py:190} INFO - [2025-11-22T20:44:35.327+0500] {dag.py:4180} INFO - Setting next_dagrun for example_bash_decorator to None, run_after=None
[2025-11-22T20:44:35.396+0500] {processor.py:208} INFO - Processing /mnt/c/Users/Raj/OneDrive - Åbo Akademi O365/banking/airflow/.venv/lib/python3.12/site-packages/airflow/example_dags/example_bash_decorator.py took 0.198 seconds
[2025-11-22T20:46:11.004+0500] {processor.py:186} INFO - Started process (PID=67195) to work on /mnt/c/Users/Raj/OneDrive - Åbo Akademi O365/banking/airflow/.venv/lib/python3.12/site-packages/airflow/example_dags/example_bash_decorator.py
[2025-11-22T20:46:11.006+0500] {processor.py:914} INFO - Processing file /mnt/c/Users/Raj/OneDrive - Åbo Akademi O365/banking/airflow/.venv/lib/python3.12/site-packages/airflow/example_dags/example_bash_decorator.py for tasks to queue
[2025-11-22T20:46:11.010+0500] {logging_mixin.py:190} INFO - [2025-11-22T20:46:11.009+0500] {dagbag.py:588} INFO - Filling up the DagBag from /mnt/c/Users/Raj/OneDrive - Åbo Akademi O365/banking/airflow/.venv/lib/python3.12/site-packages/airflow/example_dags/example_bash_decorator.py
[2025-11-22T20:46:11.063+0500] {processor.py:925} INFO - DAG(s) 'example_bash_decorator' retrieved from /mnt/c/Users/Raj/OneDrive - Åbo Akademi O365/banking/airflow/.venv/lib/python3.12/site-packages/airflow/example_dags/example_bash_decorator.py
[2025-11-22T20:46:11.105+0500] {logging_mixin.py:190} INFO - [2025-11-22T20:46:11.104+0500] {dag.py:3239} INFO - Sync 1 DAGs
[2025-11-22T20:46:11.128+0500] {logging_mixin.py:190} INFO - [2025-11-22T20:46:11.127+0500] {dag.py:4180} INFO - Setting next_dagrun for example_bash_decorator to None, run_after=None
[2025-11-22T20:46:11.196+0500] {processor.py:208} INFO - Processing /mnt/c/Users/Raj/OneDrive - Åbo Akademi O365/banking/airflow/.venv/lib/python3.12/site-packages/airflow/example_dags/example_bash_decorator.py took 0.208 seconds
[2025-11-22T20:47:54.217+0500] {processor.py:186} INFO - Started process (PID=67275) to work on /mnt/c/Users/Raj/OneDrive - Åbo Akademi O365/banking/airflow/.venv/lib/python3.12/site-packages/airflow/example_dags/example_bash_decorator.py
[2025-11-22T20:47:54.219+0500] {processor.py:914} INFO - Processing file /mnt/c/Users/Raj/OneDrive - Åbo Akademi O365/banking/airflow/.venv/lib/python3.12/site-packages/airflow/example_dags/example_bash_decorator.py for tasks to queue
[2025-11-22T20:47:54.223+0500] {logging_mixin.py:190} INFO - [2025-11-22T20:47:54.221+0500] {dagbag.py:588} INFO - Filling up the DagBag from /mnt/c/Users/Raj/OneDrive - Åbo Akademi O365/banking/airflow/.venv/lib/python3.12/site-packages/airflow/example_dags/example_bash_decorator.py
[2025-11-22T20:47:54.273+0500] {processor.py:925} INFO - DAG(s) 'example_bash_decorator' retrieved from /mnt/c/Users/Raj/OneDrive - Åbo Akademi O365/banking/airflow/.venv/lib/python3.12/site-packages/airflow/example_dags/example_bash_decorator.py
[2025-11-22T20:47:54.313+0500] {logging_mixin.py:190} INFO - [2025-11-22T20:47:54.312+0500] {dag.py:3239} INFO - Sync 1 DAGs
[2025-11-22T20:47:54.332+0500] {logging_mixin.py:190} INFO - [2025-11-22T20:47:54.331+0500] {dag.py:4180} INFO - Setting next_dagrun for example_bash_decorator to None, run_after=None
[2025-11-22T20:47:54.416+0500] {processor.py:208} INFO - Processing /mnt/c/Users/Raj/OneDrive - Åbo Akademi O365/banking/airflow/.venv/lib/python3.12/site-packages/airflow/example_dags/example_bash_decorator.py took 0.216 seconds
[2025-11-22T20:49:34.476+0500] {processor.py:186} INFO - Started process (PID=67355) to work on /mnt/c/Users/Raj/OneDrive - Åbo Akademi O365/banking/airflow/.venv/lib/python3.12/site-packages/airflow/example_dags/example_bash_decorator.py
[2025-11-22T20:49:34.478+0500] {processor.py:914} INFO - Processing file /mnt/c/Users/Raj/OneDrive - Åbo Akademi O365/banking/airflow/.venv/lib/python3.12/site-packages/airflow/example_dags/example_bash_decorator.py for tasks to queue
[2025-11-22T20:49:34.480+0500] {logging_mixin.py:190} INFO - [2025-11-22T20:49:34.479+0500] {dagbag.py:588} INFO - Filling up the DagBag from /mnt/c/Users/Raj/OneDrive - Åbo Akademi O365/banking/airflow/.venv/lib/python3.12/site-packages/airflow/example_dags/example_bash_decorator.py
[2025-11-22T20:49:34.520+0500] {processor.py:925} INFO - DAG(s) 'example_bash_decorator' retrieved from /mnt/c/Users/Raj/OneDrive - Åbo Akademi O365/banking/airflow/.venv/lib/python3.12/site-packages/airflow/example_dags/example_bash_decorator.py
[2025-11-22T20:49:34.565+0500] {logging_mixin.py:190} INFO - [2025-11-22T20:49:34.564+0500] {dag.py:3239} INFO - Sync 1 DAGs
[2025-11-22T20:49:34.585+0500] {logging_mixin.py:190} INFO - [2025-11-22T20:49:34.583+0500] {dag.py:4180} INFO - Setting next_dagrun for example_bash_decorator to None, run_after=None
[2025-11-22T20:49:34.660+0500] {processor.py:208} INFO - Processing /mnt/c/Users/Raj/OneDrive - Åbo Akademi O365/banking/airflow/.venv/lib/python3.12/site-packages/airflow/example_dags/example_bash_decorator.py took 0.196 seconds
[2025-11-22T20:51:18.779+0500] {processor.py:186} INFO - Started process (PID=67436) to work on /mnt/c/Users/Raj/OneDrive - Åbo Akademi O365/banking/airflow/.venv/lib/python3.12/site-packages/airflow/example_dags/example_bash_decorator.py
[2025-11-22T20:51:18.781+0500] {processor.py:914} INFO - Processing file /mnt/c/Users/Raj/OneDrive - Åbo Akademi O365/banking/airflow/.venv/lib/python3.12/site-packages/airflow/example_dags/example_bash_decorator.py for tasks to queue
[2025-11-22T20:51:18.785+0500] {logging_mixin.py:190} INFO - [2025-11-22T20:51:18.783+0500] {dagbag.py:588} INFO - Filling up the DagBag from /mnt/c/Users/Raj/OneDrive - Åbo Akademi O365/banking/airflow/.venv/lib/python3.12/site-packages/airflow/example_dags/example_bash_decorator.py
[2025-11-22T20:51:18.831+0500] {processor.py:925} INFO - DAG(s) 'example_bash_decorator' retrieved from /mnt/c/Users/Raj/OneDrive - Åbo Akademi O365/banking/airflow/.venv/lib/python3.12/site-packages/airflow/example_dags/example_bash_decorator.py
[2025-11-22T20:51:18.866+0500] {logging_mixin.py:190} INFO - [2025-11-22T20:51:18.864+0500] {dag.py:3239} INFO - Sync 1 DAGs
[2025-11-22T20:51:18.888+0500] {logging_mixin.py:190} INFO - [2025-11-22T20:51:18.886+0500] {dag.py:4180} INFO - Setting next_dagrun for example_bash_decorator to None, run_after=None
[2025-11-22T20:51:18.963+0500] {processor.py:208} INFO - Processing /mnt/c/Users/Raj/OneDrive - Åbo Akademi O365/banking/airflow/.venv/lib/python3.12/site-packages/airflow/example_dags/example_bash_decorator.py took 0.197 seconds
[2025-11-22T20:53:02.029+0500] {processor.py:186} INFO - Started process (PID=67513) to work on /mnt/c/Users/Raj/OneDrive - Åbo Akademi O365/banking/airflow/.venv/lib/python3.12/site-packages/airflow/example_dags/example_bash_decorator.py
[2025-11-22T20:53:02.031+0500] {processor.py:914} INFO - Processing file /mnt/c/Users/Raj/OneDrive - Åbo Akademi O365/banking/airflow/.venv/lib/python3.12/site-packages/airflow/example_dags/example_bash_decorator.py for tasks to queue
[2025-11-22T20:53:02.034+0500] {logging_mixin.py:190} INFO - [2025-11-22T20:53:02.032+0500] {dagbag.py:588} INFO - Filling up the DagBag from /mnt/c/Users/Raj/OneDrive - Åbo Akademi O365/banking/airflow/.venv/lib/python3.12/site-packages/airflow/example_dags/example_bash_decorator.py
[2025-11-22T20:53:02.084+0500] {processor.py:925} INFO - DAG(s) 'example_bash_decorator' retrieved from /mnt/c/Users/Raj/OneDrive - Åbo Akademi O365/banking/airflow/.venv/lib/python3.12/site-packages/airflow/example_dags/example_bash_decorator.py
[2025-11-22T20:53:02.121+0500] {logging_mixin.py:190} INFO - [2025-11-22T20:53:02.120+0500] {dag.py:3239} INFO - Sync 1 DAGs
[2025-11-22T20:53:02.145+0500] {logging_mixin.py:190} INFO - [2025-11-22T20:53:02.144+0500] {dag.py:4180} INFO - Setting next_dagrun for example_bash_decorator to None, run_after=None
[2025-11-22T20:53:02.218+0500] {processor.py:208} INFO - Processing /mnt/c/Users/Raj/OneDrive - Åbo Akademi O365/banking/airflow/.venv/lib/python3.12/site-packages/airflow/example_dags/example_bash_decorator.py took 0.202 seconds
[2025-11-22T20:54:43.429+0500] {processor.py:186} INFO - Started process (PID=67595) to work on /mnt/c/Users/Raj/OneDrive - Åbo Akademi O365/banking/airflow/.venv/lib/python3.12/site-packages/airflow/example_dags/example_bash_decorator.py
[2025-11-22T20:54:43.431+0500] {processor.py:914} INFO - Processing file /mnt/c/Users/Raj/OneDrive - Åbo Akademi O365/banking/airflow/.venv/lib/python3.12/site-packages/airflow/example_dags/example_bash_decorator.py for tasks to queue
[2025-11-22T20:54:43.435+0500] {logging_mixin.py:190} INFO - [2025-11-22T20:54:43.433+0500] {dagbag.py:588} INFO - Filling up the DagBag from /mnt/c/Users/Raj/OneDrive - Åbo Akademi O365/banking/airflow/.venv/lib/python3.12/site-packages/airflow/example_dags/example_bash_decorator.py
[2025-11-22T20:54:43.493+0500] {processor.py:925} INFO - DAG(s) 'example_bash_decorator' retrieved from /mnt/c/Users/Raj/OneDrive - Åbo Akademi O365/banking/airflow/.venv/lib/python3.12/site-packages/airflow/example_dags/example_bash_decorator.py
[2025-11-22T20:54:43.528+0500] {logging_mixin.py:190} INFO - [2025-11-22T20:54:43.527+0500] {dag.py:3239} INFO - Sync 1 DAGs
[2025-11-22T20:54:43.545+0500] {logging_mixin.py:190} INFO - [2025-11-22T20:54:43.544+0500] {dag.py:4180} INFO - Setting next_dagrun for example_bash_decorator to None, run_after=None
[2025-11-22T20:54:43.607+0500] {processor.py:208} INFO - Processing /mnt/c/Users/Raj/OneDrive - Åbo Akademi O365/banking/airflow/.venv/lib/python3.12/site-packages/airflow/example_dags/example_bash_decorator.py took 0.194 seconds
[2025-11-22T20:56:29.135+0500] {processor.py:186} INFO - Started process (PID=67760) to work on /mnt/c/Users/Raj/OneDrive - Åbo Akademi O365/banking/airflow/.venv/lib/python3.12/site-packages/airflow/example_dags/example_bash_decorator.py
[2025-11-22T20:56:29.137+0500] {processor.py:914} INFO - Processing file /mnt/c/Users/Raj/OneDrive - Åbo Akademi O365/banking/airflow/.venv/lib/python3.12/site-packages/airflow/example_dags/example_bash_decorator.py for tasks to queue
[2025-11-22T20:56:29.141+0500] {logging_mixin.py:190} INFO - [2025-11-22T20:56:29.140+0500] {dagbag.py:588} INFO - Filling up the DagBag from /mnt/c/Users/Raj/OneDrive - Åbo Akademi O365/banking/airflow/.venv/lib/python3.12/site-packages/airflow/example_dags/example_bash_decorator.py
[2025-11-22T20:56:29.188+0500] {processor.py:925} INFO - DAG(s) 'example_bash_decorator' retrieved from /mnt/c/Users/Raj/OneDrive - Åbo Akademi O365/banking/airflow/.venv/lib/python3.12/site-packages/airflow/example_dags/example_bash_decorator.py
[2025-11-22T20:56:29.234+0500] {logging_mixin.py:190} INFO - [2025-11-22T20:56:29.233+0500] {dag.py:3239} INFO - Sync 1 DAGs
[2025-11-22T20:56:29.253+0500] {logging_mixin.py:190} INFO - [2025-11-22T20:56:29.252+0500] {dag.py:4180} INFO - Setting next_dagrun for example_bash_decorator to None, run_after=None
[2025-11-22T20:56:29.322+0500] {processor.py:208} INFO - Processing /mnt/c/Users/Raj/OneDrive - Åbo Akademi O365/banking/airflow/.venv/lib/python3.12/site-packages/airflow/example_dags/example_bash_decorator.py took 0.203 seconds
[2025-11-22T20:58:13.064+0500] {processor.py:186} INFO - Started process (PID=67840) to work on /mnt/c/Users/Raj/OneDrive - Åbo Akademi O365/banking/airflow/.venv/lib/python3.12/site-packages/airflow/example_dags/example_bash_decorator.py
[2025-11-22T20:58:13.066+0500] {processor.py:914} INFO - Processing file /mnt/c/Users/Raj/OneDrive - Åbo Akademi O365/banking/airflow/.venv/lib/python3.12/site-packages/airflow/example_dags/example_bash_decorator.py for tasks to queue
[2025-11-22T20:58:13.070+0500] {logging_mixin.py:190} INFO - [2025-11-22T20:58:13.069+0500] {dagbag.py:588} INFO - Filling up the DagBag from /mnt/c/Users/Raj/OneDrive - Åbo Akademi O365/banking/airflow/.venv/lib/python3.12/site-packages/airflow/example_dags/example_bash_decorator.py
[2025-11-22T20:58:13.113+0500] {processor.py:925} INFO - DAG(s) 'example_bash_decorator' retrieved from /mnt/c/Users/Raj/OneDrive - Åbo Akademi O365/banking/airflow/.venv/lib/python3.12/site-packages/airflow/example_dags/example_bash_decorator.py
[2025-11-22T20:58:13.150+0500] {logging_mixin.py:190} INFO - [2025-11-22T20:58:13.149+0500] {dag.py:3239} INFO - Sync 1 DAGs
[2025-11-22T20:58:13.173+0500] {logging_mixin.py:190} INFO - [2025-11-22T20:58:13.171+0500] {dag.py:4180} INFO - Setting next_dagrun for example_bash_decorator to None, run_after=None
[2025-11-22T20:58:13.247+0500] {processor.py:208} INFO - Processing /mnt/c/Users/Raj/OneDrive - Åbo Akademi O365/banking/airflow/.venv/lib/python3.12/site-packages/airflow/example_dags/example_bash_decorator.py took 0.199 seconds
[2025-11-22T20:59:50.888+0500] {processor.py:186} INFO - Started process (PID=67921) to work on /mnt/c/Users/Raj/OneDrive - Åbo Akademi O365/banking/airflow/.venv/lib/python3.12/site-packages/airflow/example_dags/example_bash_decorator.py
[2025-11-22T20:59:50.890+0500] {processor.py:914} INFO - Processing file /mnt/c/Users/Raj/OneDrive - Åbo Akademi O365/banking/airflow/.venv/lib/python3.12/site-packages/airflow/example_dags/example_bash_decorator.py for tasks to queue
[2025-11-22T20:59:50.894+0500] {logging_mixin.py:190} INFO - [2025-11-22T20:59:50.892+0500] {dagbag.py:588} INFO - Filling up the DagBag from /mnt/c/Users/Raj/OneDrive - Åbo Akademi O365/banking/airflow/.venv/lib/python3.12/site-packages/airflow/example_dags/example_bash_decorator.py
[2025-11-22T20:59:50.939+0500] {processor.py:925} INFO - DAG(s) 'example_bash_decorator' retrieved from /mnt/c/Users/Raj/OneDrive - Åbo Akademi O365/banking/airflow/.venv/lib/python3.12/site-packages/airflow/example_dags/example_bash_decorator.py
[2025-11-22T20:59:50.996+0500] {logging_mixin.py:190} INFO - [2025-11-22T20:59:50.995+0500] {dag.py:3239} INFO - Sync 1 DAGs
[2025-11-22T20:59:51.015+0500] {logging_mixin.py:190} INFO - [2025-11-22T20:59:51.014+0500] {dag.py:4180} INFO - Setting next_dagrun for example_bash_decorator to None, run_after=None
[2025-11-22T20:59:51.071+0500] {processor.py:208} INFO - Processing /mnt/c/Users/Raj/OneDrive - Åbo Akademi O365/banking/airflow/.venv/lib/python3.12/site-packages/airflow/example_dags/example_bash_decorator.py took 0.198 seconds
[2025-11-22T21:01:37.423+0500] {processor.py:186} INFO - Started process (PID=68019) to work on /mnt/c/Users/Raj/OneDrive - Åbo Akademi O365/banking/airflow/.venv/lib/python3.12/site-packages/airflow/example_dags/example_bash_decorator.py
[2025-11-22T21:01:37.425+0500] {processor.py:914} INFO - Processing file /mnt/c/Users/Raj/OneDrive - Åbo Akademi O365/banking/airflow/.venv/lib/python3.12/site-packages/airflow/example_dags/example_bash_decorator.py for tasks to queue
[2025-11-22T21:01:37.430+0500] {logging_mixin.py:190} INFO - [2025-11-22T21:01:37.428+0500] {dagbag.py:588} INFO - Filling up the DagBag from /mnt/c/Users/Raj/OneDrive - Åbo Akademi O365/banking/airflow/.venv/lib/python3.12/site-packages/airflow/example_dags/example_bash_decorator.py
[2025-11-22T21:01:37.514+0500] {processor.py:925} INFO - DAG(s) 'example_bash_decorator' retrieved from /mnt/c/Users/Raj/OneDrive - Åbo Akademi O365/banking/airflow/.venv/lib/python3.12/site-packages/airflow/example_dags/example_bash_decorator.py
[2025-11-22T21:01:37.579+0500] {logging_mixin.py:190} INFO - [2025-11-22T21:01:37.578+0500] {dag.py:3239} INFO - Sync 1 DAGs
[2025-11-22T21:01:37.601+0500] {logging_mixin.py:190} INFO - [2025-11-22T21:01:37.599+0500] {dag.py:4180} INFO - Setting next_dagrun for example_bash_decorator to None, run_after=None
[2025-11-22T21:01:37.679+0500] {processor.py:208} INFO - Processing /mnt/c/Users/Raj/OneDrive - Åbo Akademi O365/banking/airflow/.venv/lib/python3.12/site-packages/airflow/example_dags/example_bash_decorator.py took 0.275 seconds
[2025-11-22T21:04:02.553+0500] {processor.py:186} INFO - Started process (PID=68126) to work on /mnt/c/Users/Raj/OneDrive - Åbo Akademi O365/banking/airflow/.venv/lib/python3.12/site-packages/airflow/example_dags/example_bash_decorator.py
[2025-11-22T21:04:02.556+0500] {processor.py:914} INFO - Processing file /mnt/c/Users/Raj/OneDrive - Åbo Akademi O365/banking/airflow/.venv/lib/python3.12/site-packages/airflow/example_dags/example_bash_decorator.py for tasks to queue
[2025-11-22T21:04:02.562+0500] {logging_mixin.py:190} INFO - [2025-11-22T21:04:02.560+0500] {dagbag.py:588} INFO - Filling up the DagBag from /mnt/c/Users/Raj/OneDrive - Åbo Akademi O365/banking/airflow/.venv/lib/python3.12/site-packages/airflow/example_dags/example_bash_decorator.py
[2025-11-22T21:04:02.617+0500] {processor.py:925} INFO - DAG(s) 'example_bash_decorator' retrieved from /mnt/c/Users/Raj/OneDrive - Åbo Akademi O365/banking/airflow/.venv/lib/python3.12/site-packages/airflow/example_dags/example_bash_decorator.py
[2025-11-22T21:04:02.667+0500] {logging_mixin.py:190} INFO - [2025-11-22T21:04:02.665+0500] {dag.py:3239} INFO - Sync 1 DAGs
[2025-11-22T21:04:02.703+0500] {logging_mixin.py:190} INFO - [2025-11-22T21:04:02.694+0500] {dag.py:4180} INFO - Setting next_dagrun for example_bash_decorator to None, run_after=None
[2025-11-22T21:04:02.913+0500] {processor.py:208} INFO - Processing /mnt/c/Users/Raj/OneDrive - Åbo Akademi O365/banking/airflow/.venv/lib/python3.12/site-packages/airflow/example_dags/example_bash_decorator.py took 0.387 seconds
[2025-11-22T21:08:25.875+0500] {processor.py:186} INFO - Started process (PID=68321) to work on /mnt/c/Users/Raj/OneDrive - Åbo Akademi O365/banking/airflow/.venv/lib/python3.12/site-packages/airflow/example_dags/example_bash_decorator.py
[2025-11-22T21:08:25.877+0500] {processor.py:914} INFO - Processing file /mnt/c/Users/Raj/OneDrive - Åbo Akademi O365/banking/airflow/.venv/lib/python3.12/site-packages/airflow/example_dags/example_bash_decorator.py for tasks to queue
[2025-11-22T21:08:25.882+0500] {logging_mixin.py:190} INFO - [2025-11-22T21:08:25.880+0500] {dagbag.py:588} INFO - Filling up the DagBag from /mnt/c/Users/Raj/OneDrive - Åbo Akademi O365/banking/airflow/.venv/lib/python3.12/site-packages/airflow/example_dags/example_bash_decorator.py
[2025-11-22T21:08:25.929+0500] {processor.py:925} INFO - DAG(s) 'example_bash_decorator' retrieved from /mnt/c/Users/Raj/OneDrive - Åbo Akademi O365/banking/airflow/.venv/lib/python3.12/site-packages/airflow/example_dags/example_bash_decorator.py
[2025-11-22T21:08:25.971+0500] {logging_mixin.py:190} INFO - [2025-11-22T21:08:25.970+0500] {dag.py:3239} INFO - Sync 1 DAGs
[2025-11-22T21:08:25.990+0500] {logging_mixin.py:190} INFO - [2025-11-22T21:08:25.989+0500] {dag.py:4180} INFO - Setting next_dagrun for example_bash_decorator to None, run_after=None
[2025-11-22T21:08:26.061+0500] {processor.py:208} INFO - Processing /mnt/c/Users/Raj/OneDrive - Åbo Akademi O365/banking/airflow/.venv/lib/python3.12/site-packages/airflow/example_dags/example_bash_decorator.py took 0.210 seconds
[2025-11-22T21:10:34.537+0500] {processor.py:186} INFO - Started process (PID=68416) to work on /mnt/c/Users/Raj/OneDrive - Åbo Akademi O365/banking/airflow/.venv/lib/python3.12/site-packages/airflow/example_dags/example_bash_decorator.py
[2025-11-22T21:10:34.539+0500] {processor.py:914} INFO - Processing file /mnt/c/Users/Raj/OneDrive - Åbo Akademi O365/banking/airflow/.venv/lib/python3.12/site-packages/airflow/example_dags/example_bash_decorator.py for tasks to queue
[2025-11-22T21:10:34.543+0500] {logging_mixin.py:190} INFO - [2025-11-22T21:10:34.541+0500] {dagbag.py:588} INFO - Filling up the DagBag from /mnt/c/Users/Raj/OneDrive - Åbo Akademi O365/banking/airflow/.venv/lib/python3.12/site-packages/airflow/example_dags/example_bash_decorator.py
[2025-11-22T21:10:34.582+0500] {processor.py:925} INFO - DAG(s) 'example_bash_decorator' retrieved from /mnt/c/Users/Raj/OneDrive - Åbo Akademi O365/banking/airflow/.venv/lib/python3.12/site-packages/airflow/example_dags/example_bash_decorator.py
[2025-11-22T21:10:34.619+0500] {logging_mixin.py:190} INFO - [2025-11-22T21:10:34.618+0500] {dag.py:3239} INFO - Sync 1 DAGs
[2025-11-22T21:10:34.636+0500] {logging_mixin.py:190} INFO - [2025-11-22T21:10:34.635+0500] {dag.py:4180} INFO - Setting next_dagrun for example_bash_decorator to None, run_after=None
[2025-11-22T21:10:34.708+0500] {processor.py:208} INFO - Processing /mnt/c/Users/Raj/OneDrive - Åbo Akademi O365/banking/airflow/.venv/lib/python3.12/site-packages/airflow/example_dags/example_bash_decorator.py took 0.191 seconds
[2025-11-22T21:12:26.395+0500] {processor.py:186} INFO - Started process (PID=68500) to work on /mnt/c/Users/Raj/OneDrive - Åbo Akademi O365/banking/airflow/.venv/lib/python3.12/site-packages/airflow/example_dags/example_bash_decorator.py
[2025-11-22T21:12:26.397+0500] {processor.py:914} INFO - Processing file /mnt/c/Users/Raj/OneDrive - Åbo Akademi O365/banking/airflow/.venv/lib/python3.12/site-packages/airflow/example_dags/example_bash_decorator.py for tasks to queue
[2025-11-22T21:12:26.400+0500] {logging_mixin.py:190} INFO - [2025-11-22T21:12:26.399+0500] {dagbag.py:588} INFO - Filling up the DagBag from /mnt/c/Users/Raj/OneDrive - Åbo Akademi O365/banking/airflow/.venv/lib/python3.12/site-packages/airflow/example_dags/example_bash_decorator.py
[2025-11-22T21:12:26.440+0500] {processor.py:925} INFO - DAG(s) 'example_bash_decorator' retrieved from /mnt/c/Users/Raj/OneDrive - Åbo Akademi O365/banking/airflow/.venv/lib/python3.12/site-packages/airflow/example_dags/example_bash_decorator.py
[2025-11-22T21:12:26.475+0500] {logging_mixin.py:190} INFO - [2025-11-22T21:12:26.474+0500] {dag.py:3239} INFO - Sync 1 DAGs
[2025-11-22T21:12:26.491+0500] {logging_mixin.py:190} INFO - [2025-11-22T21:12:26.489+0500] {dag.py:4180} INFO - Setting next_dagrun for example_bash_decorator to None, run_after=None
[2025-11-22T21:12:26.569+0500] {processor.py:208} INFO - Processing /mnt/c/Users/Raj/OneDrive - Åbo Akademi O365/banking/airflow/.venv/lib/python3.12/site-packages/airflow/example_dags/example_bash_decorator.py took 0.195 seconds
[2025-11-22T21:14:11.160+0500] {processor.py:186} INFO - Started process (PID=68583) to work on /mnt/c/Users/Raj/OneDrive - Åbo Akademi O365/banking/airflow/.venv/lib/python3.12/site-packages/airflow/example_dags/example_bash_decorator.py
[2025-11-22T21:14:11.162+0500] {processor.py:914} INFO - Processing file /mnt/c/Users/Raj/OneDrive - Åbo Akademi O365/banking/airflow/.venv/lib/python3.12/site-packages/airflow/example_dags/example_bash_decorator.py for tasks to queue
[2025-11-22T21:14:11.165+0500] {logging_mixin.py:190} INFO - [2025-11-22T21:14:11.164+0500] {dagbag.py:588} INFO - Filling up the DagBag from /mnt/c/Users/Raj/OneDrive - Åbo Akademi O365/banking/airflow/.venv/lib/python3.12/site-packages/airflow/example_dags/example_bash_decorator.py
[2025-11-22T21:14:11.217+0500] {processor.py:925} INFO - DAG(s) 'example_bash_decorator' retrieved from /mnt/c/Users/Raj/OneDrive - Åbo Akademi O365/banking/airflow/.venv/lib/python3.12/site-packages/airflow/example_dags/example_bash_decorator.py
[2025-11-22T21:14:11.261+0500] {logging_mixin.py:190} INFO - [2025-11-22T21:14:11.259+0500] {dag.py:3239} INFO - Sync 1 DAGs
[2025-11-22T21:14:11.282+0500] {logging_mixin.py:190} INFO - [2025-11-22T21:14:11.281+0500] {dag.py:4180} INFO - Setting next_dagrun for example_bash_decorator to None, run_after=None
[2025-11-22T21:14:11.356+0500] {processor.py:208} INFO - Processing /mnt/c/Users/Raj/OneDrive - Åbo Akademi O365/banking/airflow/.venv/lib/python3.12/site-packages/airflow/example_dags/example_bash_decorator.py took 0.215 seconds
[2025-11-22T21:15:50.075+0500] {processor.py:186} INFO - Started process (PID=68657) to work on /mnt/c/Users/Raj/OneDrive - Åbo Akademi O365/banking/airflow/.venv/lib/python3.12/site-packages/airflow/example_dags/example_bash_decorator.py
[2025-11-22T21:15:50.078+0500] {processor.py:914} INFO - Processing file /mnt/c/Users/Raj/OneDrive - Åbo Akademi O365/banking/airflow/.venv/lib/python3.12/site-packages/airflow/example_dags/example_bash_decorator.py for tasks to queue
[2025-11-22T21:15:50.084+0500] {logging_mixin.py:190} INFO - [2025-11-22T21:15:50.082+0500] {dagbag.py:588} INFO - Filling up the DagBag from /mnt/c/Users/Raj/OneDrive - Åbo Akademi O365/banking/airflow/.venv/lib/python3.12/site-packages/airflow/example_dags/example_bash_decorator.py
[2025-11-22T21:15:50.146+0500] {processor.py:925} INFO - DAG(s) 'example_bash_decorator' retrieved from /mnt/c/Users/Raj/OneDrive - Åbo Akademi O365/banking/airflow/.venv/lib/python3.12/site-packages/airflow/example_dags/example_bash_decorator.py
[2025-11-22T21:15:50.202+0500] {logging_mixin.py:190} INFO - [2025-11-22T21:15:50.201+0500] {dag.py:3239} INFO - Sync 1 DAGs
[2025-11-22T21:15:50.224+0500] {logging_mixin.py:190} INFO - [2025-11-22T21:15:50.223+0500] {dag.py:4180} INFO - Setting next_dagrun for example_bash_decorator to None, run_after=None
[2025-11-22T21:15:50.309+0500] {processor.py:208} INFO - Processing /mnt/c/Users/Raj/OneDrive - Åbo Akademi O365/banking/airflow/.venv/lib/python3.12/site-packages/airflow/example_dags/example_bash_decorator.py took 0.261 seconds
[2025-11-22T21:17:30.964+0500] {processor.py:186} INFO - Started process (PID=68738) to work on /mnt/c/Users/Raj/OneDrive - Åbo Akademi O365/banking/airflow/.venv/lib/python3.12/site-packages/airflow/example_dags/example_bash_decorator.py
[2025-11-22T21:17:30.967+0500] {processor.py:914} INFO - Processing file /mnt/c/Users/Raj/OneDrive - Åbo Akademi O365/banking/airflow/.venv/lib/python3.12/site-packages/airflow/example_dags/example_bash_decorator.py for tasks to queue
[2025-11-22T21:17:30.971+0500] {logging_mixin.py:190} INFO - [2025-11-22T21:17:30.969+0500] {dagbag.py:588} INFO - Filling up the DagBag from /mnt/c/Users/Raj/OneDrive - Åbo Akademi O365/banking/airflow/.venv/lib/python3.12/site-packages/airflow/example_dags/example_bash_decorator.py
[2025-11-22T21:17:31.015+0500] {processor.py:925} INFO - DAG(s) 'example_bash_decorator' retrieved from /mnt/c/Users/Raj/OneDrive - Åbo Akademi O365/banking/airflow/.venv/lib/python3.12/site-packages/airflow/example_dags/example_bash_decorator.py
[2025-11-22T21:17:31.063+0500] {logging_mixin.py:190} INFO - [2025-11-22T21:17:31.062+0500] {dag.py:3239} INFO - Sync 1 DAGs
[2025-11-22T21:17:31.078+0500] {logging_mixin.py:190} INFO - [2025-11-22T21:17:31.077+0500] {dag.py:4180} INFO - Setting next_dagrun for example_bash_decorator to None, run_after=None
[2025-11-22T21:17:31.160+0500] {processor.py:208} INFO - Processing /mnt/c/Users/Raj/OneDrive - Åbo Akademi O365/banking/airflow/.venv/lib/python3.12/site-packages/airflow/example_dags/example_bash_decorator.py took 0.216 seconds
[2025-11-22T21:19:15.056+0500] {processor.py:186} INFO - Started process (PID=68820) to work on /mnt/c/Users/Raj/OneDrive - Åbo Akademi O365/banking/airflow/.venv/lib/python3.12/site-packages/airflow/example_dags/example_bash_decorator.py
[2025-11-22T21:19:15.058+0500] {processor.py:914} INFO - Processing file /mnt/c/Users/Raj/OneDrive - Åbo Akademi O365/banking/airflow/.venv/lib/python3.12/site-packages/airflow/example_dags/example_bash_decorator.py for tasks to queue
[2025-11-22T21:19:15.062+0500] {logging_mixin.py:190} INFO - [2025-11-22T21:19:15.061+0500] {dagbag.py:588} INFO - Filling up the DagBag from /mnt/c/Users/Raj/OneDrive - Åbo Akademi O365/banking/airflow/.venv/lib/python3.12/site-packages/airflow/example_dags/example_bash_decorator.py
[2025-11-22T21:19:15.107+0500] {processor.py:925} INFO - DAG(s) 'example_bash_decorator' retrieved from /mnt/c/Users/Raj/OneDrive - Åbo Akademi O365/banking/airflow/.venv/lib/python3.12/site-packages/airflow/example_dags/example_bash_decorator.py
[2025-11-22T21:19:15.146+0500] {logging_mixin.py:190} INFO - [2025-11-22T21:19:15.145+0500] {dag.py:3239} INFO - Sync 1 DAGs
[2025-11-22T21:19:15.166+0500] {logging_mixin.py:190} INFO - [2025-11-22T21:19:15.164+0500] {dag.py:4180} INFO - Setting next_dagrun for example_bash_decorator to None, run_after=None
[2025-11-22T21:19:15.248+0500] {processor.py:208} INFO - Processing /mnt/c/Users/Raj/OneDrive - Åbo Akademi O365/banking/airflow/.venv/lib/python3.12/site-packages/airflow/example_dags/example_bash_decorator.py took 0.212 seconds
[2025-11-22T21:20:57.425+0500] {processor.py:186} INFO - Started process (PID=68899) to work on /mnt/c/Users/Raj/OneDrive - Åbo Akademi O365/banking/airflow/.venv/lib/python3.12/site-packages/airflow/example_dags/example_bash_decorator.py
[2025-11-22T21:20:57.427+0500] {processor.py:914} INFO - Processing file /mnt/c/Users/Raj/OneDrive - Åbo Akademi O365/banking/airflow/.venv/lib/python3.12/site-packages/airflow/example_dags/example_bash_decorator.py for tasks to queue
[2025-11-22T21:20:57.430+0500] {logging_mixin.py:190} INFO - [2025-11-22T21:20:57.429+0500] {dagbag.py:588} INFO - Filling up the DagBag from /mnt/c/Users/Raj/OneDrive - Åbo Akademi O365/banking/airflow/.venv/lib/python3.12/site-packages/airflow/example_dags/example_bash_decorator.py
[2025-11-22T21:20:57.467+0500] {processor.py:925} INFO - DAG(s) 'example_bash_decorator' retrieved from /mnt/c/Users/Raj/OneDrive - Åbo Akademi O365/banking/airflow/.venv/lib/python3.12/site-packages/airflow/example_dags/example_bash_decorator.py
[2025-11-22T21:20:57.515+0500] {logging_mixin.py:190} INFO - [2025-11-22T21:20:57.513+0500] {dag.py:3239} INFO - Sync 1 DAGs
[2025-11-22T21:20:57.537+0500] {logging_mixin.py:190} INFO - [2025-11-22T21:20:57.536+0500] {dag.py:4180} INFO - Setting next_dagrun for example_bash_decorator to None, run_after=None
[2025-11-22T21:20:57.608+0500] {processor.py:208} INFO - Processing /mnt/c/Users/Raj/OneDrive - Åbo Akademi O365/banking/airflow/.venv/lib/python3.12/site-packages/airflow/example_dags/example_bash_decorator.py took 0.200 seconds
[2025-11-22T21:22:44.049+0500] {processor.py:186} INFO - Started process (PID=68983) to work on /mnt/c/Users/Raj/OneDrive - Åbo Akademi O365/banking/airflow/.venv/lib/python3.12/site-packages/airflow/example_dags/example_bash_decorator.py
[2025-11-22T21:22:44.051+0500] {processor.py:914} INFO - Processing file /mnt/c/Users/Raj/OneDrive - Åbo Akademi O365/banking/airflow/.venv/lib/python3.12/site-packages/airflow/example_dags/example_bash_decorator.py for tasks to queue
[2025-11-22T21:22:44.056+0500] {logging_mixin.py:190} INFO - [2025-11-22T21:22:44.054+0500] {dagbag.py:588} INFO - Filling up the DagBag from /mnt/c/Users/Raj/OneDrive - Åbo Akademi O365/banking/airflow/.venv/lib/python3.12/site-packages/airflow/example_dags/example_bash_decorator.py
[2025-11-22T21:22:44.099+0500] {processor.py:925} INFO - DAG(s) 'example_bash_decorator' retrieved from /mnt/c/Users/Raj/OneDrive - Åbo Akademi O365/banking/airflow/.venv/lib/python3.12/site-packages/airflow/example_dags/example_bash_decorator.py
[2025-11-22T21:22:44.173+0500] {logging_mixin.py:190} INFO - [2025-11-22T21:22:44.165+0500] {dag.py:3239} INFO - Sync 1 DAGs
[2025-11-22T21:22:44.197+0500] {logging_mixin.py:190} INFO - [2025-11-22T21:22:44.196+0500] {dag.py:4180} INFO - Setting next_dagrun for example_bash_decorator to None, run_after=None
[2025-11-22T21:22:44.269+0500] {processor.py:208} INFO - Processing /mnt/c/Users/Raj/OneDrive - Åbo Akademi O365/banking/airflow/.venv/lib/python3.12/site-packages/airflow/example_dags/example_bash_decorator.py took 0.244 seconds
[2025-11-22T21:24:31.132+0500] {processor.py:186} INFO - Started process (PID=69066) to work on /mnt/c/Users/Raj/OneDrive - Åbo Akademi O365/banking/airflow/.venv/lib/python3.12/site-packages/airflow/example_dags/example_bash_decorator.py
[2025-11-22T21:24:31.137+0500] {processor.py:914} INFO - Processing file /mnt/c/Users/Raj/OneDrive - Åbo Akademi O365/banking/airflow/.venv/lib/python3.12/site-packages/airflow/example_dags/example_bash_decorator.py for tasks to queue
[2025-11-22T21:24:31.149+0500] {logging_mixin.py:190} INFO - [2025-11-22T21:24:31.144+0500] {dagbag.py:588} INFO - Filling up the DagBag from /mnt/c/Users/Raj/OneDrive - Åbo Akademi O365/banking/airflow/.venv/lib/python3.12/site-packages/airflow/example_dags/example_bash_decorator.py
[2025-11-22T21:24:31.290+0500] {processor.py:925} INFO - DAG(s) 'example_bash_decorator' retrieved from /mnt/c/Users/Raj/OneDrive - Åbo Akademi O365/banking/airflow/.venv/lib/python3.12/site-packages/airflow/example_dags/example_bash_decorator.py
[2025-11-22T21:24:31.411+0500] {logging_mixin.py:190} INFO - [2025-11-22T21:24:31.409+0500] {dag.py:3239} INFO - Sync 1 DAGs
[2025-11-22T21:24:31.475+0500] {logging_mixin.py:190} INFO - [2025-11-22T21:24:31.472+0500] {dag.py:4180} INFO - Setting next_dagrun for example_bash_decorator to None, run_after=None
[2025-11-22T21:24:31.649+0500] {processor.py:208} INFO - Processing /mnt/c/Users/Raj/OneDrive - Åbo Akademi O365/banking/airflow/.venv/lib/python3.12/site-packages/airflow/example_dags/example_bash_decorator.py took 0.555 seconds
