[2025-11-22T20:15:42.974+0500] {processor.py:186} INFO - Started process (PID=65743) to work on /mnt/c/Users/Raj/OneDrive - Åbo Akademi O365/banking/airflow/.venv/lib/python3.12/site-packages/airflow/example_dags/example_params_trigger_ui.py
[2025-11-22T20:15:42.980+0500] {processor.py:914} INFO - Processing file /mnt/c/Users/Raj/OneDrive - Åbo Akademi O365/banking/airflow/.venv/lib/python3.12/site-packages/airflow/example_dags/example_params_trigger_ui.py for tasks to queue
[2025-11-22T20:15:42.989+0500] {logging_mixin.py:190} INFO - [2025-11-22T20:15:42.987+0500] {dagbag.py:588} INFO - Filling up the DagBag from /mnt/c/Users/Raj/OneDrive - Åbo Akademi O365/banking/airflow/.venv/lib/python3.12/site-packages/airflow/example_dags/example_params_trigger_ui.py
[2025-11-22T20:15:43.035+0500] {processor.py:925} INFO - DAG(s) 'example_params_trigger_ui' retrieved from /mnt/c/Users/Raj/OneDrive - Åbo Akademi O365/banking/airflow/.venv/lib/python3.12/site-packages/airflow/example_dags/example_params_trigger_ui.py
[2025-11-22T20:15:43.127+0500] {logging_mixin.py:190} INFO - [2025-11-22T20:15:43.125+0500] {dag.py:3239} INFO - Sync 1 DAGs
[2025-11-22T20:15:43.153+0500] {logging_mixin.py:190} INFO - [2025-11-22T20:15:43.151+0500] {dag.py:4180} INFO - Setting next_dagrun for example_params_trigger_ui to None, run_after=None
[2025-11-22T20:15:43.228+0500] {processor.py:208} INFO - Processing /mnt/c/Users/Raj/OneDrive - Åbo Akademi O365/banking/airflow/.venv/lib/python3.12/site-packages/airflow/example_dags/example_params_trigger_ui.py took 0.292 seconds
[2025-11-22T20:17:34.575+0500] {processor.py:186} INFO - Started process (PID=65841) to work on /mnt/c/Users/Raj/OneDrive - Åbo Akademi O365/banking/airflow/.venv/lib/python3.12/site-packages/airflow/example_dags/example_params_trigger_ui.py
[2025-11-22T20:17:34.578+0500] {processor.py:914} INFO - Processing file /mnt/c/Users/Raj/OneDrive - Åbo Akademi O365/banking/airflow/.venv/lib/python3.12/site-packages/airflow/example_dags/example_params_trigger_ui.py for tasks to queue
[2025-11-22T20:17:34.582+0500] {logging_mixin.py:190} INFO - [2025-11-22T20:17:34.581+0500] {dagbag.py:588} INFO - Filling up the DagBag from /mnt/c/Users/Raj/OneDrive - Åbo Akademi O365/banking/airflow/.venv/lib/python3.12/site-packages/airflow/example_dags/example_params_trigger_ui.py
[2025-11-22T20:17:34.626+0500] {processor.py:925} INFO - DAG(s) 'example_params_trigger_ui' retrieved from /mnt/c/Users/Raj/OneDrive - Åbo Akademi O365/banking/airflow/.venv/lib/python3.12/site-packages/airflow/example_dags/example_params_trigger_ui.py
[2025-11-22T20:17:34.796+0500] {logging_mixin.py:190} INFO - [2025-11-22T20:17:34.794+0500] {dag.py:3239} INFO - Sync 1 DAGs
[2025-11-22T20:17:34.852+0500] {logging_mixin.py:190} INFO - [2025-11-22T20:17:34.850+0500] {dag.py:4180} INFO - Setting next_dagrun for example_params_trigger_ui to None, run_after=None
[2025-11-22T20:17:34.954+0500] {processor.py:208} INFO - Processing /mnt/c/Users/Raj/OneDrive - Åbo Akademi O365/banking/airflow/.venv/lib/python3.12/site-packages/airflow/example_dags/example_params_trigger_ui.py took 0.406 seconds
[2025-11-22T20:20:52.660+0500] {processor.py:186} INFO - Started process (PID=65936) to work on /mnt/c/Users/Raj/OneDrive - Åbo Akademi O365/banking/airflow/.venv/lib/python3.12/site-packages/airflow/example_dags/example_params_trigger_ui.py
[2025-11-22T20:20:52.666+0500] {processor.py:914} INFO - Processing file /mnt/c/Users/Raj/OneDrive - Åbo Akademi O365/banking/airflow/.venv/lib/python3.12/site-packages/airflow/example_dags/example_params_trigger_ui.py for tasks to queue
[2025-11-22T20:20:52.676+0500] {logging_mixin.py:190} INFO - [2025-11-22T20:20:52.671+0500] {dagbag.py:588} INFO - Filling up the DagBag from /mnt/c/Users/Raj/OneDrive - Åbo Akademi O365/banking/airflow/.venv/lib/python3.12/site-packages/airflow/example_dags/example_params_trigger_ui.py
[2025-11-22T20:20:52.985+0500] {processor.py:925} INFO - DAG(s) 'example_params_trigger_ui' retrieved from /mnt/c/Users/Raj/OneDrive - Åbo Akademi O365/banking/airflow/.venv/lib/python3.12/site-packages/airflow/example_dags/example_params_trigger_ui.py
[2025-11-22T20:20:53.292+0500] {logging_mixin.py:190} INFO - [2025-11-22T20:20:53.290+0500] {dag.py:3239} INFO - Sync 1 DAGs
[2025-11-22T20:20:53.372+0500] {logging_mixin.py:190} INFO - [2025-11-22T20:20:53.369+0500] {dag.py:4180} INFO - Setting next_dagrun for example_params_trigger_ui to None, run_after=None
[2025-11-22T20:20:53.652+0500] {processor.py:208} INFO - Processing /mnt/c/Users/Raj/OneDrive - Åbo Akademi O365/banking/airflow/.venv/lib/python3.12/site-packages/airflow/example_dags/example_params_trigger_ui.py took 1.032 seconds
[2025-11-22T20:22:31.079+0500] {processor.py:186} INFO - Started process (PID=66020) to work on /mnt/c/Users/Raj/OneDrive - Åbo Akademi O365/banking/airflow/.venv/lib/python3.12/site-packages/airflow/example_dags/example_params_trigger_ui.py
[2025-11-22T20:22:31.082+0500] {processor.py:914} INFO - Processing file /mnt/c/Users/Raj/OneDrive - Åbo Akademi O365/banking/airflow/.venv/lib/python3.12/site-packages/airflow/example_dags/example_params_trigger_ui.py for tasks to queue
[2025-11-22T20:22:31.087+0500] {logging_mixin.py:190} INFO - [2025-11-22T20:22:31.085+0500] {dagbag.py:588} INFO - Filling up the DagBag from /mnt/c/Users/Raj/OneDrive - Åbo Akademi O365/banking/airflow/.venv/lib/python3.12/site-packages/airflow/example_dags/example_params_trigger_ui.py
[2025-11-22T20:22:31.173+0500] {processor.py:925} INFO - DAG(s) 'example_params_trigger_ui' retrieved from /mnt/c/Users/Raj/OneDrive - Åbo Akademi O365/banking/airflow/.venv/lib/python3.12/site-packages/airflow/example_dags/example_params_trigger_ui.py
[2025-11-22T20:22:31.243+0500] {logging_mixin.py:190} INFO - [2025-11-22T20:22:31.241+0500] {dag.py:3239} INFO - Sync 1 DAGs
[2025-11-22T20:22:31.269+0500] {logging_mixin.py:190} INFO - [2025-11-22T20:22:31.268+0500] {dag.py:4180} INFO - Setting next_dagrun for example_params_trigger_ui to None, run_after=None
[2025-11-22T20:22:31.347+0500] {processor.py:208} INFO - Processing /mnt/c/Users/Raj/OneDrive - Åbo Akademi O365/banking/airflow/.venv/lib/python3.12/site-packages/airflow/example_dags/example_params_trigger_ui.py took 0.287 seconds
[2025-11-22T20:24:34.752+0500] {processor.py:186} INFO - Started process (PID=66114) to work on /mnt/c/Users/Raj/OneDrive - Åbo Akademi O365/banking/airflow/.venv/lib/python3.12/site-packages/airflow/example_dags/example_params_trigger_ui.py
[2025-11-22T20:24:34.755+0500] {processor.py:914} INFO - Processing file /mnt/c/Users/Raj/OneDrive - Åbo Akademi O365/banking/airflow/.venv/lib/python3.12/site-packages/airflow/example_dags/example_params_trigger_ui.py for tasks to queue
[2025-11-22T20:24:34.764+0500] {logging_mixin.py:190} INFO - [2025-11-22T20:24:34.760+0500] {dagbag.py:588} INFO - Filling up the DagBag from /mnt/c/Users/Raj/OneDrive - Åbo Akademi O365/banking/airflow/.venv/lib/python3.12/site-packages/airflow/example_dags/example_params_trigger_ui.py
[2025-11-22T20:24:34.981+0500] {processor.py:925} INFO - DAG(s) 'example_params_trigger_ui' retrieved from /mnt/c/Users/Raj/OneDrive - Åbo Akademi O365/banking/airflow/.venv/lib/python3.12/site-packages/airflow/example_dags/example_params_trigger_ui.py
[2025-11-22T20:24:35.089+0500] {logging_mixin.py:190} INFO - [2025-11-22T20:24:35.088+0500] {dag.py:3239} INFO - Sync 1 DAGs
[2025-11-22T20:24:35.126+0500] {logging_mixin.py:190} INFO - [2025-11-22T20:24:35.123+0500] {dag.py:4180} INFO - Setting next_dagrun for example_params_trigger_ui to None, run_after=None
[2025-11-22T20:24:35.272+0500] {processor.py:208} INFO - Processing /mnt/c/Users/Raj/OneDrive - Åbo Akademi O365/banking/airflow/.venv/lib/python3.12/site-packages/airflow/example_dags/example_params_trigger_ui.py took 0.545 seconds
[2025-11-22T20:28:01.730+0500] {processor.py:186} INFO - Started process (PID=66257) to work on /mnt/c/Users/Raj/OneDrive - Åbo Akademi O365/banking/airflow/.venv/lib/python3.12/site-packages/airflow/example_dags/example_params_trigger_ui.py
[2025-11-22T20:28:01.733+0500] {processor.py:914} INFO - Processing file /mnt/c/Users/Raj/OneDrive - Åbo Akademi O365/banking/airflow/.venv/lib/python3.12/site-packages/airflow/example_dags/example_params_trigger_ui.py for tasks to queue
[2025-11-22T20:28:01.738+0500] {logging_mixin.py:190} INFO - [2025-11-22T20:28:01.736+0500] {dagbag.py:588} INFO - Filling up the DagBag from /mnt/c/Users/Raj/OneDrive - Åbo Akademi O365/banking/airflow/.venv/lib/python3.12/site-packages/airflow/example_dags/example_params_trigger_ui.py
[2025-11-22T20:28:01.780+0500] {processor.py:925} INFO - DAG(s) 'example_params_trigger_ui' retrieved from /mnt/c/Users/Raj/OneDrive - Åbo Akademi O365/banking/airflow/.venv/lib/python3.12/site-packages/airflow/example_dags/example_params_trigger_ui.py
[2025-11-22T20:28:01.857+0500] {logging_mixin.py:190} INFO - [2025-11-22T20:28:01.856+0500] {dag.py:3239} INFO - Sync 1 DAGs
[2025-11-22T20:28:01.873+0500] {logging_mixin.py:190} INFO - [2025-11-22T20:28:01.872+0500] {dag.py:4180} INFO - Setting next_dagrun for example_params_trigger_ui to None, run_after=None
[2025-11-22T20:28:01.956+0500] {processor.py:208} INFO - Processing /mnt/c/Users/Raj/OneDrive - Åbo Akademi O365/banking/airflow/.venv/lib/python3.12/site-packages/airflow/example_dags/example_params_trigger_ui.py took 0.255 seconds
[2025-11-22T20:29:26.031+0500] {processor.py:186} INFO - Started process (PID=66345) to work on /mnt/c/Users/Raj/OneDrive - Åbo Akademi O365/banking/airflow/.venv/lib/python3.12/site-packages/airflow/example_dags/example_params_trigger_ui.py
[2025-11-22T20:29:26.034+0500] {processor.py:914} INFO - Processing file /mnt/c/Users/Raj/OneDrive - Åbo Akademi O365/banking/airflow/.venv/lib/python3.12/site-packages/airflow/example_dags/example_params_trigger_ui.py for tasks to queue
[2025-11-22T20:29:26.039+0500] {logging_mixin.py:190} INFO - [2025-11-22T20:29:26.037+0500] {dagbag.py:588} INFO - Filling up the DagBag from /mnt/c/Users/Raj/OneDrive - Åbo Akademi O365/banking/airflow/.venv/lib/python3.12/site-packages/airflow/example_dags/example_params_trigger_ui.py
[2025-11-22T20:29:26.082+0500] {processor.py:925} INFO - DAG(s) 'example_params_trigger_ui' retrieved from /mnt/c/Users/Raj/OneDrive - Åbo Akademi O365/banking/airflow/.venv/lib/python3.12/site-packages/airflow/example_dags/example_params_trigger_ui.py
[2025-11-22T20:29:26.140+0500] {logging_mixin.py:190} INFO - [2025-11-22T20:29:26.138+0500] {dag.py:3239} INFO - Sync 1 DAGs
[2025-11-22T20:29:26.157+0500] {logging_mixin.py:190} INFO - [2025-11-22T20:29:26.155+0500] {dag.py:4180} INFO - Setting next_dagrun for example_params_trigger_ui to None, run_after=None
[2025-11-22T20:29:26.214+0500] {processor.py:208} INFO - Processing /mnt/c/Users/Raj/OneDrive - Åbo Akademi O365/banking/airflow/.venv/lib/python3.12/site-packages/airflow/example_dags/example_params_trigger_ui.py took 0.199 seconds
[2025-11-22T20:32:12.102+0500] {processor.py:186} INFO - Started process (PID=66475) to work on /mnt/c/Users/Raj/OneDrive - Åbo Akademi O365/banking/airflow/.venv/lib/python3.12/site-packages/airflow/example_dags/example_params_trigger_ui.py
[2025-11-22T20:32:12.105+0500] {processor.py:914} INFO - Processing file /mnt/c/Users/Raj/OneDrive - Åbo Akademi O365/banking/airflow/.venv/lib/python3.12/site-packages/airflow/example_dags/example_params_trigger_ui.py for tasks to queue
[2025-11-22T20:32:12.109+0500] {logging_mixin.py:190} INFO - [2025-11-22T20:32:12.108+0500] {dagbag.py:588} INFO - Filling up the DagBag from /mnt/c/Users/Raj/OneDrive - Åbo Akademi O365/banking/airflow/.venv/lib/python3.12/site-packages/airflow/example_dags/example_params_trigger_ui.py
[2025-11-22T20:32:12.145+0500] {processor.py:925} INFO - DAG(s) 'example_params_trigger_ui' retrieved from /mnt/c/Users/Raj/OneDrive - Åbo Akademi O365/banking/airflow/.venv/lib/python3.12/site-packages/airflow/example_dags/example_params_trigger_ui.py
[2025-11-22T20:32:12.235+0500] {logging_mixin.py:190} INFO - [2025-11-22T20:32:12.233+0500] {dag.py:3239} INFO - Sync 1 DAGs
[2025-11-22T20:32:12.267+0500] {logging_mixin.py:190} INFO - [2025-11-22T20:32:12.265+0500] {dag.py:4180} INFO - Setting next_dagrun for example_params_trigger_ui to None, run_after=None
[2025-11-22T20:32:12.363+0500] {processor.py:208} INFO - Processing /mnt/c/Users/Raj/OneDrive - Åbo Akademi O365/banking/airflow/.venv/lib/python3.12/site-packages/airflow/example_dags/example_params_trigger_ui.py took 0.279 seconds
[2025-11-22T20:33:43.892+0500] {processor.py:186} INFO - Started process (PID=66546) to work on /mnt/c/Users/Raj/OneDrive - Åbo Akademi O365/banking/airflow/.venv/lib/python3.12/site-packages/airflow/example_dags/example_params_trigger_ui.py
[2025-11-22T20:33:43.894+0500] {processor.py:914} INFO - Processing file /mnt/c/Users/Raj/OneDrive - Åbo Akademi O365/banking/airflow/.venv/lib/python3.12/site-packages/airflow/example_dags/example_params_trigger_ui.py for tasks to queue
[2025-11-22T20:33:43.899+0500] {logging_mixin.py:190} INFO - [2025-11-22T20:33:43.897+0500] {dagbag.py:588} INFO - Filling up the DagBag from /mnt/c/Users/Raj/OneDrive - Åbo Akademi O365/banking/airflow/.venv/lib/python3.12/site-packages/airflow/example_dags/example_params_trigger_ui.py
[2025-11-22T20:33:43.941+0500] {processor.py:925} INFO - DAG(s) 'example_params_trigger_ui' retrieved from /mnt/c/Users/Raj/OneDrive - Åbo Akademi O365/banking/airflow/.venv/lib/python3.12/site-packages/airflow/example_dags/example_params_trigger_ui.py
[2025-11-22T20:33:44.002+0500] {logging_mixin.py:190} INFO - [2025-11-22T20:33:44.001+0500] {dag.py:3239} INFO - Sync 1 DAGs
[2025-11-22T20:33:44.020+0500] {logging_mixin.py:190} INFO - [2025-11-22T20:33:44.019+0500] {dag.py:4180} INFO - Setting next_dagrun for example_params_trigger_ui to None, run_after=None
[2025-11-22T20:33:44.103+0500] {processor.py:208} INFO - Processing /mnt/c/Users/Raj/OneDrive - Åbo Akademi O365/banking/airflow/.venv/lib/python3.12/site-packages/airflow/example_dags/example_params_trigger_ui.py took 0.232 seconds
[2025-11-22T20:35:35.372+0500] {processor.py:186} INFO - Started process (PID=66633) to work on /mnt/c/Users/Raj/OneDrive - Åbo Akademi O365/banking/airflow/.venv/lib/python3.12/site-packages/airflow/example_dags/example_params_trigger_ui.py
[2025-11-22T20:35:35.375+0500] {processor.py:914} INFO - Processing file /mnt/c/Users/Raj/OneDrive - Åbo Akademi O365/banking/airflow/.venv/lib/python3.12/site-packages/airflow/example_dags/example_params_trigger_ui.py for tasks to queue
[2025-11-22T20:35:35.378+0500] {logging_mixin.py:190} INFO - [2025-11-22T20:35:35.377+0500] {dagbag.py:588} INFO - Filling up the DagBag from /mnt/c/Users/Raj/OneDrive - Åbo Akademi O365/banking/airflow/.venv/lib/python3.12/site-packages/airflow/example_dags/example_params_trigger_ui.py
[2025-11-22T20:35:35.412+0500] {processor.py:925} INFO - DAG(s) 'example_params_trigger_ui' retrieved from /mnt/c/Users/Raj/OneDrive - Åbo Akademi O365/banking/airflow/.venv/lib/python3.12/site-packages/airflow/example_dags/example_params_trigger_ui.py
[2025-11-22T20:35:35.728+0500] {logging_mixin.py:190} INFO - [2025-11-22T20:35:35.714+0500] {dag.py:3239} INFO - Sync 1 DAGs
[2025-11-22T20:35:35.759+0500] {logging_mixin.py:190} INFO - [2025-11-22T20:35:35.757+0500] {dag.py:4180} INFO - Setting next_dagrun for example_params_trigger_ui to None, run_after=None
[2025-11-22T20:35:35.864+0500] {processor.py:208} INFO - Processing /mnt/c/Users/Raj/OneDrive - Åbo Akademi O365/banking/airflow/.venv/lib/python3.12/site-packages/airflow/example_dags/example_params_trigger_ui.py took 0.510 seconds
[2025-11-22T20:38:20.069+0500] {processor.py:186} INFO - Started process (PID=66764) to work on /mnt/c/Users/Raj/OneDrive - Åbo Akademi O365/banking/airflow/.venv/lib/python3.12/site-packages/airflow/example_dags/example_params_trigger_ui.py
[2025-11-22T20:38:20.072+0500] {processor.py:914} INFO - Processing file /mnt/c/Users/Raj/OneDrive - Åbo Akademi O365/banking/airflow/.venv/lib/python3.12/site-packages/airflow/example_dags/example_params_trigger_ui.py for tasks to queue
[2025-11-22T20:38:20.077+0500] {logging_mixin.py:190} INFO - [2025-11-22T20:38:20.076+0500] {dagbag.py:588} INFO - Filling up the DagBag from /mnt/c/Users/Raj/OneDrive - Åbo Akademi O365/banking/airflow/.venv/lib/python3.12/site-packages/airflow/example_dags/example_params_trigger_ui.py
[2025-11-22T20:38:20.106+0500] {processor.py:925} INFO - DAG(s) 'example_params_trigger_ui' retrieved from /mnt/c/Users/Raj/OneDrive - Åbo Akademi O365/banking/airflow/.venv/lib/python3.12/site-packages/airflow/example_dags/example_params_trigger_ui.py
[2025-11-22T20:38:20.157+0500] {logging_mixin.py:190} INFO - [2025-11-22T20:38:20.156+0500] {dag.py:3239} INFO - Sync 1 DAGs
[2025-11-22T20:38:20.173+0500] {logging_mixin.py:190} INFO - [2025-11-22T20:38:20.172+0500] {dag.py:4180} INFO - Setting next_dagrun for example_params_trigger_ui to None, run_after=None
[2025-11-22T20:38:20.240+0500] {processor.py:208} INFO - Processing /mnt/c/Users/Raj/OneDrive - Åbo Akademi O365/banking/airflow/.venv/lib/python3.12/site-packages/airflow/example_dags/example_params_trigger_ui.py took 0.194 seconds
[2025-11-22T20:40:06.302+0500] {processor.py:186} INFO - Started process (PID=66878) to work on /mnt/c/Users/Raj/OneDrive - Åbo Akademi O365/banking/airflow/.venv/lib/python3.12/site-packages/airflow/example_dags/example_params_trigger_ui.py
[2025-11-22T20:40:06.304+0500] {processor.py:914} INFO - Processing file /mnt/c/Users/Raj/OneDrive - Åbo Akademi O365/banking/airflow/.venv/lib/python3.12/site-packages/airflow/example_dags/example_params_trigger_ui.py for tasks to queue
[2025-11-22T20:40:06.308+0500] {logging_mixin.py:190} INFO - [2025-11-22T20:40:06.307+0500] {dagbag.py:588} INFO - Filling up the DagBag from /mnt/c/Users/Raj/OneDrive - Åbo Akademi O365/banking/airflow/.venv/lib/python3.12/site-packages/airflow/example_dags/example_params_trigger_ui.py
[2025-11-22T20:40:06.345+0500] {processor.py:925} INFO - DAG(s) 'example_params_trigger_ui' retrieved from /mnt/c/Users/Raj/OneDrive - Åbo Akademi O365/banking/airflow/.venv/lib/python3.12/site-packages/airflow/example_dags/example_params_trigger_ui.py
[2025-11-22T20:40:06.401+0500] {logging_mixin.py:190} INFO - [2025-11-22T20:40:06.400+0500] {dag.py:3239} INFO - Sync 1 DAGs
[2025-11-22T20:40:06.417+0500] {logging_mixin.py:190} INFO - [2025-11-22T20:40:06.416+0500] {dag.py:4180} INFO - Setting next_dagrun for example_params_trigger_ui to None, run_after=None
[2025-11-22T20:40:06.479+0500] {processor.py:208} INFO - Processing /mnt/c/Users/Raj/OneDrive - Åbo Akademi O365/banking/airflow/.venv/lib/python3.12/site-packages/airflow/example_dags/example_params_trigger_ui.py took 0.191 seconds
[2025-11-22T20:41:53.769+0500] {processor.py:186} INFO - Started process (PID=66991) to work on /mnt/c/Users/Raj/OneDrive - Åbo Akademi O365/banking/airflow/.venv/lib/python3.12/site-packages/airflow/example_dags/example_params_trigger_ui.py
[2025-11-22T20:41:53.771+0500] {processor.py:914} INFO - Processing file /mnt/c/Users/Raj/OneDrive - Åbo Akademi O365/banking/airflow/.venv/lib/python3.12/site-packages/airflow/example_dags/example_params_trigger_ui.py for tasks to queue
[2025-11-22T20:41:53.777+0500] {logging_mixin.py:190} INFO - [2025-11-22T20:41:53.775+0500] {dagbag.py:588} INFO - Filling up the DagBag from /mnt/c/Users/Raj/OneDrive - Åbo Akademi O365/banking/airflow/.venv/lib/python3.12/site-packages/airflow/example_dags/example_params_trigger_ui.py
[2025-11-22T20:41:53.820+0500] {processor.py:925} INFO - DAG(s) 'example_params_trigger_ui' retrieved from /mnt/c/Users/Raj/OneDrive - Åbo Akademi O365/banking/airflow/.venv/lib/python3.12/site-packages/airflow/example_dags/example_params_trigger_ui.py
[2025-11-22T20:41:53.876+0500] {logging_mixin.py:190} INFO - [2025-11-22T20:41:53.875+0500] {dag.py:3239} INFO - Sync 1 DAGs
[2025-11-22T20:41:53.890+0500] {logging_mixin.py:190} INFO - [2025-11-22T20:41:53.889+0500] {dag.py:4180} INFO - Setting next_dagrun for example_params_trigger_ui to None, run_after=None
[2025-11-22T20:41:53.964+0500] {processor.py:208} INFO - Processing /mnt/c/Users/Raj/OneDrive - Åbo Akademi O365/banking/airflow/.venv/lib/python3.12/site-packages/airflow/example_dags/example_params_trigger_ui.py took 0.216 seconds
[2025-11-22T20:44:11.283+0500] {processor.py:186} INFO - Started process (PID=67098) to work on /mnt/c/Users/Raj/OneDrive - Åbo Akademi O365/banking/airflow/.venv/lib/python3.12/site-packages/airflow/example_dags/example_params_trigger_ui.py
[2025-11-22T20:44:11.286+0500] {processor.py:914} INFO - Processing file /mnt/c/Users/Raj/OneDrive - Åbo Akademi O365/banking/airflow/.venv/lib/python3.12/site-packages/airflow/example_dags/example_params_trigger_ui.py for tasks to queue
[2025-11-22T20:44:11.290+0500] {logging_mixin.py:190} INFO - [2025-11-22T20:44:11.288+0500] {dagbag.py:588} INFO - Filling up the DagBag from /mnt/c/Users/Raj/OneDrive - Åbo Akademi O365/banking/airflow/.venv/lib/python3.12/site-packages/airflow/example_dags/example_params_trigger_ui.py
[2025-11-22T20:44:11.320+0500] {processor.py:925} INFO - DAG(s) 'example_params_trigger_ui' retrieved from /mnt/c/Users/Raj/OneDrive - Åbo Akademi O365/banking/airflow/.venv/lib/python3.12/site-packages/airflow/example_dags/example_params_trigger_ui.py
[2025-11-22T20:44:11.378+0500] {logging_mixin.py:190} INFO - [2025-11-22T20:44:11.377+0500] {dag.py:3239} INFO - Sync 1 DAGs
[2025-11-22T20:44:11.395+0500] {logging_mixin.py:190} INFO - [2025-11-22T20:44:11.394+0500] {dag.py:4180} INFO - Setting next_dagrun for example_params_trigger_ui to None, run_after=None
[2025-11-22T20:44:11.467+0500] {processor.py:208} INFO - Processing /mnt/c/Users/Raj/OneDrive - Åbo Akademi O365/banking/airflow/.venv/lib/python3.12/site-packages/airflow/example_dags/example_params_trigger_ui.py took 0.198 seconds
[2025-11-22T20:45:46.862+0500] {processor.py:186} INFO - Started process (PID=67177) to work on /mnt/c/Users/Raj/OneDrive - Åbo Akademi O365/banking/airflow/.venv/lib/python3.12/site-packages/airflow/example_dags/example_params_trigger_ui.py
[2025-11-22T20:45:46.864+0500] {processor.py:914} INFO - Processing file /mnt/c/Users/Raj/OneDrive - Åbo Akademi O365/banking/airflow/.venv/lib/python3.12/site-packages/airflow/example_dags/example_params_trigger_ui.py for tasks to queue
[2025-11-22T20:45:46.868+0500] {logging_mixin.py:190} INFO - [2025-11-22T20:45:46.866+0500] {dagbag.py:588} INFO - Filling up the DagBag from /mnt/c/Users/Raj/OneDrive - Åbo Akademi O365/banking/airflow/.venv/lib/python3.12/site-packages/airflow/example_dags/example_params_trigger_ui.py
[2025-11-22T20:45:46.906+0500] {processor.py:925} INFO - DAG(s) 'example_params_trigger_ui' retrieved from /mnt/c/Users/Raj/OneDrive - Åbo Akademi O365/banking/airflow/.venv/lib/python3.12/site-packages/airflow/example_dags/example_params_trigger_ui.py
[2025-11-22T20:45:46.962+0500] {logging_mixin.py:190} INFO - [2025-11-22T20:45:46.961+0500] {dag.py:3239} INFO - Sync 1 DAGs
[2025-11-22T20:45:46.982+0500] {logging_mixin.py:190} INFO - [2025-11-22T20:45:46.981+0500] {dag.py:4180} INFO - Setting next_dagrun for example_params_trigger_ui to None, run_after=None
[2025-11-22T20:45:47.055+0500] {processor.py:208} INFO - Processing /mnt/c/Users/Raj/OneDrive - Åbo Akademi O365/banking/airflow/.venv/lib/python3.12/site-packages/airflow/example_dags/example_params_trigger_ui.py took 0.213 seconds
[2025-11-22T20:47:31.189+0500] {processor.py:186} INFO - Started process (PID=67257) to work on /mnt/c/Users/Raj/OneDrive - Åbo Akademi O365/banking/airflow/.venv/lib/python3.12/site-packages/airflow/example_dags/example_params_trigger_ui.py
[2025-11-22T20:47:31.192+0500] {processor.py:914} INFO - Processing file /mnt/c/Users/Raj/OneDrive - Åbo Akademi O365/banking/airflow/.venv/lib/python3.12/site-packages/airflow/example_dags/example_params_trigger_ui.py for tasks to queue
[2025-11-22T20:47:31.197+0500] {logging_mixin.py:190} INFO - [2025-11-22T20:47:31.195+0500] {dagbag.py:588} INFO - Filling up the DagBag from /mnt/c/Users/Raj/OneDrive - Åbo Akademi O365/banking/airflow/.venv/lib/python3.12/site-packages/airflow/example_dags/example_params_trigger_ui.py
[2025-11-22T20:47:31.263+0500] {processor.py:925} INFO - DAG(s) 'example_params_trigger_ui' retrieved from /mnt/c/Users/Raj/OneDrive - Åbo Akademi O365/banking/airflow/.venv/lib/python3.12/site-packages/airflow/example_dags/example_params_trigger_ui.py
[2025-11-22T20:47:31.337+0500] {logging_mixin.py:190} INFO - [2025-11-22T20:47:31.335+0500] {dag.py:3239} INFO - Sync 1 DAGs
[2025-11-22T20:47:31.360+0500] {logging_mixin.py:190} INFO - [2025-11-22T20:47:31.359+0500] {dag.py:4180} INFO - Setting next_dagrun for example_params_trigger_ui to None, run_after=None
[2025-11-22T20:47:31.453+0500] {processor.py:208} INFO - Processing /mnt/c/Users/Raj/OneDrive - Åbo Akademi O365/banking/airflow/.venv/lib/python3.12/site-packages/airflow/example_dags/example_params_trigger_ui.py took 0.285 seconds
[2025-11-22T20:49:08.885+0500] {processor.py:186} INFO - Started process (PID=67337) to work on /mnt/c/Users/Raj/OneDrive - Åbo Akademi O365/banking/airflow/.venv/lib/python3.12/site-packages/airflow/example_dags/example_params_trigger_ui.py
[2025-11-22T20:49:08.888+0500] {processor.py:914} INFO - Processing file /mnt/c/Users/Raj/OneDrive - Åbo Akademi O365/banking/airflow/.venv/lib/python3.12/site-packages/airflow/example_dags/example_params_trigger_ui.py for tasks to queue
[2025-11-22T20:49:08.892+0500] {logging_mixin.py:190} INFO - [2025-11-22T20:49:08.890+0500] {dagbag.py:588} INFO - Filling up the DagBag from /mnt/c/Users/Raj/OneDrive - Åbo Akademi O365/banking/airflow/.venv/lib/python3.12/site-packages/airflow/example_dags/example_params_trigger_ui.py
[2025-11-22T20:49:08.925+0500] {processor.py:925} INFO - DAG(s) 'example_params_trigger_ui' retrieved from /mnt/c/Users/Raj/OneDrive - Åbo Akademi O365/banking/airflow/.venv/lib/python3.12/site-packages/airflow/example_dags/example_params_trigger_ui.py
[2025-11-22T20:49:08.986+0500] {logging_mixin.py:190} INFO - [2025-11-22T20:49:08.985+0500] {dag.py:3239} INFO - Sync 1 DAGs
[2025-11-22T20:49:09.013+0500] {logging_mixin.py:190} INFO - [2025-11-22T20:49:09.011+0500] {dag.py:4180} INFO - Setting next_dagrun for example_params_trigger_ui to None, run_after=None
[2025-11-22T20:49:09.101+0500] {processor.py:208} INFO - Processing /mnt/c/Users/Raj/OneDrive - Åbo Akademi O365/banking/airflow/.venv/lib/python3.12/site-packages/airflow/example_dags/example_params_trigger_ui.py took 0.235 seconds
[2025-11-22T20:50:50.522+0500] {processor.py:186} INFO - Started process (PID=67412) to work on /mnt/c/Users/Raj/OneDrive - Åbo Akademi O365/banking/airflow/.venv/lib/python3.12/site-packages/airflow/example_dags/example_params_trigger_ui.py
[2025-11-22T20:50:50.525+0500] {processor.py:914} INFO - Processing file /mnt/c/Users/Raj/OneDrive - Åbo Akademi O365/banking/airflow/.venv/lib/python3.12/site-packages/airflow/example_dags/example_params_trigger_ui.py for tasks to queue
[2025-11-22T20:50:50.530+0500] {logging_mixin.py:190} INFO - [2025-11-22T20:50:50.528+0500] {dagbag.py:588} INFO - Filling up the DagBag from /mnt/c/Users/Raj/OneDrive - Åbo Akademi O365/banking/airflow/.venv/lib/python3.12/site-packages/airflow/example_dags/example_params_trigger_ui.py
[2025-11-22T20:50:50.562+0500] {processor.py:925} INFO - DAG(s) 'example_params_trigger_ui' retrieved from /mnt/c/Users/Raj/OneDrive - Åbo Akademi O365/banking/airflow/.venv/lib/python3.12/site-packages/airflow/example_dags/example_params_trigger_ui.py
[2025-11-22T20:50:50.624+0500] {logging_mixin.py:190} INFO - [2025-11-22T20:50:50.623+0500] {dag.py:3239} INFO - Sync 1 DAGs
[2025-11-22T20:50:50.641+0500] {logging_mixin.py:190} INFO - [2025-11-22T20:50:50.639+0500] {dag.py:4180} INFO - Setting next_dagrun for example_params_trigger_ui to None, run_after=None
[2025-11-22T20:50:50.717+0500] {processor.py:208} INFO - Processing /mnt/c/Users/Raj/OneDrive - Åbo Akademi O365/banking/airflow/.venv/lib/python3.12/site-packages/airflow/example_dags/example_params_trigger_ui.py took 0.215 seconds
[2025-11-22T20:52:35.649+0500] {processor.py:186} INFO - Started process (PID=67495) to work on /mnt/c/Users/Raj/OneDrive - Åbo Akademi O365/banking/airflow/.venv/lib/python3.12/site-packages/airflow/example_dags/example_params_trigger_ui.py
[2025-11-22T20:52:35.651+0500] {processor.py:914} INFO - Processing file /mnt/c/Users/Raj/OneDrive - Åbo Akademi O365/banking/airflow/.venv/lib/python3.12/site-packages/airflow/example_dags/example_params_trigger_ui.py for tasks to queue
[2025-11-22T20:52:35.655+0500] {logging_mixin.py:190} INFO - [2025-11-22T20:52:35.654+0500] {dagbag.py:588} INFO - Filling up the DagBag from /mnt/c/Users/Raj/OneDrive - Åbo Akademi O365/banking/airflow/.venv/lib/python3.12/site-packages/airflow/example_dags/example_params_trigger_ui.py
[2025-11-22T20:52:35.691+0500] {processor.py:925} INFO - DAG(s) 'example_params_trigger_ui' retrieved from /mnt/c/Users/Raj/OneDrive - Åbo Akademi O365/banking/airflow/.venv/lib/python3.12/site-packages/airflow/example_dags/example_params_trigger_ui.py
[2025-11-22T20:52:35.766+0500] {logging_mixin.py:190} INFO - [2025-11-22T20:52:35.765+0500] {dag.py:3239} INFO - Sync 1 DAGs
[2025-11-22T20:52:35.789+0500] {logging_mixin.py:190} INFO - [2025-11-22T20:52:35.787+0500] {dag.py:4180} INFO - Setting next_dagrun for example_params_trigger_ui to None, run_after=None
[2025-11-22T20:52:35.870+0500] {processor.py:208} INFO - Processing /mnt/c/Users/Raj/OneDrive - Åbo Akademi O365/banking/airflow/.venv/lib/python3.12/site-packages/airflow/example_dags/example_params_trigger_ui.py took 0.238 seconds
[2025-11-22T20:54:18.056+0500] {processor.py:186} INFO - Started process (PID=67577) to work on /mnt/c/Users/Raj/OneDrive - Åbo Akademi O365/banking/airflow/.venv/lib/python3.12/site-packages/airflow/example_dags/example_params_trigger_ui.py
[2025-11-22T20:54:18.059+0500] {processor.py:914} INFO - Processing file /mnt/c/Users/Raj/OneDrive - Åbo Akademi O365/banking/airflow/.venv/lib/python3.12/site-packages/airflow/example_dags/example_params_trigger_ui.py for tasks to queue
[2025-11-22T20:54:18.063+0500] {logging_mixin.py:190} INFO - [2025-11-22T20:54:18.061+0500] {dagbag.py:588} INFO - Filling up the DagBag from /mnt/c/Users/Raj/OneDrive - Åbo Akademi O365/banking/airflow/.venv/lib/python3.12/site-packages/airflow/example_dags/example_params_trigger_ui.py
[2025-11-22T20:54:18.098+0500] {processor.py:925} INFO - DAG(s) 'example_params_trigger_ui' retrieved from /mnt/c/Users/Raj/OneDrive - Åbo Akademi O365/banking/airflow/.venv/lib/python3.12/site-packages/airflow/example_dags/example_params_trigger_ui.py
[2025-11-22T20:54:18.187+0500] {logging_mixin.py:190} INFO - [2025-11-22T20:54:18.185+0500] {dag.py:3239} INFO - Sync 1 DAGs
[2025-11-22T20:54:18.206+0500] {logging_mixin.py:190} INFO - [2025-11-22T20:54:18.205+0500] {dag.py:4180} INFO - Setting next_dagrun for example_params_trigger_ui to None, run_after=None
[2025-11-22T20:54:18.275+0500] {processor.py:208} INFO - Processing /mnt/c/Users/Raj/OneDrive - Åbo Akademi O365/banking/airflow/.venv/lib/python3.12/site-packages/airflow/example_dags/example_params_trigger_ui.py took 0.237 seconds
[2025-11-22T20:56:02.785+0500] {processor.py:186} INFO - Started process (PID=67741) to work on /mnt/c/Users/Raj/OneDrive - Åbo Akademi O365/banking/airflow/.venv/lib/python3.12/site-packages/airflow/example_dags/example_params_trigger_ui.py
[2025-11-22T20:56:02.787+0500] {processor.py:914} INFO - Processing file /mnt/c/Users/Raj/OneDrive - Åbo Akademi O365/banking/airflow/.venv/lib/python3.12/site-packages/airflow/example_dags/example_params_trigger_ui.py for tasks to queue
[2025-11-22T20:56:02.791+0500] {logging_mixin.py:190} INFO - [2025-11-22T20:56:02.789+0500] {dagbag.py:588} INFO - Filling up the DagBag from /mnt/c/Users/Raj/OneDrive - Åbo Akademi O365/banking/airflow/.venv/lib/python3.12/site-packages/airflow/example_dags/example_params_trigger_ui.py
[2025-11-22T20:56:02.828+0500] {processor.py:925} INFO - DAG(s) 'example_params_trigger_ui' retrieved from /mnt/c/Users/Raj/OneDrive - Åbo Akademi O365/banking/airflow/.venv/lib/python3.12/site-packages/airflow/example_dags/example_params_trigger_ui.py
[2025-11-22T20:56:05.013+0500] {logging_mixin.py:190} INFO - [2025-11-22T20:56:05.012+0500] {dag.py:3239} INFO - Sync 1 DAGs
[2025-11-22T20:56:05.040+0500] {logging_mixin.py:190} INFO - [2025-11-22T20:56:05.038+0500] {dag.py:4180} INFO - Setting next_dagrun for example_params_trigger_ui to None, run_after=None
[2025-11-22T20:56:05.125+0500] {processor.py:208} INFO - Processing /mnt/c/Users/Raj/OneDrive - Åbo Akademi O365/banking/airflow/.venv/lib/python3.12/site-packages/airflow/example_dags/example_params_trigger_ui.py took 0.248 seconds
[2025-11-22T20:57:44.743+0500] {processor.py:186} INFO - Started process (PID=67822) to work on /mnt/c/Users/Raj/OneDrive - Åbo Akademi O365/banking/airflow/.venv/lib/python3.12/site-packages/airflow/example_dags/example_params_trigger_ui.py
[2025-11-22T20:57:44.745+0500] {processor.py:914} INFO - Processing file /mnt/c/Users/Raj/OneDrive - Åbo Akademi O365/banking/airflow/.venv/lib/python3.12/site-packages/airflow/example_dags/example_params_trigger_ui.py for tasks to queue
[2025-11-22T20:57:44.748+0500] {logging_mixin.py:190} INFO - [2025-11-22T20:57:44.747+0500] {dagbag.py:588} INFO - Filling up the DagBag from /mnt/c/Users/Raj/OneDrive - Åbo Akademi O365/banking/airflow/.venv/lib/python3.12/site-packages/airflow/example_dags/example_params_trigger_ui.py
[2025-11-22T20:57:44.777+0500] {processor.py:925} INFO - DAG(s) 'example_params_trigger_ui' retrieved from /mnt/c/Users/Raj/OneDrive - Åbo Akademi O365/banking/airflow/.venv/lib/python3.12/site-packages/airflow/example_dags/example_params_trigger_ui.py
[2025-11-22T20:57:44.832+0500] {logging_mixin.py:190} INFO - [2025-11-22T20:57:44.831+0500] {dag.py:3239} INFO - Sync 1 DAGs
[2025-11-22T20:57:44.852+0500] {logging_mixin.py:190} INFO - [2025-11-22T20:57:44.851+0500] {dag.py:4180} INFO - Setting next_dagrun for example_params_trigger_ui to None, run_after=None
[2025-11-22T20:57:44.922+0500] {processor.py:208} INFO - Processing /mnt/c/Users/Raj/OneDrive - Åbo Akademi O365/banking/airflow/.venv/lib/python3.12/site-packages/airflow/example_dags/example_params_trigger_ui.py took 0.196 seconds
[2025-11-22T20:59:26.659+0500] {processor.py:186} INFO - Started process (PID=67903) to work on /mnt/c/Users/Raj/OneDrive - Åbo Akademi O365/banking/airflow/.venv/lib/python3.12/site-packages/airflow/example_dags/example_params_trigger_ui.py
[2025-11-22T20:59:26.661+0500] {processor.py:914} INFO - Processing file /mnt/c/Users/Raj/OneDrive - Åbo Akademi O365/banking/airflow/.venv/lib/python3.12/site-packages/airflow/example_dags/example_params_trigger_ui.py for tasks to queue
[2025-11-22T20:59:26.665+0500] {logging_mixin.py:190} INFO - [2025-11-22T20:59:26.663+0500] {dagbag.py:588} INFO - Filling up the DagBag from /mnt/c/Users/Raj/OneDrive - Åbo Akademi O365/banking/airflow/.venv/lib/python3.12/site-packages/airflow/example_dags/example_params_trigger_ui.py
[2025-11-22T20:59:26.699+0500] {processor.py:925} INFO - DAG(s) 'example_params_trigger_ui' retrieved from /mnt/c/Users/Raj/OneDrive - Åbo Akademi O365/banking/airflow/.venv/lib/python3.12/site-packages/airflow/example_dags/example_params_trigger_ui.py
[2025-11-22T20:59:26.757+0500] {logging_mixin.py:190} INFO - [2025-11-22T20:59:26.756+0500] {dag.py:3239} INFO - Sync 1 DAGs
[2025-11-22T20:59:26.773+0500] {logging_mixin.py:190} INFO - [2025-11-22T20:59:26.772+0500] {dag.py:4180} INFO - Setting next_dagrun for example_params_trigger_ui to None, run_after=None
[2025-11-22T20:59:26.836+0500] {processor.py:208} INFO - Processing /mnt/c/Users/Raj/OneDrive - Åbo Akademi O365/banking/airflow/.venv/lib/python3.12/site-packages/airflow/example_dags/example_params_trigger_ui.py took 0.194 seconds
[2025-11-22T21:01:06.967+0500] {processor.py:186} INFO - Started process (PID=67977) to work on /mnt/c/Users/Raj/OneDrive - Åbo Akademi O365/banking/airflow/.venv/lib/python3.12/site-packages/airflow/example_dags/example_params_trigger_ui.py
[2025-11-22T21:01:06.970+0500] {processor.py:914} INFO - Processing file /mnt/c/Users/Raj/OneDrive - Åbo Akademi O365/banking/airflow/.venv/lib/python3.12/site-packages/airflow/example_dags/example_params_trigger_ui.py for tasks to queue
[2025-11-22T21:01:06.974+0500] {logging_mixin.py:190} INFO - [2025-11-22T21:01:06.972+0500] {dagbag.py:588} INFO - Filling up the DagBag from /mnt/c/Users/Raj/OneDrive - Åbo Akademi O365/banking/airflow/.venv/lib/python3.12/site-packages/airflow/example_dags/example_params_trigger_ui.py
[2025-11-22T21:01:07.014+0500] {processor.py:925} INFO - DAG(s) 'example_params_trigger_ui' retrieved from /mnt/c/Users/Raj/OneDrive - Åbo Akademi O365/banking/airflow/.venv/lib/python3.12/site-packages/airflow/example_dags/example_params_trigger_ui.py
[2025-11-22T21:01:07.076+0500] {logging_mixin.py:190} INFO - [2025-11-22T21:01:07.074+0500] {dag.py:3239} INFO - Sync 1 DAGs
[2025-11-22T21:01:07.097+0500] {logging_mixin.py:190} INFO - [2025-11-22T21:01:07.095+0500] {dag.py:4180} INFO - Setting next_dagrun for example_params_trigger_ui to None, run_after=None
[2025-11-22T21:01:07.167+0500] {processor.py:208} INFO - Processing /mnt/c/Users/Raj/OneDrive - Åbo Akademi O365/banking/airflow/.venv/lib/python3.12/site-packages/airflow/example_dags/example_params_trigger_ui.py took 0.220 seconds
[2025-11-22T21:02:44.404+0500] {processor.py:186} INFO - Started process (PID=68054) to work on /mnt/c/Users/Raj/OneDrive - Åbo Akademi O365/banking/airflow/.venv/lib/python3.12/site-packages/airflow/example_dags/example_params_trigger_ui.py
[2025-11-22T21:02:44.405+0500] {processor.py:914} INFO - Processing file /mnt/c/Users/Raj/OneDrive - Åbo Akademi O365/banking/airflow/.venv/lib/python3.12/site-packages/airflow/example_dags/example_params_trigger_ui.py for tasks to queue
[2025-11-22T21:02:44.408+0500] {logging_mixin.py:190} INFO - [2025-11-22T21:02:44.407+0500] {dagbag.py:588} INFO - Filling up the DagBag from /mnt/c/Users/Raj/OneDrive - Åbo Akademi O365/banking/airflow/.venv/lib/python3.12/site-packages/airflow/example_dags/example_params_trigger_ui.py
[2025-11-22T21:02:44.433+0500] {processor.py:925} INFO - DAG(s) 'example_params_trigger_ui' retrieved from /mnt/c/Users/Raj/OneDrive - Åbo Akademi O365/banking/airflow/.venv/lib/python3.12/site-packages/airflow/example_dags/example_params_trigger_ui.py
[2025-11-22T21:02:44.508+0500] {logging_mixin.py:190} INFO - [2025-11-22T21:02:44.506+0500] {dag.py:3239} INFO - Sync 1 DAGs
[2025-11-22T21:02:44.523+0500] {logging_mixin.py:190} INFO - [2025-11-22T21:02:44.522+0500] {dag.py:4180} INFO - Setting next_dagrun for example_params_trigger_ui to None, run_after=None
[2025-11-22T21:02:44.589+0500] {processor.py:208} INFO - Processing /mnt/c/Users/Raj/OneDrive - Åbo Akademi O365/banking/airflow/.venv/lib/python3.12/site-packages/airflow/example_dags/example_params_trigger_ui.py took 0.201 seconds
[2025-11-22T21:04:53.952+0500] {processor.py:186} INFO - Started process (PID=68177) to work on /mnt/c/Users/Raj/OneDrive - Åbo Akademi O365/banking/airflow/.venv/lib/python3.12/site-packages/airflow/example_dags/example_params_trigger_ui.py
[2025-11-22T21:04:53.955+0500] {processor.py:914} INFO - Processing file /mnt/c/Users/Raj/OneDrive - Åbo Akademi O365/banking/airflow/.venv/lib/python3.12/site-packages/airflow/example_dags/example_params_trigger_ui.py for tasks to queue
[2025-11-22T21:04:53.959+0500] {logging_mixin.py:190} INFO - [2025-11-22T21:04:53.958+0500] {dagbag.py:588} INFO - Filling up the DagBag from /mnt/c/Users/Raj/OneDrive - Åbo Akademi O365/banking/airflow/.venv/lib/python3.12/site-packages/airflow/example_dags/example_params_trigger_ui.py
[2025-11-22T21:04:53.997+0500] {processor.py:925} INFO - DAG(s) 'example_params_trigger_ui' retrieved from /mnt/c/Users/Raj/OneDrive - Åbo Akademi O365/banking/airflow/.venv/lib/python3.12/site-packages/airflow/example_dags/example_params_trigger_ui.py
[2025-11-22T21:04:54.072+0500] {logging_mixin.py:190} INFO - [2025-11-22T21:04:54.071+0500] {dag.py:3239} INFO - Sync 1 DAGs
[2025-11-22T21:04:54.090+0500] {logging_mixin.py:190} INFO - [2025-11-22T21:04:54.088+0500] {dag.py:4180} INFO - Setting next_dagrun for example_params_trigger_ui to None, run_after=None
[2025-11-22T21:04:54.153+0500] {processor.py:208} INFO - Processing /mnt/c/Users/Raj/OneDrive - Åbo Akademi O365/banking/airflow/.venv/lib/python3.12/site-packages/airflow/example_dags/example_params_trigger_ui.py took 0.221 seconds
[2025-11-22T21:09:19.371+0500] {processor.py:186} INFO - Started process (PID=68357) to work on /mnt/c/Users/Raj/OneDrive - Åbo Akademi O365/banking/airflow/.venv/lib/python3.12/site-packages/airflow/example_dags/example_params_trigger_ui.py
[2025-11-22T21:09:19.373+0500] {processor.py:914} INFO - Processing file /mnt/c/Users/Raj/OneDrive - Åbo Akademi O365/banking/airflow/.venv/lib/python3.12/site-packages/airflow/example_dags/example_params_trigger_ui.py for tasks to queue
[2025-11-22T21:09:19.377+0500] {logging_mixin.py:190} INFO - [2025-11-22T21:09:19.376+0500] {dagbag.py:588} INFO - Filling up the DagBag from /mnt/c/Users/Raj/OneDrive - Åbo Akademi O365/banking/airflow/.venv/lib/python3.12/site-packages/airflow/example_dags/example_params_trigger_ui.py
[2025-11-22T21:09:19.410+0500] {processor.py:925} INFO - DAG(s) 'example_params_trigger_ui' retrieved from /mnt/c/Users/Raj/OneDrive - Åbo Akademi O365/banking/airflow/.venv/lib/python3.12/site-packages/airflow/example_dags/example_params_trigger_ui.py
[2025-11-22T21:09:19.654+0500] {logging_mixin.py:190} INFO - [2025-11-22T21:09:19.653+0500] {dag.py:3239} INFO - Sync 1 DAGs
[2025-11-22T21:09:19.670+0500] {logging_mixin.py:190} INFO - [2025-11-22T21:09:19.669+0500] {dag.py:4180} INFO - Setting next_dagrun for example_params_trigger_ui to None, run_after=None
[2025-11-22T21:09:19.741+0500] {processor.py:208} INFO - Processing /mnt/c/Users/Raj/OneDrive - Åbo Akademi O365/banking/airflow/.venv/lib/python3.12/site-packages/airflow/example_dags/example_params_trigger_ui.py took 0.392 seconds
[2025-11-22T21:11:13.559+0500] {processor.py:186} INFO - Started process (PID=68446) to work on /mnt/c/Users/Raj/OneDrive - Åbo Akademi O365/banking/airflow/.venv/lib/python3.12/site-packages/airflow/example_dags/example_params_trigger_ui.py
[2025-11-22T21:11:13.561+0500] {processor.py:914} INFO - Processing file /mnt/c/Users/Raj/OneDrive - Åbo Akademi O365/banking/airflow/.venv/lib/python3.12/site-packages/airflow/example_dags/example_params_trigger_ui.py for tasks to queue
[2025-11-22T21:11:13.565+0500] {logging_mixin.py:190} INFO - [2025-11-22T21:11:13.563+0500] {dagbag.py:588} INFO - Filling up the DagBag from /mnt/c/Users/Raj/OneDrive - Åbo Akademi O365/banking/airflow/.venv/lib/python3.12/site-packages/airflow/example_dags/example_params_trigger_ui.py
[2025-11-22T21:11:13.597+0500] {processor.py:925} INFO - DAG(s) 'example_params_trigger_ui' retrieved from /mnt/c/Users/Raj/OneDrive - Åbo Akademi O365/banking/airflow/.venv/lib/python3.12/site-packages/airflow/example_dags/example_params_trigger_ui.py
[2025-11-22T21:11:13.821+0500] {logging_mixin.py:190} INFO - [2025-11-22T21:11:13.820+0500] {dag.py:3239} INFO - Sync 1 DAGs
[2025-11-22T21:11:13.836+0500] {logging_mixin.py:190} INFO - [2025-11-22T21:11:13.835+0500] {dag.py:4180} INFO - Setting next_dagrun for example_params_trigger_ui to None, run_after=None
[2025-11-22T21:11:13.907+0500] {processor.py:208} INFO - Processing /mnt/c/Users/Raj/OneDrive - Åbo Akademi O365/banking/airflow/.venv/lib/python3.12/site-packages/airflow/example_dags/example_params_trigger_ui.py took 0.369 seconds
[2025-11-22T21:13:03.666+0500] {processor.py:186} INFO - Started process (PID=68528) to work on /mnt/c/Users/Raj/OneDrive - Åbo Akademi O365/banking/airflow/.venv/lib/python3.12/site-packages/airflow/example_dags/example_params_trigger_ui.py
[2025-11-22T21:13:03.669+0500] {processor.py:914} INFO - Processing file /mnt/c/Users/Raj/OneDrive - Åbo Akademi O365/banking/airflow/.venv/lib/python3.12/site-packages/airflow/example_dags/example_params_trigger_ui.py for tasks to queue
[2025-11-22T21:13:03.673+0500] {logging_mixin.py:190} INFO - [2025-11-22T21:13:03.672+0500] {dagbag.py:588} INFO - Filling up the DagBag from /mnt/c/Users/Raj/OneDrive - Åbo Akademi O365/banking/airflow/.venv/lib/python3.12/site-packages/airflow/example_dags/example_params_trigger_ui.py
[2025-11-22T21:13:03.708+0500] {processor.py:925} INFO - DAG(s) 'example_params_trigger_ui' retrieved from /mnt/c/Users/Raj/OneDrive - Åbo Akademi O365/banking/airflow/.venv/lib/python3.12/site-packages/airflow/example_dags/example_params_trigger_ui.py
[2025-11-22T21:13:03.781+0500] {logging_mixin.py:190} INFO - [2025-11-22T21:13:03.780+0500] {dag.py:3239} INFO - Sync 1 DAGs
[2025-11-22T21:13:03.802+0500] {logging_mixin.py:190} INFO - [2025-11-22T21:13:03.800+0500] {dag.py:4180} INFO - Setting next_dagrun for example_params_trigger_ui to None, run_after=None
[2025-11-22T21:13:03.874+0500] {processor.py:208} INFO - Processing /mnt/c/Users/Raj/OneDrive - Åbo Akademi O365/banking/airflow/.venv/lib/python3.12/site-packages/airflow/example_dags/example_params_trigger_ui.py took 0.228 seconds
[2025-11-22T21:14:45.086+0500] {processor.py:186} INFO - Started process (PID=68609) to work on /mnt/c/Users/Raj/OneDrive - Åbo Akademi O365/banking/airflow/.venv/lib/python3.12/site-packages/airflow/example_dags/example_params_trigger_ui.py
[2025-11-22T21:14:45.098+0500] {processor.py:914} INFO - Processing file /mnt/c/Users/Raj/OneDrive - Åbo Akademi O365/banking/airflow/.venv/lib/python3.12/site-packages/airflow/example_dags/example_params_trigger_ui.py for tasks to queue
[2025-11-22T21:14:45.105+0500] {logging_mixin.py:190} INFO - [2025-11-22T21:14:45.103+0500] {dagbag.py:588} INFO - Filling up the DagBag from /mnt/c/Users/Raj/OneDrive - Åbo Akademi O365/banking/airflow/.venv/lib/python3.12/site-packages/airflow/example_dags/example_params_trigger_ui.py
[2025-11-22T21:14:45.185+0500] {processor.py:925} INFO - DAG(s) 'example_params_trigger_ui' retrieved from /mnt/c/Users/Raj/OneDrive - Åbo Akademi O365/banking/airflow/.venv/lib/python3.12/site-packages/airflow/example_dags/example_params_trigger_ui.py
[2025-11-22T21:14:45.261+0500] {logging_mixin.py:190} INFO - [2025-11-22T21:14:45.260+0500] {dag.py:3239} INFO - Sync 1 DAGs
[2025-11-22T21:14:45.286+0500] {logging_mixin.py:190} INFO - [2025-11-22T21:14:45.285+0500] {dag.py:4180} INFO - Setting next_dagrun for example_params_trigger_ui to None, run_after=None
[2025-11-22T21:14:45.356+0500] {processor.py:208} INFO - Processing /mnt/c/Users/Raj/OneDrive - Åbo Akademi O365/banking/airflow/.venv/lib/python3.12/site-packages/airflow/example_dags/example_params_trigger_ui.py took 0.307 seconds
[2025-11-22T21:16:24.810+0500] {processor.py:186} INFO - Started process (PID=68688) to work on /mnt/c/Users/Raj/OneDrive - Åbo Akademi O365/banking/airflow/.venv/lib/python3.12/site-packages/airflow/example_dags/example_params_trigger_ui.py
[2025-11-22T21:16:24.812+0500] {processor.py:914} INFO - Processing file /mnt/c/Users/Raj/OneDrive - Åbo Akademi O365/banking/airflow/.venv/lib/python3.12/site-packages/airflow/example_dags/example_params_trigger_ui.py for tasks to queue
[2025-11-22T21:16:24.815+0500] {logging_mixin.py:190} INFO - [2025-11-22T21:16:24.814+0500] {dagbag.py:588} INFO - Filling up the DagBag from /mnt/c/Users/Raj/OneDrive - Åbo Akademi O365/banking/airflow/.venv/lib/python3.12/site-packages/airflow/example_dags/example_params_trigger_ui.py
[2025-11-22T21:16:24.843+0500] {processor.py:925} INFO - DAG(s) 'example_params_trigger_ui' retrieved from /mnt/c/Users/Raj/OneDrive - Åbo Akademi O365/banking/airflow/.venv/lib/python3.12/site-packages/airflow/example_dags/example_params_trigger_ui.py
[2025-11-22T21:16:24.895+0500] {logging_mixin.py:190} INFO - [2025-11-22T21:16:24.894+0500] {dag.py:3239} INFO - Sync 1 DAGs
[2025-11-22T21:16:24.910+0500] {logging_mixin.py:190} INFO - [2025-11-22T21:16:24.909+0500] {dag.py:4180} INFO - Setting next_dagrun for example_params_trigger_ui to None, run_after=None
[2025-11-22T21:16:24.973+0500] {processor.py:208} INFO - Processing /mnt/c/Users/Raj/OneDrive - Åbo Akademi O365/banking/airflow/.venv/lib/python3.12/site-packages/airflow/example_dags/example_params_trigger_ui.py took 0.187 seconds
[2025-11-22T21:18:05.783+0500] {processor.py:186} INFO - Started process (PID=68764) to work on /mnt/c/Users/Raj/OneDrive - Åbo Akademi O365/banking/airflow/.venv/lib/python3.12/site-packages/airflow/example_dags/example_params_trigger_ui.py
[2025-11-22T21:18:05.787+0500] {processor.py:914} INFO - Processing file /mnt/c/Users/Raj/OneDrive - Åbo Akademi O365/banking/airflow/.venv/lib/python3.12/site-packages/airflow/example_dags/example_params_trigger_ui.py for tasks to queue
[2025-11-22T21:18:05.792+0500] {logging_mixin.py:190} INFO - [2025-11-22T21:18:05.791+0500] {dagbag.py:588} INFO - Filling up the DagBag from /mnt/c/Users/Raj/OneDrive - Åbo Akademi O365/banking/airflow/.venv/lib/python3.12/site-packages/airflow/example_dags/example_params_trigger_ui.py
[2025-11-22T21:18:05.832+0500] {processor.py:925} INFO - DAG(s) 'example_params_trigger_ui' retrieved from /mnt/c/Users/Raj/OneDrive - Åbo Akademi O365/banking/airflow/.venv/lib/python3.12/site-packages/airflow/example_dags/example_params_trigger_ui.py
[2025-11-22T21:18:05.902+0500] {logging_mixin.py:190} INFO - [2025-11-22T21:18:05.901+0500] {dag.py:3239} INFO - Sync 1 DAGs
[2025-11-22T21:18:05.924+0500] {logging_mixin.py:190} INFO - [2025-11-22T21:18:05.923+0500] {dag.py:4180} INFO - Setting next_dagrun for example_params_trigger_ui to None, run_after=None
[2025-11-22T21:18:05.997+0500] {processor.py:208} INFO - Processing /mnt/c/Users/Raj/OneDrive - Åbo Akademi O365/banking/airflow/.venv/lib/python3.12/site-packages/airflow/example_dags/example_params_trigger_ui.py took 0.239 seconds
[2025-11-22T21:19:50.247+0500] {processor.py:186} INFO - Started process (PID=68846) to work on /mnt/c/Users/Raj/OneDrive - Åbo Akademi O365/banking/airflow/.venv/lib/python3.12/site-packages/airflow/example_dags/example_params_trigger_ui.py
[2025-11-22T21:19:50.250+0500] {processor.py:914} INFO - Processing file /mnt/c/Users/Raj/OneDrive - Åbo Akademi O365/banking/airflow/.venv/lib/python3.12/site-packages/airflow/example_dags/example_params_trigger_ui.py for tasks to queue
[2025-11-22T21:19:50.255+0500] {logging_mixin.py:190} INFO - [2025-11-22T21:19:50.253+0500] {dagbag.py:588} INFO - Filling up the DagBag from /mnt/c/Users/Raj/OneDrive - Åbo Akademi O365/banking/airflow/.venv/lib/python3.12/site-packages/airflow/example_dags/example_params_trigger_ui.py
[2025-11-22T21:19:50.286+0500] {processor.py:925} INFO - DAG(s) 'example_params_trigger_ui' retrieved from /mnt/c/Users/Raj/OneDrive - Åbo Akademi O365/banking/airflow/.venv/lib/python3.12/site-packages/airflow/example_dags/example_params_trigger_ui.py
[2025-11-22T21:19:50.360+0500] {logging_mixin.py:190} INFO - [2025-11-22T21:19:50.359+0500] {dag.py:3239} INFO - Sync 1 DAGs
[2025-11-22T21:19:50.376+0500] {logging_mixin.py:190} INFO - [2025-11-22T21:19:50.375+0500] {dag.py:4180} INFO - Setting next_dagrun for example_params_trigger_ui to None, run_after=None
[2025-11-22T21:19:50.437+0500] {processor.py:208} INFO - Processing /mnt/c/Users/Raj/OneDrive - Åbo Akademi O365/banking/airflow/.venv/lib/python3.12/site-packages/airflow/example_dags/example_params_trigger_ui.py took 0.214 seconds
[2025-11-22T21:21:34.476+0500] {processor.py:186} INFO - Started process (PID=68929) to work on /mnt/c/Users/Raj/OneDrive - Åbo Akademi O365/banking/airflow/.venv/lib/python3.12/site-packages/airflow/example_dags/example_params_trigger_ui.py
[2025-11-22T21:21:34.479+0500] {processor.py:914} INFO - Processing file /mnt/c/Users/Raj/OneDrive - Åbo Akademi O365/banking/airflow/.venv/lib/python3.12/site-packages/airflow/example_dags/example_params_trigger_ui.py for tasks to queue
[2025-11-22T21:21:34.484+0500] {logging_mixin.py:190} INFO - [2025-11-22T21:21:34.482+0500] {dagbag.py:588} INFO - Filling up the DagBag from /mnt/c/Users/Raj/OneDrive - Åbo Akademi O365/banking/airflow/.venv/lib/python3.12/site-packages/airflow/example_dags/example_params_trigger_ui.py
[2025-11-22T21:21:34.525+0500] {processor.py:925} INFO - DAG(s) 'example_params_trigger_ui' retrieved from /mnt/c/Users/Raj/OneDrive - Åbo Akademi O365/banking/airflow/.venv/lib/python3.12/site-packages/airflow/example_dags/example_params_trigger_ui.py
[2025-11-22T21:21:34.589+0500] {logging_mixin.py:190} INFO - [2025-11-22T21:21:34.588+0500] {dag.py:3239} INFO - Sync 1 DAGs
[2025-11-22T21:21:34.607+0500] {logging_mixin.py:190} INFO - [2025-11-22T21:21:34.606+0500] {dag.py:4180} INFO - Setting next_dagrun for example_params_trigger_ui to None, run_after=None
[2025-11-22T21:21:34.677+0500] {processor.py:208} INFO - Processing /mnt/c/Users/Raj/OneDrive - Åbo Akademi O365/banking/airflow/.venv/lib/python3.12/site-packages/airflow/example_dags/example_params_trigger_ui.py took 0.228 seconds
[2025-11-22T21:23:17.975+0500] {processor.py:186} INFO - Started process (PID=69009) to work on /mnt/c/Users/Raj/OneDrive - Åbo Akademi O365/banking/airflow/.venv/lib/python3.12/site-packages/airflow/example_dags/example_params_trigger_ui.py
[2025-11-22T21:23:17.977+0500] {processor.py:914} INFO - Processing file /mnt/c/Users/Raj/OneDrive - Åbo Akademi O365/banking/airflow/.venv/lib/python3.12/site-packages/airflow/example_dags/example_params_trigger_ui.py for tasks to queue
[2025-11-22T21:23:17.981+0500] {logging_mixin.py:190} INFO - [2025-11-22T21:23:17.980+0500] {dagbag.py:588} INFO - Filling up the DagBag from /mnt/c/Users/Raj/OneDrive - Åbo Akademi O365/banking/airflow/.venv/lib/python3.12/site-packages/airflow/example_dags/example_params_trigger_ui.py
[2025-11-22T21:23:18.014+0500] {processor.py:925} INFO - DAG(s) 'example_params_trigger_ui' retrieved from /mnt/c/Users/Raj/OneDrive - Åbo Akademi O365/banking/airflow/.venv/lib/python3.12/site-packages/airflow/example_dags/example_params_trigger_ui.py
[2025-11-22T21:23:18.079+0500] {logging_mixin.py:190} INFO - [2025-11-22T21:23:18.078+0500] {dag.py:3239} INFO - Sync 1 DAGs
[2025-11-22T21:23:18.103+0500] {logging_mixin.py:190} INFO - [2025-11-22T21:23:18.102+0500] {dag.py:4180} INFO - Setting next_dagrun for example_params_trigger_ui to None, run_after=None
[2025-11-22T21:23:18.173+0500] {processor.py:208} INFO - Processing /mnt/c/Users/Raj/OneDrive - Åbo Akademi O365/banking/airflow/.venv/lib/python3.12/site-packages/airflow/example_dags/example_params_trigger_ui.py took 0.218 seconds
