[2025-11-22T20:14:10.201+0500] {processor.py:186} INFO - Started process (PID=65669) to work on /mnt/c/Users/Raj/OneDrive - Åbo Akademi O365/banking/airflow/.venv/lib/python3.12/site-packages/airflow/example_dags/example_task_group_decorator.py
[2025-11-22T20:14:10.203+0500] {processor.py:914} INFO - Processing file /mnt/c/Users/Raj/OneDrive - Åbo Akademi O365/banking/airflow/.venv/lib/python3.12/site-packages/airflow/example_dags/example_task_group_decorator.py for tasks to queue
[2025-11-22T20:14:10.206+0500] {logging_mixin.py:190} INFO - [2025-11-22T20:14:10.205+0500] {dagbag.py:588} INFO - Filling up the DagBag from /mnt/c/Users/Raj/OneDrive - Åbo Akademi O365/banking/airflow/.venv/lib/python3.12/site-packages/airflow/example_dags/example_task_group_decorator.py
[2025-11-22T20:14:10.241+0500] {processor.py:925} INFO - DAG(s) 'example_task_group_decorator' retrieved from /mnt/c/Users/Raj/OneDrive - Åbo Akademi O365/banking/airflow/.venv/lib/python3.12/site-packages/airflow/example_dags/example_task_group_decorator.py
[2025-11-22T20:14:10.297+0500] {logging_mixin.py:190} INFO - [2025-11-22T20:14:10.295+0500] {dag.py:3239} INFO - Sync 1 DAGs
[2025-11-22T20:14:10.325+0500] {logging_mixin.py:190} INFO - [2025-11-22T20:14:10.323+0500] {dag.py:4180} INFO - Setting next_dagrun for example_task_group_decorator to None, run_after=None
[2025-11-22T20:14:10.405+0500] {processor.py:208} INFO - Processing /mnt/c/Users/Raj/OneDrive - Åbo Akademi O365/banking/airflow/.venv/lib/python3.12/site-packages/airflow/example_dags/example_task_group_decorator.py took 0.222 seconds
[2025-11-22T20:15:22.505+0500] {processor.py:186} INFO - Started process (PID=65728) to work on /mnt/c/Users/Raj/OneDrive - Åbo Akademi O365/banking/airflow/.venv/lib/python3.12/site-packages/airflow/example_dags/example_task_group_decorator.py
[2025-11-22T20:15:22.508+0500] {processor.py:914} INFO - Processing file /mnt/c/Users/Raj/OneDrive - Åbo Akademi O365/banking/airflow/.venv/lib/python3.12/site-packages/airflow/example_dags/example_task_group_decorator.py for tasks to queue
[2025-11-22T20:15:22.515+0500] {logging_mixin.py:190} INFO - [2025-11-22T20:15:22.513+0500] {dagbag.py:588} INFO - Filling up the DagBag from /mnt/c/Users/Raj/OneDrive - Åbo Akademi O365/banking/airflow/.venv/lib/python3.12/site-packages/airflow/example_dags/example_task_group_decorator.py
[2025-11-22T20:15:22.582+0500] {processor.py:925} INFO - DAG(s) 'example_task_group_decorator' retrieved from /mnt/c/Users/Raj/OneDrive - Åbo Akademi O365/banking/airflow/.venv/lib/python3.12/site-packages/airflow/example_dags/example_task_group_decorator.py
[2025-11-22T20:15:22.633+0500] {logging_mixin.py:190} INFO - [2025-11-22T20:15:22.632+0500] {dag.py:3239} INFO - Sync 1 DAGs
[2025-11-22T20:15:22.660+0500] {logging_mixin.py:190} INFO - [2025-11-22T20:15:22.658+0500] {dag.py:4180} INFO - Setting next_dagrun for example_task_group_decorator to None, run_after=None
[2025-11-22T20:15:22.733+0500] {processor.py:208} INFO - Processing /mnt/c/Users/Raj/OneDrive - Åbo Akademi O365/banking/airflow/.venv/lib/python3.12/site-packages/airflow/example_dags/example_task_group_decorator.py took 0.250 seconds
[2025-11-22T20:16:22.494+0500] {processor.py:186} INFO - Started process (PID=65779) to work on /mnt/c/Users/Raj/OneDrive - Åbo Akademi O365/banking/airflow/.venv/lib/python3.12/site-packages/airflow/example_dags/example_task_group_decorator.py
[2025-11-22T20:16:22.496+0500] {processor.py:914} INFO - Processing file /mnt/c/Users/Raj/OneDrive - Åbo Akademi O365/banking/airflow/.venv/lib/python3.12/site-packages/airflow/example_dags/example_task_group_decorator.py for tasks to queue
[2025-11-22T20:16:22.499+0500] {logging_mixin.py:190} INFO - [2025-11-22T20:16:22.498+0500] {dagbag.py:588} INFO - Filling up the DagBag from /mnt/c/Users/Raj/OneDrive - Åbo Akademi O365/banking/airflow/.venv/lib/python3.12/site-packages/airflow/example_dags/example_task_group_decorator.py
[2025-11-22T20:16:22.529+0500] {processor.py:925} INFO - DAG(s) 'example_task_group_decorator' retrieved from /mnt/c/Users/Raj/OneDrive - Åbo Akademi O365/banking/airflow/.venv/lib/python3.12/site-packages/airflow/example_dags/example_task_group_decorator.py
[2025-11-22T20:16:22.560+0500] {logging_mixin.py:190} INFO - [2025-11-22T20:16:22.559+0500] {dag.py:3239} INFO - Sync 1 DAGs
[2025-11-22T20:16:22.574+0500] {logging_mixin.py:190} INFO - [2025-11-22T20:16:22.573+0500] {dag.py:4180} INFO - Setting next_dagrun for example_task_group_decorator to None, run_after=None
[2025-11-22T20:16:22.629+0500] {processor.py:208} INFO - Processing /mnt/c/Users/Raj/OneDrive - Åbo Akademi O365/banking/airflow/.venv/lib/python3.12/site-packages/airflow/example_dags/example_task_group_decorator.py took 0.149 seconds
[2025-11-22T20:20:24.680+0500] {processor.py:186} INFO - Started process (PID=65906) to work on /mnt/c/Users/Raj/OneDrive - Åbo Akademi O365/banking/airflow/.venv/lib/python3.12/site-packages/airflow/example_dags/example_task_group_decorator.py
[2025-11-22T20:20:24.682+0500] {processor.py:914} INFO - Processing file /mnt/c/Users/Raj/OneDrive - Åbo Akademi O365/banking/airflow/.venv/lib/python3.12/site-packages/airflow/example_dags/example_task_group_decorator.py for tasks to queue
[2025-11-22T20:20:24.690+0500] {logging_mixin.py:190} INFO - [2025-11-22T20:20:24.689+0500] {dagbag.py:588} INFO - Filling up the DagBag from /mnt/c/Users/Raj/OneDrive - Åbo Akademi O365/banking/airflow/.venv/lib/python3.12/site-packages/airflow/example_dags/example_task_group_decorator.py
[2025-11-22T20:20:24.843+0500] {processor.py:925} INFO - DAG(s) 'example_task_group_decorator' retrieved from /mnt/c/Users/Raj/OneDrive - Åbo Akademi O365/banking/airflow/.venv/lib/python3.12/site-packages/airflow/example_dags/example_task_group_decorator.py
[2025-11-22T20:20:24.911+0500] {logging_mixin.py:190} INFO - [2025-11-22T20:20:24.910+0500] {dag.py:3239} INFO - Sync 1 DAGs
[2025-11-22T20:20:24.938+0500] {logging_mixin.py:190} INFO - [2025-11-22T20:20:24.937+0500] {dag.py:4180} INFO - Setting next_dagrun for example_task_group_decorator to None, run_after=None
[2025-11-22T20:20:25.038+0500] {processor.py:208} INFO - Processing /mnt/c/Users/Raj/OneDrive - Åbo Akademi O365/banking/airflow/.venv/lib/python3.12/site-packages/airflow/example_dags/example_task_group_decorator.py took 0.378 seconds
[2025-11-22T20:22:08.600+0500] {processor.py:186} INFO - Started process (PID=66003) to work on /mnt/c/Users/Raj/OneDrive - Åbo Akademi O365/banking/airflow/.venv/lib/python3.12/site-packages/airflow/example_dags/example_task_group_decorator.py
[2025-11-22T20:22:08.604+0500] {processor.py:914} INFO - Processing file /mnt/c/Users/Raj/OneDrive - Åbo Akademi O365/banking/airflow/.venv/lib/python3.12/site-packages/airflow/example_dags/example_task_group_decorator.py for tasks to queue
[2025-11-22T20:22:08.618+0500] {logging_mixin.py:190} INFO - [2025-11-22T20:22:08.615+0500] {dagbag.py:588} INFO - Filling up the DagBag from /mnt/c/Users/Raj/OneDrive - Åbo Akademi O365/banking/airflow/.venv/lib/python3.12/site-packages/airflow/example_dags/example_task_group_decorator.py
[2025-11-22T20:22:08.766+0500] {processor.py:925} INFO - DAG(s) 'example_task_group_decorator' retrieved from /mnt/c/Users/Raj/OneDrive - Åbo Akademi O365/banking/airflow/.venv/lib/python3.12/site-packages/airflow/example_dags/example_task_group_decorator.py
[2025-11-22T20:22:08.810+0500] {logging_mixin.py:190} INFO - [2025-11-22T20:22:08.809+0500] {dag.py:3239} INFO - Sync 1 DAGs
[2025-11-22T20:22:08.836+0500] {logging_mixin.py:190} INFO - [2025-11-22T20:22:08.835+0500] {dag.py:4180} INFO - Setting next_dagrun for example_task_group_decorator to None, run_after=None
[2025-11-22T20:22:08.928+0500] {processor.py:208} INFO - Processing /mnt/c/Users/Raj/OneDrive - Åbo Akademi O365/banking/airflow/.venv/lib/python3.12/site-packages/airflow/example_dags/example_task_group_decorator.py took 0.349 seconds
[2025-11-22T20:23:16.848+0500] {processor.py:186} INFO - Started process (PID=66052) to work on /mnt/c/Users/Raj/OneDrive - Åbo Akademi O365/banking/airflow/.venv/lib/python3.12/site-packages/airflow/example_dags/example_task_group_decorator.py
[2025-11-22T20:23:16.858+0500] {processor.py:914} INFO - Processing file /mnt/c/Users/Raj/OneDrive - Åbo Akademi O365/banking/airflow/.venv/lib/python3.12/site-packages/airflow/example_dags/example_task_group_decorator.py for tasks to queue
[2025-11-22T20:23:16.866+0500] {logging_mixin.py:190} INFO - [2025-11-22T20:23:16.864+0500] {dagbag.py:588} INFO - Filling up the DagBag from /mnt/c/Users/Raj/OneDrive - Åbo Akademi O365/banking/airflow/.venv/lib/python3.12/site-packages/airflow/example_dags/example_task_group_decorator.py
[2025-11-22T20:23:17.015+0500] {processor.py:925} INFO - DAG(s) 'example_task_group_decorator' retrieved from /mnt/c/Users/Raj/OneDrive - Åbo Akademi O365/banking/airflow/.venv/lib/python3.12/site-packages/airflow/example_dags/example_task_group_decorator.py
[2025-11-22T20:23:17.098+0500] {logging_mixin.py:190} INFO - [2025-11-22T20:23:17.091+0500] {dag.py:3239} INFO - Sync 1 DAGs
[2025-11-22T20:23:17.146+0500] {logging_mixin.py:190} INFO - [2025-11-22T20:23:17.144+0500] {dag.py:4180} INFO - Setting next_dagrun for example_task_group_decorator to None, run_after=None
[2025-11-22T20:23:17.268+0500] {processor.py:208} INFO - Processing /mnt/c/Users/Raj/OneDrive - Åbo Akademi O365/banking/airflow/.venv/lib/python3.12/site-packages/airflow/example_dags/example_task_group_decorator.py took 0.445 seconds
[2025-11-22T20:24:18.413+0500] {processor.py:186} INFO - Started process (PID=66101) to work on /mnt/c/Users/Raj/OneDrive - Åbo Akademi O365/banking/airflow/.venv/lib/python3.12/site-packages/airflow/example_dags/example_task_group_decorator.py
[2025-11-22T20:24:18.416+0500] {processor.py:914} INFO - Processing file /mnt/c/Users/Raj/OneDrive - Åbo Akademi O365/banking/airflow/.venv/lib/python3.12/site-packages/airflow/example_dags/example_task_group_decorator.py for tasks to queue
[2025-11-22T20:24:18.424+0500] {logging_mixin.py:190} INFO - [2025-11-22T20:24:18.422+0500] {dagbag.py:588} INFO - Filling up the DagBag from /mnt/c/Users/Raj/OneDrive - Åbo Akademi O365/banking/airflow/.venv/lib/python3.12/site-packages/airflow/example_dags/example_task_group_decorator.py
[2025-11-22T20:24:18.563+0500] {processor.py:925} INFO - DAG(s) 'example_task_group_decorator' retrieved from /mnt/c/Users/Raj/OneDrive - Åbo Akademi O365/banking/airflow/.venv/lib/python3.12/site-packages/airflow/example_dags/example_task_group_decorator.py
[2025-11-22T20:24:18.765+0500] {logging_mixin.py:190} INFO - [2025-11-22T20:24:18.763+0500] {dag.py:3239} INFO - Sync 1 DAGs
[2025-11-22T20:24:18.831+0500] {logging_mixin.py:190} INFO - [2025-11-22T20:24:18.829+0500] {dag.py:4180} INFO - Setting next_dagrun for example_task_group_decorator to None, run_after=None
[2025-11-22T20:24:18.969+0500] {processor.py:208} INFO - Processing /mnt/c/Users/Raj/OneDrive - Åbo Akademi O365/banking/airflow/.venv/lib/python3.12/site-packages/airflow/example_dags/example_task_group_decorator.py took 0.578 seconds
[2025-11-22T20:27:40.730+0500] {processor.py:186} INFO - Started process (PID=66237) to work on /mnt/c/Users/Raj/OneDrive - Åbo Akademi O365/banking/airflow/.venv/lib/python3.12/site-packages/airflow/example_dags/example_task_group_decorator.py
[2025-11-22T20:27:40.733+0500] {processor.py:914} INFO - Processing file /mnt/c/Users/Raj/OneDrive - Åbo Akademi O365/banking/airflow/.venv/lib/python3.12/site-packages/airflow/example_dags/example_task_group_decorator.py for tasks to queue
[2025-11-22T20:27:40.736+0500] {logging_mixin.py:190} INFO - [2025-11-22T20:27:40.735+0500] {dagbag.py:588} INFO - Filling up the DagBag from /mnt/c/Users/Raj/OneDrive - Åbo Akademi O365/banking/airflow/.venv/lib/python3.12/site-packages/airflow/example_dags/example_task_group_decorator.py
[2025-11-22T20:27:40.772+0500] {processor.py:925} INFO - DAG(s) 'example_task_group_decorator' retrieved from /mnt/c/Users/Raj/OneDrive - Åbo Akademi O365/banking/airflow/.venv/lib/python3.12/site-packages/airflow/example_dags/example_task_group_decorator.py
[2025-11-22T20:27:40.832+0500] {logging_mixin.py:190} INFO - [2025-11-22T20:27:40.831+0500] {dag.py:3239} INFO - Sync 1 DAGs
[2025-11-22T20:27:40.852+0500] {logging_mixin.py:190} INFO - [2025-11-22T20:27:40.851+0500] {dag.py:4180} INFO - Setting next_dagrun for example_task_group_decorator to None, run_after=None
[2025-11-22T20:27:40.930+0500] {processor.py:208} INFO - Processing /mnt/c/Users/Raj/OneDrive - Åbo Akademi O365/banking/airflow/.venv/lib/python3.12/site-packages/airflow/example_dags/example_task_group_decorator.py took 0.218 seconds
[2025-11-22T20:29:07.327+0500] {processor.py:186} INFO - Started process (PID=66324) to work on /mnt/c/Users/Raj/OneDrive - Åbo Akademi O365/banking/airflow/.venv/lib/python3.12/site-packages/airflow/example_dags/example_task_group_decorator.py
[2025-11-22T20:29:07.330+0500] {processor.py:914} INFO - Processing file /mnt/c/Users/Raj/OneDrive - Åbo Akademi O365/banking/airflow/.venv/lib/python3.12/site-packages/airflow/example_dags/example_task_group_decorator.py for tasks to queue
[2025-11-22T20:29:07.335+0500] {logging_mixin.py:190} INFO - [2025-11-22T20:29:07.334+0500] {dagbag.py:588} INFO - Filling up the DagBag from /mnt/c/Users/Raj/OneDrive - Åbo Akademi O365/banking/airflow/.venv/lib/python3.12/site-packages/airflow/example_dags/example_task_group_decorator.py
[2025-11-22T20:29:07.375+0500] {processor.py:925} INFO - DAG(s) 'example_task_group_decorator' retrieved from /mnt/c/Users/Raj/OneDrive - Åbo Akademi O365/banking/airflow/.venv/lib/python3.12/site-packages/airflow/example_dags/example_task_group_decorator.py
[2025-11-22T20:29:07.422+0500] {logging_mixin.py:190} INFO - [2025-11-22T20:29:07.421+0500] {dag.py:3239} INFO - Sync 1 DAGs
[2025-11-22T20:29:07.445+0500] {logging_mixin.py:190} INFO - [2025-11-22T20:29:07.444+0500] {dag.py:4180} INFO - Setting next_dagrun for example_task_group_decorator to None, run_after=None
[2025-11-22T20:29:07.518+0500] {processor.py:208} INFO - Processing /mnt/c/Users/Raj/OneDrive - Åbo Akademi O365/banking/airflow/.venv/lib/python3.12/site-packages/airflow/example_dags/example_task_group_decorator.py took 0.211 seconds
[2025-11-22T20:31:52.727+0500] {processor.py:186} INFO - Started process (PID=66454) to work on /mnt/c/Users/Raj/OneDrive - Åbo Akademi O365/banking/airflow/.venv/lib/python3.12/site-packages/airflow/example_dags/example_task_group_decorator.py
[2025-11-22T20:31:52.729+0500] {processor.py:914} INFO - Processing file /mnt/c/Users/Raj/OneDrive - Åbo Akademi O365/banking/airflow/.venv/lib/python3.12/site-packages/airflow/example_dags/example_task_group_decorator.py for tasks to queue
[2025-11-22T20:31:52.733+0500] {logging_mixin.py:190} INFO - [2025-11-22T20:31:52.732+0500] {dagbag.py:588} INFO - Filling up the DagBag from /mnt/c/Users/Raj/OneDrive - Åbo Akademi O365/banking/airflow/.venv/lib/python3.12/site-packages/airflow/example_dags/example_task_group_decorator.py
[2025-11-22T20:31:52.786+0500] {processor.py:925} INFO - DAG(s) 'example_task_group_decorator' retrieved from /mnt/c/Users/Raj/OneDrive - Åbo Akademi O365/banking/airflow/.venv/lib/python3.12/site-packages/airflow/example_dags/example_task_group_decorator.py
[2025-11-22T20:31:52.850+0500] {logging_mixin.py:190} INFO - [2025-11-22T20:31:52.848+0500] {dag.py:3239} INFO - Sync 1 DAGs
[2025-11-22T20:31:52.869+0500] {logging_mixin.py:190} INFO - [2025-11-22T20:31:52.868+0500] {dag.py:4180} INFO - Setting next_dagrun for example_task_group_decorator to None, run_after=None
[2025-11-22T20:31:52.946+0500] {processor.py:208} INFO - Processing /mnt/c/Users/Raj/OneDrive - Åbo Akademi O365/banking/airflow/.venv/lib/python3.12/site-packages/airflow/example_dags/example_task_group_decorator.py took 0.235 seconds
[2025-11-22T20:33:22.030+0500] {processor.py:186} INFO - Started process (PID=66531) to work on /mnt/c/Users/Raj/OneDrive - Åbo Akademi O365/banking/airflow/.venv/lib/python3.12/site-packages/airflow/example_dags/example_task_group_decorator.py
[2025-11-22T20:33:22.032+0500] {processor.py:914} INFO - Processing file /mnt/c/Users/Raj/OneDrive - Åbo Akademi O365/banking/airflow/.venv/lib/python3.12/site-packages/airflow/example_dags/example_task_group_decorator.py for tasks to queue
[2025-11-22T20:33:22.037+0500] {logging_mixin.py:190} INFO - [2025-11-22T20:33:22.035+0500] {dagbag.py:588} INFO - Filling up the DagBag from /mnt/c/Users/Raj/OneDrive - Åbo Akademi O365/banking/airflow/.venv/lib/python3.12/site-packages/airflow/example_dags/example_task_group_decorator.py
[2025-11-22T20:33:22.095+0500] {processor.py:925} INFO - DAG(s) 'example_task_group_decorator' retrieved from /mnt/c/Users/Raj/OneDrive - Åbo Akademi O365/banking/airflow/.venv/lib/python3.12/site-packages/airflow/example_dags/example_task_group_decorator.py
[2025-11-22T20:33:22.138+0500] {logging_mixin.py:190} INFO - [2025-11-22T20:33:22.136+0500] {dag.py:3239} INFO - Sync 1 DAGs
[2025-11-22T20:33:22.160+0500] {logging_mixin.py:190} INFO - [2025-11-22T20:33:22.159+0500] {dag.py:4180} INFO - Setting next_dagrun for example_task_group_decorator to None, run_after=None
[2025-11-22T20:33:22.250+0500] {processor.py:208} INFO - Processing /mnt/c/Users/Raj/OneDrive - Åbo Akademi O365/banking/airflow/.venv/lib/python3.12/site-packages/airflow/example_dags/example_task_group_decorator.py took 0.239 seconds
[2025-11-22T20:34:39.234+0500] {processor.py:186} INFO - Started process (PID=66593) to work on /mnt/c/Users/Raj/OneDrive - Åbo Akademi O365/banking/airflow/.venv/lib/python3.12/site-packages/airflow/example_dags/example_task_group_decorator.py
[2025-11-22T20:34:39.240+0500] {processor.py:914} INFO - Processing file /mnt/c/Users/Raj/OneDrive - Åbo Akademi O365/banking/airflow/.venv/lib/python3.12/site-packages/airflow/example_dags/example_task_group_decorator.py for tasks to queue
[2025-11-22T20:34:39.245+0500] {logging_mixin.py:190} INFO - [2025-11-22T20:34:39.243+0500] {dagbag.py:588} INFO - Filling up the DagBag from /mnt/c/Users/Raj/OneDrive - Åbo Akademi O365/banking/airflow/.venv/lib/python3.12/site-packages/airflow/example_dags/example_task_group_decorator.py
[2025-11-22T20:34:39.303+0500] {processor.py:925} INFO - DAG(s) 'example_task_group_decorator' retrieved from /mnt/c/Users/Raj/OneDrive - Åbo Akademi O365/banking/airflow/.venv/lib/python3.12/site-packages/airflow/example_dags/example_task_group_decorator.py
[2025-11-22T20:34:39.369+0500] {logging_mixin.py:190} INFO - [2025-11-22T20:34:39.367+0500] {dag.py:3239} INFO - Sync 1 DAGs
[2025-11-22T20:34:39.393+0500] {logging_mixin.py:190} INFO - [2025-11-22T20:34:39.392+0500] {dag.py:4180} INFO - Setting next_dagrun for example_task_group_decorator to None, run_after=None
[2025-11-22T20:34:39.502+0500] {processor.py:208} INFO - Processing /mnt/c/Users/Raj/OneDrive - Åbo Akademi O365/banking/airflow/.venv/lib/python3.12/site-packages/airflow/example_dags/example_task_group_decorator.py took 0.289 seconds
[2025-11-22T20:35:34.835+0500] {processor.py:186} INFO - Started process (PID=66632) to work on /mnt/c/Users/Raj/OneDrive - Åbo Akademi O365/banking/airflow/.venv/lib/python3.12/site-packages/airflow/example_dags/example_task_group_decorator.py
[2025-11-22T20:35:34.837+0500] {processor.py:914} INFO - Processing file /mnt/c/Users/Raj/OneDrive - Åbo Akademi O365/banking/airflow/.venv/lib/python3.12/site-packages/airflow/example_dags/example_task_group_decorator.py for tasks to queue
[2025-11-22T20:35:34.841+0500] {logging_mixin.py:190} INFO - [2025-11-22T20:35:34.840+0500] {dagbag.py:588} INFO - Filling up the DagBag from /mnt/c/Users/Raj/OneDrive - Åbo Akademi O365/banking/airflow/.venv/lib/python3.12/site-packages/airflow/example_dags/example_task_group_decorator.py
[2025-11-22T20:35:34.875+0500] {processor.py:925} INFO - DAG(s) 'example_task_group_decorator' retrieved from /mnt/c/Users/Raj/OneDrive - Åbo Akademi O365/banking/airflow/.venv/lib/python3.12/site-packages/airflow/example_dags/example_task_group_decorator.py
[2025-11-22T20:35:34.914+0500] {logging_mixin.py:190} INFO - [2025-11-22T20:35:34.912+0500] {dag.py:3239} INFO - Sync 1 DAGs
[2025-11-22T20:35:34.932+0500] {logging_mixin.py:190} INFO - [2025-11-22T20:35:34.930+0500] {dag.py:4180} INFO - Setting next_dagrun for example_task_group_decorator to None, run_after=None
[2025-11-22T20:35:35.012+0500] {processor.py:208} INFO - Processing /mnt/c/Users/Raj/OneDrive - Åbo Akademi O365/banking/airflow/.venv/lib/python3.12/site-packages/airflow/example_dags/example_task_group_decorator.py took 0.193 seconds
[2025-11-22T20:36:31.778+0500] {processor.py:186} INFO - Started process (PID=66680) to work on /mnt/c/Users/Raj/OneDrive - Åbo Akademi O365/banking/airflow/.venv/lib/python3.12/site-packages/airflow/example_dags/example_task_group_decorator.py
[2025-11-22T20:36:31.781+0500] {processor.py:914} INFO - Processing file /mnt/c/Users/Raj/OneDrive - Åbo Akademi O365/banking/airflow/.venv/lib/python3.12/site-packages/airflow/example_dags/example_task_group_decorator.py for tasks to queue
[2025-11-22T20:36:31.785+0500] {logging_mixin.py:190} INFO - [2025-11-22T20:36:31.783+0500] {dagbag.py:588} INFO - Filling up the DagBag from /mnt/c/Users/Raj/OneDrive - Åbo Akademi O365/banking/airflow/.venv/lib/python3.12/site-packages/airflow/example_dags/example_task_group_decorator.py
[2025-11-22T20:36:31.833+0500] {processor.py:925} INFO - DAG(s) 'example_task_group_decorator' retrieved from /mnt/c/Users/Raj/OneDrive - Åbo Akademi O365/banking/airflow/.venv/lib/python3.12/site-packages/airflow/example_dags/example_task_group_decorator.py
[2025-11-22T20:36:31.886+0500] {logging_mixin.py:190} INFO - [2025-11-22T20:36:31.885+0500] {dag.py:3239} INFO - Sync 1 DAGs
[2025-11-22T20:36:31.910+0500] {logging_mixin.py:190} INFO - [2025-11-22T20:36:31.907+0500] {dag.py:4180} INFO - Setting next_dagrun for example_task_group_decorator to None, run_after=None
[2025-11-22T20:36:31.993+0500] {processor.py:208} INFO - Processing /mnt/c/Users/Raj/OneDrive - Åbo Akademi O365/banking/airflow/.venv/lib/python3.12/site-packages/airflow/example_dags/example_task_group_decorator.py took 0.246 seconds
[2025-11-22T20:38:07.969+0500] {processor.py:186} INFO - Started process (PID=66749) to work on /mnt/c/Users/Raj/OneDrive - Åbo Akademi O365/banking/airflow/.venv/lib/python3.12/site-packages/airflow/example_dags/example_task_group_decorator.py
[2025-11-22T20:38:07.972+0500] {processor.py:914} INFO - Processing file /mnt/c/Users/Raj/OneDrive - Åbo Akademi O365/banking/airflow/.venv/lib/python3.12/site-packages/airflow/example_dags/example_task_group_decorator.py for tasks to queue
[2025-11-22T20:38:07.976+0500] {logging_mixin.py:190} INFO - [2025-11-22T20:38:07.974+0500] {dagbag.py:588} INFO - Filling up the DagBag from /mnt/c/Users/Raj/OneDrive - Åbo Akademi O365/banking/airflow/.venv/lib/python3.12/site-packages/airflow/example_dags/example_task_group_decorator.py
[2025-11-22T20:38:08.021+0500] {processor.py:925} INFO - DAG(s) 'example_task_group_decorator' retrieved from /mnt/c/Users/Raj/OneDrive - Åbo Akademi O365/banking/airflow/.venv/lib/python3.12/site-packages/airflow/example_dags/example_task_group_decorator.py
[2025-11-22T20:38:08.109+0500] {logging_mixin.py:190} INFO - [2025-11-22T20:38:08.107+0500] {dag.py:3239} INFO - Sync 1 DAGs
[2025-11-22T20:38:08.147+0500] {logging_mixin.py:190} INFO - [2025-11-22T20:38:08.145+0500] {dag.py:4180} INFO - Setting next_dagrun for example_task_group_decorator to None, run_after=None
[2025-11-22T20:38:08.293+0500] {processor.py:208} INFO - Processing /mnt/c/Users/Raj/OneDrive - Åbo Akademi O365/banking/airflow/.venv/lib/python3.12/site-packages/airflow/example_dags/example_task_group_decorator.py took 0.339 seconds
[2025-11-22T20:39:12.963+0500] {processor.py:186} INFO - Started process (PID=66824) to work on /mnt/c/Users/Raj/OneDrive - Åbo Akademi O365/banking/airflow/.venv/lib/python3.12/site-packages/airflow/example_dags/example_task_group_decorator.py
[2025-11-22T20:39:12.966+0500] {processor.py:914} INFO - Processing file /mnt/c/Users/Raj/OneDrive - Åbo Akademi O365/banking/airflow/.venv/lib/python3.12/site-packages/airflow/example_dags/example_task_group_decorator.py for tasks to queue
[2025-11-22T20:39:12.972+0500] {logging_mixin.py:190} INFO - [2025-11-22T20:39:12.970+0500] {dagbag.py:588} INFO - Filling up the DagBag from /mnt/c/Users/Raj/OneDrive - Åbo Akademi O365/banking/airflow/.venv/lib/python3.12/site-packages/airflow/example_dags/example_task_group_decorator.py
[2025-11-22T20:39:13.028+0500] {processor.py:925} INFO - DAG(s) 'example_task_group_decorator' retrieved from /mnt/c/Users/Raj/OneDrive - Åbo Akademi O365/banking/airflow/.venv/lib/python3.12/site-packages/airflow/example_dags/example_task_group_decorator.py
[2025-11-22T20:39:13.073+0500] {logging_mixin.py:190} INFO - [2025-11-22T20:39:13.072+0500] {dag.py:3239} INFO - Sync 1 DAGs
[2025-11-22T20:39:13.095+0500] {logging_mixin.py:190} INFO - [2025-11-22T20:39:13.093+0500] {dag.py:4180} INFO - Setting next_dagrun for example_task_group_decorator to None, run_after=None
[2025-11-22T20:39:13.184+0500] {processor.py:208} INFO - Processing /mnt/c/Users/Raj/OneDrive - Åbo Akademi O365/banking/airflow/.venv/lib/python3.12/site-packages/airflow/example_dags/example_task_group_decorator.py took 0.240 seconds
[2025-11-22T20:40:58.235+0500] {processor.py:186} INFO - Started process (PID=66937) to work on /mnt/c/Users/Raj/OneDrive - Åbo Akademi O365/banking/airflow/.venv/lib/python3.12/site-packages/airflow/example_dags/example_task_group_decorator.py
[2025-11-22T20:40:58.238+0500] {processor.py:914} INFO - Processing file /mnt/c/Users/Raj/OneDrive - Åbo Akademi O365/banking/airflow/.venv/lib/python3.12/site-packages/airflow/example_dags/example_task_group_decorator.py for tasks to queue
[2025-11-22T20:40:58.242+0500] {logging_mixin.py:190} INFO - [2025-11-22T20:40:58.240+0500] {dagbag.py:588} INFO - Filling up the DagBag from /mnt/c/Users/Raj/OneDrive - Åbo Akademi O365/banking/airflow/.venv/lib/python3.12/site-packages/airflow/example_dags/example_task_group_decorator.py
[2025-11-22T20:40:58.286+0500] {processor.py:925} INFO - DAG(s) 'example_task_group_decorator' retrieved from /mnt/c/Users/Raj/OneDrive - Åbo Akademi O365/banking/airflow/.venv/lib/python3.12/site-packages/airflow/example_dags/example_task_group_decorator.py
[2025-11-22T20:40:58.337+0500] {logging_mixin.py:190} INFO - [2025-11-22T20:40:58.336+0500] {dag.py:3239} INFO - Sync 1 DAGs
[2025-11-22T20:40:58.365+0500] {logging_mixin.py:190} INFO - [2025-11-22T20:40:58.362+0500] {dag.py:4180} INFO - Setting next_dagrun for example_task_group_decorator to None, run_after=None
[2025-11-22T20:40:58.452+0500] {processor.py:208} INFO - Processing /mnt/c/Users/Raj/OneDrive - Åbo Akademi O365/banking/airflow/.venv/lib/python3.12/site-packages/airflow/example_dags/example_task_group_decorator.py took 0.233 seconds
[2025-11-22T20:43:18.750+0500] {processor.py:186} INFO - Started process (PID=67060) to work on /mnt/c/Users/Raj/OneDrive - Åbo Akademi O365/banking/airflow/.venv/lib/python3.12/site-packages/airflow/example_dags/example_task_group_decorator.py
[2025-11-22T20:43:18.753+0500] {processor.py:914} INFO - Processing file /mnt/c/Users/Raj/OneDrive - Åbo Akademi O365/banking/airflow/.venv/lib/python3.12/site-packages/airflow/example_dags/example_task_group_decorator.py for tasks to queue
[2025-11-22T20:43:18.757+0500] {logging_mixin.py:190} INFO - [2025-11-22T20:43:18.755+0500] {dagbag.py:588} INFO - Filling up the DagBag from /mnt/c/Users/Raj/OneDrive - Åbo Akademi O365/banking/airflow/.venv/lib/python3.12/site-packages/airflow/example_dags/example_task_group_decorator.py
[2025-11-22T20:43:18.809+0500] {processor.py:925} INFO - DAG(s) 'example_task_group_decorator' retrieved from /mnt/c/Users/Raj/OneDrive - Åbo Akademi O365/banking/airflow/.venv/lib/python3.12/site-packages/airflow/example_dags/example_task_group_decorator.py
[2025-11-22T20:43:18.871+0500] {logging_mixin.py:190} INFO - [2025-11-22T20:43:18.869+0500] {dag.py:3239} INFO - Sync 1 DAGs
[2025-11-22T20:43:18.893+0500] {logging_mixin.py:190} INFO - [2025-11-22T20:43:18.892+0500] {dag.py:4180} INFO - Setting next_dagrun for example_task_group_decorator to None, run_after=None
[2025-11-22T20:43:18.972+0500] {processor.py:208} INFO - Processing /mnt/c/Users/Raj/OneDrive - Åbo Akademi O365/banking/airflow/.venv/lib/python3.12/site-packages/airflow/example_dags/example_task_group_decorator.py took 0.239 seconds
[2025-11-22T20:44:57.865+0500] {processor.py:186} INFO - Started process (PID=67140) to work on /mnt/c/Users/Raj/OneDrive - Åbo Akademi O365/banking/airflow/.venv/lib/python3.12/site-packages/airflow/example_dags/example_task_group_decorator.py
[2025-11-22T20:44:57.867+0500] {processor.py:914} INFO - Processing file /mnt/c/Users/Raj/OneDrive - Åbo Akademi O365/banking/airflow/.venv/lib/python3.12/site-packages/airflow/example_dags/example_task_group_decorator.py for tasks to queue
[2025-11-22T20:44:57.870+0500] {logging_mixin.py:190} INFO - [2025-11-22T20:44:57.869+0500] {dagbag.py:588} INFO - Filling up the DagBag from /mnt/c/Users/Raj/OneDrive - Åbo Akademi O365/banking/airflow/.venv/lib/python3.12/site-packages/airflow/example_dags/example_task_group_decorator.py
[2025-11-22T20:44:57.898+0500] {processor.py:925} INFO - DAG(s) 'example_task_group_decorator' retrieved from /mnt/c/Users/Raj/OneDrive - Åbo Akademi O365/banking/airflow/.venv/lib/python3.12/site-packages/airflow/example_dags/example_task_group_decorator.py
[2025-11-22T20:44:57.954+0500] {logging_mixin.py:190} INFO - [2025-11-22T20:44:57.952+0500] {dag.py:3239} INFO - Sync 1 DAGs
[2025-11-22T20:44:57.968+0500] {logging_mixin.py:190} INFO - [2025-11-22T20:44:57.967+0500] {dag.py:4180} INFO - Setting next_dagrun for example_task_group_decorator to None, run_after=None
[2025-11-22T20:44:58.038+0500] {processor.py:208} INFO - Processing /mnt/c/Users/Raj/OneDrive - Åbo Akademi O365/banking/airflow/.venv/lib/python3.12/site-packages/airflow/example_dags/example_task_group_decorator.py took 0.186 seconds
[2025-11-22T20:46:34.464+0500] {processor.py:186} INFO - Started process (PID=67212) to work on /mnt/c/Users/Raj/OneDrive - Åbo Akademi O365/banking/airflow/.venv/lib/python3.12/site-packages/airflow/example_dags/example_task_group_decorator.py
[2025-11-22T20:46:34.467+0500] {processor.py:914} INFO - Processing file /mnt/c/Users/Raj/OneDrive - Åbo Akademi O365/banking/airflow/.venv/lib/python3.12/site-packages/airflow/example_dags/example_task_group_decorator.py for tasks to queue
[2025-11-22T20:46:34.470+0500] {logging_mixin.py:190} INFO - [2025-11-22T20:46:34.469+0500] {dagbag.py:588} INFO - Filling up the DagBag from /mnt/c/Users/Raj/OneDrive - Åbo Akademi O365/banking/airflow/.venv/lib/python3.12/site-packages/airflow/example_dags/example_task_group_decorator.py
[2025-11-22T20:46:34.507+0500] {processor.py:925} INFO - DAG(s) 'example_task_group_decorator' retrieved from /mnt/c/Users/Raj/OneDrive - Åbo Akademi O365/banking/airflow/.venv/lib/python3.12/site-packages/airflow/example_dags/example_task_group_decorator.py
[2025-11-22T20:46:34.558+0500] {logging_mixin.py:190} INFO - [2025-11-22T20:46:34.557+0500] {dag.py:3239} INFO - Sync 1 DAGs
[2025-11-22T20:46:34.581+0500] {logging_mixin.py:190} INFO - [2025-11-22T20:46:34.580+0500] {dag.py:4180} INFO - Setting next_dagrun for example_task_group_decorator to None, run_after=None
[2025-11-22T20:46:34.657+0500] {processor.py:208} INFO - Processing /mnt/c/Users/Raj/OneDrive - Åbo Akademi O365/banking/airflow/.venv/lib/python3.12/site-packages/airflow/example_dags/example_task_group_decorator.py took 0.209 seconds
[2025-11-22T20:48:18.045+0500] {processor.py:186} INFO - Started process (PID=67292) to work on /mnt/c/Users/Raj/OneDrive - Åbo Akademi O365/banking/airflow/.venv/lib/python3.12/site-packages/airflow/example_dags/example_task_group_decorator.py
[2025-11-22T20:48:18.047+0500] {processor.py:914} INFO - Processing file /mnt/c/Users/Raj/OneDrive - Åbo Akademi O365/banking/airflow/.venv/lib/python3.12/site-packages/airflow/example_dags/example_task_group_decorator.py for tasks to queue
[2025-11-22T20:48:18.050+0500] {logging_mixin.py:190} INFO - [2025-11-22T20:48:18.049+0500] {dagbag.py:588} INFO - Filling up the DagBag from /mnt/c/Users/Raj/OneDrive - Åbo Akademi O365/banking/airflow/.venv/lib/python3.12/site-packages/airflow/example_dags/example_task_group_decorator.py
[2025-11-22T20:48:18.095+0500] {processor.py:925} INFO - DAG(s) 'example_task_group_decorator' retrieved from /mnt/c/Users/Raj/OneDrive - Åbo Akademi O365/banking/airflow/.venv/lib/python3.12/site-packages/airflow/example_dags/example_task_group_decorator.py
[2025-11-22T20:48:18.131+0500] {logging_mixin.py:190} INFO - [2025-11-22T20:48:18.130+0500] {dag.py:3239} INFO - Sync 1 DAGs
[2025-11-22T20:48:18.155+0500] {logging_mixin.py:190} INFO - [2025-11-22T20:48:18.154+0500] {dag.py:4180} INFO - Setting next_dagrun for example_task_group_decorator to None, run_after=None
[2025-11-22T20:48:18.227+0500] {processor.py:208} INFO - Processing /mnt/c/Users/Raj/OneDrive - Åbo Akademi O365/banking/airflow/.venv/lib/python3.12/site-packages/airflow/example_dags/example_task_group_decorator.py took 0.199 seconds
[2025-11-22T20:49:59.047+0500] {processor.py:186} INFO - Started process (PID=67372) to work on /mnt/c/Users/Raj/OneDrive - Åbo Akademi O365/banking/airflow/.venv/lib/python3.12/site-packages/airflow/example_dags/example_task_group_decorator.py
[2025-11-22T20:49:59.049+0500] {processor.py:914} INFO - Processing file /mnt/c/Users/Raj/OneDrive - Åbo Akademi O365/banking/airflow/.venv/lib/python3.12/site-packages/airflow/example_dags/example_task_group_decorator.py for tasks to queue
[2025-11-22T20:49:59.052+0500] {logging_mixin.py:190} INFO - [2025-11-22T20:49:59.051+0500] {dagbag.py:588} INFO - Filling up the DagBag from /mnt/c/Users/Raj/OneDrive - Åbo Akademi O365/banking/airflow/.venv/lib/python3.12/site-packages/airflow/example_dags/example_task_group_decorator.py
[2025-11-22T20:49:59.094+0500] {processor.py:925} INFO - DAG(s) 'example_task_group_decorator' retrieved from /mnt/c/Users/Raj/OneDrive - Åbo Akademi O365/banking/airflow/.venv/lib/python3.12/site-packages/airflow/example_dags/example_task_group_decorator.py
[2025-11-22T20:49:59.137+0500] {logging_mixin.py:190} INFO - [2025-11-22T20:49:59.136+0500] {dag.py:3239} INFO - Sync 1 DAGs
[2025-11-22T20:49:59.157+0500] {logging_mixin.py:190} INFO - [2025-11-22T20:49:59.156+0500] {dag.py:4180} INFO - Setting next_dagrun for example_task_group_decorator to None, run_after=None
[2025-11-22T20:49:59.230+0500] {processor.py:208} INFO - Processing /mnt/c/Users/Raj/OneDrive - Åbo Akademi O365/banking/airflow/.venv/lib/python3.12/site-packages/airflow/example_dags/example_task_group_decorator.py took 0.197 seconds
[2025-11-22T20:51:42.606+0500] {processor.py:186} INFO - Started process (PID=67455) to work on /mnt/c/Users/Raj/OneDrive - Åbo Akademi O365/banking/airflow/.venv/lib/python3.12/site-packages/airflow/example_dags/example_task_group_decorator.py
[2025-11-22T20:51:42.608+0500] {processor.py:914} INFO - Processing file /mnt/c/Users/Raj/OneDrive - Åbo Akademi O365/banking/airflow/.venv/lib/python3.12/site-packages/airflow/example_dags/example_task_group_decorator.py for tasks to queue
[2025-11-22T20:51:42.613+0500] {logging_mixin.py:190} INFO - [2025-11-22T20:51:42.611+0500] {dagbag.py:588} INFO - Filling up the DagBag from /mnt/c/Users/Raj/OneDrive - Åbo Akademi O365/banking/airflow/.venv/lib/python3.12/site-packages/airflow/example_dags/example_task_group_decorator.py
[2025-11-22T20:51:42.650+0500] {processor.py:925} INFO - DAG(s) 'example_task_group_decorator' retrieved from /mnt/c/Users/Raj/OneDrive - Åbo Akademi O365/banking/airflow/.venv/lib/python3.12/site-packages/airflow/example_dags/example_task_group_decorator.py
[2025-11-22T20:51:42.689+0500] {logging_mixin.py:190} INFO - [2025-11-22T20:51:42.688+0500] {dag.py:3239} INFO - Sync 1 DAGs
[2025-11-22T20:51:42.708+0500] {logging_mixin.py:190} INFO - [2025-11-22T20:51:42.707+0500] {dag.py:4180} INFO - Setting next_dagrun for example_task_group_decorator to None, run_after=None
[2025-11-22T20:51:42.774+0500] {processor.py:208} INFO - Processing /mnt/c/Users/Raj/OneDrive - Åbo Akademi O365/banking/airflow/.venv/lib/python3.12/site-packages/airflow/example_dags/example_task_group_decorator.py took 0.184 seconds
[2025-11-22T20:52:34.180+0500] {processor.py:186} INFO - Started process (PID=67494) to work on /mnt/c/Users/Raj/OneDrive - Åbo Akademi O365/banking/airflow/.venv/lib/python3.12/site-packages/airflow/example_dags/example_task_group_decorator.py
[2025-11-22T20:52:34.183+0500] {processor.py:914} INFO - Processing file /mnt/c/Users/Raj/OneDrive - Åbo Akademi O365/banking/airflow/.venv/lib/python3.12/site-packages/airflow/example_dags/example_task_group_decorator.py for tasks to queue
[2025-11-22T20:52:34.187+0500] {logging_mixin.py:190} INFO - [2025-11-22T20:52:34.185+0500] {dagbag.py:588} INFO - Filling up the DagBag from /mnt/c/Users/Raj/OneDrive - Åbo Akademi O365/banking/airflow/.venv/lib/python3.12/site-packages/airflow/example_dags/example_task_group_decorator.py
[2025-11-22T20:52:34.231+0500] {processor.py:925} INFO - DAG(s) 'example_task_group_decorator' retrieved from /mnt/c/Users/Raj/OneDrive - Åbo Akademi O365/banking/airflow/.venv/lib/python3.12/site-packages/airflow/example_dags/example_task_group_decorator.py
[2025-11-22T20:52:34.274+0500] {logging_mixin.py:190} INFO - [2025-11-22T20:52:34.273+0500] {dag.py:3239} INFO - Sync 1 DAGs
[2025-11-22T20:52:34.291+0500] {logging_mixin.py:190} INFO - [2025-11-22T20:52:34.290+0500] {dag.py:4180} INFO - Setting next_dagrun for example_task_group_decorator to None, run_after=None
[2025-11-22T20:52:34.363+0500] {processor.py:208} INFO - Processing /mnt/c/Users/Raj/OneDrive - Åbo Akademi O365/banking/airflow/.venv/lib/python3.12/site-packages/airflow/example_dags/example_task_group_decorator.py took 0.199 seconds
[2025-11-22T20:54:16.687+0500] {processor.py:186} INFO - Started process (PID=67576) to work on /mnt/c/Users/Raj/OneDrive - Åbo Akademi O365/banking/airflow/.venv/lib/python3.12/site-packages/airflow/example_dags/example_task_group_decorator.py
[2025-11-22T20:54:16.689+0500] {processor.py:914} INFO - Processing file /mnt/c/Users/Raj/OneDrive - Åbo Akademi O365/banking/airflow/.venv/lib/python3.12/site-packages/airflow/example_dags/example_task_group_decorator.py for tasks to queue
[2025-11-22T20:54:16.693+0500] {logging_mixin.py:190} INFO - [2025-11-22T20:54:16.692+0500] {dagbag.py:588} INFO - Filling up the DagBag from /mnt/c/Users/Raj/OneDrive - Åbo Akademi O365/banking/airflow/.venv/lib/python3.12/site-packages/airflow/example_dags/example_task_group_decorator.py
[2025-11-22T20:54:16.735+0500] {processor.py:925} INFO - DAG(s) 'example_task_group_decorator' retrieved from /mnt/c/Users/Raj/OneDrive - Åbo Akademi O365/banking/airflow/.venv/lib/python3.12/site-packages/airflow/example_dags/example_task_group_decorator.py
[2025-11-22T20:54:16.785+0500] {logging_mixin.py:190} INFO - [2025-11-22T20:54:16.783+0500] {dag.py:3239} INFO - Sync 1 DAGs
[2025-11-22T20:54:16.810+0500] {logging_mixin.py:190} INFO - [2025-11-22T20:54:16.809+0500] {dag.py:4180} INFO - Setting next_dagrun for example_task_group_decorator to None, run_after=None
[2025-11-22T20:54:16.890+0500] {processor.py:208} INFO - Processing /mnt/c/Users/Raj/OneDrive - Åbo Akademi O365/banking/airflow/.venv/lib/python3.12/site-packages/airflow/example_dags/example_task_group_decorator.py took 0.223 seconds
[2025-11-22T20:56:01.230+0500] {processor.py:186} INFO - Started process (PID=67740) to work on /mnt/c/Users/Raj/OneDrive - Åbo Akademi O365/banking/airflow/.venv/lib/python3.12/site-packages/airflow/example_dags/example_task_group_decorator.py
[2025-11-22T20:56:01.232+0500] {processor.py:914} INFO - Processing file /mnt/c/Users/Raj/OneDrive - Åbo Akademi O365/banking/airflow/.venv/lib/python3.12/site-packages/airflow/example_dags/example_task_group_decorator.py for tasks to queue
[2025-11-22T20:56:01.235+0500] {logging_mixin.py:190} INFO - [2025-11-22T20:56:01.234+0500] {dagbag.py:588} INFO - Filling up the DagBag from /mnt/c/Users/Raj/OneDrive - Åbo Akademi O365/banking/airflow/.venv/lib/python3.12/site-packages/airflow/example_dags/example_task_group_decorator.py
[2025-11-22T20:56:01.264+0500] {processor.py:925} INFO - DAG(s) 'example_task_group_decorator' retrieved from /mnt/c/Users/Raj/OneDrive - Åbo Akademi O365/banking/airflow/.venv/lib/python3.12/site-packages/airflow/example_dags/example_task_group_decorator.py
[2025-11-22T20:56:01.311+0500] {logging_mixin.py:190} INFO - [2025-11-22T20:56:01.310+0500] {dag.py:3239} INFO - Sync 1 DAGs
[2025-11-22T20:56:01.334+0500] {logging_mixin.py:190} INFO - [2025-11-22T20:56:01.332+0500] {dag.py:4180} INFO - Setting next_dagrun for example_task_group_decorator to None, run_after=None
[2025-11-22T20:56:01.413+0500] {processor.py:208} INFO - Processing /mnt/c/Users/Raj/OneDrive - Åbo Akademi O365/banking/airflow/.venv/lib/python3.12/site-packages/airflow/example_dags/example_task_group_decorator.py took 0.196 seconds
[2025-11-22T20:57:43.236+0500] {processor.py:186} INFO - Started process (PID=67821) to work on /mnt/c/Users/Raj/OneDrive - Åbo Akademi O365/banking/airflow/.venv/lib/python3.12/site-packages/airflow/example_dags/example_task_group_decorator.py
[2025-11-22T20:57:43.239+0500] {processor.py:914} INFO - Processing file /mnt/c/Users/Raj/OneDrive - Åbo Akademi O365/banking/airflow/.venv/lib/python3.12/site-packages/airflow/example_dags/example_task_group_decorator.py for tasks to queue
[2025-11-22T20:57:43.243+0500] {logging_mixin.py:190} INFO - [2025-11-22T20:57:43.241+0500] {dagbag.py:588} INFO - Filling up the DagBag from /mnt/c/Users/Raj/OneDrive - Åbo Akademi O365/banking/airflow/.venv/lib/python3.12/site-packages/airflow/example_dags/example_task_group_decorator.py
[2025-11-22T20:57:43.277+0500] {processor.py:925} INFO - DAG(s) 'example_task_group_decorator' retrieved from /mnt/c/Users/Raj/OneDrive - Åbo Akademi O365/banking/airflow/.venv/lib/python3.12/site-packages/airflow/example_dags/example_task_group_decorator.py
[2025-11-22T20:57:43.318+0500] {logging_mixin.py:190} INFO - [2025-11-22T20:57:43.316+0500] {dag.py:3239} INFO - Sync 1 DAGs
[2025-11-22T20:57:43.335+0500] {logging_mixin.py:190} INFO - [2025-11-22T20:57:43.333+0500] {dag.py:4180} INFO - Setting next_dagrun for example_task_group_decorator to None, run_after=None
[2025-11-22T20:57:43.413+0500] {processor.py:208} INFO - Processing /mnt/c/Users/Raj/OneDrive - Åbo Akademi O365/banking/airflow/.venv/lib/python3.12/site-packages/airflow/example_dags/example_task_group_decorator.py took 0.193 seconds
[2025-11-22T20:58:39.439+0500] {processor.py:186} INFO - Started process (PID=67859) to work on /mnt/c/Users/Raj/OneDrive - Åbo Akademi O365/banking/airflow/.venv/lib/python3.12/site-packages/airflow/example_dags/example_task_group_decorator.py
[2025-11-22T20:58:39.440+0500] {processor.py:914} INFO - Processing file /mnt/c/Users/Raj/OneDrive - Åbo Akademi O365/banking/airflow/.venv/lib/python3.12/site-packages/airflow/example_dags/example_task_group_decorator.py for tasks to queue
[2025-11-22T20:58:39.443+0500] {logging_mixin.py:190} INFO - [2025-11-22T20:58:39.442+0500] {dagbag.py:588} INFO - Filling up the DagBag from /mnt/c/Users/Raj/OneDrive - Åbo Akademi O365/banking/airflow/.venv/lib/python3.12/site-packages/airflow/example_dags/example_task_group_decorator.py
[2025-11-22T20:58:39.479+0500] {processor.py:925} INFO - DAG(s) 'example_task_group_decorator' retrieved from /mnt/c/Users/Raj/OneDrive - Åbo Akademi O365/banking/airflow/.venv/lib/python3.12/site-packages/airflow/example_dags/example_task_group_decorator.py
[2025-11-22T20:58:39.530+0500] {logging_mixin.py:190} INFO - [2025-11-22T20:58:39.528+0500] {dag.py:3239} INFO - Sync 1 DAGs
[2025-11-22T20:58:39.560+0500] {logging_mixin.py:190} INFO - [2025-11-22T20:58:39.558+0500] {dag.py:4180} INFO - Setting next_dagrun for example_task_group_decorator to None, run_after=None
[2025-11-22T20:58:39.636+0500] {processor.py:208} INFO - Processing /mnt/c/Users/Raj/OneDrive - Åbo Akademi O365/banking/airflow/.venv/lib/python3.12/site-packages/airflow/example_dags/example_task_group_decorator.py took 0.212 seconds
[2025-11-22T21:00:12.841+0500] {processor.py:186} INFO - Started process (PID=67937) to work on /mnt/c/Users/Raj/OneDrive - Åbo Akademi O365/banking/airflow/.venv/lib/python3.12/site-packages/airflow/example_dags/example_task_group_decorator.py
[2025-11-22T21:00:12.843+0500] {processor.py:914} INFO - Processing file /mnt/c/Users/Raj/OneDrive - Åbo Akademi O365/banking/airflow/.venv/lib/python3.12/site-packages/airflow/example_dags/example_task_group_decorator.py for tasks to queue
[2025-11-22T21:00:12.846+0500] {logging_mixin.py:190} INFO - [2025-11-22T21:00:12.845+0500] {dagbag.py:588} INFO - Filling up the DagBag from /mnt/c/Users/Raj/OneDrive - Åbo Akademi O365/banking/airflow/.venv/lib/python3.12/site-packages/airflow/example_dags/example_task_group_decorator.py
[2025-11-22T21:00:12.885+0500] {processor.py:925} INFO - DAG(s) 'example_task_group_decorator' retrieved from /mnt/c/Users/Raj/OneDrive - Åbo Akademi O365/banking/airflow/.venv/lib/python3.12/site-packages/airflow/example_dags/example_task_group_decorator.py
[2025-11-22T21:00:12.929+0500] {logging_mixin.py:190} INFO - [2025-11-22T21:00:12.928+0500] {dag.py:3239} INFO - Sync 1 DAGs
[2025-11-22T21:00:12.949+0500] {logging_mixin.py:190} INFO - [2025-11-22T21:00:12.947+0500] {dag.py:4180} INFO - Setting next_dagrun for example_task_group_decorator to None, run_after=None
[2025-11-22T21:00:13.022+0500] {processor.py:208} INFO - Processing /mnt/c/Users/Raj/OneDrive - Åbo Akademi O365/banking/airflow/.venv/lib/python3.12/site-packages/airflow/example_dags/example_task_group_decorator.py took 0.198 seconds
[2025-11-22T21:01:06.081+0500] {processor.py:186} INFO - Started process (PID=67976) to work on /mnt/c/Users/Raj/OneDrive - Åbo Akademi O365/banking/airflow/.venv/lib/python3.12/site-packages/airflow/example_dags/example_task_group_decorator.py
[2025-11-22T21:01:06.085+0500] {processor.py:914} INFO - Processing file /mnt/c/Users/Raj/OneDrive - Åbo Akademi O365/banking/airflow/.venv/lib/python3.12/site-packages/airflow/example_dags/example_task_group_decorator.py for tasks to queue
[2025-11-22T21:01:06.090+0500] {logging_mixin.py:190} INFO - [2025-11-22T21:01:06.088+0500] {dagbag.py:588} INFO - Filling up the DagBag from /mnt/c/Users/Raj/OneDrive - Åbo Akademi O365/banking/airflow/.venv/lib/python3.12/site-packages/airflow/example_dags/example_task_group_decorator.py
[2025-11-22T21:01:06.133+0500] {processor.py:925} INFO - DAG(s) 'example_task_group_decorator' retrieved from /mnt/c/Users/Raj/OneDrive - Åbo Akademi O365/banking/airflow/.venv/lib/python3.12/site-packages/airflow/example_dags/example_task_group_decorator.py
[2025-11-22T21:01:06.174+0500] {logging_mixin.py:190} INFO - [2025-11-22T21:01:06.172+0500] {dag.py:3239} INFO - Sync 1 DAGs
[2025-11-22T21:01:06.192+0500] {logging_mixin.py:190} INFO - [2025-11-22T21:01:06.191+0500] {dag.py:4180} INFO - Setting next_dagrun for example_task_group_decorator to None, run_after=None
[2025-11-22T21:01:06.310+0500] {processor.py:208} INFO - Processing /mnt/c/Users/Raj/OneDrive - Åbo Akademi O365/banking/airflow/.venv/lib/python3.12/site-packages/airflow/example_dags/example_task_group_decorator.py took 0.267 seconds
[2025-11-22T21:02:16.632+0500] {processor.py:186} INFO - Started process (PID=68039) to work on /mnt/c/Users/Raj/OneDrive - Åbo Akademi O365/banking/airflow/.venv/lib/python3.12/site-packages/airflow/example_dags/example_task_group_decorator.py
[2025-11-22T21:02:16.635+0500] {processor.py:914} INFO - Processing file /mnt/c/Users/Raj/OneDrive - Åbo Akademi O365/banking/airflow/.venv/lib/python3.12/site-packages/airflow/example_dags/example_task_group_decorator.py for tasks to queue
[2025-11-22T21:02:16.639+0500] {logging_mixin.py:190} INFO - [2025-11-22T21:02:16.638+0500] {dagbag.py:588} INFO - Filling up the DagBag from /mnt/c/Users/Raj/OneDrive - Åbo Akademi O365/banking/airflow/.venv/lib/python3.12/site-packages/airflow/example_dags/example_task_group_decorator.py
[2025-11-22T21:02:16.692+0500] {processor.py:925} INFO - DAG(s) 'example_task_group_decorator' retrieved from /mnt/c/Users/Raj/OneDrive - Åbo Akademi O365/banking/airflow/.venv/lib/python3.12/site-packages/airflow/example_dags/example_task_group_decorator.py
[2025-11-22T21:02:16.750+0500] {logging_mixin.py:190} INFO - [2025-11-22T21:02:16.749+0500] {dag.py:3239} INFO - Sync 1 DAGs
[2025-11-22T21:02:17.021+0500] {logging_mixin.py:190} INFO - [2025-11-22T21:02:17.002+0500] {dag.py:4180} INFO - Setting next_dagrun for example_task_group_decorator to None, run_after=None
[2025-11-22T21:02:17.258+0500] {processor.py:208} INFO - Processing /mnt/c/Users/Raj/OneDrive - Åbo Akademi O365/banking/airflow/.venv/lib/python3.12/site-packages/airflow/example_dags/example_task_group_decorator.py took 0.653 seconds
[2025-11-22T21:03:24.629+0500] {processor.py:186} INFO - Started process (PID=68097) to work on /mnt/c/Users/Raj/OneDrive - Åbo Akademi O365/banking/airflow/.venv/lib/python3.12/site-packages/airflow/example_dags/example_task_group_decorator.py
[2025-11-22T21:03:24.632+0500] {processor.py:914} INFO - Processing file /mnt/c/Users/Raj/OneDrive - Åbo Akademi O365/banking/airflow/.venv/lib/python3.12/site-packages/airflow/example_dags/example_task_group_decorator.py for tasks to queue
[2025-11-22T21:03:24.637+0500] {logging_mixin.py:190} INFO - [2025-11-22T21:03:24.635+0500] {dagbag.py:588} INFO - Filling up the DagBag from /mnt/c/Users/Raj/OneDrive - Åbo Akademi O365/banking/airflow/.venv/lib/python3.12/site-packages/airflow/example_dags/example_task_group_decorator.py
[2025-11-22T21:03:24.685+0500] {processor.py:925} INFO - DAG(s) 'example_task_group_decorator' retrieved from /mnt/c/Users/Raj/OneDrive - Åbo Akademi O365/banking/airflow/.venv/lib/python3.12/site-packages/airflow/example_dags/example_task_group_decorator.py
[2025-11-22T21:03:24.742+0500] {logging_mixin.py:190} INFO - [2025-11-22T21:03:24.740+0500] {dag.py:3239} INFO - Sync 1 DAGs
[2025-11-22T21:03:24.769+0500] {logging_mixin.py:190} INFO - [2025-11-22T21:03:24.768+0500] {dag.py:4180} INFO - Setting next_dagrun for example_task_group_decorator to None, run_after=None
[2025-11-22T21:03:24.854+0500] {processor.py:208} INFO - Processing /mnt/c/Users/Raj/OneDrive - Åbo Akademi O365/banking/airflow/.venv/lib/python3.12/site-packages/airflow/example_dags/example_task_group_decorator.py took 0.251 seconds
[2025-11-22T21:04:30.234+0500] {processor.py:186} INFO - Started process (PID=68162) to work on /mnt/c/Users/Raj/OneDrive - Åbo Akademi O365/banking/airflow/.venv/lib/python3.12/site-packages/airflow/example_dags/example_task_group_decorator.py
[2025-11-22T21:04:30.237+0500] {processor.py:914} INFO - Processing file /mnt/c/Users/Raj/OneDrive - Åbo Akademi O365/banking/airflow/.venv/lib/python3.12/site-packages/airflow/example_dags/example_task_group_decorator.py for tasks to queue
[2025-11-22T21:04:30.242+0500] {logging_mixin.py:190} INFO - [2025-11-22T21:04:30.240+0500] {dagbag.py:588} INFO - Filling up the DagBag from /mnt/c/Users/Raj/OneDrive - Åbo Akademi O365/banking/airflow/.venv/lib/python3.12/site-packages/airflow/example_dags/example_task_group_decorator.py
[2025-11-22T21:04:30.297+0500] {processor.py:925} INFO - DAG(s) 'example_task_group_decorator' retrieved from /mnt/c/Users/Raj/OneDrive - Åbo Akademi O365/banking/airflow/.venv/lib/python3.12/site-packages/airflow/example_dags/example_task_group_decorator.py
[2025-11-22T21:04:30.363+0500] {logging_mixin.py:190} INFO - [2025-11-22T21:04:30.361+0500] {dag.py:3239} INFO - Sync 1 DAGs
[2025-11-22T21:04:30.586+0500] {logging_mixin.py:190} INFO - [2025-11-22T21:04:30.584+0500] {dag.py:4180} INFO - Setting next_dagrun for example_task_group_decorator to None, run_after=None
[2025-11-22T21:04:30.661+0500] {processor.py:208} INFO - Processing /mnt/c/Users/Raj/OneDrive - Åbo Akademi O365/banking/airflow/.venv/lib/python3.12/site-packages/airflow/example_dags/example_task_group_decorator.py took 0.454 seconds
[2025-11-22T21:05:32.673+0500] {processor.py:186} INFO - Started process (PID=68207) to work on /mnt/c/Users/Raj/OneDrive - Åbo Akademi O365/banking/airflow/.venv/lib/python3.12/site-packages/airflow/example_dags/example_task_group_decorator.py
[2025-11-22T21:05:32.676+0500] {processor.py:914} INFO - Processing file /mnt/c/Users/Raj/OneDrive - Åbo Akademi O365/banking/airflow/.venv/lib/python3.12/site-packages/airflow/example_dags/example_task_group_decorator.py for tasks to queue
[2025-11-22T21:05:32.679+0500] {logging_mixin.py:190} INFO - [2025-11-22T21:05:32.678+0500] {dagbag.py:588} INFO - Filling up the DagBag from /mnt/c/Users/Raj/OneDrive - Åbo Akademi O365/banking/airflow/.venv/lib/python3.12/site-packages/airflow/example_dags/example_task_group_decorator.py
[2025-11-22T21:05:32.723+0500] {processor.py:925} INFO - DAG(s) 'example_task_group_decorator' retrieved from /mnt/c/Users/Raj/OneDrive - Åbo Akademi O365/banking/airflow/.venv/lib/python3.12/site-packages/airflow/example_dags/example_task_group_decorator.py
[2025-11-22T21:05:32.773+0500] {logging_mixin.py:190} INFO - [2025-11-22T21:05:32.772+0500] {dag.py:3239} INFO - Sync 1 DAGs
[2025-11-22T21:05:32.794+0500] {logging_mixin.py:190} INFO - [2025-11-22T21:05:32.793+0500] {dag.py:4180} INFO - Setting next_dagrun for example_task_group_decorator to None, run_after=None
[2025-11-22T21:05:32.929+0500] {processor.py:208} INFO - Processing /mnt/c/Users/Raj/OneDrive - Åbo Akademi O365/banking/airflow/.venv/lib/python3.12/site-packages/airflow/example_dags/example_task_group_decorator.py took 0.277 seconds
[2025-11-22T21:08:53.710+0500] {processor.py:186} INFO - Started process (PID=68340) to work on /mnt/c/Users/Raj/OneDrive - Åbo Akademi O365/banking/airflow/.venv/lib/python3.12/site-packages/airflow/example_dags/example_task_group_decorator.py
[2025-11-22T21:08:53.713+0500] {processor.py:914} INFO - Processing file /mnt/c/Users/Raj/OneDrive - Åbo Akademi O365/banking/airflow/.venv/lib/python3.12/site-packages/airflow/example_dags/example_task_group_decorator.py for tasks to queue
[2025-11-22T21:08:53.717+0500] {logging_mixin.py:190} INFO - [2025-11-22T21:08:53.715+0500] {dagbag.py:588} INFO - Filling up the DagBag from /mnt/c/Users/Raj/OneDrive - Åbo Akademi O365/banking/airflow/.venv/lib/python3.12/site-packages/airflow/example_dags/example_task_group_decorator.py
[2025-11-22T21:08:53.769+0500] {processor.py:925} INFO - DAG(s) 'example_task_group_decorator' retrieved from /mnt/c/Users/Raj/OneDrive - Åbo Akademi O365/banking/airflow/.venv/lib/python3.12/site-packages/airflow/example_dags/example_task_group_decorator.py
[2025-11-22T21:08:53.862+0500] {logging_mixin.py:190} INFO - [2025-11-22T21:08:53.861+0500] {dag.py:3239} INFO - Sync 1 DAGs
[2025-11-22T21:08:54.034+0500] {logging_mixin.py:190} INFO - [2025-11-22T21:08:54.033+0500] {dag.py:4180} INFO - Setting next_dagrun for example_task_group_decorator to None, run_after=None
[2025-11-22T21:08:54.105+0500] {processor.py:208} INFO - Processing /mnt/c/Users/Raj/OneDrive - Åbo Akademi O365/banking/airflow/.venv/lib/python3.12/site-packages/airflow/example_dags/example_task_group_decorator.py took 0.418 seconds
[2025-11-22T21:10:01.718+0500] {processor.py:186} INFO - Started process (PID=68395) to work on /mnt/c/Users/Raj/OneDrive - Åbo Akademi O365/banking/airflow/.venv/lib/python3.12/site-packages/airflow/example_dags/example_task_group_decorator.py
[2025-11-22T21:10:01.720+0500] {processor.py:914} INFO - Processing file /mnt/c/Users/Raj/OneDrive - Åbo Akademi O365/banking/airflow/.venv/lib/python3.12/site-packages/airflow/example_dags/example_task_group_decorator.py for tasks to queue
[2025-11-22T21:10:01.723+0500] {logging_mixin.py:190} INFO - [2025-11-22T21:10:01.722+0500] {dagbag.py:588} INFO - Filling up the DagBag from /mnt/c/Users/Raj/OneDrive - Åbo Akademi O365/banking/airflow/.venv/lib/python3.12/site-packages/airflow/example_dags/example_task_group_decorator.py
[2025-11-22T21:10:01.749+0500] {processor.py:925} INFO - DAG(s) 'example_task_group_decorator' retrieved from /mnt/c/Users/Raj/OneDrive - Åbo Akademi O365/banking/airflow/.venv/lib/python3.12/site-packages/airflow/example_dags/example_task_group_decorator.py
[2025-11-22T21:10:01.788+0500] {logging_mixin.py:190} INFO - [2025-11-22T21:10:01.787+0500] {dag.py:3239} INFO - Sync 1 DAGs
[2025-11-22T21:10:01.803+0500] {logging_mixin.py:190} INFO - [2025-11-22T21:10:01.802+0500] {dag.py:4180} INFO - Setting next_dagrun for example_task_group_decorator to None, run_after=None
[2025-11-22T21:10:01.858+0500] {processor.py:208} INFO - Processing /mnt/c/Users/Raj/OneDrive - Åbo Akademi O365/banking/airflow/.venv/lib/python3.12/site-packages/airflow/example_dags/example_task_group_decorator.py took 0.155 seconds
[2025-11-22T21:11:01.820+0500] {processor.py:186} INFO - Started process (PID=68437) to work on /mnt/c/Users/Raj/OneDrive - Åbo Akademi O365/banking/airflow/.venv/lib/python3.12/site-packages/airflow/example_dags/example_task_group_decorator.py
[2025-11-22T21:11:01.823+0500] {processor.py:914} INFO - Processing file /mnt/c/Users/Raj/OneDrive - Åbo Akademi O365/banking/airflow/.venv/lib/python3.12/site-packages/airflow/example_dags/example_task_group_decorator.py for tasks to queue
[2025-11-22T21:11:01.827+0500] {logging_mixin.py:190} INFO - [2025-11-22T21:11:01.826+0500] {dagbag.py:588} INFO - Filling up the DagBag from /mnt/c/Users/Raj/OneDrive - Åbo Akademi O365/banking/airflow/.venv/lib/python3.12/site-packages/airflow/example_dags/example_task_group_decorator.py
[2025-11-22T21:11:01.867+0500] {processor.py:925} INFO - DAG(s) 'example_task_group_decorator' retrieved from /mnt/c/Users/Raj/OneDrive - Åbo Akademi O365/banking/airflow/.venv/lib/python3.12/site-packages/airflow/example_dags/example_task_group_decorator.py
[2025-11-22T21:11:01.918+0500] {logging_mixin.py:190} INFO - [2025-11-22T21:11:01.917+0500] {dag.py:3239} INFO - Sync 1 DAGs
[2025-11-22T21:11:02.064+0500] {logging_mixin.py:190} INFO - [2025-11-22T21:11:02.063+0500] {dag.py:4180} INFO - Setting next_dagrun for example_task_group_decorator to None, run_after=None
[2025-11-22T21:11:02.115+0500] {processor.py:208} INFO - Processing /mnt/c/Users/Raj/OneDrive - Åbo Akademi O365/banking/airflow/.venv/lib/python3.12/site-packages/airflow/example_dags/example_task_group_decorator.py took 0.320 seconds
[2025-11-22T21:12:51.430+0500] {processor.py:186} INFO - Started process (PID=68519) to work on /mnt/c/Users/Raj/OneDrive - Åbo Akademi O365/banking/airflow/.venv/lib/python3.12/site-packages/airflow/example_dags/example_task_group_decorator.py
[2025-11-22T21:12:51.433+0500] {processor.py:914} INFO - Processing file /mnt/c/Users/Raj/OneDrive - Åbo Akademi O365/banking/airflow/.venv/lib/python3.12/site-packages/airflow/example_dags/example_task_group_decorator.py for tasks to queue
[2025-11-22T21:12:51.437+0500] {logging_mixin.py:190} INFO - [2025-11-22T21:12:51.435+0500] {dagbag.py:588} INFO - Filling up the DagBag from /mnt/c/Users/Raj/OneDrive - Åbo Akademi O365/banking/airflow/.venv/lib/python3.12/site-packages/airflow/example_dags/example_task_group_decorator.py
[2025-11-22T21:12:51.473+0500] {processor.py:925} INFO - DAG(s) 'example_task_group_decorator' retrieved from /mnt/c/Users/Raj/OneDrive - Åbo Akademi O365/banking/airflow/.venv/lib/python3.12/site-packages/airflow/example_dags/example_task_group_decorator.py
[2025-11-22T21:12:51.516+0500] {logging_mixin.py:190} INFO - [2025-11-22T21:12:51.514+0500] {dag.py:3239} INFO - Sync 1 DAGs
[2025-11-22T21:12:51.534+0500] {logging_mixin.py:190} INFO - [2025-11-22T21:12:51.533+0500] {dag.py:4180} INFO - Setting next_dagrun for example_task_group_decorator to None, run_after=None
[2025-11-22T21:12:51.609+0500] {processor.py:208} INFO - Processing /mnt/c/Users/Raj/OneDrive - Åbo Akademi O365/banking/airflow/.venv/lib/python3.12/site-packages/airflow/example_dags/example_task_group_decorator.py took 0.203 seconds
[2025-11-22T21:14:33.131+0500] {processor.py:186} INFO - Started process (PID=68600) to work on /mnt/c/Users/Raj/OneDrive - Åbo Akademi O365/banking/airflow/.venv/lib/python3.12/site-packages/airflow/example_dags/example_task_group_decorator.py
[2025-11-22T21:14:33.134+0500] {processor.py:914} INFO - Processing file /mnt/c/Users/Raj/OneDrive - Åbo Akademi O365/banking/airflow/.venv/lib/python3.12/site-packages/airflow/example_dags/example_task_group_decorator.py for tasks to queue
[2025-11-22T21:14:33.137+0500] {logging_mixin.py:190} INFO - [2025-11-22T21:14:33.136+0500] {dagbag.py:588} INFO - Filling up the DagBag from /mnt/c/Users/Raj/OneDrive - Åbo Akademi O365/banking/airflow/.venv/lib/python3.12/site-packages/airflow/example_dags/example_task_group_decorator.py
[2025-11-22T21:14:33.171+0500] {processor.py:925} INFO - DAG(s) 'example_task_group_decorator' retrieved from /mnt/c/Users/Raj/OneDrive - Åbo Akademi O365/banking/airflow/.venv/lib/python3.12/site-packages/airflow/example_dags/example_task_group_decorator.py
[2025-11-22T21:14:33.212+0500] {logging_mixin.py:190} INFO - [2025-11-22T21:14:33.211+0500] {dag.py:3239} INFO - Sync 1 DAGs
[2025-11-22T21:14:33.228+0500] {logging_mixin.py:190} INFO - [2025-11-22T21:14:33.227+0500] {dag.py:4180} INFO - Setting next_dagrun for example_task_group_decorator to None, run_after=None
[2025-11-22T21:14:33.298+0500] {processor.py:208} INFO - Processing /mnt/c/Users/Raj/OneDrive - Åbo Akademi O365/banking/airflow/.venv/lib/python3.12/site-packages/airflow/example_dags/example_task_group_decorator.py took 0.187 seconds
[2025-11-22T21:16:11.857+0500] {processor.py:186} INFO - Started process (PID=68679) to work on /mnt/c/Users/Raj/OneDrive - Åbo Akademi O365/banking/airflow/.venv/lib/python3.12/site-packages/airflow/example_dags/example_task_group_decorator.py
[2025-11-22T21:16:11.859+0500] {processor.py:914} INFO - Processing file /mnt/c/Users/Raj/OneDrive - Åbo Akademi O365/banking/airflow/.venv/lib/python3.12/site-packages/airflow/example_dags/example_task_group_decorator.py for tasks to queue
[2025-11-22T21:16:11.863+0500] {logging_mixin.py:190} INFO - [2025-11-22T21:16:11.861+0500] {dagbag.py:588} INFO - Filling up the DagBag from /mnt/c/Users/Raj/OneDrive - Åbo Akademi O365/banking/airflow/.venv/lib/python3.12/site-packages/airflow/example_dags/example_task_group_decorator.py
[2025-11-22T21:16:11.906+0500] {processor.py:925} INFO - DAG(s) 'example_task_group_decorator' retrieved from /mnt/c/Users/Raj/OneDrive - Åbo Akademi O365/banking/airflow/.venv/lib/python3.12/site-packages/airflow/example_dags/example_task_group_decorator.py
[2025-11-22T21:16:11.965+0500] {logging_mixin.py:190} INFO - [2025-11-22T21:16:11.964+0500] {dag.py:3239} INFO - Sync 1 DAGs
[2025-11-22T21:16:11.983+0500] {logging_mixin.py:190} INFO - [2025-11-22T21:16:11.982+0500] {dag.py:4180} INFO - Setting next_dagrun for example_task_group_decorator to None, run_after=None
[2025-11-22T21:16:12.063+0500] {processor.py:208} INFO - Processing /mnt/c/Users/Raj/OneDrive - Åbo Akademi O365/banking/airflow/.venv/lib/python3.12/site-packages/airflow/example_dags/example_task_group_decorator.py took 0.225 seconds
[2025-11-22T21:17:51.684+0500] {processor.py:186} INFO - Started process (PID=68755) to work on /mnt/c/Users/Raj/OneDrive - Åbo Akademi O365/banking/airflow/.venv/lib/python3.12/site-packages/airflow/example_dags/example_task_group_decorator.py
[2025-11-22T21:17:51.687+0500] {processor.py:914} INFO - Processing file /mnt/c/Users/Raj/OneDrive - Åbo Akademi O365/banking/airflow/.venv/lib/python3.12/site-packages/airflow/example_dags/example_task_group_decorator.py for tasks to queue
[2025-11-22T21:17:51.691+0500] {logging_mixin.py:190} INFO - [2025-11-22T21:17:51.690+0500] {dagbag.py:588} INFO - Filling up the DagBag from /mnt/c/Users/Raj/OneDrive - Åbo Akademi O365/banking/airflow/.venv/lib/python3.12/site-packages/airflow/example_dags/example_task_group_decorator.py
[2025-11-22T21:17:51.729+0500] {processor.py:925} INFO - DAG(s) 'example_task_group_decorator' retrieved from /mnt/c/Users/Raj/OneDrive - Åbo Akademi O365/banking/airflow/.venv/lib/python3.12/site-packages/airflow/example_dags/example_task_group_decorator.py
[2025-11-22T21:17:51.775+0500] {logging_mixin.py:190} INFO - [2025-11-22T21:17:51.773+0500] {dag.py:3239} INFO - Sync 1 DAGs
[2025-11-22T21:17:51.793+0500] {logging_mixin.py:190} INFO - [2025-11-22T21:17:51.792+0500] {dag.py:4180} INFO - Setting next_dagrun for example_task_group_decorator to None, run_after=None
[2025-11-22T21:17:51.859+0500] {processor.py:208} INFO - Processing /mnt/c/Users/Raj/OneDrive - Åbo Akademi O365/banking/airflow/.venv/lib/python3.12/site-packages/airflow/example_dags/example_task_group_decorator.py took 0.198 seconds
[2025-11-22T21:18:47.059+0500] {processor.py:186} INFO - Started process (PID=68800) to work on /mnt/c/Users/Raj/OneDrive - Åbo Akademi O365/banking/airflow/.venv/lib/python3.12/site-packages/airflow/example_dags/example_task_group_decorator.py
[2025-11-22T21:18:47.063+0500] {processor.py:914} INFO - Processing file /mnt/c/Users/Raj/OneDrive - Åbo Akademi O365/banking/airflow/.venv/lib/python3.12/site-packages/airflow/example_dags/example_task_group_decorator.py for tasks to queue
[2025-11-22T21:18:47.070+0500] {logging_mixin.py:190} INFO - [2025-11-22T21:18:47.066+0500] {dagbag.py:588} INFO - Filling up the DagBag from /mnt/c/Users/Raj/OneDrive - Åbo Akademi O365/banking/airflow/.venv/lib/python3.12/site-packages/airflow/example_dags/example_task_group_decorator.py
[2025-11-22T21:18:47.118+0500] {processor.py:925} INFO - DAG(s) 'example_task_group_decorator' retrieved from /mnt/c/Users/Raj/OneDrive - Åbo Akademi O365/banking/airflow/.venv/lib/python3.12/site-packages/airflow/example_dags/example_task_group_decorator.py
[2025-11-22T21:18:47.163+0500] {logging_mixin.py:190} INFO - [2025-11-22T21:18:47.162+0500] {dag.py:3239} INFO - Sync 1 DAGs
[2025-11-22T21:18:47.184+0500] {logging_mixin.py:190} INFO - [2025-11-22T21:18:47.183+0500] {dag.py:4180} INFO - Setting next_dagrun for example_task_group_decorator to None, run_after=None
[2025-11-22T21:18:47.255+0500] {processor.py:208} INFO - Processing /mnt/c/Users/Raj/OneDrive - Åbo Akademi O365/banking/airflow/.venv/lib/python3.12/site-packages/airflow/example_dags/example_task_group_decorator.py took 0.222 seconds
[2025-11-22T21:20:27.791+0500] {processor.py:186} INFO - Started process (PID=68880) to work on /mnt/c/Users/Raj/OneDrive - Åbo Akademi O365/banking/airflow/.venv/lib/python3.12/site-packages/airflow/example_dags/example_task_group_decorator.py
[2025-11-22T21:20:27.793+0500] {processor.py:914} INFO - Processing file /mnt/c/Users/Raj/OneDrive - Åbo Akademi O365/banking/airflow/.venv/lib/python3.12/site-packages/airflow/example_dags/example_task_group_decorator.py for tasks to queue
[2025-11-22T21:20:27.796+0500] {logging_mixin.py:190} INFO - [2025-11-22T21:20:27.795+0500] {dagbag.py:588} INFO - Filling up the DagBag from /mnt/c/Users/Raj/OneDrive - Åbo Akademi O365/banking/airflow/.venv/lib/python3.12/site-packages/airflow/example_dags/example_task_group_decorator.py
[2025-11-22T21:20:27.834+0500] {processor.py:925} INFO - DAG(s) 'example_task_group_decorator' retrieved from /mnt/c/Users/Raj/OneDrive - Åbo Akademi O365/banking/airflow/.venv/lib/python3.12/site-packages/airflow/example_dags/example_task_group_decorator.py
[2025-11-22T21:20:27.879+0500] {logging_mixin.py:190} INFO - [2025-11-22T21:20:27.878+0500] {dag.py:3239} INFO - Sync 1 DAGs
[2025-11-22T21:20:27.896+0500] {logging_mixin.py:190} INFO - [2025-11-22T21:20:27.895+0500] {dag.py:4180} INFO - Setting next_dagrun for example_task_group_decorator to None, run_after=None
[2025-11-22T21:20:27.973+0500] {processor.py:208} INFO - Processing /mnt/c/Users/Raj/OneDrive - Åbo Akademi O365/banking/airflow/.venv/lib/python3.12/site-packages/airflow/example_dags/example_task_group_decorator.py took 0.202 seconds
[2025-11-22T21:21:20.352+0500] {processor.py:186} INFO - Started process (PID=68918) to work on /mnt/c/Users/Raj/OneDrive - Åbo Akademi O365/banking/airflow/.venv/lib/python3.12/site-packages/airflow/example_dags/example_task_group_decorator.py
[2025-11-22T21:21:20.354+0500] {processor.py:914} INFO - Processing file /mnt/c/Users/Raj/OneDrive - Åbo Akademi O365/banking/airflow/.venv/lib/python3.12/site-packages/airflow/example_dags/example_task_group_decorator.py for tasks to queue
[2025-11-22T21:21:20.357+0500] {logging_mixin.py:190} INFO - [2025-11-22T21:21:20.356+0500] {dagbag.py:588} INFO - Filling up the DagBag from /mnt/c/Users/Raj/OneDrive - Åbo Akademi O365/banking/airflow/.venv/lib/python3.12/site-packages/airflow/example_dags/example_task_group_decorator.py
[2025-11-22T21:21:20.391+0500] {processor.py:925} INFO - DAG(s) 'example_task_group_decorator' retrieved from /mnt/c/Users/Raj/OneDrive - Åbo Akademi O365/banking/airflow/.venv/lib/python3.12/site-packages/airflow/example_dags/example_task_group_decorator.py
[2025-11-22T21:21:20.429+0500] {logging_mixin.py:190} INFO - [2025-11-22T21:21:20.428+0500] {dag.py:3239} INFO - Sync 1 DAGs
[2025-11-22T21:21:20.445+0500] {logging_mixin.py:190} INFO - [2025-11-22T21:21:20.443+0500] {dag.py:4180} INFO - Setting next_dagrun for example_task_group_decorator to None, run_after=None
[2025-11-22T21:21:20.523+0500] {processor.py:208} INFO - Processing /mnt/c/Users/Raj/OneDrive - Åbo Akademi O365/banking/airflow/.venv/lib/python3.12/site-packages/airflow/example_dags/example_task_group_decorator.py took 0.193 seconds
[2025-11-22T21:23:07.114+0500] {processor.py:186} INFO - Started process (PID=69000) to work on /mnt/c/Users/Raj/OneDrive - Åbo Akademi O365/banking/airflow/.venv/lib/python3.12/site-packages/airflow/example_dags/example_task_group_decorator.py
[2025-11-22T21:23:07.117+0500] {processor.py:914} INFO - Processing file /mnt/c/Users/Raj/OneDrive - Åbo Akademi O365/banking/airflow/.venv/lib/python3.12/site-packages/airflow/example_dags/example_task_group_decorator.py for tasks to queue
[2025-11-22T21:23:07.121+0500] {logging_mixin.py:190} INFO - [2025-11-22T21:23:07.119+0500] {dagbag.py:588} INFO - Filling up the DagBag from /mnt/c/Users/Raj/OneDrive - Åbo Akademi O365/banking/airflow/.venv/lib/python3.12/site-packages/airflow/example_dags/example_task_group_decorator.py
[2025-11-22T21:23:07.169+0500] {processor.py:925} INFO - DAG(s) 'example_task_group_decorator' retrieved from /mnt/c/Users/Raj/OneDrive - Åbo Akademi O365/banking/airflow/.venv/lib/python3.12/site-packages/airflow/example_dags/example_task_group_decorator.py
[2025-11-22T21:23:07.218+0500] {logging_mixin.py:190} INFO - [2025-11-22T21:23:07.216+0500] {dag.py:3239} INFO - Sync 1 DAGs
[2025-11-22T21:23:07.238+0500] {logging_mixin.py:190} INFO - [2025-11-22T21:23:07.237+0500] {dag.py:4180} INFO - Setting next_dagrun for example_task_group_decorator to None, run_after=None
[2025-11-22T21:23:07.314+0500] {processor.py:208} INFO - Processing /mnt/c/Users/Raj/OneDrive - Åbo Akademi O365/banking/airflow/.venv/lib/python3.12/site-packages/airflow/example_dags/example_task_group_decorator.py took 0.226 seconds
