[2025-11-22T20:14:41.554+0500] {processor.py:186} INFO - Started process (PID=65702) to work on /mnt/c/Users/Raj/OneDrive - Åbo Akademi O365/banking/airflow/.venv/lib/python3.12/site-packages/airflow/example_dags/example_complex.py
[2025-11-22T20:14:41.556+0500] {processor.py:914} INFO - Processing file /mnt/c/Users/Raj/OneDrive - Åbo Akademi O365/banking/airflow/.venv/lib/python3.12/site-packages/airflow/example_dags/example_complex.py for tasks to queue
[2025-11-22T20:14:41.560+0500] {logging_mixin.py:190} INFO - [2025-11-22T20:14:41.558+0500] {dagbag.py:588} INFO - Filling up the DagBag from /mnt/c/Users/Raj/OneDrive - Åbo Akademi O365/banking/airflow/.venv/lib/python3.12/site-packages/airflow/example_dags/example_complex.py
[2025-11-22T20:14:41.586+0500] {processor.py:925} INFO - DAG(s) 'example_complex' retrieved from /mnt/c/Users/Raj/OneDrive - Åbo Akademi O365/banking/airflow/.venv/lib/python3.12/site-packages/airflow/example_dags/example_complex.py
[2025-11-22T20:14:41.627+0500] {logging_mixin.py:190} INFO - [2025-11-22T20:14:41.626+0500] {dag.py:3239} INFO - Sync 1 DAGs
[2025-11-22T20:14:41.644+0500] {logging_mixin.py:190} INFO - [2025-11-22T20:14:41.643+0500] {dag.py:4180} INFO - Setting next_dagrun for example_complex to None, run_after=None
[2025-11-22T20:14:41.707+0500] {processor.py:208} INFO - Processing /mnt/c/Users/Raj/OneDrive - Åbo Akademi O365/banking/airflow/.venv/lib/python3.12/site-packages/airflow/example_dags/example_complex.py took 0.166 seconds
[2025-11-22T20:16:42.829+0500] {processor.py:186} INFO - Started process (PID=65792) to work on /mnt/c/Users/Raj/OneDrive - Åbo Akademi O365/banking/airflow/.venv/lib/python3.12/site-packages/airflow/example_dags/example_complex.py
[2025-11-22T20:16:42.832+0500] {processor.py:914} INFO - Processing file /mnt/c/Users/Raj/OneDrive - Åbo Akademi O365/banking/airflow/.venv/lib/python3.12/site-packages/airflow/example_dags/example_complex.py for tasks to queue
[2025-11-22T20:16:42.837+0500] {logging_mixin.py:190} INFO - [2025-11-22T20:16:42.835+0500] {dagbag.py:588} INFO - Filling up the DagBag from /mnt/c/Users/Raj/OneDrive - Åbo Akademi O365/banking/airflow/.venv/lib/python3.12/site-packages/airflow/example_dags/example_complex.py
[2025-11-22T20:16:42.876+0500] {processor.py:925} INFO - DAG(s) 'example_complex' retrieved from /mnt/c/Users/Raj/OneDrive - Åbo Akademi O365/banking/airflow/.venv/lib/python3.12/site-packages/airflow/example_dags/example_complex.py
[2025-11-22T20:16:42.932+0500] {logging_mixin.py:190} INFO - [2025-11-22T20:16:42.931+0500] {dag.py:3239} INFO - Sync 1 DAGs
[2025-11-22T20:16:42.954+0500] {logging_mixin.py:190} INFO - [2025-11-22T20:16:42.953+0500] {dag.py:4180} INFO - Setting next_dagrun for example_complex to None, run_after=None
[2025-11-22T20:16:43.047+0500] {processor.py:208} INFO - Processing /mnt/c/Users/Raj/OneDrive - Åbo Akademi O365/banking/airflow/.venv/lib/python3.12/site-packages/airflow/example_dags/example_complex.py took 0.236 seconds
[2025-11-22T20:21:22.122+0500] {processor.py:186} INFO - Started process (PID=65955) to work on /mnt/c/Users/Raj/OneDrive - Åbo Akademi O365/banking/airflow/.venv/lib/python3.12/site-packages/airflow/example_dags/example_complex.py
[2025-11-22T20:21:22.125+0500] {processor.py:914} INFO - Processing file /mnt/c/Users/Raj/OneDrive - Åbo Akademi O365/banking/airflow/.venv/lib/python3.12/site-packages/airflow/example_dags/example_complex.py for tasks to queue
[2025-11-22T20:21:22.130+0500] {logging_mixin.py:190} INFO - [2025-11-22T20:21:22.129+0500] {dagbag.py:588} INFO - Filling up the DagBag from /mnt/c/Users/Raj/OneDrive - Åbo Akademi O365/banking/airflow/.venv/lib/python3.12/site-packages/airflow/example_dags/example_complex.py
[2025-11-22T20:21:22.251+0500] {processor.py:925} INFO - DAG(s) 'example_complex' retrieved from /mnt/c/Users/Raj/OneDrive - Åbo Akademi O365/banking/airflow/.venv/lib/python3.12/site-packages/airflow/example_dags/example_complex.py
[2025-11-22T20:21:22.317+0500] {logging_mixin.py:190} INFO - [2025-11-22T20:21:22.315+0500] {dag.py:3239} INFO - Sync 1 DAGs
[2025-11-22T20:21:22.346+0500] {logging_mixin.py:190} INFO - [2025-11-22T20:21:22.345+0500] {dag.py:4180} INFO - Setting next_dagrun for example_complex to None, run_after=None
[2025-11-22T20:21:22.454+0500] {processor.py:208} INFO - Processing /mnt/c/Users/Raj/OneDrive - Åbo Akademi O365/banking/airflow/.venv/lib/python3.12/site-packages/airflow/example_dags/example_complex.py took 0.357 seconds
[2025-11-22T20:23:37.791+0500] {processor.py:186} INFO - Started process (PID=66063) to work on /mnt/c/Users/Raj/OneDrive - Åbo Akademi O365/banking/airflow/.venv/lib/python3.12/site-packages/airflow/example_dags/example_complex.py
[2025-11-22T20:23:37.793+0500] {processor.py:914} INFO - Processing file /mnt/c/Users/Raj/OneDrive - Åbo Akademi O365/banking/airflow/.venv/lib/python3.12/site-packages/airflow/example_dags/example_complex.py for tasks to queue
[2025-11-22T20:23:37.800+0500] {logging_mixin.py:190} INFO - [2025-11-22T20:23:37.798+0500] {dagbag.py:588} INFO - Filling up the DagBag from /mnt/c/Users/Raj/OneDrive - Åbo Akademi O365/banking/airflow/.venv/lib/python3.12/site-packages/airflow/example_dags/example_complex.py
[2025-11-22T20:23:37.907+0500] {processor.py:925} INFO - DAG(s) 'example_complex' retrieved from /mnt/c/Users/Raj/OneDrive - Åbo Akademi O365/banking/airflow/.venv/lib/python3.12/site-packages/airflow/example_dags/example_complex.py
[2025-11-22T20:23:37.991+0500] {logging_mixin.py:190} INFO - [2025-11-22T20:23:37.990+0500] {dag.py:3239} INFO - Sync 1 DAGs
[2025-11-22T20:23:38.018+0500] {logging_mixin.py:190} INFO - [2025-11-22T20:23:38.016+0500] {dag.py:4180} INFO - Setting next_dagrun for example_complex to None, run_after=None
[2025-11-22T20:23:38.097+0500] {processor.py:208} INFO - Processing /mnt/c/Users/Raj/OneDrive - Åbo Akademi O365/banking/airflow/.venv/lib/python3.12/site-packages/airflow/example_dags/example_complex.py took 0.326 seconds
[2025-11-22T20:28:27.607+0500] {processor.py:186} INFO - Started process (PID=66284) to work on /mnt/c/Users/Raj/OneDrive - Åbo Akademi O365/banking/airflow/.venv/lib/python3.12/site-packages/airflow/example_dags/example_complex.py
[2025-11-22T20:28:27.610+0500] {processor.py:914} INFO - Processing file /mnt/c/Users/Raj/OneDrive - Åbo Akademi O365/banking/airflow/.venv/lib/python3.12/site-packages/airflow/example_dags/example_complex.py for tasks to queue
[2025-11-22T20:28:27.614+0500] {logging_mixin.py:190} INFO - [2025-11-22T20:28:27.612+0500] {dagbag.py:588} INFO - Filling up the DagBag from /mnt/c/Users/Raj/OneDrive - Åbo Akademi O365/banking/airflow/.venv/lib/python3.12/site-packages/airflow/example_dags/example_complex.py
[2025-11-22T20:28:27.651+0500] {processor.py:925} INFO - DAG(s) 'example_complex' retrieved from /mnt/c/Users/Raj/OneDrive - Åbo Akademi O365/banking/airflow/.venv/lib/python3.12/site-packages/airflow/example_dags/example_complex.py
[2025-11-22T20:28:27.716+0500] {logging_mixin.py:190} INFO - [2025-11-22T20:28:27.714+0500] {dag.py:3239} INFO - Sync 1 DAGs
[2025-11-22T20:28:27.741+0500] {logging_mixin.py:190} INFO - [2025-11-22T20:28:27.739+0500] {dag.py:4180} INFO - Setting next_dagrun for example_complex to None, run_after=None
[2025-11-22T20:28:27.824+0500] {processor.py:208} INFO - Processing /mnt/c/Users/Raj/OneDrive - Åbo Akademi O365/banking/airflow/.venv/lib/python3.12/site-packages/airflow/example_dags/example_complex.py took 0.235 seconds
[2025-11-22T20:30:22.260+0500] {processor.py:186} INFO - Started process (PID=66405) to work on /mnt/c/Users/Raj/OneDrive - Åbo Akademi O365/banking/airflow/.venv/lib/python3.12/site-packages/airflow/example_dags/example_complex.py
[2025-11-22T20:30:22.266+0500] {processor.py:914} INFO - Processing file /mnt/c/Users/Raj/OneDrive - Åbo Akademi O365/banking/airflow/.venv/lib/python3.12/site-packages/airflow/example_dags/example_complex.py for tasks to queue
[2025-11-22T20:30:22.281+0500] {logging_mixin.py:190} INFO - [2025-11-22T20:30:22.279+0500] {dagbag.py:588} INFO - Filling up the DagBag from /mnt/c/Users/Raj/OneDrive - Åbo Akademi O365/banking/airflow/.venv/lib/python3.12/site-packages/airflow/example_dags/example_complex.py
[2025-11-22T20:30:22.354+0500] {processor.py:925} INFO - DAG(s) 'example_complex' retrieved from /mnt/c/Users/Raj/OneDrive - Åbo Akademi O365/banking/airflow/.venv/lib/python3.12/site-packages/airflow/example_dags/example_complex.py
[2025-11-22T20:30:22.496+0500] {logging_mixin.py:190} INFO - [2025-11-22T20:30:22.492+0500] {dag.py:3239} INFO - Sync 1 DAGs
[2025-11-22T20:30:22.533+0500] {logging_mixin.py:190} INFO - [2025-11-22T20:30:22.531+0500] {dag.py:4180} INFO - Setting next_dagrun for example_complex to None, run_after=None
[2025-11-22T20:30:22.629+0500] {processor.py:208} INFO - Processing /mnt/c/Users/Raj/OneDrive - Åbo Akademi O365/banking/airflow/.venv/lib/python3.12/site-packages/airflow/example_dags/example_complex.py took 0.406 seconds
[2025-11-22T20:34:00.258+0500] {processor.py:186} INFO - Started process (PID=66560) to work on /mnt/c/Users/Raj/OneDrive - Åbo Akademi O365/banking/airflow/.venv/lib/python3.12/site-packages/airflow/example_dags/example_complex.py
[2025-11-22T20:34:00.261+0500] {processor.py:914} INFO - Processing file /mnt/c/Users/Raj/OneDrive - Åbo Akademi O365/banking/airflow/.venv/lib/python3.12/site-packages/airflow/example_dags/example_complex.py for tasks to queue
[2025-11-22T20:34:00.268+0500] {logging_mixin.py:190} INFO - [2025-11-22T20:34:00.265+0500] {dagbag.py:588} INFO - Filling up the DagBag from /mnt/c/Users/Raj/OneDrive - Åbo Akademi O365/banking/airflow/.venv/lib/python3.12/site-packages/airflow/example_dags/example_complex.py
[2025-11-22T20:34:00.308+0500] {processor.py:925} INFO - DAG(s) 'example_complex' retrieved from /mnt/c/Users/Raj/OneDrive - Åbo Akademi O365/banking/airflow/.venv/lib/python3.12/site-packages/airflow/example_dags/example_complex.py
[2025-11-22T20:34:00.374+0500] {logging_mixin.py:190} INFO - [2025-11-22T20:34:00.373+0500] {dag.py:3239} INFO - Sync 1 DAGs
[2025-11-22T20:34:00.398+0500] {logging_mixin.py:190} INFO - [2025-11-22T20:34:00.396+0500] {dag.py:4180} INFO - Setting next_dagrun for example_complex to None, run_after=None
[2025-11-22T20:34:00.471+0500] {processor.py:208} INFO - Processing /mnt/c/Users/Raj/OneDrive - Åbo Akademi O365/banking/airflow/.venv/lib/python3.12/site-packages/airflow/example_dags/example_complex.py took 0.235 seconds
[2025-11-22T20:35:53.152+0500] {processor.py:186} INFO - Started process (PID=66643) to work on /mnt/c/Users/Raj/OneDrive - Åbo Akademi O365/banking/airflow/.venv/lib/python3.12/site-packages/airflow/example_dags/example_complex.py
[2025-11-22T20:35:53.155+0500] {processor.py:914} INFO - Processing file /mnt/c/Users/Raj/OneDrive - Åbo Akademi O365/banking/airflow/.venv/lib/python3.12/site-packages/airflow/example_dags/example_complex.py for tasks to queue
[2025-11-22T20:35:53.161+0500] {logging_mixin.py:190} INFO - [2025-11-22T20:35:53.158+0500] {dagbag.py:588} INFO - Filling up the DagBag from /mnt/c/Users/Raj/OneDrive - Åbo Akademi O365/banking/airflow/.venv/lib/python3.12/site-packages/airflow/example_dags/example_complex.py
[2025-11-22T20:35:53.225+0500] {processor.py:925} INFO - DAG(s) 'example_complex' retrieved from /mnt/c/Users/Raj/OneDrive - Åbo Akademi O365/banking/airflow/.venv/lib/python3.12/site-packages/airflow/example_dags/example_complex.py
[2025-11-22T20:35:53.318+0500] {logging_mixin.py:190} INFO - [2025-11-22T20:35:53.317+0500] {dag.py:3239} INFO - Sync 1 DAGs
[2025-11-22T20:35:53.355+0500] {logging_mixin.py:190} INFO - [2025-11-22T20:35:53.352+0500] {dag.py:4180} INFO - Setting next_dagrun for example_complex to None, run_after=None
[2025-11-22T20:35:53.459+0500] {processor.py:208} INFO - Processing /mnt/c/Users/Raj/OneDrive - Åbo Akademi O365/banking/airflow/.venv/lib/python3.12/site-packages/airflow/example_dags/example_complex.py took 0.336 seconds
[2025-11-22T20:38:35.591+0500] {processor.py:186} INFO - Started process (PID=66784) to work on /mnt/c/Users/Raj/OneDrive - Åbo Akademi O365/banking/airflow/.venv/lib/python3.12/site-packages/airflow/example_dags/example_complex.py
[2025-11-22T20:38:35.594+0500] {processor.py:914} INFO - Processing file /mnt/c/Users/Raj/OneDrive - Åbo Akademi O365/banking/airflow/.venv/lib/python3.12/site-packages/airflow/example_dags/example_complex.py for tasks to queue
[2025-11-22T20:38:35.598+0500] {logging_mixin.py:190} INFO - [2025-11-22T20:38:35.596+0500] {dagbag.py:588} INFO - Filling up the DagBag from /mnt/c/Users/Raj/OneDrive - Åbo Akademi O365/banking/airflow/.venv/lib/python3.12/site-packages/airflow/example_dags/example_complex.py
[2025-11-22T20:38:35.637+0500] {processor.py:925} INFO - DAG(s) 'example_complex' retrieved from /mnt/c/Users/Raj/OneDrive - Åbo Akademi O365/banking/airflow/.venv/lib/python3.12/site-packages/airflow/example_dags/example_complex.py
[2025-11-22T20:38:35.693+0500] {logging_mixin.py:190} INFO - [2025-11-22T20:38:35.691+0500] {dag.py:3239} INFO - Sync 1 DAGs
[2025-11-22T20:38:35.721+0500] {logging_mixin.py:190} INFO - [2025-11-22T20:38:35.719+0500] {dag.py:4180} INFO - Setting next_dagrun for example_complex to None, run_after=None
[2025-11-22T20:38:35.809+0500] {processor.py:208} INFO - Processing /mnt/c/Users/Raj/OneDrive - Åbo Akademi O365/banking/airflow/.venv/lib/python3.12/site-packages/airflow/example_dags/example_complex.py took 0.236 seconds
[2025-11-22T20:40:20.320+0500] {processor.py:186} INFO - Started process (PID=66892) to work on /mnt/c/Users/Raj/OneDrive - Åbo Akademi O365/banking/airflow/.venv/lib/python3.12/site-packages/airflow/example_dags/example_complex.py
[2025-11-22T20:40:20.323+0500] {processor.py:914} INFO - Processing file /mnt/c/Users/Raj/OneDrive - Åbo Akademi O365/banking/airflow/.venv/lib/python3.12/site-packages/airflow/example_dags/example_complex.py for tasks to queue
[2025-11-22T20:40:20.327+0500] {logging_mixin.py:190} INFO - [2025-11-22T20:40:20.325+0500] {dagbag.py:588} INFO - Filling up the DagBag from /mnt/c/Users/Raj/OneDrive - Åbo Akademi O365/banking/airflow/.venv/lib/python3.12/site-packages/airflow/example_dags/example_complex.py
[2025-11-22T20:40:20.363+0500] {processor.py:925} INFO - DAG(s) 'example_complex' retrieved from /mnt/c/Users/Raj/OneDrive - Åbo Akademi O365/banking/airflow/.venv/lib/python3.12/site-packages/airflow/example_dags/example_complex.py
[2025-11-22T20:40:20.413+0500] {logging_mixin.py:190} INFO - [2025-11-22T20:40:20.412+0500] {dag.py:3239} INFO - Sync 1 DAGs
[2025-11-22T20:40:20.432+0500] {logging_mixin.py:190} INFO - [2025-11-22T20:40:20.431+0500] {dag.py:4180} INFO - Setting next_dagrun for example_complex to None, run_after=None
[2025-11-22T20:40:20.513+0500] {processor.py:208} INFO - Processing /mnt/c/Users/Raj/OneDrive - Åbo Akademi O365/banking/airflow/.venv/lib/python3.12/site-packages/airflow/example_dags/example_complex.py took 0.211 seconds
[2025-11-22T20:42:08.708+0500] {processor.py:186} INFO - Started process (PID=67005) to work on /mnt/c/Users/Raj/OneDrive - Åbo Akademi O365/banking/airflow/.venv/lib/python3.12/site-packages/airflow/example_dags/example_complex.py
[2025-11-22T20:42:08.712+0500] {processor.py:914} INFO - Processing file /mnt/c/Users/Raj/OneDrive - Åbo Akademi O365/banking/airflow/.venv/lib/python3.12/site-packages/airflow/example_dags/example_complex.py for tasks to queue
[2025-11-22T20:42:08.717+0500] {logging_mixin.py:190} INFO - [2025-11-22T20:42:08.715+0500] {dagbag.py:588} INFO - Filling up the DagBag from /mnt/c/Users/Raj/OneDrive - Åbo Akademi O365/banking/airflow/.venv/lib/python3.12/site-packages/airflow/example_dags/example_complex.py
[2025-11-22T20:42:08.751+0500] {processor.py:925} INFO - DAG(s) 'example_complex' retrieved from /mnt/c/Users/Raj/OneDrive - Åbo Akademi O365/banking/airflow/.venv/lib/python3.12/site-packages/airflow/example_dags/example_complex.py
[2025-11-22T20:42:08.806+0500] {logging_mixin.py:190} INFO - [2025-11-22T20:42:08.805+0500] {dag.py:3239} INFO - Sync 1 DAGs
[2025-11-22T20:42:08.829+0500] {logging_mixin.py:190} INFO - [2025-11-22T20:42:08.828+0500] {dag.py:4180} INFO - Setting next_dagrun for example_complex to None, run_after=None
[2025-11-22T20:42:08.917+0500] {processor.py:208} INFO - Processing /mnt/c/Users/Raj/OneDrive - Åbo Akademi O365/banking/airflow/.venv/lib/python3.12/site-packages/airflow/example_dags/example_complex.py took 0.228 seconds
[2025-11-22T20:44:24.755+0500] {processor.py:186} INFO - Started process (PID=67108) to work on /mnt/c/Users/Raj/OneDrive - Åbo Akademi O365/banking/airflow/.venv/lib/python3.12/site-packages/airflow/example_dags/example_complex.py
[2025-11-22T20:44:24.757+0500] {processor.py:914} INFO - Processing file /mnt/c/Users/Raj/OneDrive - Åbo Akademi O365/banking/airflow/.venv/lib/python3.12/site-packages/airflow/example_dags/example_complex.py for tasks to queue
[2025-11-22T20:44:24.761+0500] {logging_mixin.py:190} INFO - [2025-11-22T20:44:24.759+0500] {dagbag.py:588} INFO - Filling up the DagBag from /mnt/c/Users/Raj/OneDrive - Åbo Akademi O365/banking/airflow/.venv/lib/python3.12/site-packages/airflow/example_dags/example_complex.py
[2025-11-22T20:44:24.794+0500] {processor.py:925} INFO - DAG(s) 'example_complex' retrieved from /mnt/c/Users/Raj/OneDrive - Åbo Akademi O365/banking/airflow/.venv/lib/python3.12/site-packages/airflow/example_dags/example_complex.py
[2025-11-22T20:44:24.852+0500] {logging_mixin.py:190} INFO - [2025-11-22T20:44:24.851+0500] {dag.py:3239} INFO - Sync 1 DAGs
[2025-11-22T20:44:24.880+0500] {logging_mixin.py:190} INFO - [2025-11-22T20:44:24.879+0500] {dag.py:4180} INFO - Setting next_dagrun for example_complex to None, run_after=None
[2025-11-22T20:44:24.971+0500] {processor.py:208} INFO - Processing /mnt/c/Users/Raj/OneDrive - Åbo Akademi O365/banking/airflow/.venv/lib/python3.12/site-packages/airflow/example_dags/example_complex.py took 0.234 seconds
[2025-11-22T20:46:00.321+0500] {processor.py:186} INFO - Started process (PID=67187) to work on /mnt/c/Users/Raj/OneDrive - Åbo Akademi O365/banking/airflow/.venv/lib/python3.12/site-packages/airflow/example_dags/example_complex.py
[2025-11-22T20:46:00.322+0500] {processor.py:914} INFO - Processing file /mnt/c/Users/Raj/OneDrive - Åbo Akademi O365/banking/airflow/.venv/lib/python3.12/site-packages/airflow/example_dags/example_complex.py for tasks to queue
[2025-11-22T20:46:00.325+0500] {logging_mixin.py:190} INFO - [2025-11-22T20:46:00.324+0500] {dagbag.py:588} INFO - Filling up the DagBag from /mnt/c/Users/Raj/OneDrive - Åbo Akademi O365/banking/airflow/.venv/lib/python3.12/site-packages/airflow/example_dags/example_complex.py
[2025-11-22T20:46:00.348+0500] {processor.py:925} INFO - DAG(s) 'example_complex' retrieved from /mnt/c/Users/Raj/OneDrive - Åbo Akademi O365/banking/airflow/.venv/lib/python3.12/site-packages/airflow/example_dags/example_complex.py
[2025-11-22T20:46:00.402+0500] {logging_mixin.py:190} INFO - [2025-11-22T20:46:00.401+0500] {dag.py:3239} INFO - Sync 1 DAGs
[2025-11-22T20:46:00.423+0500] {logging_mixin.py:190} INFO - [2025-11-22T20:46:00.422+0500] {dag.py:4180} INFO - Setting next_dagrun for example_complex to None, run_after=None
[2025-11-22T20:46:00.479+0500] {processor.py:208} INFO - Processing /mnt/c/Users/Raj/OneDrive - Åbo Akademi O365/banking/airflow/.venv/lib/python3.12/site-packages/airflow/example_dags/example_complex.py took 0.171 seconds
[2025-11-22T20:47:44.750+0500] {processor.py:186} INFO - Started process (PID=67267) to work on /mnt/c/Users/Raj/OneDrive - Åbo Akademi O365/banking/airflow/.venv/lib/python3.12/site-packages/airflow/example_dags/example_complex.py
[2025-11-22T20:47:44.752+0500] {processor.py:914} INFO - Processing file /mnt/c/Users/Raj/OneDrive - Åbo Akademi O365/banking/airflow/.venv/lib/python3.12/site-packages/airflow/example_dags/example_complex.py for tasks to queue
[2025-11-22T20:47:44.754+0500] {logging_mixin.py:190} INFO - [2025-11-22T20:47:44.753+0500] {dagbag.py:588} INFO - Filling up the DagBag from /mnt/c/Users/Raj/OneDrive - Åbo Akademi O365/banking/airflow/.venv/lib/python3.12/site-packages/airflow/example_dags/example_complex.py
[2025-11-22T20:47:44.776+0500] {processor.py:925} INFO - DAG(s) 'example_complex' retrieved from /mnt/c/Users/Raj/OneDrive - Åbo Akademi O365/banking/airflow/.venv/lib/python3.12/site-packages/airflow/example_dags/example_complex.py
[2025-11-22T20:47:44.817+0500] {logging_mixin.py:190} INFO - [2025-11-22T20:47:44.816+0500] {dag.py:3239} INFO - Sync 1 DAGs
[2025-11-22T20:47:44.835+0500] {logging_mixin.py:190} INFO - [2025-11-22T20:47:44.834+0500] {dag.py:4180} INFO - Setting next_dagrun for example_complex to None, run_after=None
[2025-11-22T20:47:44.893+0500] {processor.py:208} INFO - Processing /mnt/c/Users/Raj/OneDrive - Åbo Akademi O365/banking/airflow/.venv/lib/python3.12/site-packages/airflow/example_dags/example_complex.py took 0.155 seconds
[2025-11-22T20:49:25.021+0500] {processor.py:186} INFO - Started process (PID=67347) to work on /mnt/c/Users/Raj/OneDrive - Åbo Akademi O365/banking/airflow/.venv/lib/python3.12/site-packages/airflow/example_dags/example_complex.py
[2025-11-22T20:49:25.023+0500] {processor.py:914} INFO - Processing file /mnt/c/Users/Raj/OneDrive - Åbo Akademi O365/banking/airflow/.venv/lib/python3.12/site-packages/airflow/example_dags/example_complex.py for tasks to queue
[2025-11-22T20:49:25.025+0500] {logging_mixin.py:190} INFO - [2025-11-22T20:49:25.024+0500] {dagbag.py:588} INFO - Filling up the DagBag from /mnt/c/Users/Raj/OneDrive - Åbo Akademi O365/banking/airflow/.venv/lib/python3.12/site-packages/airflow/example_dags/example_complex.py
[2025-11-22T20:49:25.047+0500] {processor.py:925} INFO - DAG(s) 'example_complex' retrieved from /mnt/c/Users/Raj/OneDrive - Åbo Akademi O365/banking/airflow/.venv/lib/python3.12/site-packages/airflow/example_dags/example_complex.py
[2025-11-22T20:49:25.088+0500] {logging_mixin.py:190} INFO - [2025-11-22T20:49:25.088+0500] {dag.py:3239} INFO - Sync 1 DAGs
[2025-11-22T20:49:25.103+0500] {logging_mixin.py:190} INFO - [2025-11-22T20:49:25.102+0500] {dag.py:4180} INFO - Setting next_dagrun for example_complex to None, run_after=None
[2025-11-22T20:49:25.163+0500] {processor.py:208} INFO - Processing /mnt/c/Users/Raj/OneDrive - Åbo Akademi O365/banking/airflow/.venv/lib/python3.12/site-packages/airflow/example_dags/example_complex.py took 0.155 seconds
[2025-11-22T20:51:07.894+0500] {processor.py:186} INFO - Started process (PID=67428) to work on /mnt/c/Users/Raj/OneDrive - Åbo Akademi O365/banking/airflow/.venv/lib/python3.12/site-packages/airflow/example_dags/example_complex.py
[2025-11-22T20:51:07.897+0500] {processor.py:914} INFO - Processing file /mnt/c/Users/Raj/OneDrive - Åbo Akademi O365/banking/airflow/.venv/lib/python3.12/site-packages/airflow/example_dags/example_complex.py for tasks to queue
[2025-11-22T20:51:07.902+0500] {logging_mixin.py:190} INFO - [2025-11-22T20:51:07.900+0500] {dagbag.py:588} INFO - Filling up the DagBag from /mnt/c/Users/Raj/OneDrive - Åbo Akademi O365/banking/airflow/.venv/lib/python3.12/site-packages/airflow/example_dags/example_complex.py
[2025-11-22T20:51:07.936+0500] {processor.py:925} INFO - DAG(s) 'example_complex' retrieved from /mnt/c/Users/Raj/OneDrive - Åbo Akademi O365/banking/airflow/.venv/lib/python3.12/site-packages/airflow/example_dags/example_complex.py
[2025-11-22T20:51:07.986+0500] {logging_mixin.py:190} INFO - [2025-11-22T20:51:07.985+0500] {dag.py:3239} INFO - Sync 1 DAGs
[2025-11-22T20:51:08.001+0500] {logging_mixin.py:190} INFO - [2025-11-22T20:51:08.000+0500] {dag.py:4180} INFO - Setting next_dagrun for example_complex to None, run_after=None
[2025-11-22T20:51:08.073+0500] {processor.py:208} INFO - Processing /mnt/c/Users/Raj/OneDrive - Åbo Akademi O365/banking/airflow/.venv/lib/python3.12/site-packages/airflow/example_dags/example_complex.py took 0.200 seconds
[2025-11-22T20:52:53.028+0500] {processor.py:186} INFO - Started process (PID=67505) to work on /mnt/c/Users/Raj/OneDrive - Åbo Akademi O365/banking/airflow/.venv/lib/python3.12/site-packages/airflow/example_dags/example_complex.py
[2025-11-22T20:52:53.030+0500] {processor.py:914} INFO - Processing file /mnt/c/Users/Raj/OneDrive - Åbo Akademi O365/banking/airflow/.venv/lib/python3.12/site-packages/airflow/example_dags/example_complex.py for tasks to queue
[2025-11-22T20:52:53.033+0500] {logging_mixin.py:190} INFO - [2025-11-22T20:52:53.032+0500] {dagbag.py:588} INFO - Filling up the DagBag from /mnt/c/Users/Raj/OneDrive - Åbo Akademi O365/banking/airflow/.venv/lib/python3.12/site-packages/airflow/example_dags/example_complex.py
[2025-11-22T20:52:53.057+0500] {processor.py:925} INFO - DAG(s) 'example_complex' retrieved from /mnt/c/Users/Raj/OneDrive - Åbo Akademi O365/banking/airflow/.venv/lib/python3.12/site-packages/airflow/example_dags/example_complex.py
[2025-11-22T20:52:53.113+0500] {logging_mixin.py:190} INFO - [2025-11-22T20:52:53.112+0500] {dag.py:3239} INFO - Sync 1 DAGs
[2025-11-22T20:52:53.129+0500] {logging_mixin.py:190} INFO - [2025-11-22T20:52:53.128+0500] {dag.py:4180} INFO - Setting next_dagrun for example_complex to None, run_after=None
[2025-11-22T20:52:53.186+0500] {processor.py:208} INFO - Processing /mnt/c/Users/Raj/OneDrive - Åbo Akademi O365/banking/airflow/.venv/lib/python3.12/site-packages/airflow/example_dags/example_complex.py took 0.172 seconds
[2025-11-22T20:54:33.581+0500] {processor.py:186} INFO - Started process (PID=67587) to work on /mnt/c/Users/Raj/OneDrive - Åbo Akademi O365/banking/airflow/.venv/lib/python3.12/site-packages/airflow/example_dags/example_complex.py
[2025-11-22T20:54:33.583+0500] {processor.py:914} INFO - Processing file /mnt/c/Users/Raj/OneDrive - Åbo Akademi O365/banking/airflow/.venv/lib/python3.12/site-packages/airflow/example_dags/example_complex.py for tasks to queue
[2025-11-22T20:54:33.589+0500] {logging_mixin.py:190} INFO - [2025-11-22T20:54:33.587+0500] {dagbag.py:588} INFO - Filling up the DagBag from /mnt/c/Users/Raj/OneDrive - Åbo Akademi O365/banking/airflow/.venv/lib/python3.12/site-packages/airflow/example_dags/example_complex.py
[2025-11-22T20:54:33.623+0500] {processor.py:925} INFO - DAG(s) 'example_complex' retrieved from /mnt/c/Users/Raj/OneDrive - Åbo Akademi O365/banking/airflow/.venv/lib/python3.12/site-packages/airflow/example_dags/example_complex.py
[2025-11-22T20:54:33.680+0500] {logging_mixin.py:190} INFO - [2025-11-22T20:54:33.679+0500] {dag.py:3239} INFO - Sync 1 DAGs
[2025-11-22T20:54:33.703+0500] {logging_mixin.py:190} INFO - [2025-11-22T20:54:33.701+0500] {dag.py:4180} INFO - Setting next_dagrun for example_complex to None, run_after=None
[2025-11-22T20:54:33.785+0500] {processor.py:208} INFO - Processing /mnt/c/Users/Raj/OneDrive - Åbo Akademi O365/banking/airflow/.venv/lib/python3.12/site-packages/airflow/example_dags/example_complex.py took 0.222 seconds
[2025-11-22T20:56:18.500+0500] {processor.py:186} INFO - Started process (PID=67752) to work on /mnt/c/Users/Raj/OneDrive - Åbo Akademi O365/banking/airflow/.venv/lib/python3.12/site-packages/airflow/example_dags/example_complex.py
[2025-11-22T20:56:18.503+0500] {processor.py:914} INFO - Processing file /mnt/c/Users/Raj/OneDrive - Åbo Akademi O365/banking/airflow/.venv/lib/python3.12/site-packages/airflow/example_dags/example_complex.py for tasks to queue
[2025-11-22T20:56:18.506+0500] {logging_mixin.py:190} INFO - [2025-11-22T20:56:18.505+0500] {dagbag.py:588} INFO - Filling up the DagBag from /mnt/c/Users/Raj/OneDrive - Åbo Akademi O365/banking/airflow/.venv/lib/python3.12/site-packages/airflow/example_dags/example_complex.py
[2025-11-22T20:56:18.546+0500] {processor.py:925} INFO - DAG(s) 'example_complex' retrieved from /mnt/c/Users/Raj/OneDrive - Åbo Akademi O365/banking/airflow/.venv/lib/python3.12/site-packages/airflow/example_dags/example_complex.py
[2025-11-22T20:56:18.604+0500] {logging_mixin.py:190} INFO - [2025-11-22T20:56:18.603+0500] {dag.py:3239} INFO - Sync 1 DAGs
[2025-11-22T20:56:18.623+0500] {logging_mixin.py:190} INFO - [2025-11-22T20:56:18.622+0500] {dag.py:4180} INFO - Setting next_dagrun for example_complex to None, run_after=None
[2025-11-22T20:56:18.709+0500] {processor.py:208} INFO - Processing /mnt/c/Users/Raj/OneDrive - Åbo Akademi O365/banking/airflow/.venv/lib/python3.12/site-packages/airflow/example_dags/example_complex.py took 0.225 seconds
[2025-11-22T20:58:02.564+0500] {processor.py:186} INFO - Started process (PID=67832) to work on /mnt/c/Users/Raj/OneDrive - Åbo Akademi O365/banking/airflow/.venv/lib/python3.12/site-packages/airflow/example_dags/example_complex.py
[2025-11-22T20:58:02.567+0500] {processor.py:914} INFO - Processing file /mnt/c/Users/Raj/OneDrive - Åbo Akademi O365/banking/airflow/.venv/lib/python3.12/site-packages/airflow/example_dags/example_complex.py for tasks to queue
[2025-11-22T20:58:02.570+0500] {logging_mixin.py:190} INFO - [2025-11-22T20:58:02.569+0500] {dagbag.py:588} INFO - Filling up the DagBag from /mnt/c/Users/Raj/OneDrive - Åbo Akademi O365/banking/airflow/.venv/lib/python3.12/site-packages/airflow/example_dags/example_complex.py
[2025-11-22T20:58:02.605+0500] {processor.py:925} INFO - DAG(s) 'example_complex' retrieved from /mnt/c/Users/Raj/OneDrive - Åbo Akademi O365/banking/airflow/.venv/lib/python3.12/site-packages/airflow/example_dags/example_complex.py
[2025-11-22T20:58:02.658+0500] {logging_mixin.py:190} INFO - [2025-11-22T20:58:02.657+0500] {dag.py:3239} INFO - Sync 1 DAGs
[2025-11-22T20:58:02.678+0500] {logging_mixin.py:190} INFO - [2025-11-22T20:58:02.677+0500] {dag.py:4180} INFO - Setting next_dagrun for example_complex to None, run_after=None
[2025-11-22T20:58:02.757+0500] {processor.py:208} INFO - Processing /mnt/c/Users/Raj/OneDrive - Åbo Akademi O365/banking/airflow/.venv/lib/python3.12/site-packages/airflow/example_dags/example_complex.py took 0.208 seconds
[2025-11-22T20:59:40.390+0500] {processor.py:186} INFO - Started process (PID=67913) to work on /mnt/c/Users/Raj/OneDrive - Åbo Akademi O365/banking/airflow/.venv/lib/python3.12/site-packages/airflow/example_dags/example_complex.py
[2025-11-22T20:59:40.393+0500] {processor.py:914} INFO - Processing file /mnt/c/Users/Raj/OneDrive - Åbo Akademi O365/banking/airflow/.venv/lib/python3.12/site-packages/airflow/example_dags/example_complex.py for tasks to queue
[2025-11-22T20:59:40.396+0500] {logging_mixin.py:190} INFO - [2025-11-22T20:59:40.395+0500] {dagbag.py:588} INFO - Filling up the DagBag from /mnt/c/Users/Raj/OneDrive - Åbo Akademi O365/banking/airflow/.venv/lib/python3.12/site-packages/airflow/example_dags/example_complex.py
[2025-11-22T20:59:40.429+0500] {processor.py:925} INFO - DAG(s) 'example_complex' retrieved from /mnt/c/Users/Raj/OneDrive - Åbo Akademi O365/banking/airflow/.venv/lib/python3.12/site-packages/airflow/example_dags/example_complex.py
[2025-11-22T20:59:40.488+0500] {logging_mixin.py:190} INFO - [2025-11-22T20:59:40.487+0500] {dag.py:3239} INFO - Sync 1 DAGs
[2025-11-22T20:59:40.504+0500] {logging_mixin.py:190} INFO - [2025-11-22T20:59:40.503+0500] {dag.py:4180} INFO - Setting next_dagrun for example_complex to None, run_after=None
[2025-11-22T20:59:40.576+0500] {processor.py:208} INFO - Processing /mnt/c/Users/Raj/OneDrive - Åbo Akademi O365/banking/airflow/.venv/lib/python3.12/site-packages/airflow/example_dags/example_complex.py took 0.200 seconds
[2025-11-22T21:01:26.290+0500] {processor.py:186} INFO - Started process (PID=68004) to work on /mnt/c/Users/Raj/OneDrive - Åbo Akademi O365/banking/airflow/.venv/lib/python3.12/site-packages/airflow/example_dags/example_complex.py
[2025-11-22T21:01:26.293+0500] {processor.py:914} INFO - Processing file /mnt/c/Users/Raj/OneDrive - Åbo Akademi O365/banking/airflow/.venv/lib/python3.12/site-packages/airflow/example_dags/example_complex.py for tasks to queue
[2025-11-22T21:01:26.297+0500] {logging_mixin.py:190} INFO - [2025-11-22T21:01:26.296+0500] {dagbag.py:588} INFO - Filling up the DagBag from /mnt/c/Users/Raj/OneDrive - Åbo Akademi O365/banking/airflow/.venv/lib/python3.12/site-packages/airflow/example_dags/example_complex.py
[2025-11-22T21:01:26.339+0500] {processor.py:925} INFO - DAG(s) 'example_complex' retrieved from /mnt/c/Users/Raj/OneDrive - Åbo Akademi O365/banking/airflow/.venv/lib/python3.12/site-packages/airflow/example_dags/example_complex.py
[2025-11-22T21:01:26.425+0500] {logging_mixin.py:190} INFO - [2025-11-22T21:01:26.423+0500] {dag.py:3239} INFO - Sync 1 DAGs
[2025-11-22T21:01:26.460+0500] {logging_mixin.py:190} INFO - [2025-11-22T21:01:26.459+0500] {dag.py:4180} INFO - Setting next_dagrun for example_complex to None, run_after=None
[2025-11-22T21:01:26.545+0500] {processor.py:208} INFO - Processing /mnt/c/Users/Raj/OneDrive - Åbo Akademi O365/banking/airflow/.venv/lib/python3.12/site-packages/airflow/example_dags/example_complex.py took 0.275 seconds
[2025-11-22T21:03:49.065+0500] {processor.py:186} INFO - Started process (PID=68118) to work on /mnt/c/Users/Raj/OneDrive - Åbo Akademi O365/banking/airflow/.venv/lib/python3.12/site-packages/airflow/example_dags/example_complex.py
[2025-11-22T21:03:49.067+0500] {processor.py:914} INFO - Processing file /mnt/c/Users/Raj/OneDrive - Åbo Akademi O365/banking/airflow/.venv/lib/python3.12/site-packages/airflow/example_dags/example_complex.py for tasks to queue
[2025-11-22T21:03:49.071+0500] {logging_mixin.py:190} INFO - [2025-11-22T21:03:49.070+0500] {dagbag.py:588} INFO - Filling up the DagBag from /mnt/c/Users/Raj/OneDrive - Åbo Akademi O365/banking/airflow/.venv/lib/python3.12/site-packages/airflow/example_dags/example_complex.py
[2025-11-22T21:03:49.102+0500] {processor.py:925} INFO - DAG(s) 'example_complex' retrieved from /mnt/c/Users/Raj/OneDrive - Åbo Akademi O365/banking/airflow/.venv/lib/python3.12/site-packages/airflow/example_dags/example_complex.py
[2025-11-22T21:03:49.152+0500] {logging_mixin.py:190} INFO - [2025-11-22T21:03:49.151+0500] {dag.py:3239} INFO - Sync 1 DAGs
[2025-11-22T21:03:49.174+0500] {logging_mixin.py:190} INFO - [2025-11-22T21:03:49.173+0500] {dag.py:4180} INFO - Setting next_dagrun for example_complex to None, run_after=None
[2025-11-22T21:03:49.252+0500] {processor.py:208} INFO - Processing /mnt/c/Users/Raj/OneDrive - Åbo Akademi O365/banking/airflow/.venv/lib/python3.12/site-packages/airflow/example_dags/example_complex.py took 0.207 seconds
[2025-11-22T21:08:15.258+0500] {processor.py:186} INFO - Started process (PID=68313) to work on /mnt/c/Users/Raj/OneDrive - Åbo Akademi O365/banking/airflow/.venv/lib/python3.12/site-packages/airflow/example_dags/example_complex.py
[2025-11-22T21:08:15.261+0500] {processor.py:914} INFO - Processing file /mnt/c/Users/Raj/OneDrive - Åbo Akademi O365/banking/airflow/.venv/lib/python3.12/site-packages/airflow/example_dags/example_complex.py for tasks to queue
[2025-11-22T21:08:15.264+0500] {logging_mixin.py:190} INFO - [2025-11-22T21:08:15.263+0500] {dagbag.py:588} INFO - Filling up the DagBag from /mnt/c/Users/Raj/OneDrive - Åbo Akademi O365/banking/airflow/.venv/lib/python3.12/site-packages/airflow/example_dags/example_complex.py
[2025-11-22T21:08:15.297+0500] {processor.py:925} INFO - DAG(s) 'example_complex' retrieved from /mnt/c/Users/Raj/OneDrive - Åbo Akademi O365/banking/airflow/.venv/lib/python3.12/site-packages/airflow/example_dags/example_complex.py
[2025-11-22T21:08:15.379+0500] {logging_mixin.py:190} INFO - [2025-11-22T21:08:15.377+0500] {dag.py:3239} INFO - Sync 1 DAGs
[2025-11-22T21:08:15.402+0500] {logging_mixin.py:190} INFO - [2025-11-22T21:08:15.401+0500] {dag.py:4180} INFO - Setting next_dagrun for example_complex to None, run_after=None
[2025-11-22T21:08:15.494+0500] {processor.py:208} INFO - Processing /mnt/c/Users/Raj/OneDrive - Åbo Akademi O365/banking/airflow/.venv/lib/python3.12/site-packages/airflow/example_dags/example_complex.py took 0.258 seconds
[2025-11-22T21:10:23.784+0500] {processor.py:186} INFO - Started process (PID=68408) to work on /mnt/c/Users/Raj/OneDrive - Åbo Akademi O365/banking/airflow/.venv/lib/python3.12/site-packages/airflow/example_dags/example_complex.py
[2025-11-22T21:10:23.787+0500] {processor.py:914} INFO - Processing file /mnt/c/Users/Raj/OneDrive - Åbo Akademi O365/banking/airflow/.venv/lib/python3.12/site-packages/airflow/example_dags/example_complex.py for tasks to queue
[2025-11-22T21:10:23.791+0500] {logging_mixin.py:190} INFO - [2025-11-22T21:10:23.789+0500] {dagbag.py:588} INFO - Filling up the DagBag from /mnt/c/Users/Raj/OneDrive - Åbo Akademi O365/banking/airflow/.venv/lib/python3.12/site-packages/airflow/example_dags/example_complex.py
[2025-11-22T21:10:23.824+0500] {processor.py:925} INFO - DAG(s) 'example_complex' retrieved from /mnt/c/Users/Raj/OneDrive - Åbo Akademi O365/banking/airflow/.venv/lib/python3.12/site-packages/airflow/example_dags/example_complex.py
[2025-11-22T21:10:23.878+0500] {logging_mixin.py:190} INFO - [2025-11-22T21:10:23.877+0500] {dag.py:3239} INFO - Sync 1 DAGs
[2025-11-22T21:10:23.897+0500] {logging_mixin.py:190} INFO - [2025-11-22T21:10:23.896+0500] {dag.py:4180} INFO - Setting next_dagrun for example_complex to None, run_after=None
[2025-11-22T21:10:23.980+0500] {processor.py:208} INFO - Processing /mnt/c/Users/Raj/OneDrive - Åbo Akademi O365/banking/airflow/.venv/lib/python3.12/site-packages/airflow/example_dags/example_complex.py took 0.216 seconds
[2025-11-22T21:12:15.508+0500] {processor.py:186} INFO - Started process (PID=68492) to work on /mnt/c/Users/Raj/OneDrive - Åbo Akademi O365/banking/airflow/.venv/lib/python3.12/site-packages/airflow/example_dags/example_complex.py
[2025-11-22T21:12:15.510+0500] {processor.py:914} INFO - Processing file /mnt/c/Users/Raj/OneDrive - Åbo Akademi O365/banking/airflow/.venv/lib/python3.12/site-packages/airflow/example_dags/example_complex.py for tasks to queue
[2025-11-22T21:12:15.515+0500] {logging_mixin.py:190} INFO - [2025-11-22T21:12:15.513+0500] {dagbag.py:588} INFO - Filling up the DagBag from /mnt/c/Users/Raj/OneDrive - Åbo Akademi O365/banking/airflow/.venv/lib/python3.12/site-packages/airflow/example_dags/example_complex.py
[2025-11-22T21:12:15.540+0500] {processor.py:925} INFO - DAG(s) 'example_complex' retrieved from /mnt/c/Users/Raj/OneDrive - Åbo Akademi O365/banking/airflow/.venv/lib/python3.12/site-packages/airflow/example_dags/example_complex.py
[2025-11-22T21:12:15.578+0500] {logging_mixin.py:190} INFO - [2025-11-22T21:12:15.577+0500] {dag.py:3239} INFO - Sync 1 DAGs
[2025-11-22T21:12:15.592+0500] {logging_mixin.py:190} INFO - [2025-11-22T21:12:15.591+0500] {dag.py:4180} INFO - Setting next_dagrun for example_complex to None, run_after=None
[2025-11-22T21:12:15.647+0500] {processor.py:208} INFO - Processing /mnt/c/Users/Raj/OneDrive - Åbo Akademi O365/banking/airflow/.venv/lib/python3.12/site-packages/airflow/example_dags/example_complex.py took 0.166 seconds
[2025-11-22T21:14:00.217+0500] {processor.py:186} INFO - Started process (PID=68575) to work on /mnt/c/Users/Raj/OneDrive - Åbo Akademi O365/banking/airflow/.venv/lib/python3.12/site-packages/airflow/example_dags/example_complex.py
[2025-11-22T21:14:00.219+0500] {processor.py:914} INFO - Processing file /mnt/c/Users/Raj/OneDrive - Åbo Akademi O365/banking/airflow/.venv/lib/python3.12/site-packages/airflow/example_dags/example_complex.py for tasks to queue
[2025-11-22T21:14:00.222+0500] {logging_mixin.py:190} INFO - [2025-11-22T21:14:00.221+0500] {dagbag.py:588} INFO - Filling up the DagBag from /mnt/c/Users/Raj/OneDrive - Åbo Akademi O365/banking/airflow/.venv/lib/python3.12/site-packages/airflow/example_dags/example_complex.py
[2025-11-22T21:14:00.254+0500] {processor.py:925} INFO - DAG(s) 'example_complex' retrieved from /mnt/c/Users/Raj/OneDrive - Åbo Akademi O365/banking/airflow/.venv/lib/python3.12/site-packages/airflow/example_dags/example_complex.py
[2025-11-22T21:14:00.310+0500] {logging_mixin.py:190} INFO - [2025-11-22T21:14:00.309+0500] {dag.py:3239} INFO - Sync 1 DAGs
[2025-11-22T21:14:00.334+0500] {logging_mixin.py:190} INFO - [2025-11-22T21:14:00.333+0500] {dag.py:4180} INFO - Setting next_dagrun for example_complex to None, run_after=None
[2025-11-22T21:14:00.408+0500] {processor.py:208} INFO - Processing /mnt/c/Users/Raj/OneDrive - Åbo Akademi O365/banking/airflow/.venv/lib/python3.12/site-packages/airflow/example_dags/example_complex.py took 0.210 seconds
[2025-11-22T21:15:40.276+0500] {processor.py:186} INFO - Started process (PID=68649) to work on /mnt/c/Users/Raj/OneDrive - Åbo Akademi O365/banking/airflow/.venv/lib/python3.12/site-packages/airflow/example_dags/example_complex.py
[2025-11-22T21:15:40.279+0500] {processor.py:914} INFO - Processing file /mnt/c/Users/Raj/OneDrive - Åbo Akademi O365/banking/airflow/.venv/lib/python3.12/site-packages/airflow/example_dags/example_complex.py for tasks to queue
[2025-11-22T21:15:40.283+0500] {logging_mixin.py:190} INFO - [2025-11-22T21:15:40.281+0500] {dagbag.py:588} INFO - Filling up the DagBag from /mnt/c/Users/Raj/OneDrive - Åbo Akademi O365/banking/airflow/.venv/lib/python3.12/site-packages/airflow/example_dags/example_complex.py
[2025-11-22T21:15:40.316+0500] {processor.py:925} INFO - DAG(s) 'example_complex' retrieved from /mnt/c/Users/Raj/OneDrive - Åbo Akademi O365/banking/airflow/.venv/lib/python3.12/site-packages/airflow/example_dags/example_complex.py
[2025-11-22T21:15:40.380+0500] {logging_mixin.py:190} INFO - [2025-11-22T21:15:40.379+0500] {dag.py:3239} INFO - Sync 1 DAGs
[2025-11-22T21:15:40.397+0500] {logging_mixin.py:190} INFO - [2025-11-22T21:15:40.396+0500] {dag.py:4180} INFO - Setting next_dagrun for example_complex to None, run_after=None
[2025-11-22T21:15:40.471+0500] {processor.py:208} INFO - Processing /mnt/c/Users/Raj/OneDrive - Åbo Akademi O365/banking/airflow/.venv/lib/python3.12/site-packages/airflow/example_dags/example_complex.py took 0.218 seconds
[2025-11-22T21:17:18.531+0500] {processor.py:186} INFO - Started process (PID=68730) to work on /mnt/c/Users/Raj/OneDrive - Åbo Akademi O365/banking/airflow/.venv/lib/python3.12/site-packages/airflow/example_dags/example_complex.py
[2025-11-22T21:17:18.534+0500] {processor.py:914} INFO - Processing file /mnt/c/Users/Raj/OneDrive - Åbo Akademi O365/banking/airflow/.venv/lib/python3.12/site-packages/airflow/example_dags/example_complex.py for tasks to queue
[2025-11-22T21:17:18.537+0500] {logging_mixin.py:190} INFO - [2025-11-22T21:17:18.536+0500] {dagbag.py:588} INFO - Filling up the DagBag from /mnt/c/Users/Raj/OneDrive - Åbo Akademi O365/banking/airflow/.venv/lib/python3.12/site-packages/airflow/example_dags/example_complex.py
[2025-11-22T21:17:18.564+0500] {processor.py:925} INFO - DAG(s) 'example_complex' retrieved from /mnt/c/Users/Raj/OneDrive - Åbo Akademi O365/banking/airflow/.venv/lib/python3.12/site-packages/airflow/example_dags/example_complex.py
[2025-11-22T21:17:18.612+0500] {logging_mixin.py:190} INFO - [2025-11-22T21:17:18.611+0500] {dag.py:3239} INFO - Sync 1 DAGs
[2025-11-22T21:17:18.629+0500] {logging_mixin.py:190} INFO - [2025-11-22T21:17:18.628+0500] {dag.py:4180} INFO - Setting next_dagrun for example_complex to None, run_after=None
[2025-11-22T21:17:18.704+0500] {processor.py:208} INFO - Processing /mnt/c/Users/Raj/OneDrive - Åbo Akademi O365/banking/airflow/.venv/lib/python3.12/site-packages/airflow/example_dags/example_complex.py took 0.193 seconds
[2025-11-22T21:19:02.382+0500] {processor.py:186} INFO - Started process (PID=68812) to work on /mnt/c/Users/Raj/OneDrive - Åbo Akademi O365/banking/airflow/.venv/lib/python3.12/site-packages/airflow/example_dags/example_complex.py
[2025-11-22T21:19:02.385+0500] {processor.py:914} INFO - Processing file /mnt/c/Users/Raj/OneDrive - Åbo Akademi O365/banking/airflow/.venv/lib/python3.12/site-packages/airflow/example_dags/example_complex.py for tasks to queue
[2025-11-22T21:19:02.389+0500] {logging_mixin.py:190} INFO - [2025-11-22T21:19:02.387+0500] {dagbag.py:588} INFO - Filling up the DagBag from /mnt/c/Users/Raj/OneDrive - Åbo Akademi O365/banking/airflow/.venv/lib/python3.12/site-packages/airflow/example_dags/example_complex.py
[2025-11-22T21:19:02.420+0500] {processor.py:925} INFO - DAG(s) 'example_complex' retrieved from /mnt/c/Users/Raj/OneDrive - Åbo Akademi O365/banking/airflow/.venv/lib/python3.12/site-packages/airflow/example_dags/example_complex.py
[2025-11-22T21:19:02.470+0500] {logging_mixin.py:190} INFO - [2025-11-22T21:19:02.469+0500] {dag.py:3239} INFO - Sync 1 DAGs
[2025-11-22T21:19:02.487+0500] {logging_mixin.py:190} INFO - [2025-11-22T21:19:02.486+0500] {dag.py:4180} INFO - Setting next_dagrun for example_complex to None, run_after=None
[2025-11-22T21:19:02.569+0500] {processor.py:208} INFO - Processing /mnt/c/Users/Raj/OneDrive - Åbo Akademi O365/banking/airflow/.venv/lib/python3.12/site-packages/airflow/example_dags/example_complex.py took 0.214 seconds
[2025-11-22T21:20:44.549+0500] {processor.py:186} INFO - Started process (PID=68891) to work on /mnt/c/Users/Raj/OneDrive - Åbo Akademi O365/banking/airflow/.venv/lib/python3.12/site-packages/airflow/example_dags/example_complex.py
[2025-11-22T21:20:44.552+0500] {processor.py:914} INFO - Processing file /mnt/c/Users/Raj/OneDrive - Åbo Akademi O365/banking/airflow/.venv/lib/python3.12/site-packages/airflow/example_dags/example_complex.py for tasks to queue
[2025-11-22T21:20:44.556+0500] {logging_mixin.py:190} INFO - [2025-11-22T21:20:44.554+0500] {dagbag.py:588} INFO - Filling up the DagBag from /mnt/c/Users/Raj/OneDrive - Åbo Akademi O365/banking/airflow/.venv/lib/python3.12/site-packages/airflow/example_dags/example_complex.py
[2025-11-22T21:20:44.600+0500] {processor.py:925} INFO - DAG(s) 'example_complex' retrieved from /mnt/c/Users/Raj/OneDrive - Åbo Akademi O365/banking/airflow/.venv/lib/python3.12/site-packages/airflow/example_dags/example_complex.py
[2025-11-22T21:20:44.676+0500] {logging_mixin.py:190} INFO - [2025-11-22T21:20:44.674+0500] {dag.py:3239} INFO - Sync 1 DAGs
[2025-11-22T21:20:44.695+0500] {logging_mixin.py:190} INFO - [2025-11-22T21:20:44.693+0500] {dag.py:4180} INFO - Setting next_dagrun for example_complex to None, run_after=None
[2025-11-22T21:20:44.770+0500] {processor.py:208} INFO - Processing /mnt/c/Users/Raj/OneDrive - Åbo Akademi O365/banking/airflow/.venv/lib/python3.12/site-packages/airflow/example_dags/example_complex.py took 0.242 seconds
[2025-11-22T21:22:32.934+0500] {processor.py:186} INFO - Started process (PID=68975) to work on /mnt/c/Users/Raj/OneDrive - Åbo Akademi O365/banking/airflow/.venv/lib/python3.12/site-packages/airflow/example_dags/example_complex.py
[2025-11-22T21:22:32.940+0500] {processor.py:914} INFO - Processing file /mnt/c/Users/Raj/OneDrive - Åbo Akademi O365/banking/airflow/.venv/lib/python3.12/site-packages/airflow/example_dags/example_complex.py for tasks to queue
[2025-11-22T21:22:32.945+0500] {logging_mixin.py:190} INFO - [2025-11-22T21:22:32.944+0500] {dagbag.py:588} INFO - Filling up the DagBag from /mnt/c/Users/Raj/OneDrive - Åbo Akademi O365/banking/airflow/.venv/lib/python3.12/site-packages/airflow/example_dags/example_complex.py
[2025-11-22T21:22:32.990+0500] {processor.py:925} INFO - DAG(s) 'example_complex' retrieved from /mnt/c/Users/Raj/OneDrive - Åbo Akademi O365/banking/airflow/.venv/lib/python3.12/site-packages/airflow/example_dags/example_complex.py
[2025-11-22T21:22:33.063+0500] {logging_mixin.py:190} INFO - [2025-11-22T21:22:33.062+0500] {dag.py:3239} INFO - Sync 1 DAGs
[2025-11-22T21:22:33.096+0500] {logging_mixin.py:190} INFO - [2025-11-22T21:22:33.092+0500] {dag.py:4180} INFO - Setting next_dagrun for example_complex to None, run_after=None
[2025-11-22T21:22:33.248+0500] {processor.py:208} INFO - Processing /mnt/c/Users/Raj/OneDrive - Åbo Akademi O365/banking/airflow/.venv/lib/python3.12/site-packages/airflow/example_dags/example_complex.py took 0.348 seconds
[2025-11-22T21:24:17.704+0500] {processor.py:186} INFO - Started process (PID=69051) to work on /mnt/c/Users/Raj/OneDrive - Åbo Akademi O365/banking/airflow/.venv/lib/python3.12/site-packages/airflow/example_dags/example_complex.py
[2025-11-22T21:24:17.707+0500] {processor.py:914} INFO - Processing file /mnt/c/Users/Raj/OneDrive - Åbo Akademi O365/banking/airflow/.venv/lib/python3.12/site-packages/airflow/example_dags/example_complex.py for tasks to queue
[2025-11-22T21:24:17.712+0500] {logging_mixin.py:190} INFO - [2025-11-22T21:24:17.710+0500] {dagbag.py:588} INFO - Filling up the DagBag from /mnt/c/Users/Raj/OneDrive - Åbo Akademi O365/banking/airflow/.venv/lib/python3.12/site-packages/airflow/example_dags/example_complex.py
[2025-11-22T21:24:17.746+0500] {processor.py:925} INFO - DAG(s) 'example_complex' retrieved from /mnt/c/Users/Raj/OneDrive - Åbo Akademi O365/banking/airflow/.venv/lib/python3.12/site-packages/airflow/example_dags/example_complex.py
[2025-11-22T21:24:17.797+0500] {logging_mixin.py:190} INFO - [2025-11-22T21:24:17.796+0500] {dag.py:3239} INFO - Sync 1 DAGs
[2025-11-22T21:24:17.819+0500] {logging_mixin.py:190} INFO - [2025-11-22T21:24:17.818+0500] {dag.py:4180} INFO - Setting next_dagrun for example_complex to None, run_after=None
[2025-11-22T21:24:17.897+0500] {processor.py:208} INFO - Processing /mnt/c/Users/Raj/OneDrive - Åbo Akademi O365/banking/airflow/.venv/lib/python3.12/site-packages/airflow/example_dags/example_complex.py took 0.217 seconds
