[2025-11-22T20:14:34.530+0500] {processor.py:186} INFO - Started process (PID=65699) to work on /mnt/c/Users/Raj/OneDrive - Åbo Akademi O365/banking/airflow/.venv/lib/python3.12/site-packages/airflow/example_dags/example_dataset_alias_with_no_taskflow.py
[2025-11-22T20:14:34.533+0500] {processor.py:914} INFO - Processing file /mnt/c/Users/Raj/OneDrive - Åbo Akademi O365/banking/airflow/.venv/lib/python3.12/site-packages/airflow/example_dags/example_dataset_alias_with_no_taskflow.py for tasks to queue
[2025-11-22T20:14:34.537+0500] {logging_mixin.py:190} INFO - [2025-11-22T20:14:34.535+0500] {dagbag.py:588} INFO - Filling up the DagBag from /mnt/c/Users/Raj/OneDrive - Åbo Akademi O365/banking/airflow/.venv/lib/python3.12/site-packages/airflow/example_dags/example_dataset_alias_with_no_taskflow.py
[2025-11-22T20:14:34.703+0500] {processor.py:925} INFO - DAG(s) 'dataset_alias_example_alias_producer_with_no_taskflow', 'dataset_alias_example_alias_consumer_with_no_taskflow', 'dataset_s3_bucket_producer_with_no_taskflow', 'dataset_s3_bucket_consumer_with_no_taskflow' retrieved from /mnt/c/Users/Raj/OneDrive - Åbo Akademi O365/banking/airflow/.venv/lib/python3.12/site-packages/airflow/example_dags/example_dataset_alias_with_no_taskflow.py
[2025-11-22T20:14:34.784+0500] {logging_mixin.py:190} INFO - [2025-11-22T20:14:34.782+0500] {dag.py:3239} INFO - Sync 4 DAGs
[2025-11-22T20:14:34.835+0500] {logging_mixin.py:190} INFO - [2025-11-22T20:14:34.834+0500] {dag.py:4180} INFO - Setting next_dagrun for dataset_alias_example_alias_consumer_with_no_taskflow to None, run_after=None
[2025-11-22T20:14:34.844+0500] {logging_mixin.py:190} INFO - [2025-11-22T20:14:34.843+0500] {dag.py:4180} INFO - Setting next_dagrun for dataset_alias_example_alias_producer_with_no_taskflow to None, run_after=None
[2025-11-22T20:14:34.850+0500] {logging_mixin.py:190} INFO - [2025-11-22T20:14:34.848+0500] {dag.py:4180} INFO - Setting next_dagrun for dataset_s3_bucket_consumer_with_no_taskflow to None, run_after=None
[2025-11-22T20:14:34.855+0500] {logging_mixin.py:190} INFO - [2025-11-22T20:14:34.854+0500] {dag.py:4180} INFO - Setting next_dagrun for dataset_s3_bucket_producer_with_no_taskflow to None, run_after=None
[2025-11-22T20:14:34.956+0500] {processor.py:208} INFO - Processing /mnt/c/Users/Raj/OneDrive - Åbo Akademi O365/banking/airflow/.venv/lib/python3.12/site-packages/airflow/example_dags/example_dataset_alias_with_no_taskflow.py took 0.447 seconds
[2025-11-22T20:16:37.154+0500] {processor.py:186} INFO - Started process (PID=65789) to work on /mnt/c/Users/Raj/OneDrive - Åbo Akademi O365/banking/airflow/.venv/lib/python3.12/site-packages/airflow/example_dags/example_dataset_alias_with_no_taskflow.py
[2025-11-22T20:16:37.157+0500] {processor.py:914} INFO - Processing file /mnt/c/Users/Raj/OneDrive - Åbo Akademi O365/banking/airflow/.venv/lib/python3.12/site-packages/airflow/example_dags/example_dataset_alias_with_no_taskflow.py for tasks to queue
[2025-11-22T20:16:37.165+0500] {logging_mixin.py:190} INFO - [2025-11-22T20:16:37.162+0500] {dagbag.py:588} INFO - Filling up the DagBag from /mnt/c/Users/Raj/OneDrive - Åbo Akademi O365/banking/airflow/.venv/lib/python3.12/site-packages/airflow/example_dags/example_dataset_alias_with_no_taskflow.py
[2025-11-22T20:16:37.317+0500] {processor.py:925} INFO - DAG(s) 'dataset_s3_bucket_consumer_with_no_taskflow', 'dataset_alias_example_alias_producer_with_no_taskflow', 'dataset_s3_bucket_producer_with_no_taskflow', 'dataset_alias_example_alias_consumer_with_no_taskflow' retrieved from /mnt/c/Users/Raj/OneDrive - Åbo Akademi O365/banking/airflow/.venv/lib/python3.12/site-packages/airflow/example_dags/example_dataset_alias_with_no_taskflow.py
[2025-11-22T20:16:37.393+0500] {logging_mixin.py:190} INFO - [2025-11-22T20:16:37.392+0500] {dag.py:3239} INFO - Sync 4 DAGs
[2025-11-22T20:16:37.432+0500] {logging_mixin.py:190} INFO - [2025-11-22T20:16:37.431+0500] {dag.py:4180} INFO - Setting next_dagrun for dataset_alias_example_alias_consumer_with_no_taskflow to None, run_after=None
[2025-11-22T20:16:37.439+0500] {logging_mixin.py:190} INFO - [2025-11-22T20:16:37.437+0500] {dag.py:4180} INFO - Setting next_dagrun for dataset_alias_example_alias_producer_with_no_taskflow to None, run_after=None
[2025-11-22T20:16:37.444+0500] {logging_mixin.py:190} INFO - [2025-11-22T20:16:37.442+0500] {dag.py:4180} INFO - Setting next_dagrun for dataset_s3_bucket_consumer_with_no_taskflow to None, run_after=None
[2025-11-22T20:16:37.449+0500] {logging_mixin.py:190} INFO - [2025-11-22T20:16:37.448+0500] {dag.py:4180} INFO - Setting next_dagrun for dataset_s3_bucket_producer_with_no_taskflow to None, run_after=None
[2025-11-22T20:16:37.527+0500] {processor.py:208} INFO - Processing /mnt/c/Users/Raj/OneDrive - Åbo Akademi O365/banking/airflow/.venv/lib/python3.12/site-packages/airflow/example_dags/example_dataset_alias_with_no_taskflow.py took 0.390 seconds
[2025-11-22T20:21:15.478+0500] {processor.py:186} INFO - Started process (PID=65952) to work on /mnt/c/Users/Raj/OneDrive - Åbo Akademi O365/banking/airflow/.venv/lib/python3.12/site-packages/airflow/example_dags/example_dataset_alias_with_no_taskflow.py
[2025-11-22T20:21:15.481+0500] {processor.py:914} INFO - Processing file /mnt/c/Users/Raj/OneDrive - Åbo Akademi O365/banking/airflow/.venv/lib/python3.12/site-packages/airflow/example_dags/example_dataset_alias_with_no_taskflow.py for tasks to queue
[2025-11-22T20:21:15.492+0500] {logging_mixin.py:190} INFO - [2025-11-22T20:21:15.486+0500] {dagbag.py:588} INFO - Filling up the DagBag from /mnt/c/Users/Raj/OneDrive - Åbo Akademi O365/banking/airflow/.venv/lib/python3.12/site-packages/airflow/example_dags/example_dataset_alias_with_no_taskflow.py
[2025-11-22T20:21:15.790+0500] {processor.py:925} INFO - DAG(s) 'dataset_s3_bucket_consumer_with_no_taskflow', 'dataset_s3_bucket_producer_with_no_taskflow', 'dataset_alias_example_alias_consumer_with_no_taskflow', 'dataset_alias_example_alias_producer_with_no_taskflow' retrieved from /mnt/c/Users/Raj/OneDrive - Åbo Akademi O365/banking/airflow/.venv/lib/python3.12/site-packages/airflow/example_dags/example_dataset_alias_with_no_taskflow.py
[2025-11-22T20:21:15.897+0500] {logging_mixin.py:190} INFO - [2025-11-22T20:21:15.895+0500] {dag.py:3239} INFO - Sync 4 DAGs
[2025-11-22T20:21:15.961+0500] {logging_mixin.py:190} INFO - [2025-11-22T20:21:15.959+0500] {dag.py:4180} INFO - Setting next_dagrun for dataset_alias_example_alias_consumer_with_no_taskflow to None, run_after=None
[2025-11-22T20:21:15.969+0500] {logging_mixin.py:190} INFO - [2025-11-22T20:21:15.967+0500] {dag.py:4180} INFO - Setting next_dagrun for dataset_alias_example_alias_producer_with_no_taskflow to None, run_after=None
[2025-11-22T20:21:15.978+0500] {logging_mixin.py:190} INFO - [2025-11-22T20:21:15.977+0500] {dag.py:4180} INFO - Setting next_dagrun for dataset_s3_bucket_consumer_with_no_taskflow to None, run_after=None
[2025-11-22T20:21:15.984+0500] {logging_mixin.py:190} INFO - [2025-11-22T20:21:15.983+0500] {dag.py:4180} INFO - Setting next_dagrun for dataset_s3_bucket_producer_with_no_taskflow to None, run_after=None
[2025-11-22T20:21:16.098+0500] {processor.py:208} INFO - Processing /mnt/c/Users/Raj/OneDrive - Åbo Akademi O365/banking/airflow/.venv/lib/python3.12/site-packages/airflow/example_dags/example_dataset_alias_with_no_taskflow.py took 0.656 seconds
[2025-11-22T20:23:31.363+0500] {processor.py:186} INFO - Started process (PID=66060) to work on /mnt/c/Users/Raj/OneDrive - Åbo Akademi O365/banking/airflow/.venv/lib/python3.12/site-packages/airflow/example_dags/example_dataset_alias_with_no_taskflow.py
[2025-11-22T20:23:31.366+0500] {processor.py:914} INFO - Processing file /mnt/c/Users/Raj/OneDrive - Åbo Akademi O365/banking/airflow/.venv/lib/python3.12/site-packages/airflow/example_dags/example_dataset_alias_with_no_taskflow.py for tasks to queue
[2025-11-22T20:23:31.371+0500] {logging_mixin.py:190} INFO - [2025-11-22T20:23:31.369+0500] {dagbag.py:588} INFO - Filling up the DagBag from /mnt/c/Users/Raj/OneDrive - Åbo Akademi O365/banking/airflow/.venv/lib/python3.12/site-packages/airflow/example_dags/example_dataset_alias_with_no_taskflow.py
[2025-11-22T20:23:31.571+0500] {processor.py:925} INFO - DAG(s) 'dataset_s3_bucket_producer_with_no_taskflow', 'dataset_alias_example_alias_consumer_with_no_taskflow', 'dataset_alias_example_alias_producer_with_no_taskflow', 'dataset_s3_bucket_consumer_with_no_taskflow' retrieved from /mnt/c/Users/Raj/OneDrive - Åbo Akademi O365/banking/airflow/.venv/lib/python3.12/site-packages/airflow/example_dags/example_dataset_alias_with_no_taskflow.py
[2025-11-22T20:23:31.636+0500] {logging_mixin.py:190} INFO - [2025-11-22T20:23:31.635+0500] {dag.py:3239} INFO - Sync 4 DAGs
[2025-11-22T20:23:31.671+0500] {logging_mixin.py:190} INFO - [2025-11-22T20:23:31.669+0500] {dag.py:4180} INFO - Setting next_dagrun for dataset_alias_example_alias_consumer_with_no_taskflow to None, run_after=None
[2025-11-22T20:23:31.677+0500] {logging_mixin.py:190} INFO - [2025-11-22T20:23:31.675+0500] {dag.py:4180} INFO - Setting next_dagrun for dataset_alias_example_alias_producer_with_no_taskflow to None, run_after=None
[2025-11-22T20:23:31.682+0500] {logging_mixin.py:190} INFO - [2025-11-22T20:23:31.680+0500] {dag.py:4180} INFO - Setting next_dagrun for dataset_s3_bucket_consumer_with_no_taskflow to None, run_after=None
[2025-11-22T20:23:31.686+0500] {logging_mixin.py:190} INFO - [2025-11-22T20:23:31.685+0500] {dag.py:4180} INFO - Setting next_dagrun for dataset_s3_bucket_producer_with_no_taskflow to None, run_after=None
[2025-11-22T20:23:31.770+0500] {processor.py:208} INFO - Processing /mnt/c/Users/Raj/OneDrive - Åbo Akademi O365/banking/airflow/.venv/lib/python3.12/site-packages/airflow/example_dags/example_dataset_alias_with_no_taskflow.py took 0.424 seconds
[2025-11-22T20:28:20.062+0500] {processor.py:186} INFO - Started process (PID=66279) to work on /mnt/c/Users/Raj/OneDrive - Åbo Akademi O365/banking/airflow/.venv/lib/python3.12/site-packages/airflow/example_dags/example_dataset_alias_with_no_taskflow.py
[2025-11-22T20:28:20.065+0500] {processor.py:914} INFO - Processing file /mnt/c/Users/Raj/OneDrive - Åbo Akademi O365/banking/airflow/.venv/lib/python3.12/site-packages/airflow/example_dags/example_dataset_alias_with_no_taskflow.py for tasks to queue
[2025-11-22T20:28:20.070+0500] {logging_mixin.py:190} INFO - [2025-11-22T20:28:20.067+0500] {dagbag.py:588} INFO - Filling up the DagBag from /mnt/c/Users/Raj/OneDrive - Åbo Akademi O365/banking/airflow/.venv/lib/python3.12/site-packages/airflow/example_dags/example_dataset_alias_with_no_taskflow.py
[2025-11-22T20:28:20.280+0500] {processor.py:925} INFO - DAG(s) 'dataset_alias_example_alias_producer_with_no_taskflow', 'dataset_s3_bucket_consumer_with_no_taskflow', 'dataset_alias_example_alias_consumer_with_no_taskflow', 'dataset_s3_bucket_producer_with_no_taskflow' retrieved from /mnt/c/Users/Raj/OneDrive - Åbo Akademi O365/banking/airflow/.venv/lib/python3.12/site-packages/airflow/example_dags/example_dataset_alias_with_no_taskflow.py
[2025-11-22T20:28:20.346+0500] {logging_mixin.py:190} INFO - [2025-11-22T20:28:20.345+0500] {dag.py:3239} INFO - Sync 4 DAGs
[2025-11-22T20:28:20.372+0500] {logging_mixin.py:190} INFO - [2025-11-22T20:28:20.371+0500] {dag.py:4180} INFO - Setting next_dagrun for dataset_alias_example_alias_consumer_with_no_taskflow to None, run_after=None
[2025-11-22T20:28:20.378+0500] {logging_mixin.py:190} INFO - [2025-11-22T20:28:20.376+0500] {dag.py:4180} INFO - Setting next_dagrun for dataset_alias_example_alias_producer_with_no_taskflow to None, run_after=None
[2025-11-22T20:28:20.382+0500] {logging_mixin.py:190} INFO - [2025-11-22T20:28:20.381+0500] {dag.py:4180} INFO - Setting next_dagrun for dataset_s3_bucket_consumer_with_no_taskflow to None, run_after=None
[2025-11-22T20:28:20.388+0500] {logging_mixin.py:190} INFO - [2025-11-22T20:28:20.386+0500] {dag.py:4180} INFO - Setting next_dagrun for dataset_s3_bucket_producer_with_no_taskflow to None, run_after=None
[2025-11-22T20:28:20.465+0500] {processor.py:208} INFO - Processing /mnt/c/Users/Raj/OneDrive - Åbo Akademi O365/banking/airflow/.venv/lib/python3.12/site-packages/airflow/example_dags/example_dataset_alias_with_no_taskflow.py took 0.426 seconds
[2025-11-22T20:30:14.828+0500] {processor.py:186} INFO - Started process (PID=66397) to work on /mnt/c/Users/Raj/OneDrive - Åbo Akademi O365/banking/airflow/.venv/lib/python3.12/site-packages/airflow/example_dags/example_dataset_alias_with_no_taskflow.py
[2025-11-22T20:30:14.831+0500] {processor.py:914} INFO - Processing file /mnt/c/Users/Raj/OneDrive - Åbo Akademi O365/banking/airflow/.venv/lib/python3.12/site-packages/airflow/example_dags/example_dataset_alias_with_no_taskflow.py for tasks to queue
[2025-11-22T20:30:14.843+0500] {logging_mixin.py:190} INFO - [2025-11-22T20:30:14.841+0500] {dagbag.py:588} INFO - Filling up the DagBag from /mnt/c/Users/Raj/OneDrive - Åbo Akademi O365/banking/airflow/.venv/lib/python3.12/site-packages/airflow/example_dags/example_dataset_alias_with_no_taskflow.py
[2025-11-22T20:30:15.092+0500] {processor.py:925} INFO - DAG(s) 'dataset_alias_example_alias_consumer_with_no_taskflow', 'dataset_s3_bucket_producer_with_no_taskflow', 'dataset_alias_example_alias_producer_with_no_taskflow', 'dataset_s3_bucket_consumer_with_no_taskflow' retrieved from /mnt/c/Users/Raj/OneDrive - Åbo Akademi O365/banking/airflow/.venv/lib/python3.12/site-packages/airflow/example_dags/example_dataset_alias_with_no_taskflow.py
[2025-11-22T20:30:15.177+0500] {logging_mixin.py:190} INFO - [2025-11-22T20:30:15.175+0500] {dag.py:3239} INFO - Sync 4 DAGs
[2025-11-22T20:30:15.220+0500] {logging_mixin.py:190} INFO - [2025-11-22T20:30:15.218+0500] {dag.py:4180} INFO - Setting next_dagrun for dataset_alias_example_alias_consumer_with_no_taskflow to None, run_after=None
[2025-11-22T20:30:15.226+0500] {logging_mixin.py:190} INFO - [2025-11-22T20:30:15.225+0500] {dag.py:4180} INFO - Setting next_dagrun for dataset_alias_example_alias_producer_with_no_taskflow to None, run_after=None
[2025-11-22T20:30:15.231+0500] {logging_mixin.py:190} INFO - [2025-11-22T20:30:15.230+0500] {dag.py:4180} INFO - Setting next_dagrun for dataset_s3_bucket_consumer_with_no_taskflow to None, run_after=None
[2025-11-22T20:30:15.237+0500] {logging_mixin.py:190} INFO - [2025-11-22T20:30:15.235+0500] {dag.py:4180} INFO - Setting next_dagrun for dataset_s3_bucket_producer_with_no_taskflow to None, run_after=None
[2025-11-22T20:30:15.318+0500] {processor.py:208} INFO - Processing /mnt/c/Users/Raj/OneDrive - Åbo Akademi O365/banking/airflow/.venv/lib/python3.12/site-packages/airflow/example_dags/example_dataset_alias_with_no_taskflow.py took 0.523 seconds
[2025-11-22T20:33:54.109+0500] {processor.py:186} INFO - Started process (PID=66557) to work on /mnt/c/Users/Raj/OneDrive - Åbo Akademi O365/banking/airflow/.venv/lib/python3.12/site-packages/airflow/example_dags/example_dataset_alias_with_no_taskflow.py
[2025-11-22T20:33:54.112+0500] {processor.py:914} INFO - Processing file /mnt/c/Users/Raj/OneDrive - Åbo Akademi O365/banking/airflow/.venv/lib/python3.12/site-packages/airflow/example_dags/example_dataset_alias_with_no_taskflow.py for tasks to queue
[2025-11-22T20:33:54.115+0500] {logging_mixin.py:190} INFO - [2025-11-22T20:33:54.113+0500] {dagbag.py:588} INFO - Filling up the DagBag from /mnt/c/Users/Raj/OneDrive - Åbo Akademi O365/banking/airflow/.venv/lib/python3.12/site-packages/airflow/example_dags/example_dataset_alias_with_no_taskflow.py
[2025-11-22T20:33:54.281+0500] {processor.py:925} INFO - DAG(s) 'dataset_s3_bucket_consumer_with_no_taskflow', 'dataset_s3_bucket_producer_with_no_taskflow', 'dataset_alias_example_alias_consumer_with_no_taskflow', 'dataset_alias_example_alias_producer_with_no_taskflow' retrieved from /mnt/c/Users/Raj/OneDrive - Åbo Akademi O365/banking/airflow/.venv/lib/python3.12/site-packages/airflow/example_dags/example_dataset_alias_with_no_taskflow.py
[2025-11-22T20:33:54.350+0500] {logging_mixin.py:190} INFO - [2025-11-22T20:33:54.348+0500] {dag.py:3239} INFO - Sync 4 DAGs
[2025-11-22T20:33:54.379+0500] {logging_mixin.py:190} INFO - [2025-11-22T20:33:54.377+0500] {dag.py:4180} INFO - Setting next_dagrun for dataset_alias_example_alias_consumer_with_no_taskflow to None, run_after=None
[2025-11-22T20:33:54.386+0500] {logging_mixin.py:190} INFO - [2025-11-22T20:33:54.385+0500] {dag.py:4180} INFO - Setting next_dagrun for dataset_alias_example_alias_producer_with_no_taskflow to None, run_after=None
[2025-11-22T20:33:54.391+0500] {logging_mixin.py:190} INFO - [2025-11-22T20:33:54.390+0500] {dag.py:4180} INFO - Setting next_dagrun for dataset_s3_bucket_consumer_with_no_taskflow to None, run_after=None
[2025-11-22T20:33:54.396+0500] {logging_mixin.py:190} INFO - [2025-11-22T20:33:54.395+0500] {dag.py:4180} INFO - Setting next_dagrun for dataset_s3_bucket_producer_with_no_taskflow to None, run_after=None
[2025-11-22T20:33:54.478+0500] {processor.py:208} INFO - Processing /mnt/c/Users/Raj/OneDrive - Åbo Akademi O365/banking/airflow/.venv/lib/python3.12/site-packages/airflow/example_dags/example_dataset_alias_with_no_taskflow.py took 0.387 seconds
[2025-11-22T20:35:45.669+0500] {processor.py:186} INFO - Started process (PID=66640) to work on /mnt/c/Users/Raj/OneDrive - Åbo Akademi O365/banking/airflow/.venv/lib/python3.12/site-packages/airflow/example_dags/example_dataset_alias_with_no_taskflow.py
[2025-11-22T20:35:45.672+0500] {processor.py:914} INFO - Processing file /mnt/c/Users/Raj/OneDrive - Åbo Akademi O365/banking/airflow/.venv/lib/python3.12/site-packages/airflow/example_dags/example_dataset_alias_with_no_taskflow.py for tasks to queue
[2025-11-22T20:35:45.676+0500] {logging_mixin.py:190} INFO - [2025-11-22T20:35:45.675+0500] {dagbag.py:588} INFO - Filling up the DagBag from /mnt/c/Users/Raj/OneDrive - Åbo Akademi O365/banking/airflow/.venv/lib/python3.12/site-packages/airflow/example_dags/example_dataset_alias_with_no_taskflow.py
[2025-11-22T20:35:45.837+0500] {processor.py:925} INFO - DAG(s) 'dataset_s3_bucket_producer_with_no_taskflow', 'dataset_alias_example_alias_producer_with_no_taskflow', 'dataset_s3_bucket_consumer_with_no_taskflow', 'dataset_alias_example_alias_consumer_with_no_taskflow' retrieved from /mnt/c/Users/Raj/OneDrive - Åbo Akademi O365/banking/airflow/.venv/lib/python3.12/site-packages/airflow/example_dags/example_dataset_alias_with_no_taskflow.py
[2025-11-22T20:35:45.890+0500] {logging_mixin.py:190} INFO - [2025-11-22T20:35:45.889+0500] {dag.py:3239} INFO - Sync 4 DAGs
[2025-11-22T20:35:45.915+0500] {logging_mixin.py:190} INFO - [2025-11-22T20:35:45.914+0500] {dag.py:4180} INFO - Setting next_dagrun for dataset_alias_example_alias_consumer_with_no_taskflow to None, run_after=None
[2025-11-22T20:35:45.920+0500] {logging_mixin.py:190} INFO - [2025-11-22T20:35:45.919+0500] {dag.py:4180} INFO - Setting next_dagrun for dataset_alias_example_alias_producer_with_no_taskflow to None, run_after=None
[2025-11-22T20:35:45.924+0500] {logging_mixin.py:190} INFO - [2025-11-22T20:35:45.923+0500] {dag.py:4180} INFO - Setting next_dagrun for dataset_s3_bucket_consumer_with_no_taskflow to None, run_after=None
[2025-11-22T20:35:45.928+0500] {logging_mixin.py:190} INFO - [2025-11-22T20:35:45.927+0500] {dag.py:4180} INFO - Setting next_dagrun for dataset_s3_bucket_producer_with_no_taskflow to None, run_after=None
[2025-11-22T20:35:46.003+0500] {processor.py:208} INFO - Processing /mnt/c/Users/Raj/OneDrive - Åbo Akademi O365/banking/airflow/.venv/lib/python3.12/site-packages/airflow/example_dags/example_dataset_alias_with_no_taskflow.py took 0.348 seconds
[2025-11-22T20:38:30.724+0500] {processor.py:186} INFO - Started process (PID=66773) to work on /mnt/c/Users/Raj/OneDrive - Åbo Akademi O365/banking/airflow/.venv/lib/python3.12/site-packages/airflow/example_dags/example_dataset_alias_with_no_taskflow.py
[2025-11-22T20:38:30.729+0500] {processor.py:914} INFO - Processing file /mnt/c/Users/Raj/OneDrive - Åbo Akademi O365/banking/airflow/.venv/lib/python3.12/site-packages/airflow/example_dags/example_dataset_alias_with_no_taskflow.py for tasks to queue
[2025-11-22T20:38:30.735+0500] {logging_mixin.py:190} INFO - [2025-11-22T20:38:30.733+0500] {dagbag.py:588} INFO - Filling up the DagBag from /mnt/c/Users/Raj/OneDrive - Åbo Akademi O365/banking/airflow/.venv/lib/python3.12/site-packages/airflow/example_dags/example_dataset_alias_with_no_taskflow.py
[2025-11-22T20:38:30.922+0500] {processor.py:925} INFO - DAG(s) 'dataset_s3_bucket_producer_with_no_taskflow', 'dataset_alias_example_alias_consumer_with_no_taskflow', 'dataset_alias_example_alias_producer_with_no_taskflow', 'dataset_s3_bucket_consumer_with_no_taskflow' retrieved from /mnt/c/Users/Raj/OneDrive - Åbo Akademi O365/banking/airflow/.venv/lib/python3.12/site-packages/airflow/example_dags/example_dataset_alias_with_no_taskflow.py
[2025-11-22T20:38:30.999+0500] {logging_mixin.py:190} INFO - [2025-11-22T20:38:30.997+0500] {dag.py:3239} INFO - Sync 4 DAGs
[2025-11-22T20:38:31.034+0500] {logging_mixin.py:190} INFO - [2025-11-22T20:38:31.032+0500] {dag.py:4180} INFO - Setting next_dagrun for dataset_alias_example_alias_consumer_with_no_taskflow to None, run_after=None
[2025-11-22T20:38:31.041+0500] {logging_mixin.py:190} INFO - [2025-11-22T20:38:31.040+0500] {dag.py:4180} INFO - Setting next_dagrun for dataset_alias_example_alias_producer_with_no_taskflow to None, run_after=None
[2025-11-22T20:38:31.047+0500] {logging_mixin.py:190} INFO - [2025-11-22T20:38:31.045+0500] {dag.py:4180} INFO - Setting next_dagrun for dataset_s3_bucket_consumer_with_no_taskflow to None, run_after=None
[2025-11-22T20:38:31.052+0500] {logging_mixin.py:190} INFO - [2025-11-22T20:38:31.051+0500] {dag.py:4180} INFO - Setting next_dagrun for dataset_s3_bucket_producer_with_no_taskflow to None, run_after=None
[2025-11-22T20:38:31.142+0500] {processor.py:208} INFO - Processing /mnt/c/Users/Raj/OneDrive - Åbo Akademi O365/banking/airflow/.venv/lib/python3.12/site-packages/airflow/example_dags/example_dataset_alias_with_no_taskflow.py took 0.434 seconds
[2025-11-22T20:40:16.204+0500] {processor.py:186} INFO - Started process (PID=66887) to work on /mnt/c/Users/Raj/OneDrive - Åbo Akademi O365/banking/airflow/.venv/lib/python3.12/site-packages/airflow/example_dags/example_dataset_alias_with_no_taskflow.py
[2025-11-22T20:40:16.207+0500] {processor.py:914} INFO - Processing file /mnt/c/Users/Raj/OneDrive - Åbo Akademi O365/banking/airflow/.venv/lib/python3.12/site-packages/airflow/example_dags/example_dataset_alias_with_no_taskflow.py for tasks to queue
[2025-11-22T20:40:16.212+0500] {logging_mixin.py:190} INFO - [2025-11-22T20:40:16.210+0500] {dagbag.py:588} INFO - Filling up the DagBag from /mnt/c/Users/Raj/OneDrive - Åbo Akademi O365/banking/airflow/.venv/lib/python3.12/site-packages/airflow/example_dags/example_dataset_alias_with_no_taskflow.py
[2025-11-22T20:40:16.384+0500] {processor.py:925} INFO - DAG(s) 'dataset_s3_bucket_consumer_with_no_taskflow', 'dataset_s3_bucket_producer_with_no_taskflow', 'dataset_alias_example_alias_producer_with_no_taskflow', 'dataset_alias_example_alias_consumer_with_no_taskflow' retrieved from /mnt/c/Users/Raj/OneDrive - Åbo Akademi O365/banking/airflow/.venv/lib/python3.12/site-packages/airflow/example_dags/example_dataset_alias_with_no_taskflow.py
[2025-11-22T20:40:16.448+0500] {logging_mixin.py:190} INFO - [2025-11-22T20:40:16.447+0500] {dag.py:3239} INFO - Sync 4 DAGs
[2025-11-22T20:40:16.476+0500] {logging_mixin.py:190} INFO - [2025-11-22T20:40:16.475+0500] {dag.py:4180} INFO - Setting next_dagrun for dataset_alias_example_alias_consumer_with_no_taskflow to None, run_after=None
[2025-11-22T20:40:16.484+0500] {logging_mixin.py:190} INFO - [2025-11-22T20:40:16.483+0500] {dag.py:4180} INFO - Setting next_dagrun for dataset_alias_example_alias_producer_with_no_taskflow to None, run_after=None
[2025-11-22T20:40:16.490+0500] {logging_mixin.py:190} INFO - [2025-11-22T20:40:16.489+0500] {dag.py:4180} INFO - Setting next_dagrun for dataset_s3_bucket_consumer_with_no_taskflow to None, run_after=None
[2025-11-22T20:40:16.495+0500] {logging_mixin.py:190} INFO - [2025-11-22T20:40:16.494+0500] {dag.py:4180} INFO - Setting next_dagrun for dataset_s3_bucket_producer_with_no_taskflow to None, run_after=None
[2025-11-22T20:40:16.584+0500] {processor.py:208} INFO - Processing /mnt/c/Users/Raj/OneDrive - Åbo Akademi O365/banking/airflow/.venv/lib/python3.12/site-packages/airflow/example_dags/example_dataset_alias_with_no_taskflow.py took 0.401 seconds
[2025-11-22T20:42:02.152+0500] {processor.py:186} INFO - Started process (PID=67000) to work on /mnt/c/Users/Raj/OneDrive - Åbo Akademi O365/banking/airflow/.venv/lib/python3.12/site-packages/airflow/example_dags/example_dataset_alias_with_no_taskflow.py
[2025-11-22T20:42:02.156+0500] {processor.py:914} INFO - Processing file /mnt/c/Users/Raj/OneDrive - Åbo Akademi O365/banking/airflow/.venv/lib/python3.12/site-packages/airflow/example_dags/example_dataset_alias_with_no_taskflow.py for tasks to queue
[2025-11-22T20:42:02.160+0500] {logging_mixin.py:190} INFO - [2025-11-22T20:42:02.158+0500] {dagbag.py:588} INFO - Filling up the DagBag from /mnt/c/Users/Raj/OneDrive - Åbo Akademi O365/banking/airflow/.venv/lib/python3.12/site-packages/airflow/example_dags/example_dataset_alias_with_no_taskflow.py
[2025-11-22T20:42:02.293+0500] {processor.py:925} INFO - DAG(s) 'dataset_s3_bucket_producer_with_no_taskflow', 'dataset_alias_example_alias_producer_with_no_taskflow', 'dataset_s3_bucket_consumer_with_no_taskflow', 'dataset_alias_example_alias_consumer_with_no_taskflow' retrieved from /mnt/c/Users/Raj/OneDrive - Åbo Akademi O365/banking/airflow/.venv/lib/python3.12/site-packages/airflow/example_dags/example_dataset_alias_with_no_taskflow.py
[2025-11-22T20:42:02.367+0500] {logging_mixin.py:190} INFO - [2025-11-22T20:42:02.366+0500] {dag.py:3239} INFO - Sync 4 DAGs
[2025-11-22T20:42:02.405+0500] {logging_mixin.py:190} INFO - [2025-11-22T20:42:02.403+0500] {dag.py:4180} INFO - Setting next_dagrun for dataset_alias_example_alias_consumer_with_no_taskflow to None, run_after=None
[2025-11-22T20:42:02.411+0500] {logging_mixin.py:190} INFO - [2025-11-22T20:42:02.410+0500] {dag.py:4180} INFO - Setting next_dagrun for dataset_alias_example_alias_producer_with_no_taskflow to None, run_after=None
[2025-11-22T20:42:02.415+0500] {logging_mixin.py:190} INFO - [2025-11-22T20:42:02.414+0500] {dag.py:4180} INFO - Setting next_dagrun for dataset_s3_bucket_consumer_with_no_taskflow to None, run_after=None
[2025-11-22T20:42:02.421+0500] {logging_mixin.py:190} INFO - [2025-11-22T20:42:02.419+0500] {dag.py:4180} INFO - Setting next_dagrun for dataset_s3_bucket_producer_with_no_taskflow to None, run_after=None
[2025-11-22T20:42:02.496+0500] {processor.py:208} INFO - Processing /mnt/c/Users/Raj/OneDrive - Åbo Akademi O365/banking/airflow/.venv/lib/python3.12/site-packages/airflow/example_dags/example_dataset_alias_with_no_taskflow.py took 0.365 seconds
[2025-11-22T20:44:20.406+0500] {processor.py:186} INFO - Started process (PID=67105) to work on /mnt/c/Users/Raj/OneDrive - Åbo Akademi O365/banking/airflow/.venv/lib/python3.12/site-packages/airflow/example_dags/example_dataset_alias_with_no_taskflow.py
[2025-11-22T20:44:20.409+0500] {processor.py:914} INFO - Processing file /mnt/c/Users/Raj/OneDrive - Åbo Akademi O365/banking/airflow/.venv/lib/python3.12/site-packages/airflow/example_dags/example_dataset_alias_with_no_taskflow.py for tasks to queue
[2025-11-22T20:44:20.413+0500] {logging_mixin.py:190} INFO - [2025-11-22T20:44:20.411+0500] {dagbag.py:588} INFO - Filling up the DagBag from /mnt/c/Users/Raj/OneDrive - Åbo Akademi O365/banking/airflow/.venv/lib/python3.12/site-packages/airflow/example_dags/example_dataset_alias_with_no_taskflow.py
[2025-11-22T20:44:20.583+0500] {processor.py:925} INFO - DAG(s) 'dataset_s3_bucket_producer_with_no_taskflow', 'dataset_s3_bucket_consumer_with_no_taskflow', 'dataset_alias_example_alias_producer_with_no_taskflow', 'dataset_alias_example_alias_consumer_with_no_taskflow' retrieved from /mnt/c/Users/Raj/OneDrive - Åbo Akademi O365/banking/airflow/.venv/lib/python3.12/site-packages/airflow/example_dags/example_dataset_alias_with_no_taskflow.py
[2025-11-22T20:44:20.672+0500] {logging_mixin.py:190} INFO - [2025-11-22T20:44:20.671+0500] {dag.py:3239} INFO - Sync 4 DAGs
[2025-11-22T20:44:20.698+0500] {logging_mixin.py:190} INFO - [2025-11-22T20:44:20.697+0500] {dag.py:4180} INFO - Setting next_dagrun for dataset_alias_example_alias_consumer_with_no_taskflow to None, run_after=None
[2025-11-22T20:44:20.703+0500] {logging_mixin.py:190} INFO - [2025-11-22T20:44:20.703+0500] {dag.py:4180} INFO - Setting next_dagrun for dataset_alias_example_alias_producer_with_no_taskflow to None, run_after=None
[2025-11-22T20:44:20.707+0500] {logging_mixin.py:190} INFO - [2025-11-22T20:44:20.706+0500] {dag.py:4180} INFO - Setting next_dagrun for dataset_s3_bucket_consumer_with_no_taskflow to None, run_after=None
[2025-11-22T20:44:20.711+0500] {logging_mixin.py:190} INFO - [2025-11-22T20:44:20.710+0500] {dag.py:4180} INFO - Setting next_dagrun for dataset_s3_bucket_producer_with_no_taskflow to None, run_after=None
[2025-11-22T20:44:20.778+0500] {processor.py:208} INFO - Processing /mnt/c/Users/Raj/OneDrive - Åbo Akademi O365/banking/airflow/.venv/lib/python3.12/site-packages/airflow/example_dags/example_dataset_alias_with_no_taskflow.py took 0.391 seconds
[2025-11-22T20:45:56.207+0500] {processor.py:186} INFO - Started process (PID=67184) to work on /mnt/c/Users/Raj/OneDrive - Åbo Akademi O365/banking/airflow/.venv/lib/python3.12/site-packages/airflow/example_dags/example_dataset_alias_with_no_taskflow.py
[2025-11-22T20:45:56.209+0500] {processor.py:914} INFO - Processing file /mnt/c/Users/Raj/OneDrive - Åbo Akademi O365/banking/airflow/.venv/lib/python3.12/site-packages/airflow/example_dags/example_dataset_alias_with_no_taskflow.py for tasks to queue
[2025-11-22T20:45:56.212+0500] {logging_mixin.py:190} INFO - [2025-11-22T20:45:56.211+0500] {dagbag.py:588} INFO - Filling up the DagBag from /mnt/c/Users/Raj/OneDrive - Åbo Akademi O365/banking/airflow/.venv/lib/python3.12/site-packages/airflow/example_dags/example_dataset_alias_with_no_taskflow.py
[2025-11-22T20:45:56.356+0500] {processor.py:925} INFO - DAG(s) 'dataset_s3_bucket_producer_with_no_taskflow', 'dataset_alias_example_alias_producer_with_no_taskflow', 'dataset_alias_example_alias_consumer_with_no_taskflow', 'dataset_s3_bucket_consumer_with_no_taskflow' retrieved from /mnt/c/Users/Raj/OneDrive - Åbo Akademi O365/banking/airflow/.venv/lib/python3.12/site-packages/airflow/example_dags/example_dataset_alias_with_no_taskflow.py
[2025-11-22T20:45:56.428+0500] {logging_mixin.py:190} INFO - [2025-11-22T20:45:56.427+0500] {dag.py:3239} INFO - Sync 4 DAGs
[2025-11-22T20:45:56.454+0500] {logging_mixin.py:190} INFO - [2025-11-22T20:45:56.453+0500] {dag.py:4180} INFO - Setting next_dagrun for dataset_alias_example_alias_consumer_with_no_taskflow to None, run_after=None
[2025-11-22T20:45:56.460+0500] {logging_mixin.py:190} INFO - [2025-11-22T20:45:56.459+0500] {dag.py:4180} INFO - Setting next_dagrun for dataset_alias_example_alias_producer_with_no_taskflow to None, run_after=None
[2025-11-22T20:45:56.464+0500] {logging_mixin.py:190} INFO - [2025-11-22T20:45:56.463+0500] {dag.py:4180} INFO - Setting next_dagrun for dataset_s3_bucket_consumer_with_no_taskflow to None, run_after=None
[2025-11-22T20:45:56.469+0500] {logging_mixin.py:190} INFO - [2025-11-22T20:45:56.468+0500] {dag.py:4180} INFO - Setting next_dagrun for dataset_s3_bucket_producer_with_no_taskflow to None, run_after=None
[2025-11-22T20:45:56.544+0500] {processor.py:208} INFO - Processing /mnt/c/Users/Raj/OneDrive - Åbo Akademi O365/banking/airflow/.venv/lib/python3.12/site-packages/airflow/example_dags/example_dataset_alias_with_no_taskflow.py took 0.354 seconds
[2025-11-22T20:47:40.924+0500] {processor.py:186} INFO - Started process (PID=67264) to work on /mnt/c/Users/Raj/OneDrive - Åbo Akademi O365/banking/airflow/.venv/lib/python3.12/site-packages/airflow/example_dags/example_dataset_alias_with_no_taskflow.py
[2025-11-22T20:47:40.927+0500] {processor.py:914} INFO - Processing file /mnt/c/Users/Raj/OneDrive - Åbo Akademi O365/banking/airflow/.venv/lib/python3.12/site-packages/airflow/example_dags/example_dataset_alias_with_no_taskflow.py for tasks to queue
[2025-11-22T20:47:40.931+0500] {logging_mixin.py:190} INFO - [2025-11-22T20:47:40.929+0500] {dagbag.py:588} INFO - Filling up the DagBag from /mnt/c/Users/Raj/OneDrive - Åbo Akademi O365/banking/airflow/.venv/lib/python3.12/site-packages/airflow/example_dags/example_dataset_alias_with_no_taskflow.py
[2025-11-22T20:47:41.044+0500] {processor.py:925} INFO - DAG(s) 'dataset_s3_bucket_producer_with_no_taskflow', 'dataset_alias_example_alias_producer_with_no_taskflow', 'dataset_s3_bucket_consumer_with_no_taskflow', 'dataset_alias_example_alias_consumer_with_no_taskflow' retrieved from /mnt/c/Users/Raj/OneDrive - Åbo Akademi O365/banking/airflow/.venv/lib/python3.12/site-packages/airflow/example_dags/example_dataset_alias_with_no_taskflow.py
[2025-11-22T20:47:41.090+0500] {logging_mixin.py:190} INFO - [2025-11-22T20:47:41.090+0500] {dag.py:3239} INFO - Sync 4 DAGs
[2025-11-22T20:47:41.114+0500] {logging_mixin.py:190} INFO - [2025-11-22T20:47:41.114+0500] {dag.py:4180} INFO - Setting next_dagrun for dataset_alias_example_alias_consumer_with_no_taskflow to None, run_after=None
[2025-11-22T20:47:41.119+0500] {logging_mixin.py:190} INFO - [2025-11-22T20:47:41.118+0500] {dag.py:4180} INFO - Setting next_dagrun for dataset_alias_example_alias_producer_with_no_taskflow to None, run_after=None
[2025-11-22T20:47:41.123+0500] {logging_mixin.py:190} INFO - [2025-11-22T20:47:41.122+0500] {dag.py:4180} INFO - Setting next_dagrun for dataset_s3_bucket_consumer_with_no_taskflow to None, run_after=None
[2025-11-22T20:47:41.127+0500] {logging_mixin.py:190} INFO - [2025-11-22T20:47:41.126+0500] {dag.py:4180} INFO - Setting next_dagrun for dataset_s3_bucket_producer_with_no_taskflow to None, run_after=None
[2025-11-22T20:47:41.206+0500] {processor.py:208} INFO - Processing /mnt/c/Users/Raj/OneDrive - Åbo Akademi O365/banking/airflow/.venv/lib/python3.12/site-packages/airflow/example_dags/example_dataset_alias_with_no_taskflow.py took 0.297 seconds
[2025-11-22T20:49:21.175+0500] {processor.py:186} INFO - Started process (PID=67344) to work on /mnt/c/Users/Raj/OneDrive - Åbo Akademi O365/banking/airflow/.venv/lib/python3.12/site-packages/airflow/example_dags/example_dataset_alias_with_no_taskflow.py
[2025-11-22T20:49:21.177+0500] {processor.py:914} INFO - Processing file /mnt/c/Users/Raj/OneDrive - Åbo Akademi O365/banking/airflow/.venv/lib/python3.12/site-packages/airflow/example_dags/example_dataset_alias_with_no_taskflow.py for tasks to queue
[2025-11-22T20:49:21.181+0500] {logging_mixin.py:190} INFO - [2025-11-22T20:49:21.179+0500] {dagbag.py:588} INFO - Filling up the DagBag from /mnt/c/Users/Raj/OneDrive - Åbo Akademi O365/banking/airflow/.venv/lib/python3.12/site-packages/airflow/example_dags/example_dataset_alias_with_no_taskflow.py
[2025-11-22T20:49:21.312+0500] {processor.py:925} INFO - DAG(s) 'dataset_s3_bucket_consumer_with_no_taskflow', 'dataset_alias_example_alias_producer_with_no_taskflow', 'dataset_s3_bucket_producer_with_no_taskflow', 'dataset_alias_example_alias_consumer_with_no_taskflow' retrieved from /mnt/c/Users/Raj/OneDrive - Åbo Akademi O365/banking/airflow/.venv/lib/python3.12/site-packages/airflow/example_dags/example_dataset_alias_with_no_taskflow.py
[2025-11-22T20:49:21.385+0500] {logging_mixin.py:190} INFO - [2025-11-22T20:49:21.384+0500] {dag.py:3239} INFO - Sync 4 DAGs
[2025-11-22T20:49:21.410+0500] {logging_mixin.py:190} INFO - [2025-11-22T20:49:21.409+0500] {dag.py:4180} INFO - Setting next_dagrun for dataset_alias_example_alias_consumer_with_no_taskflow to None, run_after=None
[2025-11-22T20:49:21.416+0500] {logging_mixin.py:190} INFO - [2025-11-22T20:49:21.415+0500] {dag.py:4180} INFO - Setting next_dagrun for dataset_alias_example_alias_producer_with_no_taskflow to None, run_after=None
[2025-11-22T20:49:21.422+0500] {logging_mixin.py:190} INFO - [2025-11-22T20:49:21.421+0500] {dag.py:4180} INFO - Setting next_dagrun for dataset_s3_bucket_consumer_with_no_taskflow to None, run_after=None
[2025-11-22T20:49:21.427+0500] {logging_mixin.py:190} INFO - [2025-11-22T20:49:21.426+0500] {dag.py:4180} INFO - Setting next_dagrun for dataset_s3_bucket_producer_with_no_taskflow to None, run_after=None
[2025-11-22T20:49:21.500+0500] {processor.py:208} INFO - Processing /mnt/c/Users/Raj/OneDrive - Åbo Akademi O365/banking/airflow/.venv/lib/python3.12/site-packages/airflow/example_dags/example_dataset_alias_with_no_taskflow.py took 0.340 seconds
[2025-11-22T20:51:02.811+0500] {processor.py:186} INFO - Started process (PID=67419) to work on /mnt/c/Users/Raj/OneDrive - Åbo Akademi O365/banking/airflow/.venv/lib/python3.12/site-packages/airflow/example_dags/example_dataset_alias_with_no_taskflow.py
[2025-11-22T20:51:02.813+0500] {processor.py:914} INFO - Processing file /mnt/c/Users/Raj/OneDrive - Åbo Akademi O365/banking/airflow/.venv/lib/python3.12/site-packages/airflow/example_dags/example_dataset_alias_with_no_taskflow.py for tasks to queue
[2025-11-22T20:51:02.817+0500] {logging_mixin.py:190} INFO - [2025-11-22T20:51:02.816+0500] {dagbag.py:588} INFO - Filling up the DagBag from /mnt/c/Users/Raj/OneDrive - Åbo Akademi O365/banking/airflow/.venv/lib/python3.12/site-packages/airflow/example_dags/example_dataset_alias_with_no_taskflow.py
[2025-11-22T20:51:02.954+0500] {processor.py:925} INFO - DAG(s) 'dataset_alias_example_alias_consumer_with_no_taskflow', 'dataset_s3_bucket_producer_with_no_taskflow', 'dataset_alias_example_alias_producer_with_no_taskflow', 'dataset_s3_bucket_consumer_with_no_taskflow' retrieved from /mnt/c/Users/Raj/OneDrive - Åbo Akademi O365/banking/airflow/.venv/lib/python3.12/site-packages/airflow/example_dags/example_dataset_alias_with_no_taskflow.py
[2025-11-22T20:51:03.017+0500] {logging_mixin.py:190} INFO - [2025-11-22T20:51:03.016+0500] {dag.py:3239} INFO - Sync 4 DAGs
[2025-11-22T20:51:03.041+0500] {logging_mixin.py:190} INFO - [2025-11-22T20:51:03.040+0500] {dag.py:4180} INFO - Setting next_dagrun for dataset_alias_example_alias_consumer_with_no_taskflow to None, run_after=None
[2025-11-22T20:51:03.047+0500] {logging_mixin.py:190} INFO - [2025-11-22T20:51:03.046+0500] {dag.py:4180} INFO - Setting next_dagrun for dataset_alias_example_alias_producer_with_no_taskflow to None, run_after=None
[2025-11-22T20:51:03.052+0500] {logging_mixin.py:190} INFO - [2025-11-22T20:51:03.051+0500] {dag.py:4180} INFO - Setting next_dagrun for dataset_s3_bucket_consumer_with_no_taskflow to None, run_after=None
[2025-11-22T20:51:03.057+0500] {logging_mixin.py:190} INFO - [2025-11-22T20:51:03.055+0500] {dag.py:4180} INFO - Setting next_dagrun for dataset_s3_bucket_producer_with_no_taskflow to None, run_after=None
[2025-11-22T20:51:03.128+0500] {processor.py:208} INFO - Processing /mnt/c/Users/Raj/OneDrive - Åbo Akademi O365/banking/airflow/.venv/lib/python3.12/site-packages/airflow/example_dags/example_dataset_alias_with_no_taskflow.py took 0.338 seconds
[2025-11-22T20:52:47.905+0500] {processor.py:186} INFO - Started process (PID=67502) to work on /mnt/c/Users/Raj/OneDrive - Åbo Akademi O365/banking/airflow/.venv/lib/python3.12/site-packages/airflow/example_dags/example_dataset_alias_with_no_taskflow.py
[2025-11-22T20:52:47.907+0500] {processor.py:914} INFO - Processing file /mnt/c/Users/Raj/OneDrive - Åbo Akademi O365/banking/airflow/.venv/lib/python3.12/site-packages/airflow/example_dags/example_dataset_alias_with_no_taskflow.py for tasks to queue
[2025-11-22T20:52:47.910+0500] {logging_mixin.py:190} INFO - [2025-11-22T20:52:47.909+0500] {dagbag.py:588} INFO - Filling up the DagBag from /mnt/c/Users/Raj/OneDrive - Åbo Akademi O365/banking/airflow/.venv/lib/python3.12/site-packages/airflow/example_dags/example_dataset_alias_with_no_taskflow.py
[2025-11-22T20:52:48.031+0500] {processor.py:925} INFO - DAG(s) 'dataset_alias_example_alias_consumer_with_no_taskflow', 'dataset_alias_example_alias_producer_with_no_taskflow', 'dataset_s3_bucket_consumer_with_no_taskflow', 'dataset_s3_bucket_producer_with_no_taskflow' retrieved from /mnt/c/Users/Raj/OneDrive - Åbo Akademi O365/banking/airflow/.venv/lib/python3.12/site-packages/airflow/example_dags/example_dataset_alias_with_no_taskflow.py
[2025-11-22T20:52:48.077+0500] {logging_mixin.py:190} INFO - [2025-11-22T20:52:48.076+0500] {dag.py:3239} INFO - Sync 4 DAGs
[2025-11-22T20:52:48.101+0500] {logging_mixin.py:190} INFO - [2025-11-22T20:52:48.100+0500] {dag.py:4180} INFO - Setting next_dagrun for dataset_alias_example_alias_consumer_with_no_taskflow to None, run_after=None
[2025-11-22T20:52:48.106+0500] {logging_mixin.py:190} INFO - [2025-11-22T20:52:48.105+0500] {dag.py:4180} INFO - Setting next_dagrun for dataset_alias_example_alias_producer_with_no_taskflow to None, run_after=None
[2025-11-22T20:52:48.109+0500] {logging_mixin.py:190} INFO - [2025-11-22T20:52:48.108+0500] {dag.py:4180} INFO - Setting next_dagrun for dataset_s3_bucket_consumer_with_no_taskflow to None, run_after=None
[2025-11-22T20:52:48.112+0500] {logging_mixin.py:190} INFO - [2025-11-22T20:52:48.111+0500] {dag.py:4180} INFO - Setting next_dagrun for dataset_s3_bucket_producer_with_no_taskflow to None, run_after=None
[2025-11-22T20:52:48.184+0500] {processor.py:208} INFO - Processing /mnt/c/Users/Raj/OneDrive - Åbo Akademi O365/banking/airflow/.venv/lib/python3.12/site-packages/airflow/example_dags/example_dataset_alias_with_no_taskflow.py took 0.291 seconds
[2025-11-22T20:54:30.069+0500] {processor.py:186} INFO - Started process (PID=67584) to work on /mnt/c/Users/Raj/OneDrive - Åbo Akademi O365/banking/airflow/.venv/lib/python3.12/site-packages/airflow/example_dags/example_dataset_alias_with_no_taskflow.py
[2025-11-22T20:54:30.072+0500] {processor.py:914} INFO - Processing file /mnt/c/Users/Raj/OneDrive - Åbo Akademi O365/banking/airflow/.venv/lib/python3.12/site-packages/airflow/example_dags/example_dataset_alias_with_no_taskflow.py for tasks to queue
[2025-11-22T20:54:30.076+0500] {logging_mixin.py:190} INFO - [2025-11-22T20:54:30.074+0500] {dagbag.py:588} INFO - Filling up the DagBag from /mnt/c/Users/Raj/OneDrive - Åbo Akademi O365/banking/airflow/.venv/lib/python3.12/site-packages/airflow/example_dags/example_dataset_alias_with_no_taskflow.py
[2025-11-22T20:54:30.229+0500] {processor.py:925} INFO - DAG(s) 'dataset_alias_example_alias_consumer_with_no_taskflow', 'dataset_s3_bucket_producer_with_no_taskflow', 'dataset_alias_example_alias_producer_with_no_taskflow', 'dataset_s3_bucket_consumer_with_no_taskflow' retrieved from /mnt/c/Users/Raj/OneDrive - Åbo Akademi O365/banking/airflow/.venv/lib/python3.12/site-packages/airflow/example_dags/example_dataset_alias_with_no_taskflow.py
[2025-11-22T20:54:30.297+0500] {logging_mixin.py:190} INFO - [2025-11-22T20:54:30.295+0500] {dag.py:3239} INFO - Sync 4 DAGs
[2025-11-22T20:54:30.320+0500] {logging_mixin.py:190} INFO - [2025-11-22T20:54:30.319+0500] {dag.py:4180} INFO - Setting next_dagrun for dataset_alias_example_alias_consumer_with_no_taskflow to None, run_after=None
[2025-11-22T20:54:30.325+0500] {logging_mixin.py:190} INFO - [2025-11-22T20:54:30.324+0500] {dag.py:4180} INFO - Setting next_dagrun for dataset_alias_example_alias_producer_with_no_taskflow to None, run_after=None
[2025-11-22T20:54:30.330+0500] {logging_mixin.py:190} INFO - [2025-11-22T20:54:30.329+0500] {dag.py:4180} INFO - Setting next_dagrun for dataset_s3_bucket_consumer_with_no_taskflow to None, run_after=None
[2025-11-22T20:54:30.336+0500] {logging_mixin.py:190} INFO - [2025-11-22T20:54:30.334+0500] {dag.py:4180} INFO - Setting next_dagrun for dataset_s3_bucket_producer_with_no_taskflow to None, run_after=None
[2025-11-22T20:54:30.411+0500] {processor.py:208} INFO - Processing /mnt/c/Users/Raj/OneDrive - Åbo Akademi O365/banking/airflow/.venv/lib/python3.12/site-packages/airflow/example_dags/example_dataset_alias_with_no_taskflow.py took 0.358 seconds
[2025-11-22T20:56:13.949+0500] {processor.py:186} INFO - Started process (PID=67748) to work on /mnt/c/Users/Raj/OneDrive - Åbo Akademi O365/banking/airflow/.venv/lib/python3.12/site-packages/airflow/example_dags/example_dataset_alias_with_no_taskflow.py
[2025-11-22T20:56:13.952+0500] {processor.py:914} INFO - Processing file /mnt/c/Users/Raj/OneDrive - Åbo Akademi O365/banking/airflow/.venv/lib/python3.12/site-packages/airflow/example_dags/example_dataset_alias_with_no_taskflow.py for tasks to queue
[2025-11-22T20:56:13.956+0500] {logging_mixin.py:190} INFO - [2025-11-22T20:56:13.954+0500] {dagbag.py:588} INFO - Filling up the DagBag from /mnt/c/Users/Raj/OneDrive - Åbo Akademi O365/banking/airflow/.venv/lib/python3.12/site-packages/airflow/example_dags/example_dataset_alias_with_no_taskflow.py
[2025-11-22T20:56:14.095+0500] {processor.py:925} INFO - DAG(s) 'dataset_s3_bucket_producer_with_no_taskflow', 'dataset_alias_example_alias_producer_with_no_taskflow', 'dataset_s3_bucket_consumer_with_no_taskflow', 'dataset_alias_example_alias_consumer_with_no_taskflow' retrieved from /mnt/c/Users/Raj/OneDrive - Åbo Akademi O365/banking/airflow/.venv/lib/python3.12/site-packages/airflow/example_dags/example_dataset_alias_with_no_taskflow.py
[2025-11-22T20:56:14.158+0500] {logging_mixin.py:190} INFO - [2025-11-22T20:56:14.157+0500] {dag.py:3239} INFO - Sync 4 DAGs
[2025-11-22T20:56:14.188+0500] {logging_mixin.py:190} INFO - [2025-11-22T20:56:14.187+0500] {dag.py:4180} INFO - Setting next_dagrun for dataset_alias_example_alias_consumer_with_no_taskflow to None, run_after=None
[2025-11-22T20:56:14.196+0500] {logging_mixin.py:190} INFO - [2025-11-22T20:56:14.194+0500] {dag.py:4180} INFO - Setting next_dagrun for dataset_alias_example_alias_producer_with_no_taskflow to None, run_after=None
[2025-11-22T20:56:14.201+0500] {logging_mixin.py:190} INFO - [2025-11-22T20:56:14.199+0500] {dag.py:4180} INFO - Setting next_dagrun for dataset_s3_bucket_consumer_with_no_taskflow to None, run_after=None
[2025-11-22T20:56:14.206+0500] {logging_mixin.py:190} INFO - [2025-11-22T20:56:14.205+0500] {dag.py:4180} INFO - Setting next_dagrun for dataset_s3_bucket_producer_with_no_taskflow to None, run_after=None
[2025-11-22T20:56:14.291+0500] {processor.py:208} INFO - Processing /mnt/c/Users/Raj/OneDrive - Åbo Akademi O365/banking/airflow/.venv/lib/python3.12/site-packages/airflow/example_dags/example_dataset_alias_with_no_taskflow.py took 0.358 seconds
[2025-11-22T20:57:55.733+0500] {processor.py:186} INFO - Started process (PID=67829) to work on /mnt/c/Users/Raj/OneDrive - Åbo Akademi O365/banking/airflow/.venv/lib/python3.12/site-packages/airflow/example_dags/example_dataset_alias_with_no_taskflow.py
[2025-11-22T20:57:55.736+0500] {processor.py:914} INFO - Processing file /mnt/c/Users/Raj/OneDrive - Åbo Akademi O365/banking/airflow/.venv/lib/python3.12/site-packages/airflow/example_dags/example_dataset_alias_with_no_taskflow.py for tasks to queue
[2025-11-22T20:57:55.740+0500] {logging_mixin.py:190} INFO - [2025-11-22T20:57:55.738+0500] {dagbag.py:588} INFO - Filling up the DagBag from /mnt/c/Users/Raj/OneDrive - Åbo Akademi O365/banking/airflow/.venv/lib/python3.12/site-packages/airflow/example_dags/example_dataset_alias_with_no_taskflow.py
[2025-11-22T20:57:55.912+0500] {processor.py:925} INFO - DAG(s) 'dataset_s3_bucket_consumer_with_no_taskflow', 'dataset_alias_example_alias_consumer_with_no_taskflow', 'dataset_alias_example_alias_producer_with_no_taskflow', 'dataset_s3_bucket_producer_with_no_taskflow' retrieved from /mnt/c/Users/Raj/OneDrive - Åbo Akademi O365/banking/airflow/.venv/lib/python3.12/site-packages/airflow/example_dags/example_dataset_alias_with_no_taskflow.py
[2025-11-22T20:57:55.979+0500] {logging_mixin.py:190} INFO - [2025-11-22T20:57:55.978+0500] {dag.py:3239} INFO - Sync 4 DAGs
[2025-11-22T20:57:56.015+0500] {logging_mixin.py:190} INFO - [2025-11-22T20:57:56.014+0500] {dag.py:4180} INFO - Setting next_dagrun for dataset_alias_example_alias_consumer_with_no_taskflow to None, run_after=None
[2025-11-22T20:57:56.023+0500] {logging_mixin.py:190} INFO - [2025-11-22T20:57:56.022+0500] {dag.py:4180} INFO - Setting next_dagrun for dataset_alias_example_alias_producer_with_no_taskflow to None, run_after=None
[2025-11-22T20:57:56.032+0500] {logging_mixin.py:190} INFO - [2025-11-22T20:57:56.026+0500] {dag.py:4180} INFO - Setting next_dagrun for dataset_s3_bucket_consumer_with_no_taskflow to None, run_after=None
[2025-11-22T20:57:56.037+0500] {logging_mixin.py:190} INFO - [2025-11-22T20:57:56.036+0500] {dag.py:4180} INFO - Setting next_dagrun for dataset_s3_bucket_producer_with_no_taskflow to None, run_after=None
[2025-11-22T20:57:56.108+0500] {processor.py:208} INFO - Processing /mnt/c/Users/Raj/OneDrive - Åbo Akademi O365/banking/airflow/.venv/lib/python3.12/site-packages/airflow/example_dags/example_dataset_alias_with_no_taskflow.py took 0.393 seconds
[2025-11-22T20:59:36.902+0500] {processor.py:186} INFO - Started process (PID=67910) to work on /mnt/c/Users/Raj/OneDrive - Åbo Akademi O365/banking/airflow/.venv/lib/python3.12/site-packages/airflow/example_dags/example_dataset_alias_with_no_taskflow.py
[2025-11-22T20:59:36.904+0500] {processor.py:914} INFO - Processing file /mnt/c/Users/Raj/OneDrive - Åbo Akademi O365/banking/airflow/.venv/lib/python3.12/site-packages/airflow/example_dags/example_dataset_alias_with_no_taskflow.py for tasks to queue
[2025-11-22T20:59:36.908+0500] {logging_mixin.py:190} INFO - [2025-11-22T20:59:36.907+0500] {dagbag.py:588} INFO - Filling up the DagBag from /mnt/c/Users/Raj/OneDrive - Åbo Akademi O365/banking/airflow/.venv/lib/python3.12/site-packages/airflow/example_dags/example_dataset_alias_with_no_taskflow.py
[2025-11-22T20:59:37.099+0500] {processor.py:925} INFO - DAG(s) 'dataset_alias_example_alias_consumer_with_no_taskflow', 'dataset_s3_bucket_consumer_with_no_taskflow', 'dataset_alias_example_alias_producer_with_no_taskflow', 'dataset_s3_bucket_producer_with_no_taskflow' retrieved from /mnt/c/Users/Raj/OneDrive - Åbo Akademi O365/banking/airflow/.venv/lib/python3.12/site-packages/airflow/example_dags/example_dataset_alias_with_no_taskflow.py
[2025-11-22T20:59:37.167+0500] {logging_mixin.py:190} INFO - [2025-11-22T20:59:37.166+0500] {dag.py:3239} INFO - Sync 4 DAGs
[2025-11-22T20:59:37.196+0500] {logging_mixin.py:190} INFO - [2025-11-22T20:59:37.194+0500] {dag.py:4180} INFO - Setting next_dagrun for dataset_alias_example_alias_consumer_with_no_taskflow to None, run_after=None
[2025-11-22T20:59:37.203+0500] {logging_mixin.py:190} INFO - [2025-11-22T20:59:37.202+0500] {dag.py:4180} INFO - Setting next_dagrun for dataset_alias_example_alias_producer_with_no_taskflow to None, run_after=None
[2025-11-22T20:59:37.209+0500] {logging_mixin.py:190} INFO - [2025-11-22T20:59:37.207+0500] {dag.py:4180} INFO - Setting next_dagrun for dataset_s3_bucket_consumer_with_no_taskflow to None, run_after=None
[2025-11-22T20:59:37.214+0500] {logging_mixin.py:190} INFO - [2025-11-22T20:59:37.213+0500] {dag.py:4180} INFO - Setting next_dagrun for dataset_s3_bucket_producer_with_no_taskflow to None, run_after=None
[2025-11-22T20:59:37.288+0500] {processor.py:208} INFO - Processing /mnt/c/Users/Raj/OneDrive - Åbo Akademi O365/banking/airflow/.venv/lib/python3.12/site-packages/airflow/example_dags/example_dataset_alias_with_no_taskflow.py took 0.404 seconds
[2025-11-22T21:01:18.901+0500] {processor.py:186} INFO - Started process (PID=67985) to work on /mnt/c/Users/Raj/OneDrive - Åbo Akademi O365/banking/airflow/.venv/lib/python3.12/site-packages/airflow/example_dags/example_dataset_alias_with_no_taskflow.py
[2025-11-22T21:01:18.904+0500] {processor.py:914} INFO - Processing file /mnt/c/Users/Raj/OneDrive - Åbo Akademi O365/banking/airflow/.venv/lib/python3.12/site-packages/airflow/example_dags/example_dataset_alias_with_no_taskflow.py for tasks to queue
[2025-11-22T21:01:18.908+0500] {logging_mixin.py:190} INFO - [2025-11-22T21:01:18.907+0500] {dagbag.py:588} INFO - Filling up the DagBag from /mnt/c/Users/Raj/OneDrive - Åbo Akademi O365/banking/airflow/.venv/lib/python3.12/site-packages/airflow/example_dags/example_dataset_alias_with_no_taskflow.py
[2025-11-22T21:01:19.073+0500] {processor.py:925} INFO - DAG(s) 'dataset_alias_example_alias_producer_with_no_taskflow', 'dataset_s3_bucket_producer_with_no_taskflow', 'dataset_s3_bucket_consumer_with_no_taskflow', 'dataset_alias_example_alias_consumer_with_no_taskflow' retrieved from /mnt/c/Users/Raj/OneDrive - Åbo Akademi O365/banking/airflow/.venv/lib/python3.12/site-packages/airflow/example_dags/example_dataset_alias_with_no_taskflow.py
[2025-11-22T21:01:19.140+0500] {logging_mixin.py:190} INFO - [2025-11-22T21:01:19.139+0500] {dag.py:3239} INFO - Sync 4 DAGs
[2025-11-22T21:01:19.171+0500] {logging_mixin.py:190} INFO - [2025-11-22T21:01:19.170+0500] {dag.py:4180} INFO - Setting next_dagrun for dataset_alias_example_alias_consumer_with_no_taskflow to None, run_after=None
[2025-11-22T21:01:19.179+0500] {logging_mixin.py:190} INFO - [2025-11-22T21:01:19.178+0500] {dag.py:4180} INFO - Setting next_dagrun for dataset_alias_example_alias_producer_with_no_taskflow to None, run_after=None
[2025-11-22T21:01:19.186+0500] {logging_mixin.py:190} INFO - [2025-11-22T21:01:19.184+0500] {dag.py:4180} INFO - Setting next_dagrun for dataset_s3_bucket_consumer_with_no_taskflow to None, run_after=None
[2025-11-22T21:01:19.191+0500] {logging_mixin.py:190} INFO - [2025-11-22T21:01:19.190+0500] {dag.py:4180} INFO - Setting next_dagrun for dataset_s3_bucket_producer_with_no_taskflow to None, run_after=None
[2025-11-22T21:01:19.285+0500] {processor.py:208} INFO - Processing /mnt/c/Users/Raj/OneDrive - Åbo Akademi O365/banking/airflow/.venv/lib/python3.12/site-packages/airflow/example_dags/example_dataset_alias_with_no_taskflow.py took 0.403 seconds
[2025-11-22T21:03:42.400+0500] {processor.py:186} INFO - Started process (PID=68115) to work on /mnt/c/Users/Raj/OneDrive - Åbo Akademi O365/banking/airflow/.venv/lib/python3.12/site-packages/airflow/example_dags/example_dataset_alias_with_no_taskflow.py
[2025-11-22T21:03:42.402+0500] {processor.py:914} INFO - Processing file /mnt/c/Users/Raj/OneDrive - Åbo Akademi O365/banking/airflow/.venv/lib/python3.12/site-packages/airflow/example_dags/example_dataset_alias_with_no_taskflow.py for tasks to queue
[2025-11-22T21:03:42.404+0500] {logging_mixin.py:190} INFO - [2025-11-22T21:03:42.403+0500] {dagbag.py:588} INFO - Filling up the DagBag from /mnt/c/Users/Raj/OneDrive - Åbo Akademi O365/banking/airflow/.venv/lib/python3.12/site-packages/airflow/example_dags/example_dataset_alias_with_no_taskflow.py
[2025-11-22T21:03:42.522+0500] {processor.py:925} INFO - DAG(s) 'dataset_alias_example_alias_producer_with_no_taskflow', 'dataset_alias_example_alias_consumer_with_no_taskflow', 'dataset_s3_bucket_producer_with_no_taskflow', 'dataset_s3_bucket_consumer_with_no_taskflow' retrieved from /mnt/c/Users/Raj/OneDrive - Åbo Akademi O365/banking/airflow/.venv/lib/python3.12/site-packages/airflow/example_dags/example_dataset_alias_with_no_taskflow.py
[2025-11-22T21:03:42.574+0500] {logging_mixin.py:190} INFO - [2025-11-22T21:03:42.573+0500] {dag.py:3239} INFO - Sync 4 DAGs
[2025-11-22T21:03:42.599+0500] {logging_mixin.py:190} INFO - [2025-11-22T21:03:42.598+0500] {dag.py:4180} INFO - Setting next_dagrun for dataset_alias_example_alias_consumer_with_no_taskflow to None, run_after=None
[2025-11-22T21:03:42.605+0500] {logging_mixin.py:190} INFO - [2025-11-22T21:03:42.604+0500] {dag.py:4180} INFO - Setting next_dagrun for dataset_alias_example_alias_producer_with_no_taskflow to None, run_after=None
[2025-11-22T21:03:42.609+0500] {logging_mixin.py:190} INFO - [2025-11-22T21:03:42.608+0500] {dag.py:4180} INFO - Setting next_dagrun for dataset_s3_bucket_consumer_with_no_taskflow to None, run_after=None
[2025-11-22T21:03:42.613+0500] {logging_mixin.py:190} INFO - [2025-11-22T21:03:42.612+0500] {dag.py:4180} INFO - Setting next_dagrun for dataset_s3_bucket_producer_with_no_taskflow to None, run_after=None
[2025-11-22T21:03:42.693+0500] {processor.py:208} INFO - Processing /mnt/c/Users/Raj/OneDrive - Åbo Akademi O365/banking/airflow/.venv/lib/python3.12/site-packages/airflow/example_dags/example_dataset_alias_with_no_taskflow.py took 0.309 seconds
[2025-11-22T21:08:09.054+0500] {processor.py:186} INFO - Started process (PID=68308) to work on /mnt/c/Users/Raj/OneDrive - Åbo Akademi O365/banking/airflow/.venv/lib/python3.12/site-packages/airflow/example_dags/example_dataset_alias_with_no_taskflow.py
[2025-11-22T21:08:09.058+0500] {processor.py:914} INFO - Processing file /mnt/c/Users/Raj/OneDrive - Åbo Akademi O365/banking/airflow/.venv/lib/python3.12/site-packages/airflow/example_dags/example_dataset_alias_with_no_taskflow.py for tasks to queue
[2025-11-22T21:08:09.062+0500] {logging_mixin.py:190} INFO - [2025-11-22T21:08:09.060+0500] {dagbag.py:588} INFO - Filling up the DagBag from /mnt/c/Users/Raj/OneDrive - Åbo Akademi O365/banking/airflow/.venv/lib/python3.12/site-packages/airflow/example_dags/example_dataset_alias_with_no_taskflow.py
[2025-11-22T21:08:09.189+0500] {processor.py:925} INFO - DAG(s) 'dataset_alias_example_alias_consumer_with_no_taskflow', 'dataset_s3_bucket_producer_with_no_taskflow', 'dataset_alias_example_alias_producer_with_no_taskflow', 'dataset_s3_bucket_consumer_with_no_taskflow' retrieved from /mnt/c/Users/Raj/OneDrive - Åbo Akademi O365/banking/airflow/.venv/lib/python3.12/site-packages/airflow/example_dags/example_dataset_alias_with_no_taskflow.py
[2025-11-22T21:08:09.269+0500] {logging_mixin.py:190} INFO - [2025-11-22T21:08:09.268+0500] {dag.py:3239} INFO - Sync 4 DAGs
[2025-11-22T21:08:09.301+0500] {logging_mixin.py:190} INFO - [2025-11-22T21:08:09.299+0500] {dag.py:4180} INFO - Setting next_dagrun for dataset_alias_example_alias_consumer_with_no_taskflow to None, run_after=None
[2025-11-22T21:08:09.307+0500] {logging_mixin.py:190} INFO - [2025-11-22T21:08:09.306+0500] {dag.py:4180} INFO - Setting next_dagrun for dataset_alias_example_alias_producer_with_no_taskflow to None, run_after=None
[2025-11-22T21:08:09.313+0500] {logging_mixin.py:190} INFO - [2025-11-22T21:08:09.312+0500] {dag.py:4180} INFO - Setting next_dagrun for dataset_s3_bucket_consumer_with_no_taskflow to None, run_after=None
[2025-11-22T21:08:09.319+0500] {logging_mixin.py:190} INFO - [2025-11-22T21:08:09.318+0500] {dag.py:4180} INFO - Setting next_dagrun for dataset_s3_bucket_producer_with_no_taskflow to None, run_after=None
[2025-11-22T21:08:09.437+0500] {processor.py:208} INFO - Processing /mnt/c/Users/Raj/OneDrive - Åbo Akademi O365/banking/airflow/.venv/lib/python3.12/site-packages/airflow/example_dags/example_dataset_alias_with_no_taskflow.py took 0.431 seconds
[2025-11-22T21:10:17.630+0500] {processor.py:186} INFO - Started process (PID=68405) to work on /mnt/c/Users/Raj/OneDrive - Åbo Akademi O365/banking/airflow/.venv/lib/python3.12/site-packages/airflow/example_dags/example_dataset_alias_with_no_taskflow.py
[2025-11-22T21:10:17.633+0500] {processor.py:914} INFO - Processing file /mnt/c/Users/Raj/OneDrive - Åbo Akademi O365/banking/airflow/.venv/lib/python3.12/site-packages/airflow/example_dags/example_dataset_alias_with_no_taskflow.py for tasks to queue
[2025-11-22T21:10:17.638+0500] {logging_mixin.py:190} INFO - [2025-11-22T21:10:17.636+0500] {dagbag.py:588} INFO - Filling up the DagBag from /mnt/c/Users/Raj/OneDrive - Åbo Akademi O365/banking/airflow/.venv/lib/python3.12/site-packages/airflow/example_dags/example_dataset_alias_with_no_taskflow.py
[2025-11-22T21:10:17.803+0500] {processor.py:925} INFO - DAG(s) 'dataset_s3_bucket_consumer_with_no_taskflow', 'dataset_alias_example_alias_consumer_with_no_taskflow', 'dataset_alias_example_alias_producer_with_no_taskflow', 'dataset_s3_bucket_producer_with_no_taskflow' retrieved from /mnt/c/Users/Raj/OneDrive - Åbo Akademi O365/banking/airflow/.venv/lib/python3.12/site-packages/airflow/example_dags/example_dataset_alias_with_no_taskflow.py
[2025-11-22T21:10:17.867+0500] {logging_mixin.py:190} INFO - [2025-11-22T21:10:17.865+0500] {dag.py:3239} INFO - Sync 4 DAGs
[2025-11-22T21:10:17.905+0500] {logging_mixin.py:190} INFO - [2025-11-22T21:10:17.903+0500] {dag.py:4180} INFO - Setting next_dagrun for dataset_alias_example_alias_consumer_with_no_taskflow to None, run_after=None
[2025-11-22T21:10:17.915+0500] {logging_mixin.py:190} INFO - [2025-11-22T21:10:17.913+0500] {dag.py:4180} INFO - Setting next_dagrun for dataset_alias_example_alias_producer_with_no_taskflow to None, run_after=None
[2025-11-22T21:10:17.921+0500] {logging_mixin.py:190} INFO - [2025-11-22T21:10:17.919+0500] {dag.py:4180} INFO - Setting next_dagrun for dataset_s3_bucket_consumer_with_no_taskflow to None, run_after=None
[2025-11-22T21:10:17.929+0500] {logging_mixin.py:190} INFO - [2025-11-22T21:10:17.926+0500] {dag.py:4180} INFO - Setting next_dagrun for dataset_s3_bucket_producer_with_no_taskflow to None, run_after=None
[2025-11-22T21:10:18.018+0500] {processor.py:208} INFO - Processing /mnt/c/Users/Raj/OneDrive - Åbo Akademi O365/banking/airflow/.venv/lib/python3.12/site-packages/airflow/example_dags/example_dataset_alias_with_no_taskflow.py took 0.412 seconds
[2025-11-22T21:12:10.452+0500] {processor.py:186} INFO - Started process (PID=68489) to work on /mnt/c/Users/Raj/OneDrive - Åbo Akademi O365/banking/airflow/.venv/lib/python3.12/site-packages/airflow/example_dags/example_dataset_alias_with_no_taskflow.py
[2025-11-22T21:12:10.454+0500] {processor.py:914} INFO - Processing file /mnt/c/Users/Raj/OneDrive - Åbo Akademi O365/banking/airflow/.venv/lib/python3.12/site-packages/airflow/example_dags/example_dataset_alias_with_no_taskflow.py for tasks to queue
[2025-11-22T21:12:10.458+0500] {logging_mixin.py:190} INFO - [2025-11-22T21:12:10.457+0500] {dagbag.py:588} INFO - Filling up the DagBag from /mnt/c/Users/Raj/OneDrive - Åbo Akademi O365/banking/airflow/.venv/lib/python3.12/site-packages/airflow/example_dags/example_dataset_alias_with_no_taskflow.py
[2025-11-22T21:12:10.609+0500] {processor.py:925} INFO - DAG(s) 'dataset_alias_example_alias_producer_with_no_taskflow', 'dataset_s3_bucket_producer_with_no_taskflow', 'dataset_alias_example_alias_consumer_with_no_taskflow', 'dataset_s3_bucket_consumer_with_no_taskflow' retrieved from /mnt/c/Users/Raj/OneDrive - Åbo Akademi O365/banking/airflow/.venv/lib/python3.12/site-packages/airflow/example_dags/example_dataset_alias_with_no_taskflow.py
[2025-11-22T21:12:10.663+0500] {logging_mixin.py:190} INFO - [2025-11-22T21:12:10.662+0500] {dag.py:3239} INFO - Sync 4 DAGs
[2025-11-22T21:12:10.690+0500] {logging_mixin.py:190} INFO - [2025-11-22T21:12:10.689+0500] {dag.py:4180} INFO - Setting next_dagrun for dataset_alias_example_alias_consumer_with_no_taskflow to None, run_after=None
[2025-11-22T21:12:10.696+0500] {logging_mixin.py:190} INFO - [2025-11-22T21:12:10.695+0500] {dag.py:4180} INFO - Setting next_dagrun for dataset_alias_example_alias_producer_with_no_taskflow to None, run_after=None
[2025-11-22T21:12:10.701+0500] {logging_mixin.py:190} INFO - [2025-11-22T21:12:10.699+0500] {dag.py:4180} INFO - Setting next_dagrun for dataset_s3_bucket_consumer_with_no_taskflow to None, run_after=None
[2025-11-22T21:12:10.705+0500] {logging_mixin.py:190} INFO - [2025-11-22T21:12:10.704+0500] {dag.py:4180} INFO - Setting next_dagrun for dataset_s3_bucket_producer_with_no_taskflow to None, run_after=None
[2025-11-22T21:12:10.783+0500] {processor.py:208} INFO - Processing /mnt/c/Users/Raj/OneDrive - Åbo Akademi O365/banking/airflow/.venv/lib/python3.12/site-packages/airflow/example_dags/example_dataset_alias_with_no_taskflow.py took 0.348 seconds
[2025-11-22T21:13:54.374+0500] {processor.py:186} INFO - Started process (PID=68566) to work on /mnt/c/Users/Raj/OneDrive - Åbo Akademi O365/banking/airflow/.venv/lib/python3.12/site-packages/airflow/example_dags/example_dataset_alias_with_no_taskflow.py
[2025-11-22T21:13:54.376+0500] {processor.py:914} INFO - Processing file /mnt/c/Users/Raj/OneDrive - Åbo Akademi O365/banking/airflow/.venv/lib/python3.12/site-packages/airflow/example_dags/example_dataset_alias_with_no_taskflow.py for tasks to queue
[2025-11-22T21:13:54.380+0500] {logging_mixin.py:190} INFO - [2025-11-22T21:13:54.379+0500] {dagbag.py:588} INFO - Filling up the DagBag from /mnt/c/Users/Raj/OneDrive - Åbo Akademi O365/banking/airflow/.venv/lib/python3.12/site-packages/airflow/example_dags/example_dataset_alias_with_no_taskflow.py
[2025-11-22T21:13:54.529+0500] {processor.py:925} INFO - DAG(s) 'dataset_alias_example_alias_consumer_with_no_taskflow', 'dataset_s3_bucket_consumer_with_no_taskflow', 'dataset_s3_bucket_producer_with_no_taskflow', 'dataset_alias_example_alias_producer_with_no_taskflow' retrieved from /mnt/c/Users/Raj/OneDrive - Åbo Akademi O365/banking/airflow/.venv/lib/python3.12/site-packages/airflow/example_dags/example_dataset_alias_with_no_taskflow.py
[2025-11-22T21:13:54.589+0500] {logging_mixin.py:190} INFO - [2025-11-22T21:13:54.588+0500] {dag.py:3239} INFO - Sync 4 DAGs
[2025-11-22T21:13:54.615+0500] {logging_mixin.py:190} INFO - [2025-11-22T21:13:54.614+0500] {dag.py:4180} INFO - Setting next_dagrun for dataset_alias_example_alias_consumer_with_no_taskflow to None, run_after=None
[2025-11-22T21:13:54.619+0500] {logging_mixin.py:190} INFO - [2025-11-22T21:13:54.618+0500] {dag.py:4180} INFO - Setting next_dagrun for dataset_alias_example_alias_producer_with_no_taskflow to None, run_after=None
[2025-11-22T21:13:54.623+0500] {logging_mixin.py:190} INFO - [2025-11-22T21:13:54.622+0500] {dag.py:4180} INFO - Setting next_dagrun for dataset_s3_bucket_consumer_with_no_taskflow to None, run_after=None
[2025-11-22T21:13:54.626+0500] {logging_mixin.py:190} INFO - [2025-11-22T21:13:54.625+0500] {dag.py:4180} INFO - Setting next_dagrun for dataset_s3_bucket_producer_with_no_taskflow to None, run_after=None
[2025-11-22T21:13:54.696+0500] {processor.py:208} INFO - Processing /mnt/c/Users/Raj/OneDrive - Åbo Akademi O365/banking/airflow/.venv/lib/python3.12/site-packages/airflow/example_dags/example_dataset_alias_with_no_taskflow.py took 0.342 seconds
[2025-11-22T21:15:36.147+0500] {processor.py:186} INFO - Started process (PID=68646) to work on /mnt/c/Users/Raj/OneDrive - Åbo Akademi O365/banking/airflow/.venv/lib/python3.12/site-packages/airflow/example_dags/example_dataset_alias_with_no_taskflow.py
[2025-11-22T21:15:36.149+0500] {processor.py:914} INFO - Processing file /mnt/c/Users/Raj/OneDrive - Åbo Akademi O365/banking/airflow/.venv/lib/python3.12/site-packages/airflow/example_dags/example_dataset_alias_with_no_taskflow.py for tasks to queue
[2025-11-22T21:15:36.152+0500] {logging_mixin.py:190} INFO - [2025-11-22T21:15:36.151+0500] {dagbag.py:588} INFO - Filling up the DagBag from /mnt/c/Users/Raj/OneDrive - Åbo Akademi O365/banking/airflow/.venv/lib/python3.12/site-packages/airflow/example_dags/example_dataset_alias_with_no_taskflow.py
[2025-11-22T21:15:36.295+0500] {processor.py:925} INFO - DAG(s) 'dataset_alias_example_alias_producer_with_no_taskflow', 'dataset_alias_example_alias_consumer_with_no_taskflow', 'dataset_s3_bucket_consumer_with_no_taskflow', 'dataset_s3_bucket_producer_with_no_taskflow' retrieved from /mnt/c/Users/Raj/OneDrive - Åbo Akademi O365/banking/airflow/.venv/lib/python3.12/site-packages/airflow/example_dags/example_dataset_alias_with_no_taskflow.py
[2025-11-22T21:15:36.386+0500] {logging_mixin.py:190} INFO - [2025-11-22T21:15:36.384+0500] {dag.py:3239} INFO - Sync 4 DAGs
[2025-11-22T21:15:36.415+0500] {logging_mixin.py:190} INFO - [2025-11-22T21:15:36.414+0500] {dag.py:4180} INFO - Setting next_dagrun for dataset_alias_example_alias_consumer_with_no_taskflow to None, run_after=None
[2025-11-22T21:15:36.422+0500] {logging_mixin.py:190} INFO - [2025-11-22T21:15:36.421+0500] {dag.py:4180} INFO - Setting next_dagrun for dataset_alias_example_alias_producer_with_no_taskflow to None, run_after=None
[2025-11-22T21:15:36.426+0500] {logging_mixin.py:190} INFO - [2025-11-22T21:15:36.425+0500] {dag.py:4180} INFO - Setting next_dagrun for dataset_s3_bucket_consumer_with_no_taskflow to None, run_after=None
[2025-11-22T21:15:36.430+0500] {logging_mixin.py:190} INFO - [2025-11-22T21:15:36.429+0500] {dag.py:4180} INFO - Setting next_dagrun for dataset_s3_bucket_producer_with_no_taskflow to None, run_after=None
[2025-11-22T21:15:36.500+0500] {processor.py:208} INFO - Processing /mnt/c/Users/Raj/OneDrive - Åbo Akademi O365/banking/airflow/.venv/lib/python3.12/site-packages/airflow/example_dags/example_dataset_alias_with_no_taskflow.py took 0.374 seconds
[2025-11-22T21:17:14.457+0500] {processor.py:186} INFO - Started process (PID=68727) to work on /mnt/c/Users/Raj/OneDrive - Åbo Akademi O365/banking/airflow/.venv/lib/python3.12/site-packages/airflow/example_dags/example_dataset_alias_with_no_taskflow.py
[2025-11-22T21:17:14.459+0500] {processor.py:914} INFO - Processing file /mnt/c/Users/Raj/OneDrive - Åbo Akademi O365/banking/airflow/.venv/lib/python3.12/site-packages/airflow/example_dags/example_dataset_alias_with_no_taskflow.py for tasks to queue
[2025-11-22T21:17:14.464+0500] {logging_mixin.py:190} INFO - [2025-11-22T21:17:14.462+0500] {dagbag.py:588} INFO - Filling up the DagBag from /mnt/c/Users/Raj/OneDrive - Åbo Akademi O365/banking/airflow/.venv/lib/python3.12/site-packages/airflow/example_dags/example_dataset_alias_with_no_taskflow.py
[2025-11-22T21:17:14.630+0500] {processor.py:925} INFO - DAG(s) 'dataset_s3_bucket_producer_with_no_taskflow', 'dataset_alias_example_alias_producer_with_no_taskflow', 'dataset_alias_example_alias_consumer_with_no_taskflow', 'dataset_s3_bucket_consumer_with_no_taskflow' retrieved from /mnt/c/Users/Raj/OneDrive - Åbo Akademi O365/banking/airflow/.venv/lib/python3.12/site-packages/airflow/example_dags/example_dataset_alias_with_no_taskflow.py
[2025-11-22T21:17:14.690+0500] {logging_mixin.py:190} INFO - [2025-11-22T21:17:14.689+0500] {dag.py:3239} INFO - Sync 4 DAGs
[2025-11-22T21:17:14.715+0500] {logging_mixin.py:190} INFO - [2025-11-22T21:17:14.714+0500] {dag.py:4180} INFO - Setting next_dagrun for dataset_alias_example_alias_consumer_with_no_taskflow to None, run_after=None
[2025-11-22T21:17:14.721+0500] {logging_mixin.py:190} INFO - [2025-11-22T21:17:14.720+0500] {dag.py:4180} INFO - Setting next_dagrun for dataset_alias_example_alias_producer_with_no_taskflow to None, run_after=None
[2025-11-22T21:17:14.727+0500] {logging_mixin.py:190} INFO - [2025-11-22T21:17:14.725+0500] {dag.py:4180} INFO - Setting next_dagrun for dataset_s3_bucket_consumer_with_no_taskflow to None, run_after=None
[2025-11-22T21:17:14.732+0500] {logging_mixin.py:190} INFO - [2025-11-22T21:17:14.731+0500] {dag.py:4180} INFO - Setting next_dagrun for dataset_s3_bucket_producer_with_no_taskflow to None, run_after=None
[2025-11-22T21:17:14.822+0500] {processor.py:208} INFO - Processing /mnt/c/Users/Raj/OneDrive - Åbo Akademi O365/banking/airflow/.venv/lib/python3.12/site-packages/airflow/example_dags/example_dataset_alias_with_no_taskflow.py took 0.386 seconds
[2025-11-22T21:18:58.278+0500] {processor.py:186} INFO - Started process (PID=68808) to work on /mnt/c/Users/Raj/OneDrive - Åbo Akademi O365/banking/airflow/.venv/lib/python3.12/site-packages/airflow/example_dags/example_dataset_alias_with_no_taskflow.py
[2025-11-22T21:18:58.280+0500] {processor.py:914} INFO - Processing file /mnt/c/Users/Raj/OneDrive - Åbo Akademi O365/banking/airflow/.venv/lib/python3.12/site-packages/airflow/example_dags/example_dataset_alias_with_no_taskflow.py for tasks to queue
[2025-11-22T21:18:58.284+0500] {logging_mixin.py:190} INFO - [2025-11-22T21:18:58.283+0500] {dagbag.py:588} INFO - Filling up the DagBag from /mnt/c/Users/Raj/OneDrive - Åbo Akademi O365/banking/airflow/.venv/lib/python3.12/site-packages/airflow/example_dags/example_dataset_alias_with_no_taskflow.py
[2025-11-22T21:18:58.442+0500] {processor.py:925} INFO - DAG(s) 'dataset_alias_example_alias_producer_with_no_taskflow', 'dataset_s3_bucket_producer_with_no_taskflow', 'dataset_s3_bucket_consumer_with_no_taskflow', 'dataset_alias_example_alias_consumer_with_no_taskflow' retrieved from /mnt/c/Users/Raj/OneDrive - Åbo Akademi O365/banking/airflow/.venv/lib/python3.12/site-packages/airflow/example_dags/example_dataset_alias_with_no_taskflow.py
[2025-11-22T21:18:58.508+0500] {logging_mixin.py:190} INFO - [2025-11-22T21:18:58.507+0500] {dag.py:3239} INFO - Sync 4 DAGs
[2025-11-22T21:18:58.535+0500] {logging_mixin.py:190} INFO - [2025-11-22T21:18:58.534+0500] {dag.py:4180} INFO - Setting next_dagrun for dataset_alias_example_alias_consumer_with_no_taskflow to None, run_after=None
[2025-11-22T21:18:58.542+0500] {logging_mixin.py:190} INFO - [2025-11-22T21:18:58.541+0500] {dag.py:4180} INFO - Setting next_dagrun for dataset_alias_example_alias_producer_with_no_taskflow to None, run_after=None
[2025-11-22T21:18:58.547+0500] {logging_mixin.py:190} INFO - [2025-11-22T21:18:58.546+0500] {dag.py:4180} INFO - Setting next_dagrun for dataset_s3_bucket_consumer_with_no_taskflow to None, run_after=None
[2025-11-22T21:18:58.552+0500] {logging_mixin.py:190} INFO - [2025-11-22T21:18:58.551+0500] {dag.py:4180} INFO - Setting next_dagrun for dataset_s3_bucket_producer_with_no_taskflow to None, run_after=None
[2025-11-22T21:18:58.628+0500] {processor.py:208} INFO - Processing /mnt/c/Users/Raj/OneDrive - Åbo Akademi O365/banking/airflow/.venv/lib/python3.12/site-packages/airflow/example_dags/example_dataset_alias_with_no_taskflow.py took 0.370 seconds
[2025-11-22T21:20:38.274+0500] {processor.py:186} INFO - Started process (PID=68888) to work on /mnt/c/Users/Raj/OneDrive - Åbo Akademi O365/banking/airflow/.venv/lib/python3.12/site-packages/airflow/example_dags/example_dataset_alias_with_no_taskflow.py
[2025-11-22T21:20:38.276+0500] {processor.py:914} INFO - Processing file /mnt/c/Users/Raj/OneDrive - Åbo Akademi O365/banking/airflow/.venv/lib/python3.12/site-packages/airflow/example_dags/example_dataset_alias_with_no_taskflow.py for tasks to queue
[2025-11-22T21:20:38.280+0500] {logging_mixin.py:190} INFO - [2025-11-22T21:20:38.279+0500] {dagbag.py:588} INFO - Filling up the DagBag from /mnt/c/Users/Raj/OneDrive - Åbo Akademi O365/banking/airflow/.venv/lib/python3.12/site-packages/airflow/example_dags/example_dataset_alias_with_no_taskflow.py
[2025-11-22T21:20:38.439+0500] {processor.py:925} INFO - DAG(s) 'dataset_alias_example_alias_producer_with_no_taskflow', 'dataset_s3_bucket_consumer_with_no_taskflow', 'dataset_s3_bucket_producer_with_no_taskflow', 'dataset_alias_example_alias_consumer_with_no_taskflow' retrieved from /mnt/c/Users/Raj/OneDrive - Åbo Akademi O365/banking/airflow/.venv/lib/python3.12/site-packages/airflow/example_dags/example_dataset_alias_with_no_taskflow.py
[2025-11-22T21:20:38.504+0500] {logging_mixin.py:190} INFO - [2025-11-22T21:20:38.503+0500] {dag.py:3239} INFO - Sync 4 DAGs
[2025-11-22T21:20:38.535+0500] {logging_mixin.py:190} INFO - [2025-11-22T21:20:38.534+0500] {dag.py:4180} INFO - Setting next_dagrun for dataset_alias_example_alias_consumer_with_no_taskflow to None, run_after=None
[2025-11-22T21:20:38.541+0500] {logging_mixin.py:190} INFO - [2025-11-22T21:20:38.540+0500] {dag.py:4180} INFO - Setting next_dagrun for dataset_alias_example_alias_producer_with_no_taskflow to None, run_after=None
[2025-11-22T21:20:38.545+0500] {logging_mixin.py:190} INFO - [2025-11-22T21:20:38.544+0500] {dag.py:4180} INFO - Setting next_dagrun for dataset_s3_bucket_consumer_with_no_taskflow to None, run_after=None
[2025-11-22T21:20:38.550+0500] {logging_mixin.py:190} INFO - [2025-11-22T21:20:38.549+0500] {dag.py:4180} INFO - Setting next_dagrun for dataset_s3_bucket_producer_with_no_taskflow to None, run_after=None
[2025-11-22T21:20:38.635+0500] {processor.py:208} INFO - Processing /mnt/c/Users/Raj/OneDrive - Åbo Akademi O365/banking/airflow/.venv/lib/python3.12/site-packages/airflow/example_dags/example_dataset_alias_with_no_taskflow.py took 0.382 seconds
[2025-11-22T21:22:27.673+0500] {processor.py:186} INFO - Started process (PID=68972) to work on /mnt/c/Users/Raj/OneDrive - Åbo Akademi O365/banking/airflow/.venv/lib/python3.12/site-packages/airflow/example_dags/example_dataset_alias_with_no_taskflow.py
[2025-11-22T21:22:27.675+0500] {processor.py:914} INFO - Processing file /mnt/c/Users/Raj/OneDrive - Åbo Akademi O365/banking/airflow/.venv/lib/python3.12/site-packages/airflow/example_dags/example_dataset_alias_with_no_taskflow.py for tasks to queue
[2025-11-22T21:22:27.680+0500] {logging_mixin.py:190} INFO - [2025-11-22T21:22:27.679+0500] {dagbag.py:588} INFO - Filling up the DagBag from /mnt/c/Users/Raj/OneDrive - Åbo Akademi O365/banking/airflow/.venv/lib/python3.12/site-packages/airflow/example_dags/example_dataset_alias_with_no_taskflow.py
[2025-11-22T21:22:27.833+0500] {processor.py:925} INFO - DAG(s) 'dataset_s3_bucket_consumer_with_no_taskflow', 'dataset_alias_example_alias_producer_with_no_taskflow', 'dataset_alias_example_alias_consumer_with_no_taskflow', 'dataset_s3_bucket_producer_with_no_taskflow' retrieved from /mnt/c/Users/Raj/OneDrive - Åbo Akademi O365/banking/airflow/.venv/lib/python3.12/site-packages/airflow/example_dags/example_dataset_alias_with_no_taskflow.py
[2025-11-22T21:22:27.906+0500] {logging_mixin.py:190} INFO - [2025-11-22T21:22:27.905+0500] {dag.py:3239} INFO - Sync 4 DAGs
[2025-11-22T21:22:27.940+0500] {logging_mixin.py:190} INFO - [2025-11-22T21:22:27.939+0500] {dag.py:4180} INFO - Setting next_dagrun for dataset_alias_example_alias_consumer_with_no_taskflow to None, run_after=None
[2025-11-22T21:22:27.947+0500] {logging_mixin.py:190} INFO - [2025-11-22T21:22:27.946+0500] {dag.py:4180} INFO - Setting next_dagrun for dataset_alias_example_alias_producer_with_no_taskflow to None, run_after=None
[2025-11-22T21:22:27.953+0500] {logging_mixin.py:190} INFO - [2025-11-22T21:22:27.951+0500] {dag.py:4180} INFO - Setting next_dagrun for dataset_s3_bucket_consumer_with_no_taskflow to None, run_after=None
[2025-11-22T21:22:27.958+0500] {logging_mixin.py:190} INFO - [2025-11-22T21:22:27.956+0500] {dag.py:4180} INFO - Setting next_dagrun for dataset_s3_bucket_producer_with_no_taskflow to None, run_after=None
[2025-11-22T21:22:28.045+0500] {processor.py:208} INFO - Processing /mnt/c/Users/Raj/OneDrive - Åbo Akademi O365/banking/airflow/.venv/lib/python3.12/site-packages/airflow/example_dags/example_dataset_alias_with_no_taskflow.py took 0.400 seconds
[2025-11-22T21:24:09.491+0500] {processor.py:186} INFO - Started process (PID=69048) to work on /mnt/c/Users/Raj/OneDrive - Åbo Akademi O365/banking/airflow/.venv/lib/python3.12/site-packages/airflow/example_dags/example_dataset_alias_with_no_taskflow.py
[2025-11-22T21:24:09.493+0500] {processor.py:914} INFO - Processing file /mnt/c/Users/Raj/OneDrive - Åbo Akademi O365/banking/airflow/.venv/lib/python3.12/site-packages/airflow/example_dags/example_dataset_alias_with_no_taskflow.py for tasks to queue
[2025-11-22T21:24:09.498+0500] {logging_mixin.py:190} INFO - [2025-11-22T21:24:09.496+0500] {dagbag.py:588} INFO - Filling up the DagBag from /mnt/c/Users/Raj/OneDrive - Åbo Akademi O365/banking/airflow/.venv/lib/python3.12/site-packages/airflow/example_dags/example_dataset_alias_with_no_taskflow.py
[2025-11-22T21:24:09.684+0500] {processor.py:925} INFO - DAG(s) 'dataset_alias_example_alias_consumer_with_no_taskflow', 'dataset_s3_bucket_producer_with_no_taskflow', 'dataset_s3_bucket_consumer_with_no_taskflow', 'dataset_alias_example_alias_producer_with_no_taskflow' retrieved from /mnt/c/Users/Raj/OneDrive - Åbo Akademi O365/banking/airflow/.venv/lib/python3.12/site-packages/airflow/example_dags/example_dataset_alias_with_no_taskflow.py
[2025-11-22T21:24:09.756+0500] {logging_mixin.py:190} INFO - [2025-11-22T21:24:09.755+0500] {dag.py:3239} INFO - Sync 4 DAGs
[2025-11-22T21:24:09.791+0500] {logging_mixin.py:190} INFO - [2025-11-22T21:24:09.790+0500] {dag.py:4180} INFO - Setting next_dagrun for dataset_alias_example_alias_consumer_with_no_taskflow to None, run_after=None
[2025-11-22T21:24:09.798+0500] {logging_mixin.py:190} INFO - [2025-11-22T21:24:09.796+0500] {dag.py:4180} INFO - Setting next_dagrun for dataset_alias_example_alias_producer_with_no_taskflow to None, run_after=None
[2025-11-22T21:24:09.802+0500] {logging_mixin.py:190} INFO - [2025-11-22T21:24:09.801+0500] {dag.py:4180} INFO - Setting next_dagrun for dataset_s3_bucket_consumer_with_no_taskflow to None, run_after=None
[2025-11-22T21:24:09.807+0500] {logging_mixin.py:190} INFO - [2025-11-22T21:24:09.806+0500] {dag.py:4180} INFO - Setting next_dagrun for dataset_s3_bucket_producer_with_no_taskflow to None, run_after=None
[2025-11-22T21:24:09.888+0500] {processor.py:208} INFO - Processing /mnt/c/Users/Raj/OneDrive - Åbo Akademi O365/banking/airflow/.venv/lib/python3.12/site-packages/airflow/example_dags/example_dataset_alias_with_no_taskflow.py took 0.415 seconds
