[2025-11-22T20:14:22.940+0500] {processor.py:186} INFO - Started process (PID=65693) to work on /mnt/c/Users/Raj/OneDrive - Åbo Akademi O365/banking/airflow/.venv/lib/python3.12/site-packages/airflow/example_dags/example_inlet_event_extra.py
[2025-11-22T20:14:22.943+0500] {processor.py:914} INFO - Processing file /mnt/c/Users/Raj/OneDrive - Åbo Akademi O365/banking/airflow/.venv/lib/python3.12/site-packages/airflow/example_dags/example_inlet_event_extra.py for tasks to queue
[2025-11-22T20:14:22.964+0500] {logging_mixin.py:190} INFO - [2025-11-22T20:14:22.947+0500] {dagbag.py:588} INFO - Filling up the DagBag from /mnt/c/Users/Raj/OneDrive - Åbo Akademi O365/banking/airflow/.venv/lib/python3.12/site-packages/airflow/example_dags/example_inlet_event_extra.py
[2025-11-22T20:14:23.273+0500] {processor.py:925} INFO - DAG(s) 'read_dataset_event_from_classic', 'read_dataset_event' retrieved from /mnt/c/Users/Raj/OneDrive - Åbo Akademi O365/banking/airflow/.venv/lib/python3.12/site-packages/airflow/example_dags/example_inlet_event_extra.py
[2025-11-22T20:14:23.573+0500] {logging_mixin.py:190} INFO - [2025-11-22T20:14:23.571+0500] {dag.py:3239} INFO - Sync 2 DAGs
[2025-11-22T20:14:23.651+0500] {logging_mixin.py:190} INFO - [2025-11-22T20:14:23.650+0500] {dag.py:4180} INFO - Setting next_dagrun for read_dataset_event to 2025-11-21 00:00:00+00:00, run_after=2025-11-22 00:00:00+00:00
[2025-11-22T20:14:23.660+0500] {logging_mixin.py:190} INFO - [2025-11-22T20:14:23.658+0500] {dag.py:4180} INFO - Setting next_dagrun for read_dataset_event_from_classic to 2025-11-21 00:00:00+00:00, run_after=2025-11-22 00:00:00+00:00
[2025-11-22T20:14:23.733+0500] {processor.py:208} INFO - Processing /mnt/c/Users/Raj/OneDrive - Åbo Akademi O365/banking/airflow/.venv/lib/python3.12/site-packages/airflow/example_dags/example_inlet_event_extra.py took 0.827 seconds
[2025-11-22T20:16:27.808+0500] {processor.py:186} INFO - Started process (PID=65783) to work on /mnt/c/Users/Raj/OneDrive - Åbo Akademi O365/banking/airflow/.venv/lib/python3.12/site-packages/airflow/example_dags/example_inlet_event_extra.py
[2025-11-22T20:16:27.810+0500] {processor.py:914} INFO - Processing file /mnt/c/Users/Raj/OneDrive - Åbo Akademi O365/banking/airflow/.venv/lib/python3.12/site-packages/airflow/example_dags/example_inlet_event_extra.py for tasks to queue
[2025-11-22T20:16:27.814+0500] {logging_mixin.py:190} INFO - [2025-11-22T20:16:27.813+0500] {dagbag.py:588} INFO - Filling up the DagBag from /mnt/c/Users/Raj/OneDrive - Åbo Akademi O365/banking/airflow/.venv/lib/python3.12/site-packages/airflow/example_dags/example_inlet_event_extra.py
[2025-11-22T20:16:27.935+0500] {processor.py:925} INFO - DAG(s) 'read_dataset_event', 'read_dataset_event_from_classic' retrieved from /mnt/c/Users/Raj/OneDrive - Åbo Akademi O365/banking/airflow/.venv/lib/python3.12/site-packages/airflow/example_dags/example_inlet_event_extra.py
[2025-11-22T20:16:27.970+0500] {logging_mixin.py:190} INFO - [2025-11-22T20:16:27.969+0500] {dag.py:3239} INFO - Sync 2 DAGs
[2025-11-22T20:16:27.996+0500] {logging_mixin.py:190} INFO - [2025-11-22T20:16:27.995+0500] {dag.py:4180} INFO - Setting next_dagrun for read_dataset_event to 2025-11-21 00:00:00+00:00, run_after=2025-11-22 00:00:00+00:00
[2025-11-22T20:16:28.003+0500] {logging_mixin.py:190} INFO - [2025-11-22T20:16:28.002+0500] {dag.py:4180} INFO - Setting next_dagrun for read_dataset_event_from_classic to 2025-11-21 00:00:00+00:00, run_after=2025-11-22 00:00:00+00:00
[2025-11-22T20:16:28.066+0500] {processor.py:208} INFO - Processing /mnt/c/Users/Raj/OneDrive - Åbo Akademi O365/banking/airflow/.venv/lib/python3.12/site-packages/airflow/example_dags/example_inlet_event_extra.py took 0.272 seconds
[2025-11-22T20:21:06.414+0500] {processor.py:186} INFO - Started process (PID=65946) to work on /mnt/c/Users/Raj/OneDrive - Åbo Akademi O365/banking/airflow/.venv/lib/python3.12/site-packages/airflow/example_dags/example_inlet_event_extra.py
[2025-11-22T20:21:06.416+0500] {processor.py:914} INFO - Processing file /mnt/c/Users/Raj/OneDrive - Åbo Akademi O365/banking/airflow/.venv/lib/python3.12/site-packages/airflow/example_dags/example_inlet_event_extra.py for tasks to queue
[2025-11-22T20:21:06.420+0500] {logging_mixin.py:190} INFO - [2025-11-22T20:21:06.419+0500] {dagbag.py:588} INFO - Filling up the DagBag from /mnt/c/Users/Raj/OneDrive - Åbo Akademi O365/banking/airflow/.venv/lib/python3.12/site-packages/airflow/example_dags/example_inlet_event_extra.py
[2025-11-22T20:21:06.616+0500] {processor.py:925} INFO - DAG(s) 'read_dataset_event_from_classic', 'read_dataset_event' retrieved from /mnt/c/Users/Raj/OneDrive - Åbo Akademi O365/banking/airflow/.venv/lib/python3.12/site-packages/airflow/example_dags/example_inlet_event_extra.py
[2025-11-22T20:21:06.671+0500] {logging_mixin.py:190} INFO - [2025-11-22T20:21:06.669+0500] {dag.py:3239} INFO - Sync 2 DAGs
[2025-11-22T20:21:06.706+0500] {logging_mixin.py:190} INFO - [2025-11-22T20:21:06.705+0500] {dag.py:4180} INFO - Setting next_dagrun for read_dataset_event to 2025-11-21 00:00:00+00:00, run_after=2025-11-22 00:00:00+00:00
[2025-11-22T20:21:06.717+0500] {logging_mixin.py:190} INFO - [2025-11-22T20:21:06.716+0500] {dag.py:4180} INFO - Setting next_dagrun for read_dataset_event_from_classic to 2025-11-21 00:00:00+00:00, run_after=2025-11-22 00:00:00+00:00
[2025-11-22T20:21:06.798+0500] {processor.py:208} INFO - Processing /mnt/c/Users/Raj/OneDrive - Åbo Akademi O365/banking/airflow/.venv/lib/python3.12/site-packages/airflow/example_dags/example_inlet_event_extra.py took 0.398 seconds
[2025-11-22T20:22:39.929+0500] {processor.py:186} INFO - Started process (PID=66027) to work on /mnt/c/Users/Raj/OneDrive - Åbo Akademi O365/banking/airflow/.venv/lib/python3.12/site-packages/airflow/example_dags/example_inlet_event_extra.py
[2025-11-22T20:22:39.932+0500] {processor.py:914} INFO - Processing file /mnt/c/Users/Raj/OneDrive - Åbo Akademi O365/banking/airflow/.venv/lib/python3.12/site-packages/airflow/example_dags/example_inlet_event_extra.py for tasks to queue
[2025-11-22T20:22:39.938+0500] {logging_mixin.py:190} INFO - [2025-11-22T20:22:39.936+0500] {dagbag.py:588} INFO - Filling up the DagBag from /mnt/c/Users/Raj/OneDrive - Åbo Akademi O365/banking/airflow/.venv/lib/python3.12/site-packages/airflow/example_dags/example_inlet_event_extra.py
[2025-11-22T20:22:40.166+0500] {processor.py:925} INFO - DAG(s) 'read_dataset_event', 'read_dataset_event_from_classic' retrieved from /mnt/c/Users/Raj/OneDrive - Åbo Akademi O365/banking/airflow/.venv/lib/python3.12/site-packages/airflow/example_dags/example_inlet_event_extra.py
[2025-11-22T20:22:40.216+0500] {logging_mixin.py:190} INFO - [2025-11-22T20:22:40.215+0500] {dag.py:3239} INFO - Sync 2 DAGs
[2025-11-22T20:22:40.256+0500] {logging_mixin.py:190} INFO - [2025-11-22T20:22:40.254+0500] {dag.py:4180} INFO - Setting next_dagrun for read_dataset_event to 2025-11-21 00:00:00+00:00, run_after=2025-11-22 00:00:00+00:00
[2025-11-22T20:22:40.266+0500] {logging_mixin.py:190} INFO - [2025-11-22T20:22:40.264+0500] {dag.py:4180} INFO - Setting next_dagrun for read_dataset_event_from_classic to 2025-11-21 00:00:00+00:00, run_after=2025-11-22 00:00:00+00:00
[2025-11-22T20:22:40.347+0500] {processor.py:208} INFO - Processing /mnt/c/Users/Raj/OneDrive - Åbo Akademi O365/banking/airflow/.venv/lib/python3.12/site-packages/airflow/example_dags/example_inlet_event_extra.py took 0.438 seconds
[2025-11-22T20:24:45.294+0500] {processor.py:186} INFO - Started process (PID=66123) to work on /mnt/c/Users/Raj/OneDrive - Åbo Akademi O365/banking/airflow/.venv/lib/python3.12/site-packages/airflow/example_dags/example_inlet_event_extra.py
[2025-11-22T20:24:45.296+0500] {processor.py:914} INFO - Processing file /mnt/c/Users/Raj/OneDrive - Åbo Akademi O365/banking/airflow/.venv/lib/python3.12/site-packages/airflow/example_dags/example_inlet_event_extra.py for tasks to queue
[2025-11-22T20:24:45.302+0500] {logging_mixin.py:190} INFO - [2025-11-22T20:24:45.300+0500] {dagbag.py:588} INFO - Filling up the DagBag from /mnt/c/Users/Raj/OneDrive - Åbo Akademi O365/banking/airflow/.venv/lib/python3.12/site-packages/airflow/example_dags/example_inlet_event_extra.py
[2025-11-22T20:24:45.559+0500] {processor.py:925} INFO - DAG(s) 'read_dataset_event', 'read_dataset_event_from_classic' retrieved from /mnt/c/Users/Raj/OneDrive - Åbo Akademi O365/banking/airflow/.venv/lib/python3.12/site-packages/airflow/example_dags/example_inlet_event_extra.py
[2025-11-22T20:24:45.636+0500] {logging_mixin.py:190} INFO - [2025-11-22T20:24:45.634+0500] {dag.py:3239} INFO - Sync 2 DAGs
[2025-11-22T20:24:45.692+0500] {logging_mixin.py:190} INFO - [2025-11-22T20:24:45.690+0500] {dag.py:4180} INFO - Setting next_dagrun for read_dataset_event to 2025-11-21 00:00:00+00:00, run_after=2025-11-22 00:00:00+00:00
[2025-11-22T20:24:45.705+0500] {logging_mixin.py:190} INFO - [2025-11-22T20:24:45.703+0500] {dag.py:4180} INFO - Setting next_dagrun for read_dataset_event_from_classic to 2025-11-21 00:00:00+00:00, run_after=2025-11-22 00:00:00+00:00
[2025-11-22T20:24:45.797+0500] {processor.py:208} INFO - Processing /mnt/c/Users/Raj/OneDrive - Åbo Akademi O365/banking/airflow/.venv/lib/python3.12/site-packages/airflow/example_dags/example_inlet_event_extra.py took 0.518 seconds
[2025-11-22T20:28:11.880+0500] {processor.py:186} INFO - Started process (PID=66273) to work on /mnt/c/Users/Raj/OneDrive - Åbo Akademi O365/banking/airflow/.venv/lib/python3.12/site-packages/airflow/example_dags/example_inlet_event_extra.py
[2025-11-22T20:28:11.882+0500] {processor.py:914} INFO - Processing file /mnt/c/Users/Raj/OneDrive - Åbo Akademi O365/banking/airflow/.venv/lib/python3.12/site-packages/airflow/example_dags/example_inlet_event_extra.py for tasks to queue
[2025-11-22T20:28:11.887+0500] {logging_mixin.py:190} INFO - [2025-11-22T20:28:11.885+0500] {dagbag.py:588} INFO - Filling up the DagBag from /mnt/c/Users/Raj/OneDrive - Åbo Akademi O365/banking/airflow/.venv/lib/python3.12/site-packages/airflow/example_dags/example_inlet_event_extra.py
[2025-11-22T20:28:12.056+0500] {processor.py:925} INFO - DAG(s) 'read_dataset_event', 'read_dataset_event_from_classic' retrieved from /mnt/c/Users/Raj/OneDrive - Åbo Akademi O365/banking/airflow/.venv/lib/python3.12/site-packages/airflow/example_dags/example_inlet_event_extra.py
[2025-11-22T20:28:12.114+0500] {logging_mixin.py:190} INFO - [2025-11-22T20:28:12.112+0500] {dag.py:3239} INFO - Sync 2 DAGs
[2025-11-22T20:28:12.141+0500] {logging_mixin.py:190} INFO - [2025-11-22T20:28:12.140+0500] {dag.py:4180} INFO - Setting next_dagrun for read_dataset_event to 2025-11-21 00:00:00+00:00, run_after=2025-11-22 00:00:00+00:00
[2025-11-22T20:28:12.149+0500] {logging_mixin.py:190} INFO - [2025-11-22T20:28:12.148+0500] {dag.py:4180} INFO - Setting next_dagrun for read_dataset_event_from_classic to 2025-11-21 00:00:00+00:00, run_after=2025-11-22 00:00:00+00:00
[2025-11-22T20:28:12.227+0500] {processor.py:208} INFO - Processing /mnt/c/Users/Raj/OneDrive - Åbo Akademi O365/banking/airflow/.venv/lib/python3.12/site-packages/airflow/example_dags/example_inlet_event_extra.py took 0.363 seconds
[2025-11-22T20:30:02.489+0500] {processor.py:186} INFO - Started process (PID=66382) to work on /mnt/c/Users/Raj/OneDrive - Åbo Akademi O365/banking/airflow/.venv/lib/python3.12/site-packages/airflow/example_dags/example_inlet_event_extra.py
[2025-11-22T20:30:02.492+0500] {processor.py:914} INFO - Processing file /mnt/c/Users/Raj/OneDrive - Åbo Akademi O365/banking/airflow/.venv/lib/python3.12/site-packages/airflow/example_dags/example_inlet_event_extra.py for tasks to queue
[2025-11-22T20:30:02.495+0500] {logging_mixin.py:190} INFO - [2025-11-22T20:30:02.494+0500] {dagbag.py:588} INFO - Filling up the DagBag from /mnt/c/Users/Raj/OneDrive - Åbo Akademi O365/banking/airflow/.venv/lib/python3.12/site-packages/airflow/example_dags/example_inlet_event_extra.py
[2025-11-22T20:30:02.636+0500] {processor.py:925} INFO - DAG(s) 'read_dataset_event_from_classic', 'read_dataset_event' retrieved from /mnt/c/Users/Raj/OneDrive - Åbo Akademi O365/banking/airflow/.venv/lib/python3.12/site-packages/airflow/example_dags/example_inlet_event_extra.py
[2025-11-22T20:30:02.698+0500] {logging_mixin.py:190} INFO - [2025-11-22T20:30:02.697+0500] {dag.py:3239} INFO - Sync 2 DAGs
[2025-11-22T20:30:02.744+0500] {logging_mixin.py:190} INFO - [2025-11-22T20:30:02.740+0500] {dag.py:4180} INFO - Setting next_dagrun for read_dataset_event to 2025-11-21 00:00:00+00:00, run_after=2025-11-22 00:00:00+00:00
[2025-11-22T20:30:02.765+0500] {logging_mixin.py:190} INFO - [2025-11-22T20:30:02.762+0500] {dag.py:4180} INFO - Setting next_dagrun for read_dataset_event_from_classic to 2025-11-21 00:00:00+00:00, run_after=2025-11-22 00:00:00+00:00
[2025-11-22T20:30:02.891+0500] {processor.py:208} INFO - Processing /mnt/c/Users/Raj/OneDrive - Åbo Akademi O365/banking/airflow/.venv/lib/python3.12/site-packages/airflow/example_dags/example_inlet_event_extra.py took 0.416 seconds
[2025-11-22T20:32:53.724+0500] {processor.py:186} INFO - Started process (PID=66506) to work on /mnt/c/Users/Raj/OneDrive - Åbo Akademi O365/banking/airflow/.venv/lib/python3.12/site-packages/airflow/example_dags/example_inlet_event_extra.py
[2025-11-22T20:32:53.729+0500] {processor.py:914} INFO - Processing file /mnt/c/Users/Raj/OneDrive - Åbo Akademi O365/banking/airflow/.venv/lib/python3.12/site-packages/airflow/example_dags/example_inlet_event_extra.py for tasks to queue
[2025-11-22T20:32:53.736+0500] {logging_mixin.py:190} INFO - [2025-11-22T20:32:53.733+0500] {dagbag.py:588} INFO - Filling up the DagBag from /mnt/c/Users/Raj/OneDrive - Åbo Akademi O365/banking/airflow/.venv/lib/python3.12/site-packages/airflow/example_dags/example_inlet_event_extra.py
[2025-11-22T20:32:53.931+0500] {processor.py:925} INFO - DAG(s) 'read_dataset_event_from_classic', 'read_dataset_event' retrieved from /mnt/c/Users/Raj/OneDrive - Åbo Akademi O365/banking/airflow/.venv/lib/python3.12/site-packages/airflow/example_dags/example_inlet_event_extra.py
[2025-11-22T20:32:53.983+0500] {logging_mixin.py:190} INFO - [2025-11-22T20:32:53.982+0500] {dag.py:3239} INFO - Sync 2 DAGs
[2025-11-22T20:32:54.021+0500] {logging_mixin.py:190} INFO - [2025-11-22T20:32:54.020+0500] {dag.py:4180} INFO - Setting next_dagrun for read_dataset_event to 2025-11-21 00:00:00+00:00, run_after=2025-11-22 00:00:00+00:00
[2025-11-22T20:32:54.030+0500] {logging_mixin.py:190} INFO - [2025-11-22T20:32:54.029+0500] {dag.py:4180} INFO - Setting next_dagrun for read_dataset_event_from_classic to 2025-11-21 00:00:00+00:00, run_after=2025-11-22 00:00:00+00:00
[2025-11-22T20:32:54.100+0500] {processor.py:208} INFO - Processing /mnt/c/Users/Raj/OneDrive - Åbo Akademi O365/banking/airflow/.venv/lib/python3.12/site-packages/airflow/example_dags/example_inlet_event_extra.py took 0.447 seconds
[2025-11-22T20:35:05.079+0500] {processor.py:186} INFO - Started process (PID=66611) to work on /mnt/c/Users/Raj/OneDrive - Åbo Akademi O365/banking/airflow/.venv/lib/python3.12/site-packages/airflow/example_dags/example_inlet_event_extra.py
[2025-11-22T20:35:05.082+0500] {processor.py:914} INFO - Processing file /mnt/c/Users/Raj/OneDrive - Åbo Akademi O365/banking/airflow/.venv/lib/python3.12/site-packages/airflow/example_dags/example_inlet_event_extra.py for tasks to queue
[2025-11-22T20:35:05.088+0500] {logging_mixin.py:190} INFO - [2025-11-22T20:35:05.085+0500] {dagbag.py:588} INFO - Filling up the DagBag from /mnt/c/Users/Raj/OneDrive - Åbo Akademi O365/banking/airflow/.venv/lib/python3.12/site-packages/airflow/example_dags/example_inlet_event_extra.py
[2025-11-22T20:35:05.282+0500] {processor.py:925} INFO - DAG(s) 'read_dataset_event_from_classic', 'read_dataset_event' retrieved from /mnt/c/Users/Raj/OneDrive - Åbo Akademi O365/banking/airflow/.venv/lib/python3.12/site-packages/airflow/example_dags/example_inlet_event_extra.py
[2025-11-22T20:35:05.345+0500] {logging_mixin.py:190} INFO - [2025-11-22T20:35:05.344+0500] {dag.py:3239} INFO - Sync 2 DAGs
[2025-11-22T20:35:05.382+0500] {logging_mixin.py:190} INFO - [2025-11-22T20:35:05.381+0500] {dag.py:4180} INFO - Setting next_dagrun for read_dataset_event to 2025-11-21 00:00:00+00:00, run_after=2025-11-22 00:00:00+00:00
[2025-11-22T20:35:05.393+0500] {logging_mixin.py:190} INFO - [2025-11-22T20:35:05.391+0500] {dag.py:4180} INFO - Setting next_dagrun for read_dataset_event_from_classic to 2025-11-21 00:00:00+00:00, run_after=2025-11-22 00:00:00+00:00
[2025-11-22T20:35:05.486+0500] {processor.py:208} INFO - Processing /mnt/c/Users/Raj/OneDrive - Åbo Akademi O365/banking/airflow/.venv/lib/python3.12/site-packages/airflow/example_dags/example_inlet_event_extra.py took 0.424 seconds
[2025-11-22T20:37:38.435+0500] {processor.py:186} INFO - Started process (PID=66720) to work on /mnt/c/Users/Raj/OneDrive - Åbo Akademi O365/banking/airflow/.venv/lib/python3.12/site-packages/airflow/example_dags/example_inlet_event_extra.py
[2025-11-22T20:37:38.437+0500] {processor.py:914} INFO - Processing file /mnt/c/Users/Raj/OneDrive - Åbo Akademi O365/banking/airflow/.venv/lib/python3.12/site-packages/airflow/example_dags/example_inlet_event_extra.py for tasks to queue
[2025-11-22T20:37:38.442+0500] {logging_mixin.py:190} INFO - [2025-11-22T20:37:38.440+0500] {dagbag.py:588} INFO - Filling up the DagBag from /mnt/c/Users/Raj/OneDrive - Åbo Akademi O365/banking/airflow/.venv/lib/python3.12/site-packages/airflow/example_dags/example_inlet_event_extra.py
[2025-11-22T20:37:38.596+0500] {processor.py:925} INFO - DAG(s) 'read_dataset_event', 'read_dataset_event_from_classic' retrieved from /mnt/c/Users/Raj/OneDrive - Åbo Akademi O365/banking/airflow/.venv/lib/python3.12/site-packages/airflow/example_dags/example_inlet_event_extra.py
[2025-11-22T20:37:38.658+0500] {logging_mixin.py:190} INFO - [2025-11-22T20:37:38.656+0500] {dag.py:3239} INFO - Sync 2 DAGs
[2025-11-22T20:37:38.705+0500] {logging_mixin.py:190} INFO - [2025-11-22T20:37:38.704+0500] {dag.py:4180} INFO - Setting next_dagrun for read_dataset_event to 2025-11-21 00:00:00+00:00, run_after=2025-11-22 00:00:00+00:00
[2025-11-22T20:37:38.720+0500] {logging_mixin.py:190} INFO - [2025-11-22T20:37:38.719+0500] {dag.py:4180} INFO - Setting next_dagrun for read_dataset_event_from_classic to 2025-11-21 00:00:00+00:00, run_after=2025-11-22 00:00:00+00:00
[2025-11-22T20:37:38.797+0500] {processor.py:208} INFO - Processing /mnt/c/Users/Raj/OneDrive - Åbo Akademi O365/banking/airflow/.venv/lib/python3.12/site-packages/airflow/example_dags/example_inlet_event_extra.py took 0.379 seconds
[2025-11-22T20:39:36.565+0500] {processor.py:186} INFO - Started process (PID=66847) to work on /mnt/c/Users/Raj/OneDrive - Åbo Akademi O365/banking/airflow/.venv/lib/python3.12/site-packages/airflow/example_dags/example_inlet_event_extra.py
[2025-11-22T20:39:36.568+0500] {processor.py:914} INFO - Processing file /mnt/c/Users/Raj/OneDrive - Åbo Akademi O365/banking/airflow/.venv/lib/python3.12/site-packages/airflow/example_dags/example_inlet_event_extra.py for tasks to queue
[2025-11-22T20:39:36.572+0500] {logging_mixin.py:190} INFO - [2025-11-22T20:39:36.570+0500] {dagbag.py:588} INFO - Filling up the DagBag from /mnt/c/Users/Raj/OneDrive - Åbo Akademi O365/banking/airflow/.venv/lib/python3.12/site-packages/airflow/example_dags/example_inlet_event_extra.py
[2025-11-22T20:39:36.767+0500] {processor.py:925} INFO - DAG(s) 'read_dataset_event', 'read_dataset_event_from_classic' retrieved from /mnt/c/Users/Raj/OneDrive - Åbo Akademi O365/banking/airflow/.venv/lib/python3.12/site-packages/airflow/example_dags/example_inlet_event_extra.py
[2025-11-22T20:39:36.824+0500] {logging_mixin.py:190} INFO - [2025-11-22T20:39:36.822+0500] {dag.py:3239} INFO - Sync 2 DAGs
[2025-11-22T20:39:36.851+0500] {logging_mixin.py:190} INFO - [2025-11-22T20:39:36.850+0500] {dag.py:4180} INFO - Setting next_dagrun for read_dataset_event to 2025-11-21 00:00:00+00:00, run_after=2025-11-22 00:00:00+00:00
[2025-11-22T20:39:36.860+0500] {logging_mixin.py:190} INFO - [2025-11-22T20:39:36.859+0500] {dag.py:4180} INFO - Setting next_dagrun for read_dataset_event_from_classic to 2025-11-21 00:00:00+00:00, run_after=2025-11-22 00:00:00+00:00
[2025-11-22T20:39:36.919+0500] {processor.py:208} INFO - Processing /mnt/c/Users/Raj/OneDrive - Åbo Akademi O365/banking/airflow/.venv/lib/python3.12/site-packages/airflow/example_dags/example_inlet_event_extra.py took 0.372 seconds
[2025-11-22T20:41:23.326+0500] {processor.py:186} INFO - Started process (PID=66960) to work on /mnt/c/Users/Raj/OneDrive - Åbo Akademi O365/banking/airflow/.venv/lib/python3.12/site-packages/airflow/example_dags/example_inlet_event_extra.py
[2025-11-22T20:41:23.329+0500] {processor.py:914} INFO - Processing file /mnt/c/Users/Raj/OneDrive - Åbo Akademi O365/banking/airflow/.venv/lib/python3.12/site-packages/airflow/example_dags/example_inlet_event_extra.py for tasks to queue
[2025-11-22T20:41:23.334+0500] {logging_mixin.py:190} INFO - [2025-11-22T20:41:23.331+0500] {dagbag.py:588} INFO - Filling up the DagBag from /mnt/c/Users/Raj/OneDrive - Åbo Akademi O365/banking/airflow/.venv/lib/python3.12/site-packages/airflow/example_dags/example_inlet_event_extra.py
[2025-11-22T20:41:23.495+0500] {processor.py:925} INFO - DAG(s) 'read_dataset_event_from_classic', 'read_dataset_event' retrieved from /mnt/c/Users/Raj/OneDrive - Åbo Akademi O365/banking/airflow/.venv/lib/python3.12/site-packages/airflow/example_dags/example_inlet_event_extra.py
[2025-11-22T20:41:23.541+0500] {logging_mixin.py:190} INFO - [2025-11-22T20:41:23.539+0500] {dag.py:3239} INFO - Sync 2 DAGs
[2025-11-22T20:41:23.579+0500] {logging_mixin.py:190} INFO - [2025-11-22T20:41:23.578+0500] {dag.py:4180} INFO - Setting next_dagrun for read_dataset_event to 2025-11-21 00:00:00+00:00, run_after=2025-11-22 00:00:00+00:00
[2025-11-22T20:41:23.589+0500] {logging_mixin.py:190} INFO - [2025-11-22T20:41:23.587+0500] {dag.py:4180} INFO - Setting next_dagrun for read_dataset_event_from_classic to 2025-11-21 00:00:00+00:00, run_after=2025-11-22 00:00:00+00:00
[2025-11-22T20:41:23.662+0500] {processor.py:208} INFO - Processing /mnt/c/Users/Raj/OneDrive - Åbo Akademi O365/banking/airflow/.venv/lib/python3.12/site-packages/airflow/example_dags/example_inlet_event_extra.py took 0.354 seconds
[2025-11-22T20:43:43.950+0500] {processor.py:186} INFO - Started process (PID=67078) to work on /mnt/c/Users/Raj/OneDrive - Åbo Akademi O365/banking/airflow/.venv/lib/python3.12/site-packages/airflow/example_dags/example_inlet_event_extra.py
[2025-11-22T20:43:43.952+0500] {processor.py:914} INFO - Processing file /mnt/c/Users/Raj/OneDrive - Åbo Akademi O365/banking/airflow/.venv/lib/python3.12/site-packages/airflow/example_dags/example_inlet_event_extra.py for tasks to queue
[2025-11-22T20:43:43.957+0500] {logging_mixin.py:190} INFO - [2025-11-22T20:43:43.955+0500] {dagbag.py:588} INFO - Filling up the DagBag from /mnt/c/Users/Raj/OneDrive - Åbo Akademi O365/banking/airflow/.venv/lib/python3.12/site-packages/airflow/example_dags/example_inlet_event_extra.py
[2025-11-22T20:43:44.138+0500] {processor.py:925} INFO - DAG(s) 'read_dataset_event_from_classic', 'read_dataset_event' retrieved from /mnt/c/Users/Raj/OneDrive - Åbo Akademi O365/banking/airflow/.venv/lib/python3.12/site-packages/airflow/example_dags/example_inlet_event_extra.py
[2025-11-22T20:43:44.190+0500] {logging_mixin.py:190} INFO - [2025-11-22T20:43:44.188+0500] {dag.py:3239} INFO - Sync 2 DAGs
[2025-11-22T20:43:44.232+0500] {logging_mixin.py:190} INFO - [2025-11-22T20:43:44.230+0500] {dag.py:4180} INFO - Setting next_dagrun for read_dataset_event to 2025-11-21 00:00:00+00:00, run_after=2025-11-22 00:00:00+00:00
[2025-11-22T20:43:44.246+0500] {logging_mixin.py:190} INFO - [2025-11-22T20:43:44.244+0500] {dag.py:4180} INFO - Setting next_dagrun for read_dataset_event_from_classic to 2025-11-21 00:00:00+00:00, run_after=2025-11-22 00:00:00+00:00
[2025-11-22T20:43:44.339+0500] {processor.py:208} INFO - Processing /mnt/c/Users/Raj/OneDrive - Åbo Akademi O365/banking/airflow/.venv/lib/python3.12/site-packages/airflow/example_dags/example_inlet_event_extra.py took 0.409 seconds
[2025-11-22T20:45:22.112+0500] {processor.py:186} INFO - Started process (PID=67158) to work on /mnt/c/Users/Raj/OneDrive - Åbo Akademi O365/banking/airflow/.venv/lib/python3.12/site-packages/airflow/example_dags/example_inlet_event_extra.py
[2025-11-22T20:45:22.115+0500] {processor.py:914} INFO - Processing file /mnt/c/Users/Raj/OneDrive - Åbo Akademi O365/banking/airflow/.venv/lib/python3.12/site-packages/airflow/example_dags/example_inlet_event_extra.py for tasks to queue
[2025-11-22T20:45:22.119+0500] {logging_mixin.py:190} INFO - [2025-11-22T20:45:22.117+0500] {dagbag.py:588} INFO - Filling up the DagBag from /mnt/c/Users/Raj/OneDrive - Åbo Akademi O365/banking/airflow/.venv/lib/python3.12/site-packages/airflow/example_dags/example_inlet_event_extra.py
[2025-11-22T20:45:22.272+0500] {processor.py:925} INFO - DAG(s) 'read_dataset_event_from_classic', 'read_dataset_event' retrieved from /mnt/c/Users/Raj/OneDrive - Åbo Akademi O365/banking/airflow/.venv/lib/python3.12/site-packages/airflow/example_dags/example_inlet_event_extra.py
[2025-11-22T20:45:22.314+0500] {logging_mixin.py:190} INFO - [2025-11-22T20:45:22.313+0500] {dag.py:3239} INFO - Sync 2 DAGs
[2025-11-22T20:45:22.341+0500] {logging_mixin.py:190} INFO - [2025-11-22T20:45:22.340+0500] {dag.py:4180} INFO - Setting next_dagrun for read_dataset_event to 2025-11-21 00:00:00+00:00, run_after=2025-11-22 00:00:00+00:00
[2025-11-22T20:45:22.352+0500] {logging_mixin.py:190} INFO - [2025-11-22T20:45:22.350+0500] {dag.py:4180} INFO - Setting next_dagrun for read_dataset_event_from_classic to 2025-11-21 00:00:00+00:00, run_after=2025-11-22 00:00:00+00:00
[2025-11-22T20:45:22.420+0500] {processor.py:208} INFO - Processing /mnt/c/Users/Raj/OneDrive - Åbo Akademi O365/banking/airflow/.venv/lib/python3.12/site-packages/airflow/example_dags/example_inlet_event_extra.py took 0.327 seconds
[2025-11-22T20:47:01.183+0500] {processor.py:186} INFO - Started process (PID=67236) to work on /mnt/c/Users/Raj/OneDrive - Åbo Akademi O365/banking/airflow/.venv/lib/python3.12/site-packages/airflow/example_dags/example_inlet_event_extra.py
[2025-11-22T20:47:01.185+0500] {processor.py:914} INFO - Processing file /mnt/c/Users/Raj/OneDrive - Åbo Akademi O365/banking/airflow/.venv/lib/python3.12/site-packages/airflow/example_dags/example_inlet_event_extra.py for tasks to queue
[2025-11-22T20:47:01.187+0500] {logging_mixin.py:190} INFO - [2025-11-22T20:47:01.186+0500] {dagbag.py:588} INFO - Filling up the DagBag from /mnt/c/Users/Raj/OneDrive - Åbo Akademi O365/banking/airflow/.venv/lib/python3.12/site-packages/airflow/example_dags/example_inlet_event_extra.py
[2025-11-22T20:47:01.293+0500] {processor.py:925} INFO - DAG(s) 'read_dataset_event', 'read_dataset_event_from_classic' retrieved from /mnt/c/Users/Raj/OneDrive - Åbo Akademi O365/banking/airflow/.venv/lib/python3.12/site-packages/airflow/example_dags/example_inlet_event_extra.py
[2025-11-22T20:47:01.334+0500] {logging_mixin.py:190} INFO - [2025-11-22T20:47:01.333+0500] {dag.py:3239} INFO - Sync 2 DAGs
[2025-11-22T20:47:01.365+0500] {logging_mixin.py:190} INFO - [2025-11-22T20:47:01.364+0500] {dag.py:4180} INFO - Setting next_dagrun for read_dataset_event to 2025-11-21 00:00:00+00:00, run_after=2025-11-22 00:00:00+00:00
[2025-11-22T20:47:01.373+0500] {logging_mixin.py:190} INFO - [2025-11-22T20:47:01.372+0500] {dag.py:4180} INFO - Setting next_dagrun for read_dataset_event_from_classic to 2025-11-21 00:00:00+00:00, run_after=2025-11-22 00:00:00+00:00
[2025-11-22T20:47:01.431+0500] {processor.py:208} INFO - Processing /mnt/c/Users/Raj/OneDrive - Åbo Akademi O365/banking/airflow/.venv/lib/python3.12/site-packages/airflow/example_dags/example_inlet_event_extra.py took 0.261 seconds
[2025-11-22T20:48:43.427+0500] {processor.py:186} INFO - Started process (PID=67310) to work on /mnt/c/Users/Raj/OneDrive - Åbo Akademi O365/banking/airflow/.venv/lib/python3.12/site-packages/airflow/example_dags/example_inlet_event_extra.py
[2025-11-22T20:48:43.429+0500] {processor.py:914} INFO - Processing file /mnt/c/Users/Raj/OneDrive - Åbo Akademi O365/banking/airflow/.venv/lib/python3.12/site-packages/airflow/example_dags/example_inlet_event_extra.py for tasks to queue
[2025-11-22T20:48:43.432+0500] {logging_mixin.py:190} INFO - [2025-11-22T20:48:43.431+0500] {dagbag.py:588} INFO - Filling up the DagBag from /mnt/c/Users/Raj/OneDrive - Åbo Akademi O365/banking/airflow/.venv/lib/python3.12/site-packages/airflow/example_dags/example_inlet_event_extra.py
[2025-11-22T20:48:43.559+0500] {processor.py:925} INFO - DAG(s) 'read_dataset_event_from_classic', 'read_dataset_event' retrieved from /mnt/c/Users/Raj/OneDrive - Åbo Akademi O365/banking/airflow/.venv/lib/python3.12/site-packages/airflow/example_dags/example_inlet_event_extra.py
[2025-11-22T20:48:43.594+0500] {logging_mixin.py:190} INFO - [2025-11-22T20:48:43.594+0500] {dag.py:3239} INFO - Sync 2 DAGs
[2025-11-22T20:48:43.621+0500] {logging_mixin.py:190} INFO - [2025-11-22T20:48:43.620+0500] {dag.py:4180} INFO - Setting next_dagrun for read_dataset_event to 2025-11-21 00:00:00+00:00, run_after=2025-11-22 00:00:00+00:00
[2025-11-22T20:48:43.628+0500] {logging_mixin.py:190} INFO - [2025-11-22T20:48:43.627+0500] {dag.py:4180} INFO - Setting next_dagrun for read_dataset_event_from_classic to 2025-11-21 00:00:00+00:00, run_after=2025-11-22 00:00:00+00:00
[2025-11-22T20:48:43.695+0500] {processor.py:208} INFO - Processing /mnt/c/Users/Raj/OneDrive - Åbo Akademi O365/banking/airflow/.venv/lib/python3.12/site-packages/airflow/example_dags/example_inlet_event_extra.py took 0.282 seconds
[2025-11-22T20:50:24.412+0500] {processor.py:186} INFO - Started process (PID=67390) to work on /mnt/c/Users/Raj/OneDrive - Åbo Akademi O365/banking/airflow/.venv/lib/python3.12/site-packages/airflow/example_dags/example_inlet_event_extra.py
[2025-11-22T20:50:24.415+0500] {processor.py:914} INFO - Processing file /mnt/c/Users/Raj/OneDrive - Åbo Akademi O365/banking/airflow/.venv/lib/python3.12/site-packages/airflow/example_dags/example_inlet_event_extra.py for tasks to queue
[2025-11-22T20:50:24.419+0500] {logging_mixin.py:190} INFO - [2025-11-22T20:50:24.417+0500] {dagbag.py:588} INFO - Filling up the DagBag from /mnt/c/Users/Raj/OneDrive - Åbo Akademi O365/banking/airflow/.venv/lib/python3.12/site-packages/airflow/example_dags/example_inlet_event_extra.py
[2025-11-22T20:50:24.566+0500] {processor.py:925} INFO - DAG(s) 'read_dataset_event', 'read_dataset_event_from_classic' retrieved from /mnt/c/Users/Raj/OneDrive - Åbo Akademi O365/banking/airflow/.venv/lib/python3.12/site-packages/airflow/example_dags/example_inlet_event_extra.py
[2025-11-22T20:50:24.612+0500] {logging_mixin.py:190} INFO - [2025-11-22T20:50:24.611+0500] {dag.py:3239} INFO - Sync 2 DAGs
[2025-11-22T20:50:24.653+0500] {logging_mixin.py:190} INFO - [2025-11-22T20:50:24.651+0500] {dag.py:4180} INFO - Setting next_dagrun for read_dataset_event to 2025-11-21 00:00:00+00:00, run_after=2025-11-22 00:00:00+00:00
[2025-11-22T20:50:24.665+0500] {logging_mixin.py:190} INFO - [2025-11-22T20:50:24.664+0500] {dag.py:4180} INFO - Setting next_dagrun for read_dataset_event_from_classic to 2025-11-21 00:00:00+00:00, run_after=2025-11-22 00:00:00+00:00
[2025-11-22T20:50:24.744+0500] {processor.py:208} INFO - Processing /mnt/c/Users/Raj/OneDrive - Åbo Akademi O365/banking/airflow/.venv/lib/python3.12/site-packages/airflow/example_dags/example_inlet_event_extra.py took 0.347 seconds
[2025-11-22T20:52:09.401+0500] {processor.py:186} INFO - Started process (PID=67473) to work on /mnt/c/Users/Raj/OneDrive - Åbo Akademi O365/banking/airflow/.venv/lib/python3.12/site-packages/airflow/example_dags/example_inlet_event_extra.py
[2025-11-22T20:52:09.403+0500] {processor.py:914} INFO - Processing file /mnt/c/Users/Raj/OneDrive - Åbo Akademi O365/banking/airflow/.venv/lib/python3.12/site-packages/airflow/example_dags/example_inlet_event_extra.py for tasks to queue
[2025-11-22T20:52:09.408+0500] {logging_mixin.py:190} INFO - [2025-11-22T20:52:09.406+0500] {dagbag.py:588} INFO - Filling up the DagBag from /mnt/c/Users/Raj/OneDrive - Åbo Akademi O365/banking/airflow/.venv/lib/python3.12/site-packages/airflow/example_dags/example_inlet_event_extra.py
[2025-11-22T20:52:09.546+0500] {processor.py:925} INFO - DAG(s) 'read_dataset_event', 'read_dataset_event_from_classic' retrieved from /mnt/c/Users/Raj/OneDrive - Åbo Akademi O365/banking/airflow/.venv/lib/python3.12/site-packages/airflow/example_dags/example_inlet_event_extra.py
[2025-11-22T20:52:09.594+0500] {logging_mixin.py:190} INFO - [2025-11-22T20:52:09.593+0500] {dag.py:3239} INFO - Sync 2 DAGs
[2025-11-22T20:52:09.633+0500] {logging_mixin.py:190} INFO - [2025-11-22T20:52:09.631+0500] {dag.py:4180} INFO - Setting next_dagrun for read_dataset_event to 2025-11-21 00:00:00+00:00, run_after=2025-11-22 00:00:00+00:00
[2025-11-22T20:52:09.640+0500] {logging_mixin.py:190} INFO - [2025-11-22T20:52:09.639+0500] {dag.py:4180} INFO - Setting next_dagrun for read_dataset_event_from_classic to 2025-11-21 00:00:00+00:00, run_after=2025-11-22 00:00:00+00:00
[2025-11-22T20:52:09.709+0500] {processor.py:208} INFO - Processing /mnt/c/Users/Raj/OneDrive - Åbo Akademi O365/banking/airflow/.venv/lib/python3.12/site-packages/airflow/example_dags/example_inlet_event_extra.py took 0.324 seconds
[2025-11-22T20:53:52.361+0500] {processor.py:186} INFO - Started process (PID=67556) to work on /mnt/c/Users/Raj/OneDrive - Åbo Akademi O365/banking/airflow/.venv/lib/python3.12/site-packages/airflow/example_dags/example_inlet_event_extra.py
[2025-11-22T20:53:52.363+0500] {processor.py:914} INFO - Processing file /mnt/c/Users/Raj/OneDrive - Åbo Akademi O365/banking/airflow/.venv/lib/python3.12/site-packages/airflow/example_dags/example_inlet_event_extra.py for tasks to queue
[2025-11-22T20:53:52.366+0500] {logging_mixin.py:190} INFO - [2025-11-22T20:53:52.365+0500] {dagbag.py:588} INFO - Filling up the DagBag from /mnt/c/Users/Raj/OneDrive - Åbo Akademi O365/banking/airflow/.venv/lib/python3.12/site-packages/airflow/example_dags/example_inlet_event_extra.py
[2025-11-22T20:53:52.518+0500] {processor.py:925} INFO - DAG(s) 'read_dataset_event_from_classic', 'read_dataset_event' retrieved from /mnt/c/Users/Raj/OneDrive - Åbo Akademi O365/banking/airflow/.venv/lib/python3.12/site-packages/airflow/example_dags/example_inlet_event_extra.py
[2025-11-22T20:53:52.565+0500] {logging_mixin.py:190} INFO - [2025-11-22T20:53:52.564+0500] {dag.py:3239} INFO - Sync 2 DAGs
[2025-11-22T20:53:52.607+0500] {logging_mixin.py:190} INFO - [2025-11-22T20:53:52.606+0500] {dag.py:4180} INFO - Setting next_dagrun for read_dataset_event to 2025-11-21 00:00:00+00:00, run_after=2025-11-22 00:00:00+00:00
[2025-11-22T20:53:52.614+0500] {logging_mixin.py:190} INFO - [2025-11-22T20:53:52.613+0500] {dag.py:4180} INFO - Setting next_dagrun for read_dataset_event_from_classic to 2025-11-21 00:00:00+00:00, run_after=2025-11-22 00:00:00+00:00
[2025-11-22T20:53:52.679+0500] {processor.py:208} INFO - Processing /mnt/c/Users/Raj/OneDrive - Åbo Akademi O365/banking/airflow/.venv/lib/python3.12/site-packages/airflow/example_dags/example_inlet_event_extra.py took 0.335 seconds
[2025-11-22T20:55:34.127+0500] {processor.py:186} INFO - Started process (PID=67719) to work on /mnt/c/Users/Raj/OneDrive - Åbo Akademi O365/banking/airflow/.venv/lib/python3.12/site-packages/airflow/example_dags/example_inlet_event_extra.py
[2025-11-22T20:55:34.130+0500] {processor.py:914} INFO - Processing file /mnt/c/Users/Raj/OneDrive - Åbo Akademi O365/banking/airflow/.venv/lib/python3.12/site-packages/airflow/example_dags/example_inlet_event_extra.py for tasks to queue
[2025-11-22T20:55:34.134+0500] {logging_mixin.py:190} INFO - [2025-11-22T20:55:34.132+0500] {dagbag.py:588} INFO - Filling up the DagBag from /mnt/c/Users/Raj/OneDrive - Åbo Akademi O365/banking/airflow/.venv/lib/python3.12/site-packages/airflow/example_dags/example_inlet_event_extra.py
[2025-11-22T20:55:34.273+0500] {processor.py:925} INFO - DAG(s) 'read_dataset_event_from_classic', 'read_dataset_event' retrieved from /mnt/c/Users/Raj/OneDrive - Åbo Akademi O365/banking/airflow/.venv/lib/python3.12/site-packages/airflow/example_dags/example_inlet_event_extra.py
[2025-11-22T20:55:34.313+0500] {logging_mixin.py:190} INFO - [2025-11-22T20:55:34.312+0500] {dag.py:3239} INFO - Sync 2 DAGs
[2025-11-22T20:55:34.347+0500] {logging_mixin.py:190} INFO - [2025-11-22T20:55:34.345+0500] {dag.py:4180} INFO - Setting next_dagrun for read_dataset_event to 2025-11-21 00:00:00+00:00, run_after=2025-11-22 00:00:00+00:00
[2025-11-22T20:55:34.354+0500] {logging_mixin.py:190} INFO - [2025-11-22T20:55:34.353+0500] {dag.py:4180} INFO - Setting next_dagrun for read_dataset_event_from_classic to 2025-11-21 00:00:00+00:00, run_after=2025-11-22 00:00:00+00:00
[2025-11-22T20:55:34.421+0500] {processor.py:208} INFO - Processing /mnt/c/Users/Raj/OneDrive - Åbo Akademi O365/banking/airflow/.venv/lib/python3.12/site-packages/airflow/example_dags/example_inlet_event_extra.py took 0.311 seconds
[2025-11-22T20:57:18.918+0500] {processor.py:186} INFO - Started process (PID=67796) to work on /mnt/c/Users/Raj/OneDrive - Åbo Akademi O365/banking/airflow/.venv/lib/python3.12/site-packages/airflow/example_dags/example_inlet_event_extra.py
[2025-11-22T20:57:18.920+0500] {processor.py:914} INFO - Processing file /mnt/c/Users/Raj/OneDrive - Åbo Akademi O365/banking/airflow/.venv/lib/python3.12/site-packages/airflow/example_dags/example_inlet_event_extra.py for tasks to queue
[2025-11-22T20:57:18.925+0500] {logging_mixin.py:190} INFO - [2025-11-22T20:57:18.923+0500] {dagbag.py:588} INFO - Filling up the DagBag from /mnt/c/Users/Raj/OneDrive - Åbo Akademi O365/banking/airflow/.venv/lib/python3.12/site-packages/airflow/example_dags/example_inlet_event_extra.py
[2025-11-22T20:57:19.079+0500] {processor.py:925} INFO - DAG(s) 'read_dataset_event', 'read_dataset_event_from_classic' retrieved from /mnt/c/Users/Raj/OneDrive - Åbo Akademi O365/banking/airflow/.venv/lib/python3.12/site-packages/airflow/example_dags/example_inlet_event_extra.py
[2025-11-22T20:57:19.126+0500] {logging_mixin.py:190} INFO - [2025-11-22T20:57:19.125+0500] {dag.py:3239} INFO - Sync 2 DAGs
[2025-11-22T20:57:19.156+0500] {logging_mixin.py:190} INFO - [2025-11-22T20:57:19.155+0500] {dag.py:4180} INFO - Setting next_dagrun for read_dataset_event to 2025-11-21 00:00:00+00:00, run_after=2025-11-22 00:00:00+00:00
[2025-11-22T20:57:19.166+0500] {logging_mixin.py:190} INFO - [2025-11-22T20:57:19.165+0500] {dag.py:4180} INFO - Setting next_dagrun for read_dataset_event_from_classic to 2025-11-21 00:00:00+00:00, run_after=2025-11-22 00:00:00+00:00
[2025-11-22T20:57:19.241+0500] {processor.py:208} INFO - Processing /mnt/c/Users/Raj/OneDrive - Åbo Akademi O365/banking/airflow/.venv/lib/python3.12/site-packages/airflow/example_dags/example_inlet_event_extra.py took 0.341 seconds
[2025-11-22T20:59:03.596+0500] {processor.py:186} INFO - Started process (PID=67877) to work on /mnt/c/Users/Raj/OneDrive - Åbo Akademi O365/banking/airflow/.venv/lib/python3.12/site-packages/airflow/example_dags/example_inlet_event_extra.py
[2025-11-22T20:59:03.598+0500] {processor.py:914} INFO - Processing file /mnt/c/Users/Raj/OneDrive - Åbo Akademi O365/banking/airflow/.venv/lib/python3.12/site-packages/airflow/example_dags/example_inlet_event_extra.py for tasks to queue
[2025-11-22T20:59:03.602+0500] {logging_mixin.py:190} INFO - [2025-11-22T20:59:03.600+0500] {dagbag.py:588} INFO - Filling up the DagBag from /mnt/c/Users/Raj/OneDrive - Åbo Akademi O365/banking/airflow/.venv/lib/python3.12/site-packages/airflow/example_dags/example_inlet_event_extra.py
[2025-11-22T20:59:03.766+0500] {processor.py:925} INFO - DAG(s) 'read_dataset_event_from_classic', 'read_dataset_event' retrieved from /mnt/c/Users/Raj/OneDrive - Åbo Akademi O365/banking/airflow/.venv/lib/python3.12/site-packages/airflow/example_dags/example_inlet_event_extra.py
[2025-11-22T20:59:03.818+0500] {logging_mixin.py:190} INFO - [2025-11-22T20:59:03.816+0500] {dag.py:3239} INFO - Sync 2 DAGs
[2025-11-22T20:59:03.855+0500] {logging_mixin.py:190} INFO - [2025-11-22T20:59:03.854+0500] {dag.py:4180} INFO - Setting next_dagrun for read_dataset_event to 2025-11-21 00:00:00+00:00, run_after=2025-11-22 00:00:00+00:00
[2025-11-22T20:59:03.865+0500] {logging_mixin.py:190} INFO - [2025-11-22T20:59:03.863+0500] {dag.py:4180} INFO - Setting next_dagrun for read_dataset_event_from_classic to 2025-11-21 00:00:00+00:00, run_after=2025-11-22 00:00:00+00:00
[2025-11-22T20:59:03.932+0500] {processor.py:208} INFO - Processing /mnt/c/Users/Raj/OneDrive - Åbo Akademi O365/banking/airflow/.venv/lib/python3.12/site-packages/airflow/example_dags/example_inlet_event_extra.py took 0.352 seconds
[2025-11-22T21:00:39.167+0500] {processor.py:186} INFO - Started process (PID=67955) to work on /mnt/c/Users/Raj/OneDrive - Åbo Akademi O365/banking/airflow/.venv/lib/python3.12/site-packages/airflow/example_dags/example_inlet_event_extra.py
[2025-11-22T21:00:39.169+0500] {processor.py:914} INFO - Processing file /mnt/c/Users/Raj/OneDrive - Åbo Akademi O365/banking/airflow/.venv/lib/python3.12/site-packages/airflow/example_dags/example_inlet_event_extra.py for tasks to queue
[2025-11-22T21:00:39.173+0500] {logging_mixin.py:190} INFO - [2025-11-22T21:00:39.171+0500] {dagbag.py:588} INFO - Filling up the DagBag from /mnt/c/Users/Raj/OneDrive - Åbo Akademi O365/banking/airflow/.venv/lib/python3.12/site-packages/airflow/example_dags/example_inlet_event_extra.py
[2025-11-22T21:00:39.347+0500] {processor.py:925} INFO - DAG(s) 'read_dataset_event', 'read_dataset_event_from_classic' retrieved from /mnt/c/Users/Raj/OneDrive - Åbo Akademi O365/banking/airflow/.venv/lib/python3.12/site-packages/airflow/example_dags/example_inlet_event_extra.py
[2025-11-22T21:00:39.387+0500] {logging_mixin.py:190} INFO - [2025-11-22T21:00:39.386+0500] {dag.py:3239} INFO - Sync 2 DAGs
[2025-11-22T21:00:39.416+0500] {logging_mixin.py:190} INFO - [2025-11-22T21:00:39.414+0500] {dag.py:4180} INFO - Setting next_dagrun for read_dataset_event to 2025-11-21 00:00:00+00:00, run_after=2025-11-22 00:00:00+00:00
[2025-11-22T21:00:39.423+0500] {logging_mixin.py:190} INFO - [2025-11-22T21:00:39.422+0500] {dag.py:4180} INFO - Setting next_dagrun for read_dataset_event_from_classic to 2025-11-21 00:00:00+00:00, run_after=2025-11-22 00:00:00+00:00
[2025-11-22T21:00:39.485+0500] {processor.py:208} INFO - Processing /mnt/c/Users/Raj/OneDrive - Åbo Akademi O365/banking/airflow/.venv/lib/python3.12/site-packages/airflow/example_dags/example_inlet_event_extra.py took 0.335 seconds
[2025-11-22T21:02:51.125+0500] {processor.py:186} INFO - Started process (PID=68059) to work on /mnt/c/Users/Raj/OneDrive - Åbo Akademi O365/banking/airflow/.venv/lib/python3.12/site-packages/airflow/example_dags/example_inlet_event_extra.py
[2025-11-22T21:02:51.127+0500] {processor.py:914} INFO - Processing file /mnt/c/Users/Raj/OneDrive - Åbo Akademi O365/banking/airflow/.venv/lib/python3.12/site-packages/airflow/example_dags/example_inlet_event_extra.py for tasks to queue
[2025-11-22T21:02:51.132+0500] {logging_mixin.py:190} INFO - [2025-11-22T21:02:51.130+0500] {dagbag.py:588} INFO - Filling up the DagBag from /mnt/c/Users/Raj/OneDrive - Åbo Akademi O365/banking/airflow/.venv/lib/python3.12/site-packages/airflow/example_dags/example_inlet_event_extra.py
[2025-11-22T21:02:51.333+0500] {processor.py:925} INFO - DAG(s) 'read_dataset_event', 'read_dataset_event_from_classic' retrieved from /mnt/c/Users/Raj/OneDrive - Åbo Akademi O365/banking/airflow/.venv/lib/python3.12/site-packages/airflow/example_dags/example_inlet_event_extra.py
[2025-11-22T21:02:53.200+0500] {logging_mixin.py:190} INFO - [2025-11-22T21:02:53.188+0500] {dag.py:3239} INFO - Sync 2 DAGs
[2025-11-22T21:02:53.439+0500] {logging_mixin.py:190} INFO - [2025-11-22T21:02:53.436+0500] {dag.py:4180} INFO - Setting next_dagrun for read_dataset_event to 2025-11-21 00:00:00+00:00, run_after=2025-11-22 00:00:00+00:00
[2025-11-22T21:02:53.478+0500] {logging_mixin.py:190} INFO - [2025-11-22T21:02:53.459+0500] {dag.py:4180} INFO - Setting next_dagrun for read_dataset_event_from_classic to 2025-11-21 00:00:00+00:00, run_after=2025-11-22 00:00:00+00:00
[2025-11-22T21:02:53.573+0500] {processor.py:208} INFO - Processing /mnt/c/Users/Raj/OneDrive - Åbo Akademi O365/banking/airflow/.venv/lib/python3.12/site-packages/airflow/example_dags/example_inlet_event_extra.py took 0.666 seconds
[2025-11-22T21:05:01.513+0500] {processor.py:186} INFO - Started process (PID=68183) to work on /mnt/c/Users/Raj/OneDrive - Åbo Akademi O365/banking/airflow/.venv/lib/python3.12/site-packages/airflow/example_dags/example_inlet_event_extra.py
[2025-11-22T21:05:01.516+0500] {processor.py:914} INFO - Processing file /mnt/c/Users/Raj/OneDrive - Åbo Akademi O365/banking/airflow/.venv/lib/python3.12/site-packages/airflow/example_dags/example_inlet_event_extra.py for tasks to queue
[2025-11-22T21:05:01.523+0500] {logging_mixin.py:190} INFO - [2025-11-22T21:05:01.521+0500] {dagbag.py:588} INFO - Filling up the DagBag from /mnt/c/Users/Raj/OneDrive - Åbo Akademi O365/banking/airflow/.venv/lib/python3.12/site-packages/airflow/example_dags/example_inlet_event_extra.py
[2025-11-22T21:05:01.668+0500] {processor.py:925} INFO - DAG(s) 'read_dataset_event', 'read_dataset_event_from_classic' retrieved from /mnt/c/Users/Raj/OneDrive - Åbo Akademi O365/banking/airflow/.venv/lib/python3.12/site-packages/airflow/example_dags/example_inlet_event_extra.py
[2025-11-22T21:05:01.723+0500] {logging_mixin.py:190} INFO - [2025-11-22T21:05:01.721+0500] {dag.py:3239} INFO - Sync 2 DAGs
[2025-11-22T21:05:01.765+0500] {logging_mixin.py:190} INFO - [2025-11-22T21:05:01.763+0500] {dag.py:4180} INFO - Setting next_dagrun for read_dataset_event to 2025-11-21 00:00:00+00:00, run_after=2025-11-22 00:00:00+00:00
[2025-11-22T21:05:01.775+0500] {logging_mixin.py:190} INFO - [2025-11-22T21:05:01.773+0500] {dag.py:4180} INFO - Setting next_dagrun for read_dataset_event_from_classic to 2025-11-21 00:00:00+00:00, run_after=2025-11-22 00:00:00+00:00
[2025-11-22T21:05:01.857+0500] {processor.py:208} INFO - Processing /mnt/c/Users/Raj/OneDrive - Åbo Akademi O365/banking/airflow/.venv/lib/python3.12/site-packages/airflow/example_dags/example_inlet_event_extra.py took 0.377 seconds
[2025-11-22T21:09:29.970+0500] {processor.py:186} INFO - Started process (PID=68366) to work on /mnt/c/Users/Raj/OneDrive - Åbo Akademi O365/banking/airflow/.venv/lib/python3.12/site-packages/airflow/example_dags/example_inlet_event_extra.py
[2025-11-22T21:09:29.972+0500] {processor.py:914} INFO - Processing file /mnt/c/Users/Raj/OneDrive - Åbo Akademi O365/banking/airflow/.venv/lib/python3.12/site-packages/airflow/example_dags/example_inlet_event_extra.py for tasks to queue
[2025-11-22T21:09:29.976+0500] {logging_mixin.py:190} INFO - [2025-11-22T21:09:29.974+0500] {dagbag.py:588} INFO - Filling up the DagBag from /mnt/c/Users/Raj/OneDrive - Åbo Akademi O365/banking/airflow/.venv/lib/python3.12/site-packages/airflow/example_dags/example_inlet_event_extra.py
[2025-11-22T21:09:30.119+0500] {processor.py:925} INFO - DAG(s) 'read_dataset_event_from_classic', 'read_dataset_event' retrieved from /mnt/c/Users/Raj/OneDrive - Åbo Akademi O365/banking/airflow/.venv/lib/python3.12/site-packages/airflow/example_dags/example_inlet_event_extra.py
[2025-11-22T21:09:30.166+0500] {logging_mixin.py:190} INFO - [2025-11-22T21:09:30.165+0500] {dag.py:3239} INFO - Sync 2 DAGs
[2025-11-22T21:09:30.193+0500] {logging_mixin.py:190} INFO - [2025-11-22T21:09:30.192+0500] {dag.py:4180} INFO - Setting next_dagrun for read_dataset_event to 2025-11-21 00:00:00+00:00, run_after=2025-11-22 00:00:00+00:00
[2025-11-22T21:09:30.199+0500] {logging_mixin.py:190} INFO - [2025-11-22T21:09:30.198+0500] {dag.py:4180} INFO - Setting next_dagrun for read_dataset_event_from_classic to 2025-11-21 00:00:00+00:00, run_after=2025-11-22 00:00:00+00:00
[2025-11-22T21:09:30.272+0500] {processor.py:208} INFO - Processing /mnt/c/Users/Raj/OneDrive - Åbo Akademi O365/banking/airflow/.venv/lib/python3.12/site-packages/airflow/example_dags/example_inlet_event_extra.py took 0.324 seconds
[2025-11-22T21:11:23.313+0500] {processor.py:186} INFO - Started process (PID=68453) to work on /mnt/c/Users/Raj/OneDrive - Åbo Akademi O365/banking/airflow/.venv/lib/python3.12/site-packages/airflow/example_dags/example_inlet_event_extra.py
[2025-11-22T21:11:23.316+0500] {processor.py:914} INFO - Processing file /mnt/c/Users/Raj/OneDrive - Åbo Akademi O365/banking/airflow/.venv/lib/python3.12/site-packages/airflow/example_dags/example_inlet_event_extra.py for tasks to queue
[2025-11-22T21:11:23.321+0500] {logging_mixin.py:190} INFO - [2025-11-22T21:11:23.319+0500] {dagbag.py:588} INFO - Filling up the DagBag from /mnt/c/Users/Raj/OneDrive - Åbo Akademi O365/banking/airflow/.venv/lib/python3.12/site-packages/airflow/example_dags/example_inlet_event_extra.py
[2025-11-22T21:11:23.488+0500] {processor.py:925} INFO - DAG(s) 'read_dataset_event', 'read_dataset_event_from_classic' retrieved from /mnt/c/Users/Raj/OneDrive - Åbo Akademi O365/banking/airflow/.venv/lib/python3.12/site-packages/airflow/example_dags/example_inlet_event_extra.py
[2025-11-22T21:11:23.882+0500] {logging_mixin.py:190} INFO - [2025-11-22T21:11:23.880+0500] {dag.py:3239} INFO - Sync 2 DAGs
[2025-11-22T21:11:23.922+0500] {logging_mixin.py:190} INFO - [2025-11-22T21:11:23.920+0500] {dag.py:4180} INFO - Setting next_dagrun for read_dataset_event to 2025-11-21 00:00:00+00:00, run_after=2025-11-22 00:00:00+00:00
[2025-11-22T21:11:23.931+0500] {logging_mixin.py:190} INFO - [2025-11-22T21:11:23.929+0500] {dag.py:4180} INFO - Setting next_dagrun for read_dataset_event_from_classic to 2025-11-21 00:00:00+00:00, run_after=2025-11-22 00:00:00+00:00
[2025-11-22T21:11:23.994+0500] {processor.py:208} INFO - Processing /mnt/c/Users/Raj/OneDrive - Åbo Akademi O365/banking/airflow/.venv/lib/python3.12/site-packages/airflow/example_dags/example_inlet_event_extra.py took 0.707 seconds
[2025-11-22T21:13:15.202+0500] {processor.py:186} INFO - Started process (PID=68535) to work on /mnt/c/Users/Raj/OneDrive - Åbo Akademi O365/banking/airflow/.venv/lib/python3.12/site-packages/airflow/example_dags/example_inlet_event_extra.py
[2025-11-22T21:13:15.204+0500] {processor.py:914} INFO - Processing file /mnt/c/Users/Raj/OneDrive - Åbo Akademi O365/banking/airflow/.venv/lib/python3.12/site-packages/airflow/example_dags/example_inlet_event_extra.py for tasks to queue
[2025-11-22T21:13:15.210+0500] {logging_mixin.py:190} INFO - [2025-11-22T21:13:15.208+0500] {dagbag.py:588} INFO - Filling up the DagBag from /mnt/c/Users/Raj/OneDrive - Åbo Akademi O365/banking/airflow/.venv/lib/python3.12/site-packages/airflow/example_dags/example_inlet_event_extra.py
[2025-11-22T21:13:15.381+0500] {processor.py:925} INFO - DAG(s) 'read_dataset_event', 'read_dataset_event_from_classic' retrieved from /mnt/c/Users/Raj/OneDrive - Åbo Akademi O365/banking/airflow/.venv/lib/python3.12/site-packages/airflow/example_dags/example_inlet_event_extra.py
[2025-11-22T21:13:15.446+0500] {logging_mixin.py:190} INFO - [2025-11-22T21:13:15.444+0500] {dag.py:3239} INFO - Sync 2 DAGs
[2025-11-22T21:13:15.474+0500] {logging_mixin.py:190} INFO - [2025-11-22T21:13:15.473+0500] {dag.py:4180} INFO - Setting next_dagrun for read_dataset_event to 2025-11-21 00:00:00+00:00, run_after=2025-11-22 00:00:00+00:00
[2025-11-22T21:13:15.484+0500] {logging_mixin.py:190} INFO - [2025-11-22T21:13:15.483+0500] {dag.py:4180} INFO - Setting next_dagrun for read_dataset_event_from_classic to 2025-11-21 00:00:00+00:00, run_after=2025-11-22 00:00:00+00:00
[2025-11-22T21:13:15.550+0500] {processor.py:208} INFO - Processing /mnt/c/Users/Raj/OneDrive - Åbo Akademi O365/banking/airflow/.venv/lib/python3.12/site-packages/airflow/example_dags/example_inlet_event_extra.py took 0.365 seconds
[2025-11-22T21:14:56.127+0500] {processor.py:186} INFO - Started process (PID=68616) to work on /mnt/c/Users/Raj/OneDrive - Åbo Akademi O365/banking/airflow/.venv/lib/python3.12/site-packages/airflow/example_dags/example_inlet_event_extra.py
[2025-11-22T21:14:56.129+0500] {processor.py:914} INFO - Processing file /mnt/c/Users/Raj/OneDrive - Åbo Akademi O365/banking/airflow/.venv/lib/python3.12/site-packages/airflow/example_dags/example_inlet_event_extra.py for tasks to queue
[2025-11-22T21:14:56.133+0500] {logging_mixin.py:190} INFO - [2025-11-22T21:14:56.132+0500] {dagbag.py:588} INFO - Filling up the DagBag from /mnt/c/Users/Raj/OneDrive - Åbo Akademi O365/banking/airflow/.venv/lib/python3.12/site-packages/airflow/example_dags/example_inlet_event_extra.py
[2025-11-22T21:14:56.302+0500] {processor.py:925} INFO - DAG(s) 'read_dataset_event_from_classic', 'read_dataset_event' retrieved from /mnt/c/Users/Raj/OneDrive - Åbo Akademi O365/banking/airflow/.venv/lib/python3.12/site-packages/airflow/example_dags/example_inlet_event_extra.py
[2025-11-22T21:14:56.355+0500] {logging_mixin.py:190} INFO - [2025-11-22T21:14:56.353+0500] {dag.py:3239} INFO - Sync 2 DAGs
[2025-11-22T21:14:56.395+0500] {logging_mixin.py:190} INFO - [2025-11-22T21:14:56.393+0500] {dag.py:4180} INFO - Setting next_dagrun for read_dataset_event to 2025-11-21 00:00:00+00:00, run_after=2025-11-22 00:00:00+00:00
[2025-11-22T21:14:56.403+0500] {logging_mixin.py:190} INFO - [2025-11-22T21:14:56.402+0500] {dag.py:4180} INFO - Setting next_dagrun for read_dataset_event_from_classic to 2025-11-21 00:00:00+00:00, run_after=2025-11-22 00:00:00+00:00
[2025-11-22T21:14:56.524+0500] {processor.py:208} INFO - Processing /mnt/c/Users/Raj/OneDrive - Åbo Akademi O365/banking/airflow/.venv/lib/python3.12/site-packages/airflow/example_dags/example_inlet_event_extra.py took 0.416 seconds
[2025-11-22T21:16:34.319+0500] {processor.py:186} INFO - Started process (PID=68695) to work on /mnt/c/Users/Raj/OneDrive - Åbo Akademi O365/banking/airflow/.venv/lib/python3.12/site-packages/airflow/example_dags/example_inlet_event_extra.py
[2025-11-22T21:16:34.322+0500] {processor.py:914} INFO - Processing file /mnt/c/Users/Raj/OneDrive - Åbo Akademi O365/banking/airflow/.venv/lib/python3.12/site-packages/airflow/example_dags/example_inlet_event_extra.py for tasks to queue
[2025-11-22T21:16:34.326+0500] {logging_mixin.py:190} INFO - [2025-11-22T21:16:34.324+0500] {dagbag.py:588} INFO - Filling up the DagBag from /mnt/c/Users/Raj/OneDrive - Åbo Akademi O365/banking/airflow/.venv/lib/python3.12/site-packages/airflow/example_dags/example_inlet_event_extra.py
[2025-11-22T21:16:34.463+0500] {processor.py:925} INFO - DAG(s) 'read_dataset_event', 'read_dataset_event_from_classic' retrieved from /mnt/c/Users/Raj/OneDrive - Åbo Akademi O365/banking/airflow/.venv/lib/python3.12/site-packages/airflow/example_dags/example_inlet_event_extra.py
[2025-11-22T21:16:34.507+0500] {logging_mixin.py:190} INFO - [2025-11-22T21:16:34.506+0500] {dag.py:3239} INFO - Sync 2 DAGs
[2025-11-22T21:16:34.545+0500] {logging_mixin.py:190} INFO - [2025-11-22T21:16:34.544+0500] {dag.py:4180} INFO - Setting next_dagrun for read_dataset_event to 2025-11-21 00:00:00+00:00, run_after=2025-11-22 00:00:00+00:00
[2025-11-22T21:16:34.555+0500] {logging_mixin.py:190} INFO - [2025-11-22T21:16:34.554+0500] {dag.py:4180} INFO - Setting next_dagrun for read_dataset_event_from_classic to 2025-11-21 00:00:00+00:00, run_after=2025-11-22 00:00:00+00:00
[2025-11-22T21:16:34.626+0500] {processor.py:208} INFO - Processing /mnt/c/Users/Raj/OneDrive - Åbo Akademi O365/banking/airflow/.venv/lib/python3.12/site-packages/airflow/example_dags/example_inlet_event_extra.py took 0.325 seconds
[2025-11-22T21:18:14.779+0500] {processor.py:186} INFO - Started process (PID=68777) to work on /mnt/c/Users/Raj/OneDrive - Åbo Akademi O365/banking/airflow/.venv/lib/python3.12/site-packages/airflow/example_dags/example_inlet_event_extra.py
[2025-11-22T21:18:14.781+0500] {processor.py:914} INFO - Processing file /mnt/c/Users/Raj/OneDrive - Åbo Akademi O365/banking/airflow/.venv/lib/python3.12/site-packages/airflow/example_dags/example_inlet_event_extra.py for tasks to queue
[2025-11-22T21:18:14.785+0500] {logging_mixin.py:190} INFO - [2025-11-22T21:18:14.784+0500] {dagbag.py:588} INFO - Filling up the DagBag from /mnt/c/Users/Raj/OneDrive - Åbo Akademi O365/banking/airflow/.venv/lib/python3.12/site-packages/airflow/example_dags/example_inlet_event_extra.py
[2025-11-22T21:18:14.921+0500] {processor.py:925} INFO - DAG(s) 'read_dataset_event_from_classic', 'read_dataset_event' retrieved from /mnt/c/Users/Raj/OneDrive - Åbo Akademi O365/banking/airflow/.venv/lib/python3.12/site-packages/airflow/example_dags/example_inlet_event_extra.py
[2025-11-22T21:18:14.955+0500] {logging_mixin.py:190} INFO - [2025-11-22T21:18:14.954+0500] {dag.py:3239} INFO - Sync 2 DAGs
[2025-11-22T21:18:14.980+0500] {logging_mixin.py:190} INFO - [2025-11-22T21:18:14.979+0500] {dag.py:4180} INFO - Setting next_dagrun for read_dataset_event to 2025-11-21 00:00:00+00:00, run_after=2025-11-22 00:00:00+00:00
[2025-11-22T21:18:14.989+0500] {logging_mixin.py:190} INFO - [2025-11-22T21:18:14.988+0500] {dag.py:4180} INFO - Setting next_dagrun for read_dataset_event_from_classic to 2025-11-21 00:00:00+00:00, run_after=2025-11-22 00:00:00+00:00
[2025-11-22T21:18:15.056+0500] {processor.py:208} INFO - Processing /mnt/c/Users/Raj/OneDrive - Åbo Akademi O365/banking/airflow/.venv/lib/python3.12/site-packages/airflow/example_dags/example_inlet_event_extra.py took 0.295 seconds
[2025-11-22T21:19:59.766+0500] {processor.py:186} INFO - Started process (PID=68853) to work on /mnt/c/Users/Raj/OneDrive - Åbo Akademi O365/banking/airflow/.venv/lib/python3.12/site-packages/airflow/example_dags/example_inlet_event_extra.py
[2025-11-22T21:19:59.769+0500] {processor.py:914} INFO - Processing file /mnt/c/Users/Raj/OneDrive - Åbo Akademi O365/banking/airflow/.venv/lib/python3.12/site-packages/airflow/example_dags/example_inlet_event_extra.py for tasks to queue
[2025-11-22T21:19:59.773+0500] {logging_mixin.py:190} INFO - [2025-11-22T21:19:59.772+0500] {dagbag.py:588} INFO - Filling up the DagBag from /mnt/c/Users/Raj/OneDrive - Åbo Akademi O365/banking/airflow/.venv/lib/python3.12/site-packages/airflow/example_dags/example_inlet_event_extra.py
[2025-11-22T21:19:59.932+0500] {processor.py:925} INFO - DAG(s) 'read_dataset_event', 'read_dataset_event_from_classic' retrieved from /mnt/c/Users/Raj/OneDrive - Åbo Akademi O365/banking/airflow/.venv/lib/python3.12/site-packages/airflow/example_dags/example_inlet_event_extra.py
[2025-11-22T21:19:59.973+0500] {logging_mixin.py:190} INFO - [2025-11-22T21:19:59.972+0500] {dag.py:3239} INFO - Sync 2 DAGs
[2025-11-22T21:19:59.999+0500] {logging_mixin.py:190} INFO - [2025-11-22T21:19:59.997+0500] {dag.py:4180} INFO - Setting next_dagrun for read_dataset_event to 2025-11-21 00:00:00+00:00, run_after=2025-11-22 00:00:00+00:00
[2025-11-22T21:20:00.007+0500] {logging_mixin.py:190} INFO - [2025-11-22T21:20:00.006+0500] {dag.py:4180} INFO - Setting next_dagrun for read_dataset_event_from_classic to 2025-11-21 00:00:00+00:00, run_after=2025-11-22 00:00:00+00:00
[2025-11-22T21:20:00.071+0500] {processor.py:208} INFO - Processing /mnt/c/Users/Raj/OneDrive - Åbo Akademi O365/banking/airflow/.venv/lib/python3.12/site-packages/airflow/example_dags/example_inlet_event_extra.py took 0.325 seconds
[2025-11-22T21:21:44.051+0500] {processor.py:186} INFO - Started process (PID=68936) to work on /mnt/c/Users/Raj/OneDrive - Åbo Akademi O365/banking/airflow/.venv/lib/python3.12/site-packages/airflow/example_dags/example_inlet_event_extra.py
[2025-11-22T21:21:44.053+0500] {processor.py:914} INFO - Processing file /mnt/c/Users/Raj/OneDrive - Åbo Akademi O365/banking/airflow/.venv/lib/python3.12/site-packages/airflow/example_dags/example_inlet_event_extra.py for tasks to queue
[2025-11-22T21:21:44.057+0500] {logging_mixin.py:190} INFO - [2025-11-22T21:21:44.055+0500] {dagbag.py:588} INFO - Filling up the DagBag from /mnt/c/Users/Raj/OneDrive - Åbo Akademi O365/banking/airflow/.venv/lib/python3.12/site-packages/airflow/example_dags/example_inlet_event_extra.py
[2025-11-22T21:21:44.206+0500] {processor.py:925} INFO - DAG(s) 'read_dataset_event', 'read_dataset_event_from_classic' retrieved from /mnt/c/Users/Raj/OneDrive - Åbo Akademi O365/banking/airflow/.venv/lib/python3.12/site-packages/airflow/example_dags/example_inlet_event_extra.py
[2025-11-22T21:21:44.249+0500] {logging_mixin.py:190} INFO - [2025-11-22T21:21:44.248+0500] {dag.py:3239} INFO - Sync 2 DAGs
[2025-11-22T21:21:44.275+0500] {logging_mixin.py:190} INFO - [2025-11-22T21:21:44.274+0500] {dag.py:4180} INFO - Setting next_dagrun for read_dataset_event to 2025-11-21 00:00:00+00:00, run_after=2025-11-22 00:00:00+00:00
[2025-11-22T21:21:44.288+0500] {logging_mixin.py:190} INFO - [2025-11-22T21:21:44.286+0500] {dag.py:4180} INFO - Setting next_dagrun for read_dataset_event_from_classic to 2025-11-21 00:00:00+00:00, run_after=2025-11-22 00:00:00+00:00
[2025-11-22T21:21:44.372+0500] {processor.py:208} INFO - Processing /mnt/c/Users/Raj/OneDrive - Åbo Akademi O365/banking/airflow/.venv/lib/python3.12/site-packages/airflow/example_dags/example_inlet_event_extra.py took 0.337 seconds
[2025-11-22T21:23:27.436+0500] {processor.py:186} INFO - Started process (PID=69016) to work on /mnt/c/Users/Raj/OneDrive - Åbo Akademi O365/banking/airflow/.venv/lib/python3.12/site-packages/airflow/example_dags/example_inlet_event_extra.py
[2025-11-22T21:23:27.439+0500] {processor.py:914} INFO - Processing file /mnt/c/Users/Raj/OneDrive - Åbo Akademi O365/banking/airflow/.venv/lib/python3.12/site-packages/airflow/example_dags/example_inlet_event_extra.py for tasks to queue
[2025-11-22T21:23:27.445+0500] {logging_mixin.py:190} INFO - [2025-11-22T21:23:27.443+0500] {dagbag.py:588} INFO - Filling up the DagBag from /mnt/c/Users/Raj/OneDrive - Åbo Akademi O365/banking/airflow/.venv/lib/python3.12/site-packages/airflow/example_dags/example_inlet_event_extra.py
[2025-11-22T21:23:27.598+0500] {processor.py:925} INFO - DAG(s) 'read_dataset_event_from_classic', 'read_dataset_event' retrieved from /mnt/c/Users/Raj/OneDrive - Åbo Akademi O365/banking/airflow/.venv/lib/python3.12/site-packages/airflow/example_dags/example_inlet_event_extra.py
[2025-11-22T21:23:27.639+0500] {logging_mixin.py:190} INFO - [2025-11-22T21:23:27.638+0500] {dag.py:3239} INFO - Sync 2 DAGs
[2025-11-22T21:23:27.675+0500] {logging_mixin.py:190} INFO - [2025-11-22T21:23:27.674+0500] {dag.py:4180} INFO - Setting next_dagrun for read_dataset_event to 2025-11-21 00:00:00+00:00, run_after=2025-11-22 00:00:00+00:00
[2025-11-22T21:23:27.688+0500] {logging_mixin.py:190} INFO - [2025-11-22T21:23:27.686+0500] {dag.py:4180} INFO - Setting next_dagrun for read_dataset_event_from_classic to 2025-11-21 00:00:00+00:00, run_after=2025-11-22 00:00:00+00:00
[2025-11-22T21:23:27.847+0500] {processor.py:208} INFO - Processing /mnt/c/Users/Raj/OneDrive - Åbo Akademi O365/banking/airflow/.venv/lib/python3.12/site-packages/airflow/example_dags/example_inlet_event_extra.py took 0.433 seconds
