[2025-11-22T20:15:30.469+0500] {processor.py:186} INFO - Started process (PID=65733) to work on /mnt/c/Users/Raj/OneDrive - Åbo Akademi O365/banking/airflow/.venv/lib/python3.12/site-packages/airflow/example_dags/example_short_circuit_operator.py
[2025-11-22T20:15:30.472+0500] {processor.py:914} INFO - Processing file /mnt/c/Users/Raj/OneDrive - Åbo Akademi O365/banking/airflow/.venv/lib/python3.12/site-packages/airflow/example_dags/example_short_circuit_operator.py for tasks to queue
[2025-11-22T20:15:30.476+0500] {logging_mixin.py:190} INFO - [2025-11-22T20:15:30.475+0500] {dagbag.py:588} INFO - Filling up the DagBag from /mnt/c/Users/Raj/OneDrive - Åbo Akademi O365/banking/airflow/.venv/lib/python3.12/site-packages/airflow/example_dags/example_short_circuit_operator.py
[2025-11-22T20:15:30.504+0500] {processor.py:925} INFO - DAG(s) 'example_short_circuit_operator' retrieved from /mnt/c/Users/Raj/OneDrive - Åbo Akademi O365/banking/airflow/.venv/lib/python3.12/site-packages/airflow/example_dags/example_short_circuit_operator.py
[2025-11-22T20:15:30.550+0500] {logging_mixin.py:190} INFO - [2025-11-22T20:15:30.549+0500] {dag.py:3239} INFO - Sync 1 DAGs
[2025-11-22T20:15:30.576+0500] {logging_mixin.py:190} INFO - [2025-11-22T20:15:30.575+0500] {dag.py:4180} INFO - Setting next_dagrun for example_short_circuit_operator to None, run_after=None
[2025-11-22T20:15:30.665+0500] {processor.py:208} INFO - Processing /mnt/c/Users/Raj/OneDrive - Åbo Akademi O365/banking/airflow/.venv/lib/python3.12/site-packages/airflow/example_dags/example_short_circuit_operator.py took 0.215 seconds
[2025-11-22T20:17:21.068+0500] {processor.py:186} INFO - Started process (PID=65831) to work on /mnt/c/Users/Raj/OneDrive - Åbo Akademi O365/banking/airflow/.venv/lib/python3.12/site-packages/airflow/example_dags/example_short_circuit_operator.py
[2025-11-22T20:17:21.070+0500] {processor.py:914} INFO - Processing file /mnt/c/Users/Raj/OneDrive - Åbo Akademi O365/banking/airflow/.venv/lib/python3.12/site-packages/airflow/example_dags/example_short_circuit_operator.py for tasks to queue
[2025-11-22T20:17:21.075+0500] {logging_mixin.py:190} INFO - [2025-11-22T20:17:21.072+0500] {dagbag.py:588} INFO - Filling up the DagBag from /mnt/c/Users/Raj/OneDrive - Åbo Akademi O365/banking/airflow/.venv/lib/python3.12/site-packages/airflow/example_dags/example_short_circuit_operator.py
[2025-11-22T20:17:21.105+0500] {processor.py:925} INFO - DAG(s) 'example_short_circuit_operator' retrieved from /mnt/c/Users/Raj/OneDrive - Åbo Akademi O365/banking/airflow/.venv/lib/python3.12/site-packages/airflow/example_dags/example_short_circuit_operator.py
[2025-11-22T20:17:21.151+0500] {logging_mixin.py:190} INFO - [2025-11-22T20:17:21.150+0500] {dag.py:3239} INFO - Sync 1 DAGs
[2025-11-22T20:17:21.177+0500] {logging_mixin.py:190} INFO - [2025-11-22T20:17:21.176+0500] {dag.py:4180} INFO - Setting next_dagrun for example_short_circuit_operator to None, run_after=None
[2025-11-22T20:17:21.254+0500] {processor.py:208} INFO - Processing /mnt/c/Users/Raj/OneDrive - Åbo Akademi O365/banking/airflow/.venv/lib/python3.12/site-packages/airflow/example_dags/example_short_circuit_operator.py took 0.205 seconds
[2025-11-22T20:20:34.771+0500] {processor.py:186} INFO - Started process (PID=65914) to work on /mnt/c/Users/Raj/OneDrive - Åbo Akademi O365/banking/airflow/.venv/lib/python3.12/site-packages/airflow/example_dags/example_short_circuit_operator.py
[2025-11-22T20:20:34.774+0500] {processor.py:914} INFO - Processing file /mnt/c/Users/Raj/OneDrive - Åbo Akademi O365/banking/airflow/.venv/lib/python3.12/site-packages/airflow/example_dags/example_short_circuit_operator.py for tasks to queue
[2025-11-22T20:20:34.780+0500] {logging_mixin.py:190} INFO - [2025-11-22T20:20:34.778+0500] {dagbag.py:588} INFO - Filling up the DagBag from /mnt/c/Users/Raj/OneDrive - Åbo Akademi O365/banking/airflow/.venv/lib/python3.12/site-packages/airflow/example_dags/example_short_circuit_operator.py
[2025-11-22T20:20:34.888+0500] {processor.py:925} INFO - DAG(s) 'example_short_circuit_operator' retrieved from /mnt/c/Users/Raj/OneDrive - Åbo Akademi O365/banking/airflow/.venv/lib/python3.12/site-packages/airflow/example_dags/example_short_circuit_operator.py
[2025-11-22T20:20:34.947+0500] {logging_mixin.py:190} INFO - [2025-11-22T20:20:34.946+0500] {dag.py:3239} INFO - Sync 1 DAGs
[2025-11-22T20:20:34.977+0500] {logging_mixin.py:190} INFO - [2025-11-22T20:20:34.975+0500] {dag.py:4180} INFO - Setting next_dagrun for example_short_circuit_operator to None, run_after=None
[2025-11-22T20:20:35.077+0500] {processor.py:208} INFO - Processing /mnt/c/Users/Raj/OneDrive - Åbo Akademi O365/banking/airflow/.venv/lib/python3.12/site-packages/airflow/example_dags/example_short_circuit_operator.py took 0.329 seconds
[2025-11-22T20:22:17.390+0500] {processor.py:186} INFO - Started process (PID=66010) to work on /mnt/c/Users/Raj/OneDrive - Åbo Akademi O365/banking/airflow/.venv/lib/python3.12/site-packages/airflow/example_dags/example_short_circuit_operator.py
[2025-11-22T20:22:17.393+0500] {processor.py:914} INFO - Processing file /mnt/c/Users/Raj/OneDrive - Åbo Akademi O365/banking/airflow/.venv/lib/python3.12/site-packages/airflow/example_dags/example_short_circuit_operator.py for tasks to queue
[2025-11-22T20:22:17.398+0500] {logging_mixin.py:190} INFO - [2025-11-22T20:22:17.396+0500] {dagbag.py:588} INFO - Filling up the DagBag from /mnt/c/Users/Raj/OneDrive - Åbo Akademi O365/banking/airflow/.venv/lib/python3.12/site-packages/airflow/example_dags/example_short_circuit_operator.py
[2025-11-22T20:22:17.525+0500] {processor.py:925} INFO - DAG(s) 'example_short_circuit_operator' retrieved from /mnt/c/Users/Raj/OneDrive - Åbo Akademi O365/banking/airflow/.venv/lib/python3.12/site-packages/airflow/example_dags/example_short_circuit_operator.py
[2025-11-22T20:22:17.598+0500] {logging_mixin.py:190} INFO - [2025-11-22T20:22:17.596+0500] {dag.py:3239} INFO - Sync 1 DAGs
[2025-11-22T20:22:17.631+0500] {logging_mixin.py:190} INFO - [2025-11-22T20:22:17.630+0500] {dag.py:4180} INFO - Setting next_dagrun for example_short_circuit_operator to None, run_after=None
[2025-11-22T20:22:17.708+0500] {processor.py:208} INFO - Processing /mnt/c/Users/Raj/OneDrive - Åbo Akademi O365/banking/airflow/.venv/lib/python3.12/site-packages/airflow/example_dags/example_short_circuit_operator.py took 0.345 seconds
[2025-11-22T20:23:26.613+0500] {processor.py:186} INFO - Started process (PID=66057) to work on /mnt/c/Users/Raj/OneDrive - Åbo Akademi O365/banking/airflow/.venv/lib/python3.12/site-packages/airflow/example_dags/example_short_circuit_operator.py
[2025-11-22T20:23:26.616+0500] {processor.py:914} INFO - Processing file /mnt/c/Users/Raj/OneDrive - Åbo Akademi O365/banking/airflow/.venv/lib/python3.12/site-packages/airflow/example_dags/example_short_circuit_operator.py for tasks to queue
[2025-11-22T20:23:26.622+0500] {logging_mixin.py:190} INFO - [2025-11-22T20:23:26.620+0500] {dagbag.py:588} INFO - Filling up the DagBag from /mnt/c/Users/Raj/OneDrive - Åbo Akademi O365/banking/airflow/.venv/lib/python3.12/site-packages/airflow/example_dags/example_short_circuit_operator.py
[2025-11-22T20:23:26.727+0500] {processor.py:925} INFO - DAG(s) 'example_short_circuit_operator' retrieved from /mnt/c/Users/Raj/OneDrive - Åbo Akademi O365/banking/airflow/.venv/lib/python3.12/site-packages/airflow/example_dags/example_short_circuit_operator.py
[2025-11-22T20:23:26.803+0500] {logging_mixin.py:190} INFO - [2025-11-22T20:23:26.799+0500] {dag.py:3239} INFO - Sync 1 DAGs
[2025-11-22T20:23:26.829+0500] {logging_mixin.py:190} INFO - [2025-11-22T20:23:26.828+0500] {dag.py:4180} INFO - Setting next_dagrun for example_short_circuit_operator to None, run_after=None
[2025-11-22T20:23:26.933+0500] {processor.py:208} INFO - Processing /mnt/c/Users/Raj/OneDrive - Åbo Akademi O365/banking/airflow/.venv/lib/python3.12/site-packages/airflow/example_dags/example_short_circuit_operator.py took 0.341 seconds
[2025-11-22T20:27:47.865+0500] {processor.py:186} INFO - Started process (PID=66244) to work on /mnt/c/Users/Raj/OneDrive - Åbo Akademi O365/banking/airflow/.venv/lib/python3.12/site-packages/airflow/example_dags/example_short_circuit_operator.py
[2025-11-22T20:27:47.867+0500] {processor.py:914} INFO - Processing file /mnt/c/Users/Raj/OneDrive - Åbo Akademi O365/banking/airflow/.venv/lib/python3.12/site-packages/airflow/example_dags/example_short_circuit_operator.py for tasks to queue
[2025-11-22T20:27:47.871+0500] {logging_mixin.py:190} INFO - [2025-11-22T20:27:47.869+0500] {dagbag.py:588} INFO - Filling up the DagBag from /mnt/c/Users/Raj/OneDrive - Åbo Akademi O365/banking/airflow/.venv/lib/python3.12/site-packages/airflow/example_dags/example_short_circuit_operator.py
[2025-11-22T20:27:47.901+0500] {processor.py:925} INFO - DAG(s) 'example_short_circuit_operator' retrieved from /mnt/c/Users/Raj/OneDrive - Åbo Akademi O365/banking/airflow/.venv/lib/python3.12/site-packages/airflow/example_dags/example_short_circuit_operator.py
[2025-11-22T20:27:47.972+0500] {logging_mixin.py:190} INFO - [2025-11-22T20:27:47.970+0500] {dag.py:3239} INFO - Sync 1 DAGs
[2025-11-22T20:27:47.996+0500] {logging_mixin.py:190} INFO - [2025-11-22T20:27:47.995+0500] {dag.py:4180} INFO - Setting next_dagrun for example_short_circuit_operator to None, run_after=None
[2025-11-22T20:27:48.072+0500] {processor.py:208} INFO - Processing /mnt/c/Users/Raj/OneDrive - Åbo Akademi O365/banking/airflow/.venv/lib/python3.12/site-packages/airflow/example_dags/example_short_circuit_operator.py took 0.223 seconds
[2025-11-22T20:29:13.322+0500] {processor.py:186} INFO - Started process (PID=66331) to work on /mnt/c/Users/Raj/OneDrive - Åbo Akademi O365/banking/airflow/.venv/lib/python3.12/site-packages/airflow/example_dags/example_short_circuit_operator.py
[2025-11-22T20:29:13.325+0500] {processor.py:914} INFO - Processing file /mnt/c/Users/Raj/OneDrive - Åbo Akademi O365/banking/airflow/.venv/lib/python3.12/site-packages/airflow/example_dags/example_short_circuit_operator.py for tasks to queue
[2025-11-22T20:29:13.330+0500] {logging_mixin.py:190} INFO - [2025-11-22T20:29:13.328+0500] {dagbag.py:588} INFO - Filling up the DagBag from /mnt/c/Users/Raj/OneDrive - Åbo Akademi O365/banking/airflow/.venv/lib/python3.12/site-packages/airflow/example_dags/example_short_circuit_operator.py
[2025-11-22T20:29:13.367+0500] {processor.py:925} INFO - DAG(s) 'example_short_circuit_operator' retrieved from /mnt/c/Users/Raj/OneDrive - Åbo Akademi O365/banking/airflow/.venv/lib/python3.12/site-packages/airflow/example_dags/example_short_circuit_operator.py
[2025-11-22T20:29:13.416+0500] {logging_mixin.py:190} INFO - [2025-11-22T20:29:13.415+0500] {dag.py:3239} INFO - Sync 1 DAGs
[2025-11-22T20:29:13.434+0500] {logging_mixin.py:190} INFO - [2025-11-22T20:29:13.433+0500] {dag.py:4180} INFO - Setting next_dagrun for example_short_circuit_operator to None, run_after=None
[2025-11-22T20:29:13.503+0500] {processor.py:208} INFO - Processing /mnt/c/Users/Raj/OneDrive - Åbo Akademi O365/banking/airflow/.venv/lib/python3.12/site-packages/airflow/example_dags/example_short_circuit_operator.py took 0.201 seconds
[2025-11-22T20:31:58.971+0500] {processor.py:186} INFO - Started process (PID=66461) to work on /mnt/c/Users/Raj/OneDrive - Åbo Akademi O365/banking/airflow/.venv/lib/python3.12/site-packages/airflow/example_dags/example_short_circuit_operator.py
[2025-11-22T20:31:58.973+0500] {processor.py:914} INFO - Processing file /mnt/c/Users/Raj/OneDrive - Åbo Akademi O365/banking/airflow/.venv/lib/python3.12/site-packages/airflow/example_dags/example_short_circuit_operator.py for tasks to queue
[2025-11-22T20:31:58.977+0500] {logging_mixin.py:190} INFO - [2025-11-22T20:31:58.975+0500] {dagbag.py:588} INFO - Filling up the DagBag from /mnt/c/Users/Raj/OneDrive - Åbo Akademi O365/banking/airflow/.venv/lib/python3.12/site-packages/airflow/example_dags/example_short_circuit_operator.py
[2025-11-22T20:31:59.010+0500] {processor.py:925} INFO - DAG(s) 'example_short_circuit_operator' retrieved from /mnt/c/Users/Raj/OneDrive - Åbo Akademi O365/banking/airflow/.venv/lib/python3.12/site-packages/airflow/example_dags/example_short_circuit_operator.py
[2025-11-22T20:31:59.051+0500] {logging_mixin.py:190} INFO - [2025-11-22T20:31:59.050+0500] {dag.py:3239} INFO - Sync 1 DAGs
[2025-11-22T20:31:59.067+0500] {logging_mixin.py:190} INFO - [2025-11-22T20:31:59.066+0500] {dag.py:4180} INFO - Setting next_dagrun for example_short_circuit_operator to None, run_after=None
[2025-11-22T20:31:59.127+0500] {processor.py:208} INFO - Processing /mnt/c/Users/Raj/OneDrive - Åbo Akademi O365/banking/airflow/.venv/lib/python3.12/site-packages/airflow/example_dags/example_short_circuit_operator.py took 0.172 seconds
[2025-11-22T20:33:29.104+0500] {processor.py:186} INFO - Started process (PID=66536) to work on /mnt/c/Users/Raj/OneDrive - Åbo Akademi O365/banking/airflow/.venv/lib/python3.12/site-packages/airflow/example_dags/example_short_circuit_operator.py
[2025-11-22T20:33:29.106+0500] {processor.py:914} INFO - Processing file /mnt/c/Users/Raj/OneDrive - Åbo Akademi O365/banking/airflow/.venv/lib/python3.12/site-packages/airflow/example_dags/example_short_circuit_operator.py for tasks to queue
[2025-11-22T20:33:29.111+0500] {logging_mixin.py:190} INFO - [2025-11-22T20:33:29.109+0500] {dagbag.py:588} INFO - Filling up the DagBag from /mnt/c/Users/Raj/OneDrive - Åbo Akademi O365/banking/airflow/.venv/lib/python3.12/site-packages/airflow/example_dags/example_short_circuit_operator.py
[2025-11-22T20:33:29.141+0500] {processor.py:925} INFO - DAG(s) 'example_short_circuit_operator' retrieved from /mnt/c/Users/Raj/OneDrive - Åbo Akademi O365/banking/airflow/.venv/lib/python3.12/site-packages/airflow/example_dags/example_short_circuit_operator.py
[2025-11-22T20:33:29.179+0500] {logging_mixin.py:190} INFO - [2025-11-22T20:33:29.178+0500] {dag.py:3239} INFO - Sync 1 DAGs
[2025-11-22T20:33:29.195+0500] {logging_mixin.py:190} INFO - [2025-11-22T20:33:29.194+0500] {dag.py:4180} INFO - Setting next_dagrun for example_short_circuit_operator to None, run_after=None
[2025-11-22T20:33:29.270+0500] {processor.py:208} INFO - Processing /mnt/c/Users/Raj/OneDrive - Åbo Akademi O365/banking/airflow/.venv/lib/python3.12/site-packages/airflow/example_dags/example_short_circuit_operator.py took 0.177 seconds
[2025-11-22T20:34:47.141+0500] {processor.py:186} INFO - Started process (PID=66598) to work on /mnt/c/Users/Raj/OneDrive - Åbo Akademi O365/banking/airflow/.venv/lib/python3.12/site-packages/airflow/example_dags/example_short_circuit_operator.py
[2025-11-22T20:34:47.143+0500] {processor.py:914} INFO - Processing file /mnt/c/Users/Raj/OneDrive - Åbo Akademi O365/banking/airflow/.venv/lib/python3.12/site-packages/airflow/example_dags/example_short_circuit_operator.py for tasks to queue
[2025-11-22T20:34:47.148+0500] {logging_mixin.py:190} INFO - [2025-11-22T20:34:47.146+0500] {dagbag.py:588} INFO - Filling up the DagBag from /mnt/c/Users/Raj/OneDrive - Åbo Akademi O365/banking/airflow/.venv/lib/python3.12/site-packages/airflow/example_dags/example_short_circuit_operator.py
[2025-11-22T20:34:47.176+0500] {processor.py:925} INFO - DAG(s) 'example_short_circuit_operator' retrieved from /mnt/c/Users/Raj/OneDrive - Åbo Akademi O365/banking/airflow/.venv/lib/python3.12/site-packages/airflow/example_dags/example_short_circuit_operator.py
[2025-11-22T20:34:47.223+0500] {logging_mixin.py:190} INFO - [2025-11-22T20:34:47.222+0500] {dag.py:3239} INFO - Sync 1 DAGs
[2025-11-22T20:34:47.249+0500] {logging_mixin.py:190} INFO - [2025-11-22T20:34:47.248+0500] {dag.py:4180} INFO - Setting next_dagrun for example_short_circuit_operator to None, run_after=None
[2025-11-22T20:34:47.340+0500] {processor.py:208} INFO - Processing /mnt/c/Users/Raj/OneDrive - Åbo Akademi O365/banking/airflow/.venv/lib/python3.12/site-packages/airflow/example_dags/example_short_circuit_operator.py took 0.219 seconds
[2025-11-22T20:36:41.114+0500] {processor.py:186} INFO - Started process (PID=66685) to work on /mnt/c/Users/Raj/OneDrive - Åbo Akademi O365/banking/airflow/.venv/lib/python3.12/site-packages/airflow/example_dags/example_short_circuit_operator.py
[2025-11-22T20:36:41.118+0500] {processor.py:914} INFO - Processing file /mnt/c/Users/Raj/OneDrive - Åbo Akademi O365/banking/airflow/.venv/lib/python3.12/site-packages/airflow/example_dags/example_short_circuit_operator.py for tasks to queue
[2025-11-22T20:36:41.122+0500] {logging_mixin.py:190} INFO - [2025-11-22T20:36:41.120+0500] {dagbag.py:588} INFO - Filling up the DagBag from /mnt/c/Users/Raj/OneDrive - Åbo Akademi O365/banking/airflow/.venv/lib/python3.12/site-packages/airflow/example_dags/example_short_circuit_operator.py
[2025-11-22T20:36:41.194+0500] {processor.py:925} INFO - DAG(s) 'example_short_circuit_operator' retrieved from /mnt/c/Users/Raj/OneDrive - Åbo Akademi O365/banking/airflow/.venv/lib/python3.12/site-packages/airflow/example_dags/example_short_circuit_operator.py
[2025-11-22T20:36:41.232+0500] {logging_mixin.py:190} INFO - [2025-11-22T20:36:41.231+0500] {dag.py:3239} INFO - Sync 1 DAGs
[2025-11-22T20:36:41.247+0500] {logging_mixin.py:190} INFO - [2025-11-22T20:36:41.246+0500] {dag.py:4180} INFO - Setting next_dagrun for example_short_circuit_operator to None, run_after=None
[2025-11-22T20:36:41.312+0500] {processor.py:208} INFO - Processing /mnt/c/Users/Raj/OneDrive - Åbo Akademi O365/banking/airflow/.venv/lib/python3.12/site-packages/airflow/example_dags/example_short_circuit_operator.py took 0.218 seconds
[2025-11-22T20:38:15.217+0500] {processor.py:186} INFO - Started process (PID=66758) to work on /mnt/c/Users/Raj/OneDrive - Åbo Akademi O365/banking/airflow/.venv/lib/python3.12/site-packages/airflow/example_dags/example_short_circuit_operator.py
[2025-11-22T20:38:15.219+0500] {processor.py:914} INFO - Processing file /mnt/c/Users/Raj/OneDrive - Åbo Akademi O365/banking/airflow/.venv/lib/python3.12/site-packages/airflow/example_dags/example_short_circuit_operator.py for tasks to queue
[2025-11-22T20:38:15.223+0500] {logging_mixin.py:190} INFO - [2025-11-22T20:38:15.221+0500] {dagbag.py:588} INFO - Filling up the DagBag from /mnt/c/Users/Raj/OneDrive - Åbo Akademi O365/banking/airflow/.venv/lib/python3.12/site-packages/airflow/example_dags/example_short_circuit_operator.py
[2025-11-22T20:38:15.254+0500] {processor.py:925} INFO - DAG(s) 'example_short_circuit_operator' retrieved from /mnt/c/Users/Raj/OneDrive - Åbo Akademi O365/banking/airflow/.venv/lib/python3.12/site-packages/airflow/example_dags/example_short_circuit_operator.py
[2025-11-22T20:38:15.297+0500] {logging_mixin.py:190} INFO - [2025-11-22T20:38:15.296+0500] {dag.py:3239} INFO - Sync 1 DAGs
[2025-11-22T20:38:15.316+0500] {logging_mixin.py:190} INFO - [2025-11-22T20:38:15.314+0500] {dag.py:4180} INFO - Setting next_dagrun for example_short_circuit_operator to None, run_after=None
[2025-11-22T20:38:15.399+0500] {processor.py:208} INFO - Processing /mnt/c/Users/Raj/OneDrive - Åbo Akademi O365/banking/airflow/.venv/lib/python3.12/site-packages/airflow/example_dags/example_short_circuit_operator.py took 0.198 seconds
[2025-11-22T20:39:19.418+0500] {processor.py:186} INFO - Started process (PID=66831) to work on /mnt/c/Users/Raj/OneDrive - Åbo Akademi O365/banking/airflow/.venv/lib/python3.12/site-packages/airflow/example_dags/example_short_circuit_operator.py
[2025-11-22T20:39:19.421+0500] {processor.py:914} INFO - Processing file /mnt/c/Users/Raj/OneDrive - Åbo Akademi O365/banking/airflow/.venv/lib/python3.12/site-packages/airflow/example_dags/example_short_circuit_operator.py for tasks to queue
[2025-11-22T20:39:19.425+0500] {logging_mixin.py:190} INFO - [2025-11-22T20:39:19.423+0500] {dagbag.py:588} INFO - Filling up the DagBag from /mnt/c/Users/Raj/OneDrive - Åbo Akademi O365/banking/airflow/.venv/lib/python3.12/site-packages/airflow/example_dags/example_short_circuit_operator.py
[2025-11-22T20:39:19.460+0500] {processor.py:925} INFO - DAG(s) 'example_short_circuit_operator' retrieved from /mnt/c/Users/Raj/OneDrive - Åbo Akademi O365/banking/airflow/.venv/lib/python3.12/site-packages/airflow/example_dags/example_short_circuit_operator.py
[2025-11-22T20:39:19.513+0500] {logging_mixin.py:190} INFO - [2025-11-22T20:39:19.512+0500] {dag.py:3239} INFO - Sync 1 DAGs
[2025-11-22T20:39:19.536+0500] {logging_mixin.py:190} INFO - [2025-11-22T20:39:19.534+0500] {dag.py:4180} INFO - Setting next_dagrun for example_short_circuit_operator to None, run_after=None
[2025-11-22T20:39:19.619+0500] {processor.py:208} INFO - Processing /mnt/c/Users/Raj/OneDrive - Åbo Akademi O365/banking/airflow/.venv/lib/python3.12/site-packages/airflow/example_dags/example_short_circuit_operator.py took 0.216 seconds
[2025-11-22T20:41:05.119+0500] {processor.py:186} INFO - Started process (PID=66944) to work on /mnt/c/Users/Raj/OneDrive - Åbo Akademi O365/banking/airflow/.venv/lib/python3.12/site-packages/airflow/example_dags/example_short_circuit_operator.py
[2025-11-22T20:41:05.121+0500] {processor.py:914} INFO - Processing file /mnt/c/Users/Raj/OneDrive - Åbo Akademi O365/banking/airflow/.venv/lib/python3.12/site-packages/airflow/example_dags/example_short_circuit_operator.py for tasks to queue
[2025-11-22T20:41:05.126+0500] {logging_mixin.py:190} INFO - [2025-11-22T20:41:05.124+0500] {dagbag.py:588} INFO - Filling up the DagBag from /mnt/c/Users/Raj/OneDrive - Åbo Akademi O365/banking/airflow/.venv/lib/python3.12/site-packages/airflow/example_dags/example_short_circuit_operator.py
[2025-11-22T20:41:05.158+0500] {processor.py:925} INFO - DAG(s) 'example_short_circuit_operator' retrieved from /mnt/c/Users/Raj/OneDrive - Åbo Akademi O365/banking/airflow/.venv/lib/python3.12/site-packages/airflow/example_dags/example_short_circuit_operator.py
[2025-11-22T20:41:05.202+0500] {logging_mixin.py:190} INFO - [2025-11-22T20:41:05.201+0500] {dag.py:3239} INFO - Sync 1 DAGs
[2025-11-22T20:41:05.221+0500] {logging_mixin.py:190} INFO - [2025-11-22T20:41:05.220+0500] {dag.py:4180} INFO - Setting next_dagrun for example_short_circuit_operator to None, run_after=None
[2025-11-22T20:41:05.304+0500] {processor.py:208} INFO - Processing /mnt/c/Users/Raj/OneDrive - Åbo Akademi O365/banking/airflow/.venv/lib/python3.12/site-packages/airflow/example_dags/example_short_circuit_operator.py took 0.203 seconds
[2025-11-22T20:43:25.719+0500] {processor.py:186} INFO - Started process (PID=67065) to work on /mnt/c/Users/Raj/OneDrive - Åbo Akademi O365/banking/airflow/.venv/lib/python3.12/site-packages/airflow/example_dags/example_short_circuit_operator.py
[2025-11-22T20:43:25.721+0500] {processor.py:914} INFO - Processing file /mnt/c/Users/Raj/OneDrive - Åbo Akademi O365/banking/airflow/.venv/lib/python3.12/site-packages/airflow/example_dags/example_short_circuit_operator.py for tasks to queue
[2025-11-22T20:43:25.725+0500] {logging_mixin.py:190} INFO - [2025-11-22T20:43:25.723+0500] {dagbag.py:588} INFO - Filling up the DagBag from /mnt/c/Users/Raj/OneDrive - Åbo Akademi O365/banking/airflow/.venv/lib/python3.12/site-packages/airflow/example_dags/example_short_circuit_operator.py
[2025-11-22T20:43:25.753+0500] {processor.py:925} INFO - DAG(s) 'example_short_circuit_operator' retrieved from /mnt/c/Users/Raj/OneDrive - Åbo Akademi O365/banking/airflow/.venv/lib/python3.12/site-packages/airflow/example_dags/example_short_circuit_operator.py
[2025-11-22T20:43:25.800+0500] {logging_mixin.py:190} INFO - [2025-11-22T20:43:25.798+0500] {dag.py:3239} INFO - Sync 1 DAGs
[2025-11-22T20:43:25.820+0500] {logging_mixin.py:190} INFO - [2025-11-22T20:43:25.818+0500] {dag.py:4180} INFO - Setting next_dagrun for example_short_circuit_operator to None, run_after=None
[2025-11-22T20:43:25.885+0500] {processor.py:208} INFO - Processing /mnt/c/Users/Raj/OneDrive - Åbo Akademi O365/banking/airflow/.venv/lib/python3.12/site-packages/airflow/example_dags/example_short_circuit_operator.py took 0.182 seconds
[2025-11-22T20:45:03.975+0500] {processor.py:186} INFO - Started process (PID=67145) to work on /mnt/c/Users/Raj/OneDrive - Åbo Akademi O365/banking/airflow/.venv/lib/python3.12/site-packages/airflow/example_dags/example_short_circuit_operator.py
[2025-11-22T20:45:03.977+0500] {processor.py:914} INFO - Processing file /mnt/c/Users/Raj/OneDrive - Åbo Akademi O365/banking/airflow/.venv/lib/python3.12/site-packages/airflow/example_dags/example_short_circuit_operator.py for tasks to queue
[2025-11-22T20:45:03.980+0500] {logging_mixin.py:190} INFO - [2025-11-22T20:45:03.979+0500] {dagbag.py:588} INFO - Filling up the DagBag from /mnt/c/Users/Raj/OneDrive - Åbo Akademi O365/banking/airflow/.venv/lib/python3.12/site-packages/airflow/example_dags/example_short_circuit_operator.py
[2025-11-22T20:45:04.000+0500] {processor.py:925} INFO - DAG(s) 'example_short_circuit_operator' retrieved from /mnt/c/Users/Raj/OneDrive - Åbo Akademi O365/banking/airflow/.venv/lib/python3.12/site-packages/airflow/example_dags/example_short_circuit_operator.py
[2025-11-22T20:45:04.036+0500] {logging_mixin.py:190} INFO - [2025-11-22T20:45:04.035+0500] {dag.py:3239} INFO - Sync 1 DAGs
[2025-11-22T20:45:04.052+0500] {logging_mixin.py:190} INFO - [2025-11-22T20:45:04.051+0500] {dag.py:4180} INFO - Setting next_dagrun for example_short_circuit_operator to None, run_after=None
[2025-11-22T20:45:04.118+0500] {processor.py:208} INFO - Processing /mnt/c/Users/Raj/OneDrive - Åbo Akademi O365/banking/airflow/.venv/lib/python3.12/site-packages/airflow/example_dags/example_short_circuit_operator.py took 0.155 seconds
[2025-11-22T20:46:41.349+0500] {processor.py:186} INFO - Started process (PID=67217) to work on /mnt/c/Users/Raj/OneDrive - Åbo Akademi O365/banking/airflow/.venv/lib/python3.12/site-packages/airflow/example_dags/example_short_circuit_operator.py
[2025-11-22T20:46:41.352+0500] {processor.py:914} INFO - Processing file /mnt/c/Users/Raj/OneDrive - Åbo Akademi O365/banking/airflow/.venv/lib/python3.12/site-packages/airflow/example_dags/example_short_circuit_operator.py for tasks to queue
[2025-11-22T20:46:41.356+0500] {logging_mixin.py:190} INFO - [2025-11-22T20:46:41.355+0500] {dagbag.py:588} INFO - Filling up the DagBag from /mnt/c/Users/Raj/OneDrive - Åbo Akademi O365/banking/airflow/.venv/lib/python3.12/site-packages/airflow/example_dags/example_short_circuit_operator.py
[2025-11-22T20:46:41.386+0500] {processor.py:925} INFO - DAG(s) 'example_short_circuit_operator' retrieved from /mnt/c/Users/Raj/OneDrive - Åbo Akademi O365/banking/airflow/.venv/lib/python3.12/site-packages/airflow/example_dags/example_short_circuit_operator.py
[2025-11-22T20:46:41.426+0500] {logging_mixin.py:190} INFO - [2025-11-22T20:46:41.425+0500] {dag.py:3239} INFO - Sync 1 DAGs
[2025-11-22T20:46:41.446+0500] {logging_mixin.py:190} INFO - [2025-11-22T20:46:41.444+0500] {dag.py:4180} INFO - Setting next_dagrun for example_short_circuit_operator to None, run_after=None
[2025-11-22T20:46:41.508+0500] {processor.py:208} INFO - Processing /mnt/c/Users/Raj/OneDrive - Åbo Akademi O365/banking/airflow/.venv/lib/python3.12/site-packages/airflow/example_dags/example_short_circuit_operator.py took 0.174 seconds
[2025-11-22T20:48:24.940+0500] {processor.py:186} INFO - Started process (PID=67297) to work on /mnt/c/Users/Raj/OneDrive - Åbo Akademi O365/banking/airflow/.venv/lib/python3.12/site-packages/airflow/example_dags/example_short_circuit_operator.py
[2025-11-22T20:48:24.943+0500] {processor.py:914} INFO - Processing file /mnt/c/Users/Raj/OneDrive - Åbo Akademi O365/banking/airflow/.venv/lib/python3.12/site-packages/airflow/example_dags/example_short_circuit_operator.py for tasks to queue
[2025-11-22T20:48:24.947+0500] {logging_mixin.py:190} INFO - [2025-11-22T20:48:24.945+0500] {dagbag.py:588} INFO - Filling up the DagBag from /mnt/c/Users/Raj/OneDrive - Åbo Akademi O365/banking/airflow/.venv/lib/python3.12/site-packages/airflow/example_dags/example_short_circuit_operator.py
[2025-11-22T20:48:24.977+0500] {processor.py:925} INFO - DAG(s) 'example_short_circuit_operator' retrieved from /mnt/c/Users/Raj/OneDrive - Åbo Akademi O365/banking/airflow/.venv/lib/python3.12/site-packages/airflow/example_dags/example_short_circuit_operator.py
[2025-11-22T20:48:25.019+0500] {logging_mixin.py:190} INFO - [2025-11-22T20:48:25.018+0500] {dag.py:3239} INFO - Sync 1 DAGs
[2025-11-22T20:48:25.038+0500] {logging_mixin.py:190} INFO - [2025-11-22T20:48:25.037+0500] {dag.py:4180} INFO - Setting next_dagrun for example_short_circuit_operator to None, run_after=None
[2025-11-22T20:48:25.113+0500] {processor.py:208} INFO - Processing /mnt/c/Users/Raj/OneDrive - Åbo Akademi O365/banking/airflow/.venv/lib/python3.12/site-packages/airflow/example_dags/example_short_circuit_operator.py took 0.190 seconds
[2025-11-22T20:50:05.163+0500] {processor.py:186} INFO - Started process (PID=67377) to work on /mnt/c/Users/Raj/OneDrive - Åbo Akademi O365/banking/airflow/.venv/lib/python3.12/site-packages/airflow/example_dags/example_short_circuit_operator.py
[2025-11-22T20:50:05.165+0500] {processor.py:914} INFO - Processing file /mnt/c/Users/Raj/OneDrive - Åbo Akademi O365/banking/airflow/.venv/lib/python3.12/site-packages/airflow/example_dags/example_short_circuit_operator.py for tasks to queue
[2025-11-22T20:50:05.169+0500] {logging_mixin.py:190} INFO - [2025-11-22T20:50:05.168+0500] {dagbag.py:588} INFO - Filling up the DagBag from /mnt/c/Users/Raj/OneDrive - Åbo Akademi O365/banking/airflow/.venv/lib/python3.12/site-packages/airflow/example_dags/example_short_circuit_operator.py
[2025-11-22T20:50:05.200+0500] {processor.py:925} INFO - DAG(s) 'example_short_circuit_operator' retrieved from /mnt/c/Users/Raj/OneDrive - Åbo Akademi O365/banking/airflow/.venv/lib/python3.12/site-packages/airflow/example_dags/example_short_circuit_operator.py
[2025-11-22T20:50:05.237+0500] {logging_mixin.py:190} INFO - [2025-11-22T20:50:05.236+0500] {dag.py:3239} INFO - Sync 1 DAGs
[2025-11-22T20:50:05.253+0500] {logging_mixin.py:190} INFO - [2025-11-22T20:50:05.252+0500] {dag.py:4180} INFO - Setting next_dagrun for example_short_circuit_operator to None, run_after=None
[2025-11-22T20:50:05.324+0500] {processor.py:208} INFO - Processing /mnt/c/Users/Raj/OneDrive - Åbo Akademi O365/banking/airflow/.venv/lib/python3.12/site-packages/airflow/example_dags/example_short_circuit_operator.py took 0.178 seconds
[2025-11-22T20:51:51.063+0500] {processor.py:186} INFO - Started process (PID=67460) to work on /mnt/c/Users/Raj/OneDrive - Åbo Akademi O365/banking/airflow/.venv/lib/python3.12/site-packages/airflow/example_dags/example_short_circuit_operator.py
[2025-11-22T20:51:51.065+0500] {processor.py:914} INFO - Processing file /mnt/c/Users/Raj/OneDrive - Åbo Akademi O365/banking/airflow/.venv/lib/python3.12/site-packages/airflow/example_dags/example_short_circuit_operator.py for tasks to queue
[2025-11-22T20:51:51.069+0500] {logging_mixin.py:190} INFO - [2025-11-22T20:51:51.067+0500] {dagbag.py:588} INFO - Filling up the DagBag from /mnt/c/Users/Raj/OneDrive - Åbo Akademi O365/banking/airflow/.venv/lib/python3.12/site-packages/airflow/example_dags/example_short_circuit_operator.py
[2025-11-22T20:51:51.099+0500] {processor.py:925} INFO - DAG(s) 'example_short_circuit_operator' retrieved from /mnt/c/Users/Raj/OneDrive - Åbo Akademi O365/banking/airflow/.venv/lib/python3.12/site-packages/airflow/example_dags/example_short_circuit_operator.py
[2025-11-22T20:51:51.153+0500] {logging_mixin.py:190} INFO - [2025-11-22T20:51:51.152+0500] {dag.py:3239} INFO - Sync 1 DAGs
[2025-11-22T20:51:51.179+0500] {logging_mixin.py:190} INFO - [2025-11-22T20:51:51.178+0500] {dag.py:4180} INFO - Setting next_dagrun for example_short_circuit_operator to None, run_after=None
[2025-11-22T20:51:51.270+0500] {processor.py:208} INFO - Processing /mnt/c/Users/Raj/OneDrive - Åbo Akademi O365/banking/airflow/.venv/lib/python3.12/site-packages/airflow/example_dags/example_short_circuit_operator.py took 0.223 seconds
[2025-11-22T20:53:33.570+0500] {processor.py:186} INFO - Started process (PID=67543) to work on /mnt/c/Users/Raj/OneDrive - Åbo Akademi O365/banking/airflow/.venv/lib/python3.12/site-packages/airflow/example_dags/example_short_circuit_operator.py
[2025-11-22T20:53:33.572+0500] {processor.py:914} INFO - Processing file /mnt/c/Users/Raj/OneDrive - Åbo Akademi O365/banking/airflow/.venv/lib/python3.12/site-packages/airflow/example_dags/example_short_circuit_operator.py for tasks to queue
[2025-11-22T20:53:33.577+0500] {logging_mixin.py:190} INFO - [2025-11-22T20:53:33.575+0500] {dagbag.py:588} INFO - Filling up the DagBag from /mnt/c/Users/Raj/OneDrive - Åbo Akademi O365/banking/airflow/.venv/lib/python3.12/site-packages/airflow/example_dags/example_short_circuit_operator.py
[2025-11-22T20:53:33.602+0500] {processor.py:925} INFO - DAG(s) 'example_short_circuit_operator' retrieved from /mnt/c/Users/Raj/OneDrive - Åbo Akademi O365/banking/airflow/.venv/lib/python3.12/site-packages/airflow/example_dags/example_short_circuit_operator.py
[2025-11-22T20:53:33.653+0500] {logging_mixin.py:190} INFO - [2025-11-22T20:53:33.652+0500] {dag.py:3239} INFO - Sync 1 DAGs
[2025-11-22T20:53:33.683+0500] {logging_mixin.py:190} INFO - [2025-11-22T20:53:33.681+0500] {dag.py:4180} INFO - Setting next_dagrun for example_short_circuit_operator to None, run_after=None
[2025-11-22T20:53:33.756+0500] {processor.py:208} INFO - Processing /mnt/c/Users/Raj/OneDrive - Åbo Akademi O365/banking/airflow/.venv/lib/python3.12/site-packages/airflow/example_dags/example_short_circuit_operator.py took 0.202 seconds
[2025-11-22T20:55:14.520+0500] {processor.py:186} INFO - Started process (PID=67644) to work on /mnt/c/Users/Raj/OneDrive - Åbo Akademi O365/banking/airflow/.venv/lib/python3.12/site-packages/airflow/example_dags/example_short_circuit_operator.py
[2025-11-22T20:55:14.534+0500] {processor.py:914} INFO - Processing file /mnt/c/Users/Raj/OneDrive - Åbo Akademi O365/banking/airflow/.venv/lib/python3.12/site-packages/airflow/example_dags/example_short_circuit_operator.py for tasks to queue
[2025-11-22T20:55:14.540+0500] {logging_mixin.py:190} INFO - [2025-11-22T20:55:14.538+0500] {dagbag.py:588} INFO - Filling up the DagBag from /mnt/c/Users/Raj/OneDrive - Åbo Akademi O365/banking/airflow/.venv/lib/python3.12/site-packages/airflow/example_dags/example_short_circuit_operator.py
[2025-11-22T20:55:14.587+0500] {processor.py:925} INFO - DAG(s) 'example_short_circuit_operator' retrieved from /mnt/c/Users/Raj/OneDrive - Åbo Akademi O365/banking/airflow/.venv/lib/python3.12/site-packages/airflow/example_dags/example_short_circuit_operator.py
[2025-11-22T20:55:14.660+0500] {logging_mixin.py:190} INFO - [2025-11-22T20:55:14.658+0500] {dag.py:3239} INFO - Sync 1 DAGs
[2025-11-22T20:55:14.692+0500] {logging_mixin.py:190} INFO - [2025-11-22T20:55:14.691+0500] {dag.py:4180} INFO - Setting next_dagrun for example_short_circuit_operator to None, run_after=None
[2025-11-22T20:55:14.781+0500] {processor.py:208} INFO - Processing /mnt/c/Users/Raj/OneDrive - Åbo Akademi O365/banking/airflow/.venv/lib/python3.12/site-packages/airflow/example_dags/example_short_circuit_operator.py took 0.290 seconds
[2025-11-22T20:57:00.324+0500] {processor.py:186} INFO - Started process (PID=67783) to work on /mnt/c/Users/Raj/OneDrive - Åbo Akademi O365/banking/airflow/.venv/lib/python3.12/site-packages/airflow/example_dags/example_short_circuit_operator.py
[2025-11-22T20:57:00.326+0500] {processor.py:914} INFO - Processing file /mnt/c/Users/Raj/OneDrive - Åbo Akademi O365/banking/airflow/.venv/lib/python3.12/site-packages/airflow/example_dags/example_short_circuit_operator.py for tasks to queue
[2025-11-22T20:57:00.330+0500] {logging_mixin.py:190} INFO - [2025-11-22T20:57:00.328+0500] {dagbag.py:588} INFO - Filling up the DagBag from /mnt/c/Users/Raj/OneDrive - Åbo Akademi O365/banking/airflow/.venv/lib/python3.12/site-packages/airflow/example_dags/example_short_circuit_operator.py
[2025-11-22T20:57:00.363+0500] {processor.py:925} INFO - DAG(s) 'example_short_circuit_operator' retrieved from /mnt/c/Users/Raj/OneDrive - Åbo Akademi O365/banking/airflow/.venv/lib/python3.12/site-packages/airflow/example_dags/example_short_circuit_operator.py
[2025-11-22T20:57:00.407+0500] {logging_mixin.py:190} INFO - [2025-11-22T20:57:00.406+0500] {dag.py:3239} INFO - Sync 1 DAGs
[2025-11-22T20:57:00.428+0500] {logging_mixin.py:190} INFO - [2025-11-22T20:57:00.426+0500] {dag.py:4180} INFO - Setting next_dagrun for example_short_circuit_operator to None, run_after=None
[2025-11-22T20:57:00.509+0500] {processor.py:208} INFO - Processing /mnt/c/Users/Raj/OneDrive - Åbo Akademi O365/banking/airflow/.venv/lib/python3.12/site-packages/airflow/example_dags/example_short_circuit_operator.py took 0.201 seconds
[2025-11-22T20:58:45.872+0500] {processor.py:186} INFO - Started process (PID=67864) to work on /mnt/c/Users/Raj/OneDrive - Åbo Akademi O365/banking/airflow/.venv/lib/python3.12/site-packages/airflow/example_dags/example_short_circuit_operator.py
[2025-11-22T20:58:45.875+0500] {processor.py:914} INFO - Processing file /mnt/c/Users/Raj/OneDrive - Åbo Akademi O365/banking/airflow/.venv/lib/python3.12/site-packages/airflow/example_dags/example_short_circuit_operator.py for tasks to queue
[2025-11-22T20:58:45.878+0500] {logging_mixin.py:190} INFO - [2025-11-22T20:58:45.877+0500] {dagbag.py:588} INFO - Filling up the DagBag from /mnt/c/Users/Raj/OneDrive - Åbo Akademi O365/banking/airflow/.venv/lib/python3.12/site-packages/airflow/example_dags/example_short_circuit_operator.py
[2025-11-22T20:58:45.901+0500] {processor.py:925} INFO - DAG(s) 'example_short_circuit_operator' retrieved from /mnt/c/Users/Raj/OneDrive - Åbo Akademi O365/banking/airflow/.venv/lib/python3.12/site-packages/airflow/example_dags/example_short_circuit_operator.py
[2025-11-22T20:58:45.952+0500] {logging_mixin.py:190} INFO - [2025-11-22T20:58:45.950+0500] {dag.py:3239} INFO - Sync 1 DAGs
[2025-11-22T20:58:45.976+0500] {logging_mixin.py:190} INFO - [2025-11-22T20:58:45.974+0500] {dag.py:4180} INFO - Setting next_dagrun for example_short_circuit_operator to None, run_after=None
[2025-11-22T20:58:46.048+0500] {processor.py:208} INFO - Processing /mnt/c/Users/Raj/OneDrive - Åbo Akademi O365/banking/airflow/.venv/lib/python3.12/site-packages/airflow/example_dags/example_short_circuit_operator.py took 0.189 seconds
[2025-11-22T21:00:19.345+0500] {processor.py:186} INFO - Started process (PID=67942) to work on /mnt/c/Users/Raj/OneDrive - Åbo Akademi O365/banking/airflow/.venv/lib/python3.12/site-packages/airflow/example_dags/example_short_circuit_operator.py
[2025-11-22T21:00:19.348+0500] {processor.py:914} INFO - Processing file /mnt/c/Users/Raj/OneDrive - Åbo Akademi O365/banking/airflow/.venv/lib/python3.12/site-packages/airflow/example_dags/example_short_circuit_operator.py for tasks to queue
[2025-11-22T21:00:19.353+0500] {logging_mixin.py:190} INFO - [2025-11-22T21:00:19.351+0500] {dagbag.py:588} INFO - Filling up the DagBag from /mnt/c/Users/Raj/OneDrive - Åbo Akademi O365/banking/airflow/.venv/lib/python3.12/site-packages/airflow/example_dags/example_short_circuit_operator.py
[2025-11-22T21:00:19.380+0500] {processor.py:925} INFO - DAG(s) 'example_short_circuit_operator' retrieved from /mnt/c/Users/Raj/OneDrive - Åbo Akademi O365/banking/airflow/.venv/lib/python3.12/site-packages/airflow/example_dags/example_short_circuit_operator.py
[2025-11-22T21:00:19.419+0500] {logging_mixin.py:190} INFO - [2025-11-22T21:00:19.418+0500] {dag.py:3239} INFO - Sync 1 DAGs
[2025-11-22T21:00:19.435+0500] {logging_mixin.py:190} INFO - [2025-11-22T21:00:19.434+0500] {dag.py:4180} INFO - Setting next_dagrun for example_short_circuit_operator to None, run_after=None
[2025-11-22T21:00:19.520+0500] {processor.py:208} INFO - Processing /mnt/c/Users/Raj/OneDrive - Åbo Akademi O365/banking/airflow/.venv/lib/python3.12/site-packages/airflow/example_dags/example_short_circuit_operator.py took 0.190 seconds
[2025-11-22T21:02:28.205+0500] {processor.py:186} INFO - Started process (PID=68044) to work on /mnt/c/Users/Raj/OneDrive - Åbo Akademi O365/banking/airflow/.venv/lib/python3.12/site-packages/airflow/example_dags/example_short_circuit_operator.py
[2025-11-22T21:02:28.209+0500] {processor.py:914} INFO - Processing file /mnt/c/Users/Raj/OneDrive - Åbo Akademi O365/banking/airflow/.venv/lib/python3.12/site-packages/airflow/example_dags/example_short_circuit_operator.py for tasks to queue
[2025-11-22T21:02:28.214+0500] {logging_mixin.py:190} INFO - [2025-11-22T21:02:28.212+0500] {dagbag.py:588} INFO - Filling up the DagBag from /mnt/c/Users/Raj/OneDrive - Åbo Akademi O365/banking/airflow/.venv/lib/python3.12/site-packages/airflow/example_dags/example_short_circuit_operator.py
[2025-11-22T21:02:28.255+0500] {processor.py:925} INFO - DAG(s) 'example_short_circuit_operator' retrieved from /mnt/c/Users/Raj/OneDrive - Åbo Akademi O365/banking/airflow/.venv/lib/python3.12/site-packages/airflow/example_dags/example_short_circuit_operator.py
[2025-11-22T21:02:28.355+0500] {logging_mixin.py:190} INFO - [2025-11-22T21:02:28.353+0500] {dag.py:3239} INFO - Sync 1 DAGs
[2025-11-22T21:02:28.581+0500] {logging_mixin.py:190} INFO - [2025-11-22T21:02:28.579+0500] {dag.py:4180} INFO - Setting next_dagrun for example_short_circuit_operator to None, run_after=None
[2025-11-22T21:02:28.667+0500] {processor.py:208} INFO - Processing /mnt/c/Users/Raj/OneDrive - Åbo Akademi O365/banking/airflow/.venv/lib/python3.12/site-packages/airflow/example_dags/example_short_circuit_operator.py took 0.492 seconds
[2025-11-22T21:04:40.239+0500] {processor.py:186} INFO - Started process (PID=68167) to work on /mnt/c/Users/Raj/OneDrive - Åbo Akademi O365/banking/airflow/.venv/lib/python3.12/site-packages/airflow/example_dags/example_short_circuit_operator.py
[2025-11-22T21:04:40.241+0500] {processor.py:914} INFO - Processing file /mnt/c/Users/Raj/OneDrive - Åbo Akademi O365/banking/airflow/.venv/lib/python3.12/site-packages/airflow/example_dags/example_short_circuit_operator.py for tasks to queue
[2025-11-22T21:04:40.244+0500] {logging_mixin.py:190} INFO - [2025-11-22T21:04:40.243+0500] {dagbag.py:588} INFO - Filling up the DagBag from /mnt/c/Users/Raj/OneDrive - Åbo Akademi O365/banking/airflow/.venv/lib/python3.12/site-packages/airflow/example_dags/example_short_circuit_operator.py
[2025-11-22T21:04:40.264+0500] {processor.py:925} INFO - DAG(s) 'example_short_circuit_operator' retrieved from /mnt/c/Users/Raj/OneDrive - Åbo Akademi O365/banking/airflow/.venv/lib/python3.12/site-packages/airflow/example_dags/example_short_circuit_operator.py
[2025-11-22T21:04:40.300+0500] {logging_mixin.py:190} INFO - [2025-11-22T21:04:40.299+0500] {dag.py:3239} INFO - Sync 1 DAGs
[2025-11-22T21:04:40.451+0500] {logging_mixin.py:190} INFO - [2025-11-22T21:04:40.450+0500] {dag.py:4180} INFO - Setting next_dagrun for example_short_circuit_operator to None, run_after=None
[2025-11-22T21:04:40.534+0500] {processor.py:208} INFO - Processing /mnt/c/Users/Raj/OneDrive - Åbo Akademi O365/banking/airflow/.venv/lib/python3.12/site-packages/airflow/example_dags/example_short_circuit_operator.py took 0.309 seconds
[2025-11-22T21:09:00.264+0500] {processor.py:186} INFO - Started process (PID=68345) to work on /mnt/c/Users/Raj/OneDrive - Åbo Akademi O365/banking/airflow/.venv/lib/python3.12/site-packages/airflow/example_dags/example_short_circuit_operator.py
[2025-11-22T21:09:00.266+0500] {processor.py:914} INFO - Processing file /mnt/c/Users/Raj/OneDrive - Åbo Akademi O365/banking/airflow/.venv/lib/python3.12/site-packages/airflow/example_dags/example_short_circuit_operator.py for tasks to queue
[2025-11-22T21:09:00.269+0500] {logging_mixin.py:190} INFO - [2025-11-22T21:09:00.268+0500] {dagbag.py:588} INFO - Filling up the DagBag from /mnt/c/Users/Raj/OneDrive - Åbo Akademi O365/banking/airflow/.venv/lib/python3.12/site-packages/airflow/example_dags/example_short_circuit_operator.py
[2025-11-22T21:09:00.296+0500] {processor.py:925} INFO - DAG(s) 'example_short_circuit_operator' retrieved from /mnt/c/Users/Raj/OneDrive - Åbo Akademi O365/banking/airflow/.venv/lib/python3.12/site-packages/airflow/example_dags/example_short_circuit_operator.py
[2025-11-22T21:09:00.349+0500] {logging_mixin.py:190} INFO - [2025-11-22T21:09:00.348+0500] {dag.py:3239} INFO - Sync 1 DAGs
[2025-11-22T21:09:00.537+0500] {logging_mixin.py:190} INFO - [2025-11-22T21:09:00.536+0500] {dag.py:4180} INFO - Setting next_dagrun for example_short_circuit_operator to None, run_after=None
[2025-11-22T21:09:00.633+0500] {processor.py:208} INFO - Processing /mnt/c/Users/Raj/OneDrive - Åbo Akademi O365/banking/airflow/.venv/lib/python3.12/site-packages/airflow/example_dags/example_short_circuit_operator.py took 0.390 seconds
[2025-11-22T21:10:08.239+0500] {processor.py:186} INFO - Started process (PID=68400) to work on /mnt/c/Users/Raj/OneDrive - Åbo Akademi O365/banking/airflow/.venv/lib/python3.12/site-packages/airflow/example_dags/example_short_circuit_operator.py
[2025-11-22T21:10:08.242+0500] {processor.py:914} INFO - Processing file /mnt/c/Users/Raj/OneDrive - Åbo Akademi O365/banking/airflow/.venv/lib/python3.12/site-packages/airflow/example_dags/example_short_circuit_operator.py for tasks to queue
[2025-11-22T21:10:08.246+0500] {logging_mixin.py:190} INFO - [2025-11-22T21:10:08.244+0500] {dagbag.py:588} INFO - Filling up the DagBag from /mnt/c/Users/Raj/OneDrive - Åbo Akademi O365/banking/airflow/.venv/lib/python3.12/site-packages/airflow/example_dags/example_short_circuit_operator.py
[2025-11-22T21:10:08.276+0500] {processor.py:925} INFO - DAG(s) 'example_short_circuit_operator' retrieved from /mnt/c/Users/Raj/OneDrive - Åbo Akademi O365/banking/airflow/.venv/lib/python3.12/site-packages/airflow/example_dags/example_short_circuit_operator.py
[2025-11-22T21:10:08.313+0500] {logging_mixin.py:190} INFO - [2025-11-22T21:10:08.311+0500] {dag.py:3239} INFO - Sync 1 DAGs
[2025-11-22T21:10:08.331+0500] {logging_mixin.py:190} INFO - [2025-11-22T21:10:08.329+0500] {dag.py:4180} INFO - Setting next_dagrun for example_short_circuit_operator to None, run_after=None
[2025-11-22T21:10:08.401+0500] {processor.py:208} INFO - Processing /mnt/c/Users/Raj/OneDrive - Åbo Akademi O365/banking/airflow/.venv/lib/python3.12/site-packages/airflow/example_dags/example_short_circuit_operator.py took 0.185 seconds
[2025-11-22T21:12:03.383+0500] {processor.py:186} INFO - Started process (PID=68484) to work on /mnt/c/Users/Raj/OneDrive - Åbo Akademi O365/banking/airflow/.venv/lib/python3.12/site-packages/airflow/example_dags/example_short_circuit_operator.py
[2025-11-22T21:12:03.385+0500] {processor.py:914} INFO - Processing file /mnt/c/Users/Raj/OneDrive - Åbo Akademi O365/banking/airflow/.venv/lib/python3.12/site-packages/airflow/example_dags/example_short_circuit_operator.py for tasks to queue
[2025-11-22T21:12:03.390+0500] {logging_mixin.py:190} INFO - [2025-11-22T21:12:03.388+0500] {dagbag.py:588} INFO - Filling up the DagBag from /mnt/c/Users/Raj/OneDrive - Åbo Akademi O365/banking/airflow/.venv/lib/python3.12/site-packages/airflow/example_dags/example_short_circuit_operator.py
[2025-11-22T21:12:03.420+0500] {processor.py:925} INFO - DAG(s) 'example_short_circuit_operator' retrieved from /mnt/c/Users/Raj/OneDrive - Åbo Akademi O365/banking/airflow/.venv/lib/python3.12/site-packages/airflow/example_dags/example_short_circuit_operator.py
[2025-11-22T21:12:03.462+0500] {logging_mixin.py:190} INFO - [2025-11-22T21:12:03.460+0500] {dag.py:3239} INFO - Sync 1 DAGs
[2025-11-22T21:12:03.484+0500] {logging_mixin.py:190} INFO - [2025-11-22T21:12:03.483+0500] {dag.py:4180} INFO - Setting next_dagrun for example_short_circuit_operator to None, run_after=None
[2025-11-22T21:12:03.558+0500] {processor.py:208} INFO - Processing /mnt/c/Users/Raj/OneDrive - Åbo Akademi O365/banking/airflow/.venv/lib/python3.12/site-packages/airflow/example_dags/example_short_circuit_operator.py took 0.194 seconds
[2025-11-22T21:13:48.628+0500] {processor.py:186} INFO - Started process (PID=68561) to work on /mnt/c/Users/Raj/OneDrive - Åbo Akademi O365/banking/airflow/.venv/lib/python3.12/site-packages/airflow/example_dags/example_short_circuit_operator.py
[2025-11-22T21:13:48.632+0500] {processor.py:914} INFO - Processing file /mnt/c/Users/Raj/OneDrive - Åbo Akademi O365/banking/airflow/.venv/lib/python3.12/site-packages/airflow/example_dags/example_short_circuit_operator.py for tasks to queue
[2025-11-22T21:13:48.636+0500] {logging_mixin.py:190} INFO - [2025-11-22T21:13:48.634+0500] {dagbag.py:588} INFO - Filling up the DagBag from /mnt/c/Users/Raj/OneDrive - Åbo Akademi O365/banking/airflow/.venv/lib/python3.12/site-packages/airflow/example_dags/example_short_circuit_operator.py
[2025-11-22T21:13:48.675+0500] {processor.py:925} INFO - DAG(s) 'example_short_circuit_operator' retrieved from /mnt/c/Users/Raj/OneDrive - Åbo Akademi O365/banking/airflow/.venv/lib/python3.12/site-packages/airflow/example_dags/example_short_circuit_operator.py
[2025-11-22T21:13:48.732+0500] {logging_mixin.py:190} INFO - [2025-11-22T21:13:48.731+0500] {dag.py:3239} INFO - Sync 1 DAGs
[2025-11-22T21:13:48.774+0500] {logging_mixin.py:190} INFO - [2025-11-22T21:13:48.772+0500] {dag.py:4180} INFO - Setting next_dagrun for example_short_circuit_operator to None, run_after=None
[2025-11-22T21:13:48.863+0500] {processor.py:208} INFO - Processing /mnt/c/Users/Raj/OneDrive - Åbo Akademi O365/banking/airflow/.venv/lib/python3.12/site-packages/airflow/example_dags/example_short_circuit_operator.py took 0.267 seconds
[2025-11-22T21:15:29.797+0500] {processor.py:186} INFO - Started process (PID=68641) to work on /mnt/c/Users/Raj/OneDrive - Åbo Akademi O365/banking/airflow/.venv/lib/python3.12/site-packages/airflow/example_dags/example_short_circuit_operator.py
[2025-11-22T21:15:29.799+0500] {processor.py:914} INFO - Processing file /mnt/c/Users/Raj/OneDrive - Åbo Akademi O365/banking/airflow/.venv/lib/python3.12/site-packages/airflow/example_dags/example_short_circuit_operator.py for tasks to queue
[2025-11-22T21:15:29.803+0500] {logging_mixin.py:190} INFO - [2025-11-22T21:15:29.802+0500] {dagbag.py:588} INFO - Filling up the DagBag from /mnt/c/Users/Raj/OneDrive - Åbo Akademi O365/banking/airflow/.venv/lib/python3.12/site-packages/airflow/example_dags/example_short_circuit_operator.py
[2025-11-22T21:15:29.838+0500] {processor.py:925} INFO - DAG(s) 'example_short_circuit_operator' retrieved from /mnt/c/Users/Raj/OneDrive - Åbo Akademi O365/banking/airflow/.venv/lib/python3.12/site-packages/airflow/example_dags/example_short_circuit_operator.py
[2025-11-22T21:15:29.882+0500] {logging_mixin.py:190} INFO - [2025-11-22T21:15:29.881+0500] {dag.py:3239} INFO - Sync 1 DAGs
[2025-11-22T21:15:29.898+0500] {logging_mixin.py:190} INFO - [2025-11-22T21:15:29.897+0500] {dag.py:4180} INFO - Setting next_dagrun for example_short_circuit_operator to None, run_after=None
[2025-11-22T21:15:29.961+0500] {processor.py:208} INFO - Processing /mnt/c/Users/Raj/OneDrive - Åbo Akademi O365/banking/airflow/.venv/lib/python3.12/site-packages/airflow/example_dags/example_short_circuit_operator.py took 0.187 seconds
[2025-11-22T21:17:07.574+0500] {processor.py:186} INFO - Started process (PID=68722) to work on /mnt/c/Users/Raj/OneDrive - Åbo Akademi O365/banking/airflow/.venv/lib/python3.12/site-packages/airflow/example_dags/example_short_circuit_operator.py
[2025-11-22T21:17:07.577+0500] {processor.py:914} INFO - Processing file /mnt/c/Users/Raj/OneDrive - Åbo Akademi O365/banking/airflow/.venv/lib/python3.12/site-packages/airflow/example_dags/example_short_circuit_operator.py for tasks to queue
[2025-11-22T21:17:07.582+0500] {logging_mixin.py:190} INFO - [2025-11-22T21:17:07.581+0500] {dagbag.py:588} INFO - Filling up the DagBag from /mnt/c/Users/Raj/OneDrive - Åbo Akademi O365/banking/airflow/.venv/lib/python3.12/site-packages/airflow/example_dags/example_short_circuit_operator.py
[2025-11-22T21:17:07.616+0500] {processor.py:925} INFO - DAG(s) 'example_short_circuit_operator' retrieved from /mnt/c/Users/Raj/OneDrive - Åbo Akademi O365/banking/airflow/.venv/lib/python3.12/site-packages/airflow/example_dags/example_short_circuit_operator.py
[2025-11-22T21:17:07.664+0500] {logging_mixin.py:190} INFO - [2025-11-22T21:17:07.662+0500] {dag.py:3239} INFO - Sync 1 DAGs
[2025-11-22T21:17:07.680+0500] {logging_mixin.py:190} INFO - [2025-11-22T21:17:07.679+0500] {dag.py:4180} INFO - Setting next_dagrun for example_short_circuit_operator to None, run_after=None
[2025-11-22T21:17:07.739+0500] {processor.py:208} INFO - Processing /mnt/c/Users/Raj/OneDrive - Åbo Akademi O365/banking/airflow/.venv/lib/python3.12/site-packages/airflow/example_dags/example_short_circuit_operator.py took 0.188 seconds
[2025-11-22T21:18:51.070+0500] {processor.py:186} INFO - Started process (PID=68803) to work on /mnt/c/Users/Raj/OneDrive - Åbo Akademi O365/banking/airflow/.venv/lib/python3.12/site-packages/airflow/example_dags/example_short_circuit_operator.py
[2025-11-22T21:18:51.072+0500] {processor.py:914} INFO - Processing file /mnt/c/Users/Raj/OneDrive - Åbo Akademi O365/banking/airflow/.venv/lib/python3.12/site-packages/airflow/example_dags/example_short_circuit_operator.py for tasks to queue
[2025-11-22T21:18:51.076+0500] {logging_mixin.py:190} INFO - [2025-11-22T21:18:51.075+0500] {dagbag.py:588} INFO - Filling up the DagBag from /mnt/c/Users/Raj/OneDrive - Åbo Akademi O365/banking/airflow/.venv/lib/python3.12/site-packages/airflow/example_dags/example_short_circuit_operator.py
[2025-11-22T21:18:51.107+0500] {processor.py:925} INFO - DAG(s) 'example_short_circuit_operator' retrieved from /mnt/c/Users/Raj/OneDrive - Åbo Akademi O365/banking/airflow/.venv/lib/python3.12/site-packages/airflow/example_dags/example_short_circuit_operator.py
[2025-11-22T21:18:51.151+0500] {logging_mixin.py:190} INFO - [2025-11-22T21:18:51.150+0500] {dag.py:3239} INFO - Sync 1 DAGs
[2025-11-22T21:18:51.170+0500] {logging_mixin.py:190} INFO - [2025-11-22T21:18:51.168+0500] {dag.py:4180} INFO - Setting next_dagrun for example_short_circuit_operator to None, run_after=None
[2025-11-22T21:18:51.250+0500] {processor.py:208} INFO - Processing /mnt/c/Users/Raj/OneDrive - Åbo Akademi O365/banking/airflow/.venv/lib/python3.12/site-packages/airflow/example_dags/example_short_circuit_operator.py took 0.200 seconds
[2025-11-22T21:20:32.247+0500] {processor.py:186} INFO - Started process (PID=68883) to work on /mnt/c/Users/Raj/OneDrive - Åbo Akademi O365/banking/airflow/.venv/lib/python3.12/site-packages/airflow/example_dags/example_short_circuit_operator.py
[2025-11-22T21:20:32.249+0500] {processor.py:914} INFO - Processing file /mnt/c/Users/Raj/OneDrive - Åbo Akademi O365/banking/airflow/.venv/lib/python3.12/site-packages/airflow/example_dags/example_short_circuit_operator.py for tasks to queue
[2025-11-22T21:20:32.252+0500] {logging_mixin.py:190} INFO - [2025-11-22T21:20:32.251+0500] {dagbag.py:588} INFO - Filling up the DagBag from /mnt/c/Users/Raj/OneDrive - Åbo Akademi O365/banking/airflow/.venv/lib/python3.12/site-packages/airflow/example_dags/example_short_circuit_operator.py
[2025-11-22T21:20:32.277+0500] {processor.py:925} INFO - DAG(s) 'example_short_circuit_operator' retrieved from /mnt/c/Users/Raj/OneDrive - Åbo Akademi O365/banking/airflow/.venv/lib/python3.12/site-packages/airflow/example_dags/example_short_circuit_operator.py
[2025-11-22T21:20:32.316+0500] {logging_mixin.py:190} INFO - [2025-11-22T21:20:32.315+0500] {dag.py:3239} INFO - Sync 1 DAGs
[2025-11-22T21:20:32.332+0500] {logging_mixin.py:190} INFO - [2025-11-22T21:20:32.331+0500] {dag.py:4180} INFO - Setting next_dagrun for example_short_circuit_operator to None, run_after=None
[2025-11-22T21:20:32.406+0500] {processor.py:208} INFO - Processing /mnt/c/Users/Raj/OneDrive - Åbo Akademi O365/banking/airflow/.venv/lib/python3.12/site-packages/airflow/example_dags/example_short_circuit_operator.py took 0.176 seconds
[2025-11-22T21:22:20.215+0500] {processor.py:186} INFO - Started process (PID=68967) to work on /mnt/c/Users/Raj/OneDrive - Åbo Akademi O365/banking/airflow/.venv/lib/python3.12/site-packages/airflow/example_dags/example_short_circuit_operator.py
[2025-11-22T21:22:20.217+0500] {processor.py:914} INFO - Processing file /mnt/c/Users/Raj/OneDrive - Åbo Akademi O365/banking/airflow/.venv/lib/python3.12/site-packages/airflow/example_dags/example_short_circuit_operator.py for tasks to queue
[2025-11-22T21:22:20.220+0500] {logging_mixin.py:190} INFO - [2025-11-22T21:22:20.219+0500] {dagbag.py:588} INFO - Filling up the DagBag from /mnt/c/Users/Raj/OneDrive - Åbo Akademi O365/banking/airflow/.venv/lib/python3.12/site-packages/airflow/example_dags/example_short_circuit_operator.py
[2025-11-22T21:22:20.252+0500] {processor.py:925} INFO - DAG(s) 'example_short_circuit_operator' retrieved from /mnt/c/Users/Raj/OneDrive - Åbo Akademi O365/banking/airflow/.venv/lib/python3.12/site-packages/airflow/example_dags/example_short_circuit_operator.py
[2025-11-22T21:22:20.303+0500] {logging_mixin.py:190} INFO - [2025-11-22T21:22:20.302+0500] {dag.py:3239} INFO - Sync 1 DAGs
[2025-11-22T21:22:20.334+0500] {logging_mixin.py:190} INFO - [2025-11-22T21:22:20.332+0500] {dag.py:4180} INFO - Setting next_dagrun for example_short_circuit_operator to None, run_after=None
[2025-11-22T21:22:20.406+0500] {processor.py:208} INFO - Processing /mnt/c/Users/Raj/OneDrive - Åbo Akademi O365/banking/airflow/.venv/lib/python3.12/site-packages/airflow/example_dags/example_short_circuit_operator.py took 0.211 seconds
[2025-11-22T21:24:02.314+0500] {processor.py:186} INFO - Started process (PID=69043) to work on /mnt/c/Users/Raj/OneDrive - Åbo Akademi O365/banking/airflow/.venv/lib/python3.12/site-packages/airflow/example_dags/example_short_circuit_operator.py
[2025-11-22T21:24:02.316+0500] {processor.py:914} INFO - Processing file /mnt/c/Users/Raj/OneDrive - Åbo Akademi O365/banking/airflow/.venv/lib/python3.12/site-packages/airflow/example_dags/example_short_circuit_operator.py for tasks to queue
[2025-11-22T21:24:02.320+0500] {logging_mixin.py:190} INFO - [2025-11-22T21:24:02.319+0500] {dagbag.py:588} INFO - Filling up the DagBag from /mnt/c/Users/Raj/OneDrive - Åbo Akademi O365/banking/airflow/.venv/lib/python3.12/site-packages/airflow/example_dags/example_short_circuit_operator.py
[2025-11-22T21:24:02.353+0500] {processor.py:925} INFO - DAG(s) 'example_short_circuit_operator' retrieved from /mnt/c/Users/Raj/OneDrive - Åbo Akademi O365/banking/airflow/.venv/lib/python3.12/site-packages/airflow/example_dags/example_short_circuit_operator.py
[2025-11-22T21:24:02.402+0500] {logging_mixin.py:190} INFO - [2025-11-22T21:24:02.401+0500] {dag.py:3239} INFO - Sync 1 DAGs
[2025-11-22T21:24:02.418+0500] {logging_mixin.py:190} INFO - [2025-11-22T21:24:02.417+0500] {dag.py:4180} INFO - Setting next_dagrun for example_short_circuit_operator to None, run_after=None
[2025-11-22T21:24:02.486+0500] {processor.py:208} INFO - Processing /mnt/c/Users/Raj/OneDrive - Åbo Akademi O365/banking/airflow/.venv/lib/python3.12/site-packages/airflow/example_dags/example_short_circuit_operator.py took 0.195 seconds
