[2025-11-22T20:15:35.415+0500] {processor.py:186} INFO - Started process (PID=65737) to work on /mnt/c/Users/Raj/OneDrive - Åbo Akademi O365/banking/airflow/.venv/lib/python3.12/site-packages/airflow/example_dags/example_sensors.py
[2025-11-22T20:15:35.417+0500] {processor.py:914} INFO - Processing file /mnt/c/Users/Raj/OneDrive - Åbo Akademi O365/banking/airflow/.venv/lib/python3.12/site-packages/airflow/example_dags/example_sensors.py for tasks to queue
[2025-11-22T20:15:35.421+0500] {logging_mixin.py:190} INFO - [2025-11-22T20:15:35.420+0500] {dagbag.py:588} INFO - Filling up the DagBag from /mnt/c/Users/Raj/OneDrive - Åbo Akademi O365/banking/airflow/.venv/lib/python3.12/site-packages/airflow/example_dags/example_sensors.py
[2025-11-22T20:15:35.450+0500] {processor.py:925} INFO - DAG(s) 'example_sensors' retrieved from /mnt/c/Users/Raj/OneDrive - Åbo Akademi O365/banking/airflow/.venv/lib/python3.12/site-packages/airflow/example_dags/example_sensors.py
[2025-11-22T20:15:35.488+0500] {logging_mixin.py:190} INFO - [2025-11-22T20:15:35.487+0500] {dag.py:3239} INFO - Sync 1 DAGs
[2025-11-22T20:15:35.503+0500] {logging_mixin.py:190} INFO - [2025-11-22T20:15:35.502+0500] {dag.py:4180} INFO - Setting next_dagrun for example_sensors to None, run_after=None
[2025-11-22T20:15:35.568+0500] {processor.py:208} INFO - Processing /mnt/c/Users/Raj/OneDrive - Åbo Akademi O365/banking/airflow/.venv/lib/python3.12/site-packages/airflow/example_dags/example_sensors.py took 0.172 seconds
[2025-11-22T20:17:26.016+0500] {processor.py:186} INFO - Started process (PID=65835) to work on /mnt/c/Users/Raj/OneDrive - Åbo Akademi O365/banking/airflow/.venv/lib/python3.12/site-packages/airflow/example_dags/example_sensors.py
[2025-11-22T20:17:26.018+0500] {processor.py:914} INFO - Processing file /mnt/c/Users/Raj/OneDrive - Åbo Akademi O365/banking/airflow/.venv/lib/python3.12/site-packages/airflow/example_dags/example_sensors.py for tasks to queue
[2025-11-22T20:17:26.022+0500] {logging_mixin.py:190} INFO - [2025-11-22T20:17:26.020+0500] {dagbag.py:588} INFO - Filling up the DagBag from /mnt/c/Users/Raj/OneDrive - Åbo Akademi O365/banking/airflow/.venv/lib/python3.12/site-packages/airflow/example_dags/example_sensors.py
[2025-11-22T20:17:26.052+0500] {processor.py:925} INFO - DAG(s) 'example_sensors' retrieved from /mnt/c/Users/Raj/OneDrive - Åbo Akademi O365/banking/airflow/.venv/lib/python3.12/site-packages/airflow/example_dags/example_sensors.py
[2025-11-22T20:17:26.093+0500] {logging_mixin.py:190} INFO - [2025-11-22T20:17:26.092+0500] {dag.py:3239} INFO - Sync 1 DAGs
[2025-11-22T20:17:26.112+0500] {logging_mixin.py:190} INFO - [2025-11-22T20:17:26.111+0500] {dag.py:4180} INFO - Setting next_dagrun for example_sensors to None, run_after=None
[2025-11-22T20:17:26.196+0500] {processor.py:208} INFO - Processing /mnt/c/Users/Raj/OneDrive - Åbo Akademi O365/banking/airflow/.venv/lib/python3.12/site-packages/airflow/example_dags/example_sensors.py took 0.195 seconds
[2025-11-22T20:20:40.327+0500] {processor.py:186} INFO - Started process (PID=65922) to work on /mnt/c/Users/Raj/OneDrive - Åbo Akademi O365/banking/airflow/.venv/lib/python3.12/site-packages/airflow/example_dags/example_sensors.py
[2025-11-22T20:20:40.329+0500] {processor.py:914} INFO - Processing file /mnt/c/Users/Raj/OneDrive - Åbo Akademi O365/banking/airflow/.venv/lib/python3.12/site-packages/airflow/example_dags/example_sensors.py for tasks to queue
[2025-11-22T20:20:40.334+0500] {logging_mixin.py:190} INFO - [2025-11-22T20:20:40.332+0500] {dagbag.py:588} INFO - Filling up the DagBag from /mnt/c/Users/Raj/OneDrive - Åbo Akademi O365/banking/airflow/.venv/lib/python3.12/site-packages/airflow/example_dags/example_sensors.py
[2025-11-22T20:20:40.417+0500] {processor.py:925} INFO - DAG(s) 'example_sensors' retrieved from /mnt/c/Users/Raj/OneDrive - Åbo Akademi O365/banking/airflow/.venv/lib/python3.12/site-packages/airflow/example_dags/example_sensors.py
[2025-11-22T20:20:40.469+0500] {logging_mixin.py:190} INFO - [2025-11-22T20:20:40.468+0500] {dag.py:3239} INFO - Sync 1 DAGs
[2025-11-22T20:20:40.488+0500] {logging_mixin.py:190} INFO - [2025-11-22T20:20:40.487+0500] {dag.py:4180} INFO - Setting next_dagrun for example_sensors to None, run_after=None
[2025-11-22T20:20:40.570+0500] {processor.py:208} INFO - Processing /mnt/c/Users/Raj/OneDrive - Åbo Akademi O365/banking/airflow/.venv/lib/python3.12/site-packages/airflow/example_dags/example_sensors.py took 0.256 seconds
[2025-11-22T20:22:23.082+0500] {processor.py:186} INFO - Started process (PID=66014) to work on /mnt/c/Users/Raj/OneDrive - Åbo Akademi O365/banking/airflow/.venv/lib/python3.12/site-packages/airflow/example_dags/example_sensors.py
[2025-11-22T20:22:23.084+0500] {processor.py:914} INFO - Processing file /mnt/c/Users/Raj/OneDrive - Åbo Akademi O365/banking/airflow/.venv/lib/python3.12/site-packages/airflow/example_dags/example_sensors.py for tasks to queue
[2025-11-22T20:22:23.089+0500] {logging_mixin.py:190} INFO - [2025-11-22T20:22:23.088+0500] {dagbag.py:588} INFO - Filling up the DagBag from /mnt/c/Users/Raj/OneDrive - Åbo Akademi O365/banking/airflow/.venv/lib/python3.12/site-packages/airflow/example_dags/example_sensors.py
[2025-11-22T20:22:23.190+0500] {processor.py:925} INFO - DAG(s) 'example_sensors' retrieved from /mnt/c/Users/Raj/OneDrive - Åbo Akademi O365/banking/airflow/.venv/lib/python3.12/site-packages/airflow/example_dags/example_sensors.py
[2025-11-22T20:22:23.242+0500] {logging_mixin.py:190} INFO - [2025-11-22T20:22:23.240+0500] {dag.py:3239} INFO - Sync 1 DAGs
[2025-11-22T20:22:23.262+0500] {logging_mixin.py:190} INFO - [2025-11-22T20:22:23.261+0500] {dag.py:4180} INFO - Setting next_dagrun for example_sensors to None, run_after=None
[2025-11-22T20:22:23.352+0500] {processor.py:208} INFO - Processing /mnt/c/Users/Raj/OneDrive - Åbo Akademi O365/banking/airflow/.venv/lib/python3.12/site-packages/airflow/example_dags/example_sensors.py took 0.293 seconds
[2025-11-22T20:24:23.970+0500] {processor.py:186} INFO - Started process (PID=66106) to work on /mnt/c/Users/Raj/OneDrive - Åbo Akademi O365/banking/airflow/.venv/lib/python3.12/site-packages/airflow/example_dags/example_sensors.py
[2025-11-22T20:24:23.973+0500] {processor.py:914} INFO - Processing file /mnt/c/Users/Raj/OneDrive - Åbo Akademi O365/banking/airflow/.venv/lib/python3.12/site-packages/airflow/example_dags/example_sensors.py for tasks to queue
[2025-11-22T20:24:23.981+0500] {logging_mixin.py:190} INFO - [2025-11-22T20:24:23.979+0500] {dagbag.py:588} INFO - Filling up the DagBag from /mnt/c/Users/Raj/OneDrive - Åbo Akademi O365/banking/airflow/.venv/lib/python3.12/site-packages/airflow/example_dags/example_sensors.py
[2025-11-22T20:24:24.106+0500] {processor.py:925} INFO - DAG(s) 'example_sensors' retrieved from /mnt/c/Users/Raj/OneDrive - Åbo Akademi O365/banking/airflow/.venv/lib/python3.12/site-packages/airflow/example_dags/example_sensors.py
[2025-11-22T20:24:24.187+0500] {logging_mixin.py:190} INFO - [2025-11-22T20:24:24.186+0500] {dag.py:3239} INFO - Sync 1 DAGs
[2025-11-22T20:24:24.214+0500] {logging_mixin.py:190} INFO - [2025-11-22T20:24:24.213+0500] {dag.py:4180} INFO - Setting next_dagrun for example_sensors to None, run_after=None
[2025-11-22T20:24:24.296+0500] {processor.py:208} INFO - Processing /mnt/c/Users/Raj/OneDrive - Åbo Akademi O365/banking/airflow/.venv/lib/python3.12/site-packages/airflow/example_dags/example_sensors.py took 0.347 seconds
[2025-11-22T20:27:53.897+0500] {processor.py:186} INFO - Started process (PID=66248) to work on /mnt/c/Users/Raj/OneDrive - Åbo Akademi O365/banking/airflow/.venv/lib/python3.12/site-packages/airflow/example_dags/example_sensors.py
[2025-11-22T20:27:53.900+0500] {processor.py:914} INFO - Processing file /mnt/c/Users/Raj/OneDrive - Åbo Akademi O365/banking/airflow/.venv/lib/python3.12/site-packages/airflow/example_dags/example_sensors.py for tasks to queue
[2025-11-22T20:27:53.904+0500] {logging_mixin.py:190} INFO - [2025-11-22T20:27:53.902+0500] {dagbag.py:588} INFO - Filling up the DagBag from /mnt/c/Users/Raj/OneDrive - Åbo Akademi O365/banking/airflow/.venv/lib/python3.12/site-packages/airflow/example_dags/example_sensors.py
[2025-11-22T20:27:53.946+0500] {processor.py:925} INFO - DAG(s) 'example_sensors' retrieved from /mnt/c/Users/Raj/OneDrive - Åbo Akademi O365/banking/airflow/.venv/lib/python3.12/site-packages/airflow/example_dags/example_sensors.py
[2025-11-22T20:27:54.023+0500] {logging_mixin.py:190} INFO - [2025-11-22T20:27:54.021+0500] {dag.py:3239} INFO - Sync 1 DAGs
[2025-11-22T20:27:54.052+0500] {logging_mixin.py:190} INFO - [2025-11-22T20:27:54.051+0500] {dag.py:4180} INFO - Setting next_dagrun for example_sensors to None, run_after=None
[2025-11-22T20:27:54.136+0500] {processor.py:208} INFO - Processing /mnt/c/Users/Raj/OneDrive - Åbo Akademi O365/banking/airflow/.venv/lib/python3.12/site-packages/airflow/example_dags/example_sensors.py took 0.258 seconds
[2025-11-22T20:29:18.421+0500] {processor.py:186} INFO - Started process (PID=66337) to work on /mnt/c/Users/Raj/OneDrive - Åbo Akademi O365/banking/airflow/.venv/lib/python3.12/site-packages/airflow/example_dags/example_sensors.py
[2025-11-22T20:29:18.423+0500] {processor.py:914} INFO - Processing file /mnt/c/Users/Raj/OneDrive - Åbo Akademi O365/banking/airflow/.venv/lib/python3.12/site-packages/airflow/example_dags/example_sensors.py for tasks to queue
[2025-11-22T20:29:18.428+0500] {logging_mixin.py:190} INFO - [2025-11-22T20:29:18.426+0500] {dagbag.py:588} INFO - Filling up the DagBag from /mnt/c/Users/Raj/OneDrive - Åbo Akademi O365/banking/airflow/.venv/lib/python3.12/site-packages/airflow/example_dags/example_sensors.py
[2025-11-22T20:29:18.465+0500] {processor.py:925} INFO - DAG(s) 'example_sensors' retrieved from /mnt/c/Users/Raj/OneDrive - Åbo Akademi O365/banking/airflow/.venv/lib/python3.12/site-packages/airflow/example_dags/example_sensors.py
[2025-11-22T20:29:18.516+0500] {logging_mixin.py:190} INFO - [2025-11-22T20:29:18.515+0500] {dag.py:3239} INFO - Sync 1 DAGs
[2025-11-22T20:29:18.544+0500] {logging_mixin.py:190} INFO - [2025-11-22T20:29:18.542+0500] {dag.py:4180} INFO - Setting next_dagrun for example_sensors to None, run_after=None
[2025-11-22T20:29:18.646+0500] {processor.py:208} INFO - Processing /mnt/c/Users/Raj/OneDrive - Åbo Akademi O365/banking/airflow/.venv/lib/python3.12/site-packages/airflow/example_dags/example_sensors.py took 0.242 seconds
[2025-11-22T20:32:04.977+0500] {processor.py:186} INFO - Started process (PID=66467) to work on /mnt/c/Users/Raj/OneDrive - Åbo Akademi O365/banking/airflow/.venv/lib/python3.12/site-packages/airflow/example_dags/example_sensors.py
[2025-11-22T20:32:04.980+0500] {processor.py:914} INFO - Processing file /mnt/c/Users/Raj/OneDrive - Åbo Akademi O365/banking/airflow/.venv/lib/python3.12/site-packages/airflow/example_dags/example_sensors.py for tasks to queue
[2025-11-22T20:32:04.984+0500] {logging_mixin.py:190} INFO - [2025-11-22T20:32:04.982+0500] {dagbag.py:588} INFO - Filling up the DagBag from /mnt/c/Users/Raj/OneDrive - Åbo Akademi O365/banking/airflow/.venv/lib/python3.12/site-packages/airflow/example_dags/example_sensors.py
[2025-11-22T20:32:05.024+0500] {processor.py:925} INFO - DAG(s) 'example_sensors' retrieved from /mnt/c/Users/Raj/OneDrive - Åbo Akademi O365/banking/airflow/.venv/lib/python3.12/site-packages/airflow/example_dags/example_sensors.py
[2025-11-22T20:32:05.064+0500] {logging_mixin.py:190} INFO - [2025-11-22T20:32:05.063+0500] {dag.py:3239} INFO - Sync 1 DAGs
[2025-11-22T20:32:05.081+0500] {logging_mixin.py:190} INFO - [2025-11-22T20:32:05.080+0500] {dag.py:4180} INFO - Setting next_dagrun for example_sensors to None, run_after=None
[2025-11-22T20:32:05.162+0500] {processor.py:208} INFO - Processing /mnt/c/Users/Raj/OneDrive - Åbo Akademi O365/banking/airflow/.venv/lib/python3.12/site-packages/airflow/example_dags/example_sensors.py took 0.206 seconds
[2025-11-22T20:33:36.006+0500] {processor.py:186} INFO - Started process (PID=66540) to work on /mnt/c/Users/Raj/OneDrive - Åbo Akademi O365/banking/airflow/.venv/lib/python3.12/site-packages/airflow/example_dags/example_sensors.py
[2025-11-22T20:33:36.008+0500] {processor.py:914} INFO - Processing file /mnt/c/Users/Raj/OneDrive - Åbo Akademi O365/banking/airflow/.venv/lib/python3.12/site-packages/airflow/example_dags/example_sensors.py for tasks to queue
[2025-11-22T20:33:36.012+0500] {logging_mixin.py:190} INFO - [2025-11-22T20:33:36.011+0500] {dagbag.py:588} INFO - Filling up the DagBag from /mnt/c/Users/Raj/OneDrive - Åbo Akademi O365/banking/airflow/.venv/lib/python3.12/site-packages/airflow/example_dags/example_sensors.py
[2025-11-22T20:33:36.052+0500] {processor.py:925} INFO - DAG(s) 'example_sensors' retrieved from /mnt/c/Users/Raj/OneDrive - Åbo Akademi O365/banking/airflow/.venv/lib/python3.12/site-packages/airflow/example_dags/example_sensors.py
[2025-11-22T20:33:36.167+0500] {logging_mixin.py:190} INFO - [2025-11-22T20:33:36.166+0500] {dag.py:3239} INFO - Sync 1 DAGs
[2025-11-22T20:33:36.208+0500] {logging_mixin.py:190} INFO - [2025-11-22T20:33:36.206+0500] {dag.py:4180} INFO - Setting next_dagrun for example_sensors to None, run_after=None
[2025-11-22T20:33:36.348+0500] {processor.py:208} INFO - Processing /mnt/c/Users/Raj/OneDrive - Åbo Akademi O365/banking/airflow/.venv/lib/python3.12/site-packages/airflow/example_dags/example_sensors.py took 0.361 seconds
[2025-11-22T20:34:51.646+0500] {processor.py:186} INFO - Started process (PID=66602) to work on /mnt/c/Users/Raj/OneDrive - Åbo Akademi O365/banking/airflow/.venv/lib/python3.12/site-packages/airflow/example_dags/example_sensors.py
[2025-11-22T20:34:51.649+0500] {processor.py:914} INFO - Processing file /mnt/c/Users/Raj/OneDrive - Åbo Akademi O365/banking/airflow/.venv/lib/python3.12/site-packages/airflow/example_dags/example_sensors.py for tasks to queue
[2025-11-22T20:34:51.654+0500] {logging_mixin.py:190} INFO - [2025-11-22T20:34:51.652+0500] {dagbag.py:588} INFO - Filling up the DagBag from /mnt/c/Users/Raj/OneDrive - Åbo Akademi O365/banking/airflow/.venv/lib/python3.12/site-packages/airflow/example_dags/example_sensors.py
[2025-11-22T20:34:51.707+0500] {processor.py:925} INFO - DAG(s) 'example_sensors' retrieved from /mnt/c/Users/Raj/OneDrive - Åbo Akademi O365/banking/airflow/.venv/lib/python3.12/site-packages/airflow/example_dags/example_sensors.py
[2025-11-22T20:34:51.811+0500] {logging_mixin.py:190} INFO - [2025-11-22T20:34:51.810+0500] {dag.py:3239} INFO - Sync 1 DAGs
[2025-11-22T20:34:51.839+0500] {logging_mixin.py:190} INFO - [2025-11-22T20:34:51.835+0500] {dag.py:4180} INFO - Setting next_dagrun for example_sensors to None, run_after=None
[2025-11-22T20:34:51.927+0500] {processor.py:208} INFO - Processing /mnt/c/Users/Raj/OneDrive - Åbo Akademi O365/banking/airflow/.venv/lib/python3.12/site-packages/airflow/example_dags/example_sensors.py took 0.300 seconds
[2025-11-22T20:37:24.975+0500] {processor.py:186} INFO - Started process (PID=66705) to work on /mnt/c/Users/Raj/OneDrive - Åbo Akademi O365/banking/airflow/.venv/lib/python3.12/site-packages/airflow/example_dags/example_sensors.py
[2025-11-22T20:37:24.977+0500] {processor.py:914} INFO - Processing file /mnt/c/Users/Raj/OneDrive - Åbo Akademi O365/banking/airflow/.venv/lib/python3.12/site-packages/airflow/example_dags/example_sensors.py for tasks to queue
[2025-11-22T20:37:24.985+0500] {logging_mixin.py:190} INFO - [2025-11-22T20:37:24.981+0500] {dagbag.py:588} INFO - Filling up the DagBag from /mnt/c/Users/Raj/OneDrive - Åbo Akademi O365/banking/airflow/.venv/lib/python3.12/site-packages/airflow/example_dags/example_sensors.py
[2025-11-22T20:37:25.022+0500] {processor.py:925} INFO - DAG(s) 'example_sensors' retrieved from /mnt/c/Users/Raj/OneDrive - Åbo Akademi O365/banking/airflow/.venv/lib/python3.12/site-packages/airflow/example_dags/example_sensors.py
[2025-11-22T20:37:25.071+0500] {logging_mixin.py:190} INFO - [2025-11-22T20:37:25.069+0500] {dag.py:3239} INFO - Sync 1 DAGs
[2025-11-22T20:37:25.106+0500] {logging_mixin.py:190} INFO - [2025-11-22T20:37:25.104+0500] {dag.py:4180} INFO - Setting next_dagrun for example_sensors to None, run_after=None
[2025-11-22T20:37:25.231+0500] {processor.py:208} INFO - Processing /mnt/c/Users/Raj/OneDrive - Åbo Akademi O365/banking/airflow/.venv/lib/python3.12/site-packages/airflow/example_dags/example_sensors.py took 0.276 seconds
[2025-11-22T20:39:23.830+0500] {processor.py:186} INFO - Started process (PID=66834) to work on /mnt/c/Users/Raj/OneDrive - Åbo Akademi O365/banking/airflow/.venv/lib/python3.12/site-packages/airflow/example_dags/example_sensors.py
[2025-11-22T20:39:23.832+0500] {processor.py:914} INFO - Processing file /mnt/c/Users/Raj/OneDrive - Åbo Akademi O365/banking/airflow/.venv/lib/python3.12/site-packages/airflow/example_dags/example_sensors.py for tasks to queue
[2025-11-22T20:39:23.836+0500] {logging_mixin.py:190} INFO - [2025-11-22T20:39:23.835+0500] {dagbag.py:588} INFO - Filling up the DagBag from /mnt/c/Users/Raj/OneDrive - Åbo Akademi O365/banking/airflow/.venv/lib/python3.12/site-packages/airflow/example_dags/example_sensors.py
[2025-11-22T20:39:23.867+0500] {processor.py:925} INFO - DAG(s) 'example_sensors' retrieved from /mnt/c/Users/Raj/OneDrive - Åbo Akademi O365/banking/airflow/.venv/lib/python3.12/site-packages/airflow/example_dags/example_sensors.py
[2025-11-22T20:39:23.907+0500] {logging_mixin.py:190} INFO - [2025-11-22T20:39:23.906+0500] {dag.py:3239} INFO - Sync 1 DAGs
[2025-11-22T20:39:23.923+0500] {logging_mixin.py:190} INFO - [2025-11-22T20:39:23.922+0500] {dag.py:4180} INFO - Setting next_dagrun for example_sensors to None, run_after=None
[2025-11-22T20:39:23.998+0500] {processor.py:208} INFO - Processing /mnt/c/Users/Raj/OneDrive - Åbo Akademi O365/banking/airflow/.venv/lib/python3.12/site-packages/airflow/example_dags/example_sensors.py took 0.185 seconds
[2025-11-22T20:41:09.174+0500] {processor.py:186} INFO - Started process (PID=66947) to work on /mnt/c/Users/Raj/OneDrive - Åbo Akademi O365/banking/airflow/.venv/lib/python3.12/site-packages/airflow/example_dags/example_sensors.py
[2025-11-22T20:41:09.177+0500] {processor.py:914} INFO - Processing file /mnt/c/Users/Raj/OneDrive - Åbo Akademi O365/banking/airflow/.venv/lib/python3.12/site-packages/airflow/example_dags/example_sensors.py for tasks to queue
[2025-11-22T20:41:09.181+0500] {logging_mixin.py:190} INFO - [2025-11-22T20:41:09.179+0500] {dagbag.py:588} INFO - Filling up the DagBag from /mnt/c/Users/Raj/OneDrive - Åbo Akademi O365/banking/airflow/.venv/lib/python3.12/site-packages/airflow/example_dags/example_sensors.py
[2025-11-22T20:41:09.224+0500] {processor.py:925} INFO - DAG(s) 'example_sensors' retrieved from /mnt/c/Users/Raj/OneDrive - Åbo Akademi O365/banking/airflow/.venv/lib/python3.12/site-packages/airflow/example_dags/example_sensors.py
[2025-11-22T20:41:09.275+0500] {logging_mixin.py:190} INFO - [2025-11-22T20:41:09.274+0500] {dag.py:3239} INFO - Sync 1 DAGs
[2025-11-22T20:41:09.295+0500] {logging_mixin.py:190} INFO - [2025-11-22T20:41:09.294+0500] {dag.py:4180} INFO - Setting next_dagrun for example_sensors to None, run_after=None
[2025-11-22T20:41:09.370+0500] {processor.py:208} INFO - Processing /mnt/c/Users/Raj/OneDrive - Åbo Akademi O365/banking/airflow/.venv/lib/python3.12/site-packages/airflow/example_dags/example_sensors.py took 0.213 seconds
[2025-11-22T20:43:31.635+0500] {processor.py:186} INFO - Started process (PID=67069) to work on /mnt/c/Users/Raj/OneDrive - Åbo Akademi O365/banking/airflow/.venv/lib/python3.12/site-packages/airflow/example_dags/example_sensors.py
[2025-11-22T20:43:31.638+0500] {processor.py:914} INFO - Processing file /mnt/c/Users/Raj/OneDrive - Åbo Akademi O365/banking/airflow/.venv/lib/python3.12/site-packages/airflow/example_dags/example_sensors.py for tasks to queue
[2025-11-22T20:43:31.642+0500] {logging_mixin.py:190} INFO - [2025-11-22T20:43:31.640+0500] {dagbag.py:588} INFO - Filling up the DagBag from /mnt/c/Users/Raj/OneDrive - Åbo Akademi O365/banking/airflow/.venv/lib/python3.12/site-packages/airflow/example_dags/example_sensors.py
[2025-11-22T20:43:31.684+0500] {processor.py:925} INFO - DAG(s) 'example_sensors' retrieved from /mnt/c/Users/Raj/OneDrive - Åbo Akademi O365/banking/airflow/.venv/lib/python3.12/site-packages/airflow/example_dags/example_sensors.py
[2025-11-22T20:43:31.742+0500] {logging_mixin.py:190} INFO - [2025-11-22T20:43:31.741+0500] {dag.py:3239} INFO - Sync 1 DAGs
[2025-11-22T20:43:31.766+0500] {logging_mixin.py:190} INFO - [2025-11-22T20:43:31.765+0500] {dag.py:4180} INFO - Setting next_dagrun for example_sensors to None, run_after=None
[2025-11-22T20:43:31.832+0500] {processor.py:208} INFO - Processing /mnt/c/Users/Raj/OneDrive - Åbo Akademi O365/banking/airflow/.venv/lib/python3.12/site-packages/airflow/example_dags/example_sensors.py took 0.218 seconds
[2025-11-22T20:45:08.229+0500] {processor.py:186} INFO - Started process (PID=67149) to work on /mnt/c/Users/Raj/OneDrive - Åbo Akademi O365/banking/airflow/.venv/lib/python3.12/site-packages/airflow/example_dags/example_sensors.py
[2025-11-22T20:45:08.232+0500] {processor.py:914} INFO - Processing file /mnt/c/Users/Raj/OneDrive - Åbo Akademi O365/banking/airflow/.venv/lib/python3.12/site-packages/airflow/example_dags/example_sensors.py for tasks to queue
[2025-11-22T20:45:08.236+0500] {logging_mixin.py:190} INFO - [2025-11-22T20:45:08.234+0500] {dagbag.py:588} INFO - Filling up the DagBag from /mnt/c/Users/Raj/OneDrive - Åbo Akademi O365/banking/airflow/.venv/lib/python3.12/site-packages/airflow/example_dags/example_sensors.py
[2025-11-22T20:45:08.275+0500] {processor.py:925} INFO - DAG(s) 'example_sensors' retrieved from /mnt/c/Users/Raj/OneDrive - Åbo Akademi O365/banking/airflow/.venv/lib/python3.12/site-packages/airflow/example_dags/example_sensors.py
[2025-11-22T20:45:08.327+0500] {logging_mixin.py:190} INFO - [2025-11-22T20:45:08.326+0500] {dag.py:3239} INFO - Sync 1 DAGs
[2025-11-22T20:45:08.350+0500] {logging_mixin.py:190} INFO - [2025-11-22T20:45:08.349+0500] {dag.py:4180} INFO - Setting next_dagrun for example_sensors to None, run_after=None
[2025-11-22T20:45:08.426+0500] {processor.py:208} INFO - Processing /mnt/c/Users/Raj/OneDrive - Åbo Akademi O365/banking/airflow/.venv/lib/python3.12/site-packages/airflow/example_dags/example_sensors.py took 0.214 seconds
[2025-11-22T20:46:47.458+0500] {processor.py:186} INFO - Started process (PID=67221) to work on /mnt/c/Users/Raj/OneDrive - Åbo Akademi O365/banking/airflow/.venv/lib/python3.12/site-packages/airflow/example_dags/example_sensors.py
[2025-11-22T20:46:47.460+0500] {processor.py:914} INFO - Processing file /mnt/c/Users/Raj/OneDrive - Åbo Akademi O365/banking/airflow/.venv/lib/python3.12/site-packages/airflow/example_dags/example_sensors.py for tasks to queue
[2025-11-22T20:46:47.464+0500] {logging_mixin.py:190} INFO - [2025-11-22T20:46:47.462+0500] {dagbag.py:588} INFO - Filling up the DagBag from /mnt/c/Users/Raj/OneDrive - Åbo Akademi O365/banking/airflow/.venv/lib/python3.12/site-packages/airflow/example_dags/example_sensors.py
[2025-11-22T20:46:47.493+0500] {processor.py:925} INFO - DAG(s) 'example_sensors' retrieved from /mnt/c/Users/Raj/OneDrive - Åbo Akademi O365/banking/airflow/.venv/lib/python3.12/site-packages/airflow/example_dags/example_sensors.py
[2025-11-22T20:46:47.539+0500] {logging_mixin.py:190} INFO - [2025-11-22T20:46:47.538+0500] {dag.py:3239} INFO - Sync 1 DAGs
[2025-11-22T20:46:47.558+0500] {logging_mixin.py:190} INFO - [2025-11-22T20:46:47.557+0500] {dag.py:4180} INFO - Setting next_dagrun for example_sensors to None, run_after=None
[2025-11-22T20:46:47.636+0500] {processor.py:208} INFO - Processing /mnt/c/Users/Raj/OneDrive - Åbo Akademi O365/banking/airflow/.venv/lib/python3.12/site-packages/airflow/example_dags/example_sensors.py took 0.194 seconds
[2025-11-22T20:48:30.382+0500] {processor.py:186} INFO - Started process (PID=67301) to work on /mnt/c/Users/Raj/OneDrive - Åbo Akademi O365/banking/airflow/.venv/lib/python3.12/site-packages/airflow/example_dags/example_sensors.py
[2025-11-22T20:48:30.384+0500] {processor.py:914} INFO - Processing file /mnt/c/Users/Raj/OneDrive - Åbo Akademi O365/banking/airflow/.venv/lib/python3.12/site-packages/airflow/example_dags/example_sensors.py for tasks to queue
[2025-11-22T20:48:30.388+0500] {logging_mixin.py:190} INFO - [2025-11-22T20:48:30.386+0500] {dagbag.py:588} INFO - Filling up the DagBag from /mnt/c/Users/Raj/OneDrive - Åbo Akademi O365/banking/airflow/.venv/lib/python3.12/site-packages/airflow/example_dags/example_sensors.py
[2025-11-22T20:48:30.420+0500] {processor.py:925} INFO - DAG(s) 'example_sensors' retrieved from /mnt/c/Users/Raj/OneDrive - Åbo Akademi O365/banking/airflow/.venv/lib/python3.12/site-packages/airflow/example_dags/example_sensors.py
[2025-11-22T20:48:30.464+0500] {logging_mixin.py:190} INFO - [2025-11-22T20:48:30.463+0500] {dag.py:3239} INFO - Sync 1 DAGs
[2025-11-22T20:48:30.482+0500] {logging_mixin.py:190} INFO - [2025-11-22T20:48:30.481+0500] {dag.py:4180} INFO - Setting next_dagrun for example_sensors to None, run_after=None
[2025-11-22T20:48:30.561+0500] {processor.py:208} INFO - Processing /mnt/c/Users/Raj/OneDrive - Åbo Akademi O365/banking/airflow/.venv/lib/python3.12/site-packages/airflow/example_dags/example_sensors.py took 0.198 seconds
[2025-11-22T20:50:09.960+0500] {processor.py:186} INFO - Started process (PID=67381) to work on /mnt/c/Users/Raj/OneDrive - Åbo Akademi O365/banking/airflow/.venv/lib/python3.12/site-packages/airflow/example_dags/example_sensors.py
[2025-11-22T20:50:09.962+0500] {processor.py:914} INFO - Processing file /mnt/c/Users/Raj/OneDrive - Åbo Akademi O365/banking/airflow/.venv/lib/python3.12/site-packages/airflow/example_dags/example_sensors.py for tasks to queue
[2025-11-22T20:50:09.966+0500] {logging_mixin.py:190} INFO - [2025-11-22T20:50:09.964+0500] {dagbag.py:588} INFO - Filling up the DagBag from /mnt/c/Users/Raj/OneDrive - Åbo Akademi O365/banking/airflow/.venv/lib/python3.12/site-packages/airflow/example_dags/example_sensors.py
[2025-11-22T20:50:09.996+0500] {processor.py:925} INFO - DAG(s) 'example_sensors' retrieved from /mnt/c/Users/Raj/OneDrive - Åbo Akademi O365/banking/airflow/.venv/lib/python3.12/site-packages/airflow/example_dags/example_sensors.py
[2025-11-22T20:50:10.040+0500] {logging_mixin.py:190} INFO - [2025-11-22T20:50:10.038+0500] {dag.py:3239} INFO - Sync 1 DAGs
[2025-11-22T20:50:10.062+0500] {logging_mixin.py:190} INFO - [2025-11-22T20:50:10.061+0500] {dag.py:4180} INFO - Setting next_dagrun for example_sensors to None, run_after=None
[2025-11-22T20:50:10.130+0500] {processor.py:208} INFO - Processing /mnt/c/Users/Raj/OneDrive - Åbo Akademi O365/banking/airflow/.venv/lib/python3.12/site-packages/airflow/example_dags/example_sensors.py took 0.187 seconds
[2025-11-22T20:51:55.771+0500] {processor.py:186} INFO - Started process (PID=67464) to work on /mnt/c/Users/Raj/OneDrive - Åbo Akademi O365/banking/airflow/.venv/lib/python3.12/site-packages/airflow/example_dags/example_sensors.py
[2025-11-22T20:51:55.773+0500] {processor.py:914} INFO - Processing file /mnt/c/Users/Raj/OneDrive - Åbo Akademi O365/banking/airflow/.venv/lib/python3.12/site-packages/airflow/example_dags/example_sensors.py for tasks to queue
[2025-11-22T20:51:55.776+0500] {logging_mixin.py:190} INFO - [2025-11-22T20:51:55.775+0500] {dagbag.py:588} INFO - Filling up the DagBag from /mnt/c/Users/Raj/OneDrive - Åbo Akademi O365/banking/airflow/.venv/lib/python3.12/site-packages/airflow/example_dags/example_sensors.py
[2025-11-22T20:51:55.802+0500] {processor.py:925} INFO - DAG(s) 'example_sensors' retrieved from /mnt/c/Users/Raj/OneDrive - Åbo Akademi O365/banking/airflow/.venv/lib/python3.12/site-packages/airflow/example_dags/example_sensors.py
[2025-11-22T20:51:55.840+0500] {logging_mixin.py:190} INFO - [2025-11-22T20:51:55.839+0500] {dag.py:3239} INFO - Sync 1 DAGs
[2025-11-22T20:51:55.861+0500] {logging_mixin.py:190} INFO - [2025-11-22T20:51:55.860+0500] {dag.py:4180} INFO - Setting next_dagrun for example_sensors to None, run_after=None
[2025-11-22T20:51:55.927+0500] {processor.py:208} INFO - Processing /mnt/c/Users/Raj/OneDrive - Åbo Akademi O365/banking/airflow/.venv/lib/python3.12/site-packages/airflow/example_dags/example_sensors.py took 0.169 seconds
[2025-11-22T20:53:37.595+0500] {processor.py:186} INFO - Started process (PID=67547) to work on /mnt/c/Users/Raj/OneDrive - Åbo Akademi O365/banking/airflow/.venv/lib/python3.12/site-packages/airflow/example_dags/example_sensors.py
[2025-11-22T20:53:37.598+0500] {processor.py:914} INFO - Processing file /mnt/c/Users/Raj/OneDrive - Åbo Akademi O365/banking/airflow/.venv/lib/python3.12/site-packages/airflow/example_dags/example_sensors.py for tasks to queue
[2025-11-22T20:53:37.608+0500] {logging_mixin.py:190} INFO - [2025-11-22T20:53:37.606+0500] {dagbag.py:588} INFO - Filling up the DagBag from /mnt/c/Users/Raj/OneDrive - Åbo Akademi O365/banking/airflow/.venv/lib/python3.12/site-packages/airflow/example_dags/example_sensors.py
[2025-11-22T20:53:37.652+0500] {processor.py:925} INFO - DAG(s) 'example_sensors' retrieved from /mnt/c/Users/Raj/OneDrive - Åbo Akademi O365/banking/airflow/.venv/lib/python3.12/site-packages/airflow/example_dags/example_sensors.py
[2025-11-22T20:53:37.702+0500] {logging_mixin.py:190} INFO - [2025-11-22T20:53:37.701+0500] {dag.py:3239} INFO - Sync 1 DAGs
[2025-11-22T20:53:37.721+0500] {logging_mixin.py:190} INFO - [2025-11-22T20:53:37.720+0500] {dag.py:4180} INFO - Setting next_dagrun for example_sensors to None, run_after=None
[2025-11-22T20:53:37.811+0500] {processor.py:208} INFO - Processing /mnt/c/Users/Raj/OneDrive - Åbo Akademi O365/banking/airflow/.venv/lib/python3.12/site-packages/airflow/example_dags/example_sensors.py took 0.235 seconds
[2025-11-22T20:55:21.459+0500] {processor.py:186} INFO - Started process (PID=67710) to work on /mnt/c/Users/Raj/OneDrive - Åbo Akademi O365/banking/airflow/.venv/lib/python3.12/site-packages/airflow/example_dags/example_sensors.py
[2025-11-22T20:55:21.462+0500] {processor.py:914} INFO - Processing file /mnt/c/Users/Raj/OneDrive - Åbo Akademi O365/banking/airflow/.venv/lib/python3.12/site-packages/airflow/example_dags/example_sensors.py for tasks to queue
[2025-11-22T20:55:21.467+0500] {logging_mixin.py:190} INFO - [2025-11-22T20:55:21.465+0500] {dagbag.py:588} INFO - Filling up the DagBag from /mnt/c/Users/Raj/OneDrive - Åbo Akademi O365/banking/airflow/.venv/lib/python3.12/site-packages/airflow/example_dags/example_sensors.py
[2025-11-22T20:55:21.496+0500] {processor.py:925} INFO - DAG(s) 'example_sensors' retrieved from /mnt/c/Users/Raj/OneDrive - Åbo Akademi O365/banking/airflow/.venv/lib/python3.12/site-packages/airflow/example_dags/example_sensors.py
[2025-11-22T20:55:21.539+0500] {logging_mixin.py:190} INFO - [2025-11-22T20:55:21.537+0500] {dag.py:3239} INFO - Sync 1 DAGs
[2025-11-22T20:55:21.554+0500] {logging_mixin.py:190} INFO - [2025-11-22T20:55:21.553+0500] {dag.py:4180} INFO - Setting next_dagrun for example_sensors to None, run_after=None
[2025-11-22T20:55:21.624+0500] {processor.py:208} INFO - Processing /mnt/c/Users/Raj/OneDrive - Åbo Akademi O365/banking/airflow/.venv/lib/python3.12/site-packages/airflow/example_dags/example_sensors.py took 0.186 seconds
[2025-11-22T20:57:05.018+0500] {processor.py:186} INFO - Started process (PID=67787) to work on /mnt/c/Users/Raj/OneDrive - Åbo Akademi O365/banking/airflow/.venv/lib/python3.12/site-packages/airflow/example_dags/example_sensors.py
[2025-11-22T20:57:05.021+0500] {processor.py:914} INFO - Processing file /mnt/c/Users/Raj/OneDrive - Åbo Akademi O365/banking/airflow/.venv/lib/python3.12/site-packages/airflow/example_dags/example_sensors.py for tasks to queue
[2025-11-22T20:57:05.024+0500] {logging_mixin.py:190} INFO - [2025-11-22T20:57:05.022+0500] {dagbag.py:588} INFO - Filling up the DagBag from /mnt/c/Users/Raj/OneDrive - Åbo Akademi O365/banking/airflow/.venv/lib/python3.12/site-packages/airflow/example_dags/example_sensors.py
[2025-11-22T20:57:05.048+0500] {processor.py:925} INFO - DAG(s) 'example_sensors' retrieved from /mnt/c/Users/Raj/OneDrive - Åbo Akademi O365/banking/airflow/.venv/lib/python3.12/site-packages/airflow/example_dags/example_sensors.py
[2025-11-22T20:57:05.091+0500] {logging_mixin.py:190} INFO - [2025-11-22T20:57:05.090+0500] {dag.py:3239} INFO - Sync 1 DAGs
[2025-11-22T20:57:05.108+0500] {logging_mixin.py:190} INFO - [2025-11-22T20:57:05.107+0500] {dag.py:4180} INFO - Setting next_dagrun for example_sensors to None, run_after=None
[2025-11-22T20:57:05.168+0500] {processor.py:208} INFO - Processing /mnt/c/Users/Raj/OneDrive - Åbo Akademi O365/banking/airflow/.venv/lib/python3.12/site-packages/airflow/example_dags/example_sensors.py took 0.164 seconds
[2025-11-22T20:58:51.364+0500] {processor.py:186} INFO - Started process (PID=67868) to work on /mnt/c/Users/Raj/OneDrive - Åbo Akademi O365/banking/airflow/.venv/lib/python3.12/site-packages/airflow/example_dags/example_sensors.py
[2025-11-22T20:58:51.367+0500] {processor.py:914} INFO - Processing file /mnt/c/Users/Raj/OneDrive - Åbo Akademi O365/banking/airflow/.venv/lib/python3.12/site-packages/airflow/example_dags/example_sensors.py for tasks to queue
[2025-11-22T20:58:51.372+0500] {logging_mixin.py:190} INFO - [2025-11-22T20:58:51.370+0500] {dagbag.py:588} INFO - Filling up the DagBag from /mnt/c/Users/Raj/OneDrive - Åbo Akademi O365/banking/airflow/.venv/lib/python3.12/site-packages/airflow/example_dags/example_sensors.py
[2025-11-22T20:58:51.434+0500] {processor.py:925} INFO - DAG(s) 'example_sensors' retrieved from /mnt/c/Users/Raj/OneDrive - Åbo Akademi O365/banking/airflow/.venv/lib/python3.12/site-packages/airflow/example_dags/example_sensors.py
[2025-11-22T20:58:51.481+0500] {logging_mixin.py:190} INFO - [2025-11-22T20:58:51.479+0500] {dag.py:3239} INFO - Sync 1 DAGs
[2025-11-22T20:58:51.498+0500] {logging_mixin.py:190} INFO - [2025-11-22T20:58:51.497+0500] {dag.py:4180} INFO - Setting next_dagrun for example_sensors to None, run_after=None
[2025-11-22T20:58:51.564+0500] {processor.py:208} INFO - Processing /mnt/c/Users/Raj/OneDrive - Åbo Akademi O365/banking/airflow/.venv/lib/python3.12/site-packages/airflow/example_dags/example_sensors.py took 0.218 seconds
[2025-11-22T21:00:25.467+0500] {processor.py:186} INFO - Started process (PID=67946) to work on /mnt/c/Users/Raj/OneDrive - Åbo Akademi O365/banking/airflow/.venv/lib/python3.12/site-packages/airflow/example_dags/example_sensors.py
[2025-11-22T21:00:25.470+0500] {processor.py:914} INFO - Processing file /mnt/c/Users/Raj/OneDrive - Åbo Akademi O365/banking/airflow/.venv/lib/python3.12/site-packages/airflow/example_dags/example_sensors.py for tasks to queue
[2025-11-22T21:00:25.474+0500] {logging_mixin.py:190} INFO - [2025-11-22T21:00:25.472+0500] {dagbag.py:588} INFO - Filling up the DagBag from /mnt/c/Users/Raj/OneDrive - Åbo Akademi O365/banking/airflow/.venv/lib/python3.12/site-packages/airflow/example_dags/example_sensors.py
[2025-11-22T21:00:25.507+0500] {processor.py:925} INFO - DAG(s) 'example_sensors' retrieved from /mnt/c/Users/Raj/OneDrive - Åbo Akademi O365/banking/airflow/.venv/lib/python3.12/site-packages/airflow/example_dags/example_sensors.py
[2025-11-22T21:00:25.562+0500] {logging_mixin.py:190} INFO - [2025-11-22T21:00:25.560+0500] {dag.py:3239} INFO - Sync 1 DAGs
[2025-11-22T21:00:25.582+0500] {logging_mixin.py:190} INFO - [2025-11-22T21:00:25.581+0500] {dag.py:4180} INFO - Setting next_dagrun for example_sensors to None, run_after=None
[2025-11-22T21:00:25.850+0500] {processor.py:208} INFO - Processing /mnt/c/Users/Raj/OneDrive - Åbo Akademi O365/banking/airflow/.venv/lib/python3.12/site-packages/airflow/example_dags/example_sensors.py took 0.398 seconds
[2025-11-22T21:02:35.723+0500] {processor.py:186} INFO - Started process (PID=68048) to work on /mnt/c/Users/Raj/OneDrive - Åbo Akademi O365/banking/airflow/.venv/lib/python3.12/site-packages/airflow/example_dags/example_sensors.py
[2025-11-22T21:02:35.726+0500] {processor.py:914} INFO - Processing file /mnt/c/Users/Raj/OneDrive - Åbo Akademi O365/banking/airflow/.venv/lib/python3.12/site-packages/airflow/example_dags/example_sensors.py for tasks to queue
[2025-11-22T21:02:35.730+0500] {logging_mixin.py:190} INFO - [2025-11-22T21:02:35.728+0500] {dagbag.py:588} INFO - Filling up the DagBag from /mnt/c/Users/Raj/OneDrive - Åbo Akademi O365/banking/airflow/.venv/lib/python3.12/site-packages/airflow/example_dags/example_sensors.py
[2025-11-22T21:02:35.766+0500] {processor.py:925} INFO - DAG(s) 'example_sensors' retrieved from /mnt/c/Users/Raj/OneDrive - Åbo Akademi O365/banking/airflow/.venv/lib/python3.12/site-packages/airflow/example_dags/example_sensors.py
[2025-11-22T21:02:35.813+0500] {logging_mixin.py:190} INFO - [2025-11-22T21:02:35.812+0500] {dag.py:3239} INFO - Sync 1 DAGs
[2025-11-22T21:02:36.149+0500] {logging_mixin.py:190} INFO - [2025-11-22T21:02:36.148+0500] {dag.py:4180} INFO - Setting next_dagrun for example_sensors to None, run_after=None
[2025-11-22T21:02:36.225+0500] {processor.py:208} INFO - Processing /mnt/c/Users/Raj/OneDrive - Åbo Akademi O365/banking/airflow/.venv/lib/python3.12/site-packages/airflow/example_dags/example_sensors.py took 0.525 seconds
[2025-11-22T21:04:46.238+0500] {processor.py:186} INFO - Started process (PID=68171) to work on /mnt/c/Users/Raj/OneDrive - Åbo Akademi O365/banking/airflow/.venv/lib/python3.12/site-packages/airflow/example_dags/example_sensors.py
[2025-11-22T21:04:46.240+0500] {processor.py:914} INFO - Processing file /mnt/c/Users/Raj/OneDrive - Åbo Akademi O365/banking/airflow/.venv/lib/python3.12/site-packages/airflow/example_dags/example_sensors.py for tasks to queue
[2025-11-22T21:04:46.244+0500] {logging_mixin.py:190} INFO - [2025-11-22T21:04:46.242+0500] {dagbag.py:588} INFO - Filling up the DagBag from /mnt/c/Users/Raj/OneDrive - Åbo Akademi O365/banking/airflow/.venv/lib/python3.12/site-packages/airflow/example_dags/example_sensors.py
[2025-11-22T21:04:46.275+0500] {processor.py:925} INFO - DAG(s) 'example_sensors' retrieved from /mnt/c/Users/Raj/OneDrive - Åbo Akademi O365/banking/airflow/.venv/lib/python3.12/site-packages/airflow/example_dags/example_sensors.py
[2025-11-22T21:04:46.336+0500] {logging_mixin.py:190} INFO - [2025-11-22T21:04:46.335+0500] {dag.py:3239} INFO - Sync 1 DAGs
[2025-11-22T21:04:46.499+0500] {logging_mixin.py:190} INFO - [2025-11-22T21:04:46.498+0500] {dag.py:4180} INFO - Setting next_dagrun for example_sensors to None, run_after=None
[2025-11-22T21:04:46.567+0500] {processor.py:208} INFO - Processing /mnt/c/Users/Raj/OneDrive - Åbo Akademi O365/banking/airflow/.venv/lib/python3.12/site-packages/airflow/example_dags/example_sensors.py took 0.347 seconds
[2025-11-22T21:09:09.172+0500] {processor.py:186} INFO - Started process (PID=68351) to work on /mnt/c/Users/Raj/OneDrive - Åbo Akademi O365/banking/airflow/.venv/lib/python3.12/site-packages/airflow/example_dags/example_sensors.py
[2025-11-22T21:09:09.175+0500] {processor.py:914} INFO - Processing file /mnt/c/Users/Raj/OneDrive - Åbo Akademi O365/banking/airflow/.venv/lib/python3.12/site-packages/airflow/example_dags/example_sensors.py for tasks to queue
[2025-11-22T21:09:09.179+0500] {logging_mixin.py:190} INFO - [2025-11-22T21:09:09.177+0500] {dagbag.py:588} INFO - Filling up the DagBag from /mnt/c/Users/Raj/OneDrive - Åbo Akademi O365/banking/airflow/.venv/lib/python3.12/site-packages/airflow/example_dags/example_sensors.py
[2025-11-22T21:09:09.214+0500] {processor.py:925} INFO - DAG(s) 'example_sensors' retrieved from /mnt/c/Users/Raj/OneDrive - Åbo Akademi O365/banking/airflow/.venv/lib/python3.12/site-packages/airflow/example_dags/example_sensors.py
[2025-11-22T21:09:09.274+0500] {logging_mixin.py:190} INFO - [2025-11-22T21:09:09.273+0500] {dag.py:3239} INFO - Sync 1 DAGs
[2025-11-22T21:09:09.460+0500] {logging_mixin.py:190} INFO - [2025-11-22T21:09:09.459+0500] {dag.py:4180} INFO - Setting next_dagrun for example_sensors to None, run_after=None
[2025-11-22T21:09:09.561+0500] {processor.py:208} INFO - Processing /mnt/c/Users/Raj/OneDrive - Åbo Akademi O365/banking/airflow/.venv/lib/python3.12/site-packages/airflow/example_dags/example_sensors.py took 0.410 seconds
[2025-11-22T21:11:05.291+0500] {processor.py:186} INFO - Started process (PID=68440) to work on /mnt/c/Users/Raj/OneDrive - Åbo Akademi O365/banking/airflow/.venv/lib/python3.12/site-packages/airflow/example_dags/example_sensors.py
[2025-11-22T21:11:05.293+0500] {processor.py:914} INFO - Processing file /mnt/c/Users/Raj/OneDrive - Åbo Akademi O365/banking/airflow/.venv/lib/python3.12/site-packages/airflow/example_dags/example_sensors.py for tasks to queue
[2025-11-22T21:11:05.296+0500] {logging_mixin.py:190} INFO - [2025-11-22T21:11:05.295+0500] {dagbag.py:588} INFO - Filling up the DagBag from /mnt/c/Users/Raj/OneDrive - Åbo Akademi O365/banking/airflow/.venv/lib/python3.12/site-packages/airflow/example_dags/example_sensors.py
[2025-11-22T21:11:05.320+0500] {processor.py:925} INFO - DAG(s) 'example_sensors' retrieved from /mnt/c/Users/Raj/OneDrive - Åbo Akademi O365/banking/airflow/.venv/lib/python3.12/site-packages/airflow/example_dags/example_sensors.py
[2025-11-22T21:11:05.362+0500] {logging_mixin.py:190} INFO - [2025-11-22T21:11:05.361+0500] {dag.py:3239} INFO - Sync 1 DAGs
[2025-11-22T21:11:05.498+0500] {logging_mixin.py:190} INFO - [2025-11-22T21:11:05.496+0500] {dag.py:4180} INFO - Setting next_dagrun for example_sensors to None, run_after=None
[2025-11-22T21:11:05.570+0500] {processor.py:208} INFO - Processing /mnt/c/Users/Raj/OneDrive - Åbo Akademi O365/banking/airflow/.venv/lib/python3.12/site-packages/airflow/example_dags/example_sensors.py took 0.293 seconds
[2025-11-22T21:12:55.693+0500] {processor.py:186} INFO - Started process (PID=68522) to work on /mnt/c/Users/Raj/OneDrive - Åbo Akademi O365/banking/airflow/.venv/lib/python3.12/site-packages/airflow/example_dags/example_sensors.py
[2025-11-22T21:12:55.695+0500] {processor.py:914} INFO - Processing file /mnt/c/Users/Raj/OneDrive - Åbo Akademi O365/banking/airflow/.venv/lib/python3.12/site-packages/airflow/example_dags/example_sensors.py for tasks to queue
[2025-11-22T21:12:55.698+0500] {logging_mixin.py:190} INFO - [2025-11-22T21:12:55.697+0500] {dagbag.py:588} INFO - Filling up the DagBag from /mnt/c/Users/Raj/OneDrive - Åbo Akademi O365/banking/airflow/.venv/lib/python3.12/site-packages/airflow/example_dags/example_sensors.py
[2025-11-22T21:12:55.728+0500] {processor.py:925} INFO - DAG(s) 'example_sensors' retrieved from /mnt/c/Users/Raj/OneDrive - Åbo Akademi O365/banking/airflow/.venv/lib/python3.12/site-packages/airflow/example_dags/example_sensors.py
[2025-11-22T21:12:55.771+0500] {logging_mixin.py:190} INFO - [2025-11-22T21:12:55.770+0500] {dag.py:3239} INFO - Sync 1 DAGs
[2025-11-22T21:12:55.791+0500] {logging_mixin.py:190} INFO - [2025-11-22T21:12:55.790+0500] {dag.py:4180} INFO - Setting next_dagrun for example_sensors to None, run_after=None
[2025-11-22T21:12:55.866+0500] {processor.py:208} INFO - Processing /mnt/c/Users/Raj/OneDrive - Åbo Akademi O365/banking/airflow/.venv/lib/python3.12/site-packages/airflow/example_dags/example_sensors.py took 0.191 seconds
[2025-11-22T21:14:37.633+0500] {processor.py:186} INFO - Started process (PID=68603) to work on /mnt/c/Users/Raj/OneDrive - Åbo Akademi O365/banking/airflow/.venv/lib/python3.12/site-packages/airflow/example_dags/example_sensors.py
[2025-11-22T21:14:37.635+0500] {processor.py:914} INFO - Processing file /mnt/c/Users/Raj/OneDrive - Åbo Akademi O365/banking/airflow/.venv/lib/python3.12/site-packages/airflow/example_dags/example_sensors.py for tasks to queue
[2025-11-22T21:14:37.639+0500] {logging_mixin.py:190} INFO - [2025-11-22T21:14:37.637+0500] {dagbag.py:588} INFO - Filling up the DagBag from /mnt/c/Users/Raj/OneDrive - Åbo Akademi O365/banking/airflow/.venv/lib/python3.12/site-packages/airflow/example_dags/example_sensors.py
[2025-11-22T21:14:37.679+0500] {processor.py:925} INFO - DAG(s) 'example_sensors' retrieved from /mnt/c/Users/Raj/OneDrive - Åbo Akademi O365/banking/airflow/.venv/lib/python3.12/site-packages/airflow/example_dags/example_sensors.py
[2025-11-22T21:14:37.719+0500] {logging_mixin.py:190} INFO - [2025-11-22T21:14:37.718+0500] {dag.py:3239} INFO - Sync 1 DAGs
[2025-11-22T21:14:37.741+0500] {logging_mixin.py:190} INFO - [2025-11-22T21:14:37.740+0500] {dag.py:4180} INFO - Setting next_dagrun for example_sensors to None, run_after=None
[2025-11-22T21:14:37.799+0500] {processor.py:208} INFO - Processing /mnt/c/Users/Raj/OneDrive - Åbo Akademi O365/banking/airflow/.venv/lib/python3.12/site-packages/airflow/example_dags/example_sensors.py took 0.189 seconds
[2025-11-22T21:16:16.489+0500] {processor.py:186} INFO - Started process (PID=68682) to work on /mnt/c/Users/Raj/OneDrive - Åbo Akademi O365/banking/airflow/.venv/lib/python3.12/site-packages/airflow/example_dags/example_sensors.py
[2025-11-22T21:16:16.491+0500] {processor.py:914} INFO - Processing file /mnt/c/Users/Raj/OneDrive - Åbo Akademi O365/banking/airflow/.venv/lib/python3.12/site-packages/airflow/example_dags/example_sensors.py for tasks to queue
[2025-11-22T21:16:16.494+0500] {logging_mixin.py:190} INFO - [2025-11-22T21:16:16.492+0500] {dagbag.py:588} INFO - Filling up the DagBag from /mnt/c/Users/Raj/OneDrive - Åbo Akademi O365/banking/airflow/.venv/lib/python3.12/site-packages/airflow/example_dags/example_sensors.py
[2025-11-22T21:16:16.518+0500] {processor.py:925} INFO - DAG(s) 'example_sensors' retrieved from /mnt/c/Users/Raj/OneDrive - Åbo Akademi O365/banking/airflow/.venv/lib/python3.12/site-packages/airflow/example_dags/example_sensors.py
[2025-11-22T21:16:16.558+0500] {logging_mixin.py:190} INFO - [2025-11-22T21:16:16.556+0500] {dag.py:3239} INFO - Sync 1 DAGs
[2025-11-22T21:16:16.574+0500] {logging_mixin.py:190} INFO - [2025-11-22T21:16:16.573+0500] {dag.py:4180} INFO - Setting next_dagrun for example_sensors to None, run_after=None
[2025-11-22T21:16:16.641+0500] {processor.py:208} INFO - Processing /mnt/c/Users/Raj/OneDrive - Åbo Akademi O365/banking/airflow/.venv/lib/python3.12/site-packages/airflow/example_dags/example_sensors.py took 0.169 seconds
[2025-11-22T21:17:55.674+0500] {processor.py:186} INFO - Started process (PID=68758) to work on /mnt/c/Users/Raj/OneDrive - Åbo Akademi O365/banking/airflow/.venv/lib/python3.12/site-packages/airflow/example_dags/example_sensors.py
[2025-11-22T21:17:55.677+0500] {processor.py:914} INFO - Processing file /mnt/c/Users/Raj/OneDrive - Åbo Akademi O365/banking/airflow/.venv/lib/python3.12/site-packages/airflow/example_dags/example_sensors.py for tasks to queue
[2025-11-22T21:17:55.681+0500] {logging_mixin.py:190} INFO - [2025-11-22T21:17:55.680+0500] {dagbag.py:588} INFO - Filling up the DagBag from /mnt/c/Users/Raj/OneDrive - Åbo Akademi O365/banking/airflow/.venv/lib/python3.12/site-packages/airflow/example_dags/example_sensors.py
[2025-11-22T21:17:55.712+0500] {processor.py:925} INFO - DAG(s) 'example_sensors' retrieved from /mnt/c/Users/Raj/OneDrive - Åbo Akademi O365/banking/airflow/.venv/lib/python3.12/site-packages/airflow/example_dags/example_sensors.py
[2025-11-22T21:17:57.787+0500] {logging_mixin.py:190} INFO - [2025-11-22T21:17:57.786+0500] {dag.py:3239} INFO - Sync 1 DAGs
[2025-11-22T21:17:57.814+0500] {logging_mixin.py:190} INFO - [2025-11-22T21:17:57.813+0500] {dag.py:4180} INFO - Setting next_dagrun for example_sensors to None, run_after=None
[2025-11-22T21:17:57.888+0500] {processor.py:208} INFO - Processing /mnt/c/Users/Raj/OneDrive - Åbo Akademi O365/banking/airflow/.venv/lib/python3.12/site-packages/airflow/example_dags/example_sensors.py took 0.213 seconds
[2025-11-22T21:19:42.991+0500] {processor.py:186} INFO - Started process (PID=68840) to work on /mnt/c/Users/Raj/OneDrive - Åbo Akademi O365/banking/airflow/.venv/lib/python3.12/site-packages/airflow/example_dags/example_sensors.py
[2025-11-22T21:19:42.993+0500] {processor.py:914} INFO - Processing file /mnt/c/Users/Raj/OneDrive - Åbo Akademi O365/banking/airflow/.venv/lib/python3.12/site-packages/airflow/example_dags/example_sensors.py for tasks to queue
[2025-11-22T21:19:42.997+0500] {logging_mixin.py:190} INFO - [2025-11-22T21:19:42.995+0500] {dagbag.py:588} INFO - Filling up the DagBag from /mnt/c/Users/Raj/OneDrive - Åbo Akademi O365/banking/airflow/.venv/lib/python3.12/site-packages/airflow/example_dags/example_sensors.py
[2025-11-22T21:19:43.029+0500] {processor.py:925} INFO - DAG(s) 'example_sensors' retrieved from /mnt/c/Users/Raj/OneDrive - Åbo Akademi O365/banking/airflow/.venv/lib/python3.12/site-packages/airflow/example_dags/example_sensors.py
[2025-11-22T21:19:43.083+0500] {logging_mixin.py:190} INFO - [2025-11-22T21:19:43.082+0500] {dag.py:3239} INFO - Sync 1 DAGs
[2025-11-22T21:19:43.109+0500] {logging_mixin.py:190} INFO - [2025-11-22T21:19:43.107+0500] {dag.py:4180} INFO - Setting next_dagrun for example_sensors to None, run_after=None
[2025-11-22T21:19:43.181+0500] {processor.py:208} INFO - Processing /mnt/c/Users/Raj/OneDrive - Åbo Akademi O365/banking/airflow/.venv/lib/python3.12/site-packages/airflow/example_dags/example_sensors.py took 0.210 seconds
[2025-11-22T21:21:26.576+0500] {processor.py:186} INFO - Started process (PID=68923) to work on /mnt/c/Users/Raj/OneDrive - Åbo Akademi O365/banking/airflow/.venv/lib/python3.12/site-packages/airflow/example_dags/example_sensors.py
[2025-11-22T21:21:26.578+0500] {processor.py:914} INFO - Processing file /mnt/c/Users/Raj/OneDrive - Åbo Akademi O365/banking/airflow/.venv/lib/python3.12/site-packages/airflow/example_dags/example_sensors.py for tasks to queue
[2025-11-22T21:21:26.582+0500] {logging_mixin.py:190} INFO - [2025-11-22T21:21:26.581+0500] {dagbag.py:588} INFO - Filling up the DagBag from /mnt/c/Users/Raj/OneDrive - Åbo Akademi O365/banking/airflow/.venv/lib/python3.12/site-packages/airflow/example_dags/example_sensors.py
[2025-11-22T21:21:26.616+0500] {processor.py:925} INFO - DAG(s) 'example_sensors' retrieved from /mnt/c/Users/Raj/OneDrive - Åbo Akademi O365/banking/airflow/.venv/lib/python3.12/site-packages/airflow/example_dags/example_sensors.py
[2025-11-22T21:21:26.658+0500] {logging_mixin.py:190} INFO - [2025-11-22T21:21:26.657+0500] {dag.py:3239} INFO - Sync 1 DAGs
[2025-11-22T21:21:26.680+0500] {logging_mixin.py:190} INFO - [2025-11-22T21:21:26.679+0500] {dag.py:4180} INFO - Setting next_dagrun for example_sensors to None, run_after=None
[2025-11-22T21:21:26.754+0500] {processor.py:208} INFO - Processing /mnt/c/Users/Raj/OneDrive - Åbo Akademi O365/banking/airflow/.venv/lib/python3.12/site-packages/airflow/example_dags/example_sensors.py took 0.201 seconds
[2025-11-22T21:23:11.106+0500] {processor.py:186} INFO - Started process (PID=69003) to work on /mnt/c/Users/Raj/OneDrive - Åbo Akademi O365/banking/airflow/.venv/lib/python3.12/site-packages/airflow/example_dags/example_sensors.py
[2025-11-22T21:23:11.109+0500] {processor.py:914} INFO - Processing file /mnt/c/Users/Raj/OneDrive - Åbo Akademi O365/banking/airflow/.venv/lib/python3.12/site-packages/airflow/example_dags/example_sensors.py for tasks to queue
[2025-11-22T21:23:11.113+0500] {logging_mixin.py:190} INFO - [2025-11-22T21:23:11.112+0500] {dagbag.py:588} INFO - Filling up the DagBag from /mnt/c/Users/Raj/OneDrive - Åbo Akademi O365/banking/airflow/.venv/lib/python3.12/site-packages/airflow/example_dags/example_sensors.py
[2025-11-22T21:23:11.151+0500] {processor.py:925} INFO - DAG(s) 'example_sensors' retrieved from /mnt/c/Users/Raj/OneDrive - Åbo Akademi O365/banking/airflow/.venv/lib/python3.12/site-packages/airflow/example_dags/example_sensors.py
[2025-11-22T21:23:11.206+0500] {logging_mixin.py:190} INFO - [2025-11-22T21:23:11.205+0500] {dag.py:3239} INFO - Sync 1 DAGs
[2025-11-22T21:23:11.224+0500] {logging_mixin.py:190} INFO - [2025-11-22T21:23:11.223+0500] {dag.py:4180} INFO - Setting next_dagrun for example_sensors to None, run_after=None
[2025-11-22T21:23:11.291+0500] {processor.py:208} INFO - Processing /mnt/c/Users/Raj/OneDrive - Åbo Akademi O365/banking/airflow/.venv/lib/python3.12/site-packages/airflow/example_dags/example_sensors.py took 0.205 seconds
