[2025-11-22T20:14:36.341+0500] {processor.py:186} INFO - Started process (PID=65700) to work on /mnt/c/Users/Raj/OneDrive - Åbo Akademi O365/banking/airflow/.venv/lib/python3.12/site-packages/airflow/example_dags/example_dataset_alias.py
[2025-11-22T20:14:36.344+0500] {processor.py:914} INFO - Processing file /mnt/c/Users/Raj/OneDrive - Åbo Akademi O365/banking/airflow/.venv/lib/python3.12/site-packages/airflow/example_dags/example_dataset_alias.py for tasks to queue
[2025-11-22T20:14:36.348+0500] {logging_mixin.py:190} INFO - [2025-11-22T20:14:36.347+0500] {dagbag.py:588} INFO - Filling up the DagBag from /mnt/c/Users/Raj/OneDrive - Åbo Akademi O365/banking/airflow/.venv/lib/python3.12/site-packages/airflow/example_dags/example_dataset_alias.py
[2025-11-22T20:14:36.504+0500] {processor.py:925} INFO - DAG(s) 'dataset_s3_bucket_producer', 'dataset_alias_example_alias_consumer', 'dataset_alias_example_alias_producer', 'dataset_s3_bucket_consumer' retrieved from /mnt/c/Users/Raj/OneDrive - Åbo Akademi O365/banking/airflow/.venv/lib/python3.12/site-packages/airflow/example_dags/example_dataset_alias.py
[2025-11-22T20:14:36.568+0500] {logging_mixin.py:190} INFO - [2025-11-22T20:14:36.567+0500] {dag.py:3239} INFO - Sync 4 DAGs
[2025-11-22T20:14:36.626+0500] {logging_mixin.py:190} INFO - [2025-11-22T20:14:36.623+0500] {dag.py:4180} INFO - Setting next_dagrun for dataset_alias_example_alias_consumer to None, run_after=None
[2025-11-22T20:14:36.646+0500] {logging_mixin.py:190} INFO - [2025-11-22T20:14:36.644+0500] {dag.py:4180} INFO - Setting next_dagrun for dataset_alias_example_alias_producer to None, run_after=None
[2025-11-22T20:14:36.660+0500] {logging_mixin.py:190} INFO - [2025-11-22T20:14:36.657+0500] {dag.py:4180} INFO - Setting next_dagrun for dataset_s3_bucket_consumer to None, run_after=None
[2025-11-22T20:14:36.674+0500] {logging_mixin.py:190} INFO - [2025-11-22T20:14:36.671+0500] {dag.py:4180} INFO - Setting next_dagrun for dataset_s3_bucket_producer to None, run_after=None
[2025-11-22T20:14:36.780+0500] {processor.py:208} INFO - Processing /mnt/c/Users/Raj/OneDrive - Åbo Akademi O365/banking/airflow/.venv/lib/python3.12/site-packages/airflow/example_dags/example_dataset_alias.py took 0.462 seconds
[2025-11-22T20:16:38.829+0500] {processor.py:186} INFO - Started process (PID=65790) to work on /mnt/c/Users/Raj/OneDrive - Åbo Akademi O365/banking/airflow/.venv/lib/python3.12/site-packages/airflow/example_dags/example_dataset_alias.py
[2025-11-22T20:16:38.832+0500] {processor.py:914} INFO - Processing file /mnt/c/Users/Raj/OneDrive - Åbo Akademi O365/banking/airflow/.venv/lib/python3.12/site-packages/airflow/example_dags/example_dataset_alias.py for tasks to queue
[2025-11-22T20:16:38.835+0500] {logging_mixin.py:190} INFO - [2025-11-22T20:16:38.834+0500] {dagbag.py:588} INFO - Filling up the DagBag from /mnt/c/Users/Raj/OneDrive - Åbo Akademi O365/banking/airflow/.venv/lib/python3.12/site-packages/airflow/example_dags/example_dataset_alias.py
[2025-11-22T20:16:38.963+0500] {processor.py:925} INFO - DAG(s) 'dataset_alias_example_alias_consumer', 'dataset_s3_bucket_consumer', 'dataset_alias_example_alias_producer', 'dataset_s3_bucket_producer' retrieved from /mnt/c/Users/Raj/OneDrive - Åbo Akademi O365/banking/airflow/.venv/lib/python3.12/site-packages/airflow/example_dags/example_dataset_alias.py
[2025-11-22T20:16:39.020+0500] {logging_mixin.py:190} INFO - [2025-11-22T20:16:39.019+0500] {dag.py:3239} INFO - Sync 4 DAGs
[2025-11-22T20:16:39.051+0500] {logging_mixin.py:190} INFO - [2025-11-22T20:16:39.049+0500] {dag.py:4180} INFO - Setting next_dagrun for dataset_alias_example_alias_consumer to None, run_after=None
[2025-11-22T20:16:39.059+0500] {logging_mixin.py:190} INFO - [2025-11-22T20:16:39.058+0500] {dag.py:4180} INFO - Setting next_dagrun for dataset_alias_example_alias_producer to None, run_after=None
[2025-11-22T20:16:39.064+0500] {logging_mixin.py:190} INFO - [2025-11-22T20:16:39.063+0500] {dag.py:4180} INFO - Setting next_dagrun for dataset_s3_bucket_consumer to None, run_after=None
[2025-11-22T20:16:39.070+0500] {logging_mixin.py:190} INFO - [2025-11-22T20:16:39.069+0500] {dag.py:4180} INFO - Setting next_dagrun for dataset_s3_bucket_producer to None, run_after=None
[2025-11-22T20:16:39.174+0500] {processor.py:208} INFO - Processing /mnt/c/Users/Raj/OneDrive - Åbo Akademi O365/banking/airflow/.venv/lib/python3.12/site-packages/airflow/example_dags/example_dataset_alias.py took 0.361 seconds
[2025-11-22T20:21:17.355+0500] {processor.py:186} INFO - Started process (PID=65953) to work on /mnt/c/Users/Raj/OneDrive - Åbo Akademi O365/banking/airflow/.venv/lib/python3.12/site-packages/airflow/example_dags/example_dataset_alias.py
[2025-11-22T20:21:17.358+0500] {processor.py:914} INFO - Processing file /mnt/c/Users/Raj/OneDrive - Åbo Akademi O365/banking/airflow/.venv/lib/python3.12/site-packages/airflow/example_dags/example_dataset_alias.py for tasks to queue
[2025-11-22T20:21:17.364+0500] {logging_mixin.py:190} INFO - [2025-11-22T20:21:17.362+0500] {dagbag.py:588} INFO - Filling up the DagBag from /mnt/c/Users/Raj/OneDrive - Åbo Akademi O365/banking/airflow/.venv/lib/python3.12/site-packages/airflow/example_dags/example_dataset_alias.py
[2025-11-22T20:21:17.617+0500] {processor.py:925} INFO - DAG(s) 'dataset_alias_example_alias_consumer', 'dataset_alias_example_alias_producer', 'dataset_s3_bucket_producer', 'dataset_s3_bucket_consumer' retrieved from /mnt/c/Users/Raj/OneDrive - Åbo Akademi O365/banking/airflow/.venv/lib/python3.12/site-packages/airflow/example_dags/example_dataset_alias.py
[2025-11-22T20:21:17.709+0500] {logging_mixin.py:190} INFO - [2025-11-22T20:21:17.707+0500] {dag.py:3239} INFO - Sync 4 DAGs
[2025-11-22T20:21:17.758+0500] {logging_mixin.py:190} INFO - [2025-11-22T20:21:17.756+0500] {dag.py:4180} INFO - Setting next_dagrun for dataset_alias_example_alias_consumer to None, run_after=None
[2025-11-22T20:21:17.768+0500] {logging_mixin.py:190} INFO - [2025-11-22T20:21:17.766+0500] {dag.py:4180} INFO - Setting next_dagrun for dataset_alias_example_alias_producer to None, run_after=None
[2025-11-22T20:21:17.773+0500] {logging_mixin.py:190} INFO - [2025-11-22T20:21:17.772+0500] {dag.py:4180} INFO - Setting next_dagrun for dataset_s3_bucket_consumer to None, run_after=None
[2025-11-22T20:21:17.780+0500] {logging_mixin.py:190} INFO - [2025-11-22T20:21:17.778+0500] {dag.py:4180} INFO - Setting next_dagrun for dataset_s3_bucket_producer to None, run_after=None
[2025-11-22T20:21:17.883+0500] {processor.py:208} INFO - Processing /mnt/c/Users/Raj/OneDrive - Åbo Akademi O365/banking/airflow/.venv/lib/python3.12/site-packages/airflow/example_dags/example_dataset_alias.py took 0.549 seconds
[2025-11-22T20:23:33.304+0500] {processor.py:186} INFO - Started process (PID=66061) to work on /mnt/c/Users/Raj/OneDrive - Åbo Akademi O365/banking/airflow/.venv/lib/python3.12/site-packages/airflow/example_dags/example_dataset_alias.py
[2025-11-22T20:23:33.306+0500] {processor.py:914} INFO - Processing file /mnt/c/Users/Raj/OneDrive - Åbo Akademi O365/banking/airflow/.venv/lib/python3.12/site-packages/airflow/example_dags/example_dataset_alias.py for tasks to queue
[2025-11-22T20:23:33.310+0500] {logging_mixin.py:190} INFO - [2025-11-22T20:23:33.309+0500] {dagbag.py:588} INFO - Filling up the DagBag from /mnt/c/Users/Raj/OneDrive - Åbo Akademi O365/banking/airflow/.venv/lib/python3.12/site-packages/airflow/example_dags/example_dataset_alias.py
[2025-11-22T20:23:33.550+0500] {processor.py:925} INFO - DAG(s) 'dataset_alias_example_alias_consumer', 'dataset_s3_bucket_consumer', 'dataset_alias_example_alias_producer', 'dataset_s3_bucket_producer' retrieved from /mnt/c/Users/Raj/OneDrive - Åbo Akademi O365/banking/airflow/.venv/lib/python3.12/site-packages/airflow/example_dags/example_dataset_alias.py
[2025-11-22T20:23:33.636+0500] {logging_mixin.py:190} INFO - [2025-11-22T20:23:33.635+0500] {dag.py:3239} INFO - Sync 4 DAGs
[2025-11-22T20:23:33.669+0500] {logging_mixin.py:190} INFO - [2025-11-22T20:23:33.668+0500] {dag.py:4180} INFO - Setting next_dagrun for dataset_alias_example_alias_consumer to None, run_after=None
[2025-11-22T20:23:33.674+0500] {logging_mixin.py:190} INFO - [2025-11-22T20:23:33.673+0500] {dag.py:4180} INFO - Setting next_dagrun for dataset_alias_example_alias_producer to None, run_after=None
[2025-11-22T20:23:33.677+0500] {logging_mixin.py:190} INFO - [2025-11-22T20:23:33.677+0500] {dag.py:4180} INFO - Setting next_dagrun for dataset_s3_bucket_consumer to None, run_after=None
[2025-11-22T20:23:33.683+0500] {logging_mixin.py:190} INFO - [2025-11-22T20:23:33.681+0500] {dag.py:4180} INFO - Setting next_dagrun for dataset_s3_bucket_producer to None, run_after=None
[2025-11-22T20:23:33.767+0500] {processor.py:208} INFO - Processing /mnt/c/Users/Raj/OneDrive - Åbo Akademi O365/banking/airflow/.venv/lib/python3.12/site-packages/airflow/example_dags/example_dataset_alias.py took 0.480 seconds
[2025-11-22T20:28:21.480+0500] {processor.py:186} INFO - Started process (PID=66282) to work on /mnt/c/Users/Raj/OneDrive - Åbo Akademi O365/banking/airflow/.venv/lib/python3.12/site-packages/airflow/example_dags/example_dataset_alias.py
[2025-11-22T20:28:21.482+0500] {processor.py:914} INFO - Processing file /mnt/c/Users/Raj/OneDrive - Åbo Akademi O365/banking/airflow/.venv/lib/python3.12/site-packages/airflow/example_dags/example_dataset_alias.py for tasks to queue
[2025-11-22T20:28:21.485+0500] {logging_mixin.py:190} INFO - [2025-11-22T20:28:21.484+0500] {dagbag.py:588} INFO - Filling up the DagBag from /mnt/c/Users/Raj/OneDrive - Åbo Akademi O365/banking/airflow/.venv/lib/python3.12/site-packages/airflow/example_dags/example_dataset_alias.py
[2025-11-22T20:28:21.626+0500] {processor.py:925} INFO - DAG(s) 'dataset_s3_bucket_producer', 'dataset_s3_bucket_consumer', 'dataset_alias_example_alias_producer', 'dataset_alias_example_alias_consumer' retrieved from /mnt/c/Users/Raj/OneDrive - Åbo Akademi O365/banking/airflow/.venv/lib/python3.12/site-packages/airflow/example_dags/example_dataset_alias.py
[2025-11-22T20:28:21.686+0500] {logging_mixin.py:190} INFO - [2025-11-22T20:28:21.685+0500] {dag.py:3239} INFO - Sync 4 DAGs
[2025-11-22T20:28:21.729+0500] {logging_mixin.py:190} INFO - [2025-11-22T20:28:21.727+0500] {dag.py:4180} INFO - Setting next_dagrun for dataset_alias_example_alias_consumer to None, run_after=None
[2025-11-22T20:28:21.737+0500] {logging_mixin.py:190} INFO - [2025-11-22T20:28:21.736+0500] {dag.py:4180} INFO - Setting next_dagrun for dataset_alias_example_alias_producer to None, run_after=None
[2025-11-22T20:28:21.743+0500] {logging_mixin.py:190} INFO - [2025-11-22T20:28:21.742+0500] {dag.py:4180} INFO - Setting next_dagrun for dataset_s3_bucket_consumer to None, run_after=None
[2025-11-22T20:28:21.751+0500] {logging_mixin.py:190} INFO - [2025-11-22T20:28:21.749+0500] {dag.py:4180} INFO - Setting next_dagrun for dataset_s3_bucket_producer to None, run_after=None
[2025-11-22T20:28:21.839+0500] {processor.py:208} INFO - Processing /mnt/c/Users/Raj/OneDrive - Åbo Akademi O365/banking/airflow/.venv/lib/python3.12/site-packages/airflow/example_dags/example_dataset_alias.py took 0.373 seconds
[2025-11-22T20:30:16.675+0500] {processor.py:186} INFO - Started process (PID=66399) to work on /mnt/c/Users/Raj/OneDrive - Åbo Akademi O365/banking/airflow/.venv/lib/python3.12/site-packages/airflow/example_dags/example_dataset_alias.py
[2025-11-22T20:30:16.678+0500] {processor.py:914} INFO - Processing file /mnt/c/Users/Raj/OneDrive - Åbo Akademi O365/banking/airflow/.venv/lib/python3.12/site-packages/airflow/example_dags/example_dataset_alias.py for tasks to queue
[2025-11-22T20:30:16.684+0500] {logging_mixin.py:190} INFO - [2025-11-22T20:30:16.681+0500] {dagbag.py:588} INFO - Filling up the DagBag from /mnt/c/Users/Raj/OneDrive - Åbo Akademi O365/banking/airflow/.venv/lib/python3.12/site-packages/airflow/example_dags/example_dataset_alias.py
[2025-11-22T20:30:16.899+0500] {processor.py:925} INFO - DAG(s) 'dataset_alias_example_alias_consumer', 'dataset_alias_example_alias_producer', 'dataset_s3_bucket_consumer', 'dataset_s3_bucket_producer' retrieved from /mnt/c/Users/Raj/OneDrive - Åbo Akademi O365/banking/airflow/.venv/lib/python3.12/site-packages/airflow/example_dags/example_dataset_alias.py
[2025-11-22T20:30:17.008+0500] {logging_mixin.py:190} INFO - [2025-11-22T20:30:17.006+0500] {dag.py:3239} INFO - Sync 4 DAGs
[2025-11-22T20:30:17.064+0500] {logging_mixin.py:190} INFO - [2025-11-22T20:30:17.062+0500] {dag.py:4180} INFO - Setting next_dagrun for dataset_alias_example_alias_consumer to None, run_after=None
[2025-11-22T20:30:17.079+0500] {logging_mixin.py:190} INFO - [2025-11-22T20:30:17.076+0500] {dag.py:4180} INFO - Setting next_dagrun for dataset_alias_example_alias_producer to None, run_after=None
[2025-11-22T20:30:17.086+0500] {logging_mixin.py:190} INFO - [2025-11-22T20:30:17.084+0500] {dag.py:4180} INFO - Setting next_dagrun for dataset_s3_bucket_consumer to None, run_after=None
[2025-11-22T20:30:17.095+0500] {logging_mixin.py:190} INFO - [2025-11-22T20:30:17.091+0500] {dag.py:4180} INFO - Setting next_dagrun for dataset_s3_bucket_producer to None, run_after=None
[2025-11-22T20:30:17.242+0500] {processor.py:208} INFO - Processing /mnt/c/Users/Raj/OneDrive - Åbo Akademi O365/banking/airflow/.venv/lib/python3.12/site-packages/airflow/example_dags/example_dataset_alias.py took 0.587 seconds
[2025-11-22T20:33:55.794+0500] {processor.py:186} INFO - Started process (PID=66558) to work on /mnt/c/Users/Raj/OneDrive - Åbo Akademi O365/banking/airflow/.venv/lib/python3.12/site-packages/airflow/example_dags/example_dataset_alias.py
[2025-11-22T20:33:55.797+0500] {processor.py:914} INFO - Processing file /mnt/c/Users/Raj/OneDrive - Åbo Akademi O365/banking/airflow/.venv/lib/python3.12/site-packages/airflow/example_dags/example_dataset_alias.py for tasks to queue
[2025-11-22T20:33:55.801+0500] {logging_mixin.py:190} INFO - [2025-11-22T20:33:55.799+0500] {dagbag.py:588} INFO - Filling up the DagBag from /mnt/c/Users/Raj/OneDrive - Åbo Akademi O365/banking/airflow/.venv/lib/python3.12/site-packages/airflow/example_dags/example_dataset_alias.py
[2025-11-22T20:33:55.959+0500] {processor.py:925} INFO - DAG(s) 'dataset_s3_bucket_producer', 'dataset_alias_example_alias_consumer', 'dataset_s3_bucket_consumer', 'dataset_alias_example_alias_producer' retrieved from /mnt/c/Users/Raj/OneDrive - Åbo Akademi O365/banking/airflow/.venv/lib/python3.12/site-packages/airflow/example_dags/example_dataset_alias.py
[2025-11-22T20:33:56.034+0500] {logging_mixin.py:190} INFO - [2025-11-22T20:33:56.032+0500] {dag.py:3239} INFO - Sync 4 DAGs
[2025-11-22T20:33:56.065+0500] {logging_mixin.py:190} INFO - [2025-11-22T20:33:56.064+0500] {dag.py:4180} INFO - Setting next_dagrun for dataset_alias_example_alias_consumer to None, run_after=None
[2025-11-22T20:33:56.071+0500] {logging_mixin.py:190} INFO - [2025-11-22T20:33:56.070+0500] {dag.py:4180} INFO - Setting next_dagrun for dataset_alias_example_alias_producer to None, run_after=None
[2025-11-22T20:33:56.077+0500] {logging_mixin.py:190} INFO - [2025-11-22T20:33:56.075+0500] {dag.py:4180} INFO - Setting next_dagrun for dataset_s3_bucket_consumer to None, run_after=None
[2025-11-22T20:33:56.081+0500] {logging_mixin.py:190} INFO - [2025-11-22T20:33:56.080+0500] {dag.py:4180} INFO - Setting next_dagrun for dataset_s3_bucket_producer to None, run_after=None
[2025-11-22T20:33:56.163+0500] {processor.py:208} INFO - Processing /mnt/c/Users/Raj/OneDrive - Åbo Akademi O365/banking/airflow/.venv/lib/python3.12/site-packages/airflow/example_dags/example_dataset_alias.py took 0.386 seconds
[2025-11-22T20:35:47.260+0500] {processor.py:186} INFO - Started process (PID=66641) to work on /mnt/c/Users/Raj/OneDrive - Åbo Akademi O365/banking/airflow/.venv/lib/python3.12/site-packages/airflow/example_dags/example_dataset_alias.py
[2025-11-22T20:35:47.264+0500] {processor.py:914} INFO - Processing file /mnt/c/Users/Raj/OneDrive - Åbo Akademi O365/banking/airflow/.venv/lib/python3.12/site-packages/airflow/example_dags/example_dataset_alias.py for tasks to queue
[2025-11-22T20:35:47.271+0500] {logging_mixin.py:190} INFO - [2025-11-22T20:35:47.269+0500] {dagbag.py:588} INFO - Filling up the DagBag from /mnt/c/Users/Raj/OneDrive - Åbo Akademi O365/banking/airflow/.venv/lib/python3.12/site-packages/airflow/example_dags/example_dataset_alias.py
[2025-11-22T20:35:47.454+0500] {processor.py:925} INFO - DAG(s) 'dataset_alias_example_alias_producer', 'dataset_s3_bucket_producer', 'dataset_alias_example_alias_consumer', 'dataset_s3_bucket_consumer' retrieved from /mnt/c/Users/Raj/OneDrive - Åbo Akademi O365/banking/airflow/.venv/lib/python3.12/site-packages/airflow/example_dags/example_dataset_alias.py
[2025-11-22T20:35:47.519+0500] {logging_mixin.py:190} INFO - [2025-11-22T20:35:47.518+0500] {dag.py:3239} INFO - Sync 4 DAGs
[2025-11-22T20:35:47.557+0500] {logging_mixin.py:190} INFO - [2025-11-22T20:35:47.555+0500] {dag.py:4180} INFO - Setting next_dagrun for dataset_alias_example_alias_consumer to None, run_after=None
[2025-11-22T20:35:47.565+0500] {logging_mixin.py:190} INFO - [2025-11-22T20:35:47.563+0500] {dag.py:4180} INFO - Setting next_dagrun for dataset_alias_example_alias_producer to None, run_after=None
[2025-11-22T20:35:47.570+0500] {logging_mixin.py:190} INFO - [2025-11-22T20:35:47.569+0500] {dag.py:4180} INFO - Setting next_dagrun for dataset_s3_bucket_consumer to None, run_after=None
[2025-11-22T20:35:47.575+0500] {logging_mixin.py:190} INFO - [2025-11-22T20:35:47.574+0500] {dag.py:4180} INFO - Setting next_dagrun for dataset_s3_bucket_producer to None, run_after=None
[2025-11-22T20:35:47.667+0500] {processor.py:208} INFO - Processing /mnt/c/Users/Raj/OneDrive - Åbo Akademi O365/banking/airflow/.venv/lib/python3.12/site-packages/airflow/example_dags/example_dataset_alias.py took 0.432 seconds
[2025-11-22T20:38:32.479+0500] {processor.py:186} INFO - Started process (PID=66782) to work on /mnt/c/Users/Raj/OneDrive - Åbo Akademi O365/banking/airflow/.venv/lib/python3.12/site-packages/airflow/example_dags/example_dataset_alias.py
[2025-11-22T20:38:32.482+0500] {processor.py:914} INFO - Processing file /mnt/c/Users/Raj/OneDrive - Åbo Akademi O365/banking/airflow/.venv/lib/python3.12/site-packages/airflow/example_dags/example_dataset_alias.py for tasks to queue
[2025-11-22T20:38:32.486+0500] {logging_mixin.py:190} INFO - [2025-11-22T20:38:32.484+0500] {dagbag.py:588} INFO - Filling up the DagBag from /mnt/c/Users/Raj/OneDrive - Åbo Akademi O365/banking/airflow/.venv/lib/python3.12/site-packages/airflow/example_dags/example_dataset_alias.py
[2025-11-22T20:38:32.622+0500] {processor.py:925} INFO - DAG(s) 'dataset_s3_bucket_consumer', 'dataset_alias_example_alias_producer', 'dataset_alias_example_alias_consumer', 'dataset_s3_bucket_producer' retrieved from /mnt/c/Users/Raj/OneDrive - Åbo Akademi O365/banking/airflow/.venv/lib/python3.12/site-packages/airflow/example_dags/example_dataset_alias.py
[2025-11-22T20:38:32.683+0500] {logging_mixin.py:190} INFO - [2025-11-22T20:38:32.682+0500] {dag.py:3239} INFO - Sync 4 DAGs
[2025-11-22T20:38:32.716+0500] {logging_mixin.py:190} INFO - [2025-11-22T20:38:32.715+0500] {dag.py:4180} INFO - Setting next_dagrun for dataset_alias_example_alias_consumer to None, run_after=None
[2025-11-22T20:38:32.723+0500] {logging_mixin.py:190} INFO - [2025-11-22T20:38:32.722+0500] {dag.py:4180} INFO - Setting next_dagrun for dataset_alias_example_alias_producer to None, run_after=None
[2025-11-22T20:38:32.728+0500] {logging_mixin.py:190} INFO - [2025-11-22T20:38:32.727+0500] {dag.py:4180} INFO - Setting next_dagrun for dataset_s3_bucket_consumer to None, run_after=None
[2025-11-22T20:38:32.738+0500] {logging_mixin.py:190} INFO - [2025-11-22T20:38:32.733+0500] {dag.py:4180} INFO - Setting next_dagrun for dataset_s3_bucket_producer to None, run_after=None
[2025-11-22T20:38:32.823+0500] {processor.py:208} INFO - Processing /mnt/c/Users/Raj/OneDrive - Åbo Akademi O365/banking/airflow/.venv/lib/python3.12/site-packages/airflow/example_dags/example_dataset_alias.py took 0.362 seconds
[2025-11-22T20:40:17.912+0500] {processor.py:186} INFO - Started process (PID=66888) to work on /mnt/c/Users/Raj/OneDrive - Åbo Akademi O365/banking/airflow/.venv/lib/python3.12/site-packages/airflow/example_dags/example_dataset_alias.py
[2025-11-22T20:40:17.914+0500] {processor.py:914} INFO - Processing file /mnt/c/Users/Raj/OneDrive - Åbo Akademi O365/banking/airflow/.venv/lib/python3.12/site-packages/airflow/example_dags/example_dataset_alias.py for tasks to queue
[2025-11-22T20:40:17.920+0500] {logging_mixin.py:190} INFO - [2025-11-22T20:40:17.917+0500] {dagbag.py:588} INFO - Filling up the DagBag from /mnt/c/Users/Raj/OneDrive - Åbo Akademi O365/banking/airflow/.venv/lib/python3.12/site-packages/airflow/example_dags/example_dataset_alias.py
[2025-11-22T20:40:18.100+0500] {processor.py:925} INFO - DAG(s) 'dataset_alias_example_alias_consumer', 'dataset_alias_example_alias_producer', 'dataset_s3_bucket_consumer', 'dataset_s3_bucket_producer' retrieved from /mnt/c/Users/Raj/OneDrive - Åbo Akademi O365/banking/airflow/.venv/lib/python3.12/site-packages/airflow/example_dags/example_dataset_alias.py
[2025-11-22T20:40:18.150+0500] {logging_mixin.py:190} INFO - [2025-11-22T20:40:18.149+0500] {dag.py:3239} INFO - Sync 4 DAGs
[2025-11-22T20:40:18.186+0500] {logging_mixin.py:190} INFO - [2025-11-22T20:40:18.184+0500] {dag.py:4180} INFO - Setting next_dagrun for dataset_alias_example_alias_consumer to None, run_after=None
[2025-11-22T20:40:18.194+0500] {logging_mixin.py:190} INFO - [2025-11-22T20:40:18.193+0500] {dag.py:4180} INFO - Setting next_dagrun for dataset_alias_example_alias_producer to None, run_after=None
[2025-11-22T20:40:18.200+0500] {logging_mixin.py:190} INFO - [2025-11-22T20:40:18.199+0500] {dag.py:4180} INFO - Setting next_dagrun for dataset_s3_bucket_consumer to None, run_after=None
[2025-11-22T20:40:18.205+0500] {logging_mixin.py:190} INFO - [2025-11-22T20:40:18.204+0500] {dag.py:4180} INFO - Setting next_dagrun for dataset_s3_bucket_producer to None, run_after=None
[2025-11-22T20:40:18.277+0500] {processor.py:208} INFO - Processing /mnt/c/Users/Raj/OneDrive - Åbo Akademi O365/banking/airflow/.venv/lib/python3.12/site-packages/airflow/example_dags/example_dataset_alias.py took 0.380 seconds
[2025-11-22T20:42:03.852+0500] {processor.py:186} INFO - Started process (PID=67001) to work on /mnt/c/Users/Raj/OneDrive - Åbo Akademi O365/banking/airflow/.venv/lib/python3.12/site-packages/airflow/example_dags/example_dataset_alias.py
[2025-11-22T20:42:03.856+0500] {processor.py:914} INFO - Processing file /mnt/c/Users/Raj/OneDrive - Åbo Akademi O365/banking/airflow/.venv/lib/python3.12/site-packages/airflow/example_dags/example_dataset_alias.py for tasks to queue
[2025-11-22T20:42:03.861+0500] {logging_mixin.py:190} INFO - [2025-11-22T20:42:03.859+0500] {dagbag.py:588} INFO - Filling up the DagBag from /mnt/c/Users/Raj/OneDrive - Åbo Akademi O365/banking/airflow/.venv/lib/python3.12/site-packages/airflow/example_dags/example_dataset_alias.py
[2025-11-22T20:42:04.074+0500] {processor.py:925} INFO - DAG(s) 'dataset_alias_example_alias_producer', 'dataset_s3_bucket_producer', 'dataset_s3_bucket_consumer', 'dataset_alias_example_alias_consumer' retrieved from /mnt/c/Users/Raj/OneDrive - Åbo Akademi O365/banking/airflow/.venv/lib/python3.12/site-packages/airflow/example_dags/example_dataset_alias.py
[2025-11-22T20:42:04.194+0500] {logging_mixin.py:190} INFO - [2025-11-22T20:42:04.193+0500] {dag.py:3239} INFO - Sync 4 DAGs
[2025-11-22T20:42:04.228+0500] {logging_mixin.py:190} INFO - [2025-11-22T20:42:04.227+0500] {dag.py:4180} INFO - Setting next_dagrun for dataset_alias_example_alias_consumer to None, run_after=None
[2025-11-22T20:42:04.236+0500] {logging_mixin.py:190} INFO - [2025-11-22T20:42:04.234+0500] {dag.py:4180} INFO - Setting next_dagrun for dataset_alias_example_alias_producer to None, run_after=None
[2025-11-22T20:42:04.240+0500] {logging_mixin.py:190} INFO - [2025-11-22T20:42:04.239+0500] {dag.py:4180} INFO - Setting next_dagrun for dataset_s3_bucket_consumer to None, run_after=None
[2025-11-22T20:42:04.244+0500] {logging_mixin.py:190} INFO - [2025-11-22T20:42:04.243+0500] {dag.py:4180} INFO - Setting next_dagrun for dataset_s3_bucket_producer to None, run_after=None
[2025-11-22T20:42:04.328+0500] {processor.py:208} INFO - Processing /mnt/c/Users/Raj/OneDrive - Åbo Akademi O365/banking/airflow/.venv/lib/python3.12/site-packages/airflow/example_dags/example_dataset_alias.py took 0.505 seconds
[2025-11-22T20:44:22.054+0500] {processor.py:186} INFO - Started process (PID=67106) to work on /mnt/c/Users/Raj/OneDrive - Åbo Akademi O365/banking/airflow/.venv/lib/python3.12/site-packages/airflow/example_dags/example_dataset_alias.py
[2025-11-22T20:44:22.056+0500] {processor.py:914} INFO - Processing file /mnt/c/Users/Raj/OneDrive - Åbo Akademi O365/banking/airflow/.venv/lib/python3.12/site-packages/airflow/example_dags/example_dataset_alias.py for tasks to queue
[2025-11-22T20:44:22.060+0500] {logging_mixin.py:190} INFO - [2025-11-22T20:44:22.058+0500] {dagbag.py:588} INFO - Filling up the DagBag from /mnt/c/Users/Raj/OneDrive - Åbo Akademi O365/banking/airflow/.venv/lib/python3.12/site-packages/airflow/example_dags/example_dataset_alias.py
[2025-11-22T20:44:22.210+0500] {processor.py:925} INFO - DAG(s) 'dataset_alias_example_alias_producer', 'dataset_alias_example_alias_consumer', 'dataset_s3_bucket_consumer', 'dataset_s3_bucket_producer' retrieved from /mnt/c/Users/Raj/OneDrive - Åbo Akademi O365/banking/airflow/.venv/lib/python3.12/site-packages/airflow/example_dags/example_dataset_alias.py
[2025-11-22T20:44:22.272+0500] {logging_mixin.py:190} INFO - [2025-11-22T20:44:22.271+0500] {dag.py:3239} INFO - Sync 4 DAGs
[2025-11-22T20:44:22.295+0500] {logging_mixin.py:190} INFO - [2025-11-22T20:44:22.294+0500] {dag.py:4180} INFO - Setting next_dagrun for dataset_alias_example_alias_consumer to None, run_after=None
[2025-11-22T20:44:22.302+0500] {logging_mixin.py:190} INFO - [2025-11-22T20:44:22.300+0500] {dag.py:4180} INFO - Setting next_dagrun for dataset_alias_example_alias_producer to None, run_after=None
[2025-11-22T20:44:22.307+0500] {logging_mixin.py:190} INFO - [2025-11-22T20:44:22.306+0500] {dag.py:4180} INFO - Setting next_dagrun for dataset_s3_bucket_consumer to None, run_after=None
[2025-11-22T20:44:22.312+0500] {logging_mixin.py:190} INFO - [2025-11-22T20:44:22.311+0500] {dag.py:4180} INFO - Setting next_dagrun for dataset_s3_bucket_producer to None, run_after=None
[2025-11-22T20:44:22.393+0500] {processor.py:208} INFO - Processing /mnt/c/Users/Raj/OneDrive - Åbo Akademi O365/banking/airflow/.venv/lib/python3.12/site-packages/airflow/example_dags/example_dataset_alias.py took 0.357 seconds
[2025-11-22T20:45:57.757+0500] {processor.py:186} INFO - Started process (PID=67185) to work on /mnt/c/Users/Raj/OneDrive - Åbo Akademi O365/banking/airflow/.venv/lib/python3.12/site-packages/airflow/example_dags/example_dataset_alias.py
[2025-11-22T20:45:57.760+0500] {processor.py:914} INFO - Processing file /mnt/c/Users/Raj/OneDrive - Åbo Akademi O365/banking/airflow/.venv/lib/python3.12/site-packages/airflow/example_dags/example_dataset_alias.py for tasks to queue
[2025-11-22T20:45:57.763+0500] {logging_mixin.py:190} INFO - [2025-11-22T20:45:57.762+0500] {dagbag.py:588} INFO - Filling up the DagBag from /mnt/c/Users/Raj/OneDrive - Åbo Akademi O365/banking/airflow/.venv/lib/python3.12/site-packages/airflow/example_dags/example_dataset_alias.py
[2025-11-22T20:45:57.906+0500] {processor.py:925} INFO - DAG(s) 'dataset_s3_bucket_consumer', 'dataset_s3_bucket_producer', 'dataset_alias_example_alias_consumer', 'dataset_alias_example_alias_producer' retrieved from /mnt/c/Users/Raj/OneDrive - Åbo Akademi O365/banking/airflow/.venv/lib/python3.12/site-packages/airflow/example_dags/example_dataset_alias.py
[2025-11-22T20:45:57.965+0500] {logging_mixin.py:190} INFO - [2025-11-22T20:45:57.964+0500] {dag.py:3239} INFO - Sync 4 DAGs
[2025-11-22T20:45:57.991+0500] {logging_mixin.py:190} INFO - [2025-11-22T20:45:57.990+0500] {dag.py:4180} INFO - Setting next_dagrun for dataset_alias_example_alias_consumer to None, run_after=None
[2025-11-22T20:45:58.000+0500] {logging_mixin.py:190} INFO - [2025-11-22T20:45:57.999+0500] {dag.py:4180} INFO - Setting next_dagrun for dataset_alias_example_alias_producer to None, run_after=None
[2025-11-22T20:45:58.005+0500] {logging_mixin.py:190} INFO - [2025-11-22T20:45:58.004+0500] {dag.py:4180} INFO - Setting next_dagrun for dataset_s3_bucket_consumer to None, run_after=None
[2025-11-22T20:45:58.008+0500] {logging_mixin.py:190} INFO - [2025-11-22T20:45:58.008+0500] {dag.py:4180} INFO - Setting next_dagrun for dataset_s3_bucket_producer to None, run_after=None
[2025-11-22T20:45:58.082+0500] {processor.py:208} INFO - Processing /mnt/c/Users/Raj/OneDrive - Åbo Akademi O365/banking/airflow/.venv/lib/python3.12/site-packages/airflow/example_dags/example_dataset_alias.py took 0.341 seconds
[2025-11-22T20:47:41.745+0500] {processor.py:186} INFO - Started process (PID=67265) to work on /mnt/c/Users/Raj/OneDrive - Åbo Akademi O365/banking/airflow/.venv/lib/python3.12/site-packages/airflow/example_dags/example_dataset_alias.py
[2025-11-22T20:47:41.747+0500] {processor.py:914} INFO - Processing file /mnt/c/Users/Raj/OneDrive - Åbo Akademi O365/banking/airflow/.venv/lib/python3.12/site-packages/airflow/example_dags/example_dataset_alias.py for tasks to queue
[2025-11-22T20:47:41.750+0500] {logging_mixin.py:190} INFO - [2025-11-22T20:47:41.749+0500] {dagbag.py:588} INFO - Filling up the DagBag from /mnt/c/Users/Raj/OneDrive - Åbo Akademi O365/banking/airflow/.venv/lib/python3.12/site-packages/airflow/example_dags/example_dataset_alias.py
[2025-11-22T20:47:41.861+0500] {processor.py:925} INFO - DAG(s) 'dataset_alias_example_alias_producer', 'dataset_s3_bucket_consumer', 'dataset_s3_bucket_producer', 'dataset_alias_example_alias_consumer' retrieved from /mnt/c/Users/Raj/OneDrive - Åbo Akademi O365/banking/airflow/.venv/lib/python3.12/site-packages/airflow/example_dags/example_dataset_alias.py
[2025-11-22T20:47:41.907+0500] {logging_mixin.py:190} INFO - [2025-11-22T20:47:41.907+0500] {dag.py:3239} INFO - Sync 4 DAGs
[2025-11-22T20:47:41.931+0500] {logging_mixin.py:190} INFO - [2025-11-22T20:47:41.930+0500] {dag.py:4180} INFO - Setting next_dagrun for dataset_alias_example_alias_consumer to None, run_after=None
[2025-11-22T20:47:41.937+0500] {logging_mixin.py:190} INFO - [2025-11-22T20:47:41.936+0500] {dag.py:4180} INFO - Setting next_dagrun for dataset_alias_example_alias_producer to None, run_after=None
[2025-11-22T20:47:41.941+0500] {logging_mixin.py:190} INFO - [2025-11-22T20:47:41.940+0500] {dag.py:4180} INFO - Setting next_dagrun for dataset_s3_bucket_consumer to None, run_after=None
[2025-11-22T20:47:41.946+0500] {logging_mixin.py:190} INFO - [2025-11-22T20:47:41.945+0500] {dag.py:4180} INFO - Setting next_dagrun for dataset_s3_bucket_producer to None, run_after=None
[2025-11-22T20:47:42.020+0500] {processor.py:208} INFO - Processing /mnt/c/Users/Raj/OneDrive - Åbo Akademi O365/banking/airflow/.venv/lib/python3.12/site-packages/airflow/example_dags/example_dataset_alias.py took 0.287 seconds
[2025-11-22T20:49:21.945+0500] {processor.py:186} INFO - Started process (PID=67345) to work on /mnt/c/Users/Raj/OneDrive - Åbo Akademi O365/banking/airflow/.venv/lib/python3.12/site-packages/airflow/example_dags/example_dataset_alias.py
[2025-11-22T20:49:21.947+0500] {processor.py:914} INFO - Processing file /mnt/c/Users/Raj/OneDrive - Åbo Akademi O365/banking/airflow/.venv/lib/python3.12/site-packages/airflow/example_dags/example_dataset_alias.py for tasks to queue
[2025-11-22T20:49:21.950+0500] {logging_mixin.py:190} INFO - [2025-11-22T20:49:21.949+0500] {dagbag.py:588} INFO - Filling up the DagBag from /mnt/c/Users/Raj/OneDrive - Åbo Akademi O365/banking/airflow/.venv/lib/python3.12/site-packages/airflow/example_dags/example_dataset_alias.py
[2025-11-22T20:49:22.106+0500] {processor.py:925} INFO - DAG(s) 'dataset_s3_bucket_producer', 'dataset_alias_example_alias_consumer', 'dataset_s3_bucket_consumer', 'dataset_alias_example_alias_producer' retrieved from /mnt/c/Users/Raj/OneDrive - Åbo Akademi O365/banking/airflow/.venv/lib/python3.12/site-packages/airflow/example_dags/example_dataset_alias.py
[2025-11-22T20:49:22.175+0500] {logging_mixin.py:190} INFO - [2025-11-22T20:49:22.174+0500] {dag.py:3239} INFO - Sync 4 DAGs
[2025-11-22T20:49:22.212+0500] {logging_mixin.py:190} INFO - [2025-11-22T20:49:22.210+0500] {dag.py:4180} INFO - Setting next_dagrun for dataset_alias_example_alias_consumer to None, run_after=None
[2025-11-22T20:49:22.218+0500] {logging_mixin.py:190} INFO - [2025-11-22T20:49:22.217+0500] {dag.py:4180} INFO - Setting next_dagrun for dataset_alias_example_alias_producer to None, run_after=None
[2025-11-22T20:49:22.223+0500] {logging_mixin.py:190} INFO - [2025-11-22T20:49:22.222+0500] {dag.py:4180} INFO - Setting next_dagrun for dataset_s3_bucket_consumer to None, run_after=None
[2025-11-22T20:49:22.227+0500] {logging_mixin.py:190} INFO - [2025-11-22T20:49:22.226+0500] {dag.py:4180} INFO - Setting next_dagrun for dataset_s3_bucket_producer to None, run_after=None
[2025-11-22T20:49:22.314+0500] {processor.py:208} INFO - Processing /mnt/c/Users/Raj/OneDrive - Åbo Akademi O365/banking/airflow/.venv/lib/python3.12/site-packages/airflow/example_dags/example_dataset_alias.py took 0.381 seconds
[2025-11-22T20:51:04.340+0500] {processor.py:186} INFO - Started process (PID=67420) to work on /mnt/c/Users/Raj/OneDrive - Åbo Akademi O365/banking/airflow/.venv/lib/python3.12/site-packages/airflow/example_dags/example_dataset_alias.py
[2025-11-22T20:51:04.342+0500] {processor.py:914} INFO - Processing file /mnt/c/Users/Raj/OneDrive - Åbo Akademi O365/banking/airflow/.venv/lib/python3.12/site-packages/airflow/example_dags/example_dataset_alias.py for tasks to queue
[2025-11-22T20:51:04.346+0500] {logging_mixin.py:190} INFO - [2025-11-22T20:51:04.344+0500] {dagbag.py:588} INFO - Filling up the DagBag from /mnt/c/Users/Raj/OneDrive - Åbo Akademi O365/banking/airflow/.venv/lib/python3.12/site-packages/airflow/example_dags/example_dataset_alias.py
[2025-11-22T20:51:04.483+0500] {processor.py:925} INFO - DAG(s) 'dataset_alias_example_alias_consumer', 'dataset_s3_bucket_consumer', 'dataset_alias_example_alias_producer', 'dataset_s3_bucket_producer' retrieved from /mnt/c/Users/Raj/OneDrive - Åbo Akademi O365/banking/airflow/.venv/lib/python3.12/site-packages/airflow/example_dags/example_dataset_alias.py
[2025-11-22T20:51:04.542+0500] {logging_mixin.py:190} INFO - [2025-11-22T20:51:04.540+0500] {dag.py:3239} INFO - Sync 4 DAGs
[2025-11-22T20:51:04.576+0500] {logging_mixin.py:190} INFO - [2025-11-22T20:51:04.575+0500] {dag.py:4180} INFO - Setting next_dagrun for dataset_alias_example_alias_consumer to None, run_after=None
[2025-11-22T20:51:04.581+0500] {logging_mixin.py:190} INFO - [2025-11-22T20:51:04.580+0500] {dag.py:4180} INFO - Setting next_dagrun for dataset_alias_example_alias_producer to None, run_after=None
[2025-11-22T20:51:04.584+0500] {logging_mixin.py:190} INFO - [2025-11-22T20:51:04.584+0500] {dag.py:4180} INFO - Setting next_dagrun for dataset_s3_bucket_consumer to None, run_after=None
[2025-11-22T20:51:04.588+0500] {logging_mixin.py:190} INFO - [2025-11-22T20:51:04.587+0500] {dag.py:4180} INFO - Setting next_dagrun for dataset_s3_bucket_producer to None, run_after=None
[2025-11-22T20:51:04.664+0500] {processor.py:208} INFO - Processing /mnt/c/Users/Raj/OneDrive - Åbo Akademi O365/banking/airflow/.venv/lib/python3.12/site-packages/airflow/example_dags/example_dataset_alias.py took 0.340 seconds
[2025-11-22T20:52:49.460+0500] {processor.py:186} INFO - Started process (PID=67503) to work on /mnt/c/Users/Raj/OneDrive - Åbo Akademi O365/banking/airflow/.venv/lib/python3.12/site-packages/airflow/example_dags/example_dataset_alias.py
[2025-11-22T20:52:49.463+0500] {processor.py:914} INFO - Processing file /mnt/c/Users/Raj/OneDrive - Åbo Akademi O365/banking/airflow/.venv/lib/python3.12/site-packages/airflow/example_dags/example_dataset_alias.py for tasks to queue
[2025-11-22T20:52:49.466+0500] {logging_mixin.py:190} INFO - [2025-11-22T20:52:49.465+0500] {dagbag.py:588} INFO - Filling up the DagBag from /mnt/c/Users/Raj/OneDrive - Åbo Akademi O365/banking/airflow/.venv/lib/python3.12/site-packages/airflow/example_dags/example_dataset_alias.py
[2025-11-22T20:52:49.600+0500] {processor.py:925} INFO - DAG(s) 'dataset_s3_bucket_consumer', 'dataset_s3_bucket_producer', 'dataset_alias_example_alias_consumer', 'dataset_alias_example_alias_producer' retrieved from /mnt/c/Users/Raj/OneDrive - Åbo Akademi O365/banking/airflow/.venv/lib/python3.12/site-packages/airflow/example_dags/example_dataset_alias.py
[2025-11-22T20:52:49.653+0500] {logging_mixin.py:190} INFO - [2025-11-22T20:52:49.652+0500] {dag.py:3239} INFO - Sync 4 DAGs
[2025-11-22T20:52:49.679+0500] {logging_mixin.py:190} INFO - [2025-11-22T20:52:49.678+0500] {dag.py:4180} INFO - Setting next_dagrun for dataset_alias_example_alias_consumer to None, run_after=None
[2025-11-22T20:52:49.687+0500] {logging_mixin.py:190} INFO - [2025-11-22T20:52:49.685+0500] {dag.py:4180} INFO - Setting next_dagrun for dataset_alias_example_alias_producer to None, run_after=None
[2025-11-22T20:52:49.692+0500] {logging_mixin.py:190} INFO - [2025-11-22T20:52:49.690+0500] {dag.py:4180} INFO - Setting next_dagrun for dataset_s3_bucket_consumer to None, run_after=None
[2025-11-22T20:52:49.696+0500] {logging_mixin.py:190} INFO - [2025-11-22T20:52:49.695+0500] {dag.py:4180} INFO - Setting next_dagrun for dataset_s3_bucket_producer to None, run_after=None
[2025-11-22T20:52:49.774+0500] {processor.py:208} INFO - Processing /mnt/c/Users/Raj/OneDrive - Åbo Akademi O365/banking/airflow/.venv/lib/python3.12/site-packages/airflow/example_dags/example_dataset_alias.py took 0.330 seconds
[2025-11-22T20:54:30.656+0500] {processor.py:186} INFO - Started process (PID=67585) to work on /mnt/c/Users/Raj/OneDrive - Åbo Akademi O365/banking/airflow/.venv/lib/python3.12/site-packages/airflow/example_dags/example_dataset_alias.py
[2025-11-22T20:54:30.658+0500] {processor.py:914} INFO - Processing file /mnt/c/Users/Raj/OneDrive - Åbo Akademi O365/banking/airflow/.venv/lib/python3.12/site-packages/airflow/example_dags/example_dataset_alias.py for tasks to queue
[2025-11-22T20:54:30.662+0500] {logging_mixin.py:190} INFO - [2025-11-22T20:54:30.660+0500] {dagbag.py:588} INFO - Filling up the DagBag from /mnt/c/Users/Raj/OneDrive - Åbo Akademi O365/banking/airflow/.venv/lib/python3.12/site-packages/airflow/example_dags/example_dataset_alias.py
[2025-11-22T20:54:30.782+0500] {processor.py:925} INFO - DAG(s) 'dataset_alias_example_alias_consumer', 'dataset_s3_bucket_producer', 'dataset_s3_bucket_consumer', 'dataset_alias_example_alias_producer' retrieved from /mnt/c/Users/Raj/OneDrive - Åbo Akademi O365/banking/airflow/.venv/lib/python3.12/site-packages/airflow/example_dags/example_dataset_alias.py
[2025-11-22T20:54:30.837+0500] {logging_mixin.py:190} INFO - [2025-11-22T20:54:30.836+0500] {dag.py:3239} INFO - Sync 4 DAGs
[2025-11-22T20:54:30.863+0500] {logging_mixin.py:190} INFO - [2025-11-22T20:54:30.862+0500] {dag.py:4180} INFO - Setting next_dagrun for dataset_alias_example_alias_consumer to None, run_after=None
[2025-11-22T20:54:30.868+0500] {logging_mixin.py:190} INFO - [2025-11-22T20:54:30.867+0500] {dag.py:4180} INFO - Setting next_dagrun for dataset_alias_example_alias_producer to None, run_after=None
[2025-11-22T20:54:30.871+0500] {logging_mixin.py:190} INFO - [2025-11-22T20:54:30.870+0500] {dag.py:4180} INFO - Setting next_dagrun for dataset_s3_bucket_consumer to None, run_after=None
[2025-11-22T20:54:30.875+0500] {logging_mixin.py:190} INFO - [2025-11-22T20:54:30.874+0500] {dag.py:4180} INFO - Setting next_dagrun for dataset_s3_bucket_producer to None, run_after=None
[2025-11-22T20:54:30.950+0500] {processor.py:208} INFO - Processing /mnt/c/Users/Raj/OneDrive - Åbo Akademi O365/banking/airflow/.venv/lib/python3.12/site-packages/airflow/example_dags/example_dataset_alias.py took 0.308 seconds
[2025-11-22T20:56:15.507+0500] {processor.py:186} INFO - Started process (PID=67750) to work on /mnt/c/Users/Raj/OneDrive - Åbo Akademi O365/banking/airflow/.venv/lib/python3.12/site-packages/airflow/example_dags/example_dataset_alias.py
[2025-11-22T20:56:15.510+0500] {processor.py:914} INFO - Processing file /mnt/c/Users/Raj/OneDrive - Åbo Akademi O365/banking/airflow/.venv/lib/python3.12/site-packages/airflow/example_dags/example_dataset_alias.py for tasks to queue
[2025-11-22T20:56:15.516+0500] {logging_mixin.py:190} INFO - [2025-11-22T20:56:15.514+0500] {dagbag.py:588} INFO - Filling up the DagBag from /mnt/c/Users/Raj/OneDrive - Åbo Akademi O365/banking/airflow/.venv/lib/python3.12/site-packages/airflow/example_dags/example_dataset_alias.py
[2025-11-22T20:56:15.678+0500] {processor.py:925} INFO - DAG(s) 'dataset_alias_example_alias_consumer', 'dataset_alias_example_alias_producer', 'dataset_s3_bucket_consumer', 'dataset_s3_bucket_producer' retrieved from /mnt/c/Users/Raj/OneDrive - Åbo Akademi O365/banking/airflow/.venv/lib/python3.12/site-packages/airflow/example_dags/example_dataset_alias.py
[2025-11-22T20:56:15.747+0500] {logging_mixin.py:190} INFO - [2025-11-22T20:56:15.746+0500] {dag.py:3239} INFO - Sync 4 DAGs
[2025-11-22T20:56:15.787+0500] {logging_mixin.py:190} INFO - [2025-11-22T20:56:15.786+0500] {dag.py:4180} INFO - Setting next_dagrun for dataset_alias_example_alias_consumer to None, run_after=None
[2025-11-22T20:56:15.795+0500] {logging_mixin.py:190} INFO - [2025-11-22T20:56:15.793+0500] {dag.py:4180} INFO - Setting next_dagrun for dataset_alias_example_alias_producer to None, run_after=None
[2025-11-22T20:56:15.801+0500] {logging_mixin.py:190} INFO - [2025-11-22T20:56:15.799+0500] {dag.py:4180} INFO - Setting next_dagrun for dataset_s3_bucket_consumer to None, run_after=None
[2025-11-22T20:56:15.808+0500] {logging_mixin.py:190} INFO - [2025-11-22T20:56:15.806+0500] {dag.py:4180} INFO - Setting next_dagrun for dataset_s3_bucket_producer to None, run_after=None
[2025-11-22T20:56:15.897+0500] {processor.py:208} INFO - Processing /mnt/c/Users/Raj/OneDrive - Åbo Akademi O365/banking/airflow/.venv/lib/python3.12/site-packages/airflow/example_dags/example_dataset_alias.py took 0.416 seconds
[2025-11-22T20:57:57.422+0500] {processor.py:186} INFO - Started process (PID=67830) to work on /mnt/c/Users/Raj/OneDrive - Åbo Akademi O365/banking/airflow/.venv/lib/python3.12/site-packages/airflow/example_dags/example_dataset_alias.py
[2025-11-22T20:57:57.424+0500] {processor.py:914} INFO - Processing file /mnt/c/Users/Raj/OneDrive - Åbo Akademi O365/banking/airflow/.venv/lib/python3.12/site-packages/airflow/example_dags/example_dataset_alias.py for tasks to queue
[2025-11-22T20:57:57.428+0500] {logging_mixin.py:190} INFO - [2025-11-22T20:57:57.426+0500] {dagbag.py:588} INFO - Filling up the DagBag from /mnt/c/Users/Raj/OneDrive - Åbo Akademi O365/banking/airflow/.venv/lib/python3.12/site-packages/airflow/example_dags/example_dataset_alias.py
[2025-11-22T20:57:57.599+0500] {processor.py:925} INFO - DAG(s) 'dataset_alias_example_alias_consumer', 'dataset_s3_bucket_producer', 'dataset_alias_example_alias_producer', 'dataset_s3_bucket_consumer' retrieved from /mnt/c/Users/Raj/OneDrive - Åbo Akademi O365/banking/airflow/.venv/lib/python3.12/site-packages/airflow/example_dags/example_dataset_alias.py
[2025-11-22T20:57:57.668+0500] {logging_mixin.py:190} INFO - [2025-11-22T20:57:57.666+0500] {dag.py:3239} INFO - Sync 4 DAGs
[2025-11-22T20:57:57.697+0500] {logging_mixin.py:190} INFO - [2025-11-22T20:57:57.695+0500] {dag.py:4180} INFO - Setting next_dagrun for dataset_alias_example_alias_consumer to None, run_after=None
[2025-11-22T20:57:57.704+0500] {logging_mixin.py:190} INFO - [2025-11-22T20:57:57.703+0500] {dag.py:4180} INFO - Setting next_dagrun for dataset_alias_example_alias_producer to None, run_after=None
[2025-11-22T20:57:57.709+0500] {logging_mixin.py:190} INFO - [2025-11-22T20:57:57.708+0500] {dag.py:4180} INFO - Setting next_dagrun for dataset_s3_bucket_consumer to None, run_after=None
[2025-11-22T20:57:57.714+0500] {logging_mixin.py:190} INFO - [2025-11-22T20:57:57.713+0500] {dag.py:4180} INFO - Setting next_dagrun for dataset_s3_bucket_producer to None, run_after=None
[2025-11-22T20:57:57.792+0500] {processor.py:208} INFO - Processing /mnt/c/Users/Raj/OneDrive - Åbo Akademi O365/banking/airflow/.venv/lib/python3.12/site-packages/airflow/example_dags/example_dataset_alias.py took 0.383 seconds
[2025-11-22T20:59:37.739+0500] {processor.py:186} INFO - Started process (PID=67911) to work on /mnt/c/Users/Raj/OneDrive - Åbo Akademi O365/banking/airflow/.venv/lib/python3.12/site-packages/airflow/example_dags/example_dataset_alias.py
[2025-11-22T20:59:37.742+0500] {processor.py:914} INFO - Processing file /mnt/c/Users/Raj/OneDrive - Åbo Akademi O365/banking/airflow/.venv/lib/python3.12/site-packages/airflow/example_dags/example_dataset_alias.py for tasks to queue
[2025-11-22T20:59:37.745+0500] {logging_mixin.py:190} INFO - [2025-11-22T20:59:37.744+0500] {dagbag.py:588} INFO - Filling up the DagBag from /mnt/c/Users/Raj/OneDrive - Åbo Akademi O365/banking/airflow/.venv/lib/python3.12/site-packages/airflow/example_dags/example_dataset_alias.py
[2025-11-22T20:59:37.881+0500] {processor.py:925} INFO - DAG(s) 'dataset_s3_bucket_producer', 'dataset_s3_bucket_consumer', 'dataset_alias_example_alias_producer', 'dataset_alias_example_alias_consumer' retrieved from /mnt/c/Users/Raj/OneDrive - Åbo Akademi O365/banking/airflow/.venv/lib/python3.12/site-packages/airflow/example_dags/example_dataset_alias.py
[2025-11-22T20:59:37.930+0500] {logging_mixin.py:190} INFO - [2025-11-22T20:59:37.929+0500] {dag.py:3239} INFO - Sync 4 DAGs
[2025-11-22T20:59:37.952+0500] {logging_mixin.py:190} INFO - [2025-11-22T20:59:37.951+0500] {dag.py:4180} INFO - Setting next_dagrun for dataset_alias_example_alias_consumer to None, run_after=None
[2025-11-22T20:59:37.956+0500] {logging_mixin.py:190} INFO - [2025-11-22T20:59:37.956+0500] {dag.py:4180} INFO - Setting next_dagrun for dataset_alias_example_alias_producer to None, run_after=None
[2025-11-22T20:59:37.960+0500] {logging_mixin.py:190} INFO - [2025-11-22T20:59:37.959+0500] {dag.py:4180} INFO - Setting next_dagrun for dataset_s3_bucket_consumer to None, run_after=None
[2025-11-22T20:59:37.963+0500] {logging_mixin.py:190} INFO - [2025-11-22T20:59:37.963+0500] {dag.py:4180} INFO - Setting next_dagrun for dataset_s3_bucket_producer to None, run_after=None
[2025-11-22T20:59:38.029+0500] {processor.py:208} INFO - Processing /mnt/c/Users/Raj/OneDrive - Åbo Akademi O365/banking/airflow/.venv/lib/python3.12/site-packages/airflow/example_dags/example_dataset_alias.py took 0.304 seconds
[2025-11-22T21:01:20.632+0500] {processor.py:186} INFO - Started process (PID=67986) to work on /mnt/c/Users/Raj/OneDrive - Åbo Akademi O365/banking/airflow/.venv/lib/python3.12/site-packages/airflow/example_dags/example_dataset_alias.py
[2025-11-22T21:01:20.635+0500] {processor.py:914} INFO - Processing file /mnt/c/Users/Raj/OneDrive - Åbo Akademi O365/banking/airflow/.venv/lib/python3.12/site-packages/airflow/example_dags/example_dataset_alias.py for tasks to queue
[2025-11-22T21:01:20.638+0500] {logging_mixin.py:190} INFO - [2025-11-22T21:01:20.637+0500] {dagbag.py:588} INFO - Filling up the DagBag from /mnt/c/Users/Raj/OneDrive - Åbo Akademi O365/banking/airflow/.venv/lib/python3.12/site-packages/airflow/example_dags/example_dataset_alias.py
[2025-11-22T21:01:20.819+0500] {processor.py:925} INFO - DAG(s) 'dataset_s3_bucket_consumer', 'dataset_alias_example_alias_consumer', 'dataset_alias_example_alias_producer', 'dataset_s3_bucket_producer' retrieved from /mnt/c/Users/Raj/OneDrive - Åbo Akademi O365/banking/airflow/.venv/lib/python3.12/site-packages/airflow/example_dags/example_dataset_alias.py
[2025-11-22T21:01:20.897+0500] {logging_mixin.py:190} INFO - [2025-11-22T21:01:20.896+0500] {dag.py:3239} INFO - Sync 4 DAGs
[2025-11-22T21:01:20.948+0500] {logging_mixin.py:190} INFO - [2025-11-22T21:01:20.946+0500] {dag.py:4180} INFO - Setting next_dagrun for dataset_alias_example_alias_consumer to None, run_after=None
[2025-11-22T21:01:20.958+0500] {logging_mixin.py:190} INFO - [2025-11-22T21:01:20.957+0500] {dag.py:4180} INFO - Setting next_dagrun for dataset_alias_example_alias_producer to None, run_after=None
[2025-11-22T21:01:20.965+0500] {logging_mixin.py:190} INFO - [2025-11-22T21:01:20.964+0500] {dag.py:4180} INFO - Setting next_dagrun for dataset_s3_bucket_consumer to None, run_after=None
[2025-11-22T21:01:20.975+0500] {logging_mixin.py:190} INFO - [2025-11-22T21:01:20.974+0500] {dag.py:4180} INFO - Setting next_dagrun for dataset_s3_bucket_producer to None, run_after=None
[2025-11-22T21:01:21.086+0500] {processor.py:208} INFO - Processing /mnt/c/Users/Raj/OneDrive - Åbo Akademi O365/banking/airflow/.venv/lib/python3.12/site-packages/airflow/example_dags/example_dataset_alias.py took 0.471 seconds
[2025-11-22T21:03:43.961+0500] {processor.py:186} INFO - Started process (PID=68116) to work on /mnt/c/Users/Raj/OneDrive - Åbo Akademi O365/banking/airflow/.venv/lib/python3.12/site-packages/airflow/example_dags/example_dataset_alias.py
[2025-11-22T21:03:43.963+0500] {processor.py:914} INFO - Processing file /mnt/c/Users/Raj/OneDrive - Åbo Akademi O365/banking/airflow/.venv/lib/python3.12/site-packages/airflow/example_dags/example_dataset_alias.py for tasks to queue
[2025-11-22T21:03:43.966+0500] {logging_mixin.py:190} INFO - [2025-11-22T21:03:43.965+0500] {dagbag.py:588} INFO - Filling up the DagBag from /mnt/c/Users/Raj/OneDrive - Åbo Akademi O365/banking/airflow/.venv/lib/python3.12/site-packages/airflow/example_dags/example_dataset_alias.py
[2025-11-22T21:03:44.091+0500] {processor.py:925} INFO - DAG(s) 'dataset_s3_bucket_consumer', 'dataset_alias_example_alias_consumer', 'dataset_alias_example_alias_producer', 'dataset_s3_bucket_producer' retrieved from /mnt/c/Users/Raj/OneDrive - Åbo Akademi O365/banking/airflow/.venv/lib/python3.12/site-packages/airflow/example_dags/example_dataset_alias.py
[2025-11-22T21:03:44.143+0500] {logging_mixin.py:190} INFO - [2025-11-22T21:03:44.142+0500] {dag.py:3239} INFO - Sync 4 DAGs
[2025-11-22T21:03:44.168+0500] {logging_mixin.py:190} INFO - [2025-11-22T21:03:44.167+0500] {dag.py:4180} INFO - Setting next_dagrun for dataset_alias_example_alias_consumer to None, run_after=None
[2025-11-22T21:03:44.173+0500] {logging_mixin.py:190} INFO - [2025-11-22T21:03:44.172+0500] {dag.py:4180} INFO - Setting next_dagrun for dataset_alias_example_alias_producer to None, run_after=None
[2025-11-22T21:03:44.177+0500] {logging_mixin.py:190} INFO - [2025-11-22T21:03:44.177+0500] {dag.py:4180} INFO - Setting next_dagrun for dataset_s3_bucket_consumer to None, run_after=None
[2025-11-22T21:03:44.181+0500] {logging_mixin.py:190} INFO - [2025-11-22T21:03:44.180+0500] {dag.py:4180} INFO - Setting next_dagrun for dataset_s3_bucket_producer to None, run_after=None
[2025-11-22T21:03:44.246+0500] {processor.py:208} INFO - Processing /mnt/c/Users/Raj/OneDrive - Åbo Akademi O365/banking/airflow/.venv/lib/python3.12/site-packages/airflow/example_dags/example_dataset_alias.py took 0.300 seconds
[2025-11-22T21:08:10.672+0500] {processor.py:186} INFO - Started process (PID=68311) to work on /mnt/c/Users/Raj/OneDrive - Åbo Akademi O365/banking/airflow/.venv/lib/python3.12/site-packages/airflow/example_dags/example_dataset_alias.py
[2025-11-22T21:08:10.674+0500] {processor.py:914} INFO - Processing file /mnt/c/Users/Raj/OneDrive - Åbo Akademi O365/banking/airflow/.venv/lib/python3.12/site-packages/airflow/example_dags/example_dataset_alias.py for tasks to queue
[2025-11-22T21:08:10.677+0500] {logging_mixin.py:190} INFO - [2025-11-22T21:08:10.675+0500] {dagbag.py:588} INFO - Filling up the DagBag from /mnt/c/Users/Raj/OneDrive - Åbo Akademi O365/banking/airflow/.venv/lib/python3.12/site-packages/airflow/example_dags/example_dataset_alias.py
[2025-11-22T21:08:10.818+0500] {processor.py:925} INFO - DAG(s) 'dataset_s3_bucket_consumer', 'dataset_alias_example_alias_producer', 'dataset_s3_bucket_producer', 'dataset_alias_example_alias_consumer' retrieved from /mnt/c/Users/Raj/OneDrive - Åbo Akademi O365/banking/airflow/.venv/lib/python3.12/site-packages/airflow/example_dags/example_dataset_alias.py
[2025-11-22T21:08:10.885+0500] {logging_mixin.py:190} INFO - [2025-11-22T21:08:10.884+0500] {dag.py:3239} INFO - Sync 4 DAGs
[2025-11-22T21:08:10.908+0500] {logging_mixin.py:190} INFO - [2025-11-22T21:08:10.907+0500] {dag.py:4180} INFO - Setting next_dagrun for dataset_alias_example_alias_consumer to None, run_after=None
[2025-11-22T21:08:10.913+0500] {logging_mixin.py:190} INFO - [2025-11-22T21:08:10.912+0500] {dag.py:4180} INFO - Setting next_dagrun for dataset_alias_example_alias_producer to None, run_after=None
[2025-11-22T21:08:10.916+0500] {logging_mixin.py:190} INFO - [2025-11-22T21:08:10.915+0500] {dag.py:4180} INFO - Setting next_dagrun for dataset_s3_bucket_consumer to None, run_after=None
[2025-11-22T21:08:10.919+0500] {logging_mixin.py:190} INFO - [2025-11-22T21:08:10.918+0500] {dag.py:4180} INFO - Setting next_dagrun for dataset_s3_bucket_producer to None, run_after=None
[2025-11-22T21:08:10.986+0500] {processor.py:208} INFO - Processing /mnt/c/Users/Raj/OneDrive - Åbo Akademi O365/banking/airflow/.venv/lib/python3.12/site-packages/airflow/example_dags/example_dataset_alias.py took 0.331 seconds
[2025-11-22T21:10:19.370+0500] {processor.py:186} INFO - Started process (PID=68406) to work on /mnt/c/Users/Raj/OneDrive - Åbo Akademi O365/banking/airflow/.venv/lib/python3.12/site-packages/airflow/example_dags/example_dataset_alias.py
[2025-11-22T21:10:19.373+0500] {processor.py:914} INFO - Processing file /mnt/c/Users/Raj/OneDrive - Åbo Akademi O365/banking/airflow/.venv/lib/python3.12/site-packages/airflow/example_dags/example_dataset_alias.py for tasks to queue
[2025-11-22T21:10:19.378+0500] {logging_mixin.py:190} INFO - [2025-11-22T21:10:19.376+0500] {dagbag.py:588} INFO - Filling up the DagBag from /mnt/c/Users/Raj/OneDrive - Åbo Akademi O365/banking/airflow/.venv/lib/python3.12/site-packages/airflow/example_dags/example_dataset_alias.py
[2025-11-22T21:10:19.553+0500] {processor.py:925} INFO - DAG(s) 'dataset_s3_bucket_consumer', 'dataset_alias_example_alias_consumer', 'dataset_s3_bucket_producer', 'dataset_alias_example_alias_producer' retrieved from /mnt/c/Users/Raj/OneDrive - Åbo Akademi O365/banking/airflow/.venv/lib/python3.12/site-packages/airflow/example_dags/example_dataset_alias.py
[2025-11-22T21:10:19.616+0500] {logging_mixin.py:190} INFO - [2025-11-22T21:10:19.615+0500] {dag.py:3239} INFO - Sync 4 DAGs
[2025-11-22T21:10:19.658+0500] {logging_mixin.py:190} INFO - [2025-11-22T21:10:19.657+0500] {dag.py:4180} INFO - Setting next_dagrun for dataset_alias_example_alias_consumer to None, run_after=None
[2025-11-22T21:10:19.665+0500] {logging_mixin.py:190} INFO - [2025-11-22T21:10:19.664+0500] {dag.py:4180} INFO - Setting next_dagrun for dataset_alias_example_alias_producer to None, run_after=None
[2025-11-22T21:10:19.671+0500] {logging_mixin.py:190} INFO - [2025-11-22T21:10:19.670+0500] {dag.py:4180} INFO - Setting next_dagrun for dataset_s3_bucket_consumer to None, run_after=None
[2025-11-22T21:10:19.677+0500] {logging_mixin.py:190} INFO - [2025-11-22T21:10:19.675+0500] {dag.py:4180} INFO - Setting next_dagrun for dataset_s3_bucket_producer to None, run_after=None
[2025-11-22T21:10:19.762+0500] {processor.py:208} INFO - Processing /mnt/c/Users/Raj/OneDrive - Åbo Akademi O365/banking/airflow/.venv/lib/python3.12/site-packages/airflow/example_dags/example_dataset_alias.py took 0.417 seconds
[2025-11-22T21:12:11.851+0500] {processor.py:186} INFO - Started process (PID=68490) to work on /mnt/c/Users/Raj/OneDrive - Åbo Akademi O365/banking/airflow/.venv/lib/python3.12/site-packages/airflow/example_dags/example_dataset_alias.py
[2025-11-22T21:12:11.853+0500] {processor.py:914} INFO - Processing file /mnt/c/Users/Raj/OneDrive - Åbo Akademi O365/banking/airflow/.venv/lib/python3.12/site-packages/airflow/example_dags/example_dataset_alias.py for tasks to queue
[2025-11-22T21:12:11.856+0500] {logging_mixin.py:190} INFO - [2025-11-22T21:12:11.855+0500] {dagbag.py:588} INFO - Filling up the DagBag from /mnt/c/Users/Raj/OneDrive - Åbo Akademi O365/banking/airflow/.venv/lib/python3.12/site-packages/airflow/example_dags/example_dataset_alias.py
[2025-11-22T21:12:11.996+0500] {processor.py:925} INFO - DAG(s) 'dataset_alias_example_alias_producer', 'dataset_alias_example_alias_consumer', 'dataset_s3_bucket_producer', 'dataset_s3_bucket_consumer' retrieved from /mnt/c/Users/Raj/OneDrive - Åbo Akademi O365/banking/airflow/.venv/lib/python3.12/site-packages/airflow/example_dags/example_dataset_alias.py
[2025-11-22T21:12:12.060+0500] {logging_mixin.py:190} INFO - [2025-11-22T21:12:12.059+0500] {dag.py:3239} INFO - Sync 4 DAGs
[2025-11-22T21:12:12.098+0500] {logging_mixin.py:190} INFO - [2025-11-22T21:12:12.096+0500] {dag.py:4180} INFO - Setting next_dagrun for dataset_alias_example_alias_consumer to None, run_after=None
[2025-11-22T21:12:12.106+0500] {logging_mixin.py:190} INFO - [2025-11-22T21:12:12.105+0500] {dag.py:4180} INFO - Setting next_dagrun for dataset_alias_example_alias_producer to None, run_after=None
[2025-11-22T21:12:12.111+0500] {logging_mixin.py:190} INFO - [2025-11-22T21:12:12.110+0500] {dag.py:4180} INFO - Setting next_dagrun for dataset_s3_bucket_consumer to None, run_after=None
[2025-11-22T21:12:12.117+0500] {logging_mixin.py:190} INFO - [2025-11-22T21:12:12.116+0500] {dag.py:4180} INFO - Setting next_dagrun for dataset_s3_bucket_producer to None, run_after=None
[2025-11-22T21:12:12.218+0500] {processor.py:208} INFO - Processing /mnt/c/Users/Raj/OneDrive - Åbo Akademi O365/banking/airflow/.venv/lib/python3.12/site-packages/airflow/example_dags/example_dataset_alias.py took 0.386 seconds
[2025-11-22T21:13:55.915+0500] {processor.py:186} INFO - Started process (PID=68567) to work on /mnt/c/Users/Raj/OneDrive - Åbo Akademi O365/banking/airflow/.venv/lib/python3.12/site-packages/airflow/example_dags/example_dataset_alias.py
[2025-11-22T21:13:55.917+0500] {processor.py:914} INFO - Processing file /mnt/c/Users/Raj/OneDrive - Åbo Akademi O365/banking/airflow/.venv/lib/python3.12/site-packages/airflow/example_dags/example_dataset_alias.py for tasks to queue
[2025-11-22T21:13:55.921+0500] {logging_mixin.py:190} INFO - [2025-11-22T21:13:55.920+0500] {dagbag.py:588} INFO - Filling up the DagBag from /mnt/c/Users/Raj/OneDrive - Åbo Akademi O365/banking/airflow/.venv/lib/python3.12/site-packages/airflow/example_dags/example_dataset_alias.py
[2025-11-22T21:13:56.038+0500] {processor.py:925} INFO - DAG(s) 'dataset_alias_example_alias_producer', 'dataset_alias_example_alias_consumer', 'dataset_s3_bucket_producer', 'dataset_s3_bucket_consumer' retrieved from /mnt/c/Users/Raj/OneDrive - Åbo Akademi O365/banking/airflow/.venv/lib/python3.12/site-packages/airflow/example_dags/example_dataset_alias.py
[2025-11-22T21:13:56.089+0500] {logging_mixin.py:190} INFO - [2025-11-22T21:13:56.088+0500] {dag.py:3239} INFO - Sync 4 DAGs
[2025-11-22T21:13:56.109+0500] {logging_mixin.py:190} INFO - [2025-11-22T21:13:56.109+0500] {dag.py:4180} INFO - Setting next_dagrun for dataset_alias_example_alias_consumer to None, run_after=None
[2025-11-22T21:13:56.114+0500] {logging_mixin.py:190} INFO - [2025-11-22T21:13:56.113+0500] {dag.py:4180} INFO - Setting next_dagrun for dataset_alias_example_alias_producer to None, run_after=None
[2025-11-22T21:13:56.117+0500] {logging_mixin.py:190} INFO - [2025-11-22T21:13:56.116+0500] {dag.py:4180} INFO - Setting next_dagrun for dataset_s3_bucket_consumer to None, run_after=None
[2025-11-22T21:13:56.120+0500] {logging_mixin.py:190} INFO - [2025-11-22T21:13:56.119+0500] {dag.py:4180} INFO - Setting next_dagrun for dataset_s3_bucket_producer to None, run_after=None
[2025-11-22T21:13:56.176+0500] {processor.py:208} INFO - Processing /mnt/c/Users/Raj/OneDrive - Åbo Akademi O365/banking/airflow/.venv/lib/python3.12/site-packages/airflow/example_dags/example_dataset_alias.py took 0.275 seconds
[2025-11-22T21:15:37.715+0500] {processor.py:186} INFO - Started process (PID=68647) to work on /mnt/c/Users/Raj/OneDrive - Åbo Akademi O365/banking/airflow/.venv/lib/python3.12/site-packages/airflow/example_dags/example_dataset_alias.py
[2025-11-22T21:15:37.717+0500] {processor.py:914} INFO - Processing file /mnt/c/Users/Raj/OneDrive - Åbo Akademi O365/banking/airflow/.venv/lib/python3.12/site-packages/airflow/example_dags/example_dataset_alias.py for tasks to queue
[2025-11-22T21:15:37.722+0500] {logging_mixin.py:190} INFO - [2025-11-22T21:15:37.720+0500] {dagbag.py:588} INFO - Filling up the DagBag from /mnt/c/Users/Raj/OneDrive - Åbo Akademi O365/banking/airflow/.venv/lib/python3.12/site-packages/airflow/example_dags/example_dataset_alias.py
[2025-11-22T21:15:37.868+0500] {processor.py:925} INFO - DAG(s) 'dataset_alias_example_alias_consumer', 'dataset_s3_bucket_producer', 'dataset_alias_example_alias_producer', 'dataset_s3_bucket_consumer' retrieved from /mnt/c/Users/Raj/OneDrive - Åbo Akademi O365/banking/airflow/.venv/lib/python3.12/site-packages/airflow/example_dags/example_dataset_alias.py
[2025-11-22T21:15:37.934+0500] {logging_mixin.py:190} INFO - [2025-11-22T21:15:37.933+0500] {dag.py:3239} INFO - Sync 4 DAGs
[2025-11-22T21:15:37.962+0500] {logging_mixin.py:190} INFO - [2025-11-22T21:15:37.961+0500] {dag.py:4180} INFO - Setting next_dagrun for dataset_alias_example_alias_consumer to None, run_after=None
[2025-11-22T21:15:37.968+0500] {logging_mixin.py:190} INFO - [2025-11-22T21:15:37.967+0500] {dag.py:4180} INFO - Setting next_dagrun for dataset_alias_example_alias_producer to None, run_after=None
[2025-11-22T21:15:37.974+0500] {logging_mixin.py:190} INFO - [2025-11-22T21:15:37.972+0500] {dag.py:4180} INFO - Setting next_dagrun for dataset_s3_bucket_consumer to None, run_after=None
[2025-11-22T21:15:37.981+0500] {logging_mixin.py:190} INFO - [2025-11-22T21:15:37.980+0500] {dag.py:4180} INFO - Setting next_dagrun for dataset_s3_bucket_producer to None, run_after=None
[2025-11-22T21:15:38.061+0500] {processor.py:208} INFO - Processing /mnt/c/Users/Raj/OneDrive - Åbo Akademi O365/banking/airflow/.venv/lib/python3.12/site-packages/airflow/example_dags/example_dataset_alias.py took 0.364 seconds
[2025-11-22T21:17:15.425+0500] {processor.py:186} INFO - Started process (PID=68728) to work on /mnt/c/Users/Raj/OneDrive - Åbo Akademi O365/banking/airflow/.venv/lib/python3.12/site-packages/airflow/example_dags/example_dataset_alias.py
[2025-11-22T21:17:15.427+0500] {processor.py:914} INFO - Processing file /mnt/c/Users/Raj/OneDrive - Åbo Akademi O365/banking/airflow/.venv/lib/python3.12/site-packages/airflow/example_dags/example_dataset_alias.py for tasks to queue
[2025-11-22T21:17:15.431+0500] {logging_mixin.py:190} INFO - [2025-11-22T21:17:15.429+0500] {dagbag.py:588} INFO - Filling up the DagBag from /mnt/c/Users/Raj/OneDrive - Åbo Akademi O365/banking/airflow/.venv/lib/python3.12/site-packages/airflow/example_dags/example_dataset_alias.py
[2025-11-22T21:17:15.583+0500] {processor.py:925} INFO - DAG(s) 'dataset_s3_bucket_consumer', 'dataset_s3_bucket_producer', 'dataset_alias_example_alias_consumer', 'dataset_alias_example_alias_producer' retrieved from /mnt/c/Users/Raj/OneDrive - Åbo Akademi O365/banking/airflow/.venv/lib/python3.12/site-packages/airflow/example_dags/example_dataset_alias.py
[2025-11-22T21:17:15.641+0500] {logging_mixin.py:190} INFO - [2025-11-22T21:17:15.640+0500] {dag.py:3239} INFO - Sync 4 DAGs
[2025-11-22T21:17:15.669+0500] {logging_mixin.py:190} INFO - [2025-11-22T21:17:15.668+0500] {dag.py:4180} INFO - Setting next_dagrun for dataset_alias_example_alias_consumer to None, run_after=None
[2025-11-22T21:17:15.675+0500] {logging_mixin.py:190} INFO - [2025-11-22T21:17:15.674+0500] {dag.py:4180} INFO - Setting next_dagrun for dataset_alias_example_alias_producer to None, run_after=None
[2025-11-22T21:17:15.678+0500] {logging_mixin.py:190} INFO - [2025-11-22T21:17:15.677+0500] {dag.py:4180} INFO - Setting next_dagrun for dataset_s3_bucket_consumer to None, run_after=None
[2025-11-22T21:17:15.681+0500] {logging_mixin.py:190} INFO - [2025-11-22T21:17:15.681+0500] {dag.py:4180} INFO - Setting next_dagrun for dataset_s3_bucket_producer to None, run_after=None
[2025-11-22T21:17:15.740+0500] {processor.py:208} INFO - Processing /mnt/c/Users/Raj/OneDrive - Åbo Akademi O365/banking/airflow/.venv/lib/python3.12/site-packages/airflow/example_dags/example_dataset_alias.py took 0.334 seconds
[2025-11-22T21:18:59.093+0500] {processor.py:186} INFO - Started process (PID=68810) to work on /mnt/c/Users/Raj/OneDrive - Åbo Akademi O365/banking/airflow/.venv/lib/python3.12/site-packages/airflow/example_dags/example_dataset_alias.py
[2025-11-22T21:18:59.095+0500] {processor.py:914} INFO - Processing file /mnt/c/Users/Raj/OneDrive - Åbo Akademi O365/banking/airflow/.venv/lib/python3.12/site-packages/airflow/example_dags/example_dataset_alias.py for tasks to queue
[2025-11-22T21:18:59.100+0500] {logging_mixin.py:190} INFO - [2025-11-22T21:18:59.098+0500] {dagbag.py:588} INFO - Filling up the DagBag from /mnt/c/Users/Raj/OneDrive - Åbo Akademi O365/banking/airflow/.venv/lib/python3.12/site-packages/airflow/example_dags/example_dataset_alias.py
[2025-11-22T21:18:59.331+0500] {processor.py:925} INFO - DAG(s) 'dataset_s3_bucket_producer', 'dataset_alias_example_alias_consumer', 'dataset_s3_bucket_consumer', 'dataset_alias_example_alias_producer' retrieved from /mnt/c/Users/Raj/OneDrive - Åbo Akademi O365/banking/airflow/.venv/lib/python3.12/site-packages/airflow/example_dags/example_dataset_alias.py
[2025-11-22T21:18:59.393+0500] {logging_mixin.py:190} INFO - [2025-11-22T21:18:59.392+0500] {dag.py:3239} INFO - Sync 4 DAGs
[2025-11-22T21:18:59.431+0500] {logging_mixin.py:190} INFO - [2025-11-22T21:18:59.429+0500] {dag.py:4180} INFO - Setting next_dagrun for dataset_alias_example_alias_consumer to None, run_after=None
[2025-11-22T21:18:59.439+0500] {logging_mixin.py:190} INFO - [2025-11-22T21:18:59.438+0500] {dag.py:4180} INFO - Setting next_dagrun for dataset_alias_example_alias_producer to None, run_after=None
[2025-11-22T21:18:59.445+0500] {logging_mixin.py:190} INFO - [2025-11-22T21:18:59.444+0500] {dag.py:4180} INFO - Setting next_dagrun for dataset_s3_bucket_consumer to None, run_after=None
[2025-11-22T21:18:59.451+0500] {logging_mixin.py:190} INFO - [2025-11-22T21:18:59.450+0500] {dag.py:4180} INFO - Setting next_dagrun for dataset_s3_bucket_producer to None, run_after=None
[2025-11-22T21:18:59.555+0500] {processor.py:208} INFO - Processing /mnt/c/Users/Raj/OneDrive - Åbo Akademi O365/banking/airflow/.venv/lib/python3.12/site-packages/airflow/example_dags/example_dataset_alias.py took 0.487 seconds
[2025-11-22T21:20:39.952+0500] {processor.py:186} INFO - Started process (PID=68889) to work on /mnt/c/Users/Raj/OneDrive - Åbo Akademi O365/banking/airflow/.venv/lib/python3.12/site-packages/airflow/example_dags/example_dataset_alias.py
[2025-11-22T21:20:39.954+0500] {processor.py:914} INFO - Processing file /mnt/c/Users/Raj/OneDrive - Åbo Akademi O365/banking/airflow/.venv/lib/python3.12/site-packages/airflow/example_dags/example_dataset_alias.py for tasks to queue
[2025-11-22T21:20:39.959+0500] {logging_mixin.py:190} INFO - [2025-11-22T21:20:39.958+0500] {dagbag.py:588} INFO - Filling up the DagBag from /mnt/c/Users/Raj/OneDrive - Åbo Akademi O365/banking/airflow/.venv/lib/python3.12/site-packages/airflow/example_dags/example_dataset_alias.py
[2025-11-22T21:20:40.103+0500] {processor.py:925} INFO - DAG(s) 'dataset_s3_bucket_consumer', 'dataset_alias_example_alias_consumer', 'dataset_s3_bucket_producer', 'dataset_alias_example_alias_producer' retrieved from /mnt/c/Users/Raj/OneDrive - Åbo Akademi O365/banking/airflow/.venv/lib/python3.12/site-packages/airflow/example_dags/example_dataset_alias.py
[2025-11-22T21:20:40.159+0500] {logging_mixin.py:190} INFO - [2025-11-22T21:20:40.158+0500] {dag.py:3239} INFO - Sync 4 DAGs
[2025-11-22T21:20:40.187+0500] {logging_mixin.py:190} INFO - [2025-11-22T21:20:40.185+0500] {dag.py:4180} INFO - Setting next_dagrun for dataset_alias_example_alias_consumer to None, run_after=None
[2025-11-22T21:20:40.193+0500] {logging_mixin.py:190} INFO - [2025-11-22T21:20:40.192+0500] {dag.py:4180} INFO - Setting next_dagrun for dataset_alias_example_alias_producer to None, run_after=None
[2025-11-22T21:20:40.199+0500] {logging_mixin.py:190} INFO - [2025-11-22T21:20:40.198+0500] {dag.py:4180} INFO - Setting next_dagrun for dataset_s3_bucket_consumer to None, run_after=None
[2025-11-22T21:20:40.204+0500] {logging_mixin.py:190} INFO - [2025-11-22T21:20:40.203+0500] {dag.py:4180} INFO - Setting next_dagrun for dataset_s3_bucket_producer to None, run_after=None
[2025-11-22T21:20:40.282+0500] {processor.py:208} INFO - Processing /mnt/c/Users/Raj/OneDrive - Åbo Akademi O365/banking/airflow/.venv/lib/python3.12/site-packages/airflow/example_dags/example_dataset_alias.py took 0.355 seconds
[2025-11-22T21:22:28.544+0500] {processor.py:186} INFO - Started process (PID=68973) to work on /mnt/c/Users/Raj/OneDrive - Åbo Akademi O365/banking/airflow/.venv/lib/python3.12/site-packages/airflow/example_dags/example_dataset_alias.py
[2025-11-22T21:22:28.548+0500] {processor.py:914} INFO - Processing file /mnt/c/Users/Raj/OneDrive - Åbo Akademi O365/banking/airflow/.venv/lib/python3.12/site-packages/airflow/example_dags/example_dataset_alias.py for tasks to queue
[2025-11-22T21:22:28.556+0500] {logging_mixin.py:190} INFO - [2025-11-22T21:22:28.552+0500] {dagbag.py:588} INFO - Filling up the DagBag from /mnt/c/Users/Raj/OneDrive - Åbo Akademi O365/banking/airflow/.venv/lib/python3.12/site-packages/airflow/example_dags/example_dataset_alias.py
[2025-11-22T21:22:28.772+0500] {processor.py:925} INFO - DAG(s) 'dataset_s3_bucket_producer', 'dataset_alias_example_alias_consumer', 'dataset_s3_bucket_consumer', 'dataset_alias_example_alias_producer' retrieved from /mnt/c/Users/Raj/OneDrive - Åbo Akademi O365/banking/airflow/.venv/lib/python3.12/site-packages/airflow/example_dags/example_dataset_alias.py
[2025-11-22T21:22:28.859+0500] {logging_mixin.py:190} INFO - [2025-11-22T21:22:28.858+0500] {dag.py:3239} INFO - Sync 4 DAGs
[2025-11-22T21:22:28.907+0500] {logging_mixin.py:190} INFO - [2025-11-22T21:22:28.906+0500] {dag.py:4180} INFO - Setting next_dagrun for dataset_alias_example_alias_consumer to None, run_after=None
[2025-11-22T21:22:28.917+0500] {logging_mixin.py:190} INFO - [2025-11-22T21:22:28.915+0500] {dag.py:4180} INFO - Setting next_dagrun for dataset_alias_example_alias_producer to None, run_after=None
[2025-11-22T21:22:28.923+0500] {logging_mixin.py:190} INFO - [2025-11-22T21:22:28.921+0500] {dag.py:4180} INFO - Setting next_dagrun for dataset_s3_bucket_consumer to None, run_after=None
[2025-11-22T21:22:28.927+0500] {logging_mixin.py:190} INFO - [2025-11-22T21:22:28.926+0500] {dag.py:4180} INFO - Setting next_dagrun for dataset_s3_bucket_producer to None, run_after=None
[2025-11-22T21:22:29.034+0500] {processor.py:208} INFO - Processing /mnt/c/Users/Raj/OneDrive - Åbo Akademi O365/banking/airflow/.venv/lib/python3.12/site-packages/airflow/example_dags/example_dataset_alias.py took 0.517 seconds
[2025-11-22T21:24:11.172+0500] {processor.py:186} INFO - Started process (PID=69049) to work on /mnt/c/Users/Raj/OneDrive - Åbo Akademi O365/banking/airflow/.venv/lib/python3.12/site-packages/airflow/example_dags/example_dataset_alias.py
[2025-11-22T21:24:11.178+0500] {processor.py:914} INFO - Processing file /mnt/c/Users/Raj/OneDrive - Åbo Akademi O365/banking/airflow/.venv/lib/python3.12/site-packages/airflow/example_dags/example_dataset_alias.py for tasks to queue
[2025-11-22T21:24:11.184+0500] {logging_mixin.py:190} INFO - [2025-11-22T21:24:11.182+0500] {dagbag.py:588} INFO - Filling up the DagBag from /mnt/c/Users/Raj/OneDrive - Åbo Akademi O365/banking/airflow/.venv/lib/python3.12/site-packages/airflow/example_dags/example_dataset_alias.py
[2025-11-22T21:24:11.448+0500] {processor.py:925} INFO - DAG(s) 'dataset_alias_example_alias_consumer', 'dataset_alias_example_alias_producer', 'dataset_s3_bucket_consumer', 'dataset_s3_bucket_producer' retrieved from /mnt/c/Users/Raj/OneDrive - Åbo Akademi O365/banking/airflow/.venv/lib/python3.12/site-packages/airflow/example_dags/example_dataset_alias.py
[2025-11-22T21:24:11.516+0500] {logging_mixin.py:190} INFO - [2025-11-22T21:24:11.515+0500] {dag.py:3239} INFO - Sync 4 DAGs
[2025-11-22T21:24:11.544+0500] {logging_mixin.py:190} INFO - [2025-11-22T21:24:11.543+0500] {dag.py:4180} INFO - Setting next_dagrun for dataset_alias_example_alias_consumer to None, run_after=None
[2025-11-22T21:24:11.551+0500] {logging_mixin.py:190} INFO - [2025-11-22T21:24:11.549+0500] {dag.py:4180} INFO - Setting next_dagrun for dataset_alias_example_alias_producer to None, run_after=None
[2025-11-22T21:24:11.556+0500] {logging_mixin.py:190} INFO - [2025-11-22T21:24:11.554+0500] {dag.py:4180} INFO - Setting next_dagrun for dataset_s3_bucket_consumer to None, run_after=None
[2025-11-22T21:24:11.560+0500] {logging_mixin.py:190} INFO - [2025-11-22T21:24:11.559+0500] {dag.py:4180} INFO - Setting next_dagrun for dataset_s3_bucket_producer to None, run_after=None
[2025-11-22T21:24:11.645+0500] {processor.py:208} INFO - Processing /mnt/c/Users/Raj/OneDrive - Åbo Akademi O365/banking/airflow/.venv/lib/python3.12/site-packages/airflow/example_dags/example_dataset_alias.py took 0.493 seconds
