[2025-11-22T20:14:09.126+0500] {processor.py:186} INFO - Started process (PID=65667) to work on /mnt/c/Users/Raj/OneDrive - Åbo Akademi O365/banking/airflow/.venv/lib/python3.12/site-packages/airflow/example_dags/example_time_delta_sensor_async.py
[2025-11-22T20:14:09.129+0500] {processor.py:914} INFO - Processing file /mnt/c/Users/Raj/OneDrive - Åbo Akademi O365/banking/airflow/.venv/lib/python3.12/site-packages/airflow/example_dags/example_time_delta_sensor_async.py for tasks to queue
[2025-11-22T20:14:09.140+0500] {logging_mixin.py:190} INFO - [2025-11-22T20:14:09.131+0500] {dagbag.py:588} INFO - Filling up the DagBag from /mnt/c/Users/Raj/OneDrive - Åbo Akademi O365/banking/airflow/.venv/lib/python3.12/site-packages/airflow/example_dags/example_time_delta_sensor_async.py
[2025-11-22T20:14:09.172+0500] {processor.py:925} INFO - DAG(s) 'example_time_delta_sensor_async' retrieved from /mnt/c/Users/Raj/OneDrive - Åbo Akademi O365/banking/airflow/.venv/lib/python3.12/site-packages/airflow/example_dags/example_time_delta_sensor_async.py
[2025-11-22T20:14:09.229+0500] {logging_mixin.py:190} INFO - [2025-11-22T20:14:09.228+0500] {dag.py:3239} INFO - Sync 1 DAGs
[2025-11-22T20:14:09.253+0500] {logging_mixin.py:190} INFO - [2025-11-22T20:14:09.252+0500] {dag.py:4180} INFO - Setting next_dagrun for example_time_delta_sensor_async to None, run_after=None
[2025-11-22T20:14:09.334+0500] {processor.py:208} INFO - Processing /mnt/c/Users/Raj/OneDrive - Åbo Akademi O365/banking/airflow/.venv/lib/python3.12/site-packages/airflow/example_dags/example_time_delta_sensor_async.py took 0.234 seconds
[2025-11-22T20:15:21.056+0500] {processor.py:186} INFO - Started process (PID=65727) to work on /mnt/c/Users/Raj/OneDrive - Åbo Akademi O365/banking/airflow/.venv/lib/python3.12/site-packages/airflow/example_dags/example_time_delta_sensor_async.py
[2025-11-22T20:15:21.059+0500] {processor.py:914} INFO - Processing file /mnt/c/Users/Raj/OneDrive - Åbo Akademi O365/banking/airflow/.venv/lib/python3.12/site-packages/airflow/example_dags/example_time_delta_sensor_async.py for tasks to queue
[2025-11-22T20:15:21.062+0500] {logging_mixin.py:190} INFO - [2025-11-22T20:15:21.061+0500] {dagbag.py:588} INFO - Filling up the DagBag from /mnt/c/Users/Raj/OneDrive - Åbo Akademi O365/banking/airflow/.venv/lib/python3.12/site-packages/airflow/example_dags/example_time_delta_sensor_async.py
[2025-11-22T20:15:21.090+0500] {processor.py:925} INFO - DAG(s) 'example_time_delta_sensor_async' retrieved from /mnt/c/Users/Raj/OneDrive - Åbo Akademi O365/banking/airflow/.venv/lib/python3.12/site-packages/airflow/example_dags/example_time_delta_sensor_async.py
[2025-11-22T20:15:21.133+0500] {logging_mixin.py:190} INFO - [2025-11-22T20:15:21.132+0500] {dag.py:3239} INFO - Sync 1 DAGs
[2025-11-22T20:15:21.159+0500] {logging_mixin.py:190} INFO - [2025-11-22T20:15:21.157+0500] {dag.py:4180} INFO - Setting next_dagrun for example_time_delta_sensor_async to None, run_after=None
[2025-11-22T20:15:21.236+0500] {processor.py:208} INFO - Processing /mnt/c/Users/Raj/OneDrive - Åbo Akademi O365/banking/airflow/.venv/lib/python3.12/site-packages/airflow/example_dags/example_time_delta_sensor_async.py took 0.197 seconds
[2025-11-22T20:16:21.131+0500] {processor.py:186} INFO - Started process (PID=65778) to work on /mnt/c/Users/Raj/OneDrive - Åbo Akademi O365/banking/airflow/.venv/lib/python3.12/site-packages/airflow/example_dags/example_time_delta_sensor_async.py
[2025-11-22T20:16:21.134+0500] {processor.py:914} INFO - Processing file /mnt/c/Users/Raj/OneDrive - Åbo Akademi O365/banking/airflow/.venv/lib/python3.12/site-packages/airflow/example_dags/example_time_delta_sensor_async.py for tasks to queue
[2025-11-22T20:16:21.140+0500] {logging_mixin.py:190} INFO - [2025-11-22T20:16:21.137+0500] {dagbag.py:588} INFO - Filling up the DagBag from /mnt/c/Users/Raj/OneDrive - Åbo Akademi O365/banking/airflow/.venv/lib/python3.12/site-packages/airflow/example_dags/example_time_delta_sensor_async.py
[2025-11-22T20:16:21.166+0500] {processor.py:925} INFO - DAG(s) 'example_time_delta_sensor_async' retrieved from /mnt/c/Users/Raj/OneDrive - Åbo Akademi O365/banking/airflow/.venv/lib/python3.12/site-packages/airflow/example_dags/example_time_delta_sensor_async.py
[2025-11-22T20:16:21.209+0500] {logging_mixin.py:190} INFO - [2025-11-22T20:16:21.208+0500] {dag.py:3239} INFO - Sync 1 DAGs
[2025-11-22T20:16:21.228+0500] {logging_mixin.py:190} INFO - [2025-11-22T20:16:21.227+0500] {dag.py:4180} INFO - Setting next_dagrun for example_time_delta_sensor_async to None, run_after=None
[2025-11-22T20:16:21.300+0500] {processor.py:208} INFO - Processing /mnt/c/Users/Raj/OneDrive - Åbo Akademi O365/banking/airflow/.venv/lib/python3.12/site-packages/airflow/example_dags/example_time_delta_sensor_async.py took 0.187 seconds
[2025-11-22T20:20:23.100+0500] {processor.py:186} INFO - Started process (PID=65905) to work on /mnt/c/Users/Raj/OneDrive - Åbo Akademi O365/banking/airflow/.venv/lib/python3.12/site-packages/airflow/example_dags/example_time_delta_sensor_async.py
[2025-11-22T20:20:23.102+0500] {processor.py:914} INFO - Processing file /mnt/c/Users/Raj/OneDrive - Åbo Akademi O365/banking/airflow/.venv/lib/python3.12/site-packages/airflow/example_dags/example_time_delta_sensor_async.py for tasks to queue
[2025-11-22T20:20:23.108+0500] {logging_mixin.py:190} INFO - [2025-11-22T20:20:23.107+0500] {dagbag.py:588} INFO - Filling up the DagBag from /mnt/c/Users/Raj/OneDrive - Åbo Akademi O365/banking/airflow/.venv/lib/python3.12/site-packages/airflow/example_dags/example_time_delta_sensor_async.py
[2025-11-22T20:20:23.198+0500] {processor.py:925} INFO - DAG(s) 'example_time_delta_sensor_async' retrieved from /mnt/c/Users/Raj/OneDrive - Åbo Akademi O365/banking/airflow/.venv/lib/python3.12/site-packages/airflow/example_dags/example_time_delta_sensor_async.py
[2025-11-22T20:20:23.247+0500] {logging_mixin.py:190} INFO - [2025-11-22T20:20:23.246+0500] {dag.py:3239} INFO - Sync 1 DAGs
[2025-11-22T20:20:23.270+0500] {logging_mixin.py:190} INFO - [2025-11-22T20:20:23.269+0500] {dag.py:4180} INFO - Setting next_dagrun for example_time_delta_sensor_async to None, run_after=None
[2025-11-22T20:20:23.372+0500] {processor.py:208} INFO - Processing /mnt/c/Users/Raj/OneDrive - Åbo Akademi O365/banking/airflow/.venv/lib/python3.12/site-packages/airflow/example_dags/example_time_delta_sensor_async.py took 0.291 seconds
[2025-11-22T20:22:07.151+0500] {processor.py:186} INFO - Started process (PID=66002) to work on /mnt/c/Users/Raj/OneDrive - Åbo Akademi O365/banking/airflow/.venv/lib/python3.12/site-packages/airflow/example_dags/example_time_delta_sensor_async.py
[2025-11-22T20:22:07.154+0500] {processor.py:914} INFO - Processing file /mnt/c/Users/Raj/OneDrive - Åbo Akademi O365/banking/airflow/.venv/lib/python3.12/site-packages/airflow/example_dags/example_time_delta_sensor_async.py for tasks to queue
[2025-11-22T20:22:07.159+0500] {logging_mixin.py:190} INFO - [2025-11-22T20:22:07.157+0500] {dagbag.py:588} INFO - Filling up the DagBag from /mnt/c/Users/Raj/OneDrive - Åbo Akademi O365/banking/airflow/.venv/lib/python3.12/site-packages/airflow/example_dags/example_time_delta_sensor_async.py
[2025-11-22T20:22:07.236+0500] {processor.py:925} INFO - DAG(s) 'example_time_delta_sensor_async' retrieved from /mnt/c/Users/Raj/OneDrive - Åbo Akademi O365/banking/airflow/.venv/lib/python3.12/site-packages/airflow/example_dags/example_time_delta_sensor_async.py
[2025-11-22T20:22:07.268+0500] {logging_mixin.py:190} INFO - [2025-11-22T20:22:07.267+0500] {dag.py:3239} INFO - Sync 1 DAGs
[2025-11-22T20:22:07.285+0500] {logging_mixin.py:190} INFO - [2025-11-22T20:22:07.283+0500] {dag.py:4180} INFO - Setting next_dagrun for example_time_delta_sensor_async to None, run_after=None
[2025-11-22T20:22:07.358+0500] {processor.py:208} INFO - Processing /mnt/c/Users/Raj/OneDrive - Åbo Akademi O365/banking/airflow/.venv/lib/python3.12/site-packages/airflow/example_dags/example_time_delta_sensor_async.py took 0.226 seconds
[2025-11-22T20:23:15.106+0500] {processor.py:186} INFO - Started process (PID=66051) to work on /mnt/c/Users/Raj/OneDrive - Åbo Akademi O365/banking/airflow/.venv/lib/python3.12/site-packages/airflow/example_dags/example_time_delta_sensor_async.py
[2025-11-22T20:23:15.111+0500] {processor.py:914} INFO - Processing file /mnt/c/Users/Raj/OneDrive - Åbo Akademi O365/banking/airflow/.venv/lib/python3.12/site-packages/airflow/example_dags/example_time_delta_sensor_async.py for tasks to queue
[2025-11-22T20:23:15.118+0500] {logging_mixin.py:190} INFO - [2025-11-22T20:23:15.116+0500] {dagbag.py:588} INFO - Filling up the DagBag from /mnt/c/Users/Raj/OneDrive - Åbo Akademi O365/banking/airflow/.venv/lib/python3.12/site-packages/airflow/example_dags/example_time_delta_sensor_async.py
[2025-11-22T20:23:15.260+0500] {processor.py:925} INFO - DAG(s) 'example_time_delta_sensor_async' retrieved from /mnt/c/Users/Raj/OneDrive - Åbo Akademi O365/banking/airflow/.venv/lib/python3.12/site-packages/airflow/example_dags/example_time_delta_sensor_async.py
[2025-11-22T20:23:15.318+0500] {logging_mixin.py:190} INFO - [2025-11-22T20:23:15.316+0500] {dag.py:3239} INFO - Sync 1 DAGs
[2025-11-22T20:23:15.353+0500] {logging_mixin.py:190} INFO - [2025-11-22T20:23:15.350+0500] {dag.py:4180} INFO - Setting next_dagrun for example_time_delta_sensor_async to None, run_after=None
[2025-11-22T20:23:15.452+0500] {processor.py:208} INFO - Processing /mnt/c/Users/Raj/OneDrive - Åbo Akademi O365/banking/airflow/.venv/lib/python3.12/site-packages/airflow/example_dags/example_time_delta_sensor_async.py took 0.373 seconds
[2025-11-22T20:24:16.830+0500] {processor.py:186} INFO - Started process (PID=66098) to work on /mnt/c/Users/Raj/OneDrive - Åbo Akademi O365/banking/airflow/.venv/lib/python3.12/site-packages/airflow/example_dags/example_time_delta_sensor_async.py
[2025-11-22T20:24:16.835+0500] {processor.py:914} INFO - Processing file /mnt/c/Users/Raj/OneDrive - Åbo Akademi O365/banking/airflow/.venv/lib/python3.12/site-packages/airflow/example_dags/example_time_delta_sensor_async.py for tasks to queue
[2025-11-22T20:24:16.842+0500] {logging_mixin.py:190} INFO - [2025-11-22T20:24:16.840+0500] {dagbag.py:588} INFO - Filling up the DagBag from /mnt/c/Users/Raj/OneDrive - Åbo Akademi O365/banking/airflow/.venv/lib/python3.12/site-packages/airflow/example_dags/example_time_delta_sensor_async.py
[2025-11-22T20:24:16.963+0500] {processor.py:925} INFO - DAG(s) 'example_time_delta_sensor_async' retrieved from /mnt/c/Users/Raj/OneDrive - Åbo Akademi O365/banking/airflow/.venv/lib/python3.12/site-packages/airflow/example_dags/example_time_delta_sensor_async.py
[2025-11-22T20:24:17.003+0500] {logging_mixin.py:190} INFO - [2025-11-22T20:24:17.002+0500] {dag.py:3239} INFO - Sync 1 DAGs
[2025-11-22T20:24:17.024+0500] {logging_mixin.py:190} INFO - [2025-11-22T20:24:17.023+0500] {dag.py:4180} INFO - Setting next_dagrun for example_time_delta_sensor_async to None, run_after=None
[2025-11-22T20:24:17.087+0500] {processor.py:208} INFO - Processing /mnt/c/Users/Raj/OneDrive - Åbo Akademi O365/banking/airflow/.venv/lib/python3.12/site-packages/airflow/example_dags/example_time_delta_sensor_async.py took 0.279 seconds
[2025-11-22T20:27:39.316+0500] {processor.py:186} INFO - Started process (PID=66234) to work on /mnt/c/Users/Raj/OneDrive - Åbo Akademi O365/banking/airflow/.venv/lib/python3.12/site-packages/airflow/example_dags/example_time_delta_sensor_async.py
[2025-11-22T20:27:39.318+0500] {processor.py:914} INFO - Processing file /mnt/c/Users/Raj/OneDrive - Åbo Akademi O365/banking/airflow/.venv/lib/python3.12/site-packages/airflow/example_dags/example_time_delta_sensor_async.py for tasks to queue
[2025-11-22T20:27:39.321+0500] {logging_mixin.py:190} INFO - [2025-11-22T20:27:39.319+0500] {dagbag.py:588} INFO - Filling up the DagBag from /mnt/c/Users/Raj/OneDrive - Åbo Akademi O365/banking/airflow/.venv/lib/python3.12/site-packages/airflow/example_dags/example_time_delta_sensor_async.py
[2025-11-22T20:27:39.345+0500] {processor.py:925} INFO - DAG(s) 'example_time_delta_sensor_async' retrieved from /mnt/c/Users/Raj/OneDrive - Åbo Akademi O365/banking/airflow/.venv/lib/python3.12/site-packages/airflow/example_dags/example_time_delta_sensor_async.py
[2025-11-22T20:27:39.395+0500] {logging_mixin.py:190} INFO - [2025-11-22T20:27:39.394+0500] {dag.py:3239} INFO - Sync 1 DAGs
[2025-11-22T20:27:39.411+0500] {logging_mixin.py:190} INFO - [2025-11-22T20:27:39.410+0500] {dag.py:4180} INFO - Setting next_dagrun for example_time_delta_sensor_async to None, run_after=None
[2025-11-22T20:27:39.475+0500] {processor.py:208} INFO - Processing /mnt/c/Users/Raj/OneDrive - Åbo Akademi O365/banking/airflow/.venv/lib/python3.12/site-packages/airflow/example_dags/example_time_delta_sensor_async.py took 0.175 seconds
[2025-11-22T20:29:05.834+0500] {processor.py:186} INFO - Started process (PID=66323) to work on /mnt/c/Users/Raj/OneDrive - Åbo Akademi O365/banking/airflow/.venv/lib/python3.12/site-packages/airflow/example_dags/example_time_delta_sensor_async.py
[2025-11-22T20:29:05.836+0500] {processor.py:914} INFO - Processing file /mnt/c/Users/Raj/OneDrive - Åbo Akademi O365/banking/airflow/.venv/lib/python3.12/site-packages/airflow/example_dags/example_time_delta_sensor_async.py for tasks to queue
[2025-11-22T20:29:05.844+0500] {logging_mixin.py:190} INFO - [2025-11-22T20:29:05.842+0500] {dagbag.py:588} INFO - Filling up the DagBag from /mnt/c/Users/Raj/OneDrive - Åbo Akademi O365/banking/airflow/.venv/lib/python3.12/site-packages/airflow/example_dags/example_time_delta_sensor_async.py
[2025-11-22T20:29:05.876+0500] {processor.py:925} INFO - DAG(s) 'example_time_delta_sensor_async' retrieved from /mnt/c/Users/Raj/OneDrive - Åbo Akademi O365/banking/airflow/.venv/lib/python3.12/site-packages/airflow/example_dags/example_time_delta_sensor_async.py
[2025-11-22T20:29:05.918+0500] {logging_mixin.py:190} INFO - [2025-11-22T20:29:05.916+0500] {dag.py:3239} INFO - Sync 1 DAGs
[2025-11-22T20:29:05.945+0500] {logging_mixin.py:190} INFO - [2025-11-22T20:29:05.944+0500] {dag.py:4180} INFO - Setting next_dagrun for example_time_delta_sensor_async to None, run_after=None
[2025-11-22T20:29:06.029+0500] {processor.py:208} INFO - Processing /mnt/c/Users/Raj/OneDrive - Åbo Akademi O365/banking/airflow/.venv/lib/python3.12/site-packages/airflow/example_dags/example_time_delta_sensor_async.py took 0.216 seconds
[2025-11-22T20:29:59.892+0500] {processor.py:186} INFO - Started process (PID=66378) to work on /mnt/c/Users/Raj/OneDrive - Åbo Akademi O365/banking/airflow/.venv/lib/python3.12/site-packages/airflow/example_dags/example_time_delta_sensor_async.py
[2025-11-22T20:29:59.896+0500] {processor.py:914} INFO - Processing file /mnt/c/Users/Raj/OneDrive - Åbo Akademi O365/banking/airflow/.venv/lib/python3.12/site-packages/airflow/example_dags/example_time_delta_sensor_async.py for tasks to queue
[2025-11-22T20:29:59.901+0500] {logging_mixin.py:190} INFO - [2025-11-22T20:29:59.899+0500] {dagbag.py:588} INFO - Filling up the DagBag from /mnt/c/Users/Raj/OneDrive - Åbo Akademi O365/banking/airflow/.venv/lib/python3.12/site-packages/airflow/example_dags/example_time_delta_sensor_async.py
[2025-11-22T20:29:59.950+0500] {processor.py:925} INFO - DAG(s) 'example_time_delta_sensor_async' retrieved from /mnt/c/Users/Raj/OneDrive - Åbo Akademi O365/banking/airflow/.venv/lib/python3.12/site-packages/airflow/example_dags/example_time_delta_sensor_async.py
[2025-11-22T20:30:00.009+0500] {logging_mixin.py:190} INFO - [2025-11-22T20:30:00.006+0500] {dag.py:3239} INFO - Sync 1 DAGs
[2025-11-22T20:30:00.034+0500] {logging_mixin.py:190} INFO - [2025-11-22T20:30:00.031+0500] {dag.py:4180} INFO - Setting next_dagrun for example_time_delta_sensor_async to None, run_after=None
[2025-11-22T20:30:00.132+0500] {processor.py:208} INFO - Processing /mnt/c/Users/Raj/OneDrive - Åbo Akademi O365/banking/airflow/.venv/lib/python3.12/site-packages/airflow/example_dags/example_time_delta_sensor_async.py took 0.266 seconds
[2025-11-22T20:31:49.921+0500] {processor.py:186} INFO - Started process (PID=66453) to work on /mnt/c/Users/Raj/OneDrive - Åbo Akademi O365/banking/airflow/.venv/lib/python3.12/site-packages/airflow/example_dags/example_time_delta_sensor_async.py
[2025-11-22T20:31:49.923+0500] {processor.py:914} INFO - Processing file /mnt/c/Users/Raj/OneDrive - Åbo Akademi O365/banking/airflow/.venv/lib/python3.12/site-packages/airflow/example_dags/example_time_delta_sensor_async.py for tasks to queue
[2025-11-22T20:31:49.927+0500] {logging_mixin.py:190} INFO - [2025-11-22T20:31:49.926+0500] {dagbag.py:588} INFO - Filling up the DagBag from /mnt/c/Users/Raj/OneDrive - Åbo Akademi O365/banking/airflow/.venv/lib/python3.12/site-packages/airflow/example_dags/example_time_delta_sensor_async.py
[2025-11-22T20:31:49.952+0500] {processor.py:925} INFO - DAG(s) 'example_time_delta_sensor_async' retrieved from /mnt/c/Users/Raj/OneDrive - Åbo Akademi O365/banking/airflow/.venv/lib/python3.12/site-packages/airflow/example_dags/example_time_delta_sensor_async.py
[2025-11-22T20:31:49.984+0500] {logging_mixin.py:190} INFO - [2025-11-22T20:31:49.983+0500] {dag.py:3239} INFO - Sync 1 DAGs
[2025-11-22T20:31:51.833+0500] {logging_mixin.py:190} INFO - [2025-11-22T20:31:51.831+0500] {dag.py:4180} INFO - Setting next_dagrun for example_time_delta_sensor_async to None, run_after=None
[2025-11-22T20:31:51.900+0500] {processor.py:208} INFO - Processing /mnt/c/Users/Raj/OneDrive - Åbo Akademi O365/banking/airflow/.venv/lib/python3.12/site-packages/airflow/example_dags/example_time_delta_sensor_async.py took 0.172 seconds
[2025-11-22T20:33:21.200+0500] {processor.py:186} INFO - Started process (PID=66530) to work on /mnt/c/Users/Raj/OneDrive - Åbo Akademi O365/banking/airflow/.venv/lib/python3.12/site-packages/airflow/example_dags/example_time_delta_sensor_async.py
[2025-11-22T20:33:21.203+0500] {processor.py:914} INFO - Processing file /mnt/c/Users/Raj/OneDrive - Åbo Akademi O365/banking/airflow/.venv/lib/python3.12/site-packages/airflow/example_dags/example_time_delta_sensor_async.py for tasks to queue
[2025-11-22T20:33:21.210+0500] {logging_mixin.py:190} INFO - [2025-11-22T20:33:21.207+0500] {dagbag.py:588} INFO - Filling up the DagBag from /mnt/c/Users/Raj/OneDrive - Åbo Akademi O365/banking/airflow/.venv/lib/python3.12/site-packages/airflow/example_dags/example_time_delta_sensor_async.py
[2025-11-22T20:33:21.244+0500] {processor.py:925} INFO - DAG(s) 'example_time_delta_sensor_async' retrieved from /mnt/c/Users/Raj/OneDrive - Åbo Akademi O365/banking/airflow/.venv/lib/python3.12/site-packages/airflow/example_dags/example_time_delta_sensor_async.py
[2025-11-22T20:33:21.283+0500] {logging_mixin.py:190} INFO - [2025-11-22T20:33:21.281+0500] {dag.py:3239} INFO - Sync 1 DAGs
[2025-11-22T20:33:21.304+0500] {logging_mixin.py:190} INFO - [2025-11-22T20:33:21.302+0500] {dag.py:4180} INFO - Setting next_dagrun for example_time_delta_sensor_async to None, run_after=None
[2025-11-22T20:33:21.383+0500] {processor.py:208} INFO - Processing /mnt/c/Users/Raj/OneDrive - Åbo Akademi O365/banking/airflow/.venv/lib/python3.12/site-packages/airflow/example_dags/example_time_delta_sensor_async.py took 0.200 seconds
[2025-11-22T20:34:37.627+0500] {processor.py:186} INFO - Started process (PID=66592) to work on /mnt/c/Users/Raj/OneDrive - Åbo Akademi O365/banking/airflow/.venv/lib/python3.12/site-packages/airflow/example_dags/example_time_delta_sensor_async.py
[2025-11-22T20:34:37.631+0500] {processor.py:914} INFO - Processing file /mnt/c/Users/Raj/OneDrive - Åbo Akademi O365/banking/airflow/.venv/lib/python3.12/site-packages/airflow/example_dags/example_time_delta_sensor_async.py for tasks to queue
[2025-11-22T20:34:37.636+0500] {logging_mixin.py:190} INFO - [2025-11-22T20:34:37.634+0500] {dagbag.py:588} INFO - Filling up the DagBag from /mnt/c/Users/Raj/OneDrive - Åbo Akademi O365/banking/airflow/.venv/lib/python3.12/site-packages/airflow/example_dags/example_time_delta_sensor_async.py
[2025-11-22T20:34:37.679+0500] {processor.py:925} INFO - DAG(s) 'example_time_delta_sensor_async' retrieved from /mnt/c/Users/Raj/OneDrive - Åbo Akademi O365/banking/airflow/.venv/lib/python3.12/site-packages/airflow/example_dags/example_time_delta_sensor_async.py
[2025-11-22T20:34:37.727+0500] {logging_mixin.py:190} INFO - [2025-11-22T20:34:37.725+0500] {dag.py:3239} INFO - Sync 1 DAGs
[2025-11-22T20:34:37.745+0500] {logging_mixin.py:190} INFO - [2025-11-22T20:34:37.744+0500] {dag.py:4180} INFO - Setting next_dagrun for example_time_delta_sensor_async to None, run_after=None
[2025-11-22T20:34:37.818+0500] {processor.py:208} INFO - Processing /mnt/c/Users/Raj/OneDrive - Åbo Akademi O365/banking/airflow/.venv/lib/python3.12/site-packages/airflow/example_dags/example_time_delta_sensor_async.py took 0.210 seconds
[2025-11-22T20:35:33.914+0500] {processor.py:186} INFO - Started process (PID=66631) to work on /mnt/c/Users/Raj/OneDrive - Åbo Akademi O365/banking/airflow/.venv/lib/python3.12/site-packages/airflow/example_dags/example_time_delta_sensor_async.py
[2025-11-22T20:35:33.917+0500] {processor.py:914} INFO - Processing file /mnt/c/Users/Raj/OneDrive - Åbo Akademi O365/banking/airflow/.venv/lib/python3.12/site-packages/airflow/example_dags/example_time_delta_sensor_async.py for tasks to queue
[2025-11-22T20:35:33.921+0500] {logging_mixin.py:190} INFO - [2025-11-22T20:35:33.920+0500] {dagbag.py:588} INFO - Filling up the DagBag from /mnt/c/Users/Raj/OneDrive - Åbo Akademi O365/banking/airflow/.venv/lib/python3.12/site-packages/airflow/example_dags/example_time_delta_sensor_async.py
[2025-11-22T20:35:33.956+0500] {processor.py:925} INFO - DAG(s) 'example_time_delta_sensor_async' retrieved from /mnt/c/Users/Raj/OneDrive - Åbo Akademi O365/banking/airflow/.venv/lib/python3.12/site-packages/airflow/example_dags/example_time_delta_sensor_async.py
[2025-11-22T20:35:34.001+0500] {logging_mixin.py:190} INFO - [2025-11-22T20:35:33.999+0500] {dag.py:3239} INFO - Sync 1 DAGs
[2025-11-22T20:35:34.028+0500] {logging_mixin.py:190} INFO - [2025-11-22T20:35:34.026+0500] {dag.py:4180} INFO - Setting next_dagrun for example_time_delta_sensor_async to None, run_after=None
[2025-11-22T20:35:34.110+0500] {processor.py:208} INFO - Processing /mnt/c/Users/Raj/OneDrive - Åbo Akademi O365/banking/airflow/.venv/lib/python3.12/site-packages/airflow/example_dags/example_time_delta_sensor_async.py took 0.211 seconds
[2025-11-22T20:36:30.585+0500] {processor.py:186} INFO - Started process (PID=66679) to work on /mnt/c/Users/Raj/OneDrive - Åbo Akademi O365/banking/airflow/.venv/lib/python3.12/site-packages/airflow/example_dags/example_time_delta_sensor_async.py
[2025-11-22T20:36:30.592+0500] {processor.py:914} INFO - Processing file /mnt/c/Users/Raj/OneDrive - Åbo Akademi O365/banking/airflow/.venv/lib/python3.12/site-packages/airflow/example_dags/example_time_delta_sensor_async.py for tasks to queue
[2025-11-22T20:36:30.597+0500] {logging_mixin.py:190} INFO - [2025-11-22T20:36:30.595+0500] {dagbag.py:588} INFO - Filling up the DagBag from /mnt/c/Users/Raj/OneDrive - Åbo Akademi O365/banking/airflow/.venv/lib/python3.12/site-packages/airflow/example_dags/example_time_delta_sensor_async.py
[2025-11-22T20:36:30.645+0500] {processor.py:925} INFO - DAG(s) 'example_time_delta_sensor_async' retrieved from /mnt/c/Users/Raj/OneDrive - Åbo Akademi O365/banking/airflow/.venv/lib/python3.12/site-packages/airflow/example_dags/example_time_delta_sensor_async.py
[2025-11-22T20:36:30.736+0500] {logging_mixin.py:190} INFO - [2025-11-22T20:36:30.735+0500] {dag.py:3239} INFO - Sync 1 DAGs
[2025-11-22T20:36:30.757+0500] {logging_mixin.py:190} INFO - [2025-11-22T20:36:30.756+0500] {dag.py:4180} INFO - Setting next_dagrun for example_time_delta_sensor_async to None, run_after=None
[2025-11-22T20:36:30.856+0500] {processor.py:208} INFO - Processing /mnt/c/Users/Raj/OneDrive - Åbo Akademi O365/banking/airflow/.venv/lib/python3.12/site-packages/airflow/example_dags/example_time_delta_sensor_async.py took 0.296 seconds
[2025-11-22T20:38:06.596+0500] {processor.py:186} INFO - Started process (PID=66748) to work on /mnt/c/Users/Raj/OneDrive - Åbo Akademi O365/banking/airflow/.venv/lib/python3.12/site-packages/airflow/example_dags/example_time_delta_sensor_async.py
[2025-11-22T20:38:06.599+0500] {processor.py:914} INFO - Processing file /mnt/c/Users/Raj/OneDrive - Åbo Akademi O365/banking/airflow/.venv/lib/python3.12/site-packages/airflow/example_dags/example_time_delta_sensor_async.py for tasks to queue
[2025-11-22T20:38:06.604+0500] {logging_mixin.py:190} INFO - [2025-11-22T20:38:06.602+0500] {dagbag.py:588} INFO - Filling up the DagBag from /mnt/c/Users/Raj/OneDrive - Åbo Akademi O365/banking/airflow/.venv/lib/python3.12/site-packages/airflow/example_dags/example_time_delta_sensor_async.py
[2025-11-22T20:38:06.632+0500] {processor.py:925} INFO - DAG(s) 'example_time_delta_sensor_async' retrieved from /mnt/c/Users/Raj/OneDrive - Åbo Akademi O365/banking/airflow/.venv/lib/python3.12/site-packages/airflow/example_dags/example_time_delta_sensor_async.py
[2025-11-22T20:38:06.671+0500] {logging_mixin.py:190} INFO - [2025-11-22T20:38:06.670+0500] {dag.py:3239} INFO - Sync 1 DAGs
[2025-11-22T20:38:06.690+0500] {logging_mixin.py:190} INFO - [2025-11-22T20:38:06.689+0500] {dag.py:4180} INFO - Setting next_dagrun for example_time_delta_sensor_async to None, run_after=None
[2025-11-22T20:38:06.763+0500] {processor.py:208} INFO - Processing /mnt/c/Users/Raj/OneDrive - Åbo Akademi O365/banking/airflow/.venv/lib/python3.12/site-packages/airflow/example_dags/example_time_delta_sensor_async.py took 0.184 seconds
[2025-11-22T20:39:11.358+0500] {processor.py:186} INFO - Started process (PID=66821) to work on /mnt/c/Users/Raj/OneDrive - Åbo Akademi O365/banking/airflow/.venv/lib/python3.12/site-packages/airflow/example_dags/example_time_delta_sensor_async.py
[2025-11-22T20:39:11.360+0500] {processor.py:914} INFO - Processing file /mnt/c/Users/Raj/OneDrive - Åbo Akademi O365/banking/airflow/.venv/lib/python3.12/site-packages/airflow/example_dags/example_time_delta_sensor_async.py for tasks to queue
[2025-11-22T20:39:11.364+0500] {logging_mixin.py:190} INFO - [2025-11-22T20:39:11.362+0500] {dagbag.py:588} INFO - Filling up the DagBag from /mnt/c/Users/Raj/OneDrive - Åbo Akademi O365/banking/airflow/.venv/lib/python3.12/site-packages/airflow/example_dags/example_time_delta_sensor_async.py
[2025-11-22T20:39:11.399+0500] {processor.py:925} INFO - DAG(s) 'example_time_delta_sensor_async' retrieved from /mnt/c/Users/Raj/OneDrive - Åbo Akademi O365/banking/airflow/.venv/lib/python3.12/site-packages/airflow/example_dags/example_time_delta_sensor_async.py
[2025-11-22T20:39:11.455+0500] {logging_mixin.py:190} INFO - [2025-11-22T20:39:11.453+0500] {dag.py:3239} INFO - Sync 1 DAGs
[2025-11-22T20:39:11.485+0500] {logging_mixin.py:190} INFO - [2025-11-22T20:39:11.482+0500] {dag.py:4180} INFO - Setting next_dagrun for example_time_delta_sensor_async to None, run_after=None
[2025-11-22T20:39:11.629+0500] {processor.py:208} INFO - Processing /mnt/c/Users/Raj/OneDrive - Åbo Akademi O365/banking/airflow/.venv/lib/python3.12/site-packages/airflow/example_dags/example_time_delta_sensor_async.py took 0.287 seconds
[2025-11-22T20:40:56.650+0500] {processor.py:186} INFO - Started process (PID=66934) to work on /mnt/c/Users/Raj/OneDrive - Åbo Akademi O365/banking/airflow/.venv/lib/python3.12/site-packages/airflow/example_dags/example_time_delta_sensor_async.py
[2025-11-22T20:40:56.652+0500] {processor.py:914} INFO - Processing file /mnt/c/Users/Raj/OneDrive - Åbo Akademi O365/banking/airflow/.venv/lib/python3.12/site-packages/airflow/example_dags/example_time_delta_sensor_async.py for tasks to queue
[2025-11-22T20:40:56.655+0500] {logging_mixin.py:190} INFO - [2025-11-22T20:40:56.654+0500] {dagbag.py:588} INFO - Filling up the DagBag from /mnt/c/Users/Raj/OneDrive - Åbo Akademi O365/banking/airflow/.venv/lib/python3.12/site-packages/airflow/example_dags/example_time_delta_sensor_async.py
[2025-11-22T20:40:56.685+0500] {processor.py:925} INFO - DAG(s) 'example_time_delta_sensor_async' retrieved from /mnt/c/Users/Raj/OneDrive - Åbo Akademi O365/banking/airflow/.venv/lib/python3.12/site-packages/airflow/example_dags/example_time_delta_sensor_async.py
[2025-11-22T20:40:56.728+0500] {logging_mixin.py:190} INFO - [2025-11-22T20:40:56.727+0500] {dag.py:3239} INFO - Sync 1 DAGs
[2025-11-22T20:40:56.747+0500] {logging_mixin.py:190} INFO - [2025-11-22T20:40:56.746+0500] {dag.py:4180} INFO - Setting next_dagrun for example_time_delta_sensor_async to None, run_after=None
[2025-11-22T20:40:56.822+0500] {processor.py:208} INFO - Processing /mnt/c/Users/Raj/OneDrive - Åbo Akademi O365/banking/airflow/.venv/lib/python3.12/site-packages/airflow/example_dags/example_time_delta_sensor_async.py took 0.188 seconds
[2025-11-22T20:43:17.802+0500] {processor.py:186} INFO - Started process (PID=67059) to work on /mnt/c/Users/Raj/OneDrive - Åbo Akademi O365/banking/airflow/.venv/lib/python3.12/site-packages/airflow/example_dags/example_time_delta_sensor_async.py
[2025-11-22T20:43:17.804+0500] {processor.py:914} INFO - Processing file /mnt/c/Users/Raj/OneDrive - Åbo Akademi O365/banking/airflow/.venv/lib/python3.12/site-packages/airflow/example_dags/example_time_delta_sensor_async.py for tasks to queue
[2025-11-22T20:43:17.809+0500] {logging_mixin.py:190} INFO - [2025-11-22T20:43:17.807+0500] {dagbag.py:588} INFO - Filling up the DagBag from /mnt/c/Users/Raj/OneDrive - Åbo Akademi O365/banking/airflow/.venv/lib/python3.12/site-packages/airflow/example_dags/example_time_delta_sensor_async.py
[2025-11-22T20:43:17.850+0500] {processor.py:925} INFO - DAG(s) 'example_time_delta_sensor_async' retrieved from /mnt/c/Users/Raj/OneDrive - Åbo Akademi O365/banking/airflow/.venv/lib/python3.12/site-packages/airflow/example_dags/example_time_delta_sensor_async.py
[2025-11-22T20:43:17.886+0500] {logging_mixin.py:190} INFO - [2025-11-22T20:43:17.885+0500] {dag.py:3239} INFO - Sync 1 DAGs
[2025-11-22T20:43:17.901+0500] {logging_mixin.py:190} INFO - [2025-11-22T20:43:17.900+0500] {dag.py:4180} INFO - Setting next_dagrun for example_time_delta_sensor_async to None, run_after=None
[2025-11-22T20:43:17.961+0500] {processor.py:208} INFO - Processing /mnt/c/Users/Raj/OneDrive - Åbo Akademi O365/banking/airflow/.venv/lib/python3.12/site-packages/airflow/example_dags/example_time_delta_sensor_async.py took 0.178 seconds
[2025-11-22T20:44:56.515+0500] {processor.py:186} INFO - Started process (PID=67139) to work on /mnt/c/Users/Raj/OneDrive - Åbo Akademi O365/banking/airflow/.venv/lib/python3.12/site-packages/airflow/example_dags/example_time_delta_sensor_async.py
[2025-11-22T20:44:56.517+0500] {processor.py:914} INFO - Processing file /mnt/c/Users/Raj/OneDrive - Åbo Akademi O365/banking/airflow/.venv/lib/python3.12/site-packages/airflow/example_dags/example_time_delta_sensor_async.py for tasks to queue
[2025-11-22T20:44:56.521+0500] {logging_mixin.py:190} INFO - [2025-11-22T20:44:56.519+0500] {dagbag.py:588} INFO - Filling up the DagBag from /mnt/c/Users/Raj/OneDrive - Åbo Akademi O365/banking/airflow/.venv/lib/python3.12/site-packages/airflow/example_dags/example_time_delta_sensor_async.py
[2025-11-22T20:44:56.543+0500] {processor.py:925} INFO - DAG(s) 'example_time_delta_sensor_async' retrieved from /mnt/c/Users/Raj/OneDrive - Åbo Akademi O365/banking/airflow/.venv/lib/python3.12/site-packages/airflow/example_dags/example_time_delta_sensor_async.py
[2025-11-22T20:44:56.581+0500] {logging_mixin.py:190} INFO - [2025-11-22T20:44:56.580+0500] {dag.py:3239} INFO - Sync 1 DAGs
[2025-11-22T20:44:56.600+0500] {logging_mixin.py:190} INFO - [2025-11-22T20:44:56.599+0500] {dag.py:4180} INFO - Setting next_dagrun for example_time_delta_sensor_async to None, run_after=None
[2025-11-22T20:44:56.672+0500] {processor.py:208} INFO - Processing /mnt/c/Users/Raj/OneDrive - Åbo Akademi O365/banking/airflow/.venv/lib/python3.12/site-packages/airflow/example_dags/example_time_delta_sensor_async.py took 0.170 seconds
[2025-11-22T20:46:33.112+0500] {processor.py:186} INFO - Started process (PID=67211) to work on /mnt/c/Users/Raj/OneDrive - Åbo Akademi O365/banking/airflow/.venv/lib/python3.12/site-packages/airflow/example_dags/example_time_delta_sensor_async.py
[2025-11-22T20:46:33.114+0500] {processor.py:914} INFO - Processing file /mnt/c/Users/Raj/OneDrive - Åbo Akademi O365/banking/airflow/.venv/lib/python3.12/site-packages/airflow/example_dags/example_time_delta_sensor_async.py for tasks to queue
[2025-11-22T20:46:33.117+0500] {logging_mixin.py:190} INFO - [2025-11-22T20:46:33.116+0500] {dagbag.py:588} INFO - Filling up the DagBag from /mnt/c/Users/Raj/OneDrive - Åbo Akademi O365/banking/airflow/.venv/lib/python3.12/site-packages/airflow/example_dags/example_time_delta_sensor_async.py
[2025-11-22T20:46:33.143+0500] {processor.py:925} INFO - DAG(s) 'example_time_delta_sensor_async' retrieved from /mnt/c/Users/Raj/OneDrive - Åbo Akademi O365/banking/airflow/.venv/lib/python3.12/site-packages/airflow/example_dags/example_time_delta_sensor_async.py
[2025-11-22T20:46:33.177+0500] {logging_mixin.py:190} INFO - [2025-11-22T20:46:33.176+0500] {dag.py:3239} INFO - Sync 1 DAGs
[2025-11-22T20:46:33.195+0500] {logging_mixin.py:190} INFO - [2025-11-22T20:46:33.194+0500] {dag.py:4180} INFO - Setting next_dagrun for example_time_delta_sensor_async to None, run_after=None
[2025-11-22T20:46:33.262+0500] {processor.py:208} INFO - Processing /mnt/c/Users/Raj/OneDrive - Åbo Akademi O365/banking/airflow/.venv/lib/python3.12/site-packages/airflow/example_dags/example_time_delta_sensor_async.py took 0.164 seconds
[2025-11-22T20:47:29.697+0500] {processor.py:186} INFO - Started process (PID=67256) to work on /mnt/c/Users/Raj/OneDrive - Åbo Akademi O365/banking/airflow/.venv/lib/python3.12/site-packages/airflow/example_dags/example_time_delta_sensor_async.py
[2025-11-22T20:47:29.700+0500] {processor.py:914} INFO - Processing file /mnt/c/Users/Raj/OneDrive - Åbo Akademi O365/banking/airflow/.venv/lib/python3.12/site-packages/airflow/example_dags/example_time_delta_sensor_async.py for tasks to queue
[2025-11-22T20:47:29.704+0500] {logging_mixin.py:190} INFO - [2025-11-22T20:47:29.702+0500] {dagbag.py:588} INFO - Filling up the DagBag from /mnt/c/Users/Raj/OneDrive - Åbo Akademi O365/banking/airflow/.venv/lib/python3.12/site-packages/airflow/example_dags/example_time_delta_sensor_async.py
[2025-11-22T20:47:29.730+0500] {processor.py:925} INFO - DAG(s) 'example_time_delta_sensor_async' retrieved from /mnt/c/Users/Raj/OneDrive - Åbo Akademi O365/banking/airflow/.venv/lib/python3.12/site-packages/airflow/example_dags/example_time_delta_sensor_async.py
[2025-11-22T20:47:29.775+0500] {logging_mixin.py:190} INFO - [2025-11-22T20:47:29.773+0500] {dag.py:3239} INFO - Sync 1 DAGs
[2025-11-22T20:47:29.804+0500] {logging_mixin.py:190} INFO - [2025-11-22T20:47:29.803+0500] {dag.py:4180} INFO - Setting next_dagrun for example_time_delta_sensor_async to None, run_after=None
[2025-11-22T20:47:29.908+0500] {processor.py:208} INFO - Processing /mnt/c/Users/Raj/OneDrive - Åbo Akademi O365/banking/airflow/.venv/lib/python3.12/site-packages/airflow/example_dags/example_time_delta_sensor_async.py took 0.225 seconds
[2025-11-22T20:49:07.901+0500] {processor.py:186} INFO - Started process (PID=67336) to work on /mnt/c/Users/Raj/OneDrive - Åbo Akademi O365/banking/airflow/.venv/lib/python3.12/site-packages/airflow/example_dags/example_time_delta_sensor_async.py
[2025-11-22T20:49:07.904+0500] {processor.py:914} INFO - Processing file /mnt/c/Users/Raj/OneDrive - Åbo Akademi O365/banking/airflow/.venv/lib/python3.12/site-packages/airflow/example_dags/example_time_delta_sensor_async.py for tasks to queue
[2025-11-22T20:49:07.908+0500] {logging_mixin.py:190} INFO - [2025-11-22T20:49:07.907+0500] {dagbag.py:588} INFO - Filling up the DagBag from /mnt/c/Users/Raj/OneDrive - Åbo Akademi O365/banking/airflow/.venv/lib/python3.12/site-packages/airflow/example_dags/example_time_delta_sensor_async.py
[2025-11-22T20:49:07.939+0500] {processor.py:925} INFO - DAG(s) 'example_time_delta_sensor_async' retrieved from /mnt/c/Users/Raj/OneDrive - Åbo Akademi O365/banking/airflow/.venv/lib/python3.12/site-packages/airflow/example_dags/example_time_delta_sensor_async.py
[2025-11-22T20:49:07.979+0500] {logging_mixin.py:190} INFO - [2025-11-22T20:49:07.977+0500] {dag.py:3239} INFO - Sync 1 DAGs
[2025-11-22T20:49:08.002+0500] {logging_mixin.py:190} INFO - [2025-11-22T20:49:08.001+0500] {dag.py:4180} INFO - Setting next_dagrun for example_time_delta_sensor_async to None, run_after=None
[2025-11-22T20:49:08.075+0500] {processor.py:208} INFO - Processing /mnt/c/Users/Raj/OneDrive - Åbo Akademi O365/banking/airflow/.venv/lib/python3.12/site-packages/airflow/example_dags/example_time_delta_sensor_async.py took 0.193 seconds
[2025-11-22T20:50:49.164+0500] {processor.py:186} INFO - Started process (PID=67411) to work on /mnt/c/Users/Raj/OneDrive - Åbo Akademi O365/banking/airflow/.venv/lib/python3.12/site-packages/airflow/example_dags/example_time_delta_sensor_async.py
[2025-11-22T20:50:49.166+0500] {processor.py:914} INFO - Processing file /mnt/c/Users/Raj/OneDrive - Åbo Akademi O365/banking/airflow/.venv/lib/python3.12/site-packages/airflow/example_dags/example_time_delta_sensor_async.py for tasks to queue
[2025-11-22T20:50:49.168+0500] {logging_mixin.py:190} INFO - [2025-11-22T20:50:49.167+0500] {dagbag.py:588} INFO - Filling up the DagBag from /mnt/c/Users/Raj/OneDrive - Åbo Akademi O365/banking/airflow/.venv/lib/python3.12/site-packages/airflow/example_dags/example_time_delta_sensor_async.py
[2025-11-22T20:50:49.188+0500] {processor.py:925} INFO - DAG(s) 'example_time_delta_sensor_async' retrieved from /mnt/c/Users/Raj/OneDrive - Åbo Akademi O365/banking/airflow/.venv/lib/python3.12/site-packages/airflow/example_dags/example_time_delta_sensor_async.py
[2025-11-22T20:50:49.219+0500] {logging_mixin.py:190} INFO - [2025-11-22T20:50:49.218+0500] {dag.py:3239} INFO - Sync 1 DAGs
[2025-11-22T20:50:49.234+0500] {logging_mixin.py:190} INFO - [2025-11-22T20:50:49.233+0500] {dag.py:4180} INFO - Setting next_dagrun for example_time_delta_sensor_async to None, run_after=None
[2025-11-22T20:50:49.313+0500] {processor.py:208} INFO - Processing /mnt/c/Users/Raj/OneDrive - Åbo Akademi O365/banking/airflow/.venv/lib/python3.12/site-packages/airflow/example_dags/example_time_delta_sensor_async.py took 0.161 seconds
[2025-11-22T20:51:41.227+0500] {processor.py:186} INFO - Started process (PID=67454) to work on /mnt/c/Users/Raj/OneDrive - Åbo Akademi O365/banking/airflow/.venv/lib/python3.12/site-packages/airflow/example_dags/example_time_delta_sensor_async.py
[2025-11-22T20:51:41.229+0500] {processor.py:914} INFO - Processing file /mnt/c/Users/Raj/OneDrive - Åbo Akademi O365/banking/airflow/.venv/lib/python3.12/site-packages/airflow/example_dags/example_time_delta_sensor_async.py for tasks to queue
[2025-11-22T20:51:41.232+0500] {logging_mixin.py:190} INFO - [2025-11-22T20:51:41.231+0500] {dagbag.py:588} INFO - Filling up the DagBag from /mnt/c/Users/Raj/OneDrive - Åbo Akademi O365/banking/airflow/.venv/lib/python3.12/site-packages/airflow/example_dags/example_time_delta_sensor_async.py
[2025-11-22T20:51:41.256+0500] {processor.py:925} INFO - DAG(s) 'example_time_delta_sensor_async' retrieved from /mnt/c/Users/Raj/OneDrive - Åbo Akademi O365/banking/airflow/.venv/lib/python3.12/site-packages/airflow/example_dags/example_time_delta_sensor_async.py
[2025-11-22T20:51:41.288+0500] {logging_mixin.py:190} INFO - [2025-11-22T20:51:41.287+0500] {dag.py:3239} INFO - Sync 1 DAGs
[2025-11-22T20:51:41.306+0500] {logging_mixin.py:190} INFO - [2025-11-22T20:51:41.305+0500] {dag.py:4180} INFO - Setting next_dagrun for example_time_delta_sensor_async to None, run_after=None
[2025-11-22T20:51:41.380+0500] {processor.py:208} INFO - Processing /mnt/c/Users/Raj/OneDrive - Åbo Akademi O365/banking/airflow/.venv/lib/python3.12/site-packages/airflow/example_dags/example_time_delta_sensor_async.py took 0.170 seconds
[2025-11-22T20:52:33.543+0500] {processor.py:186} INFO - Started process (PID=67493) to work on /mnt/c/Users/Raj/OneDrive - Åbo Akademi O365/banking/airflow/.venv/lib/python3.12/site-packages/airflow/example_dags/example_time_delta_sensor_async.py
[2025-11-22T20:52:33.546+0500] {processor.py:914} INFO - Processing file /mnt/c/Users/Raj/OneDrive - Åbo Akademi O365/banking/airflow/.venv/lib/python3.12/site-packages/airflow/example_dags/example_time_delta_sensor_async.py for tasks to queue
[2025-11-22T20:52:33.551+0500] {logging_mixin.py:190} INFO - [2025-11-22T20:52:33.549+0500] {dagbag.py:588} INFO - Filling up the DagBag from /mnt/c/Users/Raj/OneDrive - Åbo Akademi O365/banking/airflow/.venv/lib/python3.12/site-packages/airflow/example_dags/example_time_delta_sensor_async.py
[2025-11-22T20:52:33.575+0500] {processor.py:925} INFO - DAG(s) 'example_time_delta_sensor_async' retrieved from /mnt/c/Users/Raj/OneDrive - Åbo Akademi O365/banking/airflow/.venv/lib/python3.12/site-packages/airflow/example_dags/example_time_delta_sensor_async.py
[2025-11-22T20:52:33.612+0500] {logging_mixin.py:190} INFO - [2025-11-22T20:52:33.611+0500] {dag.py:3239} INFO - Sync 1 DAGs
[2025-11-22T20:52:33.629+0500] {logging_mixin.py:190} INFO - [2025-11-22T20:52:33.628+0500] {dag.py:4180} INFO - Setting next_dagrun for example_time_delta_sensor_async to None, run_after=None
[2025-11-22T20:52:33.708+0500] {processor.py:208} INFO - Processing /mnt/c/Users/Raj/OneDrive - Åbo Akademi O365/banking/airflow/.venv/lib/python3.12/site-packages/airflow/example_dags/example_time_delta_sensor_async.py took 0.184 seconds
[2025-11-22T20:54:15.361+0500] {processor.py:186} INFO - Started process (PID=67575) to work on /mnt/c/Users/Raj/OneDrive - Åbo Akademi O365/banking/airflow/.venv/lib/python3.12/site-packages/airflow/example_dags/example_time_delta_sensor_async.py
[2025-11-22T20:54:15.363+0500] {processor.py:914} INFO - Processing file /mnt/c/Users/Raj/OneDrive - Åbo Akademi O365/banking/airflow/.venv/lib/python3.12/site-packages/airflow/example_dags/example_time_delta_sensor_async.py for tasks to queue
[2025-11-22T20:54:15.367+0500] {logging_mixin.py:190} INFO - [2025-11-22T20:54:15.366+0500] {dagbag.py:588} INFO - Filling up the DagBag from /mnt/c/Users/Raj/OneDrive - Åbo Akademi O365/banking/airflow/.venv/lib/python3.12/site-packages/airflow/example_dags/example_time_delta_sensor_async.py
[2025-11-22T20:54:15.389+0500] {processor.py:925} INFO - DAG(s) 'example_time_delta_sensor_async' retrieved from /mnt/c/Users/Raj/OneDrive - Åbo Akademi O365/banking/airflow/.venv/lib/python3.12/site-packages/airflow/example_dags/example_time_delta_sensor_async.py
[2025-11-22T20:54:15.426+0500] {logging_mixin.py:190} INFO - [2025-11-22T20:54:15.425+0500] {dag.py:3239} INFO - Sync 1 DAGs
[2025-11-22T20:54:15.445+0500] {logging_mixin.py:190} INFO - [2025-11-22T20:54:15.443+0500] {dag.py:4180} INFO - Setting next_dagrun for example_time_delta_sensor_async to None, run_after=None
[2025-11-22T20:54:15.508+0500] {processor.py:208} INFO - Processing /mnt/c/Users/Raj/OneDrive - Åbo Akademi O365/banking/airflow/.venv/lib/python3.12/site-packages/airflow/example_dags/example_time_delta_sensor_async.py took 0.161 seconds
[2025-11-22T20:55:59.791+0500] {processor.py:186} INFO - Started process (PID=67739) to work on /mnt/c/Users/Raj/OneDrive - Åbo Akademi O365/banking/airflow/.venv/lib/python3.12/site-packages/airflow/example_dags/example_time_delta_sensor_async.py
[2025-11-22T20:55:59.794+0500] {processor.py:914} INFO - Processing file /mnt/c/Users/Raj/OneDrive - Åbo Akademi O365/banking/airflow/.venv/lib/python3.12/site-packages/airflow/example_dags/example_time_delta_sensor_async.py for tasks to queue
[2025-11-22T20:55:59.799+0500] {logging_mixin.py:190} INFO - [2025-11-22T20:55:59.797+0500] {dagbag.py:588} INFO - Filling up the DagBag from /mnt/c/Users/Raj/OneDrive - Åbo Akademi O365/banking/airflow/.venv/lib/python3.12/site-packages/airflow/example_dags/example_time_delta_sensor_async.py
[2025-11-22T20:55:59.829+0500] {processor.py:925} INFO - DAG(s) 'example_time_delta_sensor_async' retrieved from /mnt/c/Users/Raj/OneDrive - Åbo Akademi O365/banking/airflow/.venv/lib/python3.12/site-packages/airflow/example_dags/example_time_delta_sensor_async.py
[2025-11-22T20:55:59.869+0500] {logging_mixin.py:190} INFO - [2025-11-22T20:55:59.867+0500] {dag.py:3239} INFO - Sync 1 DAGs
[2025-11-22T20:55:59.886+0500] {logging_mixin.py:190} INFO - [2025-11-22T20:55:59.885+0500] {dag.py:4180} INFO - Setting next_dagrun for example_time_delta_sensor_async to None, run_after=None
[2025-11-22T20:55:59.961+0500] {processor.py:208} INFO - Processing /mnt/c/Users/Raj/OneDrive - Åbo Akademi O365/banking/airflow/.venv/lib/python3.12/site-packages/airflow/example_dags/example_time_delta_sensor_async.py took 0.189 seconds
[2025-11-22T20:56:53.658+0500] {processor.py:186} INFO - Started process (PID=67778) to work on /mnt/c/Users/Raj/OneDrive - Åbo Akademi O365/banking/airflow/.venv/lib/python3.12/site-packages/airflow/example_dags/example_time_delta_sensor_async.py
[2025-11-22T20:56:53.660+0500] {processor.py:914} INFO - Processing file /mnt/c/Users/Raj/OneDrive - Åbo Akademi O365/banking/airflow/.venv/lib/python3.12/site-packages/airflow/example_dags/example_time_delta_sensor_async.py for tasks to queue
[2025-11-22T20:56:53.663+0500] {logging_mixin.py:190} INFO - [2025-11-22T20:56:53.662+0500] {dagbag.py:588} INFO - Filling up the DagBag from /mnt/c/Users/Raj/OneDrive - Åbo Akademi O365/banking/airflow/.venv/lib/python3.12/site-packages/airflow/example_dags/example_time_delta_sensor_async.py
[2025-11-22T20:56:53.688+0500] {processor.py:925} INFO - DAG(s) 'example_time_delta_sensor_async' retrieved from /mnt/c/Users/Raj/OneDrive - Åbo Akademi O365/banking/airflow/.venv/lib/python3.12/site-packages/airflow/example_dags/example_time_delta_sensor_async.py
[2025-11-22T20:56:53.720+0500] {logging_mixin.py:190} INFO - [2025-11-22T20:56:53.719+0500] {dag.py:3239} INFO - Sync 1 DAGs
[2025-11-22T20:56:53.735+0500] {logging_mixin.py:190} INFO - [2025-11-22T20:56:53.734+0500] {dag.py:4180} INFO - Setting next_dagrun for example_time_delta_sensor_async to None, run_after=None
[2025-11-22T20:56:53.798+0500] {processor.py:208} INFO - Processing /mnt/c/Users/Raj/OneDrive - Åbo Akademi O365/banking/airflow/.venv/lib/python3.12/site-packages/airflow/example_dags/example_time_delta_sensor_async.py took 0.157 seconds
[2025-11-22T20:58:38.081+0500] {processor.py:186} INFO - Started process (PID=67858) to work on /mnt/c/Users/Raj/OneDrive - Åbo Akademi O365/banking/airflow/.venv/lib/python3.12/site-packages/airflow/example_dags/example_time_delta_sensor_async.py
[2025-11-22T20:58:38.083+0500] {processor.py:914} INFO - Processing file /mnt/c/Users/Raj/OneDrive - Åbo Akademi O365/banking/airflow/.venv/lib/python3.12/site-packages/airflow/example_dags/example_time_delta_sensor_async.py for tasks to queue
[2025-11-22T20:58:38.086+0500] {logging_mixin.py:190} INFO - [2025-11-22T20:58:38.085+0500] {dagbag.py:588} INFO - Filling up the DagBag from /mnt/c/Users/Raj/OneDrive - Åbo Akademi O365/banking/airflow/.venv/lib/python3.12/site-packages/airflow/example_dags/example_time_delta_sensor_async.py
[2025-11-22T20:58:38.106+0500] {processor.py:925} INFO - DAG(s) 'example_time_delta_sensor_async' retrieved from /mnt/c/Users/Raj/OneDrive - Åbo Akademi O365/banking/airflow/.venv/lib/python3.12/site-packages/airflow/example_dags/example_time_delta_sensor_async.py
[2025-11-22T20:58:38.133+0500] {logging_mixin.py:190} INFO - [2025-11-22T20:58:38.133+0500] {dag.py:3239} INFO - Sync 1 DAGs
[2025-11-22T20:58:38.154+0500] {logging_mixin.py:190} INFO - [2025-11-22T20:58:38.153+0500] {dag.py:4180} INFO - Setting next_dagrun for example_time_delta_sensor_async to None, run_after=None
[2025-11-22T20:58:38.228+0500] {processor.py:208} INFO - Processing /mnt/c/Users/Raj/OneDrive - Åbo Akademi O365/banking/airflow/.venv/lib/python3.12/site-packages/airflow/example_dags/example_time_delta_sensor_async.py took 0.161 seconds
[2025-11-22T21:00:11.472+0500] {processor.py:186} INFO - Started process (PID=67936) to work on /mnt/c/Users/Raj/OneDrive - Åbo Akademi O365/banking/airflow/.venv/lib/python3.12/site-packages/airflow/example_dags/example_time_delta_sensor_async.py
[2025-11-22T21:00:11.474+0500] {processor.py:914} INFO - Processing file /mnt/c/Users/Raj/OneDrive - Åbo Akademi O365/banking/airflow/.venv/lib/python3.12/site-packages/airflow/example_dags/example_time_delta_sensor_async.py for tasks to queue
[2025-11-22T21:00:11.476+0500] {logging_mixin.py:190} INFO - [2025-11-22T21:00:11.475+0500] {dagbag.py:588} INFO - Filling up the DagBag from /mnt/c/Users/Raj/OneDrive - Åbo Akademi O365/banking/airflow/.venv/lib/python3.12/site-packages/airflow/example_dags/example_time_delta_sensor_async.py
[2025-11-22T21:00:11.502+0500] {processor.py:925} INFO - DAG(s) 'example_time_delta_sensor_async' retrieved from /mnt/c/Users/Raj/OneDrive - Åbo Akademi O365/banking/airflow/.venv/lib/python3.12/site-packages/airflow/example_dags/example_time_delta_sensor_async.py
[2025-11-22T21:00:11.535+0500] {logging_mixin.py:190} INFO - [2025-11-22T21:00:11.534+0500] {dag.py:3239} INFO - Sync 1 DAGs
[2025-11-22T21:00:11.551+0500] {logging_mixin.py:190} INFO - [2025-11-22T21:00:11.550+0500] {dag.py:4180} INFO - Setting next_dagrun for example_time_delta_sensor_async to None, run_after=None
[2025-11-22T21:00:11.630+0500] {processor.py:208} INFO - Processing /mnt/c/Users/Raj/OneDrive - Åbo Akademi O365/banking/airflow/.venv/lib/python3.12/site-packages/airflow/example_dags/example_time_delta_sensor_async.py took 0.173 seconds
[2025-11-22T21:01:05.241+0500] {processor.py:186} INFO - Started process (PID=67975) to work on /mnt/c/Users/Raj/OneDrive - Åbo Akademi O365/banking/airflow/.venv/lib/python3.12/site-packages/airflow/example_dags/example_time_delta_sensor_async.py
[2025-11-22T21:01:05.244+0500] {processor.py:914} INFO - Processing file /mnt/c/Users/Raj/OneDrive - Åbo Akademi O365/banking/airflow/.venv/lib/python3.12/site-packages/airflow/example_dags/example_time_delta_sensor_async.py for tasks to queue
[2025-11-22T21:01:05.249+0500] {logging_mixin.py:190} INFO - [2025-11-22T21:01:05.247+0500] {dagbag.py:588} INFO - Filling up the DagBag from /mnt/c/Users/Raj/OneDrive - Åbo Akademi O365/banking/airflow/.venv/lib/python3.12/site-packages/airflow/example_dags/example_time_delta_sensor_async.py
[2025-11-22T21:01:05.275+0500] {processor.py:925} INFO - DAG(s) 'example_time_delta_sensor_async' retrieved from /mnt/c/Users/Raj/OneDrive - Åbo Akademi O365/banking/airflow/.venv/lib/python3.12/site-packages/airflow/example_dags/example_time_delta_sensor_async.py
[2025-11-22T21:01:05.309+0500] {logging_mixin.py:190} INFO - [2025-11-22T21:01:05.307+0500] {dag.py:3239} INFO - Sync 1 DAGs
[2025-11-22T21:01:05.325+0500] {logging_mixin.py:190} INFO - [2025-11-22T21:01:05.324+0500] {dag.py:4180} INFO - Setting next_dagrun for example_time_delta_sensor_async to None, run_after=None
[2025-11-22T21:01:05.381+0500] {processor.py:208} INFO - Processing /mnt/c/Users/Raj/OneDrive - Åbo Akademi O365/banking/airflow/.venv/lib/python3.12/site-packages/airflow/example_dags/example_time_delta_sensor_async.py took 0.154 seconds
[2025-11-22T21:02:14.810+0500] {processor.py:186} INFO - Started process (PID=68038) to work on /mnt/c/Users/Raj/OneDrive - Åbo Akademi O365/banking/airflow/.venv/lib/python3.12/site-packages/airflow/example_dags/example_time_delta_sensor_async.py
[2025-11-22T21:02:14.817+0500] {processor.py:914} INFO - Processing file /mnt/c/Users/Raj/OneDrive - Åbo Akademi O365/banking/airflow/.venv/lib/python3.12/site-packages/airflow/example_dags/example_time_delta_sensor_async.py for tasks to queue
[2025-11-22T21:02:14.861+0500] {logging_mixin.py:190} INFO - [2025-11-22T21:02:14.849+0500] {dagbag.py:588} INFO - Filling up the DagBag from /mnt/c/Users/Raj/OneDrive - Åbo Akademi O365/banking/airflow/.venv/lib/python3.12/site-packages/airflow/example_dags/example_time_delta_sensor_async.py
[2025-11-22T21:02:15.022+0500] {processor.py:925} INFO - DAG(s) 'example_time_delta_sensor_async' retrieved from /mnt/c/Users/Raj/OneDrive - Åbo Akademi O365/banking/airflow/.venv/lib/python3.12/site-packages/airflow/example_dags/example_time_delta_sensor_async.py
[2025-11-22T21:02:15.076+0500] {logging_mixin.py:190} INFO - [2025-11-22T21:02:15.074+0500] {dag.py:3239} INFO - Sync 1 DAGs
[2025-11-22T21:02:15.109+0500] {logging_mixin.py:190} INFO - [2025-11-22T21:02:15.108+0500] {dag.py:4180} INFO - Setting next_dagrun for example_time_delta_sensor_async to None, run_after=None
[2025-11-22T21:02:15.353+0500] {processor.py:208} INFO - Processing /mnt/c/Users/Raj/OneDrive - Åbo Akademi O365/banking/airflow/.venv/lib/python3.12/site-packages/airflow/example_dags/example_time_delta_sensor_async.py took 0.769 seconds
[2025-11-22T21:03:23.166+0500] {processor.py:186} INFO - Started process (PID=68080) to work on /mnt/c/Users/Raj/OneDrive - Åbo Akademi O365/banking/airflow/.venv/lib/python3.12/site-packages/airflow/example_dags/example_time_delta_sensor_async.py
[2025-11-22T21:03:23.169+0500] {processor.py:914} INFO - Processing file /mnt/c/Users/Raj/OneDrive - Åbo Akademi O365/banking/airflow/.venv/lib/python3.12/site-packages/airflow/example_dags/example_time_delta_sensor_async.py for tasks to queue
[2025-11-22T21:03:23.173+0500] {logging_mixin.py:190} INFO - [2025-11-22T21:03:23.172+0500] {dagbag.py:588} INFO - Filling up the DagBag from /mnt/c/Users/Raj/OneDrive - Åbo Akademi O365/banking/airflow/.venv/lib/python3.12/site-packages/airflow/example_dags/example_time_delta_sensor_async.py
[2025-11-22T21:03:23.205+0500] {processor.py:925} INFO - DAG(s) 'example_time_delta_sensor_async' retrieved from /mnt/c/Users/Raj/OneDrive - Åbo Akademi O365/banking/airflow/.venv/lib/python3.12/site-packages/airflow/example_dags/example_time_delta_sensor_async.py
[2025-11-22T21:03:23.247+0500] {logging_mixin.py:190} INFO - [2025-11-22T21:03:23.245+0500] {dag.py:3239} INFO - Sync 1 DAGs
[2025-11-22T21:03:23.283+0500] {logging_mixin.py:190} INFO - [2025-11-22T21:03:23.281+0500] {dag.py:4180} INFO - Setting next_dagrun for example_time_delta_sensor_async to None, run_after=None
[2025-11-22T21:03:23.389+0500] {processor.py:208} INFO - Processing /mnt/c/Users/Raj/OneDrive - Åbo Akademi O365/banking/airflow/.venv/lib/python3.12/site-packages/airflow/example_dags/example_time_delta_sensor_async.py took 0.247 seconds
[2025-11-22T21:04:29.427+0500] {processor.py:186} INFO - Started process (PID=68161) to work on /mnt/c/Users/Raj/OneDrive - Åbo Akademi O365/banking/airflow/.venv/lib/python3.12/site-packages/airflow/example_dags/example_time_delta_sensor_async.py
[2025-11-22T21:04:29.429+0500] {processor.py:914} INFO - Processing file /mnt/c/Users/Raj/OneDrive - Åbo Akademi O365/banking/airflow/.venv/lib/python3.12/site-packages/airflow/example_dags/example_time_delta_sensor_async.py for tasks to queue
[2025-11-22T21:04:29.434+0500] {logging_mixin.py:190} INFO - [2025-11-22T21:04:29.432+0500] {dagbag.py:588} INFO - Filling up the DagBag from /mnt/c/Users/Raj/OneDrive - Åbo Akademi O365/banking/airflow/.venv/lib/python3.12/site-packages/airflow/example_dags/example_time_delta_sensor_async.py
[2025-11-22T21:04:29.465+0500] {processor.py:925} INFO - DAG(s) 'example_time_delta_sensor_async' retrieved from /mnt/c/Users/Raj/OneDrive - Åbo Akademi O365/banking/airflow/.venv/lib/python3.12/site-packages/airflow/example_dags/example_time_delta_sensor_async.py
[2025-11-22T21:04:29.511+0500] {logging_mixin.py:190} INFO - [2025-11-22T21:04:29.509+0500] {dag.py:3239} INFO - Sync 1 DAGs
[2025-11-22T21:04:29.538+0500] {logging_mixin.py:190} INFO - [2025-11-22T21:04:29.536+0500] {dag.py:4180} INFO - Setting next_dagrun for example_time_delta_sensor_async to None, run_after=None
[2025-11-22T21:04:29.815+0500] {processor.py:208} INFO - Processing /mnt/c/Users/Raj/OneDrive - Åbo Akademi O365/banking/airflow/.venv/lib/python3.12/site-packages/airflow/example_dags/example_time_delta_sensor_async.py took 0.413 seconds
[2025-11-22T21:05:31.228+0500] {processor.py:186} INFO - Started process (PID=68206) to work on /mnt/c/Users/Raj/OneDrive - Åbo Akademi O365/banking/airflow/.venv/lib/python3.12/site-packages/airflow/example_dags/example_time_delta_sensor_async.py
[2025-11-22T21:05:31.230+0500] {processor.py:914} INFO - Processing file /mnt/c/Users/Raj/OneDrive - Åbo Akademi O365/banking/airflow/.venv/lib/python3.12/site-packages/airflow/example_dags/example_time_delta_sensor_async.py for tasks to queue
[2025-11-22T21:05:31.234+0500] {logging_mixin.py:190} INFO - [2025-11-22T21:05:31.233+0500] {dagbag.py:588} INFO - Filling up the DagBag from /mnt/c/Users/Raj/OneDrive - Åbo Akademi O365/banking/airflow/.venv/lib/python3.12/site-packages/airflow/example_dags/example_time_delta_sensor_async.py
[2025-11-22T21:05:31.263+0500] {processor.py:925} INFO - DAG(s) 'example_time_delta_sensor_async' retrieved from /mnt/c/Users/Raj/OneDrive - Åbo Akademi O365/banking/airflow/.venv/lib/python3.12/site-packages/airflow/example_dags/example_time_delta_sensor_async.py
[2025-11-22T21:05:31.304+0500] {logging_mixin.py:190} INFO - [2025-11-22T21:05:31.303+0500] {dag.py:3239} INFO - Sync 1 DAGs
[2025-11-22T21:05:31.324+0500] {logging_mixin.py:190} INFO - [2025-11-22T21:05:31.323+0500] {dag.py:4180} INFO - Setting next_dagrun for example_time_delta_sensor_async to None, run_after=None
[2025-11-22T21:05:31.401+0500] {processor.py:208} INFO - Processing /mnt/c/Users/Raj/OneDrive - Åbo Akademi O365/banking/airflow/.venv/lib/python3.12/site-packages/airflow/example_dags/example_time_delta_sensor_async.py took 0.195 seconds
[2025-11-22T21:08:52.800+0500] {processor.py:186} INFO - Started process (PID=68339) to work on /mnt/c/Users/Raj/OneDrive - Åbo Akademi O365/banking/airflow/.venv/lib/python3.12/site-packages/airflow/example_dags/example_time_delta_sensor_async.py
[2025-11-22T21:08:52.803+0500] {processor.py:914} INFO - Processing file /mnt/c/Users/Raj/OneDrive - Åbo Akademi O365/banking/airflow/.venv/lib/python3.12/site-packages/airflow/example_dags/example_time_delta_sensor_async.py for tasks to queue
[2025-11-22T21:08:52.806+0500] {logging_mixin.py:190} INFO - [2025-11-22T21:08:52.805+0500] {dagbag.py:588} INFO - Filling up the DagBag from /mnt/c/Users/Raj/OneDrive - Åbo Akademi O365/banking/airflow/.venv/lib/python3.12/site-packages/airflow/example_dags/example_time_delta_sensor_async.py
[2025-11-22T21:08:52.831+0500] {processor.py:925} INFO - DAG(s) 'example_time_delta_sensor_async' retrieved from /mnt/c/Users/Raj/OneDrive - Åbo Akademi O365/banking/airflow/.venv/lib/python3.12/site-packages/airflow/example_dags/example_time_delta_sensor_async.py
[2025-11-22T21:08:52.864+0500] {logging_mixin.py:190} INFO - [2025-11-22T21:08:52.863+0500] {dag.py:3239} INFO - Sync 1 DAGs
[2025-11-22T21:08:52.882+0500] {logging_mixin.py:190} INFO - [2025-11-22T21:08:52.881+0500] {dag.py:4180} INFO - Setting next_dagrun for example_time_delta_sensor_async to None, run_after=None
[2025-11-22T21:08:53.110+0500] {processor.py:208} INFO - Processing /mnt/c/Users/Raj/OneDrive - Åbo Akademi O365/banking/airflow/.venv/lib/python3.12/site-packages/airflow/example_dags/example_time_delta_sensor_async.py took 0.326 seconds
[2025-11-22T21:10:00.352+0500] {processor.py:186} INFO - Started process (PID=68394) to work on /mnt/c/Users/Raj/OneDrive - Åbo Akademi O365/banking/airflow/.venv/lib/python3.12/site-packages/airflow/example_dags/example_time_delta_sensor_async.py
[2025-11-22T21:10:00.354+0500] {processor.py:914} INFO - Processing file /mnt/c/Users/Raj/OneDrive - Åbo Akademi O365/banking/airflow/.venv/lib/python3.12/site-packages/airflow/example_dags/example_time_delta_sensor_async.py for tasks to queue
[2025-11-22T21:10:00.358+0500] {logging_mixin.py:190} INFO - [2025-11-22T21:10:00.357+0500] {dagbag.py:588} INFO - Filling up the DagBag from /mnt/c/Users/Raj/OneDrive - Åbo Akademi O365/banking/airflow/.venv/lib/python3.12/site-packages/airflow/example_dags/example_time_delta_sensor_async.py
[2025-11-22T21:10:00.387+0500] {processor.py:925} INFO - DAG(s) 'example_time_delta_sensor_async' retrieved from /mnt/c/Users/Raj/OneDrive - Åbo Akademi O365/banking/airflow/.venv/lib/python3.12/site-packages/airflow/example_dags/example_time_delta_sensor_async.py
[2025-11-22T21:10:00.422+0500] {logging_mixin.py:190} INFO - [2025-11-22T21:10:00.421+0500] {dag.py:3239} INFO - Sync 1 DAGs
[2025-11-22T21:10:00.439+0500] {logging_mixin.py:190} INFO - [2025-11-22T21:10:00.438+0500] {dag.py:4180} INFO - Setting next_dagrun for example_time_delta_sensor_async to None, run_after=None
[2025-11-22T21:10:00.507+0500] {processor.py:208} INFO - Processing /mnt/c/Users/Raj/OneDrive - Åbo Akademi O365/banking/airflow/.venv/lib/python3.12/site-packages/airflow/example_dags/example_time_delta_sensor_async.py took 0.176 seconds
[2025-11-22T21:11:00.282+0500] {processor.py:186} INFO - Started process (PID=68436) to work on /mnt/c/Users/Raj/OneDrive - Åbo Akademi O365/banking/airflow/.venv/lib/python3.12/site-packages/airflow/example_dags/example_time_delta_sensor_async.py
[2025-11-22T21:11:00.284+0500] {processor.py:914} INFO - Processing file /mnt/c/Users/Raj/OneDrive - Åbo Akademi O365/banking/airflow/.venv/lib/python3.12/site-packages/airflow/example_dags/example_time_delta_sensor_async.py for tasks to queue
[2025-11-22T21:11:00.287+0500] {logging_mixin.py:190} INFO - [2025-11-22T21:11:00.285+0500] {dagbag.py:588} INFO - Filling up the DagBag from /mnt/c/Users/Raj/OneDrive - Åbo Akademi O365/banking/airflow/.venv/lib/python3.12/site-packages/airflow/example_dags/example_time_delta_sensor_async.py
[2025-11-22T21:11:00.311+0500] {processor.py:925} INFO - DAG(s) 'example_time_delta_sensor_async' retrieved from /mnt/c/Users/Raj/OneDrive - Åbo Akademi O365/banking/airflow/.venv/lib/python3.12/site-packages/airflow/example_dags/example_time_delta_sensor_async.py
[2025-11-22T21:11:00.350+0500] {logging_mixin.py:190} INFO - [2025-11-22T21:11:00.349+0500] {dag.py:3239} INFO - Sync 1 DAGs
[2025-11-22T21:11:00.373+0500] {logging_mixin.py:190} INFO - [2025-11-22T21:11:00.372+0500] {dag.py:4180} INFO - Setting next_dagrun for example_time_delta_sensor_async to None, run_after=None
[2025-11-22T21:11:00.605+0500] {processor.py:208} INFO - Processing /mnt/c/Users/Raj/OneDrive - Åbo Akademi O365/banking/airflow/.venv/lib/python3.12/site-packages/airflow/example_dags/example_time_delta_sensor_async.py took 0.343 seconds
[2025-11-22T21:11:57.204+0500] {processor.py:186} INFO - Started process (PID=68481) to work on /mnt/c/Users/Raj/OneDrive - Åbo Akademi O365/banking/airflow/.venv/lib/python3.12/site-packages/airflow/example_dags/example_time_delta_sensor_async.py
[2025-11-22T21:11:57.207+0500] {processor.py:914} INFO - Processing file /mnt/c/Users/Raj/OneDrive - Åbo Akademi O365/banking/airflow/.venv/lib/python3.12/site-packages/airflow/example_dags/example_time_delta_sensor_async.py for tasks to queue
[2025-11-22T21:11:57.213+0500] {logging_mixin.py:190} INFO - [2025-11-22T21:11:57.211+0500] {dagbag.py:588} INFO - Filling up the DagBag from /mnt/c/Users/Raj/OneDrive - Åbo Akademi O365/banking/airflow/.venv/lib/python3.12/site-packages/airflow/example_dags/example_time_delta_sensor_async.py
[2025-11-22T21:11:57.241+0500] {processor.py:925} INFO - DAG(s) 'example_time_delta_sensor_async' retrieved from /mnt/c/Users/Raj/OneDrive - Åbo Akademi O365/banking/airflow/.venv/lib/python3.12/site-packages/airflow/example_dags/example_time_delta_sensor_async.py
[2025-11-22T21:11:57.284+0500] {logging_mixin.py:190} INFO - [2025-11-22T21:11:57.282+0500] {dag.py:3239} INFO - Sync 1 DAGs
[2025-11-22T21:11:57.302+0500] {logging_mixin.py:190} INFO - [2025-11-22T21:11:57.301+0500] {dag.py:4180} INFO - Setting next_dagrun for example_time_delta_sensor_async to None, run_after=None
[2025-11-22T21:11:57.376+0500] {processor.py:208} INFO - Processing /mnt/c/Users/Raj/OneDrive - Åbo Akademi O365/banking/airflow/.venv/lib/python3.12/site-packages/airflow/example_dags/example_time_delta_sensor_async.py took 0.198 seconds
[2025-11-22T21:12:50.110+0500] {processor.py:186} INFO - Started process (PID=68518) to work on /mnt/c/Users/Raj/OneDrive - Åbo Akademi O365/banking/airflow/.venv/lib/python3.12/site-packages/airflow/example_dags/example_time_delta_sensor_async.py
[2025-11-22T21:12:50.112+0500] {processor.py:914} INFO - Processing file /mnt/c/Users/Raj/OneDrive - Åbo Akademi O365/banking/airflow/.venv/lib/python3.12/site-packages/airflow/example_dags/example_time_delta_sensor_async.py for tasks to queue
[2025-11-22T21:12:50.115+0500] {logging_mixin.py:190} INFO - [2025-11-22T21:12:50.113+0500] {dagbag.py:588} INFO - Filling up the DagBag from /mnt/c/Users/Raj/OneDrive - Åbo Akademi O365/banking/airflow/.venv/lib/python3.12/site-packages/airflow/example_dags/example_time_delta_sensor_async.py
[2025-11-22T21:12:50.135+0500] {processor.py:925} INFO - DAG(s) 'example_time_delta_sensor_async' retrieved from /mnt/c/Users/Raj/OneDrive - Åbo Akademi O365/banking/airflow/.venv/lib/python3.12/site-packages/airflow/example_dags/example_time_delta_sensor_async.py
[2025-11-22T21:12:50.171+0500] {logging_mixin.py:190} INFO - [2025-11-22T21:12:50.169+0500] {dag.py:3239} INFO - Sync 1 DAGs
[2025-11-22T21:12:50.189+0500] {logging_mixin.py:190} INFO - [2025-11-22T21:12:50.187+0500] {dag.py:4180} INFO - Setting next_dagrun for example_time_delta_sensor_async to None, run_after=None
[2025-11-22T21:12:50.256+0500] {processor.py:208} INFO - Processing /mnt/c/Users/Raj/OneDrive - Åbo Akademi O365/banking/airflow/.venv/lib/python3.12/site-packages/airflow/example_dags/example_time_delta_sensor_async.py took 0.163 seconds
[2025-11-22T21:13:44.683+0500] {processor.py:186} INFO - Started process (PID=68558) to work on /mnt/c/Users/Raj/OneDrive - Åbo Akademi O365/banking/airflow/.venv/lib/python3.12/site-packages/airflow/example_dags/example_time_delta_sensor_async.py
[2025-11-22T21:13:44.686+0500] {processor.py:914} INFO - Processing file /mnt/c/Users/Raj/OneDrive - Åbo Akademi O365/banking/airflow/.venv/lib/python3.12/site-packages/airflow/example_dags/example_time_delta_sensor_async.py for tasks to queue
[2025-11-22T21:13:44.691+0500] {logging_mixin.py:190} INFO - [2025-11-22T21:13:44.689+0500] {dagbag.py:588} INFO - Filling up the DagBag from /mnt/c/Users/Raj/OneDrive - Åbo Akademi O365/banking/airflow/.venv/lib/python3.12/site-packages/airflow/example_dags/example_time_delta_sensor_async.py
[2025-11-22T21:13:44.729+0500] {processor.py:925} INFO - DAG(s) 'example_time_delta_sensor_async' retrieved from /mnt/c/Users/Raj/OneDrive - Åbo Akademi O365/banking/airflow/.venv/lib/python3.12/site-packages/airflow/example_dags/example_time_delta_sensor_async.py
[2025-11-22T21:13:44.773+0500] {logging_mixin.py:190} INFO - [2025-11-22T21:13:44.771+0500] {dag.py:3239} INFO - Sync 1 DAGs
[2025-11-22T21:13:44.802+0500] {logging_mixin.py:190} INFO - [2025-11-22T21:13:44.801+0500] {dag.py:4180} INFO - Setting next_dagrun for example_time_delta_sensor_async to None, run_after=None
[2025-11-22T21:13:44.883+0500] {processor.py:208} INFO - Processing /mnt/c/Users/Raj/OneDrive - Åbo Akademi O365/banking/airflow/.venv/lib/python3.12/site-packages/airflow/example_dags/example_time_delta_sensor_async.py took 0.255 seconds
[2025-11-22T21:15:25.805+0500] {processor.py:186} INFO - Started process (PID=68638) to work on /mnt/c/Users/Raj/OneDrive - Åbo Akademi O365/banking/airflow/.venv/lib/python3.12/site-packages/airflow/example_dags/example_time_delta_sensor_async.py
[2025-11-22T21:15:25.808+0500] {processor.py:914} INFO - Processing file /mnt/c/Users/Raj/OneDrive - Åbo Akademi O365/banking/airflow/.venv/lib/python3.12/site-packages/airflow/example_dags/example_time_delta_sensor_async.py for tasks to queue
[2025-11-22T21:15:25.812+0500] {logging_mixin.py:190} INFO - [2025-11-22T21:15:25.811+0500] {dagbag.py:588} INFO - Filling up the DagBag from /mnt/c/Users/Raj/OneDrive - Åbo Akademi O365/banking/airflow/.venv/lib/python3.12/site-packages/airflow/example_dags/example_time_delta_sensor_async.py
[2025-11-22T21:15:25.840+0500] {processor.py:925} INFO - DAG(s) 'example_time_delta_sensor_async' retrieved from /mnt/c/Users/Raj/OneDrive - Åbo Akademi O365/banking/airflow/.venv/lib/python3.12/site-packages/airflow/example_dags/example_time_delta_sensor_async.py
[2025-11-22T21:15:25.891+0500] {logging_mixin.py:190} INFO - [2025-11-22T21:15:25.889+0500] {dag.py:3239} INFO - Sync 1 DAGs
[2025-11-22T21:15:25.952+0500] {logging_mixin.py:190} INFO - [2025-11-22T21:15:25.951+0500] {dag.py:4180} INFO - Setting next_dagrun for example_time_delta_sensor_async to None, run_after=None
[2025-11-22T21:15:26.038+0500] {processor.py:208} INFO - Processing /mnt/c/Users/Raj/OneDrive - Åbo Akademi O365/banking/airflow/.venv/lib/python3.12/site-packages/airflow/example_dags/example_time_delta_sensor_async.py took 0.256 seconds
[2025-11-22T21:17:03.524+0500] {processor.py:186} INFO - Started process (PID=68716) to work on /mnt/c/Users/Raj/OneDrive - Åbo Akademi O365/banking/airflow/.venv/lib/python3.12/site-packages/airflow/example_dags/example_time_delta_sensor_async.py
[2025-11-22T21:17:03.526+0500] {processor.py:914} INFO - Processing file /mnt/c/Users/Raj/OneDrive - Åbo Akademi O365/banking/airflow/.venv/lib/python3.12/site-packages/airflow/example_dags/example_time_delta_sensor_async.py for tasks to queue
[2025-11-22T21:17:03.530+0500] {logging_mixin.py:190} INFO - [2025-11-22T21:17:03.528+0500] {dagbag.py:588} INFO - Filling up the DagBag from /mnt/c/Users/Raj/OneDrive - Åbo Akademi O365/banking/airflow/.venv/lib/python3.12/site-packages/airflow/example_dags/example_time_delta_sensor_async.py
[2025-11-22T21:17:03.559+0500] {processor.py:925} INFO - DAG(s) 'example_time_delta_sensor_async' retrieved from /mnt/c/Users/Raj/OneDrive - Åbo Akademi O365/banking/airflow/.venv/lib/python3.12/site-packages/airflow/example_dags/example_time_delta_sensor_async.py
[2025-11-22T21:17:03.598+0500] {logging_mixin.py:190} INFO - [2025-11-22T21:17:03.596+0500] {dag.py:3239} INFO - Sync 1 DAGs
[2025-11-22T21:17:03.621+0500] {logging_mixin.py:190} INFO - [2025-11-22T21:17:03.620+0500] {dag.py:4180} INFO - Setting next_dagrun for example_time_delta_sensor_async to None, run_after=None
[2025-11-22T21:17:03.688+0500] {processor.py:208} INFO - Processing /mnt/c/Users/Raj/OneDrive - Åbo Akademi O365/banking/airflow/.venv/lib/python3.12/site-packages/airflow/example_dags/example_time_delta_sensor_async.py took 0.183 seconds
[2025-11-22T21:18:45.687+0500] {processor.py:186} INFO - Started process (PID=68799) to work on /mnt/c/Users/Raj/OneDrive - Åbo Akademi O365/banking/airflow/.venv/lib/python3.12/site-packages/airflow/example_dags/example_time_delta_sensor_async.py
[2025-11-22T21:18:45.689+0500] {processor.py:914} INFO - Processing file /mnt/c/Users/Raj/OneDrive - Åbo Akademi O365/banking/airflow/.venv/lib/python3.12/site-packages/airflow/example_dags/example_time_delta_sensor_async.py for tasks to queue
[2025-11-22T21:18:45.692+0500] {logging_mixin.py:190} INFO - [2025-11-22T21:18:45.691+0500] {dagbag.py:588} INFO - Filling up the DagBag from /mnt/c/Users/Raj/OneDrive - Åbo Akademi O365/banking/airflow/.venv/lib/python3.12/site-packages/airflow/example_dags/example_time_delta_sensor_async.py
[2025-11-22T21:18:45.718+0500] {processor.py:925} INFO - DAG(s) 'example_time_delta_sensor_async' retrieved from /mnt/c/Users/Raj/OneDrive - Åbo Akademi O365/banking/airflow/.venv/lib/python3.12/site-packages/airflow/example_dags/example_time_delta_sensor_async.py
[2025-11-22T21:18:45.751+0500] {logging_mixin.py:190} INFO - [2025-11-22T21:18:45.750+0500] {dag.py:3239} INFO - Sync 1 DAGs
[2025-11-22T21:18:45.766+0500] {logging_mixin.py:190} INFO - [2025-11-22T21:18:45.765+0500] {dag.py:4180} INFO - Setting next_dagrun for example_time_delta_sensor_async to None, run_after=None
[2025-11-22T21:18:45.834+0500] {processor.py:208} INFO - Processing /mnt/c/Users/Raj/OneDrive - Åbo Akademi O365/banking/airflow/.venv/lib/python3.12/site-packages/airflow/example_dags/example_time_delta_sensor_async.py took 0.170 seconds
[2025-11-22T21:20:27.173+0500] {processor.py:186} INFO - Started process (PID=68879) to work on /mnt/c/Users/Raj/OneDrive - Åbo Akademi O365/banking/airflow/.venv/lib/python3.12/site-packages/airflow/example_dags/example_time_delta_sensor_async.py
[2025-11-22T21:20:27.175+0500] {processor.py:914} INFO - Processing file /mnt/c/Users/Raj/OneDrive - Åbo Akademi O365/banking/airflow/.venv/lib/python3.12/site-packages/airflow/example_dags/example_time_delta_sensor_async.py for tasks to queue
[2025-11-22T21:20:27.179+0500] {logging_mixin.py:190} INFO - [2025-11-22T21:20:27.177+0500] {dagbag.py:588} INFO - Filling up the DagBag from /mnt/c/Users/Raj/OneDrive - Åbo Akademi O365/banking/airflow/.venv/lib/python3.12/site-packages/airflow/example_dags/example_time_delta_sensor_async.py
[2025-11-22T21:20:27.204+0500] {processor.py:925} INFO - DAG(s) 'example_time_delta_sensor_async' retrieved from /mnt/c/Users/Raj/OneDrive - Åbo Akademi O365/banking/airflow/.venv/lib/python3.12/site-packages/airflow/example_dags/example_time_delta_sensor_async.py
[2025-11-22T21:20:27.240+0500] {logging_mixin.py:190} INFO - [2025-11-22T21:20:27.239+0500] {dag.py:3239} INFO - Sync 1 DAGs
[2025-11-22T21:20:27.259+0500] {logging_mixin.py:190} INFO - [2025-11-22T21:20:27.258+0500] {dag.py:4180} INFO - Setting next_dagrun for example_time_delta_sensor_async to None, run_after=None
[2025-11-22T21:20:27.337+0500] {processor.py:208} INFO - Processing /mnt/c/Users/Raj/OneDrive - Åbo Akademi O365/banking/airflow/.venv/lib/python3.12/site-packages/airflow/example_dags/example_time_delta_sensor_async.py took 0.186 seconds
[2025-11-22T21:21:18.893+0500] {processor.py:186} INFO - Started process (PID=68917) to work on /mnt/c/Users/Raj/OneDrive - Åbo Akademi O365/banking/airflow/.venv/lib/python3.12/site-packages/airflow/example_dags/example_time_delta_sensor_async.py
[2025-11-22T21:21:18.896+0500] {processor.py:914} INFO - Processing file /mnt/c/Users/Raj/OneDrive - Åbo Akademi O365/banking/airflow/.venv/lib/python3.12/site-packages/airflow/example_dags/example_time_delta_sensor_async.py for tasks to queue
[2025-11-22T21:21:18.900+0500] {logging_mixin.py:190} INFO - [2025-11-22T21:21:18.898+0500] {dagbag.py:588} INFO - Filling up the DagBag from /mnt/c/Users/Raj/OneDrive - Åbo Akademi O365/banking/airflow/.venv/lib/python3.12/site-packages/airflow/example_dags/example_time_delta_sensor_async.py
[2025-11-22T21:21:18.927+0500] {processor.py:925} INFO - DAG(s) 'example_time_delta_sensor_async' retrieved from /mnt/c/Users/Raj/OneDrive - Åbo Akademi O365/banking/airflow/.venv/lib/python3.12/site-packages/airflow/example_dags/example_time_delta_sensor_async.py
[2025-11-22T21:21:18.967+0500] {logging_mixin.py:190} INFO - [2025-11-22T21:21:18.966+0500] {dag.py:3239} INFO - Sync 1 DAGs
[2025-11-22T21:21:18.987+0500] {logging_mixin.py:190} INFO - [2025-11-22T21:21:18.986+0500] {dag.py:4180} INFO - Setting next_dagrun for example_time_delta_sensor_async to None, run_after=None
[2025-11-22T21:21:19.056+0500] {processor.py:208} INFO - Processing /mnt/c/Users/Raj/OneDrive - Åbo Akademi O365/banking/airflow/.venv/lib/python3.12/site-packages/airflow/example_dags/example_time_delta_sensor_async.py took 0.189 seconds
[2025-11-22T21:22:16.955+0500] {processor.py:186} INFO - Started process (PID=68964) to work on /mnt/c/Users/Raj/OneDrive - Åbo Akademi O365/banking/airflow/.venv/lib/python3.12/site-packages/airflow/example_dags/example_time_delta_sensor_async.py
[2025-11-22T21:22:16.958+0500] {processor.py:914} INFO - Processing file /mnt/c/Users/Raj/OneDrive - Åbo Akademi O365/banking/airflow/.venv/lib/python3.12/site-packages/airflow/example_dags/example_time_delta_sensor_async.py for tasks to queue
[2025-11-22T21:22:16.961+0500] {logging_mixin.py:190} INFO - [2025-11-22T21:22:16.960+0500] {dagbag.py:588} INFO - Filling up the DagBag from /mnt/c/Users/Raj/OneDrive - Åbo Akademi O365/banking/airflow/.venv/lib/python3.12/site-packages/airflow/example_dags/example_time_delta_sensor_async.py
[2025-11-22T21:22:16.989+0500] {processor.py:925} INFO - DAG(s) 'example_time_delta_sensor_async' retrieved from /mnt/c/Users/Raj/OneDrive - Åbo Akademi O365/banking/airflow/.venv/lib/python3.12/site-packages/airflow/example_dags/example_time_delta_sensor_async.py
[2025-11-22T21:22:17.027+0500] {logging_mixin.py:190} INFO - [2025-11-22T21:22:17.025+0500] {dag.py:3239} INFO - Sync 1 DAGs
[2025-11-22T21:22:17.050+0500] {logging_mixin.py:190} INFO - [2025-11-22T21:22:17.048+0500] {dag.py:4180} INFO - Setting next_dagrun for example_time_delta_sensor_async to None, run_after=None
[2025-11-22T21:22:17.132+0500] {processor.py:208} INFO - Processing /mnt/c/Users/Raj/OneDrive - Åbo Akademi O365/banking/airflow/.venv/lib/python3.12/site-packages/airflow/example_dags/example_time_delta_sensor_async.py took 0.200 seconds
[2025-11-22T21:23:57.965+0500] {processor.py:186} INFO - Started process (PID=69040) to work on /mnt/c/Users/Raj/OneDrive - Åbo Akademi O365/banking/airflow/.venv/lib/python3.12/site-packages/airflow/example_dags/example_time_delta_sensor_async.py
[2025-11-22T21:23:57.968+0500] {processor.py:914} INFO - Processing file /mnt/c/Users/Raj/OneDrive - Åbo Akademi O365/banking/airflow/.venv/lib/python3.12/site-packages/airflow/example_dags/example_time_delta_sensor_async.py for tasks to queue
[2025-11-22T21:23:57.974+0500] {logging_mixin.py:190} INFO - [2025-11-22T21:23:57.970+0500] {dagbag.py:588} INFO - Filling up the DagBag from /mnt/c/Users/Raj/OneDrive - Åbo Akademi O365/banking/airflow/.venv/lib/python3.12/site-packages/airflow/example_dags/example_time_delta_sensor_async.py
[2025-11-22T21:23:58.009+0500] {processor.py:925} INFO - DAG(s) 'example_time_delta_sensor_async' retrieved from /mnt/c/Users/Raj/OneDrive - Åbo Akademi O365/banking/airflow/.venv/lib/python3.12/site-packages/airflow/example_dags/example_time_delta_sensor_async.py
[2025-11-22T21:23:58.091+0500] {logging_mixin.py:190} INFO - [2025-11-22T21:23:58.090+0500] {dag.py:3239} INFO - Sync 1 DAGs
[2025-11-22T21:23:58.112+0500] {logging_mixin.py:190} INFO - [2025-11-22T21:23:58.110+0500] {dag.py:4180} INFO - Setting next_dagrun for example_time_delta_sensor_async to None, run_after=None
[2025-11-22T21:23:58.185+0500] {processor.py:208} INFO - Processing /mnt/c/Users/Raj/OneDrive - Åbo Akademi O365/banking/airflow/.venv/lib/python3.12/site-packages/airflow/example_dags/example_time_delta_sensor_async.py took 0.239 seconds
