[2025-11-22T20:15:53.309+0500] {processor.py:186} INFO - Started process (PID=65757) to work on /mnt/c/Users/Raj/OneDrive - Åbo Akademi O365/banking/airflow/.venv/lib/python3.12/site-packages/airflow/example_dags/example_branch_labels.py
[2025-11-22T20:15:53.311+0500] {processor.py:914} INFO - Processing file /mnt/c/Users/Raj/OneDrive - Åbo Akademi O365/banking/airflow/.venv/lib/python3.12/site-packages/airflow/example_dags/example_branch_labels.py for tasks to queue
[2025-11-22T20:15:53.315+0500] {logging_mixin.py:190} INFO - [2025-11-22T20:15:53.314+0500] {dagbag.py:588} INFO - Filling up the DagBag from /mnt/c/Users/Raj/OneDrive - Åbo Akademi O365/banking/airflow/.venv/lib/python3.12/site-packages/airflow/example_dags/example_branch_labels.py
[2025-11-22T20:15:53.356+0500] {processor.py:925} INFO - DAG(s) 'example_branch_labels' retrieved from /mnt/c/Users/Raj/OneDrive - Åbo Akademi O365/banking/airflow/.venv/lib/python3.12/site-packages/airflow/example_dags/example_branch_labels.py
[2025-11-22T20:15:53.396+0500] {logging_mixin.py:190} INFO - [2025-11-22T20:15:53.395+0500] {dag.py:3239} INFO - Sync 1 DAGs
[2025-11-22T20:15:53.426+0500] {logging_mixin.py:190} INFO - [2025-11-22T20:15:53.425+0500] {dag.py:4180} INFO - Setting next_dagrun for example_branch_labels to 2025-11-21 00:00:00+00:00, run_after=2025-11-22 00:00:00+00:00
[2025-11-22T20:15:53.494+0500] {processor.py:208} INFO - Processing /mnt/c/Users/Raj/OneDrive - Åbo Akademi O365/banking/airflow/.venv/lib/python3.12/site-packages/airflow/example_dags/example_branch_labels.py took 0.200 seconds
[2025-11-22T20:21:33.788+0500] {processor.py:186} INFO - Started process (PID=65959) to work on /mnt/c/Users/Raj/OneDrive - Åbo Akademi O365/banking/airflow/.venv/lib/python3.12/site-packages/airflow/example_dags/example_branch_labels.py
[2025-11-22T20:21:33.791+0500] {processor.py:914} INFO - Processing file /mnt/c/Users/Raj/OneDrive - Åbo Akademi O365/banking/airflow/.venv/lib/python3.12/site-packages/airflow/example_dags/example_branch_labels.py for tasks to queue
[2025-11-22T20:21:33.796+0500] {logging_mixin.py:190} INFO - [2025-11-22T20:21:33.795+0500] {dagbag.py:588} INFO - Filling up the DagBag from /mnt/c/Users/Raj/OneDrive - Åbo Akademi O365/banking/airflow/.venv/lib/python3.12/site-packages/airflow/example_dags/example_branch_labels.py
[2025-11-22T20:21:33.921+0500] {processor.py:925} INFO - DAG(s) 'example_branch_labels' retrieved from /mnt/c/Users/Raj/OneDrive - Åbo Akademi O365/banking/airflow/.venv/lib/python3.12/site-packages/airflow/example_dags/example_branch_labels.py
[2025-11-22T20:21:34.000+0500] {logging_mixin.py:190} INFO - [2025-11-22T20:21:33.997+0500] {dag.py:3239} INFO - Sync 1 DAGs
[2025-11-22T20:21:34.060+0500] {logging_mixin.py:190} INFO - [2025-11-22T20:21:34.058+0500] {dag.py:4180} INFO - Setting next_dagrun for example_branch_labels to 2025-11-21 00:00:00+00:00, run_after=2025-11-22 00:00:00+00:00
[2025-11-22T20:21:34.173+0500] {processor.py:208} INFO - Processing /mnt/c/Users/Raj/OneDrive - Åbo Akademi O365/banking/airflow/.venv/lib/python3.12/site-packages/airflow/example_dags/example_branch_labels.py took 0.404 seconds
[2025-11-22T20:23:43.836+0500] {processor.py:186} INFO - Started process (PID=66069) to work on /mnt/c/Users/Raj/OneDrive - Åbo Akademi O365/banking/airflow/.venv/lib/python3.12/site-packages/airflow/example_dags/example_branch_labels.py
[2025-11-22T20:23:43.840+0500] {processor.py:914} INFO - Processing file /mnt/c/Users/Raj/OneDrive - Åbo Akademi O365/banking/airflow/.venv/lib/python3.12/site-packages/airflow/example_dags/example_branch_labels.py for tasks to queue
[2025-11-22T20:23:43.847+0500] {logging_mixin.py:190} INFO - [2025-11-22T20:23:43.845+0500] {dagbag.py:588} INFO - Filling up the DagBag from /mnt/c/Users/Raj/OneDrive - Åbo Akademi O365/banking/airflow/.venv/lib/python3.12/site-packages/airflow/example_dags/example_branch_labels.py
[2025-11-22T20:23:43.956+0500] {processor.py:925} INFO - DAG(s) 'example_branch_labels' retrieved from /mnt/c/Users/Raj/OneDrive - Åbo Akademi O365/banking/airflow/.venv/lib/python3.12/site-packages/airflow/example_dags/example_branch_labels.py
[2025-11-22T20:23:44.005+0500] {logging_mixin.py:190} INFO - [2025-11-22T20:23:44.003+0500] {dag.py:3239} INFO - Sync 1 DAGs
[2025-11-22T20:23:44.048+0500] {logging_mixin.py:190} INFO - [2025-11-22T20:23:44.047+0500] {dag.py:4180} INFO - Setting next_dagrun for example_branch_labels to 2025-11-21 00:00:00+00:00, run_after=2025-11-22 00:00:00+00:00
[2025-11-22T20:23:44.131+0500] {processor.py:208} INFO - Processing /mnt/c/Users/Raj/OneDrive - Åbo Akademi O365/banking/airflow/.venv/lib/python3.12/site-packages/airflow/example_dags/example_branch_labels.py took 0.314 seconds
[2025-11-22T20:28:33.136+0500] {processor.py:186} INFO - Started process (PID=66291) to work on /mnt/c/Users/Raj/OneDrive - Åbo Akademi O365/banking/airflow/.venv/lib/python3.12/site-packages/airflow/example_dags/example_branch_labels.py
[2025-11-22T20:28:33.138+0500] {processor.py:914} INFO - Processing file /mnt/c/Users/Raj/OneDrive - Åbo Akademi O365/banking/airflow/.venv/lib/python3.12/site-packages/airflow/example_dags/example_branch_labels.py for tasks to queue
[2025-11-22T20:28:33.141+0500] {logging_mixin.py:190} INFO - [2025-11-22T20:28:33.140+0500] {dagbag.py:588} INFO - Filling up the DagBag from /mnt/c/Users/Raj/OneDrive - Åbo Akademi O365/banking/airflow/.venv/lib/python3.12/site-packages/airflow/example_dags/example_branch_labels.py
[2025-11-22T20:28:33.186+0500] {processor.py:925} INFO - DAG(s) 'example_branch_labels' retrieved from /mnt/c/Users/Raj/OneDrive - Åbo Akademi O365/banking/airflow/.venv/lib/python3.12/site-packages/airflow/example_dags/example_branch_labels.py
[2025-11-22T20:28:33.219+0500] {logging_mixin.py:190} INFO - [2025-11-22T20:28:33.218+0500] {dag.py:3239} INFO - Sync 1 DAGs
[2025-11-22T20:28:33.247+0500] {logging_mixin.py:190} INFO - [2025-11-22T20:28:33.246+0500] {dag.py:4180} INFO - Setting next_dagrun for example_branch_labels to 2025-11-21 00:00:00+00:00, run_after=2025-11-22 00:00:00+00:00
[2025-11-22T20:28:33.324+0500] {processor.py:208} INFO - Processing /mnt/c/Users/Raj/OneDrive - Åbo Akademi O365/banking/airflow/.venv/lib/python3.12/site-packages/airflow/example_dags/example_branch_labels.py took 0.206 seconds
[2025-11-22T20:30:29.491+0500] {processor.py:186} INFO - Started process (PID=66411) to work on /mnt/c/Users/Raj/OneDrive - Åbo Akademi O365/banking/airflow/.venv/lib/python3.12/site-packages/airflow/example_dags/example_branch_labels.py
[2025-11-22T20:30:29.494+0500] {processor.py:914} INFO - Processing file /mnt/c/Users/Raj/OneDrive - Åbo Akademi O365/banking/airflow/.venv/lib/python3.12/site-packages/airflow/example_dags/example_branch_labels.py for tasks to queue
[2025-11-22T20:30:29.505+0500] {logging_mixin.py:190} INFO - [2025-11-22T20:30:29.502+0500] {dagbag.py:588} INFO - Filling up the DagBag from /mnt/c/Users/Raj/OneDrive - Åbo Akademi O365/banking/airflow/.venv/lib/python3.12/site-packages/airflow/example_dags/example_branch_labels.py
[2025-11-22T20:30:29.563+0500] {processor.py:925} INFO - DAG(s) 'example_branch_labels' retrieved from /mnt/c/Users/Raj/OneDrive - Åbo Akademi O365/banking/airflow/.venv/lib/python3.12/site-packages/airflow/example_dags/example_branch_labels.py
[2025-11-22T20:30:29.643+0500] {logging_mixin.py:190} INFO - [2025-11-22T20:30:29.641+0500] {dag.py:3239} INFO - Sync 1 DAGs
[2025-11-22T20:30:29.706+0500] {logging_mixin.py:190} INFO - [2025-11-22T20:30:29.704+0500] {dag.py:4180} INFO - Setting next_dagrun for example_branch_labels to 2025-11-21 00:00:00+00:00, run_after=2025-11-22 00:00:00+00:00
[2025-11-22T20:30:29.821+0500] {processor.py:208} INFO - Processing /mnt/c/Users/Raj/OneDrive - Åbo Akademi O365/banking/airflow/.venv/lib/python3.12/site-packages/airflow/example_dags/example_branch_labels.py took 0.365 seconds
[2025-11-22T20:34:05.897+0500] {processor.py:186} INFO - Started process (PID=66564) to work on /mnt/c/Users/Raj/OneDrive - Åbo Akademi O365/banking/airflow/.venv/lib/python3.12/site-packages/airflow/example_dags/example_branch_labels.py
[2025-11-22T20:34:05.899+0500] {processor.py:914} INFO - Processing file /mnt/c/Users/Raj/OneDrive - Åbo Akademi O365/banking/airflow/.venv/lib/python3.12/site-packages/airflow/example_dags/example_branch_labels.py for tasks to queue
[2025-11-22T20:34:05.903+0500] {logging_mixin.py:190} INFO - [2025-11-22T20:34:05.901+0500] {dagbag.py:588} INFO - Filling up the DagBag from /mnt/c/Users/Raj/OneDrive - Åbo Akademi O365/banking/airflow/.venv/lib/python3.12/site-packages/airflow/example_dags/example_branch_labels.py
[2025-11-22T20:34:05.940+0500] {processor.py:925} INFO - DAG(s) 'example_branch_labels' retrieved from /mnt/c/Users/Raj/OneDrive - Åbo Akademi O365/banking/airflow/.venv/lib/python3.12/site-packages/airflow/example_dags/example_branch_labels.py
[2025-11-22T20:34:05.975+0500] {logging_mixin.py:190} INFO - [2025-11-22T20:34:05.974+0500] {dag.py:3239} INFO - Sync 1 DAGs
[2025-11-22T20:34:06.003+0500] {logging_mixin.py:190} INFO - [2025-11-22T20:34:06.002+0500] {dag.py:4180} INFO - Setting next_dagrun for example_branch_labels to 2025-11-21 00:00:00+00:00, run_after=2025-11-22 00:00:00+00:00
[2025-11-22T20:34:06.077+0500] {processor.py:208} INFO - Processing /mnt/c/Users/Raj/OneDrive - Åbo Akademi O365/banking/airflow/.venv/lib/python3.12/site-packages/airflow/example_dags/example_branch_labels.py took 0.199 seconds
[2025-11-22T20:35:58.758+0500] {processor.py:186} INFO - Started process (PID=66647) to work on /mnt/c/Users/Raj/OneDrive - Åbo Akademi O365/banking/airflow/.venv/lib/python3.12/site-packages/airflow/example_dags/example_branch_labels.py
[2025-11-22T20:35:58.760+0500] {processor.py:914} INFO - Processing file /mnt/c/Users/Raj/OneDrive - Åbo Akademi O365/banking/airflow/.venv/lib/python3.12/site-packages/airflow/example_dags/example_branch_labels.py for tasks to queue
[2025-11-22T20:35:58.763+0500] {logging_mixin.py:190} INFO - [2025-11-22T20:35:58.762+0500] {dagbag.py:588} INFO - Filling up the DagBag from /mnt/c/Users/Raj/OneDrive - Åbo Akademi O365/banking/airflow/.venv/lib/python3.12/site-packages/airflow/example_dags/example_branch_labels.py
[2025-11-22T20:35:58.793+0500] {processor.py:925} INFO - DAG(s) 'example_branch_labels' retrieved from /mnt/c/Users/Raj/OneDrive - Åbo Akademi O365/banking/airflow/.venv/lib/python3.12/site-packages/airflow/example_dags/example_branch_labels.py
[2025-11-22T20:35:58.823+0500] {logging_mixin.py:190} INFO - [2025-11-22T20:35:58.822+0500] {dag.py:3239} INFO - Sync 1 DAGs
[2025-11-22T20:35:58.850+0500] {logging_mixin.py:190} INFO - [2025-11-22T20:35:58.848+0500] {dag.py:4180} INFO - Setting next_dagrun for example_branch_labels to 2025-11-21 00:00:00+00:00, run_after=2025-11-22 00:00:00+00:00
[2025-11-22T20:35:58.922+0500] {processor.py:208} INFO - Processing /mnt/c/Users/Raj/OneDrive - Åbo Akademi O365/banking/airflow/.venv/lib/python3.12/site-packages/airflow/example_dags/example_branch_labels.py took 0.177 seconds
[2025-11-22T20:38:41.229+0500] {processor.py:186} INFO - Started process (PID=66790) to work on /mnt/c/Users/Raj/OneDrive - Åbo Akademi O365/banking/airflow/.venv/lib/python3.12/site-packages/airflow/example_dags/example_branch_labels.py
[2025-11-22T20:38:41.232+0500] {processor.py:914} INFO - Processing file /mnt/c/Users/Raj/OneDrive - Åbo Akademi O365/banking/airflow/.venv/lib/python3.12/site-packages/airflow/example_dags/example_branch_labels.py for tasks to queue
[2025-11-22T20:38:41.237+0500] {logging_mixin.py:190} INFO - [2025-11-22T20:38:41.235+0500] {dagbag.py:588} INFO - Filling up the DagBag from /mnt/c/Users/Raj/OneDrive - Åbo Akademi O365/banking/airflow/.venv/lib/python3.12/site-packages/airflow/example_dags/example_branch_labels.py
[2025-11-22T20:38:41.299+0500] {processor.py:925} INFO - DAG(s) 'example_branch_labels' retrieved from /mnt/c/Users/Raj/OneDrive - Åbo Akademi O365/banking/airflow/.venv/lib/python3.12/site-packages/airflow/example_dags/example_branch_labels.py
[2025-11-22T20:38:41.342+0500] {logging_mixin.py:190} INFO - [2025-11-22T20:38:41.341+0500] {dag.py:3239} INFO - Sync 1 DAGs
[2025-11-22T20:38:41.371+0500] {logging_mixin.py:190} INFO - [2025-11-22T20:38:41.370+0500] {dag.py:4180} INFO - Setting next_dagrun for example_branch_labels to 2025-11-21 00:00:00+00:00, run_after=2025-11-22 00:00:00+00:00
[2025-11-22T20:38:41.444+0500] {processor.py:208} INFO - Processing /mnt/c/Users/Raj/OneDrive - Åbo Akademi O365/banking/airflow/.venv/lib/python3.12/site-packages/airflow/example_dags/example_branch_labels.py took 0.236 seconds
[2025-11-22T20:40:26.177+0500] {processor.py:186} INFO - Started process (PID=66898) to work on /mnt/c/Users/Raj/OneDrive - Åbo Akademi O365/banking/airflow/.venv/lib/python3.12/site-packages/airflow/example_dags/example_branch_labels.py
[2025-11-22T20:40:26.179+0500] {processor.py:914} INFO - Processing file /mnt/c/Users/Raj/OneDrive - Åbo Akademi O365/banking/airflow/.venv/lib/python3.12/site-packages/airflow/example_dags/example_branch_labels.py for tasks to queue
[2025-11-22T20:40:26.183+0500] {logging_mixin.py:190} INFO - [2025-11-22T20:40:26.181+0500] {dagbag.py:588} INFO - Filling up the DagBag from /mnt/c/Users/Raj/OneDrive - Åbo Akademi O365/banking/airflow/.venv/lib/python3.12/site-packages/airflow/example_dags/example_branch_labels.py
[2025-11-22T20:40:26.226+0500] {processor.py:925} INFO - DAG(s) 'example_branch_labels' retrieved from /mnt/c/Users/Raj/OneDrive - Åbo Akademi O365/banking/airflow/.venv/lib/python3.12/site-packages/airflow/example_dags/example_branch_labels.py
[2025-11-22T20:40:26.268+0500] {logging_mixin.py:190} INFO - [2025-11-22T20:40:26.267+0500] {dag.py:3239} INFO - Sync 1 DAGs
[2025-11-22T20:40:26.308+0500] {logging_mixin.py:190} INFO - [2025-11-22T20:40:26.307+0500] {dag.py:4180} INFO - Setting next_dagrun for example_branch_labels to 2025-11-21 00:00:00+00:00, run_after=2025-11-22 00:00:00+00:00
[2025-11-22T20:40:26.387+0500] {processor.py:208} INFO - Processing /mnt/c/Users/Raj/OneDrive - Åbo Akademi O365/banking/airflow/.venv/lib/python3.12/site-packages/airflow/example_dags/example_branch_labels.py took 0.225 seconds
[2025-11-22T20:42:13.854+0500] {processor.py:186} INFO - Started process (PID=67011) to work on /mnt/c/Users/Raj/OneDrive - Åbo Akademi O365/banking/airflow/.venv/lib/python3.12/site-packages/airflow/example_dags/example_branch_labels.py
[2025-11-22T20:42:13.856+0500] {processor.py:914} INFO - Processing file /mnt/c/Users/Raj/OneDrive - Åbo Akademi O365/banking/airflow/.venv/lib/python3.12/site-packages/airflow/example_dags/example_branch_labels.py for tasks to queue
[2025-11-22T20:42:13.859+0500] {logging_mixin.py:190} INFO - [2025-11-22T20:42:13.858+0500] {dagbag.py:588} INFO - Filling up the DagBag from /mnt/c/Users/Raj/OneDrive - Åbo Akademi O365/banking/airflow/.venv/lib/python3.12/site-packages/airflow/example_dags/example_branch_labels.py
[2025-11-22T20:42:13.894+0500] {processor.py:925} INFO - DAG(s) 'example_branch_labels' retrieved from /mnt/c/Users/Raj/OneDrive - Åbo Akademi O365/banking/airflow/.venv/lib/python3.12/site-packages/airflow/example_dags/example_branch_labels.py
[2025-11-22T20:42:13.932+0500] {logging_mixin.py:190} INFO - [2025-11-22T20:42:13.931+0500] {dag.py:3239} INFO - Sync 1 DAGs
[2025-11-22T20:42:13.961+0500] {logging_mixin.py:190} INFO - [2025-11-22T20:42:13.959+0500] {dag.py:4180} INFO - Setting next_dagrun for example_branch_labels to 2025-11-21 00:00:00+00:00, run_after=2025-11-22 00:00:00+00:00
[2025-11-22T20:42:14.038+0500] {processor.py:208} INFO - Processing /mnt/c/Users/Raj/OneDrive - Åbo Akademi O365/banking/airflow/.venv/lib/python3.12/site-packages/airflow/example_dags/example_branch_labels.py took 0.199 seconds
[2025-11-22T20:44:30.476+0500] {processor.py:186} INFO - Started process (PID=67112) to work on /mnt/c/Users/Raj/OneDrive - Åbo Akademi O365/banking/airflow/.venv/lib/python3.12/site-packages/airflow/example_dags/example_branch_labels.py
[2025-11-22T20:44:30.479+0500] {processor.py:914} INFO - Processing file /mnt/c/Users/Raj/OneDrive - Åbo Akademi O365/banking/airflow/.venv/lib/python3.12/site-packages/airflow/example_dags/example_branch_labels.py for tasks to queue
[2025-11-22T20:44:30.483+0500] {logging_mixin.py:190} INFO - [2025-11-22T20:44:30.481+0500] {dagbag.py:588} INFO - Filling up the DagBag from /mnt/c/Users/Raj/OneDrive - Åbo Akademi O365/banking/airflow/.venv/lib/python3.12/site-packages/airflow/example_dags/example_branch_labels.py
[2025-11-22T20:44:30.526+0500] {processor.py:925} INFO - DAG(s) 'example_branch_labels' retrieved from /mnt/c/Users/Raj/OneDrive - Åbo Akademi O365/banking/airflow/.venv/lib/python3.12/site-packages/airflow/example_dags/example_branch_labels.py
[2025-11-22T20:44:30.565+0500] {logging_mixin.py:190} INFO - [2025-11-22T20:44:30.564+0500] {dag.py:3239} INFO - Sync 1 DAGs
[2025-11-22T20:44:30.596+0500] {logging_mixin.py:190} INFO - [2025-11-22T20:44:30.595+0500] {dag.py:4180} INFO - Setting next_dagrun for example_branch_labels to 2025-11-21 00:00:00+00:00, run_after=2025-11-22 00:00:00+00:00
[2025-11-22T20:44:30.668+0500] {processor.py:208} INFO - Processing /mnt/c/Users/Raj/OneDrive - Åbo Akademi O365/banking/airflow/.venv/lib/python3.12/site-packages/airflow/example_dags/example_branch_labels.py took 0.206 seconds
[2025-11-22T20:46:05.525+0500] {processor.py:186} INFO - Started process (PID=67191) to work on /mnt/c/Users/Raj/OneDrive - Åbo Akademi O365/banking/airflow/.venv/lib/python3.12/site-packages/airflow/example_dags/example_branch_labels.py
[2025-11-22T20:46:05.527+0500] {processor.py:914} INFO - Processing file /mnt/c/Users/Raj/OneDrive - Åbo Akademi O365/banking/airflow/.venv/lib/python3.12/site-packages/airflow/example_dags/example_branch_labels.py for tasks to queue
[2025-11-22T20:46:05.531+0500] {logging_mixin.py:190} INFO - [2025-11-22T20:46:05.529+0500] {dagbag.py:588} INFO - Filling up the DagBag from /mnt/c/Users/Raj/OneDrive - Åbo Akademi O365/banking/airflow/.venv/lib/python3.12/site-packages/airflow/example_dags/example_branch_labels.py
[2025-11-22T20:46:05.568+0500] {processor.py:925} INFO - DAG(s) 'example_branch_labels' retrieved from /mnt/c/Users/Raj/OneDrive - Åbo Akademi O365/banking/airflow/.venv/lib/python3.12/site-packages/airflow/example_dags/example_branch_labels.py
[2025-11-22T20:46:05.606+0500] {logging_mixin.py:190} INFO - [2025-11-22T20:46:05.605+0500] {dag.py:3239} INFO - Sync 1 DAGs
[2025-11-22T20:46:05.635+0500] {logging_mixin.py:190} INFO - [2025-11-22T20:46:05.634+0500] {dag.py:4180} INFO - Setting next_dagrun for example_branch_labels to 2025-11-21 00:00:00+00:00, run_after=2025-11-22 00:00:00+00:00
[2025-11-22T20:46:05.707+0500] {processor.py:208} INFO - Processing /mnt/c/Users/Raj/OneDrive - Åbo Akademi O365/banking/airflow/.venv/lib/python3.12/site-packages/airflow/example_dags/example_branch_labels.py took 0.199 seconds
[2025-11-22T20:47:50.211+0500] {processor.py:186} INFO - Started process (PID=67271) to work on /mnt/c/Users/Raj/OneDrive - Åbo Akademi O365/banking/airflow/.venv/lib/python3.12/site-packages/airflow/example_dags/example_branch_labels.py
[2025-11-22T20:47:50.213+0500] {processor.py:914} INFO - Processing file /mnt/c/Users/Raj/OneDrive - Åbo Akademi O365/banking/airflow/.venv/lib/python3.12/site-packages/airflow/example_dags/example_branch_labels.py for tasks to queue
[2025-11-22T20:47:50.217+0500] {logging_mixin.py:190} INFO - [2025-11-22T20:47:50.215+0500] {dagbag.py:588} INFO - Filling up the DagBag from /mnt/c/Users/Raj/OneDrive - Åbo Akademi O365/banking/airflow/.venv/lib/python3.12/site-packages/airflow/example_dags/example_branch_labels.py
[2025-11-22T20:47:50.245+0500] {processor.py:925} INFO - DAG(s) 'example_branch_labels' retrieved from /mnt/c/Users/Raj/OneDrive - Åbo Akademi O365/banking/airflow/.venv/lib/python3.12/site-packages/airflow/example_dags/example_branch_labels.py
[2025-11-22T20:47:50.279+0500] {logging_mixin.py:190} INFO - [2025-11-22T20:47:50.278+0500] {dag.py:3239} INFO - Sync 1 DAGs
[2025-11-22T20:47:50.302+0500] {logging_mixin.py:190} INFO - [2025-11-22T20:47:50.301+0500] {dag.py:4180} INFO - Setting next_dagrun for example_branch_labels to 2025-11-21 00:00:00+00:00, run_after=2025-11-22 00:00:00+00:00
[2025-11-22T20:47:50.354+0500] {processor.py:208} INFO - Processing /mnt/c/Users/Raj/OneDrive - Åbo Akademi O365/banking/airflow/.venv/lib/python3.12/site-packages/airflow/example_dags/example_branch_labels.py took 0.156 seconds
[2025-11-22T20:49:29.684+0500] {processor.py:186} INFO - Started process (PID=67351) to work on /mnt/c/Users/Raj/OneDrive - Åbo Akademi O365/banking/airflow/.venv/lib/python3.12/site-packages/airflow/example_dags/example_branch_labels.py
[2025-11-22T20:49:29.687+0500] {processor.py:914} INFO - Processing file /mnt/c/Users/Raj/OneDrive - Åbo Akademi O365/banking/airflow/.venv/lib/python3.12/site-packages/airflow/example_dags/example_branch_labels.py for tasks to queue
[2025-11-22T20:49:29.691+0500] {logging_mixin.py:190} INFO - [2025-11-22T20:49:29.689+0500] {dagbag.py:588} INFO - Filling up the DagBag from /mnt/c/Users/Raj/OneDrive - Åbo Akademi O365/banking/airflow/.venv/lib/python3.12/site-packages/airflow/example_dags/example_branch_labels.py
[2025-11-22T20:49:29.733+0500] {processor.py:925} INFO - DAG(s) 'example_branch_labels' retrieved from /mnt/c/Users/Raj/OneDrive - Åbo Akademi O365/banking/airflow/.venv/lib/python3.12/site-packages/airflow/example_dags/example_branch_labels.py
[2025-11-22T20:49:29.769+0500] {logging_mixin.py:190} INFO - [2025-11-22T20:49:29.768+0500] {dag.py:3239} INFO - Sync 1 DAGs
[2025-11-22T20:49:29.794+0500] {logging_mixin.py:190} INFO - [2025-11-22T20:49:29.793+0500] {dag.py:4180} INFO - Setting next_dagrun for example_branch_labels to 2025-11-21 00:00:00+00:00, run_after=2025-11-22 00:00:00+00:00
[2025-11-22T20:49:29.864+0500] {processor.py:208} INFO - Processing /mnt/c/Users/Raj/OneDrive - Åbo Akademi O365/banking/airflow/.venv/lib/python3.12/site-packages/airflow/example_dags/example_branch_labels.py took 0.197 seconds
[2025-11-22T20:51:13.279+0500] {processor.py:186} INFO - Started process (PID=67432) to work on /mnt/c/Users/Raj/OneDrive - Åbo Akademi O365/banking/airflow/.venv/lib/python3.12/site-packages/airflow/example_dags/example_branch_labels.py
[2025-11-22T20:51:13.281+0500] {processor.py:914} INFO - Processing file /mnt/c/Users/Raj/OneDrive - Åbo Akademi O365/banking/airflow/.venv/lib/python3.12/site-packages/airflow/example_dags/example_branch_labels.py for tasks to queue
[2025-11-22T20:51:13.283+0500] {logging_mixin.py:190} INFO - [2025-11-22T20:51:13.282+0500] {dagbag.py:588} INFO - Filling up the DagBag from /mnt/c/Users/Raj/OneDrive - Åbo Akademi O365/banking/airflow/.venv/lib/python3.12/site-packages/airflow/example_dags/example_branch_labels.py
[2025-11-22T20:51:13.318+0500] {processor.py:925} INFO - DAG(s) 'example_branch_labels' retrieved from /mnt/c/Users/Raj/OneDrive - Åbo Akademi O365/banking/airflow/.venv/lib/python3.12/site-packages/airflow/example_dags/example_branch_labels.py
[2025-11-22T20:51:13.356+0500] {logging_mixin.py:190} INFO - [2025-11-22T20:51:13.354+0500] {dag.py:3239} INFO - Sync 1 DAGs
[2025-11-22T20:51:13.385+0500] {logging_mixin.py:190} INFO - [2025-11-22T20:51:13.383+0500] {dag.py:4180} INFO - Setting next_dagrun for example_branch_labels to 2025-11-21 00:00:00+00:00, run_after=2025-11-22 00:00:00+00:00
[2025-11-22T20:51:13.460+0500] {processor.py:208} INFO - Processing /mnt/c/Users/Raj/OneDrive - Åbo Akademi O365/banking/airflow/.venv/lib/python3.12/site-packages/airflow/example_dags/example_branch_labels.py took 0.198 seconds
[2025-11-22T20:52:57.019+0500] {processor.py:186} INFO - Started process (PID=67509) to work on /mnt/c/Users/Raj/OneDrive - Åbo Akademi O365/banking/airflow/.venv/lib/python3.12/site-packages/airflow/example_dags/example_branch_labels.py
[2025-11-22T20:52:57.021+0500] {processor.py:914} INFO - Processing file /mnt/c/Users/Raj/OneDrive - Åbo Akademi O365/banking/airflow/.venv/lib/python3.12/site-packages/airflow/example_dags/example_branch_labels.py for tasks to queue
[2025-11-22T20:52:57.025+0500] {logging_mixin.py:190} INFO - [2025-11-22T20:52:57.023+0500] {dagbag.py:588} INFO - Filling up the DagBag from /mnt/c/Users/Raj/OneDrive - Åbo Akademi O365/banking/airflow/.venv/lib/python3.12/site-packages/airflow/example_dags/example_branch_labels.py
[2025-11-22T20:52:57.067+0500] {processor.py:925} INFO - DAG(s) 'example_branch_labels' retrieved from /mnt/c/Users/Raj/OneDrive - Åbo Akademi O365/banking/airflow/.venv/lib/python3.12/site-packages/airflow/example_dags/example_branch_labels.py
[2025-11-22T20:52:57.116+0500] {logging_mixin.py:190} INFO - [2025-11-22T20:52:57.115+0500] {dag.py:3239} INFO - Sync 1 DAGs
[2025-11-22T20:52:57.155+0500] {logging_mixin.py:190} INFO - [2025-11-22T20:52:57.153+0500] {dag.py:4180} INFO - Setting next_dagrun for example_branch_labels to 2025-11-21 00:00:00+00:00, run_after=2025-11-22 00:00:00+00:00
[2025-11-22T20:52:57.240+0500] {processor.py:208} INFO - Processing /mnt/c/Users/Raj/OneDrive - Åbo Akademi O365/banking/airflow/.venv/lib/python3.12/site-packages/airflow/example_dags/example_branch_labels.py took 0.236 seconds
[2025-11-22T20:54:38.791+0500] {processor.py:186} INFO - Started process (PID=67591) to work on /mnt/c/Users/Raj/OneDrive - Åbo Akademi O365/banking/airflow/.venv/lib/python3.12/site-packages/airflow/example_dags/example_branch_labels.py
[2025-11-22T20:54:38.795+0500] {processor.py:914} INFO - Processing file /mnt/c/Users/Raj/OneDrive - Åbo Akademi O365/banking/airflow/.venv/lib/python3.12/site-packages/airflow/example_dags/example_branch_labels.py for tasks to queue
[2025-11-22T20:54:38.801+0500] {logging_mixin.py:190} INFO - [2025-11-22T20:54:38.799+0500] {dagbag.py:588} INFO - Filling up the DagBag from /mnt/c/Users/Raj/OneDrive - Åbo Akademi O365/banking/airflow/.venv/lib/python3.12/site-packages/airflow/example_dags/example_branch_labels.py
[2025-11-22T20:54:38.853+0500] {processor.py:925} INFO - DAG(s) 'example_branch_labels' retrieved from /mnt/c/Users/Raj/OneDrive - Åbo Akademi O365/banking/airflow/.venv/lib/python3.12/site-packages/airflow/example_dags/example_branch_labels.py
[2025-11-22T20:54:38.892+0500] {logging_mixin.py:190} INFO - [2025-11-22T20:54:38.891+0500] {dag.py:3239} INFO - Sync 1 DAGs
[2025-11-22T20:54:38.922+0500] {logging_mixin.py:190} INFO - [2025-11-22T20:54:38.921+0500] {dag.py:4180} INFO - Setting next_dagrun for example_branch_labels to 2025-11-21 00:00:00+00:00, run_after=2025-11-22 00:00:00+00:00
[2025-11-22T20:54:38.999+0500] {processor.py:208} INFO - Processing /mnt/c/Users/Raj/OneDrive - Åbo Akademi O365/banking/airflow/.venv/lib/python3.12/site-packages/airflow/example_dags/example_branch_labels.py took 0.227 seconds
[2025-11-22T20:56:23.834+0500] {processor.py:186} INFO - Started process (PID=67756) to work on /mnt/c/Users/Raj/OneDrive - Åbo Akademi O365/banking/airflow/.venv/lib/python3.12/site-packages/airflow/example_dags/example_branch_labels.py
[2025-11-22T20:56:23.836+0500] {processor.py:914} INFO - Processing file /mnt/c/Users/Raj/OneDrive - Åbo Akademi O365/banking/airflow/.venv/lib/python3.12/site-packages/airflow/example_dags/example_branch_labels.py for tasks to queue
[2025-11-22T20:56:23.839+0500] {logging_mixin.py:190} INFO - [2025-11-22T20:56:23.838+0500] {dagbag.py:588} INFO - Filling up the DagBag from /mnt/c/Users/Raj/OneDrive - Åbo Akademi O365/banking/airflow/.venv/lib/python3.12/site-packages/airflow/example_dags/example_branch_labels.py
[2025-11-22T20:56:23.880+0500] {processor.py:925} INFO - DAG(s) 'example_branch_labels' retrieved from /mnt/c/Users/Raj/OneDrive - Åbo Akademi O365/banking/airflow/.venv/lib/python3.12/site-packages/airflow/example_dags/example_branch_labels.py
[2025-11-22T20:56:23.921+0500] {logging_mixin.py:190} INFO - [2025-11-22T20:56:23.919+0500] {dag.py:3239} INFO - Sync 1 DAGs
[2025-11-22T20:56:23.957+0500] {logging_mixin.py:190} INFO - [2025-11-22T20:56:23.956+0500] {dag.py:4180} INFO - Setting next_dagrun for example_branch_labels to 2025-11-21 00:00:00+00:00, run_after=2025-11-22 00:00:00+00:00
[2025-11-22T20:56:24.030+0500] {processor.py:208} INFO - Processing /mnt/c/Users/Raj/OneDrive - Åbo Akademi O365/banking/airflow/.venv/lib/python3.12/site-packages/airflow/example_dags/example_branch_labels.py took 0.213 seconds
[2025-11-22T20:58:08.022+0500] {processor.py:186} INFO - Started process (PID=67836) to work on /mnt/c/Users/Raj/OneDrive - Åbo Akademi O365/banking/airflow/.venv/lib/python3.12/site-packages/airflow/example_dags/example_branch_labels.py
[2025-11-22T20:58:08.024+0500] {processor.py:914} INFO - Processing file /mnt/c/Users/Raj/OneDrive - Åbo Akademi O365/banking/airflow/.venv/lib/python3.12/site-packages/airflow/example_dags/example_branch_labels.py for tasks to queue
[2025-11-22T20:58:08.028+0500] {logging_mixin.py:190} INFO - [2025-11-22T20:58:08.026+0500] {dagbag.py:588} INFO - Filling up the DagBag from /mnt/c/Users/Raj/OneDrive - Åbo Akademi O365/banking/airflow/.venv/lib/python3.12/site-packages/airflow/example_dags/example_branch_labels.py
[2025-11-22T20:58:08.072+0500] {processor.py:925} INFO - DAG(s) 'example_branch_labels' retrieved from /mnt/c/Users/Raj/OneDrive - Åbo Akademi O365/banking/airflow/.venv/lib/python3.12/site-packages/airflow/example_dags/example_branch_labels.py
[2025-11-22T20:58:08.114+0500] {logging_mixin.py:190} INFO - [2025-11-22T20:58:08.113+0500] {dag.py:3239} INFO - Sync 1 DAGs
[2025-11-22T20:58:08.144+0500] {logging_mixin.py:190} INFO - [2025-11-22T20:58:08.142+0500] {dag.py:4180} INFO - Setting next_dagrun for example_branch_labels to 2025-11-21 00:00:00+00:00, run_after=2025-11-22 00:00:00+00:00
[2025-11-22T20:58:08.227+0500] {processor.py:208} INFO - Processing /mnt/c/Users/Raj/OneDrive - Åbo Akademi O365/banking/airflow/.venv/lib/python3.12/site-packages/airflow/example_dags/example_branch_labels.py took 0.223 seconds
[2025-11-22T20:59:46.240+0500] {processor.py:186} INFO - Started process (PID=67917) to work on /mnt/c/Users/Raj/OneDrive - Åbo Akademi O365/banking/airflow/.venv/lib/python3.12/site-packages/airflow/example_dags/example_branch_labels.py
[2025-11-22T20:59:46.242+0500] {processor.py:914} INFO - Processing file /mnt/c/Users/Raj/OneDrive - Åbo Akademi O365/banking/airflow/.venv/lib/python3.12/site-packages/airflow/example_dags/example_branch_labels.py for tasks to queue
[2025-11-22T20:59:46.245+0500] {logging_mixin.py:190} INFO - [2025-11-22T20:59:46.244+0500] {dagbag.py:588} INFO - Filling up the DagBag from /mnt/c/Users/Raj/OneDrive - Åbo Akademi O365/banking/airflow/.venv/lib/python3.12/site-packages/airflow/example_dags/example_branch_labels.py
[2025-11-22T20:59:46.273+0500] {processor.py:925} INFO - DAG(s) 'example_branch_labels' retrieved from /mnt/c/Users/Raj/OneDrive - Åbo Akademi O365/banking/airflow/.venv/lib/python3.12/site-packages/airflow/example_dags/example_branch_labels.py
[2025-11-22T20:59:46.306+0500] {logging_mixin.py:190} INFO - [2025-11-22T20:59:46.305+0500] {dag.py:3239} INFO - Sync 1 DAGs
[2025-11-22T20:59:46.333+0500] {logging_mixin.py:190} INFO - [2025-11-22T20:59:46.331+0500] {dag.py:4180} INFO - Setting next_dagrun for example_branch_labels to 2025-11-21 00:00:00+00:00, run_after=2025-11-22 00:00:00+00:00
[2025-11-22T20:59:46.405+0500] {processor.py:208} INFO - Processing /mnt/c/Users/Raj/OneDrive - Åbo Akademi O365/banking/airflow/.venv/lib/python3.12/site-packages/airflow/example_dags/example_branch_labels.py took 0.178 seconds
[2025-11-22T21:01:31.854+0500] {processor.py:186} INFO - Started process (PID=68014) to work on /mnt/c/Users/Raj/OneDrive - Åbo Akademi O365/banking/airflow/.venv/lib/python3.12/site-packages/airflow/example_dags/example_branch_labels.py
[2025-11-22T21:01:31.857+0500] {processor.py:914} INFO - Processing file /mnt/c/Users/Raj/OneDrive - Åbo Akademi O365/banking/airflow/.venv/lib/python3.12/site-packages/airflow/example_dags/example_branch_labels.py for tasks to queue
[2025-11-22T21:01:31.861+0500] {logging_mixin.py:190} INFO - [2025-11-22T21:01:31.859+0500] {dagbag.py:588} INFO - Filling up the DagBag from /mnt/c/Users/Raj/OneDrive - Åbo Akademi O365/banking/airflow/.venv/lib/python3.12/site-packages/airflow/example_dags/example_branch_labels.py
[2025-11-22T21:01:31.909+0500] {processor.py:925} INFO - DAG(s) 'example_branch_labels' retrieved from /mnt/c/Users/Raj/OneDrive - Åbo Akademi O365/banking/airflow/.venv/lib/python3.12/site-packages/airflow/example_dags/example_branch_labels.py
[2025-11-22T21:01:31.973+0500] {logging_mixin.py:190} INFO - [2025-11-22T21:01:31.970+0500] {dag.py:3239} INFO - Sync 1 DAGs
[2025-11-22T21:01:32.048+0500] {logging_mixin.py:190} INFO - [2025-11-22T21:01:32.046+0500] {dag.py:4180} INFO - Setting next_dagrun for example_branch_labels to 2025-11-21 00:00:00+00:00, run_after=2025-11-22 00:00:00+00:00
[2025-11-22T21:01:32.194+0500] {processor.py:208} INFO - Processing /mnt/c/Users/Raj/OneDrive - Åbo Akademi O365/banking/airflow/.venv/lib/python3.12/site-packages/airflow/example_dags/example_branch_labels.py took 0.357 seconds
[2025-11-22T21:03:54.591+0500] {processor.py:186} INFO - Started process (PID=68122) to work on /mnt/c/Users/Raj/OneDrive - Åbo Akademi O365/banking/airflow/.venv/lib/python3.12/site-packages/airflow/example_dags/example_branch_labels.py
[2025-11-22T21:03:54.593+0500] {processor.py:914} INFO - Processing file /mnt/c/Users/Raj/OneDrive - Åbo Akademi O365/banking/airflow/.venv/lib/python3.12/site-packages/airflow/example_dags/example_branch_labels.py for tasks to queue
[2025-11-22T21:03:54.597+0500] {logging_mixin.py:190} INFO - [2025-11-22T21:03:54.595+0500] {dagbag.py:588} INFO - Filling up the DagBag from /mnt/c/Users/Raj/OneDrive - Åbo Akademi O365/banking/airflow/.venv/lib/python3.12/site-packages/airflow/example_dags/example_branch_labels.py
[2025-11-22T21:03:54.635+0500] {processor.py:925} INFO - DAG(s) 'example_branch_labels' retrieved from /mnt/c/Users/Raj/OneDrive - Åbo Akademi O365/banking/airflow/.venv/lib/python3.12/site-packages/airflow/example_dags/example_branch_labels.py
[2025-11-22T21:03:54.674+0500] {logging_mixin.py:190} INFO - [2025-11-22T21:03:54.672+0500] {dag.py:3239} INFO - Sync 1 DAGs
[2025-11-22T21:03:54.712+0500] {logging_mixin.py:190} INFO - [2025-11-22T21:03:54.711+0500] {dag.py:4180} INFO - Setting next_dagrun for example_branch_labels to 2025-11-21 00:00:00+00:00, run_after=2025-11-22 00:00:00+00:00
[2025-11-22T21:03:54.785+0500] {processor.py:208} INFO - Processing /mnt/c/Users/Raj/OneDrive - Åbo Akademi O365/banking/airflow/.venv/lib/python3.12/site-packages/airflow/example_dags/example_branch_labels.py took 0.215 seconds
[2025-11-22T21:08:20.541+0500] {processor.py:186} INFO - Started process (PID=68317) to work on /mnt/c/Users/Raj/OneDrive - Åbo Akademi O365/banking/airflow/.venv/lib/python3.12/site-packages/airflow/example_dags/example_branch_labels.py
[2025-11-22T21:08:20.544+0500] {processor.py:914} INFO - Processing file /mnt/c/Users/Raj/OneDrive - Åbo Akademi O365/banking/airflow/.venv/lib/python3.12/site-packages/airflow/example_dags/example_branch_labels.py for tasks to queue
[2025-11-22T21:08:20.549+0500] {logging_mixin.py:190} INFO - [2025-11-22T21:08:20.546+0500] {dagbag.py:588} INFO - Filling up the DagBag from /mnt/c/Users/Raj/OneDrive - Åbo Akademi O365/banking/airflow/.venv/lib/python3.12/site-packages/airflow/example_dags/example_branch_labels.py
[2025-11-22T21:08:20.595+0500] {processor.py:925} INFO - DAG(s) 'example_branch_labels' retrieved from /mnt/c/Users/Raj/OneDrive - Åbo Akademi O365/banking/airflow/.venv/lib/python3.12/site-packages/airflow/example_dags/example_branch_labels.py
[2025-11-22T21:08:20.643+0500] {logging_mixin.py:190} INFO - [2025-11-22T21:08:20.642+0500] {dag.py:3239} INFO - Sync 1 DAGs
[2025-11-22T21:08:20.671+0500] {logging_mixin.py:190} INFO - [2025-11-22T21:08:20.670+0500] {dag.py:4180} INFO - Setting next_dagrun for example_branch_labels to 2025-11-21 00:00:00+00:00, run_after=2025-11-22 00:00:00+00:00
[2025-11-22T21:08:20.739+0500] {processor.py:208} INFO - Processing /mnt/c/Users/Raj/OneDrive - Åbo Akademi O365/banking/airflow/.venv/lib/python3.12/site-packages/airflow/example_dags/example_branch_labels.py took 0.220 seconds
[2025-11-22T21:10:29.422+0500] {processor.py:186} INFO - Started process (PID=68412) to work on /mnt/c/Users/Raj/OneDrive - Åbo Akademi O365/banking/airflow/.venv/lib/python3.12/site-packages/airflow/example_dags/example_branch_labels.py
[2025-11-22T21:10:29.424+0500] {processor.py:914} INFO - Processing file /mnt/c/Users/Raj/OneDrive - Åbo Akademi O365/banking/airflow/.venv/lib/python3.12/site-packages/airflow/example_dags/example_branch_labels.py for tasks to queue
[2025-11-22T21:10:29.429+0500] {logging_mixin.py:190} INFO - [2025-11-22T21:10:29.427+0500] {dagbag.py:588} INFO - Filling up the DagBag from /mnt/c/Users/Raj/OneDrive - Åbo Akademi O365/banking/airflow/.venv/lib/python3.12/site-packages/airflow/example_dags/example_branch_labels.py
[2025-11-22T21:10:29.473+0500] {processor.py:925} INFO - DAG(s) 'example_branch_labels' retrieved from /mnt/c/Users/Raj/OneDrive - Åbo Akademi O365/banking/airflow/.venv/lib/python3.12/site-packages/airflow/example_dags/example_branch_labels.py
[2025-11-22T21:10:29.519+0500] {logging_mixin.py:190} INFO - [2025-11-22T21:10:29.517+0500] {dag.py:3239} INFO - Sync 1 DAGs
[2025-11-22T21:10:29.549+0500] {logging_mixin.py:190} INFO - [2025-11-22T21:10:29.548+0500] {dag.py:4180} INFO - Setting next_dagrun for example_branch_labels to 2025-11-21 00:00:00+00:00, run_after=2025-11-22 00:00:00+00:00
[2025-11-22T21:10:29.618+0500] {processor.py:208} INFO - Processing /mnt/c/Users/Raj/OneDrive - Åbo Akademi O365/banking/airflow/.venv/lib/python3.12/site-packages/airflow/example_dags/example_branch_labels.py took 0.213 seconds
[2025-11-22T21:12:20.938+0500] {processor.py:186} INFO - Started process (PID=68496) to work on /mnt/c/Users/Raj/OneDrive - Åbo Akademi O365/banking/airflow/.venv/lib/python3.12/site-packages/airflow/example_dags/example_branch_labels.py
[2025-11-22T21:12:20.941+0500] {processor.py:914} INFO - Processing file /mnt/c/Users/Raj/OneDrive - Åbo Akademi O365/banking/airflow/.venv/lib/python3.12/site-packages/airflow/example_dags/example_branch_labels.py for tasks to queue
[2025-11-22T21:12:20.945+0500] {logging_mixin.py:190} INFO - [2025-11-22T21:12:20.943+0500] {dagbag.py:588} INFO - Filling up the DagBag from /mnt/c/Users/Raj/OneDrive - Åbo Akademi O365/banking/airflow/.venv/lib/python3.12/site-packages/airflow/example_dags/example_branch_labels.py
[2025-11-22T21:12:20.984+0500] {processor.py:925} INFO - DAG(s) 'example_branch_labels' retrieved from /mnt/c/Users/Raj/OneDrive - Åbo Akademi O365/banking/airflow/.venv/lib/python3.12/site-packages/airflow/example_dags/example_branch_labels.py
[2025-11-22T21:12:21.024+0500] {logging_mixin.py:190} INFO - [2025-11-22T21:12:21.023+0500] {dag.py:3239} INFO - Sync 1 DAGs
[2025-11-22T21:12:21.054+0500] {logging_mixin.py:190} INFO - [2025-11-22T21:12:21.053+0500] {dag.py:4180} INFO - Setting next_dagrun for example_branch_labels to 2025-11-21 00:00:00+00:00, run_after=2025-11-22 00:00:00+00:00
[2025-11-22T21:12:21.122+0500] {processor.py:208} INFO - Processing /mnt/c/Users/Raj/OneDrive - Åbo Akademi O365/banking/airflow/.venv/lib/python3.12/site-packages/airflow/example_dags/example_branch_labels.py took 0.203 seconds
[2025-11-22T21:14:05.663+0500] {processor.py:186} INFO - Started process (PID=68579) to work on /mnt/c/Users/Raj/OneDrive - Åbo Akademi O365/banking/airflow/.venv/lib/python3.12/site-packages/airflow/example_dags/example_branch_labels.py
[2025-11-22T21:14:05.666+0500] {processor.py:914} INFO - Processing file /mnt/c/Users/Raj/OneDrive - Åbo Akademi O365/banking/airflow/.venv/lib/python3.12/site-packages/airflow/example_dags/example_branch_labels.py for tasks to queue
[2025-11-22T21:14:05.670+0500] {logging_mixin.py:190} INFO - [2025-11-22T21:14:05.668+0500] {dagbag.py:588} INFO - Filling up the DagBag from /mnt/c/Users/Raj/OneDrive - Åbo Akademi O365/banking/airflow/.venv/lib/python3.12/site-packages/airflow/example_dags/example_branch_labels.py
[2025-11-22T21:14:05.715+0500] {processor.py:925} INFO - DAG(s) 'example_branch_labels' retrieved from /mnt/c/Users/Raj/OneDrive - Åbo Akademi O365/banking/airflow/.venv/lib/python3.12/site-packages/airflow/example_dags/example_branch_labels.py
[2025-11-22T21:14:05.756+0500] {logging_mixin.py:190} INFO - [2025-11-22T21:14:05.754+0500] {dag.py:3239} INFO - Sync 1 DAGs
[2025-11-22T21:14:05.796+0500] {logging_mixin.py:190} INFO - [2025-11-22T21:14:05.794+0500] {dag.py:4180} INFO - Setting next_dagrun for example_branch_labels to 2025-11-21 00:00:00+00:00, run_after=2025-11-22 00:00:00+00:00
[2025-11-22T21:14:05.882+0500] {processor.py:208} INFO - Processing /mnt/c/Users/Raj/OneDrive - Åbo Akademi O365/banking/airflow/.venv/lib/python3.12/site-packages/airflow/example_dags/example_branch_labels.py took 0.242 seconds
[2025-11-22T21:15:45.204+0500] {processor.py:186} INFO - Started process (PID=68653) to work on /mnt/c/Users/Raj/OneDrive - Åbo Akademi O365/banking/airflow/.venv/lib/python3.12/site-packages/airflow/example_dags/example_branch_labels.py
[2025-11-22T21:15:45.206+0500] {processor.py:914} INFO - Processing file /mnt/c/Users/Raj/OneDrive - Åbo Akademi O365/banking/airflow/.venv/lib/python3.12/site-packages/airflow/example_dags/example_branch_labels.py for tasks to queue
[2025-11-22T21:15:45.209+0500] {logging_mixin.py:190} INFO - [2025-11-22T21:15:45.208+0500] {dagbag.py:588} INFO - Filling up the DagBag from /mnt/c/Users/Raj/OneDrive - Åbo Akademi O365/banking/airflow/.venv/lib/python3.12/site-packages/airflow/example_dags/example_branch_labels.py
[2025-11-22T21:15:45.248+0500] {processor.py:925} INFO - DAG(s) 'example_branch_labels' retrieved from /mnt/c/Users/Raj/OneDrive - Åbo Akademi O365/banking/airflow/.venv/lib/python3.12/site-packages/airflow/example_dags/example_branch_labels.py
[2025-11-22T21:15:45.277+0500] {logging_mixin.py:190} INFO - [2025-11-22T21:15:45.277+0500] {dag.py:3239} INFO - Sync 1 DAGs
[2025-11-22T21:15:45.303+0500] {logging_mixin.py:190} INFO - [2025-11-22T21:15:45.302+0500] {dag.py:4180} INFO - Setting next_dagrun for example_branch_labels to 2025-11-21 00:00:00+00:00, run_after=2025-11-22 00:00:00+00:00
[2025-11-22T21:15:45.365+0500] {processor.py:208} INFO - Processing /mnt/c/Users/Raj/OneDrive - Åbo Akademi O365/banking/airflow/.venv/lib/python3.12/site-packages/airflow/example_dags/example_branch_labels.py took 0.182 seconds
[2025-11-22T21:17:26.035+0500] {processor.py:186} INFO - Started process (PID=68734) to work on /mnt/c/Users/Raj/OneDrive - Åbo Akademi O365/banking/airflow/.venv/lib/python3.12/site-packages/airflow/example_dags/example_branch_labels.py
[2025-11-22T21:17:26.038+0500] {processor.py:914} INFO - Processing file /mnt/c/Users/Raj/OneDrive - Åbo Akademi O365/banking/airflow/.venv/lib/python3.12/site-packages/airflow/example_dags/example_branch_labels.py for tasks to queue
[2025-11-22T21:17:26.044+0500] {logging_mixin.py:190} INFO - [2025-11-22T21:17:26.042+0500] {dagbag.py:588} INFO - Filling up the DagBag from /mnt/c/Users/Raj/OneDrive - Åbo Akademi O365/banking/airflow/.venv/lib/python3.12/site-packages/airflow/example_dags/example_branch_labels.py
[2025-11-22T21:17:26.097+0500] {processor.py:925} INFO - DAG(s) 'example_branch_labels' retrieved from /mnt/c/Users/Raj/OneDrive - Åbo Akademi O365/banking/airflow/.venv/lib/python3.12/site-packages/airflow/example_dags/example_branch_labels.py
[2025-11-22T21:17:26.143+0500] {logging_mixin.py:190} INFO - [2025-11-22T21:17:26.142+0500] {dag.py:3239} INFO - Sync 1 DAGs
[2025-11-22T21:17:26.172+0500] {logging_mixin.py:190} INFO - [2025-11-22T21:17:26.171+0500] {dag.py:4180} INFO - Setting next_dagrun for example_branch_labels to 2025-11-21 00:00:00+00:00, run_after=2025-11-22 00:00:00+00:00
[2025-11-22T21:17:26.248+0500] {processor.py:208} INFO - Processing /mnt/c/Users/Raj/OneDrive - Åbo Akademi O365/banking/airflow/.venv/lib/python3.12/site-packages/airflow/example_dags/example_branch_labels.py took 0.232 seconds
[2025-11-22T21:19:09.898+0500] {processor.py:186} INFO - Started process (PID=68816) to work on /mnt/c/Users/Raj/OneDrive - Åbo Akademi O365/banking/airflow/.venv/lib/python3.12/site-packages/airflow/example_dags/example_branch_labels.py
[2025-11-22T21:19:09.900+0500] {processor.py:914} INFO - Processing file /mnt/c/Users/Raj/OneDrive - Åbo Akademi O365/banking/airflow/.venv/lib/python3.12/site-packages/airflow/example_dags/example_branch_labels.py for tasks to queue
[2025-11-22T21:19:09.905+0500] {logging_mixin.py:190} INFO - [2025-11-22T21:19:09.903+0500] {dagbag.py:588} INFO - Filling up the DagBag from /mnt/c/Users/Raj/OneDrive - Åbo Akademi O365/banking/airflow/.venv/lib/python3.12/site-packages/airflow/example_dags/example_branch_labels.py
[2025-11-22T21:19:09.949+0500] {processor.py:925} INFO - DAG(s) 'example_branch_labels' retrieved from /mnt/c/Users/Raj/OneDrive - Åbo Akademi O365/banking/airflow/.venv/lib/python3.12/site-packages/airflow/example_dags/example_branch_labels.py
[2025-11-22T21:19:09.987+0500] {logging_mixin.py:190} INFO - [2025-11-22T21:19:09.986+0500] {dag.py:3239} INFO - Sync 1 DAGs
[2025-11-22T21:19:10.022+0500] {logging_mixin.py:190} INFO - [2025-11-22T21:19:10.020+0500] {dag.py:4180} INFO - Setting next_dagrun for example_branch_labels to 2025-11-21 00:00:00+00:00, run_after=2025-11-22 00:00:00+00:00
[2025-11-22T21:19:10.091+0500] {processor.py:208} INFO - Processing /mnt/c/Users/Raj/OneDrive - Åbo Akademi O365/banking/airflow/.venv/lib/python3.12/site-packages/airflow/example_dags/example_branch_labels.py took 0.213 seconds
[2025-11-22T21:20:51.996+0500] {processor.py:186} INFO - Started process (PID=68895) to work on /mnt/c/Users/Raj/OneDrive - Åbo Akademi O365/banking/airflow/.venv/lib/python3.12/site-packages/airflow/example_dags/example_branch_labels.py
[2025-11-22T21:20:51.999+0500] {processor.py:914} INFO - Processing file /mnt/c/Users/Raj/OneDrive - Åbo Akademi O365/banking/airflow/.venv/lib/python3.12/site-packages/airflow/example_dags/example_branch_labels.py for tasks to queue
[2025-11-22T21:20:52.003+0500] {logging_mixin.py:190} INFO - [2025-11-22T21:20:52.002+0500] {dagbag.py:588} INFO - Filling up the DagBag from /mnt/c/Users/Raj/OneDrive - Åbo Akademi O365/banking/airflow/.venv/lib/python3.12/site-packages/airflow/example_dags/example_branch_labels.py
[2025-11-22T21:20:52.043+0500] {processor.py:925} INFO - DAG(s) 'example_branch_labels' retrieved from /mnt/c/Users/Raj/OneDrive - Åbo Akademi O365/banking/airflow/.venv/lib/python3.12/site-packages/airflow/example_dags/example_branch_labels.py
[2025-11-22T21:20:52.078+0500] {logging_mixin.py:190} INFO - [2025-11-22T21:20:52.077+0500] {dag.py:3239} INFO - Sync 1 DAGs
[2025-11-22T21:20:52.107+0500] {logging_mixin.py:190} INFO - [2025-11-22T21:20:52.106+0500] {dag.py:4180} INFO - Setting next_dagrun for example_branch_labels to 2025-11-21 00:00:00+00:00, run_after=2025-11-22 00:00:00+00:00
[2025-11-22T21:20:52.185+0500] {processor.py:208} INFO - Processing /mnt/c/Users/Raj/OneDrive - Åbo Akademi O365/banking/airflow/.venv/lib/python3.12/site-packages/airflow/example_dags/example_branch_labels.py took 0.212 seconds
[2025-11-22T21:22:38.599+0500] {processor.py:186} INFO - Started process (PID=68979) to work on /mnt/c/Users/Raj/OneDrive - Åbo Akademi O365/banking/airflow/.venv/lib/python3.12/site-packages/airflow/example_dags/example_branch_labels.py
[2025-11-22T21:22:38.603+0500] {processor.py:914} INFO - Processing file /mnt/c/Users/Raj/OneDrive - Åbo Akademi O365/banking/airflow/.venv/lib/python3.12/site-packages/airflow/example_dags/example_branch_labels.py for tasks to queue
[2025-11-22T21:22:38.609+0500] {logging_mixin.py:190} INFO - [2025-11-22T21:22:38.607+0500] {dagbag.py:588} INFO - Filling up the DagBag from /mnt/c/Users/Raj/OneDrive - Åbo Akademi O365/banking/airflow/.venv/lib/python3.12/site-packages/airflow/example_dags/example_branch_labels.py
[2025-11-22T21:22:38.686+0500] {processor.py:925} INFO - DAG(s) 'example_branch_labels' retrieved from /mnt/c/Users/Raj/OneDrive - Åbo Akademi O365/banking/airflow/.venv/lib/python3.12/site-packages/airflow/example_dags/example_branch_labels.py
[2025-11-22T21:22:38.760+0500] {logging_mixin.py:190} INFO - [2025-11-22T21:22:38.759+0500] {dag.py:3239} INFO - Sync 1 DAGs
[2025-11-22T21:22:38.788+0500] {logging_mixin.py:190} INFO - [2025-11-22T21:22:38.787+0500] {dag.py:4180} INFO - Setting next_dagrun for example_branch_labels to 2025-11-21 00:00:00+00:00, run_after=2025-11-22 00:00:00+00:00
[2025-11-22T21:22:38.841+0500] {processor.py:208} INFO - Processing /mnt/c/Users/Raj/OneDrive - Åbo Akademi O365/banking/airflow/.venv/lib/python3.12/site-packages/airflow/example_dags/example_branch_labels.py took 0.267 seconds
[2025-11-22T21:24:23.362+0500] {processor.py:186} INFO - Started process (PID=69061) to work on /mnt/c/Users/Raj/OneDrive - Åbo Akademi O365/banking/airflow/.venv/lib/python3.12/site-packages/airflow/example_dags/example_branch_labels.py
[2025-11-22T21:24:23.365+0500] {processor.py:914} INFO - Processing file /mnt/c/Users/Raj/OneDrive - Åbo Akademi O365/banking/airflow/.venv/lib/python3.12/site-packages/airflow/example_dags/example_branch_labels.py for tasks to queue
[2025-11-22T21:24:23.371+0500] {logging_mixin.py:190} INFO - [2025-11-22T21:24:23.369+0500] {dagbag.py:588} INFO - Filling up the DagBag from /mnt/c/Users/Raj/OneDrive - Åbo Akademi O365/banking/airflow/.venv/lib/python3.12/site-packages/airflow/example_dags/example_branch_labels.py
[2025-11-22T21:24:23.423+0500] {processor.py:925} INFO - DAG(s) 'example_branch_labels' retrieved from /mnt/c/Users/Raj/OneDrive - Åbo Akademi O365/banking/airflow/.venv/lib/python3.12/site-packages/airflow/example_dags/example_branch_labels.py
[2025-11-22T21:24:23.464+0500] {logging_mixin.py:190} INFO - [2025-11-22T21:24:23.463+0500] {dag.py:3239} INFO - Sync 1 DAGs
[2025-11-22T21:24:23.500+0500] {logging_mixin.py:190} INFO - [2025-11-22T21:24:23.497+0500] {dag.py:4180} INFO - Setting next_dagrun for example_branch_labels to 2025-11-21 00:00:00+00:00, run_after=2025-11-22 00:00:00+00:00
[2025-11-22T21:24:23.577+0500] {processor.py:208} INFO - Processing /mnt/c/Users/Raj/OneDrive - Åbo Akademi O365/banking/airflow/.venv/lib/python3.12/site-packages/airflow/example_dags/example_branch_labels.py took 0.241 seconds
