[2025-11-22T20:15:35.932+0500] {processor.py:186} INFO - Started process (PID=65738) to work on /mnt/c/Users/Raj/OneDrive - Åbo Akademi O365/banking/airflow/.venv/lib/python3.12/site-packages/airflow/example_dags/example_sensor_decorator.py
[2025-11-22T20:15:35.935+0500] {processor.py:914} INFO - Processing file /mnt/c/Users/Raj/OneDrive - Åbo Akademi O365/banking/airflow/.venv/lib/python3.12/site-packages/airflow/example_dags/example_sensor_decorator.py for tasks to queue
[2025-11-22T20:15:35.939+0500] {logging_mixin.py:190} INFO - [2025-11-22T20:15:35.937+0500] {dagbag.py:588} INFO - Filling up the DagBag from /mnt/c/Users/Raj/OneDrive - Åbo Akademi O365/banking/airflow/.venv/lib/python3.12/site-packages/airflow/example_dags/example_sensor_decorator.py
[2025-11-22T20:15:35.971+0500] {processor.py:925} INFO - DAG(s) 'example_sensor_decorator' retrieved from /mnt/c/Users/Raj/OneDrive - Åbo Akademi O365/banking/airflow/.venv/lib/python3.12/site-packages/airflow/example_dags/example_sensor_decorator.py
[2025-11-22T20:15:36.012+0500] {logging_mixin.py:190} INFO - [2025-11-22T20:15:36.011+0500] {dag.py:3239} INFO - Sync 1 DAGs
[2025-11-22T20:15:36.028+0500] {logging_mixin.py:190} INFO - [2025-11-22T20:15:36.026+0500] {dag.py:4180} INFO - Setting next_dagrun for example_sensor_decorator to None, run_after=None
[2025-11-22T20:15:36.097+0500] {processor.py:208} INFO - Processing /mnt/c/Users/Raj/OneDrive - Åbo Akademi O365/banking/airflow/.venv/lib/python3.12/site-packages/airflow/example_dags/example_sensor_decorator.py took 0.180 seconds
[2025-11-22T20:17:27.467+0500] {processor.py:186} INFO - Started process (PID=65836) to work on /mnt/c/Users/Raj/OneDrive - Åbo Akademi O365/banking/airflow/.venv/lib/python3.12/site-packages/airflow/example_dags/example_sensor_decorator.py
[2025-11-22T20:17:27.470+0500] {processor.py:914} INFO - Processing file /mnt/c/Users/Raj/OneDrive - Åbo Akademi O365/banking/airflow/.venv/lib/python3.12/site-packages/airflow/example_dags/example_sensor_decorator.py for tasks to queue
[2025-11-22T20:17:27.474+0500] {logging_mixin.py:190} INFO - [2025-11-22T20:17:27.472+0500] {dagbag.py:588} INFO - Filling up the DagBag from /mnt/c/Users/Raj/OneDrive - Åbo Akademi O365/banking/airflow/.venv/lib/python3.12/site-packages/airflow/example_dags/example_sensor_decorator.py
[2025-11-22T20:17:27.504+0500] {processor.py:925} INFO - DAG(s) 'example_sensor_decorator' retrieved from /mnt/c/Users/Raj/OneDrive - Åbo Akademi O365/banking/airflow/.venv/lib/python3.12/site-packages/airflow/example_dags/example_sensor_decorator.py
[2025-11-22T20:17:27.545+0500] {logging_mixin.py:190} INFO - [2025-11-22T20:17:27.543+0500] {dag.py:3239} INFO - Sync 1 DAGs
[2025-11-22T20:17:27.570+0500] {logging_mixin.py:190} INFO - [2025-11-22T20:17:27.568+0500] {dag.py:4180} INFO - Setting next_dagrun for example_sensor_decorator to None, run_after=None
[2025-11-22T20:17:27.642+0500] {processor.py:208} INFO - Processing /mnt/c/Users/Raj/OneDrive - Åbo Akademi O365/banking/airflow/.venv/lib/python3.12/site-packages/airflow/example_dags/example_sensor_decorator.py took 0.193 seconds
[2025-11-22T20:20:41.797+0500] {processor.py:186} INFO - Started process (PID=65923) to work on /mnt/c/Users/Raj/OneDrive - Åbo Akademi O365/banking/airflow/.venv/lib/python3.12/site-packages/airflow/example_dags/example_sensor_decorator.py
[2025-11-22T20:20:41.799+0500] {processor.py:914} INFO - Processing file /mnt/c/Users/Raj/OneDrive - Åbo Akademi O365/banking/airflow/.venv/lib/python3.12/site-packages/airflow/example_dags/example_sensor_decorator.py for tasks to queue
[2025-11-22T20:20:41.805+0500] {logging_mixin.py:190} INFO - [2025-11-22T20:20:41.803+0500] {dagbag.py:588} INFO - Filling up the DagBag from /mnt/c/Users/Raj/OneDrive - Åbo Akademi O365/banking/airflow/.venv/lib/python3.12/site-packages/airflow/example_dags/example_sensor_decorator.py
[2025-11-22T20:20:41.896+0500] {processor.py:925} INFO - DAG(s) 'example_sensor_decorator' retrieved from /mnt/c/Users/Raj/OneDrive - Åbo Akademi O365/banking/airflow/.venv/lib/python3.12/site-packages/airflow/example_dags/example_sensor_decorator.py
[2025-11-22T20:20:41.951+0500] {logging_mixin.py:190} INFO - [2025-11-22T20:20:41.950+0500] {dag.py:3239} INFO - Sync 1 DAGs
[2025-11-22T20:20:41.975+0500] {logging_mixin.py:190} INFO - [2025-11-22T20:20:41.974+0500] {dag.py:4180} INFO - Setting next_dagrun for example_sensor_decorator to None, run_after=None
[2025-11-22T20:20:42.048+0500] {processor.py:208} INFO - Processing /mnt/c/Users/Raj/OneDrive - Åbo Akademi O365/banking/airflow/.venv/lib/python3.12/site-packages/airflow/example_dags/example_sensor_decorator.py took 0.268 seconds
[2025-11-22T20:22:24.014+0500] {processor.py:186} INFO - Started process (PID=66015) to work on /mnt/c/Users/Raj/OneDrive - Åbo Akademi O365/banking/airflow/.venv/lib/python3.12/site-packages/airflow/example_dags/example_sensor_decorator.py
[2025-11-22T20:22:24.016+0500] {processor.py:914} INFO - Processing file /mnt/c/Users/Raj/OneDrive - Åbo Akademi O365/banking/airflow/.venv/lib/python3.12/site-packages/airflow/example_dags/example_sensor_decorator.py for tasks to queue
[2025-11-22T20:22:24.021+0500] {logging_mixin.py:190} INFO - [2025-11-22T20:22:24.020+0500] {dagbag.py:588} INFO - Filling up the DagBag from /mnt/c/Users/Raj/OneDrive - Åbo Akademi O365/banking/airflow/.venv/lib/python3.12/site-packages/airflow/example_dags/example_sensor_decorator.py
[2025-11-22T20:22:24.096+0500] {processor.py:925} INFO - DAG(s) 'example_sensor_decorator' retrieved from /mnt/c/Users/Raj/OneDrive - Åbo Akademi O365/banking/airflow/.venv/lib/python3.12/site-packages/airflow/example_dags/example_sensor_decorator.py
[2025-11-22T20:22:24.124+0500] {logging_mixin.py:190} INFO - [2025-11-22T20:22:24.124+0500] {dag.py:3239} INFO - Sync 1 DAGs
[2025-11-22T20:22:24.142+0500] {logging_mixin.py:190} INFO - [2025-11-22T20:22:24.141+0500] {dag.py:4180} INFO - Setting next_dagrun for example_sensor_decorator to None, run_after=None
[2025-11-22T20:22:24.202+0500] {processor.py:208} INFO - Processing /mnt/c/Users/Raj/OneDrive - Åbo Akademi O365/banking/airflow/.venv/lib/python3.12/site-packages/airflow/example_dags/example_sensor_decorator.py took 0.203 seconds
[2025-11-22T20:24:25.480+0500] {processor.py:186} INFO - Started process (PID=66107) to work on /mnt/c/Users/Raj/OneDrive - Åbo Akademi O365/banking/airflow/.venv/lib/python3.12/site-packages/airflow/example_dags/example_sensor_decorator.py
[2025-11-22T20:24:25.482+0500] {processor.py:914} INFO - Processing file /mnt/c/Users/Raj/OneDrive - Åbo Akademi O365/banking/airflow/.venv/lib/python3.12/site-packages/airflow/example_dags/example_sensor_decorator.py for tasks to queue
[2025-11-22T20:24:25.487+0500] {logging_mixin.py:190} INFO - [2025-11-22T20:24:25.486+0500] {dagbag.py:588} INFO - Filling up the DagBag from /mnt/c/Users/Raj/OneDrive - Åbo Akademi O365/banking/airflow/.venv/lib/python3.12/site-packages/airflow/example_dags/example_sensor_decorator.py
[2025-11-22T20:24:25.563+0500] {processor.py:925} INFO - DAG(s) 'example_sensor_decorator' retrieved from /mnt/c/Users/Raj/OneDrive - Åbo Akademi O365/banking/airflow/.venv/lib/python3.12/site-packages/airflow/example_dags/example_sensor_decorator.py
[2025-11-22T20:24:25.598+0500] {logging_mixin.py:190} INFO - [2025-11-22T20:24:25.596+0500] {dag.py:3239} INFO - Sync 1 DAGs
[2025-11-22T20:24:25.615+0500] {logging_mixin.py:190} INFO - [2025-11-22T20:24:25.614+0500] {dag.py:4180} INFO - Setting next_dagrun for example_sensor_decorator to None, run_after=None
[2025-11-22T20:24:25.684+0500] {processor.py:208} INFO - Processing /mnt/c/Users/Raj/OneDrive - Åbo Akademi O365/banking/airflow/.venv/lib/python3.12/site-packages/airflow/example_dags/example_sensor_decorator.py took 0.220 seconds
[2025-11-22T20:27:55.460+0500] {processor.py:186} INFO - Started process (PID=66251) to work on /mnt/c/Users/Raj/OneDrive - Åbo Akademi O365/banking/airflow/.venv/lib/python3.12/site-packages/airflow/example_dags/example_sensor_decorator.py
[2025-11-22T20:27:55.463+0500] {processor.py:914} INFO - Processing file /mnt/c/Users/Raj/OneDrive - Åbo Akademi O365/banking/airflow/.venv/lib/python3.12/site-packages/airflow/example_dags/example_sensor_decorator.py for tasks to queue
[2025-11-22T20:27:55.467+0500] {logging_mixin.py:190} INFO - [2025-11-22T20:27:55.465+0500] {dagbag.py:588} INFO - Filling up the DagBag from /mnt/c/Users/Raj/OneDrive - Åbo Akademi O365/banking/airflow/.venv/lib/python3.12/site-packages/airflow/example_dags/example_sensor_decorator.py
[2025-11-22T20:27:55.498+0500] {processor.py:925} INFO - DAG(s) 'example_sensor_decorator' retrieved from /mnt/c/Users/Raj/OneDrive - Åbo Akademi O365/banking/airflow/.venv/lib/python3.12/site-packages/airflow/example_dags/example_sensor_decorator.py
[2025-11-22T20:27:55.547+0500] {logging_mixin.py:190} INFO - [2025-11-22T20:27:55.546+0500] {dag.py:3239} INFO - Sync 1 DAGs
[2025-11-22T20:27:55.564+0500] {logging_mixin.py:190} INFO - [2025-11-22T20:27:55.563+0500] {dag.py:4180} INFO - Setting next_dagrun for example_sensor_decorator to None, run_after=None
[2025-11-22T20:27:55.643+0500] {processor.py:208} INFO - Processing /mnt/c/Users/Raj/OneDrive - Åbo Akademi O365/banking/airflow/.venv/lib/python3.12/site-packages/airflow/example_dags/example_sensor_decorator.py took 0.200 seconds
[2025-11-22T20:29:19.407+0500] {processor.py:186} INFO - Started process (PID=66338) to work on /mnt/c/Users/Raj/OneDrive - Åbo Akademi O365/banking/airflow/.venv/lib/python3.12/site-packages/airflow/example_dags/example_sensor_decorator.py
[2025-11-22T20:29:19.410+0500] {processor.py:914} INFO - Processing file /mnt/c/Users/Raj/OneDrive - Åbo Akademi O365/banking/airflow/.venv/lib/python3.12/site-packages/airflow/example_dags/example_sensor_decorator.py for tasks to queue
[2025-11-22T20:29:19.413+0500] {logging_mixin.py:190} INFO - [2025-11-22T20:29:19.412+0500] {dagbag.py:588} INFO - Filling up the DagBag from /mnt/c/Users/Raj/OneDrive - Åbo Akademi O365/banking/airflow/.venv/lib/python3.12/site-packages/airflow/example_dags/example_sensor_decorator.py
[2025-11-22T20:29:19.435+0500] {processor.py:925} INFO - DAG(s) 'example_sensor_decorator' retrieved from /mnt/c/Users/Raj/OneDrive - Åbo Akademi O365/banking/airflow/.venv/lib/python3.12/site-packages/airflow/example_dags/example_sensor_decorator.py
[2025-11-22T20:29:19.474+0500] {logging_mixin.py:190} INFO - [2025-11-22T20:29:19.473+0500] {dag.py:3239} INFO - Sync 1 DAGs
[2025-11-22T20:29:19.490+0500] {logging_mixin.py:190} INFO - [2025-11-22T20:29:19.489+0500] {dag.py:4180} INFO - Setting next_dagrun for example_sensor_decorator to None, run_after=None
[2025-11-22T20:29:19.579+0500] {processor.py:208} INFO - Processing /mnt/c/Users/Raj/OneDrive - Åbo Akademi O365/banking/airflow/.venv/lib/python3.12/site-packages/airflow/example_dags/example_sensor_decorator.py took 0.184 seconds
[2025-11-22T20:32:06.513+0500] {processor.py:186} INFO - Started process (PID=66468) to work on /mnt/c/Users/Raj/OneDrive - Åbo Akademi O365/banking/airflow/.venv/lib/python3.12/site-packages/airflow/example_dags/example_sensor_decorator.py
[2025-11-22T20:32:06.516+0500] {processor.py:914} INFO - Processing file /mnt/c/Users/Raj/OneDrive - Åbo Akademi O365/banking/airflow/.venv/lib/python3.12/site-packages/airflow/example_dags/example_sensor_decorator.py for tasks to queue
[2025-11-22T20:32:06.520+0500] {logging_mixin.py:190} INFO - [2025-11-22T20:32:06.518+0500] {dagbag.py:588} INFO - Filling up the DagBag from /mnt/c/Users/Raj/OneDrive - Åbo Akademi O365/banking/airflow/.venv/lib/python3.12/site-packages/airflow/example_dags/example_sensor_decorator.py
[2025-11-22T20:32:06.547+0500] {processor.py:925} INFO - DAG(s) 'example_sensor_decorator' retrieved from /mnt/c/Users/Raj/OneDrive - Åbo Akademi O365/banking/airflow/.venv/lib/python3.12/site-packages/airflow/example_dags/example_sensor_decorator.py
[2025-11-22T20:32:06.584+0500] {logging_mixin.py:190} INFO - [2025-11-22T20:32:06.583+0500] {dag.py:3239} INFO - Sync 1 DAGs
[2025-11-22T20:32:06.610+0500] {logging_mixin.py:190} INFO - [2025-11-22T20:32:06.609+0500] {dag.py:4180} INFO - Setting next_dagrun for example_sensor_decorator to None, run_after=None
[2025-11-22T20:32:06.683+0500] {processor.py:208} INFO - Processing /mnt/c/Users/Raj/OneDrive - Åbo Akademi O365/banking/airflow/.venv/lib/python3.12/site-packages/airflow/example_dags/example_sensor_decorator.py took 0.185 seconds
[2025-11-22T20:33:37.654+0500] {processor.py:186} INFO - Started process (PID=66541) to work on /mnt/c/Users/Raj/OneDrive - Åbo Akademi O365/banking/airflow/.venv/lib/python3.12/site-packages/airflow/example_dags/example_sensor_decorator.py
[2025-11-22T20:33:37.659+0500] {processor.py:914} INFO - Processing file /mnt/c/Users/Raj/OneDrive - Åbo Akademi O365/banking/airflow/.venv/lib/python3.12/site-packages/airflow/example_dags/example_sensor_decorator.py for tasks to queue
[2025-11-22T20:33:37.665+0500] {logging_mixin.py:190} INFO - [2025-11-22T20:33:37.662+0500] {dagbag.py:588} INFO - Filling up the DagBag from /mnt/c/Users/Raj/OneDrive - Åbo Akademi O365/banking/airflow/.venv/lib/python3.12/site-packages/airflow/example_dags/example_sensor_decorator.py
[2025-11-22T20:33:37.714+0500] {processor.py:925} INFO - DAG(s) 'example_sensor_decorator' retrieved from /mnt/c/Users/Raj/OneDrive - Åbo Akademi O365/banking/airflow/.venv/lib/python3.12/site-packages/airflow/example_dags/example_sensor_decorator.py
[2025-11-22T20:33:37.803+0500] {logging_mixin.py:190} INFO - [2025-11-22T20:33:37.801+0500] {dag.py:3239} INFO - Sync 1 DAGs
[2025-11-22T20:33:37.852+0500] {logging_mixin.py:190} INFO - [2025-11-22T20:33:37.850+0500] {dag.py:4180} INFO - Setting next_dagrun for example_sensor_decorator to None, run_after=None
[2025-11-22T20:33:37.961+0500] {processor.py:208} INFO - Processing /mnt/c/Users/Raj/OneDrive - Åbo Akademi O365/banking/airflow/.venv/lib/python3.12/site-packages/airflow/example_dags/example_sensor_decorator.py took 0.339 seconds
[2025-11-22T20:34:53.209+0500] {processor.py:186} INFO - Started process (PID=66603) to work on /mnt/c/Users/Raj/OneDrive - Åbo Akademi O365/banking/airflow/.venv/lib/python3.12/site-packages/airflow/example_dags/example_sensor_decorator.py
[2025-11-22T20:34:53.211+0500] {processor.py:914} INFO - Processing file /mnt/c/Users/Raj/OneDrive - Åbo Akademi O365/banking/airflow/.venv/lib/python3.12/site-packages/airflow/example_dags/example_sensor_decorator.py for tasks to queue
[2025-11-22T20:34:53.216+0500] {logging_mixin.py:190} INFO - [2025-11-22T20:34:53.214+0500] {dagbag.py:588} INFO - Filling up the DagBag from /mnt/c/Users/Raj/OneDrive - Åbo Akademi O365/banking/airflow/.venv/lib/python3.12/site-packages/airflow/example_dags/example_sensor_decorator.py
[2025-11-22T20:34:53.246+0500] {processor.py:925} INFO - DAG(s) 'example_sensor_decorator' retrieved from /mnt/c/Users/Raj/OneDrive - Åbo Akademi O365/banking/airflow/.venv/lib/python3.12/site-packages/airflow/example_dags/example_sensor_decorator.py
[2025-11-22T20:34:53.284+0500] {logging_mixin.py:190} INFO - [2025-11-22T20:34:53.283+0500] {dag.py:3239} INFO - Sync 1 DAGs
[2025-11-22T20:34:53.305+0500] {logging_mixin.py:190} INFO - [2025-11-22T20:34:53.303+0500] {dag.py:4180} INFO - Setting next_dagrun for example_sensor_decorator to None, run_after=None
[2025-11-22T20:34:53.385+0500] {processor.py:208} INFO - Processing /mnt/c/Users/Raj/OneDrive - Åbo Akademi O365/banking/airflow/.venv/lib/python3.12/site-packages/airflow/example_dags/example_sensor_decorator.py took 0.192 seconds
[2025-11-22T20:37:26.580+0500] {processor.py:186} INFO - Started process (PID=66708) to work on /mnt/c/Users/Raj/OneDrive - Åbo Akademi O365/banking/airflow/.venv/lib/python3.12/site-packages/airflow/example_dags/example_sensor_decorator.py
[2025-11-22T20:37:26.583+0500] {processor.py:914} INFO - Processing file /mnt/c/Users/Raj/OneDrive - Åbo Akademi O365/banking/airflow/.venv/lib/python3.12/site-packages/airflow/example_dags/example_sensor_decorator.py for tasks to queue
[2025-11-22T20:37:26.590+0500] {logging_mixin.py:190} INFO - [2025-11-22T20:37:26.588+0500] {dagbag.py:588} INFO - Filling up the DagBag from /mnt/c/Users/Raj/OneDrive - Åbo Akademi O365/banking/airflow/.venv/lib/python3.12/site-packages/airflow/example_dags/example_sensor_decorator.py
[2025-11-22T20:37:26.631+0500] {processor.py:925} INFO - DAG(s) 'example_sensor_decorator' retrieved from /mnt/c/Users/Raj/OneDrive - Åbo Akademi O365/banking/airflow/.venv/lib/python3.12/site-packages/airflow/example_dags/example_sensor_decorator.py
[2025-11-22T20:37:26.689+0500] {logging_mixin.py:190} INFO - [2025-11-22T20:37:26.688+0500] {dag.py:3239} INFO - Sync 1 DAGs
[2025-11-22T20:37:26.717+0500] {logging_mixin.py:190} INFO - [2025-11-22T20:37:26.716+0500] {dag.py:4180} INFO - Setting next_dagrun for example_sensor_decorator to None, run_after=None
[2025-11-22T20:37:26.815+0500] {processor.py:208} INFO - Processing /mnt/c/Users/Raj/OneDrive - Åbo Akademi O365/banking/airflow/.venv/lib/python3.12/site-packages/airflow/example_dags/example_sensor_decorator.py took 0.256 seconds
[2025-11-22T20:39:24.507+0500] {processor.py:186} INFO - Started process (PID=66837) to work on /mnt/c/Users/Raj/OneDrive - Åbo Akademi O365/banking/airflow/.venv/lib/python3.12/site-packages/airflow/example_dags/example_sensor_decorator.py
[2025-11-22T20:39:24.509+0500] {processor.py:914} INFO - Processing file /mnt/c/Users/Raj/OneDrive - Åbo Akademi O365/banking/airflow/.venv/lib/python3.12/site-packages/airflow/example_dags/example_sensor_decorator.py for tasks to queue
[2025-11-22T20:39:24.513+0500] {logging_mixin.py:190} INFO - [2025-11-22T20:39:24.512+0500] {dagbag.py:588} INFO - Filling up the DagBag from /mnt/c/Users/Raj/OneDrive - Åbo Akademi O365/banking/airflow/.venv/lib/python3.12/site-packages/airflow/example_dags/example_sensor_decorator.py
[2025-11-22T20:39:24.535+0500] {processor.py:925} INFO - DAG(s) 'example_sensor_decorator' retrieved from /mnt/c/Users/Raj/OneDrive - Åbo Akademi O365/banking/airflow/.venv/lib/python3.12/site-packages/airflow/example_dags/example_sensor_decorator.py
[2025-11-22T20:39:24.570+0500] {logging_mixin.py:190} INFO - [2025-11-22T20:39:24.569+0500] {dag.py:3239} INFO - Sync 1 DAGs
[2025-11-22T20:39:24.586+0500] {logging_mixin.py:190} INFO - [2025-11-22T20:39:24.585+0500] {dag.py:4180} INFO - Setting next_dagrun for example_sensor_decorator to None, run_after=None
[2025-11-22T20:39:24.649+0500] {processor.py:208} INFO - Processing /mnt/c/Users/Raj/OneDrive - Åbo Akademi O365/banking/airflow/.venv/lib/python3.12/site-packages/airflow/example_dags/example_sensor_decorator.py took 0.157 seconds
[2025-11-22T20:41:10.660+0500] {processor.py:186} INFO - Started process (PID=66950) to work on /mnt/c/Users/Raj/OneDrive - Åbo Akademi O365/banking/airflow/.venv/lib/python3.12/site-packages/airflow/example_dags/example_sensor_decorator.py
[2025-11-22T20:41:10.663+0500] {processor.py:914} INFO - Processing file /mnt/c/Users/Raj/OneDrive - Åbo Akademi O365/banking/airflow/.venv/lib/python3.12/site-packages/airflow/example_dags/example_sensor_decorator.py for tasks to queue
[2025-11-22T20:41:10.666+0500] {logging_mixin.py:190} INFO - [2025-11-22T20:41:10.665+0500] {dagbag.py:588} INFO - Filling up the DagBag from /mnt/c/Users/Raj/OneDrive - Åbo Akademi O365/banking/airflow/.venv/lib/python3.12/site-packages/airflow/example_dags/example_sensor_decorator.py
[2025-11-22T20:41:10.694+0500] {processor.py:925} INFO - DAG(s) 'example_sensor_decorator' retrieved from /mnt/c/Users/Raj/OneDrive - Åbo Akademi O365/banking/airflow/.venv/lib/python3.12/site-packages/airflow/example_dags/example_sensor_decorator.py
[2025-11-22T20:41:10.732+0500] {logging_mixin.py:190} INFO - [2025-11-22T20:41:10.731+0500] {dag.py:3239} INFO - Sync 1 DAGs
[2025-11-22T20:41:10.752+0500] {logging_mixin.py:190} INFO - [2025-11-22T20:41:10.751+0500] {dag.py:4180} INFO - Setting next_dagrun for example_sensor_decorator to None, run_after=None
[2025-11-22T20:41:10.823+0500] {processor.py:208} INFO - Processing /mnt/c/Users/Raj/OneDrive - Åbo Akademi O365/banking/airflow/.venv/lib/python3.12/site-packages/airflow/example_dags/example_sensor_decorator.py took 0.185 seconds
[2025-11-22T20:43:33.079+0500] {processor.py:186} INFO - Started process (PID=67070) to work on /mnt/c/Users/Raj/OneDrive - Åbo Akademi O365/banking/airflow/.venv/lib/python3.12/site-packages/airflow/example_dags/example_sensor_decorator.py
[2025-11-22T20:43:33.082+0500] {processor.py:914} INFO - Processing file /mnt/c/Users/Raj/OneDrive - Åbo Akademi O365/banking/airflow/.venv/lib/python3.12/site-packages/airflow/example_dags/example_sensor_decorator.py for tasks to queue
[2025-11-22T20:43:33.086+0500] {logging_mixin.py:190} INFO - [2025-11-22T20:43:33.084+0500] {dagbag.py:588} INFO - Filling up the DagBag from /mnt/c/Users/Raj/OneDrive - Åbo Akademi O365/banking/airflow/.venv/lib/python3.12/site-packages/airflow/example_dags/example_sensor_decorator.py
[2025-11-22T20:43:33.118+0500] {processor.py:925} INFO - DAG(s) 'example_sensor_decorator' retrieved from /mnt/c/Users/Raj/OneDrive - Åbo Akademi O365/banking/airflow/.venv/lib/python3.12/site-packages/airflow/example_dags/example_sensor_decorator.py
[2025-11-22T20:43:33.166+0500] {logging_mixin.py:190} INFO - [2025-11-22T20:43:33.164+0500] {dag.py:3239} INFO - Sync 1 DAGs
[2025-11-22T20:43:33.198+0500] {logging_mixin.py:190} INFO - [2025-11-22T20:43:33.195+0500] {dag.py:4180} INFO - Setting next_dagrun for example_sensor_decorator to None, run_after=None
[2025-11-22T20:43:33.296+0500] {processor.py:208} INFO - Processing /mnt/c/Users/Raj/OneDrive - Åbo Akademi O365/banking/airflow/.venv/lib/python3.12/site-packages/airflow/example_dags/example_sensor_decorator.py took 0.235 seconds
[2025-11-22T20:45:09.666+0500] {processor.py:186} INFO - Started process (PID=67150) to work on /mnt/c/Users/Raj/OneDrive - Åbo Akademi O365/banking/airflow/.venv/lib/python3.12/site-packages/airflow/example_dags/example_sensor_decorator.py
[2025-11-22T20:45:09.668+0500] {processor.py:914} INFO - Processing file /mnt/c/Users/Raj/OneDrive - Åbo Akademi O365/banking/airflow/.venv/lib/python3.12/site-packages/airflow/example_dags/example_sensor_decorator.py for tasks to queue
[2025-11-22T20:45:09.673+0500] {logging_mixin.py:190} INFO - [2025-11-22T20:45:09.671+0500] {dagbag.py:588} INFO - Filling up the DagBag from /mnt/c/Users/Raj/OneDrive - Åbo Akademi O365/banking/airflow/.venv/lib/python3.12/site-packages/airflow/example_dags/example_sensor_decorator.py
[2025-11-22T20:45:09.702+0500] {processor.py:925} INFO - DAG(s) 'example_sensor_decorator' retrieved from /mnt/c/Users/Raj/OneDrive - Åbo Akademi O365/banking/airflow/.venv/lib/python3.12/site-packages/airflow/example_dags/example_sensor_decorator.py
[2025-11-22T20:45:09.740+0500] {logging_mixin.py:190} INFO - [2025-11-22T20:45:09.739+0500] {dag.py:3239} INFO - Sync 1 DAGs
[2025-11-22T20:45:09.759+0500] {logging_mixin.py:190} INFO - [2025-11-22T20:45:09.758+0500] {dag.py:4180} INFO - Setting next_dagrun for example_sensor_decorator to None, run_after=None
[2025-11-22T20:45:09.818+0500] {processor.py:208} INFO - Processing /mnt/c/Users/Raj/OneDrive - Åbo Akademi O365/banking/airflow/.venv/lib/python3.12/site-packages/airflow/example_dags/example_sensor_decorator.py took 0.169 seconds
[2025-11-22T20:46:48.893+0500] {processor.py:186} INFO - Started process (PID=67222) to work on /mnt/c/Users/Raj/OneDrive - Åbo Akademi O365/banking/airflow/.venv/lib/python3.12/site-packages/airflow/example_dags/example_sensor_decorator.py
[2025-11-22T20:46:48.895+0500] {processor.py:914} INFO - Processing file /mnt/c/Users/Raj/OneDrive - Åbo Akademi O365/banking/airflow/.venv/lib/python3.12/site-packages/airflow/example_dags/example_sensor_decorator.py for tasks to queue
[2025-11-22T20:46:48.900+0500] {logging_mixin.py:190} INFO - [2025-11-22T20:46:48.898+0500] {dagbag.py:588} INFO - Filling up the DagBag from /mnt/c/Users/Raj/OneDrive - Åbo Akademi O365/banking/airflow/.venv/lib/python3.12/site-packages/airflow/example_dags/example_sensor_decorator.py
[2025-11-22T20:46:48.932+0500] {processor.py:925} INFO - DAG(s) 'example_sensor_decorator' retrieved from /mnt/c/Users/Raj/OneDrive - Åbo Akademi O365/banking/airflow/.venv/lib/python3.12/site-packages/airflow/example_dags/example_sensor_decorator.py
[2025-11-22T20:46:48.969+0500] {logging_mixin.py:190} INFO - [2025-11-22T20:46:48.968+0500] {dag.py:3239} INFO - Sync 1 DAGs
[2025-11-22T20:46:48.987+0500] {logging_mixin.py:190} INFO - [2025-11-22T20:46:48.986+0500] {dag.py:4180} INFO - Setting next_dagrun for example_sensor_decorator to None, run_after=None
[2025-11-22T20:46:49.059+0500] {processor.py:208} INFO - Processing /mnt/c/Users/Raj/OneDrive - Åbo Akademi O365/banking/airflow/.venv/lib/python3.12/site-packages/airflow/example_dags/example_sensor_decorator.py took 0.184 seconds
[2025-11-22T20:48:31.803+0500] {processor.py:186} INFO - Started process (PID=67302) to work on /mnt/c/Users/Raj/OneDrive - Åbo Akademi O365/banking/airflow/.venv/lib/python3.12/site-packages/airflow/example_dags/example_sensor_decorator.py
[2025-11-22T20:48:31.805+0500] {processor.py:914} INFO - Processing file /mnt/c/Users/Raj/OneDrive - Åbo Akademi O365/banking/airflow/.venv/lib/python3.12/site-packages/airflow/example_dags/example_sensor_decorator.py for tasks to queue
[2025-11-22T20:48:31.809+0500] {logging_mixin.py:190} INFO - [2025-11-22T20:48:31.807+0500] {dagbag.py:588} INFO - Filling up the DagBag from /mnt/c/Users/Raj/OneDrive - Åbo Akademi O365/banking/airflow/.venv/lib/python3.12/site-packages/airflow/example_dags/example_sensor_decorator.py
[2025-11-22T20:48:31.829+0500] {processor.py:925} INFO - DAG(s) 'example_sensor_decorator' retrieved from /mnt/c/Users/Raj/OneDrive - Åbo Akademi O365/banking/airflow/.venv/lib/python3.12/site-packages/airflow/example_dags/example_sensor_decorator.py
[2025-11-22T20:48:31.862+0500] {logging_mixin.py:190} INFO - [2025-11-22T20:48:31.861+0500] {dag.py:3239} INFO - Sync 1 DAGs
[2025-11-22T20:48:31.876+0500] {logging_mixin.py:190} INFO - [2025-11-22T20:48:31.875+0500] {dag.py:4180} INFO - Setting next_dagrun for example_sensor_decorator to None, run_after=None
[2025-11-22T20:48:31.935+0500] {processor.py:208} INFO - Processing /mnt/c/Users/Raj/OneDrive - Åbo Akademi O365/banking/airflow/.venv/lib/python3.12/site-packages/airflow/example_dags/example_sensor_decorator.py took 0.145 seconds
[2025-11-22T20:50:11.439+0500] {processor.py:186} INFO - Started process (PID=67382) to work on /mnt/c/Users/Raj/OneDrive - Åbo Akademi O365/banking/airflow/.venv/lib/python3.12/site-packages/airflow/example_dags/example_sensor_decorator.py
[2025-11-22T20:50:11.441+0500] {processor.py:914} INFO - Processing file /mnt/c/Users/Raj/OneDrive - Åbo Akademi O365/banking/airflow/.venv/lib/python3.12/site-packages/airflow/example_dags/example_sensor_decorator.py for tasks to queue
[2025-11-22T20:50:11.445+0500] {logging_mixin.py:190} INFO - [2025-11-22T20:50:11.443+0500] {dagbag.py:588} INFO - Filling up the DagBag from /mnt/c/Users/Raj/OneDrive - Åbo Akademi O365/banking/airflow/.venv/lib/python3.12/site-packages/airflow/example_dags/example_sensor_decorator.py
[2025-11-22T20:50:11.471+0500] {processor.py:925} INFO - DAG(s) 'example_sensor_decorator' retrieved from /mnt/c/Users/Raj/OneDrive - Åbo Akademi O365/banking/airflow/.venv/lib/python3.12/site-packages/airflow/example_dags/example_sensor_decorator.py
[2025-11-22T20:50:11.504+0500] {logging_mixin.py:190} INFO - [2025-11-22T20:50:11.503+0500] {dag.py:3239} INFO - Sync 1 DAGs
[2025-11-22T20:50:11.523+0500] {logging_mixin.py:190} INFO - [2025-11-22T20:50:11.521+0500] {dag.py:4180} INFO - Setting next_dagrun for example_sensor_decorator to None, run_after=None
[2025-11-22T20:50:11.597+0500] {processor.py:208} INFO - Processing /mnt/c/Users/Raj/OneDrive - Åbo Akademi O365/banking/airflow/.venv/lib/python3.12/site-packages/airflow/example_dags/example_sensor_decorator.py took 0.175 seconds
[2025-11-22T20:51:56.151+0500] {processor.py:186} INFO - Started process (PID=67465) to work on /mnt/c/Users/Raj/OneDrive - Åbo Akademi O365/banking/airflow/.venv/lib/python3.12/site-packages/airflow/example_dags/example_sensor_decorator.py
[2025-11-22T20:51:56.153+0500] {processor.py:914} INFO - Processing file /mnt/c/Users/Raj/OneDrive - Åbo Akademi O365/banking/airflow/.venv/lib/python3.12/site-packages/airflow/example_dags/example_sensor_decorator.py for tasks to queue
[2025-11-22T20:51:56.157+0500] {logging_mixin.py:190} INFO - [2025-11-22T20:51:56.155+0500] {dagbag.py:588} INFO - Filling up the DagBag from /mnt/c/Users/Raj/OneDrive - Åbo Akademi O365/banking/airflow/.venv/lib/python3.12/site-packages/airflow/example_dags/example_sensor_decorator.py
[2025-11-22T20:51:56.187+0500] {processor.py:925} INFO - DAG(s) 'example_sensor_decorator' retrieved from /mnt/c/Users/Raj/OneDrive - Åbo Akademi O365/banking/airflow/.venv/lib/python3.12/site-packages/airflow/example_dags/example_sensor_decorator.py
[2025-11-22T20:51:56.230+0500] {logging_mixin.py:190} INFO - [2025-11-22T20:51:56.228+0500] {dag.py:3239} INFO - Sync 1 DAGs
[2025-11-22T20:51:56.260+0500] {logging_mixin.py:190} INFO - [2025-11-22T20:51:56.259+0500] {dag.py:4180} INFO - Setting next_dagrun for example_sensor_decorator to None, run_after=None
[2025-11-22T20:51:56.329+0500] {processor.py:208} INFO - Processing /mnt/c/Users/Raj/OneDrive - Åbo Akademi O365/banking/airflow/.venv/lib/python3.12/site-packages/airflow/example_dags/example_sensor_decorator.py took 0.194 seconds
[2025-11-22T20:53:38.819+0500] {processor.py:186} INFO - Started process (PID=67548) to work on /mnt/c/Users/Raj/OneDrive - Åbo Akademi O365/banking/airflow/.venv/lib/python3.12/site-packages/airflow/example_dags/example_sensor_decorator.py
[2025-11-22T20:53:38.822+0500] {processor.py:914} INFO - Processing file /mnt/c/Users/Raj/OneDrive - Åbo Akademi O365/banking/airflow/.venv/lib/python3.12/site-packages/airflow/example_dags/example_sensor_decorator.py for tasks to queue
[2025-11-22T20:53:38.826+0500] {logging_mixin.py:190} INFO - [2025-11-22T20:53:38.824+0500] {dagbag.py:588} INFO - Filling up the DagBag from /mnt/c/Users/Raj/OneDrive - Åbo Akademi O365/banking/airflow/.venv/lib/python3.12/site-packages/airflow/example_dags/example_sensor_decorator.py
[2025-11-22T20:53:38.858+0500] {processor.py:925} INFO - DAG(s) 'example_sensor_decorator' retrieved from /mnt/c/Users/Raj/OneDrive - Åbo Akademi O365/banking/airflow/.venv/lib/python3.12/site-packages/airflow/example_dags/example_sensor_decorator.py
[2025-11-22T20:53:38.903+0500] {logging_mixin.py:190} INFO - [2025-11-22T20:53:38.902+0500] {dag.py:3239} INFO - Sync 1 DAGs
[2025-11-22T20:53:38.924+0500] {logging_mixin.py:190} INFO - [2025-11-22T20:53:38.922+0500] {dag.py:4180} INFO - Setting next_dagrun for example_sensor_decorator to None, run_after=None
[2025-11-22T20:53:39.019+0500] {processor.py:208} INFO - Processing /mnt/c/Users/Raj/OneDrive - Åbo Akademi O365/banking/airflow/.venv/lib/python3.12/site-packages/airflow/example_dags/example_sensor_decorator.py took 0.217 seconds
[2025-11-22T20:55:22.350+0500] {processor.py:186} INFO - Started process (PID=67711) to work on /mnt/c/Users/Raj/OneDrive - Åbo Akademi O365/banking/airflow/.venv/lib/python3.12/site-packages/airflow/example_dags/example_sensor_decorator.py
[2025-11-22T20:55:22.353+0500] {processor.py:914} INFO - Processing file /mnt/c/Users/Raj/OneDrive - Åbo Akademi O365/banking/airflow/.venv/lib/python3.12/site-packages/airflow/example_dags/example_sensor_decorator.py for tasks to queue
[2025-11-22T20:55:22.357+0500] {logging_mixin.py:190} INFO - [2025-11-22T20:55:22.355+0500] {dagbag.py:588} INFO - Filling up the DagBag from /mnt/c/Users/Raj/OneDrive - Åbo Akademi O365/banking/airflow/.venv/lib/python3.12/site-packages/airflow/example_dags/example_sensor_decorator.py
[2025-11-22T20:55:22.395+0500] {processor.py:925} INFO - DAG(s) 'example_sensor_decorator' retrieved from /mnt/c/Users/Raj/OneDrive - Åbo Akademi O365/banking/airflow/.venv/lib/python3.12/site-packages/airflow/example_dags/example_sensor_decorator.py
[2025-11-22T20:55:22.431+0500] {logging_mixin.py:190} INFO - [2025-11-22T20:55:22.430+0500] {dag.py:3239} INFO - Sync 1 DAGs
[2025-11-22T20:55:22.448+0500] {logging_mixin.py:190} INFO - [2025-11-22T20:55:22.447+0500] {dag.py:4180} INFO - Setting next_dagrun for example_sensor_decorator to None, run_after=None
[2025-11-22T20:55:22.521+0500] {processor.py:208} INFO - Processing /mnt/c/Users/Raj/OneDrive - Åbo Akademi O365/banking/airflow/.venv/lib/python3.12/site-packages/airflow/example_dags/example_sensor_decorator.py took 0.193 seconds
[2025-11-22T20:57:06.376+0500] {processor.py:186} INFO - Started process (PID=67788) to work on /mnt/c/Users/Raj/OneDrive - Åbo Akademi O365/banking/airflow/.venv/lib/python3.12/site-packages/airflow/example_dags/example_sensor_decorator.py
[2025-11-22T20:57:06.379+0500] {processor.py:914} INFO - Processing file /mnt/c/Users/Raj/OneDrive - Åbo Akademi O365/banking/airflow/.venv/lib/python3.12/site-packages/airflow/example_dags/example_sensor_decorator.py for tasks to queue
[2025-11-22T20:57:06.383+0500] {logging_mixin.py:190} INFO - [2025-11-22T20:57:06.381+0500] {dagbag.py:588} INFO - Filling up the DagBag from /mnt/c/Users/Raj/OneDrive - Åbo Akademi O365/banking/airflow/.venv/lib/python3.12/site-packages/airflow/example_dags/example_sensor_decorator.py
[2025-11-22T20:57:06.419+0500] {processor.py:925} INFO - DAG(s) 'example_sensor_decorator' retrieved from /mnt/c/Users/Raj/OneDrive - Åbo Akademi O365/banking/airflow/.venv/lib/python3.12/site-packages/airflow/example_dags/example_sensor_decorator.py
[2025-11-22T20:57:06.474+0500] {logging_mixin.py:190} INFO - [2025-11-22T20:57:06.472+0500] {dag.py:3239} INFO - Sync 1 DAGs
[2025-11-22T20:57:06.495+0500] {logging_mixin.py:190} INFO - [2025-11-22T20:57:06.493+0500] {dag.py:4180} INFO - Setting next_dagrun for example_sensor_decorator to None, run_after=None
[2025-11-22T20:57:06.569+0500] {processor.py:208} INFO - Processing /mnt/c/Users/Raj/OneDrive - Åbo Akademi O365/banking/airflow/.venv/lib/python3.12/site-packages/airflow/example_dags/example_sensor_decorator.py took 0.213 seconds
[2025-11-22T20:58:52.844+0500] {processor.py:186} INFO - Started process (PID=67869) to work on /mnt/c/Users/Raj/OneDrive - Åbo Akademi O365/banking/airflow/.venv/lib/python3.12/site-packages/airflow/example_dags/example_sensor_decorator.py
[2025-11-22T20:58:52.847+0500] {processor.py:914} INFO - Processing file /mnt/c/Users/Raj/OneDrive - Åbo Akademi O365/banking/airflow/.venv/lib/python3.12/site-packages/airflow/example_dags/example_sensor_decorator.py for tasks to queue
[2025-11-22T20:58:52.851+0500] {logging_mixin.py:190} INFO - [2025-11-22T20:58:52.849+0500] {dagbag.py:588} INFO - Filling up the DagBag from /mnt/c/Users/Raj/OneDrive - Åbo Akademi O365/banking/airflow/.venv/lib/python3.12/site-packages/airflow/example_dags/example_sensor_decorator.py
[2025-11-22T20:58:52.880+0500] {processor.py:925} INFO - DAG(s) 'example_sensor_decorator' retrieved from /mnt/c/Users/Raj/OneDrive - Åbo Akademi O365/banking/airflow/.venv/lib/python3.12/site-packages/airflow/example_dags/example_sensor_decorator.py
[2025-11-22T20:58:52.917+0500] {logging_mixin.py:190} INFO - [2025-11-22T20:58:52.916+0500] {dag.py:3239} INFO - Sync 1 DAGs
[2025-11-22T20:58:52.936+0500] {logging_mixin.py:190} INFO - [2025-11-22T20:58:52.934+0500] {dag.py:4180} INFO - Setting next_dagrun for example_sensor_decorator to None, run_after=None
[2025-11-22T20:58:53.016+0500] {processor.py:208} INFO - Processing /mnt/c/Users/Raj/OneDrive - Åbo Akademi O365/banking/airflow/.venv/lib/python3.12/site-packages/airflow/example_dags/example_sensor_decorator.py took 0.186 seconds
[2025-11-22T21:00:27.190+0500] {processor.py:186} INFO - Started process (PID=67947) to work on /mnt/c/Users/Raj/OneDrive - Åbo Akademi O365/banking/airflow/.venv/lib/python3.12/site-packages/airflow/example_dags/example_sensor_decorator.py
[2025-11-22T21:00:27.192+0500] {processor.py:914} INFO - Processing file /mnt/c/Users/Raj/OneDrive - Åbo Akademi O365/banking/airflow/.venv/lib/python3.12/site-packages/airflow/example_dags/example_sensor_decorator.py for tasks to queue
[2025-11-22T21:00:27.196+0500] {logging_mixin.py:190} INFO - [2025-11-22T21:00:27.194+0500] {dagbag.py:588} INFO - Filling up the DagBag from /mnt/c/Users/Raj/OneDrive - Åbo Akademi O365/banking/airflow/.venv/lib/python3.12/site-packages/airflow/example_dags/example_sensor_decorator.py
[2025-11-22T21:00:27.225+0500] {processor.py:925} INFO - DAG(s) 'example_sensor_decorator' retrieved from /mnt/c/Users/Raj/OneDrive - Åbo Akademi O365/banking/airflow/.venv/lib/python3.12/site-packages/airflow/example_dags/example_sensor_decorator.py
[2025-11-22T21:00:27.266+0500] {logging_mixin.py:190} INFO - [2025-11-22T21:00:27.264+0500] {dag.py:3239} INFO - Sync 1 DAGs
[2025-11-22T21:00:27.285+0500] {logging_mixin.py:190} INFO - [2025-11-22T21:00:27.284+0500] {dag.py:4180} INFO - Setting next_dagrun for example_sensor_decorator to None, run_after=None
[2025-11-22T21:00:27.362+0500] {processor.py:208} INFO - Processing /mnt/c/Users/Raj/OneDrive - Åbo Akademi O365/banking/airflow/.venv/lib/python3.12/site-packages/airflow/example_dags/example_sensor_decorator.py took 0.188 seconds
[2025-11-22T21:02:37.169+0500] {processor.py:186} INFO - Started process (PID=68049) to work on /mnt/c/Users/Raj/OneDrive - Åbo Akademi O365/banking/airflow/.venv/lib/python3.12/site-packages/airflow/example_dags/example_sensor_decorator.py
[2025-11-22T21:02:37.171+0500] {processor.py:914} INFO - Processing file /mnt/c/Users/Raj/OneDrive - Åbo Akademi O365/banking/airflow/.venv/lib/python3.12/site-packages/airflow/example_dags/example_sensor_decorator.py for tasks to queue
[2025-11-22T21:02:37.177+0500] {logging_mixin.py:190} INFO - [2025-11-22T21:02:37.175+0500] {dagbag.py:588} INFO - Filling up the DagBag from /mnt/c/Users/Raj/OneDrive - Åbo Akademi O365/banking/airflow/.venv/lib/python3.12/site-packages/airflow/example_dags/example_sensor_decorator.py
[2025-11-22T21:02:37.218+0500] {processor.py:925} INFO - DAG(s) 'example_sensor_decorator' retrieved from /mnt/c/Users/Raj/OneDrive - Åbo Akademi O365/banking/airflow/.venv/lib/python3.12/site-packages/airflow/example_dags/example_sensor_decorator.py
[2025-11-22T21:02:37.331+0500] {logging_mixin.py:190} INFO - [2025-11-22T21:02:37.329+0500] {dag.py:3239} INFO - Sync 1 DAGs
[2025-11-22T21:02:37.549+0500] {logging_mixin.py:190} INFO - [2025-11-22T21:02:37.547+0500] {dag.py:4180} INFO - Setting next_dagrun for example_sensor_decorator to None, run_after=None
[2025-11-22T21:02:37.616+0500] {processor.py:208} INFO - Processing /mnt/c/Users/Raj/OneDrive - Åbo Akademi O365/banking/airflow/.venv/lib/python3.12/site-packages/airflow/example_dags/example_sensor_decorator.py took 0.469 seconds
[2025-11-22T21:04:47.762+0500] {processor.py:186} INFO - Started process (PID=68172) to work on /mnt/c/Users/Raj/OneDrive - Åbo Akademi O365/banking/airflow/.venv/lib/python3.12/site-packages/airflow/example_dags/example_sensor_decorator.py
[2025-11-22T21:04:47.765+0500] {processor.py:914} INFO - Processing file /mnt/c/Users/Raj/OneDrive - Åbo Akademi O365/banking/airflow/.venv/lib/python3.12/site-packages/airflow/example_dags/example_sensor_decorator.py for tasks to queue
[2025-11-22T21:04:47.770+0500] {logging_mixin.py:190} INFO - [2025-11-22T21:04:47.768+0500] {dagbag.py:588} INFO - Filling up the DagBag from /mnt/c/Users/Raj/OneDrive - Åbo Akademi O365/banking/airflow/.venv/lib/python3.12/site-packages/airflow/example_dags/example_sensor_decorator.py
[2025-11-22T21:04:47.799+0500] {processor.py:925} INFO - DAG(s) 'example_sensor_decorator' retrieved from /mnt/c/Users/Raj/OneDrive - Åbo Akademi O365/banking/airflow/.venv/lib/python3.12/site-packages/airflow/example_dags/example_sensor_decorator.py
[2025-11-22T21:04:47.834+0500] {logging_mixin.py:190} INFO - [2025-11-22T21:04:47.832+0500] {dag.py:3239} INFO - Sync 1 DAGs
[2025-11-22T21:04:48.025+0500] {logging_mixin.py:190} INFO - [2025-11-22T21:04:48.024+0500] {dag.py:4180} INFO - Setting next_dagrun for example_sensor_decorator to None, run_after=None
[2025-11-22T21:04:48.115+0500] {processor.py:208} INFO - Processing /mnt/c/Users/Raj/OneDrive - Åbo Akademi O365/banking/airflow/.venv/lib/python3.12/site-packages/airflow/example_dags/example_sensor_decorator.py took 0.373 seconds
[2025-11-22T21:09:10.866+0500] {processor.py:186} INFO - Started process (PID=68352) to work on /mnt/c/Users/Raj/OneDrive - Åbo Akademi O365/banking/airflow/.venv/lib/python3.12/site-packages/airflow/example_dags/example_sensor_decorator.py
[2025-11-22T21:09:10.868+0500] {processor.py:914} INFO - Processing file /mnt/c/Users/Raj/OneDrive - Åbo Akademi O365/banking/airflow/.venv/lib/python3.12/site-packages/airflow/example_dags/example_sensor_decorator.py for tasks to queue
[2025-11-22T21:09:10.872+0500] {logging_mixin.py:190} INFO - [2025-11-22T21:09:10.871+0500] {dagbag.py:588} INFO - Filling up the DagBag from /mnt/c/Users/Raj/OneDrive - Åbo Akademi O365/banking/airflow/.venv/lib/python3.12/site-packages/airflow/example_dags/example_sensor_decorator.py
[2025-11-22T21:09:10.900+0500] {processor.py:925} INFO - DAG(s) 'example_sensor_decorator' retrieved from /mnt/c/Users/Raj/OneDrive - Åbo Akademi O365/banking/airflow/.venv/lib/python3.12/site-packages/airflow/example_dags/example_sensor_decorator.py
[2025-11-22T21:09:10.938+0500] {logging_mixin.py:190} INFO - [2025-11-22T21:09:10.936+0500] {dag.py:3239} INFO - Sync 1 DAGs
[2025-11-22T21:09:11.129+0500] {logging_mixin.py:190} INFO - [2025-11-22T21:09:11.127+0500] {dag.py:4180} INFO - Setting next_dagrun for example_sensor_decorator to None, run_after=None
[2025-11-22T21:09:11.208+0500] {processor.py:208} INFO - Processing /mnt/c/Users/Raj/OneDrive - Åbo Akademi O365/banking/airflow/.venv/lib/python3.12/site-packages/airflow/example_dags/example_sensor_decorator.py took 0.365 seconds
[2025-11-22T21:11:06.280+0500] {processor.py:186} INFO - Started process (PID=68441) to work on /mnt/c/Users/Raj/OneDrive - Åbo Akademi O365/banking/airflow/.venv/lib/python3.12/site-packages/airflow/example_dags/example_sensor_decorator.py
[2025-11-22T21:11:06.282+0500] {processor.py:914} INFO - Processing file /mnt/c/Users/Raj/OneDrive - Åbo Akademi O365/banking/airflow/.venv/lib/python3.12/site-packages/airflow/example_dags/example_sensor_decorator.py for tasks to queue
[2025-11-22T21:11:06.285+0500] {logging_mixin.py:190} INFO - [2025-11-22T21:11:06.284+0500] {dagbag.py:588} INFO - Filling up the DagBag from /mnt/c/Users/Raj/OneDrive - Åbo Akademi O365/banking/airflow/.venv/lib/python3.12/site-packages/airflow/example_dags/example_sensor_decorator.py
[2025-11-22T21:11:06.314+0500] {processor.py:925} INFO - DAG(s) 'example_sensor_decorator' retrieved from /mnt/c/Users/Raj/OneDrive - Åbo Akademi O365/banking/airflow/.venv/lib/python3.12/site-packages/airflow/example_dags/example_sensor_decorator.py
[2025-11-22T21:11:06.346+0500] {logging_mixin.py:190} INFO - [2025-11-22T21:11:06.344+0500] {dag.py:3239} INFO - Sync 1 DAGs
[2025-11-22T21:11:06.573+0500] {logging_mixin.py:190} INFO - [2025-11-22T21:11:06.572+0500] {dag.py:4180} INFO - Setting next_dagrun for example_sensor_decorator to None, run_after=None
[2025-11-22T21:11:06.653+0500] {processor.py:208} INFO - Processing /mnt/c/Users/Raj/OneDrive - Åbo Akademi O365/banking/airflow/.venv/lib/python3.12/site-packages/airflow/example_dags/example_sensor_decorator.py took 0.395 seconds
[2025-11-22T21:12:57.167+0500] {processor.py:186} INFO - Started process (PID=68523) to work on /mnt/c/Users/Raj/OneDrive - Åbo Akademi O365/banking/airflow/.venv/lib/python3.12/site-packages/airflow/example_dags/example_sensor_decorator.py
[2025-11-22T21:12:57.169+0500] {processor.py:914} INFO - Processing file /mnt/c/Users/Raj/OneDrive - Åbo Akademi O365/banking/airflow/.venv/lib/python3.12/site-packages/airflow/example_dags/example_sensor_decorator.py for tasks to queue
[2025-11-22T21:12:57.174+0500] {logging_mixin.py:190} INFO - [2025-11-22T21:12:57.173+0500] {dagbag.py:588} INFO - Filling up the DagBag from /mnt/c/Users/Raj/OneDrive - Åbo Akademi O365/banking/airflow/.venv/lib/python3.12/site-packages/airflow/example_dags/example_sensor_decorator.py
[2025-11-22T21:12:57.202+0500] {processor.py:925} INFO - DAG(s) 'example_sensor_decorator' retrieved from /mnt/c/Users/Raj/OneDrive - Åbo Akademi O365/banking/airflow/.venv/lib/python3.12/site-packages/airflow/example_dags/example_sensor_decorator.py
[2025-11-22T21:12:57.236+0500] {logging_mixin.py:190} INFO - [2025-11-22T21:12:57.235+0500] {dag.py:3239} INFO - Sync 1 DAGs
[2025-11-22T21:12:57.253+0500] {logging_mixin.py:190} INFO - [2025-11-22T21:12:57.251+0500] {dag.py:4180} INFO - Setting next_dagrun for example_sensor_decorator to None, run_after=None
[2025-11-22T21:12:57.320+0500] {processor.py:208} INFO - Processing /mnt/c/Users/Raj/OneDrive - Åbo Akademi O365/banking/airflow/.venv/lib/python3.12/site-packages/airflow/example_dags/example_sensor_decorator.py took 0.182 seconds
[2025-11-22T21:14:38.578+0500] {processor.py:186} INFO - Started process (PID=68604) to work on /mnt/c/Users/Raj/OneDrive - Åbo Akademi O365/banking/airflow/.venv/lib/python3.12/site-packages/airflow/example_dags/example_sensor_decorator.py
[2025-11-22T21:14:38.580+0500] {processor.py:914} INFO - Processing file /mnt/c/Users/Raj/OneDrive - Åbo Akademi O365/banking/airflow/.venv/lib/python3.12/site-packages/airflow/example_dags/example_sensor_decorator.py for tasks to queue
[2025-11-22T21:14:38.584+0500] {logging_mixin.py:190} INFO - [2025-11-22T21:14:38.583+0500] {dagbag.py:588} INFO - Filling up the DagBag from /mnt/c/Users/Raj/OneDrive - Åbo Akademi O365/banking/airflow/.venv/lib/python3.12/site-packages/airflow/example_dags/example_sensor_decorator.py
[2025-11-22T21:14:38.610+0500] {processor.py:925} INFO - DAG(s) 'example_sensor_decorator' retrieved from /mnt/c/Users/Raj/OneDrive - Åbo Akademi O365/banking/airflow/.venv/lib/python3.12/site-packages/airflow/example_dags/example_sensor_decorator.py
[2025-11-22T21:14:38.647+0500] {logging_mixin.py:190} INFO - [2025-11-22T21:14:38.646+0500] {dag.py:3239} INFO - Sync 1 DAGs
[2025-11-22T21:14:38.667+0500] {logging_mixin.py:190} INFO - [2025-11-22T21:14:38.666+0500] {dag.py:4180} INFO - Setting next_dagrun for example_sensor_decorator to None, run_after=None
[2025-11-22T21:14:38.743+0500] {processor.py:208} INFO - Processing /mnt/c/Users/Raj/OneDrive - Åbo Akademi O365/banking/airflow/.venv/lib/python3.12/site-packages/airflow/example_dags/example_sensor_decorator.py took 0.183 seconds
[2025-11-22T21:16:17.851+0500] {processor.py:186} INFO - Started process (PID=68683) to work on /mnt/c/Users/Raj/OneDrive - Åbo Akademi O365/banking/airflow/.venv/lib/python3.12/site-packages/airflow/example_dags/example_sensor_decorator.py
[2025-11-22T21:16:17.854+0500] {processor.py:914} INFO - Processing file /mnt/c/Users/Raj/OneDrive - Åbo Akademi O365/banking/airflow/.venv/lib/python3.12/site-packages/airflow/example_dags/example_sensor_decorator.py for tasks to queue
[2025-11-22T21:16:17.859+0500] {logging_mixin.py:190} INFO - [2025-11-22T21:16:17.857+0500] {dagbag.py:588} INFO - Filling up the DagBag from /mnt/c/Users/Raj/OneDrive - Åbo Akademi O365/banking/airflow/.venv/lib/python3.12/site-packages/airflow/example_dags/example_sensor_decorator.py
[2025-11-22T21:16:17.895+0500] {processor.py:925} INFO - DAG(s) 'example_sensor_decorator' retrieved from /mnt/c/Users/Raj/OneDrive - Åbo Akademi O365/banking/airflow/.venv/lib/python3.12/site-packages/airflow/example_dags/example_sensor_decorator.py
[2025-11-22T21:16:17.939+0500] {logging_mixin.py:190} INFO - [2025-11-22T21:16:17.937+0500] {dag.py:3239} INFO - Sync 1 DAGs
[2025-11-22T21:16:17.959+0500] {logging_mixin.py:190} INFO - [2025-11-22T21:16:17.958+0500] {dag.py:4180} INFO - Setting next_dagrun for example_sensor_decorator to None, run_after=None
[2025-11-22T21:16:18.037+0500] {processor.py:208} INFO - Processing /mnt/c/Users/Raj/OneDrive - Åbo Akademi O365/banking/airflow/.venv/lib/python3.12/site-packages/airflow/example_dags/example_sensor_decorator.py took 0.207 seconds
[2025-11-22T21:17:59.209+0500] {processor.py:186} INFO - Started process (PID=68759) to work on /mnt/c/Users/Raj/OneDrive - Åbo Akademi O365/banking/airflow/.venv/lib/python3.12/site-packages/airflow/example_dags/example_sensor_decorator.py
[2025-11-22T21:17:59.212+0500] {processor.py:914} INFO - Processing file /mnt/c/Users/Raj/OneDrive - Åbo Akademi O365/banking/airflow/.venv/lib/python3.12/site-packages/airflow/example_dags/example_sensor_decorator.py for tasks to queue
[2025-11-22T21:17:59.215+0500] {logging_mixin.py:190} INFO - [2025-11-22T21:17:59.214+0500] {dagbag.py:588} INFO - Filling up the DagBag from /mnt/c/Users/Raj/OneDrive - Åbo Akademi O365/banking/airflow/.venv/lib/python3.12/site-packages/airflow/example_dags/example_sensor_decorator.py
[2025-11-22T21:17:59.243+0500] {processor.py:925} INFO - DAG(s) 'example_sensor_decorator' retrieved from /mnt/c/Users/Raj/OneDrive - Åbo Akademi O365/banking/airflow/.venv/lib/python3.12/site-packages/airflow/example_dags/example_sensor_decorator.py
[2025-11-22T21:17:59.322+0500] {logging_mixin.py:190} INFO - [2025-11-22T21:17:59.320+0500] {dag.py:3239} INFO - Sync 1 DAGs
[2025-11-22T21:17:59.343+0500] {logging_mixin.py:190} INFO - [2025-11-22T21:17:59.342+0500] {dag.py:4180} INFO - Setting next_dagrun for example_sensor_decorator to None, run_after=None
[2025-11-22T21:17:59.412+0500] {processor.py:208} INFO - Processing /mnt/c/Users/Raj/OneDrive - Åbo Akademi O365/banking/airflow/.venv/lib/python3.12/site-packages/airflow/example_dags/example_sensor_decorator.py took 0.226 seconds
[2025-11-22T21:19:43.782+0500] {processor.py:186} INFO - Started process (PID=68841) to work on /mnt/c/Users/Raj/OneDrive - Åbo Akademi O365/banking/airflow/.venv/lib/python3.12/site-packages/airflow/example_dags/example_sensor_decorator.py
[2025-11-22T21:19:43.784+0500] {processor.py:914} INFO - Processing file /mnt/c/Users/Raj/OneDrive - Åbo Akademi O365/banking/airflow/.venv/lib/python3.12/site-packages/airflow/example_dags/example_sensor_decorator.py for tasks to queue
[2025-11-22T21:19:43.788+0500] {logging_mixin.py:190} INFO - [2025-11-22T21:19:43.786+0500] {dagbag.py:588} INFO - Filling up the DagBag from /mnt/c/Users/Raj/OneDrive - Åbo Akademi O365/banking/airflow/.venv/lib/python3.12/site-packages/airflow/example_dags/example_sensor_decorator.py
[2025-11-22T21:19:43.818+0500] {processor.py:925} INFO - DAG(s) 'example_sensor_decorator' retrieved from /mnt/c/Users/Raj/OneDrive - Åbo Akademi O365/banking/airflow/.venv/lib/python3.12/site-packages/airflow/example_dags/example_sensor_decorator.py
[2025-11-22T21:19:43.854+0500] {logging_mixin.py:190} INFO - [2025-11-22T21:19:43.853+0500] {dag.py:3239} INFO - Sync 1 DAGs
[2025-11-22T21:19:43.870+0500] {logging_mixin.py:190} INFO - [2025-11-22T21:19:43.869+0500] {dag.py:4180} INFO - Setting next_dagrun for example_sensor_decorator to None, run_after=None
[2025-11-22T21:19:43.945+0500] {processor.py:208} INFO - Processing /mnt/c/Users/Raj/OneDrive - Åbo Akademi O365/banking/airflow/.venv/lib/python3.12/site-packages/airflow/example_dags/example_sensor_decorator.py took 0.185 seconds
[2025-11-22T21:21:27.259+0500] {processor.py:186} INFO - Started process (PID=68924) to work on /mnt/c/Users/Raj/OneDrive - Åbo Akademi O365/banking/airflow/.venv/lib/python3.12/site-packages/airflow/example_dags/example_sensor_decorator.py
[2025-11-22T21:21:27.263+0500] {processor.py:914} INFO - Processing file /mnt/c/Users/Raj/OneDrive - Åbo Akademi O365/banking/airflow/.venv/lib/python3.12/site-packages/airflow/example_dags/example_sensor_decorator.py for tasks to queue
[2025-11-22T21:21:27.270+0500] {logging_mixin.py:190} INFO - [2025-11-22T21:21:27.268+0500] {dagbag.py:588} INFO - Filling up the DagBag from /mnt/c/Users/Raj/OneDrive - Åbo Akademi O365/banking/airflow/.venv/lib/python3.12/site-packages/airflow/example_dags/example_sensor_decorator.py
[2025-11-22T21:21:27.302+0500] {processor.py:925} INFO - DAG(s) 'example_sensor_decorator' retrieved from /mnt/c/Users/Raj/OneDrive - Åbo Akademi O365/banking/airflow/.venv/lib/python3.12/site-packages/airflow/example_dags/example_sensor_decorator.py
[2025-11-22T21:21:27.338+0500] {logging_mixin.py:190} INFO - [2025-11-22T21:21:27.337+0500] {dag.py:3239} INFO - Sync 1 DAGs
[2025-11-22T21:21:27.359+0500] {logging_mixin.py:190} INFO - [2025-11-22T21:21:27.358+0500] {dag.py:4180} INFO - Setting next_dagrun for example_sensor_decorator to None, run_after=None
[2025-11-22T21:21:27.443+0500] {processor.py:208} INFO - Processing /mnt/c/Users/Raj/OneDrive - Åbo Akademi O365/banking/airflow/.venv/lib/python3.12/site-packages/airflow/example_dags/example_sensor_decorator.py took 0.219 seconds
[2025-11-22T21:23:12.581+0500] {processor.py:186} INFO - Started process (PID=69004) to work on /mnt/c/Users/Raj/OneDrive - Åbo Akademi O365/banking/airflow/.venv/lib/python3.12/site-packages/airflow/example_dags/example_sensor_decorator.py
[2025-11-22T21:23:12.583+0500] {processor.py:914} INFO - Processing file /mnt/c/Users/Raj/OneDrive - Åbo Akademi O365/banking/airflow/.venv/lib/python3.12/site-packages/airflow/example_dags/example_sensor_decorator.py for tasks to queue
[2025-11-22T21:23:12.588+0500] {logging_mixin.py:190} INFO - [2025-11-22T21:23:12.586+0500] {dagbag.py:588} INFO - Filling up the DagBag from /mnt/c/Users/Raj/OneDrive - Åbo Akademi O365/banking/airflow/.venv/lib/python3.12/site-packages/airflow/example_dags/example_sensor_decorator.py
[2025-11-22T21:23:12.617+0500] {processor.py:925} INFO - DAG(s) 'example_sensor_decorator' retrieved from /mnt/c/Users/Raj/OneDrive - Åbo Akademi O365/banking/airflow/.venv/lib/python3.12/site-packages/airflow/example_dags/example_sensor_decorator.py
[2025-11-22T21:23:12.653+0500] {logging_mixin.py:190} INFO - [2025-11-22T21:23:12.652+0500] {dag.py:3239} INFO - Sync 1 DAGs
[2025-11-22T21:23:12.671+0500] {logging_mixin.py:190} INFO - [2025-11-22T21:23:12.669+0500] {dag.py:4180} INFO - Setting next_dagrun for example_sensor_decorator to None, run_after=None
[2025-11-22T21:23:12.739+0500] {processor.py:208} INFO - Processing /mnt/c/Users/Raj/OneDrive - Åbo Akademi O365/banking/airflow/.venv/lib/python3.12/site-packages/airflow/example_dags/example_sensor_decorator.py took 0.180 seconds
