[2025-11-22T20:15:37.389+0500] {processor.py:186} INFO - Started process (PID=65739) to work on /mnt/c/Users/Raj/OneDrive - Åbo Akademi O365/banking/airflow/.venv/lib/python3.12/site-packages/airflow/example_dags/example_python_operator.py
[2025-11-22T20:15:37.392+0500] {processor.py:914} INFO - Processing file /mnt/c/Users/Raj/OneDrive - Åbo Akademi O365/banking/airflow/.venv/lib/python3.12/site-packages/airflow/example_dags/example_python_operator.py for tasks to queue
[2025-11-22T20:15:37.397+0500] {logging_mixin.py:190} INFO - [2025-11-22T20:15:37.395+0500] {dagbag.py:588} INFO - Filling up the DagBag from /mnt/c/Users/Raj/OneDrive - Åbo Akademi O365/banking/airflow/.venv/lib/python3.12/site-packages/airflow/example_dags/example_python_operator.py
[2025-11-22T20:15:37.517+0500] {processor.py:925} INFO - DAG(s) 'example_python_operator' retrieved from /mnt/c/Users/Raj/OneDrive - Åbo Akademi O365/banking/airflow/.venv/lib/python3.12/site-packages/airflow/example_dags/example_python_operator.py
[2025-11-22T20:15:37.606+0500] {logging_mixin.py:190} INFO - [2025-11-22T20:15:37.604+0500] {dag.py:3239} INFO - Sync 1 DAGs
[2025-11-22T20:15:37.632+0500] {logging_mixin.py:190} INFO - [2025-11-22T20:15:37.630+0500] {dag.py:4180} INFO - Setting next_dagrun for example_python_operator to None, run_after=None
[2025-11-22T20:15:37.713+0500] {processor.py:208} INFO - Processing /mnt/c/Users/Raj/OneDrive - Åbo Akademi O365/banking/airflow/.venv/lib/python3.12/site-packages/airflow/example_dags/example_python_operator.py took 0.344 seconds
[2025-11-22T20:17:28.933+0500] {processor.py:186} INFO - Started process (PID=65837) to work on /mnt/c/Users/Raj/OneDrive - Åbo Akademi O365/banking/airflow/.venv/lib/python3.12/site-packages/airflow/example_dags/example_python_operator.py
[2025-11-22T20:17:28.941+0500] {processor.py:914} INFO - Processing file /mnt/c/Users/Raj/OneDrive - Åbo Akademi O365/banking/airflow/.venv/lib/python3.12/site-packages/airflow/example_dags/example_python_operator.py for tasks to queue
[2025-11-22T20:17:28.946+0500] {logging_mixin.py:190} INFO - [2025-11-22T20:17:28.944+0500] {dagbag.py:588} INFO - Filling up the DagBag from /mnt/c/Users/Raj/OneDrive - Åbo Akademi O365/banking/airflow/.venv/lib/python3.12/site-packages/airflow/example_dags/example_python_operator.py
[2025-11-22T20:17:29.031+0500] {processor.py:925} INFO - DAG(s) 'example_python_operator' retrieved from /mnt/c/Users/Raj/OneDrive - Åbo Akademi O365/banking/airflow/.venv/lib/python3.12/site-packages/airflow/example_dags/example_python_operator.py
[2025-11-22T20:17:29.109+0500] {logging_mixin.py:190} INFO - [2025-11-22T20:17:29.108+0500] {dag.py:3239} INFO - Sync 1 DAGs
[2025-11-22T20:17:29.150+0500] {logging_mixin.py:190} INFO - [2025-11-22T20:17:29.149+0500] {dag.py:4180} INFO - Setting next_dagrun for example_python_operator to None, run_after=None
[2025-11-22T20:17:29.247+0500] {processor.py:208} INFO - Processing /mnt/c/Users/Raj/OneDrive - Åbo Akademi O365/banking/airflow/.venv/lib/python3.12/site-packages/airflow/example_dags/example_python_operator.py took 0.337 seconds
[2025-11-22T20:20:43.244+0500] {processor.py:186} INFO - Started process (PID=65924) to work on /mnt/c/Users/Raj/OneDrive - Åbo Akademi O365/banking/airflow/.venv/lib/python3.12/site-packages/airflow/example_dags/example_python_operator.py
[2025-11-22T20:20:43.247+0500] {processor.py:914} INFO - Processing file /mnt/c/Users/Raj/OneDrive - Åbo Akademi O365/banking/airflow/.venv/lib/python3.12/site-packages/airflow/example_dags/example_python_operator.py for tasks to queue
[2025-11-22T20:20:43.252+0500] {logging_mixin.py:190} INFO - [2025-11-22T20:20:43.251+0500] {dagbag.py:588} INFO - Filling up the DagBag from /mnt/c/Users/Raj/OneDrive - Åbo Akademi O365/banking/airflow/.venv/lib/python3.12/site-packages/airflow/example_dags/example_python_operator.py
[2025-11-22T20:20:43.372+0500] {processor.py:925} INFO - DAG(s) 'example_python_operator' retrieved from /mnt/c/Users/Raj/OneDrive - Åbo Akademi O365/banking/airflow/.venv/lib/python3.12/site-packages/airflow/example_dags/example_python_operator.py
[2025-11-22T20:20:44.892+0500] {logging_mixin.py:190} INFO - [2025-11-22T20:20:44.891+0500] {dag.py:3239} INFO - Sync 1 DAGs
[2025-11-22T20:20:44.916+0500] {logging_mixin.py:190} INFO - [2025-11-22T20:20:44.914+0500] {dag.py:4180} INFO - Setting next_dagrun for example_python_operator to None, run_after=None
[2025-11-22T20:20:45.009+0500] {processor.py:208} INFO - Processing /mnt/c/Users/Raj/OneDrive - Åbo Akademi O365/banking/airflow/.venv/lib/python3.12/site-packages/airflow/example_dags/example_python_operator.py took 1.783 seconds
[2025-11-22T20:22:25.577+0500] {processor.py:186} INFO - Started process (PID=66016) to work on /mnt/c/Users/Raj/OneDrive - Åbo Akademi O365/banking/airflow/.venv/lib/python3.12/site-packages/airflow/example_dags/example_python_operator.py
[2025-11-22T20:22:25.581+0500] {processor.py:914} INFO - Processing file /mnt/c/Users/Raj/OneDrive - Åbo Akademi O365/banking/airflow/.venv/lib/python3.12/site-packages/airflow/example_dags/example_python_operator.py for tasks to queue
[2025-11-22T20:22:25.587+0500] {logging_mixin.py:190} INFO - [2025-11-22T20:22:25.585+0500] {dagbag.py:588} INFO - Filling up the DagBag from /mnt/c/Users/Raj/OneDrive - Åbo Akademi O365/banking/airflow/.venv/lib/python3.12/site-packages/airflow/example_dags/example_python_operator.py
[2025-11-22T20:22:25.710+0500] {processor.py:925} INFO - DAG(s) 'example_python_operator' retrieved from /mnt/c/Users/Raj/OneDrive - Åbo Akademi O365/banking/airflow/.venv/lib/python3.12/site-packages/airflow/example_dags/example_python_operator.py
[2025-11-22T20:22:25.765+0500] {logging_mixin.py:190} INFO - [2025-11-22T20:22:25.763+0500] {dag.py:3239} INFO - Sync 1 DAGs
[2025-11-22T20:22:25.791+0500] {logging_mixin.py:190} INFO - [2025-11-22T20:22:25.789+0500] {dag.py:4180} INFO - Setting next_dagrun for example_python_operator to None, run_after=None
[2025-11-22T20:22:25.886+0500] {processor.py:208} INFO - Processing /mnt/c/Users/Raj/OneDrive - Åbo Akademi O365/banking/airflow/.venv/lib/python3.12/site-packages/airflow/example_dags/example_python_operator.py took 0.329 seconds
[2025-11-22T20:24:28.745+0500] {processor.py:186} INFO - Started process (PID=66108) to work on /mnt/c/Users/Raj/OneDrive - Åbo Akademi O365/banking/airflow/.venv/lib/python3.12/site-packages/airflow/example_dags/example_python_operator.py
[2025-11-22T20:24:28.748+0500] {processor.py:914} INFO - Processing file /mnt/c/Users/Raj/OneDrive - Åbo Akademi O365/banking/airflow/.venv/lib/python3.12/site-packages/airflow/example_dags/example_python_operator.py for tasks to queue
[2025-11-22T20:24:28.756+0500] {logging_mixin.py:190} INFO - [2025-11-22T20:24:28.754+0500] {dagbag.py:588} INFO - Filling up the DagBag from /mnt/c/Users/Raj/OneDrive - Åbo Akademi O365/banking/airflow/.venv/lib/python3.12/site-packages/airflow/example_dags/example_python_operator.py
[2025-11-22T20:24:28.864+0500] {processor.py:925} INFO - DAG(s) 'example_python_operator' retrieved from /mnt/c/Users/Raj/OneDrive - Åbo Akademi O365/banking/airflow/.venv/lib/python3.12/site-packages/airflow/example_dags/example_python_operator.py
[2025-11-22T20:24:28.934+0500] {logging_mixin.py:190} INFO - [2025-11-22T20:24:28.933+0500] {dag.py:3239} INFO - Sync 1 DAGs
[2025-11-22T20:24:28.968+0500] {logging_mixin.py:190} INFO - [2025-11-22T20:24:28.967+0500] {dag.py:4180} INFO - Setting next_dagrun for example_python_operator to None, run_after=None
[2025-11-22T20:24:29.060+0500] {processor.py:208} INFO - Processing /mnt/c/Users/Raj/OneDrive - Åbo Akademi O365/banking/airflow/.venv/lib/python3.12/site-packages/airflow/example_dags/example_python_operator.py took 0.339 seconds
[2025-11-22T20:27:57.018+0500] {processor.py:186} INFO - Started process (PID=66252) to work on /mnt/c/Users/Raj/OneDrive - Åbo Akademi O365/banking/airflow/.venv/lib/python3.12/site-packages/airflow/example_dags/example_python_operator.py
[2025-11-22T20:27:57.021+0500] {processor.py:914} INFO - Processing file /mnt/c/Users/Raj/OneDrive - Åbo Akademi O365/banking/airflow/.venv/lib/python3.12/site-packages/airflow/example_dags/example_python_operator.py for tasks to queue
[2025-11-22T20:27:57.027+0500] {logging_mixin.py:190} INFO - [2025-11-22T20:27:57.025+0500] {dagbag.py:588} INFO - Filling up the DagBag from /mnt/c/Users/Raj/OneDrive - Åbo Akademi O365/banking/airflow/.venv/lib/python3.12/site-packages/airflow/example_dags/example_python_operator.py
[2025-11-22T20:27:57.090+0500] {processor.py:925} INFO - DAG(s) 'example_python_operator' retrieved from /mnt/c/Users/Raj/OneDrive - Åbo Akademi O365/banking/airflow/.venv/lib/python3.12/site-packages/airflow/example_dags/example_python_operator.py
[2025-11-22T20:27:57.154+0500] {logging_mixin.py:190} INFO - [2025-11-22T20:27:57.153+0500] {dag.py:3239} INFO - Sync 1 DAGs
[2025-11-22T20:27:57.174+0500] {logging_mixin.py:190} INFO - [2025-11-22T20:27:57.172+0500] {dag.py:4180} INFO - Setting next_dagrun for example_python_operator to None, run_after=None
[2025-11-22T20:27:57.257+0500] {processor.py:208} INFO - Processing /mnt/c/Users/Raj/OneDrive - Åbo Akademi O365/banking/airflow/.venv/lib/python3.12/site-packages/airflow/example_dags/example_python_operator.py took 0.260 seconds
[2025-11-22T20:29:19.990+0500] {processor.py:186} INFO - Started process (PID=66339) to work on /mnt/c/Users/Raj/OneDrive - Åbo Akademi O365/banking/airflow/.venv/lib/python3.12/site-packages/airflow/example_dags/example_python_operator.py
[2025-11-22T20:29:19.992+0500] {processor.py:914} INFO - Processing file /mnt/c/Users/Raj/OneDrive - Åbo Akademi O365/banking/airflow/.venv/lib/python3.12/site-packages/airflow/example_dags/example_python_operator.py for tasks to queue
[2025-11-22T20:29:19.995+0500] {logging_mixin.py:190} INFO - [2025-11-22T20:29:19.994+0500] {dagbag.py:588} INFO - Filling up the DagBag from /mnt/c/Users/Raj/OneDrive - Åbo Akademi O365/banking/airflow/.venv/lib/python3.12/site-packages/airflow/example_dags/example_python_operator.py
[2025-11-22T20:29:20.031+0500] {processor.py:925} INFO - DAG(s) 'example_python_operator' retrieved from /mnt/c/Users/Raj/OneDrive - Åbo Akademi O365/banking/airflow/.venv/lib/python3.12/site-packages/airflow/example_dags/example_python_operator.py
[2025-11-22T20:29:20.071+0500] {logging_mixin.py:190} INFO - [2025-11-22T20:29:20.069+0500] {dag.py:3239} INFO - Sync 1 DAGs
[2025-11-22T20:29:20.094+0500] {logging_mixin.py:190} INFO - [2025-11-22T20:29:20.093+0500] {dag.py:4180} INFO - Setting next_dagrun for example_python_operator to None, run_after=None
[2025-11-22T20:29:20.169+0500] {processor.py:208} INFO - Processing /mnt/c/Users/Raj/OneDrive - Åbo Akademi O365/banking/airflow/.venv/lib/python3.12/site-packages/airflow/example_dags/example_python_operator.py took 0.191 seconds
[2025-11-22T20:32:07.171+0500] {processor.py:186} INFO - Started process (PID=66469) to work on /mnt/c/Users/Raj/OneDrive - Åbo Akademi O365/banking/airflow/.venv/lib/python3.12/site-packages/airflow/example_dags/example_python_operator.py
[2025-11-22T20:32:07.174+0500] {processor.py:914} INFO - Processing file /mnt/c/Users/Raj/OneDrive - Åbo Akademi O365/banking/airflow/.venv/lib/python3.12/site-packages/airflow/example_dags/example_python_operator.py for tasks to queue
[2025-11-22T20:32:07.177+0500] {logging_mixin.py:190} INFO - [2025-11-22T20:32:07.176+0500] {dagbag.py:588} INFO - Filling up the DagBag from /mnt/c/Users/Raj/OneDrive - Åbo Akademi O365/banking/airflow/.venv/lib/python3.12/site-packages/airflow/example_dags/example_python_operator.py
[2025-11-22T20:32:07.222+0500] {processor.py:925} INFO - DAG(s) 'example_python_operator' retrieved from /mnt/c/Users/Raj/OneDrive - Åbo Akademi O365/banking/airflow/.venv/lib/python3.12/site-packages/airflow/example_dags/example_python_operator.py
[2025-11-22T20:32:07.278+0500] {logging_mixin.py:190} INFO - [2025-11-22T20:32:07.276+0500] {dag.py:3239} INFO - Sync 1 DAGs
[2025-11-22T20:32:07.302+0500] {logging_mixin.py:190} INFO - [2025-11-22T20:32:07.301+0500] {dag.py:4180} INFO - Setting next_dagrun for example_python_operator to None, run_after=None
[2025-11-22T20:32:07.374+0500] {processor.py:208} INFO - Processing /mnt/c/Users/Raj/OneDrive - Åbo Akademi O365/banking/airflow/.venv/lib/python3.12/site-packages/airflow/example_dags/example_python_operator.py took 0.219 seconds
[2025-11-22T20:33:38.630+0500] {processor.py:186} INFO - Started process (PID=66542) to work on /mnt/c/Users/Raj/OneDrive - Åbo Akademi O365/banking/airflow/.venv/lib/python3.12/site-packages/airflow/example_dags/example_python_operator.py
[2025-11-22T20:33:38.636+0500] {processor.py:914} INFO - Processing file /mnt/c/Users/Raj/OneDrive - Åbo Akademi O365/banking/airflow/.venv/lib/python3.12/site-packages/airflow/example_dags/example_python_operator.py for tasks to queue
[2025-11-22T20:33:38.641+0500] {logging_mixin.py:190} INFO - [2025-11-22T20:33:38.639+0500] {dagbag.py:588} INFO - Filling up the DagBag from /mnt/c/Users/Raj/OneDrive - Åbo Akademi O365/banking/airflow/.venv/lib/python3.12/site-packages/airflow/example_dags/example_python_operator.py
[2025-11-22T20:33:38.723+0500] {processor.py:925} INFO - DAG(s) 'example_python_operator' retrieved from /mnt/c/Users/Raj/OneDrive - Åbo Akademi O365/banking/airflow/.venv/lib/python3.12/site-packages/airflow/example_dags/example_python_operator.py
[2025-11-22T20:33:38.786+0500] {logging_mixin.py:190} INFO - [2025-11-22T20:33:38.785+0500] {dag.py:3239} INFO - Sync 1 DAGs
[2025-11-22T20:33:38.824+0500] {logging_mixin.py:190} INFO - [2025-11-22T20:33:38.819+0500] {dag.py:4180} INFO - Setting next_dagrun for example_python_operator to None, run_after=None
[2025-11-22T20:33:38.922+0500] {processor.py:208} INFO - Processing /mnt/c/Users/Raj/OneDrive - Åbo Akademi O365/banking/airflow/.venv/lib/python3.12/site-packages/airflow/example_dags/example_python_operator.py took 0.317 seconds
[2025-11-22T20:34:54.687+0500] {processor.py:186} INFO - Started process (PID=66604) to work on /mnt/c/Users/Raj/OneDrive - Åbo Akademi O365/banking/airflow/.venv/lib/python3.12/site-packages/airflow/example_dags/example_python_operator.py
[2025-11-22T20:34:54.689+0500] {processor.py:914} INFO - Processing file /mnt/c/Users/Raj/OneDrive - Åbo Akademi O365/banking/airflow/.venv/lib/python3.12/site-packages/airflow/example_dags/example_python_operator.py for tasks to queue
[2025-11-22T20:34:54.694+0500] {logging_mixin.py:190} INFO - [2025-11-22T20:34:54.692+0500] {dagbag.py:588} INFO - Filling up the DagBag from /mnt/c/Users/Raj/OneDrive - Åbo Akademi O365/banking/airflow/.venv/lib/python3.12/site-packages/airflow/example_dags/example_python_operator.py
[2025-11-22T20:34:54.735+0500] {processor.py:925} INFO - DAG(s) 'example_python_operator' retrieved from /mnt/c/Users/Raj/OneDrive - Åbo Akademi O365/banking/airflow/.venv/lib/python3.12/site-packages/airflow/example_dags/example_python_operator.py
[2025-11-22T20:34:54.774+0500] {logging_mixin.py:190} INFO - [2025-11-22T20:34:54.773+0500] {dag.py:3239} INFO - Sync 1 DAGs
[2025-11-22T20:34:54.790+0500] {logging_mixin.py:190} INFO - [2025-11-22T20:34:54.789+0500] {dag.py:4180} INFO - Setting next_dagrun for example_python_operator to None, run_after=None
[2025-11-22T20:34:54.863+0500] {processor.py:208} INFO - Processing /mnt/c/Users/Raj/OneDrive - Åbo Akademi O365/banking/airflow/.venv/lib/python3.12/site-packages/airflow/example_dags/example_python_operator.py took 0.192 seconds
[2025-11-22T20:37:28.132+0500] {processor.py:186} INFO - Started process (PID=66709) to work on /mnt/c/Users/Raj/OneDrive - Åbo Akademi O365/banking/airflow/.venv/lib/python3.12/site-packages/airflow/example_dags/example_python_operator.py
[2025-11-22T20:37:28.135+0500] {processor.py:914} INFO - Processing file /mnt/c/Users/Raj/OneDrive - Åbo Akademi O365/banking/airflow/.venv/lib/python3.12/site-packages/airflow/example_dags/example_python_operator.py for tasks to queue
[2025-11-22T20:37:28.139+0500] {logging_mixin.py:190} INFO - [2025-11-22T20:37:28.138+0500] {dagbag.py:588} INFO - Filling up the DagBag from /mnt/c/Users/Raj/OneDrive - Åbo Akademi O365/banking/airflow/.venv/lib/python3.12/site-packages/airflow/example_dags/example_python_operator.py
[2025-11-22T20:37:28.221+0500] {processor.py:925} INFO - DAG(s) 'example_python_operator' retrieved from /mnt/c/Users/Raj/OneDrive - Åbo Akademi O365/banking/airflow/.venv/lib/python3.12/site-packages/airflow/example_dags/example_python_operator.py
[2025-11-22T20:37:28.269+0500] {logging_mixin.py:190} INFO - [2025-11-22T20:37:28.268+0500] {dag.py:3239} INFO - Sync 1 DAGs
[2025-11-22T20:37:28.307+0500] {logging_mixin.py:190} INFO - [2025-11-22T20:37:28.305+0500] {dag.py:4180} INFO - Setting next_dagrun for example_python_operator to None, run_after=None
[2025-11-22T20:37:28.395+0500] {processor.py:208} INFO - Processing /mnt/c/Users/Raj/OneDrive - Åbo Akademi O365/banking/airflow/.venv/lib/python3.12/site-packages/airflow/example_dags/example_python_operator.py took 0.284 seconds
[2025-11-22T20:39:24.980+0500] {processor.py:186} INFO - Started process (PID=66838) to work on /mnt/c/Users/Raj/OneDrive - Åbo Akademi O365/banking/airflow/.venv/lib/python3.12/site-packages/airflow/example_dags/example_python_operator.py
[2025-11-22T20:39:24.982+0500] {processor.py:914} INFO - Processing file /mnt/c/Users/Raj/OneDrive - Åbo Akademi O365/banking/airflow/.venv/lib/python3.12/site-packages/airflow/example_dags/example_python_operator.py for tasks to queue
[2025-11-22T20:39:24.985+0500] {logging_mixin.py:190} INFO - [2025-11-22T20:39:24.984+0500] {dagbag.py:588} INFO - Filling up the DagBag from /mnt/c/Users/Raj/OneDrive - Åbo Akademi O365/banking/airflow/.venv/lib/python3.12/site-packages/airflow/example_dags/example_python_operator.py
[2025-11-22T20:39:25.020+0500] {processor.py:925} INFO - DAG(s) 'example_python_operator' retrieved from /mnt/c/Users/Raj/OneDrive - Åbo Akademi O365/banking/airflow/.venv/lib/python3.12/site-packages/airflow/example_dags/example_python_operator.py
[2025-11-22T20:39:25.059+0500] {logging_mixin.py:190} INFO - [2025-11-22T20:39:25.058+0500] {dag.py:3239} INFO - Sync 1 DAGs
[2025-11-22T20:39:25.075+0500] {logging_mixin.py:190} INFO - [2025-11-22T20:39:25.074+0500] {dag.py:4180} INFO - Setting next_dagrun for example_python_operator to None, run_after=None
[2025-11-22T20:39:25.138+0500] {processor.py:208} INFO - Processing /mnt/c/Users/Raj/OneDrive - Åbo Akademi O365/banking/airflow/.venv/lib/python3.12/site-packages/airflow/example_dags/example_python_operator.py took 0.171 seconds
[2025-11-22T20:41:13.294+0500] {processor.py:186} INFO - Started process (PID=66951) to work on /mnt/c/Users/Raj/OneDrive - Åbo Akademi O365/banking/airflow/.venv/lib/python3.12/site-packages/airflow/example_dags/example_python_operator.py
[2025-11-22T20:41:13.297+0500] {processor.py:914} INFO - Processing file /mnt/c/Users/Raj/OneDrive - Åbo Akademi O365/banking/airflow/.venv/lib/python3.12/site-packages/airflow/example_dags/example_python_operator.py for tasks to queue
[2025-11-22T20:41:13.299+0500] {logging_mixin.py:190} INFO - [2025-11-22T20:41:13.298+0500] {dagbag.py:588} INFO - Filling up the DagBag from /mnt/c/Users/Raj/OneDrive - Åbo Akademi O365/banking/airflow/.venv/lib/python3.12/site-packages/airflow/example_dags/example_python_operator.py
[2025-11-22T20:41:13.335+0500] {processor.py:925} INFO - DAG(s) 'example_python_operator' retrieved from /mnt/c/Users/Raj/OneDrive - Åbo Akademi O365/banking/airflow/.venv/lib/python3.12/site-packages/airflow/example_dags/example_python_operator.py
[2025-11-22T20:41:13.372+0500] {logging_mixin.py:190} INFO - [2025-11-22T20:41:13.370+0500] {dag.py:3239} INFO - Sync 1 DAGs
[2025-11-22T20:41:13.388+0500] {logging_mixin.py:190} INFO - [2025-11-22T20:41:13.387+0500] {dag.py:4180} INFO - Setting next_dagrun for example_python_operator to None, run_after=None
[2025-11-22T20:41:13.470+0500] {processor.py:208} INFO - Processing /mnt/c/Users/Raj/OneDrive - Åbo Akademi O365/banking/airflow/.venv/lib/python3.12/site-packages/airflow/example_dags/example_python_operator.py took 0.190 seconds
[2025-11-22T20:43:34.669+0500] {processor.py:186} INFO - Started process (PID=67071) to work on /mnt/c/Users/Raj/OneDrive - Åbo Akademi O365/banking/airflow/.venv/lib/python3.12/site-packages/airflow/example_dags/example_python_operator.py
[2025-11-22T20:43:34.673+0500] {processor.py:914} INFO - Processing file /mnt/c/Users/Raj/OneDrive - Åbo Akademi O365/banking/airflow/.venv/lib/python3.12/site-packages/airflow/example_dags/example_python_operator.py for tasks to queue
[2025-11-22T20:43:34.679+0500] {logging_mixin.py:190} INFO - [2025-11-22T20:43:34.676+0500] {dagbag.py:588} INFO - Filling up the DagBag from /mnt/c/Users/Raj/OneDrive - Åbo Akademi O365/banking/airflow/.venv/lib/python3.12/site-packages/airflow/example_dags/example_python_operator.py
[2025-11-22T20:43:34.742+0500] {processor.py:925} INFO - DAG(s) 'example_python_operator' retrieved from /mnt/c/Users/Raj/OneDrive - Åbo Akademi O365/banking/airflow/.venv/lib/python3.12/site-packages/airflow/example_dags/example_python_operator.py
[2025-11-22T20:43:34.832+0500] {logging_mixin.py:190} INFO - [2025-11-22T20:43:34.828+0500] {dag.py:3239} INFO - Sync 1 DAGs
[2025-11-22T20:43:34.870+0500] {logging_mixin.py:190} INFO - [2025-11-22T20:43:34.867+0500] {dag.py:4180} INFO - Setting next_dagrun for example_python_operator to None, run_after=None
[2025-11-22T20:43:34.989+0500] {processor.py:208} INFO - Processing /mnt/c/Users/Raj/OneDrive - Åbo Akademi O365/banking/airflow/.venv/lib/python3.12/site-packages/airflow/example_dags/example_python_operator.py took 0.342 seconds
[2025-11-22T20:45:12.985+0500] {processor.py:186} INFO - Started process (PID=67151) to work on /mnt/c/Users/Raj/OneDrive - Åbo Akademi O365/banking/airflow/.venv/lib/python3.12/site-packages/airflow/example_dags/example_python_operator.py
[2025-11-22T20:45:12.988+0500] {processor.py:914} INFO - Processing file /mnt/c/Users/Raj/OneDrive - Åbo Akademi O365/banking/airflow/.venv/lib/python3.12/site-packages/airflow/example_dags/example_python_operator.py for tasks to queue
[2025-11-22T20:45:12.992+0500] {logging_mixin.py:190} INFO - [2025-11-22T20:45:12.991+0500] {dagbag.py:588} INFO - Filling up the DagBag from /mnt/c/Users/Raj/OneDrive - Åbo Akademi O365/banking/airflow/.venv/lib/python3.12/site-packages/airflow/example_dags/example_python_operator.py
[2025-11-22T20:45:13.038+0500] {processor.py:925} INFO - DAG(s) 'example_python_operator' retrieved from /mnt/c/Users/Raj/OneDrive - Åbo Akademi O365/banking/airflow/.venv/lib/python3.12/site-packages/airflow/example_dags/example_python_operator.py
[2025-11-22T20:45:13.081+0500] {logging_mixin.py:190} INFO - [2025-11-22T20:45:13.080+0500] {dag.py:3239} INFO - Sync 1 DAGs
[2025-11-22T20:45:13.098+0500] {logging_mixin.py:190} INFO - [2025-11-22T20:45:13.097+0500] {dag.py:4180} INFO - Setting next_dagrun for example_python_operator to None, run_after=None
[2025-11-22T20:45:13.169+0500] {processor.py:208} INFO - Processing /mnt/c/Users/Raj/OneDrive - Åbo Akademi O365/banking/airflow/.venv/lib/python3.12/site-packages/airflow/example_dags/example_python_operator.py took 0.200 seconds
[2025-11-22T20:46:50.348+0500] {processor.py:186} INFO - Started process (PID=67223) to work on /mnt/c/Users/Raj/OneDrive - Åbo Akademi O365/banking/airflow/.venv/lib/python3.12/site-packages/airflow/example_dags/example_python_operator.py
[2025-11-22T20:46:50.350+0500] {processor.py:914} INFO - Processing file /mnt/c/Users/Raj/OneDrive - Åbo Akademi O365/banking/airflow/.venv/lib/python3.12/site-packages/airflow/example_dags/example_python_operator.py for tasks to queue
[2025-11-22T20:46:50.354+0500] {logging_mixin.py:190} INFO - [2025-11-22T20:46:50.352+0500] {dagbag.py:588} INFO - Filling up the DagBag from /mnt/c/Users/Raj/OneDrive - Åbo Akademi O365/banking/airflow/.venv/lib/python3.12/site-packages/airflow/example_dags/example_python_operator.py
[2025-11-22T20:46:50.402+0500] {processor.py:925} INFO - DAG(s) 'example_python_operator' retrieved from /mnt/c/Users/Raj/OneDrive - Åbo Akademi O365/banking/airflow/.venv/lib/python3.12/site-packages/airflow/example_dags/example_python_operator.py
[2025-11-22T20:46:50.444+0500] {logging_mixin.py:190} INFO - [2025-11-22T20:46:50.443+0500] {dag.py:3239} INFO - Sync 1 DAGs
[2025-11-22T20:46:50.461+0500] {logging_mixin.py:190} INFO - [2025-11-22T20:46:50.460+0500] {dag.py:4180} INFO - Setting next_dagrun for example_python_operator to None, run_after=None
[2025-11-22T20:46:50.527+0500] {processor.py:208} INFO - Processing /mnt/c/Users/Raj/OneDrive - Åbo Akademi O365/banking/airflow/.venv/lib/python3.12/site-packages/airflow/example_dags/example_python_operator.py took 0.197 seconds
[2025-11-22T20:48:33.174+0500] {processor.py:186} INFO - Started process (PID=67303) to work on /mnt/c/Users/Raj/OneDrive - Åbo Akademi O365/banking/airflow/.venv/lib/python3.12/site-packages/airflow/example_dags/example_python_operator.py
[2025-11-22T20:48:33.177+0500] {processor.py:914} INFO - Processing file /mnt/c/Users/Raj/OneDrive - Åbo Akademi O365/banking/airflow/.venv/lib/python3.12/site-packages/airflow/example_dags/example_python_operator.py for tasks to queue
[2025-11-22T20:48:33.181+0500] {logging_mixin.py:190} INFO - [2025-11-22T20:48:33.179+0500] {dagbag.py:588} INFO - Filling up the DagBag from /mnt/c/Users/Raj/OneDrive - Åbo Akademi O365/banking/airflow/.venv/lib/python3.12/site-packages/airflow/example_dags/example_python_operator.py
[2025-11-22T20:48:33.223+0500] {processor.py:925} INFO - DAG(s) 'example_python_operator' retrieved from /mnt/c/Users/Raj/OneDrive - Åbo Akademi O365/banking/airflow/.venv/lib/python3.12/site-packages/airflow/example_dags/example_python_operator.py
[2025-11-22T20:48:33.272+0500] {logging_mixin.py:190} INFO - [2025-11-22T20:48:33.269+0500] {dag.py:3239} INFO - Sync 1 DAGs
[2025-11-22T20:48:33.302+0500] {logging_mixin.py:190} INFO - [2025-11-22T20:48:33.301+0500] {dag.py:4180} INFO - Setting next_dagrun for example_python_operator to None, run_after=None
[2025-11-22T20:48:33.386+0500] {processor.py:208} INFO - Processing /mnt/c/Users/Raj/OneDrive - Åbo Akademi O365/banking/airflow/.venv/lib/python3.12/site-packages/airflow/example_dags/example_python_operator.py took 0.231 seconds
[2025-11-22T20:50:12.502+0500] {processor.py:186} INFO - Started process (PID=67383) to work on /mnt/c/Users/Raj/OneDrive - Åbo Akademi O365/banking/airflow/.venv/lib/python3.12/site-packages/airflow/example_dags/example_python_operator.py
[2025-11-22T20:50:12.504+0500] {processor.py:914} INFO - Processing file /mnt/c/Users/Raj/OneDrive - Åbo Akademi O365/banking/airflow/.venv/lib/python3.12/site-packages/airflow/example_dags/example_python_operator.py for tasks to queue
[2025-11-22T20:50:12.508+0500] {logging_mixin.py:190} INFO - [2025-11-22T20:50:12.506+0500] {dagbag.py:588} INFO - Filling up the DagBag from /mnt/c/Users/Raj/OneDrive - Åbo Akademi O365/banking/airflow/.venv/lib/python3.12/site-packages/airflow/example_dags/example_python_operator.py
[2025-11-22T20:50:12.556+0500] {processor.py:925} INFO - DAG(s) 'example_python_operator' retrieved from /mnt/c/Users/Raj/OneDrive - Åbo Akademi O365/banking/airflow/.venv/lib/python3.12/site-packages/airflow/example_dags/example_python_operator.py
[2025-11-22T20:50:12.595+0500] {logging_mixin.py:190} INFO - [2025-11-22T20:50:12.594+0500] {dag.py:3239} INFO - Sync 1 DAGs
[2025-11-22T20:50:12.611+0500] {logging_mixin.py:190} INFO - [2025-11-22T20:50:12.610+0500] {dag.py:4180} INFO - Setting next_dagrun for example_python_operator to None, run_after=None
[2025-11-22T20:50:12.681+0500] {processor.py:208} INFO - Processing /mnt/c/Users/Raj/OneDrive - Åbo Akademi O365/banking/airflow/.venv/lib/python3.12/site-packages/airflow/example_dags/example_python_operator.py took 0.194 seconds
[2025-11-22T20:51:57.581+0500] {processor.py:186} INFO - Started process (PID=67466) to work on /mnt/c/Users/Raj/OneDrive - Åbo Akademi O365/banking/airflow/.venv/lib/python3.12/site-packages/airflow/example_dags/example_python_operator.py
[2025-11-22T20:51:57.583+0500] {processor.py:914} INFO - Processing file /mnt/c/Users/Raj/OneDrive - Åbo Akademi O365/banking/airflow/.venv/lib/python3.12/site-packages/airflow/example_dags/example_python_operator.py for tasks to queue
[2025-11-22T20:51:57.588+0500] {logging_mixin.py:190} INFO - [2025-11-22T20:51:57.586+0500] {dagbag.py:588} INFO - Filling up the DagBag from /mnt/c/Users/Raj/OneDrive - Åbo Akademi O365/banking/airflow/.venv/lib/python3.12/site-packages/airflow/example_dags/example_python_operator.py
[2025-11-22T20:51:57.635+0500] {processor.py:925} INFO - DAG(s) 'example_python_operator' retrieved from /mnt/c/Users/Raj/OneDrive - Åbo Akademi O365/banking/airflow/.venv/lib/python3.12/site-packages/airflow/example_dags/example_python_operator.py
[2025-11-22T20:51:57.675+0500] {logging_mixin.py:190} INFO - [2025-11-22T20:51:57.673+0500] {dag.py:3239} INFO - Sync 1 DAGs
[2025-11-22T20:51:57.696+0500] {logging_mixin.py:190} INFO - [2025-11-22T20:51:57.694+0500] {dag.py:4180} INFO - Setting next_dagrun for example_python_operator to None, run_after=None
[2025-11-22T20:51:57.769+0500] {processor.py:208} INFO - Processing /mnt/c/Users/Raj/OneDrive - Åbo Akademi O365/banking/airflow/.venv/lib/python3.12/site-packages/airflow/example_dags/example_python_operator.py took 0.204 seconds
[2025-11-22T20:53:40.344+0500] {processor.py:186} INFO - Started process (PID=67549) to work on /mnt/c/Users/Raj/OneDrive - Åbo Akademi O365/banking/airflow/.venv/lib/python3.12/site-packages/airflow/example_dags/example_python_operator.py
[2025-11-22T20:53:40.346+0500] {processor.py:914} INFO - Processing file /mnt/c/Users/Raj/OneDrive - Åbo Akademi O365/banking/airflow/.venv/lib/python3.12/site-packages/airflow/example_dags/example_python_operator.py for tasks to queue
[2025-11-22T20:53:40.349+0500] {logging_mixin.py:190} INFO - [2025-11-22T20:53:40.348+0500] {dagbag.py:588} INFO - Filling up the DagBag from /mnt/c/Users/Raj/OneDrive - Åbo Akademi O365/banking/airflow/.venv/lib/python3.12/site-packages/airflow/example_dags/example_python_operator.py
[2025-11-22T20:53:40.415+0500] {processor.py:925} INFO - DAG(s) 'example_python_operator' retrieved from /mnt/c/Users/Raj/OneDrive - Åbo Akademi O365/banking/airflow/.venv/lib/python3.12/site-packages/airflow/example_dags/example_python_operator.py
[2025-11-22T20:53:40.472+0500] {logging_mixin.py:190} INFO - [2025-11-22T20:53:40.470+0500] {dag.py:3239} INFO - Sync 1 DAGs
[2025-11-22T20:53:40.498+0500] {logging_mixin.py:190} INFO - [2025-11-22T20:53:40.493+0500] {dag.py:4180} INFO - Setting next_dagrun for example_python_operator to None, run_after=None
[2025-11-22T20:53:40.594+0500] {processor.py:208} INFO - Processing /mnt/c/Users/Raj/OneDrive - Åbo Akademi O365/banking/airflow/.venv/lib/python3.12/site-packages/airflow/example_dags/example_python_operator.py took 0.276 seconds
[2025-11-22T20:55:23.796+0500] {processor.py:186} INFO - Started process (PID=67712) to work on /mnt/c/Users/Raj/OneDrive - Åbo Akademi O365/banking/airflow/.venv/lib/python3.12/site-packages/airflow/example_dags/example_python_operator.py
[2025-11-22T20:55:23.798+0500] {processor.py:914} INFO - Processing file /mnt/c/Users/Raj/OneDrive - Åbo Akademi O365/banking/airflow/.venv/lib/python3.12/site-packages/airflow/example_dags/example_python_operator.py for tasks to queue
[2025-11-22T20:55:23.802+0500] {logging_mixin.py:190} INFO - [2025-11-22T20:55:23.800+0500] {dagbag.py:588} INFO - Filling up the DagBag from /mnt/c/Users/Raj/OneDrive - Åbo Akademi O365/banking/airflow/.venv/lib/python3.12/site-packages/airflow/example_dags/example_python_operator.py
[2025-11-22T20:55:23.836+0500] {processor.py:925} INFO - DAG(s) 'example_python_operator' retrieved from /mnt/c/Users/Raj/OneDrive - Åbo Akademi O365/banking/airflow/.venv/lib/python3.12/site-packages/airflow/example_dags/example_python_operator.py
[2025-11-22T20:55:23.874+0500] {logging_mixin.py:190} INFO - [2025-11-22T20:55:23.873+0500] {dag.py:3239} INFO - Sync 1 DAGs
[2025-11-22T20:55:23.892+0500] {logging_mixin.py:190} INFO - [2025-11-22T20:55:23.891+0500] {dag.py:4180} INFO - Setting next_dagrun for example_python_operator to None, run_after=None
[2025-11-22T20:55:23.950+0500] {processor.py:208} INFO - Processing /mnt/c/Users/Raj/OneDrive - Åbo Akademi O365/banking/airflow/.venv/lib/python3.12/site-packages/airflow/example_dags/example_python_operator.py took 0.168 seconds
[2025-11-22T20:57:07.800+0500] {processor.py:186} INFO - Started process (PID=67789) to work on /mnt/c/Users/Raj/OneDrive - Åbo Akademi O365/banking/airflow/.venv/lib/python3.12/site-packages/airflow/example_dags/example_python_operator.py
[2025-11-22T20:57:07.802+0500] {processor.py:914} INFO - Processing file /mnt/c/Users/Raj/OneDrive - Åbo Akademi O365/banking/airflow/.venv/lib/python3.12/site-packages/airflow/example_dags/example_python_operator.py for tasks to queue
[2025-11-22T20:57:07.805+0500] {logging_mixin.py:190} INFO - [2025-11-22T20:57:07.804+0500] {dagbag.py:588} INFO - Filling up the DagBag from /mnt/c/Users/Raj/OneDrive - Åbo Akademi O365/banking/airflow/.venv/lib/python3.12/site-packages/airflow/example_dags/example_python_operator.py
[2025-11-22T20:57:07.843+0500] {processor.py:925} INFO - DAG(s) 'example_python_operator' retrieved from /mnt/c/Users/Raj/OneDrive - Åbo Akademi O365/banking/airflow/.venv/lib/python3.12/site-packages/airflow/example_dags/example_python_operator.py
[2025-11-22T20:57:07.889+0500] {logging_mixin.py:190} INFO - [2025-11-22T20:57:07.888+0500] {dag.py:3239} INFO - Sync 1 DAGs
[2025-11-22T20:57:07.907+0500] {logging_mixin.py:190} INFO - [2025-11-22T20:57:07.906+0500] {dag.py:4180} INFO - Setting next_dagrun for example_python_operator to None, run_after=None
[2025-11-22T20:57:07.970+0500] {processor.py:208} INFO - Processing /mnt/c/Users/Raj/OneDrive - Åbo Akademi O365/banking/airflow/.venv/lib/python3.12/site-packages/airflow/example_dags/example_python_operator.py took 0.184 seconds
[2025-11-22T20:58:56.047+0500] {processor.py:186} INFO - Started process (PID=67870) to work on /mnt/c/Users/Raj/OneDrive - Åbo Akademi O365/banking/airflow/.venv/lib/python3.12/site-packages/airflow/example_dags/example_python_operator.py
[2025-11-22T20:58:56.050+0500] {processor.py:914} INFO - Processing file /mnt/c/Users/Raj/OneDrive - Åbo Akademi O365/banking/airflow/.venv/lib/python3.12/site-packages/airflow/example_dags/example_python_operator.py for tasks to queue
[2025-11-22T20:58:56.054+0500] {logging_mixin.py:190} INFO - [2025-11-22T20:58:56.052+0500] {dagbag.py:588} INFO - Filling up the DagBag from /mnt/c/Users/Raj/OneDrive - Åbo Akademi O365/banking/airflow/.venv/lib/python3.12/site-packages/airflow/example_dags/example_python_operator.py
[2025-11-22T20:58:56.105+0500] {processor.py:925} INFO - DAG(s) 'example_python_operator' retrieved from /mnt/c/Users/Raj/OneDrive - Åbo Akademi O365/banking/airflow/.venv/lib/python3.12/site-packages/airflow/example_dags/example_python_operator.py
[2025-11-22T20:58:56.152+0500] {logging_mixin.py:190} INFO - [2025-11-22T20:58:56.151+0500] {dag.py:3239} INFO - Sync 1 DAGs
[2025-11-22T20:58:56.170+0500] {logging_mixin.py:190} INFO - [2025-11-22T20:58:56.169+0500] {dag.py:4180} INFO - Setting next_dagrun for example_python_operator to None, run_after=None
[2025-11-22T20:58:56.238+0500] {processor.py:208} INFO - Processing /mnt/c/Users/Raj/OneDrive - Åbo Akademi O365/banking/airflow/.venv/lib/python3.12/site-packages/airflow/example_dags/example_python_operator.py took 0.212 seconds
[2025-11-22T21:00:28.052+0500] {processor.py:186} INFO - Started process (PID=67948) to work on /mnt/c/Users/Raj/OneDrive - Åbo Akademi O365/banking/airflow/.venv/lib/python3.12/site-packages/airflow/example_dags/example_python_operator.py
[2025-11-22T21:00:28.055+0500] {processor.py:914} INFO - Processing file /mnt/c/Users/Raj/OneDrive - Åbo Akademi O365/banking/airflow/.venv/lib/python3.12/site-packages/airflow/example_dags/example_python_operator.py for tasks to queue
[2025-11-22T21:00:28.061+0500] {logging_mixin.py:190} INFO - [2025-11-22T21:00:28.059+0500] {dagbag.py:588} INFO - Filling up the DagBag from /mnt/c/Users/Raj/OneDrive - Åbo Akademi O365/banking/airflow/.venv/lib/python3.12/site-packages/airflow/example_dags/example_python_operator.py
[2025-11-22T21:00:28.108+0500] {processor.py:925} INFO - DAG(s) 'example_python_operator' retrieved from /mnt/c/Users/Raj/OneDrive - Åbo Akademi O365/banking/airflow/.venv/lib/python3.12/site-packages/airflow/example_dags/example_python_operator.py
[2025-11-22T21:00:28.147+0500] {logging_mixin.py:190} INFO - [2025-11-22T21:00:28.146+0500] {dag.py:3239} INFO - Sync 1 DAGs
[2025-11-22T21:00:28.165+0500] {logging_mixin.py:190} INFO - [2025-11-22T21:00:28.164+0500] {dag.py:4180} INFO - Setting next_dagrun for example_python_operator to None, run_after=None
[2025-11-22T21:00:28.234+0500] {processor.py:208} INFO - Processing /mnt/c/Users/Raj/OneDrive - Åbo Akademi O365/banking/airflow/.venv/lib/python3.12/site-packages/airflow/example_dags/example_python_operator.py took 0.203 seconds
[2025-11-22T21:02:38.928+0500] {processor.py:186} INFO - Started process (PID=68050) to work on /mnt/c/Users/Raj/OneDrive - Åbo Akademi O365/banking/airflow/.venv/lib/python3.12/site-packages/airflow/example_dags/example_python_operator.py
[2025-11-22T21:02:38.931+0500] {processor.py:914} INFO - Processing file /mnt/c/Users/Raj/OneDrive - Åbo Akademi O365/banking/airflow/.venv/lib/python3.12/site-packages/airflow/example_dags/example_python_operator.py for tasks to queue
[2025-11-22T21:02:38.937+0500] {logging_mixin.py:190} INFO - [2025-11-22T21:02:38.935+0500] {dagbag.py:588} INFO - Filling up the DagBag from /mnt/c/Users/Raj/OneDrive - Åbo Akademi O365/banking/airflow/.venv/lib/python3.12/site-packages/airflow/example_dags/example_python_operator.py
[2025-11-22T21:02:39.005+0500] {processor.py:925} INFO - DAG(s) 'example_python_operator' retrieved from /mnt/c/Users/Raj/OneDrive - Åbo Akademi O365/banking/airflow/.venv/lib/python3.12/site-packages/airflow/example_dags/example_python_operator.py
[2025-11-22T21:02:39.043+0500] {logging_mixin.py:190} INFO - [2025-11-22T21:02:39.042+0500] {dag.py:3239} INFO - Sync 1 DAGs
[2025-11-22T21:02:39.068+0500] {logging_mixin.py:190} INFO - [2025-11-22T21:02:39.067+0500] {dag.py:4180} INFO - Setting next_dagrun for example_python_operator to None, run_after=None
[2025-11-22T21:02:39.137+0500] {processor.py:208} INFO - Processing /mnt/c/Users/Raj/OneDrive - Åbo Akademi O365/banking/airflow/.venv/lib/python3.12/site-packages/airflow/example_dags/example_python_operator.py took 0.236 seconds
[2025-11-22T21:04:48.666+0500] {processor.py:186} INFO - Started process (PID=68173) to work on /mnt/c/Users/Raj/OneDrive - Åbo Akademi O365/banking/airflow/.venv/lib/python3.12/site-packages/airflow/example_dags/example_python_operator.py
[2025-11-22T21:04:48.668+0500] {processor.py:914} INFO - Processing file /mnt/c/Users/Raj/OneDrive - Åbo Akademi O365/banking/airflow/.venv/lib/python3.12/site-packages/airflow/example_dags/example_python_operator.py for tasks to queue
[2025-11-22T21:04:48.671+0500] {logging_mixin.py:190} INFO - [2025-11-22T21:04:48.670+0500] {dagbag.py:588} INFO - Filling up the DagBag from /mnt/c/Users/Raj/OneDrive - Åbo Akademi O365/banking/airflow/.venv/lib/python3.12/site-packages/airflow/example_dags/example_python_operator.py
[2025-11-22T21:04:48.706+0500] {processor.py:925} INFO - DAG(s) 'example_python_operator' retrieved from /mnt/c/Users/Raj/OneDrive - Åbo Akademi O365/banking/airflow/.venv/lib/python3.12/site-packages/airflow/example_dags/example_python_operator.py
[2025-11-22T21:04:48.740+0500] {logging_mixin.py:190} INFO - [2025-11-22T21:04:48.739+0500] {dag.py:3239} INFO - Sync 1 DAGs
[2025-11-22T21:04:48.924+0500] {logging_mixin.py:190} INFO - [2025-11-22T21:04:48.923+0500] {dag.py:4180} INFO - Setting next_dagrun for example_python_operator to None, run_after=None
[2025-11-22T21:04:48.994+0500] {processor.py:208} INFO - Processing /mnt/c/Users/Raj/OneDrive - Åbo Akademi O365/banking/airflow/.venv/lib/python3.12/site-packages/airflow/example_dags/example_python_operator.py took 0.343 seconds
[2025-11-22T21:09:12.454+0500] {processor.py:186} INFO - Started process (PID=68353) to work on /mnt/c/Users/Raj/OneDrive - Åbo Akademi O365/banking/airflow/.venv/lib/python3.12/site-packages/airflow/example_dags/example_python_operator.py
[2025-11-22T21:09:12.457+0500] {processor.py:914} INFO - Processing file /mnt/c/Users/Raj/OneDrive - Åbo Akademi O365/banking/airflow/.venv/lib/python3.12/site-packages/airflow/example_dags/example_python_operator.py for tasks to queue
[2025-11-22T21:09:12.462+0500] {logging_mixin.py:190} INFO - [2025-11-22T21:09:12.460+0500] {dagbag.py:588} INFO - Filling up the DagBag from /mnt/c/Users/Raj/OneDrive - Åbo Akademi O365/banking/airflow/.venv/lib/python3.12/site-packages/airflow/example_dags/example_python_operator.py
[2025-11-22T21:09:12.516+0500] {processor.py:925} INFO - DAG(s) 'example_python_operator' retrieved from /mnt/c/Users/Raj/OneDrive - Åbo Akademi O365/banking/airflow/.venv/lib/python3.12/site-packages/airflow/example_dags/example_python_operator.py
[2025-11-22T21:09:12.566+0500] {logging_mixin.py:190} INFO - [2025-11-22T21:09:12.563+0500] {dag.py:3239} INFO - Sync 1 DAGs
[2025-11-22T21:09:12.770+0500] {logging_mixin.py:190} INFO - [2025-11-22T21:09:12.768+0500] {dag.py:4180} INFO - Setting next_dagrun for example_python_operator to None, run_after=None
[2025-11-22T21:09:12.849+0500] {processor.py:208} INFO - Processing /mnt/c/Users/Raj/OneDrive - Åbo Akademi O365/banking/airflow/.venv/lib/python3.12/site-packages/airflow/example_dags/example_python_operator.py took 0.420 seconds
[2025-11-22T21:11:07.934+0500] {processor.py:186} INFO - Started process (PID=68442) to work on /mnt/c/Users/Raj/OneDrive - Åbo Akademi O365/banking/airflow/.venv/lib/python3.12/site-packages/airflow/example_dags/example_python_operator.py
[2025-11-22T21:11:07.936+0500] {processor.py:914} INFO - Processing file /mnt/c/Users/Raj/OneDrive - Åbo Akademi O365/banking/airflow/.venv/lib/python3.12/site-packages/airflow/example_dags/example_python_operator.py for tasks to queue
[2025-11-22T21:11:07.941+0500] {logging_mixin.py:190} INFO - [2025-11-22T21:11:07.938+0500] {dagbag.py:588} INFO - Filling up the DagBag from /mnt/c/Users/Raj/OneDrive - Åbo Akademi O365/banking/airflow/.venv/lib/python3.12/site-packages/airflow/example_dags/example_python_operator.py
[2025-11-22T21:11:07.981+0500] {processor.py:925} INFO - DAG(s) 'example_python_operator' retrieved from /mnt/c/Users/Raj/OneDrive - Åbo Akademi O365/banking/airflow/.venv/lib/python3.12/site-packages/airflow/example_dags/example_python_operator.py
[2025-11-22T21:11:08.016+0500] {logging_mixin.py:190} INFO - [2025-11-22T21:11:08.015+0500] {dag.py:3239} INFO - Sync 1 DAGs
[2025-11-22T21:11:08.163+0500] {logging_mixin.py:190} INFO - [2025-11-22T21:11:08.162+0500] {dag.py:4180} INFO - Setting next_dagrun for example_python_operator to None, run_after=None
[2025-11-22T21:11:08.229+0500] {processor.py:208} INFO - Processing /mnt/c/Users/Raj/OneDrive - Åbo Akademi O365/banking/airflow/.venv/lib/python3.12/site-packages/airflow/example_dags/example_python_operator.py took 0.322 seconds
[2025-11-22T21:12:58.591+0500] {processor.py:186} INFO - Started process (PID=68524) to work on /mnt/c/Users/Raj/OneDrive - Åbo Akademi O365/banking/airflow/.venv/lib/python3.12/site-packages/airflow/example_dags/example_python_operator.py
[2025-11-22T21:12:58.594+0500] {processor.py:914} INFO - Processing file /mnt/c/Users/Raj/OneDrive - Åbo Akademi O365/banking/airflow/.venv/lib/python3.12/site-packages/airflow/example_dags/example_python_operator.py for tasks to queue
[2025-11-22T21:12:58.599+0500] {logging_mixin.py:190} INFO - [2025-11-22T21:12:58.597+0500] {dagbag.py:588} INFO - Filling up the DagBag from /mnt/c/Users/Raj/OneDrive - Åbo Akademi O365/banking/airflow/.venv/lib/python3.12/site-packages/airflow/example_dags/example_python_operator.py
[2025-11-22T21:12:58.648+0500] {processor.py:925} INFO - DAG(s) 'example_python_operator' retrieved from /mnt/c/Users/Raj/OneDrive - Åbo Akademi O365/banking/airflow/.venv/lib/python3.12/site-packages/airflow/example_dags/example_python_operator.py
[2025-11-22T21:12:58.703+0500] {logging_mixin.py:190} INFO - [2025-11-22T21:12:58.702+0500] {dag.py:3239} INFO - Sync 1 DAGs
[2025-11-22T21:12:58.725+0500] {logging_mixin.py:190} INFO - [2025-11-22T21:12:58.724+0500] {dag.py:4180} INFO - Setting next_dagrun for example_python_operator to None, run_after=None
[2025-11-22T21:12:58.795+0500] {processor.py:208} INFO - Processing /mnt/c/Users/Raj/OneDrive - Åbo Akademi O365/banking/airflow/.venv/lib/python3.12/site-packages/airflow/example_dags/example_python_operator.py took 0.229 seconds
[2025-11-22T21:14:39.953+0500] {processor.py:186} INFO - Started process (PID=68605) to work on /mnt/c/Users/Raj/OneDrive - Åbo Akademi O365/banking/airflow/.venv/lib/python3.12/site-packages/airflow/example_dags/example_python_operator.py
[2025-11-22T21:14:39.956+0500] {processor.py:914} INFO - Processing file /mnt/c/Users/Raj/OneDrive - Åbo Akademi O365/banking/airflow/.venv/lib/python3.12/site-packages/airflow/example_dags/example_python_operator.py for tasks to queue
[2025-11-22T21:14:39.961+0500] {logging_mixin.py:190} INFO - [2025-11-22T21:14:39.959+0500] {dagbag.py:588} INFO - Filling up the DagBag from /mnt/c/Users/Raj/OneDrive - Åbo Akademi O365/banking/airflow/.venv/lib/python3.12/site-packages/airflow/example_dags/example_python_operator.py
[2025-11-22T21:14:40.006+0500] {processor.py:925} INFO - DAG(s) 'example_python_operator' retrieved from /mnt/c/Users/Raj/OneDrive - Åbo Akademi O365/banking/airflow/.venv/lib/python3.12/site-packages/airflow/example_dags/example_python_operator.py
[2025-11-22T21:14:40.042+0500] {logging_mixin.py:190} INFO - [2025-11-22T21:14:40.041+0500] {dag.py:3239} INFO - Sync 1 DAGs
[2025-11-22T21:14:40.061+0500] {logging_mixin.py:190} INFO - [2025-11-22T21:14:40.060+0500] {dag.py:4180} INFO - Setting next_dagrun for example_python_operator to None, run_after=None
[2025-11-22T21:14:40.146+0500] {processor.py:208} INFO - Processing /mnt/c/Users/Raj/OneDrive - Åbo Akademi O365/banking/airflow/.venv/lib/python3.12/site-packages/airflow/example_dags/example_python_operator.py took 0.214 seconds
[2025-11-22T21:16:19.363+0500] {processor.py:186} INFO - Started process (PID=68684) to work on /mnt/c/Users/Raj/OneDrive - Åbo Akademi O365/banking/airflow/.venv/lib/python3.12/site-packages/airflow/example_dags/example_python_operator.py
[2025-11-22T21:16:19.365+0500] {processor.py:914} INFO - Processing file /mnt/c/Users/Raj/OneDrive - Åbo Akademi O365/banking/airflow/.venv/lib/python3.12/site-packages/airflow/example_dags/example_python_operator.py for tasks to queue
[2025-11-22T21:16:19.370+0500] {logging_mixin.py:190} INFO - [2025-11-22T21:16:19.368+0500] {dagbag.py:588} INFO - Filling up the DagBag from /mnt/c/Users/Raj/OneDrive - Åbo Akademi O365/banking/airflow/.venv/lib/python3.12/site-packages/airflow/example_dags/example_python_operator.py
[2025-11-22T21:16:19.418+0500] {processor.py:925} INFO - DAG(s) 'example_python_operator' retrieved from /mnt/c/Users/Raj/OneDrive - Åbo Akademi O365/banking/airflow/.venv/lib/python3.12/site-packages/airflow/example_dags/example_python_operator.py
[2025-11-22T21:16:19.458+0500] {logging_mixin.py:190} INFO - [2025-11-22T21:16:19.457+0500] {dag.py:3239} INFO - Sync 1 DAGs
[2025-11-22T21:16:19.475+0500] {logging_mixin.py:190} INFO - [2025-11-22T21:16:19.474+0500] {dag.py:4180} INFO - Setting next_dagrun for example_python_operator to None, run_after=None
[2025-11-22T21:16:19.551+0500] {processor.py:208} INFO - Processing /mnt/c/Users/Raj/OneDrive - Åbo Akademi O365/banking/airflow/.venv/lib/python3.12/site-packages/airflow/example_dags/example_python_operator.py took 0.210 seconds
[2025-11-22T21:18:00.636+0500] {processor.py:186} INFO - Started process (PID=68760) to work on /mnt/c/Users/Raj/OneDrive - Åbo Akademi O365/banking/airflow/.venv/lib/python3.12/site-packages/airflow/example_dags/example_python_operator.py
[2025-11-22T21:18:00.638+0500] {processor.py:914} INFO - Processing file /mnt/c/Users/Raj/OneDrive - Åbo Akademi O365/banking/airflow/.venv/lib/python3.12/site-packages/airflow/example_dags/example_python_operator.py for tasks to queue
[2025-11-22T21:18:00.642+0500] {logging_mixin.py:190} INFO - [2025-11-22T21:18:00.641+0500] {dagbag.py:588} INFO - Filling up the DagBag from /mnt/c/Users/Raj/OneDrive - Åbo Akademi O365/banking/airflow/.venv/lib/python3.12/site-packages/airflow/example_dags/example_python_operator.py
[2025-11-22T21:18:00.688+0500] {processor.py:925} INFO - DAG(s) 'example_python_operator' retrieved from /mnt/c/Users/Raj/OneDrive - Åbo Akademi O365/banking/airflow/.venv/lib/python3.12/site-packages/airflow/example_dags/example_python_operator.py
[2025-11-22T21:18:00.736+0500] {logging_mixin.py:190} INFO - [2025-11-22T21:18:00.735+0500] {dag.py:3239} INFO - Sync 1 DAGs
[2025-11-22T21:18:00.760+0500] {logging_mixin.py:190} INFO - [2025-11-22T21:18:00.759+0500] {dag.py:4180} INFO - Setting next_dagrun for example_python_operator to None, run_after=None
[2025-11-22T21:18:00.839+0500] {processor.py:208} INFO - Processing /mnt/c/Users/Raj/OneDrive - Åbo Akademi O365/banking/airflow/.venv/lib/python3.12/site-packages/airflow/example_dags/example_python_operator.py took 0.223 seconds
[2025-11-22T21:19:45.211+0500] {processor.py:186} INFO - Started process (PID=68842) to work on /mnt/c/Users/Raj/OneDrive - Åbo Akademi O365/banking/airflow/.venv/lib/python3.12/site-packages/airflow/example_dags/example_python_operator.py
[2025-11-22T21:19:45.213+0500] {processor.py:914} INFO - Processing file /mnt/c/Users/Raj/OneDrive - Åbo Akademi O365/banking/airflow/.venv/lib/python3.12/site-packages/airflow/example_dags/example_python_operator.py for tasks to queue
[2025-11-22T21:19:45.218+0500] {logging_mixin.py:190} INFO - [2025-11-22T21:19:45.217+0500] {dagbag.py:588} INFO - Filling up the DagBag from /mnt/c/Users/Raj/OneDrive - Åbo Akademi O365/banking/airflow/.venv/lib/python3.12/site-packages/airflow/example_dags/example_python_operator.py
[2025-11-22T21:19:45.261+0500] {processor.py:925} INFO - DAG(s) 'example_python_operator' retrieved from /mnt/c/Users/Raj/OneDrive - Åbo Akademi O365/banking/airflow/.venv/lib/python3.12/site-packages/airflow/example_dags/example_python_operator.py
[2025-11-22T21:19:45.300+0500] {logging_mixin.py:190} INFO - [2025-11-22T21:19:45.298+0500] {dag.py:3239} INFO - Sync 1 DAGs
[2025-11-22T21:19:45.322+0500] {logging_mixin.py:190} INFO - [2025-11-22T21:19:45.321+0500] {dag.py:4180} INFO - Setting next_dagrun for example_python_operator to None, run_after=None
[2025-11-22T21:19:45.395+0500] {processor.py:208} INFO - Processing /mnt/c/Users/Raj/OneDrive - Åbo Akademi O365/banking/airflow/.venv/lib/python3.12/site-packages/airflow/example_dags/example_python_operator.py took 0.206 seconds
[2025-11-22T21:21:28.682+0500] {processor.py:186} INFO - Started process (PID=68925) to work on /mnt/c/Users/Raj/OneDrive - Åbo Akademi O365/banking/airflow/.venv/lib/python3.12/site-packages/airflow/example_dags/example_python_operator.py
[2025-11-22T21:21:28.684+0500] {processor.py:914} INFO - Processing file /mnt/c/Users/Raj/OneDrive - Åbo Akademi O365/banking/airflow/.venv/lib/python3.12/site-packages/airflow/example_dags/example_python_operator.py for tasks to queue
[2025-11-22T21:21:28.688+0500] {logging_mixin.py:190} INFO - [2025-11-22T21:21:28.686+0500] {dagbag.py:588} INFO - Filling up the DagBag from /mnt/c/Users/Raj/OneDrive - Åbo Akademi O365/banking/airflow/.venv/lib/python3.12/site-packages/airflow/example_dags/example_python_operator.py
[2025-11-22T21:21:28.722+0500] {processor.py:925} INFO - DAG(s) 'example_python_operator' retrieved from /mnt/c/Users/Raj/OneDrive - Åbo Akademi O365/banking/airflow/.venv/lib/python3.12/site-packages/airflow/example_dags/example_python_operator.py
[2025-11-22T21:21:28.760+0500] {logging_mixin.py:190} INFO - [2025-11-22T21:21:28.759+0500] {dag.py:3239} INFO - Sync 1 DAGs
[2025-11-22T21:21:28.780+0500] {logging_mixin.py:190} INFO - [2025-11-22T21:21:28.778+0500] {dag.py:4180} INFO - Setting next_dagrun for example_python_operator to None, run_after=None
[2025-11-22T21:21:28.860+0500] {processor.py:208} INFO - Processing /mnt/c/Users/Raj/OneDrive - Åbo Akademi O365/banking/airflow/.venv/lib/python3.12/site-packages/airflow/example_dags/example_python_operator.py took 0.194 seconds
[2025-11-22T21:23:13.990+0500] {processor.py:186} INFO - Started process (PID=69005) to work on /mnt/c/Users/Raj/OneDrive - Åbo Akademi O365/banking/airflow/.venv/lib/python3.12/site-packages/airflow/example_dags/example_python_operator.py
[2025-11-22T21:23:13.993+0500] {processor.py:914} INFO - Processing file /mnt/c/Users/Raj/OneDrive - Åbo Akademi O365/banking/airflow/.venv/lib/python3.12/site-packages/airflow/example_dags/example_python_operator.py for tasks to queue
[2025-11-22T21:23:13.997+0500] {logging_mixin.py:190} INFO - [2025-11-22T21:23:13.996+0500] {dagbag.py:588} INFO - Filling up the DagBag from /mnt/c/Users/Raj/OneDrive - Åbo Akademi O365/banking/airflow/.venv/lib/python3.12/site-packages/airflow/example_dags/example_python_operator.py
[2025-11-22T21:23:14.058+0500] {processor.py:925} INFO - DAG(s) 'example_python_operator' retrieved from /mnt/c/Users/Raj/OneDrive - Åbo Akademi O365/banking/airflow/.venv/lib/python3.12/site-packages/airflow/example_dags/example_python_operator.py
[2025-11-22T21:23:14.093+0500] {logging_mixin.py:190} INFO - [2025-11-22T21:23:14.092+0500] {dag.py:3239} INFO - Sync 1 DAGs
[2025-11-22T21:23:14.108+0500] {logging_mixin.py:190} INFO - [2025-11-22T21:23:14.107+0500] {dag.py:4180} INFO - Setting next_dagrun for example_python_operator to None, run_after=None
[2025-11-22T21:23:14.166+0500] {processor.py:208} INFO - Processing /mnt/c/Users/Raj/OneDrive - Åbo Akademi O365/banking/airflow/.venv/lib/python3.12/site-packages/airflow/example_dags/example_python_operator.py took 0.193 seconds
