[2025-11-22T20:15:50.285+0500] {processor.py:186} INFO - Started process (PID=65749) to work on /mnt/c/Users/Raj/OneDrive - Åbo Akademi O365/banking/airflow/.venv/lib/python3.12/site-packages/airflow/example_dags/example_branch_operator_decorator.py
[2025-11-22T20:15:50.287+0500] {processor.py:914} INFO - Processing file /mnt/c/Users/Raj/OneDrive - Åbo Akademi O365/banking/airflow/.venv/lib/python3.12/site-packages/airflow/example_dags/example_branch_operator_decorator.py for tasks to queue
[2025-11-22T20:15:50.291+0500] {logging_mixin.py:190} INFO - [2025-11-22T20:15:50.289+0500] {dagbag.py:588} INFO - Filling up the DagBag from /mnt/c/Users/Raj/OneDrive - Åbo Akademi O365/banking/airflow/.venv/lib/python3.12/site-packages/airflow/example_dags/example_branch_operator_decorator.py
[2025-11-22T20:15:50.340+0500] {processor.py:925} INFO - DAG(s) 'example_branch_python_operator_decorator' retrieved from /mnt/c/Users/Raj/OneDrive - Åbo Akademi O365/banking/airflow/.venv/lib/python3.12/site-packages/airflow/example_dags/example_branch_operator_decorator.py
[2025-11-22T20:15:50.387+0500] {logging_mixin.py:190} INFO - [2025-11-22T20:15:50.386+0500] {dag.py:3239} INFO - Sync 1 DAGs
[2025-11-22T20:15:50.413+0500] {logging_mixin.py:190} INFO - [2025-11-22T20:15:50.412+0500] {dag.py:4180} INFO - Setting next_dagrun for example_branch_python_operator_decorator to 2025-11-21 00:00:00+00:00, run_after=2025-11-22 00:00:00+00:00
[2025-11-22T20:15:50.470+0500] {processor.py:208} INFO - Processing /mnt/c/Users/Raj/OneDrive - Åbo Akademi O365/banking/airflow/.venv/lib/python3.12/site-packages/airflow/example_dags/example_branch_operator_decorator.py took 0.198 seconds
[2025-11-22T20:17:45.144+0500] {processor.py:186} INFO - Started process (PID=65849) to work on /mnt/c/Users/Raj/OneDrive - Åbo Akademi O365/banking/airflow/.venv/lib/python3.12/site-packages/airflow/example_dags/example_branch_operator_decorator.py
[2025-11-22T20:17:45.148+0500] {processor.py:914} INFO - Processing file /mnt/c/Users/Raj/OneDrive - Åbo Akademi O365/banking/airflow/.venv/lib/python3.12/site-packages/airflow/example_dags/example_branch_operator_decorator.py for tasks to queue
[2025-11-22T20:17:45.154+0500] {logging_mixin.py:190} INFO - [2025-11-22T20:17:45.151+0500] {dagbag.py:588} INFO - Filling up the DagBag from /mnt/c/Users/Raj/OneDrive - Åbo Akademi O365/banking/airflow/.venv/lib/python3.12/site-packages/airflow/example_dags/example_branch_operator_decorator.py
[2025-11-22T20:17:45.235+0500] {processor.py:925} INFO - DAG(s) 'example_branch_python_operator_decorator' retrieved from /mnt/c/Users/Raj/OneDrive - Åbo Akademi O365/banking/airflow/.venv/lib/python3.12/site-packages/airflow/example_dags/example_branch_operator_decorator.py
[2025-11-22T20:17:45.281+0500] {logging_mixin.py:190} INFO - [2025-11-22T20:17:45.280+0500] {dag.py:3239} INFO - Sync 1 DAGs
[2025-11-22T20:17:45.311+0500] {logging_mixin.py:190} INFO - [2025-11-22T20:17:45.310+0500] {dag.py:4180} INFO - Setting next_dagrun for example_branch_python_operator_decorator to 2025-11-21 00:00:00+00:00, run_after=2025-11-22 00:00:00+00:00
[2025-11-22T20:17:45.385+0500] {processor.py:208} INFO - Processing /mnt/c/Users/Raj/OneDrive - Åbo Akademi O365/banking/airflow/.venv/lib/python3.12/site-packages/airflow/example_dags/example_branch_operator_decorator.py took 0.267 seconds
[2025-11-22T20:21:25.280+0500] {processor.py:186} INFO - Started process (PID=65957) to work on /mnt/c/Users/Raj/OneDrive - Åbo Akademi O365/banking/airflow/.venv/lib/python3.12/site-packages/airflow/example_dags/example_branch_operator_decorator.py
[2025-11-22T20:21:25.283+0500] {processor.py:914} INFO - Processing file /mnt/c/Users/Raj/OneDrive - Åbo Akademi O365/banking/airflow/.venv/lib/python3.12/site-packages/airflow/example_dags/example_branch_operator_decorator.py for tasks to queue
[2025-11-22T20:21:25.295+0500] {logging_mixin.py:190} INFO - [2025-11-22T20:21:25.293+0500] {dagbag.py:588} INFO - Filling up the DagBag from /mnt/c/Users/Raj/OneDrive - Åbo Akademi O365/banking/airflow/.venv/lib/python3.12/site-packages/airflow/example_dags/example_branch_operator_decorator.py
[2025-11-22T20:21:25.493+0500] {processor.py:925} INFO - DAG(s) 'example_branch_python_operator_decorator' retrieved from /mnt/c/Users/Raj/OneDrive - Åbo Akademi O365/banking/airflow/.venv/lib/python3.12/site-packages/airflow/example_dags/example_branch_operator_decorator.py
[2025-11-22T20:21:28.180+0500] {logging_mixin.py:190} INFO - [2025-11-22T20:21:28.178+0500] {dag.py:3239} INFO - Sync 1 DAGs
[2025-11-22T20:21:28.247+0500] {logging_mixin.py:190} INFO - [2025-11-22T20:21:28.245+0500] {dag.py:4180} INFO - Setting next_dagrun for example_branch_python_operator_decorator to 2025-11-21 00:00:00+00:00, run_after=2025-11-22 00:00:00+00:00
[2025-11-22T20:21:28.359+0500] {processor.py:208} INFO - Processing /mnt/c/Users/Raj/OneDrive - Åbo Akademi O365/banking/airflow/.venv/lib/python3.12/site-packages/airflow/example_dags/example_branch_operator_decorator.py took 3.097 seconds
[2025-11-22T20:23:40.708+0500] {processor.py:186} INFO - Started process (PID=66065) to work on /mnt/c/Users/Raj/OneDrive - Åbo Akademi O365/banking/airflow/.venv/lib/python3.12/site-packages/airflow/example_dags/example_branch_operator_decorator.py
[2025-11-22T20:23:40.711+0500] {processor.py:914} INFO - Processing file /mnt/c/Users/Raj/OneDrive - Åbo Akademi O365/banking/airflow/.venv/lib/python3.12/site-packages/airflow/example_dags/example_branch_operator_decorator.py for tasks to queue
[2025-11-22T20:23:40.716+0500] {logging_mixin.py:190} INFO - [2025-11-22T20:23:40.714+0500] {dagbag.py:588} INFO - Filling up the DagBag from /mnt/c/Users/Raj/OneDrive - Åbo Akademi O365/banking/airflow/.venv/lib/python3.12/site-packages/airflow/example_dags/example_branch_operator_decorator.py
[2025-11-22T20:23:40.853+0500] {processor.py:925} INFO - DAG(s) 'example_branch_python_operator_decorator' retrieved from /mnt/c/Users/Raj/OneDrive - Åbo Akademi O365/banking/airflow/.venv/lib/python3.12/site-packages/airflow/example_dags/example_branch_operator_decorator.py
[2025-11-22T20:23:40.912+0500] {logging_mixin.py:190} INFO - [2025-11-22T20:23:40.910+0500] {dag.py:3239} INFO - Sync 1 DAGs
[2025-11-22T20:23:40.948+0500] {logging_mixin.py:190} INFO - [2025-11-22T20:23:40.946+0500] {dag.py:4180} INFO - Setting next_dagrun for example_branch_python_operator_decorator to 2025-11-21 00:00:00+00:00, run_after=2025-11-22 00:00:00+00:00
[2025-11-22T20:23:41.024+0500] {processor.py:208} INFO - Processing /mnt/c/Users/Raj/OneDrive - Åbo Akademi O365/banking/airflow/.venv/lib/python3.12/site-packages/airflow/example_dags/example_branch_operator_decorator.py took 0.337 seconds
[2025-11-22T20:28:30.714+0500] {processor.py:186} INFO - Started process (PID=66289) to work on /mnt/c/Users/Raj/OneDrive - Åbo Akademi O365/banking/airflow/.venv/lib/python3.12/site-packages/airflow/example_dags/example_branch_operator_decorator.py
[2025-11-22T20:28:30.717+0500] {processor.py:914} INFO - Processing file /mnt/c/Users/Raj/OneDrive - Åbo Akademi O365/banking/airflow/.venv/lib/python3.12/site-packages/airflow/example_dags/example_branch_operator_decorator.py for tasks to queue
[2025-11-22T20:28:30.721+0500] {logging_mixin.py:190} INFO - [2025-11-22T20:28:30.719+0500] {dagbag.py:588} INFO - Filling up the DagBag from /mnt/c/Users/Raj/OneDrive - Åbo Akademi O365/banking/airflow/.venv/lib/python3.12/site-packages/airflow/example_dags/example_branch_operator_decorator.py
[2025-11-22T20:28:30.803+0500] {processor.py:925} INFO - DAG(s) 'example_branch_python_operator_decorator' retrieved from /mnt/c/Users/Raj/OneDrive - Åbo Akademi O365/banking/airflow/.venv/lib/python3.12/site-packages/airflow/example_dags/example_branch_operator_decorator.py
[2025-11-22T20:28:30.857+0500] {logging_mixin.py:190} INFO - [2025-11-22T20:28:30.855+0500] {dag.py:3239} INFO - Sync 1 DAGs
[2025-11-22T20:28:30.888+0500] {logging_mixin.py:190} INFO - [2025-11-22T20:28:30.887+0500] {dag.py:4180} INFO - Setting next_dagrun for example_branch_python_operator_decorator to 2025-11-21 00:00:00+00:00, run_after=2025-11-22 00:00:00+00:00
[2025-11-22T20:28:30.976+0500] {processor.py:208} INFO - Processing /mnt/c/Users/Raj/OneDrive - Åbo Akademi O365/banking/airflow/.venv/lib/python3.12/site-packages/airflow/example_dags/example_branch_operator_decorator.py took 0.280 seconds
[2025-11-22T20:30:25.682+0500] {processor.py:186} INFO - Started process (PID=66407) to work on /mnt/c/Users/Raj/OneDrive - Åbo Akademi O365/banking/airflow/.venv/lib/python3.12/site-packages/airflow/example_dags/example_branch_operator_decorator.py
[2025-11-22T20:30:25.692+0500] {processor.py:914} INFO - Processing file /mnt/c/Users/Raj/OneDrive - Åbo Akademi O365/banking/airflow/.venv/lib/python3.12/site-packages/airflow/example_dags/example_branch_operator_decorator.py for tasks to queue
[2025-11-22T20:30:25.698+0500] {logging_mixin.py:190} INFO - [2025-11-22T20:30:25.696+0500] {dagbag.py:588} INFO - Filling up the DagBag from /mnt/c/Users/Raj/OneDrive - Åbo Akademi O365/banking/airflow/.venv/lib/python3.12/site-packages/airflow/example_dags/example_branch_operator_decorator.py
[2025-11-22T20:30:25.826+0500] {processor.py:925} INFO - DAG(s) 'example_branch_python_operator_decorator' retrieved from /mnt/c/Users/Raj/OneDrive - Åbo Akademi O365/banking/airflow/.venv/lib/python3.12/site-packages/airflow/example_dags/example_branch_operator_decorator.py
[2025-11-22T20:30:25.930+0500] {logging_mixin.py:190} INFO - [2025-11-22T20:30:25.928+0500] {dag.py:3239} INFO - Sync 1 DAGs
[2025-11-22T20:30:26.020+0500] {logging_mixin.py:190} INFO - [2025-11-22T20:30:26.018+0500] {dag.py:4180} INFO - Setting next_dagrun for example_branch_python_operator_decorator to 2025-11-21 00:00:00+00:00, run_after=2025-11-22 00:00:00+00:00
[2025-11-22T20:30:26.129+0500] {processor.py:208} INFO - Processing /mnt/c/Users/Raj/OneDrive - Åbo Akademi O365/banking/airflow/.venv/lib/python3.12/site-packages/airflow/example_dags/example_branch_operator_decorator.py took 0.468 seconds
[2025-11-22T20:34:03.037+0500] {processor.py:186} INFO - Started process (PID=66562) to work on /mnt/c/Users/Raj/OneDrive - Åbo Akademi O365/banking/airflow/.venv/lib/python3.12/site-packages/airflow/example_dags/example_branch_operator_decorator.py
[2025-11-22T20:34:03.040+0500] {processor.py:914} INFO - Processing file /mnt/c/Users/Raj/OneDrive - Åbo Akademi O365/banking/airflow/.venv/lib/python3.12/site-packages/airflow/example_dags/example_branch_operator_decorator.py for tasks to queue
[2025-11-22T20:34:03.044+0500] {logging_mixin.py:190} INFO - [2025-11-22T20:34:03.042+0500] {dagbag.py:588} INFO - Filling up the DagBag from /mnt/c/Users/Raj/OneDrive - Åbo Akademi O365/banking/airflow/.venv/lib/python3.12/site-packages/airflow/example_dags/example_branch_operator_decorator.py
[2025-11-22T20:34:03.120+0500] {processor.py:925} INFO - DAG(s) 'example_branch_python_operator_decorator' retrieved from /mnt/c/Users/Raj/OneDrive - Åbo Akademi O365/banking/airflow/.venv/lib/python3.12/site-packages/airflow/example_dags/example_branch_operator_decorator.py
[2025-11-22T20:34:03.164+0500] {logging_mixin.py:190} INFO - [2025-11-22T20:34:03.163+0500] {dag.py:3239} INFO - Sync 1 DAGs
[2025-11-22T20:34:03.196+0500] {logging_mixin.py:190} INFO - [2025-11-22T20:34:03.194+0500] {dag.py:4180} INFO - Setting next_dagrun for example_branch_python_operator_decorator to 2025-11-21 00:00:00+00:00, run_after=2025-11-22 00:00:00+00:00
[2025-11-22T20:34:03.273+0500] {processor.py:208} INFO - Processing /mnt/c/Users/Raj/OneDrive - Åbo Akademi O365/banking/airflow/.venv/lib/python3.12/site-packages/airflow/example_dags/example_branch_operator_decorator.py took 0.255 seconds
[2025-11-22T20:35:56.225+0500] {processor.py:186} INFO - Started process (PID=66645) to work on /mnt/c/Users/Raj/OneDrive - Åbo Akademi O365/banking/airflow/.venv/lib/python3.12/site-packages/airflow/example_dags/example_branch_operator_decorator.py
[2025-11-22T20:35:56.227+0500] {processor.py:914} INFO - Processing file /mnt/c/Users/Raj/OneDrive - Åbo Akademi O365/banking/airflow/.venv/lib/python3.12/site-packages/airflow/example_dags/example_branch_operator_decorator.py for tasks to queue
[2025-11-22T20:35:56.232+0500] {logging_mixin.py:190} INFO - [2025-11-22T20:35:56.230+0500] {dagbag.py:588} INFO - Filling up the DagBag from /mnt/c/Users/Raj/OneDrive - Åbo Akademi O365/banking/airflow/.venv/lib/python3.12/site-packages/airflow/example_dags/example_branch_operator_decorator.py
[2025-11-22T20:35:56.305+0500] {processor.py:925} INFO - DAG(s) 'example_branch_python_operator_decorator' retrieved from /mnt/c/Users/Raj/OneDrive - Åbo Akademi O365/banking/airflow/.venv/lib/python3.12/site-packages/airflow/example_dags/example_branch_operator_decorator.py
[2025-11-22T20:35:56.355+0500] {logging_mixin.py:190} INFO - [2025-11-22T20:35:56.354+0500] {dag.py:3239} INFO - Sync 1 DAGs
[2025-11-22T20:35:56.388+0500] {logging_mixin.py:190} INFO - [2025-11-22T20:35:56.386+0500] {dag.py:4180} INFO - Setting next_dagrun for example_branch_python_operator_decorator to 2025-11-21 00:00:00+00:00, run_after=2025-11-22 00:00:00+00:00
[2025-11-22T20:35:56.464+0500] {processor.py:208} INFO - Processing /mnt/c/Users/Raj/OneDrive - Åbo Akademi O365/banking/airflow/.venv/lib/python3.12/site-packages/airflow/example_dags/example_branch_operator_decorator.py took 0.260 seconds
[2025-11-22T20:38:38.572+0500] {processor.py:186} INFO - Started process (PID=66788) to work on /mnt/c/Users/Raj/OneDrive - Åbo Akademi O365/banking/airflow/.venv/lib/python3.12/site-packages/airflow/example_dags/example_branch_operator_decorator.py
[2025-11-22T20:38:38.574+0500] {processor.py:914} INFO - Processing file /mnt/c/Users/Raj/OneDrive - Åbo Akademi O365/banking/airflow/.venv/lib/python3.12/site-packages/airflow/example_dags/example_branch_operator_decorator.py for tasks to queue
[2025-11-22T20:38:38.577+0500] {logging_mixin.py:190} INFO - [2025-11-22T20:38:38.576+0500] {dagbag.py:588} INFO - Filling up the DagBag from /mnt/c/Users/Raj/OneDrive - Åbo Akademi O365/banking/airflow/.venv/lib/python3.12/site-packages/airflow/example_dags/example_branch_operator_decorator.py
[2025-11-22T20:38:38.632+0500] {processor.py:925} INFO - DAG(s) 'example_branch_python_operator_decorator' retrieved from /mnt/c/Users/Raj/OneDrive - Åbo Akademi O365/banking/airflow/.venv/lib/python3.12/site-packages/airflow/example_dags/example_branch_operator_decorator.py
[2025-11-22T20:38:38.674+0500] {logging_mixin.py:190} INFO - [2025-11-22T20:38:38.673+0500] {dag.py:3239} INFO - Sync 1 DAGs
[2025-11-22T20:38:38.701+0500] {logging_mixin.py:190} INFO - [2025-11-22T20:38:38.699+0500] {dag.py:4180} INFO - Setting next_dagrun for example_branch_python_operator_decorator to 2025-11-21 00:00:00+00:00, run_after=2025-11-22 00:00:00+00:00
[2025-11-22T20:38:38.773+0500] {processor.py:208} INFO - Processing /mnt/c/Users/Raj/OneDrive - Åbo Akademi O365/banking/airflow/.venv/lib/python3.12/site-packages/airflow/example_dags/example_branch_operator_decorator.py took 0.213 seconds
[2025-11-22T20:40:23.185+0500] {processor.py:186} INFO - Started process (PID=66894) to work on /mnt/c/Users/Raj/OneDrive - Åbo Akademi O365/banking/airflow/.venv/lib/python3.12/site-packages/airflow/example_dags/example_branch_operator_decorator.py
[2025-11-22T20:40:23.188+0500] {processor.py:914} INFO - Processing file /mnt/c/Users/Raj/OneDrive - Åbo Akademi O365/banking/airflow/.venv/lib/python3.12/site-packages/airflow/example_dags/example_branch_operator_decorator.py for tasks to queue
[2025-11-22T20:40:23.192+0500] {logging_mixin.py:190} INFO - [2025-11-22T20:40:23.190+0500] {dagbag.py:588} INFO - Filling up the DagBag from /mnt/c/Users/Raj/OneDrive - Åbo Akademi O365/banking/airflow/.venv/lib/python3.12/site-packages/airflow/example_dags/example_branch_operator_decorator.py
[2025-11-22T20:40:23.281+0500] {processor.py:925} INFO - DAG(s) 'example_branch_python_operator_decorator' retrieved from /mnt/c/Users/Raj/OneDrive - Åbo Akademi O365/banking/airflow/.venv/lib/python3.12/site-packages/airflow/example_dags/example_branch_operator_decorator.py
[2025-11-22T20:40:23.326+0500] {logging_mixin.py:190} INFO - [2025-11-22T20:40:23.325+0500] {dag.py:3239} INFO - Sync 1 DAGs
[2025-11-22T20:40:23.355+0500] {logging_mixin.py:190} INFO - [2025-11-22T20:40:23.353+0500] {dag.py:4180} INFO - Setting next_dagrun for example_branch_python_operator_decorator to 2025-11-21 00:00:00+00:00, run_after=2025-11-22 00:00:00+00:00
[2025-11-22T20:40:23.424+0500] {processor.py:208} INFO - Processing /mnt/c/Users/Raj/OneDrive - Åbo Akademi O365/banking/airflow/.venv/lib/python3.12/site-packages/airflow/example_dags/example_branch_operator_decorator.py took 0.254 seconds
[2025-11-22T20:42:11.711+0500] {processor.py:186} INFO - Started process (PID=67009) to work on /mnt/c/Users/Raj/OneDrive - Åbo Akademi O365/banking/airflow/.venv/lib/python3.12/site-packages/airflow/example_dags/example_branch_operator_decorator.py
[2025-11-22T20:42:11.713+0500] {processor.py:914} INFO - Processing file /mnt/c/Users/Raj/OneDrive - Åbo Akademi O365/banking/airflow/.venv/lib/python3.12/site-packages/airflow/example_dags/example_branch_operator_decorator.py for tasks to queue
[2025-11-22T20:42:11.718+0500] {logging_mixin.py:190} INFO - [2025-11-22T20:42:11.716+0500] {dagbag.py:588} INFO - Filling up the DagBag from /mnt/c/Users/Raj/OneDrive - Åbo Akademi O365/banking/airflow/.venv/lib/python3.12/site-packages/airflow/example_dags/example_branch_operator_decorator.py
[2025-11-22T20:42:11.799+0500] {processor.py:925} INFO - DAG(s) 'example_branch_python_operator_decorator' retrieved from /mnt/c/Users/Raj/OneDrive - Åbo Akademi O365/banking/airflow/.venv/lib/python3.12/site-packages/airflow/example_dags/example_branch_operator_decorator.py
[2025-11-22T20:42:11.849+0500] {logging_mixin.py:190} INFO - [2025-11-22T20:42:11.848+0500] {dag.py:3239} INFO - Sync 1 DAGs
[2025-11-22T20:42:11.879+0500] {logging_mixin.py:190} INFO - [2025-11-22T20:42:11.878+0500] {dag.py:4180} INFO - Setting next_dagrun for example_branch_python_operator_decorator to 2025-11-21 00:00:00+00:00, run_after=2025-11-22 00:00:00+00:00
[2025-11-22T20:42:11.962+0500] {processor.py:208} INFO - Processing /mnt/c/Users/Raj/OneDrive - Åbo Akademi O365/banking/airflow/.venv/lib/python3.12/site-packages/airflow/example_dags/example_branch_operator_decorator.py took 0.269 seconds
[2025-11-22T20:44:27.598+0500] {processor.py:186} INFO - Started process (PID=67110) to work on /mnt/c/Users/Raj/OneDrive - Åbo Akademi O365/banking/airflow/.venv/lib/python3.12/site-packages/airflow/example_dags/example_branch_operator_decorator.py
[2025-11-22T20:44:27.600+0500] {processor.py:914} INFO - Processing file /mnt/c/Users/Raj/OneDrive - Åbo Akademi O365/banking/airflow/.venv/lib/python3.12/site-packages/airflow/example_dags/example_branch_operator_decorator.py for tasks to queue
[2025-11-22T20:44:27.605+0500] {logging_mixin.py:190} INFO - [2025-11-22T20:44:27.603+0500] {dagbag.py:588} INFO - Filling up the DagBag from /mnt/c/Users/Raj/OneDrive - Åbo Akademi O365/banking/airflow/.venv/lib/python3.12/site-packages/airflow/example_dags/example_branch_operator_decorator.py
[2025-11-22T20:44:27.676+0500] {processor.py:925} INFO - DAG(s) 'example_branch_python_operator_decorator' retrieved from /mnt/c/Users/Raj/OneDrive - Åbo Akademi O365/banking/airflow/.venv/lib/python3.12/site-packages/airflow/example_dags/example_branch_operator_decorator.py
[2025-11-22T20:44:27.716+0500] {logging_mixin.py:190} INFO - [2025-11-22T20:44:27.715+0500] {dag.py:3239} INFO - Sync 1 DAGs
[2025-11-22T20:44:27.744+0500] {logging_mixin.py:190} INFO - [2025-11-22T20:44:27.743+0500] {dag.py:4180} INFO - Setting next_dagrun for example_branch_python_operator_decorator to 2025-11-21 00:00:00+00:00, run_after=2025-11-22 00:00:00+00:00
[2025-11-22T20:44:27.826+0500] {processor.py:208} INFO - Processing /mnt/c/Users/Raj/OneDrive - Åbo Akademi O365/banking/airflow/.venv/lib/python3.12/site-packages/airflow/example_dags/example_branch_operator_decorator.py took 0.247 seconds
[2025-11-22T20:46:02.609+0500] {processor.py:186} INFO - Started process (PID=67189) to work on /mnt/c/Users/Raj/OneDrive - Åbo Akademi O365/banking/airflow/.venv/lib/python3.12/site-packages/airflow/example_dags/example_branch_operator_decorator.py
[2025-11-22T20:46:02.611+0500] {processor.py:914} INFO - Processing file /mnt/c/Users/Raj/OneDrive - Åbo Akademi O365/banking/airflow/.venv/lib/python3.12/site-packages/airflow/example_dags/example_branch_operator_decorator.py for tasks to queue
[2025-11-22T20:46:02.615+0500] {logging_mixin.py:190} INFO - [2025-11-22T20:46:02.614+0500] {dagbag.py:588} INFO - Filling up the DagBag from /mnt/c/Users/Raj/OneDrive - Åbo Akademi O365/banking/airflow/.venv/lib/python3.12/site-packages/airflow/example_dags/example_branch_operator_decorator.py
[2025-11-22T20:46:02.677+0500] {processor.py:925} INFO - DAG(s) 'example_branch_python_operator_decorator' retrieved from /mnt/c/Users/Raj/OneDrive - Åbo Akademi O365/banking/airflow/.venv/lib/python3.12/site-packages/airflow/example_dags/example_branch_operator_decorator.py
[2025-11-22T20:46:02.721+0500] {logging_mixin.py:190} INFO - [2025-11-22T20:46:02.720+0500] {dag.py:3239} INFO - Sync 1 DAGs
[2025-11-22T20:46:02.747+0500] {logging_mixin.py:190} INFO - [2025-11-22T20:46:02.746+0500] {dag.py:4180} INFO - Setting next_dagrun for example_branch_python_operator_decorator to 2025-11-21 00:00:00+00:00, run_after=2025-11-22 00:00:00+00:00
[2025-11-22T20:46:02.816+0500] {processor.py:208} INFO - Processing /mnt/c/Users/Raj/OneDrive - Åbo Akademi O365/banking/airflow/.venv/lib/python3.12/site-packages/airflow/example_dags/example_branch_operator_decorator.py took 0.224 seconds
[2025-11-22T20:47:47.510+0500] {processor.py:186} INFO - Started process (PID=67269) to work on /mnt/c/Users/Raj/OneDrive - Åbo Akademi O365/banking/airflow/.venv/lib/python3.12/site-packages/airflow/example_dags/example_branch_operator_decorator.py
[2025-11-22T20:47:47.512+0500] {processor.py:914} INFO - Processing file /mnt/c/Users/Raj/OneDrive - Åbo Akademi O365/banking/airflow/.venv/lib/python3.12/site-packages/airflow/example_dags/example_branch_operator_decorator.py for tasks to queue
[2025-11-22T20:47:47.514+0500] {logging_mixin.py:190} INFO - [2025-11-22T20:47:47.513+0500] {dagbag.py:588} INFO - Filling up the DagBag from /mnt/c/Users/Raj/OneDrive - Åbo Akademi O365/banking/airflow/.venv/lib/python3.12/site-packages/airflow/example_dags/example_branch_operator_decorator.py
[2025-11-22T20:47:47.563+0500] {processor.py:925} INFO - DAG(s) 'example_branch_python_operator_decorator' retrieved from /mnt/c/Users/Raj/OneDrive - Åbo Akademi O365/banking/airflow/.venv/lib/python3.12/site-packages/airflow/example_dags/example_branch_operator_decorator.py
[2025-11-22T20:47:47.600+0500] {logging_mixin.py:190} INFO - [2025-11-22T20:47:47.599+0500] {dag.py:3239} INFO - Sync 1 DAGs
[2025-11-22T20:47:47.622+0500] {logging_mixin.py:190} INFO - [2025-11-22T20:47:47.621+0500] {dag.py:4180} INFO - Setting next_dagrun for example_branch_python_operator_decorator to 2025-11-21 00:00:00+00:00, run_after=2025-11-22 00:00:00+00:00
[2025-11-22T20:47:47.676+0500] {processor.py:208} INFO - Processing /mnt/c/Users/Raj/OneDrive - Åbo Akademi O365/banking/airflow/.venv/lib/python3.12/site-packages/airflow/example_dags/example_branch_operator_decorator.py took 0.179 seconds
[2025-11-22T20:49:27.561+0500] {processor.py:186} INFO - Started process (PID=67349) to work on /mnt/c/Users/Raj/OneDrive - Åbo Akademi O365/banking/airflow/.venv/lib/python3.12/site-packages/airflow/example_dags/example_branch_operator_decorator.py
[2025-11-22T20:49:27.563+0500] {processor.py:914} INFO - Processing file /mnt/c/Users/Raj/OneDrive - Åbo Akademi O365/banking/airflow/.venv/lib/python3.12/site-packages/airflow/example_dags/example_branch_operator_decorator.py for tasks to queue
[2025-11-22T20:49:27.568+0500] {logging_mixin.py:190} INFO - [2025-11-22T20:49:27.566+0500] {dagbag.py:588} INFO - Filling up the DagBag from /mnt/c/Users/Raj/OneDrive - Åbo Akademi O365/banking/airflow/.venv/lib/python3.12/site-packages/airflow/example_dags/example_branch_operator_decorator.py
[2025-11-22T20:49:27.634+0500] {processor.py:925} INFO - DAG(s) 'example_branch_python_operator_decorator' retrieved from /mnt/c/Users/Raj/OneDrive - Åbo Akademi O365/banking/airflow/.venv/lib/python3.12/site-packages/airflow/example_dags/example_branch_operator_decorator.py
[2025-11-22T20:49:27.675+0500] {logging_mixin.py:190} INFO - [2025-11-22T20:49:27.674+0500] {dag.py:3239} INFO - Sync 1 DAGs
[2025-11-22T20:49:27.701+0500] {logging_mixin.py:190} INFO - [2025-11-22T20:49:27.700+0500] {dag.py:4180} INFO - Setting next_dagrun for example_branch_python_operator_decorator to 2025-11-21 00:00:00+00:00, run_after=2025-11-22 00:00:00+00:00
[2025-11-22T20:49:27.767+0500] {processor.py:208} INFO - Processing /mnt/c/Users/Raj/OneDrive - Åbo Akademi O365/banking/airflow/.venv/lib/python3.12/site-packages/airflow/example_dags/example_branch_operator_decorator.py took 0.222 seconds
[2025-11-22T20:51:10.648+0500] {processor.py:186} INFO - Started process (PID=67430) to work on /mnt/c/Users/Raj/OneDrive - Åbo Akademi O365/banking/airflow/.venv/lib/python3.12/site-packages/airflow/example_dags/example_branch_operator_decorator.py
[2025-11-22T20:51:10.651+0500] {processor.py:914} INFO - Processing file /mnt/c/Users/Raj/OneDrive - Åbo Akademi O365/banking/airflow/.venv/lib/python3.12/site-packages/airflow/example_dags/example_branch_operator_decorator.py for tasks to queue
[2025-11-22T20:51:10.655+0500] {logging_mixin.py:190} INFO - [2025-11-22T20:51:10.654+0500] {dagbag.py:588} INFO - Filling up the DagBag from /mnt/c/Users/Raj/OneDrive - Åbo Akademi O365/banking/airflow/.venv/lib/python3.12/site-packages/airflow/example_dags/example_branch_operator_decorator.py
[2025-11-22T20:51:10.730+0500] {processor.py:925} INFO - DAG(s) 'example_branch_python_operator_decorator' retrieved from /mnt/c/Users/Raj/OneDrive - Åbo Akademi O365/banking/airflow/.venv/lib/python3.12/site-packages/airflow/example_dags/example_branch_operator_decorator.py
[2025-11-22T20:51:10.782+0500] {logging_mixin.py:190} INFO - [2025-11-22T20:51:10.781+0500] {dag.py:3239} INFO - Sync 1 DAGs
[2025-11-22T20:51:10.812+0500] {logging_mixin.py:190} INFO - [2025-11-22T20:51:10.811+0500] {dag.py:4180} INFO - Setting next_dagrun for example_branch_python_operator_decorator to 2025-11-21 00:00:00+00:00, run_after=2025-11-22 00:00:00+00:00
[2025-11-22T20:51:10.887+0500] {processor.py:208} INFO - Processing /mnt/c/Users/Raj/OneDrive - Åbo Akademi O365/banking/airflow/.venv/lib/python3.12/site-packages/airflow/example_dags/example_branch_operator_decorator.py took 0.257 seconds
[2025-11-22T20:52:54.795+0500] {processor.py:186} INFO - Started process (PID=67507) to work on /mnt/c/Users/Raj/OneDrive - Åbo Akademi O365/banking/airflow/.venv/lib/python3.12/site-packages/airflow/example_dags/example_branch_operator_decorator.py
[2025-11-22T20:52:54.797+0500] {processor.py:914} INFO - Processing file /mnt/c/Users/Raj/OneDrive - Åbo Akademi O365/banking/airflow/.venv/lib/python3.12/site-packages/airflow/example_dags/example_branch_operator_decorator.py for tasks to queue
[2025-11-22T20:52:54.800+0500] {logging_mixin.py:190} INFO - [2025-11-22T20:52:54.799+0500] {dagbag.py:588} INFO - Filling up the DagBag from /mnt/c/Users/Raj/OneDrive - Åbo Akademi O365/banking/airflow/.venv/lib/python3.12/site-packages/airflow/example_dags/example_branch_operator_decorator.py
[2025-11-22T20:52:54.864+0500] {processor.py:925} INFO - DAG(s) 'example_branch_python_operator_decorator' retrieved from /mnt/c/Users/Raj/OneDrive - Åbo Akademi O365/banking/airflow/.venv/lib/python3.12/site-packages/airflow/example_dags/example_branch_operator_decorator.py
[2025-11-22T20:52:54.918+0500] {logging_mixin.py:190} INFO - [2025-11-22T20:52:54.917+0500] {dag.py:3239} INFO - Sync 1 DAGs
[2025-11-22T20:52:54.947+0500] {logging_mixin.py:190} INFO - [2025-11-22T20:52:54.946+0500] {dag.py:4180} INFO - Setting next_dagrun for example_branch_python_operator_decorator to 2025-11-21 00:00:00+00:00, run_after=2025-11-22 00:00:00+00:00
[2025-11-22T20:52:55.023+0500] {processor.py:208} INFO - Processing /mnt/c/Users/Raj/OneDrive - Åbo Akademi O365/banking/airflow/.venv/lib/python3.12/site-packages/airflow/example_dags/example_branch_operator_decorator.py took 0.242 seconds
[2025-11-22T20:54:36.222+0500] {processor.py:186} INFO - Started process (PID=67589) to work on /mnt/c/Users/Raj/OneDrive - Åbo Akademi O365/banking/airflow/.venv/lib/python3.12/site-packages/airflow/example_dags/example_branch_operator_decorator.py
[2025-11-22T20:54:36.225+0500] {processor.py:914} INFO - Processing file /mnt/c/Users/Raj/OneDrive - Åbo Akademi O365/banking/airflow/.venv/lib/python3.12/site-packages/airflow/example_dags/example_branch_operator_decorator.py for tasks to queue
[2025-11-22T20:54:36.230+0500] {logging_mixin.py:190} INFO - [2025-11-22T20:54:36.228+0500] {dagbag.py:588} INFO - Filling up the DagBag from /mnt/c/Users/Raj/OneDrive - Åbo Akademi O365/banking/airflow/.venv/lib/python3.12/site-packages/airflow/example_dags/example_branch_operator_decorator.py
[2025-11-22T20:54:36.300+0500] {processor.py:925} INFO - DAG(s) 'example_branch_python_operator_decorator' retrieved from /mnt/c/Users/Raj/OneDrive - Åbo Akademi O365/banking/airflow/.venv/lib/python3.12/site-packages/airflow/example_dags/example_branch_operator_decorator.py
[2025-11-22T20:54:36.343+0500] {logging_mixin.py:190} INFO - [2025-11-22T20:54:36.342+0500] {dag.py:3239} INFO - Sync 1 DAGs
[2025-11-22T20:54:36.379+0500] {logging_mixin.py:190} INFO - [2025-11-22T20:54:36.378+0500] {dag.py:4180} INFO - Setting next_dagrun for example_branch_python_operator_decorator to 2025-11-21 00:00:00+00:00, run_after=2025-11-22 00:00:00+00:00
[2025-11-22T20:54:36.447+0500] {processor.py:208} INFO - Processing /mnt/c/Users/Raj/OneDrive - Åbo Akademi O365/banking/airflow/.venv/lib/python3.12/site-packages/airflow/example_dags/example_branch_operator_decorator.py took 0.241 seconds
[2025-11-22T20:56:20.949+0500] {processor.py:186} INFO - Started process (PID=67754) to work on /mnt/c/Users/Raj/OneDrive - Åbo Akademi O365/banking/airflow/.venv/lib/python3.12/site-packages/airflow/example_dags/example_branch_operator_decorator.py
[2025-11-22T20:56:20.951+0500] {processor.py:914} INFO - Processing file /mnt/c/Users/Raj/OneDrive - Åbo Akademi O365/banking/airflow/.venv/lib/python3.12/site-packages/airflow/example_dags/example_branch_operator_decorator.py for tasks to queue
[2025-11-22T20:56:20.956+0500] {logging_mixin.py:190} INFO - [2025-11-22T20:56:20.954+0500] {dagbag.py:588} INFO - Filling up the DagBag from /mnt/c/Users/Raj/OneDrive - Åbo Akademi O365/banking/airflow/.venv/lib/python3.12/site-packages/airflow/example_dags/example_branch_operator_decorator.py
[2025-11-22T20:56:21.023+0500] {processor.py:925} INFO - DAG(s) 'example_branch_python_operator_decorator' retrieved from /mnt/c/Users/Raj/OneDrive - Åbo Akademi O365/banking/airflow/.venv/lib/python3.12/site-packages/airflow/example_dags/example_branch_operator_decorator.py
[2025-11-22T20:56:21.071+0500] {logging_mixin.py:190} INFO - [2025-11-22T20:56:21.070+0500] {dag.py:3239} INFO - Sync 1 DAGs
[2025-11-22T20:56:21.106+0500] {logging_mixin.py:190} INFO - [2025-11-22T20:56:21.104+0500] {dag.py:4180} INFO - Setting next_dagrun for example_branch_python_operator_decorator to 2025-11-21 00:00:00+00:00, run_after=2025-11-22 00:00:00+00:00
[2025-11-22T20:56:21.181+0500] {processor.py:208} INFO - Processing /mnt/c/Users/Raj/OneDrive - Åbo Akademi O365/banking/airflow/.venv/lib/python3.12/site-packages/airflow/example_dags/example_branch_operator_decorator.py took 0.250 seconds
[2025-11-22T20:58:05.438+0500] {processor.py:186} INFO - Started process (PID=67834) to work on /mnt/c/Users/Raj/OneDrive - Åbo Akademi O365/banking/airflow/.venv/lib/python3.12/site-packages/airflow/example_dags/example_branch_operator_decorator.py
[2025-11-22T20:58:05.441+0500] {processor.py:914} INFO - Processing file /mnt/c/Users/Raj/OneDrive - Åbo Akademi O365/banking/airflow/.venv/lib/python3.12/site-packages/airflow/example_dags/example_branch_operator_decorator.py for tasks to queue
[2025-11-22T20:58:05.445+0500] {logging_mixin.py:190} INFO - [2025-11-22T20:58:05.444+0500] {dagbag.py:588} INFO - Filling up the DagBag from /mnt/c/Users/Raj/OneDrive - Åbo Akademi O365/banking/airflow/.venv/lib/python3.12/site-packages/airflow/example_dags/example_branch_operator_decorator.py
[2025-11-22T20:58:05.522+0500] {processor.py:925} INFO - DAG(s) 'example_branch_python_operator_decorator' retrieved from /mnt/c/Users/Raj/OneDrive - Åbo Akademi O365/banking/airflow/.venv/lib/python3.12/site-packages/airflow/example_dags/example_branch_operator_decorator.py
[2025-11-22T20:58:05.577+0500] {logging_mixin.py:190} INFO - [2025-11-22T20:58:05.576+0500] {dag.py:3239} INFO - Sync 1 DAGs
[2025-11-22T20:58:05.609+0500] {logging_mixin.py:190} INFO - [2025-11-22T20:58:05.608+0500] {dag.py:4180} INFO - Setting next_dagrun for example_branch_python_operator_decorator to 2025-11-21 00:00:00+00:00, run_after=2025-11-22 00:00:00+00:00
[2025-11-22T20:58:05.687+0500] {processor.py:208} INFO - Processing /mnt/c/Users/Raj/OneDrive - Åbo Akademi O365/banking/airflow/.venv/lib/python3.12/site-packages/airflow/example_dags/example_branch_operator_decorator.py took 0.265 seconds
[2025-11-22T20:59:43.293+0500] {processor.py:186} INFO - Started process (PID=67915) to work on /mnt/c/Users/Raj/OneDrive - Åbo Akademi O365/banking/airflow/.venv/lib/python3.12/site-packages/airflow/example_dags/example_branch_operator_decorator.py
[2025-11-22T20:59:43.295+0500] {processor.py:914} INFO - Processing file /mnt/c/Users/Raj/OneDrive - Åbo Akademi O365/banking/airflow/.venv/lib/python3.12/site-packages/airflow/example_dags/example_branch_operator_decorator.py for tasks to queue
[2025-11-22T20:59:43.298+0500] {logging_mixin.py:190} INFO - [2025-11-22T20:59:43.297+0500] {dagbag.py:588} INFO - Filling up the DagBag from /mnt/c/Users/Raj/OneDrive - Åbo Akademi O365/banking/airflow/.venv/lib/python3.12/site-packages/airflow/example_dags/example_branch_operator_decorator.py
[2025-11-22T20:59:43.349+0500] {processor.py:925} INFO - DAG(s) 'example_branch_python_operator_decorator' retrieved from /mnt/c/Users/Raj/OneDrive - Åbo Akademi O365/banking/airflow/.venv/lib/python3.12/site-packages/airflow/example_dags/example_branch_operator_decorator.py
[2025-11-22T20:59:43.387+0500] {logging_mixin.py:190} INFO - [2025-11-22T20:59:43.386+0500] {dag.py:3239} INFO - Sync 1 DAGs
[2025-11-22T20:59:43.413+0500] {logging_mixin.py:190} INFO - [2025-11-22T20:59:43.412+0500] {dag.py:4180} INFO - Setting next_dagrun for example_branch_python_operator_decorator to 2025-11-21 00:00:00+00:00, run_after=2025-11-22 00:00:00+00:00
[2025-11-22T20:59:43.469+0500] {processor.py:208} INFO - Processing /mnt/c/Users/Raj/OneDrive - Åbo Akademi O365/banking/airflow/.venv/lib/python3.12/site-packages/airflow/example_dags/example_branch_operator_decorator.py took 0.188 seconds
[2025-11-22T21:01:29.434+0500] {processor.py:186} INFO - Started process (PID=68009) to work on /mnt/c/Users/Raj/OneDrive - Åbo Akademi O365/banking/airflow/.venv/lib/python3.12/site-packages/airflow/example_dags/example_branch_operator_decorator.py
[2025-11-22T21:01:29.437+0500] {processor.py:914} INFO - Processing file /mnt/c/Users/Raj/OneDrive - Åbo Akademi O365/banking/airflow/.venv/lib/python3.12/site-packages/airflow/example_dags/example_branch_operator_decorator.py for tasks to queue
[2025-11-22T21:01:29.444+0500] {logging_mixin.py:190} INFO - [2025-11-22T21:01:29.442+0500] {dagbag.py:588} INFO - Filling up the DagBag from /mnt/c/Users/Raj/OneDrive - Åbo Akademi O365/banking/airflow/.venv/lib/python3.12/site-packages/airflow/example_dags/example_branch_operator_decorator.py
[2025-11-22T21:01:29.546+0500] {processor.py:925} INFO - DAG(s) 'example_branch_python_operator_decorator' retrieved from /mnt/c/Users/Raj/OneDrive - Åbo Akademi O365/banking/airflow/.venv/lib/python3.12/site-packages/airflow/example_dags/example_branch_operator_decorator.py
[2025-11-22T21:01:29.605+0500] {logging_mixin.py:190} INFO - [2025-11-22T21:01:29.603+0500] {dag.py:3239} INFO - Sync 1 DAGs
[2025-11-22T21:01:29.637+0500] {logging_mixin.py:190} INFO - [2025-11-22T21:01:29.636+0500] {dag.py:4180} INFO - Setting next_dagrun for example_branch_python_operator_decorator to 2025-11-21 00:00:00+00:00, run_after=2025-11-22 00:00:00+00:00
[2025-11-22T21:01:29.735+0500] {processor.py:208} INFO - Processing /mnt/c/Users/Raj/OneDrive - Åbo Akademi O365/banking/airflow/.venv/lib/python3.12/site-packages/airflow/example_dags/example_branch_operator_decorator.py took 0.325 seconds
[2025-11-22T21:03:51.203+0500] {processor.py:186} INFO - Started process (PID=68120) to work on /mnt/c/Users/Raj/OneDrive - Åbo Akademi O365/banking/airflow/.venv/lib/python3.12/site-packages/airflow/example_dags/example_branch_operator_decorator.py
[2025-11-22T21:03:51.206+0500] {processor.py:914} INFO - Processing file /mnt/c/Users/Raj/OneDrive - Åbo Akademi O365/banking/airflow/.venv/lib/python3.12/site-packages/airflow/example_dags/example_branch_operator_decorator.py for tasks to queue
[2025-11-22T21:03:51.210+0500] {logging_mixin.py:190} INFO - [2025-11-22T21:03:51.208+0500] {dagbag.py:588} INFO - Filling up the DagBag from /mnt/c/Users/Raj/OneDrive - Åbo Akademi O365/banking/airflow/.venv/lib/python3.12/site-packages/airflow/example_dags/example_branch_operator_decorator.py
[2025-11-22T21:03:51.292+0500] {processor.py:925} INFO - DAG(s) 'example_branch_python_operator_decorator' retrieved from /mnt/c/Users/Raj/OneDrive - Åbo Akademi O365/banking/airflow/.venv/lib/python3.12/site-packages/airflow/example_dags/example_branch_operator_decorator.py
[2025-11-22T21:03:51.342+0500] {logging_mixin.py:190} INFO - [2025-11-22T21:03:51.341+0500] {dag.py:3239} INFO - Sync 1 DAGs
[2025-11-22T21:03:51.380+0500] {logging_mixin.py:190} INFO - [2025-11-22T21:03:51.379+0500] {dag.py:4180} INFO - Setting next_dagrun for example_branch_python_operator_decorator to 2025-11-21 00:00:00+00:00, run_after=2025-11-22 00:00:00+00:00
[2025-11-22T21:03:51.623+0500] {processor.py:208} INFO - Processing /mnt/c/Users/Raj/OneDrive - Åbo Akademi O365/banking/airflow/.venv/lib/python3.12/site-packages/airflow/example_dags/example_branch_operator_decorator.py took 0.443 seconds
[2025-11-22T21:08:17.169+0500] {processor.py:186} INFO - Started process (PID=68315) to work on /mnt/c/Users/Raj/OneDrive - Åbo Akademi O365/banking/airflow/.venv/lib/python3.12/site-packages/airflow/example_dags/example_branch_operator_decorator.py
[2025-11-22T21:08:17.171+0500] {processor.py:914} INFO - Processing file /mnt/c/Users/Raj/OneDrive - Åbo Akademi O365/banking/airflow/.venv/lib/python3.12/site-packages/airflow/example_dags/example_branch_operator_decorator.py for tasks to queue
[2025-11-22T21:08:17.176+0500] {logging_mixin.py:190} INFO - [2025-11-22T21:08:17.174+0500] {dagbag.py:588} INFO - Filling up the DagBag from /mnt/c/Users/Raj/OneDrive - Åbo Akademi O365/banking/airflow/.venv/lib/python3.12/site-packages/airflow/example_dags/example_branch_operator_decorator.py
[2025-11-22T21:08:17.241+0500] {processor.py:925} INFO - DAG(s) 'example_branch_python_operator_decorator' retrieved from /mnt/c/Users/Raj/OneDrive - Åbo Akademi O365/banking/airflow/.venv/lib/python3.12/site-packages/airflow/example_dags/example_branch_operator_decorator.py
[2025-11-22T21:08:17.295+0500] {logging_mixin.py:190} INFO - [2025-11-22T21:08:17.293+0500] {dag.py:3239} INFO - Sync 1 DAGs
[2025-11-22T21:08:17.326+0500] {logging_mixin.py:190} INFO - [2025-11-22T21:08:17.325+0500] {dag.py:4180} INFO - Setting next_dagrun for example_branch_python_operator_decorator to 2025-11-21 00:00:00+00:00, run_after=2025-11-22 00:00:00+00:00
[2025-11-22T21:08:17.542+0500] {processor.py:208} INFO - Processing /mnt/c/Users/Raj/OneDrive - Åbo Akademi O365/banking/airflow/.venv/lib/python3.12/site-packages/airflow/example_dags/example_branch_operator_decorator.py took 0.397 seconds
[2025-11-22T21:10:26.707+0500] {processor.py:186} INFO - Started process (PID=68410) to work on /mnt/c/Users/Raj/OneDrive - Åbo Akademi O365/banking/airflow/.venv/lib/python3.12/site-packages/airflow/example_dags/example_branch_operator_decorator.py
[2025-11-22T21:10:26.709+0500] {processor.py:914} INFO - Processing file /mnt/c/Users/Raj/OneDrive - Åbo Akademi O365/banking/airflow/.venv/lib/python3.12/site-packages/airflow/example_dags/example_branch_operator_decorator.py for tasks to queue
[2025-11-22T21:10:26.714+0500] {logging_mixin.py:190} INFO - [2025-11-22T21:10:26.712+0500] {dagbag.py:588} INFO - Filling up the DagBag from /mnt/c/Users/Raj/OneDrive - Åbo Akademi O365/banking/airflow/.venv/lib/python3.12/site-packages/airflow/example_dags/example_branch_operator_decorator.py
[2025-11-22T21:10:26.779+0500] {processor.py:925} INFO - DAG(s) 'example_branch_python_operator_decorator' retrieved from /mnt/c/Users/Raj/OneDrive - Åbo Akademi O365/banking/airflow/.venv/lib/python3.12/site-packages/airflow/example_dags/example_branch_operator_decorator.py
[2025-11-22T21:10:26.831+0500] {logging_mixin.py:190} INFO - [2025-11-22T21:10:26.830+0500] {dag.py:3239} INFO - Sync 1 DAGs
[2025-11-22T21:10:26.866+0500] {logging_mixin.py:190} INFO - [2025-11-22T21:10:26.865+0500] {dag.py:4180} INFO - Setting next_dagrun for example_branch_python_operator_decorator to 2025-11-21 00:00:00+00:00, run_after=2025-11-22 00:00:00+00:00
[2025-11-22T21:10:27.082+0500] {processor.py:208} INFO - Processing /mnt/c/Users/Raj/OneDrive - Åbo Akademi O365/banking/airflow/.venv/lib/python3.12/site-packages/airflow/example_dags/example_branch_operator_decorator.py took 0.393 seconds
[2025-11-22T21:12:18.298+0500] {processor.py:186} INFO - Started process (PID=68494) to work on /mnt/c/Users/Raj/OneDrive - Åbo Akademi O365/banking/airflow/.venv/lib/python3.12/site-packages/airflow/example_dags/example_branch_operator_decorator.py
[2025-11-22T21:12:18.301+0500] {processor.py:914} INFO - Processing file /mnt/c/Users/Raj/OneDrive - Åbo Akademi O365/banking/airflow/.venv/lib/python3.12/site-packages/airflow/example_dags/example_branch_operator_decorator.py for tasks to queue
[2025-11-22T21:12:18.305+0500] {logging_mixin.py:190} INFO - [2025-11-22T21:12:18.303+0500] {dagbag.py:588} INFO - Filling up the DagBag from /mnt/c/Users/Raj/OneDrive - Åbo Akademi O365/banking/airflow/.venv/lib/python3.12/site-packages/airflow/example_dags/example_branch_operator_decorator.py
[2025-11-22T21:12:18.378+0500] {processor.py:925} INFO - DAG(s) 'example_branch_python_operator_decorator' retrieved from /mnt/c/Users/Raj/OneDrive - Åbo Akademi O365/banking/airflow/.venv/lib/python3.12/site-packages/airflow/example_dags/example_branch_operator_decorator.py
[2025-11-22T21:12:18.435+0500] {logging_mixin.py:190} INFO - [2025-11-22T21:12:18.434+0500] {dag.py:3239} INFO - Sync 1 DAGs
[2025-11-22T21:12:18.462+0500] {logging_mixin.py:190} INFO - [2025-11-22T21:12:18.461+0500] {dag.py:4180} INFO - Setting next_dagrun for example_branch_python_operator_decorator to 2025-11-21 00:00:00+00:00, run_after=2025-11-22 00:00:00+00:00
[2025-11-22T21:12:18.536+0500] {processor.py:208} INFO - Processing /mnt/c/Users/Raj/OneDrive - Åbo Akademi O365/banking/airflow/.venv/lib/python3.12/site-packages/airflow/example_dags/example_branch_operator_decorator.py took 0.261 seconds
[2025-11-22T21:14:03.019+0500] {processor.py:186} INFO - Started process (PID=68577) to work on /mnt/c/Users/Raj/OneDrive - Åbo Akademi O365/banking/airflow/.venv/lib/python3.12/site-packages/airflow/example_dags/example_branch_operator_decorator.py
[2025-11-22T21:14:03.022+0500] {processor.py:914} INFO - Processing file /mnt/c/Users/Raj/OneDrive - Åbo Akademi O365/banking/airflow/.venv/lib/python3.12/site-packages/airflow/example_dags/example_branch_operator_decorator.py for tasks to queue
[2025-11-22T21:14:03.033+0500] {logging_mixin.py:190} INFO - [2025-11-22T21:14:03.025+0500] {dagbag.py:588} INFO - Filling up the DagBag from /mnt/c/Users/Raj/OneDrive - Åbo Akademi O365/banking/airflow/.venv/lib/python3.12/site-packages/airflow/example_dags/example_branch_operator_decorator.py
[2025-11-22T21:14:03.150+0500] {processor.py:925} INFO - DAG(s) 'example_branch_python_operator_decorator' retrieved from /mnt/c/Users/Raj/OneDrive - Åbo Akademi O365/banking/airflow/.venv/lib/python3.12/site-packages/airflow/example_dags/example_branch_operator_decorator.py
[2025-11-22T21:14:03.268+0500] {logging_mixin.py:190} INFO - [2025-11-22T21:14:03.266+0500] {dag.py:3239} INFO - Sync 1 DAGs
[2025-11-22T21:14:03.333+0500] {logging_mixin.py:190} INFO - [2025-11-22T21:14:03.332+0500] {dag.py:4180} INFO - Setting next_dagrun for example_branch_python_operator_decorator to 2025-11-21 00:00:00+00:00, run_after=2025-11-22 00:00:00+00:00
[2025-11-22T21:14:03.429+0500] {processor.py:208} INFO - Processing /mnt/c/Users/Raj/OneDrive - Åbo Akademi O365/banking/airflow/.venv/lib/python3.12/site-packages/airflow/example_dags/example_branch_operator_decorator.py took 0.449 seconds
[2025-11-22T21:15:42.257+0500] {processor.py:186} INFO - Started process (PID=68651) to work on /mnt/c/Users/Raj/OneDrive - Åbo Akademi O365/banking/airflow/.venv/lib/python3.12/site-packages/airflow/example_dags/example_branch_operator_decorator.py
[2025-11-22T21:15:42.260+0500] {processor.py:914} INFO - Processing file /mnt/c/Users/Raj/OneDrive - Åbo Akademi O365/banking/airflow/.venv/lib/python3.12/site-packages/airflow/example_dags/example_branch_operator_decorator.py for tasks to queue
[2025-11-22T21:15:42.264+0500] {logging_mixin.py:190} INFO - [2025-11-22T21:15:42.262+0500] {dagbag.py:588} INFO - Filling up the DagBag from /mnt/c/Users/Raj/OneDrive - Åbo Akademi O365/banking/airflow/.venv/lib/python3.12/site-packages/airflow/example_dags/example_branch_operator_decorator.py
[2025-11-22T21:15:42.324+0500] {processor.py:925} INFO - DAG(s) 'example_branch_python_operator_decorator' retrieved from /mnt/c/Users/Raj/OneDrive - Åbo Akademi O365/banking/airflow/.venv/lib/python3.12/site-packages/airflow/example_dags/example_branch_operator_decorator.py
[2025-11-22T21:15:42.359+0500] {logging_mixin.py:190} INFO - [2025-11-22T21:15:42.358+0500] {dag.py:3239} INFO - Sync 1 DAGs
[2025-11-22T21:15:42.383+0500] {logging_mixin.py:190} INFO - [2025-11-22T21:15:42.382+0500] {dag.py:4180} INFO - Setting next_dagrun for example_branch_python_operator_decorator to 2025-11-21 00:00:00+00:00, run_after=2025-11-22 00:00:00+00:00
[2025-11-22T21:15:42.437+0500] {processor.py:208} INFO - Processing /mnt/c/Users/Raj/OneDrive - Åbo Akademi O365/banking/airflow/.venv/lib/python3.12/site-packages/airflow/example_dags/example_branch_operator_decorator.py took 0.201 seconds
[2025-11-22T21:17:21.064+0500] {processor.py:186} INFO - Started process (PID=68732) to work on /mnt/c/Users/Raj/OneDrive - Åbo Akademi O365/banking/airflow/.venv/lib/python3.12/site-packages/airflow/example_dags/example_branch_operator_decorator.py
[2025-11-22T21:17:21.067+0500] {processor.py:914} INFO - Processing file /mnt/c/Users/Raj/OneDrive - Åbo Akademi O365/banking/airflow/.venv/lib/python3.12/site-packages/airflow/example_dags/example_branch_operator_decorator.py for tasks to queue
[2025-11-22T21:17:21.071+0500] {logging_mixin.py:190} INFO - [2025-11-22T21:17:21.069+0500] {dagbag.py:588} INFO - Filling up the DagBag from /mnt/c/Users/Raj/OneDrive - Åbo Akademi O365/banking/airflow/.venv/lib/python3.12/site-packages/airflow/example_dags/example_branch_operator_decorator.py
[2025-11-22T21:17:21.140+0500] {processor.py:925} INFO - DAG(s) 'example_branch_python_operator_decorator' retrieved from /mnt/c/Users/Raj/OneDrive - Åbo Akademi O365/banking/airflow/.venv/lib/python3.12/site-packages/airflow/example_dags/example_branch_operator_decorator.py
[2025-11-22T21:17:21.185+0500] {logging_mixin.py:190} INFO - [2025-11-22T21:17:21.184+0500] {dag.py:3239} INFO - Sync 1 DAGs
[2025-11-22T21:17:21.225+0500] {logging_mixin.py:190} INFO - [2025-11-22T21:17:21.223+0500] {dag.py:4180} INFO - Setting next_dagrun for example_branch_python_operator_decorator to 2025-11-21 00:00:00+00:00, run_after=2025-11-22 00:00:00+00:00
[2025-11-22T21:17:21.367+0500] {processor.py:208} INFO - Processing /mnt/c/Users/Raj/OneDrive - Åbo Akademi O365/banking/airflow/.venv/lib/python3.12/site-packages/airflow/example_dags/example_branch_operator_decorator.py took 0.324 seconds
[2025-11-22T21:19:06.962+0500] {processor.py:186} INFO - Started process (PID=68814) to work on /mnt/c/Users/Raj/OneDrive - Åbo Akademi O365/banking/airflow/.venv/lib/python3.12/site-packages/airflow/example_dags/example_branch_operator_decorator.py
[2025-11-22T21:19:06.965+0500] {processor.py:914} INFO - Processing file /mnt/c/Users/Raj/OneDrive - Åbo Akademi O365/banking/airflow/.venv/lib/python3.12/site-packages/airflow/example_dags/example_branch_operator_decorator.py for tasks to queue
[2025-11-22T21:19:06.969+0500] {logging_mixin.py:190} INFO - [2025-11-22T21:19:06.967+0500] {dagbag.py:588} INFO - Filling up the DagBag from /mnt/c/Users/Raj/OneDrive - Åbo Akademi O365/banking/airflow/.venv/lib/python3.12/site-packages/airflow/example_dags/example_branch_operator_decorator.py
[2025-11-22T21:19:07.034+0500] {processor.py:925} INFO - DAG(s) 'example_branch_python_operator_decorator' retrieved from /mnt/c/Users/Raj/OneDrive - Åbo Akademi O365/banking/airflow/.venv/lib/python3.12/site-packages/airflow/example_dags/example_branch_operator_decorator.py
[2025-11-22T21:19:07.082+0500] {logging_mixin.py:190} INFO - [2025-11-22T21:19:07.080+0500] {dag.py:3239} INFO - Sync 1 DAGs
[2025-11-22T21:19:07.117+0500] {logging_mixin.py:190} INFO - [2025-11-22T21:19:07.116+0500] {dag.py:4180} INFO - Setting next_dagrun for example_branch_python_operator_decorator to 2025-11-21 00:00:00+00:00, run_after=2025-11-22 00:00:00+00:00
[2025-11-22T21:19:07.193+0500] {processor.py:208} INFO - Processing /mnt/c/Users/Raj/OneDrive - Åbo Akademi O365/banking/airflow/.venv/lib/python3.12/site-packages/airflow/example_dags/example_branch_operator_decorator.py took 0.252 seconds
[2025-11-22T21:20:49.427+0500] {processor.py:186} INFO - Started process (PID=68893) to work on /mnt/c/Users/Raj/OneDrive - Åbo Akademi O365/banking/airflow/.venv/lib/python3.12/site-packages/airflow/example_dags/example_branch_operator_decorator.py
[2025-11-22T21:20:49.429+0500] {processor.py:914} INFO - Processing file /mnt/c/Users/Raj/OneDrive - Åbo Akademi O365/banking/airflow/.venv/lib/python3.12/site-packages/airflow/example_dags/example_branch_operator_decorator.py for tasks to queue
[2025-11-22T21:20:49.432+0500] {logging_mixin.py:190} INFO - [2025-11-22T21:20:49.431+0500] {dagbag.py:588} INFO - Filling up the DagBag from /mnt/c/Users/Raj/OneDrive - Åbo Akademi O365/banking/airflow/.venv/lib/python3.12/site-packages/airflow/example_dags/example_branch_operator_decorator.py
[2025-11-22T21:20:49.489+0500] {processor.py:925} INFO - DAG(s) 'example_branch_python_operator_decorator' retrieved from /mnt/c/Users/Raj/OneDrive - Åbo Akademi O365/banking/airflow/.venv/lib/python3.12/site-packages/airflow/example_dags/example_branch_operator_decorator.py
[2025-11-22T21:20:49.537+0500] {logging_mixin.py:190} INFO - [2025-11-22T21:20:49.536+0500] {dag.py:3239} INFO - Sync 1 DAGs
[2025-11-22T21:20:49.573+0500] {logging_mixin.py:190} INFO - [2025-11-22T21:20:49.572+0500] {dag.py:4180} INFO - Setting next_dagrun for example_branch_python_operator_decorator to 2025-11-21 00:00:00+00:00, run_after=2025-11-22 00:00:00+00:00
[2025-11-22T21:20:49.641+0500] {processor.py:208} INFO - Processing /mnt/c/Users/Raj/OneDrive - Åbo Akademi O365/banking/airflow/.venv/lib/python3.12/site-packages/airflow/example_dags/example_branch_operator_decorator.py took 0.237 seconds
[2025-11-22T21:22:36.328+0500] {processor.py:186} INFO - Started process (PID=68977) to work on /mnt/c/Users/Raj/OneDrive - Åbo Akademi O365/banking/airflow/.venv/lib/python3.12/site-packages/airflow/example_dags/example_branch_operator_decorator.py
[2025-11-22T21:22:36.331+0500] {processor.py:914} INFO - Processing file /mnt/c/Users/Raj/OneDrive - Åbo Akademi O365/banking/airflow/.venv/lib/python3.12/site-packages/airflow/example_dags/example_branch_operator_decorator.py for tasks to queue
[2025-11-22T21:22:36.341+0500] {logging_mixin.py:190} INFO - [2025-11-22T21:22:36.335+0500] {dagbag.py:588} INFO - Filling up the DagBag from /mnt/c/Users/Raj/OneDrive - Åbo Akademi O365/banking/airflow/.venv/lib/python3.12/site-packages/airflow/example_dags/example_branch_operator_decorator.py
[2025-11-22T21:22:36.469+0500] {processor.py:925} INFO - DAG(s) 'example_branch_python_operator_decorator' retrieved from /mnt/c/Users/Raj/OneDrive - Åbo Akademi O365/banking/airflow/.venv/lib/python3.12/site-packages/airflow/example_dags/example_branch_operator_decorator.py
[2025-11-22T21:22:36.537+0500] {logging_mixin.py:190} INFO - [2025-11-22T21:22:36.535+0500] {dag.py:3239} INFO - Sync 1 DAGs
[2025-11-22T21:22:36.581+0500] {logging_mixin.py:190} INFO - [2025-11-22T21:22:36.580+0500] {dag.py:4180} INFO - Setting next_dagrun for example_branch_python_operator_decorator to 2025-11-21 00:00:00+00:00, run_after=2025-11-22 00:00:00+00:00
[2025-11-22T21:22:36.663+0500] {processor.py:208} INFO - Processing /mnt/c/Users/Raj/OneDrive - Åbo Akademi O365/banking/airflow/.venv/lib/python3.12/site-packages/airflow/example_dags/example_branch_operator_decorator.py took 0.372 seconds
[2025-11-22T21:24:20.513+0500] {processor.py:186} INFO - Started process (PID=69053) to work on /mnt/c/Users/Raj/OneDrive - Åbo Akademi O365/banking/airflow/.venv/lib/python3.12/site-packages/airflow/example_dags/example_branch_operator_decorator.py
[2025-11-22T21:24:20.515+0500] {processor.py:914} INFO - Processing file /mnt/c/Users/Raj/OneDrive - Åbo Akademi O365/banking/airflow/.venv/lib/python3.12/site-packages/airflow/example_dags/example_branch_operator_decorator.py for tasks to queue
[2025-11-22T21:24:20.519+0500] {logging_mixin.py:190} INFO - [2025-11-22T21:24:20.518+0500] {dagbag.py:588} INFO - Filling up the DagBag from /mnt/c/Users/Raj/OneDrive - Åbo Akademi O365/banking/airflow/.venv/lib/python3.12/site-packages/airflow/example_dags/example_branch_operator_decorator.py
[2025-11-22T21:24:20.608+0500] {processor.py:925} INFO - DAG(s) 'example_branch_python_operator_decorator' retrieved from /mnt/c/Users/Raj/OneDrive - Åbo Akademi O365/banking/airflow/.venv/lib/python3.12/site-packages/airflow/example_dags/example_branch_operator_decorator.py
[2025-11-22T21:24:20.665+0500] {logging_mixin.py:190} INFO - [2025-11-22T21:24:20.662+0500] {dag.py:3239} INFO - Sync 1 DAGs
[2025-11-22T21:24:20.709+0500] {logging_mixin.py:190} INFO - [2025-11-22T21:24:20.708+0500] {dag.py:4180} INFO - Setting next_dagrun for example_branch_python_operator_decorator to 2025-11-21 00:00:00+00:00, run_after=2025-11-22 00:00:00+00:00
[2025-11-22T21:24:20.819+0500] {processor.py:208} INFO - Processing /mnt/c/Users/Raj/OneDrive - Åbo Akademi O365/banking/airflow/.venv/lib/python3.12/site-packages/airflow/example_dags/example_branch_operator_decorator.py took 0.329 seconds
