[2025-11-22T20:14:17.320+0500] {processor.py:186} INFO - Started process (PID=65691) to work on /mnt/c/Users/Raj/OneDrive - Åbo Akademi O365/banking/airflow/.venv/lib/python3.12/site-packages/airflow/example_dags/example_latest_only.py
[2025-11-22T20:14:17.327+0500] {processor.py:914} INFO - Processing file /mnt/c/Users/Raj/OneDrive - Åbo Akademi O365/banking/airflow/.venv/lib/python3.12/site-packages/airflow/example_dags/example_latest_only.py for tasks to queue
[2025-11-22T20:14:17.335+0500] {logging_mixin.py:190} INFO - [2025-11-22T20:14:17.333+0500] {dagbag.py:588} INFO - Filling up the DagBag from /mnt/c/Users/Raj/OneDrive - Åbo Akademi O365/banking/airflow/.venv/lib/python3.12/site-packages/airflow/example_dags/example_latest_only.py
[2025-11-22T20:14:17.374+0500] {processor.py:925} INFO - DAG(s) 'latest_only' retrieved from /mnt/c/Users/Raj/OneDrive - Åbo Akademi O365/banking/airflow/.venv/lib/python3.12/site-packages/airflow/example_dags/example_latest_only.py
[2025-11-22T20:14:17.455+0500] {logging_mixin.py:190} INFO - [2025-11-22T20:14:17.452+0500] {dag.py:3239} INFO - Sync 1 DAGs
[2025-11-22T20:14:19.208+0500] {logging_mixin.py:190} INFO - [2025-11-22T20:14:19.205+0500] {dag.py:4180} INFO - Setting next_dagrun for latest_only to 2025-11-22 08:00:00+00:00, run_after=2025-11-22 12:00:00+00:00
[2025-11-22T20:14:19.313+0500] {processor.py:208} INFO - Processing /mnt/c/Users/Raj/OneDrive - Åbo Akademi O365/banking/airflow/.venv/lib/python3.12/site-packages/airflow/example_dags/example_latest_only.py took 0.387 seconds
[2025-11-22T20:16:25.123+0500] {processor.py:186} INFO - Started process (PID=65781) to work on /mnt/c/Users/Raj/OneDrive - Åbo Akademi O365/banking/airflow/.venv/lib/python3.12/site-packages/airflow/example_dags/example_latest_only.py
[2025-11-22T20:16:25.125+0500] {processor.py:914} INFO - Processing file /mnt/c/Users/Raj/OneDrive - Åbo Akademi O365/banking/airflow/.venv/lib/python3.12/site-packages/airflow/example_dags/example_latest_only.py for tasks to queue
[2025-11-22T20:16:25.130+0500] {logging_mixin.py:190} INFO - [2025-11-22T20:16:25.128+0500] {dagbag.py:588} INFO - Filling up the DagBag from /mnt/c/Users/Raj/OneDrive - Åbo Akademi O365/banking/airflow/.venv/lib/python3.12/site-packages/airflow/example_dags/example_latest_only.py
[2025-11-22T20:16:25.151+0500] {processor.py:925} INFO - DAG(s) 'latest_only' retrieved from /mnt/c/Users/Raj/OneDrive - Åbo Akademi O365/banking/airflow/.venv/lib/python3.12/site-packages/airflow/example_dags/example_latest_only.py
[2025-11-22T20:16:25.184+0500] {logging_mixin.py:190} INFO - [2025-11-22T20:16:25.183+0500] {dag.py:3239} INFO - Sync 1 DAGs
[2025-11-22T20:16:25.213+0500] {logging_mixin.py:190} INFO - [2025-11-22T20:16:25.212+0500] {dag.py:4180} INFO - Setting next_dagrun for latest_only to 2025-11-22 08:00:00+00:00, run_after=2025-11-22 12:00:00+00:00
[2025-11-22T20:16:25.268+0500] {processor.py:208} INFO - Processing /mnt/c/Users/Raj/OneDrive - Åbo Akademi O365/banking/airflow/.venv/lib/python3.12/site-packages/airflow/example_dags/example_latest_only.py took 0.158 seconds
[2025-11-22T20:21:02.507+0500] {processor.py:186} INFO - Started process (PID=65944) to work on /mnt/c/Users/Raj/OneDrive - Åbo Akademi O365/banking/airflow/.venv/lib/python3.12/site-packages/airflow/example_dags/example_latest_only.py
[2025-11-22T20:21:02.510+0500] {processor.py:914} INFO - Processing file /mnt/c/Users/Raj/OneDrive - Åbo Akademi O365/banking/airflow/.venv/lib/python3.12/site-packages/airflow/example_dags/example_latest_only.py for tasks to queue
[2025-11-22T20:21:02.521+0500] {logging_mixin.py:190} INFO - [2025-11-22T20:21:02.519+0500] {dagbag.py:588} INFO - Filling up the DagBag from /mnt/c/Users/Raj/OneDrive - Åbo Akademi O365/banking/airflow/.venv/lib/python3.12/site-packages/airflow/example_dags/example_latest_only.py
[2025-11-22T20:21:02.654+0500] {processor.py:925} INFO - DAG(s) 'latest_only' retrieved from /mnt/c/Users/Raj/OneDrive - Åbo Akademi O365/banking/airflow/.venv/lib/python3.12/site-packages/airflow/example_dags/example_latest_only.py
[2025-11-22T20:21:02.711+0500] {logging_mixin.py:190} INFO - [2025-11-22T20:21:02.710+0500] {dag.py:3239} INFO - Sync 1 DAGs
[2025-11-22T20:21:02.768+0500] {logging_mixin.py:190} INFO - [2025-11-22T20:21:02.766+0500] {dag.py:4180} INFO - Setting next_dagrun for latest_only to 2025-11-22 08:00:00+00:00, run_after=2025-11-22 12:00:00+00:00
[2025-11-22T20:21:02.883+0500] {processor.py:208} INFO - Processing /mnt/c/Users/Raj/OneDrive - Åbo Akademi O365/banking/airflow/.venv/lib/python3.12/site-packages/airflow/example_dags/example_latest_only.py took 0.398 seconds
[2025-11-22T20:22:37.072+0500] {processor.py:186} INFO - Started process (PID=66025) to work on /mnt/c/Users/Raj/OneDrive - Åbo Akademi O365/banking/airflow/.venv/lib/python3.12/site-packages/airflow/example_dags/example_latest_only.py
[2025-11-22T20:22:37.075+0500] {processor.py:914} INFO - Processing file /mnt/c/Users/Raj/OneDrive - Åbo Akademi O365/banking/airflow/.venv/lib/python3.12/site-packages/airflow/example_dags/example_latest_only.py for tasks to queue
[2025-11-22T20:22:37.080+0500] {logging_mixin.py:190} INFO - [2025-11-22T20:22:37.078+0500] {dagbag.py:588} INFO - Filling up the DagBag from /mnt/c/Users/Raj/OneDrive - Åbo Akademi O365/banking/airflow/.venv/lib/python3.12/site-packages/airflow/example_dags/example_latest_only.py
[2025-11-22T20:22:37.173+0500] {processor.py:925} INFO - DAG(s) 'latest_only' retrieved from /mnt/c/Users/Raj/OneDrive - Åbo Akademi O365/banking/airflow/.venv/lib/python3.12/site-packages/airflow/example_dags/example_latest_only.py
[2025-11-22T20:22:37.214+0500] {logging_mixin.py:190} INFO - [2025-11-22T20:22:37.213+0500] {dag.py:3239} INFO - Sync 1 DAGs
[2025-11-22T20:22:37.262+0500] {logging_mixin.py:190} INFO - [2025-11-22T20:22:37.261+0500] {dag.py:4180} INFO - Setting next_dagrun for latest_only to 2025-11-22 08:00:00+00:00, run_after=2025-11-22 12:00:00+00:00
[2025-11-22T20:22:37.345+0500] {processor.py:208} INFO - Processing /mnt/c/Users/Raj/OneDrive - Åbo Akademi O365/banking/airflow/.venv/lib/python3.12/site-packages/airflow/example_dags/example_latest_only.py took 0.290 seconds
[2025-11-22T20:24:43.113+0500] {processor.py:186} INFO - Started process (PID=66121) to work on /mnt/c/Users/Raj/OneDrive - Åbo Akademi O365/banking/airflow/.venv/lib/python3.12/site-packages/airflow/example_dags/example_latest_only.py
[2025-11-22T20:24:43.115+0500] {processor.py:914} INFO - Processing file /mnt/c/Users/Raj/OneDrive - Åbo Akademi O365/banking/airflow/.venv/lib/python3.12/site-packages/airflow/example_dags/example_latest_only.py for tasks to queue
[2025-11-22T20:24:43.121+0500] {logging_mixin.py:190} INFO - [2025-11-22T20:24:43.119+0500] {dagbag.py:588} INFO - Filling up the DagBag from /mnt/c/Users/Raj/OneDrive - Åbo Akademi O365/banking/airflow/.venv/lib/python3.12/site-packages/airflow/example_dags/example_latest_only.py
[2025-11-22T20:24:43.212+0500] {processor.py:925} INFO - DAG(s) 'latest_only' retrieved from /mnt/c/Users/Raj/OneDrive - Åbo Akademi O365/banking/airflow/.venv/lib/python3.12/site-packages/airflow/example_dags/example_latest_only.py
[2025-11-22T20:24:43.250+0500] {logging_mixin.py:190} INFO - [2025-11-22T20:24:43.249+0500] {dag.py:3239} INFO - Sync 1 DAGs
[2025-11-22T20:24:43.293+0500] {logging_mixin.py:190} INFO - [2025-11-22T20:24:43.292+0500] {dag.py:4180} INFO - Setting next_dagrun for latest_only to 2025-11-22 08:00:00+00:00, run_after=2025-11-22 12:00:00+00:00
[2025-11-22T20:24:43.374+0500] {processor.py:208} INFO - Processing /mnt/c/Users/Raj/OneDrive - Åbo Akademi O365/banking/airflow/.venv/lib/python3.12/site-packages/airflow/example_dags/example_latest_only.py took 0.279 seconds
[2025-11-22T20:28:08.948+0500] {processor.py:186} INFO - Started process (PID=66271) to work on /mnt/c/Users/Raj/OneDrive - Åbo Akademi O365/banking/airflow/.venv/lib/python3.12/site-packages/airflow/example_dags/example_latest_only.py
[2025-11-22T20:28:08.951+0500] {processor.py:914} INFO - Processing file /mnt/c/Users/Raj/OneDrive - Åbo Akademi O365/banking/airflow/.venv/lib/python3.12/site-packages/airflow/example_dags/example_latest_only.py for tasks to queue
[2025-11-22T20:28:08.956+0500] {logging_mixin.py:190} INFO - [2025-11-22T20:28:08.954+0500] {dagbag.py:588} INFO - Filling up the DagBag from /mnt/c/Users/Raj/OneDrive - Åbo Akademi O365/banking/airflow/.venv/lib/python3.12/site-packages/airflow/example_dags/example_latest_only.py
[2025-11-22T20:28:08.985+0500] {processor.py:925} INFO - DAG(s) 'latest_only' retrieved from /mnt/c/Users/Raj/OneDrive - Åbo Akademi O365/banking/airflow/.venv/lib/python3.12/site-packages/airflow/example_dags/example_latest_only.py
[2025-11-22T20:28:09.031+0500] {logging_mixin.py:190} INFO - [2025-11-22T20:28:09.030+0500] {dag.py:3239} INFO - Sync 1 DAGs
[2025-11-22T20:28:09.073+0500] {logging_mixin.py:190} INFO - [2025-11-22T20:28:09.071+0500] {dag.py:4180} INFO - Setting next_dagrun for latest_only to 2025-11-22 08:00:00+00:00, run_after=2025-11-22 12:00:00+00:00
[2025-11-22T20:28:09.155+0500] {processor.py:208} INFO - Processing /mnt/c/Users/Raj/OneDrive - Åbo Akademi O365/banking/airflow/.venv/lib/python3.12/site-packages/airflow/example_dags/example_latest_only.py took 0.221 seconds
[2025-11-22T20:29:33.044+0500] {processor.py:186} INFO - Started process (PID=66352) to work on /mnt/c/Users/Raj/OneDrive - Åbo Akademi O365/banking/airflow/.venv/lib/python3.12/site-packages/airflow/example_dags/example_latest_only.py
[2025-11-22T20:29:33.046+0500] {processor.py:914} INFO - Processing file /mnt/c/Users/Raj/OneDrive - Åbo Akademi O365/banking/airflow/.venv/lib/python3.12/site-packages/airflow/example_dags/example_latest_only.py for tasks to queue
[2025-11-22T20:29:33.050+0500] {logging_mixin.py:190} INFO - [2025-11-22T20:29:33.048+0500] {dagbag.py:588} INFO - Filling up the DagBag from /mnt/c/Users/Raj/OneDrive - Åbo Akademi O365/banking/airflow/.venv/lib/python3.12/site-packages/airflow/example_dags/example_latest_only.py
[2025-11-22T20:29:33.085+0500] {processor.py:925} INFO - DAG(s) 'latest_only' retrieved from /mnt/c/Users/Raj/OneDrive - Åbo Akademi O365/banking/airflow/.venv/lib/python3.12/site-packages/airflow/example_dags/example_latest_only.py
[2025-11-22T20:29:33.132+0500] {logging_mixin.py:190} INFO - [2025-11-22T20:29:33.130+0500] {dag.py:3239} INFO - Sync 1 DAGs
[2025-11-22T20:29:33.209+0500] {logging_mixin.py:190} INFO - [2025-11-22T20:29:33.206+0500] {dag.py:4180} INFO - Setting next_dagrun for latest_only to 2025-11-22 08:00:00+00:00, run_after=2025-11-22 12:00:00+00:00
[2025-11-22T20:29:33.351+0500] {processor.py:208} INFO - Processing /mnt/c/Users/Raj/OneDrive - Åbo Akademi O365/banking/airflow/.venv/lib/python3.12/site-packages/airflow/example_dags/example_latest_only.py took 0.327 seconds
[2025-11-22T20:32:50.702+0500] {processor.py:186} INFO - Started process (PID=66503) to work on /mnt/c/Users/Raj/OneDrive - Åbo Akademi O365/banking/airflow/.venv/lib/python3.12/site-packages/airflow/example_dags/example_latest_only.py
[2025-11-22T20:32:50.704+0500] {processor.py:914} INFO - Processing file /mnt/c/Users/Raj/OneDrive - Åbo Akademi O365/banking/airflow/.venv/lib/python3.12/site-packages/airflow/example_dags/example_latest_only.py for tasks to queue
[2025-11-22T20:32:50.709+0500] {logging_mixin.py:190} INFO - [2025-11-22T20:32:50.707+0500] {dagbag.py:588} INFO - Filling up the DagBag from /mnt/c/Users/Raj/OneDrive - Åbo Akademi O365/banking/airflow/.venv/lib/python3.12/site-packages/airflow/example_dags/example_latest_only.py
[2025-11-22T20:32:50.740+0500] {processor.py:925} INFO - DAG(s) 'latest_only' retrieved from /mnt/c/Users/Raj/OneDrive - Åbo Akademi O365/banking/airflow/.venv/lib/python3.12/site-packages/airflow/example_dags/example_latest_only.py
[2025-11-22T20:32:50.777+0500] {logging_mixin.py:190} INFO - [2025-11-22T20:32:50.776+0500] {dag.py:3239} INFO - Sync 1 DAGs
[2025-11-22T20:32:50.816+0500] {logging_mixin.py:190} INFO - [2025-11-22T20:32:50.815+0500] {dag.py:4180} INFO - Setting next_dagrun for latest_only to 2025-11-22 08:00:00+00:00, run_after=2025-11-22 12:00:00+00:00
[2025-11-22T20:32:50.900+0500] {processor.py:208} INFO - Processing /mnt/c/Users/Raj/OneDrive - Åbo Akademi O365/banking/airflow/.venv/lib/python3.12/site-packages/airflow/example_dags/example_latest_only.py took 0.219 seconds
[2025-11-22T20:35:02.213+0500] {processor.py:186} INFO - Started process (PID=66609) to work on /mnt/c/Users/Raj/OneDrive - Åbo Akademi O365/banking/airflow/.venv/lib/python3.12/site-packages/airflow/example_dags/example_latest_only.py
[2025-11-22T20:35:02.216+0500] {processor.py:914} INFO - Processing file /mnt/c/Users/Raj/OneDrive - Åbo Akademi O365/banking/airflow/.venv/lib/python3.12/site-packages/airflow/example_dags/example_latest_only.py for tasks to queue
[2025-11-22T20:35:02.220+0500] {logging_mixin.py:190} INFO - [2025-11-22T20:35:02.218+0500] {dagbag.py:588} INFO - Filling up the DagBag from /mnt/c/Users/Raj/OneDrive - Åbo Akademi O365/banking/airflow/.venv/lib/python3.12/site-packages/airflow/example_dags/example_latest_only.py
[2025-11-22T20:35:02.250+0500] {processor.py:925} INFO - DAG(s) 'latest_only' retrieved from /mnt/c/Users/Raj/OneDrive - Åbo Akademi O365/banking/airflow/.venv/lib/python3.12/site-packages/airflow/example_dags/example_latest_only.py
[2025-11-22T20:35:02.287+0500] {logging_mixin.py:190} INFO - [2025-11-22T20:35:02.286+0500] {dag.py:3239} INFO - Sync 1 DAGs
[2025-11-22T20:35:02.317+0500] {logging_mixin.py:190} INFO - [2025-11-22T20:35:02.316+0500] {dag.py:4180} INFO - Setting next_dagrun for latest_only to 2025-11-22 08:00:00+00:00, run_after=2025-11-22 12:00:00+00:00
[2025-11-22T20:35:02.389+0500] {processor.py:208} INFO - Processing /mnt/c/Users/Raj/OneDrive - Åbo Akademi O365/banking/airflow/.venv/lib/python3.12/site-packages/airflow/example_dags/example_latest_only.py took 0.193 seconds
[2025-11-22T20:37:35.411+0500] {processor.py:186} INFO - Started process (PID=66716) to work on /mnt/c/Users/Raj/OneDrive - Åbo Akademi O365/banking/airflow/.venv/lib/python3.12/site-packages/airflow/example_dags/example_latest_only.py
[2025-11-22T20:37:35.413+0500] {processor.py:914} INFO - Processing file /mnt/c/Users/Raj/OneDrive - Åbo Akademi O365/banking/airflow/.venv/lib/python3.12/site-packages/airflow/example_dags/example_latest_only.py for tasks to queue
[2025-11-22T20:37:35.416+0500] {logging_mixin.py:190} INFO - [2025-11-22T20:37:35.415+0500] {dagbag.py:588} INFO - Filling up the DagBag from /mnt/c/Users/Raj/OneDrive - Åbo Akademi O365/banking/airflow/.venv/lib/python3.12/site-packages/airflow/example_dags/example_latest_only.py
[2025-11-22T20:37:35.442+0500] {processor.py:925} INFO - DAG(s) 'latest_only' retrieved from /mnt/c/Users/Raj/OneDrive - Åbo Akademi O365/banking/airflow/.venv/lib/python3.12/site-packages/airflow/example_dags/example_latest_only.py
[2025-11-22T20:37:35.473+0500] {logging_mixin.py:190} INFO - [2025-11-22T20:37:35.472+0500] {dag.py:3239} INFO - Sync 1 DAGs
[2025-11-22T20:37:35.516+0500] {logging_mixin.py:190} INFO - [2025-11-22T20:37:35.515+0500] {dag.py:4180} INFO - Setting next_dagrun for latest_only to 2025-11-22 08:00:00+00:00, run_after=2025-11-22 12:00:00+00:00
[2025-11-22T20:37:35.599+0500] {processor.py:208} INFO - Processing /mnt/c/Users/Raj/OneDrive - Åbo Akademi O365/banking/airflow/.venv/lib/python3.12/site-packages/airflow/example_dags/example_latest_only.py took 0.203 seconds
[2025-11-22T20:39:33.795+0500] {processor.py:186} INFO - Started process (PID=66845) to work on /mnt/c/Users/Raj/OneDrive - Åbo Akademi O365/banking/airflow/.venv/lib/python3.12/site-packages/airflow/example_dags/example_latest_only.py
[2025-11-22T20:39:33.797+0500] {processor.py:914} INFO - Processing file /mnt/c/Users/Raj/OneDrive - Åbo Akademi O365/banking/airflow/.venv/lib/python3.12/site-packages/airflow/example_dags/example_latest_only.py for tasks to queue
[2025-11-22T20:39:33.800+0500] {logging_mixin.py:190} INFO - [2025-11-22T20:39:33.798+0500] {dagbag.py:588} INFO - Filling up the DagBag from /mnt/c/Users/Raj/OneDrive - Åbo Akademi O365/banking/airflow/.venv/lib/python3.12/site-packages/airflow/example_dags/example_latest_only.py
[2025-11-22T20:39:33.821+0500] {processor.py:925} INFO - DAG(s) 'latest_only' retrieved from /mnt/c/Users/Raj/OneDrive - Åbo Akademi O365/banking/airflow/.venv/lib/python3.12/site-packages/airflow/example_dags/example_latest_only.py
[2025-11-22T20:39:33.856+0500] {logging_mixin.py:190} INFO - [2025-11-22T20:39:33.855+0500] {dag.py:3239} INFO - Sync 1 DAGs
[2025-11-22T20:39:33.887+0500] {logging_mixin.py:190} INFO - [2025-11-22T20:39:33.887+0500] {dag.py:4180} INFO - Setting next_dagrun for latest_only to 2025-11-22 08:00:00+00:00, run_after=2025-11-22 12:00:00+00:00
[2025-11-22T20:39:33.951+0500] {processor.py:208} INFO - Processing /mnt/c/Users/Raj/OneDrive - Åbo Akademi O365/banking/airflow/.venv/lib/python3.12/site-packages/airflow/example_dags/example_latest_only.py took 0.170 seconds
[2025-11-22T20:41:20.408+0500] {processor.py:186} INFO - Started process (PID=66958) to work on /mnt/c/Users/Raj/OneDrive - Åbo Akademi O365/banking/airflow/.venv/lib/python3.12/site-packages/airflow/example_dags/example_latest_only.py
[2025-11-22T20:41:20.410+0500] {processor.py:914} INFO - Processing file /mnt/c/Users/Raj/OneDrive - Åbo Akademi O365/banking/airflow/.venv/lib/python3.12/site-packages/airflow/example_dags/example_latest_only.py for tasks to queue
[2025-11-22T20:41:20.414+0500] {logging_mixin.py:190} INFO - [2025-11-22T20:41:20.413+0500] {dagbag.py:588} INFO - Filling up the DagBag from /mnt/c/Users/Raj/OneDrive - Åbo Akademi O365/banking/airflow/.venv/lib/python3.12/site-packages/airflow/example_dags/example_latest_only.py
[2025-11-22T20:41:20.446+0500] {processor.py:925} INFO - DAG(s) 'latest_only' retrieved from /mnt/c/Users/Raj/OneDrive - Åbo Akademi O365/banking/airflow/.venv/lib/python3.12/site-packages/airflow/example_dags/example_latest_only.py
[2025-11-22T20:41:20.489+0500] {logging_mixin.py:190} INFO - [2025-11-22T20:41:20.488+0500] {dag.py:3239} INFO - Sync 1 DAGs
[2025-11-22T20:41:20.522+0500] {logging_mixin.py:190} INFO - [2025-11-22T20:41:20.521+0500] {dag.py:4180} INFO - Setting next_dagrun for latest_only to 2025-11-22 08:00:00+00:00, run_after=2025-11-22 12:00:00+00:00
[2025-11-22T20:41:20.619+0500] {processor.py:208} INFO - Processing /mnt/c/Users/Raj/OneDrive - Åbo Akademi O365/banking/airflow/.venv/lib/python3.12/site-packages/airflow/example_dags/example_latest_only.py took 0.230 seconds
[2025-11-22T20:43:41.835+0500] {processor.py:186} INFO - Started process (PID=67076) to work on /mnt/c/Users/Raj/OneDrive - Åbo Akademi O365/banking/airflow/.venv/lib/python3.12/site-packages/airflow/example_dags/example_latest_only.py
[2025-11-22T20:43:41.836+0500] {processor.py:914} INFO - Processing file /mnt/c/Users/Raj/OneDrive - Åbo Akademi O365/banking/airflow/.venv/lib/python3.12/site-packages/airflow/example_dags/example_latest_only.py for tasks to queue
[2025-11-22T20:43:41.839+0500] {logging_mixin.py:190} INFO - [2025-11-22T20:43:41.838+0500] {dagbag.py:588} INFO - Filling up the DagBag from /mnt/c/Users/Raj/OneDrive - Åbo Akademi O365/banking/airflow/.venv/lib/python3.12/site-packages/airflow/example_dags/example_latest_only.py
[2025-11-22T20:43:41.859+0500] {processor.py:925} INFO - DAG(s) 'latest_only' retrieved from /mnt/c/Users/Raj/OneDrive - Åbo Akademi O365/banking/airflow/.venv/lib/python3.12/site-packages/airflow/example_dags/example_latest_only.py
[2025-11-22T20:43:41.892+0500] {logging_mixin.py:190} INFO - [2025-11-22T20:43:41.891+0500] {dag.py:3239} INFO - Sync 1 DAGs
[2025-11-22T20:43:41.921+0500] {logging_mixin.py:190} INFO - [2025-11-22T20:43:41.920+0500] {dag.py:4180} INFO - Setting next_dagrun for latest_only to 2025-11-22 08:00:00+00:00, run_after=2025-11-22 12:00:00+00:00
[2025-11-22T20:43:41.984+0500] {processor.py:208} INFO - Processing /mnt/c/Users/Raj/OneDrive - Åbo Akademi O365/banking/airflow/.venv/lib/python3.12/site-packages/airflow/example_dags/example_latest_only.py took 0.163 seconds
[2025-11-22T20:45:19.238+0500] {processor.py:186} INFO - Started process (PID=67156) to work on /mnt/c/Users/Raj/OneDrive - Åbo Akademi O365/banking/airflow/.venv/lib/python3.12/site-packages/airflow/example_dags/example_latest_only.py
[2025-11-22T20:45:19.242+0500] {processor.py:914} INFO - Processing file /mnt/c/Users/Raj/OneDrive - Åbo Akademi O365/banking/airflow/.venv/lib/python3.12/site-packages/airflow/example_dags/example_latest_only.py for tasks to queue
[2025-11-22T20:45:19.247+0500] {logging_mixin.py:190} INFO - [2025-11-22T20:45:19.246+0500] {dagbag.py:588} INFO - Filling up the DagBag from /mnt/c/Users/Raj/OneDrive - Åbo Akademi O365/banking/airflow/.venv/lib/python3.12/site-packages/airflow/example_dags/example_latest_only.py
[2025-11-22T20:45:19.280+0500] {processor.py:925} INFO - DAG(s) 'latest_only' retrieved from /mnt/c/Users/Raj/OneDrive - Åbo Akademi O365/banking/airflow/.venv/lib/python3.12/site-packages/airflow/example_dags/example_latest_only.py
[2025-11-22T20:45:19.318+0500] {logging_mixin.py:190} INFO - [2025-11-22T20:45:19.317+0500] {dag.py:3239} INFO - Sync 1 DAGs
[2025-11-22T20:45:19.352+0500] {logging_mixin.py:190} INFO - [2025-11-22T20:45:19.351+0500] {dag.py:4180} INFO - Setting next_dagrun for latest_only to 2025-11-22 08:00:00+00:00, run_after=2025-11-22 12:00:00+00:00
[2025-11-22T20:45:19.421+0500] {processor.py:208} INFO - Processing /mnt/c/Users/Raj/OneDrive - Åbo Akademi O365/banking/airflow/.venv/lib/python3.12/site-packages/airflow/example_dags/example_latest_only.py took 0.201 seconds
[2025-11-22T20:46:58.356+0500] {processor.py:186} INFO - Started process (PID=67234) to work on /mnt/c/Users/Raj/OneDrive - Åbo Akademi O365/banking/airflow/.venv/lib/python3.12/site-packages/airflow/example_dags/example_latest_only.py
[2025-11-22T20:46:58.358+0500] {processor.py:914} INFO - Processing file /mnt/c/Users/Raj/OneDrive - Åbo Akademi O365/banking/airflow/.venv/lib/python3.12/site-packages/airflow/example_dags/example_latest_only.py for tasks to queue
[2025-11-22T20:46:58.361+0500] {logging_mixin.py:190} INFO - [2025-11-22T20:46:58.360+0500] {dagbag.py:588} INFO - Filling up the DagBag from /mnt/c/Users/Raj/OneDrive - Åbo Akademi O365/banking/airflow/.venv/lib/python3.12/site-packages/airflow/example_dags/example_latest_only.py
[2025-11-22T20:46:58.391+0500] {processor.py:925} INFO - DAG(s) 'latest_only' retrieved from /mnt/c/Users/Raj/OneDrive - Åbo Akademi O365/banking/airflow/.venv/lib/python3.12/site-packages/airflow/example_dags/example_latest_only.py
[2025-11-22T20:46:58.425+0500] {logging_mixin.py:190} INFO - [2025-11-22T20:46:58.424+0500] {dag.py:3239} INFO - Sync 1 DAGs
[2025-11-22T20:46:58.470+0500] {logging_mixin.py:190} INFO - [2025-11-22T20:46:58.469+0500] {dag.py:4180} INFO - Setting next_dagrun for latest_only to 2025-11-22 08:00:00+00:00, run_after=2025-11-22 12:00:00+00:00
[2025-11-22T20:46:58.543+0500] {processor.py:208} INFO - Processing /mnt/c/Users/Raj/OneDrive - Åbo Akademi O365/banking/airflow/.venv/lib/python3.12/site-packages/airflow/example_dags/example_latest_only.py took 0.201 seconds
[2025-11-22T20:48:41.202+0500] {processor.py:186} INFO - Started process (PID=67308) to work on /mnt/c/Users/Raj/OneDrive - Åbo Akademi O365/banking/airflow/.venv/lib/python3.12/site-packages/airflow/example_dags/example_latest_only.py
[2025-11-22T20:48:41.204+0500] {processor.py:914} INFO - Processing file /mnt/c/Users/Raj/OneDrive - Åbo Akademi O365/banking/airflow/.venv/lib/python3.12/site-packages/airflow/example_dags/example_latest_only.py for tasks to queue
[2025-11-22T20:48:41.207+0500] {logging_mixin.py:190} INFO - [2025-11-22T20:48:41.206+0500] {dagbag.py:588} INFO - Filling up the DagBag from /mnt/c/Users/Raj/OneDrive - Åbo Akademi O365/banking/airflow/.venv/lib/python3.12/site-packages/airflow/example_dags/example_latest_only.py
[2025-11-22T20:48:41.227+0500] {processor.py:925} INFO - DAG(s) 'latest_only' retrieved from /mnt/c/Users/Raj/OneDrive - Åbo Akademi O365/banking/airflow/.venv/lib/python3.12/site-packages/airflow/example_dags/example_latest_only.py
[2025-11-22T20:48:41.261+0500] {logging_mixin.py:190} INFO - [2025-11-22T20:48:41.260+0500] {dag.py:3239} INFO - Sync 1 DAGs
[2025-11-22T20:48:41.296+0500] {logging_mixin.py:190} INFO - [2025-11-22T20:48:41.295+0500] {dag.py:4180} INFO - Setting next_dagrun for latest_only to 2025-11-22 08:00:00+00:00, run_after=2025-11-22 12:00:00+00:00
[2025-11-22T20:48:41.362+0500] {processor.py:208} INFO - Processing /mnt/c/Users/Raj/OneDrive - Åbo Akademi O365/banking/airflow/.venv/lib/python3.12/site-packages/airflow/example_dags/example_latest_only.py took 0.173 seconds
[2025-11-22T20:50:21.629+0500] {processor.py:186} INFO - Started process (PID=67388) to work on /mnt/c/Users/Raj/OneDrive - Åbo Akademi O365/banking/airflow/.venv/lib/python3.12/site-packages/airflow/example_dags/example_latest_only.py
[2025-11-22T20:50:21.632+0500] {processor.py:914} INFO - Processing file /mnt/c/Users/Raj/OneDrive - Åbo Akademi O365/banking/airflow/.venv/lib/python3.12/site-packages/airflow/example_dags/example_latest_only.py for tasks to queue
[2025-11-22T20:50:21.636+0500] {logging_mixin.py:190} INFO - [2025-11-22T20:50:21.635+0500] {dagbag.py:588} INFO - Filling up the DagBag from /mnt/c/Users/Raj/OneDrive - Åbo Akademi O365/banking/airflow/.venv/lib/python3.12/site-packages/airflow/example_dags/example_latest_only.py
[2025-11-22T20:50:21.663+0500] {processor.py:925} INFO - DAG(s) 'latest_only' retrieved from /mnt/c/Users/Raj/OneDrive - Åbo Akademi O365/banking/airflow/.venv/lib/python3.12/site-packages/airflow/example_dags/example_latest_only.py
[2025-11-22T20:50:21.700+0500] {logging_mixin.py:190} INFO - [2025-11-22T20:50:21.699+0500] {dag.py:3239} INFO - Sync 1 DAGs
[2025-11-22T20:50:21.736+0500] {logging_mixin.py:190} INFO - [2025-11-22T20:50:21.734+0500] {dag.py:4180} INFO - Setting next_dagrun for latest_only to 2025-11-22 08:00:00+00:00, run_after=2025-11-22 12:00:00+00:00
[2025-11-22T20:50:21.814+0500] {processor.py:208} INFO - Processing /mnt/c/Users/Raj/OneDrive - Åbo Akademi O365/banking/airflow/.venv/lib/python3.12/site-packages/airflow/example_dags/example_latest_only.py took 0.203 seconds
[2025-11-22T20:52:06.699+0500] {processor.py:186} INFO - Started process (PID=67471) to work on /mnt/c/Users/Raj/OneDrive - Åbo Akademi O365/banking/airflow/.venv/lib/python3.12/site-packages/airflow/example_dags/example_latest_only.py
[2025-11-22T20:52:06.701+0500] {processor.py:914} INFO - Processing file /mnt/c/Users/Raj/OneDrive - Åbo Akademi O365/banking/airflow/.venv/lib/python3.12/site-packages/airflow/example_dags/example_latest_only.py for tasks to queue
[2025-11-22T20:52:06.706+0500] {logging_mixin.py:190} INFO - [2025-11-22T20:52:06.704+0500] {dagbag.py:588} INFO - Filling up the DagBag from /mnt/c/Users/Raj/OneDrive - Åbo Akademi O365/banking/airflow/.venv/lib/python3.12/site-packages/airflow/example_dags/example_latest_only.py
[2025-11-22T20:52:06.738+0500] {processor.py:925} INFO - DAG(s) 'latest_only' retrieved from /mnt/c/Users/Raj/OneDrive - Åbo Akademi O365/banking/airflow/.venv/lib/python3.12/site-packages/airflow/example_dags/example_latest_only.py
[2025-11-22T20:52:06.780+0500] {logging_mixin.py:190} INFO - [2025-11-22T20:52:06.778+0500] {dag.py:3239} INFO - Sync 1 DAGs
[2025-11-22T20:52:06.818+0500] {logging_mixin.py:190} INFO - [2025-11-22T20:52:06.817+0500] {dag.py:4180} INFO - Setting next_dagrun for latest_only to 2025-11-22 08:00:00+00:00, run_after=2025-11-22 12:00:00+00:00
[2025-11-22T20:52:06.905+0500] {processor.py:208} INFO - Processing /mnt/c/Users/Raj/OneDrive - Åbo Akademi O365/banking/airflow/.venv/lib/python3.12/site-packages/airflow/example_dags/example_latest_only.py took 0.224 seconds
[2025-11-22T20:53:50.027+0500] {processor.py:186} INFO - Started process (PID=67554) to work on /mnt/c/Users/Raj/OneDrive - Åbo Akademi O365/banking/airflow/.venv/lib/python3.12/site-packages/airflow/example_dags/example_latest_only.py
[2025-11-22T20:53:50.030+0500] {processor.py:914} INFO - Processing file /mnt/c/Users/Raj/OneDrive - Åbo Akademi O365/banking/airflow/.venv/lib/python3.12/site-packages/airflow/example_dags/example_latest_only.py for tasks to queue
[2025-11-22T20:53:50.034+0500] {logging_mixin.py:190} INFO - [2025-11-22T20:53:50.032+0500] {dagbag.py:588} INFO - Filling up the DagBag from /mnt/c/Users/Raj/OneDrive - Åbo Akademi O365/banking/airflow/.venv/lib/python3.12/site-packages/airflow/example_dags/example_latest_only.py
[2025-11-22T20:53:50.062+0500] {processor.py:925} INFO - DAG(s) 'latest_only' retrieved from /mnt/c/Users/Raj/OneDrive - Åbo Akademi O365/banking/airflow/.venv/lib/python3.12/site-packages/airflow/example_dags/example_latest_only.py
[2025-11-22T20:53:50.096+0500] {logging_mixin.py:190} INFO - [2025-11-22T20:53:50.094+0500] {dag.py:3239} INFO - Sync 1 DAGs
[2025-11-22T20:53:50.134+0500] {logging_mixin.py:190} INFO - [2025-11-22T20:53:50.133+0500] {dag.py:4180} INFO - Setting next_dagrun for latest_only to 2025-11-22 08:00:00+00:00, run_after=2025-11-22 12:00:00+00:00
[2025-11-22T20:53:50.210+0500] {processor.py:208} INFO - Processing /mnt/c/Users/Raj/OneDrive - Åbo Akademi O365/banking/airflow/.venv/lib/python3.12/site-packages/airflow/example_dags/example_latest_only.py took 0.197 seconds
[2025-11-22T20:55:31.290+0500] {processor.py:186} INFO - Started process (PID=67717) to work on /mnt/c/Users/Raj/OneDrive - Åbo Akademi O365/banking/airflow/.venv/lib/python3.12/site-packages/airflow/example_dags/example_latest_only.py
[2025-11-22T20:55:31.293+0500] {processor.py:914} INFO - Processing file /mnt/c/Users/Raj/OneDrive - Åbo Akademi O365/banking/airflow/.venv/lib/python3.12/site-packages/airflow/example_dags/example_latest_only.py for tasks to queue
[2025-11-22T20:55:31.297+0500] {logging_mixin.py:190} INFO - [2025-11-22T20:55:31.295+0500] {dagbag.py:588} INFO - Filling up the DagBag from /mnt/c/Users/Raj/OneDrive - Åbo Akademi O365/banking/airflow/.venv/lib/python3.12/site-packages/airflow/example_dags/example_latest_only.py
[2025-11-22T20:55:31.332+0500] {processor.py:925} INFO - DAG(s) 'latest_only' retrieved from /mnt/c/Users/Raj/OneDrive - Åbo Akademi O365/banking/airflow/.venv/lib/python3.12/site-packages/airflow/example_dags/example_latest_only.py
[2025-11-22T20:55:31.379+0500] {logging_mixin.py:190} INFO - [2025-11-22T20:55:31.378+0500] {dag.py:3239} INFO - Sync 1 DAGs
[2025-11-22T20:55:31.423+0500] {logging_mixin.py:190} INFO - [2025-11-22T20:55:31.422+0500] {dag.py:4180} INFO - Setting next_dagrun for latest_only to 2025-11-22 08:00:00+00:00, run_after=2025-11-22 12:00:00+00:00
[2025-11-22T20:55:31.518+0500] {processor.py:208} INFO - Processing /mnt/c/Users/Raj/OneDrive - Åbo Akademi O365/banking/airflow/.venv/lib/python3.12/site-packages/airflow/example_dags/example_latest_only.py took 0.246 seconds
[2025-11-22T20:57:16.131+0500] {processor.py:186} INFO - Started process (PID=67794) to work on /mnt/c/Users/Raj/OneDrive - Åbo Akademi O365/banking/airflow/.venv/lib/python3.12/site-packages/airflow/example_dags/example_latest_only.py
[2025-11-22T20:57:16.133+0500] {processor.py:914} INFO - Processing file /mnt/c/Users/Raj/OneDrive - Åbo Akademi O365/banking/airflow/.venv/lib/python3.12/site-packages/airflow/example_dags/example_latest_only.py for tasks to queue
[2025-11-22T20:57:16.137+0500] {logging_mixin.py:190} INFO - [2025-11-22T20:57:16.136+0500] {dagbag.py:588} INFO - Filling up the DagBag from /mnt/c/Users/Raj/OneDrive - Åbo Akademi O365/banking/airflow/.venv/lib/python3.12/site-packages/airflow/example_dags/example_latest_only.py
[2025-11-22T20:57:16.164+0500] {processor.py:925} INFO - DAG(s) 'latest_only' retrieved from /mnt/c/Users/Raj/OneDrive - Åbo Akademi O365/banking/airflow/.venv/lib/python3.12/site-packages/airflow/example_dags/example_latest_only.py
[2025-11-22T20:57:16.197+0500] {logging_mixin.py:190} INFO - [2025-11-22T20:57:16.196+0500] {dag.py:3239} INFO - Sync 1 DAGs
[2025-11-22T20:57:16.228+0500] {logging_mixin.py:190} INFO - [2025-11-22T20:57:16.227+0500] {dag.py:4180} INFO - Setting next_dagrun for latest_only to 2025-11-22 08:00:00+00:00, run_after=2025-11-22 12:00:00+00:00
[2025-11-22T20:57:16.291+0500] {processor.py:208} INFO - Processing /mnt/c/Users/Raj/OneDrive - Åbo Akademi O365/banking/airflow/.venv/lib/python3.12/site-packages/airflow/example_dags/example_latest_only.py took 0.181 seconds
[2025-11-22T20:59:01.383+0500] {processor.py:186} INFO - Started process (PID=67875) to work on /mnt/c/Users/Raj/OneDrive - Åbo Akademi O365/banking/airflow/.venv/lib/python3.12/site-packages/airflow/example_dags/example_latest_only.py
[2025-11-22T20:59:01.386+0500] {processor.py:914} INFO - Processing file /mnt/c/Users/Raj/OneDrive - Åbo Akademi O365/banking/airflow/.venv/lib/python3.12/site-packages/airflow/example_dags/example_latest_only.py for tasks to queue
[2025-11-22T20:59:01.390+0500] {logging_mixin.py:190} INFO - [2025-11-22T20:59:01.389+0500] {dagbag.py:588} INFO - Filling up the DagBag from /mnt/c/Users/Raj/OneDrive - Åbo Akademi O365/banking/airflow/.venv/lib/python3.12/site-packages/airflow/example_dags/example_latest_only.py
[2025-11-22T20:59:01.425+0500] {processor.py:925} INFO - DAG(s) 'latest_only' retrieved from /mnt/c/Users/Raj/OneDrive - Åbo Akademi O365/banking/airflow/.venv/lib/python3.12/site-packages/airflow/example_dags/example_latest_only.py
[2025-11-22T20:59:01.461+0500] {logging_mixin.py:190} INFO - [2025-11-22T20:59:01.460+0500] {dag.py:3239} INFO - Sync 1 DAGs
[2025-11-22T20:59:01.491+0500] {logging_mixin.py:190} INFO - [2025-11-22T20:59:01.490+0500] {dag.py:4180} INFO - Setting next_dagrun for latest_only to 2025-11-22 08:00:00+00:00, run_after=2025-11-22 12:00:00+00:00
[2025-11-22T20:59:01.560+0500] {processor.py:208} INFO - Processing /mnt/c/Users/Raj/OneDrive - Åbo Akademi O365/banking/airflow/.venv/lib/python3.12/site-packages/airflow/example_dags/example_latest_only.py took 0.193 seconds
[2025-11-22T21:00:34.433+0500] {processor.py:186} INFO - Started process (PID=67953) to work on /mnt/c/Users/Raj/OneDrive - Åbo Akademi O365/banking/airflow/.venv/lib/python3.12/site-packages/airflow/example_dags/example_latest_only.py
[2025-11-22T21:00:34.435+0500] {processor.py:914} INFO - Processing file /mnt/c/Users/Raj/OneDrive - Åbo Akademi O365/banking/airflow/.venv/lib/python3.12/site-packages/airflow/example_dags/example_latest_only.py for tasks to queue
[2025-11-22T21:00:34.439+0500] {logging_mixin.py:190} INFO - [2025-11-22T21:00:34.437+0500] {dagbag.py:588} INFO - Filling up the DagBag from /mnt/c/Users/Raj/OneDrive - Åbo Akademi O365/banking/airflow/.venv/lib/python3.12/site-packages/airflow/example_dags/example_latest_only.py
[2025-11-22T21:00:34.465+0500] {processor.py:925} INFO - DAG(s) 'latest_only' retrieved from /mnt/c/Users/Raj/OneDrive - Åbo Akademi O365/banking/airflow/.venv/lib/python3.12/site-packages/airflow/example_dags/example_latest_only.py
[2025-11-22T21:00:34.498+0500] {logging_mixin.py:190} INFO - [2025-11-22T21:00:34.496+0500] {dag.py:3239} INFO - Sync 1 DAGs
[2025-11-22T21:00:34.536+0500] {logging_mixin.py:190} INFO - [2025-11-22T21:00:34.535+0500] {dag.py:4180} INFO - Setting next_dagrun for latest_only to 2025-11-22 12:00:00+00:00, run_after=2025-11-22 16:00:00+00:00
[2025-11-22T21:00:34.609+0500] {processor.py:208} INFO - Processing /mnt/c/Users/Raj/OneDrive - Åbo Akademi O365/banking/airflow/.venv/lib/python3.12/site-packages/airflow/example_dags/example_latest_only.py took 0.191 seconds
[2025-11-22T21:02:47.930+0500] {processor.py:186} INFO - Started process (PID=68057) to work on /mnt/c/Users/Raj/OneDrive - Åbo Akademi O365/banking/airflow/.venv/lib/python3.12/site-packages/airflow/example_dags/example_latest_only.py
[2025-11-22T21:02:47.933+0500] {processor.py:914} INFO - Processing file /mnt/c/Users/Raj/OneDrive - Åbo Akademi O365/banking/airflow/.venv/lib/python3.12/site-packages/airflow/example_dags/example_latest_only.py for tasks to queue
[2025-11-22T21:02:47.940+0500] {logging_mixin.py:190} INFO - [2025-11-22T21:02:47.937+0500] {dagbag.py:588} INFO - Filling up the DagBag from /mnt/c/Users/Raj/OneDrive - Åbo Akademi O365/banking/airflow/.venv/lib/python3.12/site-packages/airflow/example_dags/example_latest_only.py
[2025-11-22T21:02:47.968+0500] {processor.py:925} INFO - DAG(s) 'latest_only' retrieved from /mnt/c/Users/Raj/OneDrive - Åbo Akademi O365/banking/airflow/.venv/lib/python3.12/site-packages/airflow/example_dags/example_latest_only.py
[2025-11-22T21:02:47.997+0500] {logging_mixin.py:190} INFO - [2025-11-22T21:02:47.996+0500] {dag.py:3239} INFO - Sync 1 DAGs
[2025-11-22T21:02:48.030+0500] {logging_mixin.py:190} INFO - [2025-11-22T21:02:48.029+0500] {dag.py:4180} INFO - Setting next_dagrun for latest_only to 2025-11-22 12:00:00+00:00, run_after=2025-11-22 16:00:00+00:00
[2025-11-22T21:02:48.097+0500] {processor.py:208} INFO - Processing /mnt/c/Users/Raj/OneDrive - Åbo Akademi O365/banking/airflow/.venv/lib/python3.12/site-packages/airflow/example_dags/example_latest_only.py took 0.193 seconds
[2025-11-22T21:04:59.428+0500] {processor.py:186} INFO - Started process (PID=68181) to work on /mnt/c/Users/Raj/OneDrive - Åbo Akademi O365/banking/airflow/.venv/lib/python3.12/site-packages/airflow/example_dags/example_latest_only.py
[2025-11-22T21:04:59.430+0500] {processor.py:914} INFO - Processing file /mnt/c/Users/Raj/OneDrive - Åbo Akademi O365/banking/airflow/.venv/lib/python3.12/site-packages/airflow/example_dags/example_latest_only.py for tasks to queue
[2025-11-22T21:04:59.434+0500] {logging_mixin.py:190} INFO - [2025-11-22T21:04:59.433+0500] {dagbag.py:588} INFO - Filling up the DagBag from /mnt/c/Users/Raj/OneDrive - Åbo Akademi O365/banking/airflow/.venv/lib/python3.12/site-packages/airflow/example_dags/example_latest_only.py
[2025-11-22T21:04:59.463+0500] {processor.py:925} INFO - DAG(s) 'latest_only' retrieved from /mnt/c/Users/Raj/OneDrive - Åbo Akademi O365/banking/airflow/.venv/lib/python3.12/site-packages/airflow/example_dags/example_latest_only.py
[2025-11-22T21:04:59.497+0500] {logging_mixin.py:190} INFO - [2025-11-22T21:04:59.495+0500] {dag.py:3239} INFO - Sync 1 DAGs
[2025-11-22T21:04:59.526+0500] {logging_mixin.py:190} INFO - [2025-11-22T21:04:59.525+0500] {dag.py:4180} INFO - Setting next_dagrun for latest_only to 2025-11-22 12:00:00+00:00, run_after=2025-11-22 16:00:00+00:00
[2025-11-22T21:04:59.634+0500] {processor.py:208} INFO - Processing /mnt/c/Users/Raj/OneDrive - Åbo Akademi O365/banking/airflow/.venv/lib/python3.12/site-packages/airflow/example_dags/example_latest_only.py took 0.226 seconds
[2025-11-22T21:09:27.761+0500] {processor.py:186} INFO - Started process (PID=68364) to work on /mnt/c/Users/Raj/OneDrive - Åbo Akademi O365/banking/airflow/.venv/lib/python3.12/site-packages/airflow/example_dags/example_latest_only.py
[2025-11-22T21:09:27.764+0500] {processor.py:914} INFO - Processing file /mnt/c/Users/Raj/OneDrive - Åbo Akademi O365/banking/airflow/.venv/lib/python3.12/site-packages/airflow/example_dags/example_latest_only.py for tasks to queue
[2025-11-22T21:09:27.768+0500] {logging_mixin.py:190} INFO - [2025-11-22T21:09:27.766+0500] {dagbag.py:588} INFO - Filling up the DagBag from /mnt/c/Users/Raj/OneDrive - Åbo Akademi O365/banking/airflow/.venv/lib/python3.12/site-packages/airflow/example_dags/example_latest_only.py
[2025-11-22T21:09:27.795+0500] {processor.py:925} INFO - DAG(s) 'latest_only' retrieved from /mnt/c/Users/Raj/OneDrive - Åbo Akademi O365/banking/airflow/.venv/lib/python3.12/site-packages/airflow/example_dags/example_latest_only.py
[2025-11-22T21:09:28.047+0500] {logging_mixin.py:190} INFO - [2025-11-22T21:09:28.046+0500] {dag.py:3239} INFO - Sync 1 DAGs
[2025-11-22T21:09:28.078+0500] {logging_mixin.py:190} INFO - [2025-11-22T21:09:28.077+0500] {dag.py:4180} INFO - Setting next_dagrun for latest_only to 2025-11-22 12:00:00+00:00, run_after=2025-11-22 16:00:00+00:00
[2025-11-22T21:09:28.141+0500] {processor.py:208} INFO - Processing /mnt/c/Users/Raj/OneDrive - Åbo Akademi O365/banking/airflow/.venv/lib/python3.12/site-packages/airflow/example_dags/example_latest_only.py took 0.404 seconds
[2025-11-22T21:11:20.462+0500] {processor.py:186} INFO - Started process (PID=68451) to work on /mnt/c/Users/Raj/OneDrive - Åbo Akademi O365/banking/airflow/.venv/lib/python3.12/site-packages/airflow/example_dags/example_latest_only.py
[2025-11-22T21:11:20.465+0500] {processor.py:914} INFO - Processing file /mnt/c/Users/Raj/OneDrive - Åbo Akademi O365/banking/airflow/.venv/lib/python3.12/site-packages/airflow/example_dags/example_latest_only.py for tasks to queue
[2025-11-22T21:11:20.470+0500] {logging_mixin.py:190} INFO - [2025-11-22T21:11:20.468+0500] {dagbag.py:588} INFO - Filling up the DagBag from /mnt/c/Users/Raj/OneDrive - Åbo Akademi O365/banking/airflow/.venv/lib/python3.12/site-packages/airflow/example_dags/example_latest_only.py
[2025-11-22T21:11:20.499+0500] {processor.py:925} INFO - DAG(s) 'latest_only' retrieved from /mnt/c/Users/Raj/OneDrive - Åbo Akademi O365/banking/airflow/.venv/lib/python3.12/site-packages/airflow/example_dags/example_latest_only.py
[2025-11-22T21:11:20.543+0500] {logging_mixin.py:190} INFO - [2025-11-22T21:11:20.542+0500] {dag.py:3239} INFO - Sync 1 DAGs
[2025-11-22T21:11:20.731+0500] {logging_mixin.py:190} INFO - [2025-11-22T21:11:20.730+0500] {dag.py:4180} INFO - Setting next_dagrun for latest_only to 2025-11-22 12:00:00+00:00, run_after=2025-11-22 16:00:00+00:00
[2025-11-22T21:11:20.793+0500] {processor.py:208} INFO - Processing /mnt/c/Users/Raj/OneDrive - Åbo Akademi O365/banking/airflow/.venv/lib/python3.12/site-packages/airflow/example_dags/example_latest_only.py took 0.354 seconds
[2025-11-22T21:13:12.435+0500] {processor.py:186} INFO - Started process (PID=68533) to work on /mnt/c/Users/Raj/OneDrive - Åbo Akademi O365/banking/airflow/.venv/lib/python3.12/site-packages/airflow/example_dags/example_latest_only.py
[2025-11-22T21:13:12.437+0500] {processor.py:914} INFO - Processing file /mnt/c/Users/Raj/OneDrive - Åbo Akademi O365/banking/airflow/.venv/lib/python3.12/site-packages/airflow/example_dags/example_latest_only.py for tasks to queue
[2025-11-22T21:13:12.441+0500] {logging_mixin.py:190} INFO - [2025-11-22T21:13:12.440+0500] {dagbag.py:588} INFO - Filling up the DagBag from /mnt/c/Users/Raj/OneDrive - Åbo Akademi O365/banking/airflow/.venv/lib/python3.12/site-packages/airflow/example_dags/example_latest_only.py
[2025-11-22T21:13:12.466+0500] {processor.py:925} INFO - DAG(s) 'latest_only' retrieved from /mnt/c/Users/Raj/OneDrive - Åbo Akademi O365/banking/airflow/.venv/lib/python3.12/site-packages/airflow/example_dags/example_latest_only.py
[2025-11-22T21:13:12.498+0500] {logging_mixin.py:190} INFO - [2025-11-22T21:13:12.496+0500] {dag.py:3239} INFO - Sync 1 DAGs
[2025-11-22T21:13:12.530+0500] {logging_mixin.py:190} INFO - [2025-11-22T21:13:12.529+0500] {dag.py:4180} INFO - Setting next_dagrun for latest_only to 2025-11-22 12:00:00+00:00, run_after=2025-11-22 16:00:00+00:00
[2025-11-22T21:13:12.604+0500] {processor.py:208} INFO - Processing /mnt/c/Users/Raj/OneDrive - Åbo Akademi O365/banking/airflow/.venv/lib/python3.12/site-packages/airflow/example_dags/example_latest_only.py took 0.189 seconds
[2025-11-22T21:14:54.188+0500] {processor.py:186} INFO - Started process (PID=68614) to work on /mnt/c/Users/Raj/OneDrive - Åbo Akademi O365/banking/airflow/.venv/lib/python3.12/site-packages/airflow/example_dags/example_latest_only.py
[2025-11-22T21:14:54.191+0500] {processor.py:914} INFO - Processing file /mnt/c/Users/Raj/OneDrive - Åbo Akademi O365/banking/airflow/.venv/lib/python3.12/site-packages/airflow/example_dags/example_latest_only.py for tasks to queue
[2025-11-22T21:14:54.195+0500] {logging_mixin.py:190} INFO - [2025-11-22T21:14:54.194+0500] {dagbag.py:588} INFO - Filling up the DagBag from /mnt/c/Users/Raj/OneDrive - Åbo Akademi O365/banking/airflow/.venv/lib/python3.12/site-packages/airflow/example_dags/example_latest_only.py
[2025-11-22T21:14:54.225+0500] {processor.py:925} INFO - DAG(s) 'latest_only' retrieved from /mnt/c/Users/Raj/OneDrive - Åbo Akademi O365/banking/airflow/.venv/lib/python3.12/site-packages/airflow/example_dags/example_latest_only.py
[2025-11-22T21:14:54.271+0500] {logging_mixin.py:190} INFO - [2025-11-22T21:14:54.269+0500] {dag.py:3239} INFO - Sync 1 DAGs
[2025-11-22T21:14:54.316+0500] {logging_mixin.py:190} INFO - [2025-11-22T21:14:54.315+0500] {dag.py:4180} INFO - Setting next_dagrun for latest_only to 2025-11-22 12:00:00+00:00, run_after=2025-11-22 16:00:00+00:00
[2025-11-22T21:14:54.390+0500] {processor.py:208} INFO - Processing /mnt/c/Users/Raj/OneDrive - Åbo Akademi O365/banking/airflow/.venv/lib/python3.12/site-packages/airflow/example_dags/example_latest_only.py took 0.225 seconds
[2025-11-22T21:16:31.655+0500] {processor.py:186} INFO - Started process (PID=68693) to work on /mnt/c/Users/Raj/OneDrive - Åbo Akademi O365/banking/airflow/.venv/lib/python3.12/site-packages/airflow/example_dags/example_latest_only.py
[2025-11-22T21:16:31.658+0500] {processor.py:914} INFO - Processing file /mnt/c/Users/Raj/OneDrive - Åbo Akademi O365/banking/airflow/.venv/lib/python3.12/site-packages/airflow/example_dags/example_latest_only.py for tasks to queue
[2025-11-22T21:16:31.662+0500] {logging_mixin.py:190} INFO - [2025-11-22T21:16:31.660+0500] {dagbag.py:588} INFO - Filling up the DagBag from /mnt/c/Users/Raj/OneDrive - Åbo Akademi O365/banking/airflow/.venv/lib/python3.12/site-packages/airflow/example_dags/example_latest_only.py
[2025-11-22T21:16:31.689+0500] {processor.py:925} INFO - DAG(s) 'latest_only' retrieved from /mnt/c/Users/Raj/OneDrive - Åbo Akademi O365/banking/airflow/.venv/lib/python3.12/site-packages/airflow/example_dags/example_latest_only.py
[2025-11-22T21:16:31.727+0500] {logging_mixin.py:190} INFO - [2025-11-22T21:16:31.726+0500] {dag.py:3239} INFO - Sync 1 DAGs
[2025-11-22T21:16:31.759+0500] {logging_mixin.py:190} INFO - [2025-11-22T21:16:31.758+0500] {dag.py:4180} INFO - Setting next_dagrun for latest_only to 2025-11-22 12:00:00+00:00, run_after=2025-11-22 16:00:00+00:00
[2025-11-22T21:16:31.825+0500] {processor.py:208} INFO - Processing /mnt/c/Users/Raj/OneDrive - Åbo Akademi O365/banking/airflow/.venv/lib/python3.12/site-packages/airflow/example_dags/example_latest_only.py took 0.189 seconds
[2025-11-22T21:18:13.013+0500] {processor.py:186} INFO - Started process (PID=68775) to work on /mnt/c/Users/Raj/OneDrive - Åbo Akademi O365/banking/airflow/.venv/lib/python3.12/site-packages/airflow/example_dags/example_latest_only.py
[2025-11-22T21:18:13.015+0500] {processor.py:914} INFO - Processing file /mnt/c/Users/Raj/OneDrive - Åbo Akademi O365/banking/airflow/.venv/lib/python3.12/site-packages/airflow/example_dags/example_latest_only.py for tasks to queue
[2025-11-22T21:18:13.019+0500] {logging_mixin.py:190} INFO - [2025-11-22T21:18:13.017+0500] {dagbag.py:588} INFO - Filling up the DagBag from /mnt/c/Users/Raj/OneDrive - Åbo Akademi O365/banking/airflow/.venv/lib/python3.12/site-packages/airflow/example_dags/example_latest_only.py
[2025-11-22T21:18:13.045+0500] {processor.py:925} INFO - DAG(s) 'latest_only' retrieved from /mnt/c/Users/Raj/OneDrive - Åbo Akademi O365/banking/airflow/.venv/lib/python3.12/site-packages/airflow/example_dags/example_latest_only.py
[2025-11-22T21:18:13.081+0500] {logging_mixin.py:190} INFO - [2025-11-22T21:18:13.080+0500] {dag.py:3239} INFO - Sync 1 DAGs
[2025-11-22T21:18:13.121+0500] {logging_mixin.py:190} INFO - [2025-11-22T21:18:13.120+0500] {dag.py:4180} INFO - Setting next_dagrun for latest_only to 2025-11-22 12:00:00+00:00, run_after=2025-11-22 16:00:00+00:00
[2025-11-22T21:18:13.187+0500] {processor.py:208} INFO - Processing /mnt/c/Users/Raj/OneDrive - Åbo Akademi O365/banking/airflow/.venv/lib/python3.12/site-packages/airflow/example_dags/example_latest_only.py took 0.194 seconds
[2025-11-22T21:19:56.932+0500] {processor.py:186} INFO - Started process (PID=68851) to work on /mnt/c/Users/Raj/OneDrive - Åbo Akademi O365/banking/airflow/.venv/lib/python3.12/site-packages/airflow/example_dags/example_latest_only.py
[2025-11-22T21:19:56.934+0500] {processor.py:914} INFO - Processing file /mnt/c/Users/Raj/OneDrive - Åbo Akademi O365/banking/airflow/.venv/lib/python3.12/site-packages/airflow/example_dags/example_latest_only.py for tasks to queue
[2025-11-22T21:19:56.938+0500] {logging_mixin.py:190} INFO - [2025-11-22T21:19:56.936+0500] {dagbag.py:588} INFO - Filling up the DagBag from /mnt/c/Users/Raj/OneDrive - Åbo Akademi O365/banking/airflow/.venv/lib/python3.12/site-packages/airflow/example_dags/example_latest_only.py
[2025-11-22T21:19:56.966+0500] {processor.py:925} INFO - DAG(s) 'latest_only' retrieved from /mnt/c/Users/Raj/OneDrive - Åbo Akademi O365/banking/airflow/.venv/lib/python3.12/site-packages/airflow/example_dags/example_latest_only.py
[2025-11-22T21:19:56.998+0500] {logging_mixin.py:190} INFO - [2025-11-22T21:19:56.997+0500] {dag.py:3239} INFO - Sync 1 DAGs
[2025-11-22T21:19:57.030+0500] {logging_mixin.py:190} INFO - [2025-11-22T21:19:57.029+0500] {dag.py:4180} INFO - Setting next_dagrun for latest_only to 2025-11-22 12:00:00+00:00, run_after=2025-11-22 16:00:00+00:00
[2025-11-22T21:19:57.108+0500] {processor.py:208} INFO - Processing /mnt/c/Users/Raj/OneDrive - Åbo Akademi O365/banking/airflow/.venv/lib/python3.12/site-packages/airflow/example_dags/example_latest_only.py took 0.193 seconds
[2025-11-22T21:21:41.612+0500] {processor.py:186} INFO - Started process (PID=68934) to work on /mnt/c/Users/Raj/OneDrive - Åbo Akademi O365/banking/airflow/.venv/lib/python3.12/site-packages/airflow/example_dags/example_latest_only.py
[2025-11-22T21:21:41.614+0500] {processor.py:914} INFO - Processing file /mnt/c/Users/Raj/OneDrive - Åbo Akademi O365/banking/airflow/.venv/lib/python3.12/site-packages/airflow/example_dags/example_latest_only.py for tasks to queue
[2025-11-22T21:21:41.618+0500] {logging_mixin.py:190} INFO - [2025-11-22T21:21:41.616+0500] {dagbag.py:588} INFO - Filling up the DagBag from /mnt/c/Users/Raj/OneDrive - Åbo Akademi O365/banking/airflow/.venv/lib/python3.12/site-packages/airflow/example_dags/example_latest_only.py
[2025-11-22T21:21:41.649+0500] {processor.py:925} INFO - DAG(s) 'latest_only' retrieved from /mnt/c/Users/Raj/OneDrive - Åbo Akademi O365/banking/airflow/.venv/lib/python3.12/site-packages/airflow/example_dags/example_latest_only.py
[2025-11-22T21:21:41.694+0500] {logging_mixin.py:190} INFO - [2025-11-22T21:21:41.692+0500] {dag.py:3239} INFO - Sync 1 DAGs
[2025-11-22T21:21:41.739+0500] {logging_mixin.py:190} INFO - [2025-11-22T21:21:41.738+0500] {dag.py:4180} INFO - Setting next_dagrun for latest_only to 2025-11-22 12:00:00+00:00, run_after=2025-11-22 16:00:00+00:00
[2025-11-22T21:21:41.818+0500] {processor.py:208} INFO - Processing /mnt/c/Users/Raj/OneDrive - Åbo Akademi O365/banking/airflow/.venv/lib/python3.12/site-packages/airflow/example_dags/example_latest_only.py took 0.232 seconds
[2025-11-22T21:23:24.870+0500] {processor.py:186} INFO - Started process (PID=69014) to work on /mnt/c/Users/Raj/OneDrive - Åbo Akademi O365/banking/airflow/.venv/lib/python3.12/site-packages/airflow/example_dags/example_latest_only.py
[2025-11-22T21:23:24.872+0500] {processor.py:914} INFO - Processing file /mnt/c/Users/Raj/OneDrive - Åbo Akademi O365/banking/airflow/.venv/lib/python3.12/site-packages/airflow/example_dags/example_latest_only.py for tasks to queue
[2025-11-22T21:23:24.877+0500] {logging_mixin.py:190} INFO - [2025-11-22T21:23:24.875+0500] {dagbag.py:588} INFO - Filling up the DagBag from /mnt/c/Users/Raj/OneDrive - Åbo Akademi O365/banking/airflow/.venv/lib/python3.12/site-packages/airflow/example_dags/example_latest_only.py
[2025-11-22T21:23:24.905+0500] {processor.py:925} INFO - DAG(s) 'latest_only' retrieved from /mnt/c/Users/Raj/OneDrive - Åbo Akademi O365/banking/airflow/.venv/lib/python3.12/site-packages/airflow/example_dags/example_latest_only.py
[2025-11-22T21:23:24.943+0500] {logging_mixin.py:190} INFO - [2025-11-22T21:23:24.942+0500] {dag.py:3239} INFO - Sync 1 DAGs
[2025-11-22T21:23:24.977+0500] {logging_mixin.py:190} INFO - [2025-11-22T21:23:24.976+0500] {dag.py:4180} INFO - Setting next_dagrun for latest_only to 2025-11-22 12:00:00+00:00, run_after=2025-11-22 16:00:00+00:00
[2025-11-22T21:23:25.046+0500] {processor.py:208} INFO - Processing /mnt/c/Users/Raj/OneDrive - Åbo Akademi O365/banking/airflow/.venv/lib/python3.12/site-packages/airflow/example_dags/example_latest_only.py took 0.196 seconds
