[2025-11-22T20:15:34.821+0500] {processor.py:186} INFO - Started process (PID=65736) to work on /mnt/c/Users/Raj/OneDrive - Åbo Akademi O365/banking/airflow/.venv/lib/python3.12/site-packages/airflow/example_dags/example_setup_teardown.py
[2025-11-22T20:15:34.823+0500] {processor.py:914} INFO - Processing file /mnt/c/Users/Raj/OneDrive - Åbo Akademi O365/banking/airflow/.venv/lib/python3.12/site-packages/airflow/example_dags/example_setup_teardown.py for tasks to queue
[2025-11-22T20:15:34.826+0500] {logging_mixin.py:190} INFO - [2025-11-22T20:15:34.825+0500] {dagbag.py:588} INFO - Filling up the DagBag from /mnt/c/Users/Raj/OneDrive - Åbo Akademi O365/banking/airflow/.venv/lib/python3.12/site-packages/airflow/example_dags/example_setup_teardown.py
[2025-11-22T20:15:34.855+0500] {processor.py:925} INFO - DAG(s) 'example_setup_teardown' retrieved from /mnt/c/Users/Raj/OneDrive - Åbo Akademi O365/banking/airflow/.venv/lib/python3.12/site-packages/airflow/example_dags/example_setup_teardown.py
[2025-11-22T20:15:34.897+0500] {logging_mixin.py:190} INFO - [2025-11-22T20:15:34.896+0500] {dag.py:3239} INFO - Sync 1 DAGs
[2025-11-22T20:15:34.921+0500] {logging_mixin.py:190} INFO - [2025-11-22T20:15:34.919+0500] {dag.py:4180} INFO - Setting next_dagrun for example_setup_teardown to None, run_after=None
[2025-11-22T20:15:34.992+0500] {processor.py:208} INFO - Processing /mnt/c/Users/Raj/OneDrive - Åbo Akademi O365/banking/airflow/.venv/lib/python3.12/site-packages/airflow/example_dags/example_setup_teardown.py took 0.188 seconds
[2025-11-22T20:17:24.572+0500] {processor.py:186} INFO - Started process (PID=65834) to work on /mnt/c/Users/Raj/OneDrive - Åbo Akademi O365/banking/airflow/.venv/lib/python3.12/site-packages/airflow/example_dags/example_setup_teardown.py
[2025-11-22T20:17:24.575+0500] {processor.py:914} INFO - Processing file /mnt/c/Users/Raj/OneDrive - Åbo Akademi O365/banking/airflow/.venv/lib/python3.12/site-packages/airflow/example_dags/example_setup_teardown.py for tasks to queue
[2025-11-22T20:17:24.580+0500] {logging_mixin.py:190} INFO - [2025-11-22T20:17:24.578+0500] {dagbag.py:588} INFO - Filling up the DagBag from /mnt/c/Users/Raj/OneDrive - Åbo Akademi O365/banking/airflow/.venv/lib/python3.12/site-packages/airflow/example_dags/example_setup_teardown.py
[2025-11-22T20:17:24.613+0500] {processor.py:925} INFO - DAG(s) 'example_setup_teardown' retrieved from /mnt/c/Users/Raj/OneDrive - Åbo Akademi O365/banking/airflow/.venv/lib/python3.12/site-packages/airflow/example_dags/example_setup_teardown.py
[2025-11-22T20:17:24.656+0500] {logging_mixin.py:190} INFO - [2025-11-22T20:17:24.654+0500] {dag.py:3239} INFO - Sync 1 DAGs
[2025-11-22T20:17:24.683+0500] {logging_mixin.py:190} INFO - [2025-11-22T20:17:24.682+0500] {dag.py:4180} INFO - Setting next_dagrun for example_setup_teardown to None, run_after=None
[2025-11-22T20:17:24.765+0500] {processor.py:208} INFO - Processing /mnt/c/Users/Raj/OneDrive - Åbo Akademi O365/banking/airflow/.venv/lib/python3.12/site-packages/airflow/example_dags/example_setup_teardown.py took 0.211 seconds
[2025-11-22T20:20:39.330+0500] {processor.py:186} INFO - Started process (PID=65921) to work on /mnt/c/Users/Raj/OneDrive - Åbo Akademi O365/banking/airflow/.venv/lib/python3.12/site-packages/airflow/example_dags/example_setup_teardown.py
[2025-11-22T20:20:39.332+0500] {processor.py:914} INFO - Processing file /mnt/c/Users/Raj/OneDrive - Åbo Akademi O365/banking/airflow/.venv/lib/python3.12/site-packages/airflow/example_dags/example_setup_teardown.py for tasks to queue
[2025-11-22T20:20:39.337+0500] {logging_mixin.py:190} INFO - [2025-11-22T20:20:39.335+0500] {dagbag.py:588} INFO - Filling up the DagBag from /mnt/c/Users/Raj/OneDrive - Åbo Akademi O365/banking/airflow/.venv/lib/python3.12/site-packages/airflow/example_dags/example_setup_teardown.py
[2025-11-22T20:20:39.429+0500] {processor.py:925} INFO - DAG(s) 'example_setup_teardown' retrieved from /mnt/c/Users/Raj/OneDrive - Åbo Akademi O365/banking/airflow/.venv/lib/python3.12/site-packages/airflow/example_dags/example_setup_teardown.py
[2025-11-22T20:20:39.502+0500] {logging_mixin.py:190} INFO - [2025-11-22T20:20:39.501+0500] {dag.py:3239} INFO - Sync 1 DAGs
[2025-11-22T20:20:39.544+0500] {logging_mixin.py:190} INFO - [2025-11-22T20:20:39.540+0500] {dag.py:4180} INFO - Setting next_dagrun for example_setup_teardown to None, run_after=None
[2025-11-22T20:20:39.643+0500] {processor.py:208} INFO - Processing /mnt/c/Users/Raj/OneDrive - Åbo Akademi O365/banking/airflow/.venv/lib/python3.12/site-packages/airflow/example_dags/example_setup_teardown.py took 0.331 seconds
[2025-11-22T20:22:21.495+0500] {processor.py:186} INFO - Started process (PID=66013) to work on /mnt/c/Users/Raj/OneDrive - Åbo Akademi O365/banking/airflow/.venv/lib/python3.12/site-packages/airflow/example_dags/example_setup_teardown.py
[2025-11-22T20:22:21.497+0500] {processor.py:914} INFO - Processing file /mnt/c/Users/Raj/OneDrive - Åbo Akademi O365/banking/airflow/.venv/lib/python3.12/site-packages/airflow/example_dags/example_setup_teardown.py for tasks to queue
[2025-11-22T20:22:21.507+0500] {logging_mixin.py:190} INFO - [2025-11-22T20:22:21.501+0500] {dagbag.py:588} INFO - Filling up the DagBag from /mnt/c/Users/Raj/OneDrive - Åbo Akademi O365/banking/airflow/.venv/lib/python3.12/site-packages/airflow/example_dags/example_setup_teardown.py
[2025-11-22T20:22:21.620+0500] {processor.py:925} INFO - DAG(s) 'example_setup_teardown' retrieved from /mnt/c/Users/Raj/OneDrive - Åbo Akademi O365/banking/airflow/.venv/lib/python3.12/site-packages/airflow/example_dags/example_setup_teardown.py
[2025-11-22T20:22:21.663+0500] {logging_mixin.py:190} INFO - [2025-11-22T20:22:21.662+0500] {dag.py:3239} INFO - Sync 1 DAGs
[2025-11-22T20:22:21.706+0500] {logging_mixin.py:190} INFO - [2025-11-22T20:22:21.704+0500] {dag.py:4180} INFO - Setting next_dagrun for example_setup_teardown to None, run_after=None
[2025-11-22T20:22:21.817+0500] {processor.py:208} INFO - Processing /mnt/c/Users/Raj/OneDrive - Åbo Akademi O365/banking/airflow/.venv/lib/python3.12/site-packages/airflow/example_dags/example_setup_teardown.py took 0.345 seconds
[2025-11-22T20:24:22.117+0500] {processor.py:186} INFO - Started process (PID=66105) to work on /mnt/c/Users/Raj/OneDrive - Åbo Akademi O365/banking/airflow/.venv/lib/python3.12/site-packages/airflow/example_dags/example_setup_teardown.py
[2025-11-22T20:24:22.120+0500] {processor.py:914} INFO - Processing file /mnt/c/Users/Raj/OneDrive - Åbo Akademi O365/banking/airflow/.venv/lib/python3.12/site-packages/airflow/example_dags/example_setup_teardown.py for tasks to queue
[2025-11-22T20:24:22.137+0500] {logging_mixin.py:190} INFO - [2025-11-22T20:24:22.128+0500] {dagbag.py:588} INFO - Filling up the DagBag from /mnt/c/Users/Raj/OneDrive - Åbo Akademi O365/banking/airflow/.venv/lib/python3.12/site-packages/airflow/example_dags/example_setup_teardown.py
[2025-11-22T20:24:22.412+0500] {processor.py:925} INFO - DAG(s) 'example_setup_teardown' retrieved from /mnt/c/Users/Raj/OneDrive - Åbo Akademi O365/banking/airflow/.venv/lib/python3.12/site-packages/airflow/example_dags/example_setup_teardown.py
[2025-11-22T20:24:22.513+0500] {logging_mixin.py:190} INFO - [2025-11-22T20:24:22.511+0500] {dag.py:3239} INFO - Sync 1 DAGs
[2025-11-22T20:24:22.563+0500] {logging_mixin.py:190} INFO - [2025-11-22T20:24:22.560+0500] {dag.py:4180} INFO - Setting next_dagrun for example_setup_teardown to None, run_after=None
[2025-11-22T20:24:22.675+0500] {processor.py:208} INFO - Processing /mnt/c/Users/Raj/OneDrive - Åbo Akademi O365/banking/airflow/.venv/lib/python3.12/site-packages/airflow/example_dags/example_setup_teardown.py took 0.598 seconds
[2025-11-22T20:27:50.325+0500] {processor.py:186} INFO - Started process (PID=66247) to work on /mnt/c/Users/Raj/OneDrive - Åbo Akademi O365/banking/airflow/.venv/lib/python3.12/site-packages/airflow/example_dags/example_setup_teardown.py
[2025-11-22T20:27:50.328+0500] {processor.py:914} INFO - Processing file /mnt/c/Users/Raj/OneDrive - Åbo Akademi O365/banking/airflow/.venv/lib/python3.12/site-packages/airflow/example_dags/example_setup_teardown.py for tasks to queue
[2025-11-22T20:27:50.331+0500] {logging_mixin.py:190} INFO - [2025-11-22T20:27:50.330+0500] {dagbag.py:588} INFO - Filling up the DagBag from /mnt/c/Users/Raj/OneDrive - Åbo Akademi O365/banking/airflow/.venv/lib/python3.12/site-packages/airflow/example_dags/example_setup_teardown.py
[2025-11-22T20:27:50.360+0500] {processor.py:925} INFO - DAG(s) 'example_setup_teardown' retrieved from /mnt/c/Users/Raj/OneDrive - Åbo Akademi O365/banking/airflow/.venv/lib/python3.12/site-packages/airflow/example_dags/example_setup_teardown.py
[2025-11-22T20:27:50.412+0500] {logging_mixin.py:190} INFO - [2025-11-22T20:27:50.410+0500] {dag.py:3239} INFO - Sync 1 DAGs
[2025-11-22T20:27:50.428+0500] {logging_mixin.py:190} INFO - [2025-11-22T20:27:50.427+0500] {dag.py:4180} INFO - Setting next_dagrun for example_setup_teardown to None, run_after=None
[2025-11-22T20:27:50.502+0500] {processor.py:208} INFO - Processing /mnt/c/Users/Raj/OneDrive - Åbo Akademi O365/banking/airflow/.venv/lib/python3.12/site-packages/airflow/example_dags/example_setup_teardown.py took 0.197 seconds
[2025-11-22T20:29:16.915+0500] {processor.py:186} INFO - Started process (PID=66336) to work on /mnt/c/Users/Raj/OneDrive - Åbo Akademi O365/banking/airflow/.venv/lib/python3.12/site-packages/airflow/example_dags/example_setup_teardown.py
[2025-11-22T20:29:16.918+0500] {processor.py:914} INFO - Processing file /mnt/c/Users/Raj/OneDrive - Åbo Akademi O365/banking/airflow/.venv/lib/python3.12/site-packages/airflow/example_dags/example_setup_teardown.py for tasks to queue
[2025-11-22T20:29:16.923+0500] {logging_mixin.py:190} INFO - [2025-11-22T20:29:16.921+0500] {dagbag.py:588} INFO - Filling up the DagBag from /mnt/c/Users/Raj/OneDrive - Åbo Akademi O365/banking/airflow/.venv/lib/python3.12/site-packages/airflow/example_dags/example_setup_teardown.py
[2025-11-22T20:29:16.957+0500] {processor.py:925} INFO - DAG(s) 'example_setup_teardown' retrieved from /mnt/c/Users/Raj/OneDrive - Åbo Akademi O365/banking/airflow/.venv/lib/python3.12/site-packages/airflow/example_dags/example_setup_teardown.py
[2025-11-22T20:29:17.008+0500] {logging_mixin.py:190} INFO - [2025-11-22T20:29:17.006+0500] {dag.py:3239} INFO - Sync 1 DAGs
[2025-11-22T20:29:17.032+0500] {logging_mixin.py:190} INFO - [2025-11-22T20:29:17.031+0500] {dag.py:4180} INFO - Setting next_dagrun for example_setup_teardown to None, run_after=None
[2025-11-22T20:29:17.117+0500] {processor.py:208} INFO - Processing /mnt/c/Users/Raj/OneDrive - Åbo Akademi O365/banking/airflow/.venv/lib/python3.12/site-packages/airflow/example_dags/example_setup_teardown.py took 0.219 seconds
[2025-11-22T20:32:03.393+0500] {processor.py:186} INFO - Started process (PID=66466) to work on /mnt/c/Users/Raj/OneDrive - Åbo Akademi O365/banking/airflow/.venv/lib/python3.12/site-packages/airflow/example_dags/example_setup_teardown.py
[2025-11-22T20:32:03.395+0500] {processor.py:914} INFO - Processing file /mnt/c/Users/Raj/OneDrive - Åbo Akademi O365/banking/airflow/.venv/lib/python3.12/site-packages/airflow/example_dags/example_setup_teardown.py for tasks to queue
[2025-11-22T20:32:03.400+0500] {logging_mixin.py:190} INFO - [2025-11-22T20:32:03.398+0500] {dagbag.py:588} INFO - Filling up the DagBag from /mnt/c/Users/Raj/OneDrive - Åbo Akademi O365/banking/airflow/.venv/lib/python3.12/site-packages/airflow/example_dags/example_setup_teardown.py
[2025-11-22T20:32:03.430+0500] {processor.py:925} INFO - DAG(s) 'example_setup_teardown' retrieved from /mnt/c/Users/Raj/OneDrive - Åbo Akademi O365/banking/airflow/.venv/lib/python3.12/site-packages/airflow/example_dags/example_setup_teardown.py
[2025-11-22T20:32:03.474+0500] {logging_mixin.py:190} INFO - [2025-11-22T20:32:03.473+0500] {dag.py:3239} INFO - Sync 1 DAGs
[2025-11-22T20:32:03.493+0500] {logging_mixin.py:190} INFO - [2025-11-22T20:32:03.492+0500] {dag.py:4180} INFO - Setting next_dagrun for example_setup_teardown to None, run_after=None
[2025-11-22T20:32:03.565+0500] {processor.py:208} INFO - Processing /mnt/c/Users/Raj/OneDrive - Åbo Akademi O365/banking/airflow/.venv/lib/python3.12/site-packages/airflow/example_dags/example_setup_teardown.py took 0.192 seconds
[2025-11-22T20:33:34.452+0500] {processor.py:186} INFO - Started process (PID=66539) to work on /mnt/c/Users/Raj/OneDrive - Åbo Akademi O365/banking/airflow/.venv/lib/python3.12/site-packages/airflow/example_dags/example_setup_teardown.py
[2025-11-22T20:33:34.455+0500] {processor.py:914} INFO - Processing file /mnt/c/Users/Raj/OneDrive - Åbo Akademi O365/banking/airflow/.venv/lib/python3.12/site-packages/airflow/example_dags/example_setup_teardown.py for tasks to queue
[2025-11-22T20:33:34.458+0500] {logging_mixin.py:190} INFO - [2025-11-22T20:33:34.457+0500] {dagbag.py:588} INFO - Filling up the DagBag from /mnt/c/Users/Raj/OneDrive - Åbo Akademi O365/banking/airflow/.venv/lib/python3.12/site-packages/airflow/example_dags/example_setup_teardown.py
[2025-11-22T20:33:34.491+0500] {processor.py:925} INFO - DAG(s) 'example_setup_teardown' retrieved from /mnt/c/Users/Raj/OneDrive - Åbo Akademi O365/banking/airflow/.venv/lib/python3.12/site-packages/airflow/example_dags/example_setup_teardown.py
[2025-11-22T20:33:34.533+0500] {logging_mixin.py:190} INFO - [2025-11-22T20:33:34.532+0500] {dag.py:3239} INFO - Sync 1 DAGs
[2025-11-22T20:33:34.552+0500] {logging_mixin.py:190} INFO - [2025-11-22T20:33:34.551+0500] {dag.py:4180} INFO - Setting next_dagrun for example_setup_teardown to None, run_after=None
[2025-11-22T20:33:34.623+0500] {processor.py:208} INFO - Processing /mnt/c/Users/Raj/OneDrive - Åbo Akademi O365/banking/airflow/.venv/lib/python3.12/site-packages/airflow/example_dags/example_setup_teardown.py took 0.187 seconds
[2025-11-22T20:34:50.776+0500] {processor.py:186} INFO - Started process (PID=66601) to work on /mnt/c/Users/Raj/OneDrive - Åbo Akademi O365/banking/airflow/.venv/lib/python3.12/site-packages/airflow/example_dags/example_setup_teardown.py
[2025-11-22T20:34:50.779+0500] {processor.py:914} INFO - Processing file /mnt/c/Users/Raj/OneDrive - Åbo Akademi O365/banking/airflow/.venv/lib/python3.12/site-packages/airflow/example_dags/example_setup_teardown.py for tasks to queue
[2025-11-22T20:34:50.784+0500] {logging_mixin.py:190} INFO - [2025-11-22T20:34:50.782+0500] {dagbag.py:588} INFO - Filling up the DagBag from /mnt/c/Users/Raj/OneDrive - Åbo Akademi O365/banking/airflow/.venv/lib/python3.12/site-packages/airflow/example_dags/example_setup_teardown.py
[2025-11-22T20:34:50.817+0500] {processor.py:925} INFO - DAG(s) 'example_setup_teardown' retrieved from /mnt/c/Users/Raj/OneDrive - Åbo Akademi O365/banking/airflow/.venv/lib/python3.12/site-packages/airflow/example_dags/example_setup_teardown.py
[2025-11-22T20:34:50.862+0500] {logging_mixin.py:190} INFO - [2025-11-22T20:34:50.861+0500] {dag.py:3239} INFO - Sync 1 DAGs
[2025-11-22T20:34:50.882+0500] {logging_mixin.py:190} INFO - [2025-11-22T20:34:50.880+0500] {dag.py:4180} INFO - Setting next_dagrun for example_setup_teardown to None, run_after=None
[2025-11-22T20:34:50.963+0500] {processor.py:208} INFO - Processing /mnt/c/Users/Raj/OneDrive - Åbo Akademi O365/banking/airflow/.venv/lib/python3.12/site-packages/airflow/example_dags/example_setup_teardown.py took 0.204 seconds
[2025-11-22T20:36:46.850+0500] {processor.py:186} INFO - Started process (PID=66688) to work on /mnt/c/Users/Raj/OneDrive - Åbo Akademi O365/banking/airflow/.venv/lib/python3.12/site-packages/airflow/example_dags/example_setup_teardown.py
[2025-11-22T20:36:46.853+0500] {processor.py:914} INFO - Processing file /mnt/c/Users/Raj/OneDrive - Åbo Akademi O365/banking/airflow/.venv/lib/python3.12/site-packages/airflow/example_dags/example_setup_teardown.py for tasks to queue
[2025-11-22T20:36:46.859+0500] {logging_mixin.py:190} INFO - [2025-11-22T20:36:46.857+0500] {dagbag.py:588} INFO - Filling up the DagBag from /mnt/c/Users/Raj/OneDrive - Åbo Akademi O365/banking/airflow/.venv/lib/python3.12/site-packages/airflow/example_dags/example_setup_teardown.py
[2025-11-22T20:36:46.907+0500] {processor.py:925} INFO - DAG(s) 'example_setup_teardown' retrieved from /mnt/c/Users/Raj/OneDrive - Åbo Akademi O365/banking/airflow/.venv/lib/python3.12/site-packages/airflow/example_dags/example_setup_teardown.py
[2025-11-22T20:36:46.955+0500] {logging_mixin.py:190} INFO - [2025-11-22T20:36:46.954+0500] {dag.py:3239} INFO - Sync 1 DAGs
[2025-11-22T20:36:46.982+0500] {logging_mixin.py:190} INFO - [2025-11-22T20:36:46.981+0500] {dag.py:4180} INFO - Setting next_dagrun for example_setup_teardown to None, run_after=None
[2025-11-22T20:36:47.090+0500] {processor.py:208} INFO - Processing /mnt/c/Users/Raj/OneDrive - Åbo Akademi O365/banking/airflow/.venv/lib/python3.12/site-packages/airflow/example_dags/example_setup_teardown.py took 0.263 seconds
[2025-11-22T20:38:18.566+0500] {processor.py:186} INFO - Started process (PID=66763) to work on /mnt/c/Users/Raj/OneDrive - Åbo Akademi O365/banking/airflow/.venv/lib/python3.12/site-packages/airflow/example_dags/example_setup_teardown.py
[2025-11-22T20:38:18.568+0500] {processor.py:914} INFO - Processing file /mnt/c/Users/Raj/OneDrive - Åbo Akademi O365/banking/airflow/.venv/lib/python3.12/site-packages/airflow/example_dags/example_setup_teardown.py for tasks to queue
[2025-11-22T20:38:18.573+0500] {logging_mixin.py:190} INFO - [2025-11-22T20:38:18.571+0500] {dagbag.py:588} INFO - Filling up the DagBag from /mnt/c/Users/Raj/OneDrive - Åbo Akademi O365/banking/airflow/.venv/lib/python3.12/site-packages/airflow/example_dags/example_setup_teardown.py
[2025-11-22T20:38:18.612+0500] {processor.py:925} INFO - DAG(s) 'example_setup_teardown' retrieved from /mnt/c/Users/Raj/OneDrive - Åbo Akademi O365/banking/airflow/.venv/lib/python3.12/site-packages/airflow/example_dags/example_setup_teardown.py
[2025-11-22T20:38:18.655+0500] {logging_mixin.py:190} INFO - [2025-11-22T20:38:18.654+0500] {dag.py:3239} INFO - Sync 1 DAGs
[2025-11-22T20:38:18.674+0500] {logging_mixin.py:190} INFO - [2025-11-22T20:38:18.672+0500] {dag.py:4180} INFO - Setting next_dagrun for example_setup_teardown to None, run_after=None
[2025-11-22T20:38:18.751+0500] {processor.py:208} INFO - Processing /mnt/c/Users/Raj/OneDrive - Åbo Akademi O365/banking/airflow/.venv/lib/python3.12/site-packages/airflow/example_dags/example_setup_teardown.py took 0.203 seconds
[2025-11-22T20:40:05.612+0500] {processor.py:186} INFO - Started process (PID=66877) to work on /mnt/c/Users/Raj/OneDrive - Åbo Akademi O365/banking/airflow/.venv/lib/python3.12/site-packages/airflow/example_dags/example_setup_teardown.py
[2025-11-22T20:40:05.614+0500] {processor.py:914} INFO - Processing file /mnt/c/Users/Raj/OneDrive - Åbo Akademi O365/banking/airflow/.venv/lib/python3.12/site-packages/airflow/example_dags/example_setup_teardown.py for tasks to queue
[2025-11-22T20:40:05.617+0500] {logging_mixin.py:190} INFO - [2025-11-22T20:40:05.616+0500] {dagbag.py:588} INFO - Filling up the DagBag from /mnt/c/Users/Raj/OneDrive - Åbo Akademi O365/banking/airflow/.venv/lib/python3.12/site-packages/airflow/example_dags/example_setup_teardown.py
[2025-11-22T20:40:05.647+0500] {processor.py:925} INFO - DAG(s) 'example_setup_teardown' retrieved from /mnt/c/Users/Raj/OneDrive - Åbo Akademi O365/banking/airflow/.venv/lib/python3.12/site-packages/airflow/example_dags/example_setup_teardown.py
[2025-11-22T20:40:05.685+0500] {logging_mixin.py:190} INFO - [2025-11-22T20:40:05.684+0500] {dag.py:3239} INFO - Sync 1 DAGs
[2025-11-22T20:40:05.709+0500] {logging_mixin.py:190} INFO - [2025-11-22T20:40:05.708+0500] {dag.py:4180} INFO - Setting next_dagrun for example_setup_teardown to None, run_after=None
[2025-11-22T20:40:05.794+0500] {processor.py:208} INFO - Processing /mnt/c/Users/Raj/OneDrive - Åbo Akademi O365/banking/airflow/.venv/lib/python3.12/site-packages/airflow/example_dags/example_setup_teardown.py took 0.198 seconds
[2025-11-22T20:41:52.255+0500] {processor.py:186} INFO - Started process (PID=66990) to work on /mnt/c/Users/Raj/OneDrive - Åbo Akademi O365/banking/airflow/.venv/lib/python3.12/site-packages/airflow/example_dags/example_setup_teardown.py
[2025-11-22T20:41:52.257+0500] {processor.py:914} INFO - Processing file /mnt/c/Users/Raj/OneDrive - Åbo Akademi O365/banking/airflow/.venv/lib/python3.12/site-packages/airflow/example_dags/example_setup_teardown.py for tasks to queue
[2025-11-22T20:41:52.261+0500] {logging_mixin.py:190} INFO - [2025-11-22T20:41:52.259+0500] {dagbag.py:588} INFO - Filling up the DagBag from /mnt/c/Users/Raj/OneDrive - Åbo Akademi O365/banking/airflow/.venv/lib/python3.12/site-packages/airflow/example_dags/example_setup_teardown.py
[2025-11-22T20:41:52.292+0500] {processor.py:925} INFO - DAG(s) 'example_setup_teardown' retrieved from /mnt/c/Users/Raj/OneDrive - Åbo Akademi O365/banking/airflow/.venv/lib/python3.12/site-packages/airflow/example_dags/example_setup_teardown.py
[2025-11-22T20:41:52.327+0500] {logging_mixin.py:190} INFO - [2025-11-22T20:41:52.326+0500] {dag.py:3239} INFO - Sync 1 DAGs
[2025-11-22T20:41:52.344+0500] {logging_mixin.py:190} INFO - [2025-11-22T20:41:52.343+0500] {dag.py:4180} INFO - Setting next_dagrun for example_setup_teardown to None, run_after=None
[2025-11-22T20:41:52.422+0500] {processor.py:208} INFO - Processing /mnt/c/Users/Raj/OneDrive - Åbo Akademi O365/banking/airflow/.venv/lib/python3.12/site-packages/airflow/example_dags/example_setup_teardown.py took 0.186 seconds
[2025-11-22T20:43:30.192+0500] {processor.py:186} INFO - Started process (PID=67068) to work on /mnt/c/Users/Raj/OneDrive - Åbo Akademi O365/banking/airflow/.venv/lib/python3.12/site-packages/airflow/example_dags/example_setup_teardown.py
[2025-11-22T20:43:30.194+0500] {processor.py:914} INFO - Processing file /mnt/c/Users/Raj/OneDrive - Åbo Akademi O365/banking/airflow/.venv/lib/python3.12/site-packages/airflow/example_dags/example_setup_teardown.py for tasks to queue
[2025-11-22T20:43:30.197+0500] {logging_mixin.py:190} INFO - [2025-11-22T20:43:30.196+0500] {dagbag.py:588} INFO - Filling up the DagBag from /mnt/c/Users/Raj/OneDrive - Åbo Akademi O365/banking/airflow/.venv/lib/python3.12/site-packages/airflow/example_dags/example_setup_teardown.py
[2025-11-22T20:43:30.222+0500] {processor.py:925} INFO - DAG(s) 'example_setup_teardown' retrieved from /mnt/c/Users/Raj/OneDrive - Åbo Akademi O365/banking/airflow/.venv/lib/python3.12/site-packages/airflow/example_dags/example_setup_teardown.py
[2025-11-22T20:43:30.264+0500] {logging_mixin.py:190} INFO - [2025-11-22T20:43:30.263+0500] {dag.py:3239} INFO - Sync 1 DAGs
[2025-11-22T20:43:30.281+0500] {logging_mixin.py:190} INFO - [2025-11-22T20:43:30.280+0500] {dag.py:4180} INFO - Setting next_dagrun for example_setup_teardown to None, run_after=None
[2025-11-22T20:43:30.353+0500] {processor.py:208} INFO - Processing /mnt/c/Users/Raj/OneDrive - Åbo Akademi O365/banking/airflow/.venv/lib/python3.12/site-packages/airflow/example_dags/example_setup_teardown.py took 0.175 seconds
[2025-11-22T20:45:06.863+0500] {processor.py:186} INFO - Started process (PID=67148) to work on /mnt/c/Users/Raj/OneDrive - Åbo Akademi O365/banking/airflow/.venv/lib/python3.12/site-packages/airflow/example_dags/example_setup_teardown.py
[2025-11-22T20:45:06.864+0500] {processor.py:914} INFO - Processing file /mnt/c/Users/Raj/OneDrive - Åbo Akademi O365/banking/airflow/.venv/lib/python3.12/site-packages/airflow/example_dags/example_setup_teardown.py for tasks to queue
[2025-11-22T20:45:06.867+0500] {logging_mixin.py:190} INFO - [2025-11-22T20:45:06.866+0500] {dagbag.py:588} INFO - Filling up the DagBag from /mnt/c/Users/Raj/OneDrive - Åbo Akademi O365/banking/airflow/.venv/lib/python3.12/site-packages/airflow/example_dags/example_setup_teardown.py
[2025-11-22T20:45:06.887+0500] {processor.py:925} INFO - DAG(s) 'example_setup_teardown' retrieved from /mnt/c/Users/Raj/OneDrive - Åbo Akademi O365/banking/airflow/.venv/lib/python3.12/site-packages/airflow/example_dags/example_setup_teardown.py
[2025-11-22T20:45:06.921+0500] {logging_mixin.py:190} INFO - [2025-11-22T20:45:06.920+0500] {dag.py:3239} INFO - Sync 1 DAGs
[2025-11-22T20:45:06.935+0500] {logging_mixin.py:190} INFO - [2025-11-22T20:45:06.934+0500] {dag.py:4180} INFO - Setting next_dagrun for example_setup_teardown to None, run_after=None
[2025-11-22T20:45:06.994+0500] {processor.py:208} INFO - Processing /mnt/c/Users/Raj/OneDrive - Åbo Akademi O365/banking/airflow/.venv/lib/python3.12/site-packages/airflow/example_dags/example_setup_teardown.py took 0.145 seconds
[2025-11-22T20:46:45.998+0500] {processor.py:186} INFO - Started process (PID=67220) to work on /mnt/c/Users/Raj/OneDrive - Åbo Akademi O365/banking/airflow/.venv/lib/python3.12/site-packages/airflow/example_dags/example_setup_teardown.py
[2025-11-22T20:46:46.000+0500] {processor.py:914} INFO - Processing file /mnt/c/Users/Raj/OneDrive - Åbo Akademi O365/banking/airflow/.venv/lib/python3.12/site-packages/airflow/example_dags/example_setup_teardown.py for tasks to queue
[2025-11-22T20:46:46.004+0500] {logging_mixin.py:190} INFO - [2025-11-22T20:46:46.002+0500] {dagbag.py:588} INFO - Filling up the DagBag from /mnt/c/Users/Raj/OneDrive - Åbo Akademi O365/banking/airflow/.venv/lib/python3.12/site-packages/airflow/example_dags/example_setup_teardown.py
[2025-11-22T20:46:46.037+0500] {processor.py:925} INFO - DAG(s) 'example_setup_teardown' retrieved from /mnt/c/Users/Raj/OneDrive - Åbo Akademi O365/banking/airflow/.venv/lib/python3.12/site-packages/airflow/example_dags/example_setup_teardown.py
[2025-11-22T20:46:46.078+0500] {logging_mixin.py:190} INFO - [2025-11-22T20:46:46.077+0500] {dag.py:3239} INFO - Sync 1 DAGs
[2025-11-22T20:46:46.100+0500] {logging_mixin.py:190} INFO - [2025-11-22T20:46:46.099+0500] {dag.py:4180} INFO - Setting next_dagrun for example_setup_teardown to None, run_after=None
[2025-11-22T20:46:46.178+0500] {processor.py:208} INFO - Processing /mnt/c/Users/Raj/OneDrive - Åbo Akademi O365/banking/airflow/.venv/lib/python3.12/site-packages/airflow/example_dags/example_setup_teardown.py took 0.197 seconds
[2025-11-22T20:48:28.921+0500] {processor.py:186} INFO - Started process (PID=67300) to work on /mnt/c/Users/Raj/OneDrive - Åbo Akademi O365/banking/airflow/.venv/lib/python3.12/site-packages/airflow/example_dags/example_setup_teardown.py
[2025-11-22T20:48:28.927+0500] {processor.py:914} INFO - Processing file /mnt/c/Users/Raj/OneDrive - Åbo Akademi O365/banking/airflow/.venv/lib/python3.12/site-packages/airflow/example_dags/example_setup_teardown.py for tasks to queue
[2025-11-22T20:48:28.931+0500] {logging_mixin.py:190} INFO - [2025-11-22T20:48:28.929+0500] {dagbag.py:588} INFO - Filling up the DagBag from /mnt/c/Users/Raj/OneDrive - Åbo Akademi O365/banking/airflow/.venv/lib/python3.12/site-packages/airflow/example_dags/example_setup_teardown.py
[2025-11-22T20:48:28.962+0500] {processor.py:925} INFO - DAG(s) 'example_setup_teardown' retrieved from /mnt/c/Users/Raj/OneDrive - Åbo Akademi O365/banking/airflow/.venv/lib/python3.12/site-packages/airflow/example_dags/example_setup_teardown.py
[2025-11-22T20:48:28.996+0500] {logging_mixin.py:190} INFO - [2025-11-22T20:48:28.995+0500] {dag.py:3239} INFO - Sync 1 DAGs
[2025-11-22T20:48:29.014+0500] {logging_mixin.py:190} INFO - [2025-11-22T20:48:29.012+0500] {dag.py:4180} INFO - Setting next_dagrun for example_setup_teardown to None, run_after=None
[2025-11-22T20:48:29.083+0500] {processor.py:208} INFO - Processing /mnt/c/Users/Raj/OneDrive - Åbo Akademi O365/banking/airflow/.venv/lib/python3.12/site-packages/airflow/example_dags/example_setup_teardown.py took 0.182 seconds
[2025-11-22T20:50:08.516+0500] {processor.py:186} INFO - Started process (PID=67380) to work on /mnt/c/Users/Raj/OneDrive - Åbo Akademi O365/banking/airflow/.venv/lib/python3.12/site-packages/airflow/example_dags/example_setup_teardown.py
[2025-11-22T20:50:08.518+0500] {processor.py:914} INFO - Processing file /mnt/c/Users/Raj/OneDrive - Åbo Akademi O365/banking/airflow/.venv/lib/python3.12/site-packages/airflow/example_dags/example_setup_teardown.py for tasks to queue
[2025-11-22T20:50:08.522+0500] {logging_mixin.py:190} INFO - [2025-11-22T20:50:08.521+0500] {dagbag.py:588} INFO - Filling up the DagBag from /mnt/c/Users/Raj/OneDrive - Åbo Akademi O365/banking/airflow/.venv/lib/python3.12/site-packages/airflow/example_dags/example_setup_teardown.py
[2025-11-22T20:50:08.555+0500] {processor.py:925} INFO - DAG(s) 'example_setup_teardown' retrieved from /mnt/c/Users/Raj/OneDrive - Åbo Akademi O365/banking/airflow/.venv/lib/python3.12/site-packages/airflow/example_dags/example_setup_teardown.py
[2025-11-22T20:50:08.607+0500] {logging_mixin.py:190} INFO - [2025-11-22T20:50:08.606+0500] {dag.py:3239} INFO - Sync 1 DAGs
[2025-11-22T20:50:08.630+0500] {logging_mixin.py:190} INFO - [2025-11-22T20:50:08.629+0500] {dag.py:4180} INFO - Setting next_dagrun for example_setup_teardown to None, run_after=None
[2025-11-22T20:50:08.697+0500] {processor.py:208} INFO - Processing /mnt/c/Users/Raj/OneDrive - Åbo Akademi O365/banking/airflow/.venv/lib/python3.12/site-packages/airflow/example_dags/example_setup_teardown.py took 0.203 seconds
[2025-11-22T20:51:55.139+0500] {processor.py:186} INFO - Started process (PID=67463) to work on /mnt/c/Users/Raj/OneDrive - Åbo Akademi O365/banking/airflow/.venv/lib/python3.12/site-packages/airflow/example_dags/example_setup_teardown.py
[2025-11-22T20:51:55.142+0500] {processor.py:914} INFO - Processing file /mnt/c/Users/Raj/OneDrive - Åbo Akademi O365/banking/airflow/.venv/lib/python3.12/site-packages/airflow/example_dags/example_setup_teardown.py for tasks to queue
[2025-11-22T20:51:55.147+0500] {logging_mixin.py:190} INFO - [2025-11-22T20:51:55.145+0500] {dagbag.py:588} INFO - Filling up the DagBag from /mnt/c/Users/Raj/OneDrive - Åbo Akademi O365/banking/airflow/.venv/lib/python3.12/site-packages/airflow/example_dags/example_setup_teardown.py
[2025-11-22T20:51:55.183+0500] {processor.py:925} INFO - DAG(s) 'example_setup_teardown' retrieved from /mnt/c/Users/Raj/OneDrive - Åbo Akademi O365/banking/airflow/.venv/lib/python3.12/site-packages/airflow/example_dags/example_setup_teardown.py
[2025-11-22T20:51:55.219+0500] {logging_mixin.py:190} INFO - [2025-11-22T20:51:55.217+0500] {dag.py:3239} INFO - Sync 1 DAGs
[2025-11-22T20:51:55.235+0500] {logging_mixin.py:190} INFO - [2025-11-22T20:51:55.234+0500] {dag.py:4180} INFO - Setting next_dagrun for example_setup_teardown to None, run_after=None
[2025-11-22T20:51:55.309+0500] {processor.py:208} INFO - Processing /mnt/c/Users/Raj/OneDrive - Åbo Akademi O365/banking/airflow/.venv/lib/python3.12/site-packages/airflow/example_dags/example_setup_teardown.py took 0.191 seconds
[2025-11-22T20:53:37.019+0500] {processor.py:186} INFO - Started process (PID=67546) to work on /mnt/c/Users/Raj/OneDrive - Åbo Akademi O365/banking/airflow/.venv/lib/python3.12/site-packages/airflow/example_dags/example_setup_teardown.py
[2025-11-22T20:53:37.021+0500] {processor.py:914} INFO - Processing file /mnt/c/Users/Raj/OneDrive - Åbo Akademi O365/banking/airflow/.venv/lib/python3.12/site-packages/airflow/example_dags/example_setup_teardown.py for tasks to queue
[2025-11-22T20:53:37.025+0500] {logging_mixin.py:190} INFO - [2025-11-22T20:53:37.024+0500] {dagbag.py:588} INFO - Filling up the DagBag from /mnt/c/Users/Raj/OneDrive - Åbo Akademi O365/banking/airflow/.venv/lib/python3.12/site-packages/airflow/example_dags/example_setup_teardown.py
[2025-11-22T20:53:37.066+0500] {processor.py:925} INFO - DAG(s) 'example_setup_teardown' retrieved from /mnt/c/Users/Raj/OneDrive - Åbo Akademi O365/banking/airflow/.venv/lib/python3.12/site-packages/airflow/example_dags/example_setup_teardown.py
[2025-11-22T20:53:37.107+0500] {logging_mixin.py:190} INFO - [2025-11-22T20:53:37.106+0500] {dag.py:3239} INFO - Sync 1 DAGs
[2025-11-22T20:53:37.126+0500] {logging_mixin.py:190} INFO - [2025-11-22T20:53:37.123+0500] {dag.py:4180} INFO - Setting next_dagrun for example_setup_teardown to None, run_after=None
[2025-11-22T20:53:37.213+0500] {processor.py:208} INFO - Processing /mnt/c/Users/Raj/OneDrive - Åbo Akademi O365/banking/airflow/.venv/lib/python3.12/site-packages/airflow/example_dags/example_setup_teardown.py took 0.212 seconds
[2025-11-22T20:55:19.998+0500] {processor.py:186} INFO - Started process (PID=67709) to work on /mnt/c/Users/Raj/OneDrive - Åbo Akademi O365/banking/airflow/.venv/lib/python3.12/site-packages/airflow/example_dags/example_setup_teardown.py
[2025-11-22T20:55:20.000+0500] {processor.py:914} INFO - Processing file /mnt/c/Users/Raj/OneDrive - Åbo Akademi O365/banking/airflow/.venv/lib/python3.12/site-packages/airflow/example_dags/example_setup_teardown.py for tasks to queue
[2025-11-22T20:55:20.004+0500] {logging_mixin.py:190} INFO - [2025-11-22T20:55:20.003+0500] {dagbag.py:588} INFO - Filling up the DagBag from /mnt/c/Users/Raj/OneDrive - Åbo Akademi O365/banking/airflow/.venv/lib/python3.12/site-packages/airflow/example_dags/example_setup_teardown.py
[2025-11-22T20:55:20.033+0500] {processor.py:925} INFO - DAG(s) 'example_setup_teardown' retrieved from /mnt/c/Users/Raj/OneDrive - Åbo Akademi O365/banking/airflow/.venv/lib/python3.12/site-packages/airflow/example_dags/example_setup_teardown.py
[2025-11-22T20:55:20.074+0500] {logging_mixin.py:190} INFO - [2025-11-22T20:55:20.072+0500] {dag.py:3239} INFO - Sync 1 DAGs
[2025-11-22T20:55:20.092+0500] {logging_mixin.py:190} INFO - [2025-11-22T20:55:20.091+0500] {dag.py:4180} INFO - Setting next_dagrun for example_setup_teardown to None, run_after=None
[2025-11-22T20:55:20.167+0500] {processor.py:208} INFO - Processing /mnt/c/Users/Raj/OneDrive - Åbo Akademi O365/banking/airflow/.venv/lib/python3.12/site-packages/airflow/example_dags/example_setup_teardown.py took 0.186 seconds
[2025-11-22T20:57:04.016+0500] {processor.py:186} INFO - Started process (PID=67786) to work on /mnt/c/Users/Raj/OneDrive - Åbo Akademi O365/banking/airflow/.venv/lib/python3.12/site-packages/airflow/example_dags/example_setup_teardown.py
[2025-11-22T20:57:04.018+0500] {processor.py:914} INFO - Processing file /mnt/c/Users/Raj/OneDrive - Åbo Akademi O365/banking/airflow/.venv/lib/python3.12/site-packages/airflow/example_dags/example_setup_teardown.py for tasks to queue
[2025-11-22T20:57:04.021+0500] {logging_mixin.py:190} INFO - [2025-11-22T20:57:04.020+0500] {dagbag.py:588} INFO - Filling up the DagBag from /mnt/c/Users/Raj/OneDrive - Åbo Akademi O365/banking/airflow/.venv/lib/python3.12/site-packages/airflow/example_dags/example_setup_teardown.py
[2025-11-22T20:57:04.046+0500] {processor.py:925} INFO - DAG(s) 'example_setup_teardown' retrieved from /mnt/c/Users/Raj/OneDrive - Åbo Akademi O365/banking/airflow/.venv/lib/python3.12/site-packages/airflow/example_dags/example_setup_teardown.py
[2025-11-22T20:57:04.084+0500] {logging_mixin.py:190} INFO - [2025-11-22T20:57:04.083+0500] {dag.py:3239} INFO - Sync 1 DAGs
[2025-11-22T20:57:04.100+0500] {logging_mixin.py:190} INFO - [2025-11-22T20:57:04.099+0500] {dag.py:4180} INFO - Setting next_dagrun for example_setup_teardown to None, run_after=None
[2025-11-22T20:57:04.173+0500] {processor.py:208} INFO - Processing /mnt/c/Users/Raj/OneDrive - Åbo Akademi O365/banking/airflow/.venv/lib/python3.12/site-packages/airflow/example_dags/example_setup_teardown.py took 0.171 seconds
[2025-11-22T20:58:50.250+0500] {processor.py:186} INFO - Started process (PID=67867) to work on /mnt/c/Users/Raj/OneDrive - Åbo Akademi O365/banking/airflow/.venv/lib/python3.12/site-packages/airflow/example_dags/example_setup_teardown.py
[2025-11-22T20:58:50.253+0500] {processor.py:914} INFO - Processing file /mnt/c/Users/Raj/OneDrive - Åbo Akademi O365/banking/airflow/.venv/lib/python3.12/site-packages/airflow/example_dags/example_setup_teardown.py for tasks to queue
[2025-11-22T20:58:50.257+0500] {logging_mixin.py:190} INFO - [2025-11-22T20:58:50.255+0500] {dagbag.py:588} INFO - Filling up the DagBag from /mnt/c/Users/Raj/OneDrive - Åbo Akademi O365/banking/airflow/.venv/lib/python3.12/site-packages/airflow/example_dags/example_setup_teardown.py
[2025-11-22T20:58:50.287+0500] {processor.py:925} INFO - DAG(s) 'example_setup_teardown' retrieved from /mnt/c/Users/Raj/OneDrive - Åbo Akademi O365/banking/airflow/.venv/lib/python3.12/site-packages/airflow/example_dags/example_setup_teardown.py
[2025-11-22T20:58:50.330+0500] {logging_mixin.py:190} INFO - [2025-11-22T20:58:50.328+0500] {dag.py:3239} INFO - Sync 1 DAGs
[2025-11-22T20:58:50.348+0500] {logging_mixin.py:190} INFO - [2025-11-22T20:58:50.346+0500] {dag.py:4180} INFO - Setting next_dagrun for example_setup_teardown to None, run_after=None
[2025-11-22T20:58:50.424+0500] {processor.py:208} INFO - Processing /mnt/c/Users/Raj/OneDrive - Åbo Akademi O365/banking/airflow/.venv/lib/python3.12/site-packages/airflow/example_dags/example_setup_teardown.py took 0.191 seconds
[2025-11-22T21:00:23.985+0500] {processor.py:186} INFO - Started process (PID=67945) to work on /mnt/c/Users/Raj/OneDrive - Åbo Akademi O365/banking/airflow/.venv/lib/python3.12/site-packages/airflow/example_dags/example_setup_teardown.py
[2025-11-22T21:00:23.988+0500] {processor.py:914} INFO - Processing file /mnt/c/Users/Raj/OneDrive - Åbo Akademi O365/banking/airflow/.venv/lib/python3.12/site-packages/airflow/example_dags/example_setup_teardown.py for tasks to queue
[2025-11-22T21:00:23.992+0500] {logging_mixin.py:190} INFO - [2025-11-22T21:00:23.991+0500] {dagbag.py:588} INFO - Filling up the DagBag from /mnt/c/Users/Raj/OneDrive - Åbo Akademi O365/banking/airflow/.venv/lib/python3.12/site-packages/airflow/example_dags/example_setup_teardown.py
[2025-11-22T21:00:24.025+0500] {processor.py:925} INFO - DAG(s) 'example_setup_teardown' retrieved from /mnt/c/Users/Raj/OneDrive - Åbo Akademi O365/banking/airflow/.venv/lib/python3.12/site-packages/airflow/example_dags/example_setup_teardown.py
[2025-11-22T21:00:24.067+0500] {logging_mixin.py:190} INFO - [2025-11-22T21:00:24.065+0500] {dag.py:3239} INFO - Sync 1 DAGs
[2025-11-22T21:00:24.087+0500] {logging_mixin.py:190} INFO - [2025-11-22T21:00:24.086+0500] {dag.py:4180} INFO - Setting next_dagrun for example_setup_teardown to None, run_after=None
[2025-11-22T21:00:24.162+0500] {processor.py:208} INFO - Processing /mnt/c/Users/Raj/OneDrive - Åbo Akademi O365/banking/airflow/.venv/lib/python3.12/site-packages/airflow/example_dags/example_setup_teardown.py took 0.195 seconds
[2025-11-22T21:02:34.023+0500] {processor.py:186} INFO - Started process (PID=68047) to work on /mnt/c/Users/Raj/OneDrive - Åbo Akademi O365/banking/airflow/.venv/lib/python3.12/site-packages/airflow/example_dags/example_setup_teardown.py
[2025-11-22T21:02:34.025+0500] {processor.py:914} INFO - Processing file /mnt/c/Users/Raj/OneDrive - Åbo Akademi O365/banking/airflow/.venv/lib/python3.12/site-packages/airflow/example_dags/example_setup_teardown.py for tasks to queue
[2025-11-22T21:02:34.029+0500] {logging_mixin.py:190} INFO - [2025-11-22T21:02:34.027+0500] {dagbag.py:588} INFO - Filling up the DagBag from /mnt/c/Users/Raj/OneDrive - Åbo Akademi O365/banking/airflow/.venv/lib/python3.12/site-packages/airflow/example_dags/example_setup_teardown.py
[2025-11-22T21:02:34.093+0500] {processor.py:925} INFO - DAG(s) 'example_setup_teardown' retrieved from /mnt/c/Users/Raj/OneDrive - Åbo Akademi O365/banking/airflow/.venv/lib/python3.12/site-packages/airflow/example_dags/example_setup_teardown.py
[2025-11-22T21:02:34.153+0500] {logging_mixin.py:190} INFO - [2025-11-22T21:02:34.152+0500] {dag.py:3239} INFO - Sync 1 DAGs
[2025-11-22T21:02:34.349+0500] {logging_mixin.py:190} INFO - [2025-11-22T21:02:34.348+0500] {dag.py:4180} INFO - Setting next_dagrun for example_setup_teardown to None, run_after=None
[2025-11-22T21:02:34.424+0500] {processor.py:208} INFO - Processing /mnt/c/Users/Raj/OneDrive - Åbo Akademi O365/banking/airflow/.venv/lib/python3.12/site-packages/airflow/example_dags/example_setup_teardown.py took 0.418 seconds
[2025-11-22T21:04:44.699+0500] {processor.py:186} INFO - Started process (PID=68170) to work on /mnt/c/Users/Raj/OneDrive - Åbo Akademi O365/banking/airflow/.venv/lib/python3.12/site-packages/airflow/example_dags/example_setup_teardown.py
[2025-11-22T21:04:44.702+0500] {processor.py:914} INFO - Processing file /mnt/c/Users/Raj/OneDrive - Åbo Akademi O365/banking/airflow/.venv/lib/python3.12/site-packages/airflow/example_dags/example_setup_teardown.py for tasks to queue
[2025-11-22T21:04:44.707+0500] {logging_mixin.py:190} INFO - [2025-11-22T21:04:44.705+0500] {dagbag.py:588} INFO - Filling up the DagBag from /mnt/c/Users/Raj/OneDrive - Åbo Akademi O365/banking/airflow/.venv/lib/python3.12/site-packages/airflow/example_dags/example_setup_teardown.py
[2025-11-22T21:04:44.737+0500] {processor.py:925} INFO - DAG(s) 'example_setup_teardown' retrieved from /mnt/c/Users/Raj/OneDrive - Åbo Akademi O365/banking/airflow/.venv/lib/python3.12/site-packages/airflow/example_dags/example_setup_teardown.py
[2025-11-22T21:04:44.781+0500] {logging_mixin.py:190} INFO - [2025-11-22T21:04:44.780+0500] {dag.py:3239} INFO - Sync 1 DAGs
[2025-11-22T21:04:44.969+0500] {logging_mixin.py:190} INFO - [2025-11-22T21:04:44.967+0500] {dag.py:4180} INFO - Setting next_dagrun for example_setup_teardown to None, run_after=None
[2025-11-22T21:04:45.036+0500] {processor.py:208} INFO - Processing /mnt/c/Users/Raj/OneDrive - Åbo Akademi O365/banking/airflow/.venv/lib/python3.12/site-packages/airflow/example_dags/example_setup_teardown.py took 0.358 seconds
[2025-11-22T21:09:05.056+0500] {processor.py:186} INFO - Started process (PID=68348) to work on /mnt/c/Users/Raj/OneDrive - Åbo Akademi O365/banking/airflow/.venv/lib/python3.12/site-packages/airflow/example_dags/example_setup_teardown.py
[2025-11-22T21:09:05.069+0500] {processor.py:914} INFO - Processing file /mnt/c/Users/Raj/OneDrive - Åbo Akademi O365/banking/airflow/.venv/lib/python3.12/site-packages/airflow/example_dags/example_setup_teardown.py for tasks to queue
[2025-11-22T21:09:05.127+0500] {logging_mixin.py:190} INFO - [2025-11-22T21:09:05.081+0500] {dagbag.py:588} INFO - Filling up the DagBag from /mnt/c/Users/Raj/OneDrive - Åbo Akademi O365/banking/airflow/.venv/lib/python3.12/site-packages/airflow/example_dags/example_setup_teardown.py
[2025-11-22T21:09:05.222+0500] {processor.py:925} INFO - DAG(s) 'example_setup_teardown' retrieved from /mnt/c/Users/Raj/OneDrive - Åbo Akademi O365/banking/airflow/.venv/lib/python3.12/site-packages/airflow/example_dags/example_setup_teardown.py
[2025-11-22T21:09:05.330+0500] {logging_mixin.py:190} INFO - [2025-11-22T21:09:05.328+0500] {dag.py:3239} INFO - Sync 1 DAGs
[2025-11-22T21:09:05.599+0500] {logging_mixin.py:190} INFO - [2025-11-22T21:09:05.597+0500] {dag.py:4180} INFO - Setting next_dagrun for example_setup_teardown to None, run_after=None
[2025-11-22T21:09:05.672+0500] {processor.py:208} INFO - Processing /mnt/c/Users/Raj/OneDrive - Åbo Akademi O365/banking/airflow/.venv/lib/python3.12/site-packages/airflow/example_dags/example_setup_teardown.py took 0.657 seconds
[2025-11-22T21:10:12.611+0500] {processor.py:186} INFO - Started process (PID=68403) to work on /mnt/c/Users/Raj/OneDrive - Åbo Akademi O365/banking/airflow/.venv/lib/python3.12/site-packages/airflow/example_dags/example_setup_teardown.py
[2025-11-22T21:10:12.613+0500] {processor.py:914} INFO - Processing file /mnt/c/Users/Raj/OneDrive - Åbo Akademi O365/banking/airflow/.venv/lib/python3.12/site-packages/airflow/example_dags/example_setup_teardown.py for tasks to queue
[2025-11-22T21:10:12.616+0500] {logging_mixin.py:190} INFO - [2025-11-22T21:10:12.615+0500] {dagbag.py:588} INFO - Filling up the DagBag from /mnt/c/Users/Raj/OneDrive - Åbo Akademi O365/banking/airflow/.venv/lib/python3.12/site-packages/airflow/example_dags/example_setup_teardown.py
[2025-11-22T21:10:12.639+0500] {processor.py:925} INFO - DAG(s) 'example_setup_teardown' retrieved from /mnt/c/Users/Raj/OneDrive - Åbo Akademi O365/banking/airflow/.venv/lib/python3.12/site-packages/airflow/example_dags/example_setup_teardown.py
[2025-11-22T21:10:12.677+0500] {logging_mixin.py:190} INFO - [2025-11-22T21:10:12.675+0500] {dag.py:3239} INFO - Sync 1 DAGs
[2025-11-22T21:10:12.700+0500] {logging_mixin.py:190} INFO - [2025-11-22T21:10:12.699+0500] {dag.py:4180} INFO - Setting next_dagrun for example_setup_teardown to None, run_after=None
[2025-11-22T21:10:12.774+0500] {processor.py:208} INFO - Processing /mnt/c/Users/Raj/OneDrive - Åbo Akademi O365/banking/airflow/.venv/lib/python3.12/site-packages/airflow/example_dags/example_setup_teardown.py took 0.181 seconds
[2025-11-22T21:12:07.406+0500] {processor.py:186} INFO - Started process (PID=68487) to work on /mnt/c/Users/Raj/OneDrive - Åbo Akademi O365/banking/airflow/.venv/lib/python3.12/site-packages/airflow/example_dags/example_setup_teardown.py
[2025-11-22T21:12:07.409+0500] {processor.py:914} INFO - Processing file /mnt/c/Users/Raj/OneDrive - Åbo Akademi O365/banking/airflow/.venv/lib/python3.12/site-packages/airflow/example_dags/example_setup_teardown.py for tasks to queue
[2025-11-22T21:12:07.414+0500] {logging_mixin.py:190} INFO - [2025-11-22T21:12:07.412+0500] {dagbag.py:588} INFO - Filling up the DagBag from /mnt/c/Users/Raj/OneDrive - Åbo Akademi O365/banking/airflow/.venv/lib/python3.12/site-packages/airflow/example_dags/example_setup_teardown.py
[2025-11-22T21:12:07.444+0500] {processor.py:925} INFO - DAG(s) 'example_setup_teardown' retrieved from /mnt/c/Users/Raj/OneDrive - Åbo Akademi O365/banking/airflow/.venv/lib/python3.12/site-packages/airflow/example_dags/example_setup_teardown.py
[2025-11-22T21:12:07.480+0500] {logging_mixin.py:190} INFO - [2025-11-22T21:12:07.479+0500] {dag.py:3239} INFO - Sync 1 DAGs
[2025-11-22T21:12:07.506+0500] {logging_mixin.py:190} INFO - [2025-11-22T21:12:07.505+0500] {dag.py:4180} INFO - Setting next_dagrun for example_setup_teardown to None, run_after=None
[2025-11-22T21:12:07.584+0500] {processor.py:208} INFO - Processing /mnt/c/Users/Raj/OneDrive - Åbo Akademi O365/banking/airflow/.venv/lib/python3.12/site-packages/airflow/example_dags/example_setup_teardown.py took 0.220 seconds
[2025-11-22T21:13:52.146+0500] {processor.py:186} INFO - Started process (PID=68564) to work on /mnt/c/Users/Raj/OneDrive - Åbo Akademi O365/banking/airflow/.venv/lib/python3.12/site-packages/airflow/example_dags/example_setup_teardown.py
[2025-11-22T21:13:52.148+0500] {processor.py:914} INFO - Processing file /mnt/c/Users/Raj/OneDrive - Åbo Akademi O365/banking/airflow/.venv/lib/python3.12/site-packages/airflow/example_dags/example_setup_teardown.py for tasks to queue
[2025-11-22T21:13:52.152+0500] {logging_mixin.py:190} INFO - [2025-11-22T21:13:52.151+0500] {dagbag.py:588} INFO - Filling up the DagBag from /mnt/c/Users/Raj/OneDrive - Åbo Akademi O365/banking/airflow/.venv/lib/python3.12/site-packages/airflow/example_dags/example_setup_teardown.py
[2025-11-22T21:13:52.179+0500] {processor.py:925} INFO - DAG(s) 'example_setup_teardown' retrieved from /mnt/c/Users/Raj/OneDrive - Åbo Akademi O365/banking/airflow/.venv/lib/python3.12/site-packages/airflow/example_dags/example_setup_teardown.py
[2025-11-22T21:13:52.216+0500] {logging_mixin.py:190} INFO - [2025-11-22T21:13:52.215+0500] {dag.py:3239} INFO - Sync 1 DAGs
[2025-11-22T21:13:52.235+0500] {logging_mixin.py:190} INFO - [2025-11-22T21:13:52.234+0500] {dag.py:4180} INFO - Setting next_dagrun for example_setup_teardown to None, run_after=None
[2025-11-22T21:13:52.309+0500] {processor.py:208} INFO - Processing /mnt/c/Users/Raj/OneDrive - Åbo Akademi O365/banking/airflow/.venv/lib/python3.12/site-packages/airflow/example_dags/example_setup_teardown.py took 0.185 seconds
[2025-11-22T21:15:33.240+0500] {processor.py:186} INFO - Started process (PID=68644) to work on /mnt/c/Users/Raj/OneDrive - Åbo Akademi O365/banking/airflow/.venv/lib/python3.12/site-packages/airflow/example_dags/example_setup_teardown.py
[2025-11-22T21:15:33.242+0500] {processor.py:914} INFO - Processing file /mnt/c/Users/Raj/OneDrive - Åbo Akademi O365/banking/airflow/.venv/lib/python3.12/site-packages/airflow/example_dags/example_setup_teardown.py for tasks to queue
[2025-11-22T21:15:33.246+0500] {logging_mixin.py:190} INFO - [2025-11-22T21:15:33.245+0500] {dagbag.py:588} INFO - Filling up the DagBag from /mnt/c/Users/Raj/OneDrive - Åbo Akademi O365/banking/airflow/.venv/lib/python3.12/site-packages/airflow/example_dags/example_setup_teardown.py
[2025-11-22T21:15:33.278+0500] {processor.py:925} INFO - DAG(s) 'example_setup_teardown' retrieved from /mnt/c/Users/Raj/OneDrive - Åbo Akademi O365/banking/airflow/.venv/lib/python3.12/site-packages/airflow/example_dags/example_setup_teardown.py
[2025-11-22T21:15:33.314+0500] {logging_mixin.py:190} INFO - [2025-11-22T21:15:33.313+0500] {dag.py:3239} INFO - Sync 1 DAGs
[2025-11-22T21:15:33.331+0500] {logging_mixin.py:190} INFO - [2025-11-22T21:15:33.330+0500] {dag.py:4180} INFO - Setting next_dagrun for example_setup_teardown to None, run_after=None
[2025-11-22T21:15:33.397+0500] {processor.py:208} INFO - Processing /mnt/c/Users/Raj/OneDrive - Åbo Akademi O365/banking/airflow/.venv/lib/python3.12/site-packages/airflow/example_dags/example_setup_teardown.py took 0.174 seconds
[2025-11-22T21:17:11.376+0500] {processor.py:186} INFO - Started process (PID=68725) to work on /mnt/c/Users/Raj/OneDrive - Åbo Akademi O365/banking/airflow/.venv/lib/python3.12/site-packages/airflow/example_dags/example_setup_teardown.py
[2025-11-22T21:17:11.379+0500] {processor.py:914} INFO - Processing file /mnt/c/Users/Raj/OneDrive - Åbo Akademi O365/banking/airflow/.venv/lib/python3.12/site-packages/airflow/example_dags/example_setup_teardown.py for tasks to queue
[2025-11-22T21:17:11.383+0500] {logging_mixin.py:190} INFO - [2025-11-22T21:17:11.382+0500] {dagbag.py:588} INFO - Filling up the DagBag from /mnt/c/Users/Raj/OneDrive - Åbo Akademi O365/banking/airflow/.venv/lib/python3.12/site-packages/airflow/example_dags/example_setup_teardown.py
[2025-11-22T21:17:11.412+0500] {processor.py:925} INFO - DAG(s) 'example_setup_teardown' retrieved from /mnt/c/Users/Raj/OneDrive - Åbo Akademi O365/banking/airflow/.venv/lib/python3.12/site-packages/airflow/example_dags/example_setup_teardown.py
[2025-11-22T21:17:11.452+0500] {logging_mixin.py:190} INFO - [2025-11-22T21:17:11.451+0500] {dag.py:3239} INFO - Sync 1 DAGs
[2025-11-22T21:17:11.468+0500] {logging_mixin.py:190} INFO - [2025-11-22T21:17:11.467+0500] {dag.py:4180} INFO - Setting next_dagrun for example_setup_teardown to None, run_after=None
[2025-11-22T21:17:11.550+0500] {processor.py:208} INFO - Processing /mnt/c/Users/Raj/OneDrive - Åbo Akademi O365/banking/airflow/.venv/lib/python3.12/site-packages/airflow/example_dags/example_setup_teardown.py took 0.198 seconds
[2025-11-22T21:18:55.084+0500] {processor.py:186} INFO - Started process (PID=68806) to work on /mnt/c/Users/Raj/OneDrive - Åbo Akademi O365/banking/airflow/.venv/lib/python3.12/site-packages/airflow/example_dags/example_setup_teardown.py
[2025-11-22T21:18:55.086+0500] {processor.py:914} INFO - Processing file /mnt/c/Users/Raj/OneDrive - Åbo Akademi O365/banking/airflow/.venv/lib/python3.12/site-packages/airflow/example_dags/example_setup_teardown.py for tasks to queue
[2025-11-22T21:18:55.090+0500] {logging_mixin.py:190} INFO - [2025-11-22T21:18:55.089+0500] {dagbag.py:588} INFO - Filling up the DagBag from /mnt/c/Users/Raj/OneDrive - Åbo Akademi O365/banking/airflow/.venv/lib/python3.12/site-packages/airflow/example_dags/example_setup_teardown.py
[2025-11-22T21:18:55.120+0500] {processor.py:925} INFO - DAG(s) 'example_setup_teardown' retrieved from /mnt/c/Users/Raj/OneDrive - Åbo Akademi O365/banking/airflow/.venv/lib/python3.12/site-packages/airflow/example_dags/example_setup_teardown.py
[2025-11-22T21:18:55.164+0500] {logging_mixin.py:190} INFO - [2025-11-22T21:18:55.163+0500] {dag.py:3239} INFO - Sync 1 DAGs
[2025-11-22T21:18:55.189+0500] {logging_mixin.py:190} INFO - [2025-11-22T21:18:55.188+0500] {dag.py:4180} INFO - Setting next_dagrun for example_setup_teardown to None, run_after=None
[2025-11-22T21:18:55.267+0500] {processor.py:208} INFO - Processing /mnt/c/Users/Raj/OneDrive - Åbo Akademi O365/banking/airflow/.venv/lib/python3.12/site-packages/airflow/example_dags/example_setup_teardown.py took 0.203 seconds
[2025-11-22T21:20:36.258+0500] {processor.py:186} INFO - Started process (PID=68886) to work on /mnt/c/Users/Raj/OneDrive - Åbo Akademi O365/banking/airflow/.venv/lib/python3.12/site-packages/airflow/example_dags/example_setup_teardown.py
[2025-11-22T21:20:36.261+0500] {processor.py:914} INFO - Processing file /mnt/c/Users/Raj/OneDrive - Åbo Akademi O365/banking/airflow/.venv/lib/python3.12/site-packages/airflow/example_dags/example_setup_teardown.py for tasks to queue
[2025-11-22T21:20:36.265+0500] {logging_mixin.py:190} INFO - [2025-11-22T21:20:36.263+0500] {dagbag.py:588} INFO - Filling up the DagBag from /mnt/c/Users/Raj/OneDrive - Åbo Akademi O365/banking/airflow/.venv/lib/python3.12/site-packages/airflow/example_dags/example_setup_teardown.py
[2025-11-22T21:20:36.292+0500] {processor.py:925} INFO - DAG(s) 'example_setup_teardown' retrieved from /mnt/c/Users/Raj/OneDrive - Åbo Akademi O365/banking/airflow/.venv/lib/python3.12/site-packages/airflow/example_dags/example_setup_teardown.py
[2025-11-22T21:20:36.327+0500] {logging_mixin.py:190} INFO - [2025-11-22T21:20:36.326+0500] {dag.py:3239} INFO - Sync 1 DAGs
[2025-11-22T21:20:36.345+0500] {logging_mixin.py:190} INFO - [2025-11-22T21:20:36.344+0500] {dag.py:4180} INFO - Setting next_dagrun for example_setup_teardown to None, run_after=None
[2025-11-22T21:20:36.415+0500] {processor.py:208} INFO - Processing /mnt/c/Users/Raj/OneDrive - Åbo Akademi O365/banking/airflow/.venv/lib/python3.12/site-packages/airflow/example_dags/example_setup_teardown.py took 0.178 seconds
[2025-11-22T21:22:24.239+0500] {processor.py:186} INFO - Started process (PID=68970) to work on /mnt/c/Users/Raj/OneDrive - Åbo Akademi O365/banking/airflow/.venv/lib/python3.12/site-packages/airflow/example_dags/example_setup_teardown.py
[2025-11-22T21:22:24.241+0500] {processor.py:914} INFO - Processing file /mnt/c/Users/Raj/OneDrive - Åbo Akademi O365/banking/airflow/.venv/lib/python3.12/site-packages/airflow/example_dags/example_setup_teardown.py for tasks to queue
[2025-11-22T21:22:24.246+0500] {logging_mixin.py:190} INFO - [2025-11-22T21:22:24.244+0500] {dagbag.py:588} INFO - Filling up the DagBag from /mnt/c/Users/Raj/OneDrive - Åbo Akademi O365/banking/airflow/.venv/lib/python3.12/site-packages/airflow/example_dags/example_setup_teardown.py
[2025-11-22T21:22:24.273+0500] {processor.py:925} INFO - DAG(s) 'example_setup_teardown' retrieved from /mnt/c/Users/Raj/OneDrive - Åbo Akademi O365/banking/airflow/.venv/lib/python3.12/site-packages/airflow/example_dags/example_setup_teardown.py
[2025-11-22T21:22:24.306+0500] {logging_mixin.py:190} INFO - [2025-11-22T21:22:24.305+0500] {dag.py:3239} INFO - Sync 1 DAGs
[2025-11-22T21:22:24.326+0500] {logging_mixin.py:190} INFO - [2025-11-22T21:22:24.324+0500] {dag.py:4180} INFO - Setting next_dagrun for example_setup_teardown to None, run_after=None
[2025-11-22T21:22:24.397+0500] {processor.py:208} INFO - Processing /mnt/c/Users/Raj/OneDrive - Åbo Akademi O365/banking/airflow/.venv/lib/python3.12/site-packages/airflow/example_dags/example_setup_teardown.py took 0.183 seconds
[2025-11-22T21:24:06.663+0500] {processor.py:186} INFO - Started process (PID=69046) to work on /mnt/c/Users/Raj/OneDrive - Åbo Akademi O365/banking/airflow/.venv/lib/python3.12/site-packages/airflow/example_dags/example_setup_teardown.py
[2025-11-22T21:24:06.665+0500] {processor.py:914} INFO - Processing file /mnt/c/Users/Raj/OneDrive - Åbo Akademi O365/banking/airflow/.venv/lib/python3.12/site-packages/airflow/example_dags/example_setup_teardown.py for tasks to queue
[2025-11-22T21:24:06.670+0500] {logging_mixin.py:190} INFO - [2025-11-22T21:24:06.669+0500] {dagbag.py:588} INFO - Filling up the DagBag from /mnt/c/Users/Raj/OneDrive - Åbo Akademi O365/banking/airflow/.venv/lib/python3.12/site-packages/airflow/example_dags/example_setup_teardown.py
[2025-11-22T21:24:06.700+0500] {processor.py:925} INFO - DAG(s) 'example_setup_teardown' retrieved from /mnt/c/Users/Raj/OneDrive - Åbo Akademi O365/banking/airflow/.venv/lib/python3.12/site-packages/airflow/example_dags/example_setup_teardown.py
[2025-11-22T21:24:06.736+0500] {logging_mixin.py:190} INFO - [2025-11-22T21:24:06.735+0500] {dag.py:3239} INFO - Sync 1 DAGs
[2025-11-22T21:24:06.752+0500] {logging_mixin.py:190} INFO - [2025-11-22T21:24:06.751+0500] {dag.py:4180} INFO - Setting next_dagrun for example_setup_teardown to None, run_after=None
[2025-11-22T21:24:06.813+0500] {processor.py:208} INFO - Processing /mnt/c/Users/Raj/OneDrive - Åbo Akademi O365/banking/airflow/.venv/lib/python3.12/site-packages/airflow/example_dags/example_setup_teardown.py took 0.172 seconds
