[2025-11-22T20:14:38.167+0500] {processor.py:186} INFO - Started process (PID=65701) to work on /mnt/c/Users/Raj/OneDrive - Åbo Akademi O365/banking/airflow/.venv/lib/python3.12/site-packages/airflow/example_dags/example_dag_decorator.py
[2025-11-22T20:14:38.170+0500] {processor.py:914} INFO - Processing file /mnt/c/Users/Raj/OneDrive - Åbo Akademi O365/banking/airflow/.venv/lib/python3.12/site-packages/airflow/example_dags/example_dag_decorator.py for tasks to queue
[2025-11-22T20:14:38.175+0500] {logging_mixin.py:190} INFO - [2025-11-22T20:14:38.173+0500] {dagbag.py:588} INFO - Filling up the DagBag from /mnt/c/Users/Raj/OneDrive - Åbo Akademi O365/banking/airflow/.venv/lib/python3.12/site-packages/airflow/example_dags/example_dag_decorator.py
[2025-11-22T20:14:38.217+0500] {processor.py:925} INFO - DAG(s) 'example_dag_decorator' retrieved from /mnt/c/Users/Raj/OneDrive - Åbo Akademi O365/banking/airflow/.venv/lib/python3.12/site-packages/airflow/example_dags/example_dag_decorator.py
[2025-11-22T20:14:40.377+0500] {logging_mixin.py:190} INFO - [2025-11-22T20:14:40.376+0500] {dag.py:3239} INFO - Sync 1 DAGs
[2025-11-22T20:14:40.424+0500] {logging_mixin.py:190} INFO - [2025-11-22T20:14:40.423+0500] {dag.py:4180} INFO - Setting next_dagrun for example_dag_decorator to None, run_after=None
[2025-11-22T20:14:40.500+0500] {processor.py:208} INFO - Processing /mnt/c/Users/Raj/OneDrive - Åbo Akademi O365/banking/airflow/.venv/lib/python3.12/site-packages/airflow/example_dags/example_dag_decorator.py took 2.360 seconds
[2025-11-22T20:16:40.383+0500] {processor.py:186} INFO - Started process (PID=65791) to work on /mnt/c/Users/Raj/OneDrive - Åbo Akademi O365/banking/airflow/.venv/lib/python3.12/site-packages/airflow/example_dags/example_dag_decorator.py
[2025-11-22T20:16:40.386+0500] {processor.py:914} INFO - Processing file /mnt/c/Users/Raj/OneDrive - Åbo Akademi O365/banking/airflow/.venv/lib/python3.12/site-packages/airflow/example_dags/example_dag_decorator.py for tasks to queue
[2025-11-22T20:16:40.390+0500] {logging_mixin.py:190} INFO - [2025-11-22T20:16:40.388+0500] {dagbag.py:588} INFO - Filling up the DagBag from /mnt/c/Users/Raj/OneDrive - Åbo Akademi O365/banking/airflow/.venv/lib/python3.12/site-packages/airflow/example_dags/example_dag_decorator.py
[2025-11-22T20:16:40.431+0500] {processor.py:925} INFO - DAG(s) 'example_dag_decorator' retrieved from /mnt/c/Users/Raj/OneDrive - Åbo Akademi O365/banking/airflow/.venv/lib/python3.12/site-packages/airflow/example_dags/example_dag_decorator.py
[2025-11-22T20:16:41.786+0500] {logging_mixin.py:190} INFO - [2025-11-22T20:16:41.785+0500] {dag.py:3239} INFO - Sync 1 DAGs
[2025-11-22T20:16:41.800+0500] {logging_mixin.py:190} INFO - [2025-11-22T20:16:41.799+0500] {dag.py:4180} INFO - Setting next_dagrun for example_dag_decorator to None, run_after=None
[2025-11-22T20:16:41.862+0500] {processor.py:208} INFO - Processing /mnt/c/Users/Raj/OneDrive - Åbo Akademi O365/banking/airflow/.venv/lib/python3.12/site-packages/airflow/example_dags/example_dag_decorator.py took 1.495 seconds
[2025-11-22T20:21:18.528+0500] {processor.py:186} INFO - Started process (PID=65954) to work on /mnt/c/Users/Raj/OneDrive - Åbo Akademi O365/banking/airflow/.venv/lib/python3.12/site-packages/airflow/example_dags/example_dag_decorator.py
[2025-11-22T20:21:18.532+0500] {processor.py:914} INFO - Processing file /mnt/c/Users/Raj/OneDrive - Åbo Akademi O365/banking/airflow/.venv/lib/python3.12/site-packages/airflow/example_dags/example_dag_decorator.py for tasks to queue
[2025-11-22T20:21:18.538+0500] {logging_mixin.py:190} INFO - [2025-11-22T20:21:18.537+0500] {dagbag.py:588} INFO - Filling up the DagBag from /mnt/c/Users/Raj/OneDrive - Åbo Akademi O365/banking/airflow/.venv/lib/python3.12/site-packages/airflow/example_dags/example_dag_decorator.py
[2025-11-22T20:21:18.657+0500] {processor.py:925} INFO - DAG(s) 'example_dag_decorator' retrieved from /mnt/c/Users/Raj/OneDrive - Åbo Akademi O365/banking/airflow/.venv/lib/python3.12/site-packages/airflow/example_dags/example_dag_decorator.py
[2025-11-22T20:21:20.670+0500] {logging_mixin.py:190} INFO - [2025-11-22T20:21:20.668+0500] {dag.py:3239} INFO - Sync 1 DAGs
[2025-11-22T20:21:20.694+0500] {logging_mixin.py:190} INFO - [2025-11-22T20:21:20.693+0500] {dag.py:4180} INFO - Setting next_dagrun for example_dag_decorator to None, run_after=None
[2025-11-22T20:21:20.793+0500] {processor.py:208} INFO - Processing /mnt/c/Users/Raj/OneDrive - Åbo Akademi O365/banking/airflow/.venv/lib/python3.12/site-packages/airflow/example_dags/example_dag_decorator.py took 2.284 seconds
[2025-11-22T20:23:34.624+0500] {processor.py:186} INFO - Started process (PID=66062) to work on /mnt/c/Users/Raj/OneDrive - Åbo Akademi O365/banking/airflow/.venv/lib/python3.12/site-packages/airflow/example_dags/example_dag_decorator.py
[2025-11-22T20:23:34.627+0500] {processor.py:914} INFO - Processing file /mnt/c/Users/Raj/OneDrive - Åbo Akademi O365/banking/airflow/.venv/lib/python3.12/site-packages/airflow/example_dags/example_dag_decorator.py for tasks to queue
[2025-11-22T20:23:34.634+0500] {logging_mixin.py:190} INFO - [2025-11-22T20:23:34.632+0500] {dagbag.py:588} INFO - Filling up the DagBag from /mnt/c/Users/Raj/OneDrive - Åbo Akademi O365/banking/airflow/.venv/lib/python3.12/site-packages/airflow/example_dags/example_dag_decorator.py
[2025-11-22T20:23:34.747+0500] {processor.py:925} INFO - DAG(s) 'example_dag_decorator' retrieved from /mnt/c/Users/Raj/OneDrive - Åbo Akademi O365/banking/airflow/.venv/lib/python3.12/site-packages/airflow/example_dags/example_dag_decorator.py
[2025-11-22T20:23:36.436+0500] {logging_mixin.py:190} INFO - [2025-11-22T20:23:36.435+0500] {dag.py:3239} INFO - Sync 1 DAGs
[2025-11-22T20:23:36.475+0500] {logging_mixin.py:190} INFO - [2025-11-22T20:23:36.472+0500] {dag.py:4180} INFO - Setting next_dagrun for example_dag_decorator to None, run_after=None
[2025-11-22T20:23:36.575+0500] {processor.py:208} INFO - Processing /mnt/c/Users/Raj/OneDrive - Åbo Akademi O365/banking/airflow/.venv/lib/python3.12/site-packages/airflow/example_dags/example_dag_decorator.py took 1.968 seconds
[2025-11-22T20:28:22.532+0500] {processor.py:186} INFO - Started process (PID=66283) to work on /mnt/c/Users/Raj/OneDrive - Åbo Akademi O365/banking/airflow/.venv/lib/python3.12/site-packages/airflow/example_dags/example_dag_decorator.py
[2025-11-22T20:28:22.535+0500] {processor.py:914} INFO - Processing file /mnt/c/Users/Raj/OneDrive - Åbo Akademi O365/banking/airflow/.venv/lib/python3.12/site-packages/airflow/example_dags/example_dag_decorator.py for tasks to queue
[2025-11-22T20:28:22.538+0500] {logging_mixin.py:190} INFO - [2025-11-22T20:28:22.537+0500] {dagbag.py:588} INFO - Filling up the DagBag from /mnt/c/Users/Raj/OneDrive - Åbo Akademi O365/banking/airflow/.venv/lib/python3.12/site-packages/airflow/example_dags/example_dag_decorator.py
[2025-11-22T20:28:22.580+0500] {processor.py:925} INFO - DAG(s) 'example_dag_decorator' retrieved from /mnt/c/Users/Raj/OneDrive - Åbo Akademi O365/banking/airflow/.venv/lib/python3.12/site-packages/airflow/example_dags/example_dag_decorator.py
[2025-11-22T20:28:24.145+0500] {logging_mixin.py:190} INFO - [2025-11-22T20:28:24.144+0500] {dag.py:3239} INFO - Sync 1 DAGs
[2025-11-22T20:28:24.164+0500] {logging_mixin.py:190} INFO - [2025-11-22T20:28:24.162+0500] {dag.py:4180} INFO - Setting next_dagrun for example_dag_decorator to None, run_after=None
[2025-11-22T20:28:24.245+0500] {processor.py:208} INFO - Processing /mnt/c/Users/Raj/OneDrive - Åbo Akademi O365/banking/airflow/.venv/lib/python3.12/site-packages/airflow/example_dags/example_dag_decorator.py took 1.728 seconds
[2025-11-22T20:30:18.626+0500] {processor.py:186} INFO - Started process (PID=66402) to work on /mnt/c/Users/Raj/OneDrive - Åbo Akademi O365/banking/airflow/.venv/lib/python3.12/site-packages/airflow/example_dags/example_dag_decorator.py
[2025-11-22T20:30:18.628+0500] {processor.py:914} INFO - Processing file /mnt/c/Users/Raj/OneDrive - Åbo Akademi O365/banking/airflow/.venv/lib/python3.12/site-packages/airflow/example_dags/example_dag_decorator.py for tasks to queue
[2025-11-22T20:30:18.632+0500] {logging_mixin.py:190} INFO - [2025-11-22T20:30:18.630+0500] {dagbag.py:588} INFO - Filling up the DagBag from /mnt/c/Users/Raj/OneDrive - Åbo Akademi O365/banking/airflow/.venv/lib/python3.12/site-packages/airflow/example_dags/example_dag_decorator.py
[2025-11-22T20:30:18.668+0500] {processor.py:925} INFO - DAG(s) 'example_dag_decorator' retrieved from /mnt/c/Users/Raj/OneDrive - Åbo Akademi O365/banking/airflow/.venv/lib/python3.12/site-packages/airflow/example_dags/example_dag_decorator.py
[2025-11-22T20:30:20.569+0500] {logging_mixin.py:190} INFO - [2025-11-22T20:30:20.567+0500] {dag.py:3239} INFO - Sync 1 DAGs
[2025-11-22T20:30:20.607+0500] {logging_mixin.py:190} INFO - [2025-11-22T20:30:20.606+0500] {dag.py:4180} INFO - Setting next_dagrun for example_dag_decorator to None, run_after=None
[2025-11-22T20:30:20.737+0500] {processor.py:208} INFO - Processing /mnt/c/Users/Raj/OneDrive - Åbo Akademi O365/banking/airflow/.venv/lib/python3.12/site-packages/airflow/example_dags/example_dag_decorator.py took 2.126 seconds
[2025-11-22T20:33:57.519+0500] {processor.py:186} INFO - Started process (PID=66559) to work on /mnt/c/Users/Raj/OneDrive - Åbo Akademi O365/banking/airflow/.venv/lib/python3.12/site-packages/airflow/example_dags/example_dag_decorator.py
[2025-11-22T20:33:57.522+0500] {processor.py:914} INFO - Processing file /mnt/c/Users/Raj/OneDrive - Åbo Akademi O365/banking/airflow/.venv/lib/python3.12/site-packages/airflow/example_dags/example_dag_decorator.py for tasks to queue
[2025-11-22T20:33:57.526+0500] {logging_mixin.py:190} INFO - [2025-11-22T20:33:57.525+0500] {dagbag.py:588} INFO - Filling up the DagBag from /mnt/c/Users/Raj/OneDrive - Åbo Akademi O365/banking/airflow/.venv/lib/python3.12/site-packages/airflow/example_dags/example_dag_decorator.py
[2025-11-22T20:33:57.570+0500] {processor.py:925} INFO - DAG(s) 'example_dag_decorator' retrieved from /mnt/c/Users/Raj/OneDrive - Åbo Akademi O365/banking/airflow/.venv/lib/python3.12/site-packages/airflow/example_dags/example_dag_decorator.py
[2025-11-22T20:33:58.963+0500] {logging_mixin.py:190} INFO - [2025-11-22T20:33:58.962+0500] {dag.py:3239} INFO - Sync 1 DAGs
[2025-11-22T20:33:58.986+0500] {logging_mixin.py:190} INFO - [2025-11-22T20:33:58.985+0500] {dag.py:4180} INFO - Setting next_dagrun for example_dag_decorator to None, run_after=None
[2025-11-22T20:33:59.060+0500] {processor.py:208} INFO - Processing /mnt/c/Users/Raj/OneDrive - Åbo Akademi O365/banking/airflow/.venv/lib/python3.12/site-packages/airflow/example_dags/example_dag_decorator.py took 1.557 seconds
[2025-11-22T20:35:47.907+0500] {processor.py:186} INFO - Started process (PID=66642) to work on /mnt/c/Users/Raj/OneDrive - Åbo Akademi O365/banking/airflow/.venv/lib/python3.12/site-packages/airflow/example_dags/example_dag_decorator.py
[2025-11-22T20:35:47.909+0500] {processor.py:914} INFO - Processing file /mnt/c/Users/Raj/OneDrive - Åbo Akademi O365/banking/airflow/.venv/lib/python3.12/site-packages/airflow/example_dags/example_dag_decorator.py for tasks to queue
[2025-11-22T20:35:47.913+0500] {logging_mixin.py:190} INFO - [2025-11-22T20:35:47.911+0500] {dagbag.py:588} INFO - Filling up the DagBag from /mnt/c/Users/Raj/OneDrive - Åbo Akademi O365/banking/airflow/.venv/lib/python3.12/site-packages/airflow/example_dags/example_dag_decorator.py
[2025-11-22T20:35:47.950+0500] {processor.py:925} INFO - DAG(s) 'example_dag_decorator' retrieved from /mnt/c/Users/Raj/OneDrive - Åbo Akademi O365/banking/airflow/.venv/lib/python3.12/site-packages/airflow/example_dags/example_dag_decorator.py
[2025-11-22T20:35:51.850+0500] {logging_mixin.py:190} INFO - [2025-11-22T20:35:51.848+0500] {dag.py:3239} INFO - Sync 1 DAGs
[2025-11-22T20:35:51.878+0500] {logging_mixin.py:190} INFO - [2025-11-22T20:35:51.877+0500] {dag.py:4180} INFO - Setting next_dagrun for example_dag_decorator to None, run_after=None
[2025-11-22T20:35:51.994+0500] {processor.py:208} INFO - Processing /mnt/c/Users/Raj/OneDrive - Åbo Akademi O365/banking/airflow/.venv/lib/python3.12/site-packages/airflow/example_dags/example_dag_decorator.py took 2.270 seconds
[2025-11-22T20:38:34.048+0500] {processor.py:186} INFO - Started process (PID=66783) to work on /mnt/c/Users/Raj/OneDrive - Åbo Akademi O365/banking/airflow/.venv/lib/python3.12/site-packages/airflow/example_dags/example_dag_decorator.py
[2025-11-22T20:38:34.050+0500] {processor.py:914} INFO - Processing file /mnt/c/Users/Raj/OneDrive - Åbo Akademi O365/banking/airflow/.venv/lib/python3.12/site-packages/airflow/example_dags/example_dag_decorator.py for tasks to queue
[2025-11-22T20:38:34.054+0500] {logging_mixin.py:190} INFO - [2025-11-22T20:38:34.053+0500] {dagbag.py:588} INFO - Filling up the DagBag from /mnt/c/Users/Raj/OneDrive - Åbo Akademi O365/banking/airflow/.venv/lib/python3.12/site-packages/airflow/example_dags/example_dag_decorator.py
[2025-11-22T20:38:34.107+0500] {processor.py:925} INFO - DAG(s) 'example_dag_decorator' retrieved from /mnt/c/Users/Raj/OneDrive - Åbo Akademi O365/banking/airflow/.venv/lib/python3.12/site-packages/airflow/example_dags/example_dag_decorator.py
[2025-11-22T20:38:34.154+0500] {logging_mixin.py:190} INFO - [2025-11-22T20:38:34.152+0500] {dag.py:3239} INFO - Sync 1 DAGs
[2025-11-22T20:38:34.173+0500] {logging_mixin.py:190} INFO - [2025-11-22T20:38:34.171+0500] {dag.py:4180} INFO - Setting next_dagrun for example_dag_decorator to None, run_after=None
[2025-11-22T20:38:34.252+0500] {processor.py:208} INFO - Processing /mnt/c/Users/Raj/OneDrive - Åbo Akademi O365/banking/airflow/.venv/lib/python3.12/site-packages/airflow/example_dags/example_dag_decorator.py took 0.219 seconds
[2025-11-22T20:40:19.511+0500] {processor.py:186} INFO - Started process (PID=66891) to work on /mnt/c/Users/Raj/OneDrive - Åbo Akademi O365/banking/airflow/.venv/lib/python3.12/site-packages/airflow/example_dags/example_dag_decorator.py
[2025-11-22T20:40:19.514+0500] {processor.py:914} INFO - Processing file /mnt/c/Users/Raj/OneDrive - Åbo Akademi O365/banking/airflow/.venv/lib/python3.12/site-packages/airflow/example_dags/example_dag_decorator.py for tasks to queue
[2025-11-22T20:40:19.518+0500] {logging_mixin.py:190} INFO - [2025-11-22T20:40:19.516+0500] {dagbag.py:588} INFO - Filling up the DagBag from /mnt/c/Users/Raj/OneDrive - Åbo Akademi O365/banking/airflow/.venv/lib/python3.12/site-packages/airflow/example_dags/example_dag_decorator.py
[2025-11-22T20:40:19.560+0500] {processor.py:925} INFO - DAG(s) 'example_dag_decorator' retrieved from /mnt/c/Users/Raj/OneDrive - Åbo Akademi O365/banking/airflow/.venv/lib/python3.12/site-packages/airflow/example_dags/example_dag_decorator.py
[2025-11-22T20:40:19.600+0500] {logging_mixin.py:190} INFO - [2025-11-22T20:40:19.599+0500] {dag.py:3239} INFO - Sync 1 DAGs
[2025-11-22T20:40:19.619+0500] {logging_mixin.py:190} INFO - [2025-11-22T20:40:19.617+0500] {dag.py:4180} INFO - Setting next_dagrun for example_dag_decorator to None, run_after=None
[2025-11-22T20:40:19.693+0500] {processor.py:208} INFO - Processing /mnt/c/Users/Raj/OneDrive - Åbo Akademi O365/banking/airflow/.venv/lib/python3.12/site-packages/airflow/example_dags/example_dag_decorator.py took 0.203 seconds
[2025-11-22T20:42:05.703+0500] {processor.py:186} INFO - Started process (PID=67004) to work on /mnt/c/Users/Raj/OneDrive - Åbo Akademi O365/banking/airflow/.venv/lib/python3.12/site-packages/airflow/example_dags/example_dag_decorator.py
[2025-11-22T20:42:05.704+0500] {processor.py:914} INFO - Processing file /mnt/c/Users/Raj/OneDrive - Åbo Akademi O365/banking/airflow/.venv/lib/python3.12/site-packages/airflow/example_dags/example_dag_decorator.py for tasks to queue
[2025-11-22T20:42:05.707+0500] {logging_mixin.py:190} INFO - [2025-11-22T20:42:05.706+0500] {dagbag.py:588} INFO - Filling up the DagBag from /mnt/c/Users/Raj/OneDrive - Åbo Akademi O365/banking/airflow/.venv/lib/python3.12/site-packages/airflow/example_dags/example_dag_decorator.py
[2025-11-22T20:42:05.744+0500] {processor.py:925} INFO - DAG(s) 'example_dag_decorator' retrieved from /mnt/c/Users/Raj/OneDrive - Åbo Akademi O365/banking/airflow/.venv/lib/python3.12/site-packages/airflow/example_dags/example_dag_decorator.py
[2025-11-22T20:42:07.278+0500] {logging_mixin.py:190} INFO - [2025-11-22T20:42:07.276+0500] {dag.py:3239} INFO - Sync 1 DAGs
[2025-11-22T20:42:07.298+0500] {logging_mixin.py:190} INFO - [2025-11-22T20:42:07.297+0500] {dag.py:4180} INFO - Setting next_dagrun for example_dag_decorator to None, run_after=None
[2025-11-22T20:42:07.378+0500] {processor.py:208} INFO - Processing /mnt/c/Users/Raj/OneDrive - Åbo Akademi O365/banking/airflow/.venv/lib/python3.12/site-packages/airflow/example_dags/example_dag_decorator.py took 1.689 seconds
[2025-11-22T20:44:23.396+0500] {processor.py:186} INFO - Started process (PID=67107) to work on /mnt/c/Users/Raj/OneDrive - Åbo Akademi O365/banking/airflow/.venv/lib/python3.12/site-packages/airflow/example_dags/example_dag_decorator.py
[2025-11-22T20:44:23.398+0500] {processor.py:914} INFO - Processing file /mnt/c/Users/Raj/OneDrive - Åbo Akademi O365/banking/airflow/.venv/lib/python3.12/site-packages/airflow/example_dags/example_dag_decorator.py for tasks to queue
[2025-11-22T20:44:23.401+0500] {logging_mixin.py:190} INFO - [2025-11-22T20:44:23.400+0500] {dagbag.py:588} INFO - Filling up the DagBag from /mnt/c/Users/Raj/OneDrive - Åbo Akademi O365/banking/airflow/.venv/lib/python3.12/site-packages/airflow/example_dags/example_dag_decorator.py
[2025-11-22T20:44:23.435+0500] {processor.py:925} INFO - DAG(s) 'example_dag_decorator' retrieved from /mnt/c/Users/Raj/OneDrive - Åbo Akademi O365/banking/airflow/.venv/lib/python3.12/site-packages/airflow/example_dags/example_dag_decorator.py
[2025-11-22T20:44:23.468+0500] {logging_mixin.py:190} INFO - [2025-11-22T20:44:23.467+0500] {dag.py:3239} INFO - Sync 1 DAGs
[2025-11-22T20:44:23.482+0500] {logging_mixin.py:190} INFO - [2025-11-22T20:44:23.481+0500] {dag.py:4180} INFO - Setting next_dagrun for example_dag_decorator to None, run_after=None
[2025-11-22T20:44:23.552+0500] {processor.py:208} INFO - Processing /mnt/c/Users/Raj/OneDrive - Åbo Akademi O365/banking/airflow/.venv/lib/python3.12/site-packages/airflow/example_dags/example_dag_decorator.py took 0.170 seconds
[2025-11-22T20:45:58.873+0500] {processor.py:186} INFO - Started process (PID=67186) to work on /mnt/c/Users/Raj/OneDrive - Åbo Akademi O365/banking/airflow/.venv/lib/python3.12/site-packages/airflow/example_dags/example_dag_decorator.py
[2025-11-22T20:45:58.875+0500] {processor.py:914} INFO - Processing file /mnt/c/Users/Raj/OneDrive - Åbo Akademi O365/banking/airflow/.venv/lib/python3.12/site-packages/airflow/example_dags/example_dag_decorator.py for tasks to queue
[2025-11-22T20:45:58.879+0500] {logging_mixin.py:190} INFO - [2025-11-22T20:45:58.878+0500] {dagbag.py:588} INFO - Filling up the DagBag from /mnt/c/Users/Raj/OneDrive - Åbo Akademi O365/banking/airflow/.venv/lib/python3.12/site-packages/airflow/example_dags/example_dag_decorator.py
[2025-11-22T20:45:58.918+0500] {processor.py:925} INFO - DAG(s) 'example_dag_decorator' retrieved from /mnt/c/Users/Raj/OneDrive - Åbo Akademi O365/banking/airflow/.venv/lib/python3.12/site-packages/airflow/example_dags/example_dag_decorator.py
[2025-11-22T20:45:58.960+0500] {logging_mixin.py:190} INFO - [2025-11-22T20:45:58.958+0500] {dag.py:3239} INFO - Sync 1 DAGs
[2025-11-22T20:45:58.978+0500] {logging_mixin.py:190} INFO - [2025-11-22T20:45:58.976+0500] {dag.py:4180} INFO - Setting next_dagrun for example_dag_decorator to None, run_after=None
[2025-11-22T20:45:59.061+0500] {processor.py:208} INFO - Processing /mnt/c/Users/Raj/OneDrive - Åbo Akademi O365/banking/airflow/.venv/lib/python3.12/site-packages/airflow/example_dags/example_dag_decorator.py took 0.204 seconds
[2025-11-22T20:47:43.312+0500] {processor.py:186} INFO - Started process (PID=67266) to work on /mnt/c/Users/Raj/OneDrive - Åbo Akademi O365/banking/airflow/.venv/lib/python3.12/site-packages/airflow/example_dags/example_dag_decorator.py
[2025-11-22T20:47:43.314+0500] {processor.py:914} INFO - Processing file /mnt/c/Users/Raj/OneDrive - Åbo Akademi O365/banking/airflow/.venv/lib/python3.12/site-packages/airflow/example_dags/example_dag_decorator.py for tasks to queue
[2025-11-22T20:47:43.318+0500] {logging_mixin.py:190} INFO - [2025-11-22T20:47:43.317+0500] {dagbag.py:588} INFO - Filling up the DagBag from /mnt/c/Users/Raj/OneDrive - Åbo Akademi O365/banking/airflow/.venv/lib/python3.12/site-packages/airflow/example_dags/example_dag_decorator.py
[2025-11-22T20:47:43.360+0500] {processor.py:925} INFO - DAG(s) 'example_dag_decorator' retrieved from /mnt/c/Users/Raj/OneDrive - Åbo Akademi O365/banking/airflow/.venv/lib/python3.12/site-packages/airflow/example_dags/example_dag_decorator.py
[2025-11-22T20:47:43.401+0500] {logging_mixin.py:190} INFO - [2025-11-22T20:47:43.400+0500] {dag.py:3239} INFO - Sync 1 DAGs
[2025-11-22T20:47:43.425+0500] {logging_mixin.py:190} INFO - [2025-11-22T20:47:43.424+0500] {dag.py:4180} INFO - Setting next_dagrun for example_dag_decorator to None, run_after=None
[2025-11-22T20:47:43.499+0500] {processor.py:208} INFO - Processing /mnt/c/Users/Raj/OneDrive - Åbo Akademi O365/banking/airflow/.venv/lib/python3.12/site-packages/airflow/example_dags/example_dag_decorator.py took 0.204 seconds
[2025-11-22T20:49:23.565+0500] {processor.py:186} INFO - Started process (PID=67346) to work on /mnt/c/Users/Raj/OneDrive - Åbo Akademi O365/banking/airflow/.venv/lib/python3.12/site-packages/airflow/example_dags/example_dag_decorator.py
[2025-11-22T20:49:23.568+0500] {processor.py:914} INFO - Processing file /mnt/c/Users/Raj/OneDrive - Åbo Akademi O365/banking/airflow/.venv/lib/python3.12/site-packages/airflow/example_dags/example_dag_decorator.py for tasks to queue
[2025-11-22T20:49:23.572+0500] {logging_mixin.py:190} INFO - [2025-11-22T20:49:23.570+0500] {dagbag.py:588} INFO - Filling up the DagBag from /mnt/c/Users/Raj/OneDrive - Åbo Akademi O365/banking/airflow/.venv/lib/python3.12/site-packages/airflow/example_dags/example_dag_decorator.py
[2025-11-22T20:49:23.621+0500] {processor.py:925} INFO - DAG(s) 'example_dag_decorator' retrieved from /mnt/c/Users/Raj/OneDrive - Åbo Akademi O365/banking/airflow/.venv/lib/python3.12/site-packages/airflow/example_dags/example_dag_decorator.py
[2025-11-22T20:49:23.678+0500] {logging_mixin.py:190} INFO - [2025-11-22T20:49:23.674+0500] {dag.py:3239} INFO - Sync 1 DAGs
[2025-11-22T20:49:23.712+0500] {logging_mixin.py:190} INFO - [2025-11-22T20:49:23.710+0500] {dag.py:4180} INFO - Setting next_dagrun for example_dag_decorator to None, run_after=None
[2025-11-22T20:49:23.807+0500] {processor.py:208} INFO - Processing /mnt/c/Users/Raj/OneDrive - Åbo Akademi O365/banking/airflow/.venv/lib/python3.12/site-packages/airflow/example_dags/example_dag_decorator.py took 0.259 seconds
[2025-11-22T20:51:05.104+0500] {processor.py:186} INFO - Started process (PID=67427) to work on /mnt/c/Users/Raj/OneDrive - Åbo Akademi O365/banking/airflow/.venv/lib/python3.12/site-packages/airflow/example_dags/example_dag_decorator.py
[2025-11-22T20:51:05.107+0500] {processor.py:914} INFO - Processing file /mnt/c/Users/Raj/OneDrive - Åbo Akademi O365/banking/airflow/.venv/lib/python3.12/site-packages/airflow/example_dags/example_dag_decorator.py for tasks to queue
[2025-11-22T20:51:05.110+0500] {logging_mixin.py:190} INFO - [2025-11-22T20:51:05.109+0500] {dagbag.py:588} INFO - Filling up the DagBag from /mnt/c/Users/Raj/OneDrive - Åbo Akademi O365/banking/airflow/.venv/lib/python3.12/site-packages/airflow/example_dags/example_dag_decorator.py
[2025-11-22T20:51:05.155+0500] {processor.py:925} INFO - DAG(s) 'example_dag_decorator' retrieved from /mnt/c/Users/Raj/OneDrive - Åbo Akademi O365/banking/airflow/.venv/lib/python3.12/site-packages/airflow/example_dags/example_dag_decorator.py
[2025-11-22T20:51:06.484+0500] {logging_mixin.py:190} INFO - [2025-11-22T20:51:06.483+0500] {dag.py:3239} INFO - Sync 1 DAGs
[2025-11-22T20:51:06.501+0500] {logging_mixin.py:190} INFO - [2025-11-22T20:51:06.499+0500] {dag.py:4180} INFO - Setting next_dagrun for example_dag_decorator to None, run_after=None
[2025-11-22T20:51:06.568+0500] {processor.py:208} INFO - Processing /mnt/c/Users/Raj/OneDrive - Åbo Akademi O365/banking/airflow/.venv/lib/python3.12/site-packages/airflow/example_dags/example_dag_decorator.py took 1.482 seconds
[2025-11-22T20:52:50.307+0500] {processor.py:186} INFO - Started process (PID=67504) to work on /mnt/c/Users/Raj/OneDrive - Åbo Akademi O365/banking/airflow/.venv/lib/python3.12/site-packages/airflow/example_dags/example_dag_decorator.py
[2025-11-22T20:52:50.309+0500] {processor.py:914} INFO - Processing file /mnt/c/Users/Raj/OneDrive - Åbo Akademi O365/banking/airflow/.venv/lib/python3.12/site-packages/airflow/example_dags/example_dag_decorator.py for tasks to queue
[2025-11-22T20:52:50.311+0500] {logging_mixin.py:190} INFO - [2025-11-22T20:52:50.310+0500] {dagbag.py:588} INFO - Filling up the DagBag from /mnt/c/Users/Raj/OneDrive - Åbo Akademi O365/banking/airflow/.venv/lib/python3.12/site-packages/airflow/example_dags/example_dag_decorator.py
[2025-11-22T20:52:50.343+0500] {processor.py:925} INFO - DAG(s) 'example_dag_decorator' retrieved from /mnt/c/Users/Raj/OneDrive - Åbo Akademi O365/banking/airflow/.venv/lib/python3.12/site-packages/airflow/example_dags/example_dag_decorator.py
[2025-11-22T20:52:51.595+0500] {logging_mixin.py:190} INFO - [2025-11-22T20:52:51.594+0500] {dag.py:3239} INFO - Sync 1 DAGs
[2025-11-22T20:52:51.612+0500] {logging_mixin.py:190} INFO - [2025-11-22T20:52:51.611+0500] {dag.py:4180} INFO - Setting next_dagrun for example_dag_decorator to None, run_after=None
[2025-11-22T20:52:51.691+0500] {processor.py:208} INFO - Processing /mnt/c/Users/Raj/OneDrive - Åbo Akademi O365/banking/airflow/.venv/lib/python3.12/site-packages/airflow/example_dags/example_dag_decorator.py took 1.397 seconds
[2025-11-22T20:54:32.218+0500] {processor.py:186} INFO - Started process (PID=67586) to work on /mnt/c/Users/Raj/OneDrive - Åbo Akademi O365/banking/airflow/.venv/lib/python3.12/site-packages/airflow/example_dags/example_dag_decorator.py
[2025-11-22T20:54:32.221+0500] {processor.py:914} INFO - Processing file /mnt/c/Users/Raj/OneDrive - Åbo Akademi O365/banking/airflow/.venv/lib/python3.12/site-packages/airflow/example_dags/example_dag_decorator.py for tasks to queue
[2025-11-22T20:54:32.224+0500] {logging_mixin.py:190} INFO - [2025-11-22T20:54:32.223+0500] {dagbag.py:588} INFO - Filling up the DagBag from /mnt/c/Users/Raj/OneDrive - Åbo Akademi O365/banking/airflow/.venv/lib/python3.12/site-packages/airflow/example_dags/example_dag_decorator.py
[2025-11-22T20:54:32.262+0500] {processor.py:925} INFO - DAG(s) 'example_dag_decorator' retrieved from /mnt/c/Users/Raj/OneDrive - Åbo Akademi O365/banking/airflow/.venv/lib/python3.12/site-packages/airflow/example_dags/example_dag_decorator.py
[2025-11-22T20:54:32.301+0500] {logging_mixin.py:190} INFO - [2025-11-22T20:54:32.300+0500] {dag.py:3239} INFO - Sync 1 DAGs
[2025-11-22T20:54:32.320+0500] {logging_mixin.py:190} INFO - [2025-11-22T20:54:32.319+0500] {dag.py:4180} INFO - Setting next_dagrun for example_dag_decorator to None, run_after=None
[2025-11-22T20:54:32.377+0500] {processor.py:208} INFO - Processing /mnt/c/Users/Raj/OneDrive - Åbo Akademi O365/banking/airflow/.venv/lib/python3.12/site-packages/airflow/example_dags/example_dag_decorator.py took 0.174 seconds
[2025-11-22T20:56:17.143+0500] {processor.py:186} INFO - Started process (PID=67751) to work on /mnt/c/Users/Raj/OneDrive - Åbo Akademi O365/banking/airflow/.venv/lib/python3.12/site-packages/airflow/example_dags/example_dag_decorator.py
[2025-11-22T20:56:17.145+0500] {processor.py:914} INFO - Processing file /mnt/c/Users/Raj/OneDrive - Åbo Akademi O365/banking/airflow/.venv/lib/python3.12/site-packages/airflow/example_dags/example_dag_decorator.py for tasks to queue
[2025-11-22T20:56:17.149+0500] {logging_mixin.py:190} INFO - [2025-11-22T20:56:17.147+0500] {dagbag.py:588} INFO - Filling up the DagBag from /mnt/c/Users/Raj/OneDrive - Åbo Akademi O365/banking/airflow/.venv/lib/python3.12/site-packages/airflow/example_dags/example_dag_decorator.py
[2025-11-22T20:56:17.184+0500] {processor.py:925} INFO - DAG(s) 'example_dag_decorator' retrieved from /mnt/c/Users/Raj/OneDrive - Åbo Akademi O365/banking/airflow/.venv/lib/python3.12/site-packages/airflow/example_dags/example_dag_decorator.py
[2025-11-22T20:56:17.218+0500] {logging_mixin.py:190} INFO - [2025-11-22T20:56:17.217+0500] {dag.py:3239} INFO - Sync 1 DAGs
[2025-11-22T20:56:17.234+0500] {logging_mixin.py:190} INFO - [2025-11-22T20:56:17.233+0500] {dag.py:4180} INFO - Setting next_dagrun for example_dag_decorator to None, run_after=None
[2025-11-22T20:56:17.305+0500] {processor.py:208} INFO - Processing /mnt/c/Users/Raj/OneDrive - Åbo Akademi O365/banking/airflow/.venv/lib/python3.12/site-packages/airflow/example_dags/example_dag_decorator.py took 0.176 seconds
[2025-11-22T20:57:58.969+0500] {processor.py:186} INFO - Started process (PID=67831) to work on /mnt/c/Users/Raj/OneDrive - Åbo Akademi O365/banking/airflow/.venv/lib/python3.12/site-packages/airflow/example_dags/example_dag_decorator.py
[2025-11-22T20:57:58.971+0500] {processor.py:914} INFO - Processing file /mnt/c/Users/Raj/OneDrive - Åbo Akademi O365/banking/airflow/.venv/lib/python3.12/site-packages/airflow/example_dags/example_dag_decorator.py for tasks to queue
[2025-11-22T20:57:58.975+0500] {logging_mixin.py:190} INFO - [2025-11-22T20:57:58.973+0500] {dagbag.py:588} INFO - Filling up the DagBag from /mnt/c/Users/Raj/OneDrive - Åbo Akademi O365/banking/airflow/.venv/lib/python3.12/site-packages/airflow/example_dags/example_dag_decorator.py
[2025-11-22T20:57:59.023+0500] {processor.py:925} INFO - DAG(s) 'example_dag_decorator' retrieved from /mnt/c/Users/Raj/OneDrive - Åbo Akademi O365/banking/airflow/.venv/lib/python3.12/site-packages/airflow/example_dags/example_dag_decorator.py
[2025-11-22T20:58:01.132+0500] {logging_mixin.py:190} INFO - [2025-11-22T20:58:01.131+0500] {dag.py:3239} INFO - Sync 1 DAGs
[2025-11-22T20:58:01.146+0500] {logging_mixin.py:190} INFO - [2025-11-22T20:58:01.145+0500] {dag.py:4180} INFO - Setting next_dagrun for example_dag_decorator to None, run_after=None
[2025-11-22T20:58:01.231+0500] {processor.py:208} INFO - Processing /mnt/c/Users/Raj/OneDrive - Åbo Akademi O365/banking/airflow/.venv/lib/python3.12/site-packages/airflow/example_dags/example_dag_decorator.py took 2.279 seconds
[2025-11-22T20:59:39.313+0500] {processor.py:186} INFO - Started process (PID=67912) to work on /mnt/c/Users/Raj/OneDrive - Åbo Akademi O365/banking/airflow/.venv/lib/python3.12/site-packages/airflow/example_dags/example_dag_decorator.py
[2025-11-22T20:59:39.316+0500] {processor.py:914} INFO - Processing file /mnt/c/Users/Raj/OneDrive - Åbo Akademi O365/banking/airflow/.venv/lib/python3.12/site-packages/airflow/example_dags/example_dag_decorator.py for tasks to queue
[2025-11-22T20:59:39.320+0500] {logging_mixin.py:190} INFO - [2025-11-22T20:59:39.319+0500] {dagbag.py:588} INFO - Filling up the DagBag from /mnt/c/Users/Raj/OneDrive - Åbo Akademi O365/banking/airflow/.venv/lib/python3.12/site-packages/airflow/example_dags/example_dag_decorator.py
[2025-11-22T20:59:39.359+0500] {processor.py:925} INFO - DAG(s) 'example_dag_decorator' retrieved from /mnt/c/Users/Raj/OneDrive - Åbo Akademi O365/banking/airflow/.venv/lib/python3.12/site-packages/airflow/example_dags/example_dag_decorator.py
[2025-11-22T20:59:39.401+0500] {logging_mixin.py:190} INFO - [2025-11-22T20:59:39.399+0500] {dag.py:3239} INFO - Sync 1 DAGs
[2025-11-22T20:59:39.423+0500] {logging_mixin.py:190} INFO - [2025-11-22T20:59:39.422+0500] {dag.py:4180} INFO - Setting next_dagrun for example_dag_decorator to None, run_after=None
[2025-11-22T20:59:39.504+0500] {processor.py:208} INFO - Processing /mnt/c/Users/Raj/OneDrive - Åbo Akademi O365/banking/airflow/.venv/lib/python3.12/site-packages/airflow/example_dags/example_dag_decorator.py took 0.209 seconds
[2025-11-22T21:01:22.465+0500] {processor.py:186} INFO - Started process (PID=67987) to work on /mnt/c/Users/Raj/OneDrive - Åbo Akademi O365/banking/airflow/.venv/lib/python3.12/site-packages/airflow/example_dags/example_dag_decorator.py
[2025-11-22T21:01:22.468+0500] {processor.py:914} INFO - Processing file /mnt/c/Users/Raj/OneDrive - Åbo Akademi O365/banking/airflow/.venv/lib/python3.12/site-packages/airflow/example_dags/example_dag_decorator.py for tasks to queue
[2025-11-22T21:01:22.473+0500] {logging_mixin.py:190} INFO - [2025-11-22T21:01:22.471+0500] {dagbag.py:588} INFO - Filling up the DagBag from /mnt/c/Users/Raj/OneDrive - Åbo Akademi O365/banking/airflow/.venv/lib/python3.12/site-packages/airflow/example_dags/example_dag_decorator.py
[2025-11-22T21:01:22.533+0500] {processor.py:925} INFO - DAG(s) 'example_dag_decorator' retrieved from /mnt/c/Users/Raj/OneDrive - Åbo Akademi O365/banking/airflow/.venv/lib/python3.12/site-packages/airflow/example_dags/example_dag_decorator.py
[2025-11-22T21:01:24.672+0500] {logging_mixin.py:190} INFO - [2025-11-22T21:01:24.670+0500] {dag.py:3239} INFO - Sync 1 DAGs
[2025-11-22T21:01:24.694+0500] {logging_mixin.py:190} INFO - [2025-11-22T21:01:24.692+0500] {dag.py:4180} INFO - Setting next_dagrun for example_dag_decorator to None, run_after=None
[2025-11-22T21:01:24.790+0500] {processor.py:208} INFO - Processing /mnt/c/Users/Raj/OneDrive - Åbo Akademi O365/banking/airflow/.venv/lib/python3.12/site-packages/airflow/example_dags/example_dag_decorator.py took 2.348 seconds
[2025-11-22T21:03:45.616+0500] {processor.py:186} INFO - Started process (PID=68117) to work on /mnt/c/Users/Raj/OneDrive - Åbo Akademi O365/banking/airflow/.venv/lib/python3.12/site-packages/airflow/example_dags/example_dag_decorator.py
[2025-11-22T21:03:45.620+0500] {processor.py:914} INFO - Processing file /mnt/c/Users/Raj/OneDrive - Åbo Akademi O365/banking/airflow/.venv/lib/python3.12/site-packages/airflow/example_dags/example_dag_decorator.py for tasks to queue
[2025-11-22T21:03:45.626+0500] {logging_mixin.py:190} INFO - [2025-11-22T21:03:45.624+0500] {dagbag.py:588} INFO - Filling up the DagBag from /mnt/c/Users/Raj/OneDrive - Åbo Akademi O365/banking/airflow/.venv/lib/python3.12/site-packages/airflow/example_dags/example_dag_decorator.py
[2025-11-22T21:03:45.675+0500] {processor.py:925} INFO - DAG(s) 'example_dag_decorator' retrieved from /mnt/c/Users/Raj/OneDrive - Åbo Akademi O365/banking/airflow/.venv/lib/python3.12/site-packages/airflow/example_dags/example_dag_decorator.py
[2025-11-22T21:03:47.573+0500] {logging_mixin.py:190} INFO - [2025-11-22T21:03:47.572+0500] {dag.py:3239} INFO - Sync 1 DAGs
[2025-11-22T21:03:47.591+0500] {logging_mixin.py:190} INFO - [2025-11-22T21:03:47.590+0500] {dag.py:4180} INFO - Setting next_dagrun for example_dag_decorator to None, run_after=None
[2025-11-22T21:03:47.672+0500] {processor.py:208} INFO - Processing /mnt/c/Users/Raj/OneDrive - Åbo Akademi O365/banking/airflow/.venv/lib/python3.12/site-packages/airflow/example_dags/example_dag_decorator.py took 2.083 seconds
[2025-11-22T21:08:12.253+0500] {processor.py:186} INFO - Started process (PID=68312) to work on /mnt/c/Users/Raj/OneDrive - Åbo Akademi O365/banking/airflow/.venv/lib/python3.12/site-packages/airflow/example_dags/example_dag_decorator.py
[2025-11-22T21:08:12.255+0500] {processor.py:914} INFO - Processing file /mnt/c/Users/Raj/OneDrive - Åbo Akademi O365/banking/airflow/.venv/lib/python3.12/site-packages/airflow/example_dags/example_dag_decorator.py for tasks to queue
[2025-11-22T21:08:12.260+0500] {logging_mixin.py:190} INFO - [2025-11-22T21:08:12.258+0500] {dagbag.py:588} INFO - Filling up the DagBag from /mnt/c/Users/Raj/OneDrive - Åbo Akademi O365/banking/airflow/.venv/lib/python3.12/site-packages/airflow/example_dags/example_dag_decorator.py
[2025-11-22T21:08:12.298+0500] {processor.py:925} INFO - DAG(s) 'example_dag_decorator' retrieved from /mnt/c/Users/Raj/OneDrive - Åbo Akademi O365/banking/airflow/.venv/lib/python3.12/site-packages/airflow/example_dags/example_dag_decorator.py
[2025-11-22T21:08:13.930+0500] {logging_mixin.py:190} INFO - [2025-11-22T21:08:13.928+0500] {dag.py:3239} INFO - Sync 1 DAGs
[2025-11-22T21:08:13.943+0500] {logging_mixin.py:190} INFO - [2025-11-22T21:08:13.942+0500] {dag.py:4180} INFO - Setting next_dagrun for example_dag_decorator to None, run_after=None
[2025-11-22T21:08:14.011+0500] {processor.py:208} INFO - Processing /mnt/c/Users/Raj/OneDrive - Åbo Akademi O365/banking/airflow/.venv/lib/python3.12/site-packages/airflow/example_dags/example_dag_decorator.py took 1.777 seconds
[2025-11-22T21:10:21.010+0500] {processor.py:186} INFO - Started process (PID=68407) to work on /mnt/c/Users/Raj/OneDrive - Åbo Akademi O365/banking/airflow/.venv/lib/python3.12/site-packages/airflow/example_dags/example_dag_decorator.py
[2025-11-22T21:10:21.012+0500] {processor.py:914} INFO - Processing file /mnt/c/Users/Raj/OneDrive - Åbo Akademi O365/banking/airflow/.venv/lib/python3.12/site-packages/airflow/example_dags/example_dag_decorator.py for tasks to queue
[2025-11-22T21:10:21.016+0500] {logging_mixin.py:190} INFO - [2025-11-22T21:10:21.014+0500] {dagbag.py:588} INFO - Filling up the DagBag from /mnt/c/Users/Raj/OneDrive - Åbo Akademi O365/banking/airflow/.venv/lib/python3.12/site-packages/airflow/example_dags/example_dag_decorator.py
[2025-11-22T21:10:21.054+0500] {processor.py:925} INFO - DAG(s) 'example_dag_decorator' retrieved from /mnt/c/Users/Raj/OneDrive - Åbo Akademi O365/banking/airflow/.venv/lib/python3.12/site-packages/airflow/example_dags/example_dag_decorator.py
[2025-11-22T21:10:22.432+0500] {logging_mixin.py:190} INFO - [2025-11-22T21:10:22.431+0500] {dag.py:3239} INFO - Sync 1 DAGs
[2025-11-22T21:10:22.445+0500] {logging_mixin.py:190} INFO - [2025-11-22T21:10:22.444+0500] {dag.py:4180} INFO - Setting next_dagrun for example_dag_decorator to None, run_after=None
[2025-11-22T21:10:22.516+0500] {processor.py:208} INFO - Processing /mnt/c/Users/Raj/OneDrive - Åbo Akademi O365/banking/airflow/.venv/lib/python3.12/site-packages/airflow/example_dags/example_dag_decorator.py took 1.526 seconds
[2025-11-22T21:12:12.854+0500] {processor.py:186} INFO - Started process (PID=68491) to work on /mnt/c/Users/Raj/OneDrive - Åbo Akademi O365/banking/airflow/.venv/lib/python3.12/site-packages/airflow/example_dags/example_dag_decorator.py
[2025-11-22T21:12:12.857+0500] {processor.py:914} INFO - Processing file /mnt/c/Users/Raj/OneDrive - Åbo Akademi O365/banking/airflow/.venv/lib/python3.12/site-packages/airflow/example_dags/example_dag_decorator.py for tasks to queue
[2025-11-22T21:12:12.860+0500] {logging_mixin.py:190} INFO - [2025-11-22T21:12:12.859+0500] {dagbag.py:588} INFO - Filling up the DagBag from /mnt/c/Users/Raj/OneDrive - Åbo Akademi O365/banking/airflow/.venv/lib/python3.12/site-packages/airflow/example_dags/example_dag_decorator.py
[2025-11-22T21:12:12.892+0500] {processor.py:925} INFO - DAG(s) 'example_dag_decorator' retrieved from /mnt/c/Users/Raj/OneDrive - Åbo Akademi O365/banking/airflow/.venv/lib/python3.12/site-packages/airflow/example_dags/example_dag_decorator.py
[2025-11-22T21:12:14.203+0500] {logging_mixin.py:190} INFO - [2025-11-22T21:12:14.202+0500] {dag.py:3239} INFO - Sync 1 DAGs
[2025-11-22T21:12:14.220+0500] {logging_mixin.py:190} INFO - [2025-11-22T21:12:14.218+0500] {dag.py:4180} INFO - Setting next_dagrun for example_dag_decorator to None, run_after=None
[2025-11-22T21:12:14.301+0500] {processor.py:208} INFO - Processing /mnt/c/Users/Raj/OneDrive - Åbo Akademi O365/banking/airflow/.venv/lib/python3.12/site-packages/airflow/example_dags/example_dag_decorator.py took 1.463 seconds
[2025-11-22T21:13:57.369+0500] {processor.py:186} INFO - Started process (PID=68568) to work on /mnt/c/Users/Raj/OneDrive - Åbo Akademi O365/banking/airflow/.venv/lib/python3.12/site-packages/airflow/example_dags/example_dag_decorator.py
[2025-11-22T21:13:57.372+0500] {processor.py:914} INFO - Processing file /mnt/c/Users/Raj/OneDrive - Åbo Akademi O365/banking/airflow/.venv/lib/python3.12/site-packages/airflow/example_dags/example_dag_decorator.py for tasks to queue
[2025-11-22T21:13:57.377+0500] {logging_mixin.py:190} INFO - [2025-11-22T21:13:57.375+0500] {dagbag.py:588} INFO - Filling up the DagBag from /mnt/c/Users/Raj/OneDrive - Åbo Akademi O365/banking/airflow/.venv/lib/python3.12/site-packages/airflow/example_dags/example_dag_decorator.py
[2025-11-22T21:13:57.426+0500] {processor.py:925} INFO - DAG(s) 'example_dag_decorator' retrieved from /mnt/c/Users/Raj/OneDrive - Åbo Akademi O365/banking/airflow/.venv/lib/python3.12/site-packages/airflow/example_dags/example_dag_decorator.py
[2025-11-22T21:13:58.928+0500] {logging_mixin.py:190} INFO - [2025-11-22T21:13:58.927+0500] {dag.py:3239} INFO - Sync 1 DAGs
[2025-11-22T21:13:58.946+0500] {logging_mixin.py:190} INFO - [2025-11-22T21:13:58.945+0500] {dag.py:4180} INFO - Setting next_dagrun for example_dag_decorator to None, run_after=None
[2025-11-22T21:13:59.017+0500] {processor.py:208} INFO - Processing /mnt/c/Users/Raj/OneDrive - Åbo Akademi O365/banking/airflow/.venv/lib/python3.12/site-packages/airflow/example_dags/example_dag_decorator.py took 1.677 seconds
[2025-11-22T21:15:39.215+0500] {processor.py:186} INFO - Started process (PID=68648) to work on /mnt/c/Users/Raj/OneDrive - Åbo Akademi O365/banking/airflow/.venv/lib/python3.12/site-packages/airflow/example_dags/example_dag_decorator.py
[2025-11-22T21:15:39.217+0500] {processor.py:914} INFO - Processing file /mnt/c/Users/Raj/OneDrive - Åbo Akademi O365/banking/airflow/.venv/lib/python3.12/site-packages/airflow/example_dags/example_dag_decorator.py for tasks to queue
[2025-11-22T21:15:39.221+0500] {logging_mixin.py:190} INFO - [2025-11-22T21:15:39.219+0500] {dagbag.py:588} INFO - Filling up the DagBag from /mnt/c/Users/Raj/OneDrive - Åbo Akademi O365/banking/airflow/.venv/lib/python3.12/site-packages/airflow/example_dags/example_dag_decorator.py
[2025-11-22T21:15:39.259+0500] {processor.py:925} INFO - DAG(s) 'example_dag_decorator' retrieved from /mnt/c/Users/Raj/OneDrive - Åbo Akademi O365/banking/airflow/.venv/lib/python3.12/site-packages/airflow/example_dags/example_dag_decorator.py
[2025-11-22T21:15:39.301+0500] {logging_mixin.py:190} INFO - [2025-11-22T21:15:39.300+0500] {dag.py:3239} INFO - Sync 1 DAGs
[2025-11-22T21:15:39.315+0500] {logging_mixin.py:190} INFO - [2025-11-22T21:15:39.314+0500] {dag.py:4180} INFO - Setting next_dagrun for example_dag_decorator to None, run_after=None
[2025-11-22T21:15:39.371+0500] {processor.py:208} INFO - Processing /mnt/c/Users/Raj/OneDrive - Åbo Akademi O365/banking/airflow/.venv/lib/python3.12/site-packages/airflow/example_dags/example_dag_decorator.py took 0.172 seconds
[2025-11-22T21:17:17.102+0500] {processor.py:186} INFO - Started process (PID=68729) to work on /mnt/c/Users/Raj/OneDrive - Åbo Akademi O365/banking/airflow/.venv/lib/python3.12/site-packages/airflow/example_dags/example_dag_decorator.py
[2025-11-22T21:17:17.104+0500] {processor.py:914} INFO - Processing file /mnt/c/Users/Raj/OneDrive - Åbo Akademi O365/banking/airflow/.venv/lib/python3.12/site-packages/airflow/example_dags/example_dag_decorator.py for tasks to queue
[2025-11-22T21:17:17.109+0500] {logging_mixin.py:190} INFO - [2025-11-22T21:17:17.107+0500] {dagbag.py:588} INFO - Filling up the DagBag from /mnt/c/Users/Raj/OneDrive - Åbo Akademi O365/banking/airflow/.venv/lib/python3.12/site-packages/airflow/example_dags/example_dag_decorator.py
[2025-11-22T21:17:17.148+0500] {processor.py:925} INFO - DAG(s) 'example_dag_decorator' retrieved from /mnt/c/Users/Raj/OneDrive - Åbo Akademi O365/banking/airflow/.venv/lib/python3.12/site-packages/airflow/example_dags/example_dag_decorator.py
[2025-11-22T21:17:17.194+0500] {logging_mixin.py:190} INFO - [2025-11-22T21:17:17.192+0500] {dag.py:3239} INFO - Sync 1 DAGs
[2025-11-22T21:17:17.212+0500] {logging_mixin.py:190} INFO - [2025-11-22T21:17:17.210+0500] {dag.py:4180} INFO - Setting next_dagrun for example_dag_decorator to None, run_after=None
[2025-11-22T21:17:17.285+0500] {processor.py:208} INFO - Processing /mnt/c/Users/Raj/OneDrive - Åbo Akademi O365/banking/airflow/.venv/lib/python3.12/site-packages/airflow/example_dags/example_dag_decorator.py took 0.207 seconds
[2025-11-22T21:19:00.930+0500] {processor.py:186} INFO - Started process (PID=68811) to work on /mnt/c/Users/Raj/OneDrive - Åbo Akademi O365/banking/airflow/.venv/lib/python3.12/site-packages/airflow/example_dags/example_dag_decorator.py
[2025-11-22T21:19:00.932+0500] {processor.py:914} INFO - Processing file /mnt/c/Users/Raj/OneDrive - Åbo Akademi O365/banking/airflow/.venv/lib/python3.12/site-packages/airflow/example_dags/example_dag_decorator.py for tasks to queue
[2025-11-22T21:19:00.938+0500] {logging_mixin.py:190} INFO - [2025-11-22T21:19:00.936+0500] {dagbag.py:588} INFO - Filling up the DagBag from /mnt/c/Users/Raj/OneDrive - Åbo Akademi O365/banking/airflow/.venv/lib/python3.12/site-packages/airflow/example_dags/example_dag_decorator.py
[2025-11-22T21:19:00.982+0500] {processor.py:925} INFO - DAG(s) 'example_dag_decorator' retrieved from /mnt/c/Users/Raj/OneDrive - Åbo Akademi O365/banking/airflow/.venv/lib/python3.12/site-packages/airflow/example_dags/example_dag_decorator.py
[2025-11-22T21:19:01.025+0500] {logging_mixin.py:190} INFO - [2025-11-22T21:19:01.023+0500] {dag.py:3239} INFO - Sync 1 DAGs
[2025-11-22T21:19:01.044+0500] {logging_mixin.py:190} INFO - [2025-11-22T21:19:01.042+0500] {dag.py:4180} INFO - Setting next_dagrun for example_dag_decorator to None, run_after=None
[2025-11-22T21:19:01.116+0500] {processor.py:208} INFO - Processing /mnt/c/Users/Raj/OneDrive - Åbo Akademi O365/banking/airflow/.venv/lib/python3.12/site-packages/airflow/example_dags/example_dag_decorator.py took 0.208 seconds
[2025-11-22T21:20:41.495+0500] {processor.py:186} INFO - Started process (PID=68890) to work on /mnt/c/Users/Raj/OneDrive - Åbo Akademi O365/banking/airflow/.venv/lib/python3.12/site-packages/airflow/example_dags/example_dag_decorator.py
[2025-11-22T21:20:41.497+0500] {processor.py:914} INFO - Processing file /mnt/c/Users/Raj/OneDrive - Åbo Akademi O365/banking/airflow/.venv/lib/python3.12/site-packages/airflow/example_dags/example_dag_decorator.py for tasks to queue
[2025-11-22T21:20:41.501+0500] {logging_mixin.py:190} INFO - [2025-11-22T21:20:41.499+0500] {dagbag.py:588} INFO - Filling up the DagBag from /mnt/c/Users/Raj/OneDrive - Åbo Akademi O365/banking/airflow/.venv/lib/python3.12/site-packages/airflow/example_dags/example_dag_decorator.py
[2025-11-22T21:20:41.539+0500] {processor.py:925} INFO - DAG(s) 'example_dag_decorator' retrieved from /mnt/c/Users/Raj/OneDrive - Åbo Akademi O365/banking/airflow/.venv/lib/python3.12/site-packages/airflow/example_dags/example_dag_decorator.py
[2025-11-22T21:20:43.080+0500] {logging_mixin.py:190} INFO - [2025-11-22T21:20:43.079+0500] {dag.py:3239} INFO - Sync 1 DAGs
[2025-11-22T21:20:43.101+0500] {logging_mixin.py:190} INFO - [2025-11-22T21:20:43.100+0500] {dag.py:4180} INFO - Setting next_dagrun for example_dag_decorator to None, run_after=None
[2025-11-22T21:20:43.174+0500] {processor.py:208} INFO - Processing /mnt/c/Users/Raj/OneDrive - Åbo Akademi O365/banking/airflow/.venv/lib/python3.12/site-packages/airflow/example_dags/example_dag_decorator.py took 1.698 seconds
[2025-11-22T21:22:31.680+0500] {processor.py:186} INFO - Started process (PID=68974) to work on /mnt/c/Users/Raj/OneDrive - Åbo Akademi O365/banking/airflow/.venv/lib/python3.12/site-packages/airflow/example_dags/example_dag_decorator.py
[2025-11-22T21:22:31.682+0500] {processor.py:914} INFO - Processing file /mnt/c/Users/Raj/OneDrive - Åbo Akademi O365/banking/airflow/.venv/lib/python3.12/site-packages/airflow/example_dags/example_dag_decorator.py for tasks to queue
[2025-11-22T21:22:31.685+0500] {logging_mixin.py:190} INFO - [2025-11-22T21:22:31.684+0500] {dagbag.py:588} INFO - Filling up the DagBag from /mnt/c/Users/Raj/OneDrive - Åbo Akademi O365/banking/airflow/.venv/lib/python3.12/site-packages/airflow/example_dags/example_dag_decorator.py
[2025-11-22T21:22:31.732+0500] {processor.py:925} INFO - DAG(s) 'example_dag_decorator' retrieved from /mnt/c/Users/Raj/OneDrive - Åbo Akademi O365/banking/airflow/.venv/lib/python3.12/site-packages/airflow/example_dags/example_dag_decorator.py
[2025-11-22T21:22:31.791+0500] {logging_mixin.py:190} INFO - [2025-11-22T21:22:31.789+0500] {dag.py:3239} INFO - Sync 1 DAGs
[2025-11-22T21:22:31.818+0500] {logging_mixin.py:190} INFO - [2025-11-22T21:22:31.817+0500] {dag.py:4180} INFO - Setting next_dagrun for example_dag_decorator to None, run_after=None
[2025-11-22T21:22:31.900+0500] {processor.py:208} INFO - Processing /mnt/c/Users/Raj/OneDrive - Åbo Akademi O365/banking/airflow/.venv/lib/python3.12/site-packages/airflow/example_dags/example_dag_decorator.py took 0.241 seconds
[2025-11-22T21:24:14.844+0500] {processor.py:186} INFO - Started process (PID=69050) to work on /mnt/c/Users/Raj/OneDrive - Åbo Akademi O365/banking/airflow/.venv/lib/python3.12/site-packages/airflow/example_dags/example_dag_decorator.py
[2025-11-22T21:24:14.846+0500] {processor.py:914} INFO - Processing file /mnt/c/Users/Raj/OneDrive - Åbo Akademi O365/banking/airflow/.venv/lib/python3.12/site-packages/airflow/example_dags/example_dag_decorator.py for tasks to queue
[2025-11-22T21:24:14.851+0500] {logging_mixin.py:190} INFO - [2025-11-22T21:24:14.849+0500] {dagbag.py:588} INFO - Filling up the DagBag from /mnt/c/Users/Raj/OneDrive - Åbo Akademi O365/banking/airflow/.venv/lib/python3.12/site-packages/airflow/example_dags/example_dag_decorator.py
[2025-11-22T21:24:14.895+0500] {processor.py:925} INFO - DAG(s) 'example_dag_decorator' retrieved from /mnt/c/Users/Raj/OneDrive - Åbo Akademi O365/banking/airflow/.venv/lib/python3.12/site-packages/airflow/example_dags/example_dag_decorator.py
[2025-11-22T21:24:16.232+0500] {logging_mixin.py:190} INFO - [2025-11-22T21:24:16.230+0500] {dag.py:3239} INFO - Sync 1 DAGs
[2025-11-22T21:24:16.279+0500] {logging_mixin.py:190} INFO - [2025-11-22T21:24:16.262+0500] {dag.py:4180} INFO - Setting next_dagrun for example_dag_decorator to None, run_after=None
[2025-11-22T21:24:16.399+0500] {processor.py:208} INFO - Processing /mnt/c/Users/Raj/OneDrive - Åbo Akademi O365/banking/airflow/.venv/lib/python3.12/site-packages/airflow/example_dags/example_dag_decorator.py took 1.579 seconds
