[2025-11-22T20:14:27.580+0500] {processor.py:186} INFO - Started process (PID=65696) to work on /mnt/c/Users/Raj/OneDrive - Åbo Akademi O365/banking/airflow/.venv/lib/python3.12/site-packages/airflow/example_dags/example_dynamic_task_mapping.py
[2025-11-22T20:14:27.585+0500] {processor.py:914} INFO - Processing file /mnt/c/Users/Raj/OneDrive - Åbo Akademi O365/banking/airflow/.venv/lib/python3.12/site-packages/airflow/example_dags/example_dynamic_task_mapping.py for tasks to queue
[2025-11-22T20:14:27.590+0500] {logging_mixin.py:190} INFO - [2025-11-22T20:14:27.588+0500] {dagbag.py:588} INFO - Filling up the DagBag from /mnt/c/Users/Raj/OneDrive - Åbo Akademi O365/banking/airflow/.venv/lib/python3.12/site-packages/airflow/example_dags/example_dynamic_task_mapping.py
[2025-11-22T20:14:27.660+0500] {processor.py:925} INFO - DAG(s) 'example_dynamic_task_mapping' retrieved from /mnt/c/Users/Raj/OneDrive - Åbo Akademi O365/banking/airflow/.venv/lib/python3.12/site-packages/airflow/example_dags/example_dynamic_task_mapping.py
[2025-11-22T20:14:27.730+0500] {logging_mixin.py:190} INFO - [2025-11-22T20:14:27.728+0500] {dag.py:3239} INFO - Sync 1 DAGs
[2025-11-22T20:14:27.752+0500] {logging_mixin.py:190} INFO - [2025-11-22T20:14:27.751+0500] {dag.py:4180} INFO - Setting next_dagrun for example_dynamic_task_mapping to None, run_after=None
[2025-11-22T20:14:27.808+0500] {processor.py:208} INFO - Processing /mnt/c/Users/Raj/OneDrive - Åbo Akademi O365/banking/airflow/.venv/lib/python3.12/site-packages/airflow/example_dags/example_dynamic_task_mapping.py took 0.261 seconds
[2025-11-22T20:16:31.754+0500] {processor.py:186} INFO - Started process (PID=65786) to work on /mnt/c/Users/Raj/OneDrive - Åbo Akademi O365/banking/airflow/.venv/lib/python3.12/site-packages/airflow/example_dags/example_dynamic_task_mapping.py
[2025-11-22T20:16:31.757+0500] {processor.py:914} INFO - Processing file /mnt/c/Users/Raj/OneDrive - Åbo Akademi O365/banking/airflow/.venv/lib/python3.12/site-packages/airflow/example_dags/example_dynamic_task_mapping.py for tasks to queue
[2025-11-22T20:16:31.761+0500] {logging_mixin.py:190} INFO - [2025-11-22T20:16:31.760+0500] {dagbag.py:588} INFO - Filling up the DagBag from /mnt/c/Users/Raj/OneDrive - Åbo Akademi O365/banking/airflow/.venv/lib/python3.12/site-packages/airflow/example_dags/example_dynamic_task_mapping.py
[2025-11-22T20:16:31.801+0500] {processor.py:925} INFO - DAG(s) 'example_dynamic_task_mapping' retrieved from /mnt/c/Users/Raj/OneDrive - Åbo Akademi O365/banking/airflow/.venv/lib/python3.12/site-packages/airflow/example_dags/example_dynamic_task_mapping.py
[2025-11-22T20:16:31.852+0500] {logging_mixin.py:190} INFO - [2025-11-22T20:16:31.851+0500] {dag.py:3239} INFO - Sync 1 DAGs
[2025-11-22T20:16:31.880+0500] {logging_mixin.py:190} INFO - [2025-11-22T20:16:31.878+0500] {dag.py:4180} INFO - Setting next_dagrun for example_dynamic_task_mapping to None, run_after=None
[2025-11-22T20:16:31.996+0500] {processor.py:208} INFO - Processing /mnt/c/Users/Raj/OneDrive - Åbo Akademi O365/banking/airflow/.venv/lib/python3.12/site-packages/airflow/example_dags/example_dynamic_task_mapping.py took 0.268 seconds
[2025-11-22T20:21:11.134+0500] {processor.py:186} INFO - Started process (PID=65949) to work on /mnt/c/Users/Raj/OneDrive - Åbo Akademi O365/banking/airflow/.venv/lib/python3.12/site-packages/airflow/example_dags/example_dynamic_task_mapping.py
[2025-11-22T20:21:11.137+0500] {processor.py:914} INFO - Processing file /mnt/c/Users/Raj/OneDrive - Åbo Akademi O365/banking/airflow/.venv/lib/python3.12/site-packages/airflow/example_dags/example_dynamic_task_mapping.py for tasks to queue
[2025-11-22T20:21:11.146+0500] {logging_mixin.py:190} INFO - [2025-11-22T20:21:11.143+0500] {dagbag.py:588} INFO - Filling up the DagBag from /mnt/c/Users/Raj/OneDrive - Åbo Akademi O365/banking/airflow/.venv/lib/python3.12/site-packages/airflow/example_dags/example_dynamic_task_mapping.py
[2025-11-22T20:21:11.297+0500] {processor.py:925} INFO - DAG(s) 'example_dynamic_task_mapping' retrieved from /mnt/c/Users/Raj/OneDrive - Åbo Akademi O365/banking/airflow/.venv/lib/python3.12/site-packages/airflow/example_dags/example_dynamic_task_mapping.py
[2025-11-22T20:21:11.367+0500] {logging_mixin.py:190} INFO - [2025-11-22T20:21:11.364+0500] {dag.py:3239} INFO - Sync 1 DAGs
[2025-11-22T20:21:11.402+0500] {logging_mixin.py:190} INFO - [2025-11-22T20:21:11.401+0500] {dag.py:4180} INFO - Setting next_dagrun for example_dynamic_task_mapping to None, run_after=None
[2025-11-22T20:21:11.535+0500] {processor.py:208} INFO - Processing /mnt/c/Users/Raj/OneDrive - Åbo Akademi O365/banking/airflow/.venv/lib/python3.12/site-packages/airflow/example_dags/example_dynamic_task_mapping.py took 0.425 seconds
[2025-11-22T20:22:46.454+0500] {processor.py:186} INFO - Started process (PID=66030) to work on /mnt/c/Users/Raj/OneDrive - Åbo Akademi O365/banking/airflow/.venv/lib/python3.12/site-packages/airflow/example_dags/example_dynamic_task_mapping.py
[2025-11-22T20:22:46.456+0500] {processor.py:914} INFO - Processing file /mnt/c/Users/Raj/OneDrive - Åbo Akademi O365/banking/airflow/.venv/lib/python3.12/site-packages/airflow/example_dags/example_dynamic_task_mapping.py for tasks to queue
[2025-11-22T20:22:46.461+0500] {logging_mixin.py:190} INFO - [2025-11-22T20:22:46.460+0500] {dagbag.py:588} INFO - Filling up the DagBag from /mnt/c/Users/Raj/OneDrive - Åbo Akademi O365/banking/airflow/.venv/lib/python3.12/site-packages/airflow/example_dags/example_dynamic_task_mapping.py
[2025-11-22T20:22:46.541+0500] {processor.py:925} INFO - DAG(s) 'example_dynamic_task_mapping' retrieved from /mnt/c/Users/Raj/OneDrive - Åbo Akademi O365/banking/airflow/.venv/lib/python3.12/site-packages/airflow/example_dags/example_dynamic_task_mapping.py
[2025-11-22T20:22:46.577+0500] {logging_mixin.py:190} INFO - [2025-11-22T20:22:46.576+0500] {dag.py:3239} INFO - Sync 1 DAGs
[2025-11-22T20:22:46.596+0500] {logging_mixin.py:190} INFO - [2025-11-22T20:22:46.595+0500] {dag.py:4180} INFO - Setting next_dagrun for example_dynamic_task_mapping to None, run_after=None
[2025-11-22T20:22:46.678+0500] {processor.py:208} INFO - Processing /mnt/c/Users/Raj/OneDrive - Åbo Akademi O365/banking/airflow/.venv/lib/python3.12/site-packages/airflow/example_dags/example_dynamic_task_mapping.py took 0.240 seconds
[2025-11-22T20:24:50.714+0500] {processor.py:186} INFO - Started process (PID=66129) to work on /mnt/c/Users/Raj/OneDrive - Åbo Akademi O365/banking/airflow/.venv/lib/python3.12/site-packages/airflow/example_dags/example_dynamic_task_mapping.py
[2025-11-22T20:24:50.717+0500] {processor.py:914} INFO - Processing file /mnt/c/Users/Raj/OneDrive - Åbo Akademi O365/banking/airflow/.venv/lib/python3.12/site-packages/airflow/example_dags/example_dynamic_task_mapping.py for tasks to queue
[2025-11-22T20:24:50.724+0500] {logging_mixin.py:190} INFO - [2025-11-22T20:24:50.722+0500] {dagbag.py:588} INFO - Filling up the DagBag from /mnt/c/Users/Raj/OneDrive - Åbo Akademi O365/banking/airflow/.venv/lib/python3.12/site-packages/airflow/example_dags/example_dynamic_task_mapping.py
[2025-11-22T20:24:50.880+0500] {processor.py:925} INFO - DAG(s) 'example_dynamic_task_mapping' retrieved from /mnt/c/Users/Raj/OneDrive - Åbo Akademi O365/banking/airflow/.venv/lib/python3.12/site-packages/airflow/example_dags/example_dynamic_task_mapping.py
[2025-11-22T20:24:50.949+0500] {logging_mixin.py:190} INFO - [2025-11-22T20:24:50.947+0500] {dag.py:3239} INFO - Sync 1 DAGs
[2025-11-22T20:24:50.975+0500] {logging_mixin.py:190} INFO - [2025-11-22T20:24:50.974+0500] {dag.py:4180} INFO - Setting next_dagrun for example_dynamic_task_mapping to None, run_after=None
[2025-11-22T20:24:51.087+0500] {processor.py:208} INFO - Processing /mnt/c/Users/Raj/OneDrive - Åbo Akademi O365/banking/airflow/.venv/lib/python3.12/site-packages/airflow/example_dags/example_dynamic_task_mapping.py took 0.405 seconds
[2025-11-22T20:28:16.056+0500] {processor.py:186} INFO - Started process (PID=66276) to work on /mnt/c/Users/Raj/OneDrive - Åbo Akademi O365/banking/airflow/.venv/lib/python3.12/site-packages/airflow/example_dags/example_dynamic_task_mapping.py
[2025-11-22T20:28:16.059+0500] {processor.py:914} INFO - Processing file /mnt/c/Users/Raj/OneDrive - Åbo Akademi O365/banking/airflow/.venv/lib/python3.12/site-packages/airflow/example_dags/example_dynamic_task_mapping.py for tasks to queue
[2025-11-22T20:28:16.063+0500] {logging_mixin.py:190} INFO - [2025-11-22T20:28:16.061+0500] {dagbag.py:588} INFO - Filling up the DagBag from /mnt/c/Users/Raj/OneDrive - Åbo Akademi O365/banking/airflow/.venv/lib/python3.12/site-packages/airflow/example_dags/example_dynamic_task_mapping.py
[2025-11-22T20:28:16.092+0500] {processor.py:925} INFO - DAG(s) 'example_dynamic_task_mapping' retrieved from /mnt/c/Users/Raj/OneDrive - Åbo Akademi O365/banking/airflow/.venv/lib/python3.12/site-packages/airflow/example_dags/example_dynamic_task_mapping.py
[2025-11-22T20:28:16.131+0500] {logging_mixin.py:190} INFO - [2025-11-22T20:28:16.130+0500] {dag.py:3239} INFO - Sync 1 DAGs
[2025-11-22T20:28:16.149+0500] {logging_mixin.py:190} INFO - [2025-11-22T20:28:16.148+0500] {dag.py:4180} INFO - Setting next_dagrun for example_dynamic_task_mapping to None, run_after=None
[2025-11-22T20:28:16.217+0500] {processor.py:208} INFO - Processing /mnt/c/Users/Raj/OneDrive - Åbo Akademi O365/banking/airflow/.venv/lib/python3.12/site-packages/airflow/example_dags/example_dynamic_task_mapping.py took 0.178 seconds
[2025-11-22T20:30:07.495+0500] {processor.py:186} INFO - Started process (PID=66387) to work on /mnt/c/Users/Raj/OneDrive - Åbo Akademi O365/banking/airflow/.venv/lib/python3.12/site-packages/airflow/example_dags/example_dynamic_task_mapping.py
[2025-11-22T20:30:07.499+0500] {processor.py:914} INFO - Processing file /mnt/c/Users/Raj/OneDrive - Åbo Akademi O365/banking/airflow/.venv/lib/python3.12/site-packages/airflow/example_dags/example_dynamic_task_mapping.py for tasks to queue
[2025-11-22T20:30:07.505+0500] {logging_mixin.py:190} INFO - [2025-11-22T20:30:07.502+0500] {dagbag.py:588} INFO - Filling up the DagBag from /mnt/c/Users/Raj/OneDrive - Åbo Akademi O365/banking/airflow/.venv/lib/python3.12/site-packages/airflow/example_dags/example_dynamic_task_mapping.py
[2025-11-22T20:30:07.566+0500] {processor.py:925} INFO - DAG(s) 'example_dynamic_task_mapping' retrieved from /mnt/c/Users/Raj/OneDrive - Åbo Akademi O365/banking/airflow/.venv/lib/python3.12/site-packages/airflow/example_dags/example_dynamic_task_mapping.py
[2025-11-22T20:30:07.651+0500] {logging_mixin.py:190} INFO - [2025-11-22T20:30:07.649+0500] {dag.py:3239} INFO - Sync 1 DAGs
[2025-11-22T20:30:07.712+0500] {logging_mixin.py:190} INFO - [2025-11-22T20:30:07.710+0500] {dag.py:4180} INFO - Setting next_dagrun for example_dynamic_task_mapping to None, run_after=None
[2025-11-22T20:30:09.665+0500] {processor.py:208} INFO - Processing /mnt/c/Users/Raj/OneDrive - Åbo Akademi O365/banking/airflow/.venv/lib/python3.12/site-packages/airflow/example_dags/example_dynamic_task_mapping.py took 0.381 seconds
[2025-11-22T20:33:49.649+0500] {processor.py:186} INFO - Started process (PID=66554) to work on /mnt/c/Users/Raj/OneDrive - Åbo Akademi O365/banking/airflow/.venv/lib/python3.12/site-packages/airflow/example_dags/example_dynamic_task_mapping.py
[2025-11-22T20:33:49.652+0500] {processor.py:914} INFO - Processing file /mnt/c/Users/Raj/OneDrive - Åbo Akademi O365/banking/airflow/.venv/lib/python3.12/site-packages/airflow/example_dags/example_dynamic_task_mapping.py for tasks to queue
[2025-11-22T20:33:49.656+0500] {logging_mixin.py:190} INFO - [2025-11-22T20:33:49.654+0500] {dagbag.py:588} INFO - Filling up the DagBag from /mnt/c/Users/Raj/OneDrive - Åbo Akademi O365/banking/airflow/.venv/lib/python3.12/site-packages/airflow/example_dags/example_dynamic_task_mapping.py
[2025-11-22T20:33:49.684+0500] {processor.py:925} INFO - DAG(s) 'example_dynamic_task_mapping' retrieved from /mnt/c/Users/Raj/OneDrive - Åbo Akademi O365/banking/airflow/.venv/lib/python3.12/site-packages/airflow/example_dags/example_dynamic_task_mapping.py
[2025-11-22T20:33:49.727+0500] {logging_mixin.py:190} INFO - [2025-11-22T20:33:49.726+0500] {dag.py:3239} INFO - Sync 1 DAGs
[2025-11-22T20:33:49.746+0500] {logging_mixin.py:190} INFO - [2025-11-22T20:33:49.744+0500] {dag.py:4180} INFO - Setting next_dagrun for example_dynamic_task_mapping to None, run_after=None
[2025-11-22T20:33:49.822+0500] {processor.py:208} INFO - Processing /mnt/c/Users/Raj/OneDrive - Åbo Akademi O365/banking/airflow/.venv/lib/python3.12/site-packages/airflow/example_dags/example_dynamic_task_mapping.py took 0.189 seconds
[2025-11-22T20:35:41.715+0500] {processor.py:186} INFO - Started process (PID=66637) to work on /mnt/c/Users/Raj/OneDrive - Åbo Akademi O365/banking/airflow/.venv/lib/python3.12/site-packages/airflow/example_dags/example_dynamic_task_mapping.py
[2025-11-22T20:35:41.717+0500] {processor.py:914} INFO - Processing file /mnt/c/Users/Raj/OneDrive - Åbo Akademi O365/banking/airflow/.venv/lib/python3.12/site-packages/airflow/example_dags/example_dynamic_task_mapping.py for tasks to queue
[2025-11-22T20:35:41.731+0500] {logging_mixin.py:190} INFO - [2025-11-22T20:35:41.726+0500] {dagbag.py:588} INFO - Filling up the DagBag from /mnt/c/Users/Raj/OneDrive - Åbo Akademi O365/banking/airflow/.venv/lib/python3.12/site-packages/airflow/example_dags/example_dynamic_task_mapping.py
[2025-11-22T20:35:41.785+0500] {processor.py:925} INFO - DAG(s) 'example_dynamic_task_mapping' retrieved from /mnt/c/Users/Raj/OneDrive - Åbo Akademi O365/banking/airflow/.venv/lib/python3.12/site-packages/airflow/example_dags/example_dynamic_task_mapping.py
[2025-11-22T20:35:41.883+0500] {logging_mixin.py:190} INFO - [2025-11-22T20:35:41.881+0500] {dag.py:3239} INFO - Sync 1 DAGs
[2025-11-22T20:35:41.916+0500] {logging_mixin.py:190} INFO - [2025-11-22T20:35:41.914+0500] {dag.py:4180} INFO - Setting next_dagrun for example_dynamic_task_mapping to None, run_after=None
[2025-11-22T20:35:42.032+0500] {processor.py:208} INFO - Processing /mnt/c/Users/Raj/OneDrive - Åbo Akademi O365/banking/airflow/.venv/lib/python3.12/site-packages/airflow/example_dags/example_dynamic_task_mapping.py took 0.342 seconds
[2025-11-22T20:38:27.601+0500] {processor.py:186} INFO - Started process (PID=66770) to work on /mnt/c/Users/Raj/OneDrive - Åbo Akademi O365/banking/airflow/.venv/lib/python3.12/site-packages/airflow/example_dags/example_dynamic_task_mapping.py
[2025-11-22T20:38:27.603+0500] {processor.py:914} INFO - Processing file /mnt/c/Users/Raj/OneDrive - Åbo Akademi O365/banking/airflow/.venv/lib/python3.12/site-packages/airflow/example_dags/example_dynamic_task_mapping.py for tasks to queue
[2025-11-22T20:38:27.607+0500] {logging_mixin.py:190} INFO - [2025-11-22T20:38:27.606+0500] {dagbag.py:588} INFO - Filling up the DagBag from /mnt/c/Users/Raj/OneDrive - Åbo Akademi O365/banking/airflow/.venv/lib/python3.12/site-packages/airflow/example_dags/example_dynamic_task_mapping.py
[2025-11-22T20:38:27.641+0500] {processor.py:925} INFO - DAG(s) 'example_dynamic_task_mapping' retrieved from /mnt/c/Users/Raj/OneDrive - Åbo Akademi O365/banking/airflow/.venv/lib/python3.12/site-packages/airflow/example_dags/example_dynamic_task_mapping.py
[2025-11-22T20:38:27.685+0500] {logging_mixin.py:190} INFO - [2025-11-22T20:38:27.684+0500] {dag.py:3239} INFO - Sync 1 DAGs
[2025-11-22T20:38:27.704+0500] {logging_mixin.py:190} INFO - [2025-11-22T20:38:27.703+0500] {dag.py:4180} INFO - Setting next_dagrun for example_dynamic_task_mapping to None, run_after=None
[2025-11-22T20:38:27.784+0500] {processor.py:208} INFO - Processing /mnt/c/Users/Raj/OneDrive - Åbo Akademi O365/banking/airflow/.venv/lib/python3.12/site-packages/airflow/example_dags/example_dynamic_task_mapping.py took 0.200 seconds
[2025-11-22T20:40:11.329+0500] {processor.py:186} INFO - Started process (PID=66882) to work on /mnt/c/Users/Raj/OneDrive - Åbo Akademi O365/banking/airflow/.venv/lib/python3.12/site-packages/airflow/example_dags/example_dynamic_task_mapping.py
[2025-11-22T20:40:11.332+0500] {processor.py:914} INFO - Processing file /mnt/c/Users/Raj/OneDrive - Åbo Akademi O365/banking/airflow/.venv/lib/python3.12/site-packages/airflow/example_dags/example_dynamic_task_mapping.py for tasks to queue
[2025-11-22T20:40:11.337+0500] {logging_mixin.py:190} INFO - [2025-11-22T20:40:11.335+0500] {dagbag.py:588} INFO - Filling up the DagBag from /mnt/c/Users/Raj/OneDrive - Åbo Akademi O365/banking/airflow/.venv/lib/python3.12/site-packages/airflow/example_dags/example_dynamic_task_mapping.py
[2025-11-22T20:40:11.372+0500] {processor.py:925} INFO - DAG(s) 'example_dynamic_task_mapping' retrieved from /mnt/c/Users/Raj/OneDrive - Åbo Akademi O365/banking/airflow/.venv/lib/python3.12/site-packages/airflow/example_dags/example_dynamic_task_mapping.py
[2025-11-22T20:40:11.417+0500] {logging_mixin.py:190} INFO - [2025-11-22T20:40:11.416+0500] {dag.py:3239} INFO - Sync 1 DAGs
[2025-11-22T20:40:11.440+0500] {logging_mixin.py:190} INFO - [2025-11-22T20:40:11.439+0500] {dag.py:4180} INFO - Setting next_dagrun for example_dynamic_task_mapping to None, run_after=None
[2025-11-22T20:40:11.522+0500] {processor.py:208} INFO - Processing /mnt/c/Users/Raj/OneDrive - Åbo Akademi O365/banking/airflow/.venv/lib/python3.12/site-packages/airflow/example_dags/example_dynamic_task_mapping.py took 0.217 seconds
[2025-11-22T20:41:59.240+0500] {processor.py:186} INFO - Started process (PID=66997) to work on /mnt/c/Users/Raj/OneDrive - Åbo Akademi O365/banking/airflow/.venv/lib/python3.12/site-packages/airflow/example_dags/example_dynamic_task_mapping.py
[2025-11-22T20:41:59.243+0500] {processor.py:914} INFO - Processing file /mnt/c/Users/Raj/OneDrive - Åbo Akademi O365/banking/airflow/.venv/lib/python3.12/site-packages/airflow/example_dags/example_dynamic_task_mapping.py for tasks to queue
[2025-11-22T20:41:59.246+0500] {logging_mixin.py:190} INFO - [2025-11-22T20:41:59.245+0500] {dagbag.py:588} INFO - Filling up the DagBag from /mnt/c/Users/Raj/OneDrive - Åbo Akademi O365/banking/airflow/.venv/lib/python3.12/site-packages/airflow/example_dags/example_dynamic_task_mapping.py
[2025-11-22T20:41:59.274+0500] {processor.py:925} INFO - DAG(s) 'example_dynamic_task_mapping' retrieved from /mnt/c/Users/Raj/OneDrive - Åbo Akademi O365/banking/airflow/.venv/lib/python3.12/site-packages/airflow/example_dags/example_dynamic_task_mapping.py
[2025-11-22T20:41:59.309+0500] {logging_mixin.py:190} INFO - [2025-11-22T20:41:59.308+0500] {dag.py:3239} INFO - Sync 1 DAGs
[2025-11-22T20:41:59.327+0500] {logging_mixin.py:190} INFO - [2025-11-22T20:41:59.326+0500] {dag.py:4180} INFO - Setting next_dagrun for example_dynamic_task_mapping to None, run_after=None
[2025-11-22T20:41:59.399+0500] {processor.py:208} INFO - Processing /mnt/c/Users/Raj/OneDrive - Åbo Akademi O365/banking/airflow/.venv/lib/python3.12/site-packages/airflow/example_dags/example_dynamic_task_mapping.py took 0.176 seconds
[2025-11-22T20:44:16.731+0500] {processor.py:186} INFO - Started process (PID=67102) to work on /mnt/c/Users/Raj/OneDrive - Åbo Akademi O365/banking/airflow/.venv/lib/python3.12/site-packages/airflow/example_dags/example_dynamic_task_mapping.py
[2025-11-22T20:44:16.734+0500] {processor.py:914} INFO - Processing file /mnt/c/Users/Raj/OneDrive - Åbo Akademi O365/banking/airflow/.venv/lib/python3.12/site-packages/airflow/example_dags/example_dynamic_task_mapping.py for tasks to queue
[2025-11-22T20:44:16.738+0500] {logging_mixin.py:190} INFO - [2025-11-22T20:44:16.736+0500] {dagbag.py:588} INFO - Filling up the DagBag from /mnt/c/Users/Raj/OneDrive - Åbo Akademi O365/banking/airflow/.venv/lib/python3.12/site-packages/airflow/example_dags/example_dynamic_task_mapping.py
[2025-11-22T20:44:16.770+0500] {processor.py:925} INFO - DAG(s) 'example_dynamic_task_mapping' retrieved from /mnt/c/Users/Raj/OneDrive - Åbo Akademi O365/banking/airflow/.venv/lib/python3.12/site-packages/airflow/example_dags/example_dynamic_task_mapping.py
[2025-11-22T20:44:16.804+0500] {logging_mixin.py:190} INFO - [2025-11-22T20:44:16.803+0500] {dag.py:3239} INFO - Sync 1 DAGs
[2025-11-22T20:44:16.820+0500] {logging_mixin.py:190} INFO - [2025-11-22T20:44:16.819+0500] {dag.py:4180} INFO - Setting next_dagrun for example_dynamic_task_mapping to None, run_after=None
[2025-11-22T20:44:16.890+0500] {processor.py:208} INFO - Processing /mnt/c/Users/Raj/OneDrive - Åbo Akademi O365/banking/airflow/.venv/lib/python3.12/site-packages/airflow/example_dags/example_dynamic_task_mapping.py took 0.176 seconds
[2025-11-22T20:45:52.234+0500] {processor.py:186} INFO - Started process (PID=67181) to work on /mnt/c/Users/Raj/OneDrive - Åbo Akademi O365/banking/airflow/.venv/lib/python3.12/site-packages/airflow/example_dags/example_dynamic_task_mapping.py
[2025-11-22T20:45:52.237+0500] {processor.py:914} INFO - Processing file /mnt/c/Users/Raj/OneDrive - Åbo Akademi O365/banking/airflow/.venv/lib/python3.12/site-packages/airflow/example_dags/example_dynamic_task_mapping.py for tasks to queue
[2025-11-22T20:45:52.241+0500] {logging_mixin.py:190} INFO - [2025-11-22T20:45:52.239+0500] {dagbag.py:588} INFO - Filling up the DagBag from /mnt/c/Users/Raj/OneDrive - Åbo Akademi O365/banking/airflow/.venv/lib/python3.12/site-packages/airflow/example_dags/example_dynamic_task_mapping.py
[2025-11-22T20:45:52.271+0500] {processor.py:925} INFO - DAG(s) 'example_dynamic_task_mapping' retrieved from /mnt/c/Users/Raj/OneDrive - Åbo Akademi O365/banking/airflow/.venv/lib/python3.12/site-packages/airflow/example_dags/example_dynamic_task_mapping.py
[2025-11-22T20:45:52.303+0500] {logging_mixin.py:190} INFO - [2025-11-22T20:45:52.302+0500] {dag.py:3239} INFO - Sync 1 DAGs
[2025-11-22T20:45:52.318+0500] {logging_mixin.py:190} INFO - [2025-11-22T20:45:52.317+0500] {dag.py:4180} INFO - Setting next_dagrun for example_dynamic_task_mapping to None, run_after=None
[2025-11-22T20:45:52.385+0500] {processor.py:208} INFO - Processing /mnt/c/Users/Raj/OneDrive - Åbo Akademi O365/banking/airflow/.venv/lib/python3.12/site-packages/airflow/example_dags/example_dynamic_task_mapping.py took 0.167 seconds
[2025-11-22T20:47:36.810+0500] {processor.py:186} INFO - Started process (PID=67261) to work on /mnt/c/Users/Raj/OneDrive - Åbo Akademi O365/banking/airflow/.venv/lib/python3.12/site-packages/airflow/example_dags/example_dynamic_task_mapping.py
[2025-11-22T20:47:36.813+0500] {processor.py:914} INFO - Processing file /mnt/c/Users/Raj/OneDrive - Åbo Akademi O365/banking/airflow/.venv/lib/python3.12/site-packages/airflow/example_dags/example_dynamic_task_mapping.py for tasks to queue
[2025-11-22T20:47:36.817+0500] {logging_mixin.py:190} INFO - [2025-11-22T20:47:36.815+0500] {dagbag.py:588} INFO - Filling up the DagBag from /mnt/c/Users/Raj/OneDrive - Åbo Akademi O365/banking/airflow/.venv/lib/python3.12/site-packages/airflow/example_dags/example_dynamic_task_mapping.py
[2025-11-22T20:47:36.851+0500] {processor.py:925} INFO - DAG(s) 'example_dynamic_task_mapping' retrieved from /mnt/c/Users/Raj/OneDrive - Åbo Akademi O365/banking/airflow/.venv/lib/python3.12/site-packages/airflow/example_dags/example_dynamic_task_mapping.py
[2025-11-22T20:47:36.896+0500] {logging_mixin.py:190} INFO - [2025-11-22T20:47:36.894+0500] {dag.py:3239} INFO - Sync 1 DAGs
[2025-11-22T20:47:36.919+0500] {logging_mixin.py:190} INFO - [2025-11-22T20:47:36.918+0500] {dag.py:4180} INFO - Setting next_dagrun for example_dynamic_task_mapping to None, run_after=None
[2025-11-22T20:47:37.000+0500] {processor.py:208} INFO - Processing /mnt/c/Users/Raj/OneDrive - Åbo Akademi O365/banking/airflow/.venv/lib/python3.12/site-packages/airflow/example_dags/example_dynamic_task_mapping.py took 0.205 seconds
[2025-11-22T20:49:16.586+0500] {processor.py:186} INFO - Started process (PID=67341) to work on /mnt/c/Users/Raj/OneDrive - Åbo Akademi O365/banking/airflow/.venv/lib/python3.12/site-packages/airflow/example_dags/example_dynamic_task_mapping.py
[2025-11-22T20:49:16.588+0500] {processor.py:914} INFO - Processing file /mnt/c/Users/Raj/OneDrive - Åbo Akademi O365/banking/airflow/.venv/lib/python3.12/site-packages/airflow/example_dags/example_dynamic_task_mapping.py for tasks to queue
[2025-11-22T20:49:16.592+0500] {logging_mixin.py:190} INFO - [2025-11-22T20:49:16.591+0500] {dagbag.py:588} INFO - Filling up the DagBag from /mnt/c/Users/Raj/OneDrive - Åbo Akademi O365/banking/airflow/.venv/lib/python3.12/site-packages/airflow/example_dags/example_dynamic_task_mapping.py
[2025-11-22T20:49:16.620+0500] {processor.py:925} INFO - DAG(s) 'example_dynamic_task_mapping' retrieved from /mnt/c/Users/Raj/OneDrive - Åbo Akademi O365/banking/airflow/.venv/lib/python3.12/site-packages/airflow/example_dags/example_dynamic_task_mapping.py
[2025-11-22T20:49:16.654+0500] {logging_mixin.py:190} INFO - [2025-11-22T20:49:16.653+0500] {dag.py:3239} INFO - Sync 1 DAGs
[2025-11-22T20:49:16.669+0500] {logging_mixin.py:190} INFO - [2025-11-22T20:49:16.668+0500] {dag.py:4180} INFO - Setting next_dagrun for example_dynamic_task_mapping to None, run_after=None
[2025-11-22T20:49:16.750+0500] {processor.py:208} INFO - Processing /mnt/c/Users/Raj/OneDrive - Åbo Akademi O365/banking/airflow/.venv/lib/python3.12/site-packages/airflow/example_dags/example_dynamic_task_mapping.py took 0.181 seconds
[2025-11-22T20:50:58.468+0500] {processor.py:186} INFO - Started process (PID=67416) to work on /mnt/c/Users/Raj/OneDrive - Åbo Akademi O365/banking/airflow/.venv/lib/python3.12/site-packages/airflow/example_dags/example_dynamic_task_mapping.py
[2025-11-22T20:50:58.470+0500] {processor.py:914} INFO - Processing file /mnt/c/Users/Raj/OneDrive - Åbo Akademi O365/banking/airflow/.venv/lib/python3.12/site-packages/airflow/example_dags/example_dynamic_task_mapping.py for tasks to queue
[2025-11-22T20:50:58.473+0500] {logging_mixin.py:190} INFO - [2025-11-22T20:50:58.472+0500] {dagbag.py:588} INFO - Filling up the DagBag from /mnt/c/Users/Raj/OneDrive - Åbo Akademi O365/banking/airflow/.venv/lib/python3.12/site-packages/airflow/example_dags/example_dynamic_task_mapping.py
[2025-11-22T20:50:58.499+0500] {processor.py:925} INFO - DAG(s) 'example_dynamic_task_mapping' retrieved from /mnt/c/Users/Raj/OneDrive - Åbo Akademi O365/banking/airflow/.venv/lib/python3.12/site-packages/airflow/example_dags/example_dynamic_task_mapping.py
[2025-11-22T20:50:58.533+0500] {logging_mixin.py:190} INFO - [2025-11-22T20:50:58.531+0500] {dag.py:3239} INFO - Sync 1 DAGs
[2025-11-22T20:50:58.548+0500] {logging_mixin.py:190} INFO - [2025-11-22T20:50:58.547+0500] {dag.py:4180} INFO - Setting next_dagrun for example_dynamic_task_mapping to None, run_after=None
[2025-11-22T20:50:58.605+0500] {processor.py:208} INFO - Processing /mnt/c/Users/Raj/OneDrive - Åbo Akademi O365/banking/airflow/.venv/lib/python3.12/site-packages/airflow/example_dags/example_dynamic_task_mapping.py took 0.157 seconds
[2025-11-22T20:52:43.610+0500] {processor.py:186} INFO - Started process (PID=67499) to work on /mnt/c/Users/Raj/OneDrive - Åbo Akademi O365/banking/airflow/.venv/lib/python3.12/site-packages/airflow/example_dags/example_dynamic_task_mapping.py
[2025-11-22T20:52:43.613+0500] {processor.py:914} INFO - Processing file /mnt/c/Users/Raj/OneDrive - Åbo Akademi O365/banking/airflow/.venv/lib/python3.12/site-packages/airflow/example_dags/example_dynamic_task_mapping.py for tasks to queue
[2025-11-22T20:52:43.616+0500] {logging_mixin.py:190} INFO - [2025-11-22T20:52:43.615+0500] {dagbag.py:588} INFO - Filling up the DagBag from /mnt/c/Users/Raj/OneDrive - Åbo Akademi O365/banking/airflow/.venv/lib/python3.12/site-packages/airflow/example_dags/example_dynamic_task_mapping.py
[2025-11-22T20:52:43.646+0500] {processor.py:925} INFO - DAG(s) 'example_dynamic_task_mapping' retrieved from /mnt/c/Users/Raj/OneDrive - Åbo Akademi O365/banking/airflow/.venv/lib/python3.12/site-packages/airflow/example_dags/example_dynamic_task_mapping.py
[2025-11-22T20:52:43.693+0500] {logging_mixin.py:190} INFO - [2025-11-22T20:52:43.692+0500] {dag.py:3239} INFO - Sync 1 DAGs
[2025-11-22T20:52:43.715+0500] {logging_mixin.py:190} INFO - [2025-11-22T20:52:43.714+0500] {dag.py:4180} INFO - Setting next_dagrun for example_dynamic_task_mapping to None, run_after=None
[2025-11-22T20:52:43.791+0500] {processor.py:208} INFO - Processing /mnt/c/Users/Raj/OneDrive - Åbo Akademi O365/banking/airflow/.venv/lib/python3.12/site-packages/airflow/example_dags/example_dynamic_task_mapping.py took 0.196 seconds
[2025-11-22T20:54:25.647+0500] {processor.py:186} INFO - Started process (PID=67581) to work on /mnt/c/Users/Raj/OneDrive - Åbo Akademi O365/banking/airflow/.venv/lib/python3.12/site-packages/airflow/example_dags/example_dynamic_task_mapping.py
[2025-11-22T20:54:25.650+0500] {processor.py:914} INFO - Processing file /mnt/c/Users/Raj/OneDrive - Åbo Akademi O365/banking/airflow/.venv/lib/python3.12/site-packages/airflow/example_dags/example_dynamic_task_mapping.py for tasks to queue
[2025-11-22T20:54:25.654+0500] {logging_mixin.py:190} INFO - [2025-11-22T20:54:25.652+0500] {dagbag.py:588} INFO - Filling up the DagBag from /mnt/c/Users/Raj/OneDrive - Åbo Akademi O365/banking/airflow/.venv/lib/python3.12/site-packages/airflow/example_dags/example_dynamic_task_mapping.py
[2025-11-22T20:54:25.681+0500] {processor.py:925} INFO - DAG(s) 'example_dynamic_task_mapping' retrieved from /mnt/c/Users/Raj/OneDrive - Åbo Akademi O365/banking/airflow/.venv/lib/python3.12/site-packages/airflow/example_dags/example_dynamic_task_mapping.py
[2025-11-22T20:54:25.717+0500] {logging_mixin.py:190} INFO - [2025-11-22T20:54:25.715+0500] {dag.py:3239} INFO - Sync 1 DAGs
[2025-11-22T20:54:25.732+0500] {logging_mixin.py:190} INFO - [2025-11-22T20:54:25.731+0500] {dag.py:4180} INFO - Setting next_dagrun for example_dynamic_task_mapping to None, run_after=None
[2025-11-22T20:54:25.804+0500] {processor.py:208} INFO - Processing /mnt/c/Users/Raj/OneDrive - Åbo Akademi O365/banking/airflow/.venv/lib/python3.12/site-packages/airflow/example_dags/example_dynamic_task_mapping.py took 0.174 seconds
[2025-11-22T20:56:10.123+0500] {processor.py:186} INFO - Started process (PID=67745) to work on /mnt/c/Users/Raj/OneDrive - Åbo Akademi O365/banking/airflow/.venv/lib/python3.12/site-packages/airflow/example_dags/example_dynamic_task_mapping.py
[2025-11-22T20:56:10.125+0500] {processor.py:914} INFO - Processing file /mnt/c/Users/Raj/OneDrive - Åbo Akademi O365/banking/airflow/.venv/lib/python3.12/site-packages/airflow/example_dags/example_dynamic_task_mapping.py for tasks to queue
[2025-11-22T20:56:10.128+0500] {logging_mixin.py:190} INFO - [2025-11-22T20:56:10.127+0500] {dagbag.py:588} INFO - Filling up the DagBag from /mnt/c/Users/Raj/OneDrive - Åbo Akademi O365/banking/airflow/.venv/lib/python3.12/site-packages/airflow/example_dags/example_dynamic_task_mapping.py
[2025-11-22T20:56:10.162+0500] {processor.py:925} INFO - DAG(s) 'example_dynamic_task_mapping' retrieved from /mnt/c/Users/Raj/OneDrive - Åbo Akademi O365/banking/airflow/.venv/lib/python3.12/site-packages/airflow/example_dags/example_dynamic_task_mapping.py
[2025-11-22T20:56:10.205+0500] {logging_mixin.py:190} INFO - [2025-11-22T20:56:10.203+0500] {dag.py:3239} INFO - Sync 1 DAGs
[2025-11-22T20:56:10.222+0500] {logging_mixin.py:190} INFO - [2025-11-22T20:56:10.221+0500] {dag.py:4180} INFO - Setting next_dagrun for example_dynamic_task_mapping to None, run_after=None
[2025-11-22T20:56:10.297+0500] {processor.py:208} INFO - Processing /mnt/c/Users/Raj/OneDrive - Åbo Akademi O365/banking/airflow/.venv/lib/python3.12/site-packages/airflow/example_dags/example_dynamic_task_mapping.py took 0.193 seconds
[2025-11-22T20:57:51.747+0500] {processor.py:186} INFO - Started process (PID=67826) to work on /mnt/c/Users/Raj/OneDrive - Åbo Akademi O365/banking/airflow/.venv/lib/python3.12/site-packages/airflow/example_dags/example_dynamic_task_mapping.py
[2025-11-22T20:57:51.750+0500] {processor.py:914} INFO - Processing file /mnt/c/Users/Raj/OneDrive - Åbo Akademi O365/banking/airflow/.venv/lib/python3.12/site-packages/airflow/example_dags/example_dynamic_task_mapping.py for tasks to queue
[2025-11-22T20:57:51.754+0500] {logging_mixin.py:190} INFO - [2025-11-22T20:57:51.753+0500] {dagbag.py:588} INFO - Filling up the DagBag from /mnt/c/Users/Raj/OneDrive - Åbo Akademi O365/banking/airflow/.venv/lib/python3.12/site-packages/airflow/example_dags/example_dynamic_task_mapping.py
[2025-11-22T20:57:51.783+0500] {processor.py:925} INFO - DAG(s) 'example_dynamic_task_mapping' retrieved from /mnt/c/Users/Raj/OneDrive - Åbo Akademi O365/banking/airflow/.venv/lib/python3.12/site-packages/airflow/example_dags/example_dynamic_task_mapping.py
[2025-11-22T20:57:51.819+0500] {logging_mixin.py:190} INFO - [2025-11-22T20:57:51.818+0500] {dag.py:3239} INFO - Sync 1 DAGs
[2025-11-22T20:57:51.837+0500] {logging_mixin.py:190} INFO - [2025-11-22T20:57:51.836+0500] {dag.py:4180} INFO - Setting next_dagrun for example_dynamic_task_mapping to None, run_after=None
[2025-11-22T20:57:51.903+0500] {processor.py:208} INFO - Processing /mnt/c/Users/Raj/OneDrive - Åbo Akademi O365/banking/airflow/.venv/lib/python3.12/site-packages/airflow/example_dags/example_dynamic_task_mapping.py took 0.175 seconds
[2025-11-22T20:59:32.378+0500] {processor.py:186} INFO - Started process (PID=67907) to work on /mnt/c/Users/Raj/OneDrive - Åbo Akademi O365/banking/airflow/.venv/lib/python3.12/site-packages/airflow/example_dags/example_dynamic_task_mapping.py
[2025-11-22T20:59:32.380+0500] {processor.py:914} INFO - Processing file /mnt/c/Users/Raj/OneDrive - Åbo Akademi O365/banking/airflow/.venv/lib/python3.12/site-packages/airflow/example_dags/example_dynamic_task_mapping.py for tasks to queue
[2025-11-22T20:59:32.383+0500] {logging_mixin.py:190} INFO - [2025-11-22T20:59:32.382+0500] {dagbag.py:588} INFO - Filling up the DagBag from /mnt/c/Users/Raj/OneDrive - Åbo Akademi O365/banking/airflow/.venv/lib/python3.12/site-packages/airflow/example_dags/example_dynamic_task_mapping.py
[2025-11-22T20:59:32.404+0500] {processor.py:925} INFO - DAG(s) 'example_dynamic_task_mapping' retrieved from /mnt/c/Users/Raj/OneDrive - Åbo Akademi O365/banking/airflow/.venv/lib/python3.12/site-packages/airflow/example_dags/example_dynamic_task_mapping.py
[2025-11-22T20:59:32.436+0500] {logging_mixin.py:190} INFO - [2025-11-22T20:59:32.435+0500] {dag.py:3239} INFO - Sync 1 DAGs
[2025-11-22T20:59:32.451+0500] {logging_mixin.py:190} INFO - [2025-11-22T20:59:32.450+0500] {dag.py:4180} INFO - Setting next_dagrun for example_dynamic_task_mapping to None, run_after=None
[2025-11-22T20:59:32.519+0500] {processor.py:208} INFO - Processing /mnt/c/Users/Raj/OneDrive - Åbo Akademi O365/banking/airflow/.venv/lib/python3.12/site-packages/airflow/example_dags/example_dynamic_task_mapping.py took 0.153 seconds
[2025-11-22T21:01:14.445+0500] {processor.py:186} INFO - Started process (PID=67982) to work on /mnt/c/Users/Raj/OneDrive - Åbo Akademi O365/banking/airflow/.venv/lib/python3.12/site-packages/airflow/example_dags/example_dynamic_task_mapping.py
[2025-11-22T21:01:14.450+0500] {processor.py:914} INFO - Processing file /mnt/c/Users/Raj/OneDrive - Åbo Akademi O365/banking/airflow/.venv/lib/python3.12/site-packages/airflow/example_dags/example_dynamic_task_mapping.py for tasks to queue
[2025-11-22T21:01:14.455+0500] {logging_mixin.py:190} INFO - [2025-11-22T21:01:14.453+0500] {dagbag.py:588} INFO - Filling up the DagBag from /mnt/c/Users/Raj/OneDrive - Åbo Akademi O365/banking/airflow/.venv/lib/python3.12/site-packages/airflow/example_dags/example_dynamic_task_mapping.py
[2025-11-22T21:01:14.505+0500] {processor.py:925} INFO - DAG(s) 'example_dynamic_task_mapping' retrieved from /mnt/c/Users/Raj/OneDrive - Åbo Akademi O365/banking/airflow/.venv/lib/python3.12/site-packages/airflow/example_dags/example_dynamic_task_mapping.py
[2025-11-22T21:01:14.571+0500] {logging_mixin.py:190} INFO - [2025-11-22T21:01:14.569+0500] {dag.py:3239} INFO - Sync 1 DAGs
[2025-11-22T21:01:14.598+0500] {logging_mixin.py:190} INFO - [2025-11-22T21:01:14.596+0500] {dag.py:4180} INFO - Setting next_dagrun for example_dynamic_task_mapping to None, run_after=None
[2025-11-22T21:01:14.740+0500] {processor.py:208} INFO - Processing /mnt/c/Users/Raj/OneDrive - Åbo Akademi O365/banking/airflow/.venv/lib/python3.12/site-packages/airflow/example_dags/example_dynamic_task_mapping.py took 0.328 seconds
[2025-11-22T21:03:36.815+0500] {processor.py:186} INFO - Started process (PID=68112) to work on /mnt/c/Users/Raj/OneDrive - Åbo Akademi O365/banking/airflow/.venv/lib/python3.12/site-packages/airflow/example_dags/example_dynamic_task_mapping.py
[2025-11-22T21:03:36.819+0500] {processor.py:914} INFO - Processing file /mnt/c/Users/Raj/OneDrive - Åbo Akademi O365/banking/airflow/.venv/lib/python3.12/site-packages/airflow/example_dags/example_dynamic_task_mapping.py for tasks to queue
[2025-11-22T21:03:36.825+0500] {logging_mixin.py:190} INFO - [2025-11-22T21:03:36.823+0500] {dagbag.py:588} INFO - Filling up the DagBag from /mnt/c/Users/Raj/OneDrive - Åbo Akademi O365/banking/airflow/.venv/lib/python3.12/site-packages/airflow/example_dags/example_dynamic_task_mapping.py
[2025-11-22T21:03:36.871+0500] {processor.py:925} INFO - DAG(s) 'example_dynamic_task_mapping' retrieved from /mnt/c/Users/Raj/OneDrive - Åbo Akademi O365/banking/airflow/.venv/lib/python3.12/site-packages/airflow/example_dags/example_dynamic_task_mapping.py
[2025-11-22T21:03:36.933+0500] {logging_mixin.py:190} INFO - [2025-11-22T21:03:36.930+0500] {dag.py:3239} INFO - Sync 1 DAGs
[2025-11-22T21:03:36.972+0500] {logging_mixin.py:190} INFO - [2025-11-22T21:03:36.970+0500] {dag.py:4180} INFO - Setting next_dagrun for example_dynamic_task_mapping to None, run_after=None
[2025-11-22T21:03:37.085+0500] {processor.py:208} INFO - Processing /mnt/c/Users/Raj/OneDrive - Åbo Akademi O365/banking/airflow/.venv/lib/python3.12/site-packages/airflow/example_dags/example_dynamic_task_mapping.py took 0.301 seconds
[2025-11-22T21:06:53.443+0500] {processor.py:186} INFO - Started process (PID=68245) to work on /mnt/c/Users/Raj/OneDrive - Åbo Akademi O365/banking/airflow/.venv/lib/python3.12/site-packages/airflow/example_dags/example_dynamic_task_mapping.py
[2025-11-22T21:06:53.446+0500] {processor.py:914} INFO - Processing file /mnt/c/Users/Raj/OneDrive - Åbo Akademi O365/banking/airflow/.venv/lib/python3.12/site-packages/airflow/example_dags/example_dynamic_task_mapping.py for tasks to queue
[2025-11-22T21:06:53.449+0500] {logging_mixin.py:190} INFO - [2025-11-22T21:06:53.448+0500] {dagbag.py:588} INFO - Filling up the DagBag from /mnt/c/Users/Raj/OneDrive - Åbo Akademi O365/banking/airflow/.venv/lib/python3.12/site-packages/airflow/example_dags/example_dynamic_task_mapping.py
[2025-11-22T21:06:53.487+0500] {processor.py:925} INFO - DAG(s) 'example_dynamic_task_mapping' retrieved from /mnt/c/Users/Raj/OneDrive - Åbo Akademi O365/banking/airflow/.venv/lib/python3.12/site-packages/airflow/example_dags/example_dynamic_task_mapping.py
[2025-11-22T21:06:53.592+0500] {logging_mixin.py:190} INFO - [2025-11-22T21:06:53.590+0500] {dag.py:3239} INFO - Sync 1 DAGs
[2025-11-22T21:06:53.637+0500] {logging_mixin.py:190} INFO - [2025-11-22T21:06:53.635+0500] {dag.py:4180} INFO - Setting next_dagrun for example_dynamic_task_mapping to None, run_after=None
[2025-11-22T21:06:53.708+0500] {processor.py:208} INFO - Processing /mnt/c/Users/Raj/OneDrive - Åbo Akademi O365/banking/airflow/.venv/lib/python3.12/site-packages/airflow/example_dags/example_dynamic_task_mapping.py took 0.288 seconds
[2025-11-22T21:09:33.602+0500] {processor.py:186} INFO - Started process (PID=68369) to work on /mnt/c/Users/Raj/OneDrive - Åbo Akademi O365/banking/airflow/.venv/lib/python3.12/site-packages/airflow/example_dags/example_dynamic_task_mapping.py
[2025-11-22T21:09:33.605+0500] {processor.py:914} INFO - Processing file /mnt/c/Users/Raj/OneDrive - Åbo Akademi O365/banking/airflow/.venv/lib/python3.12/site-packages/airflow/example_dags/example_dynamic_task_mapping.py for tasks to queue
[2025-11-22T21:09:33.610+0500] {logging_mixin.py:190} INFO - [2025-11-22T21:09:33.608+0500] {dagbag.py:588} INFO - Filling up the DagBag from /mnt/c/Users/Raj/OneDrive - Åbo Akademi O365/banking/airflow/.venv/lib/python3.12/site-packages/airflow/example_dags/example_dynamic_task_mapping.py
[2025-11-22T21:09:33.644+0500] {processor.py:925} INFO - DAG(s) 'example_dynamic_task_mapping' retrieved from /mnt/c/Users/Raj/OneDrive - Åbo Akademi O365/banking/airflow/.venv/lib/python3.12/site-packages/airflow/example_dags/example_dynamic_task_mapping.py
[2025-11-22T21:09:33.684+0500] {logging_mixin.py:190} INFO - [2025-11-22T21:09:33.683+0500] {dag.py:3239} INFO - Sync 1 DAGs
[2025-11-22T21:09:33.704+0500] {logging_mixin.py:190} INFO - [2025-11-22T21:09:33.702+0500] {dag.py:4180} INFO - Setting next_dagrun for example_dynamic_task_mapping to None, run_after=None
[2025-11-22T21:09:33.770+0500] {processor.py:208} INFO - Processing /mnt/c/Users/Raj/OneDrive - Åbo Akademi O365/banking/airflow/.venv/lib/python3.12/site-packages/airflow/example_dags/example_dynamic_task_mapping.py took 0.191 seconds
[2025-11-22T21:11:28.657+0500] {processor.py:186} INFO - Started process (PID=68456) to work on /mnt/c/Users/Raj/OneDrive - Åbo Akademi O365/banking/airflow/.venv/lib/python3.12/site-packages/airflow/example_dags/example_dynamic_task_mapping.py
[2025-11-22T21:11:28.660+0500] {processor.py:914} INFO - Processing file /mnt/c/Users/Raj/OneDrive - Åbo Akademi O365/banking/airflow/.venv/lib/python3.12/site-packages/airflow/example_dags/example_dynamic_task_mapping.py for tasks to queue
[2025-11-22T21:11:28.665+0500] {logging_mixin.py:190} INFO - [2025-11-22T21:11:28.663+0500] {dagbag.py:588} INFO - Filling up the DagBag from /mnt/c/Users/Raj/OneDrive - Åbo Akademi O365/banking/airflow/.venv/lib/python3.12/site-packages/airflow/example_dags/example_dynamic_task_mapping.py
[2025-11-22T21:11:28.697+0500] {processor.py:925} INFO - DAG(s) 'example_dynamic_task_mapping' retrieved from /mnt/c/Users/Raj/OneDrive - Åbo Akademi O365/banking/airflow/.venv/lib/python3.12/site-packages/airflow/example_dags/example_dynamic_task_mapping.py
[2025-11-22T21:11:28.895+0500] {logging_mixin.py:190} INFO - [2025-11-22T21:11:28.893+0500] {dag.py:3239} INFO - Sync 1 DAGs
[2025-11-22T21:11:28.917+0500] {logging_mixin.py:190} INFO - [2025-11-22T21:11:28.915+0500] {dag.py:4180} INFO - Setting next_dagrun for example_dynamic_task_mapping to None, run_after=None
[2025-11-22T21:11:28.990+0500] {processor.py:208} INFO - Processing /mnt/c/Users/Raj/OneDrive - Åbo Akademi O365/banking/airflow/.venv/lib/python3.12/site-packages/airflow/example_dags/example_dynamic_task_mapping.py took 0.355 seconds
[2025-11-22T21:13:17.887+0500] {processor.py:186} INFO - Started process (PID=68538) to work on /mnt/c/Users/Raj/OneDrive - Åbo Akademi O365/banking/airflow/.venv/lib/python3.12/site-packages/airflow/example_dags/example_dynamic_task_mapping.py
[2025-11-22T21:13:17.890+0500] {processor.py:914} INFO - Processing file /mnt/c/Users/Raj/OneDrive - Åbo Akademi O365/banking/airflow/.venv/lib/python3.12/site-packages/airflow/example_dags/example_dynamic_task_mapping.py for tasks to queue
[2025-11-22T21:13:17.893+0500] {logging_mixin.py:190} INFO - [2025-11-22T21:13:17.892+0500] {dagbag.py:588} INFO - Filling up the DagBag from /mnt/c/Users/Raj/OneDrive - Åbo Akademi O365/banking/airflow/.venv/lib/python3.12/site-packages/airflow/example_dags/example_dynamic_task_mapping.py
[2025-11-22T21:13:17.920+0500] {processor.py:925} INFO - DAG(s) 'example_dynamic_task_mapping' retrieved from /mnt/c/Users/Raj/OneDrive - Åbo Akademi O365/banking/airflow/.venv/lib/python3.12/site-packages/airflow/example_dags/example_dynamic_task_mapping.py
[2025-11-22T21:13:17.953+0500] {logging_mixin.py:190} INFO - [2025-11-22T21:13:17.951+0500] {dag.py:3239} INFO - Sync 1 DAGs
[2025-11-22T21:13:17.968+0500] {logging_mixin.py:190} INFO - [2025-11-22T21:13:17.967+0500] {dag.py:4180} INFO - Setting next_dagrun for example_dynamic_task_mapping to None, run_after=None
[2025-11-22T21:13:18.036+0500] {processor.py:208} INFO - Processing /mnt/c/Users/Raj/OneDrive - Åbo Akademi O365/banking/airflow/.venv/lib/python3.12/site-packages/airflow/example_dags/example_dynamic_task_mapping.py took 0.170 seconds
[2025-11-22T21:15:00.796+0500] {processor.py:186} INFO - Started process (PID=68619) to work on /mnt/c/Users/Raj/OneDrive - Åbo Akademi O365/banking/airflow/.venv/lib/python3.12/site-packages/airflow/example_dags/example_dynamic_task_mapping.py
[2025-11-22T21:15:00.800+0500] {processor.py:914} INFO - Processing file /mnt/c/Users/Raj/OneDrive - Åbo Akademi O365/banking/airflow/.venv/lib/python3.12/site-packages/airflow/example_dags/example_dynamic_task_mapping.py for tasks to queue
[2025-11-22T21:15:00.803+0500] {logging_mixin.py:190} INFO - [2025-11-22T21:15:00.802+0500] {dagbag.py:588} INFO - Filling up the DagBag from /mnt/c/Users/Raj/OneDrive - Åbo Akademi O365/banking/airflow/.venv/lib/python3.12/site-packages/airflow/example_dags/example_dynamic_task_mapping.py
[2025-11-22T21:15:00.832+0500] {processor.py:925} INFO - DAG(s) 'example_dynamic_task_mapping' retrieved from /mnt/c/Users/Raj/OneDrive - Åbo Akademi O365/banking/airflow/.venv/lib/python3.12/site-packages/airflow/example_dags/example_dynamic_task_mapping.py
[2025-11-22T21:15:00.875+0500] {logging_mixin.py:190} INFO - [2025-11-22T21:15:00.874+0500] {dag.py:3239} INFO - Sync 1 DAGs
[2025-11-22T21:15:00.894+0500] {logging_mixin.py:190} INFO - [2025-11-22T21:15:00.893+0500] {dag.py:4180} INFO - Setting next_dagrun for example_dynamic_task_mapping to None, run_after=None
[2025-11-22T21:15:00.973+0500] {processor.py:208} INFO - Processing /mnt/c/Users/Raj/OneDrive - Åbo Akademi O365/banking/airflow/.venv/lib/python3.12/site-packages/airflow/example_dags/example_dynamic_task_mapping.py took 0.201 seconds
[2025-11-22T21:16:37.141+0500] {processor.py:186} INFO - Started process (PID=68698) to work on /mnt/c/Users/Raj/OneDrive - Åbo Akademi O365/banking/airflow/.venv/lib/python3.12/site-packages/airflow/example_dags/example_dynamic_task_mapping.py
[2025-11-22T21:16:37.143+0500] {processor.py:914} INFO - Processing file /mnt/c/Users/Raj/OneDrive - Åbo Akademi O365/banking/airflow/.venv/lib/python3.12/site-packages/airflow/example_dags/example_dynamic_task_mapping.py for tasks to queue
[2025-11-22T21:16:37.147+0500] {logging_mixin.py:190} INFO - [2025-11-22T21:16:37.145+0500] {dagbag.py:588} INFO - Filling up the DagBag from /mnt/c/Users/Raj/OneDrive - Åbo Akademi O365/banking/airflow/.venv/lib/python3.12/site-packages/airflow/example_dags/example_dynamic_task_mapping.py
[2025-11-22T21:16:37.177+0500] {processor.py:925} INFO - DAG(s) 'example_dynamic_task_mapping' retrieved from /mnt/c/Users/Raj/OneDrive - Åbo Akademi O365/banking/airflow/.venv/lib/python3.12/site-packages/airflow/example_dags/example_dynamic_task_mapping.py
[2025-11-22T21:16:37.214+0500] {logging_mixin.py:190} INFO - [2025-11-22T21:16:37.213+0500] {dag.py:3239} INFO - Sync 1 DAGs
[2025-11-22T21:16:37.233+0500] {logging_mixin.py:190} INFO - [2025-11-22T21:16:37.231+0500] {dag.py:4180} INFO - Setting next_dagrun for example_dynamic_task_mapping to None, run_after=None
[2025-11-22T21:16:37.301+0500] {processor.py:208} INFO - Processing /mnt/c/Users/Raj/OneDrive - Åbo Akademi O365/banking/airflow/.venv/lib/python3.12/site-packages/airflow/example_dags/example_dynamic_task_mapping.py took 0.180 seconds
[2025-11-22T21:18:19.109+0500] {processor.py:186} INFO - Started process (PID=68780) to work on /mnt/c/Users/Raj/OneDrive - Åbo Akademi O365/banking/airflow/.venv/lib/python3.12/site-packages/airflow/example_dags/example_dynamic_task_mapping.py
[2025-11-22T21:18:19.112+0500] {processor.py:914} INFO - Processing file /mnt/c/Users/Raj/OneDrive - Åbo Akademi O365/banking/airflow/.venv/lib/python3.12/site-packages/airflow/example_dags/example_dynamic_task_mapping.py for tasks to queue
[2025-11-22T21:18:19.115+0500] {logging_mixin.py:190} INFO - [2025-11-22T21:18:19.114+0500] {dagbag.py:588} INFO - Filling up the DagBag from /mnt/c/Users/Raj/OneDrive - Åbo Akademi O365/banking/airflow/.venv/lib/python3.12/site-packages/airflow/example_dags/example_dynamic_task_mapping.py
[2025-11-22T21:18:19.146+0500] {processor.py:925} INFO - DAG(s) 'example_dynamic_task_mapping' retrieved from /mnt/c/Users/Raj/OneDrive - Åbo Akademi O365/banking/airflow/.venv/lib/python3.12/site-packages/airflow/example_dags/example_dynamic_task_mapping.py
[2025-11-22T21:18:19.183+0500] {logging_mixin.py:190} INFO - [2025-11-22T21:18:19.182+0500] {dag.py:3239} INFO - Sync 1 DAGs
[2025-11-22T21:18:19.203+0500] {logging_mixin.py:190} INFO - [2025-11-22T21:18:19.202+0500] {dag.py:4180} INFO - Setting next_dagrun for example_dynamic_task_mapping to None, run_after=None
[2025-11-22T21:18:19.279+0500] {processor.py:208} INFO - Processing /mnt/c/Users/Raj/OneDrive - Åbo Akademi O365/banking/airflow/.venv/lib/python3.12/site-packages/airflow/example_dags/example_dynamic_task_mapping.py took 0.191 seconds
[2025-11-22T21:20:03.847+0500] {processor.py:186} INFO - Started process (PID=68856) to work on /mnt/c/Users/Raj/OneDrive - Åbo Akademi O365/banking/airflow/.venv/lib/python3.12/site-packages/airflow/example_dags/example_dynamic_task_mapping.py
[2025-11-22T21:20:03.850+0500] {processor.py:914} INFO - Processing file /mnt/c/Users/Raj/OneDrive - Åbo Akademi O365/banking/airflow/.venv/lib/python3.12/site-packages/airflow/example_dags/example_dynamic_task_mapping.py for tasks to queue
[2025-11-22T21:20:03.854+0500] {logging_mixin.py:190} INFO - [2025-11-22T21:20:03.853+0500] {dagbag.py:588} INFO - Filling up the DagBag from /mnt/c/Users/Raj/OneDrive - Åbo Akademi O365/banking/airflow/.venv/lib/python3.12/site-packages/airflow/example_dags/example_dynamic_task_mapping.py
[2025-11-22T21:20:03.885+0500] {processor.py:925} INFO - DAG(s) 'example_dynamic_task_mapping' retrieved from /mnt/c/Users/Raj/OneDrive - Åbo Akademi O365/banking/airflow/.venv/lib/python3.12/site-packages/airflow/example_dags/example_dynamic_task_mapping.py
[2025-11-22T21:20:03.923+0500] {logging_mixin.py:190} INFO - [2025-11-22T21:20:03.922+0500] {dag.py:3239} INFO - Sync 1 DAGs
[2025-11-22T21:20:03.942+0500] {logging_mixin.py:190} INFO - [2025-11-22T21:20:03.940+0500] {dag.py:4180} INFO - Setting next_dagrun for example_dynamic_task_mapping to None, run_after=None
[2025-11-22T21:20:04.023+0500] {processor.py:208} INFO - Processing /mnt/c/Users/Raj/OneDrive - Åbo Akademi O365/banking/airflow/.venv/lib/python3.12/site-packages/airflow/example_dags/example_dynamic_task_mapping.py took 0.196 seconds
[2025-11-22T21:21:47.147+0500] {processor.py:186} INFO - Started process (PID=68939) to work on /mnt/c/Users/Raj/OneDrive - Åbo Akademi O365/banking/airflow/.venv/lib/python3.12/site-packages/airflow/example_dags/example_dynamic_task_mapping.py
[2025-11-22T21:21:47.150+0500] {processor.py:914} INFO - Processing file /mnt/c/Users/Raj/OneDrive - Åbo Akademi O365/banking/airflow/.venv/lib/python3.12/site-packages/airflow/example_dags/example_dynamic_task_mapping.py for tasks to queue
[2025-11-22T21:21:47.157+0500] {logging_mixin.py:190} INFO - [2025-11-22T21:21:47.154+0500] {dagbag.py:588} INFO - Filling up the DagBag from /mnt/c/Users/Raj/OneDrive - Åbo Akademi O365/banking/airflow/.venv/lib/python3.12/site-packages/airflow/example_dags/example_dynamic_task_mapping.py
[2025-11-22T21:21:47.187+0500] {processor.py:925} INFO - DAG(s) 'example_dynamic_task_mapping' retrieved from /mnt/c/Users/Raj/OneDrive - Åbo Akademi O365/banking/airflow/.venv/lib/python3.12/site-packages/airflow/example_dags/example_dynamic_task_mapping.py
[2025-11-22T21:21:47.229+0500] {logging_mixin.py:190} INFO - [2025-11-22T21:21:47.227+0500] {dag.py:3239} INFO - Sync 1 DAGs
[2025-11-22T21:21:47.258+0500] {logging_mixin.py:190} INFO - [2025-11-22T21:21:47.257+0500] {dag.py:4180} INFO - Setting next_dagrun for example_dynamic_task_mapping to None, run_after=None
[2025-11-22T21:21:47.373+0500] {processor.py:208} INFO - Processing /mnt/c/Users/Raj/OneDrive - Åbo Akademi O365/banking/airflow/.venv/lib/python3.12/site-packages/airflow/example_dags/example_dynamic_task_mapping.py took 0.252 seconds
[2025-11-22T21:23:31.980+0500] {processor.py:186} INFO - Started process (PID=69019) to work on /mnt/c/Users/Raj/OneDrive - Åbo Akademi O365/banking/airflow/.venv/lib/python3.12/site-packages/airflow/example_dags/example_dynamic_task_mapping.py
[2025-11-22T21:23:31.983+0500] {processor.py:914} INFO - Processing file /mnt/c/Users/Raj/OneDrive - Åbo Akademi O365/banking/airflow/.venv/lib/python3.12/site-packages/airflow/example_dags/example_dynamic_task_mapping.py for tasks to queue
[2025-11-22T21:23:31.987+0500] {logging_mixin.py:190} INFO - [2025-11-22T21:23:31.985+0500] {dagbag.py:588} INFO - Filling up the DagBag from /mnt/c/Users/Raj/OneDrive - Åbo Akademi O365/banking/airflow/.venv/lib/python3.12/site-packages/airflow/example_dags/example_dynamic_task_mapping.py
[2025-11-22T21:23:32.016+0500] {processor.py:925} INFO - DAG(s) 'example_dynamic_task_mapping' retrieved from /mnt/c/Users/Raj/OneDrive - Åbo Akademi O365/banking/airflow/.venv/lib/python3.12/site-packages/airflow/example_dags/example_dynamic_task_mapping.py
[2025-11-22T21:23:32.057+0500] {logging_mixin.py:190} INFO - [2025-11-22T21:23:32.055+0500] {dag.py:3239} INFO - Sync 1 DAGs
[2025-11-22T21:23:32.078+0500] {logging_mixin.py:190} INFO - [2025-11-22T21:23:32.077+0500] {dag.py:4180} INFO - Setting next_dagrun for example_dynamic_task_mapping to None, run_after=None
[2025-11-22T21:23:32.149+0500] {processor.py:208} INFO - Processing /mnt/c/Users/Raj/OneDrive - Åbo Akademi O365/banking/airflow/.venv/lib/python3.12/site-packages/airflow/example_dags/example_dynamic_task_mapping.py took 0.190 seconds
