[2025-11-22T20:14:06.231+0500] {processor.py:186} INFO - Started process (PID=65573) to work on /mnt/c/Users/Raj/OneDrive - Åbo Akademi O365/banking/airflow/.venv/lib/python3.12/site-packages/airflow/example_dags/example_trigger_target_dag.py
[2025-11-22T20:14:06.234+0500] {processor.py:914} INFO - Processing file /mnt/c/Users/Raj/OneDrive - Åbo Akademi O365/banking/airflow/.venv/lib/python3.12/site-packages/airflow/example_dags/example_trigger_target_dag.py for tasks to queue
[2025-11-22T20:14:06.239+0500] {logging_mixin.py:190} INFO - [2025-11-22T20:14:06.237+0500] {dagbag.py:588} INFO - Filling up the DagBag from /mnt/c/Users/Raj/OneDrive - Åbo Akademi O365/banking/airflow/.venv/lib/python3.12/site-packages/airflow/example_dags/example_trigger_target_dag.py
[2025-11-22T20:14:06.292+0500] {processor.py:925} INFO - DAG(s) 'example_trigger_target_dag' retrieved from /mnt/c/Users/Raj/OneDrive - Åbo Akademi O365/banking/airflow/.venv/lib/python3.12/site-packages/airflow/example_dags/example_trigger_target_dag.py
[2025-11-22T20:14:06.347+0500] {logging_mixin.py:190} INFO - [2025-11-22T20:14:06.345+0500] {dag.py:3239} INFO - Sync 1 DAGs
[2025-11-22T20:14:06.376+0500] {logging_mixin.py:190} INFO - [2025-11-22T20:14:06.374+0500] {dag.py:4180} INFO - Setting next_dagrun for example_trigger_target_dag to None, run_after=None
[2025-11-22T20:14:06.476+0500] {processor.py:208} INFO - Processing /mnt/c/Users/Raj/OneDrive - Åbo Akademi O365/banking/airflow/.venv/lib/python3.12/site-packages/airflow/example_dags/example_trigger_target_dag.py took 0.271 seconds
[2025-11-22T20:15:18.131+0500] {processor.py:186} INFO - Started process (PID=65725) to work on /mnt/c/Users/Raj/OneDrive - Åbo Akademi O365/banking/airflow/.venv/lib/python3.12/site-packages/airflow/example_dags/example_trigger_target_dag.py
[2025-11-22T20:15:18.134+0500] {processor.py:914} INFO - Processing file /mnt/c/Users/Raj/OneDrive - Åbo Akademi O365/banking/airflow/.venv/lib/python3.12/site-packages/airflow/example_dags/example_trigger_target_dag.py for tasks to queue
[2025-11-22T20:15:18.144+0500] {logging_mixin.py:190} INFO - [2025-11-22T20:15:18.141+0500] {dagbag.py:588} INFO - Filling up the DagBag from /mnt/c/Users/Raj/OneDrive - Åbo Akademi O365/banking/airflow/.venv/lib/python3.12/site-packages/airflow/example_dags/example_trigger_target_dag.py
[2025-11-22T20:15:18.181+0500] {processor.py:925} INFO - DAG(s) 'example_trigger_target_dag' retrieved from /mnt/c/Users/Raj/OneDrive - Åbo Akademi O365/banking/airflow/.venv/lib/python3.12/site-packages/airflow/example_dags/example_trigger_target_dag.py
[2025-11-22T20:15:18.234+0500] {logging_mixin.py:190} INFO - [2025-11-22T20:15:18.232+0500] {dag.py:3239} INFO - Sync 1 DAGs
[2025-11-22T20:15:18.269+0500] {logging_mixin.py:190} INFO - [2025-11-22T20:15:18.267+0500] {dag.py:4180} INFO - Setting next_dagrun for example_trigger_target_dag to None, run_after=None
[2025-11-22T20:15:18.351+0500] {processor.py:208} INFO - Processing /mnt/c/Users/Raj/OneDrive - Åbo Akademi O365/banking/airflow/.venv/lib/python3.12/site-packages/airflow/example_dags/example_trigger_target_dag.py took 0.250 seconds
[2025-11-22T20:16:18.339+0500] {processor.py:186} INFO - Started process (PID=65776) to work on /mnt/c/Users/Raj/OneDrive - Åbo Akademi O365/banking/airflow/.venv/lib/python3.12/site-packages/airflow/example_dags/example_trigger_target_dag.py
[2025-11-22T20:16:18.342+0500] {processor.py:914} INFO - Processing file /mnt/c/Users/Raj/OneDrive - Åbo Akademi O365/banking/airflow/.venv/lib/python3.12/site-packages/airflow/example_dags/example_trigger_target_dag.py for tasks to queue
[2025-11-22T20:16:18.345+0500] {logging_mixin.py:190} INFO - [2025-11-22T20:16:18.344+0500] {dagbag.py:588} INFO - Filling up the DagBag from /mnt/c/Users/Raj/OneDrive - Åbo Akademi O365/banking/airflow/.venv/lib/python3.12/site-packages/airflow/example_dags/example_trigger_target_dag.py
[2025-11-22T20:16:18.377+0500] {processor.py:925} INFO - DAG(s) 'example_trigger_target_dag' retrieved from /mnt/c/Users/Raj/OneDrive - Åbo Akademi O365/banking/airflow/.venv/lib/python3.12/site-packages/airflow/example_dags/example_trigger_target_dag.py
[2025-11-22T20:16:18.418+0500] {logging_mixin.py:190} INFO - [2025-11-22T20:16:18.417+0500] {dag.py:3239} INFO - Sync 1 DAGs
[2025-11-22T20:16:18.442+0500] {logging_mixin.py:190} INFO - [2025-11-22T20:16:18.441+0500] {dag.py:4180} INFO - Setting next_dagrun for example_trigger_target_dag to None, run_after=None
[2025-11-22T20:16:18.507+0500] {processor.py:208} INFO - Processing /mnt/c/Users/Raj/OneDrive - Åbo Akademi O365/banking/airflow/.venv/lib/python3.12/site-packages/airflow/example_dags/example_trigger_target_dag.py took 0.183 seconds
[2025-11-22T20:17:15.587+0500] {processor.py:186} INFO - Started process (PID=65826) to work on /mnt/c/Users/Raj/OneDrive - Åbo Akademi O365/banking/airflow/.venv/lib/python3.12/site-packages/airflow/example_dags/example_trigger_target_dag.py
[2025-11-22T20:17:15.590+0500] {processor.py:914} INFO - Processing file /mnt/c/Users/Raj/OneDrive - Åbo Akademi O365/banking/airflow/.venv/lib/python3.12/site-packages/airflow/example_dags/example_trigger_target_dag.py for tasks to queue
[2025-11-22T20:17:15.596+0500] {logging_mixin.py:190} INFO - [2025-11-22T20:17:15.594+0500] {dagbag.py:588} INFO - Filling up the DagBag from /mnt/c/Users/Raj/OneDrive - Åbo Akademi O365/banking/airflow/.venv/lib/python3.12/site-packages/airflow/example_dags/example_trigger_target_dag.py
[2025-11-22T20:17:15.640+0500] {processor.py:925} INFO - DAG(s) 'example_trigger_target_dag' retrieved from /mnt/c/Users/Raj/OneDrive - Åbo Akademi O365/banking/airflow/.venv/lib/python3.12/site-packages/airflow/example_dags/example_trigger_target_dag.py
[2025-11-22T20:17:15.709+0500] {logging_mixin.py:190} INFO - [2025-11-22T20:17:15.707+0500] {dag.py:3239} INFO - Sync 1 DAGs
[2025-11-22T20:17:15.738+0500] {logging_mixin.py:190} INFO - [2025-11-22T20:17:15.736+0500] {dag.py:4180} INFO - Setting next_dagrun for example_trigger_target_dag to None, run_after=None
[2025-11-22T20:17:15.818+0500] {processor.py:208} INFO - Processing /mnt/c/Users/Raj/OneDrive - Åbo Akademi O365/banking/airflow/.venv/lib/python3.12/site-packages/airflow/example_dags/example_trigger_target_dag.py took 0.256 seconds
[2025-11-22T20:20:20.421+0500] {processor.py:186} INFO - Started process (PID=65902) to work on /mnt/c/Users/Raj/OneDrive - Åbo Akademi O365/banking/airflow/.venv/lib/python3.12/site-packages/airflow/example_dags/example_trigger_target_dag.py
[2025-11-22T20:20:20.424+0500] {processor.py:914} INFO - Processing file /mnt/c/Users/Raj/OneDrive - Åbo Akademi O365/banking/airflow/.venv/lib/python3.12/site-packages/airflow/example_dags/example_trigger_target_dag.py for tasks to queue
[2025-11-22T20:20:20.438+0500] {logging_mixin.py:190} INFO - [2025-11-22T20:20:20.436+0500] {dagbag.py:588} INFO - Filling up the DagBag from /mnt/c/Users/Raj/OneDrive - Åbo Akademi O365/banking/airflow/.venv/lib/python3.12/site-packages/airflow/example_dags/example_trigger_target_dag.py
[2025-11-22T20:20:20.605+0500] {processor.py:925} INFO - DAG(s) 'example_trigger_target_dag' retrieved from /mnt/c/Users/Raj/OneDrive - Åbo Akademi O365/banking/airflow/.venv/lib/python3.12/site-packages/airflow/example_dags/example_trigger_target_dag.py
[2025-11-22T20:20:20.773+0500] {logging_mixin.py:190} INFO - [2025-11-22T20:20:20.771+0500] {dag.py:3239} INFO - Sync 1 DAGs
[2025-11-22T20:20:20.809+0500] {logging_mixin.py:190} INFO - [2025-11-22T20:20:20.807+0500] {dag.py:4180} INFO - Setting next_dagrun for example_trigger_target_dag to None, run_after=None
[2025-11-22T20:20:20.905+0500] {processor.py:208} INFO - Processing /mnt/c/Users/Raj/OneDrive - Åbo Akademi O365/banking/airflow/.venv/lib/python3.12/site-packages/airflow/example_dags/example_trigger_target_dag.py took 0.506 seconds
[2025-11-22T20:22:04.759+0500] {processor.py:186} INFO - Started process (PID=66000) to work on /mnt/c/Users/Raj/OneDrive - Åbo Akademi O365/banking/airflow/.venv/lib/python3.12/site-packages/airflow/example_dags/example_trigger_target_dag.py
[2025-11-22T20:22:04.762+0500] {processor.py:914} INFO - Processing file /mnt/c/Users/Raj/OneDrive - Åbo Akademi O365/banking/airflow/.venv/lib/python3.12/site-packages/airflow/example_dags/example_trigger_target_dag.py for tasks to queue
[2025-11-22T20:22:04.768+0500] {logging_mixin.py:190} INFO - [2025-11-22T20:22:04.766+0500] {dagbag.py:588} INFO - Filling up the DagBag from /mnt/c/Users/Raj/OneDrive - Åbo Akademi O365/banking/airflow/.venv/lib/python3.12/site-packages/airflow/example_dags/example_trigger_target_dag.py
[2025-11-22T20:22:04.865+0500] {processor.py:925} INFO - DAG(s) 'example_trigger_target_dag' retrieved from /mnt/c/Users/Raj/OneDrive - Åbo Akademi O365/banking/airflow/.venv/lib/python3.12/site-packages/airflow/example_dags/example_trigger_target_dag.py
[2025-11-22T20:22:04.900+0500] {logging_mixin.py:190} INFO - [2025-11-22T20:22:04.899+0500] {dag.py:3239} INFO - Sync 1 DAGs
[2025-11-22T20:22:04.922+0500] {logging_mixin.py:190} INFO - [2025-11-22T20:22:04.920+0500] {dag.py:4180} INFO - Setting next_dagrun for example_trigger_target_dag to None, run_after=None
[2025-11-22T20:22:05.010+0500] {processor.py:208} INFO - Processing /mnt/c/Users/Raj/OneDrive - Åbo Akademi O365/banking/airflow/.venv/lib/python3.12/site-packages/airflow/example_dags/example_trigger_target_dag.py took 0.269 seconds
[2025-11-22T20:23:11.857+0500] {processor.py:186} INFO - Started process (PID=66049) to work on /mnt/c/Users/Raj/OneDrive - Åbo Akademi O365/banking/airflow/.venv/lib/python3.12/site-packages/airflow/example_dags/example_trigger_target_dag.py
[2025-11-22T20:23:11.861+0500] {processor.py:914} INFO - Processing file /mnt/c/Users/Raj/OneDrive - Åbo Akademi O365/banking/airflow/.venv/lib/python3.12/site-packages/airflow/example_dags/example_trigger_target_dag.py for tasks to queue
[2025-11-22T20:23:11.868+0500] {logging_mixin.py:190} INFO - [2025-11-22T20:23:11.866+0500] {dagbag.py:588} INFO - Filling up the DagBag from /mnt/c/Users/Raj/OneDrive - Åbo Akademi O365/banking/airflow/.venv/lib/python3.12/site-packages/airflow/example_dags/example_trigger_target_dag.py
[2025-11-22T20:23:11.983+0500] {processor.py:925} INFO - DAG(s) 'example_trigger_target_dag' retrieved from /mnt/c/Users/Raj/OneDrive - Åbo Akademi O365/banking/airflow/.venv/lib/python3.12/site-packages/airflow/example_dags/example_trigger_target_dag.py
[2025-11-22T20:23:12.027+0500] {logging_mixin.py:190} INFO - [2025-11-22T20:23:12.026+0500] {dag.py:3239} INFO - Sync 1 DAGs
[2025-11-22T20:23:12.048+0500] {logging_mixin.py:190} INFO - [2025-11-22T20:23:12.046+0500] {dag.py:4180} INFO - Setting next_dagrun for example_trigger_target_dag to None, run_after=None
[2025-11-22T20:23:12.130+0500] {processor.py:208} INFO - Processing /mnt/c/Users/Raj/OneDrive - Åbo Akademi O365/banking/airflow/.venv/lib/python3.12/site-packages/airflow/example_dags/example_trigger_target_dag.py took 0.294 seconds
[2025-11-22T20:24:14.286+0500] {processor.py:186} INFO - Started process (PID=66096) to work on /mnt/c/Users/Raj/OneDrive - Åbo Akademi O365/banking/airflow/.venv/lib/python3.12/site-packages/airflow/example_dags/example_trigger_target_dag.py
[2025-11-22T20:24:14.288+0500] {processor.py:914} INFO - Processing file /mnt/c/Users/Raj/OneDrive - Åbo Akademi O365/banking/airflow/.venv/lib/python3.12/site-packages/airflow/example_dags/example_trigger_target_dag.py for tasks to queue
[2025-11-22T20:24:14.293+0500] {logging_mixin.py:190} INFO - [2025-11-22T20:24:14.292+0500] {dagbag.py:588} INFO - Filling up the DagBag from /mnt/c/Users/Raj/OneDrive - Åbo Akademi O365/banking/airflow/.venv/lib/python3.12/site-packages/airflow/example_dags/example_trigger_target_dag.py
[2025-11-22T20:24:14.375+0500] {processor.py:925} INFO - DAG(s) 'example_trigger_target_dag' retrieved from /mnt/c/Users/Raj/OneDrive - Åbo Akademi O365/banking/airflow/.venv/lib/python3.12/site-packages/airflow/example_dags/example_trigger_target_dag.py
[2025-11-22T20:24:14.411+0500] {logging_mixin.py:190} INFO - [2025-11-22T20:24:14.410+0500] {dag.py:3239} INFO - Sync 1 DAGs
[2025-11-22T20:24:14.430+0500] {logging_mixin.py:190} INFO - [2025-11-22T20:24:14.429+0500] {dag.py:4180} INFO - Setting next_dagrun for example_trigger_target_dag to None, run_after=None
[2025-11-22T20:24:14.511+0500] {processor.py:208} INFO - Processing /mnt/c/Users/Raj/OneDrive - Åbo Akademi O365/banking/airflow/.venv/lib/python3.12/site-packages/airflow/example_dags/example_trigger_target_dag.py took 0.242 seconds
[2025-11-22T20:27:36.996+0500] {processor.py:186} INFO - Started process (PID=66232) to work on /mnt/c/Users/Raj/OneDrive - Åbo Akademi O365/banking/airflow/.venv/lib/python3.12/site-packages/airflow/example_dags/example_trigger_target_dag.py
[2025-11-22T20:27:36.998+0500] {processor.py:914} INFO - Processing file /mnt/c/Users/Raj/OneDrive - Åbo Akademi O365/banking/airflow/.venv/lib/python3.12/site-packages/airflow/example_dags/example_trigger_target_dag.py for tasks to queue
[2025-11-22T20:27:37.001+0500] {logging_mixin.py:190} INFO - [2025-11-22T20:27:37.000+0500] {dagbag.py:588} INFO - Filling up the DagBag from /mnt/c/Users/Raj/OneDrive - Åbo Akademi O365/banking/airflow/.venv/lib/python3.12/site-packages/airflow/example_dags/example_trigger_target_dag.py
[2025-11-22T20:27:37.032+0500] {processor.py:925} INFO - DAG(s) 'example_trigger_target_dag' retrieved from /mnt/c/Users/Raj/OneDrive - Åbo Akademi O365/banking/airflow/.venv/lib/python3.12/site-packages/airflow/example_dags/example_trigger_target_dag.py
[2025-11-22T20:27:37.149+0500] {logging_mixin.py:190} INFO - [2025-11-22T20:27:37.148+0500] {dag.py:3239} INFO - Sync 1 DAGs
[2025-11-22T20:27:37.165+0500] {logging_mixin.py:190} INFO - [2025-11-22T20:27:37.164+0500] {dag.py:4180} INFO - Setting next_dagrun for example_trigger_target_dag to None, run_after=None
[2025-11-22T20:27:37.236+0500] {processor.py:208} INFO - Processing /mnt/c/Users/Raj/OneDrive - Åbo Akademi O365/banking/airflow/.venv/lib/python3.12/site-packages/airflow/example_dags/example_trigger_target_dag.py took 0.257 seconds
[2025-11-22T20:29:02.787+0500] {processor.py:186} INFO - Started process (PID=66321) to work on /mnt/c/Users/Raj/OneDrive - Åbo Akademi O365/banking/airflow/.venv/lib/python3.12/site-packages/airflow/example_dags/example_trigger_target_dag.py
[2025-11-22T20:29:02.789+0500] {processor.py:914} INFO - Processing file /mnt/c/Users/Raj/OneDrive - Åbo Akademi O365/banking/airflow/.venv/lib/python3.12/site-packages/airflow/example_dags/example_trigger_target_dag.py for tasks to queue
[2025-11-22T20:29:02.795+0500] {logging_mixin.py:190} INFO - [2025-11-22T20:29:02.794+0500] {dagbag.py:588} INFO - Filling up the DagBag from /mnt/c/Users/Raj/OneDrive - Åbo Akademi O365/banking/airflow/.venv/lib/python3.12/site-packages/airflow/example_dags/example_trigger_target_dag.py
[2025-11-22T20:29:02.834+0500] {processor.py:925} INFO - DAG(s) 'example_trigger_target_dag' retrieved from /mnt/c/Users/Raj/OneDrive - Åbo Akademi O365/banking/airflow/.venv/lib/python3.12/site-packages/airflow/example_dags/example_trigger_target_dag.py
[2025-11-22T20:29:02.874+0500] {logging_mixin.py:190} INFO - [2025-11-22T20:29:02.872+0500] {dag.py:3239} INFO - Sync 1 DAGs
[2025-11-22T20:29:02.892+0500] {logging_mixin.py:190} INFO - [2025-11-22T20:29:02.891+0500] {dag.py:4180} INFO - Setting next_dagrun for example_trigger_target_dag to None, run_after=None
[2025-11-22T20:29:02.973+0500] {processor.py:208} INFO - Processing /mnt/c/Users/Raj/OneDrive - Åbo Akademi O365/banking/airflow/.venv/lib/python3.12/site-packages/airflow/example_dags/example_trigger_target_dag.py took 0.203 seconds
[2025-11-22T20:29:57.545+0500] {processor.py:186} INFO - Started process (PID=66376) to work on /mnt/c/Users/Raj/OneDrive - Åbo Akademi O365/banking/airflow/.venv/lib/python3.12/site-packages/airflow/example_dags/example_trigger_target_dag.py
[2025-11-22T20:29:57.548+0500] {processor.py:914} INFO - Processing file /mnt/c/Users/Raj/OneDrive - Åbo Akademi O365/banking/airflow/.venv/lib/python3.12/site-packages/airflow/example_dags/example_trigger_target_dag.py for tasks to queue
[2025-11-22T20:29:57.552+0500] {logging_mixin.py:190} INFO - [2025-11-22T20:29:57.550+0500] {dagbag.py:588} INFO - Filling up the DagBag from /mnt/c/Users/Raj/OneDrive - Åbo Akademi O365/banking/airflow/.venv/lib/python3.12/site-packages/airflow/example_dags/example_trigger_target_dag.py
[2025-11-22T20:29:57.587+0500] {processor.py:925} INFO - DAG(s) 'example_trigger_target_dag' retrieved from /mnt/c/Users/Raj/OneDrive - Åbo Akademi O365/banking/airflow/.venv/lib/python3.12/site-packages/airflow/example_dags/example_trigger_target_dag.py
[2025-11-22T20:29:57.627+0500] {logging_mixin.py:190} INFO - [2025-11-22T20:29:57.626+0500] {dag.py:3239} INFO - Sync 1 DAGs
[2025-11-22T20:29:57.647+0500] {logging_mixin.py:190} INFO - [2025-11-22T20:29:57.646+0500] {dag.py:4180} INFO - Setting next_dagrun for example_trigger_target_dag to None, run_after=None
[2025-11-22T20:29:57.753+0500] {processor.py:208} INFO - Processing /mnt/c/Users/Raj/OneDrive - Åbo Akademi O365/banking/airflow/.venv/lib/python3.12/site-packages/airflow/example_dags/example_trigger_target_dag.py took 0.227 seconds
[2025-11-22T20:31:46.930+0500] {processor.py:186} INFO - Started process (PID=66451) to work on /mnt/c/Users/Raj/OneDrive - Åbo Akademi O365/banking/airflow/.venv/lib/python3.12/site-packages/airflow/example_dags/example_trigger_target_dag.py
[2025-11-22T20:31:46.932+0500] {processor.py:914} INFO - Processing file /mnt/c/Users/Raj/OneDrive - Åbo Akademi O365/banking/airflow/.venv/lib/python3.12/site-packages/airflow/example_dags/example_trigger_target_dag.py for tasks to queue
[2025-11-22T20:31:46.936+0500] {logging_mixin.py:190} INFO - [2025-11-22T20:31:46.935+0500] {dagbag.py:588} INFO - Filling up the DagBag from /mnt/c/Users/Raj/OneDrive - Åbo Akademi O365/banking/airflow/.venv/lib/python3.12/site-packages/airflow/example_dags/example_trigger_target_dag.py
[2025-11-22T20:31:46.966+0500] {processor.py:925} INFO - DAG(s) 'example_trigger_target_dag' retrieved from /mnt/c/Users/Raj/OneDrive - Åbo Akademi O365/banking/airflow/.venv/lib/python3.12/site-packages/airflow/example_dags/example_trigger_target_dag.py
[2025-11-22T20:31:47.005+0500] {logging_mixin.py:190} INFO - [2025-11-22T20:31:47.004+0500] {dag.py:3239} INFO - Sync 1 DAGs
[2025-11-22T20:31:47.022+0500] {logging_mixin.py:190} INFO - [2025-11-22T20:31:47.021+0500] {dag.py:4180} INFO - Setting next_dagrun for example_trigger_target_dag to None, run_after=None
[2025-11-22T20:31:47.100+0500] {processor.py:208} INFO - Processing /mnt/c/Users/Raj/OneDrive - Åbo Akademi O365/banking/airflow/.venv/lib/python3.12/site-packages/airflow/example_dags/example_trigger_target_dag.py took 0.187 seconds
[2025-11-22T20:33:18.486+0500] {processor.py:186} INFO - Started process (PID=66528) to work on /mnt/c/Users/Raj/OneDrive - Åbo Akademi O365/banking/airflow/.venv/lib/python3.12/site-packages/airflow/example_dags/example_trigger_target_dag.py
[2025-11-22T20:33:18.488+0500] {processor.py:914} INFO - Processing file /mnt/c/Users/Raj/OneDrive - Åbo Akademi O365/banking/airflow/.venv/lib/python3.12/site-packages/airflow/example_dags/example_trigger_target_dag.py for tasks to queue
[2025-11-22T20:33:18.491+0500] {logging_mixin.py:190} INFO - [2025-11-22T20:33:18.490+0500] {dagbag.py:588} INFO - Filling up the DagBag from /mnt/c/Users/Raj/OneDrive - Åbo Akademi O365/banking/airflow/.venv/lib/python3.12/site-packages/airflow/example_dags/example_trigger_target_dag.py
[2025-11-22T20:33:18.515+0500] {processor.py:925} INFO - DAG(s) 'example_trigger_target_dag' retrieved from /mnt/c/Users/Raj/OneDrive - Åbo Akademi O365/banking/airflow/.venv/lib/python3.12/site-packages/airflow/example_dags/example_trigger_target_dag.py
[2025-11-22T20:33:18.552+0500] {logging_mixin.py:190} INFO - [2025-11-22T20:33:18.551+0500] {dag.py:3239} INFO - Sync 1 DAGs
[2025-11-22T20:33:18.570+0500] {logging_mixin.py:190} INFO - [2025-11-22T20:33:18.568+0500] {dag.py:4180} INFO - Setting next_dagrun for example_trigger_target_dag to None, run_after=None
[2025-11-22T20:33:18.632+0500] {processor.py:208} INFO - Processing /mnt/c/Users/Raj/OneDrive - Åbo Akademi O365/banking/airflow/.venv/lib/python3.12/site-packages/airflow/example_dags/example_trigger_target_dag.py took 0.160 seconds
[2025-11-22T20:34:35.465+0500] {processor.py:186} INFO - Started process (PID=66590) to work on /mnt/c/Users/Raj/OneDrive - Åbo Akademi O365/banking/airflow/.venv/lib/python3.12/site-packages/airflow/example_dags/example_trigger_target_dag.py
[2025-11-22T20:34:35.468+0500] {processor.py:914} INFO - Processing file /mnt/c/Users/Raj/OneDrive - Åbo Akademi O365/banking/airflow/.venv/lib/python3.12/site-packages/airflow/example_dags/example_trigger_target_dag.py for tasks to queue
[2025-11-22T20:34:35.475+0500] {logging_mixin.py:190} INFO - [2025-11-22T20:34:35.472+0500] {dagbag.py:588} INFO - Filling up the DagBag from /mnt/c/Users/Raj/OneDrive - Åbo Akademi O365/banking/airflow/.venv/lib/python3.12/site-packages/airflow/example_dags/example_trigger_target_dag.py
[2025-11-22T20:34:35.511+0500] {processor.py:925} INFO - DAG(s) 'example_trigger_target_dag' retrieved from /mnt/c/Users/Raj/OneDrive - Åbo Akademi O365/banking/airflow/.venv/lib/python3.12/site-packages/airflow/example_dags/example_trigger_target_dag.py
[2025-11-22T20:34:35.577+0500] {logging_mixin.py:190} INFO - [2025-11-22T20:34:35.573+0500] {dag.py:3239} INFO - Sync 1 DAGs
[2025-11-22T20:34:35.611+0500] {logging_mixin.py:190} INFO - [2025-11-22T20:34:35.610+0500] {dag.py:4180} INFO - Setting next_dagrun for example_trigger_target_dag to None, run_after=None
[2025-11-22T20:34:35.710+0500] {processor.py:208} INFO - Processing /mnt/c/Users/Raj/OneDrive - Åbo Akademi O365/banking/airflow/.venv/lib/python3.12/site-packages/airflow/example_dags/example_trigger_target_dag.py took 0.272 seconds
[2025-11-22T20:35:31.001+0500] {processor.py:186} INFO - Started process (PID=66629) to work on /mnt/c/Users/Raj/OneDrive - Åbo Akademi O365/banking/airflow/.venv/lib/python3.12/site-packages/airflow/example_dags/example_trigger_target_dag.py
[2025-11-22T20:35:31.003+0500] {processor.py:914} INFO - Processing file /mnt/c/Users/Raj/OneDrive - Åbo Akademi O365/banking/airflow/.venv/lib/python3.12/site-packages/airflow/example_dags/example_trigger_target_dag.py for tasks to queue
[2025-11-22T20:35:31.007+0500] {logging_mixin.py:190} INFO - [2025-11-22T20:35:31.006+0500] {dagbag.py:588} INFO - Filling up the DagBag from /mnt/c/Users/Raj/OneDrive - Åbo Akademi O365/banking/airflow/.venv/lib/python3.12/site-packages/airflow/example_dags/example_trigger_target_dag.py
[2025-11-22T20:35:31.036+0500] {processor.py:925} INFO - DAG(s) 'example_trigger_target_dag' retrieved from /mnt/c/Users/Raj/OneDrive - Åbo Akademi O365/banking/airflow/.venv/lib/python3.12/site-packages/airflow/example_dags/example_trigger_target_dag.py
[2025-11-22T20:35:31.073+0500] {logging_mixin.py:190} INFO - [2025-11-22T20:35:31.071+0500] {dag.py:3239} INFO - Sync 1 DAGs
[2025-11-22T20:35:31.090+0500] {logging_mixin.py:190} INFO - [2025-11-22T20:35:31.089+0500] {dag.py:4180} INFO - Setting next_dagrun for example_trigger_target_dag to None, run_after=None
[2025-11-22T20:35:31.182+0500] {processor.py:208} INFO - Processing /mnt/c/Users/Raj/OneDrive - Åbo Akademi O365/banking/airflow/.venv/lib/python3.12/site-packages/airflow/example_dags/example_trigger_target_dag.py took 0.201 seconds
[2025-11-22T20:36:27.727+0500] {processor.py:186} INFO - Started process (PID=66677) to work on /mnt/c/Users/Raj/OneDrive - Åbo Akademi O365/banking/airflow/.venv/lib/python3.12/site-packages/airflow/example_dags/example_trigger_target_dag.py
[2025-11-22T20:36:27.729+0500] {processor.py:914} INFO - Processing file /mnt/c/Users/Raj/OneDrive - Åbo Akademi O365/banking/airflow/.venv/lib/python3.12/site-packages/airflow/example_dags/example_trigger_target_dag.py for tasks to queue
[2025-11-22T20:36:27.733+0500] {logging_mixin.py:190} INFO - [2025-11-22T20:36:27.731+0500] {dagbag.py:588} INFO - Filling up the DagBag from /mnt/c/Users/Raj/OneDrive - Åbo Akademi O365/banking/airflow/.venv/lib/python3.12/site-packages/airflow/example_dags/example_trigger_target_dag.py
[2025-11-22T20:36:27.764+0500] {processor.py:925} INFO - DAG(s) 'example_trigger_target_dag' retrieved from /mnt/c/Users/Raj/OneDrive - Åbo Akademi O365/banking/airflow/.venv/lib/python3.12/site-packages/airflow/example_dags/example_trigger_target_dag.py
[2025-11-22T20:36:27.799+0500] {logging_mixin.py:190} INFO - [2025-11-22T20:36:27.798+0500] {dag.py:3239} INFO - Sync 1 DAGs
[2025-11-22T20:36:27.813+0500] {logging_mixin.py:190} INFO - [2025-11-22T20:36:27.812+0500] {dag.py:4180} INFO - Setting next_dagrun for example_trigger_target_dag to None, run_after=None
[2025-11-22T20:36:27.887+0500] {processor.py:208} INFO - Processing /mnt/c/Users/Raj/OneDrive - Åbo Akademi O365/banking/airflow/.venv/lib/python3.12/site-packages/airflow/example_dags/example_trigger_target_dag.py took 0.180 seconds
[2025-11-22T20:38:04.029+0500] {processor.py:186} INFO - Started process (PID=66744) to work on /mnt/c/Users/Raj/OneDrive - Åbo Akademi O365/banking/airflow/.venv/lib/python3.12/site-packages/airflow/example_dags/example_trigger_target_dag.py
[2025-11-22T20:38:04.032+0500] {processor.py:914} INFO - Processing file /mnt/c/Users/Raj/OneDrive - Åbo Akademi O365/banking/airflow/.venv/lib/python3.12/site-packages/airflow/example_dags/example_trigger_target_dag.py for tasks to queue
[2025-11-22T20:38:04.036+0500] {logging_mixin.py:190} INFO - [2025-11-22T20:38:04.034+0500] {dagbag.py:588} INFO - Filling up the DagBag from /mnt/c/Users/Raj/OneDrive - Åbo Akademi O365/banking/airflow/.venv/lib/python3.12/site-packages/airflow/example_dags/example_trigger_target_dag.py
[2025-11-22T20:38:04.069+0500] {processor.py:925} INFO - DAG(s) 'example_trigger_target_dag' retrieved from /mnt/c/Users/Raj/OneDrive - Åbo Akademi O365/banking/airflow/.venv/lib/python3.12/site-packages/airflow/example_dags/example_trigger_target_dag.py
[2025-11-22T20:38:04.112+0500] {logging_mixin.py:190} INFO - [2025-11-22T20:38:04.110+0500] {dag.py:3239} INFO - Sync 1 DAGs
[2025-11-22T20:38:04.137+0500] {logging_mixin.py:190} INFO - [2025-11-22T20:38:04.135+0500] {dag.py:4180} INFO - Setting next_dagrun for example_trigger_target_dag to None, run_after=None
[2025-11-22T20:38:04.218+0500] {processor.py:208} INFO - Processing /mnt/c/Users/Raj/OneDrive - Åbo Akademi O365/banking/airflow/.venv/lib/python3.12/site-packages/airflow/example_dags/example_trigger_target_dag.py took 0.207 seconds
[2025-11-22T20:39:08.400+0500] {processor.py:186} INFO - Started process (PID=66819) to work on /mnt/c/Users/Raj/OneDrive - Åbo Akademi O365/banking/airflow/.venv/lib/python3.12/site-packages/airflow/example_dags/example_trigger_target_dag.py
[2025-11-22T20:39:08.402+0500] {processor.py:914} INFO - Processing file /mnt/c/Users/Raj/OneDrive - Åbo Akademi O365/banking/airflow/.venv/lib/python3.12/site-packages/airflow/example_dags/example_trigger_target_dag.py for tasks to queue
[2025-11-22T20:39:08.407+0500] {logging_mixin.py:190} INFO - [2025-11-22T20:39:08.405+0500] {dagbag.py:588} INFO - Filling up the DagBag from /mnt/c/Users/Raj/OneDrive - Åbo Akademi O365/banking/airflow/.venv/lib/python3.12/site-packages/airflow/example_dags/example_trigger_target_dag.py
[2025-11-22T20:39:08.433+0500] {processor.py:925} INFO - DAG(s) 'example_trigger_target_dag' retrieved from /mnt/c/Users/Raj/OneDrive - Åbo Akademi O365/banking/airflow/.venv/lib/python3.12/site-packages/airflow/example_dags/example_trigger_target_dag.py
[2025-11-22T20:39:08.472+0500] {logging_mixin.py:190} INFO - [2025-11-22T20:39:08.470+0500] {dag.py:3239} INFO - Sync 1 DAGs
[2025-11-22T20:39:08.488+0500] {logging_mixin.py:190} INFO - [2025-11-22T20:39:08.486+0500] {dag.py:4180} INFO - Setting next_dagrun for example_trigger_target_dag to None, run_after=None
[2025-11-22T20:39:08.559+0500] {processor.py:208} INFO - Processing /mnt/c/Users/Raj/OneDrive - Åbo Akademi O365/banking/airflow/.venv/lib/python3.12/site-packages/airflow/example_dags/example_trigger_target_dag.py took 0.173 seconds
[2025-11-22T20:40:00.795+0500] {processor.py:186} INFO - Started process (PID=66873) to work on /mnt/c/Users/Raj/OneDrive - Åbo Akademi O365/banking/airflow/.venv/lib/python3.12/site-packages/airflow/example_dags/example_trigger_target_dag.py
[2025-11-22T20:40:00.797+0500] {processor.py:914} INFO - Processing file /mnt/c/Users/Raj/OneDrive - Åbo Akademi O365/banking/airflow/.venv/lib/python3.12/site-packages/airflow/example_dags/example_trigger_target_dag.py for tasks to queue
[2025-11-22T20:40:00.801+0500] {logging_mixin.py:190} INFO - [2025-11-22T20:40:00.799+0500] {dagbag.py:588} INFO - Filling up the DagBag from /mnt/c/Users/Raj/OneDrive - Åbo Akademi O365/banking/airflow/.venv/lib/python3.12/site-packages/airflow/example_dags/example_trigger_target_dag.py
[2025-11-22T20:40:00.837+0500] {processor.py:925} INFO - DAG(s) 'example_trigger_target_dag' retrieved from /mnt/c/Users/Raj/OneDrive - Åbo Akademi O365/banking/airflow/.venv/lib/python3.12/site-packages/airflow/example_dags/example_trigger_target_dag.py
[2025-11-22T20:40:00.933+0500] {logging_mixin.py:190} INFO - [2025-11-22T20:40:00.924+0500] {dag.py:3239} INFO - Sync 1 DAGs
[2025-11-22T20:40:00.963+0500] {logging_mixin.py:190} INFO - [2025-11-22T20:40:00.962+0500] {dag.py:4180} INFO - Setting next_dagrun for example_trigger_target_dag to None, run_after=None
[2025-11-22T20:40:01.036+0500] {processor.py:208} INFO - Processing /mnt/c/Users/Raj/OneDrive - Åbo Akademi O365/banking/airflow/.venv/lib/python3.12/site-packages/airflow/example_dags/example_trigger_target_dag.py took 0.259 seconds
[2025-11-22T20:40:54.821+0500] {processor.py:186} INFO - Started process (PID=66932) to work on /mnt/c/Users/Raj/OneDrive - Åbo Akademi O365/banking/airflow/.venv/lib/python3.12/site-packages/airflow/example_dags/example_trigger_target_dag.py
[2025-11-22T20:40:54.824+0500] {processor.py:914} INFO - Processing file /mnt/c/Users/Raj/OneDrive - Åbo Akademi O365/banking/airflow/.venv/lib/python3.12/site-packages/airflow/example_dags/example_trigger_target_dag.py for tasks to queue
[2025-11-22T20:40:54.827+0500] {logging_mixin.py:190} INFO - [2025-11-22T20:40:54.826+0500] {dagbag.py:588} INFO - Filling up the DagBag from /mnt/c/Users/Raj/OneDrive - Åbo Akademi O365/banking/airflow/.venv/lib/python3.12/site-packages/airflow/example_dags/example_trigger_target_dag.py
[2025-11-22T20:40:54.848+0500] {processor.py:925} INFO - DAG(s) 'example_trigger_target_dag' retrieved from /mnt/c/Users/Raj/OneDrive - Åbo Akademi O365/banking/airflow/.venv/lib/python3.12/site-packages/airflow/example_dags/example_trigger_target_dag.py
[2025-11-22T20:40:54.876+0500] {logging_mixin.py:190} INFO - [2025-11-22T20:40:54.876+0500] {dag.py:3239} INFO - Sync 1 DAGs
[2025-11-22T20:40:54.892+0500] {logging_mixin.py:190} INFO - [2025-11-22T20:40:54.891+0500] {dag.py:4180} INFO - Setting next_dagrun for example_trigger_target_dag to None, run_after=None
[2025-11-22T20:40:54.981+0500] {processor.py:208} INFO - Processing /mnt/c/Users/Raj/OneDrive - Åbo Akademi O365/banking/airflow/.venv/lib/python3.12/site-packages/airflow/example_dags/example_trigger_target_dag.py took 0.180 seconds
[2025-11-22T20:41:49.250+0500] {processor.py:186} INFO - Started process (PID=66986) to work on /mnt/c/Users/Raj/OneDrive - Åbo Akademi O365/banking/airflow/.venv/lib/python3.12/site-packages/airflow/example_dags/example_trigger_target_dag.py
[2025-11-22T20:41:49.252+0500] {processor.py:914} INFO - Processing file /mnt/c/Users/Raj/OneDrive - Åbo Akademi O365/banking/airflow/.venv/lib/python3.12/site-packages/airflow/example_dags/example_trigger_target_dag.py for tasks to queue
[2025-11-22T20:41:49.256+0500] {logging_mixin.py:190} INFO - [2025-11-22T20:41:49.254+0500] {dagbag.py:588} INFO - Filling up the DagBag from /mnt/c/Users/Raj/OneDrive - Åbo Akademi O365/banking/airflow/.venv/lib/python3.12/site-packages/airflow/example_dags/example_trigger_target_dag.py
[2025-11-22T20:41:49.293+0500] {processor.py:925} INFO - DAG(s) 'example_trigger_target_dag' retrieved from /mnt/c/Users/Raj/OneDrive - Åbo Akademi O365/banking/airflow/.venv/lib/python3.12/site-packages/airflow/example_dags/example_trigger_target_dag.py
[2025-11-22T20:41:49.333+0500] {logging_mixin.py:190} INFO - [2025-11-22T20:41:49.332+0500] {dag.py:3239} INFO - Sync 1 DAGs
[2025-11-22T20:41:49.358+0500] {logging_mixin.py:190} INFO - [2025-11-22T20:41:49.357+0500] {dag.py:4180} INFO - Setting next_dagrun for example_trigger_target_dag to None, run_after=None
[2025-11-22T20:41:49.460+0500] {processor.py:208} INFO - Processing /mnt/c/Users/Raj/OneDrive - Åbo Akademi O365/banking/airflow/.venv/lib/python3.12/site-packages/airflow/example_dags/example_trigger_target_dag.py took 0.226 seconds
[2025-11-22T20:43:14.793+0500] {processor.py:186} INFO - Started process (PID=67057) to work on /mnt/c/Users/Raj/OneDrive - Åbo Akademi O365/banking/airflow/.venv/lib/python3.12/site-packages/airflow/example_dags/example_trigger_target_dag.py
[2025-11-22T20:43:14.797+0500] {processor.py:914} INFO - Processing file /mnt/c/Users/Raj/OneDrive - Åbo Akademi O365/banking/airflow/.venv/lib/python3.12/site-packages/airflow/example_dags/example_trigger_target_dag.py for tasks to queue
[2025-11-22T20:43:14.807+0500] {logging_mixin.py:190} INFO - [2025-11-22T20:43:14.805+0500] {dagbag.py:588} INFO - Filling up the DagBag from /mnt/c/Users/Raj/OneDrive - Åbo Akademi O365/banking/airflow/.venv/lib/python3.12/site-packages/airflow/example_dags/example_trigger_target_dag.py
[2025-11-22T20:43:14.916+0500] {processor.py:925} INFO - DAG(s) 'example_trigger_target_dag' retrieved from /mnt/c/Users/Raj/OneDrive - Åbo Akademi O365/banking/airflow/.venv/lib/python3.12/site-packages/airflow/example_dags/example_trigger_target_dag.py
[2025-11-22T20:43:14.974+0500] {logging_mixin.py:190} INFO - [2025-11-22T20:43:14.973+0500] {dag.py:3239} INFO - Sync 1 DAGs
[2025-11-22T20:43:15.003+0500] {logging_mixin.py:190} INFO - [2025-11-22T20:43:15.001+0500] {dag.py:4180} INFO - Setting next_dagrun for example_trigger_target_dag to None, run_after=None
[2025-11-22T20:43:15.092+0500] {processor.py:208} INFO - Processing /mnt/c/Users/Raj/OneDrive - Åbo Akademi O365/banking/airflow/.venv/lib/python3.12/site-packages/airflow/example_dags/example_trigger_target_dag.py took 0.317 seconds
[2025-11-22T20:44:08.705+0500] {processor.py:186} INFO - Started process (PID=67096) to work on /mnt/c/Users/Raj/OneDrive - Åbo Akademi O365/banking/airflow/.venv/lib/python3.12/site-packages/airflow/example_dags/example_trigger_target_dag.py
[2025-11-22T20:44:08.707+0500] {processor.py:914} INFO - Processing file /mnt/c/Users/Raj/OneDrive - Åbo Akademi O365/banking/airflow/.venv/lib/python3.12/site-packages/airflow/example_dags/example_trigger_target_dag.py for tasks to queue
[2025-11-22T20:44:08.711+0500] {logging_mixin.py:190} INFO - [2025-11-22T20:44:08.709+0500] {dagbag.py:588} INFO - Filling up the DagBag from /mnt/c/Users/Raj/OneDrive - Åbo Akademi O365/banking/airflow/.venv/lib/python3.12/site-packages/airflow/example_dags/example_trigger_target_dag.py
[2025-11-22T20:44:08.741+0500] {processor.py:925} INFO - DAG(s) 'example_trigger_target_dag' retrieved from /mnt/c/Users/Raj/OneDrive - Åbo Akademi O365/banking/airflow/.venv/lib/python3.12/site-packages/airflow/example_dags/example_trigger_target_dag.py
[2025-11-22T20:44:08.782+0500] {logging_mixin.py:190} INFO - [2025-11-22T20:44:08.781+0500] {dag.py:3239} INFO - Sync 1 DAGs
[2025-11-22T20:44:08.809+0500] {logging_mixin.py:190} INFO - [2025-11-22T20:44:08.807+0500] {dag.py:4180} INFO - Setting next_dagrun for example_trigger_target_dag to None, run_after=None
[2025-11-22T20:44:08.891+0500] {processor.py:208} INFO - Processing /mnt/c/Users/Raj/OneDrive - Åbo Akademi O365/banking/airflow/.venv/lib/python3.12/site-packages/airflow/example_dags/example_trigger_target_dag.py took 0.202 seconds
[2025-11-22T20:45:42.118+0500] {processor.py:186} INFO - Started process (PID=67175) to work on /mnt/c/Users/Raj/OneDrive - Åbo Akademi O365/banking/airflow/.venv/lib/python3.12/site-packages/airflow/example_dags/example_trigger_target_dag.py
[2025-11-22T20:45:42.120+0500] {processor.py:914} INFO - Processing file /mnt/c/Users/Raj/OneDrive - Åbo Akademi O365/banking/airflow/.venv/lib/python3.12/site-packages/airflow/example_dags/example_trigger_target_dag.py for tasks to queue
[2025-11-22T20:45:42.124+0500] {logging_mixin.py:190} INFO - [2025-11-22T20:45:42.123+0500] {dagbag.py:588} INFO - Filling up the DagBag from /mnt/c/Users/Raj/OneDrive - Åbo Akademi O365/banking/airflow/.venv/lib/python3.12/site-packages/airflow/example_dags/example_trigger_target_dag.py
[2025-11-22T20:45:42.153+0500] {processor.py:925} INFO - DAG(s) 'example_trigger_target_dag' retrieved from /mnt/c/Users/Raj/OneDrive - Åbo Akademi O365/banking/airflow/.venv/lib/python3.12/site-packages/airflow/example_dags/example_trigger_target_dag.py
[2025-11-22T20:45:42.191+0500] {logging_mixin.py:190} INFO - [2025-11-22T20:45:42.190+0500] {dag.py:3239} INFO - Sync 1 DAGs
[2025-11-22T20:45:42.209+0500] {logging_mixin.py:190} INFO - [2025-11-22T20:45:42.207+0500] {dag.py:4180} INFO - Setting next_dagrun for example_trigger_target_dag to None, run_after=None
[2025-11-22T20:45:42.288+0500] {processor.py:208} INFO - Processing /mnt/c/Users/Raj/OneDrive - Åbo Akademi O365/banking/airflow/.venv/lib/python3.12/site-packages/airflow/example_dags/example_trigger_target_dag.py took 0.186 seconds
[2025-11-22T20:47:24.486+0500] {processor.py:186} INFO - Started process (PID=67254) to work on /mnt/c/Users/Raj/OneDrive - Åbo Akademi O365/banking/airflow/.venv/lib/python3.12/site-packages/airflow/example_dags/example_trigger_target_dag.py
[2025-11-22T20:47:24.489+0500] {processor.py:914} INFO - Processing file /mnt/c/Users/Raj/OneDrive - Åbo Akademi O365/banking/airflow/.venv/lib/python3.12/site-packages/airflow/example_dags/example_trigger_target_dag.py for tasks to queue
[2025-11-22T20:47:24.495+0500] {logging_mixin.py:190} INFO - [2025-11-22T20:47:24.492+0500] {dagbag.py:588} INFO - Filling up the DagBag from /mnt/c/Users/Raj/OneDrive - Åbo Akademi O365/banking/airflow/.venv/lib/python3.12/site-packages/airflow/example_dags/example_trigger_target_dag.py
[2025-11-22T20:47:24.530+0500] {processor.py:925} INFO - DAG(s) 'example_trigger_target_dag' retrieved from /mnt/c/Users/Raj/OneDrive - Åbo Akademi O365/banking/airflow/.venv/lib/python3.12/site-packages/airflow/example_dags/example_trigger_target_dag.py
[2025-11-22T20:47:24.575+0500] {logging_mixin.py:190} INFO - [2025-11-22T20:47:24.574+0500] {dag.py:3239} INFO - Sync 1 DAGs
[2025-11-22T20:47:24.594+0500] {logging_mixin.py:190} INFO - [2025-11-22T20:47:24.593+0500] {dag.py:4180} INFO - Setting next_dagrun for example_trigger_target_dag to None, run_after=None
[2025-11-22T20:47:24.676+0500] {processor.py:208} INFO - Processing /mnt/c/Users/Raj/OneDrive - Åbo Akademi O365/banking/airflow/.venv/lib/python3.12/site-packages/airflow/example_dags/example_trigger_target_dag.py took 0.211 seconds
[2025-11-22T20:48:17.188+0500] {processor.py:186} INFO - Started process (PID=67291) to work on /mnt/c/Users/Raj/OneDrive - Åbo Akademi O365/banking/airflow/.venv/lib/python3.12/site-packages/airflow/example_dags/example_trigger_target_dag.py
[2025-11-22T20:48:17.190+0500] {processor.py:914} INFO - Processing file /mnt/c/Users/Raj/OneDrive - Åbo Akademi O365/banking/airflow/.venv/lib/python3.12/site-packages/airflow/example_dags/example_trigger_target_dag.py for tasks to queue
[2025-11-22T20:48:17.193+0500] {logging_mixin.py:190} INFO - [2025-11-22T20:48:17.191+0500] {dagbag.py:588} INFO - Filling up the DagBag from /mnt/c/Users/Raj/OneDrive - Åbo Akademi O365/banking/airflow/.venv/lib/python3.12/site-packages/airflow/example_dags/example_trigger_target_dag.py
[2025-11-22T20:48:17.222+0500] {processor.py:925} INFO - DAG(s) 'example_trigger_target_dag' retrieved from /mnt/c/Users/Raj/OneDrive - Åbo Akademi O365/banking/airflow/.venv/lib/python3.12/site-packages/airflow/example_dags/example_trigger_target_dag.py
[2025-11-22T20:48:17.262+0500] {logging_mixin.py:190} INFO - [2025-11-22T20:48:17.261+0500] {dag.py:3239} INFO - Sync 1 DAGs
[2025-11-22T20:48:17.277+0500] {logging_mixin.py:190} INFO - [2025-11-22T20:48:17.276+0500] {dag.py:4180} INFO - Setting next_dagrun for example_trigger_target_dag to None, run_after=None
[2025-11-22T20:48:17.342+0500] {processor.py:208} INFO - Processing /mnt/c/Users/Raj/OneDrive - Åbo Akademi O365/banking/airflow/.venv/lib/python3.12/site-packages/airflow/example_dags/example_trigger_target_dag.py took 0.169 seconds
[2025-11-22T20:49:04.951+0500] {processor.py:186} INFO - Started process (PID=67334) to work on /mnt/c/Users/Raj/OneDrive - Åbo Akademi O365/banking/airflow/.venv/lib/python3.12/site-packages/airflow/example_dags/example_trigger_target_dag.py
[2025-11-22T20:49:04.954+0500] {processor.py:914} INFO - Processing file /mnt/c/Users/Raj/OneDrive - Åbo Akademi O365/banking/airflow/.venv/lib/python3.12/site-packages/airflow/example_dags/example_trigger_target_dag.py for tasks to queue
[2025-11-22T20:49:04.959+0500] {logging_mixin.py:190} INFO - [2025-11-22T20:49:04.957+0500] {dagbag.py:588} INFO - Filling up the DagBag from /mnt/c/Users/Raj/OneDrive - Åbo Akademi O365/banking/airflow/.venv/lib/python3.12/site-packages/airflow/example_dags/example_trigger_target_dag.py
[2025-11-22T20:49:04.983+0500] {processor.py:925} INFO - DAG(s) 'example_trigger_target_dag' retrieved from /mnt/c/Users/Raj/OneDrive - Åbo Akademi O365/banking/airflow/.venv/lib/python3.12/site-packages/airflow/example_dags/example_trigger_target_dag.py
[2025-11-22T20:49:05.026+0500] {logging_mixin.py:190} INFO - [2025-11-22T20:49:05.025+0500] {dag.py:3239} INFO - Sync 1 DAGs
[2025-11-22T20:49:05.044+0500] {logging_mixin.py:190} INFO - [2025-11-22T20:49:05.043+0500] {dag.py:4180} INFO - Setting next_dagrun for example_trigger_target_dag to None, run_after=None
[2025-11-22T20:49:05.133+0500] {processor.py:208} INFO - Processing /mnt/c/Users/Raj/OneDrive - Åbo Akademi O365/banking/airflow/.venv/lib/python3.12/site-packages/airflow/example_dags/example_trigger_target_dag.py took 0.198 seconds
[2025-11-22T20:49:57.584+0500] {processor.py:186} INFO - Started process (PID=67371) to work on /mnt/c/Users/Raj/OneDrive - Åbo Akademi O365/banking/airflow/.venv/lib/python3.12/site-packages/airflow/example_dags/example_trigger_target_dag.py
[2025-11-22T20:49:57.587+0500] {processor.py:914} INFO - Processing file /mnt/c/Users/Raj/OneDrive - Åbo Akademi O365/banking/airflow/.venv/lib/python3.12/site-packages/airflow/example_dags/example_trigger_target_dag.py for tasks to queue
[2025-11-22T20:49:57.591+0500] {logging_mixin.py:190} INFO - [2025-11-22T20:49:57.589+0500] {dagbag.py:588} INFO - Filling up the DagBag from /mnt/c/Users/Raj/OneDrive - Åbo Akademi O365/banking/airflow/.venv/lib/python3.12/site-packages/airflow/example_dags/example_trigger_target_dag.py
[2025-11-22T20:49:57.623+0500] {processor.py:925} INFO - DAG(s) 'example_trigger_target_dag' retrieved from /mnt/c/Users/Raj/OneDrive - Åbo Akademi O365/banking/airflow/.venv/lib/python3.12/site-packages/airflow/example_dags/example_trigger_target_dag.py
[2025-11-22T20:49:57.663+0500] {logging_mixin.py:190} INFO - [2025-11-22T20:49:57.662+0500] {dag.py:3239} INFO - Sync 1 DAGs
[2025-11-22T20:49:57.681+0500] {logging_mixin.py:190} INFO - [2025-11-22T20:49:57.680+0500] {dag.py:4180} INFO - Setting next_dagrun for example_trigger_target_dag to None, run_after=None
[2025-11-22T20:49:57.752+0500] {processor.py:208} INFO - Processing /mnt/c/Users/Raj/OneDrive - Åbo Akademi O365/banking/airflow/.venv/lib/python3.12/site-packages/airflow/example_dags/example_trigger_target_dag.py took 0.186 seconds
[2025-11-22T20:50:46.970+0500] {processor.py:186} INFO - Started process (PID=67409) to work on /mnt/c/Users/Raj/OneDrive - Åbo Akademi O365/banking/airflow/.venv/lib/python3.12/site-packages/airflow/example_dags/example_trigger_target_dag.py
[2025-11-22T20:50:46.972+0500] {processor.py:914} INFO - Processing file /mnt/c/Users/Raj/OneDrive - Åbo Akademi O365/banking/airflow/.venv/lib/python3.12/site-packages/airflow/example_dags/example_trigger_target_dag.py for tasks to queue
[2025-11-22T20:50:46.976+0500] {logging_mixin.py:190} INFO - [2025-11-22T20:50:46.974+0500] {dagbag.py:588} INFO - Filling up the DagBag from /mnt/c/Users/Raj/OneDrive - Åbo Akademi O365/banking/airflow/.venv/lib/python3.12/site-packages/airflow/example_dags/example_trigger_target_dag.py
[2025-11-22T20:50:47.002+0500] {processor.py:925} INFO - DAG(s) 'example_trigger_target_dag' retrieved from /mnt/c/Users/Raj/OneDrive - Åbo Akademi O365/banking/airflow/.venv/lib/python3.12/site-packages/airflow/example_dags/example_trigger_target_dag.py
[2025-11-22T20:50:47.042+0500] {logging_mixin.py:190} INFO - [2025-11-22T20:50:47.041+0500] {dag.py:3239} INFO - Sync 1 DAGs
[2025-11-22T20:50:47.070+0500] {logging_mixin.py:190} INFO - [2025-11-22T20:50:47.068+0500] {dag.py:4180} INFO - Setting next_dagrun for example_trigger_target_dag to None, run_after=None
[2025-11-22T20:50:47.148+0500] {processor.py:208} INFO - Processing /mnt/c/Users/Raj/OneDrive - Åbo Akademi O365/banking/airflow/.venv/lib/python3.12/site-packages/airflow/example_dags/example_trigger_target_dag.py took 0.196 seconds
[2025-11-22T20:51:39.982+0500] {processor.py:186} INFO - Started process (PID=67452) to work on /mnt/c/Users/Raj/OneDrive - Åbo Akademi O365/banking/airflow/.venv/lib/python3.12/site-packages/airflow/example_dags/example_trigger_target_dag.py
[2025-11-22T20:51:39.984+0500] {processor.py:914} INFO - Processing file /mnt/c/Users/Raj/OneDrive - Åbo Akademi O365/banking/airflow/.venv/lib/python3.12/site-packages/airflow/example_dags/example_trigger_target_dag.py for tasks to queue
[2025-11-22T20:51:39.986+0500] {logging_mixin.py:190} INFO - [2025-11-22T20:51:39.985+0500] {dagbag.py:588} INFO - Filling up the DagBag from /mnt/c/Users/Raj/OneDrive - Åbo Akademi O365/banking/airflow/.venv/lib/python3.12/site-packages/airflow/example_dags/example_trigger_target_dag.py
[2025-11-22T20:51:40.006+0500] {processor.py:925} INFO - DAG(s) 'example_trigger_target_dag' retrieved from /mnt/c/Users/Raj/OneDrive - Åbo Akademi O365/banking/airflow/.venv/lib/python3.12/site-packages/airflow/example_dags/example_trigger_target_dag.py
[2025-11-22T20:51:40.038+0500] {logging_mixin.py:190} INFO - [2025-11-22T20:51:40.037+0500] {dag.py:3239} INFO - Sync 1 DAGs
[2025-11-22T20:51:40.052+0500] {logging_mixin.py:190} INFO - [2025-11-22T20:51:40.052+0500] {dag.py:4180} INFO - Setting next_dagrun for example_trigger_target_dag to None, run_after=None
[2025-11-22T20:51:40.114+0500] {processor.py:208} INFO - Processing /mnt/c/Users/Raj/OneDrive - Åbo Akademi O365/banking/airflow/.venv/lib/python3.12/site-packages/airflow/example_dags/example_trigger_target_dag.py took 0.145 seconds
[2025-11-22T20:52:31.543+0500] {processor.py:186} INFO - Started process (PID=67491) to work on /mnt/c/Users/Raj/OneDrive - Åbo Akademi O365/banking/airflow/.venv/lib/python3.12/site-packages/airflow/example_dags/example_trigger_target_dag.py
[2025-11-22T20:52:31.545+0500] {processor.py:914} INFO - Processing file /mnt/c/Users/Raj/OneDrive - Åbo Akademi O365/banking/airflow/.venv/lib/python3.12/site-packages/airflow/example_dags/example_trigger_target_dag.py for tasks to queue
[2025-11-22T20:52:31.548+0500] {logging_mixin.py:190} INFO - [2025-11-22T20:52:31.547+0500] {dagbag.py:588} INFO - Filling up the DagBag from /mnt/c/Users/Raj/OneDrive - Åbo Akademi O365/banking/airflow/.venv/lib/python3.12/site-packages/airflow/example_dags/example_trigger_target_dag.py
[2025-11-22T20:52:31.567+0500] {processor.py:925} INFO - DAG(s) 'example_trigger_target_dag' retrieved from /mnt/c/Users/Raj/OneDrive - Åbo Akademi O365/banking/airflow/.venv/lib/python3.12/site-packages/airflow/example_dags/example_trigger_target_dag.py
[2025-11-22T20:52:31.603+0500] {logging_mixin.py:190} INFO - [2025-11-22T20:52:31.601+0500] {dag.py:3239} INFO - Sync 1 DAGs
[2025-11-22T20:52:31.619+0500] {logging_mixin.py:190} INFO - [2025-11-22T20:52:31.618+0500] {dag.py:4180} INFO - Setting next_dagrun for example_trigger_target_dag to None, run_after=None
[2025-11-22T20:52:31.684+0500] {processor.py:208} INFO - Processing /mnt/c/Users/Raj/OneDrive - Åbo Akademi O365/banking/airflow/.venv/lib/python3.12/site-packages/airflow/example_dags/example_trigger_target_dag.py took 0.158 seconds
[2025-11-22T20:53:24.716+0500] {processor.py:186} INFO - Started process (PID=67537) to work on /mnt/c/Users/Raj/OneDrive - Åbo Akademi O365/banking/airflow/.venv/lib/python3.12/site-packages/airflow/example_dags/example_trigger_target_dag.py
[2025-11-22T20:53:24.718+0500] {processor.py:914} INFO - Processing file /mnt/c/Users/Raj/OneDrive - Åbo Akademi O365/banking/airflow/.venv/lib/python3.12/site-packages/airflow/example_dags/example_trigger_target_dag.py for tasks to queue
[2025-11-22T20:53:24.722+0500] {logging_mixin.py:190} INFO - [2025-11-22T20:53:24.720+0500] {dagbag.py:588} INFO - Filling up the DagBag from /mnt/c/Users/Raj/OneDrive - Åbo Akademi O365/banking/airflow/.venv/lib/python3.12/site-packages/airflow/example_dags/example_trigger_target_dag.py
[2025-11-22T20:53:24.751+0500] {processor.py:925} INFO - DAG(s) 'example_trigger_target_dag' retrieved from /mnt/c/Users/Raj/OneDrive - Åbo Akademi O365/banking/airflow/.venv/lib/python3.12/site-packages/airflow/example_dags/example_trigger_target_dag.py
[2025-11-22T20:53:24.796+0500] {logging_mixin.py:190} INFO - [2025-11-22T20:53:24.795+0500] {dag.py:3239} INFO - Sync 1 DAGs
[2025-11-22T20:53:24.815+0500] {logging_mixin.py:190} INFO - [2025-11-22T20:53:24.814+0500] {dag.py:4180} INFO - Setting next_dagrun for example_trigger_target_dag to None, run_after=None
[2025-11-22T20:53:24.894+0500] {processor.py:208} INFO - Processing /mnt/c/Users/Raj/OneDrive - Åbo Akademi O365/banking/airflow/.venv/lib/python3.12/site-packages/airflow/example_dags/example_trigger_target_dag.py took 0.194 seconds
[2025-11-22T20:54:14.035+0500] {processor.py:186} INFO - Started process (PID=67574) to work on /mnt/c/Users/Raj/OneDrive - Åbo Akademi O365/banking/airflow/.venv/lib/python3.12/site-packages/airflow/example_dags/example_trigger_target_dag.py
[2025-11-22T20:54:14.037+0500] {processor.py:914} INFO - Processing file /mnt/c/Users/Raj/OneDrive - Åbo Akademi O365/banking/airflow/.venv/lib/python3.12/site-packages/airflow/example_dags/example_trigger_target_dag.py for tasks to queue
[2025-11-22T20:54:14.040+0500] {logging_mixin.py:190} INFO - [2025-11-22T20:54:14.039+0500] {dagbag.py:588} INFO - Filling up the DagBag from /mnt/c/Users/Raj/OneDrive - Åbo Akademi O365/banking/airflow/.venv/lib/python3.12/site-packages/airflow/example_dags/example_trigger_target_dag.py
[2025-11-22T20:54:14.068+0500] {processor.py:925} INFO - DAG(s) 'example_trigger_target_dag' retrieved from /mnt/c/Users/Raj/OneDrive - Åbo Akademi O365/banking/airflow/.venv/lib/python3.12/site-packages/airflow/example_dags/example_trigger_target_dag.py
[2025-11-22T20:54:14.115+0500] {logging_mixin.py:190} INFO - [2025-11-22T20:54:14.113+0500] {dag.py:3239} INFO - Sync 1 DAGs
[2025-11-22T20:54:14.132+0500] {logging_mixin.py:190} INFO - [2025-11-22T20:54:14.131+0500] {dag.py:4180} INFO - Setting next_dagrun for example_trigger_target_dag to None, run_after=None
[2025-11-22T20:54:14.205+0500] {processor.py:208} INFO - Processing /mnt/c/Users/Raj/OneDrive - Åbo Akademi O365/banking/airflow/.venv/lib/python3.12/site-packages/airflow/example_dags/example_trigger_target_dag.py took 0.182 seconds
[2025-11-22T20:55:06.027+0500] {processor.py:186} INFO - Started process (PID=67636) to work on /mnt/c/Users/Raj/OneDrive - Åbo Akademi O365/banking/airflow/.venv/lib/python3.12/site-packages/airflow/example_dags/example_trigger_target_dag.py
[2025-11-22T20:55:06.029+0500] {processor.py:914} INFO - Processing file /mnt/c/Users/Raj/OneDrive - Åbo Akademi O365/banking/airflow/.venv/lib/python3.12/site-packages/airflow/example_dags/example_trigger_target_dag.py for tasks to queue
[2025-11-22T20:55:06.034+0500] {logging_mixin.py:190} INFO - [2025-11-22T20:55:06.032+0500] {dagbag.py:588} INFO - Filling up the DagBag from /mnt/c/Users/Raj/OneDrive - Åbo Akademi O365/banking/airflow/.venv/lib/python3.12/site-packages/airflow/example_dags/example_trigger_target_dag.py
[2025-11-22T20:55:06.059+0500] {processor.py:925} INFO - DAG(s) 'example_trigger_target_dag' retrieved from /mnt/c/Users/Raj/OneDrive - Åbo Akademi O365/banking/airflow/.venv/lib/python3.12/site-packages/airflow/example_dags/example_trigger_target_dag.py
[2025-11-22T20:55:06.095+0500] {logging_mixin.py:190} INFO - [2025-11-22T20:55:06.094+0500] {dag.py:3239} INFO - Sync 1 DAGs
[2025-11-22T20:55:06.119+0500] {logging_mixin.py:190} INFO - [2025-11-22T20:55:06.118+0500] {dag.py:4180} INFO - Setting next_dagrun for example_trigger_target_dag to None, run_after=None
[2025-11-22T20:55:06.187+0500] {processor.py:208} INFO - Processing /mnt/c/Users/Raj/OneDrive - Åbo Akademi O365/banking/airflow/.venv/lib/python3.12/site-packages/airflow/example_dags/example_trigger_target_dag.py took 0.178 seconds
[2025-11-22T20:55:57.643+0500] {processor.py:186} INFO - Started process (PID=67737) to work on /mnt/c/Users/Raj/OneDrive - Åbo Akademi O365/banking/airflow/.venv/lib/python3.12/site-packages/airflow/example_dags/example_trigger_target_dag.py
[2025-11-22T20:55:57.646+0500] {processor.py:914} INFO - Processing file /mnt/c/Users/Raj/OneDrive - Åbo Akademi O365/banking/airflow/.venv/lib/python3.12/site-packages/airflow/example_dags/example_trigger_target_dag.py for tasks to queue
[2025-11-22T20:55:57.650+0500] {logging_mixin.py:190} INFO - [2025-11-22T20:55:57.649+0500] {dagbag.py:588} INFO - Filling up the DagBag from /mnt/c/Users/Raj/OneDrive - Åbo Akademi O365/banking/airflow/.venv/lib/python3.12/site-packages/airflow/example_dags/example_trigger_target_dag.py
[2025-11-22T20:55:57.683+0500] {processor.py:925} INFO - DAG(s) 'example_trigger_target_dag' retrieved from /mnt/c/Users/Raj/OneDrive - Åbo Akademi O365/banking/airflow/.venv/lib/python3.12/site-packages/airflow/example_dags/example_trigger_target_dag.py
[2025-11-22T20:55:57.724+0500] {logging_mixin.py:190} INFO - [2025-11-22T20:55:57.722+0500] {dag.py:3239} INFO - Sync 1 DAGs
[2025-11-22T20:55:57.742+0500] {logging_mixin.py:190} INFO - [2025-11-22T20:55:57.741+0500] {dag.py:4180} INFO - Setting next_dagrun for example_trigger_target_dag to None, run_after=None
[2025-11-22T20:55:57.827+0500] {processor.py:208} INFO - Processing /mnt/c/Users/Raj/OneDrive - Åbo Akademi O365/banking/airflow/.venv/lib/python3.12/site-packages/airflow/example_dags/example_trigger_target_dag.py took 0.203 seconds
[2025-11-22T20:56:51.021+0500] {processor.py:186} INFO - Started process (PID=67776) to work on /mnt/c/Users/Raj/OneDrive - Åbo Akademi O365/banking/airflow/.venv/lib/python3.12/site-packages/airflow/example_dags/example_trigger_target_dag.py
[2025-11-22T20:56:51.024+0500] {processor.py:914} INFO - Processing file /mnt/c/Users/Raj/OneDrive - Åbo Akademi O365/banking/airflow/.venv/lib/python3.12/site-packages/airflow/example_dags/example_trigger_target_dag.py for tasks to queue
[2025-11-22T20:56:51.027+0500] {logging_mixin.py:190} INFO - [2025-11-22T20:56:51.026+0500] {dagbag.py:588} INFO - Filling up the DagBag from /mnt/c/Users/Raj/OneDrive - Åbo Akademi O365/banking/airflow/.venv/lib/python3.12/site-packages/airflow/example_dags/example_trigger_target_dag.py
[2025-11-22T20:56:51.051+0500] {processor.py:925} INFO - DAG(s) 'example_trigger_target_dag' retrieved from /mnt/c/Users/Raj/OneDrive - Åbo Akademi O365/banking/airflow/.venv/lib/python3.12/site-packages/airflow/example_dags/example_trigger_target_dag.py
[2025-11-22T20:56:51.094+0500] {logging_mixin.py:190} INFO - [2025-11-22T20:56:51.092+0500] {dag.py:3239} INFO - Sync 1 DAGs
[2025-11-22T20:56:51.118+0500] {logging_mixin.py:190} INFO - [2025-11-22T20:56:51.116+0500] {dag.py:4180} INFO - Setting next_dagrun for example_trigger_target_dag to None, run_after=None
[2025-11-22T20:56:51.186+0500] {processor.py:208} INFO - Processing /mnt/c/Users/Raj/OneDrive - Åbo Akademi O365/banking/airflow/.venv/lib/python3.12/site-packages/airflow/example_dags/example_trigger_target_dag.py took 0.178 seconds
[2025-11-22T20:57:42.106+0500] {processor.py:186} INFO - Started process (PID=67820) to work on /mnt/c/Users/Raj/OneDrive - Åbo Akademi O365/banking/airflow/.venv/lib/python3.12/site-packages/airflow/example_dags/example_trigger_target_dag.py
[2025-11-22T20:57:42.108+0500] {processor.py:914} INFO - Processing file /mnt/c/Users/Raj/OneDrive - Åbo Akademi O365/banking/airflow/.venv/lib/python3.12/site-packages/airflow/example_dags/example_trigger_target_dag.py for tasks to queue
[2025-11-22T20:57:42.113+0500] {logging_mixin.py:190} INFO - [2025-11-22T20:57:42.111+0500] {dagbag.py:588} INFO - Filling up the DagBag from /mnt/c/Users/Raj/OneDrive - Åbo Akademi O365/banking/airflow/.venv/lib/python3.12/site-packages/airflow/example_dags/example_trigger_target_dag.py
[2025-11-22T20:57:42.140+0500] {processor.py:925} INFO - DAG(s) 'example_trigger_target_dag' retrieved from /mnt/c/Users/Raj/OneDrive - Åbo Akademi O365/banking/airflow/.venv/lib/python3.12/site-packages/airflow/example_dags/example_trigger_target_dag.py
[2025-11-22T20:57:42.167+0500] {logging_mixin.py:190} INFO - [2025-11-22T20:57:42.167+0500] {dag.py:3239} INFO - Sync 1 DAGs
[2025-11-22T20:57:42.182+0500] {logging_mixin.py:190} INFO - [2025-11-22T20:57:42.180+0500] {dag.py:4180} INFO - Setting next_dagrun for example_trigger_target_dag to None, run_after=None
[2025-11-22T20:57:42.238+0500] {processor.py:208} INFO - Processing /mnt/c/Users/Raj/OneDrive - Åbo Akademi O365/banking/airflow/.venv/lib/python3.12/site-packages/airflow/example_dags/example_trigger_target_dag.py took 0.149 seconds
[2025-11-22T20:58:35.080+0500] {processor.py:186} INFO - Started process (PID=67856) to work on /mnt/c/Users/Raj/OneDrive - Åbo Akademi O365/banking/airflow/.venv/lib/python3.12/site-packages/airflow/example_dags/example_trigger_target_dag.py
[2025-11-22T20:58:35.083+0500] {processor.py:914} INFO - Processing file /mnt/c/Users/Raj/OneDrive - Åbo Akademi O365/banking/airflow/.venv/lib/python3.12/site-packages/airflow/example_dags/example_trigger_target_dag.py for tasks to queue
[2025-11-22T20:58:35.086+0500] {logging_mixin.py:190} INFO - [2025-11-22T20:58:35.085+0500] {dagbag.py:588} INFO - Filling up the DagBag from /mnt/c/Users/Raj/OneDrive - Åbo Akademi O365/banking/airflow/.venv/lib/python3.12/site-packages/airflow/example_dags/example_trigger_target_dag.py
[2025-11-22T20:58:35.116+0500] {processor.py:925} INFO - DAG(s) 'example_trigger_target_dag' retrieved from /mnt/c/Users/Raj/OneDrive - Åbo Akademi O365/banking/airflow/.venv/lib/python3.12/site-packages/airflow/example_dags/example_trigger_target_dag.py
[2025-11-22T20:58:35.155+0500] {logging_mixin.py:190} INFO - [2025-11-22T20:58:35.154+0500] {dag.py:3239} INFO - Sync 1 DAGs
[2025-11-22T20:58:35.172+0500] {logging_mixin.py:190} INFO - [2025-11-22T20:58:35.170+0500] {dag.py:4180} INFO - Setting next_dagrun for example_trigger_target_dag to None, run_after=None
[2025-11-22T20:58:35.243+0500] {processor.py:208} INFO - Processing /mnt/c/Users/Raj/OneDrive - Åbo Akademi O365/banking/airflow/.venv/lib/python3.12/site-packages/airflow/example_dags/example_trigger_target_dag.py took 0.181 seconds
[2025-11-22T20:59:24.048+0500] {processor.py:186} INFO - Started process (PID=67895) to work on /mnt/c/Users/Raj/OneDrive - Åbo Akademi O365/banking/airflow/.venv/lib/python3.12/site-packages/airflow/example_dags/example_trigger_target_dag.py
[2025-11-22T20:59:24.050+0500] {processor.py:914} INFO - Processing file /mnt/c/Users/Raj/OneDrive - Åbo Akademi O365/banking/airflow/.venv/lib/python3.12/site-packages/airflow/example_dags/example_trigger_target_dag.py for tasks to queue
[2025-11-22T20:59:24.053+0500] {logging_mixin.py:190} INFO - [2025-11-22T20:59:24.052+0500] {dagbag.py:588} INFO - Filling up the DagBag from /mnt/c/Users/Raj/OneDrive - Åbo Akademi O365/banking/airflow/.venv/lib/python3.12/site-packages/airflow/example_dags/example_trigger_target_dag.py
[2025-11-22T20:59:24.077+0500] {processor.py:925} INFO - DAG(s) 'example_trigger_target_dag' retrieved from /mnt/c/Users/Raj/OneDrive - Åbo Akademi O365/banking/airflow/.venv/lib/python3.12/site-packages/airflow/example_dags/example_trigger_target_dag.py
[2025-11-22T20:59:24.114+0500] {logging_mixin.py:190} INFO - [2025-11-22T20:59:24.113+0500] {dag.py:3239} INFO - Sync 1 DAGs
[2025-11-22T20:59:24.138+0500] {logging_mixin.py:190} INFO - [2025-11-22T20:59:24.136+0500] {dag.py:4180} INFO - Setting next_dagrun for example_trigger_target_dag to None, run_after=None
[2025-11-22T20:59:24.226+0500] {processor.py:208} INFO - Processing /mnt/c/Users/Raj/OneDrive - Åbo Akademi O365/banking/airflow/.venv/lib/python3.12/site-packages/airflow/example_dags/example_trigger_target_dag.py took 0.192 seconds
[2025-11-22T21:01:02.377+0500] {processor.py:186} INFO - Started process (PID=67973) to work on /mnt/c/Users/Raj/OneDrive - Åbo Akademi O365/banking/airflow/.venv/lib/python3.12/site-packages/airflow/example_dags/example_trigger_target_dag.py
[2025-11-22T21:01:02.379+0500] {processor.py:914} INFO - Processing file /mnt/c/Users/Raj/OneDrive - Åbo Akademi O365/banking/airflow/.venv/lib/python3.12/site-packages/airflow/example_dags/example_trigger_target_dag.py for tasks to queue
[2025-11-22T21:01:02.383+0500] {logging_mixin.py:190} INFO - [2025-11-22T21:01:02.382+0500] {dagbag.py:588} INFO - Filling up the DagBag from /mnt/c/Users/Raj/OneDrive - Åbo Akademi O365/banking/airflow/.venv/lib/python3.12/site-packages/airflow/example_dags/example_trigger_target_dag.py
[2025-11-22T21:01:02.416+0500] {processor.py:925} INFO - DAG(s) 'example_trigger_target_dag' retrieved from /mnt/c/Users/Raj/OneDrive - Åbo Akademi O365/banking/airflow/.venv/lib/python3.12/site-packages/airflow/example_dags/example_trigger_target_dag.py
[2025-11-22T21:01:02.455+0500] {logging_mixin.py:190} INFO - [2025-11-22T21:01:02.454+0500] {dag.py:3239} INFO - Sync 1 DAGs
[2025-11-22T21:01:02.471+0500] {logging_mixin.py:190} INFO - [2025-11-22T21:01:02.470+0500] {dag.py:4180} INFO - Setting next_dagrun for example_trigger_target_dag to None, run_after=None
[2025-11-22T21:01:02.541+0500] {processor.py:208} INFO - Processing /mnt/c/Users/Raj/OneDrive - Åbo Akademi O365/banking/airflow/.venv/lib/python3.12/site-packages/airflow/example_dags/example_trigger_target_dag.py took 0.182 seconds
[2025-11-22T21:02:12.216+0500] {processor.py:186} INFO - Started process (PID=68036) to work on /mnt/c/Users/Raj/OneDrive - Åbo Akademi O365/banking/airflow/.venv/lib/python3.12/site-packages/airflow/example_dags/example_trigger_target_dag.py
[2025-11-22T21:02:12.219+0500] {processor.py:914} INFO - Processing file /mnt/c/Users/Raj/OneDrive - Åbo Akademi O365/banking/airflow/.venv/lib/python3.12/site-packages/airflow/example_dags/example_trigger_target_dag.py for tasks to queue
[2025-11-22T21:02:12.225+0500] {logging_mixin.py:190} INFO - [2025-11-22T21:02:12.222+0500] {dagbag.py:588} INFO - Filling up the DagBag from /mnt/c/Users/Raj/OneDrive - Åbo Akademi O365/banking/airflow/.venv/lib/python3.12/site-packages/airflow/example_dags/example_trigger_target_dag.py
[2025-11-22T21:02:12.259+0500] {processor.py:925} INFO - DAG(s) 'example_trigger_target_dag' retrieved from /mnt/c/Users/Raj/OneDrive - Åbo Akademi O365/banking/airflow/.venv/lib/python3.12/site-packages/airflow/example_dags/example_trigger_target_dag.py
[2025-11-22T21:02:12.295+0500] {logging_mixin.py:190} INFO - [2025-11-22T21:02:12.294+0500] {dag.py:3239} INFO - Sync 1 DAGs
[2025-11-22T21:02:12.314+0500] {logging_mixin.py:190} INFO - [2025-11-22T21:02:12.312+0500] {dag.py:4180} INFO - Setting next_dagrun for example_trigger_target_dag to None, run_after=None
[2025-11-22T21:02:12.563+0500] {processor.py:208} INFO - Processing /mnt/c/Users/Raj/OneDrive - Åbo Akademi O365/banking/airflow/.venv/lib/python3.12/site-packages/airflow/example_dags/example_trigger_target_dag.py took 0.374 seconds
[2025-11-22T21:03:20.844+0500] {processor.py:186} INFO - Started process (PID=68078) to work on /mnt/c/Users/Raj/OneDrive - Åbo Akademi O365/banking/airflow/.venv/lib/python3.12/site-packages/airflow/example_dags/example_trigger_target_dag.py
[2025-11-22T21:03:20.847+0500] {processor.py:914} INFO - Processing file /mnt/c/Users/Raj/OneDrive - Åbo Akademi O365/banking/airflow/.venv/lib/python3.12/site-packages/airflow/example_dags/example_trigger_target_dag.py for tasks to queue
[2025-11-22T21:03:20.853+0500] {logging_mixin.py:190} INFO - [2025-11-22T21:03:20.851+0500] {dagbag.py:588} INFO - Filling up the DagBag from /mnt/c/Users/Raj/OneDrive - Åbo Akademi O365/banking/airflow/.venv/lib/python3.12/site-packages/airflow/example_dags/example_trigger_target_dag.py
[2025-11-22T21:03:20.904+0500] {processor.py:925} INFO - DAG(s) 'example_trigger_target_dag' retrieved from /mnt/c/Users/Raj/OneDrive - Åbo Akademi O365/banking/airflow/.venv/lib/python3.12/site-packages/airflow/example_dags/example_trigger_target_dag.py
[2025-11-22T21:03:20.975+0500] {logging_mixin.py:190} INFO - [2025-11-22T21:03:20.974+0500] {dag.py:3239} INFO - Sync 1 DAGs
[2025-11-22T21:03:21.015+0500] {logging_mixin.py:190} INFO - [2025-11-22T21:03:21.013+0500] {dag.py:4180} INFO - Setting next_dagrun for example_trigger_target_dag to None, run_after=None
[2025-11-22T21:03:21.104+0500] {processor.py:208} INFO - Processing /mnt/c/Users/Raj/OneDrive - Åbo Akademi O365/banking/airflow/.venv/lib/python3.12/site-packages/airflow/example_dags/example_trigger_target_dag.py took 0.292 seconds
[2025-11-22T21:04:26.031+0500] {processor.py:186} INFO - Started process (PID=68143) to work on /mnt/c/Users/Raj/OneDrive - Åbo Akademi O365/banking/airflow/.venv/lib/python3.12/site-packages/airflow/example_dags/example_trigger_target_dag.py
[2025-11-22T21:04:26.034+0500] {processor.py:914} INFO - Processing file /mnt/c/Users/Raj/OneDrive - Åbo Akademi O365/banking/airflow/.venv/lib/python3.12/site-packages/airflow/example_dags/example_trigger_target_dag.py for tasks to queue
[2025-11-22T21:04:26.038+0500] {logging_mixin.py:190} INFO - [2025-11-22T21:04:26.036+0500] {dagbag.py:588} INFO - Filling up the DagBag from /mnt/c/Users/Raj/OneDrive - Åbo Akademi O365/banking/airflow/.venv/lib/python3.12/site-packages/airflow/example_dags/example_trigger_target_dag.py
[2025-11-22T21:04:26.073+0500] {processor.py:925} INFO - DAG(s) 'example_trigger_target_dag' retrieved from /mnt/c/Users/Raj/OneDrive - Åbo Akademi O365/banking/airflow/.venv/lib/python3.12/site-packages/airflow/example_dags/example_trigger_target_dag.py
[2025-11-22T21:04:26.118+0500] {logging_mixin.py:190} INFO - [2025-11-22T21:04:26.116+0500] {dag.py:3239} INFO - Sync 1 DAGs
[2025-11-22T21:04:26.144+0500] {logging_mixin.py:190} INFO - [2025-11-22T21:04:26.142+0500] {dag.py:4180} INFO - Setting next_dagrun for example_trigger_target_dag to None, run_after=None
[2025-11-22T21:04:26.421+0500] {processor.py:208} INFO - Processing /mnt/c/Users/Raj/OneDrive - Åbo Akademi O365/banking/airflow/.venv/lib/python3.12/site-packages/airflow/example_dags/example_trigger_target_dag.py took 0.415 seconds
[2025-11-22T21:05:27.882+0500] {processor.py:186} INFO - Started process (PID=68204) to work on /mnt/c/Users/Raj/OneDrive - Åbo Akademi O365/banking/airflow/.venv/lib/python3.12/site-packages/airflow/example_dags/example_trigger_target_dag.py
[2025-11-22T21:05:27.885+0500] {processor.py:914} INFO - Processing file /mnt/c/Users/Raj/OneDrive - Åbo Akademi O365/banking/airflow/.venv/lib/python3.12/site-packages/airflow/example_dags/example_trigger_target_dag.py for tasks to queue
[2025-11-22T21:05:27.890+0500] {logging_mixin.py:190} INFO - [2025-11-22T21:05:27.888+0500] {dagbag.py:588} INFO - Filling up the DagBag from /mnt/c/Users/Raj/OneDrive - Åbo Akademi O365/banking/airflow/.venv/lib/python3.12/site-packages/airflow/example_dags/example_trigger_target_dag.py
[2025-11-22T21:05:27.951+0500] {processor.py:925} INFO - DAG(s) 'example_trigger_target_dag' retrieved from /mnt/c/Users/Raj/OneDrive - Åbo Akademi O365/banking/airflow/.venv/lib/python3.12/site-packages/airflow/example_dags/example_trigger_target_dag.py
[2025-11-22T21:05:28.046+0500] {logging_mixin.py:190} INFO - [2025-11-22T21:05:28.044+0500] {dag.py:3239} INFO - Sync 1 DAGs
[2025-11-22T21:05:28.110+0500] {logging_mixin.py:190} INFO - [2025-11-22T21:05:28.093+0500] {dag.py:4180} INFO - Setting next_dagrun for example_trigger_target_dag to None, run_after=None
[2025-11-22T21:05:28.442+0500] {processor.py:208} INFO - Processing /mnt/c/Users/Raj/OneDrive - Åbo Akademi O365/banking/airflow/.venv/lib/python3.12/site-packages/airflow/example_dags/example_trigger_target_dag.py took 0.599 seconds
[2025-11-22T21:08:49.728+0500] {processor.py:186} INFO - Started process (PID=68337) to work on /mnt/c/Users/Raj/OneDrive - Åbo Akademi O365/banking/airflow/.venv/lib/python3.12/site-packages/airflow/example_dags/example_trigger_target_dag.py
[2025-11-22T21:08:49.731+0500] {processor.py:914} INFO - Processing file /mnt/c/Users/Raj/OneDrive - Åbo Akademi O365/banking/airflow/.venv/lib/python3.12/site-packages/airflow/example_dags/example_trigger_target_dag.py for tasks to queue
[2025-11-22T21:08:49.736+0500] {logging_mixin.py:190} INFO - [2025-11-22T21:08:49.733+0500] {dagbag.py:588} INFO - Filling up the DagBag from /mnt/c/Users/Raj/OneDrive - Åbo Akademi O365/banking/airflow/.venv/lib/python3.12/site-packages/airflow/example_dags/example_trigger_target_dag.py
[2025-11-22T21:08:49.763+0500] {processor.py:925} INFO - DAG(s) 'example_trigger_target_dag' retrieved from /mnt/c/Users/Raj/OneDrive - Åbo Akademi O365/banking/airflow/.venv/lib/python3.12/site-packages/airflow/example_dags/example_trigger_target_dag.py
[2025-11-22T21:08:49.799+0500] {logging_mixin.py:190} INFO - [2025-11-22T21:08:49.798+0500] {dag.py:3239} INFO - Sync 1 DAGs
[2025-11-22T21:08:49.819+0500] {logging_mixin.py:190} INFO - [2025-11-22T21:08:49.817+0500] {dag.py:4180} INFO - Setting next_dagrun for example_trigger_target_dag to None, run_after=None
[2025-11-22T21:08:50.029+0500] {processor.py:208} INFO - Processing /mnt/c/Users/Raj/OneDrive - Åbo Akademi O365/banking/airflow/.venv/lib/python3.12/site-packages/airflow/example_dags/example_trigger_target_dag.py took 0.326 seconds
[2025-11-22T21:09:57.427+0500] {processor.py:186} INFO - Started process (PID=68392) to work on /mnt/c/Users/Raj/OneDrive - Åbo Akademi O365/banking/airflow/.venv/lib/python3.12/site-packages/airflow/example_dags/example_trigger_target_dag.py
[2025-11-22T21:09:57.429+0500] {processor.py:914} INFO - Processing file /mnt/c/Users/Raj/OneDrive - Åbo Akademi O365/banking/airflow/.venv/lib/python3.12/site-packages/airflow/example_dags/example_trigger_target_dag.py for tasks to queue
[2025-11-22T21:09:57.433+0500] {logging_mixin.py:190} INFO - [2025-11-22T21:09:57.432+0500] {dagbag.py:588} INFO - Filling up the DagBag from /mnt/c/Users/Raj/OneDrive - Åbo Akademi O365/banking/airflow/.venv/lib/python3.12/site-packages/airflow/example_dags/example_trigger_target_dag.py
[2025-11-22T21:09:57.461+0500] {processor.py:925} INFO - DAG(s) 'example_trigger_target_dag' retrieved from /mnt/c/Users/Raj/OneDrive - Åbo Akademi O365/banking/airflow/.venv/lib/python3.12/site-packages/airflow/example_dags/example_trigger_target_dag.py
[2025-11-22T21:09:57.497+0500] {logging_mixin.py:190} INFO - [2025-11-22T21:09:57.496+0500] {dag.py:3239} INFO - Sync 1 DAGs
[2025-11-22T21:09:57.516+0500] {logging_mixin.py:190} INFO - [2025-11-22T21:09:57.515+0500] {dag.py:4180} INFO - Setting next_dagrun for example_trigger_target_dag to None, run_after=None
[2025-11-22T21:09:57.589+0500] {processor.py:208} INFO - Processing /mnt/c/Users/Raj/OneDrive - Åbo Akademi O365/banking/airflow/.venv/lib/python3.12/site-packages/airflow/example_dags/example_trigger_target_dag.py took 0.181 seconds
[2025-11-22T21:10:57.160+0500] {processor.py:186} INFO - Started process (PID=68434) to work on /mnt/c/Users/Raj/OneDrive - Åbo Akademi O365/banking/airflow/.venv/lib/python3.12/site-packages/airflow/example_dags/example_trigger_target_dag.py
[2025-11-22T21:10:57.162+0500] {processor.py:914} INFO - Processing file /mnt/c/Users/Raj/OneDrive - Åbo Akademi O365/banking/airflow/.venv/lib/python3.12/site-packages/airflow/example_dags/example_trigger_target_dag.py for tasks to queue
[2025-11-22T21:10:57.166+0500] {logging_mixin.py:190} INFO - [2025-11-22T21:10:57.164+0500] {dagbag.py:588} INFO - Filling up the DagBag from /mnt/c/Users/Raj/OneDrive - Åbo Akademi O365/banking/airflow/.venv/lib/python3.12/site-packages/airflow/example_dags/example_trigger_target_dag.py
[2025-11-22T21:10:57.197+0500] {processor.py:925} INFO - DAG(s) 'example_trigger_target_dag' retrieved from /mnt/c/Users/Raj/OneDrive - Åbo Akademi O365/banking/airflow/.venv/lib/python3.12/site-packages/airflow/example_dags/example_trigger_target_dag.py
[2025-11-22T21:10:57.239+0500] {logging_mixin.py:190} INFO - [2025-11-22T21:10:57.238+0500] {dag.py:3239} INFO - Sync 1 DAGs
[2025-11-22T21:10:57.261+0500] {logging_mixin.py:190} INFO - [2025-11-22T21:10:57.259+0500] {dag.py:4180} INFO - Setting next_dagrun for example_trigger_target_dag to None, run_after=None
[2025-11-22T21:10:57.473+0500] {processor.py:208} INFO - Processing /mnt/c/Users/Raj/OneDrive - Åbo Akademi O365/banking/airflow/.venv/lib/python3.12/site-packages/airflow/example_dags/example_trigger_target_dag.py took 0.334 seconds
[2025-11-22T21:11:54.260+0500] {processor.py:186} INFO - Started process (PID=68479) to work on /mnt/c/Users/Raj/OneDrive - Åbo Akademi O365/banking/airflow/.venv/lib/python3.12/site-packages/airflow/example_dags/example_trigger_target_dag.py
[2025-11-22T21:11:54.263+0500] {processor.py:914} INFO - Processing file /mnt/c/Users/Raj/OneDrive - Åbo Akademi O365/banking/airflow/.venv/lib/python3.12/site-packages/airflow/example_dags/example_trigger_target_dag.py for tasks to queue
[2025-11-22T21:11:54.268+0500] {logging_mixin.py:190} INFO - [2025-11-22T21:11:54.267+0500] {dagbag.py:588} INFO - Filling up the DagBag from /mnt/c/Users/Raj/OneDrive - Åbo Akademi O365/banking/airflow/.venv/lib/python3.12/site-packages/airflow/example_dags/example_trigger_target_dag.py
[2025-11-22T21:11:54.298+0500] {processor.py:925} INFO - DAG(s) 'example_trigger_target_dag' retrieved from /mnt/c/Users/Raj/OneDrive - Åbo Akademi O365/banking/airflow/.venv/lib/python3.12/site-packages/airflow/example_dags/example_trigger_target_dag.py
[2025-11-22T21:11:54.332+0500] {logging_mixin.py:190} INFO - [2025-11-22T21:11:54.331+0500] {dag.py:3239} INFO - Sync 1 DAGs
[2025-11-22T21:11:54.348+0500] {logging_mixin.py:190} INFO - [2025-11-22T21:11:54.347+0500] {dag.py:4180} INFO - Setting next_dagrun for example_trigger_target_dag to None, run_after=None
[2025-11-22T21:11:54.423+0500] {processor.py:208} INFO - Processing /mnt/c/Users/Raj/OneDrive - Åbo Akademi O365/banking/airflow/.venv/lib/python3.12/site-packages/airflow/example_dags/example_trigger_target_dag.py took 0.186 seconds
[2025-11-22T21:12:48.064+0500] {processor.py:186} INFO - Started process (PID=68516) to work on /mnt/c/Users/Raj/OneDrive - Åbo Akademi O365/banking/airflow/.venv/lib/python3.12/site-packages/airflow/example_dags/example_trigger_target_dag.py
[2025-11-22T21:12:48.066+0500] {processor.py:914} INFO - Processing file /mnt/c/Users/Raj/OneDrive - Åbo Akademi O365/banking/airflow/.venv/lib/python3.12/site-packages/airflow/example_dags/example_trigger_target_dag.py for tasks to queue
[2025-11-22T21:12:48.070+0500] {logging_mixin.py:190} INFO - [2025-11-22T21:12:48.069+0500] {dagbag.py:588} INFO - Filling up the DagBag from /mnt/c/Users/Raj/OneDrive - Åbo Akademi O365/banking/airflow/.venv/lib/python3.12/site-packages/airflow/example_dags/example_trigger_target_dag.py
[2025-11-22T21:12:48.094+0500] {processor.py:925} INFO - DAG(s) 'example_trigger_target_dag' retrieved from /mnt/c/Users/Raj/OneDrive - Åbo Akademi O365/banking/airflow/.venv/lib/python3.12/site-packages/airflow/example_dags/example_trigger_target_dag.py
[2025-11-22T21:12:48.125+0500] {logging_mixin.py:190} INFO - [2025-11-22T21:12:48.124+0500] {dag.py:3239} INFO - Sync 1 DAGs
[2025-11-22T21:12:48.143+0500] {logging_mixin.py:190} INFO - [2025-11-22T21:12:48.142+0500] {dag.py:4180} INFO - Setting next_dagrun for example_trigger_target_dag to None, run_after=None
[2025-11-22T21:12:48.210+0500] {processor.py:208} INFO - Processing /mnt/c/Users/Raj/OneDrive - Åbo Akademi O365/banking/airflow/.venv/lib/python3.12/site-packages/airflow/example_dags/example_trigger_target_dag.py took 0.168 seconds
[2025-11-22T21:13:39.520+0500] {processor.py:186} INFO - Started process (PID=68556) to work on /mnt/c/Users/Raj/OneDrive - Åbo Akademi O365/banking/airflow/.venv/lib/python3.12/site-packages/airflow/example_dags/example_trigger_target_dag.py
[2025-11-22T21:13:39.522+0500] {processor.py:914} INFO - Processing file /mnt/c/Users/Raj/OneDrive - Åbo Akademi O365/banking/airflow/.venv/lib/python3.12/site-packages/airflow/example_dags/example_trigger_target_dag.py for tasks to queue
[2025-11-22T21:13:39.526+0500] {logging_mixin.py:190} INFO - [2025-11-22T21:13:39.525+0500] {dagbag.py:588} INFO - Filling up the DagBag from /mnt/c/Users/Raj/OneDrive - Åbo Akademi O365/banking/airflow/.venv/lib/python3.12/site-packages/airflow/example_dags/example_trigger_target_dag.py
[2025-11-22T21:13:39.551+0500] {processor.py:925} INFO - DAG(s) 'example_trigger_target_dag' retrieved from /mnt/c/Users/Raj/OneDrive - Åbo Akademi O365/banking/airflow/.venv/lib/python3.12/site-packages/airflow/example_dags/example_trigger_target_dag.py
[2025-11-22T21:13:39.583+0500] {logging_mixin.py:190} INFO - [2025-11-22T21:13:39.582+0500] {dag.py:3239} INFO - Sync 1 DAGs
[2025-11-22T21:13:39.605+0500] {logging_mixin.py:190} INFO - [2025-11-22T21:13:39.603+0500] {dag.py:4180} INFO - Setting next_dagrun for example_trigger_target_dag to None, run_after=None
[2025-11-22T21:13:39.697+0500] {processor.py:208} INFO - Processing /mnt/c/Users/Raj/OneDrive - Åbo Akademi O365/banking/airflow/.venv/lib/python3.12/site-packages/airflow/example_dags/example_trigger_target_dag.py took 0.200 seconds
[2025-11-22T21:14:32.347+0500] {processor.py:186} INFO - Started process (PID=68599) to work on /mnt/c/Users/Raj/OneDrive - Åbo Akademi O365/banking/airflow/.venv/lib/python3.12/site-packages/airflow/example_dags/example_trigger_target_dag.py
[2025-11-22T21:14:32.349+0500] {processor.py:914} INFO - Processing file /mnt/c/Users/Raj/OneDrive - Åbo Akademi O365/banking/airflow/.venv/lib/python3.12/site-packages/airflow/example_dags/example_trigger_target_dag.py for tasks to queue
[2025-11-22T21:14:32.352+0500] {logging_mixin.py:190} INFO - [2025-11-22T21:14:32.351+0500] {dagbag.py:588} INFO - Filling up the DagBag from /mnt/c/Users/Raj/OneDrive - Åbo Akademi O365/banking/airflow/.venv/lib/python3.12/site-packages/airflow/example_dags/example_trigger_target_dag.py
[2025-11-22T21:14:32.370+0500] {processor.py:925} INFO - DAG(s) 'example_trigger_target_dag' retrieved from /mnt/c/Users/Raj/OneDrive - Åbo Akademi O365/banking/airflow/.venv/lib/python3.12/site-packages/airflow/example_dags/example_trigger_target_dag.py
[2025-11-22T21:14:32.402+0500] {logging_mixin.py:190} INFO - [2025-11-22T21:14:32.401+0500] {dag.py:3239} INFO - Sync 1 DAGs
[2025-11-22T21:14:32.416+0500] {logging_mixin.py:190} INFO - [2025-11-22T21:14:32.415+0500] {dag.py:4180} INFO - Setting next_dagrun for example_trigger_target_dag to None, run_after=None
[2025-11-22T21:14:32.474+0500] {processor.py:208} INFO - Processing /mnt/c/Users/Raj/OneDrive - Åbo Akademi O365/banking/airflow/.venv/lib/python3.12/site-packages/airflow/example_dags/example_trigger_target_dag.py took 0.142 seconds
[2025-11-22T21:15:21.557+0500] {processor.py:186} INFO - Started process (PID=68636) to work on /mnt/c/Users/Raj/OneDrive - Åbo Akademi O365/banking/airflow/.venv/lib/python3.12/site-packages/airflow/example_dags/example_trigger_target_dag.py
[2025-11-22T21:15:21.559+0500] {processor.py:914} INFO - Processing file /mnt/c/Users/Raj/OneDrive - Åbo Akademi O365/banking/airflow/.venv/lib/python3.12/site-packages/airflow/example_dags/example_trigger_target_dag.py for tasks to queue
[2025-11-22T21:15:21.563+0500] {logging_mixin.py:190} INFO - [2025-11-22T21:15:21.562+0500] {dagbag.py:588} INFO - Filling up the DagBag from /mnt/c/Users/Raj/OneDrive - Åbo Akademi O365/banking/airflow/.venv/lib/python3.12/site-packages/airflow/example_dags/example_trigger_target_dag.py
[2025-11-22T21:15:21.601+0500] {processor.py:925} INFO - DAG(s) 'example_trigger_target_dag' retrieved from /mnt/c/Users/Raj/OneDrive - Åbo Akademi O365/banking/airflow/.venv/lib/python3.12/site-packages/airflow/example_dags/example_trigger_target_dag.py
[2025-11-22T21:15:21.644+0500] {logging_mixin.py:190} INFO - [2025-11-22T21:15:21.643+0500] {dag.py:3239} INFO - Sync 1 DAGs
[2025-11-22T21:15:21.661+0500] {logging_mixin.py:190} INFO - [2025-11-22T21:15:21.659+0500] {dag.py:4180} INFO - Setting next_dagrun for example_trigger_target_dag to None, run_after=None
[2025-11-22T21:15:21.737+0500] {processor.py:208} INFO - Processing /mnt/c/Users/Raj/OneDrive - Åbo Akademi O365/banking/airflow/.venv/lib/python3.12/site-packages/airflow/example_dags/example_trigger_target_dag.py took 0.204 seconds
[2025-11-22T21:17:00.654+0500] {processor.py:186} INFO - Started process (PID=68714) to work on /mnt/c/Users/Raj/OneDrive - Åbo Akademi O365/banking/airflow/.venv/lib/python3.12/site-packages/airflow/example_dags/example_trigger_target_dag.py
[2025-11-22T21:17:00.657+0500] {processor.py:914} INFO - Processing file /mnt/c/Users/Raj/OneDrive - Åbo Akademi O365/banking/airflow/.venv/lib/python3.12/site-packages/airflow/example_dags/example_trigger_target_dag.py for tasks to queue
[2025-11-22T21:17:00.661+0500] {logging_mixin.py:190} INFO - [2025-11-22T21:17:00.659+0500] {dagbag.py:588} INFO - Filling up the DagBag from /mnt/c/Users/Raj/OneDrive - Åbo Akademi O365/banking/airflow/.venv/lib/python3.12/site-packages/airflow/example_dags/example_trigger_target_dag.py
[2025-11-22T21:17:00.690+0500] {processor.py:925} INFO - DAG(s) 'example_trigger_target_dag' retrieved from /mnt/c/Users/Raj/OneDrive - Åbo Akademi O365/banking/airflow/.venv/lib/python3.12/site-packages/airflow/example_dags/example_trigger_target_dag.py
[2025-11-22T21:17:00.737+0500] {logging_mixin.py:190} INFO - [2025-11-22T21:17:00.735+0500] {dag.py:3239} INFO - Sync 1 DAGs
[2025-11-22T21:17:00.758+0500] {logging_mixin.py:190} INFO - [2025-11-22T21:17:00.756+0500] {dag.py:4180} INFO - Setting next_dagrun for example_trigger_target_dag to None, run_after=None
[2025-11-22T21:17:00.841+0500] {processor.py:208} INFO - Processing /mnt/c/Users/Raj/OneDrive - Åbo Akademi O365/banking/airflow/.venv/lib/python3.12/site-packages/airflow/example_dags/example_trigger_target_dag.py took 0.207 seconds
[2025-11-22T21:17:50.191+0500] {processor.py:186} INFO - Started process (PID=68754) to work on /mnt/c/Users/Raj/OneDrive - Åbo Akademi O365/banking/airflow/.venv/lib/python3.12/site-packages/airflow/example_dags/example_trigger_target_dag.py
[2025-11-22T21:17:50.193+0500] {processor.py:914} INFO - Processing file /mnt/c/Users/Raj/OneDrive - Åbo Akademi O365/banking/airflow/.venv/lib/python3.12/site-packages/airflow/example_dags/example_trigger_target_dag.py for tasks to queue
[2025-11-22T21:17:50.196+0500] {logging_mixin.py:190} INFO - [2025-11-22T21:17:50.195+0500] {dagbag.py:588} INFO - Filling up the DagBag from /mnt/c/Users/Raj/OneDrive - Åbo Akademi O365/banking/airflow/.venv/lib/python3.12/site-packages/airflow/example_dags/example_trigger_target_dag.py
[2025-11-22T21:17:50.221+0500] {processor.py:925} INFO - DAG(s) 'example_trigger_target_dag' retrieved from /mnt/c/Users/Raj/OneDrive - Åbo Akademi O365/banking/airflow/.venv/lib/python3.12/site-packages/airflow/example_dags/example_trigger_target_dag.py
[2025-11-22T21:17:50.259+0500] {logging_mixin.py:190} INFO - [2025-11-22T21:17:50.257+0500] {dag.py:3239} INFO - Sync 1 DAGs
[2025-11-22T21:17:50.281+0500] {logging_mixin.py:190} INFO - [2025-11-22T21:17:50.280+0500] {dag.py:4180} INFO - Setting next_dagrun for example_trigger_target_dag to None, run_after=None
[2025-11-22T21:17:50.356+0500] {processor.py:208} INFO - Processing /mnt/c/Users/Raj/OneDrive - Åbo Akademi O365/banking/airflow/.venv/lib/python3.12/site-packages/airflow/example_dags/example_trigger_target_dag.py took 0.187 seconds
[2025-11-22T21:18:42.795+0500] {processor.py:186} INFO - Started process (PID=68797) to work on /mnt/c/Users/Raj/OneDrive - Åbo Akademi O365/banking/airflow/.venv/lib/python3.12/site-packages/airflow/example_dags/example_trigger_target_dag.py
[2025-11-22T21:18:42.797+0500] {processor.py:914} INFO - Processing file /mnt/c/Users/Raj/OneDrive - Åbo Akademi O365/banking/airflow/.venv/lib/python3.12/site-packages/airflow/example_dags/example_trigger_target_dag.py for tasks to queue
[2025-11-22T21:18:42.801+0500] {logging_mixin.py:190} INFO - [2025-11-22T21:18:42.800+0500] {dagbag.py:588} INFO - Filling up the DagBag from /mnt/c/Users/Raj/OneDrive - Åbo Akademi O365/banking/airflow/.venv/lib/python3.12/site-packages/airflow/example_dags/example_trigger_target_dag.py
[2025-11-22T21:18:42.833+0500] {processor.py:925} INFO - DAG(s) 'example_trigger_target_dag' retrieved from /mnt/c/Users/Raj/OneDrive - Åbo Akademi O365/banking/airflow/.venv/lib/python3.12/site-packages/airflow/example_dags/example_trigger_target_dag.py
[2025-11-22T21:18:42.871+0500] {logging_mixin.py:190} INFO - [2025-11-22T21:18:42.869+0500] {dag.py:3239} INFO - Sync 1 DAGs
[2025-11-22T21:18:42.894+0500] {logging_mixin.py:190} INFO - [2025-11-22T21:18:42.893+0500] {dag.py:4180} INFO - Setting next_dagrun for example_trigger_target_dag to None, run_after=None
[2025-11-22T21:18:42.971+0500] {processor.py:208} INFO - Processing /mnt/c/Users/Raj/OneDrive - Åbo Akademi O365/banking/airflow/.venv/lib/python3.12/site-packages/airflow/example_dags/example_trigger_target_dag.py took 0.197 seconds
[2025-11-22T21:19:35.409+0500] {processor.py:186} INFO - Started process (PID=68836) to work on /mnt/c/Users/Raj/OneDrive - Åbo Akademi O365/banking/airflow/.venv/lib/python3.12/site-packages/airflow/example_dags/example_trigger_target_dag.py
[2025-11-22T21:19:35.412+0500] {processor.py:914} INFO - Processing file /mnt/c/Users/Raj/OneDrive - Åbo Akademi O365/banking/airflow/.venv/lib/python3.12/site-packages/airflow/example_dags/example_trigger_target_dag.py for tasks to queue
[2025-11-22T21:19:35.415+0500] {logging_mixin.py:190} INFO - [2025-11-22T21:19:35.414+0500] {dagbag.py:588} INFO - Filling up the DagBag from /mnt/c/Users/Raj/OneDrive - Åbo Akademi O365/banking/airflow/.venv/lib/python3.12/site-packages/airflow/example_dags/example_trigger_target_dag.py
[2025-11-22T21:19:35.444+0500] {processor.py:925} INFO - DAG(s) 'example_trigger_target_dag' retrieved from /mnt/c/Users/Raj/OneDrive - Åbo Akademi O365/banking/airflow/.venv/lib/python3.12/site-packages/airflow/example_dags/example_trigger_target_dag.py
[2025-11-22T21:19:35.482+0500] {logging_mixin.py:190} INFO - [2025-11-22T21:19:35.480+0500] {dag.py:3239} INFO - Sync 1 DAGs
[2025-11-22T21:19:35.500+0500] {logging_mixin.py:190} INFO - [2025-11-22T21:19:35.498+0500] {dag.py:4180} INFO - Setting next_dagrun for example_trigger_target_dag to None, run_after=None
[2025-11-22T21:19:35.571+0500] {processor.py:208} INFO - Processing /mnt/c/Users/Raj/OneDrive - Åbo Akademi O365/banking/airflow/.venv/lib/python3.12/site-packages/airflow/example_dags/example_trigger_target_dag.py took 0.184 seconds
[2025-11-22T21:21:16.461+0500] {processor.py:186} INFO - Started process (PID=68915) to work on /mnt/c/Users/Raj/OneDrive - Åbo Akademi O365/banking/airflow/.venv/lib/python3.12/site-packages/airflow/example_dags/example_trigger_target_dag.py
[2025-11-22T21:21:16.464+0500] {processor.py:914} INFO - Processing file /mnt/c/Users/Raj/OneDrive - Åbo Akademi O365/banking/airflow/.venv/lib/python3.12/site-packages/airflow/example_dags/example_trigger_target_dag.py for tasks to queue
[2025-11-22T21:21:16.468+0500] {logging_mixin.py:190} INFO - [2025-11-22T21:21:16.466+0500] {dagbag.py:588} INFO - Filling up the DagBag from /mnt/c/Users/Raj/OneDrive - Åbo Akademi O365/banking/airflow/.venv/lib/python3.12/site-packages/airflow/example_dags/example_trigger_target_dag.py
[2025-11-22T21:21:16.496+0500] {processor.py:925} INFO - DAG(s) 'example_trigger_target_dag' retrieved from /mnt/c/Users/Raj/OneDrive - Åbo Akademi O365/banking/airflow/.venv/lib/python3.12/site-packages/airflow/example_dags/example_trigger_target_dag.py
[2025-11-22T21:21:16.534+0500] {logging_mixin.py:190} INFO - [2025-11-22T21:21:16.532+0500] {dag.py:3239} INFO - Sync 1 DAGs
[2025-11-22T21:21:16.556+0500] {logging_mixin.py:190} INFO - [2025-11-22T21:21:16.554+0500] {dag.py:4180} INFO - Setting next_dagrun for example_trigger_target_dag to None, run_after=None
[2025-11-22T21:21:16.632+0500] {processor.py:208} INFO - Processing /mnt/c/Users/Raj/OneDrive - Åbo Akademi O365/banking/airflow/.venv/lib/python3.12/site-packages/airflow/example_dags/example_trigger_target_dag.py took 0.191 seconds
[2025-11-22T21:22:14.621+0500] {processor.py:186} INFO - Started process (PID=68956) to work on /mnt/c/Users/Raj/OneDrive - Åbo Akademi O365/banking/airflow/.venv/lib/python3.12/site-packages/airflow/example_dags/example_trigger_target_dag.py
[2025-11-22T21:22:14.623+0500] {processor.py:914} INFO - Processing file /mnt/c/Users/Raj/OneDrive - Åbo Akademi O365/banking/airflow/.venv/lib/python3.12/site-packages/airflow/example_dags/example_trigger_target_dag.py for tasks to queue
[2025-11-22T21:22:14.626+0500] {logging_mixin.py:190} INFO - [2025-11-22T21:22:14.625+0500] {dagbag.py:588} INFO - Filling up the DagBag from /mnt/c/Users/Raj/OneDrive - Åbo Akademi O365/banking/airflow/.venv/lib/python3.12/site-packages/airflow/example_dags/example_trigger_target_dag.py
[2025-11-22T21:22:14.658+0500] {processor.py:925} INFO - DAG(s) 'example_trigger_target_dag' retrieved from /mnt/c/Users/Raj/OneDrive - Åbo Akademi O365/banking/airflow/.venv/lib/python3.12/site-packages/airflow/example_dags/example_trigger_target_dag.py
[2025-11-22T21:22:14.702+0500] {logging_mixin.py:190} INFO - [2025-11-22T21:22:14.700+0500] {dag.py:3239} INFO - Sync 1 DAGs
[2025-11-22T21:22:14.724+0500] {logging_mixin.py:190} INFO - [2025-11-22T21:22:14.722+0500] {dag.py:4180} INFO - Setting next_dagrun for example_trigger_target_dag to None, run_after=None
[2025-11-22T21:22:14.792+0500] {processor.py:208} INFO - Processing /mnt/c/Users/Raj/OneDrive - Åbo Akademi O365/banking/airflow/.venv/lib/python3.12/site-packages/airflow/example_dags/example_trigger_target_dag.py took 0.195 seconds
[2025-11-22T21:23:03.660+0500] {processor.py:186} INFO - Started process (PID=68999) to work on /mnt/c/Users/Raj/OneDrive - Åbo Akademi O365/banking/airflow/.venv/lib/python3.12/site-packages/airflow/example_dags/example_trigger_target_dag.py
[2025-11-22T21:23:03.662+0500] {processor.py:914} INFO - Processing file /mnt/c/Users/Raj/OneDrive - Åbo Akademi O365/banking/airflow/.venv/lib/python3.12/site-packages/airflow/example_dags/example_trigger_target_dag.py for tasks to queue
[2025-11-22T21:23:03.666+0500] {logging_mixin.py:190} INFO - [2025-11-22T21:23:03.665+0500] {dagbag.py:588} INFO - Filling up the DagBag from /mnt/c/Users/Raj/OneDrive - Åbo Akademi O365/banking/airflow/.venv/lib/python3.12/site-packages/airflow/example_dags/example_trigger_target_dag.py
[2025-11-22T21:23:03.693+0500] {processor.py:925} INFO - DAG(s) 'example_trigger_target_dag' retrieved from /mnt/c/Users/Raj/OneDrive - Åbo Akademi O365/banking/airflow/.venv/lib/python3.12/site-packages/airflow/example_dags/example_trigger_target_dag.py
[2025-11-22T21:23:03.735+0500] {logging_mixin.py:190} INFO - [2025-11-22T21:23:03.734+0500] {dag.py:3239} INFO - Sync 1 DAGs
[2025-11-22T21:23:03.752+0500] {logging_mixin.py:190} INFO - [2025-11-22T21:23:03.751+0500] {dag.py:4180} INFO - Setting next_dagrun for example_trigger_target_dag to None, run_after=None
[2025-11-22T21:23:03.835+0500] {processor.py:208} INFO - Processing /mnt/c/Users/Raj/OneDrive - Åbo Akademi O365/banking/airflow/.venv/lib/python3.12/site-packages/airflow/example_dags/example_trigger_target_dag.py took 0.197 seconds
