[2025-11-22T20:13:58.574+0500] {processor.py:186} INFO - Started process (PID=65462) to work on /mnt/c/Users/Raj/OneDrive - Åbo Akademi O365/banking/airflow/.venv/lib/python3.12/site-packages/airflow/example_dags/tutorial_dag.py
[2025-11-22T20:13:58.582+0500] {processor.py:914} INFO - Processing file /mnt/c/Users/Raj/OneDrive - Åbo Akademi O365/banking/airflow/.venv/lib/python3.12/site-packages/airflow/example_dags/tutorial_dag.py for tasks to queue
[2025-11-22T20:13:58.591+0500] {logging_mixin.py:190} INFO - [2025-11-22T20:13:58.589+0500] {dagbag.py:588} INFO - Filling up the DagBag from /mnt/c/Users/Raj/OneDrive - Åbo Akademi O365/banking/airflow/.venv/lib/python3.12/site-packages/airflow/example_dags/tutorial_dag.py
[2025-11-22T20:13:58.646+0500] {processor.py:925} INFO - DAG(s) 'tutorial_dag' retrieved from /mnt/c/Users/Raj/OneDrive - Åbo Akademi O365/banking/airflow/.venv/lib/python3.12/site-packages/airflow/example_dags/tutorial_dag.py
[2025-11-22T20:13:58.872+0500] {logging_mixin.py:190} INFO - [2025-11-22T20:13:58.866+0500] {dag.py:3239} INFO - Sync 1 DAGs
[2025-11-22T20:13:58.928+0500] {logging_mixin.py:190} INFO - [2025-11-22T20:13:58.927+0500] {dag.py:4180} INFO - Setting next_dagrun for tutorial_dag to None, run_after=None
[2025-11-22T20:13:59.092+0500] {processor.py:208} INFO - Processing /mnt/c/Users/Raj/OneDrive - Åbo Akademi O365/banking/airflow/.venv/lib/python3.12/site-packages/airflow/example_dags/tutorial_dag.py took 0.540 seconds
[2025-11-22T20:15:12.303+0500] {processor.py:186} INFO - Started process (PID=65720) to work on /mnt/c/Users/Raj/OneDrive - Åbo Akademi O365/banking/airflow/.venv/lib/python3.12/site-packages/airflow/example_dags/tutorial_dag.py
[2025-11-22T20:15:12.306+0500] {processor.py:914} INFO - Processing file /mnt/c/Users/Raj/OneDrive - Åbo Akademi O365/banking/airflow/.venv/lib/python3.12/site-packages/airflow/example_dags/tutorial_dag.py for tasks to queue
[2025-11-22T20:15:12.311+0500] {logging_mixin.py:190} INFO - [2025-11-22T20:15:12.309+0500] {dagbag.py:588} INFO - Filling up the DagBag from /mnt/c/Users/Raj/OneDrive - Åbo Akademi O365/banking/airflow/.venv/lib/python3.12/site-packages/airflow/example_dags/tutorial_dag.py
[2025-11-22T20:15:12.341+0500] {processor.py:925} INFO - DAG(s) 'tutorial_dag' retrieved from /mnt/c/Users/Raj/OneDrive - Åbo Akademi O365/banking/airflow/.venv/lib/python3.12/site-packages/airflow/example_dags/tutorial_dag.py
[2025-11-22T20:15:12.379+0500] {logging_mixin.py:190} INFO - [2025-11-22T20:15:12.377+0500] {dag.py:3239} INFO - Sync 1 DAGs
[2025-11-22T20:15:12.405+0500] {logging_mixin.py:190} INFO - [2025-11-22T20:15:12.404+0500] {dag.py:4180} INFO - Setting next_dagrun for tutorial_dag to None, run_after=None
[2025-11-22T20:15:12.481+0500] {processor.py:208} INFO - Processing /mnt/c/Users/Raj/OneDrive - Åbo Akademi O365/banking/airflow/.venv/lib/python3.12/site-packages/airflow/example_dags/tutorial_dag.py took 0.198 seconds
[2025-11-22T20:16:12.120+0500] {processor.py:186} INFO - Started process (PID=65771) to work on /mnt/c/Users/Raj/OneDrive - Åbo Akademi O365/banking/airflow/.venv/lib/python3.12/site-packages/airflow/example_dags/tutorial_dag.py
[2025-11-22T20:16:12.123+0500] {processor.py:914} INFO - Processing file /mnt/c/Users/Raj/OneDrive - Åbo Akademi O365/banking/airflow/.venv/lib/python3.12/site-packages/airflow/example_dags/tutorial_dag.py for tasks to queue
[2025-11-22T20:16:12.127+0500] {logging_mixin.py:190} INFO - [2025-11-22T20:16:12.125+0500] {dagbag.py:588} INFO - Filling up the DagBag from /mnt/c/Users/Raj/OneDrive - Åbo Akademi O365/banking/airflow/.venv/lib/python3.12/site-packages/airflow/example_dags/tutorial_dag.py
[2025-11-22T20:16:12.154+0500] {processor.py:925} INFO - DAG(s) 'tutorial_dag' retrieved from /mnt/c/Users/Raj/OneDrive - Åbo Akademi O365/banking/airflow/.venv/lib/python3.12/site-packages/airflow/example_dags/tutorial_dag.py
[2025-11-22T20:16:12.190+0500] {logging_mixin.py:190} INFO - [2025-11-22T20:16:12.188+0500] {dag.py:3239} INFO - Sync 1 DAGs
[2025-11-22T20:16:12.208+0500] {logging_mixin.py:190} INFO - [2025-11-22T20:16:12.207+0500] {dag.py:4180} INFO - Setting next_dagrun for tutorial_dag to None, run_after=None
[2025-11-22T20:16:12.278+0500] {processor.py:208} INFO - Processing /mnt/c/Users/Raj/OneDrive - Åbo Akademi O365/banking/airflow/.venv/lib/python3.12/site-packages/airflow/example_dags/tutorial_dag.py took 0.172 seconds
[2025-11-22T20:17:09.107+0500] {processor.py:186} INFO - Started process (PID=65819) to work on /mnt/c/Users/Raj/OneDrive - Åbo Akademi O365/banking/airflow/.venv/lib/python3.12/site-packages/airflow/example_dags/tutorial_dag.py
[2025-11-22T20:17:09.110+0500] {processor.py:914} INFO - Processing file /mnt/c/Users/Raj/OneDrive - Åbo Akademi O365/banking/airflow/.venv/lib/python3.12/site-packages/airflow/example_dags/tutorial_dag.py for tasks to queue
[2025-11-22T20:17:09.116+0500] {logging_mixin.py:190} INFO - [2025-11-22T20:17:09.114+0500] {dagbag.py:588} INFO - Filling up the DagBag from /mnt/c/Users/Raj/OneDrive - Åbo Akademi O365/banking/airflow/.venv/lib/python3.12/site-packages/airflow/example_dags/tutorial_dag.py
[2025-11-22T20:17:09.146+0500] {processor.py:925} INFO - DAG(s) 'tutorial_dag' retrieved from /mnt/c/Users/Raj/OneDrive - Åbo Akademi O365/banking/airflow/.venv/lib/python3.12/site-packages/airflow/example_dags/tutorial_dag.py
[2025-11-22T20:17:09.198+0500] {logging_mixin.py:190} INFO - [2025-11-22T20:17:09.197+0500] {dag.py:3239} INFO - Sync 1 DAGs
[2025-11-22T20:17:09.220+0500] {logging_mixin.py:190} INFO - [2025-11-22T20:17:09.219+0500] {dag.py:4180} INFO - Setting next_dagrun for tutorial_dag to None, run_after=None
[2025-11-22T20:17:09.307+0500] {processor.py:208} INFO - Processing /mnt/c/Users/Raj/OneDrive - Åbo Akademi O365/banking/airflow/.venv/lib/python3.12/site-packages/airflow/example_dags/tutorial_dag.py took 0.223 seconds
[2025-11-22T20:20:10.806+0500] {processor.py:186} INFO - Started process (PID=65897) to work on /mnt/c/Users/Raj/OneDrive - Åbo Akademi O365/banking/airflow/.venv/lib/python3.12/site-packages/airflow/example_dags/tutorial_dag.py
[2025-11-22T20:20:10.809+0500] {processor.py:914} INFO - Processing file /mnt/c/Users/Raj/OneDrive - Åbo Akademi O365/banking/airflow/.venv/lib/python3.12/site-packages/airflow/example_dags/tutorial_dag.py for tasks to queue
[2025-11-22T20:20:10.816+0500] {logging_mixin.py:190} INFO - [2025-11-22T20:20:10.814+0500] {dagbag.py:588} INFO - Filling up the DagBag from /mnt/c/Users/Raj/OneDrive - Åbo Akademi O365/banking/airflow/.venv/lib/python3.12/site-packages/airflow/example_dags/tutorial_dag.py
[2025-11-22T20:20:10.958+0500] {processor.py:925} INFO - DAG(s) 'tutorial_dag' retrieved from /mnt/c/Users/Raj/OneDrive - Åbo Akademi O365/banking/airflow/.venv/lib/python3.12/site-packages/airflow/example_dags/tutorial_dag.py
[2025-11-22T20:20:11.108+0500] {logging_mixin.py:190} INFO - [2025-11-22T20:20:11.107+0500] {dag.py:3239} INFO - Sync 1 DAGs
[2025-11-22T20:20:11.155+0500] {logging_mixin.py:190} INFO - [2025-11-22T20:20:11.152+0500] {dag.py:4180} INFO - Setting next_dagrun for tutorial_dag to None, run_after=None
[2025-11-22T20:20:11.285+0500] {processor.py:208} INFO - Processing /mnt/c/Users/Raj/OneDrive - Åbo Akademi O365/banking/airflow/.venv/lib/python3.12/site-packages/airflow/example_dags/tutorial_dag.py took 0.495 seconds
[2025-11-22T20:21:57.181+0500] {processor.py:186} INFO - Started process (PID=65976) to work on /mnt/c/Users/Raj/OneDrive - Åbo Akademi O365/banking/airflow/.venv/lib/python3.12/site-packages/airflow/example_dags/tutorial_dag.py
[2025-11-22T20:21:57.184+0500] {processor.py:914} INFO - Processing file /mnt/c/Users/Raj/OneDrive - Åbo Akademi O365/banking/airflow/.venv/lib/python3.12/site-packages/airflow/example_dags/tutorial_dag.py for tasks to queue
[2025-11-22T20:21:57.189+0500] {logging_mixin.py:190} INFO - [2025-11-22T20:21:57.187+0500] {dagbag.py:588} INFO - Filling up the DagBag from /mnt/c/Users/Raj/OneDrive - Åbo Akademi O365/banking/airflow/.venv/lib/python3.12/site-packages/airflow/example_dags/tutorial_dag.py
[2025-11-22T20:21:57.283+0500] {processor.py:925} INFO - DAG(s) 'tutorial_dag' retrieved from /mnt/c/Users/Raj/OneDrive - Åbo Akademi O365/banking/airflow/.venv/lib/python3.12/site-packages/airflow/example_dags/tutorial_dag.py
[2025-11-22T20:21:57.326+0500] {logging_mixin.py:190} INFO - [2025-11-22T20:21:57.325+0500] {dag.py:3239} INFO - Sync 1 DAGs
[2025-11-22T20:21:57.355+0500] {logging_mixin.py:190} INFO - [2025-11-22T20:21:57.353+0500] {dag.py:4180} INFO - Setting next_dagrun for tutorial_dag to None, run_after=None
[2025-11-22T20:21:57.455+0500] {processor.py:208} INFO - Processing /mnt/c/Users/Raj/OneDrive - Åbo Akademi O365/banking/airflow/.venv/lib/python3.12/site-packages/airflow/example_dags/tutorial_dag.py took 0.287 seconds
[2025-11-22T20:23:04.219+0500] {processor.py:186} INFO - Started process (PID=66044) to work on /mnt/c/Users/Raj/OneDrive - Åbo Akademi O365/banking/airflow/.venv/lib/python3.12/site-packages/airflow/example_dags/tutorial_dag.py
[2025-11-22T20:23:04.221+0500] {processor.py:914} INFO - Processing file /mnt/c/Users/Raj/OneDrive - Åbo Akademi O365/banking/airflow/.venv/lib/python3.12/site-packages/airflow/example_dags/tutorial_dag.py for tasks to queue
[2025-11-22T20:23:04.226+0500] {logging_mixin.py:190} INFO - [2025-11-22T20:23:04.224+0500] {dagbag.py:588} INFO - Filling up the DagBag from /mnt/c/Users/Raj/OneDrive - Åbo Akademi O365/banking/airflow/.venv/lib/python3.12/site-packages/airflow/example_dags/tutorial_dag.py
[2025-11-22T20:23:04.307+0500] {processor.py:925} INFO - DAG(s) 'tutorial_dag' retrieved from /mnt/c/Users/Raj/OneDrive - Åbo Akademi O365/banking/airflow/.venv/lib/python3.12/site-packages/airflow/example_dags/tutorial_dag.py
[2025-11-22T20:23:04.344+0500] {logging_mixin.py:190} INFO - [2025-11-22T20:23:04.341+0500] {dag.py:3239} INFO - Sync 1 DAGs
[2025-11-22T20:23:04.363+0500] {logging_mixin.py:190} INFO - [2025-11-22T20:23:04.362+0500] {dag.py:4180} INFO - Setting next_dagrun for tutorial_dag to None, run_after=None
[2025-11-22T20:23:04.429+0500] {processor.py:208} INFO - Processing /mnt/c/Users/Raj/OneDrive - Åbo Akademi O365/banking/airflow/.venv/lib/python3.12/site-packages/airflow/example_dags/tutorial_dag.py took 0.225 seconds
[2025-11-22T20:24:06.665+0500] {processor.py:186} INFO - Started process (PID=66091) to work on /mnt/c/Users/Raj/OneDrive - Åbo Akademi O365/banking/airflow/.venv/lib/python3.12/site-packages/airflow/example_dags/tutorial_dag.py
[2025-11-22T20:24:06.667+0500] {processor.py:914} INFO - Processing file /mnt/c/Users/Raj/OneDrive - Åbo Akademi O365/banking/airflow/.venv/lib/python3.12/site-packages/airflow/example_dags/tutorial_dag.py for tasks to queue
[2025-11-22T20:24:06.671+0500] {logging_mixin.py:190} INFO - [2025-11-22T20:24:06.669+0500] {dagbag.py:588} INFO - Filling up the DagBag from /mnt/c/Users/Raj/OneDrive - Åbo Akademi O365/banking/airflow/.venv/lib/python3.12/site-packages/airflow/example_dags/tutorial_dag.py
[2025-11-22T20:24:06.743+0500] {processor.py:925} INFO - DAG(s) 'tutorial_dag' retrieved from /mnt/c/Users/Raj/OneDrive - Åbo Akademi O365/banking/airflow/.venv/lib/python3.12/site-packages/airflow/example_dags/tutorial_dag.py
[2025-11-22T20:24:06.775+0500] {logging_mixin.py:190} INFO - [2025-11-22T20:24:06.774+0500] {dag.py:3239} INFO - Sync 1 DAGs
[2025-11-22T20:24:06.795+0500] {logging_mixin.py:190} INFO - [2025-11-22T20:24:06.794+0500] {dag.py:4180} INFO - Setting next_dagrun for tutorial_dag to None, run_after=None
[2025-11-22T20:24:06.859+0500] {processor.py:208} INFO - Processing /mnt/c/Users/Raj/OneDrive - Åbo Akademi O365/banking/airflow/.venv/lib/python3.12/site-packages/airflow/example_dags/tutorial_dag.py took 0.209 seconds
[2025-11-22T20:27:29.625+0500] {processor.py:186} INFO - Started process (PID=66225) to work on /mnt/c/Users/Raj/OneDrive - Åbo Akademi O365/banking/airflow/.venv/lib/python3.12/site-packages/airflow/example_dags/tutorial_dag.py
[2025-11-22T20:27:29.627+0500] {processor.py:914} INFO - Processing file /mnt/c/Users/Raj/OneDrive - Åbo Akademi O365/banking/airflow/.venv/lib/python3.12/site-packages/airflow/example_dags/tutorial_dag.py for tasks to queue
[2025-11-22T20:27:29.632+0500] {logging_mixin.py:190} INFO - [2025-11-22T20:27:29.630+0500] {dagbag.py:588} INFO - Filling up the DagBag from /mnt/c/Users/Raj/OneDrive - Åbo Akademi O365/banking/airflow/.venv/lib/python3.12/site-packages/airflow/example_dags/tutorial_dag.py
[2025-11-22T20:27:29.664+0500] {processor.py:925} INFO - DAG(s) 'tutorial_dag' retrieved from /mnt/c/Users/Raj/OneDrive - Åbo Akademi O365/banking/airflow/.venv/lib/python3.12/site-packages/airflow/example_dags/tutorial_dag.py
[2025-11-22T20:27:29.804+0500] {logging_mixin.py:190} INFO - [2025-11-22T20:27:29.803+0500] {dag.py:3239} INFO - Sync 1 DAGs
[2025-11-22T20:27:29.823+0500] {logging_mixin.py:190} INFO - [2025-11-22T20:27:29.822+0500] {dag.py:4180} INFO - Setting next_dagrun for tutorial_dag to None, run_after=None
[2025-11-22T20:27:29.896+0500] {processor.py:208} INFO - Processing /mnt/c/Users/Raj/OneDrive - Åbo Akademi O365/banking/airflow/.venv/lib/python3.12/site-packages/airflow/example_dags/tutorial_dag.py took 0.288 seconds
[2025-11-22T20:28:54.220+0500] {processor.py:186} INFO - Started process (PID=66314) to work on /mnt/c/Users/Raj/OneDrive - Åbo Akademi O365/banking/airflow/.venv/lib/python3.12/site-packages/airflow/example_dags/tutorial_dag.py
[2025-11-22T20:28:54.222+0500] {processor.py:914} INFO - Processing file /mnt/c/Users/Raj/OneDrive - Åbo Akademi O365/banking/airflow/.venv/lib/python3.12/site-packages/airflow/example_dags/tutorial_dag.py for tasks to queue
[2025-11-22T20:28:54.225+0500] {logging_mixin.py:190} INFO - [2025-11-22T20:28:54.224+0500] {dagbag.py:588} INFO - Filling up the DagBag from /mnt/c/Users/Raj/OneDrive - Åbo Akademi O365/banking/airflow/.venv/lib/python3.12/site-packages/airflow/example_dags/tutorial_dag.py
[2025-11-22T20:28:54.251+0500] {processor.py:925} INFO - DAG(s) 'tutorial_dag' retrieved from /mnt/c/Users/Raj/OneDrive - Åbo Akademi O365/banking/airflow/.venv/lib/python3.12/site-packages/airflow/example_dags/tutorial_dag.py
[2025-11-22T20:28:54.302+0500] {logging_mixin.py:190} INFO - [2025-11-22T20:28:54.300+0500] {dag.py:3239} INFO - Sync 1 DAGs
[2025-11-22T20:28:54.324+0500] {logging_mixin.py:190} INFO - [2025-11-22T20:28:54.323+0500] {dag.py:4180} INFO - Setting next_dagrun for tutorial_dag to None, run_after=None
[2025-11-22T20:28:54.410+0500] {processor.py:208} INFO - Processing /mnt/c/Users/Raj/OneDrive - Åbo Akademi O365/banking/airflow/.venv/lib/python3.12/site-packages/airflow/example_dags/tutorial_dag.py took 0.208 seconds
[2025-11-22T20:29:50.469+0500] {processor.py:186} INFO - Started process (PID=66369) to work on /mnt/c/Users/Raj/OneDrive - Åbo Akademi O365/banking/airflow/.venv/lib/python3.12/site-packages/airflow/example_dags/tutorial_dag.py
[2025-11-22T20:29:50.471+0500] {processor.py:914} INFO - Processing file /mnt/c/Users/Raj/OneDrive - Åbo Akademi O365/banking/airflow/.venv/lib/python3.12/site-packages/airflow/example_dags/tutorial_dag.py for tasks to queue
[2025-11-22T20:29:50.475+0500] {logging_mixin.py:190} INFO - [2025-11-22T20:29:50.473+0500] {dagbag.py:588} INFO - Filling up the DagBag from /mnt/c/Users/Raj/OneDrive - Åbo Akademi O365/banking/airflow/.venv/lib/python3.12/site-packages/airflow/example_dags/tutorial_dag.py
[2025-11-22T20:29:50.499+0500] {processor.py:925} INFO - DAG(s) 'tutorial_dag' retrieved from /mnt/c/Users/Raj/OneDrive - Åbo Akademi O365/banking/airflow/.venv/lib/python3.12/site-packages/airflow/example_dags/tutorial_dag.py
[2025-11-22T20:29:50.533+0500] {logging_mixin.py:190} INFO - [2025-11-22T20:29:50.532+0500] {dag.py:3239} INFO - Sync 1 DAGs
[2025-11-22T20:29:50.549+0500] {logging_mixin.py:190} INFO - [2025-11-22T20:29:50.548+0500] {dag.py:4180} INFO - Setting next_dagrun for tutorial_dag to None, run_after=None
[2025-11-22T20:29:50.634+0500] {processor.py:208} INFO - Processing /mnt/c/Users/Raj/OneDrive - Åbo Akademi O365/banking/airflow/.venv/lib/python3.12/site-packages/airflow/example_dags/tutorial_dag.py took 0.181 seconds
[2025-11-22T20:31:38.172+0500] {processor.py:186} INFO - Started process (PID=66446) to work on /mnt/c/Users/Raj/OneDrive - Åbo Akademi O365/banking/airflow/.venv/lib/python3.12/site-packages/airflow/example_dags/tutorial_dag.py
[2025-11-22T20:31:38.175+0500] {processor.py:914} INFO - Processing file /mnt/c/Users/Raj/OneDrive - Åbo Akademi O365/banking/airflow/.venv/lib/python3.12/site-packages/airflow/example_dags/tutorial_dag.py for tasks to queue
[2025-11-22T20:31:38.180+0500] {logging_mixin.py:190} INFO - [2025-11-22T20:31:38.178+0500] {dagbag.py:588} INFO - Filling up the DagBag from /mnt/c/Users/Raj/OneDrive - Åbo Akademi O365/banking/airflow/.venv/lib/python3.12/site-packages/airflow/example_dags/tutorial_dag.py
[2025-11-22T20:31:38.222+0500] {processor.py:925} INFO - DAG(s) 'tutorial_dag' retrieved from /mnt/c/Users/Raj/OneDrive - Åbo Akademi O365/banking/airflow/.venv/lib/python3.12/site-packages/airflow/example_dags/tutorial_dag.py
[2025-11-22T20:31:38.296+0500] {logging_mixin.py:190} INFO - [2025-11-22T20:31:38.295+0500] {dag.py:3239} INFO - Sync 1 DAGs
[2025-11-22T20:31:38.340+0500] {logging_mixin.py:190} INFO - [2025-11-22T20:31:38.338+0500] {dag.py:4180} INFO - Setting next_dagrun for tutorial_dag to None, run_after=None
[2025-11-22T20:31:38.413+0500] {processor.py:208} INFO - Processing /mnt/c/Users/Raj/OneDrive - Åbo Akademi O365/banking/airflow/.venv/lib/python3.12/site-packages/airflow/example_dags/tutorial_dag.py took 0.264 seconds
[2025-11-22T20:33:11.440+0500] {processor.py:186} INFO - Started process (PID=66521) to work on /mnt/c/Users/Raj/OneDrive - Åbo Akademi O365/banking/airflow/.venv/lib/python3.12/site-packages/airflow/example_dags/tutorial_dag.py
[2025-11-22T20:33:11.447+0500] {processor.py:914} INFO - Processing file /mnt/c/Users/Raj/OneDrive - Åbo Akademi O365/banking/airflow/.venv/lib/python3.12/site-packages/airflow/example_dags/tutorial_dag.py for tasks to queue
[2025-11-22T20:33:11.452+0500] {logging_mixin.py:190} INFO - [2025-11-22T20:33:11.450+0500] {dagbag.py:588} INFO - Filling up the DagBag from /mnt/c/Users/Raj/OneDrive - Åbo Akademi O365/banking/airflow/.venv/lib/python3.12/site-packages/airflow/example_dags/tutorial_dag.py
[2025-11-22T20:33:11.495+0500] {processor.py:925} INFO - DAG(s) 'tutorial_dag' retrieved from /mnt/c/Users/Raj/OneDrive - Åbo Akademi O365/banking/airflow/.venv/lib/python3.12/site-packages/airflow/example_dags/tutorial_dag.py
[2025-11-22T20:33:11.580+0500] {logging_mixin.py:190} INFO - [2025-11-22T20:33:11.578+0500] {dag.py:3239} INFO - Sync 1 DAGs
[2025-11-22T20:33:11.608+0500] {logging_mixin.py:190} INFO - [2025-11-22T20:33:11.607+0500] {dag.py:4180} INFO - Setting next_dagrun for tutorial_dag to None, run_after=None
[2025-11-22T20:33:11.704+0500] {processor.py:208} INFO - Processing /mnt/c/Users/Raj/OneDrive - Åbo Akademi O365/banking/airflow/.venv/lib/python3.12/site-packages/airflow/example_dags/tutorial_dag.py took 0.298 seconds
[2025-11-22T20:34:28.377+0500] {processor.py:186} INFO - Started process (PID=66585) to work on /mnt/c/Users/Raj/OneDrive - Åbo Akademi O365/banking/airflow/.venv/lib/python3.12/site-packages/airflow/example_dags/tutorial_dag.py
[2025-11-22T20:34:28.380+0500] {processor.py:914} INFO - Processing file /mnt/c/Users/Raj/OneDrive - Åbo Akademi O365/banking/airflow/.venv/lib/python3.12/site-packages/airflow/example_dags/tutorial_dag.py for tasks to queue
[2025-11-22T20:34:28.386+0500] {logging_mixin.py:190} INFO - [2025-11-22T20:34:28.384+0500] {dagbag.py:588} INFO - Filling up the DagBag from /mnt/c/Users/Raj/OneDrive - Åbo Akademi O365/banking/airflow/.venv/lib/python3.12/site-packages/airflow/example_dags/tutorial_dag.py
[2025-11-22T20:34:28.427+0500] {processor.py:925} INFO - DAG(s) 'tutorial_dag' retrieved from /mnt/c/Users/Raj/OneDrive - Åbo Akademi O365/banking/airflow/.venv/lib/python3.12/site-packages/airflow/example_dags/tutorial_dag.py
[2025-11-22T20:34:28.482+0500] {logging_mixin.py:190} INFO - [2025-11-22T20:34:28.480+0500] {dag.py:3239} INFO - Sync 1 DAGs
[2025-11-22T20:34:28.511+0500] {logging_mixin.py:190} INFO - [2025-11-22T20:34:28.508+0500] {dag.py:4180} INFO - Setting next_dagrun for tutorial_dag to None, run_after=None
[2025-11-22T20:34:28.594+0500] {processor.py:208} INFO - Processing /mnt/c/Users/Raj/OneDrive - Åbo Akademi O365/banking/airflow/.venv/lib/python3.12/site-packages/airflow/example_dags/tutorial_dag.py took 0.235 seconds
[2025-11-22T20:35:23.525+0500] {processor.py:186} INFO - Started process (PID=66624) to work on /mnt/c/Users/Raj/OneDrive - Åbo Akademi O365/banking/airflow/.venv/lib/python3.12/site-packages/airflow/example_dags/tutorial_dag.py
[2025-11-22T20:35:23.528+0500] {processor.py:914} INFO - Processing file /mnt/c/Users/Raj/OneDrive - Åbo Akademi O365/banking/airflow/.venv/lib/python3.12/site-packages/airflow/example_dags/tutorial_dag.py for tasks to queue
[2025-11-22T20:35:23.532+0500] {logging_mixin.py:190} INFO - [2025-11-22T20:35:23.530+0500] {dagbag.py:588} INFO - Filling up the DagBag from /mnt/c/Users/Raj/OneDrive - Åbo Akademi O365/banking/airflow/.venv/lib/python3.12/site-packages/airflow/example_dags/tutorial_dag.py
[2025-11-22T20:35:23.561+0500] {processor.py:925} INFO - DAG(s) 'tutorial_dag' retrieved from /mnt/c/Users/Raj/OneDrive - Åbo Akademi O365/banking/airflow/.venv/lib/python3.12/site-packages/airflow/example_dags/tutorial_dag.py
[2025-11-22T20:35:23.631+0500] {logging_mixin.py:190} INFO - [2025-11-22T20:35:23.629+0500] {dag.py:3239} INFO - Sync 1 DAGs
[2025-11-22T20:35:23.652+0500] {logging_mixin.py:190} INFO - [2025-11-22T20:35:23.651+0500] {dag.py:4180} INFO - Setting next_dagrun for tutorial_dag to None, run_after=None
[2025-11-22T20:35:23.725+0500] {processor.py:208} INFO - Processing /mnt/c/Users/Raj/OneDrive - Åbo Akademi O365/banking/airflow/.venv/lib/python3.12/site-packages/airflow/example_dags/tutorial_dag.py took 0.220 seconds
[2025-11-22T20:36:20.447+0500] {processor.py:186} INFO - Started process (PID=66666) to work on /mnt/c/Users/Raj/OneDrive - Åbo Akademi O365/banking/airflow/.venv/lib/python3.12/site-packages/airflow/example_dags/tutorial_dag.py
[2025-11-22T20:36:20.449+0500] {processor.py:914} INFO - Processing file /mnt/c/Users/Raj/OneDrive - Åbo Akademi O365/banking/airflow/.venv/lib/python3.12/site-packages/airflow/example_dags/tutorial_dag.py for tasks to queue
[2025-11-22T20:36:20.454+0500] {logging_mixin.py:190} INFO - [2025-11-22T20:36:20.452+0500] {dagbag.py:588} INFO - Filling up the DagBag from /mnt/c/Users/Raj/OneDrive - Åbo Akademi O365/banking/airflow/.venv/lib/python3.12/site-packages/airflow/example_dags/tutorial_dag.py
[2025-11-22T20:36:20.480+0500] {processor.py:925} INFO - DAG(s) 'tutorial_dag' retrieved from /mnt/c/Users/Raj/OneDrive - Åbo Akademi O365/banking/airflow/.venv/lib/python3.12/site-packages/airflow/example_dags/tutorial_dag.py
[2025-11-22T20:36:20.520+0500] {logging_mixin.py:190} INFO - [2025-11-22T20:36:20.518+0500] {dag.py:3239} INFO - Sync 1 DAGs
[2025-11-22T20:36:20.538+0500] {logging_mixin.py:190} INFO - [2025-11-22T20:36:20.536+0500] {dag.py:4180} INFO - Setting next_dagrun for tutorial_dag to None, run_after=None
[2025-11-22T20:36:20.610+0500] {processor.py:208} INFO - Processing /mnt/c/Users/Raj/OneDrive - Åbo Akademi O365/banking/airflow/.venv/lib/python3.12/site-packages/airflow/example_dags/tutorial_dag.py took 0.179 seconds
[2025-11-22T20:37:57.479+0500] {processor.py:186} INFO - Started process (PID=66737) to work on /mnt/c/Users/Raj/OneDrive - Åbo Akademi O365/banking/airflow/.venv/lib/python3.12/site-packages/airflow/example_dags/tutorial_dag.py
[2025-11-22T20:37:57.482+0500] {processor.py:914} INFO - Processing file /mnt/c/Users/Raj/OneDrive - Åbo Akademi O365/banking/airflow/.venv/lib/python3.12/site-packages/airflow/example_dags/tutorial_dag.py for tasks to queue
[2025-11-22T20:37:57.486+0500] {logging_mixin.py:190} INFO - [2025-11-22T20:37:57.484+0500] {dagbag.py:588} INFO - Filling up the DagBag from /mnt/c/Users/Raj/OneDrive - Åbo Akademi O365/banking/airflow/.venv/lib/python3.12/site-packages/airflow/example_dags/tutorial_dag.py
[2025-11-22T20:37:57.513+0500] {processor.py:925} INFO - DAG(s) 'tutorial_dag' retrieved from /mnt/c/Users/Raj/OneDrive - Åbo Akademi O365/banking/airflow/.venv/lib/python3.12/site-packages/airflow/example_dags/tutorial_dag.py
[2025-11-22T20:37:57.555+0500] {logging_mixin.py:190} INFO - [2025-11-22T20:37:57.554+0500] {dag.py:3239} INFO - Sync 1 DAGs
[2025-11-22T20:37:57.574+0500] {logging_mixin.py:190} INFO - [2025-11-22T20:37:57.572+0500] {dag.py:4180} INFO - Setting next_dagrun for tutorial_dag to None, run_after=None
[2025-11-22T20:37:57.649+0500] {processor.py:208} INFO - Processing /mnt/c/Users/Raj/OneDrive - Åbo Akademi O365/banking/airflow/.venv/lib/python3.12/site-packages/airflow/example_dags/tutorial_dag.py took 0.189 seconds
[2025-11-22T20:39:02.616+0500] {processor.py:186} INFO - Started process (PID=66812) to work on /mnt/c/Users/Raj/OneDrive - Åbo Akademi O365/banking/airflow/.venv/lib/python3.12/site-packages/airflow/example_dags/tutorial_dag.py
[2025-11-22T20:39:02.618+0500] {processor.py:914} INFO - Processing file /mnt/c/Users/Raj/OneDrive - Åbo Akademi O365/banking/airflow/.venv/lib/python3.12/site-packages/airflow/example_dags/tutorial_dag.py for tasks to queue
[2025-11-22T20:39:02.621+0500] {logging_mixin.py:190} INFO - [2025-11-22T20:39:02.620+0500] {dagbag.py:588} INFO - Filling up the DagBag from /mnt/c/Users/Raj/OneDrive - Åbo Akademi O365/banking/airflow/.venv/lib/python3.12/site-packages/airflow/example_dags/tutorial_dag.py
[2025-11-22T20:39:02.650+0500] {processor.py:925} INFO - DAG(s) 'tutorial_dag' retrieved from /mnt/c/Users/Raj/OneDrive - Åbo Akademi O365/banking/airflow/.venv/lib/python3.12/site-packages/airflow/example_dags/tutorial_dag.py
[2025-11-22T20:39:02.680+0500] {logging_mixin.py:190} INFO - [2025-11-22T20:39:02.679+0500] {dag.py:3239} INFO - Sync 1 DAGs
[2025-11-22T20:39:02.695+0500] {logging_mixin.py:190} INFO - [2025-11-22T20:39:02.694+0500] {dag.py:4180} INFO - Setting next_dagrun for tutorial_dag to None, run_after=None
[2025-11-22T20:39:02.755+0500] {processor.py:208} INFO - Processing /mnt/c/Users/Raj/OneDrive - Åbo Akademi O365/banking/airflow/.venv/lib/python3.12/site-packages/airflow/example_dags/tutorial_dag.py took 0.155 seconds
[2025-11-22T20:39:54.033+0500] {processor.py:186} INFO - Started process (PID=66866) to work on /mnt/c/Users/Raj/OneDrive - Åbo Akademi O365/banking/airflow/.venv/lib/python3.12/site-packages/airflow/example_dags/tutorial_dag.py
[2025-11-22T20:39:54.038+0500] {processor.py:914} INFO - Processing file /mnt/c/Users/Raj/OneDrive - Åbo Akademi O365/banking/airflow/.venv/lib/python3.12/site-packages/airflow/example_dags/tutorial_dag.py for tasks to queue
[2025-11-22T20:39:54.044+0500] {logging_mixin.py:190} INFO - [2025-11-22T20:39:54.042+0500] {dagbag.py:588} INFO - Filling up the DagBag from /mnt/c/Users/Raj/OneDrive - Åbo Akademi O365/banking/airflow/.venv/lib/python3.12/site-packages/airflow/example_dags/tutorial_dag.py
[2025-11-22T20:39:54.081+0500] {processor.py:925} INFO - DAG(s) 'tutorial_dag' retrieved from /mnt/c/Users/Raj/OneDrive - Åbo Akademi O365/banking/airflow/.venv/lib/python3.12/site-packages/airflow/example_dags/tutorial_dag.py
[2025-11-22T20:39:54.121+0500] {logging_mixin.py:190} INFO - [2025-11-22T20:39:54.120+0500] {dag.py:3239} INFO - Sync 1 DAGs
[2025-11-22T20:39:54.141+0500] {logging_mixin.py:190} INFO - [2025-11-22T20:39:54.139+0500] {dag.py:4180} INFO - Setting next_dagrun for tutorial_dag to None, run_after=None
[2025-11-22T20:39:54.211+0500] {processor.py:208} INFO - Processing /mnt/c/Users/Raj/OneDrive - Åbo Akademi O365/banking/airflow/.venv/lib/python3.12/site-packages/airflow/example_dags/tutorial_dag.py took 0.203 seconds
[2025-11-22T20:40:48.811+0500] {processor.py:186} INFO - Started process (PID=66925) to work on /mnt/c/Users/Raj/OneDrive - Åbo Akademi O365/banking/airflow/.venv/lib/python3.12/site-packages/airflow/example_dags/tutorial_dag.py
[2025-11-22T20:40:48.814+0500] {processor.py:914} INFO - Processing file /mnt/c/Users/Raj/OneDrive - Åbo Akademi O365/banking/airflow/.venv/lib/python3.12/site-packages/airflow/example_dags/tutorial_dag.py for tasks to queue
[2025-11-22T20:40:48.818+0500] {logging_mixin.py:190} INFO - [2025-11-22T20:40:48.816+0500] {dagbag.py:588} INFO - Filling up the DagBag from /mnt/c/Users/Raj/OneDrive - Åbo Akademi O365/banking/airflow/.venv/lib/python3.12/site-packages/airflow/example_dags/tutorial_dag.py
[2025-11-22T20:40:48.851+0500] {processor.py:925} INFO - DAG(s) 'tutorial_dag' retrieved from /mnt/c/Users/Raj/OneDrive - Åbo Akademi O365/banking/airflow/.venv/lib/python3.12/site-packages/airflow/example_dags/tutorial_dag.py
[2025-11-22T20:40:48.893+0500] {logging_mixin.py:190} INFO - [2025-11-22T20:40:48.892+0500] {dag.py:3239} INFO - Sync 1 DAGs
[2025-11-22T20:40:48.913+0500] {logging_mixin.py:190} INFO - [2025-11-22T20:40:48.912+0500] {dag.py:4180} INFO - Setting next_dagrun for tutorial_dag to None, run_after=None
[2025-11-22T20:40:48.989+0500] {processor.py:208} INFO - Processing /mnt/c/Users/Raj/OneDrive - Åbo Akademi O365/banking/airflow/.venv/lib/python3.12/site-packages/airflow/example_dags/tutorial_dag.py took 0.195 seconds
[2025-11-22T20:41:38.840+0500] {processor.py:186} INFO - Started process (PID=66979) to work on /mnt/c/Users/Raj/OneDrive - Åbo Akademi O365/banking/airflow/.venv/lib/python3.12/site-packages/airflow/example_dags/tutorial_dag.py
[2025-11-22T20:41:38.843+0500] {processor.py:914} INFO - Processing file /mnt/c/Users/Raj/OneDrive - Åbo Akademi O365/banking/airflow/.venv/lib/python3.12/site-packages/airflow/example_dags/tutorial_dag.py for tasks to queue
[2025-11-22T20:41:38.847+0500] {logging_mixin.py:190} INFO - [2025-11-22T20:41:38.845+0500] {dagbag.py:588} INFO - Filling up the DagBag from /mnt/c/Users/Raj/OneDrive - Åbo Akademi O365/banking/airflow/.venv/lib/python3.12/site-packages/airflow/example_dags/tutorial_dag.py
[2025-11-22T20:41:38.874+0500] {processor.py:925} INFO - DAG(s) 'tutorial_dag' retrieved from /mnt/c/Users/Raj/OneDrive - Åbo Akademi O365/banking/airflow/.venv/lib/python3.12/site-packages/airflow/example_dags/tutorial_dag.py
[2025-11-22T20:41:38.922+0500] {logging_mixin.py:190} INFO - [2025-11-22T20:41:38.920+0500] {dag.py:3239} INFO - Sync 1 DAGs
[2025-11-22T20:41:38.968+0500] {logging_mixin.py:190} INFO - [2025-11-22T20:41:38.966+0500] {dag.py:4180} INFO - Setting next_dagrun for tutorial_dag to None, run_after=None
[2025-11-22T20:41:39.041+0500] {processor.py:208} INFO - Processing /mnt/c/Users/Raj/OneDrive - Åbo Akademi O365/banking/airflow/.venv/lib/python3.12/site-packages/airflow/example_dags/tutorial_dag.py took 0.217 seconds
[2025-11-22T20:43:07.762+0500] {processor.py:186} INFO - Started process (PID=67052) to work on /mnt/c/Users/Raj/OneDrive - Åbo Akademi O365/banking/airflow/.venv/lib/python3.12/site-packages/airflow/example_dags/tutorial_dag.py
[2025-11-22T20:43:07.764+0500] {processor.py:914} INFO - Processing file /mnt/c/Users/Raj/OneDrive - Åbo Akademi O365/banking/airflow/.venv/lib/python3.12/site-packages/airflow/example_dags/tutorial_dag.py for tasks to queue
[2025-11-22T20:43:07.768+0500] {logging_mixin.py:190} INFO - [2025-11-22T20:43:07.766+0500] {dagbag.py:588} INFO - Filling up the DagBag from /mnt/c/Users/Raj/OneDrive - Åbo Akademi O365/banking/airflow/.venv/lib/python3.12/site-packages/airflow/example_dags/tutorial_dag.py
[2025-11-22T20:43:07.797+0500] {processor.py:925} INFO - DAG(s) 'tutorial_dag' retrieved from /mnt/c/Users/Raj/OneDrive - Åbo Akademi O365/banking/airflow/.venv/lib/python3.12/site-packages/airflow/example_dags/tutorial_dag.py
[2025-11-22T20:43:07.853+0500] {logging_mixin.py:190} INFO - [2025-11-22T20:43:07.851+0500] {dag.py:3239} INFO - Sync 1 DAGs
[2025-11-22T20:43:07.885+0500] {logging_mixin.py:190} INFO - [2025-11-22T20:43:07.883+0500] {dag.py:4180} INFO - Setting next_dagrun for tutorial_dag to None, run_after=None
[2025-11-22T20:43:07.961+0500] {processor.py:208} INFO - Processing /mnt/c/Users/Raj/OneDrive - Åbo Akademi O365/banking/airflow/.venv/lib/python3.12/site-packages/airflow/example_dags/tutorial_dag.py took 0.221 seconds
[2025-11-22T20:44:00.662+0500] {processor.py:186} INFO - Started process (PID=67091) to work on /mnt/c/Users/Raj/OneDrive - Åbo Akademi O365/banking/airflow/.venv/lib/python3.12/site-packages/airflow/example_dags/tutorial_dag.py
[2025-11-22T20:44:00.664+0500] {processor.py:914} INFO - Processing file /mnt/c/Users/Raj/OneDrive - Åbo Akademi O365/banking/airflow/.venv/lib/python3.12/site-packages/airflow/example_dags/tutorial_dag.py for tasks to queue
[2025-11-22T20:44:00.667+0500] {logging_mixin.py:190} INFO - [2025-11-22T20:44:00.666+0500] {dagbag.py:588} INFO - Filling up the DagBag from /mnt/c/Users/Raj/OneDrive - Åbo Akademi O365/banking/airflow/.venv/lib/python3.12/site-packages/airflow/example_dags/tutorial_dag.py
[2025-11-22T20:44:00.687+0500] {processor.py:925} INFO - DAG(s) 'tutorial_dag' retrieved from /mnt/c/Users/Raj/OneDrive - Åbo Akademi O365/banking/airflow/.venv/lib/python3.12/site-packages/airflow/example_dags/tutorial_dag.py
[2025-11-22T20:44:00.725+0500] {logging_mixin.py:190} INFO - [2025-11-22T20:44:00.724+0500] {dag.py:3239} INFO - Sync 1 DAGs
[2025-11-22T20:44:00.741+0500] {logging_mixin.py:190} INFO - [2025-11-22T20:44:00.740+0500] {dag.py:4180} INFO - Setting next_dagrun for tutorial_dag to None, run_after=None
[2025-11-22T20:44:00.800+0500] {processor.py:208} INFO - Processing /mnt/c/Users/Raj/OneDrive - Åbo Akademi O365/banking/airflow/.venv/lib/python3.12/site-packages/airflow/example_dags/tutorial_dag.py took 0.151 seconds
[2025-11-22T20:44:50.631+0500] {processor.py:186} INFO - Started process (PID=67134) to work on /mnt/c/Users/Raj/OneDrive - Åbo Akademi O365/banking/airflow/.venv/lib/python3.12/site-packages/airflow/example_dags/tutorial_dag.py
[2025-11-22T20:44:50.634+0500] {processor.py:914} INFO - Processing file /mnt/c/Users/Raj/OneDrive - Åbo Akademi O365/banking/airflow/.venv/lib/python3.12/site-packages/airflow/example_dags/tutorial_dag.py for tasks to queue
[2025-11-22T20:44:50.638+0500] {logging_mixin.py:190} INFO - [2025-11-22T20:44:50.636+0500] {dagbag.py:588} INFO - Filling up the DagBag from /mnt/c/Users/Raj/OneDrive - Åbo Akademi O365/banking/airflow/.venv/lib/python3.12/site-packages/airflow/example_dags/tutorial_dag.py
[2025-11-22T20:44:50.665+0500] {processor.py:925} INFO - DAG(s) 'tutorial_dag' retrieved from /mnt/c/Users/Raj/OneDrive - Åbo Akademi O365/banking/airflow/.venv/lib/python3.12/site-packages/airflow/example_dags/tutorial_dag.py
[2025-11-22T20:44:50.697+0500] {logging_mixin.py:190} INFO - [2025-11-22T20:44:50.696+0500] {dag.py:3239} INFO - Sync 1 DAGs
[2025-11-22T20:44:50.712+0500] {logging_mixin.py:190} INFO - [2025-11-22T20:44:50.711+0500] {dag.py:4180} INFO - Setting next_dagrun for tutorial_dag to None, run_after=None
[2025-11-22T20:44:50.775+0500] {processor.py:208} INFO - Processing /mnt/c/Users/Raj/OneDrive - Åbo Akademi O365/banking/airflow/.venv/lib/python3.12/site-packages/airflow/example_dags/tutorial_dag.py took 0.161 seconds
[2025-11-22T20:45:38.119+0500] {processor.py:186} INFO - Started process (PID=67171) to work on /mnt/c/Users/Raj/OneDrive - Åbo Akademi O365/banking/airflow/.venv/lib/python3.12/site-packages/airflow/example_dags/tutorial_dag.py
[2025-11-22T20:45:38.121+0500] {processor.py:914} INFO - Processing file /mnt/c/Users/Raj/OneDrive - Åbo Akademi O365/banking/airflow/.venv/lib/python3.12/site-packages/airflow/example_dags/tutorial_dag.py for tasks to queue
[2025-11-22T20:45:38.125+0500] {logging_mixin.py:190} INFO - [2025-11-22T20:45:38.123+0500] {dagbag.py:588} INFO - Filling up the DagBag from /mnt/c/Users/Raj/OneDrive - Åbo Akademi O365/banking/airflow/.venv/lib/python3.12/site-packages/airflow/example_dags/tutorial_dag.py
[2025-11-22T20:45:38.155+0500] {processor.py:925} INFO - DAG(s) 'tutorial_dag' retrieved from /mnt/c/Users/Raj/OneDrive - Åbo Akademi O365/banking/airflow/.venv/lib/python3.12/site-packages/airflow/example_dags/tutorial_dag.py
[2025-11-22T20:45:38.194+0500] {logging_mixin.py:190} INFO - [2025-11-22T20:45:38.193+0500] {dag.py:3239} INFO - Sync 1 DAGs
[2025-11-22T20:45:38.221+0500] {logging_mixin.py:190} INFO - [2025-11-22T20:45:38.220+0500] {dag.py:4180} INFO - Setting next_dagrun for tutorial_dag to None, run_after=None
[2025-11-22T20:45:38.301+0500] {processor.py:208} INFO - Processing /mnt/c/Users/Raj/OneDrive - Åbo Akademi O365/banking/airflow/.venv/lib/python3.12/site-packages/airflow/example_dags/tutorial_dag.py took 0.198 seconds
[2025-11-22T20:46:26.633+0500] {processor.py:186} INFO - Started process (PID=67206) to work on /mnt/c/Users/Raj/OneDrive - Åbo Akademi O365/banking/airflow/.venv/lib/python3.12/site-packages/airflow/example_dags/tutorial_dag.py
[2025-11-22T20:46:26.635+0500] {processor.py:914} INFO - Processing file /mnt/c/Users/Raj/OneDrive - Åbo Akademi O365/banking/airflow/.venv/lib/python3.12/site-packages/airflow/example_dags/tutorial_dag.py for tasks to queue
[2025-11-22T20:46:26.639+0500] {logging_mixin.py:190} INFO - [2025-11-22T20:46:26.638+0500] {dagbag.py:588} INFO - Filling up the DagBag from /mnt/c/Users/Raj/OneDrive - Åbo Akademi O365/banking/airflow/.venv/lib/python3.12/site-packages/airflow/example_dags/tutorial_dag.py
[2025-11-22T20:46:26.671+0500] {processor.py:925} INFO - DAG(s) 'tutorial_dag' retrieved from /mnt/c/Users/Raj/OneDrive - Åbo Akademi O365/banking/airflow/.venv/lib/python3.12/site-packages/airflow/example_dags/tutorial_dag.py
[2025-11-22T20:46:26.712+0500] {logging_mixin.py:190} INFO - [2025-11-22T20:46:26.710+0500] {dag.py:3239} INFO - Sync 1 DAGs
[2025-11-22T20:46:26.730+0500] {logging_mixin.py:190} INFO - [2025-11-22T20:46:26.728+0500] {dag.py:4180} INFO - Setting next_dagrun for tutorial_dag to None, run_after=None
[2025-11-22T20:46:26.806+0500] {processor.py:208} INFO - Processing /mnt/c/Users/Raj/OneDrive - Åbo Akademi O365/banking/airflow/.venv/lib/python3.12/site-packages/airflow/example_dags/tutorial_dag.py took 0.190 seconds
[2025-11-22T20:47:17.790+0500] {processor.py:186} INFO - Started process (PID=67249) to work on /mnt/c/Users/Raj/OneDrive - Åbo Akademi O365/banking/airflow/.venv/lib/python3.12/site-packages/airflow/example_dags/tutorial_dag.py
[2025-11-22T20:47:17.792+0500] {processor.py:914} INFO - Processing file /mnt/c/Users/Raj/OneDrive - Åbo Akademi O365/banking/airflow/.venv/lib/python3.12/site-packages/airflow/example_dags/tutorial_dag.py for tasks to queue
[2025-11-22T20:47:17.796+0500] {logging_mixin.py:190} INFO - [2025-11-22T20:47:17.794+0500] {dagbag.py:588} INFO - Filling up the DagBag from /mnt/c/Users/Raj/OneDrive - Åbo Akademi O365/banking/airflow/.venv/lib/python3.12/site-packages/airflow/example_dags/tutorial_dag.py
[2025-11-22T20:47:17.821+0500] {processor.py:925} INFO - DAG(s) 'tutorial_dag' retrieved from /mnt/c/Users/Raj/OneDrive - Åbo Akademi O365/banking/airflow/.venv/lib/python3.12/site-packages/airflow/example_dags/tutorial_dag.py
[2025-11-22T20:47:17.856+0500] {logging_mixin.py:190} INFO - [2025-11-22T20:47:17.855+0500] {dag.py:3239} INFO - Sync 1 DAGs
[2025-11-22T20:47:17.873+0500] {logging_mixin.py:190} INFO - [2025-11-22T20:47:17.872+0500] {dag.py:4180} INFO - Setting next_dagrun for tutorial_dag to None, run_after=None
[2025-11-22T20:47:17.946+0500] {processor.py:208} INFO - Processing /mnt/c/Users/Raj/OneDrive - Åbo Akademi O365/banking/airflow/.venv/lib/python3.12/site-packages/airflow/example_dags/tutorial_dag.py took 0.171 seconds
[2025-11-22T20:48:11.313+0500] {processor.py:186} INFO - Started process (PID=67286) to work on /mnt/c/Users/Raj/OneDrive - Åbo Akademi O365/banking/airflow/.venv/lib/python3.12/site-packages/airflow/example_dags/tutorial_dag.py
[2025-11-22T20:48:11.315+0500] {processor.py:914} INFO - Processing file /mnt/c/Users/Raj/OneDrive - Åbo Akademi O365/banking/airflow/.venv/lib/python3.12/site-packages/airflow/example_dags/tutorial_dag.py for tasks to queue
[2025-11-22T20:48:11.319+0500] {logging_mixin.py:190} INFO - [2025-11-22T20:48:11.318+0500] {dagbag.py:588} INFO - Filling up the DagBag from /mnt/c/Users/Raj/OneDrive - Åbo Akademi O365/banking/airflow/.venv/lib/python3.12/site-packages/airflow/example_dags/tutorial_dag.py
[2025-11-22T20:48:11.349+0500] {processor.py:925} INFO - DAG(s) 'tutorial_dag' retrieved from /mnt/c/Users/Raj/OneDrive - Åbo Akademi O365/banking/airflow/.venv/lib/python3.12/site-packages/airflow/example_dags/tutorial_dag.py
[2025-11-22T20:48:11.392+0500] {logging_mixin.py:190} INFO - [2025-11-22T20:48:11.391+0500] {dag.py:3239} INFO - Sync 1 DAGs
[2025-11-22T20:48:11.410+0500] {logging_mixin.py:190} INFO - [2025-11-22T20:48:11.409+0500] {dag.py:4180} INFO - Setting next_dagrun for tutorial_dag to None, run_after=None
[2025-11-22T20:48:11.484+0500] {processor.py:208} INFO - Processing /mnt/c/Users/Raj/OneDrive - Åbo Akademi O365/banking/airflow/.venv/lib/python3.12/site-packages/airflow/example_dags/tutorial_dag.py took 0.188 seconds
[2025-11-22T20:48:58.541+0500] {processor.py:186} INFO - Started process (PID=67329) to work on /mnt/c/Users/Raj/OneDrive - Åbo Akademi O365/banking/airflow/.venv/lib/python3.12/site-packages/airflow/example_dags/tutorial_dag.py
[2025-11-22T20:48:58.543+0500] {processor.py:914} INFO - Processing file /mnt/c/Users/Raj/OneDrive - Åbo Akademi O365/banking/airflow/.venv/lib/python3.12/site-packages/airflow/example_dags/tutorial_dag.py for tasks to queue
[2025-11-22T20:48:58.546+0500] {logging_mixin.py:190} INFO - [2025-11-22T20:48:58.545+0500] {dagbag.py:588} INFO - Filling up the DagBag from /mnt/c/Users/Raj/OneDrive - Åbo Akademi O365/banking/airflow/.venv/lib/python3.12/site-packages/airflow/example_dags/tutorial_dag.py
[2025-11-22T20:48:58.565+0500] {processor.py:925} INFO - DAG(s) 'tutorial_dag' retrieved from /mnt/c/Users/Raj/OneDrive - Åbo Akademi O365/banking/airflow/.venv/lib/python3.12/site-packages/airflow/example_dags/tutorial_dag.py
[2025-11-22T20:48:58.599+0500] {logging_mixin.py:190} INFO - [2025-11-22T20:48:58.597+0500] {dag.py:3239} INFO - Sync 1 DAGs
[2025-11-22T20:48:58.615+0500] {logging_mixin.py:190} INFO - [2025-11-22T20:48:58.614+0500] {dag.py:4180} INFO - Setting next_dagrun for tutorial_dag to None, run_after=None
[2025-11-22T20:48:58.689+0500] {processor.py:208} INFO - Processing /mnt/c/Users/Raj/OneDrive - Åbo Akademi O365/banking/airflow/.venv/lib/python3.12/site-packages/airflow/example_dags/tutorial_dag.py took 0.160 seconds
[2025-11-22T20:49:51.107+0500] {processor.py:186} INFO - Started process (PID=67366) to work on /mnt/c/Users/Raj/OneDrive - Åbo Akademi O365/banking/airflow/.venv/lib/python3.12/site-packages/airflow/example_dags/tutorial_dag.py
[2025-11-22T20:49:51.110+0500] {processor.py:914} INFO - Processing file /mnt/c/Users/Raj/OneDrive - Åbo Akademi O365/banking/airflow/.venv/lib/python3.12/site-packages/airflow/example_dags/tutorial_dag.py for tasks to queue
[2025-11-22T20:49:51.114+0500] {logging_mixin.py:190} INFO - [2025-11-22T20:49:51.112+0500] {dagbag.py:588} INFO - Filling up the DagBag from /mnt/c/Users/Raj/OneDrive - Åbo Akademi O365/banking/airflow/.venv/lib/python3.12/site-packages/airflow/example_dags/tutorial_dag.py
[2025-11-22T20:49:51.142+0500] {processor.py:925} INFO - DAG(s) 'tutorial_dag' retrieved from /mnt/c/Users/Raj/OneDrive - Åbo Akademi O365/banking/airflow/.venv/lib/python3.12/site-packages/airflow/example_dags/tutorial_dag.py
[2025-11-22T20:49:51.183+0500] {logging_mixin.py:190} INFO - [2025-11-22T20:49:51.182+0500] {dag.py:3239} INFO - Sync 1 DAGs
[2025-11-22T20:49:51.205+0500] {logging_mixin.py:190} INFO - [2025-11-22T20:49:51.203+0500] {dag.py:4180} INFO - Setting next_dagrun for tutorial_dag to None, run_after=None
[2025-11-22T20:49:51.268+0500] {processor.py:208} INFO - Processing /mnt/c/Users/Raj/OneDrive - Åbo Akademi O365/banking/airflow/.venv/lib/python3.12/site-packages/airflow/example_dags/tutorial_dag.py took 0.182 seconds
[2025-11-22T20:50:40.162+0500] {processor.py:186} INFO - Started process (PID=67404) to work on /mnt/c/Users/Raj/OneDrive - Åbo Akademi O365/banking/airflow/.venv/lib/python3.12/site-packages/airflow/example_dags/tutorial_dag.py
[2025-11-22T20:50:40.164+0500] {processor.py:914} INFO - Processing file /mnt/c/Users/Raj/OneDrive - Åbo Akademi O365/banking/airflow/.venv/lib/python3.12/site-packages/airflow/example_dags/tutorial_dag.py for tasks to queue
[2025-11-22T20:50:40.168+0500] {logging_mixin.py:190} INFO - [2025-11-22T20:50:40.166+0500] {dagbag.py:588} INFO - Filling up the DagBag from /mnt/c/Users/Raj/OneDrive - Åbo Akademi O365/banking/airflow/.venv/lib/python3.12/site-packages/airflow/example_dags/tutorial_dag.py
[2025-11-22T20:50:40.193+0500] {processor.py:925} INFO - DAG(s) 'tutorial_dag' retrieved from /mnt/c/Users/Raj/OneDrive - Åbo Akademi O365/banking/airflow/.venv/lib/python3.12/site-packages/airflow/example_dags/tutorial_dag.py
[2025-11-22T20:50:40.234+0500] {logging_mixin.py:190} INFO - [2025-11-22T20:50:40.232+0500] {dag.py:3239} INFO - Sync 1 DAGs
[2025-11-22T20:50:40.251+0500] {logging_mixin.py:190} INFO - [2025-11-22T20:50:40.249+0500] {dag.py:4180} INFO - Setting next_dagrun for tutorial_dag to None, run_after=None
[2025-11-22T20:50:40.325+0500] {processor.py:208} INFO - Processing /mnt/c/Users/Raj/OneDrive - Åbo Akademi O365/banking/airflow/.venv/lib/python3.12/site-packages/airflow/example_dags/tutorial_dag.py took 0.178 seconds
[2025-11-22T20:51:33.101+0500] {processor.py:186} INFO - Started process (PID=67447) to work on /mnt/c/Users/Raj/OneDrive - Åbo Akademi O365/banking/airflow/.venv/lib/python3.12/site-packages/airflow/example_dags/tutorial_dag.py
[2025-11-22T20:51:33.104+0500] {processor.py:914} INFO - Processing file /mnt/c/Users/Raj/OneDrive - Åbo Akademi O365/banking/airflow/.venv/lib/python3.12/site-packages/airflow/example_dags/tutorial_dag.py for tasks to queue
[2025-11-22T20:51:33.108+0500] {logging_mixin.py:190} INFO - [2025-11-22T20:51:33.107+0500] {dagbag.py:588} INFO - Filling up the DagBag from /mnt/c/Users/Raj/OneDrive - Åbo Akademi O365/banking/airflow/.venv/lib/python3.12/site-packages/airflow/example_dags/tutorial_dag.py
[2025-11-22T20:51:33.135+0500] {processor.py:925} INFO - DAG(s) 'tutorial_dag' retrieved from /mnt/c/Users/Raj/OneDrive - Åbo Akademi O365/banking/airflow/.venv/lib/python3.12/site-packages/airflow/example_dags/tutorial_dag.py
[2025-11-22T20:51:33.170+0500] {logging_mixin.py:190} INFO - [2025-11-22T20:51:33.169+0500] {dag.py:3239} INFO - Sync 1 DAGs
[2025-11-22T20:51:33.186+0500] {logging_mixin.py:190} INFO - [2025-11-22T20:51:33.185+0500] {dag.py:4180} INFO - Setting next_dagrun for tutorial_dag to None, run_after=None
[2025-11-22T20:51:33.269+0500] {processor.py:208} INFO - Processing /mnt/c/Users/Raj/OneDrive - Åbo Akademi O365/banking/airflow/.venv/lib/python3.12/site-packages/airflow/example_dags/tutorial_dag.py took 0.187 seconds
[2025-11-22T20:52:25.343+0500] {processor.py:186} INFO - Started process (PID=67486) to work on /mnt/c/Users/Raj/OneDrive - Åbo Akademi O365/banking/airflow/.venv/lib/python3.12/site-packages/airflow/example_dags/tutorial_dag.py
[2025-11-22T20:52:25.346+0500] {processor.py:914} INFO - Processing file /mnt/c/Users/Raj/OneDrive - Åbo Akademi O365/banking/airflow/.venv/lib/python3.12/site-packages/airflow/example_dags/tutorial_dag.py for tasks to queue
[2025-11-22T20:52:25.350+0500] {logging_mixin.py:190} INFO - [2025-11-22T20:52:25.348+0500] {dagbag.py:588} INFO - Filling up the DagBag from /mnt/c/Users/Raj/OneDrive - Åbo Akademi O365/banking/airflow/.venv/lib/python3.12/site-packages/airflow/example_dags/tutorial_dag.py
[2025-11-22T20:52:25.376+0500] {processor.py:925} INFO - DAG(s) 'tutorial_dag' retrieved from /mnt/c/Users/Raj/OneDrive - Åbo Akademi O365/banking/airflow/.venv/lib/python3.12/site-packages/airflow/example_dags/tutorial_dag.py
[2025-11-22T20:52:25.410+0500] {logging_mixin.py:190} INFO - [2025-11-22T20:52:25.409+0500] {dag.py:3239} INFO - Sync 1 DAGs
[2025-11-22T20:52:25.429+0500] {logging_mixin.py:190} INFO - [2025-11-22T20:52:25.427+0500] {dag.py:4180} INFO - Setting next_dagrun for tutorial_dag to None, run_after=None
[2025-11-22T20:52:25.504+0500] {processor.py:208} INFO - Processing /mnt/c/Users/Raj/OneDrive - Åbo Akademi O365/banking/airflow/.venv/lib/python3.12/site-packages/airflow/example_dags/tutorial_dag.py took 0.178 seconds
[2025-11-22T20:53:18.524+0500] {processor.py:186} INFO - Started process (PID=67532) to work on /mnt/c/Users/Raj/OneDrive - Åbo Akademi O365/banking/airflow/.venv/lib/python3.12/site-packages/airflow/example_dags/tutorial_dag.py
[2025-11-22T20:53:18.527+0500] {processor.py:914} INFO - Processing file /mnt/c/Users/Raj/OneDrive - Åbo Akademi O365/banking/airflow/.venv/lib/python3.12/site-packages/airflow/example_dags/tutorial_dag.py for tasks to queue
[2025-11-22T20:53:18.531+0500] {logging_mixin.py:190} INFO - [2025-11-22T20:53:18.530+0500] {dagbag.py:588} INFO - Filling up the DagBag from /mnt/c/Users/Raj/OneDrive - Åbo Akademi O365/banking/airflow/.venv/lib/python3.12/site-packages/airflow/example_dags/tutorial_dag.py
[2025-11-22T20:53:18.561+0500] {processor.py:925} INFO - DAG(s) 'tutorial_dag' retrieved from /mnt/c/Users/Raj/OneDrive - Åbo Akademi O365/banking/airflow/.venv/lib/python3.12/site-packages/airflow/example_dags/tutorial_dag.py
[2025-11-22T20:53:18.639+0500] {logging_mixin.py:190} INFO - [2025-11-22T20:53:18.636+0500] {dag.py:3239} INFO - Sync 1 DAGs
[2025-11-22T20:53:18.671+0500] {logging_mixin.py:190} INFO - [2025-11-22T20:53:18.670+0500] {dag.py:4180} INFO - Setting next_dagrun for tutorial_dag to None, run_after=None
[2025-11-22T20:53:18.765+0500] {processor.py:208} INFO - Processing /mnt/c/Users/Raj/OneDrive - Åbo Akademi O365/banking/airflow/.venv/lib/python3.12/site-packages/airflow/example_dags/tutorial_dag.py took 0.256 seconds
[2025-11-22T20:54:07.969+0500] {processor.py:186} INFO - Started process (PID=67569) to work on /mnt/c/Users/Raj/OneDrive - Åbo Akademi O365/banking/airflow/.venv/lib/python3.12/site-packages/airflow/example_dags/tutorial_dag.py
[2025-11-22T20:54:07.972+0500] {processor.py:914} INFO - Processing file /mnt/c/Users/Raj/OneDrive - Åbo Akademi O365/banking/airflow/.venv/lib/python3.12/site-packages/airflow/example_dags/tutorial_dag.py for tasks to queue
[2025-11-22T20:54:07.976+0500] {logging_mixin.py:190} INFO - [2025-11-22T20:54:07.974+0500] {dagbag.py:588} INFO - Filling up the DagBag from /mnt/c/Users/Raj/OneDrive - Åbo Akademi O365/banking/airflow/.venv/lib/python3.12/site-packages/airflow/example_dags/tutorial_dag.py
[2025-11-22T20:54:08.009+0500] {processor.py:925} INFO - DAG(s) 'tutorial_dag' retrieved from /mnt/c/Users/Raj/OneDrive - Åbo Akademi O365/banking/airflow/.venv/lib/python3.12/site-packages/airflow/example_dags/tutorial_dag.py
[2025-11-22T20:54:08.055+0500] {logging_mixin.py:190} INFO - [2025-11-22T20:54:08.054+0500] {dag.py:3239} INFO - Sync 1 DAGs
[2025-11-22T20:54:08.078+0500] {logging_mixin.py:190} INFO - [2025-11-22T20:54:08.076+0500] {dag.py:4180} INFO - Setting next_dagrun for tutorial_dag to None, run_after=None
[2025-11-22T20:54:08.168+0500] {processor.py:208} INFO - Processing /mnt/c/Users/Raj/OneDrive - Åbo Akademi O365/banking/airflow/.venv/lib/python3.12/site-packages/airflow/example_dags/tutorial_dag.py took 0.216 seconds
[2025-11-22T20:55:00.564+0500] {processor.py:186} INFO - Started process (PID=67625) to work on /mnt/c/Users/Raj/OneDrive - Åbo Akademi O365/banking/airflow/.venv/lib/python3.12/site-packages/airflow/example_dags/tutorial_dag.py
[2025-11-22T20:55:00.566+0500] {processor.py:914} INFO - Processing file /mnt/c/Users/Raj/OneDrive - Åbo Akademi O365/banking/airflow/.venv/lib/python3.12/site-packages/airflow/example_dags/tutorial_dag.py for tasks to queue
[2025-11-22T20:55:00.570+0500] {logging_mixin.py:190} INFO - [2025-11-22T20:55:00.569+0500] {dagbag.py:588} INFO - Filling up the DagBag from /mnt/c/Users/Raj/OneDrive - Åbo Akademi O365/banking/airflow/.venv/lib/python3.12/site-packages/airflow/example_dags/tutorial_dag.py
[2025-11-22T20:55:00.602+0500] {processor.py:925} INFO - DAG(s) 'tutorial_dag' retrieved from /mnt/c/Users/Raj/OneDrive - Åbo Akademi O365/banking/airflow/.venv/lib/python3.12/site-packages/airflow/example_dags/tutorial_dag.py
[2025-11-22T20:55:00.646+0500] {logging_mixin.py:190} INFO - [2025-11-22T20:55:00.644+0500] {dag.py:3239} INFO - Sync 1 DAGs
[2025-11-22T20:55:00.671+0500] {logging_mixin.py:190} INFO - [2025-11-22T20:55:00.670+0500] {dag.py:4180} INFO - Setting next_dagrun for tutorial_dag to None, run_after=None
[2025-11-22T20:55:00.745+0500] {processor.py:208} INFO - Processing /mnt/c/Users/Raj/OneDrive - Åbo Akademi O365/banking/airflow/.venv/lib/python3.12/site-packages/airflow/example_dags/tutorial_dag.py took 0.199 seconds
[2025-11-22T20:55:50.838+0500] {processor.py:186} INFO - Started process (PID=67732) to work on /mnt/c/Users/Raj/OneDrive - Åbo Akademi O365/banking/airflow/.venv/lib/python3.12/site-packages/airflow/example_dags/tutorial_dag.py
[2025-11-22T20:55:50.840+0500] {processor.py:914} INFO - Processing file /mnt/c/Users/Raj/OneDrive - Åbo Akademi O365/banking/airflow/.venv/lib/python3.12/site-packages/airflow/example_dags/tutorial_dag.py for tasks to queue
[2025-11-22T20:55:50.844+0500] {logging_mixin.py:190} INFO - [2025-11-22T20:55:50.842+0500] {dagbag.py:588} INFO - Filling up the DagBag from /mnt/c/Users/Raj/OneDrive - Åbo Akademi O365/banking/airflow/.venv/lib/python3.12/site-packages/airflow/example_dags/tutorial_dag.py
[2025-11-22T20:55:50.866+0500] {processor.py:925} INFO - DAG(s) 'tutorial_dag' retrieved from /mnt/c/Users/Raj/OneDrive - Åbo Akademi O365/banking/airflow/.venv/lib/python3.12/site-packages/airflow/example_dags/tutorial_dag.py
[2025-11-22T20:55:50.908+0500] {logging_mixin.py:190} INFO - [2025-11-22T20:55:50.907+0500] {dag.py:3239} INFO - Sync 1 DAGs
[2025-11-22T20:55:50.926+0500] {logging_mixin.py:190} INFO - [2025-11-22T20:55:50.925+0500] {dag.py:4180} INFO - Setting next_dagrun for tutorial_dag to None, run_after=None
[2025-11-22T20:55:50.992+0500] {processor.py:208} INFO - Processing /mnt/c/Users/Raj/OneDrive - Åbo Akademi O365/banking/airflow/.venv/lib/python3.12/site-packages/airflow/example_dags/tutorial_dag.py took 0.168 seconds
[2025-11-22T20:56:43.517+0500] {processor.py:186} INFO - Started process (PID=67771) to work on /mnt/c/Users/Raj/OneDrive - Åbo Akademi O365/banking/airflow/.venv/lib/python3.12/site-packages/airflow/example_dags/tutorial_dag.py
[2025-11-22T20:56:43.520+0500] {processor.py:914} INFO - Processing file /mnt/c/Users/Raj/OneDrive - Åbo Akademi O365/banking/airflow/.venv/lib/python3.12/site-packages/airflow/example_dags/tutorial_dag.py for tasks to queue
[2025-11-22T20:56:43.523+0500] {logging_mixin.py:190} INFO - [2025-11-22T20:56:43.522+0500] {dagbag.py:588} INFO - Filling up the DagBag from /mnt/c/Users/Raj/OneDrive - Åbo Akademi O365/banking/airflow/.venv/lib/python3.12/site-packages/airflow/example_dags/tutorial_dag.py
[2025-11-22T20:56:43.545+0500] {processor.py:925} INFO - DAG(s) 'tutorial_dag' retrieved from /mnt/c/Users/Raj/OneDrive - Åbo Akademi O365/banking/airflow/.venv/lib/python3.12/site-packages/airflow/example_dags/tutorial_dag.py
[2025-11-22T20:56:43.584+0500] {logging_mixin.py:190} INFO - [2025-11-22T20:56:43.583+0500] {dag.py:3239} INFO - Sync 1 DAGs
[2025-11-22T20:56:43.601+0500] {logging_mixin.py:190} INFO - [2025-11-22T20:56:43.600+0500] {dag.py:4180} INFO - Setting next_dagrun for tutorial_dag to None, run_after=None
[2025-11-22T20:56:43.675+0500] {processor.py:208} INFO - Processing /mnt/c/Users/Raj/OneDrive - Åbo Akademi O365/banking/airflow/.venv/lib/python3.12/site-packages/airflow/example_dags/tutorial_dag.py took 0.171 seconds
[2025-11-22T20:57:35.208+0500] {processor.py:186} INFO - Started process (PID=67815) to work on /mnt/c/Users/Raj/OneDrive - Åbo Akademi O365/banking/airflow/.venv/lib/python3.12/site-packages/airflow/example_dags/tutorial_dag.py
[2025-11-22T20:57:35.210+0500] {processor.py:914} INFO - Processing file /mnt/c/Users/Raj/OneDrive - Åbo Akademi O365/banking/airflow/.venv/lib/python3.12/site-packages/airflow/example_dags/tutorial_dag.py for tasks to queue
[2025-11-22T20:57:35.214+0500] {logging_mixin.py:190} INFO - [2025-11-22T20:57:35.212+0500] {dagbag.py:588} INFO - Filling up the DagBag from /mnt/c/Users/Raj/OneDrive - Åbo Akademi O365/banking/airflow/.venv/lib/python3.12/site-packages/airflow/example_dags/tutorial_dag.py
[2025-11-22T20:57:35.243+0500] {processor.py:925} INFO - DAG(s) 'tutorial_dag' retrieved from /mnt/c/Users/Raj/OneDrive - Åbo Akademi O365/banking/airflow/.venv/lib/python3.12/site-packages/airflow/example_dags/tutorial_dag.py
[2025-11-22T20:57:35.284+0500] {logging_mixin.py:190} INFO - [2025-11-22T20:57:35.283+0500] {dag.py:3239} INFO - Sync 1 DAGs
[2025-11-22T20:57:35.302+0500] {logging_mixin.py:190} INFO - [2025-11-22T20:57:35.300+0500] {dag.py:4180} INFO - Setting next_dagrun for tutorial_dag to None, run_after=None
[2025-11-22T20:57:35.375+0500] {processor.py:208} INFO - Processing /mnt/c/Users/Raj/OneDrive - Åbo Akademi O365/banking/airflow/.venv/lib/python3.12/site-packages/airflow/example_dags/tutorial_dag.py took 0.183 seconds
[2025-11-22T20:58:28.488+0500] {processor.py:186} INFO - Started process (PID=67851) to work on /mnt/c/Users/Raj/OneDrive - Åbo Akademi O365/banking/airflow/.venv/lib/python3.12/site-packages/airflow/example_dags/tutorial_dag.py
[2025-11-22T20:58:28.491+0500] {processor.py:914} INFO - Processing file /mnt/c/Users/Raj/OneDrive - Åbo Akademi O365/banking/airflow/.venv/lib/python3.12/site-packages/airflow/example_dags/tutorial_dag.py for tasks to queue
[2025-11-22T20:58:28.494+0500] {logging_mixin.py:190} INFO - [2025-11-22T20:58:28.493+0500] {dagbag.py:588} INFO - Filling up the DagBag from /mnt/c/Users/Raj/OneDrive - Åbo Akademi O365/banking/airflow/.venv/lib/python3.12/site-packages/airflow/example_dags/tutorial_dag.py
[2025-11-22T20:58:28.522+0500] {processor.py:925} INFO - DAG(s) 'tutorial_dag' retrieved from /mnt/c/Users/Raj/OneDrive - Åbo Akademi O365/banking/airflow/.venv/lib/python3.12/site-packages/airflow/example_dags/tutorial_dag.py
[2025-11-22T20:58:28.563+0500] {logging_mixin.py:190} INFO - [2025-11-22T20:58:28.561+0500] {dag.py:3239} INFO - Sync 1 DAGs
[2025-11-22T20:58:28.581+0500] {logging_mixin.py:190} INFO - [2025-11-22T20:58:28.580+0500] {dag.py:4180} INFO - Setting next_dagrun for tutorial_dag to None, run_after=None
[2025-11-22T20:58:28.654+0500] {processor.py:208} INFO - Processing /mnt/c/Users/Raj/OneDrive - Åbo Akademi O365/banking/airflow/.venv/lib/python3.12/site-packages/airflow/example_dags/tutorial_dag.py took 0.181 seconds
[2025-11-22T20:59:17.578+0500] {processor.py:186} INFO - Started process (PID=67890) to work on /mnt/c/Users/Raj/OneDrive - Åbo Akademi O365/banking/airflow/.venv/lib/python3.12/site-packages/airflow/example_dags/tutorial_dag.py
[2025-11-22T20:59:17.580+0500] {processor.py:914} INFO - Processing file /mnt/c/Users/Raj/OneDrive - Åbo Akademi O365/banking/airflow/.venv/lib/python3.12/site-packages/airflow/example_dags/tutorial_dag.py for tasks to queue
[2025-11-22T20:59:17.584+0500] {logging_mixin.py:190} INFO - [2025-11-22T20:59:17.582+0500] {dagbag.py:588} INFO - Filling up the DagBag from /mnt/c/Users/Raj/OneDrive - Åbo Akademi O365/banking/airflow/.venv/lib/python3.12/site-packages/airflow/example_dags/tutorial_dag.py
[2025-11-22T20:59:17.613+0500] {processor.py:925} INFO - DAG(s) 'tutorial_dag' retrieved from /mnt/c/Users/Raj/OneDrive - Åbo Akademi O365/banking/airflow/.venv/lib/python3.12/site-packages/airflow/example_dags/tutorial_dag.py
[2025-11-22T20:59:17.652+0500] {logging_mixin.py:190} INFO - [2025-11-22T20:59:17.650+0500] {dag.py:3239} INFO - Sync 1 DAGs
[2025-11-22T20:59:17.669+0500] {logging_mixin.py:190} INFO - [2025-11-22T20:59:17.668+0500] {dag.py:4180} INFO - Setting next_dagrun for tutorial_dag to None, run_after=None
[2025-11-22T20:59:17.756+0500] {processor.py:208} INFO - Processing /mnt/c/Users/Raj/OneDrive - Åbo Akademi O365/banking/airflow/.venv/lib/python3.12/site-packages/airflow/example_dags/tutorial_dag.py took 0.195 seconds
[2025-11-22T21:00:06.129+0500] {processor.py:186} INFO - Started process (PID=67932) to work on /mnt/c/Users/Raj/OneDrive - Åbo Akademi O365/banking/airflow/.venv/lib/python3.12/site-packages/airflow/example_dags/tutorial_dag.py
[2025-11-22T21:00:06.131+0500] {processor.py:914} INFO - Processing file /mnt/c/Users/Raj/OneDrive - Åbo Akademi O365/banking/airflow/.venv/lib/python3.12/site-packages/airflow/example_dags/tutorial_dag.py for tasks to queue
[2025-11-22T21:00:06.134+0500] {logging_mixin.py:190} INFO - [2025-11-22T21:00:06.133+0500] {dagbag.py:588} INFO - Filling up the DagBag from /mnt/c/Users/Raj/OneDrive - Åbo Akademi O365/banking/airflow/.venv/lib/python3.12/site-packages/airflow/example_dags/tutorial_dag.py
[2025-11-22T21:00:06.154+0500] {processor.py:925} INFO - DAG(s) 'tutorial_dag' retrieved from /mnt/c/Users/Raj/OneDrive - Åbo Akademi O365/banking/airflow/.venv/lib/python3.12/site-packages/airflow/example_dags/tutorial_dag.py
[2025-11-22T21:00:06.185+0500] {logging_mixin.py:190} INFO - [2025-11-22T21:00:06.184+0500] {dag.py:3239} INFO - Sync 1 DAGs
[2025-11-22T21:00:06.200+0500] {logging_mixin.py:190} INFO - [2025-11-22T21:00:06.199+0500] {dag.py:4180} INFO - Setting next_dagrun for tutorial_dag to None, run_after=None
[2025-11-22T21:00:06.255+0500] {processor.py:208} INFO - Processing /mnt/c/Users/Raj/OneDrive - Åbo Akademi O365/banking/airflow/.venv/lib/python3.12/site-packages/airflow/example_dags/tutorial_dag.py took 0.141 seconds
[2025-11-22T21:00:55.805+0500] {processor.py:186} INFO - Started process (PID=67968) to work on /mnt/c/Users/Raj/OneDrive - Åbo Akademi O365/banking/airflow/.venv/lib/python3.12/site-packages/airflow/example_dags/tutorial_dag.py
[2025-11-22T21:00:55.807+0500] {processor.py:914} INFO - Processing file /mnt/c/Users/Raj/OneDrive - Åbo Akademi O365/banking/airflow/.venv/lib/python3.12/site-packages/airflow/example_dags/tutorial_dag.py for tasks to queue
[2025-11-22T21:00:55.811+0500] {logging_mixin.py:190} INFO - [2025-11-22T21:00:55.810+0500] {dagbag.py:588} INFO - Filling up the DagBag from /mnt/c/Users/Raj/OneDrive - Åbo Akademi O365/banking/airflow/.venv/lib/python3.12/site-packages/airflow/example_dags/tutorial_dag.py
[2025-11-22T21:00:55.839+0500] {processor.py:925} INFO - DAG(s) 'tutorial_dag' retrieved from /mnt/c/Users/Raj/OneDrive - Åbo Akademi O365/banking/airflow/.venv/lib/python3.12/site-packages/airflow/example_dags/tutorial_dag.py
[2025-11-22T21:00:55.879+0500] {logging_mixin.py:190} INFO - [2025-11-22T21:00:55.878+0500] {dag.py:3239} INFO - Sync 1 DAGs
[2025-11-22T21:00:55.897+0500] {logging_mixin.py:190} INFO - [2025-11-22T21:00:55.895+0500] {dag.py:4180} INFO - Setting next_dagrun for tutorial_dag to None, run_after=None
[2025-11-22T21:00:55.966+0500] {processor.py:208} INFO - Processing /mnt/c/Users/Raj/OneDrive - Åbo Akademi O365/banking/airflow/.venv/lib/python3.12/site-packages/airflow/example_dags/tutorial_dag.py took 0.177 seconds
[2025-11-22T21:02:02.149+0500] {processor.py:186} INFO - Started process (PID=68031) to work on /mnt/c/Users/Raj/OneDrive - Åbo Akademi O365/banking/airflow/.venv/lib/python3.12/site-packages/airflow/example_dags/tutorial_dag.py
[2025-11-22T21:02:02.156+0500] {processor.py:914} INFO - Processing file /mnt/c/Users/Raj/OneDrive - Åbo Akademi O365/banking/airflow/.venv/lib/python3.12/site-packages/airflow/example_dags/tutorial_dag.py for tasks to queue
[2025-11-22T21:02:02.165+0500] {logging_mixin.py:190} INFO - [2025-11-22T21:02:02.163+0500] {dagbag.py:588} INFO - Filling up the DagBag from /mnt/c/Users/Raj/OneDrive - Åbo Akademi O365/banking/airflow/.venv/lib/python3.12/site-packages/airflow/example_dags/tutorial_dag.py
[2025-11-22T21:02:02.229+0500] {processor.py:925} INFO - DAG(s) 'tutorial_dag' retrieved from /mnt/c/Users/Raj/OneDrive - Åbo Akademi O365/banking/airflow/.venv/lib/python3.12/site-packages/airflow/example_dags/tutorial_dag.py
[2025-11-22T21:02:02.322+0500] {logging_mixin.py:190} INFO - [2025-11-22T21:02:02.315+0500] {dag.py:3239} INFO - Sync 1 DAGs
[2025-11-22T21:02:02.385+0500] {logging_mixin.py:190} INFO - [2025-11-22T21:02:02.383+0500] {dag.py:4180} INFO - Setting next_dagrun for tutorial_dag to None, run_after=None
[2025-11-22T21:02:02.977+0500] {processor.py:208} INFO - Processing /mnt/c/Users/Raj/OneDrive - Åbo Akademi O365/banking/airflow/.venv/lib/python3.12/site-packages/airflow/example_dags/tutorial_dag.py took 0.872 seconds
[2025-11-22T21:03:13.073+0500] {processor.py:186} INFO - Started process (PID=68072) to work on /mnt/c/Users/Raj/OneDrive - Åbo Akademi O365/banking/airflow/.venv/lib/python3.12/site-packages/airflow/example_dags/tutorial_dag.py
[2025-11-22T21:03:13.076+0500] {processor.py:914} INFO - Processing file /mnt/c/Users/Raj/OneDrive - Åbo Akademi O365/banking/airflow/.venv/lib/python3.12/site-packages/airflow/example_dags/tutorial_dag.py for tasks to queue
[2025-11-22T21:03:13.089+0500] {logging_mixin.py:190} INFO - [2025-11-22T21:03:13.086+0500] {dagbag.py:588} INFO - Filling up the DagBag from /mnt/c/Users/Raj/OneDrive - Åbo Akademi O365/banking/airflow/.venv/lib/python3.12/site-packages/airflow/example_dags/tutorial_dag.py
[2025-11-22T21:03:13.137+0500] {processor.py:925} INFO - DAG(s) 'tutorial_dag' retrieved from /mnt/c/Users/Raj/OneDrive - Åbo Akademi O365/banking/airflow/.venv/lib/python3.12/site-packages/airflow/example_dags/tutorial_dag.py
[2025-11-22T21:03:13.193+0500] {logging_mixin.py:190} INFO - [2025-11-22T21:03:13.192+0500] {dag.py:3239} INFO - Sync 1 DAGs
[2025-11-22T21:03:13.224+0500] {logging_mixin.py:190} INFO - [2025-11-22T21:03:13.219+0500] {dag.py:4180} INFO - Setting next_dagrun for tutorial_dag to None, run_after=None
[2025-11-22T21:03:13.489+0500] {processor.py:208} INFO - Processing /mnt/c/Users/Raj/OneDrive - Åbo Akademi O365/banking/airflow/.venv/lib/python3.12/site-packages/airflow/example_dags/tutorial_dag.py took 0.625 seconds
[2025-11-22T21:04:18.684+0500] {processor.py:186} INFO - Started process (PID=68137) to work on /mnt/c/Users/Raj/OneDrive - Åbo Akademi O365/banking/airflow/.venv/lib/python3.12/site-packages/airflow/example_dags/tutorial_dag.py
[2025-11-22T21:04:18.686+0500] {processor.py:914} INFO - Processing file /mnt/c/Users/Raj/OneDrive - Åbo Akademi O365/banking/airflow/.venv/lib/python3.12/site-packages/airflow/example_dags/tutorial_dag.py for tasks to queue
[2025-11-22T21:04:18.690+0500] {logging_mixin.py:190} INFO - [2025-11-22T21:04:18.689+0500] {dagbag.py:588} INFO - Filling up the DagBag from /mnt/c/Users/Raj/OneDrive - Åbo Akademi O365/banking/airflow/.venv/lib/python3.12/site-packages/airflow/example_dags/tutorial_dag.py
[2025-11-22T21:04:18.715+0500] {processor.py:925} INFO - DAG(s) 'tutorial_dag' retrieved from /mnt/c/Users/Raj/OneDrive - Åbo Akademi O365/banking/airflow/.venv/lib/python3.12/site-packages/airflow/example_dags/tutorial_dag.py
[2025-11-22T21:04:18.751+0500] {logging_mixin.py:190} INFO - [2025-11-22T21:04:18.749+0500] {dag.py:3239} INFO - Sync 1 DAGs
[2025-11-22T21:04:18.768+0500] {logging_mixin.py:190} INFO - [2025-11-22T21:04:18.767+0500] {dag.py:4180} INFO - Setting next_dagrun for tutorial_dag to None, run_after=None
[2025-11-22T21:04:19.056+0500] {processor.py:208} INFO - Processing /mnt/c/Users/Raj/OneDrive - Åbo Akademi O365/banking/airflow/.venv/lib/python3.12/site-packages/airflow/example_dags/tutorial_dag.py took 0.393 seconds
[2025-11-22T21:05:20.140+0500] {processor.py:186} INFO - Started process (PID=68196) to work on /mnt/c/Users/Raj/OneDrive - Åbo Akademi O365/banking/airflow/.venv/lib/python3.12/site-packages/airflow/example_dags/tutorial_dag.py
[2025-11-22T21:05:20.143+0500] {processor.py:914} INFO - Processing file /mnt/c/Users/Raj/OneDrive - Åbo Akademi O365/banking/airflow/.venv/lib/python3.12/site-packages/airflow/example_dags/tutorial_dag.py for tasks to queue
[2025-11-22T21:05:20.148+0500] {logging_mixin.py:190} INFO - [2025-11-22T21:05:20.146+0500] {dagbag.py:588} INFO - Filling up the DagBag from /mnt/c/Users/Raj/OneDrive - Åbo Akademi O365/banking/airflow/.venv/lib/python3.12/site-packages/airflow/example_dags/tutorial_dag.py
[2025-11-22T21:05:20.175+0500] {processor.py:925} INFO - DAG(s) 'tutorial_dag' retrieved from /mnt/c/Users/Raj/OneDrive - Åbo Akademi O365/banking/airflow/.venv/lib/python3.12/site-packages/airflow/example_dags/tutorial_dag.py
[2025-11-22T21:05:20.210+0500] {logging_mixin.py:190} INFO - [2025-11-22T21:05:20.209+0500] {dag.py:3239} INFO - Sync 1 DAGs
[2025-11-22T21:05:20.227+0500] {logging_mixin.py:190} INFO - [2025-11-22T21:05:20.226+0500] {dag.py:4180} INFO - Setting next_dagrun for tutorial_dag to None, run_after=None
[2025-11-22T21:05:20.302+0500] {processor.py:208} INFO - Processing /mnt/c/Users/Raj/OneDrive - Åbo Akademi O365/banking/airflow/.venv/lib/python3.12/site-packages/airflow/example_dags/tutorial_dag.py took 0.185 seconds
[2025-11-22T21:08:42.511+0500] {processor.py:186} INFO - Started process (PID=68332) to work on /mnt/c/Users/Raj/OneDrive - Åbo Akademi O365/banking/airflow/.venv/lib/python3.12/site-packages/airflow/example_dags/tutorial_dag.py
[2025-11-22T21:08:42.514+0500] {processor.py:914} INFO - Processing file /mnt/c/Users/Raj/OneDrive - Åbo Akademi O365/banking/airflow/.venv/lib/python3.12/site-packages/airflow/example_dags/tutorial_dag.py for tasks to queue
[2025-11-22T21:08:42.520+0500] {logging_mixin.py:190} INFO - [2025-11-22T21:08:42.518+0500] {dagbag.py:588} INFO - Filling up the DagBag from /mnt/c/Users/Raj/OneDrive - Åbo Akademi O365/banking/airflow/.venv/lib/python3.12/site-packages/airflow/example_dags/tutorial_dag.py
[2025-11-22T21:08:42.548+0500] {processor.py:925} INFO - DAG(s) 'tutorial_dag' retrieved from /mnt/c/Users/Raj/OneDrive - Åbo Akademi O365/banking/airflow/.venv/lib/python3.12/site-packages/airflow/example_dags/tutorial_dag.py
[2025-11-22T21:08:42.608+0500] {logging_mixin.py:190} INFO - [2025-11-22T21:08:42.589+0500] {dag.py:3239} INFO - Sync 1 DAGs
[2025-11-22T21:08:42.632+0500] {logging_mixin.py:190} INFO - [2025-11-22T21:08:42.631+0500] {dag.py:4180} INFO - Setting next_dagrun for tutorial_dag to None, run_after=None
[2025-11-22T21:08:42.842+0500] {processor.py:208} INFO - Processing /mnt/c/Users/Raj/OneDrive - Åbo Akademi O365/banking/airflow/.venv/lib/python3.12/site-packages/airflow/example_dags/tutorial_dag.py took 0.350 seconds
[2025-11-22T21:09:50.813+0500] {processor.py:186} INFO - Started process (PID=68387) to work on /mnt/c/Users/Raj/OneDrive - Åbo Akademi O365/banking/airflow/.venv/lib/python3.12/site-packages/airflow/example_dags/tutorial_dag.py
[2025-11-22T21:09:50.816+0500] {processor.py:914} INFO - Processing file /mnt/c/Users/Raj/OneDrive - Åbo Akademi O365/banking/airflow/.venv/lib/python3.12/site-packages/airflow/example_dags/tutorial_dag.py for tasks to queue
[2025-11-22T21:09:50.821+0500] {logging_mixin.py:190} INFO - [2025-11-22T21:09:50.819+0500] {dagbag.py:588} INFO - Filling up the DagBag from /mnt/c/Users/Raj/OneDrive - Åbo Akademi O365/banking/airflow/.venv/lib/python3.12/site-packages/airflow/example_dags/tutorial_dag.py
[2025-11-22T21:09:50.849+0500] {processor.py:925} INFO - DAG(s) 'tutorial_dag' retrieved from /mnt/c/Users/Raj/OneDrive - Åbo Akademi O365/banking/airflow/.venv/lib/python3.12/site-packages/airflow/example_dags/tutorial_dag.py
[2025-11-22T21:09:50.891+0500] {logging_mixin.py:190} INFO - [2025-11-22T21:09:50.890+0500] {dag.py:3239} INFO - Sync 1 DAGs
[2025-11-22T21:09:50.914+0500] {logging_mixin.py:190} INFO - [2025-11-22T21:09:50.913+0500] {dag.py:4180} INFO - Setting next_dagrun for tutorial_dag to None, run_after=None
[2025-11-22T21:09:50.991+0500] {processor.py:208} INFO - Processing /mnt/c/Users/Raj/OneDrive - Åbo Akademi O365/banking/airflow/.venv/lib/python3.12/site-packages/airflow/example_dags/tutorial_dag.py took 0.201 seconds
[2025-11-22T21:10:48.542+0500] {processor.py:186} INFO - Started process (PID=68429) to work on /mnt/c/Users/Raj/OneDrive - Åbo Akademi O365/banking/airflow/.venv/lib/python3.12/site-packages/airflow/example_dags/tutorial_dag.py
[2025-11-22T21:10:48.544+0500] {processor.py:914} INFO - Processing file /mnt/c/Users/Raj/OneDrive - Åbo Akademi O365/banking/airflow/.venv/lib/python3.12/site-packages/airflow/example_dags/tutorial_dag.py for tasks to queue
[2025-11-22T21:10:48.548+0500] {logging_mixin.py:190} INFO - [2025-11-22T21:10:48.546+0500] {dagbag.py:588} INFO - Filling up the DagBag from /mnt/c/Users/Raj/OneDrive - Åbo Akademi O365/banking/airflow/.venv/lib/python3.12/site-packages/airflow/example_dags/tutorial_dag.py
[2025-11-22T21:10:48.579+0500] {processor.py:925} INFO - DAG(s) 'tutorial_dag' retrieved from /mnt/c/Users/Raj/OneDrive - Åbo Akademi O365/banking/airflow/.venv/lib/python3.12/site-packages/airflow/example_dags/tutorial_dag.py
[2025-11-22T21:10:48.618+0500] {logging_mixin.py:190} INFO - [2025-11-22T21:10:48.617+0500] {dag.py:3239} INFO - Sync 1 DAGs
[2025-11-22T21:10:48.658+0500] {logging_mixin.py:190} INFO - [2025-11-22T21:10:48.657+0500] {dag.py:4180} INFO - Setting next_dagrun for tutorial_dag to None, run_after=None
[2025-11-22T21:10:48.935+0500] {processor.py:208} INFO - Processing /mnt/c/Users/Raj/OneDrive - Åbo Akademi O365/banking/airflow/.venv/lib/python3.12/site-packages/airflow/example_dags/tutorial_dag.py took 0.416 seconds
[2025-11-22T21:11:46.173+0500] {processor.py:186} INFO - Started process (PID=68468) to work on /mnt/c/Users/Raj/OneDrive - Åbo Akademi O365/banking/airflow/.venv/lib/python3.12/site-packages/airflow/example_dags/tutorial_dag.py
[2025-11-22T21:11:46.176+0500] {processor.py:914} INFO - Processing file /mnt/c/Users/Raj/OneDrive - Åbo Akademi O365/banking/airflow/.venv/lib/python3.12/site-packages/airflow/example_dags/tutorial_dag.py for tasks to queue
[2025-11-22T21:11:46.338+0500] {logging_mixin.py:190} INFO - [2025-11-22T21:11:46.336+0500] {dagbag.py:588} INFO - Filling up the DagBag from /mnt/c/Users/Raj/OneDrive - Åbo Akademi O365/banking/airflow/.venv/lib/python3.12/site-packages/airflow/example_dags/tutorial_dag.py
[2025-11-22T21:11:46.366+0500] {processor.py:925} INFO - DAG(s) 'tutorial_dag' retrieved from /mnt/c/Users/Raj/OneDrive - Åbo Akademi O365/banking/airflow/.venv/lib/python3.12/site-packages/airflow/example_dags/tutorial_dag.py
[2025-11-22T21:11:46.419+0500] {logging_mixin.py:190} INFO - [2025-11-22T21:11:46.418+0500] {dag.py:3239} INFO - Sync 1 DAGs
[2025-11-22T21:11:46.435+0500] {logging_mixin.py:190} INFO - [2025-11-22T21:11:46.434+0500] {dag.py:4180} INFO - Setting next_dagrun for tutorial_dag to None, run_after=None
[2025-11-22T21:11:46.507+0500] {processor.py:208} INFO - Processing /mnt/c/Users/Raj/OneDrive - Åbo Akademi O365/banking/airflow/.venv/lib/python3.12/site-packages/airflow/example_dags/tutorial_dag.py took 0.358 seconds
[2025-11-22T21:12:41.906+0500] {processor.py:186} INFO - Started process (PID=68511) to work on /mnt/c/Users/Raj/OneDrive - Åbo Akademi O365/banking/airflow/.venv/lib/python3.12/site-packages/airflow/example_dags/tutorial_dag.py
[2025-11-22T21:12:41.908+0500] {processor.py:914} INFO - Processing file /mnt/c/Users/Raj/OneDrive - Åbo Akademi O365/banking/airflow/.venv/lib/python3.12/site-packages/airflow/example_dags/tutorial_dag.py for tasks to queue
[2025-11-22T21:12:41.911+0500] {logging_mixin.py:190} INFO - [2025-11-22T21:12:41.910+0500] {dagbag.py:588} INFO - Filling up the DagBag from /mnt/c/Users/Raj/OneDrive - Åbo Akademi O365/banking/airflow/.venv/lib/python3.12/site-packages/airflow/example_dags/tutorial_dag.py
[2025-11-22T21:12:41.929+0500] {processor.py:925} INFO - DAG(s) 'tutorial_dag' retrieved from /mnt/c/Users/Raj/OneDrive - Åbo Akademi O365/banking/airflow/.venv/lib/python3.12/site-packages/airflow/example_dags/tutorial_dag.py
[2025-11-22T21:12:41.963+0500] {logging_mixin.py:190} INFO - [2025-11-22T21:12:41.962+0500] {dag.py:3239} INFO - Sync 1 DAGs
[2025-11-22T21:12:41.977+0500] {logging_mixin.py:190} INFO - [2025-11-22T21:12:41.976+0500] {dag.py:4180} INFO - Setting next_dagrun for tutorial_dag to None, run_after=None
[2025-11-22T21:12:42.049+0500] {processor.py:208} INFO - Processing /mnt/c/Users/Raj/OneDrive - Åbo Akademi O365/banking/airflow/.venv/lib/python3.12/site-packages/airflow/example_dags/tutorial_dag.py took 0.157 seconds
[2025-11-22T21:13:33.154+0500] {processor.py:186} INFO - Started process (PID=68551) to work on /mnt/c/Users/Raj/OneDrive - Åbo Akademi O365/banking/airflow/.venv/lib/python3.12/site-packages/airflow/example_dags/tutorial_dag.py
[2025-11-22T21:13:33.156+0500] {processor.py:914} INFO - Processing file /mnt/c/Users/Raj/OneDrive - Åbo Akademi O365/banking/airflow/.venv/lib/python3.12/site-packages/airflow/example_dags/tutorial_dag.py for tasks to queue
[2025-11-22T21:13:33.160+0500] {logging_mixin.py:190} INFO - [2025-11-22T21:13:33.159+0500] {dagbag.py:588} INFO - Filling up the DagBag from /mnt/c/Users/Raj/OneDrive - Åbo Akademi O365/banking/airflow/.venv/lib/python3.12/site-packages/airflow/example_dags/tutorial_dag.py
[2025-11-22T21:13:33.189+0500] {processor.py:925} INFO - DAG(s) 'tutorial_dag' retrieved from /mnt/c/Users/Raj/OneDrive - Åbo Akademi O365/banking/airflow/.venv/lib/python3.12/site-packages/airflow/example_dags/tutorial_dag.py
[2025-11-22T21:13:33.233+0500] {logging_mixin.py:190} INFO - [2025-11-22T21:13:33.232+0500] {dag.py:3239} INFO - Sync 1 DAGs
[2025-11-22T21:13:33.256+0500] {logging_mixin.py:190} INFO - [2025-11-22T21:13:33.255+0500] {dag.py:4180} INFO - Setting next_dagrun for tutorial_dag to None, run_after=None
[2025-11-22T21:13:33.324+0500] {processor.py:208} INFO - Processing /mnt/c/Users/Raj/OneDrive - Åbo Akademi O365/banking/airflow/.venv/lib/python3.12/site-packages/airflow/example_dags/tutorial_dag.py took 0.191 seconds
[2025-11-22T21:14:27.383+0500] {processor.py:186} INFO - Started process (PID=68594) to work on /mnt/c/Users/Raj/OneDrive - Åbo Akademi O365/banking/airflow/.venv/lib/python3.12/site-packages/airflow/example_dags/tutorial_dag.py
[2025-11-22T21:14:27.386+0500] {processor.py:914} INFO - Processing file /mnt/c/Users/Raj/OneDrive - Åbo Akademi O365/banking/airflow/.venv/lib/python3.12/site-packages/airflow/example_dags/tutorial_dag.py for tasks to queue
[2025-11-22T21:14:27.389+0500] {logging_mixin.py:190} INFO - [2025-11-22T21:14:27.388+0500] {dagbag.py:588} INFO - Filling up the DagBag from /mnt/c/Users/Raj/OneDrive - Åbo Akademi O365/banking/airflow/.venv/lib/python3.12/site-packages/airflow/example_dags/tutorial_dag.py
[2025-11-22T21:14:27.414+0500] {processor.py:925} INFO - DAG(s) 'tutorial_dag' retrieved from /mnt/c/Users/Raj/OneDrive - Åbo Akademi O365/banking/airflow/.venv/lib/python3.12/site-packages/airflow/example_dags/tutorial_dag.py
[2025-11-22T21:14:27.459+0500] {logging_mixin.py:190} INFO - [2025-11-22T21:14:27.457+0500] {dag.py:3239} INFO - Sync 1 DAGs
[2025-11-22T21:14:27.481+0500] {logging_mixin.py:190} INFO - [2025-11-22T21:14:27.480+0500] {dag.py:4180} INFO - Setting next_dagrun for tutorial_dag to None, run_after=None
[2025-11-22T21:14:27.545+0500] {processor.py:208} INFO - Processing /mnt/c/Users/Raj/OneDrive - Åbo Akademi O365/banking/airflow/.venv/lib/python3.12/site-packages/airflow/example_dags/tutorial_dag.py took 0.183 seconds
[2025-11-22T21:15:15.519+0500] {processor.py:186} INFO - Started process (PID=68631) to work on /mnt/c/Users/Raj/OneDrive - Åbo Akademi O365/banking/airflow/.venv/lib/python3.12/site-packages/airflow/example_dags/tutorial_dag.py
[2025-11-22T21:15:15.521+0500] {processor.py:914} INFO - Processing file /mnt/c/Users/Raj/OneDrive - Åbo Akademi O365/banking/airflow/.venv/lib/python3.12/site-packages/airflow/example_dags/tutorial_dag.py for tasks to queue
[2025-11-22T21:15:15.524+0500] {logging_mixin.py:190} INFO - [2025-11-22T21:15:15.523+0500] {dagbag.py:588} INFO - Filling up the DagBag from /mnt/c/Users/Raj/OneDrive - Åbo Akademi O365/banking/airflow/.venv/lib/python3.12/site-packages/airflow/example_dags/tutorial_dag.py
[2025-11-22T21:15:15.550+0500] {processor.py:925} INFO - DAG(s) 'tutorial_dag' retrieved from /mnt/c/Users/Raj/OneDrive - Åbo Akademi O365/banking/airflow/.venv/lib/python3.12/site-packages/airflow/example_dags/tutorial_dag.py
[2025-11-22T21:15:15.588+0500] {logging_mixin.py:190} INFO - [2025-11-22T21:15:15.587+0500] {dag.py:3239} INFO - Sync 1 DAGs
[2025-11-22T21:15:15.605+0500] {logging_mixin.py:190} INFO - [2025-11-22T21:15:15.604+0500] {dag.py:4180} INFO - Setting next_dagrun for tutorial_dag to None, run_after=None
[2025-11-22T21:15:15.677+0500] {processor.py:208} INFO - Processing /mnt/c/Users/Raj/OneDrive - Åbo Akademi O365/banking/airflow/.venv/lib/python3.12/site-packages/airflow/example_dags/tutorial_dag.py took 0.179 seconds
[2025-11-22T21:16:04.799+0500] {processor.py:186} INFO - Started process (PID=68674) to work on /mnt/c/Users/Raj/OneDrive - Åbo Akademi O365/banking/airflow/.venv/lib/python3.12/site-packages/airflow/example_dags/tutorial_dag.py
[2025-11-22T21:16:04.802+0500] {processor.py:914} INFO - Processing file /mnt/c/Users/Raj/OneDrive - Åbo Akademi O365/banking/airflow/.venv/lib/python3.12/site-packages/airflow/example_dags/tutorial_dag.py for tasks to queue
[2025-11-22T21:16:04.806+0500] {logging_mixin.py:190} INFO - [2025-11-22T21:16:04.805+0500] {dagbag.py:588} INFO - Filling up the DagBag from /mnt/c/Users/Raj/OneDrive - Åbo Akademi O365/banking/airflow/.venv/lib/python3.12/site-packages/airflow/example_dags/tutorial_dag.py
[2025-11-22T21:16:04.835+0500] {processor.py:925} INFO - DAG(s) 'tutorial_dag' retrieved from /mnt/c/Users/Raj/OneDrive - Åbo Akademi O365/banking/airflow/.venv/lib/python3.12/site-packages/airflow/example_dags/tutorial_dag.py
[2025-11-22T21:16:04.874+0500] {logging_mixin.py:190} INFO - [2025-11-22T21:16:04.873+0500] {dag.py:3239} INFO - Sync 1 DAGs
[2025-11-22T21:16:04.891+0500] {logging_mixin.py:190} INFO - [2025-11-22T21:16:04.890+0500] {dag.py:4180} INFO - Setting next_dagrun for tutorial_dag to None, run_after=None
[2025-11-22T21:16:04.970+0500] {processor.py:208} INFO - Processing /mnt/c/Users/Raj/OneDrive - Åbo Akademi O365/banking/airflow/.venv/lib/python3.12/site-packages/airflow/example_dags/tutorial_dag.py took 0.198 seconds
[2025-11-22T21:16:55.194+0500] {processor.py:186} INFO - Started process (PID=68710) to work on /mnt/c/Users/Raj/OneDrive - Åbo Akademi O365/banking/airflow/.venv/lib/python3.12/site-packages/airflow/example_dags/tutorial_dag.py
[2025-11-22T21:16:55.196+0500] {processor.py:914} INFO - Processing file /mnt/c/Users/Raj/OneDrive - Åbo Akademi O365/banking/airflow/.venv/lib/python3.12/site-packages/airflow/example_dags/tutorial_dag.py for tasks to queue
[2025-11-22T21:16:55.199+0500] {logging_mixin.py:190} INFO - [2025-11-22T21:16:55.198+0500] {dagbag.py:588} INFO - Filling up the DagBag from /mnt/c/Users/Raj/OneDrive - Åbo Akademi O365/banking/airflow/.venv/lib/python3.12/site-packages/airflow/example_dags/tutorial_dag.py
[2025-11-22T21:16:55.219+0500] {processor.py:925} INFO - DAG(s) 'tutorial_dag' retrieved from /mnt/c/Users/Raj/OneDrive - Åbo Akademi O365/banking/airflow/.venv/lib/python3.12/site-packages/airflow/example_dags/tutorial_dag.py
[2025-11-22T21:16:55.255+0500] {logging_mixin.py:190} INFO - [2025-11-22T21:16:55.253+0500] {dag.py:3239} INFO - Sync 1 DAGs
[2025-11-22T21:16:55.277+0500] {logging_mixin.py:190} INFO - [2025-11-22T21:16:55.274+0500] {dag.py:4180} INFO - Setting next_dagrun for tutorial_dag to None, run_after=None
[2025-11-22T21:16:55.354+0500] {processor.py:208} INFO - Processing /mnt/c/Users/Raj/OneDrive - Åbo Akademi O365/banking/airflow/.venv/lib/python3.12/site-packages/airflow/example_dags/tutorial_dag.py took 0.177 seconds
[2025-11-22T21:17:44.181+0500] {processor.py:186} INFO - Started process (PID=68749) to work on /mnt/c/Users/Raj/OneDrive - Åbo Akademi O365/banking/airflow/.venv/lib/python3.12/site-packages/airflow/example_dags/tutorial_dag.py
[2025-11-22T21:17:44.184+0500] {processor.py:914} INFO - Processing file /mnt/c/Users/Raj/OneDrive - Åbo Akademi O365/banking/airflow/.venv/lib/python3.12/site-packages/airflow/example_dags/tutorial_dag.py for tasks to queue
[2025-11-22T21:17:44.188+0500] {logging_mixin.py:190} INFO - [2025-11-22T21:17:44.186+0500] {dagbag.py:588} INFO - Filling up the DagBag from /mnt/c/Users/Raj/OneDrive - Åbo Akademi O365/banking/airflow/.venv/lib/python3.12/site-packages/airflow/example_dags/tutorial_dag.py
[2025-11-22T21:17:44.216+0500] {processor.py:925} INFO - DAG(s) 'tutorial_dag' retrieved from /mnt/c/Users/Raj/OneDrive - Åbo Akademi O365/banking/airflow/.venv/lib/python3.12/site-packages/airflow/example_dags/tutorial_dag.py
[2025-11-22T21:17:44.251+0500] {logging_mixin.py:190} INFO - [2025-11-22T21:17:44.250+0500] {dag.py:3239} INFO - Sync 1 DAGs
[2025-11-22T21:17:44.274+0500] {logging_mixin.py:190} INFO - [2025-11-22T21:17:44.273+0500] {dag.py:4180} INFO - Setting next_dagrun for tutorial_dag to None, run_after=None
[2025-11-22T21:17:44.348+0500] {processor.py:208} INFO - Processing /mnt/c/Users/Raj/OneDrive - Åbo Akademi O365/banking/airflow/.venv/lib/python3.12/site-packages/airflow/example_dags/tutorial_dag.py took 0.189 seconds
[2025-11-22T21:18:36.311+0500] {processor.py:186} INFO - Started process (PID=68792) to work on /mnt/c/Users/Raj/OneDrive - Åbo Akademi O365/banking/airflow/.venv/lib/python3.12/site-packages/airflow/example_dags/tutorial_dag.py
[2025-11-22T21:18:36.313+0500] {processor.py:914} INFO - Processing file /mnt/c/Users/Raj/OneDrive - Åbo Akademi O365/banking/airflow/.venv/lib/python3.12/site-packages/airflow/example_dags/tutorial_dag.py for tasks to queue
[2025-11-22T21:18:36.316+0500] {logging_mixin.py:190} INFO - [2025-11-22T21:18:36.315+0500] {dagbag.py:588} INFO - Filling up the DagBag from /mnt/c/Users/Raj/OneDrive - Åbo Akademi O365/banking/airflow/.venv/lib/python3.12/site-packages/airflow/example_dags/tutorial_dag.py
[2025-11-22T21:18:36.341+0500] {processor.py:925} INFO - DAG(s) 'tutorial_dag' retrieved from /mnt/c/Users/Raj/OneDrive - Åbo Akademi O365/banking/airflow/.venv/lib/python3.12/site-packages/airflow/example_dags/tutorial_dag.py
[2025-11-22T21:18:36.378+0500] {logging_mixin.py:190} INFO - [2025-11-22T21:18:36.377+0500] {dag.py:3239} INFO - Sync 1 DAGs
[2025-11-22T21:18:36.395+0500] {logging_mixin.py:190} INFO - [2025-11-22T21:18:36.394+0500] {dag.py:4180} INFO - Setting next_dagrun for tutorial_dag to None, run_after=None
[2025-11-22T21:18:36.465+0500] {processor.py:208} INFO - Processing /mnt/c/Users/Raj/OneDrive - Åbo Akademi O365/banking/airflow/.venv/lib/python3.12/site-packages/airflow/example_dags/tutorial_dag.py took 0.174 seconds
[2025-11-22T21:19:28.294+0500] {processor.py:186} INFO - Started process (PID=68831) to work on /mnt/c/Users/Raj/OneDrive - Åbo Akademi O365/banking/airflow/.venv/lib/python3.12/site-packages/airflow/example_dags/tutorial_dag.py
[2025-11-22T21:19:28.297+0500] {processor.py:914} INFO - Processing file /mnt/c/Users/Raj/OneDrive - Åbo Akademi O365/banking/airflow/.venv/lib/python3.12/site-packages/airflow/example_dags/tutorial_dag.py for tasks to queue
[2025-11-22T21:19:28.301+0500] {logging_mixin.py:190} INFO - [2025-11-22T21:19:28.299+0500] {dagbag.py:588} INFO - Filling up the DagBag from /mnt/c/Users/Raj/OneDrive - Åbo Akademi O365/banking/airflow/.venv/lib/python3.12/site-packages/airflow/example_dags/tutorial_dag.py
[2025-11-22T21:19:28.337+0500] {processor.py:925} INFO - DAG(s) 'tutorial_dag' retrieved from /mnt/c/Users/Raj/OneDrive - Åbo Akademi O365/banking/airflow/.venv/lib/python3.12/site-packages/airflow/example_dags/tutorial_dag.py
[2025-11-22T21:19:28.391+0500] {logging_mixin.py:190} INFO - [2025-11-22T21:19:28.390+0500] {dag.py:3239} INFO - Sync 1 DAGs
[2025-11-22T21:19:28.413+0500] {logging_mixin.py:190} INFO - [2025-11-22T21:19:28.412+0500] {dag.py:4180} INFO - Setting next_dagrun for tutorial_dag to None, run_after=None
[2025-11-22T21:19:28.492+0500] {processor.py:208} INFO - Processing /mnt/c/Users/Raj/OneDrive - Åbo Akademi O365/banking/airflow/.venv/lib/python3.12/site-packages/airflow/example_dags/tutorial_dag.py took 0.218 seconds
[2025-11-22T21:20:20.199+0500] {processor.py:186} INFO - Started process (PID=68874) to work on /mnt/c/Users/Raj/OneDrive - Åbo Akademi O365/banking/airflow/.venv/lib/python3.12/site-packages/airflow/example_dags/tutorial_dag.py
[2025-11-22T21:20:20.202+0500] {processor.py:914} INFO - Processing file /mnt/c/Users/Raj/OneDrive - Åbo Akademi O365/banking/airflow/.venv/lib/python3.12/site-packages/airflow/example_dags/tutorial_dag.py for tasks to queue
[2025-11-22T21:20:20.206+0500] {logging_mixin.py:190} INFO - [2025-11-22T21:20:20.204+0500] {dagbag.py:588} INFO - Filling up the DagBag from /mnt/c/Users/Raj/OneDrive - Åbo Akademi O365/banking/airflow/.venv/lib/python3.12/site-packages/airflow/example_dags/tutorial_dag.py
[2025-11-22T21:20:20.230+0500] {processor.py:925} INFO - DAG(s) 'tutorial_dag' retrieved from /mnt/c/Users/Raj/OneDrive - Åbo Akademi O365/banking/airflow/.venv/lib/python3.12/site-packages/airflow/example_dags/tutorial_dag.py
[2025-11-22T21:20:20.263+0500] {logging_mixin.py:190} INFO - [2025-11-22T21:20:20.261+0500] {dag.py:3239} INFO - Sync 1 DAGs
[2025-11-22T21:20:20.282+0500] {logging_mixin.py:190} INFO - [2025-11-22T21:20:20.281+0500] {dag.py:4180} INFO - Setting next_dagrun for tutorial_dag to None, run_after=None
[2025-11-22T21:20:20.351+0500] {processor.py:208} INFO - Processing /mnt/c/Users/Raj/OneDrive - Åbo Akademi O365/banking/airflow/.venv/lib/python3.12/site-packages/airflow/example_dags/tutorial_dag.py took 0.173 seconds
[2025-11-22T21:21:09.951+0500] {processor.py:186} INFO - Started process (PID=68910) to work on /mnt/c/Users/Raj/OneDrive - Åbo Akademi O365/banking/airflow/.venv/lib/python3.12/site-packages/airflow/example_dags/tutorial_dag.py
[2025-11-22T21:21:09.953+0500] {processor.py:914} INFO - Processing file /mnt/c/Users/Raj/OneDrive - Åbo Akademi O365/banking/airflow/.venv/lib/python3.12/site-packages/airflow/example_dags/tutorial_dag.py for tasks to queue
[2025-11-22T21:21:09.956+0500] {logging_mixin.py:190} INFO - [2025-11-22T21:21:09.955+0500] {dagbag.py:588} INFO - Filling up the DagBag from /mnt/c/Users/Raj/OneDrive - Åbo Akademi O365/banking/airflow/.venv/lib/python3.12/site-packages/airflow/example_dags/tutorial_dag.py
[2025-11-22T21:21:09.980+0500] {processor.py:925} INFO - DAG(s) 'tutorial_dag' retrieved from /mnt/c/Users/Raj/OneDrive - Åbo Akademi O365/banking/airflow/.venv/lib/python3.12/site-packages/airflow/example_dags/tutorial_dag.py
[2025-11-22T21:21:10.013+0500] {logging_mixin.py:190} INFO - [2025-11-22T21:21:10.012+0500] {dag.py:3239} INFO - Sync 1 DAGs
[2025-11-22T21:21:10.029+0500] {logging_mixin.py:190} INFO - [2025-11-22T21:21:10.028+0500] {dag.py:4180} INFO - Setting next_dagrun for tutorial_dag to None, run_after=None
[2025-11-22T21:21:10.098+0500] {processor.py:208} INFO - Processing /mnt/c/Users/Raj/OneDrive - Åbo Akademi O365/banking/airflow/.venv/lib/python3.12/site-packages/airflow/example_dags/tutorial_dag.py took 0.167 seconds
[2025-11-22T21:22:07.485+0500] {processor.py:186} INFO - Started process (PID=68951) to work on /mnt/c/Users/Raj/OneDrive - Åbo Akademi O365/banking/airflow/.venv/lib/python3.12/site-packages/airflow/example_dags/tutorial_dag.py
[2025-11-22T21:22:07.487+0500] {processor.py:914} INFO - Processing file /mnt/c/Users/Raj/OneDrive - Åbo Akademi O365/banking/airflow/.venv/lib/python3.12/site-packages/airflow/example_dags/tutorial_dag.py for tasks to queue
[2025-11-22T21:22:07.491+0500] {logging_mixin.py:190} INFO - [2025-11-22T21:22:07.490+0500] {dagbag.py:588} INFO - Filling up the DagBag from /mnt/c/Users/Raj/OneDrive - Åbo Akademi O365/banking/airflow/.venv/lib/python3.12/site-packages/airflow/example_dags/tutorial_dag.py
[2025-11-22T21:22:07.520+0500] {processor.py:925} INFO - DAG(s) 'tutorial_dag' retrieved from /mnt/c/Users/Raj/OneDrive - Åbo Akademi O365/banking/airflow/.venv/lib/python3.12/site-packages/airflow/example_dags/tutorial_dag.py
[2025-11-22T21:22:07.558+0500] {logging_mixin.py:190} INFO - [2025-11-22T21:22:07.556+0500] {dag.py:3239} INFO - Sync 1 DAGs
[2025-11-22T21:22:07.576+0500] {logging_mixin.py:190} INFO - [2025-11-22T21:22:07.574+0500] {dag.py:4180} INFO - Setting next_dagrun for tutorial_dag to None, run_after=None
[2025-11-22T21:22:07.657+0500] {processor.py:208} INFO - Processing /mnt/c/Users/Raj/OneDrive - Åbo Akademi O365/banking/airflow/.venv/lib/python3.12/site-packages/airflow/example_dags/tutorial_dag.py took 0.196 seconds
[2025-11-22T21:22:57.470+0500] {processor.py:186} INFO - Started process (PID=68994) to work on /mnt/c/Users/Raj/OneDrive - Åbo Akademi O365/banking/airflow/.venv/lib/python3.12/site-packages/airflow/example_dags/tutorial_dag.py
[2025-11-22T21:22:57.473+0500] {processor.py:914} INFO - Processing file /mnt/c/Users/Raj/OneDrive - Åbo Akademi O365/banking/airflow/.venv/lib/python3.12/site-packages/airflow/example_dags/tutorial_dag.py for tasks to queue
[2025-11-22T21:22:57.479+0500] {logging_mixin.py:190} INFO - [2025-11-22T21:22:57.476+0500] {dagbag.py:588} INFO - Filling up the DagBag from /mnt/c/Users/Raj/OneDrive - Åbo Akademi O365/banking/airflow/.venv/lib/python3.12/site-packages/airflow/example_dags/tutorial_dag.py
[2025-11-22T21:22:57.508+0500] {processor.py:925} INFO - DAG(s) 'tutorial_dag' retrieved from /mnt/c/Users/Raj/OneDrive - Åbo Akademi O365/banking/airflow/.venv/lib/python3.12/site-packages/airflow/example_dags/tutorial_dag.py
[2025-11-22T21:22:57.550+0500] {logging_mixin.py:190} INFO - [2025-11-22T21:22:57.549+0500] {dag.py:3239} INFO - Sync 1 DAGs
[2025-11-22T21:22:57.573+0500] {logging_mixin.py:190} INFO - [2025-11-22T21:22:57.572+0500] {dag.py:4180} INFO - Setting next_dagrun for tutorial_dag to None, run_after=None
[2025-11-22T21:22:57.640+0500] {processor.py:208} INFO - Processing /mnt/c/Users/Raj/OneDrive - Åbo Akademi O365/banking/airflow/.venv/lib/python3.12/site-packages/airflow/example_dags/tutorial_dag.py took 0.190 seconds
[2025-11-22T21:23:50.372+0500] {processor.py:186} INFO - Started process (PID=69034) to work on /mnt/c/Users/Raj/OneDrive - Åbo Akademi O365/banking/airflow/.venv/lib/python3.12/site-packages/airflow/example_dags/tutorial_dag.py
[2025-11-22T21:23:50.374+0500] {processor.py:914} INFO - Processing file /mnt/c/Users/Raj/OneDrive - Åbo Akademi O365/banking/airflow/.venv/lib/python3.12/site-packages/airflow/example_dags/tutorial_dag.py for tasks to queue
[2025-11-22T21:23:50.378+0500] {logging_mixin.py:190} INFO - [2025-11-22T21:23:50.376+0500] {dagbag.py:588} INFO - Filling up the DagBag from /mnt/c/Users/Raj/OneDrive - Åbo Akademi O365/banking/airflow/.venv/lib/python3.12/site-packages/airflow/example_dags/tutorial_dag.py
[2025-11-22T21:23:50.412+0500] {processor.py:925} INFO - DAG(s) 'tutorial_dag' retrieved from /mnt/c/Users/Raj/OneDrive - Åbo Akademi O365/banking/airflow/.venv/lib/python3.12/site-packages/airflow/example_dags/tutorial_dag.py
[2025-11-22T21:23:50.458+0500] {logging_mixin.py:190} INFO - [2025-11-22T21:23:50.456+0500] {dag.py:3239} INFO - Sync 1 DAGs
[2025-11-22T21:23:50.484+0500] {logging_mixin.py:190} INFO - [2025-11-22T21:23:50.482+0500] {dag.py:4180} INFO - Setting next_dagrun for tutorial_dag to None, run_after=None
[2025-11-22T21:23:50.557+0500] {processor.py:208} INFO - Processing /mnt/c/Users/Raj/OneDrive - Åbo Akademi O365/banking/airflow/.venv/lib/python3.12/site-packages/airflow/example_dags/tutorial_dag.py took 0.201 seconds
[2025-11-22T21:24:49.615+0500] {processor.py:186} INFO - Started process (PID=69077) to work on /mnt/c/Users/Raj/OneDrive - Åbo Akademi O365/banking/airflow/.venv/lib/python3.12/site-packages/airflow/example_dags/tutorial_dag.py
[2025-11-22T21:24:49.617+0500] {processor.py:914} INFO - Processing file /mnt/c/Users/Raj/OneDrive - Åbo Akademi O365/banking/airflow/.venv/lib/python3.12/site-packages/airflow/example_dags/tutorial_dag.py for tasks to queue
[2025-11-22T21:24:49.621+0500] {logging_mixin.py:190} INFO - [2025-11-22T21:24:49.619+0500] {dagbag.py:588} INFO - Filling up the DagBag from /mnt/c/Users/Raj/OneDrive - Åbo Akademi O365/banking/airflow/.venv/lib/python3.12/site-packages/airflow/example_dags/tutorial_dag.py
[2025-11-22T21:24:49.650+0500] {processor.py:925} INFO - DAG(s) 'tutorial_dag' retrieved from /mnt/c/Users/Raj/OneDrive - Åbo Akademi O365/banking/airflow/.venv/lib/python3.12/site-packages/airflow/example_dags/tutorial_dag.py
[2025-11-22T21:24:49.701+0500] {logging_mixin.py:190} INFO - [2025-11-22T21:24:49.699+0500] {dag.py:3239} INFO - Sync 1 DAGs
[2025-11-22T21:24:49.735+0500] {logging_mixin.py:190} INFO - [2025-11-22T21:24:49.733+0500] {dag.py:4180} INFO - Setting next_dagrun for tutorial_dag to None, run_after=None
[2025-11-22T21:24:49.837+0500] {processor.py:208} INFO - Processing /mnt/c/Users/Raj/OneDrive - Åbo Akademi O365/banking/airflow/.venv/lib/python3.12/site-packages/airflow/example_dags/tutorial_dag.py took 0.244 seconds
