[2025-11-22T20:13:59.668+0500] {processor.py:186} INFO - Started process (PID=65463) to work on /mnt/c/Users/Raj/OneDrive - Åbo Akademi O365/banking/airflow/.venv/lib/python3.12/site-packages/airflow/example_dags/tutorial.py
[2025-11-22T20:13:59.670+0500] {processor.py:914} INFO - Processing file /mnt/c/Users/Raj/OneDrive - Åbo Akademi O365/banking/airflow/.venv/lib/python3.12/site-packages/airflow/example_dags/tutorial.py for tasks to queue
[2025-11-22T20:13:59.674+0500] {logging_mixin.py:190} INFO - [2025-11-22T20:13:59.672+0500] {dagbag.py:588} INFO - Filling up the DagBag from /mnt/c/Users/Raj/OneDrive - Åbo Akademi O365/banking/airflow/.venv/lib/python3.12/site-packages/airflow/example_dags/tutorial.py
[2025-11-22T20:13:59.718+0500] {processor.py:925} INFO - DAG(s) 'tutorial' retrieved from /mnt/c/Users/Raj/OneDrive - Åbo Akademi O365/banking/airflow/.venv/lib/python3.12/site-packages/airflow/example_dags/tutorial.py
[2025-11-22T20:13:59.872+0500] {logging_mixin.py:190} INFO - [2025-11-22T20:13:59.866+0500] {dag.py:3239} INFO - Sync 1 DAGs
[2025-11-22T20:13:59.985+0500] {logging_mixin.py:190} INFO - [2025-11-22T20:13:59.983+0500] {dag.py:4180} INFO - Setting next_dagrun for tutorial to 2025-11-21 00:00:00+00:00, run_after=2025-11-22 00:00:00+00:00
[2025-11-22T20:14:00.178+0500] {processor.py:208} INFO - Processing /mnt/c/Users/Raj/OneDrive - Åbo Akademi O365/banking/airflow/.venv/lib/python3.12/site-packages/airflow/example_dags/tutorial.py took 0.542 seconds
[2025-11-22T20:15:13.016+0500] {processor.py:186} INFO - Started process (PID=65721) to work on /mnt/c/Users/Raj/OneDrive - Åbo Akademi O365/banking/airflow/.venv/lib/python3.12/site-packages/airflow/example_dags/tutorial.py
[2025-11-22T20:15:13.018+0500] {processor.py:914} INFO - Processing file /mnt/c/Users/Raj/OneDrive - Åbo Akademi O365/banking/airflow/.venv/lib/python3.12/site-packages/airflow/example_dags/tutorial.py for tasks to queue
[2025-11-22T20:15:13.022+0500] {logging_mixin.py:190} INFO - [2025-11-22T20:15:13.021+0500] {dagbag.py:588} INFO - Filling up the DagBag from /mnt/c/Users/Raj/OneDrive - Åbo Akademi O365/banking/airflow/.venv/lib/python3.12/site-packages/airflow/example_dags/tutorial.py
[2025-11-22T20:15:13.052+0500] {processor.py:925} INFO - DAG(s) 'tutorial' retrieved from /mnt/c/Users/Raj/OneDrive - Åbo Akademi O365/banking/airflow/.venv/lib/python3.12/site-packages/airflow/example_dags/tutorial.py
[2025-11-22T20:15:13.093+0500] {logging_mixin.py:190} INFO - [2025-11-22T20:15:13.092+0500] {dag.py:3239} INFO - Sync 1 DAGs
[2025-11-22T20:15:13.134+0500] {logging_mixin.py:190} INFO - [2025-11-22T20:15:13.133+0500] {dag.py:4180} INFO - Setting next_dagrun for tutorial to 2025-11-21 00:00:00+00:00, run_after=2025-11-22 00:00:00+00:00
[2025-11-22T20:15:13.219+0500] {processor.py:208} INFO - Processing /mnt/c/Users/Raj/OneDrive - Åbo Akademi O365/banking/airflow/.venv/lib/python3.12/site-packages/airflow/example_dags/tutorial.py took 0.219 seconds
[2025-11-22T20:16:13.442+0500] {processor.py:186} INFO - Started process (PID=65772) to work on /mnt/c/Users/Raj/OneDrive - Åbo Akademi O365/banking/airflow/.venv/lib/python3.12/site-packages/airflow/example_dags/tutorial.py
[2025-11-22T20:16:13.444+0500] {processor.py:914} INFO - Processing file /mnt/c/Users/Raj/OneDrive - Åbo Akademi O365/banking/airflow/.venv/lib/python3.12/site-packages/airflow/example_dags/tutorial.py for tasks to queue
[2025-11-22T20:16:13.448+0500] {logging_mixin.py:190} INFO - [2025-11-22T20:16:13.447+0500] {dagbag.py:588} INFO - Filling up the DagBag from /mnt/c/Users/Raj/OneDrive - Åbo Akademi O365/banking/airflow/.venv/lib/python3.12/site-packages/airflow/example_dags/tutorial.py
[2025-11-22T20:16:13.475+0500] {processor.py:925} INFO - DAG(s) 'tutorial' retrieved from /mnt/c/Users/Raj/OneDrive - Åbo Akademi O365/banking/airflow/.venv/lib/python3.12/site-packages/airflow/example_dags/tutorial.py
[2025-11-22T20:16:13.516+0500] {logging_mixin.py:190} INFO - [2025-11-22T20:16:13.514+0500] {dag.py:3239} INFO - Sync 1 DAGs
[2025-11-22T20:16:13.555+0500] {logging_mixin.py:190} INFO - [2025-11-22T20:16:13.554+0500] {dag.py:4180} INFO - Setting next_dagrun for tutorial to 2025-11-21 00:00:00+00:00, run_after=2025-11-22 00:00:00+00:00
[2025-11-22T20:16:13.627+0500] {processor.py:208} INFO - Processing /mnt/c/Users/Raj/OneDrive - Åbo Akademi O365/banking/airflow/.venv/lib/python3.12/site-packages/airflow/example_dags/tutorial.py took 0.202 seconds
[2025-11-22T20:17:10.625+0500] {processor.py:186} INFO - Started process (PID=65820) to work on /mnt/c/Users/Raj/OneDrive - Åbo Akademi O365/banking/airflow/.venv/lib/python3.12/site-packages/airflow/example_dags/tutorial.py
[2025-11-22T20:17:10.628+0500] {processor.py:914} INFO - Processing file /mnt/c/Users/Raj/OneDrive - Åbo Akademi O365/banking/airflow/.venv/lib/python3.12/site-packages/airflow/example_dags/tutorial.py for tasks to queue
[2025-11-22T20:17:10.635+0500] {logging_mixin.py:190} INFO - [2025-11-22T20:17:10.631+0500] {dagbag.py:588} INFO - Filling up the DagBag from /mnt/c/Users/Raj/OneDrive - Åbo Akademi O365/banking/airflow/.venv/lib/python3.12/site-packages/airflow/example_dags/tutorial.py
[2025-11-22T20:17:10.674+0500] {processor.py:925} INFO - DAG(s) 'tutorial' retrieved from /mnt/c/Users/Raj/OneDrive - Åbo Akademi O365/banking/airflow/.venv/lib/python3.12/site-packages/airflow/example_dags/tutorial.py
[2025-11-22T20:17:10.728+0500] {logging_mixin.py:190} INFO - [2025-11-22T20:17:10.726+0500] {dag.py:3239} INFO - Sync 1 DAGs
[2025-11-22T20:17:10.769+0500] {logging_mixin.py:190} INFO - [2025-11-22T20:17:10.767+0500] {dag.py:4180} INFO - Setting next_dagrun for tutorial to 2025-11-21 00:00:00+00:00, run_after=2025-11-22 00:00:00+00:00
[2025-11-22T20:17:10.844+0500] {processor.py:208} INFO - Processing /mnt/c/Users/Raj/OneDrive - Åbo Akademi O365/banking/airflow/.venv/lib/python3.12/site-packages/airflow/example_dags/tutorial.py took 0.238 seconds
[2025-11-22T20:20:12.677+0500] {processor.py:186} INFO - Started process (PID=65898) to work on /mnt/c/Users/Raj/OneDrive - Åbo Akademi O365/banking/airflow/.venv/lib/python3.12/site-packages/airflow/example_dags/tutorial.py
[2025-11-22T20:20:12.679+0500] {processor.py:914} INFO - Processing file /mnt/c/Users/Raj/OneDrive - Åbo Akademi O365/banking/airflow/.venv/lib/python3.12/site-packages/airflow/example_dags/tutorial.py for tasks to queue
[2025-11-22T20:20:12.689+0500] {logging_mixin.py:190} INFO - [2025-11-22T20:20:12.686+0500] {dagbag.py:588} INFO - Filling up the DagBag from /mnt/c/Users/Raj/OneDrive - Åbo Akademi O365/banking/airflow/.venv/lib/python3.12/site-packages/airflow/example_dags/tutorial.py
[2025-11-22T20:20:12.862+0500] {processor.py:925} INFO - DAG(s) 'tutorial' retrieved from /mnt/c/Users/Raj/OneDrive - Åbo Akademi O365/banking/airflow/.venv/lib/python3.12/site-packages/airflow/example_dags/tutorial.py
[2025-11-22T20:20:13.037+0500] {logging_mixin.py:190} INFO - [2025-11-22T20:20:13.036+0500] {dag.py:3239} INFO - Sync 1 DAGs
[2025-11-22T20:20:13.101+0500] {logging_mixin.py:190} INFO - [2025-11-22T20:20:13.099+0500] {dag.py:4180} INFO - Setting next_dagrun for tutorial to 2025-11-21 00:00:00+00:00, run_after=2025-11-22 00:00:00+00:00
[2025-11-22T20:20:13.192+0500] {processor.py:208} INFO - Processing /mnt/c/Users/Raj/OneDrive - Åbo Akademi O365/banking/airflow/.venv/lib/python3.12/site-packages/airflow/example_dags/tutorial.py took 0.544 seconds
[2025-11-22T20:21:58.810+0500] {processor.py:186} INFO - Started process (PID=65977) to work on /mnt/c/Users/Raj/OneDrive - Åbo Akademi O365/banking/airflow/.venv/lib/python3.12/site-packages/airflow/example_dags/tutorial.py
[2025-11-22T20:21:58.813+0500] {processor.py:914} INFO - Processing file /mnt/c/Users/Raj/OneDrive - Åbo Akademi O365/banking/airflow/.venv/lib/python3.12/site-packages/airflow/example_dags/tutorial.py for tasks to queue
[2025-11-22T20:21:58.820+0500] {logging_mixin.py:190} INFO - [2025-11-22T20:21:58.818+0500] {dagbag.py:588} INFO - Filling up the DagBag from /mnt/c/Users/Raj/OneDrive - Åbo Akademi O365/banking/airflow/.venv/lib/python3.12/site-packages/airflow/example_dags/tutorial.py
[2025-11-22T20:21:58.915+0500] {processor.py:925} INFO - DAG(s) 'tutorial' retrieved from /mnt/c/Users/Raj/OneDrive - Åbo Akademi O365/banking/airflow/.venv/lib/python3.12/site-packages/airflow/example_dags/tutorial.py
[2025-11-22T20:21:58.954+0500] {logging_mixin.py:190} INFO - [2025-11-22T20:21:58.952+0500] {dag.py:3239} INFO - Sync 1 DAGs
[2025-11-22T20:21:59.004+0500] {logging_mixin.py:190} INFO - [2025-11-22T20:21:59.002+0500] {dag.py:4180} INFO - Setting next_dagrun for tutorial to 2025-11-21 00:00:00+00:00, run_after=2025-11-22 00:00:00+00:00
[2025-11-22T20:21:59.086+0500] {processor.py:208} INFO - Processing /mnt/c/Users/Raj/OneDrive - Åbo Akademi O365/banking/airflow/.venv/lib/python3.12/site-packages/airflow/example_dags/tutorial.py took 0.295 seconds
[2025-11-22T20:23:05.739+0500] {processor.py:186} INFO - Started process (PID=66045) to work on /mnt/c/Users/Raj/OneDrive - Åbo Akademi O365/banking/airflow/.venv/lib/python3.12/site-packages/airflow/example_dags/tutorial.py
[2025-11-22T20:23:05.742+0500] {processor.py:914} INFO - Processing file /mnt/c/Users/Raj/OneDrive - Åbo Akademi O365/banking/airflow/.venv/lib/python3.12/site-packages/airflow/example_dags/tutorial.py for tasks to queue
[2025-11-22T20:23:05.749+0500] {logging_mixin.py:190} INFO - [2025-11-22T20:23:05.747+0500] {dagbag.py:588} INFO - Filling up the DagBag from /mnt/c/Users/Raj/OneDrive - Åbo Akademi O365/banking/airflow/.venv/lib/python3.12/site-packages/airflow/example_dags/tutorial.py
[2025-11-22T20:23:05.857+0500] {processor.py:925} INFO - DAG(s) 'tutorial' retrieved from /mnt/c/Users/Raj/OneDrive - Åbo Akademi O365/banking/airflow/.venv/lib/python3.12/site-packages/airflow/example_dags/tutorial.py
[2025-11-22T20:23:05.901+0500] {logging_mixin.py:190} INFO - [2025-11-22T20:23:05.900+0500] {dag.py:3239} INFO - Sync 1 DAGs
[2025-11-22T20:23:05.948+0500] {logging_mixin.py:190} INFO - [2025-11-22T20:23:05.947+0500] {dag.py:4180} INFO - Setting next_dagrun for tutorial to 2025-11-21 00:00:00+00:00, run_after=2025-11-22 00:00:00+00:00
[2025-11-22T20:23:06.027+0500] {processor.py:208} INFO - Processing /mnt/c/Users/Raj/OneDrive - Åbo Akademi O365/banking/airflow/.venv/lib/python3.12/site-packages/airflow/example_dags/tutorial.py took 0.308 seconds
[2025-11-22T20:24:08.225+0500] {processor.py:186} INFO - Started process (PID=66092) to work on /mnt/c/Users/Raj/OneDrive - Åbo Akademi O365/banking/airflow/.venv/lib/python3.12/site-packages/airflow/example_dags/tutorial.py
[2025-11-22T20:24:08.235+0500] {processor.py:914} INFO - Processing file /mnt/c/Users/Raj/OneDrive - Åbo Akademi O365/banking/airflow/.venv/lib/python3.12/site-packages/airflow/example_dags/tutorial.py for tasks to queue
[2025-11-22T20:24:08.241+0500] {logging_mixin.py:190} INFO - [2025-11-22T20:24:08.239+0500] {dagbag.py:588} INFO - Filling up the DagBag from /mnt/c/Users/Raj/OneDrive - Åbo Akademi O365/banking/airflow/.venv/lib/python3.12/site-packages/airflow/example_dags/tutorial.py
[2025-11-22T20:24:08.408+0500] {processor.py:925} INFO - DAG(s) 'tutorial' retrieved from /mnt/c/Users/Raj/OneDrive - Åbo Akademi O365/banking/airflow/.venv/lib/python3.12/site-packages/airflow/example_dags/tutorial.py
[2025-11-22T20:24:08.620+0500] {logging_mixin.py:190} INFO - [2025-11-22T20:24:08.619+0500] {dag.py:3239} INFO - Sync 1 DAGs
[2025-11-22T20:24:08.711+0500] {logging_mixin.py:190} INFO - [2025-11-22T20:24:08.710+0500] {dag.py:4180} INFO - Setting next_dagrun for tutorial to 2025-11-21 00:00:00+00:00, run_after=2025-11-22 00:00:00+00:00
[2025-11-22T20:24:08.809+0500] {processor.py:208} INFO - Processing /mnt/c/Users/Raj/OneDrive - Åbo Akademi O365/banking/airflow/.venv/lib/python3.12/site-packages/airflow/example_dags/tutorial.py took 0.617 seconds
[2025-11-22T20:27:31.275+0500] {processor.py:186} INFO - Started process (PID=66226) to work on /mnt/c/Users/Raj/OneDrive - Åbo Akademi O365/banking/airflow/.venv/lib/python3.12/site-packages/airflow/example_dags/tutorial.py
[2025-11-22T20:27:31.278+0500] {processor.py:914} INFO - Processing file /mnt/c/Users/Raj/OneDrive - Åbo Akademi O365/banking/airflow/.venv/lib/python3.12/site-packages/airflow/example_dags/tutorial.py for tasks to queue
[2025-11-22T20:27:31.284+0500] {logging_mixin.py:190} INFO - [2025-11-22T20:27:31.281+0500] {dagbag.py:588} INFO - Filling up the DagBag from /mnt/c/Users/Raj/OneDrive - Åbo Akademi O365/banking/airflow/.venv/lib/python3.12/site-packages/airflow/example_dags/tutorial.py
[2025-11-22T20:27:31.316+0500] {processor.py:925} INFO - DAG(s) 'tutorial' retrieved from /mnt/c/Users/Raj/OneDrive - Åbo Akademi O365/banking/airflow/.venv/lib/python3.12/site-packages/airflow/example_dags/tutorial.py
[2025-11-22T20:27:31.471+0500] {logging_mixin.py:190} INFO - [2025-11-22T20:27:31.470+0500] {dag.py:3239} INFO - Sync 1 DAGs
[2025-11-22T20:27:31.507+0500] {logging_mixin.py:190} INFO - [2025-11-22T20:27:31.506+0500] {dag.py:4180} INFO - Setting next_dagrun for tutorial to 2025-11-21 00:00:00+00:00, run_after=2025-11-22 00:00:00+00:00
[2025-11-22T20:27:31.595+0500] {processor.py:208} INFO - Processing /mnt/c/Users/Raj/OneDrive - Åbo Akademi O365/banking/airflow/.venv/lib/python3.12/site-packages/airflow/example_dags/tutorial.py took 0.349 seconds
[2025-11-22T20:28:55.249+0500] {processor.py:186} INFO - Started process (PID=66315) to work on /mnt/c/Users/Raj/OneDrive - Åbo Akademi O365/banking/airflow/.venv/lib/python3.12/site-packages/airflow/example_dags/tutorial.py
[2025-11-22T20:28:55.252+0500] {processor.py:914} INFO - Processing file /mnt/c/Users/Raj/OneDrive - Åbo Akademi O365/banking/airflow/.venv/lib/python3.12/site-packages/airflow/example_dags/tutorial.py for tasks to queue
[2025-11-22T20:28:55.257+0500] {logging_mixin.py:190} INFO - [2025-11-22T20:28:55.255+0500] {dagbag.py:588} INFO - Filling up the DagBag from /mnt/c/Users/Raj/OneDrive - Åbo Akademi O365/banking/airflow/.venv/lib/python3.12/site-packages/airflow/example_dags/tutorial.py
[2025-11-22T20:28:55.296+0500] {processor.py:925} INFO - DAG(s) 'tutorial' retrieved from /mnt/c/Users/Raj/OneDrive - Åbo Akademi O365/banking/airflow/.venv/lib/python3.12/site-packages/airflow/example_dags/tutorial.py
[2025-11-22T20:28:55.345+0500] {logging_mixin.py:190} INFO - [2025-11-22T20:28:55.344+0500] {dag.py:3239} INFO - Sync 1 DAGs
[2025-11-22T20:28:55.380+0500] {logging_mixin.py:190} INFO - [2025-11-22T20:28:55.379+0500] {dag.py:4180} INFO - Setting next_dagrun for tutorial to 2025-11-21 00:00:00+00:00, run_after=2025-11-22 00:00:00+00:00
[2025-11-22T20:28:55.454+0500] {processor.py:208} INFO - Processing /mnt/c/Users/Raj/OneDrive - Åbo Akademi O365/banking/airflow/.venv/lib/python3.12/site-packages/airflow/example_dags/tutorial.py took 0.224 seconds
[2025-11-22T20:29:51.946+0500] {processor.py:186} INFO - Started process (PID=66370) to work on /mnt/c/Users/Raj/OneDrive - Åbo Akademi O365/banking/airflow/.venv/lib/python3.12/site-packages/airflow/example_dags/tutorial.py
[2025-11-22T20:29:51.949+0500] {processor.py:914} INFO - Processing file /mnt/c/Users/Raj/OneDrive - Åbo Akademi O365/banking/airflow/.venv/lib/python3.12/site-packages/airflow/example_dags/tutorial.py for tasks to queue
[2025-11-22T20:29:51.954+0500] {logging_mixin.py:190} INFO - [2025-11-22T20:29:51.952+0500] {dagbag.py:588} INFO - Filling up the DagBag from /mnt/c/Users/Raj/OneDrive - Åbo Akademi O365/banking/airflow/.venv/lib/python3.12/site-packages/airflow/example_dags/tutorial.py
[2025-11-22T20:29:51.985+0500] {processor.py:925} INFO - DAG(s) 'tutorial' retrieved from /mnt/c/Users/Raj/OneDrive - Åbo Akademi O365/banking/airflow/.venv/lib/python3.12/site-packages/airflow/example_dags/tutorial.py
[2025-11-22T20:29:52.029+0500] {logging_mixin.py:190} INFO - [2025-11-22T20:29:52.027+0500] {dag.py:3239} INFO - Sync 1 DAGs
[2025-11-22T20:29:52.067+0500] {logging_mixin.py:190} INFO - [2025-11-22T20:29:52.066+0500] {dag.py:4180} INFO - Setting next_dagrun for tutorial to 2025-11-21 00:00:00+00:00, run_after=2025-11-22 00:00:00+00:00
[2025-11-22T20:29:52.147+0500] {processor.py:208} INFO - Processing /mnt/c/Users/Raj/OneDrive - Åbo Akademi O365/banking/airflow/.venv/lib/python3.12/site-packages/airflow/example_dags/tutorial.py took 0.220 seconds
[2025-11-22T20:31:39.662+0500] {processor.py:186} INFO - Started process (PID=66447) to work on /mnt/c/Users/Raj/OneDrive - Åbo Akademi O365/banking/airflow/.venv/lib/python3.12/site-packages/airflow/example_dags/tutorial.py
[2025-11-22T20:31:39.664+0500] {processor.py:914} INFO - Processing file /mnt/c/Users/Raj/OneDrive - Åbo Akademi O365/banking/airflow/.venv/lib/python3.12/site-packages/airflow/example_dags/tutorial.py for tasks to queue
[2025-11-22T20:31:39.668+0500] {logging_mixin.py:190} INFO - [2025-11-22T20:31:39.667+0500] {dagbag.py:588} INFO - Filling up the DagBag from /mnt/c/Users/Raj/OneDrive - Åbo Akademi O365/banking/airflow/.venv/lib/python3.12/site-packages/airflow/example_dags/tutorial.py
[2025-11-22T20:31:39.700+0500] {processor.py:925} INFO - DAG(s) 'tutorial' retrieved from /mnt/c/Users/Raj/OneDrive - Åbo Akademi O365/banking/airflow/.venv/lib/python3.12/site-packages/airflow/example_dags/tutorial.py
[2025-11-22T20:31:39.732+0500] {logging_mixin.py:190} INFO - [2025-11-22T20:31:39.731+0500] {dag.py:3239} INFO - Sync 1 DAGs
[2025-11-22T20:31:39.769+0500] {logging_mixin.py:190} INFO - [2025-11-22T20:31:39.768+0500] {dag.py:4180} INFO - Setting next_dagrun for tutorial to 2025-11-21 00:00:00+00:00, run_after=2025-11-22 00:00:00+00:00
[2025-11-22T20:31:39.846+0500] {processor.py:208} INFO - Processing /mnt/c/Users/Raj/OneDrive - Åbo Akademi O365/banking/airflow/.venv/lib/python3.12/site-packages/airflow/example_dags/tutorial.py took 0.204 seconds
[2025-11-22T20:33:13.054+0500] {processor.py:186} INFO - Started process (PID=66524) to work on /mnt/c/Users/Raj/OneDrive - Åbo Akademi O365/banking/airflow/.venv/lib/python3.12/site-packages/airflow/example_dags/tutorial.py
[2025-11-22T20:33:13.057+0500] {processor.py:914} INFO - Processing file /mnt/c/Users/Raj/OneDrive - Åbo Akademi O365/banking/airflow/.venv/lib/python3.12/site-packages/airflow/example_dags/tutorial.py for tasks to queue
[2025-11-22T20:33:13.061+0500] {logging_mixin.py:190} INFO - [2025-11-22T20:33:13.059+0500] {dagbag.py:588} INFO - Filling up the DagBag from /mnt/c/Users/Raj/OneDrive - Åbo Akademi O365/banking/airflow/.venv/lib/python3.12/site-packages/airflow/example_dags/tutorial.py
[2025-11-22T20:33:13.095+0500] {processor.py:925} INFO - DAG(s) 'tutorial' retrieved from /mnt/c/Users/Raj/OneDrive - Åbo Akademi O365/banking/airflow/.venv/lib/python3.12/site-packages/airflow/example_dags/tutorial.py
[2025-11-22T20:33:13.131+0500] {logging_mixin.py:190} INFO - [2025-11-22T20:33:13.128+0500] {dag.py:3239} INFO - Sync 1 DAGs
[2025-11-22T20:33:13.174+0500] {logging_mixin.py:190} INFO - [2025-11-22T20:33:13.173+0500] {dag.py:4180} INFO - Setting next_dagrun for tutorial to 2025-11-21 00:00:00+00:00, run_after=2025-11-22 00:00:00+00:00
[2025-11-22T20:33:13.280+0500] {processor.py:208} INFO - Processing /mnt/c/Users/Raj/OneDrive - Åbo Akademi O365/banking/airflow/.venv/lib/python3.12/site-packages/airflow/example_dags/tutorial.py took 0.247 seconds
[2025-11-22T20:34:29.031+0500] {processor.py:186} INFO - Started process (PID=66586) to work on /mnt/c/Users/Raj/OneDrive - Åbo Akademi O365/banking/airflow/.venv/lib/python3.12/site-packages/airflow/example_dags/tutorial.py
[2025-11-22T20:34:29.033+0500] {processor.py:914} INFO - Processing file /mnt/c/Users/Raj/OneDrive - Åbo Akademi O365/banking/airflow/.venv/lib/python3.12/site-packages/airflow/example_dags/tutorial.py for tasks to queue
[2025-11-22T20:34:29.035+0500] {logging_mixin.py:190} INFO - [2025-11-22T20:34:29.034+0500] {dagbag.py:588} INFO - Filling up the DagBag from /mnt/c/Users/Raj/OneDrive - Åbo Akademi O365/banking/airflow/.venv/lib/python3.12/site-packages/airflow/example_dags/tutorial.py
[2025-11-22T20:34:29.058+0500] {processor.py:925} INFO - DAG(s) 'tutorial' retrieved from /mnt/c/Users/Raj/OneDrive - Åbo Akademi O365/banking/airflow/.venv/lib/python3.12/site-packages/airflow/example_dags/tutorial.py
[2025-11-22T20:34:29.096+0500] {logging_mixin.py:190} INFO - [2025-11-22T20:34:29.094+0500] {dag.py:3239} INFO - Sync 1 DAGs
[2025-11-22T20:34:29.134+0500] {logging_mixin.py:190} INFO - [2025-11-22T20:34:29.132+0500] {dag.py:4180} INFO - Setting next_dagrun for tutorial to 2025-11-21 00:00:00+00:00, run_after=2025-11-22 00:00:00+00:00
[2025-11-22T20:34:29.223+0500] {processor.py:208} INFO - Processing /mnt/c/Users/Raj/OneDrive - Åbo Akademi O365/banking/airflow/.venv/lib/python3.12/site-packages/airflow/example_dags/tutorial.py took 0.206 seconds
[2025-11-22T20:35:24.939+0500] {processor.py:186} INFO - Started process (PID=66625) to work on /mnt/c/Users/Raj/OneDrive - Åbo Akademi O365/banking/airflow/.venv/lib/python3.12/site-packages/airflow/example_dags/tutorial.py
[2025-11-22T20:35:24.942+0500] {processor.py:914} INFO - Processing file /mnt/c/Users/Raj/OneDrive - Åbo Akademi O365/banking/airflow/.venv/lib/python3.12/site-packages/airflow/example_dags/tutorial.py for tasks to queue
[2025-11-22T20:35:24.947+0500] {logging_mixin.py:190} INFO - [2025-11-22T20:35:24.945+0500] {dagbag.py:588} INFO - Filling up the DagBag from /mnt/c/Users/Raj/OneDrive - Åbo Akademi O365/banking/airflow/.venv/lib/python3.12/site-packages/airflow/example_dags/tutorial.py
[2025-11-22T20:35:24.981+0500] {processor.py:925} INFO - DAG(s) 'tutorial' retrieved from /mnt/c/Users/Raj/OneDrive - Åbo Akademi O365/banking/airflow/.venv/lib/python3.12/site-packages/airflow/example_dags/tutorial.py
[2025-11-22T20:35:25.022+0500] {logging_mixin.py:190} INFO - [2025-11-22T20:35:25.020+0500] {dag.py:3239} INFO - Sync 1 DAGs
[2025-11-22T20:35:25.060+0500] {logging_mixin.py:190} INFO - [2025-11-22T20:35:25.059+0500] {dag.py:4180} INFO - Setting next_dagrun for tutorial to 2025-11-21 00:00:00+00:00, run_after=2025-11-22 00:00:00+00:00
[2025-11-22T20:35:25.151+0500] {processor.py:208} INFO - Processing /mnt/c/Users/Raj/OneDrive - Åbo Akademi O365/banking/airflow/.venv/lib/python3.12/site-packages/airflow/example_dags/tutorial.py took 0.230 seconds
[2025-11-22T20:36:21.196+0500] {processor.py:186} INFO - Started process (PID=66667) to work on /mnt/c/Users/Raj/OneDrive - Åbo Akademi O365/banking/airflow/.venv/lib/python3.12/site-packages/airflow/example_dags/tutorial.py
[2025-11-22T20:36:21.199+0500] {processor.py:914} INFO - Processing file /mnt/c/Users/Raj/OneDrive - Åbo Akademi O365/banking/airflow/.venv/lib/python3.12/site-packages/airflow/example_dags/tutorial.py for tasks to queue
[2025-11-22T20:36:21.202+0500] {logging_mixin.py:190} INFO - [2025-11-22T20:36:21.201+0500] {dagbag.py:588} INFO - Filling up the DagBag from /mnt/c/Users/Raj/OneDrive - Åbo Akademi O365/banking/airflow/.venv/lib/python3.12/site-packages/airflow/example_dags/tutorial.py
[2025-11-22T20:36:21.232+0500] {processor.py:925} INFO - DAG(s) 'tutorial' retrieved from /mnt/c/Users/Raj/OneDrive - Åbo Akademi O365/banking/airflow/.venv/lib/python3.12/site-packages/airflow/example_dags/tutorial.py
[2025-11-22T20:36:21.272+0500] {logging_mixin.py:190} INFO - [2025-11-22T20:36:21.271+0500] {dag.py:3239} INFO - Sync 1 DAGs
[2025-11-22T20:36:21.313+0500] {logging_mixin.py:190} INFO - [2025-11-22T20:36:21.312+0500] {dag.py:4180} INFO - Setting next_dagrun for tutorial to 2025-11-21 00:00:00+00:00, run_after=2025-11-22 00:00:00+00:00
[2025-11-22T20:36:21.406+0500] {processor.py:208} INFO - Processing /mnt/c/Users/Raj/OneDrive - Åbo Akademi O365/banking/airflow/.venv/lib/python3.12/site-packages/airflow/example_dags/tutorial.py took 0.226 seconds
[2025-11-22T20:37:58.571+0500] {processor.py:186} INFO - Started process (PID=66738) to work on /mnt/c/Users/Raj/OneDrive - Åbo Akademi O365/banking/airflow/.venv/lib/python3.12/site-packages/airflow/example_dags/tutorial.py
[2025-11-22T20:37:58.576+0500] {processor.py:914} INFO - Processing file /mnt/c/Users/Raj/OneDrive - Åbo Akademi O365/banking/airflow/.venv/lib/python3.12/site-packages/airflow/example_dags/tutorial.py for tasks to queue
[2025-11-22T20:37:58.581+0500] {logging_mixin.py:190} INFO - [2025-11-22T20:37:58.579+0500] {dagbag.py:588} INFO - Filling up the DagBag from /mnt/c/Users/Raj/OneDrive - Åbo Akademi O365/banking/airflow/.venv/lib/python3.12/site-packages/airflow/example_dags/tutorial.py
[2025-11-22T20:37:58.620+0500] {processor.py:925} INFO - DAG(s) 'tutorial' retrieved from /mnt/c/Users/Raj/OneDrive - Åbo Akademi O365/banking/airflow/.venv/lib/python3.12/site-packages/airflow/example_dags/tutorial.py
[2025-11-22T20:37:58.679+0500] {logging_mixin.py:190} INFO - [2025-11-22T20:37:58.677+0500] {dag.py:3239} INFO - Sync 1 DAGs
[2025-11-22T20:37:58.728+0500] {logging_mixin.py:190} INFO - [2025-11-22T20:37:58.727+0500] {dag.py:4180} INFO - Setting next_dagrun for tutorial to 2025-11-21 00:00:00+00:00, run_after=2025-11-22 00:00:00+00:00
[2025-11-22T20:37:58.796+0500] {processor.py:208} INFO - Processing /mnt/c/Users/Raj/OneDrive - Åbo Akademi O365/banking/airflow/.venv/lib/python3.12/site-packages/airflow/example_dags/tutorial.py took 0.245 seconds
[2025-11-22T20:39:03.086+0500] {processor.py:186} INFO - Started process (PID=66813) to work on /mnt/c/Users/Raj/OneDrive - Åbo Akademi O365/banking/airflow/.venv/lib/python3.12/site-packages/airflow/example_dags/tutorial.py
[2025-11-22T20:39:03.088+0500] {processor.py:914} INFO - Processing file /mnt/c/Users/Raj/OneDrive - Åbo Akademi O365/banking/airflow/.venv/lib/python3.12/site-packages/airflow/example_dags/tutorial.py for tasks to queue
[2025-11-22T20:39:03.091+0500] {logging_mixin.py:190} INFO - [2025-11-22T20:39:03.090+0500] {dagbag.py:588} INFO - Filling up the DagBag from /mnt/c/Users/Raj/OneDrive - Åbo Akademi O365/banking/airflow/.venv/lib/python3.12/site-packages/airflow/example_dags/tutorial.py
[2025-11-22T20:39:03.113+0500] {processor.py:925} INFO - DAG(s) 'tutorial' retrieved from /mnt/c/Users/Raj/OneDrive - Åbo Akademi O365/banking/airflow/.venv/lib/python3.12/site-packages/airflow/example_dags/tutorial.py
[2025-11-22T20:39:03.156+0500] {logging_mixin.py:190} INFO - [2025-11-22T20:39:03.155+0500] {dag.py:3239} INFO - Sync 1 DAGs
[2025-11-22T20:39:03.187+0500] {logging_mixin.py:190} INFO - [2025-11-22T20:39:03.186+0500] {dag.py:4180} INFO - Setting next_dagrun for tutorial to 2025-11-21 00:00:00+00:00, run_after=2025-11-22 00:00:00+00:00
[2025-11-22T20:39:03.247+0500] {processor.py:208} INFO - Processing /mnt/c/Users/Raj/OneDrive - Åbo Akademi O365/banking/airflow/.venv/lib/python3.12/site-packages/airflow/example_dags/tutorial.py took 0.175 seconds
[2025-11-22T20:39:55.563+0500] {processor.py:186} INFO - Started process (PID=66867) to work on /mnt/c/Users/Raj/OneDrive - Åbo Akademi O365/banking/airflow/.venv/lib/python3.12/site-packages/airflow/example_dags/tutorial.py
[2025-11-22T20:39:55.566+0500] {processor.py:914} INFO - Processing file /mnt/c/Users/Raj/OneDrive - Åbo Akademi O365/banking/airflow/.venv/lib/python3.12/site-packages/airflow/example_dags/tutorial.py for tasks to queue
[2025-11-22T20:39:55.570+0500] {logging_mixin.py:190} INFO - [2025-11-22T20:39:55.568+0500] {dagbag.py:588} INFO - Filling up the DagBag from /mnt/c/Users/Raj/OneDrive - Åbo Akademi O365/banking/airflow/.venv/lib/python3.12/site-packages/airflow/example_dags/tutorial.py
[2025-11-22T20:39:55.607+0500] {processor.py:925} INFO - DAG(s) 'tutorial' retrieved from /mnt/c/Users/Raj/OneDrive - Åbo Akademi O365/banking/airflow/.venv/lib/python3.12/site-packages/airflow/example_dags/tutorial.py
[2025-11-22T20:39:55.653+0500] {logging_mixin.py:190} INFO - [2025-11-22T20:39:55.652+0500] {dag.py:3239} INFO - Sync 1 DAGs
[2025-11-22T20:39:55.693+0500] {logging_mixin.py:190} INFO - [2025-11-22T20:39:55.692+0500] {dag.py:4180} INFO - Setting next_dagrun for tutorial to 2025-11-21 00:00:00+00:00, run_after=2025-11-22 00:00:00+00:00
[2025-11-22T20:39:55.772+0500] {processor.py:208} INFO - Processing /mnt/c/Users/Raj/OneDrive - Åbo Akademi O365/banking/airflow/.venv/lib/python3.12/site-packages/airflow/example_dags/tutorial.py took 0.226 seconds
[2025-11-22T20:40:50.285+0500] {processor.py:186} INFO - Started process (PID=66926) to work on /mnt/c/Users/Raj/OneDrive - Åbo Akademi O365/banking/airflow/.venv/lib/python3.12/site-packages/airflow/example_dags/tutorial.py
[2025-11-22T20:40:50.287+0500] {processor.py:914} INFO - Processing file /mnt/c/Users/Raj/OneDrive - Åbo Akademi O365/banking/airflow/.venv/lib/python3.12/site-packages/airflow/example_dags/tutorial.py for tasks to queue
[2025-11-22T20:40:50.291+0500] {logging_mixin.py:190} INFO - [2025-11-22T20:40:50.289+0500] {dagbag.py:588} INFO - Filling up the DagBag from /mnt/c/Users/Raj/OneDrive - Åbo Akademi O365/banking/airflow/.venv/lib/python3.12/site-packages/airflow/example_dags/tutorial.py
[2025-11-22T20:40:50.317+0500] {processor.py:925} INFO - DAG(s) 'tutorial' retrieved from /mnt/c/Users/Raj/OneDrive - Åbo Akademi O365/banking/airflow/.venv/lib/python3.12/site-packages/airflow/example_dags/tutorial.py
[2025-11-22T20:40:50.364+0500] {logging_mixin.py:190} INFO - [2025-11-22T20:40:50.363+0500] {dag.py:3239} INFO - Sync 1 DAGs
[2025-11-22T20:40:50.405+0500] {logging_mixin.py:190} INFO - [2025-11-22T20:40:50.404+0500] {dag.py:4180} INFO - Setting next_dagrun for tutorial to 2025-11-21 00:00:00+00:00, run_after=2025-11-22 00:00:00+00:00
[2025-11-22T20:40:50.491+0500] {processor.py:208} INFO - Processing /mnt/c/Users/Raj/OneDrive - Åbo Akademi O365/banking/airflow/.venv/lib/python3.12/site-packages/airflow/example_dags/tutorial.py took 0.223 seconds
[2025-11-22T20:41:40.350+0500] {processor.py:186} INFO - Started process (PID=66980) to work on /mnt/c/Users/Raj/OneDrive - Åbo Akademi O365/banking/airflow/.venv/lib/python3.12/site-packages/airflow/example_dags/tutorial.py
[2025-11-22T20:41:40.352+0500] {processor.py:914} INFO - Processing file /mnt/c/Users/Raj/OneDrive - Åbo Akademi O365/banking/airflow/.venv/lib/python3.12/site-packages/airflow/example_dags/tutorial.py for tasks to queue
[2025-11-22T20:41:40.356+0500] {logging_mixin.py:190} INFO - [2025-11-22T20:41:40.354+0500] {dagbag.py:588} INFO - Filling up the DagBag from /mnt/c/Users/Raj/OneDrive - Åbo Akademi O365/banking/airflow/.venv/lib/python3.12/site-packages/airflow/example_dags/tutorial.py
[2025-11-22T20:41:40.396+0500] {processor.py:925} INFO - DAG(s) 'tutorial' retrieved from /mnt/c/Users/Raj/OneDrive - Åbo Akademi O365/banking/airflow/.venv/lib/python3.12/site-packages/airflow/example_dags/tutorial.py
[2025-11-22T20:41:40.449+0500] {logging_mixin.py:190} INFO - [2025-11-22T20:41:40.448+0500] {dag.py:3239} INFO - Sync 1 DAGs
[2025-11-22T20:41:40.491+0500] {logging_mixin.py:190} INFO - [2025-11-22T20:41:40.489+0500] {dag.py:4180} INFO - Setting next_dagrun for tutorial to 2025-11-21 00:00:00+00:00, run_after=2025-11-22 00:00:00+00:00
[2025-11-22T20:41:40.571+0500] {processor.py:208} INFO - Processing /mnt/c/Users/Raj/OneDrive - Åbo Akademi O365/banking/airflow/.venv/lib/python3.12/site-packages/airflow/example_dags/tutorial.py took 0.234 seconds
[2025-11-22T20:43:09.330+0500] {processor.py:186} INFO - Started process (PID=67053) to work on /mnt/c/Users/Raj/OneDrive - Åbo Akademi O365/banking/airflow/.venv/lib/python3.12/site-packages/airflow/example_dags/tutorial.py
[2025-11-22T20:43:09.334+0500] {processor.py:914} INFO - Processing file /mnt/c/Users/Raj/OneDrive - Åbo Akademi O365/banking/airflow/.venv/lib/python3.12/site-packages/airflow/example_dags/tutorial.py for tasks to queue
[2025-11-22T20:43:09.340+0500] {logging_mixin.py:190} INFO - [2025-11-22T20:43:09.337+0500] {dagbag.py:588} INFO - Filling up the DagBag from /mnt/c/Users/Raj/OneDrive - Åbo Akademi O365/banking/airflow/.venv/lib/python3.12/site-packages/airflow/example_dags/tutorial.py
[2025-11-22T20:43:09.382+0500] {processor.py:925} INFO - DAG(s) 'tutorial' retrieved from /mnt/c/Users/Raj/OneDrive - Åbo Akademi O365/banking/airflow/.venv/lib/python3.12/site-packages/airflow/example_dags/tutorial.py
[2025-11-22T20:43:09.427+0500] {logging_mixin.py:190} INFO - [2025-11-22T20:43:09.426+0500] {dag.py:3239} INFO - Sync 1 DAGs
[2025-11-22T20:43:09.464+0500] {logging_mixin.py:190} INFO - [2025-11-22T20:43:09.463+0500] {dag.py:4180} INFO - Setting next_dagrun for tutorial to 2025-11-21 00:00:00+00:00, run_after=2025-11-22 00:00:00+00:00
[2025-11-22T20:43:09.556+0500] {processor.py:208} INFO - Processing /mnt/c/Users/Raj/OneDrive - Åbo Akademi O365/banking/airflow/.venv/lib/python3.12/site-packages/airflow/example_dags/tutorial.py took 0.262 seconds
[2025-11-22T20:44:01.120+0500] {processor.py:186} INFO - Started process (PID=67092) to work on /mnt/c/Users/Raj/OneDrive - Åbo Akademi O365/banking/airflow/.venv/lib/python3.12/site-packages/airflow/example_dags/tutorial.py
[2025-11-22T20:44:01.122+0500] {processor.py:914} INFO - Processing file /mnt/c/Users/Raj/OneDrive - Åbo Akademi O365/banking/airflow/.venv/lib/python3.12/site-packages/airflow/example_dags/tutorial.py for tasks to queue
[2025-11-22T20:44:01.125+0500] {logging_mixin.py:190} INFO - [2025-11-22T20:44:01.124+0500] {dagbag.py:588} INFO - Filling up the DagBag from /mnt/c/Users/Raj/OneDrive - Åbo Akademi O365/banking/airflow/.venv/lib/python3.12/site-packages/airflow/example_dags/tutorial.py
[2025-11-22T20:44:01.146+0500] {processor.py:925} INFO - DAG(s) 'tutorial' retrieved from /mnt/c/Users/Raj/OneDrive - Åbo Akademi O365/banking/airflow/.venv/lib/python3.12/site-packages/airflow/example_dags/tutorial.py
[2025-11-22T20:44:01.181+0500] {logging_mixin.py:190} INFO - [2025-11-22T20:44:01.179+0500] {dag.py:3239} INFO - Sync 1 DAGs
[2025-11-22T20:44:01.210+0500] {logging_mixin.py:190} INFO - [2025-11-22T20:44:01.209+0500] {dag.py:4180} INFO - Setting next_dagrun for tutorial to 2025-11-21 00:00:00+00:00, run_after=2025-11-22 00:00:00+00:00
[2025-11-22T20:44:01.269+0500] {processor.py:208} INFO - Processing /mnt/c/Users/Raj/OneDrive - Åbo Akademi O365/banking/airflow/.venv/lib/python3.12/site-packages/airflow/example_dags/tutorial.py took 0.162 seconds
[2025-11-22T20:44:51.988+0500] {processor.py:186} INFO - Started process (PID=67135) to work on /mnt/c/Users/Raj/OneDrive - Åbo Akademi O365/banking/airflow/.venv/lib/python3.12/site-packages/airflow/example_dags/tutorial.py
[2025-11-22T20:44:51.991+0500] {processor.py:914} INFO - Processing file /mnt/c/Users/Raj/OneDrive - Åbo Akademi O365/banking/airflow/.venv/lib/python3.12/site-packages/airflow/example_dags/tutorial.py for tasks to queue
[2025-11-22T20:44:51.995+0500] {logging_mixin.py:190} INFO - [2025-11-22T20:44:51.993+0500] {dagbag.py:588} INFO - Filling up the DagBag from /mnt/c/Users/Raj/OneDrive - Åbo Akademi O365/banking/airflow/.venv/lib/python3.12/site-packages/airflow/example_dags/tutorial.py
[2025-11-22T20:44:52.026+0500] {processor.py:925} INFO - DAG(s) 'tutorial' retrieved from /mnt/c/Users/Raj/OneDrive - Åbo Akademi O365/banking/airflow/.venv/lib/python3.12/site-packages/airflow/example_dags/tutorial.py
[2025-11-22T20:44:52.069+0500] {logging_mixin.py:190} INFO - [2025-11-22T20:44:52.068+0500] {dag.py:3239} INFO - Sync 1 DAGs
[2025-11-22T20:44:52.113+0500] {logging_mixin.py:190} INFO - [2025-11-22T20:44:52.112+0500] {dag.py:4180} INFO - Setting next_dagrun for tutorial to 2025-11-21 00:00:00+00:00, run_after=2025-11-22 00:00:00+00:00
[2025-11-22T20:44:52.185+0500] {processor.py:208} INFO - Processing /mnt/c/Users/Raj/OneDrive - Åbo Akademi O365/banking/airflow/.venv/lib/python3.12/site-packages/airflow/example_dags/tutorial.py took 0.213 seconds
[2025-11-22T20:45:38.983+0500] {processor.py:186} INFO - Started process (PID=67172) to work on /mnt/c/Users/Raj/OneDrive - Åbo Akademi O365/banking/airflow/.venv/lib/python3.12/site-packages/airflow/example_dags/tutorial.py
[2025-11-22T20:45:38.985+0500] {processor.py:914} INFO - Processing file /mnt/c/Users/Raj/OneDrive - Åbo Akademi O365/banking/airflow/.venv/lib/python3.12/site-packages/airflow/example_dags/tutorial.py for tasks to queue
[2025-11-22T20:45:38.989+0500] {logging_mixin.py:190} INFO - [2025-11-22T20:45:38.987+0500] {dagbag.py:588} INFO - Filling up the DagBag from /mnt/c/Users/Raj/OneDrive - Åbo Akademi O365/banking/airflow/.venv/lib/python3.12/site-packages/airflow/example_dags/tutorial.py
[2025-11-22T20:45:39.015+0500] {processor.py:925} INFO - DAG(s) 'tutorial' retrieved from /mnt/c/Users/Raj/OneDrive - Åbo Akademi O365/banking/airflow/.venv/lib/python3.12/site-packages/airflow/example_dags/tutorial.py
[2025-11-22T20:45:39.048+0500] {logging_mixin.py:190} INFO - [2025-11-22T20:45:39.047+0500] {dag.py:3239} INFO - Sync 1 DAGs
[2025-11-22T20:45:39.077+0500] {logging_mixin.py:190} INFO - [2025-11-22T20:45:39.076+0500] {dag.py:4180} INFO - Setting next_dagrun for tutorial to 2025-11-21 00:00:00+00:00, run_after=2025-11-22 00:00:00+00:00
[2025-11-22T20:45:39.147+0500] {processor.py:208} INFO - Processing /mnt/c/Users/Raj/OneDrive - Åbo Akademi O365/banking/airflow/.venv/lib/python3.12/site-packages/airflow/example_dags/tutorial.py took 0.178 seconds
[2025-11-22T20:46:27.667+0500] {processor.py:186} INFO - Started process (PID=67207) to work on /mnt/c/Users/Raj/OneDrive - Åbo Akademi O365/banking/airflow/.venv/lib/python3.12/site-packages/airflow/example_dags/tutorial.py
[2025-11-22T20:46:27.669+0500] {processor.py:914} INFO - Processing file /mnt/c/Users/Raj/OneDrive - Åbo Akademi O365/banking/airflow/.venv/lib/python3.12/site-packages/airflow/example_dags/tutorial.py for tasks to queue
[2025-11-22T20:46:27.672+0500] {logging_mixin.py:190} INFO - [2025-11-22T20:46:27.671+0500] {dagbag.py:588} INFO - Filling up the DagBag from /mnt/c/Users/Raj/OneDrive - Åbo Akademi O365/banking/airflow/.venv/lib/python3.12/site-packages/airflow/example_dags/tutorial.py
[2025-11-22T20:46:27.703+0500] {processor.py:925} INFO - DAG(s) 'tutorial' retrieved from /mnt/c/Users/Raj/OneDrive - Åbo Akademi O365/banking/airflow/.venv/lib/python3.12/site-packages/airflow/example_dags/tutorial.py
[2025-11-22T20:46:27.754+0500] {logging_mixin.py:190} INFO - [2025-11-22T20:46:27.752+0500] {dag.py:3239} INFO - Sync 1 DAGs
[2025-11-22T20:46:27.786+0500] {logging_mixin.py:190} INFO - [2025-11-22T20:46:27.785+0500] {dag.py:4180} INFO - Setting next_dagrun for tutorial to 2025-11-21 00:00:00+00:00, run_after=2025-11-22 00:00:00+00:00
[2025-11-22T20:46:27.860+0500] {processor.py:208} INFO - Processing /mnt/c/Users/Raj/OneDrive - Åbo Akademi O365/banking/airflow/.venv/lib/python3.12/site-packages/airflow/example_dags/tutorial.py took 0.209 seconds
[2025-11-22T20:47:18.957+0500] {processor.py:186} INFO - Started process (PID=67250) to work on /mnt/c/Users/Raj/OneDrive - Åbo Akademi O365/banking/airflow/.venv/lib/python3.12/site-packages/airflow/example_dags/tutorial.py
[2025-11-22T20:47:18.960+0500] {processor.py:914} INFO - Processing file /mnt/c/Users/Raj/OneDrive - Åbo Akademi O365/banking/airflow/.venv/lib/python3.12/site-packages/airflow/example_dags/tutorial.py for tasks to queue
[2025-11-22T20:47:18.964+0500] {logging_mixin.py:190} INFO - [2025-11-22T20:47:18.962+0500] {dagbag.py:588} INFO - Filling up the DagBag from /mnt/c/Users/Raj/OneDrive - Åbo Akademi O365/banking/airflow/.venv/lib/python3.12/site-packages/airflow/example_dags/tutorial.py
[2025-11-22T20:47:18.993+0500] {processor.py:925} INFO - DAG(s) 'tutorial' retrieved from /mnt/c/Users/Raj/OneDrive - Åbo Akademi O365/banking/airflow/.venv/lib/python3.12/site-packages/airflow/example_dags/tutorial.py
[2025-11-22T20:47:19.032+0500] {logging_mixin.py:190} INFO - [2025-11-22T20:47:19.031+0500] {dag.py:3239} INFO - Sync 1 DAGs
[2025-11-22T20:47:19.072+0500] {logging_mixin.py:190} INFO - [2025-11-22T20:47:19.070+0500] {dag.py:4180} INFO - Setting next_dagrun for tutorial to 2025-11-21 00:00:00+00:00, run_after=2025-11-22 00:00:00+00:00
[2025-11-22T20:47:19.143+0500] {processor.py:208} INFO - Processing /mnt/c/Users/Raj/OneDrive - Åbo Akademi O365/banking/airflow/.venv/lib/python3.12/site-packages/airflow/example_dags/tutorial.py took 0.201 seconds
[2025-11-22T20:48:12.692+0500] {processor.py:186} INFO - Started process (PID=67287) to work on /mnt/c/Users/Raj/OneDrive - Åbo Akademi O365/banking/airflow/.venv/lib/python3.12/site-packages/airflow/example_dags/tutorial.py
[2025-11-22T20:48:12.694+0500] {processor.py:914} INFO - Processing file /mnt/c/Users/Raj/OneDrive - Åbo Akademi O365/banking/airflow/.venv/lib/python3.12/site-packages/airflow/example_dags/tutorial.py for tasks to queue
[2025-11-22T20:48:12.697+0500] {logging_mixin.py:190} INFO - [2025-11-22T20:48:12.696+0500] {dagbag.py:588} INFO - Filling up the DagBag from /mnt/c/Users/Raj/OneDrive - Åbo Akademi O365/banking/airflow/.venv/lib/python3.12/site-packages/airflow/example_dags/tutorial.py
[2025-11-22T20:48:12.718+0500] {processor.py:925} INFO - DAG(s) 'tutorial' retrieved from /mnt/c/Users/Raj/OneDrive - Åbo Akademi O365/banking/airflow/.venv/lib/python3.12/site-packages/airflow/example_dags/tutorial.py
[2025-11-22T20:48:12.750+0500] {logging_mixin.py:190} INFO - [2025-11-22T20:48:12.748+0500] {dag.py:3239} INFO - Sync 1 DAGs
[2025-11-22T20:48:12.778+0500] {logging_mixin.py:190} INFO - [2025-11-22T20:48:12.778+0500] {dag.py:4180} INFO - Setting next_dagrun for tutorial to 2025-11-21 00:00:00+00:00, run_after=2025-11-22 00:00:00+00:00
[2025-11-22T20:48:12.844+0500] {processor.py:208} INFO - Processing /mnt/c/Users/Raj/OneDrive - Åbo Akademi O365/banking/airflow/.venv/lib/python3.12/site-packages/airflow/example_dags/tutorial.py took 0.166 seconds
[2025-11-22T20:48:59.880+0500] {processor.py:186} INFO - Started process (PID=67330) to work on /mnt/c/Users/Raj/OneDrive - Åbo Akademi O365/banking/airflow/.venv/lib/python3.12/site-packages/airflow/example_dags/tutorial.py
[2025-11-22T20:48:59.883+0500] {processor.py:914} INFO - Processing file /mnt/c/Users/Raj/OneDrive - Åbo Akademi O365/banking/airflow/.venv/lib/python3.12/site-packages/airflow/example_dags/tutorial.py for tasks to queue
[2025-11-22T20:48:59.886+0500] {logging_mixin.py:190} INFO - [2025-11-22T20:48:59.885+0500] {dagbag.py:588} INFO - Filling up the DagBag from /mnt/c/Users/Raj/OneDrive - Åbo Akademi O365/banking/airflow/.venv/lib/python3.12/site-packages/airflow/example_dags/tutorial.py
[2025-11-22T20:48:59.915+0500] {processor.py:925} INFO - DAG(s) 'tutorial' retrieved from /mnt/c/Users/Raj/OneDrive - Åbo Akademi O365/banking/airflow/.venv/lib/python3.12/site-packages/airflow/example_dags/tutorial.py
[2025-11-22T20:48:59.955+0500] {logging_mixin.py:190} INFO - [2025-11-22T20:48:59.954+0500] {dag.py:3239} INFO - Sync 1 DAGs
[2025-11-22T20:49:00.003+0500] {logging_mixin.py:190} INFO - [2025-11-22T20:49:00.002+0500] {dag.py:4180} INFO - Setting next_dagrun for tutorial to 2025-11-21 00:00:00+00:00, run_after=2025-11-22 00:00:00+00:00
[2025-11-22T20:49:00.089+0500] {processor.py:208} INFO - Processing /mnt/c/Users/Raj/OneDrive - Åbo Akademi O365/banking/airflow/.venv/lib/python3.12/site-packages/airflow/example_dags/tutorial.py took 0.224 seconds
[2025-11-22T20:49:52.437+0500] {processor.py:186} INFO - Started process (PID=67367) to work on /mnt/c/Users/Raj/OneDrive - Åbo Akademi O365/banking/airflow/.venv/lib/python3.12/site-packages/airflow/example_dags/tutorial.py
[2025-11-22T20:49:52.439+0500] {processor.py:914} INFO - Processing file /mnt/c/Users/Raj/OneDrive - Åbo Akademi O365/banking/airflow/.venv/lib/python3.12/site-packages/airflow/example_dags/tutorial.py for tasks to queue
[2025-11-22T20:49:52.442+0500] {logging_mixin.py:190} INFO - [2025-11-22T20:49:52.441+0500] {dagbag.py:588} INFO - Filling up the DagBag from /mnt/c/Users/Raj/OneDrive - Åbo Akademi O365/banking/airflow/.venv/lib/python3.12/site-packages/airflow/example_dags/tutorial.py
[2025-11-22T20:49:52.463+0500] {processor.py:925} INFO - DAG(s) 'tutorial' retrieved from /mnt/c/Users/Raj/OneDrive - Åbo Akademi O365/banking/airflow/.venv/lib/python3.12/site-packages/airflow/example_dags/tutorial.py
[2025-11-22T20:49:52.498+0500] {logging_mixin.py:190} INFO - [2025-11-22T20:49:52.497+0500] {dag.py:3239} INFO - Sync 1 DAGs
[2025-11-22T20:49:52.528+0500] {logging_mixin.py:190} INFO - [2025-11-22T20:49:52.527+0500] {dag.py:4180} INFO - Setting next_dagrun for tutorial to 2025-11-21 00:00:00+00:00, run_after=2025-11-22 00:00:00+00:00
[2025-11-22T20:49:52.599+0500] {processor.py:208} INFO - Processing /mnt/c/Users/Raj/OneDrive - Åbo Akademi O365/banking/airflow/.venv/lib/python3.12/site-packages/airflow/example_dags/tutorial.py took 0.174 seconds
[2025-11-22T20:50:41.499+0500] {processor.py:186} INFO - Started process (PID=67405) to work on /mnt/c/Users/Raj/OneDrive - Åbo Akademi O365/banking/airflow/.venv/lib/python3.12/site-packages/airflow/example_dags/tutorial.py
[2025-11-22T20:50:41.501+0500] {processor.py:914} INFO - Processing file /mnt/c/Users/Raj/OneDrive - Åbo Akademi O365/banking/airflow/.venv/lib/python3.12/site-packages/airflow/example_dags/tutorial.py for tasks to queue
[2025-11-22T20:50:41.506+0500] {logging_mixin.py:190} INFO - [2025-11-22T20:50:41.504+0500] {dagbag.py:588} INFO - Filling up the DagBag from /mnt/c/Users/Raj/OneDrive - Åbo Akademi O365/banking/airflow/.venv/lib/python3.12/site-packages/airflow/example_dags/tutorial.py
[2025-11-22T20:50:41.534+0500] {processor.py:925} INFO - DAG(s) 'tutorial' retrieved from /mnt/c/Users/Raj/OneDrive - Åbo Akademi O365/banking/airflow/.venv/lib/python3.12/site-packages/airflow/example_dags/tutorial.py
[2025-11-22T20:50:41.565+0500] {logging_mixin.py:190} INFO - [2025-11-22T20:50:41.564+0500] {dag.py:3239} INFO - Sync 1 DAGs
[2025-11-22T20:50:41.606+0500] {logging_mixin.py:190} INFO - [2025-11-22T20:50:41.605+0500] {dag.py:4180} INFO - Setting next_dagrun for tutorial to 2025-11-21 00:00:00+00:00, run_after=2025-11-22 00:00:00+00:00
[2025-11-22T20:50:41.677+0500] {processor.py:208} INFO - Processing /mnt/c/Users/Raj/OneDrive - Åbo Akademi O365/banking/airflow/.venv/lib/python3.12/site-packages/airflow/example_dags/tutorial.py took 0.192 seconds
[2025-11-22T20:51:34.512+0500] {processor.py:186} INFO - Started process (PID=67448) to work on /mnt/c/Users/Raj/OneDrive - Åbo Akademi O365/banking/airflow/.venv/lib/python3.12/site-packages/airflow/example_dags/tutorial.py
[2025-11-22T20:51:34.514+0500] {processor.py:914} INFO - Processing file /mnt/c/Users/Raj/OneDrive - Åbo Akademi O365/banking/airflow/.venv/lib/python3.12/site-packages/airflow/example_dags/tutorial.py for tasks to queue
[2025-11-22T20:51:34.517+0500] {logging_mixin.py:190} INFO - [2025-11-22T20:51:34.516+0500] {dagbag.py:588} INFO - Filling up the DagBag from /mnt/c/Users/Raj/OneDrive - Åbo Akademi O365/banking/airflow/.venv/lib/python3.12/site-packages/airflow/example_dags/tutorial.py
[2025-11-22T20:51:34.537+0500] {processor.py:925} INFO - DAG(s) 'tutorial' retrieved from /mnt/c/Users/Raj/OneDrive - Åbo Akademi O365/banking/airflow/.venv/lib/python3.12/site-packages/airflow/example_dags/tutorial.py
[2025-11-22T20:51:34.574+0500] {logging_mixin.py:190} INFO - [2025-11-22T20:51:34.572+0500] {dag.py:3239} INFO - Sync 1 DAGs
[2025-11-22T20:51:34.605+0500] {logging_mixin.py:190} INFO - [2025-11-22T20:51:34.603+0500] {dag.py:4180} INFO - Setting next_dagrun for tutorial to 2025-11-21 00:00:00+00:00, run_after=2025-11-22 00:00:00+00:00
[2025-11-22T20:51:34.676+0500] {processor.py:208} INFO - Processing /mnt/c/Users/Raj/OneDrive - Åbo Akademi O365/banking/airflow/.venv/lib/python3.12/site-packages/airflow/example_dags/tutorial.py took 0.178 seconds
[2025-11-22T20:52:26.703+0500] {processor.py:186} INFO - Started process (PID=67487) to work on /mnt/c/Users/Raj/OneDrive - Åbo Akademi O365/banking/airflow/.venv/lib/python3.12/site-packages/airflow/example_dags/tutorial.py
[2025-11-22T20:52:26.706+0500] {processor.py:914} INFO - Processing file /mnt/c/Users/Raj/OneDrive - Åbo Akademi O365/banking/airflow/.venv/lib/python3.12/site-packages/airflow/example_dags/tutorial.py for tasks to queue
[2025-11-22T20:52:26.710+0500] {logging_mixin.py:190} INFO - [2025-11-22T20:52:26.708+0500] {dagbag.py:588} INFO - Filling up the DagBag from /mnt/c/Users/Raj/OneDrive - Åbo Akademi O365/banking/airflow/.venv/lib/python3.12/site-packages/airflow/example_dags/tutorial.py
[2025-11-22T20:52:26.750+0500] {processor.py:925} INFO - DAG(s) 'tutorial' retrieved from /mnt/c/Users/Raj/OneDrive - Åbo Akademi O365/banking/airflow/.venv/lib/python3.12/site-packages/airflow/example_dags/tutorial.py
[2025-11-22T20:52:26.787+0500] {logging_mixin.py:190} INFO - [2025-11-22T20:52:26.786+0500] {dag.py:3239} INFO - Sync 1 DAGs
[2025-11-22T20:52:26.818+0500] {logging_mixin.py:190} INFO - [2025-11-22T20:52:26.817+0500] {dag.py:4180} INFO - Setting next_dagrun for tutorial to 2025-11-21 00:00:00+00:00, run_after=2025-11-22 00:00:00+00:00
[2025-11-22T20:52:26.886+0500] {processor.py:208} INFO - Processing /mnt/c/Users/Raj/OneDrive - Åbo Akademi O365/banking/airflow/.venv/lib/python3.12/site-packages/airflow/example_dags/tutorial.py took 0.201 seconds
[2025-11-22T20:53:20.083+0500] {processor.py:186} INFO - Started process (PID=67533) to work on /mnt/c/Users/Raj/OneDrive - Åbo Akademi O365/banking/airflow/.venv/lib/python3.12/site-packages/airflow/example_dags/tutorial.py
[2025-11-22T20:53:20.088+0500] {processor.py:914} INFO - Processing file /mnt/c/Users/Raj/OneDrive - Åbo Akademi O365/banking/airflow/.venv/lib/python3.12/site-packages/airflow/example_dags/tutorial.py for tasks to queue
[2025-11-22T20:53:20.094+0500] {logging_mixin.py:190} INFO - [2025-11-22T20:53:20.092+0500] {dagbag.py:588} INFO - Filling up the DagBag from /mnt/c/Users/Raj/OneDrive - Åbo Akademi O365/banking/airflow/.venv/lib/python3.12/site-packages/airflow/example_dags/tutorial.py
[2025-11-22T20:53:20.172+0500] {processor.py:925} INFO - DAG(s) 'tutorial' retrieved from /mnt/c/Users/Raj/OneDrive - Åbo Akademi O365/banking/airflow/.venv/lib/python3.12/site-packages/airflow/example_dags/tutorial.py
[2025-11-22T20:53:20.211+0500] {logging_mixin.py:190} INFO - [2025-11-22T20:53:20.210+0500] {dag.py:3239} INFO - Sync 1 DAGs
[2025-11-22T20:53:20.256+0500] {logging_mixin.py:190} INFO - [2025-11-22T20:53:20.255+0500] {dag.py:4180} INFO - Setting next_dagrun for tutorial to 2025-11-21 00:00:00+00:00, run_after=2025-11-22 00:00:00+00:00
[2025-11-22T20:53:20.329+0500] {processor.py:208} INFO - Processing /mnt/c/Users/Raj/OneDrive - Åbo Akademi O365/banking/airflow/.venv/lib/python3.12/site-packages/airflow/example_dags/tutorial.py took 0.286 seconds
[2025-11-22T20:54:09.460+0500] {processor.py:186} INFO - Started process (PID=67570) to work on /mnt/c/Users/Raj/OneDrive - Åbo Akademi O365/banking/airflow/.venv/lib/python3.12/site-packages/airflow/example_dags/tutorial.py
[2025-11-22T20:54:09.463+0500] {processor.py:914} INFO - Processing file /mnt/c/Users/Raj/OneDrive - Åbo Akademi O365/banking/airflow/.venv/lib/python3.12/site-packages/airflow/example_dags/tutorial.py for tasks to queue
[2025-11-22T20:54:09.467+0500] {logging_mixin.py:190} INFO - [2025-11-22T20:54:09.465+0500] {dagbag.py:588} INFO - Filling up the DagBag from /mnt/c/Users/Raj/OneDrive - Åbo Akademi O365/banking/airflow/.venv/lib/python3.12/site-packages/airflow/example_dags/tutorial.py
[2025-11-22T20:54:09.490+0500] {processor.py:925} INFO - DAG(s) 'tutorial' retrieved from /mnt/c/Users/Raj/OneDrive - Åbo Akademi O365/banking/airflow/.venv/lib/python3.12/site-packages/airflow/example_dags/tutorial.py
[2025-11-22T20:54:09.518+0500] {logging_mixin.py:190} INFO - [2025-11-22T20:54:09.517+0500] {dag.py:3239} INFO - Sync 1 DAGs
[2025-11-22T20:54:09.551+0500] {logging_mixin.py:190} INFO - [2025-11-22T20:54:09.550+0500] {dag.py:4180} INFO - Setting next_dagrun for tutorial to 2025-11-21 00:00:00+00:00, run_after=2025-11-22 00:00:00+00:00
[2025-11-22T20:54:09.607+0500] {processor.py:208} INFO - Processing /mnt/c/Users/Raj/OneDrive - Åbo Akademi O365/banking/airflow/.venv/lib/python3.12/site-packages/airflow/example_dags/tutorial.py took 0.164 seconds
[2025-11-22T20:55:01.995+0500] {processor.py:186} INFO - Started process (PID=67626) to work on /mnt/c/Users/Raj/OneDrive - Åbo Akademi O365/banking/airflow/.venv/lib/python3.12/site-packages/airflow/example_dags/tutorial.py
[2025-11-22T20:55:01.997+0500] {processor.py:914} INFO - Processing file /mnt/c/Users/Raj/OneDrive - Åbo Akademi O365/banking/airflow/.venv/lib/python3.12/site-packages/airflow/example_dags/tutorial.py for tasks to queue
[2025-11-22T20:55:02.002+0500] {logging_mixin.py:190} INFO - [2025-11-22T20:55:02.000+0500] {dagbag.py:588} INFO - Filling up the DagBag from /mnt/c/Users/Raj/OneDrive - Åbo Akademi O365/banking/airflow/.venv/lib/python3.12/site-packages/airflow/example_dags/tutorial.py
[2025-11-22T20:55:02.030+0500] {processor.py:925} INFO - DAG(s) 'tutorial' retrieved from /mnt/c/Users/Raj/OneDrive - Åbo Akademi O365/banking/airflow/.venv/lib/python3.12/site-packages/airflow/example_dags/tutorial.py
[2025-11-22T20:55:02.066+0500] {logging_mixin.py:190} INFO - [2025-11-22T20:55:02.065+0500] {dag.py:3239} INFO - Sync 1 DAGs
[2025-11-22T20:55:02.100+0500] {logging_mixin.py:190} INFO - [2025-11-22T20:55:02.099+0500] {dag.py:4180} INFO - Setting next_dagrun for tutorial to 2025-11-21 00:00:00+00:00, run_after=2025-11-22 00:00:00+00:00
[2025-11-22T20:55:02.168+0500] {processor.py:208} INFO - Processing /mnt/c/Users/Raj/OneDrive - Åbo Akademi O365/banking/airflow/.venv/lib/python3.12/site-packages/airflow/example_dags/tutorial.py took 0.188 seconds
[2025-11-22T20:55:52.181+0500] {processor.py:186} INFO - Started process (PID=67733) to work on /mnt/c/Users/Raj/OneDrive - Åbo Akademi O365/banking/airflow/.venv/lib/python3.12/site-packages/airflow/example_dags/tutorial.py
[2025-11-22T20:55:52.184+0500] {processor.py:914} INFO - Processing file /mnt/c/Users/Raj/OneDrive - Åbo Akademi O365/banking/airflow/.venv/lib/python3.12/site-packages/airflow/example_dags/tutorial.py for tasks to queue
[2025-11-22T20:55:52.189+0500] {logging_mixin.py:190} INFO - [2025-11-22T20:55:52.187+0500] {dagbag.py:588} INFO - Filling up the DagBag from /mnt/c/Users/Raj/OneDrive - Åbo Akademi O365/banking/airflow/.venv/lib/python3.12/site-packages/airflow/example_dags/tutorial.py
[2025-11-22T20:55:52.217+0500] {processor.py:925} INFO - DAG(s) 'tutorial' retrieved from /mnt/c/Users/Raj/OneDrive - Åbo Akademi O365/banking/airflow/.venv/lib/python3.12/site-packages/airflow/example_dags/tutorial.py
[2025-11-22T20:55:52.252+0500] {logging_mixin.py:190} INFO - [2025-11-22T20:55:52.250+0500] {dag.py:3239} INFO - Sync 1 DAGs
[2025-11-22T20:55:52.289+0500] {logging_mixin.py:190} INFO - [2025-11-22T20:55:52.288+0500] {dag.py:4180} INFO - Setting next_dagrun for tutorial to 2025-11-21 00:00:00+00:00, run_after=2025-11-22 00:00:00+00:00
[2025-11-22T20:55:52.375+0500] {processor.py:208} INFO - Processing /mnt/c/Users/Raj/OneDrive - Åbo Akademi O365/banking/airflow/.venv/lib/python3.12/site-packages/airflow/example_dags/tutorial.py took 0.213 seconds
[2025-11-22T20:56:46.278+0500] {processor.py:186} INFO - Started process (PID=67772) to work on /mnt/c/Users/Raj/OneDrive - Åbo Akademi O365/banking/airflow/.venv/lib/python3.12/site-packages/airflow/example_dags/tutorial.py
[2025-11-22T20:56:46.282+0500] {processor.py:914} INFO - Processing file /mnt/c/Users/Raj/OneDrive - Åbo Akademi O365/banking/airflow/.venv/lib/python3.12/site-packages/airflow/example_dags/tutorial.py for tasks to queue
[2025-11-22T20:56:46.285+0500] {logging_mixin.py:190} INFO - [2025-11-22T20:56:46.284+0500] {dagbag.py:588} INFO - Filling up the DagBag from /mnt/c/Users/Raj/OneDrive - Åbo Akademi O365/banking/airflow/.venv/lib/python3.12/site-packages/airflow/example_dags/tutorial.py
[2025-11-22T20:56:46.306+0500] {processor.py:925} INFO - DAG(s) 'tutorial' retrieved from /mnt/c/Users/Raj/OneDrive - Åbo Akademi O365/banking/airflow/.venv/lib/python3.12/site-packages/airflow/example_dags/tutorial.py
[2025-11-22T20:56:46.337+0500] {logging_mixin.py:190} INFO - [2025-11-22T20:56:46.336+0500] {dag.py:3239} INFO - Sync 1 DAGs
[2025-11-22T20:56:46.364+0500] {logging_mixin.py:190} INFO - [2025-11-22T20:56:46.363+0500] {dag.py:4180} INFO - Setting next_dagrun for tutorial to 2025-11-21 00:00:00+00:00, run_after=2025-11-22 00:00:00+00:00
[2025-11-22T20:56:46.418+0500] {processor.py:208} INFO - Processing /mnt/c/Users/Raj/OneDrive - Åbo Akademi O365/banking/airflow/.venv/lib/python3.12/site-packages/airflow/example_dags/tutorial.py took 0.152 seconds
[2025-11-22T20:57:36.659+0500] {processor.py:186} INFO - Started process (PID=67816) to work on /mnt/c/Users/Raj/OneDrive - Åbo Akademi O365/banking/airflow/.venv/lib/python3.12/site-packages/airflow/example_dags/tutorial.py
[2025-11-22T20:57:36.662+0500] {processor.py:914} INFO - Processing file /mnt/c/Users/Raj/OneDrive - Åbo Akademi O365/banking/airflow/.venv/lib/python3.12/site-packages/airflow/example_dags/tutorial.py for tasks to queue
[2025-11-22T20:57:36.666+0500] {logging_mixin.py:190} INFO - [2025-11-22T20:57:36.664+0500] {dagbag.py:588} INFO - Filling up the DagBag from /mnt/c/Users/Raj/OneDrive - Åbo Akademi O365/banking/airflow/.venv/lib/python3.12/site-packages/airflow/example_dags/tutorial.py
[2025-11-22T20:57:36.695+0500] {processor.py:925} INFO - DAG(s) 'tutorial' retrieved from /mnt/c/Users/Raj/OneDrive - Åbo Akademi O365/banking/airflow/.venv/lib/python3.12/site-packages/airflow/example_dags/tutorial.py
[2025-11-22T20:57:36.730+0500] {logging_mixin.py:190} INFO - [2025-11-22T20:57:36.729+0500] {dag.py:3239} INFO - Sync 1 DAGs
[2025-11-22T20:57:36.762+0500] {logging_mixin.py:190} INFO - [2025-11-22T20:57:36.761+0500] {dag.py:4180} INFO - Setting next_dagrun for tutorial to 2025-11-21 00:00:00+00:00, run_after=2025-11-22 00:00:00+00:00
[2025-11-22T20:57:36.836+0500] {processor.py:208} INFO - Processing /mnt/c/Users/Raj/OneDrive - Åbo Akademi O365/banking/airflow/.venv/lib/python3.12/site-packages/airflow/example_dags/tutorial.py took 0.195 seconds
[2025-11-22T20:58:29.557+0500] {processor.py:186} INFO - Started process (PID=67852) to work on /mnt/c/Users/Raj/OneDrive - Åbo Akademi O365/banking/airflow/.venv/lib/python3.12/site-packages/airflow/example_dags/tutorial.py
[2025-11-22T20:58:29.560+0500] {processor.py:914} INFO - Processing file /mnt/c/Users/Raj/OneDrive - Åbo Akademi O365/banking/airflow/.venv/lib/python3.12/site-packages/airflow/example_dags/tutorial.py for tasks to queue
[2025-11-22T20:58:29.564+0500] {logging_mixin.py:190} INFO - [2025-11-22T20:58:29.562+0500] {dagbag.py:588} INFO - Filling up the DagBag from /mnt/c/Users/Raj/OneDrive - Åbo Akademi O365/banking/airflow/.venv/lib/python3.12/site-packages/airflow/example_dags/tutorial.py
[2025-11-22T20:58:29.603+0500] {processor.py:925} INFO - DAG(s) 'tutorial' retrieved from /mnt/c/Users/Raj/OneDrive - Åbo Akademi O365/banking/airflow/.venv/lib/python3.12/site-packages/airflow/example_dags/tutorial.py
[2025-11-22T20:58:29.646+0500] {logging_mixin.py:190} INFO - [2025-11-22T20:58:29.644+0500] {dag.py:3239} INFO - Sync 1 DAGs
[2025-11-22T20:58:29.682+0500] {logging_mixin.py:190} INFO - [2025-11-22T20:58:29.681+0500] {dag.py:4180} INFO - Setting next_dagrun for tutorial to 2025-11-21 00:00:00+00:00, run_after=2025-11-22 00:00:00+00:00
[2025-11-22T20:58:29.757+0500] {processor.py:208} INFO - Processing /mnt/c/Users/Raj/OneDrive - Åbo Akademi O365/banking/airflow/.venv/lib/python3.12/site-packages/airflow/example_dags/tutorial.py took 0.218 seconds
[2025-11-22T20:59:19.032+0500] {processor.py:186} INFO - Started process (PID=67891) to work on /mnt/c/Users/Raj/OneDrive - Åbo Akademi O365/banking/airflow/.venv/lib/python3.12/site-packages/airflow/example_dags/tutorial.py
[2025-11-22T20:59:19.035+0500] {processor.py:914} INFO - Processing file /mnt/c/Users/Raj/OneDrive - Åbo Akademi O365/banking/airflow/.venv/lib/python3.12/site-packages/airflow/example_dags/tutorial.py for tasks to queue
[2025-11-22T20:59:19.039+0500] {logging_mixin.py:190} INFO - [2025-11-22T20:59:19.037+0500] {dagbag.py:588} INFO - Filling up the DagBag from /mnt/c/Users/Raj/OneDrive - Åbo Akademi O365/banking/airflow/.venv/lib/python3.12/site-packages/airflow/example_dags/tutorial.py
[2025-11-22T20:59:19.067+0500] {processor.py:925} INFO - DAG(s) 'tutorial' retrieved from /mnt/c/Users/Raj/OneDrive - Åbo Akademi O365/banking/airflow/.venv/lib/python3.12/site-packages/airflow/example_dags/tutorial.py
[2025-11-22T20:59:19.106+0500] {logging_mixin.py:190} INFO - [2025-11-22T20:59:19.104+0500] {dag.py:3239} INFO - Sync 1 DAGs
[2025-11-22T20:59:19.139+0500] {logging_mixin.py:190} INFO - [2025-11-22T20:59:19.138+0500] {dag.py:4180} INFO - Setting next_dagrun for tutorial to 2025-11-21 00:00:00+00:00, run_after=2025-11-22 00:00:00+00:00
[2025-11-22T20:59:19.222+0500] {processor.py:208} INFO - Processing /mnt/c/Users/Raj/OneDrive - Åbo Akademi O365/banking/airflow/.venv/lib/python3.12/site-packages/airflow/example_dags/tutorial.py took 0.207 seconds
[2025-11-22T21:00:07.466+0500] {processor.py:186} INFO - Started process (PID=67933) to work on /mnt/c/Users/Raj/OneDrive - Åbo Akademi O365/banking/airflow/.venv/lib/python3.12/site-packages/airflow/example_dags/tutorial.py
[2025-11-22T21:00:07.469+0500] {processor.py:914} INFO - Processing file /mnt/c/Users/Raj/OneDrive - Åbo Akademi O365/banking/airflow/.venv/lib/python3.12/site-packages/airflow/example_dags/tutorial.py for tasks to queue
[2025-11-22T21:00:07.473+0500] {logging_mixin.py:190} INFO - [2025-11-22T21:00:07.471+0500] {dagbag.py:588} INFO - Filling up the DagBag from /mnt/c/Users/Raj/OneDrive - Åbo Akademi O365/banking/airflow/.venv/lib/python3.12/site-packages/airflow/example_dags/tutorial.py
[2025-11-22T21:00:07.507+0500] {processor.py:925} INFO - DAG(s) 'tutorial' retrieved from /mnt/c/Users/Raj/OneDrive - Åbo Akademi O365/banking/airflow/.venv/lib/python3.12/site-packages/airflow/example_dags/tutorial.py
[2025-11-22T21:00:07.555+0500] {logging_mixin.py:190} INFO - [2025-11-22T21:00:07.554+0500] {dag.py:3239} INFO - Sync 1 DAGs
[2025-11-22T21:00:07.592+0500] {logging_mixin.py:190} INFO - [2025-11-22T21:00:07.591+0500] {dag.py:4180} INFO - Setting next_dagrun for tutorial to 2025-11-21 00:00:00+00:00, run_after=2025-11-22 00:00:00+00:00
[2025-11-22T21:00:07.833+0500] {processor.py:208} INFO - Processing /mnt/c/Users/Raj/OneDrive - Åbo Akademi O365/banking/airflow/.venv/lib/python3.12/site-packages/airflow/example_dags/tutorial.py took 0.383 seconds
[2025-11-22T21:00:56.935+0500] {processor.py:186} INFO - Started process (PID=67969) to work on /mnt/c/Users/Raj/OneDrive - Åbo Akademi O365/banking/airflow/.venv/lib/python3.12/site-packages/airflow/example_dags/tutorial.py
[2025-11-22T21:00:56.938+0500] {processor.py:914} INFO - Processing file /mnt/c/Users/Raj/OneDrive - Åbo Akademi O365/banking/airflow/.venv/lib/python3.12/site-packages/airflow/example_dags/tutorial.py for tasks to queue
[2025-11-22T21:00:56.942+0500] {logging_mixin.py:190} INFO - [2025-11-22T21:00:56.940+0500] {dagbag.py:588} INFO - Filling up the DagBag from /mnt/c/Users/Raj/OneDrive - Åbo Akademi O365/banking/airflow/.venv/lib/python3.12/site-packages/airflow/example_dags/tutorial.py
[2025-11-22T21:00:56.978+0500] {processor.py:925} INFO - DAG(s) 'tutorial' retrieved from /mnt/c/Users/Raj/OneDrive - Åbo Akademi O365/banking/airflow/.venv/lib/python3.12/site-packages/airflow/example_dags/tutorial.py
[2025-11-22T21:00:57.024+0500] {logging_mixin.py:190} INFO - [2025-11-22T21:00:57.022+0500] {dag.py:3239} INFO - Sync 1 DAGs
[2025-11-22T21:00:57.056+0500] {logging_mixin.py:190} INFO - [2025-11-22T21:00:57.055+0500] {dag.py:4180} INFO - Setting next_dagrun for tutorial to 2025-11-21 00:00:00+00:00, run_after=2025-11-22 00:00:00+00:00
[2025-11-22T21:00:57.130+0500] {processor.py:208} INFO - Processing /mnt/c/Users/Raj/OneDrive - Åbo Akademi O365/banking/airflow/.venv/lib/python3.12/site-packages/airflow/example_dags/tutorial.py took 0.212 seconds
[2025-11-22T21:02:04.463+0500] {processor.py:186} INFO - Started process (PID=68032) to work on /mnt/c/Users/Raj/OneDrive - Åbo Akademi O365/banking/airflow/.venv/lib/python3.12/site-packages/airflow/example_dags/tutorial.py
[2025-11-22T21:02:04.466+0500] {processor.py:914} INFO - Processing file /mnt/c/Users/Raj/OneDrive - Åbo Akademi O365/banking/airflow/.venv/lib/python3.12/site-packages/airflow/example_dags/tutorial.py for tasks to queue
[2025-11-22T21:02:04.471+0500] {logging_mixin.py:190} INFO - [2025-11-22T21:02:04.469+0500] {dagbag.py:588} INFO - Filling up the DagBag from /mnt/c/Users/Raj/OneDrive - Åbo Akademi O365/banking/airflow/.venv/lib/python3.12/site-packages/airflow/example_dags/tutorial.py
[2025-11-22T21:02:04.507+0500] {processor.py:925} INFO - DAG(s) 'tutorial' retrieved from /mnt/c/Users/Raj/OneDrive - Åbo Akademi O365/banking/airflow/.venv/lib/python3.12/site-packages/airflow/example_dags/tutorial.py
[2025-11-22T21:02:04.556+0500] {logging_mixin.py:190} INFO - [2025-11-22T21:02:04.555+0500] {dag.py:3239} INFO - Sync 1 DAGs
[2025-11-22T21:02:04.832+0500] {logging_mixin.py:190} INFO - [2025-11-22T21:02:04.831+0500] {dag.py:4180} INFO - Setting next_dagrun for tutorial to 2025-11-21 00:00:00+00:00, run_after=2025-11-22 00:00:00+00:00
[2025-11-22T21:02:04.948+0500] {processor.py:208} INFO - Processing /mnt/c/Users/Raj/OneDrive - Åbo Akademi O365/banking/airflow/.venv/lib/python3.12/site-packages/airflow/example_dags/tutorial.py took 0.510 seconds
[2025-11-22T21:03:14.792+0500] {processor.py:186} INFO - Started process (PID=68073) to work on /mnt/c/Users/Raj/OneDrive - Åbo Akademi O365/banking/airflow/.venv/lib/python3.12/site-packages/airflow/example_dags/tutorial.py
[2025-11-22T21:03:14.795+0500] {processor.py:914} INFO - Processing file /mnt/c/Users/Raj/OneDrive - Åbo Akademi O365/banking/airflow/.venv/lib/python3.12/site-packages/airflow/example_dags/tutorial.py for tasks to queue
[2025-11-22T21:03:14.799+0500] {logging_mixin.py:190} INFO - [2025-11-22T21:03:14.798+0500] {dagbag.py:588} INFO - Filling up the DagBag from /mnt/c/Users/Raj/OneDrive - Åbo Akademi O365/banking/airflow/.venv/lib/python3.12/site-packages/airflow/example_dags/tutorial.py
[2025-11-22T21:03:14.836+0500] {processor.py:925} INFO - DAG(s) 'tutorial' retrieved from /mnt/c/Users/Raj/OneDrive - Åbo Akademi O365/banking/airflow/.venv/lib/python3.12/site-packages/airflow/example_dags/tutorial.py
[2025-11-22T21:03:14.881+0500] {logging_mixin.py:190} INFO - [2025-11-22T21:03:14.879+0500] {dag.py:3239} INFO - Sync 1 DAGs
[2025-11-22T21:03:14.950+0500] {logging_mixin.py:190} INFO - [2025-11-22T21:03:14.946+0500] {dag.py:4180} INFO - Setting next_dagrun for tutorial to 2025-11-21 00:00:00+00:00, run_after=2025-11-22 00:00:00+00:00
[2025-11-22T21:03:15.045+0500] {processor.py:208} INFO - Processing /mnt/c/Users/Raj/OneDrive - Åbo Akademi O365/banking/airflow/.venv/lib/python3.12/site-packages/airflow/example_dags/tutorial.py took 0.275 seconds
[2025-11-22T21:04:19.370+0500] {processor.py:186} INFO - Started process (PID=68138) to work on /mnt/c/Users/Raj/OneDrive - Åbo Akademi O365/banking/airflow/.venv/lib/python3.12/site-packages/airflow/example_dags/tutorial.py
[2025-11-22T21:04:19.372+0500] {processor.py:914} INFO - Processing file /mnt/c/Users/Raj/OneDrive - Åbo Akademi O365/banking/airflow/.venv/lib/python3.12/site-packages/airflow/example_dags/tutorial.py for tasks to queue
[2025-11-22T21:04:19.376+0500] {logging_mixin.py:190} INFO - [2025-11-22T21:04:19.375+0500] {dagbag.py:588} INFO - Filling up the DagBag from /mnt/c/Users/Raj/OneDrive - Åbo Akademi O365/banking/airflow/.venv/lib/python3.12/site-packages/airflow/example_dags/tutorial.py
[2025-11-22T21:04:19.407+0500] {processor.py:925} INFO - DAG(s) 'tutorial' retrieved from /mnt/c/Users/Raj/OneDrive - Åbo Akademi O365/banking/airflow/.venv/lib/python3.12/site-packages/airflow/example_dags/tutorial.py
[2025-11-22T21:04:19.445+0500] {logging_mixin.py:190} INFO - [2025-11-22T21:04:19.443+0500] {dag.py:3239} INFO - Sync 1 DAGs
[2025-11-22T21:04:19.639+0500] {logging_mixin.py:190} INFO - [2025-11-22T21:04:19.638+0500] {dag.py:4180} INFO - Setting next_dagrun for tutorial to 2025-11-21 00:00:00+00:00, run_after=2025-11-22 00:00:00+00:00
[2025-11-22T21:04:19.713+0500] {processor.py:208} INFO - Processing /mnt/c/Users/Raj/OneDrive - Åbo Akademi O365/banking/airflow/.venv/lib/python3.12/site-packages/airflow/example_dags/tutorial.py took 0.365 seconds
[2025-11-22T21:05:21.614+0500] {processor.py:186} INFO - Started process (PID=68197) to work on /mnt/c/Users/Raj/OneDrive - Åbo Akademi O365/banking/airflow/.venv/lib/python3.12/site-packages/airflow/example_dags/tutorial.py
[2025-11-22T21:05:21.616+0500] {processor.py:914} INFO - Processing file /mnt/c/Users/Raj/OneDrive - Åbo Akademi O365/banking/airflow/.venv/lib/python3.12/site-packages/airflow/example_dags/tutorial.py for tasks to queue
[2025-11-22T21:05:21.620+0500] {logging_mixin.py:190} INFO - [2025-11-22T21:05:21.619+0500] {dagbag.py:588} INFO - Filling up the DagBag from /mnt/c/Users/Raj/OneDrive - Åbo Akademi O365/banking/airflow/.venv/lib/python3.12/site-packages/airflow/example_dags/tutorial.py
[2025-11-22T21:05:21.655+0500] {processor.py:925} INFO - DAG(s) 'tutorial' retrieved from /mnt/c/Users/Raj/OneDrive - Åbo Akademi O365/banking/airflow/.venv/lib/python3.12/site-packages/airflow/example_dags/tutorial.py
[2025-11-22T21:05:21.698+0500] {logging_mixin.py:190} INFO - [2025-11-22T21:05:21.696+0500] {dag.py:3239} INFO - Sync 1 DAGs
[2025-11-22T21:05:21.737+0500] {logging_mixin.py:190} INFO - [2025-11-22T21:05:21.735+0500] {dag.py:4180} INFO - Setting next_dagrun for tutorial to 2025-11-21 00:00:00+00:00, run_after=2025-11-22 00:00:00+00:00
[2025-11-22T21:05:21.813+0500] {processor.py:208} INFO - Processing /mnt/c/Users/Raj/OneDrive - Åbo Akademi O365/banking/airflow/.venv/lib/python3.12/site-packages/airflow/example_dags/tutorial.py took 0.225 seconds
[2025-11-22T21:08:44.058+0500] {processor.py:186} INFO - Started process (PID=68333) to work on /mnt/c/Users/Raj/OneDrive - Åbo Akademi O365/banking/airflow/.venv/lib/python3.12/site-packages/airflow/example_dags/tutorial.py
[2025-11-22T21:08:44.060+0500] {processor.py:914} INFO - Processing file /mnt/c/Users/Raj/OneDrive - Åbo Akademi O365/banking/airflow/.venv/lib/python3.12/site-packages/airflow/example_dags/tutorial.py for tasks to queue
[2025-11-22T21:08:44.064+0500] {logging_mixin.py:190} INFO - [2025-11-22T21:08:44.063+0500] {dagbag.py:588} INFO - Filling up the DagBag from /mnt/c/Users/Raj/OneDrive - Åbo Akademi O365/banking/airflow/.venv/lib/python3.12/site-packages/airflow/example_dags/tutorial.py
[2025-11-22T21:08:44.092+0500] {processor.py:925} INFO - DAG(s) 'tutorial' retrieved from /mnt/c/Users/Raj/OneDrive - Åbo Akademi O365/banking/airflow/.venv/lib/python3.12/site-packages/airflow/example_dags/tutorial.py
[2025-11-22T21:08:44.128+0500] {logging_mixin.py:190} INFO - [2025-11-22T21:08:44.126+0500] {dag.py:3239} INFO - Sync 1 DAGs
[2025-11-22T21:08:44.312+0500] {logging_mixin.py:190} INFO - [2025-11-22T21:08:44.310+0500] {dag.py:4180} INFO - Setting next_dagrun for tutorial to 2025-11-21 00:00:00+00:00, run_after=2025-11-22 00:00:00+00:00
[2025-11-22T21:08:44.377+0500] {processor.py:208} INFO - Processing /mnt/c/Users/Raj/OneDrive - Åbo Akademi O365/banking/airflow/.venv/lib/python3.12/site-packages/airflow/example_dags/tutorial.py took 0.340 seconds
[2025-11-22T21:09:51.967+0500] {processor.py:186} INFO - Started process (PID=68388) to work on /mnt/c/Users/Raj/OneDrive - Åbo Akademi O365/banking/airflow/.venv/lib/python3.12/site-packages/airflow/example_dags/tutorial.py
[2025-11-22T21:09:51.969+0500] {processor.py:914} INFO - Processing file /mnt/c/Users/Raj/OneDrive - Åbo Akademi O365/banking/airflow/.venv/lib/python3.12/site-packages/airflow/example_dags/tutorial.py for tasks to queue
[2025-11-22T21:09:51.973+0500] {logging_mixin.py:190} INFO - [2025-11-22T21:09:51.972+0500] {dagbag.py:588} INFO - Filling up the DagBag from /mnt/c/Users/Raj/OneDrive - Åbo Akademi O365/banking/airflow/.venv/lib/python3.12/site-packages/airflow/example_dags/tutorial.py
[2025-11-22T21:09:51.997+0500] {processor.py:925} INFO - DAG(s) 'tutorial' retrieved from /mnt/c/Users/Raj/OneDrive - Åbo Akademi O365/banking/airflow/.venv/lib/python3.12/site-packages/airflow/example_dags/tutorial.py
[2025-11-22T21:09:52.034+0500] {logging_mixin.py:190} INFO - [2025-11-22T21:09:52.033+0500] {dag.py:3239} INFO - Sync 1 DAGs
[2025-11-22T21:09:52.070+0500] {logging_mixin.py:190} INFO - [2025-11-22T21:09:52.069+0500] {dag.py:4180} INFO - Setting next_dagrun for tutorial to 2025-11-21 00:00:00+00:00, run_after=2025-11-22 00:00:00+00:00
[2025-11-22T21:09:52.138+0500] {processor.py:208} INFO - Processing /mnt/c/Users/Raj/OneDrive - Åbo Akademi O365/banking/airflow/.venv/lib/python3.12/site-packages/airflow/example_dags/tutorial.py took 0.188 seconds
[2025-11-22T21:10:49.384+0500] {processor.py:186} INFO - Started process (PID=68430) to work on /mnt/c/Users/Raj/OneDrive - Åbo Akademi O365/banking/airflow/.venv/lib/python3.12/site-packages/airflow/example_dags/tutorial.py
[2025-11-22T21:10:49.387+0500] {processor.py:914} INFO - Processing file /mnt/c/Users/Raj/OneDrive - Åbo Akademi O365/banking/airflow/.venv/lib/python3.12/site-packages/airflow/example_dags/tutorial.py for tasks to queue
[2025-11-22T21:10:49.391+0500] {logging_mixin.py:190} INFO - [2025-11-22T21:10:49.390+0500] {dagbag.py:588} INFO - Filling up the DagBag from /mnt/c/Users/Raj/OneDrive - Åbo Akademi O365/banking/airflow/.venv/lib/python3.12/site-packages/airflow/example_dags/tutorial.py
[2025-11-22T21:10:49.425+0500] {processor.py:925} INFO - DAG(s) 'tutorial' retrieved from /mnt/c/Users/Raj/OneDrive - Åbo Akademi O365/banking/airflow/.venv/lib/python3.12/site-packages/airflow/example_dags/tutorial.py
[2025-11-22T21:10:49.477+0500] {logging_mixin.py:190} INFO - [2025-11-22T21:10:49.476+0500] {dag.py:3239} INFO - Sync 1 DAGs
[2025-11-22T21:10:49.689+0500] {logging_mixin.py:190} INFO - [2025-11-22T21:10:49.688+0500] {dag.py:4180} INFO - Setting next_dagrun for tutorial to 2025-11-21 00:00:00+00:00, run_after=2025-11-22 00:00:00+00:00
[2025-11-22T21:10:51.848+0500] {processor.py:208} INFO - Processing /mnt/c/Users/Raj/OneDrive - Åbo Akademi O365/banking/airflow/.venv/lib/python3.12/site-packages/airflow/example_dags/tutorial.py took 0.400 seconds
[2025-11-22T21:11:47.713+0500] {processor.py:186} INFO - Started process (PID=68469) to work on /mnt/c/Users/Raj/OneDrive - Åbo Akademi O365/banking/airflow/.venv/lib/python3.12/site-packages/airflow/example_dags/tutorial.py
[2025-11-22T21:11:47.715+0500] {processor.py:914} INFO - Processing file /mnt/c/Users/Raj/OneDrive - Åbo Akademi O365/banking/airflow/.venv/lib/python3.12/site-packages/airflow/example_dags/tutorial.py for tasks to queue
[2025-11-22T21:11:47.845+0500] {logging_mixin.py:190} INFO - [2025-11-22T21:11:47.843+0500] {dagbag.py:588} INFO - Filling up the DagBag from /mnt/c/Users/Raj/OneDrive - Åbo Akademi O365/banking/airflow/.venv/lib/python3.12/site-packages/airflow/example_dags/tutorial.py
[2025-11-22T21:11:47.864+0500] {processor.py:925} INFO - DAG(s) 'tutorial' retrieved from /mnt/c/Users/Raj/OneDrive - Åbo Akademi O365/banking/airflow/.venv/lib/python3.12/site-packages/airflow/example_dags/tutorial.py
[2025-11-22T21:11:47.891+0500] {logging_mixin.py:190} INFO - [2025-11-22T21:11:47.890+0500] {dag.py:3239} INFO - Sync 1 DAGs
[2025-11-22T21:11:47.925+0500] {logging_mixin.py:190} INFO - [2025-11-22T21:11:47.924+0500] {dag.py:4180} INFO - Setting next_dagrun for tutorial to 2025-11-21 00:00:00+00:00, run_after=2025-11-22 00:00:00+00:00
[2025-11-22T21:11:48.028+0500] {processor.py:208} INFO - Processing /mnt/c/Users/Raj/OneDrive - Åbo Akademi O365/banking/airflow/.venv/lib/python3.12/site-packages/airflow/example_dags/tutorial.py took 0.329 seconds
[2025-11-22T21:12:43.170+0500] {processor.py:186} INFO - Started process (PID=68512) to work on /mnt/c/Users/Raj/OneDrive - Åbo Akademi O365/banking/airflow/.venv/lib/python3.12/site-packages/airflow/example_dags/tutorial.py
[2025-11-22T21:12:43.173+0500] {processor.py:914} INFO - Processing file /mnt/c/Users/Raj/OneDrive - Åbo Akademi O365/banking/airflow/.venv/lib/python3.12/site-packages/airflow/example_dags/tutorial.py for tasks to queue
[2025-11-22T21:12:43.177+0500] {logging_mixin.py:190} INFO - [2025-11-22T21:12:43.175+0500] {dagbag.py:588} INFO - Filling up the DagBag from /mnt/c/Users/Raj/OneDrive - Åbo Akademi O365/banking/airflow/.venv/lib/python3.12/site-packages/airflow/example_dags/tutorial.py
[2025-11-22T21:12:43.203+0500] {processor.py:925} INFO - DAG(s) 'tutorial' retrieved from /mnt/c/Users/Raj/OneDrive - Åbo Akademi O365/banking/airflow/.venv/lib/python3.12/site-packages/airflow/example_dags/tutorial.py
[2025-11-22T21:12:43.242+0500] {logging_mixin.py:190} INFO - [2025-11-22T21:12:43.241+0500] {dag.py:3239} INFO - Sync 1 DAGs
[2025-11-22T21:12:43.286+0500] {logging_mixin.py:190} INFO - [2025-11-22T21:12:43.284+0500] {dag.py:4180} INFO - Setting next_dagrun for tutorial to 2025-11-21 00:00:00+00:00, run_after=2025-11-22 00:00:00+00:00
[2025-11-22T21:12:43.377+0500] {processor.py:208} INFO - Processing /mnt/c/Users/Raj/OneDrive - Åbo Akademi O365/banking/airflow/.venv/lib/python3.12/site-packages/airflow/example_dags/tutorial.py took 0.230 seconds
[2025-11-22T21:13:34.050+0500] {processor.py:186} INFO - Started process (PID=68552) to work on /mnt/c/Users/Raj/OneDrive - Åbo Akademi O365/banking/airflow/.venv/lib/python3.12/site-packages/airflow/example_dags/tutorial.py
[2025-11-22T21:13:34.053+0500] {processor.py:914} INFO - Processing file /mnt/c/Users/Raj/OneDrive - Åbo Akademi O365/banking/airflow/.venv/lib/python3.12/site-packages/airflow/example_dags/tutorial.py for tasks to queue
[2025-11-22T21:13:34.057+0500] {logging_mixin.py:190} INFO - [2025-11-22T21:13:34.056+0500] {dagbag.py:588} INFO - Filling up the DagBag from /mnt/c/Users/Raj/OneDrive - Åbo Akademi O365/banking/airflow/.venv/lib/python3.12/site-packages/airflow/example_dags/tutorial.py
[2025-11-22T21:13:34.085+0500] {processor.py:925} INFO - DAG(s) 'tutorial' retrieved from /mnt/c/Users/Raj/OneDrive - Åbo Akademi O365/banking/airflow/.venv/lib/python3.12/site-packages/airflow/example_dags/tutorial.py
[2025-11-22T21:13:34.117+0500] {logging_mixin.py:190} INFO - [2025-11-22T21:13:34.116+0500] {dag.py:3239} INFO - Sync 1 DAGs
[2025-11-22T21:13:34.205+0500] {logging_mixin.py:190} INFO - [2025-11-22T21:13:34.198+0500] {dag.py:4180} INFO - Setting next_dagrun for tutorial to 2025-11-21 00:00:00+00:00, run_after=2025-11-22 00:00:00+00:00
[2025-11-22T21:13:34.295+0500] {processor.py:208} INFO - Processing /mnt/c/Users/Raj/OneDrive - Åbo Akademi O365/banking/airflow/.venv/lib/python3.12/site-packages/airflow/example_dags/tutorial.py took 0.264 seconds
[2025-11-22T21:14:27.787+0500] {processor.py:186} INFO - Started process (PID=68595) to work on /mnt/c/Users/Raj/OneDrive - Åbo Akademi O365/banking/airflow/.venv/lib/python3.12/site-packages/airflow/example_dags/tutorial.py
[2025-11-22T21:14:27.789+0500] {processor.py:914} INFO - Processing file /mnt/c/Users/Raj/OneDrive - Åbo Akademi O365/banking/airflow/.venv/lib/python3.12/site-packages/airflow/example_dags/tutorial.py for tasks to queue
[2025-11-22T21:14:27.793+0500] {logging_mixin.py:190} INFO - [2025-11-22T21:14:27.791+0500] {dagbag.py:588} INFO - Filling up the DagBag from /mnt/c/Users/Raj/OneDrive - Åbo Akademi O365/banking/airflow/.venv/lib/python3.12/site-packages/airflow/example_dags/tutorial.py
[2025-11-22T21:14:27.815+0500] {processor.py:925} INFO - DAG(s) 'tutorial' retrieved from /mnt/c/Users/Raj/OneDrive - Åbo Akademi O365/banking/airflow/.venv/lib/python3.12/site-packages/airflow/example_dags/tutorial.py
[2025-11-22T21:14:27.844+0500] {logging_mixin.py:190} INFO - [2025-11-22T21:14:27.843+0500] {dag.py:3239} INFO - Sync 1 DAGs
[2025-11-22T21:14:27.873+0500] {logging_mixin.py:190} INFO - [2025-11-22T21:14:27.872+0500] {dag.py:4180} INFO - Setting next_dagrun for tutorial to 2025-11-21 00:00:00+00:00, run_after=2025-11-22 00:00:00+00:00
[2025-11-22T21:14:27.942+0500] {processor.py:208} INFO - Processing /mnt/c/Users/Raj/OneDrive - Åbo Akademi O365/banking/airflow/.venv/lib/python3.12/site-packages/airflow/example_dags/tutorial.py took 0.174 seconds
[2025-11-22T21:15:16.903+0500] {processor.py:186} INFO - Started process (PID=68632) to work on /mnt/c/Users/Raj/OneDrive - Åbo Akademi O365/banking/airflow/.venv/lib/python3.12/site-packages/airflow/example_dags/tutorial.py
[2025-11-22T21:15:16.905+0500] {processor.py:914} INFO - Processing file /mnt/c/Users/Raj/OneDrive - Åbo Akademi O365/banking/airflow/.venv/lib/python3.12/site-packages/airflow/example_dags/tutorial.py for tasks to queue
[2025-11-22T21:15:16.909+0500] {logging_mixin.py:190} INFO - [2025-11-22T21:15:16.908+0500] {dagbag.py:588} INFO - Filling up the DagBag from /mnt/c/Users/Raj/OneDrive - Åbo Akademi O365/banking/airflow/.venv/lib/python3.12/site-packages/airflow/example_dags/tutorial.py
[2025-11-22T21:15:16.937+0500] {processor.py:925} INFO - DAG(s) 'tutorial' retrieved from /mnt/c/Users/Raj/OneDrive - Åbo Akademi O365/banking/airflow/.venv/lib/python3.12/site-packages/airflow/example_dags/tutorial.py
[2025-11-22T21:15:16.973+0500] {logging_mixin.py:190} INFO - [2025-11-22T21:15:16.972+0500] {dag.py:3239} INFO - Sync 1 DAGs
[2025-11-22T21:15:17.007+0500] {logging_mixin.py:190} INFO - [2025-11-22T21:15:17.006+0500] {dag.py:4180} INFO - Setting next_dagrun for tutorial to 2025-11-21 00:00:00+00:00, run_after=2025-11-22 00:00:00+00:00
[2025-11-22T21:15:17.081+0500] {processor.py:208} INFO - Processing /mnt/c/Users/Raj/OneDrive - Åbo Akademi O365/banking/airflow/.venv/lib/python3.12/site-packages/airflow/example_dags/tutorial.py took 0.199 seconds
[2025-11-22T21:16:06.237+0500] {processor.py:186} INFO - Started process (PID=68675) to work on /mnt/c/Users/Raj/OneDrive - Åbo Akademi O365/banking/airflow/.venv/lib/python3.12/site-packages/airflow/example_dags/tutorial.py
[2025-11-22T21:16:06.239+0500] {processor.py:914} INFO - Processing file /mnt/c/Users/Raj/OneDrive - Åbo Akademi O365/banking/airflow/.venv/lib/python3.12/site-packages/airflow/example_dags/tutorial.py for tasks to queue
[2025-11-22T21:16:06.243+0500] {logging_mixin.py:190} INFO - [2025-11-22T21:16:06.242+0500] {dagbag.py:588} INFO - Filling up the DagBag from /mnt/c/Users/Raj/OneDrive - Åbo Akademi O365/banking/airflow/.venv/lib/python3.12/site-packages/airflow/example_dags/tutorial.py
[2025-11-22T21:16:06.275+0500] {processor.py:925} INFO - DAG(s) 'tutorial' retrieved from /mnt/c/Users/Raj/OneDrive - Åbo Akademi O365/banking/airflow/.venv/lib/python3.12/site-packages/airflow/example_dags/tutorial.py
[2025-11-22T21:16:06.319+0500] {logging_mixin.py:190} INFO - [2025-11-22T21:16:06.318+0500] {dag.py:3239} INFO - Sync 1 DAGs
[2025-11-22T21:16:06.353+0500] {logging_mixin.py:190} INFO - [2025-11-22T21:16:06.352+0500] {dag.py:4180} INFO - Setting next_dagrun for tutorial to 2025-11-21 00:00:00+00:00, run_after=2025-11-22 00:00:00+00:00
[2025-11-22T21:16:06.433+0500] {processor.py:208} INFO - Processing /mnt/c/Users/Raj/OneDrive - Åbo Akademi O365/banking/airflow/.venv/lib/python3.12/site-packages/airflow/example_dags/tutorial.py took 0.225 seconds
[2025-11-22T21:16:56.545+0500] {processor.py:186} INFO - Started process (PID=68711) to work on /mnt/c/Users/Raj/OneDrive - Åbo Akademi O365/banking/airflow/.venv/lib/python3.12/site-packages/airflow/example_dags/tutorial.py
[2025-11-22T21:16:56.548+0500] {processor.py:914} INFO - Processing file /mnt/c/Users/Raj/OneDrive - Åbo Akademi O365/banking/airflow/.venv/lib/python3.12/site-packages/airflow/example_dags/tutorial.py for tasks to queue
[2025-11-22T21:16:56.553+0500] {logging_mixin.py:190} INFO - [2025-11-22T21:16:56.551+0500] {dagbag.py:588} INFO - Filling up the DagBag from /mnt/c/Users/Raj/OneDrive - Åbo Akademi O365/banking/airflow/.venv/lib/python3.12/site-packages/airflow/example_dags/tutorial.py
[2025-11-22T21:16:56.587+0500] {processor.py:925} INFO - DAG(s) 'tutorial' retrieved from /mnt/c/Users/Raj/OneDrive - Åbo Akademi O365/banking/airflow/.venv/lib/python3.12/site-packages/airflow/example_dags/tutorial.py
[2025-11-22T21:16:56.625+0500] {logging_mixin.py:190} INFO - [2025-11-22T21:16:56.623+0500] {dag.py:3239} INFO - Sync 1 DAGs
[2025-11-22T21:16:56.664+0500] {logging_mixin.py:190} INFO - [2025-11-22T21:16:56.663+0500] {dag.py:4180} INFO - Setting next_dagrun for tutorial to 2025-11-21 00:00:00+00:00, run_after=2025-11-22 00:00:00+00:00
[2025-11-22T21:16:56.733+0500] {processor.py:208} INFO - Processing /mnt/c/Users/Raj/OneDrive - Åbo Akademi O365/banking/airflow/.venv/lib/python3.12/site-packages/airflow/example_dags/tutorial.py took 0.212 seconds
[2025-11-22T21:17:44.718+0500] {processor.py:186} INFO - Started process (PID=68750) to work on /mnt/c/Users/Raj/OneDrive - Åbo Akademi O365/banking/airflow/.venv/lib/python3.12/site-packages/airflow/example_dags/tutorial.py
[2025-11-22T21:17:44.721+0500] {processor.py:914} INFO - Processing file /mnt/c/Users/Raj/OneDrive - Åbo Akademi O365/banking/airflow/.venv/lib/python3.12/site-packages/airflow/example_dags/tutorial.py for tasks to queue
[2025-11-22T21:17:44.724+0500] {logging_mixin.py:190} INFO - [2025-11-22T21:17:44.723+0500] {dagbag.py:588} INFO - Filling up the DagBag from /mnt/c/Users/Raj/OneDrive - Åbo Akademi O365/banking/airflow/.venv/lib/python3.12/site-packages/airflow/example_dags/tutorial.py
[2025-11-22T21:17:44.751+0500] {processor.py:925} INFO - DAG(s) 'tutorial' retrieved from /mnt/c/Users/Raj/OneDrive - Åbo Akademi O365/banking/airflow/.venv/lib/python3.12/site-packages/airflow/example_dags/tutorial.py
[2025-11-22T21:17:44.792+0500] {logging_mixin.py:190} INFO - [2025-11-22T21:17:44.790+0500] {dag.py:3239} INFO - Sync 1 DAGs
[2025-11-22T21:17:44.855+0500] {logging_mixin.py:190} INFO - [2025-11-22T21:17:44.849+0500] {dag.py:4180} INFO - Setting next_dagrun for tutorial to 2025-11-21 00:00:00+00:00, run_after=2025-11-22 00:00:00+00:00
[2025-11-22T21:17:44.964+0500] {processor.py:208} INFO - Processing /mnt/c/Users/Raj/OneDrive - Åbo Akademi O365/banking/airflow/.venv/lib/python3.12/site-packages/airflow/example_dags/tutorial.py took 0.264 seconds
[2025-11-22T21:18:37.611+0500] {processor.py:186} INFO - Started process (PID=68793) to work on /mnt/c/Users/Raj/OneDrive - Åbo Akademi O365/banking/airflow/.venv/lib/python3.12/site-packages/airflow/example_dags/tutorial.py
[2025-11-22T21:18:37.613+0500] {processor.py:914} INFO - Processing file /mnt/c/Users/Raj/OneDrive - Åbo Akademi O365/banking/airflow/.venv/lib/python3.12/site-packages/airflow/example_dags/tutorial.py for tasks to queue
[2025-11-22T21:18:37.617+0500] {logging_mixin.py:190} INFO - [2025-11-22T21:18:37.616+0500] {dagbag.py:588} INFO - Filling up the DagBag from /mnt/c/Users/Raj/OneDrive - Åbo Akademi O365/banking/airflow/.venv/lib/python3.12/site-packages/airflow/example_dags/tutorial.py
[2025-11-22T21:18:37.648+0500] {processor.py:925} INFO - DAG(s) 'tutorial' retrieved from /mnt/c/Users/Raj/OneDrive - Åbo Akademi O365/banking/airflow/.venv/lib/python3.12/site-packages/airflow/example_dags/tutorial.py
[2025-11-22T21:18:37.687+0500] {logging_mixin.py:190} INFO - [2025-11-22T21:18:37.686+0500] {dag.py:3239} INFO - Sync 1 DAGs
[2025-11-22T21:18:37.721+0500] {logging_mixin.py:190} INFO - [2025-11-22T21:18:37.720+0500] {dag.py:4180} INFO - Setting next_dagrun for tutorial to 2025-11-21 00:00:00+00:00, run_after=2025-11-22 00:00:00+00:00
[2025-11-22T21:18:37.778+0500] {processor.py:208} INFO - Processing /mnt/c/Users/Raj/OneDrive - Åbo Akademi O365/banking/airflow/.venv/lib/python3.12/site-packages/airflow/example_dags/tutorial.py took 0.187 seconds
[2025-11-22T21:19:29.798+0500] {processor.py:186} INFO - Started process (PID=68832) to work on /mnt/c/Users/Raj/OneDrive - Åbo Akademi O365/banking/airflow/.venv/lib/python3.12/site-packages/airflow/example_dags/tutorial.py
[2025-11-22T21:19:29.801+0500] {processor.py:914} INFO - Processing file /mnt/c/Users/Raj/OneDrive - Åbo Akademi O365/banking/airflow/.venv/lib/python3.12/site-packages/airflow/example_dags/tutorial.py for tasks to queue
[2025-11-22T21:19:29.804+0500] {logging_mixin.py:190} INFO - [2025-11-22T21:19:29.803+0500] {dagbag.py:588} INFO - Filling up the DagBag from /mnt/c/Users/Raj/OneDrive - Åbo Akademi O365/banking/airflow/.venv/lib/python3.12/site-packages/airflow/example_dags/tutorial.py
[2025-11-22T21:19:29.834+0500] {processor.py:925} INFO - DAG(s) 'tutorial' retrieved from /mnt/c/Users/Raj/OneDrive - Åbo Akademi O365/banking/airflow/.venv/lib/python3.12/site-packages/airflow/example_dags/tutorial.py
[2025-11-22T21:19:29.880+0500] {logging_mixin.py:190} INFO - [2025-11-22T21:19:29.879+0500] {dag.py:3239} INFO - Sync 1 DAGs
[2025-11-22T21:19:29.921+0500] {logging_mixin.py:190} INFO - [2025-11-22T21:19:29.920+0500] {dag.py:4180} INFO - Setting next_dagrun for tutorial to 2025-11-21 00:00:00+00:00, run_after=2025-11-22 00:00:00+00:00
[2025-11-22T21:19:29.992+0500] {processor.py:208} INFO - Processing /mnt/c/Users/Raj/OneDrive - Åbo Akademi O365/banking/airflow/.venv/lib/python3.12/site-packages/airflow/example_dags/tutorial.py took 0.218 seconds
[2025-11-22T21:20:21.334+0500] {processor.py:186} INFO - Started process (PID=68875) to work on /mnt/c/Users/Raj/OneDrive - Åbo Akademi O365/banking/airflow/.venv/lib/python3.12/site-packages/airflow/example_dags/tutorial.py
[2025-11-22T21:20:21.336+0500] {processor.py:914} INFO - Processing file /mnt/c/Users/Raj/OneDrive - Åbo Akademi O365/banking/airflow/.venv/lib/python3.12/site-packages/airflow/example_dags/tutorial.py for tasks to queue
[2025-11-22T21:20:21.340+0500] {logging_mixin.py:190} INFO - [2025-11-22T21:20:21.338+0500] {dagbag.py:588} INFO - Filling up the DagBag from /mnt/c/Users/Raj/OneDrive - Åbo Akademi O365/banking/airflow/.venv/lib/python3.12/site-packages/airflow/example_dags/tutorial.py
[2025-11-22T21:20:21.369+0500] {processor.py:925} INFO - DAG(s) 'tutorial' retrieved from /mnt/c/Users/Raj/OneDrive - Åbo Akademi O365/banking/airflow/.venv/lib/python3.12/site-packages/airflow/example_dags/tutorial.py
[2025-11-22T21:20:21.408+0500] {logging_mixin.py:190} INFO - [2025-11-22T21:20:21.407+0500] {dag.py:3239} INFO - Sync 1 DAGs
[2025-11-22T21:20:21.451+0500] {logging_mixin.py:190} INFO - [2025-11-22T21:20:21.449+0500] {dag.py:4180} INFO - Setting next_dagrun for tutorial to 2025-11-21 00:00:00+00:00, run_after=2025-11-22 00:00:00+00:00
[2025-11-22T21:20:21.526+0500] {processor.py:208} INFO - Processing /mnt/c/Users/Raj/OneDrive - Åbo Akademi O365/banking/airflow/.venv/lib/python3.12/site-packages/airflow/example_dags/tutorial.py took 0.213 seconds
[2025-11-22T21:21:11.260+0500] {processor.py:186} INFO - Started process (PID=68911) to work on /mnt/c/Users/Raj/OneDrive - Åbo Akademi O365/banking/airflow/.venv/lib/python3.12/site-packages/airflow/example_dags/tutorial.py
[2025-11-22T21:21:11.263+0500] {processor.py:914} INFO - Processing file /mnt/c/Users/Raj/OneDrive - Åbo Akademi O365/banking/airflow/.venv/lib/python3.12/site-packages/airflow/example_dags/tutorial.py for tasks to queue
[2025-11-22T21:21:11.267+0500] {logging_mixin.py:190} INFO - [2025-11-22T21:21:11.265+0500] {dagbag.py:588} INFO - Filling up the DagBag from /mnt/c/Users/Raj/OneDrive - Åbo Akademi O365/banking/airflow/.venv/lib/python3.12/site-packages/airflow/example_dags/tutorial.py
[2025-11-22T21:21:11.295+0500] {processor.py:925} INFO - DAG(s) 'tutorial' retrieved from /mnt/c/Users/Raj/OneDrive - Åbo Akademi O365/banking/airflow/.venv/lib/python3.12/site-packages/airflow/example_dags/tutorial.py
[2025-11-22T21:21:11.330+0500] {logging_mixin.py:190} INFO - [2025-11-22T21:21:11.328+0500] {dag.py:3239} INFO - Sync 1 DAGs
[2025-11-22T21:21:11.368+0500] {logging_mixin.py:190} INFO - [2025-11-22T21:21:11.366+0500] {dag.py:4180} INFO - Setting next_dagrun for tutorial to 2025-11-21 00:00:00+00:00, run_after=2025-11-22 00:00:00+00:00
[2025-11-22T21:21:11.435+0500] {processor.py:208} INFO - Processing /mnt/c/Users/Raj/OneDrive - Åbo Akademi O365/banking/airflow/.venv/lib/python3.12/site-packages/airflow/example_dags/tutorial.py took 0.197 seconds
[2025-11-22T21:22:08.976+0500] {processor.py:186} INFO - Started process (PID=68952) to work on /mnt/c/Users/Raj/OneDrive - Åbo Akademi O365/banking/airflow/.venv/lib/python3.12/site-packages/airflow/example_dags/tutorial.py
[2025-11-22T21:22:08.979+0500] {processor.py:914} INFO - Processing file /mnt/c/Users/Raj/OneDrive - Åbo Akademi O365/banking/airflow/.venv/lib/python3.12/site-packages/airflow/example_dags/tutorial.py for tasks to queue
[2025-11-22T21:22:08.983+0500] {logging_mixin.py:190} INFO - [2025-11-22T21:22:08.981+0500] {dagbag.py:588} INFO - Filling up the DagBag from /mnt/c/Users/Raj/OneDrive - Åbo Akademi O365/banking/airflow/.venv/lib/python3.12/site-packages/airflow/example_dags/tutorial.py
[2025-11-22T21:22:09.017+0500] {processor.py:925} INFO - DAG(s) 'tutorial' retrieved from /mnt/c/Users/Raj/OneDrive - Åbo Akademi O365/banking/airflow/.venv/lib/python3.12/site-packages/airflow/example_dags/tutorial.py
[2025-11-22T21:22:09.068+0500] {logging_mixin.py:190} INFO - [2025-11-22T21:22:09.066+0500] {dag.py:3239} INFO - Sync 1 DAGs
[2025-11-22T21:22:09.106+0500] {logging_mixin.py:190} INFO - [2025-11-22T21:22:09.105+0500] {dag.py:4180} INFO - Setting next_dagrun for tutorial to 2025-11-21 00:00:00+00:00, run_after=2025-11-22 00:00:00+00:00
[2025-11-22T21:22:09.179+0500] {processor.py:208} INFO - Processing /mnt/c/Users/Raj/OneDrive - Åbo Akademi O365/banking/airflow/.venv/lib/python3.12/site-packages/airflow/example_dags/tutorial.py took 0.225 seconds
[2025-11-22T21:22:58.599+0500] {processor.py:186} INFO - Started process (PID=68995) to work on /mnt/c/Users/Raj/OneDrive - Åbo Akademi O365/banking/airflow/.venv/lib/python3.12/site-packages/airflow/example_dags/tutorial.py
[2025-11-22T21:22:58.601+0500] {processor.py:914} INFO - Processing file /mnt/c/Users/Raj/OneDrive - Åbo Akademi O365/banking/airflow/.venv/lib/python3.12/site-packages/airflow/example_dags/tutorial.py for tasks to queue
[2025-11-22T21:22:58.605+0500] {logging_mixin.py:190} INFO - [2025-11-22T21:22:58.603+0500] {dagbag.py:588} INFO - Filling up the DagBag from /mnt/c/Users/Raj/OneDrive - Åbo Akademi O365/banking/airflow/.venv/lib/python3.12/site-packages/airflow/example_dags/tutorial.py
[2025-11-22T21:22:58.636+0500] {processor.py:925} INFO - DAG(s) 'tutorial' retrieved from /mnt/c/Users/Raj/OneDrive - Åbo Akademi O365/banking/airflow/.venv/lib/python3.12/site-packages/airflow/example_dags/tutorial.py
[2025-11-22T21:22:58.676+0500] {logging_mixin.py:190} INFO - [2025-11-22T21:22:58.675+0500] {dag.py:3239} INFO - Sync 1 DAGs
[2025-11-22T21:22:58.713+0500] {logging_mixin.py:190} INFO - [2025-11-22T21:22:58.712+0500] {dag.py:4180} INFO - Setting next_dagrun for tutorial to 2025-11-21 00:00:00+00:00, run_after=2025-11-22 00:00:00+00:00
[2025-11-22T21:22:58.798+0500] {processor.py:208} INFO - Processing /mnt/c/Users/Raj/OneDrive - Åbo Akademi O365/banking/airflow/.venv/lib/python3.12/site-packages/airflow/example_dags/tutorial.py took 0.220 seconds
[2025-11-22T21:23:51.730+0500] {processor.py:186} INFO - Started process (PID=69035) to work on /mnt/c/Users/Raj/OneDrive - Åbo Akademi O365/banking/airflow/.venv/lib/python3.12/site-packages/airflow/example_dags/tutorial.py
[2025-11-22T21:23:51.733+0500] {processor.py:914} INFO - Processing file /mnt/c/Users/Raj/OneDrive - Åbo Akademi O365/banking/airflow/.venv/lib/python3.12/site-packages/airflow/example_dags/tutorial.py for tasks to queue
[2025-11-22T21:23:51.737+0500] {logging_mixin.py:190} INFO - [2025-11-22T21:23:51.735+0500] {dagbag.py:588} INFO - Filling up the DagBag from /mnt/c/Users/Raj/OneDrive - Åbo Akademi O365/banking/airflow/.venv/lib/python3.12/site-packages/airflow/example_dags/tutorial.py
[2025-11-22T21:23:51.767+0500] {processor.py:925} INFO - DAG(s) 'tutorial' retrieved from /mnt/c/Users/Raj/OneDrive - Åbo Akademi O365/banking/airflow/.venv/lib/python3.12/site-packages/airflow/example_dags/tutorial.py
[2025-11-22T21:23:51.810+0500] {logging_mixin.py:190} INFO - [2025-11-22T21:23:51.808+0500] {dag.py:3239} INFO - Sync 1 DAGs
[2025-11-22T21:23:51.848+0500] {logging_mixin.py:190} INFO - [2025-11-22T21:23:51.846+0500] {dag.py:4180} INFO - Setting next_dagrun for tutorial to 2025-11-21 00:00:00+00:00, run_after=2025-11-22 00:00:00+00:00
[2025-11-22T21:23:51.932+0500] {processor.py:208} INFO - Processing /mnt/c/Users/Raj/OneDrive - Åbo Akademi O365/banking/airflow/.venv/lib/python3.12/site-packages/airflow/example_dags/tutorial.py took 0.227 seconds
[2025-11-22T21:24:51.069+0500] {processor.py:186} INFO - Started process (PID=69078) to work on /mnt/c/Users/Raj/OneDrive - Åbo Akademi O365/banking/airflow/.venv/lib/python3.12/site-packages/airflow/example_dags/tutorial.py
[2025-11-22T21:24:51.071+0500] {processor.py:914} INFO - Processing file /mnt/c/Users/Raj/OneDrive - Åbo Akademi O365/banking/airflow/.venv/lib/python3.12/site-packages/airflow/example_dags/tutorial.py for tasks to queue
[2025-11-22T21:24:51.076+0500] {logging_mixin.py:190} INFO - [2025-11-22T21:24:51.074+0500] {dagbag.py:588} INFO - Filling up the DagBag from /mnt/c/Users/Raj/OneDrive - Åbo Akademi O365/banking/airflow/.venv/lib/python3.12/site-packages/airflow/example_dags/tutorial.py
[2025-11-22T21:24:51.105+0500] {processor.py:925} INFO - DAG(s) 'tutorial' retrieved from /mnt/c/Users/Raj/OneDrive - Åbo Akademi O365/banking/airflow/.venv/lib/python3.12/site-packages/airflow/example_dags/tutorial.py
[2025-11-22T21:24:51.147+0500] {logging_mixin.py:190} INFO - [2025-11-22T21:24:51.145+0500] {dag.py:3239} INFO - Sync 1 DAGs
[2025-11-22T21:24:51.189+0500] {logging_mixin.py:190} INFO - [2025-11-22T21:24:51.186+0500] {dag.py:4180} INFO - Setting next_dagrun for tutorial to 2025-11-21 00:00:00+00:00, run_after=2025-11-22 00:00:00+00:00
[2025-11-22T21:24:51.264+0500] {processor.py:208} INFO - Processing /mnt/c/Users/Raj/OneDrive - Åbo Akademi O365/banking/airflow/.venv/lib/python3.12/site-packages/airflow/example_dags/tutorial.py took 0.220 seconds
